128	1.2	0
-3.141593	1.599406	1.426070
-2.551592	1.207842	-0.166138
../4ake_monomer_m.pdb	-4.614	-10.749	-3.709
../4ake_monomer_m.pdb	-1.733	-4.958	-17.533
2.879793	2.393226	1.857173	119	24	6	1007.906
2.617994	2.592629	0.909713	115	23	127	964.347
-1.308997	1.134796	2.434290	0	21	10	959.627
0.000000	2.637879	2.121598	119	27	15	916.220
1.570796	2.863997	0.549740	120	27	125	915.070
2.356194	0.929350	-2.910676	24	114	126	907.549
1.308997	1.325504	-1.671296	1	109	115	894.328
-1.832596	2.343981	-1.040456	125	24	14	881.535
1.308997	1.545873	-1.877082	127	108	118	873.114
1.570796	1.310100	1.488307	110	15	11	867.629
-2.356194	1.872854	1.543456	34	0	17	857.839
2.879793	2.138223	1.678323	117	22	7	854.576
1.832596	1.184361	0.625864	5	26	9	854.141
2.094395	2.863997	0.549740	116	24	125	841.012
-2.094395	2.719179	-1.780644	28	12	4	840.777
-0.785398	1.699788	2.452890	123	15	15	831.792
2.356194	2.704512	1.488683	121	28	2	828.117
0.000000	2.984978	1.954446	116	21	20	818.986
-3.141593	1.658653	-2.409879	107	21	0	813.021
0.523599	1.310100	1.488307	13	14	19	811.975
2.356194	2.001437	0.381215	120	22	0	810.493
0.523599	1.872854	1.543456	19	12	19	809.853
2.356194	2.863997	0.549740	114	23	125	808.497
1.832596	1.367556	0.358405	7	26	4	807.609
1.308997	1.617114	-1.572037	0	109	115	805.583
-1.308997	2.979456	-1.009304	29	11	4	790.073
-1.570796	2.073035	2.027405	7	34	1	789.922
-0.261799	0.571433	-1.188419	126	123	108	789.858
-2.617994	2.881233	-2.582574	27	14	7	788.835
-0.523599	2.104282	-0.813972	124	9	25	784.619
2.879793	2.592629	0.909713	111	23	0	784.256
-1.570796	1.417623	-0.202254	35	125	14	783.796
0.785398	1.045978	0.343692	119	32	4	781.148
0.261799	1.948085	-2.363031	110	113	126	779.642
2.356194	2.041297	-2.664597	115	28	123	779.627
-3.141593	2.073035	2.027405	118	22	11	773.168
0.523599	1.599406	1.426070	115	19	16	771.157
-0.261799	0.640596	-2.797608	0	28	5	770.070
1.047198	1.662363	0.915448	115	10	17	768.585
2.617994	1.658653	-2.409879	112	27	1	767.970
2.094395	2.664082	-1.071402	19	11	111	765.926
-2.094395	0.618092	2.539118	9	14	98	764.039
-1.308997	1.998705	2.370472	5	36	124	761.675
-0.785398	1.766067	2.153843	124	12	15	760.866
-0.261799	1.194549	-0.801900	9	127	104	758.803
0.261799	2.104282	-0.813972	2	31	13	758.562
2.617994	1.741644	-2.695914	112	27	124	756.855
0.523599	1.555207	1.708892	13	12	21	756.068
0.261799	2.455966	-0.641220	2	26	17	755.574
2.356194	2.478122	2.609777	17	2	109	755.355
2.617994	1.683268	0.374177	18	24	7	754.820
2.617994	2.984978	1.954446	1	35	122	753.146
1.047198	1.872854	1.543456	15	6	20	752.075
0.000000	2.979456	-1.009304	111	30	2	751.647
1.047198	2.104282	-0.813972	113	125	16	750.407
2.879793	2.984978	1.954446	124	35	122	750.386
-2.617994	1.948085	-2.363031	28	11	13	749.910
0.785398	2.063651	-2.044600	117	111	121	749.609
-2.094395	2.073035	2.027405	108	27	8	748.928
0.785398	1.599406	1.426070	13	3	18	747.466
2.617994	0.850607	-1.335383	9	20	6	747.336
0.523599	1.846342	-1.796954	118	113	116	746.414
-2.094395	1.506530	1.988858	13	126	23	745.651
2.879793	1.134497	-1.109631	13	2	104	743.312
-3.141593	0.685216	-1.712745	4	23	11	741.713
-1.570796	0.910508	1.903534	122	19	14	740.428
-2.617994	1.488617	1.159546	4	7	19	739.653
-3.141593	2.138223	1.678323	113	23	9	738.823
-1.570796	2.455966	-0.641220	125	27	10	738.008
1.832596	2.863997	0.549740	109	28	3	737.573
2.356194	1.599406	1.426070	119	17	10	735.699
1.047198	2.138223	1.678323	18	5	21	735.039
-2.094395	2.108018	1.311430	5	27	14	733.845
0.000000	1.135834	-1.431087	10	9	26	733.318
1.570796	1.555207	1.708892	113	13	11	732.933
1.832596	0.733948	3.021411	12	119	97	731.550
0.261799	2.478122	2.609777	12	116	108	729.492
-2.879793	1.998705	2.370472	120	23	13	727.376
-3.141593	1.948085	-2.363031	107	21	127	726.560
1.047198	1.756530	-2.105156	125	108	119	726.283
-3.141593	2.984978	1.954446	109	28	6	726.232
1.308997	2.863997	0.549740	123	27	126	725.758
2.879793	1.658653	-2.409879	108	24	1	724.976
-2.617994	1.982574	-1.115518	5	23	10	724.195
2.617994	1.732874	-0.951685	19	126	25	722.434
1.047198	1.335669	0.897240	15	21	13	722.018
2.094395	2.343981	-1.040456	122	18	24	721.279
1.308997	1.846342	-1.796954	126	109	116	721.205
2.879793	2.295480	1.008277	112	24	2	721.071
0.785398	1.310100	1.488307	11	12	19	720.883
-0.523599	2.664082	-1.071402	23	6	118	720.264
-1.570796	1.440580	2.260026	114	23	14	720.151
0.261799	1.195355	1.200319	118	29	11	719.623
-1.047198	1.218453	2.777284	125	25	13	719.365
-2.617994	2.579248	-2.364801	29	13	7	718.395
-3.141593	1.741644	-2.695914	111	23	124	718.349
1.832596	1.310100	1.488307	111	14	11	718.082
-3.141593	2.637879	2.121598	119	26	5	717.875
0.261799	1.658653	-2.409879	110	113	0	717.455
-2.617994	1.374601	-2.456031	106	21	0	717.394
2.617994	0.080730	-2.622036	27	3	2	717.123
1.832596	1.256302	0.062705	9	25	2	717.035
-0.785398	2.664082	-1.071402	25	5	117	716.242
0.523599	1.809167	1.213774	21	15	16	715.690
-0.785398	2.343981	-1.040456	124	5	24	715.279
1.308997	1.367556	0.358405	116	19	16	714.031
1.047198	1.554776	0.100351	120	24	18	713.381
2.356194	1.413430	2.550734	113	5	13	712.172
-2.879793	2.588535	-2.976617	123	28	10	710.289
2.879793	2.637879	2.121598	122	27	5	709.941
-2.617994	1.128190	-2.288622	105	20	4	709.067
-2.356194	2.104282	-0.813972	4	25	8	708.172
-1.832596	2.456751	-1.503343	123	18	17	707.474
-1.570796	0.419640	2.974122	117	26	4	707.014
-2.356194	2.180315	-1.357379	0	107	116	705.216
1.047198	1.488617	1.159546	15	21	15	705.095
1.047198	1.325504	-1.671296	6	39	126	703.641
2.879793	2.379497	0.561089	116	119	6	702.492
2.356194	1.134497	-1.109631	109	2	20	701.390
-0.523599	2.180315	-1.357379	33	125	23	701.034
1.832596	1.045978	0.343692	7	26	8	701.008
1.047198	0.831641	0.616218	114	24	8	700.707
2.879793	1.050534	3.042579	108	119	121	700.445
-2.356194	1.982574	-1.115518	2	22	10	699.465
-2.094395	0.685216	-1.712745	2	24	111	698.592
-3.141593	1.450119	-2.739050	111	25	125	697.508
-2.094395	1.014500	0.906702	36	19	10	697.208
0.261799	1.756530	-2.105156	110	114	123	697.155
-1.308997	1.606104	-0.451151	111	5	125	697.024
1.308997	0.906588	1.252948	5	15	18	696.900
-2.879793	2.579248	-2.364801	31	9	8	696.167
-2.879793	2.881233	-2.582574	30	12	7	695.500
-3.141593	2.299159	2.264663	121	24	9	695.423
-1.832596	1.440580	2.260026	16	125	23	695.375
0.000000	1.870545	-2.976234	112	113	4	694.845
1.047198	1.417623	-0.202254	121	31	14	694.656
0.523599	2.760637	2.781135	117	22	18	694.254
-0.261799	1.433411	-1.035986	8	2	104	694.022
-2.094395	0.914445	2.687814	9	10	96	692.630
2.879793	0.080730	-2.622036	28	5	2	692.591
-2.617994	2.984978	1.954446	9	29	7	692.379
0.785398	0.370812	-2.547742	21	122	99	691.785
1.308997	1.741644	-2.695914	121	122	17	691.362
-0.261799	1.510910	-0.740472	12	2	102	690.869
1.832596	2.153910	-1.714959	116	26	21	690.343
0.261799	1.732874	-0.951685	2	35	7	689.849
2.617994	0.370812	-2.547742	14	20	16	689.400
-1.047198	2.979456	-1.009304	27	14	4	688.868
-1.308997	1.836682	-0.676006	111	7	124	688.785
0.261799	1.135813	-2.658866	6	34	126	686.820
-2.356194	2.881233	-2.582574	25	18	6	686.627
0.785398	0.203748	0.590255	8	10	18	686.623
1.570796	0.419640	2.974122	20	117	100	686.345
2.356194	2.984978	1.954446	119	30	6	686.295
-0.523599	0.866955	-0.931351	8	26	18	685.750
2.356194	1.741644	-2.695914	115	28	124	684.795
2.617994	2.704512	1.488683	119	23	0	683.340
1.832596	2.108018	1.311430	5	25	13	683.109
-2.617994	1.658653	-2.409879	105	21	126	683.075
0.523599	1.014500	0.906702	118	29	9	682.547
-0.523599	2.760637	2.781135	6	36	13	681.556
-0.261799	0.203748	0.590255	28	5	2	681.439
0.523599	1.195355	1.200319	116	25	12	681.405
0.785398	1.872854	1.543456	18	15	19	680.961
-1.308997	0.619654	-2.216909	13	113	100	680.387
0.000000	0.910508	1.903534	107	8	6	680.358
1.308997	2.138223	1.678323	16	5	21	679.098
1.570796	2.456751	-1.503343	23	7	112	678.935
-0.523599	2.343981	-1.040456	23	5	114	678.435
2.617994	1.310100	1.488307	110	114	6	678.101
2.879793	1.391910	3.030322	107	117	121	677.795
-1.832596	1.766067	2.153843	11	124	23	677.504
2.094395	2.295480	1.008277	123	24	7	676.920
1.047198	1.014500	0.906702	111	27	8	676.033
-3.141593	2.393226	1.857173	116	24	7	673.994
1.308997	2.073035	2.027405	15	4	23	673.864
2.094395	0.914445	2.687814	11	114	99	673.173
0.785398	1.367556	0.358405	119	26	15	672.379
-1.570796	0.831641	0.616218	106	19	8	672.373
0.261799	2.979456	-1.009304	108	29	2	671.777
2.879793	2.704512	1.488683	107	29	7	671.388
-2.094395	1.699788	2.452890	16	12	20	671.126
-1.832596	2.153910	-1.714959	126	2	24	670.942
2.879793	1.218453	2.777284	109	119	117	669.192
2.094395	2.180315	-1.357379	118	21	23	669.182
0.785398	1.184361	0.625864	117	30	8	669.035
1.570796	1.247695	1.809890	110	12	11	668.687
1.308997	1.242974	-2.977882	108	127	1	668.197
-0.261799	2.979456	-1.009304	123	28	124	667.840
-2.879793	2.637879	2.121598	108	29	10	667.800
-0.523599	0.866395	-2.492918	127	28	4	667.750
-1.570796	0.458961	-0.107937	12	31	8	667.748
1.570796	2.108018	1.311430	122	23	14	667.104
-3.141593	1.824694	1.850876	116	21	13	666.381
1.047198	1.310100	1.488307	8	12	19	665.857
0.261799	0.906588	1.252948	117	29	8	665.594
1.832596	1.050534	3.042579	5	117	98	664.897
-2.879793	1.374601	-2.456031	27	4	117	664.853
1.308997	2.033014	2.977192	100	125	4	664.504
0.785398	1.413430	2.550734	110	6	4	664.355
0.785398	1.335669	0.897240	113	13	14	664.306
0.261799	2.343981	-1.040456	121	24	110	664.233
1.570796	0.733948	3.021411	11	118	97	663.602
2.879793	1.741644	-2.695914	114	28	122	663.430
0.523599	2.724429	-0.348782	127	31	115	663.396
1.570796	2.881233	-2.582574	117	19	19	661.920
1.308997	2.393226	1.857173	20	2	22	661.747
0.261799	1.836682	-0.676006	0	33	12	661.234
2.617994	1.948085	-2.363031	111	28	2	661.207
-0.523599	0.203748	0.590255	28	1	2	661.124
-1.570796	2.393226	1.857173	5	33	10	660.145
1.832596	1.662363	0.915448	4	27	10	660.023
1.832596	1.417623	-0.202254	8	21	126	659.992
0.523599	0.640596	-2.797608	13	126	95	659.562
-1.308997	0.899350	-2.069907	17	114	100	658.674
0.523599	1.948085	-2.363031	1	31	13	658.273
-0.785398	2.104282	-0.813972	125	11	25	658.119
1.047198	2.063651	-2.044600	118	109	121	657.612
2.094395	1.367556	0.358405	2	26	4	657.445
1.047198	2.153910	-1.714959	26	1	113	657.376
2.356194	2.393226	1.857173	114	118	15	656.614
-1.570796	1.168678	2.108595	20	125	24	656.483
-0.785398	2.979456	-1.009304	25	17	4	656.171
1.047198	0.640596	-2.797608	115	125	117	655.910
0.523599	0.419640	2.974122	7	117	97	655.704
2.094395	2.456751	-1.503343	121	25	21	655.066
1.570796	2.396274	-1.959260	122	107	119	654.994
1.308997	1.335669	0.897240	12	24	12	654.967
1.047198	1.836682	-0.676006	109	125	14	654.381
1.832596	1.872854	1.543456	118	15	14	654.079
-1.308997	0.419640	2.974122	124	27	127	653.969
1.308997	1.417623	-0.202254	118	30	12	653.680
2.879793	0.379747	-1.713059	30	6	115	652.837
1.308997	2.247462	0.191623	1	29	123	652.566
-0.523599	1.574060	2.783565	116	110	126	651.807
0.785398	0.864993	2.278281	127	24	17	651.365
1.308997	1.872854	1.543456	14	7	20	651.345
-1.832596	2.393226	1.857173	6	32	8	651.234
1.832596	1.195355	1.200319	110	16	10	651.216
2.094395	0.850607	-1.335383	22	18	15	651.167
0.261799	0.910508	1.903534	109	7	6	651.125
-1.832596	2.138223	1.678323	7	30	10	650.781
1.308997	2.063651	-2.044600	125	108	116	650.747
2.879793	2.041297	-2.664597	113	27	120	650.205
0.785398	0.290380	-0.796960	27	1	125	650.138
1.308997	2.001437	0.381215	5	29	0	650.027
0.000000	2.299159	2.264663	120	30	12	650.014
1.047198	1.599406	1.426070	14	19	18	649.975
-2.879793	2.979456	-1.009304	122	112	121	649.875
0.523599	1.488617	1.159546	19	15	16	649.875
-1.308997	2.073035	2.027405	2	37	2	649.652
-1.308997	2.180315	-1.357379	0	4	26	649.315
-0.785398	1.218453	2.777284	117	116	1	649.067
-2.617994	1.977582	0.969896	1	8	20	649.038
1.047198	1.846342	-1.796954	124	109	116	648.662
-1.570796	0.850607	-1.335383	104	9	4	648.410
-1.308997	0.297065	2.160177	101	10	9	648.364
0.000000	2.579248	-2.364801	0	37	4	646.830
0.523599	0.674054	1.013609	116	30	5	646.576
-1.047198	1.732874	-0.951685	114	1	123	646.516
2.617994	1.450119	-2.739050	113	28	127	646.369
2.094395	0.419640	2.974122	18	125	97	646.090
-2.094395	1.809167	1.213774	104	7	12	644.368
-0.785398	1.599406	1.426070	117	105	5	644.353
2.617994	0.906588	1.252948	109	114	0	644.164
-2.617994	2.073035	2.027405	36	116	7	644.094
-1.047198	1.242974	-2.977882	29	126	11	643.901
2.356194	1.872854	1.543456	111	116	12	642.477
-1.047198	2.073035	2.027405	114	1	17	642.041
-0.523599	0.929350	-2.910676	110	126	9	641.691
-2.356194	1.506530	1.988858	11	124	23	641.327
-1.047198	1.998705	2.370472	2	37	125	641.199
1.308997	2.089241	-0.114193	1	28	122	640.766
0.000000	2.033014	2.977192	115	5	119	640.588
0.523599	1.824694	1.850876	16	11	22	640.138
-2.094395	0.762244	-0.273349	117	109	118	640.106
1.570796	1.872854	1.543456	7	25	16	640.104
-0.785398	1.836682	-0.676006	34	0	16	639.800
-0.261799	1.045978	0.343692	125	38	6	639.768
-1.832596	1.335669	0.897240	3	122	21	639.485
2.356194	0.571433	-1.188419	118	28	117	639.480
2.879793	1.510910	-0.740472	22	120	24	639.009
-1.308997	2.299159	2.264663	4	36	0	638.968
2.879793	2.356369	3.005869	15	6	108	638.862
-0.785398	1.756530	-2.105156	124	103	127	638.630
-2.617994	0.619654	-2.216909	114	110	104	638.276
1.047198	1.367556	0.358405	117	23	16	638.110
2.617994	1.135834	-1.431087	10	23	4	638.004
1.308997	0.674054	1.013609	110	14	9	637.700
0.785398	1.014500	0.906702	116	27	9	637.629
1.047198	1.256302	0.062705	118	28	13	637.584
0.261799	0.929350	-2.910676	8	31	117	637.566
0.261799	1.741644	-2.695914	112	112	2	637.213
-2.879793	1.450119	-2.739050	108	24	125	637.042
1.570796	1.812176	0.656819	117	25	10	636.928
0.523599	2.104282	-0.813972	123	22	109	636.866
0.000000	2.164094	-2.991358	111	106	119	636.849
1.047198	0.591903	2.010408	125	30	15	636.640
2.356194	1.555207	1.708892	120	15	12	636.560
-2.356194	1.741644	-2.695914	0	112	98	636.155
-0.785398	0.992645	-1.723759	127	106	6	635.939
-1.832596	2.881233	-2.582574	125	35	122	634.842
-2.879793	0.866395	-2.492918	106	25	5	634.515
1.308997	1.977582	0.969896	116	5	20	633.663
0.000000	2.041297	-2.664597	4	34	114	633.503
-2.617994	1.869911	2.701025	16	10	24	633.077
-0.523599	1.948085	-2.363031	35	17	124	632.919
0.523599	1.699788	2.452890	7	7	25	632.385
-1.308997	1.301460	-0.509251	35	126	16	631.991
1.047198	1.113094	-0.272241	121	33	7	631.688
1.047198	1.545873	-1.877082	126	107	117	631.354
-1.047198	1.554776	0.100351	28	2	26	631.332
-3.141593	1.134497	-1.109631	11	3	104	631.322
1.570796	1.413347	-1.339188	2	111	113	631.130
-0.785398	1.574060	2.783565	114	113	126	631.081
-1.308997	1.417623	-0.202254	34	6	17	630.668
0.523599	1.506530	1.988858	10	12	23	630.570
2.356194	1.050534	3.042579	23	115	1	630.383
-1.832596	1.812176	0.656819	24	10	29	630.244
-1.570796	1.554776	0.100351	109	2	2	630.107
-1.832596	2.984978	1.954446	109	19	127	629.746
-2.879793	2.251330	-2.330739	120	5	20	629.487
1.832596	0.929350	-2.910676	20	112	123	629.307
-2.094395	1.977582	0.969896	3	20	19	629.199
-1.308997	2.478122	2.609777	5	29	12	629.039
-3.141593	1.510910	-0.740472	24	121	24	628.644
-1.570796	1.824694	1.850876	106	118	2	628.410
-0.261799	2.664082	-1.071402	125	8	23	628.079
1.570796	1.574060	2.783565	15	109	124	627.977
-1.570796	2.108018	1.311430	126	41	6	627.781
1.832596	2.637879	2.121598	0	119	27	627.652
1.047198	1.184361	0.625864	114	29	8	627.314
-2.617994	2.251330	-2.330739	121	1	20	627.091
-2.094395	1.417623	-0.202254	0	31	5	627.008
-1.832596	2.089241	-0.114193	115	7	28	626.916
2.879793	0.418037	1.360082	17	11	16	626.566
1.308997	1.824694	1.850876	13	6	23	626.445
-1.308997	0.709924	0.218797	12	110	17	626.220
-3.141593	2.704512	1.488683	27	4	26	625.724
-1.047198	2.138223	1.678323	115	2	15	625.693
-2.094395	2.396274	-1.959260	123	2	22	625.479
1.308997	2.704512	1.488683	0	26	7	625.332
1.047198	2.393226	1.857173	20	3	21	625.328
0.523599	1.413430	2.550734	124	34	117	625.270
-0.523599	1.310100	1.488307	7	1	99	625.156
2.879793	2.073035	2.027405	119	21	10	625.092
-0.261799	1.766067	2.153843	124	35	4	625.078
1.047198	2.073035	2.027405	15	3	24	625.051
2.094395	1.606104	-0.451151	6	26	122	624.852
-0.785398	1.488617	1.159546	27	119	12	624.803
1.832596	2.343981	-1.040456	25	6	117	624.264
-1.570796	1.574060	2.783565	112	20	22	624.090
-1.047198	1.417623	-0.202254	36	7	14	623.950
-0.523599	2.299159	2.264663	29	1	7	623.315
2.094395	1.134497	-1.109631	15	118	106	623.296
1.047198	0.961715	0.014085	16	9	13	623.235
0.785398	2.760637	2.781135	117	23	16	622.352
-1.308997	1.168678	2.108595	1	19	12	622.264
2.879793	2.760637	2.781135	124	29	9	621.678
2.356194	2.180315	-1.357379	118	18	23	621.555
1.570796	1.025536	1.576859	108	14	11	621.455
2.094395	1.696674	-1.253233	116	8	25	620.942
0.000000	1.050534	3.042579	101	11	5	620.924
-2.617994	2.108018	1.311430	127	1	20	620.689
-2.094395	2.393226	1.857173	28	5	25	620.305
1.832596	1.448123	-2.163292	7	7	101	620.242
0.785398	2.104282	-0.813972	113	125	14	620.224
0.785398	2.251330	-2.330739	117	110	122	620.092
1.047198	2.033014	2.977192	98	1	4	620.082
0.261799	0.709924	0.218797	30	2	118	619.867
-1.308997	1.982574	-1.115518	126	105	121	619.728
-0.261799	0.370812	-2.547742	12	115	98	619.511
-2.879793	1.606104	-0.451151	106	119	16	619.424
2.094395	0.960688	-0.577532	113	25	6	619.137
1.570796	2.587733	0.232235	123	31	121	618.871
-1.570796	1.998705	2.370472	9	33	124	618.682
-2.356194	0.866395	-2.492918	9	120	97	618.639
0.785398	2.138223	1.678323	18	3	21	618.584
0.785398	1.909857	-0.381669	2	24	114	618.514
1.308997	1.045978	0.343692	114	22	11	618.275
-0.523599	1.301460	-0.509251	12	127	103	618.229
0.523599	0.961715	0.014085	14	3	104	618.036
0.000000	1.195355	1.200319	107	11	12	617.952
1.047198	2.724429	-0.348782	122	28	119	617.873
0.261799	0.700570	1.559208	107	9	10	617.781
-2.356194	1.113094	-0.272241	1	23	23	617.438
1.308997	1.696674	-1.253233	127	113	112	617.025
1.308997	1.195355	1.200319	8	15	17	616.739
1.832596	1.809167	1.213774	4	25	13	616.684
2.617994	2.863997	0.549740	111	23	126	616.547
-0.261799	1.391910	3.030322	118	109	126	616.001
0.785398	1.574060	2.783565	111	6	4	615.877
-2.356194	1.662363	0.915448	103	8	9	615.832
-1.570796	0.080730	-2.622036	12	113	23	615.715
-2.879793	1.134497	-1.109631	26	120	17	615.705
-0.785398	0.866395	-2.492918	33	125	9	615.447
0.261799	0.640596	-2.797608	11	126	95	615.253
-0.523599	1.014500	0.906702	121	40	2	614.358
0.523599	1.756530	-2.105156	117	111	120	614.211
-1.570796	2.881233	-2.582574	5	29	10	614.203
-2.617994	1.448123	-2.163292	105	21	1	613.969
-1.570796	2.343981	-1.040456	123	25	15	613.543
-2.617994	2.760637	2.781135	123	36	127	613.488
0.785398	2.863997	0.549740	25	16	6	613.138
0.785398	2.349581	-2.702517	118	106	125	612.833
-0.523599	1.699788	2.452890	1	37	124	612.792
-0.261799	1.824694	1.850876	123	36	0	612.630
-2.094395	0.733948	3.021411	123	4	13	612.481
0.523599	2.356369	3.005869	16	115	108	612.063
-1.570796	0.961715	0.014085	109	3	6	611.413
-1.308997	0.960688	-0.577532	7	118	106	610.950
-2.617994	0.203748	0.590255	14	9	17	610.830
-2.879793	2.407836	1.410646	37	124	14	610.804
2.617994	1.413347	-1.339188	11	24	1	610.770
2.094395	1.824694	1.850876	5	23	20	610.713
2.094395	2.587733	0.232235	118	24	122	610.385
1.570796	2.295480	1.008277	123	27	9	610.271
0.261799	1.488617	1.159546	20	12	17	609.794
2.879793	0.733948	3.021411	9	101	7	609.508
2.094395	0.733948	3.021411	14	122	97	609.451
0.523599	1.766067	2.153843	11	8	24	609.303
0.261799	1.696674	-1.253233	2	37	1	609.173
1.047198	1.555207	1.708892	9	9	22	608.974
-0.785398	1.448123	-2.163292	124	105	2	608.545
-2.094395	1.440580	2.260026	14	127	25	608.272
2.617994	2.379497	0.561089	113	22	127	607.990
0.523599	2.073035	2.027405	106	1	9	607.987
0.523599	2.455966	-0.641220	124	27	112	607.732
2.094395	2.138223	1.678323	122	20	13	607.670
0.785398	1.809167	1.213774	18	9	19	607.441
2.356194	2.108018	1.311430	122	22	9	606.961
-0.261799	1.440580	2.260026	127	12	19	606.251
2.617994	1.374601	-2.456031	111	27	3	606.209
0.785398	1.846342	-1.796954	121	110	116	606.114
-2.094395	1.846342	-1.796954	1	1	24	605.823
0.261799	0.866955	-0.931351	1	125	104	605.416
0.785398	1.662363	0.915448	19	19	12	605.208
-2.356194	0.960688	-0.577532	127	15	24	605.180
0.785398	1.982574	-1.115518	115	1	16	604.922
-2.617994	2.637879	2.121598	31	4	22	604.697
1.047198	1.413347	-1.339188	0	110	112	604.581
-1.570796	0.762244	-0.273349	120	117	108	603.857
-2.356194	1.617114	-1.572037	0	109	109	603.811
1.308997	1.256302	0.062705	117	25	14	603.795
-0.785398	2.719179	-1.780644	120	32	116	603.789
2.094395	2.247462	0.191623	23	19	126	603.596
0.261799	1.510910	-0.740472	3	36	4	603.308
-1.047198	2.104282	-0.813972	23	122	112	603.191
-0.523599	1.569311	-3.003978	21	19	105	603.136
0.000000	1.194549	-0.801900	8	0	104	602.828
0.523599	0.866955	-0.931351	3	125	104	602.781
1.047198	1.574060	2.783565	3	123	24	602.658
0.000000	1.134497	-1.109631	5	10	26	602.612
-2.094395	1.766067	2.153843	10	126	23	602.598
1.570796	2.153910	-1.714959	124	111	114	602.271
0.785398	0.929350	-2.910676	3	32	0	602.184
-2.879793	2.984978	1.954446	107	27	6	602.172
0.000000	0.203748	0.590255	126	117	18	601.999
-1.832596	1.014500	0.906702	33	1	17	601.813
1.832596	2.407836	1.410646	124	25	10	601.646
0.261799	1.574060	2.783565	107	7	1	601.366
1.308997	1.504028	0.636812	12	23	7	601.182
-1.832596	2.001437	0.381215	110	116	116	601.164
0.523599	2.153910	-1.714959	123	7	18	600.941
-2.356194	2.396274	-1.959260	105	18	119	600.476
-1.832596	1.413430	2.550734	17	0	24	600.413
-1.570796	0.899350	-2.069907	15	113	100	600.382
-2.094395	1.872854	1.543456	105	8	15	599.982
0.000000	1.413430	2.550734	125	12	18	599.612
0.523599	2.343981	-1.040456	119	23	111	599.398
0.523599	2.187132	-0.479875	126	29	17	599.205
-1.308997	2.719179	-1.780644	124	29	127	599.125
0.523599	1.982574	-1.115518	126	37	8	598.842
-0.523599	2.456751	-1.503343	120	27	120	598.771
1.047198	0.379747	-1.713059	14	12	99	598.629
2.356194	0.914445	2.687814	15	115	99	598.556
-1.570796	1.756530	-2.105156	113	107	125	598.383
-1.832596	2.719179	-1.780644	120	2	22	598.327
1.832596	2.881233	-2.582574	115	18	20	598.276
1.308997	2.396274	-1.959260	122	23	20	598.257
-2.094395	2.407836	1.410646	4	29	13	598.016
1.832596	1.812176	0.656819	3	27	6	597.969
-1.308997	1.218453	2.777284	127	25	10	597.840
0.523599	0.864993	2.278281	109	7	8	597.730
1.308997	2.579248	-2.364801	120	105	122	597.608
-0.261799	1.574060	2.783565	118	108	126	597.604
1.570796	2.115563	0.685730	3	31	3	597.594
0.000000	1.732874	-0.951685	6	33	6	597.188
1.047198	2.251330	-2.330739	121	28	17	597.067
1.047198	2.587733	0.232235	126	102	122	597.024
-1.570796	0.733948	3.021411	103	123	1	596.788
2.356194	1.977582	0.969896	120	22	7	596.672
-1.047198	1.699788	2.452890	127	37	119	596.449
1.047198	1.391910	3.030322	110	4	3	596.424
-2.879793	1.948085	-2.363031	107	19	127	596.379
2.094395	2.108018	1.311430	1	25	13	596.246
0.523599	2.664082	-1.071402	119	26	115	596.234
-2.356194	1.904882	-1.478089	0	107	112	596.209
2.617994	2.180315	-1.357379	123	108	116	596.200
1.832596	1.488617	1.159546	3	25	15	595.426
2.356194	1.696674	-1.253233	114	15	23	595.377
0.523599	0.831641	0.616218	121	33	3	595.371
-1.570796	0.370812	-2.547742	104	16	7	595.154
-3.141593	0.379747	-1.713059	121	26	123	594.945
0.261799	1.846342	-1.796954	5	4	107	594.768
-3.141593	1.721184	-0.153948	114	116	7	594.679
0.785398	1.195355	1.200319	112	15	11	594.659
-0.261799	2.356369	3.005869	110	108	120	594.280
1.570796	1.683268	0.374177	116	30	5	594.039
-2.879793	0.496451	0.593859	13	10	18	593.954
2.094395	1.869911	2.701025	25	126	117	593.844
-0.785398	2.881233	-2.582574	9	33	1	593.836
2.356194	1.870545	-2.976234	115	27	120	593.451
-2.356194	2.719179	-1.780644	30	9	4	593.296
0.000000	2.349581	-2.702517	3	36	121	593.171
-0.523599	0.290380	-0.796960	117	0	16	593.150
0.785398	1.488617	1.159546	14	4	16	592.866
-2.094395	1.824694	1.850876	7	125	23	592.418
-3.141593	1.135834	-1.431087	17	3	105	592.371
-1.047198	1.982574	-1.115518	113	2	123	592.341
0.000000	2.704512	1.488683	117	31	14	591.958
-2.094395	1.488617	1.159546	37	4	11	591.886
0.785398	2.187132	-0.479875	123	31	17	591.820
-2.356194	2.073035	2.027405	38	119	5	591.818
1.047198	2.588535	-2.976617	105	126	11	591.816
-2.356194	1.869911	2.701025	13	9	25	591.752
1.308997	1.599406	1.426070	12	21	19	591.721
0.261799	1.184361	0.625864	22	14	13	590.842
-2.356194	1.335669	0.897240	39	120	6	590.315
-1.047198	2.187132	-0.479875	26	119	115	590.297
-0.261799	2.719179	-1.780644	115	27	116	590.146
0.000000	2.664082	-1.071402	122	29	112	589.934
-2.094395	2.881233	-2.582574	2	35	122	589.822
-1.570796	1.134796	2.434290	1	22	10	589.588
-1.308997	1.756530	-2.105156	118	104	126	589.499
-1.570796	1.699788	2.452890	112	25	13	589.412
1.832596	1.599406	1.426070	114	15	13	589.282
-1.047198	1.113094	-0.272241	37	9	11	589.111
0.785398	1.756530	-2.105156	121	109	120	589.047
1.308997	2.587733	0.232235	112	115	13	588.701
2.879793	1.450119	-2.739050	113	28	125	588.670
0.261799	1.310100	1.488307	15	13	20	588.651
-2.879793	1.696674	-1.253233	111	111	120	588.336
2.094395	1.662363	0.915448	0	26	10	588.309
-0.785398	1.195355	1.200319	97	9	4	588.174
0.261799	0.992645	-1.723759	15	17	102	588.158
-1.308997	2.881233	-2.582574	117	32	120	588.002
1.570796	1.335669	0.897240	111	22	10	587.713
2.094395	0.929350	-2.910676	10	125	95	587.673
-1.047198	2.343981	-1.040456	124	6	25	587.452
-1.047198	1.510910	-0.740472	113	1	121	587.282
0.785398	0.496451	0.593859	11	8	19	587.244
0.785398	0.831641	0.616218	117	31	4	586.770
-2.617994	0.685216	-1.712745	24	9	113	586.721
-2.094395	2.138223	1.678323	9	28	8	586.697
1.047198	0.733948	3.021411	1	31	123	586.574
-0.523599	1.555207	1.708892	102	6	127	586.219
0.523599	1.184361	0.625864	16	119	17	586.072
-0.523599	2.719179	-1.780644	117	30	115	586.000
1.308997	2.153910	-1.714959	25	6	112	585.870
2.356194	0.290380	-0.796960	113	24	1	585.654
0.261799	2.664082	-1.071402	120	28	113	585.484
-1.308997	2.187132	-0.479875	126	30	9	585.418
2.094395	1.134796	2.434290	109	4	12	585.306
-2.617994	2.349581	-2.702517	30	7	2	585.306
2.094395	0.618092	2.539118	18	113	101	584.940
2.879793	0.370812	-2.547742	100	127	122	584.917
-2.617994	1.617114	-1.572037	123	109	109	584.633
0.000000	2.138223	1.678323	121	35	2	584.388
2.356194	1.824694	1.850876	110	115	7	584.293
-0.261799	1.998705	2.370472	124	35	5	583.859
-1.047198	1.606104	-0.451151	35	126	14	583.682
2.617994	1.242974	-2.977882	27	120	125	583.508
-2.617994	2.478122	2.609777	5	12	23	583.350
-1.832596	1.846342	-1.796954	19	23	118	582.684
0.523599	1.977582	0.969896	125	123	109	582.604
-1.047198	1.134796	2.434290	1	21	12	582.520
0.000000	1.998705	2.370472	123	35	4	582.301
-0.261799	2.295480	1.008277	31	124	10	582.259
2.356194	0.733948	3.021411	15	123	97	582.222
-0.261799	1.135813	-2.658866	17	10	98	582.066
-1.047198	0.619654	-2.216909	15	114	99	581.827
2.617994	1.982574	-1.115518	118	12	26	581.762
-2.094395	2.664082	-1.071402	125	27	8	581.742
1.308997	1.904882	-1.478089	1	112	105	581.704
0.523599	1.574060	2.783565	125	36	121	581.664
-2.094395	1.310100	1.488307	11	123	20	581.575
1.047198	2.881233	-2.582574	127	41	118	581.574
-1.570796	0.685216	-1.712745	32	118	13	581.521
-1.308997	1.128190	-2.288622	19	122	98	581.152
-2.617994	0.992645	-1.723759	23	9	111	581.106
0.261799	2.724429	-0.348782	125	101	117	580.572
-3.141593	0.080730	-2.622036	109	23	13	580.559
1.570796	1.301460	-0.509251	115	33	6	580.451
-2.094395	1.135813	-2.658866	13	106	102	580.367
-0.785398	1.113094	-0.272241	12	124	104	580.301
0.523599	0.762244	-0.273349	29	1	115	580.284
0.523599	1.696674	-1.253233	114	114	115	580.193
1.832596	1.168678	2.108595	109	9	12	580.115
-1.047198	1.836682	-0.676006	32	127	20	579.989
0.523599	2.984978	1.954446	116	27	17	579.985
0.261799	2.984978	1.954446	114	21	20	579.900
1.308997	1.310100	1.488307	7	13	19	579.871
0.261799	1.599406	1.426070	18	11	19	579.745
-1.570796	1.256302	0.062705	37	6	13	579.635
0.261799	2.187132	-0.479875	0	28	17	579.490
1.832596	1.617114	-1.572037	103	122	119	579.355
-2.356194	1.977582	0.969896	2	14	19	579.024
-2.356194	1.606104	-0.451151	6	110	111	578.905
2.356194	1.812176	0.656819	121	24	5	578.822
-0.523599	0.864993	2.278281	1	26	12	578.602
2.617994	0.640596	-2.797608	17	23	11	578.377
-1.570796	2.979456	-1.009304	30	8	6	578.353
-2.094395	1.195355	1.200319	7	120	105	578.348
-1.308997	1.214854	-1.966664	22	115	101	578.222
-2.356194	0.709924	0.218797	115	106	121	578.017
1.308997	1.756530	-2.105156	126	108	119	577.960
-2.356194	0.571433	-1.188419	127	23	109	577.916
2.094395	1.809167	1.213774	0	25	13	577.568
-1.832596	0.992645	-1.723759	3	25	112	577.420
1.308997	1.488617	1.159546	111	6	15	576.968
-2.617994	2.343981	-1.040456	23	8	21	576.862
2.094395	2.984978	1.954446	124	28	7	576.699
1.832596	2.180315	-1.357379	122	115	114	576.354
1.832596	1.977582	0.969896	3	26	9	576.344
1.047198	0.992645	-1.723759	26	0	120	576.254
-1.047198	0.850607	-1.335383	126	108	8	576.033
-2.617994	1.998705	2.370472	11	10	24	575.961
0.261799	0.379747	-1.713059	121	123	109	575.898
0.523599	1.732874	-0.951685	125	38	8	575.859
-0.785398	1.413430	2.550734	124	19	15	575.805
0.261799	0.762244	-0.273349	5	35	118	575.574
2.617994	0.914445	2.687814	17	117	99	575.440
-2.879793	1.128190	-2.288622	3	114	100	575.433
-2.356194	1.599406	1.426070	8	17	14	575.326
1.308997	1.184361	0.625864	115	20	13	575.298
-1.832596	0.866955	-0.931351	104	9	4	575.288
-3.141593	0.370812	-2.547742	110	27	11	575.231
-2.356194	1.128190	-2.288622	10	114	99	575.143
0.523599	1.869911	2.701025	107	1	125	575.117
-1.832596	2.174483	2.653697	108	23	16	574.946
-0.261799	2.588535	-2.976617	35	122	5	574.784
-1.047198	1.128190	-2.288622	19	124	97	574.462
-1.047198	0.906588	1.252948	124	118	17	574.245
-3.141593	2.588535	-2.976617	126	27	10	574.098
-3.141593	2.881233	-2.582574	29	9	11	574.035
-1.570796	0.290380	-0.796960	115	110	123	573.964
-1.570796	0.640596	-2.797608	105	8	6	573.894
-2.356194	1.195355	1.200319	6	126	20	573.693
-0.785398	0.619654	-2.216909	0	29	0	573.625
0.000000	1.014500	0.906702	32	5	123	573.351
-2.879793	2.393226	1.857173	105	26	12	573.281
2.617994	1.113094	-0.272241	125	33	3	573.199
2.879793	0.640596	-2.797608	118	38	3	573.138
2.094395	1.417623	-0.202254	5	28	126	573.086
-2.356194	1.448123	-2.163292	104	19	1	573.059
1.047198	1.824694	1.850876	12	3	22	572.978
0.000000	0.571433	-1.188419	126	124	107	572.895
2.356194	2.592629	0.909713	117	24	0	572.840
-0.523599	1.545873	-1.877082	34	17	122	572.823
1.570796	1.875281	0.107086	117	30	4	572.629
-1.047198	1.658653	-2.409879	5	28	1	572.629
-1.570796	0.571433	-1.188419	116	114	121	572.502
2.879793	1.662363	0.915448	13	19	15	572.457
2.879793	1.135834	-1.431087	17	2	105	572.433
-2.879793	2.760637	2.781135	122	28	7	572.293
-0.785398	1.135813	-2.658866	14	5	96	572.224
-2.356194	0.615174	-0.666022	3	9	22	572.137
1.308997	0.419640	2.974122	3	102	5	571.833
-1.832596	0.961715	0.014085	121	117	108	571.824
-0.261799	2.073035	2.027405	122	34	7	571.814
0.785398	1.555207	1.708892	15	16	22	571.809
-0.785398	0.618092	2.539118	122	6	21	571.655
-2.356194	1.135813	-2.658866	14	120	97	571.638
-2.356194	1.766067	2.153843	9	4	25	571.470
1.570796	2.299159	2.264663	17	3	23	571.274
-2.879793	0.640596	-2.797608	108	27	6	571.128
-0.785398	1.510910	-0.740472	110	114	113	570.828
0.785398	2.404280	-0.174044	125	23	21	570.578
-1.570796	2.063651	-2.044600	20	119	105	570.536
0.000000	2.407836	1.410646	117	34	9	570.535
-2.879793	1.417623	-0.202254	116	109	119	570.500
-2.617994	2.407836	1.410646	39	3	13	570.441
1.047198	2.174483	2.653697	111	3	16	570.410
-1.570796	2.637879	2.121598	6	34	6	570.348
-1.832596	1.391910	3.030322	22	15	18	570.347
-1.047198	0.203748	0.590255	119	19	14	570.175
0.261799	1.809167	1.213774	100	2	13	570.136
-3.141593	1.135813	-2.658866	121	108	103	570.119
0.261799	0.685216	-1.712745	16	12	100	569.998
2.356194	0.458961	-0.107937	114	28	119	569.828
-1.308997	2.588535	-2.976617	40	7	5	569.703
-1.570796	2.396274	-1.959260	32	106	6	569.576
-2.879793	2.343981	-1.040456	24	7	21	569.572
-1.570796	0.379747	-1.713059	19	14	111	569.512
-0.261799	2.393226	1.857173	122	28	17	569.430
0.261799	2.456751	-1.503343	4	36	5	569.321
-1.047198	2.478122	2.609777	104	119	121	569.301
-2.879793	1.872854	1.543456	11	18	13	569.287
0.000000	0.992645	-1.723759	3	127	101	569.233
-2.879793	1.256302	0.062705	115	109	121	569.180
-3.141593	0.640596	-2.797608	109	28	7	569.025
-1.047198	0.418037	1.360082	29	5	6	568.836
0.785398	0.961715	0.014085	14	5	104	568.618
2.879793	1.367556	0.358405	15	25	12	568.559
1.308997	0.961715	0.014085	15	10	12	568.405
1.308997	1.683268	0.374177	118	18	20	568.357
0.523599	0.733948	3.021411	6	28	114	568.332
1.570796	0.831641	0.616218	7	24	14	568.178
-1.308997	1.135813	-2.658866	17	0	97	568.130
-2.617994	1.904882	-1.478089	5	17	22	567.625
1.308997	1.014500	0.906702	112	15	11	567.612
-2.617994	0.571433	-1.188419	124	11	21	567.569
-3.141593	1.662363	0.915448	117	118	14	567.427
-0.523599	0.370812	-2.547742	1	29	0	567.311
-2.356194	1.247695	1.809890	13	122	20	567.295
0.000000	0.709924	0.218797	122	40	126	567.247
-0.785398	1.545873	-1.877082	4	30	127	567.164
-2.094395	2.153910	-1.714959	125	4	24	567.107
-2.094395	2.180315	-1.357379	3	107	116	566.831
-1.570796	0.866395	-2.492918	27	121	13	566.778
0.785398	1.699788	2.452890	8	8	24	566.746
1.832596	0.618092	2.539118	15	112	100	566.743
1.308997	1.413347	-1.339188	1	110	112	566.461
0.523599	1.134497	-1.109631	5	36	119	566.438
-2.356194	1.450119	-2.739050	126	116	97	566.429
-1.047198	1.696674	-1.253233	35	115	15	566.269
1.570796	1.134497	-1.109631	19	19	122	566.121
2.617994	0.618092	2.539118	20	121	99	566.001
0.785398	1.504028	0.636812	117	18	18	565.767
2.879793	0.899350	-2.069907	3	8	22	565.594
-1.047198	1.195355	1.200319	97	13	3	565.107
-2.879793	1.977582	0.969896	124	4	22	565.037
-2.617994	1.741644	-2.695914	27	10	15	564.882
1.047198	2.108018	1.311430	109	124	16	564.721
-2.879793	1.135813	-2.658866	123	106	103	564.708
0.261799	0.733948	3.021411	9	27	113	564.625
-0.785398	1.732874	-0.951685	116	110	11	564.518
-1.308997	1.247695	1.809890	1	35	109	564.369
1.308997	1.391910	3.030322	16	109	123	564.231
1.047198	1.413430	2.550734	111	6	6	564.229
2.094395	2.153910	-1.714959	25	23	12	564.222
2.617994	0.571433	-1.188419	8	19	8	564.135
-2.617994	0.615174	-0.666022	116	37	6	564.072
2.356194	0.640596	-2.797608	122	29	7	564.031
-1.047198	1.977582	0.969896	110	6	16	563.846
1.047198	1.998705	2.370472	104	120	5	563.760
-1.308997	2.455966	-0.641220	123	28	10	563.656
0.000000	0.640596	-2.797608	108	121	11	563.641
1.832596	2.456751	-1.503343	121	25	22	563.414
-3.141593	0.992645	-1.723759	5	26	8	563.373
0.000000	1.766067	2.153843	121	36	127	563.351
-1.832596	1.367556	0.358405	106	6	5	563.235
-0.785398	2.299159	2.264663	29	123	8	563.233
-1.832596	0.685216	-1.712745	1	25	112	563.182
-3.141593	0.831641	0.616218	7	13	24	563.167
-2.879793	0.370812	-2.547742	106	21	11	563.163
2.094395	0.961715	0.014085	4	27	6	563.074
-1.308997	2.456751	-1.503343	31	111	14	562.968
2.879793	1.977582	0.969896	14	21	11	562.723
0.261799	0.899350	-2.069907	127	125	101	562.705
2.356194	0.866955	-0.931351	111	27	1	562.588
-1.570796	0.618092	2.539118	100	8	3	562.493
-2.879793	2.180315	-1.357379	6	25	8	562.184
1.308997	1.555207	1.708892	9	7	22	562.183
-1.832596	1.756530	-2.105156	109	110	124	562.072
-1.308997	1.310100	1.488307	32	20	127	562.063
-2.879793	0.831641	0.616218	15	26	13	562.012
2.094395	2.704512	1.488683	119	28	8	562.008
-2.356194	2.299159	2.264663	37	118	8	562.003
2.094395	1.732874	-0.951685	119	6	27	561.680
-0.261799	0.831641	0.616218	122	40	3	561.557
-1.570796	1.310100	1.488307	36	16	2	561.415
0.523599	0.379747	-1.713059	20	8	99	561.227
1.308997	2.456751	-1.503343	24	3	112	561.208
0.785398	0.674054	1.013609	111	21	8	561.122
1.832596	1.504028	0.636812	5	27	7	561.094
0.523599	2.041297	-2.664597	112	108	3	560.958
0.261799	2.041297	-2.664597	111	112	1	560.787
1.308997	1.214854	-1.966664	1	107	116	560.583
2.879793	1.135813	-2.658866	28	0	120	560.415
1.832596	2.664082	-1.071402	21	6	112	560.296
-1.308997	0.379747	-1.713059	11	107	103	560.219
-2.356194	1.998705	2.370472	13	24	4	560.117
1.308997	2.299159	2.264663	17	2	23	559.961
-0.785398	2.984978	1.954446	3	11	103	559.584
2.356194	0.080730	-2.622036	118	19	13	559.575
0.785398	2.588535	-2.976617	119	104	124	559.453
0.523599	2.063651	-2.044600	112	113	121	559.432
-2.094395	0.419640	2.974122	105	21	8	559.289
-1.308997	1.242974	-2.977882	17	9	98	559.166
0.000000	1.696674	-1.253233	8	5	105	559.038
1.832596	2.592629	0.909713	3	106	116	559.014
0.785398	0.419640	2.974122	9	120	97	558.918
1.832596	2.719179	-1.780644	0	41	126	558.888
-2.879793	2.704512	1.488683	103	24	7	558.715
-0.523599	1.977582	0.969896	28	119	12	558.678
1.570796	0.203748	0.590255	116	30	123	558.436
-2.356194	1.310100	1.488307	8	120	20	558.429
-1.832596	1.168678	2.108595	19	125	24	558.397
0.785398	1.736875	3.023612	5	3	24	558.362
1.832596	0.899350	-2.069907	27	3	120	558.217
-1.308997	1.869911	2.701025	109	16	20	558.125
2.617994	0.762244	-0.273349	124	31	9	558.117
-3.141593	2.760637	2.781135	120	29	9	557.698
2.356194	0.619654	-2.216909	16	21	15	557.691
-1.832596	0.640596	-2.797608	105	123	6	557.655
0.261799	1.014500	0.906702	121	32	7	557.605
-1.308997	1.599406	1.426070	33	18	6	557.550
-0.523599	1.134796	2.434290	126	25	12	557.367
-2.879793	1.301460	-0.509251	117	111	118	557.352
0.523599	2.979456	-1.009304	117	26	124	557.225
-1.308997	0.571433	-1.188419	0	114	16	557.195
2.617994	0.866395	-2.492918	27	115	121	557.082
-2.879793	0.992645	-1.723759	26	6	111	557.072
2.617994	1.875281	0.107086	16	29	9	556.891
1.308997	1.554776	0.100351	120	23	19	556.882
-0.523599	2.356369	3.005869	107	113	120	556.860
-2.094395	1.184361	0.625864	35	16	17	556.625
0.261799	1.982574	-1.115518	2	35	8	556.610
1.570796	1.050534	3.042579	117	111	18	556.570
0.261799	1.134796	2.434290	125	31	116	556.477
2.879793	2.979456	-1.009304	120	104	126	556.438
-2.356194	1.504028	0.636812	105	16	7	556.411
2.356194	1.135813	-2.658866	27	116	121	556.379
1.308997	0.591903	2.010408	123	29	16	556.333
-2.617994	1.113094	-0.272241	2	21	23	556.178
-0.523599	1.869911	2.701025	110	111	2	556.164
-0.523599	0.496451	0.593859	29	126	3	556.127
-1.570796	1.721184	-0.153948	32	125	19	555.608
-0.261799	2.704512	1.488683	119	26	16	555.434
0.785398	1.904882	-1.478089	114	112	115	555.236
1.832596	0.379747	-1.713059	28	3	122	554.908
2.356194	2.153910	-1.714959	21	25	11	554.578
-1.308997	1.909857	-0.381669	30	1	23	554.575
-2.094395	1.113094	-0.272241	1	24	22	554.403
-1.832596	2.063651	-2.044600	124	32	3	554.383
2.617994	1.195355	1.200319	110	114	3	554.342
2.617994	2.404280	-0.174044	3	0	32	554.245
0.000000	0.831641	0.616218	31	3	121	554.199
-2.617994	0.640596	-2.797608	106	24	6	554.126
0.000000	2.588535	-2.976617	111	109	114	554.024
1.570796	2.063651	-2.044600	0	109	117	554.021
1.570796	1.488617	1.159546	112	1	16	553.980
-0.261799	1.310100	1.488307	8	0	99	553.755
-1.570796	2.187132	-0.479875	1	29	7	553.730
1.308997	0.700570	1.559208	119	4	16	553.631
2.617994	0.899350	-2.069907	116	120	103	553.501
0.785398	1.301460	-0.509251	127	37	8	553.396
1.570796	0.899350	-2.069907	26	127	120	553.293
0.785398	0.709924	0.218797	19	21	7	553.184
-1.308997	1.025536	1.576859	0	36	111	553.177
1.047198	1.617114	-1.572037	5	39	3	553.130
-1.308997	1.113094	-0.272241	36	4	13	553.110
0.261799	0.203748	0.590255	127	113	18	553.091
1.047198	2.396274	-1.959260	24	2	108	553.090
-3.141593	2.979456	-1.009304	123	102	126	553.055
2.094395	1.433411	-1.035986	113	5	22	552.896
-1.047198	2.153910	-1.714959	106	120	120	552.734
-1.570796	1.599406	1.426070	36	14	5	552.733
1.832596	1.732874	-0.951685	8	19	119	552.652
2.356194	1.450119	-2.739050	17	26	4	552.549
2.879793	0.866955	-0.931351	12	6	104	552.274
-1.308997	2.760637	2.781135	6	33	7	552.262
0.000000	0.906588	1.252948	106	13	12	552.204
-2.356194	2.393226	1.857173	39	0	9	552.015
-1.308997	1.256302	0.062705	35	9	15	551.941
-1.832596	1.662363	0.915448	36	9	14	551.926
-1.832596	1.554776	0.100351	107	3	1	551.871
-2.879793	0.571433	-1.188419	20	10	110	551.871
1.308997	0.929350	-2.910676	1	36	113	551.661
-2.094395	1.128190	-2.288622	11	113	99	551.640
-2.617994	1.569311	-3.003978	25	8	20	551.623
2.879793	1.948085	-2.363031	108	25	0	551.506
-1.570796	1.134497	-1.109631	119	114	17	551.393
1.832596	1.555207	1.708892	114	12	11	551.351
-2.356194	1.256302	0.062705	2	31	20	551.308
2.617994	1.433411	-1.035986	116	33	9	551.285
-0.261799	1.617114	-1.572037	32	19	121	551.250
-0.523599	1.756530	-2.105156	127	104	1	551.154
-0.523599	1.510910	-0.740472	11	3	103	551.136
-0.261799	2.881233	-2.582574	1	36	9	551.045
2.879793	0.419640	2.974122	124	35	7	550.994
2.879793	1.732874	-0.951685	21	125	25	550.917
-0.523599	1.836682	-0.676006	126	23	24	550.698
-2.094395	0.458961	-0.107937	115	108	122	550.692
0.261799	1.555207	1.708892	15	12	22	550.566
1.570796	1.440580	2.260026	113	8	9	550.374
-2.356194	0.866955	-0.931351	123	8	23	550.236
2.617994	2.637879	2.121598	120	26	11	550.081
-2.356194	1.809167	1.213774	103	10	11	549.970
-2.356194	2.153910	-1.714959	3	107	111	549.773
-2.617994	1.846342	-1.796954	126	109	108	549.662
1.308997	1.247695	1.809890	111	12	11	549.598
-1.047198	1.301460	-0.509251	36	3	15	549.591
0.261799	2.073035	2.027405	119	36	0	549.346
-1.570796	2.456751	-1.503343	124	5	23	549.335
0.523599	1.904882	-1.478089	112	114	115	549.206
0.000000	0.866395	-2.492918	18	3	97	549.179
1.570796	1.870545	-2.976234	26	19	127	548.969
1.570796	2.343981	-1.040456	26	2	116	548.950
-2.356194	2.115563	0.685730	125	15	23	548.932
-2.356194	0.080730	-2.622036	5	13	19	548.763
-2.617994	1.256302	0.062705	6	29	19	548.712
0.000000	2.393226	1.857173	122	35	7	548.695
-0.261799	2.637879	2.121598	117	104	117	548.678
-0.261799	2.343981	-1.040456	23	7	114	548.633
1.047198	0.419640	2.974122	14	120	97	548.592
-1.570796	1.184361	0.625864	34	2	17	548.576
-0.785398	1.696674	-1.253233	33	0	25	548.473
1.832596	2.984978	1.954446	29	13	9	548.229
-2.879793	2.478122	2.609777	120	25	10	548.197
1.047198	1.301460	-0.509251	123	36	7	548.193
1.832596	0.914445	2.687814	9	113	99	548.169
1.832596	1.391910	3.030322	21	115	123	548.127
0.785398	1.948085	-2.363031	125	33	13	548.024
2.356194	1.948085	-2.363031	116	30	1	547.916
-2.617994	1.135813	-2.658866	111	26	116	547.854
-2.094395	0.297065	2.160177	101	18	11	547.709
0.000000	1.809167	1.213774	122	25	20	547.679
-2.617994	2.180315	-1.357379	22	8	20	547.599
-0.785398	1.310100	1.488307	8	2	99	547.495
0.785398	2.881233	-2.582574	29	4	16	547.378
2.094395	1.617114	-1.572037	125	3	104	547.219
0.523599	0.615174	-0.666022	124	38	119	547.166
1.832596	2.247462	0.191623	123	27	125	547.129
-2.617994	1.242974	-2.977882	23	122	18	547.115
-0.523599	1.440580	2.260026	1	37	124	546.959
-0.261799	2.164094	-2.991358	108	110	120	546.911
2.094395	2.299159	2.264663	23	1	111	546.910
0.523599	2.349581	-2.702517	115	109	126	546.825
0.000000	2.073035	2.027405	106	0	115	546.724
2.879793	1.242974	-2.977882	105	118	125	546.695
-3.141593	2.041297	-2.664597	107	21	124	546.496
-1.047198	1.824694	1.850876	23	111	9	546.470
2.356194	2.073035	2.027405	123	18	14	546.230
-3.141593	2.164094	-2.991358	112	24	113	546.219
-2.356194	0.762244	-0.273349	7	18	22	546.024
2.094395	1.977582	0.969896	110	124	22	545.846
-1.832596	1.506530	1.988858	13	123	23	545.459
-2.356194	1.367556	0.358405	40	126	11	545.413
-1.832596	0.866395	-2.492918	103	10	7	545.315
0.523599	1.135834	-1.431087	125	126	104	545.164
2.617994	2.041297	-2.664597	111	26	123	545.102
2.879793	1.569311	-3.003978	105	116	126	545.060
-1.047198	1.869911	2.701025	109	14	20	544.987
0.523599	2.251330	-2.330739	113	112	123	544.856
-1.570796	1.218453	2.777284	115	119	99	544.837
0.000000	1.982574	-1.115518	21	2	112	544.757
-2.617994	1.301460	-0.509251	119	109	118	544.556
-2.356194	1.948085	-2.363031	126	107	103	544.515
-2.094395	0.379747	-1.713059	0	25	113	544.500
0.523599	1.135813	-2.658866	116	0	113	544.469
-2.879793	1.741644	-2.695914	108	23	124	544.440
-1.047198	1.310100	1.488307	121	10	17	544.426
2.617994	1.184361	0.625864	113	116	15	544.344
1.570796	2.041297	-2.664597	110	29	103	544.174
-2.617994	0.618092	2.539118	110	117	123	544.025
-2.356194	2.979456	-1.009304	0	30	2	543.875
0.523599	1.218453	2.777284	124	11	20	543.795
-2.356194	1.699788	2.452890	13	6	25	543.769
-0.785398	1.242974	-2.977882	31	0	10	543.753
1.308997	1.569311	-3.003978	112	119	105	543.690
-1.570796	2.295480	1.008277	13	13	106	543.397
0.261799	2.174483	2.653697	120	105	1	543.360
1.047198	0.906588	1.252948	110	13	10	543.264
0.261799	2.033014	2.977192	116	109	7	543.194
-0.785398	1.872854	1.543456	114	105	1	543.168
-1.832596	2.295480	1.008277	20	10	109	543.033
0.261799	0.290380	-0.796960	11	125	25	542.934
-0.785398	1.982574	-1.115518	37	1	12	542.931
-1.832596	1.135834	-1.431087	116	112	13	542.718
1.832596	1.824694	1.850876	118	11	13	542.681
-1.832596	1.545873	-1.877082	110	111	2	542.617
-2.094395	2.478122	2.609777	107	27	12	542.440
-2.879793	2.174483	2.653697	122	25	13	542.115
-2.356194	2.579248	-2.364801	120	127	20	542.031
-3.141593	1.809167	1.213774	119	119	16	541.984
-2.617994	1.506530	1.988858	38	6	7	541.864
1.308997	1.662363	0.915448	38	13	14	541.595
-1.308997	1.721184	-0.153948	33	2	19	541.523
-2.094395	0.619654	-2.216909	120	27	17	541.311
-1.832596	0.379747	-1.713059	30	116	9	541.304
-1.570796	1.391910	3.030322	120	114	97	541.265
-0.785398	1.301460	-0.509251	37	9	11	541.258
-2.094395	1.721184	-0.153948	108	124	111	541.209
-1.832596	0.290380	-0.796960	114	113	123	541.099
-2.879793	1.194549	-0.801900	28	1	18	540.871
-2.617994	0.850607	-1.335383	27	120	14	540.860
2.094395	2.001437	0.381215	25	17	3	540.848
1.047198	1.606104	-0.451151	127	33	15	540.828
0.000000	2.063651	-2.044600	5	37	124	540.752
2.617994	0.685216	-1.712745	18	22	18	540.695
2.617994	0.929350	-2.910676	118	31	2	540.670
-1.047198	2.174483	2.653697	127	19	14	540.479
-2.094395	1.554776	0.100351	106	123	116	540.469
-0.785398	2.174483	2.653697	124	18	14	540.088
2.617994	2.356369	3.005869	16	4	109	540.026
-1.832596	1.256302	0.062705	33	3	22	539.858
-0.785398	0.297065	2.160177	28	17	5	539.774
-2.356194	1.824694	1.850876	37	12	11	539.640
0.261799	1.168678	2.108595	124	29	111	539.445
2.094395	0.080730	-2.622036	126	33	14	539.352
1.047198	0.618092	2.539118	102	8	11	539.330
0.000000	1.554776	0.100351	5	35	2	539.202
1.308997	1.736875	3.023612	100	125	1	539.197
-2.879793	1.732874	-0.951685	23	125	26	539.142
-2.094395	2.164094	-2.991358	33	114	10	539.082
-2.356194	2.295480	1.008277	6	27	16	539.045
-1.832596	2.073035	2.027405	8	31	6	539.004
0.785398	2.174483	2.653697	8	116	21	538.990
2.094395	1.836682	-0.676006	5	24	118	538.980
0.000000	0.929350	-2.910676	113	112	127	538.907
2.356194	2.664082	-1.071402	1	40	5	538.824
-1.832596	2.455966	-0.641220	127	29	10	538.746
-1.570796	1.413430	2.550734	18	0	24	538.705
-1.047198	0.297065	2.160177	102	5	9	538.704
-1.570796	1.128190	-2.288622	18	121	98	538.695
2.356194	2.251330	-2.330739	115	31	1	538.656
-2.094395	2.760637	2.781135	114	35	126	538.588
-2.356194	0.640596	-2.797608	105	18	6	538.578
-1.832596	1.699788	2.452890	112	28	12	538.565
1.308997	0.864993	2.278281	105	9	12	538.504
-1.047198	0.864993	2.278281	28	11	12	538.491
-2.094395	2.001437	0.381215	18	5	33	538.310
-1.832596	1.809167	1.213774	29	17	21	538.263
-0.523599	2.588535	-2.976617	0	38	2	538.139
2.879793	1.184361	0.625864	116	117	13	538.104
-3.141593	1.617114	-1.572037	6	21	12	538.023
1.832596	1.128190	-2.288622	26	2	118	537.777
-2.617994	2.041297	-2.664597	25	12	17	537.652
0.785398	1.554776	0.100351	121	25	19	537.521
-2.094395	1.510910	-0.740472	15	127	103	537.354
0.000000	2.881233	-2.582574	5	36	4	537.329
-2.617994	1.696674	-1.253233	113	109	120	537.282
-2.879793	2.108018	1.311430	127	6	21	537.263
-2.617994	2.393226	1.857173	38	123	8	537.258
0.261799	0.866395	-2.492918	14	5	95	537.241
-2.094395	0.866955	-0.931351	125	9	23	537.132
1.570796	1.721184	-0.153948	8	22	126	536.938
0.261799	1.335669	0.897240	21	13	16	536.835
0.523599	1.836682	-0.676006	125	35	12	536.822
1.832596	1.736875	3.023612	18	112	121	536.816
-2.879793	2.299159	2.264663	118	24	11	536.807
1.047198	1.045978	0.343692	116	32	4	536.660
2.879793	2.349581	-2.702517	113	24	117	536.633
0.785398	2.180315	-1.357379	112	114	116	536.626
-2.356194	2.407836	1.410646	25	3	29	536.516
0.000000	1.506530	1.988858	124	34	117	536.504
-3.141593	0.733948	3.021411	13	1	95	536.483
2.879793	1.417623	-0.202254	110	114	122	536.335
-0.261799	2.108018	1.311430	28	121	16	536.333
-2.617994	1.872854	1.543456	104	21	14	536.305
0.785398	1.391910	3.030322	109	5	3	536.173
-0.261799	0.591903	2.010408	127	3	21	535.979
0.523599	1.050534	3.042579	4	32	115	535.934
2.094395	1.683268	0.374177	122	125	27	535.828
-0.785398	2.153910	-1.714959	34	119	21	535.671
0.785398	2.153910	-1.714959	120	8	19	535.582
-2.617994	1.413347	-1.339188	28	123	11	535.443
-0.523599	2.637879	2.121598	120	21	19	535.401
-0.261799	0.618092	2.539118	117	127	8	535.374
0.523599	1.045978	0.343692	16	8	106	535.327
1.308997	1.113094	-0.272241	118	32	7	535.227
0.261799	1.569311	-3.003978	31	15	7	535.197
1.832596	2.138223	1.678323	7	24	16	535.178
-2.617994	1.135834	-1.431087	22	6	109	535.043
-0.785398	0.496451	0.593859	22	109	117	535.034
-0.261799	0.906588	1.252948	31	6	2	534.860
-0.523599	1.904882	-1.478089	19	126	109	534.798
0.261799	2.393226	1.857173	118	34	7	534.762
-1.832596	1.128190	-2.288622	12	119	97	534.718
0.261799	1.433411	-1.035986	114	9	104	534.714
-2.356194	1.050534	3.042579	97	14	2	534.706
-0.523599	2.984978	1.954446	31	4	8	534.705
1.047198	0.203748	0.590255	27	12	117	534.697
0.261799	1.904882	-1.478089	15	5	109	534.593
1.047198	2.456751	-1.503343	1	37	10	534.410
2.879793	2.407836	1.410646	115	26	5	534.353
1.570796	2.407836	1.410646	125	24	12	534.246
-3.141593	2.247462	0.191623	120	123	25	534.236
-0.261799	0.297065	2.160177	125	10	19	534.124
0.000000	1.741644	-2.695914	32	10	13	534.082
2.094395	2.393226	1.857173	124	22	13	533.931
2.356194	1.569311	-3.003978	17	24	0	533.927
0.785398	1.696674	-1.253233	117	113	114	533.897
-2.617994	1.756530	-2.105156	29	11	11	533.752
-3.141593	2.295480	1.008277	109	23	2	533.727
2.356194	1.242974	-2.977882	27	116	125	533.618
0.523599	1.391910	3.030322	106	4	3	533.594
1.832596	0.615174	-0.666022	14	9	19	533.438
1.047198	2.979456	-1.009304	112	23	123	533.437
-2.617994	0.866395	-2.492918	105	20	5	533.397
-0.523599	2.295480	1.008277	29	120	9	533.288
1.570796	1.998705	2.370472	14	3	26	533.251
-1.570796	2.251330	-2.330739	23	123	106	533.234
-2.617994	0.961715	0.014085	8	22	21	533.107
-1.047198	2.637879	2.121598	18	9	28	532.805
2.617994	2.455966	-0.641220	28	1	22	532.743
-2.617994	1.662363	0.915448	1	5	19	532.714
0.000000	0.591903	2.010408	127	4	20	532.711
-2.617994	1.218453	2.777284	29	125	13	532.707
-0.785398	2.456751	-1.503343	32	122	21	532.690
-1.832596	1.301460	-0.509251	9	25	13	532.594
0.785398	2.724429	-0.348782	124	30	117	532.369
-0.785398	2.592629	0.909713	117	24	22	532.319
0.261799	2.108018	1.311430	119	18	22	532.234
2.356194	1.014500	0.906702	116	31	114	532.117
0.000000	0.496451	0.593859	29	2	121	532.053
2.356194	2.164094	-2.991358	118	29	114	532.047
0.523599	0.685216	-1.712745	18	14	101	532.009
-0.261799	1.870545	-2.976234	33	7	11	531.951
0.261799	1.214854	-1.966664	17	8	24	531.780
2.879793	1.025536	1.576859	23	24	9	531.771
1.570796	2.592629	0.909713	124	103	117	531.741
1.570796	2.180315	-1.357379	6	16	112	531.737
-1.570796	1.050534	3.042579	104	123	126	531.504
0.261799	2.637879	2.121598	117	27	15	531.383
-1.047198	1.413430	2.550734	125	21	14	531.285
-2.879793	1.488617	1.159546	98	1	6	531.269
0.523599	0.929350	-2.910676	15	3	95	531.140
2.356194	0.419640	2.974122	19	127	97	531.108
0.261799	1.450119	-2.739050	4	35	1	531.084
-3.141593	0.496451	0.593859	9	7	24	530.975
-2.356194	0.961715	0.014085	6	26	20	530.862
1.047198	0.290380	-0.796960	122	37	2	530.859
-2.356194	1.488617	1.159546	106	15	13	530.806
2.617994	1.194549	-0.801900	8	1	103	530.785
2.356194	2.396274	-1.959260	126	105	119	530.752
-1.570796	1.247695	1.809890	18	122	23	530.669
2.094395	1.045978	0.343692	2	28	8	530.633
0.523599	1.450119	-2.739050	2	37	0	530.541
1.308997	1.433411	-1.035986	126	37	10	530.498
-0.261799	2.379497	0.561089	117	31	15	530.387
0.261799	2.138223	1.678323	21	7	21	530.369
-0.261799	1.413430	2.550734	125	14	18	530.265
-1.832596	0.674054	1.013609	35	3	11	530.032
-0.523599	1.736875	3.023612	115	109	121	530.009
1.047198	1.736875	3.023612	98	1	1	529.965
-2.094395	1.836682	-0.676006	9	110	112	529.948
0.523599	1.134796	2.434290	126	30	113	529.859
1.570796	2.719179	-1.780644	5	40	126	529.621
-0.785398	1.128190	-2.288622	19	126	97	529.487
-1.047198	1.846342	-1.796954	120	103	0	529.453
-0.523599	1.113094	-0.272241	35	16	11	529.444
-1.308997	2.396274	-1.959260	115	102	121	529.417
-3.141593	2.719179	-1.780644	0	29	7	529.375
-0.785398	0.379747	-1.713059	104	122	3	529.236
2.356194	1.809167	1.213774	119	20	7	528.962
2.356194	0.850607	-1.335383	20	22	15	528.850
-1.570796	2.299159	2.264663	7	33	2	528.848
-2.879793	2.115563	0.685730	124	7	23	528.842
2.356194	2.343981	-1.040456	125	19	28	528.658
-2.879793	0.899350	-2.069907	28	6	115	528.576
-1.570796	0.297065	2.160177	124	120	12	528.464
0.000000	1.977582	0.969896	115	35	6	528.404
0.785398	1.417623	-0.202254	124	31	16	528.375
0.785398	1.050534	3.042579	114	124	113	528.317
-1.832596	1.872854	1.543456	106	7	15	528.289
2.356194	1.658653	-2.409879	122	1	22	528.156
2.094395	2.356369	3.005869	16	109	18	528.123
2.617994	0.619654	-2.216909	29	118	118	528.104
1.047198	1.696674	-1.253233	119	111	113	528.099
2.617994	0.379747	-1.713059	31	3	115	527.972
2.094395	2.164094	-2.991358	117	28	119	527.918
-2.356194	0.831641	0.616218	116	102	123	527.873
1.047198	1.195355	1.200319	11	11	17	527.873
-1.832596	0.914445	2.687814	11	8	95	527.817
-0.261799	2.478122	2.609777	116	6	110	527.733
2.617994	0.992645	-1.723759	8	7	25	527.545
-2.356194	2.478122	2.609777	108	28	13	527.450
-1.832596	0.899350	-2.069907	26	120	16	527.431
-2.879793	2.041297	-2.664597	108	23	120	527.396
2.879793	1.506530	1.988858	13	22	123	527.242
-0.523599	2.108018	1.311430	105	7	5	527.147
1.570796	1.504028	0.636812	114	17	18	527.121
-1.570796	1.506530	1.988858	15	124	24	527.114
-1.047198	1.599406	1.426070	113	107	5	527.106
-0.523599	2.153910	-1.714959	3	29	11	527.068
0.523599	1.247695	1.809890	119	28	111	527.049
-2.879793	1.218453	2.777284	31	124	8	526.997
0.785398	2.393226	1.857173	21	9	19	526.988
-1.570796	1.301460	-0.509251	6	31	11	526.984
1.570796	0.591903	2.010408	113	127	8	526.926
0.523599	2.863997	0.549740	13	31	117	526.400
-0.261799	1.050534	3.042579	113	122	13	526.344
2.879793	1.335669	0.897240	110	111	126	526.120
-2.879793	1.045978	0.343692	110	8	19	526.028
-2.356194	2.760637	2.781135	33	0	18	526.010
-2.094395	2.356369	3.005869	34	116	13	525.958
0.261799	2.063651	-2.044600	3	38	125	525.902
2.879793	1.045978	0.343692	15	22	16	525.781
-1.570796	1.909857	-0.381669	29	124	23	525.752
0.785398	1.135813	-2.658866	6	22	98	525.704
2.094395	0.297065	2.160177	126	32	120	525.598
-1.832596	0.571433	-1.188419	0	7	22	525.532
-2.617994	0.418037	1.360082	120	17	17	525.459
-1.570796	2.588535	-2.976617	37	11	10	525.370
0.261799	1.242974	-2.977882	6	33	121	525.246
-0.261799	2.033014	2.977192	110	109	126	524.983
2.094395	2.478122	2.609777	125	119	24	524.975
0.785398	2.455966	-0.641220	123	26	115	524.737
-2.879793	0.618092	2.539118	10	8	94	524.604
1.832596	2.579248	-2.364801	112	16	20	524.581
2.356194	1.683268	0.374177	122	23	2	524.531
-0.523599	0.960688	-0.577532	8	124	104	524.527
2.356194	0.379747	-1.713059	31	1	116	524.497
0.261799	0.370812	-2.547742	4	30	0	524.492
1.308997	0.619654	-2.216909	9	9	96	524.480
-0.261799	2.349581	-2.702517	7	36	121	524.437
0.785398	1.998705	2.370472	104	124	4	524.360
2.356194	1.606104	-0.451151	2	29	122	524.355
0.523599	1.504028	0.636812	17	119	14	524.352
2.356194	0.685216	-1.712745	30	119	114	524.311
2.617994	2.251330	-2.330739	112	29	0	524.213
0.000000	1.555207	1.708892	119	36	122	524.047
2.356194	1.846342	-1.796954	19	24	15	523.997
-1.047198	0.685216	-1.712745	116	120	116	523.970
-0.261799	1.982574	-1.115518	20	0	113	523.857
-1.047198	1.809167	1.213774	113	105	1	523.850
-1.047198	2.108018	1.311430	111	105	125	523.845
0.261799	0.674054	1.013609	120	33	3	523.793
1.047198	1.050534	3.042579	1	32	125	523.625
-0.523599	2.587733	0.232235	120	29	16	523.541
-2.617994	2.299159	2.264663	108	26	15	523.274
-2.356194	2.588535	-2.976617	117	29	10	523.234
-2.879793	0.906588	1.252948	38	114	120	523.215
2.879793	0.685216	-1.712745	118	25	113	523.123
1.832596	0.709924	0.218797	5	24	12	522.961
1.308997	2.349581	-2.702517	26	19	0	522.947
-0.523599	0.418037	1.360082	30	8	2	522.757
0.261799	0.418037	1.360082	5	6	19	522.595
-1.832596	0.910508	1.903534	113	115	119	522.541
0.785398	1.025536	1.576859	6	7	20	522.460
1.832596	0.496451	0.593859	113	30	121	522.393
0.785398	2.396274	-1.959260	25	126	108	522.344
0.000000	0.899350	-2.069907	19	10	22	522.326
0.785398	0.297065	2.160177	122	32	16	522.295
1.308997	0.709924	0.218797	114	24	5	522.203
-2.617994	1.599406	1.426070	9	20	14	522.093
-1.832596	0.419640	2.974122	101	7	8	522.067
-1.047198	1.683268	0.374177	22	5	31	521.958
2.094395	2.063651	-2.044600	108	8	18	521.947
-2.617994	1.809167	1.213774	40	121	7	521.946
0.000000	1.872854	1.543456	118	37	0	521.385
-1.570796	1.025536	1.576859	120	16	15	521.300
-2.617994	1.870545	-2.976234	24	10	18	521.294
2.617994	1.736875	3.023612	118	4	14	521.067
2.879793	2.299159	2.264663	123	26	11	520.973
2.094395	0.591903	2.010408	22	18	9	520.749
-1.047198	1.168678	2.108595	17	125	33	520.684
2.617994	1.050534	3.042579	26	118	2	520.674
0.261799	1.440580	2.260026	106	7	4	520.579
-2.356194	2.063651	-2.044600	124	1	22	520.506
-0.785398	2.349581	-2.702517	38	15	127	520.497
-2.879793	1.599406	1.426070	99	2	9	520.480
-1.832596	1.134497	-1.109631	120	117	18	520.422
2.094395	2.579248	-2.364801	111	15	20	520.298
0.000000	1.184361	0.625864	25	12	13	520.273
-0.261799	0.914445	2.687814	104	10	5	520.201
-2.617994	0.496451	0.593859	15	25	15	520.197
2.879793	2.108018	1.311430	112	119	15	520.153
-1.047198	2.719179	-1.780644	123	33	116	520.131
-1.570796	1.766067	2.153843	113	13	23	520.113
-2.356194	0.619654	-2.216909	5	121	97	520.092
-2.356194	2.108018	1.311430	31	2	22	519.903
2.356194	2.138223	1.678323	113	117	14	519.897
-1.570796	1.948085	-2.363031	12	27	127	519.871
1.570796	1.599406	1.426070	110	126	16	519.859
-1.832596	0.618092	2.539118	7	14	97	519.699
2.617994	1.335669	0.897240	105	34	122	519.688
1.308997	0.910508	1.903534	107	12	11	519.674
0.523599	1.335669	0.897240	118	29	11	519.590
2.356194	1.256302	0.062705	124	101	116	519.562
2.617994	2.343981	-1.040456	23	3	25	519.522
-2.094395	0.866395	-2.492918	121	26	18	519.520
0.000000	2.104282	-0.813972	4	29	13	519.488
-0.523599	1.606104	-0.451151	126	29	21	519.477
-3.141593	2.592629	0.909713	109	22	0	519.440
-2.094395	1.662363	0.915448	34	0	18	519.410
-1.047198	0.910508	1.903534	2	36	115	519.383
-2.094395	0.080730	-2.622036	3	13	17	519.293
0.523599	1.440580	2.260026	123	116	19	519.270
0.785398	0.379747	-1.713059	17	11	100	519.105
-1.570796	1.869911	2.701025	36	15	6	519.085
2.617994	2.164094	-2.991358	115	27	114	518.963
-0.261799	1.869911	2.701025	114	108	1	518.944
0.523599	2.404280	-0.174044	126	24	20	518.719
0.261799	2.251330	-2.330739	0	39	124	518.646
1.308997	1.050534	3.042579	0	33	110	518.629
-2.879793	1.014500	0.906702	10	116	106	518.559
-2.094395	1.555207	1.708892	6	31	7	518.523
0.523599	0.203748	0.590255	2	6	99	518.407
2.356194	2.719179	-1.780644	123	106	121	518.270
0.261799	0.496451	0.593859	9	5	21	518.246
-0.261799	0.850607	-1.335383	124	127	106	518.225
-1.832596	2.588535	-2.976617	34	122	16	518.219
0.000000	1.448123	-2.163292	4	23	15	518.135
1.570796	1.696674	-1.253233	0	114	110	518.122
0.785398	1.168678	2.108595	110	7	7	518.059
0.261799	2.863997	0.549740	126	103	27	517.978
-1.570796	2.153910	-1.714959	0	1	25	517.829
-0.785398	0.458961	-0.107937	127	120	107	517.764
-0.261799	0.866955	-0.931351	0	126	105	517.728
-3.141593	1.870545	-2.976234	17	10	112	517.659
0.261799	1.391910	3.030322	113	113	15	517.643
-1.570796	2.138223	1.678323	3	33	11	517.504
0.785398	0.733948	3.021411	5	30	121	517.398
2.094395	2.637879	2.121598	126	23	12	517.363
-0.523599	1.766067	2.153843	0	37	2	517.132
2.879793	2.456751	-1.503343	24	7	19	517.074
-1.047198	1.555207	1.708892	19	124	102	517.051
0.523599	2.138223	1.678323	118	16	20	517.019
0.785398	2.356369	3.005869	19	118	109	516.945
-2.094395	0.960688	-0.577532	1	17	23	516.920
-0.523599	1.391910	3.030322	116	112	127	516.849
2.094395	0.866955	-0.931351	113	30	1	516.836
-0.261799	0.619654	-2.216909	104	119	6	516.829
0.785398	0.418037	1.360082	18	111	18	516.816
-2.879793	0.685216	-1.712745	105	22	11	516.625
2.879793	1.809167	1.213774	120	121	16	516.504
-0.785398	0.762244	-0.273349	14	110	15	516.430
-2.879793	1.904882	-1.478089	4	22	10	516.406
-1.047198	2.299159	2.264663	1	39	125	516.318
1.570796	2.001437	0.381215	119	28	7	516.137
-0.261799	1.242974	-2.977882	108	119	9	516.124
0.785398	2.592629	0.909713	16	29	117	516.102
-1.832596	2.356369	3.005869	108	28	13	515.993
-2.356194	1.218453	2.777284	99	17	127	515.900
-0.261799	1.014500	0.906702	31	2	125	515.676
-1.047198	1.135813	-2.658866	31	126	11	515.598
1.570796	0.619654	-2.216909	8	10	96	515.571
-3.141593	0.906588	1.252948	0	113	15	515.506
-1.832596	2.637879	2.121598	5	31	11	515.449
-0.785398	2.356369	3.005869	1	38	126	515.295
0.000000	1.836682	-0.676006	4	32	9	515.074
1.570796	0.618092	2.539118	12	119	97	514.942
0.261799	2.704512	1.488683	114	30	14	514.807
0.261799	1.045978	0.343692	113	23	19	514.778
-1.570796	1.904882	-1.478089	3	4	26	514.764
-1.832596	1.510910	-0.740472	7	23	17	514.727
-2.879793	1.195355	1.200319	7	9	24	514.585
-0.523599	2.979456	-1.009304	119	31	2	514.570
-2.879793	1.824694	1.850876	35	111	4	514.490
-0.785398	1.569311	-3.003978	0	26	9	514.113
-1.308997	2.404280	-0.174044	124	32	3	514.020
0.000000	1.335669	0.897240	33	4	125	514.017
-3.141593	2.664082	-1.071402	24	10	19	514.005
0.523599	2.164094	-2.991358	115	107	5	513.999
0.523599	2.719179	-1.780644	110	22	118	513.951
0.785398	1.506530	1.988858	9	14	23	513.805
1.308997	0.618092	2.539118	13	118	96	513.653
0.000000	2.863997	0.549740	123	104	27	513.605
2.879793	0.906588	1.252948	19	24	7	513.480
-0.785398	2.588535	-2.976617	5	35	3	513.319
-0.261799	0.496451	0.593859	30	127	121	513.287
-1.570796	1.504028	0.636812	31	1	22	513.225
1.308997	1.574060	2.783565	1	123	24	513.214
-3.141593	1.242974	-2.977882	12	114	100	513.086
2.617994	0.496451	0.593859	33	0	123	513.034
-2.617994	1.736875	3.023612	21	8	22	513.023
2.879793	1.194549	-0.801900	11	4	102	513.020
-0.261799	0.960688	-0.577532	9	124	104	513.000
-2.879793	0.961715	0.014085	113	114	6	512.904
-2.617994	2.295480	1.008277	38	9	17	512.882
2.879793	0.961715	0.014085	13	22	18	512.873
1.570796	0.700570	1.559208	126	33	11	512.848
-2.356194	1.569311	-3.003978	22	0	21	512.746
1.832596	1.413430	2.550734	111	5	11	512.680
-1.308997	0.591903	2.010408	29	5	9	512.670
1.308997	2.760637	2.781135	113	27	15	512.473
-3.141593	2.343981	-1.040456	111	114	122	512.455
-1.047198	0.866395	-2.492918	15	125	96	512.349
2.879793	2.579248	-2.364801	27	1	15	512.317
2.879793	1.504028	0.636812	18	27	5	512.281
-2.617994	1.574060	2.783565	122	18	19	512.260
2.879793	0.203748	0.590255	11	113	101	512.199
2.094395	0.906588	1.252948	109	19	113	512.174
1.832596	1.506530	1.988858	114	9	11	512.134
-1.308997	2.637879	2.121598	21	11	27	512.097
-1.047198	2.881233	-2.582574	113	31	119	512.074
-1.047198	1.050534	3.042579	126	28	11	512.006
-1.047198	0.674054	1.013609	24	109	120	511.992
0.261799	1.662363	0.915448	15	112	15	511.892
-1.570796	1.374601	-2.456031	117	38	3	511.839
-1.570796	1.809167	1.213774	34	13	13	511.790
-3.141593	1.374601	-2.456031	29	1	117	511.651
-0.523599	1.982574	-1.115518	31	1	24	511.640
-2.356194	1.846342	-1.796954	117	16	19	511.620
0.000000	2.396274	-1.959260	3	37	1	511.510
-0.261799	2.174483	2.653697	30	7	10	511.501
1.047198	1.218453	2.777284	127	17	18	511.478
1.308997	1.875281	0.107086	120	30	4	511.361
0.261799	1.824694	1.850876	116	36	126	511.321
0.261799	1.413430	2.550734	108	7	2	511.297
1.308997	1.606104	-0.451151	122	33	8	511.137
-0.785398	1.869911	2.701025	114	112	122	510.855
-0.523599	1.662363	0.915448	15	102	113	510.712
0.785398	1.448123	-2.163292	108	1	116	510.711
1.832596	0.960688	-0.577532	116	28	4	510.695
2.094395	1.413430	2.550734	113	5	13	510.424
2.617994	1.247695	1.809890	112	111	9	510.409
1.047198	0.571433	-1.188419	121	36	113	510.374
-1.308997	1.554776	0.100351	32	127	20	510.342
0.785398	0.866955	-0.931351	2	126	103	510.328
1.308997	2.637879	2.121598	17	118	108	510.171
1.570796	2.138223	1.678323	11	23	17	510.112
2.879793	1.872854	1.543456	122	122	19	509.947
1.570796	0.496451	0.593859	117	30	122	509.865
-2.879793	1.982574	-1.115518	26	6	18	509.814
-3.141593	2.180315	-1.357379	102	120	15	509.805
2.617994	2.760637	2.781135	126	24	11	509.781
-2.879793	0.418037	1.360082	38	11	19	509.645
-2.879793	1.617114	-1.572037	4	19	12	509.531
-2.356194	1.736875	3.023612	19	11	23	509.468
-2.356194	2.724429	-0.348782	119	114	123	509.458
2.094395	2.396274	-1.959260	112	9	19	509.446
2.356194	1.504028	0.636812	123	25	7	509.445
-1.047198	1.872854	1.543456	29	20	11	509.374
-0.261799	1.846342	-1.796954	12	30	15	509.373
2.879793	2.104282	-0.813972	25	1	23	509.359
1.570796	0.864993	2.278281	106	7	13	509.248
1.308997	2.251330	-2.330739	122	106	121	509.216
-2.617994	0.929350	-2.910676	13	1	95	509.146
0.261799	2.356369	3.005869	116	107	5	508.976
2.094395	1.440580	2.260026	111	8	14	508.885
-2.879793	2.138223	1.678323	32	125	19	508.788
1.308997	1.135834	-1.431087	3	110	113	508.736
-2.617994	1.555207	1.708892	35	120	12	508.727
1.570796	0.379747	-1.713059	17	16	102	508.709
2.879793	0.496451	0.593859	34	4	123	508.635
2.094395	0.615174	-0.666022	14	12	19	508.418
0.000000	1.504028	0.636812	12	109	14	508.416
2.356194	0.370812	-2.547742	27	112	123	508.313
-2.617994	1.824694	1.850876	37	115	5	508.299
-3.141593	1.367556	0.358405	113	110	124	508.262
-1.832596	1.599406	1.426070	38	11	5	508.257
2.617994	2.104282	-0.813972	23	127	25	508.186
0.261799	2.404280	-0.174044	30	4	21	508.143
-0.785398	0.290380	-0.796960	11	31	8	508.126
-2.356194	2.455966	-0.641220	101	2	24	507.962
-0.785398	1.606104	-0.451151	36	3	14	507.921
-1.570796	0.914445	2.687814	99	7	2	507.916
-1.047198	1.506530	1.988858	14	9	24	507.876
-3.141593	0.674054	1.013609	17	25	11	507.746
-2.356194	2.138223	1.678323	107	26	7	507.723
-0.261799	0.615174	-0.666022	1	123	106	507.681
2.617994	1.506530	1.988858	16	23	123	507.645
-1.832596	0.080730	-2.622036	127	16	18	507.577
1.308997	2.404280	-0.174044	26	10	124	507.268
0.785398	2.979456	-1.009304	114	24	122	507.162
1.570796	1.904882	-1.478089	127	113	113	507.099
-1.832596	0.864993	2.278281	12	17	99	506.974
1.047198	2.863997	0.549740	119	31	3	506.768
1.308997	1.413430	2.550734	2	127	24	506.697
-1.047198	0.591903	2.010408	29	10	8	506.637
-1.832596	1.134796	2.434290	21	126	23	506.506
-2.356194	1.696674	-1.253233	117	7	110	506.359
-2.094395	0.864993	2.278281	7	18	97	506.292
1.047198	0.910508	1.903534	2	28	14	506.247
-3.141593	0.615174	-0.666022	127	14	20	506.195
0.785398	1.242974	-2.977882	1	33	1	506.145
0.000000	0.850607	-1.335383	125	127	106	506.118
2.617994	2.478122	2.609777	109	116	11	506.102
0.523599	0.458961	-0.107937	29	1	117	505.862
-1.308997	1.662363	0.915448	117	8	21	505.852
-2.094395	1.869911	2.701025	12	8	25	505.804
-0.785398	0.591903	2.010408	27	15	9	505.760
-0.261799	0.762244	-0.273349	126	27	26	505.729
1.047198	1.812176	0.656819	117	11	20	505.551
1.308997	2.719179	-1.780644	20	6	107	505.532
2.617994	1.367556	0.358405	19	22	10	505.523
1.832596	0.866395	-2.492918	117	117	103	505.515
-0.785398	0.899350	-2.069907	125	30	1	505.402
-2.094395	2.343981	-1.040456	127	25	9	505.324
-0.523599	1.617114	-1.572037	1	33	4	505.301
0.785398	0.640596	-2.797608	0	33	0	505.205
0.261799	1.247695	1.809890	10	14	23	505.123
-0.523599	0.619654	-2.216909	16	119	98	505.042
-1.047198	2.456751	-1.503343	110	125	116	505.026
0.000000	1.658653	-2.409879	108	116	0	504.922
-1.308997	0.992645	-1.723759	116	32	121	504.799
0.261799	1.417623	-0.202254	22	127	30	504.783
1.832596	1.721184	-0.153948	6	22	126	504.703
2.879793	1.870545	-2.976234	105	115	1	504.666
0.000000	2.108018	1.311430	117	36	4	504.597
1.570796	2.247462	0.191623	127	31	123	504.566
1.047198	2.719179	-1.780644	21	2	108	504.545
-0.785398	1.440580	2.260026	126	16	16	504.531
0.261799	0.961715	0.014085	30	2	116	504.512
-0.785398	2.760637	2.781135	107	117	115	504.455
0.000000	1.242974	-2.977882	102	10	1	504.395
-3.141593	1.872854	1.543456	112	22	12	504.348
-1.047198	0.762244	-0.273349	115	2	10	504.177
-2.879793	0.866955	-0.931351	28	120	14	503.937
-1.570796	2.719179	-1.780644	122	1	21	503.874
-0.261799	1.301460	-0.509251	12	1	104	503.853
-2.356194	1.812176	0.656819	19	18	112	503.823
0.785398	0.591903	2.010408	0	30	16	503.802
-2.094395	1.050534	3.042579	97	10	3	503.734
0.261799	1.545873	-1.877082	2	35	114	503.713
-1.832596	2.299159	2.264663	10	31	4	503.664
-2.356194	1.242974	-2.977882	97	11	3	503.567
-2.617994	1.214854	-1.966664	26	7	113	503.465
0.523599	0.906588	1.252948	114	28	8	503.464
2.356194	2.174483	2.653697	23	6	110	503.448
-0.785398	2.637879	2.121598	1	6	100	503.447
-0.785398	0.850607	-1.335383	9	31	3	503.434
-1.047198	2.760637	2.781135	0	37	7	503.287
-0.261799	0.418037	1.360082	31	10	1	503.193
0.000000	1.488617	1.159546	117	35	120	503.135
-1.308997	0.203748	0.590255	124	19	12	503.078
-1.047198	1.433411	-1.035986	35	8	23	502.953
1.047198	2.164094	-2.991358	123	39	127	502.933
2.879793	1.574060	2.783565	10	115	96	502.857
2.356194	1.904882	-1.478089	114	16	23	502.820
1.308997	1.812176	0.656819	19	10	14	502.699
1.832596	0.458961	-0.107937	7	17	12	502.655
2.617994	2.073035	2.027405	121	19	14	502.638
-0.785398	0.370812	-2.547742	8	113	99	502.570
1.570796	1.367556	0.358405	116	18	17	502.558
1.570796	0.370812	-2.547742	15	6	97	502.385
0.523599	1.128190	-2.288622	117	0	112	502.353
1.570796	1.977582	0.969896	7	26	9	502.324
-2.094395	2.588535	-2.976617	113	29	10	502.236
-0.261799	2.180315	-1.357379	32	126	26	502.202
-1.832596	1.998705	2.370472	109	28	9	502.185
0.523599	1.448123	-2.163292	126	20	17	502.100
0.261799	0.615174	-0.666022	9	32	113	502.096
2.094395	2.979456	-1.009304	1	29	22	502.081
-0.261799	0.290380	-0.796960	18	111	21	502.053
-2.094395	2.456751	-1.503343	123	20	17	501.969
2.617994	0.458961	-0.107937	109	28	119	501.941
0.523599	0.370812	-2.547742	126	116	101	501.872
-0.523599	1.325504	-1.671296	127	103	6	501.772
1.308997	1.721184	-0.153948	10	23	126	501.766
-2.617994	2.588535	-2.976617	120	29	10	501.761
1.832596	1.194549	-0.801900	110	34	1	501.760
-1.570796	0.906588	1.252948	127	125	104	501.692
0.000000	1.824694	1.850876	120	36	127	501.687
-2.879793	0.850607	-1.335383	20	8	108	501.674
-2.879793	1.504028	0.636812	14	34	8	501.594
1.047198	0.458961	-0.107937	100	122	124	501.473
1.308997	0.831641	0.616218	110	28	4	501.324
-2.356194	2.164094	-2.991358	18	17	20	501.321
1.570796	0.914445	2.687814	7	122	94	501.299
1.047198	1.732874	-0.951685	119	114	112	501.211
0.261799	1.374601	-2.456031	6	35	3	501.109
-2.617994	1.310100	1.488307	35	110	2	501.096
0.000000	2.592629	0.909713	116	31	13	501.039
1.832596	1.574060	2.783565	18	109	123	501.002
-2.617994	0.674054	1.013609	38	114	120	501.002
2.094395	2.592629	0.909713	123	34	126	500.852
1.308997	1.301460	-0.509251	119	35	7	500.832
2.094395	1.506530	1.988858	3	20	24	500.829
-0.785398	1.325504	-1.671296	125	105	5	500.545
-1.832596	2.108018	1.311430	27	5	26	500.408
2.879793	1.836682	-0.676006	24	125	25	500.301
-1.570796	2.984978	1.954446	107	119	112	500.223
-0.785398	1.554776	0.100351	27	3	27	500.195
-2.879793	1.699788	2.452890	7	26	125	500.078
-3.141593	1.301460	-0.509251	121	7	29	500.066
-2.094395	1.045978	0.343692	36	11	19	499.895
1.832596	0.619654	-2.216909	126	30	13	499.895
1.308997	1.809167	1.213774	117	19	13	499.824
-0.261799	1.872854	1.543456	123	37	127	499.614
-2.617994	0.080730	-2.622036	104	8	13	499.532
2.356194	2.349581	-2.702517	113	29	123	499.508
-0.261799	2.760637	2.781135	116	9	112	499.245
2.094395	1.875281	0.107086	26	17	2	499.215
-3.141593	0.419640	2.974122	109	119	0	499.183
-2.879793	1.766067	2.153843	117	20	16	499.113
2.617994	2.108018	1.311430	117	22	3	499.109
-0.785398	0.906588	1.252948	98	9	6	499.074
-0.523599	2.704512	1.488683	121	25	20	499.053
-0.261799	2.592629	0.909713	33	123	6	499.013
-1.308997	1.367556	0.358405	33	3	18	498.981
-2.617994	1.184361	0.625864	115	103	124	498.944
-1.570796	1.367556	0.358405	15	12	107	498.875
-3.141593	1.391910	3.030322	6	120	94	498.871
-1.570796	0.619654	-2.216909	8	115	99	498.855
-3.141593	2.356369	3.005869	16	5	107	498.795
-1.308997	1.766067	2.153843	4	36	0	498.737
0.523599	0.496451	0.593859	11	5	21	498.655
1.047198	1.025536	1.576859	5	9	21	498.580
1.570796	2.393226	1.857173	19	3	23	498.388
2.356194	0.700570	1.559208	108	115	125	498.365
1.570796	2.404280	-0.174044	24	14	123	498.326
-2.356194	1.555207	1.708892	7	123	22	498.277
-2.879793	2.592629	0.909713	31	16	22	498.273
-1.047198	1.391910	3.030322	124	26	11	498.262
-2.356194	0.929350	-2.910676	105	19	2	498.119
2.617994	2.881233	-2.582574	27	1	16	498.083
-0.523599	2.174483	2.653697	32	127	6	498.018
0.523599	1.554776	0.100351	107	121	121	498.004
1.832596	0.866955	-0.931351	22	17	14	498.000
1.570796	2.073035	2.027405	117	11	17	497.978
-2.356194	1.014500	0.906702	38	14	11	497.902
0.523599	0.080730	-2.622036	1	32	125	497.871
1.832596	2.001437	0.381215	127	28	1	497.805
-1.832596	1.025536	1.576859	0	122	102	497.783
1.570796	1.506530	1.988858	113	11	10	497.599
-0.785398	0.080730	-2.622036	104	31	126	497.592
1.570796	1.325504	-1.671296	3	108	114	497.537
0.785398	1.256302	0.062705	107	118	117	497.465
-0.523599	0.762244	-0.273349	2	30	25	497.276
2.879793	1.433411	-1.035986	113	32	9	497.250
-0.785398	1.998705	2.370472	122	12	16	497.236
-1.570796	1.812176	0.656819	23	12	29	497.212
-0.261799	1.836682	-0.676006	0	34	13	497.145
2.094395	1.658653	-2.409879	122	5	22	497.066
0.785398	1.413347	-1.339188	31	125	124	497.045
-2.879793	1.683268	0.374177	30	8	120	496.958
-0.523599	2.455966	-0.641220	123	17	24	496.862
0.000000	2.251330	-2.330739	1	37	126	496.816
-0.261799	2.041297	-2.664597	8	34	114	496.812
-1.832596	1.617114	-1.572037	108	111	8	496.709
1.308997	0.914445	2.687814	5	121	94	496.661
2.356194	1.413347	-1.339188	13	27	122	496.604
1.570796	2.637879	2.121598	22	127	21	496.588
1.047198	1.683268	0.374177	24	0	13	496.558
-1.308997	1.555207	1.708892	121	93	5	496.384
2.356194	2.299159	2.264663	125	20	16	496.238
-2.617994	1.335669	0.897240	103	7	9	495.978
1.832596	1.696674	-1.253233	116	13	25	495.765
2.617994	1.488617	1.159546	109	113	2	495.650
-2.356194	2.664082	-1.071402	0	29	6	495.648
-2.617994	0.831641	0.616218	115	105	124	495.624
-1.570796	2.724429	-0.348782	126	31	1	495.547
2.617994	2.579248	-2.364801	112	21	18	495.493
-1.047198	2.579248	-2.364801	38	4	10	495.437
-2.094395	2.724429	-0.348782	121	34	15	495.375
1.308997	2.180315	-1.357379	28	2	117	495.339
-0.785398	0.866955	-0.931351	5	23	19	495.236
1.832596	1.440580	2.260026	111	8	13	495.227
-1.308997	1.658653	-2.409879	8	27	1	495.227
-2.356194	0.297065	2.160177	7	14	96	495.184
-1.308997	1.510910	-0.740472	124	103	126	495.154
2.617994	1.134497	-1.109631	114	31	10	494.980
0.261799	0.960688	-0.577532	7	36	120	494.973
2.094395	0.640596	-2.797608	21	110	125	494.859
2.356194	2.456751	-1.503343	5	19	107	494.850
-0.785398	1.135834	-1.431087	125	110	19	494.835
2.617994	1.599406	1.426070	110	114	7	494.818
-2.094395	2.187132	-0.479875	4	28	5	494.785
-1.832596	1.869911	2.701025	9	7	27	494.730
-3.141593	2.001437	0.381215	112	4	27	494.705
0.000000	1.450119	-2.739050	101	8	124	494.637
2.879793	0.700570	1.559208	18	14	13	494.631
1.047198	2.760637	2.781135	114	28	15	494.620
-1.047198	1.766067	2.153843	10	9	25	494.608
1.308997	2.108018	1.311430	17	8	20	494.520
-2.879793	2.587733	0.232235	119	24	111	494.506
-1.308997	2.724429	-0.348782	124	29	6	494.441
-1.570796	1.113094	-0.272241	8	116	106	494.392
1.308997	2.588535	-2.976617	105	118	12	494.389
-1.308997	1.050534	3.042579	5	27	3	494.270
2.617994	1.135813	-2.658866	113	28	3	494.069
1.570796	1.417623	-0.202254	115	30	10	494.027
-3.141593	1.025536	1.576859	20	28	9	494.021
-0.261799	0.910508	1.903534	109	123	11	494.008
-1.047198	1.450119	-2.739050	3	28	0	493.930
-1.308997	1.545873	-1.877082	36	8	127	493.897
1.047198	1.721184	-0.153948	125	27	20	493.775
0.785398	2.108018	1.311430	20	4	18	493.737
1.308997	1.194549	-0.801900	103	124	3	493.737
-2.879793	2.295480	1.008277	38	3	17	493.720
-1.047198	0.733948	3.021411	3	28	1	493.695
-1.832596	0.591903	2.010408	98	17	6	493.629
1.832596	0.961715	0.014085	9	27	7	493.461
-2.879793	1.113094	-0.272241	116	111	118	493.459
-2.356194	1.134796	2.434290	125	29	5	493.441
2.617994	1.766067	2.153843	121	15	16	493.412
2.356194	0.899350	-2.069907	113	117	104	493.280
0.523599	1.510910	-0.740472	117	9	102	493.137
-1.570796	0.929350	-2.910676	7	27	125	493.137
-1.047198	0.618092	2.539118	125	25	3	493.109
1.570796	2.379497	0.561089	30	14	0	493.044
0.000000	0.418037	1.360082	31	13	1	492.882
0.261799	0.571433	-1.188419	19	15	103	492.862
1.570796	1.545873	-1.877082	8	15	105	492.745
0.000000	2.115563	0.685730	114	34	9	492.646
-0.261799	1.721184	-0.153948	27	5	112	492.611
-2.879793	0.379747	-1.713059	119	27	123	492.576
1.570796	0.961715	0.014085	115	26	6	492.492
-2.094395	0.899350	-2.069907	28	121	11	492.487
-0.785398	0.418037	1.360082	29	6	5	492.464
2.094395	1.510910	-0.740472	118	12	29	492.407
2.094395	0.203748	0.590255	107	31	124	492.354
-2.356194	0.379747	-1.713059	13	117	25	492.302
-1.832596	2.180315	-1.357379	126	20	16	492.209
2.879793	1.488617	1.159546	109	111	1	492.192
1.047198	1.569311	-3.003978	113	121	105	492.177
2.617994	2.456751	-1.503343	123	105	119	492.138
2.879793	0.674054	1.013609	14	16	20	492.125
-1.047198	1.574060	2.783565	112	15	22	492.064
1.047198	2.349581	-2.702517	123	38	8	491.970
1.832596	1.554776	0.100351	111	29	3	491.837
1.570796	1.242974	-2.977882	14	108	125	491.771
2.617994	1.569311	-3.003978	115	27	124	491.717
-1.308997	0.929350	-2.910676	13	3	96	491.649
2.094395	2.115563	0.685730	124	30	3	491.629
-0.523599	1.846342	-1.796954	113	24	114	491.583
2.094395	0.379747	-1.713059	113	22	17	491.479
-0.261799	1.904882	-1.478089	125	124	23	491.467
-2.356194	1.658653	-2.409879	28	12	12	491.398
-2.094395	1.606104	-0.451151	8	110	111	491.219
-2.094395	1.134497	-1.109631	115	114	11	491.127
-2.094395	2.089241	-0.114193	21	110	116	491.117
-0.523599	1.135813	-2.658866	12	5	95	490.990
2.094395	1.982574	-1.115518	121	9	29	490.932
1.047198	1.699788	2.452890	6	3	22	490.895
-0.785398	2.478122	2.609777	107	113	120	490.855
-1.308997	2.089241	-0.114193	1	33	5	490.781
0.261799	1.606104	-0.451151	3	35	9	490.719
-0.785398	2.396274	-1.959260	124	99	120	490.667
-2.356194	2.343981	-1.040456	1	27	4	490.625
-1.308997	0.762244	-0.273349	122	114	108	490.609
1.570796	2.724429	-0.348782	113	25	122	490.606
-0.523599	0.297065	2.160177	1	9	20	490.606
-1.308997	0.850607	-1.335383	124	108	6	490.599
-2.879793	1.184361	0.625864	14	31	9	490.559
-1.047198	0.960688	-0.577532	2	25	22	490.540
-3.141593	1.214854	-1.966664	97	125	15	490.481
-0.261799	1.195355	1.200319	32	3	127	490.479
0.261799	1.766067	2.153843	107	5	4	490.444
-1.570796	1.545873	-1.877082	121	1	22	490.434
-3.141593	0.899350	-2.069907	127	116	101	490.359
-2.879793	1.812176	0.656819	119	2	24	490.357
-1.832596	1.488617	1.159546	37	9	10	490.314
0.523599	2.881233	-2.582574	31	4	16	490.280
1.570796	1.869911	2.701025	15	127	28	490.161
-2.617994	1.413430	2.550734	103	21	125	490.065
-1.308997	2.104282	-0.813972	123	101	125	490.013
1.832596	0.370812	-2.547742	13	7	96	490.008
0.261799	2.180315	-1.357379	5	29	18	489.973
-2.094395	0.910508	1.903534	114	117	119	489.775
-1.308997	1.732874	-0.951685	124	103	124	489.768
2.356194	2.247462	0.191623	118	25	125	489.762
0.000000	2.187132	-0.479875	0	26	111	489.759
1.570796	1.824694	1.850876	10	0	25	489.714
2.879793	0.618092	2.539118	21	122	99	489.706
1.570796	1.982574	-1.115518	9	18	114	489.637
-1.832596	2.349581	-2.702517	117	107	111	489.587
-2.094395	1.367556	0.358405	105	122	122	489.460
1.570796	0.458961	-0.107937	12	12	21	489.365
-3.141593	1.555207	1.708892	14	23	125	489.324
-2.356194	0.700570	1.559208	2	20	16	489.199
-1.832596	1.045978	0.343692	107	20	7	489.194
1.047198	2.180315	-1.357379	114	113	112	489.165
-0.523599	2.033014	2.977192	5	36	118	489.079
-1.308997	1.134497	-1.109631	122	17	105	489.061
2.356194	0.762244	-0.273349	1	29	9	488.961
0.523599	1.168678	2.108595	124	120	21	488.950
1.832596	2.073035	2.027405	120	10	14	488.931
-0.785398	1.909857	-0.381669	98	6	2	488.904
-2.356194	0.733948	3.021411	11	6	95	488.880
-2.879793	1.325504	-1.671296	4	15	14	488.857
-2.879793	0.762244	-0.273349	106	115	0	488.844
1.047198	1.870545	-2.976234	119	40	127	488.818
0.523599	1.683268	0.374177	116	121	115	488.791
-3.141593	1.606104	-0.451151	29	125	21	488.689
2.617994	2.299159	2.264663	114	118	14	488.537
-2.356194	2.041297	-2.664597	3	107	99	488.521
-2.094395	1.756530	-2.105156	125	105	107	488.517
2.617994	0.866955	-0.931351	120	22	112	488.467
-2.617994	1.168678	2.108595	37	7	1	488.432
1.570796	2.089241	-0.114193	124	8	29	488.305
-1.570796	0.864993	2.278281	4	22	12	488.227
-2.617994	2.104282	-0.813972	107	4	120	488.085
-3.141593	0.709924	0.218797	11	107	107	488.036
2.617994	1.824694	1.850876	118	17	14	487.946
2.094395	0.866395	-2.492918	26	5	124	487.851
1.047198	2.984978	1.954446	101	122	18	487.753
-0.523599	2.396274	-1.959260	115	26	120	487.663
2.617994	2.664082	-1.071402	124	42	5	487.631
0.000000	1.413347	-1.339188	8	6	27	487.535
-3.141593	1.869911	2.701025	25	122	19	487.475
1.570796	0.297065	2.160177	109	116	125	487.468
0.785398	1.869911	2.701025	8	3	24	487.447
-3.141593	1.194549	-0.801900	1	5	102	487.391
-0.523599	1.599406	1.426070	8	7	100	487.374
-1.570796	1.872854	1.543456	11	4	101	487.320
0.523599	1.662363	0.915448	116	18	18	487.312
-2.617994	1.417623	-0.202254	0	27	22	487.309
-2.879793	0.929350	-2.910676	8	126	94	487.022
0.261799	1.872854	1.543456	114	36	126	486.983
0.000000	1.301460	-0.509251	16	126	103	486.959
-2.879793	1.335669	0.897240	113	104	0	486.924
-2.094395	2.115563	0.685730	127	32	18	486.921
2.617994	2.115563	0.685730	22	24	123	486.914
2.617994	0.733948	3.021411	16	0	96	486.828
-2.617994	2.979456	-1.009304	115	6	24	486.818
-1.308997	1.413347	-1.339188	114	107	9	486.808
-1.308997	2.863997	0.549740	120	109	123	486.766
-2.617994	0.733948	3.021411	12	5	95	486.725
2.094395	0.370812	-2.547742	15	11	98	486.576
-2.356194	2.174483	2.653697	111	27	16	486.572
2.617994	0.674054	1.013609	108	115	125	486.535
0.261799	2.299159	2.264663	105	127	114	486.517
1.047198	1.374601	-2.456031	108	125	117	486.469
1.308997	1.982574	-1.115518	115	112	115	486.459
-2.094395	0.992645	-1.723759	26	123	19	486.432
-1.047198	2.393226	1.857173	124	6	101	486.405
-2.094395	1.736875	3.023612	16	11	24	486.350
1.832596	2.760637	2.781135	15	119	108	486.325
-3.141593	1.417623	-0.202254	114	111	120	486.248
-2.094395	1.247695	1.809890	7	121	100	486.116
-0.523599	1.195355	1.200319	13	127	103	486.115
-2.879793	0.458961	-0.107937	103	7	10	486.019
2.617994	0.615174	-0.666022	117	27	117	486.002
2.879793	1.904882	-1.478089	114	27	19	485.923
-2.617994	1.450119	-2.739050	28	4	15	485.722
0.261799	1.699788	2.452890	26	18	120	485.638
0.000000	1.214854	-1.966664	19	7	24	485.606
2.094395	0.899350	-2.069907	15	103	18	485.474
1.308997	1.699788	2.452890	104	118	0	485.423
-2.094395	0.496451	0.593859	16	127	101	485.322
-2.356194	1.574060	2.783565	17	7	25	485.314
-2.879793	1.135834	-1.431087	23	7	107	485.286
-0.261799	1.134497	-1.109631	5	127	105	485.268
-1.308997	2.251330	-2.330739	118	101	118	485.145
-1.832596	1.683268	0.374177	35	124	13	484.995
-3.141593	1.256302	0.062705	113	111	120	484.977
-1.570796	2.407836	1.410646	126	42	4	484.949
1.308997	0.418037	1.360082	94	127	118	484.937
-3.141593	1.977582	0.969896	120	2	23	484.903
-0.785398	1.134796	2.434290	1	21	15	484.855
1.047198	1.450119	-2.739050	113	121	105	484.825
-0.785398	1.904882	-1.478089	34	124	22	484.812
0.523599	1.433411	-1.035986	125	39	0	484.761
1.570796	0.685216	-1.712745	28	1	120	484.757
2.094395	0.458961	-0.107937	107	117	18	484.737
0.523599	0.619654	-2.216909	19	5	22	484.708
0.261799	1.448123	-2.163292	0	24	15	484.662
1.308997	2.664082	-1.071402	8	32	19	484.600
-2.879793	2.033014	2.977192	123	24	16	484.541
-2.879793	0.419640	2.974122	114	35	6	484.466
-2.356194	0.458961	-0.107937	114	111	121	484.459
1.832596	0.864993	2.278281	104	6	11	484.380
0.523599	1.194549	-0.801900	117	40	0	484.375
-2.356194	0.618092	2.539118	118	125	11	484.349
-2.617994	2.138223	1.678323	34	122	16	484.151
1.570796	2.579248	-2.364801	104	123	9	484.145
-2.094395	2.247462	0.191623	11	4	34	484.118
2.879793	2.251330	-2.330739	33	4	12	484.036
-2.879793	0.619654	-2.216909	5	122	96	484.035
0.785398	1.766067	2.153843	104	126	3	484.010
1.308997	2.115563	0.685730	13	35	120	483.895
-2.094395	2.299159	2.264663	108	28	9	483.721
2.356194	2.881233	-2.582574	1	31	2	483.711
0.000000	1.662363	0.915448	106	6	16	483.704
2.617994	2.295480	1.008277	116	24	2	483.667
1.570796	0.929350	-2.910676	26	112	125	483.667
-2.094395	1.335669	0.897240	7	127	103	483.657
0.000000	2.295480	1.008277	115	34	10	483.656
2.094395	1.256302	0.062705	4	29	2	483.578
2.094395	1.194549	-0.801900	13	124	104	483.568
2.094395	1.555207	1.708892	123	108	103	483.517
-1.832596	0.831641	0.616218	18	3	102	483.491
-2.617994	0.419640	2.974122	6	14	97	483.453
-3.141593	0.929350	-2.910676	114	36	126	483.373
0.000000	1.699788	2.452890	120	108	5	483.320
-0.261799	0.929350	-2.910676	0	27	8	483.312
0.000000	1.325504	-1.671296	14	7	26	483.215
0.523599	2.180315	-1.357379	117	19	109	482.997
1.308997	2.407836	1.410646	0	27	11	482.996
2.617994	2.396274	-1.959260	112	5	20	482.974
-1.047198	2.396274	-1.959260	120	100	120	482.913
0.785398	1.683268	0.374177	23	126	13	482.906
0.000000	1.417623	-0.202254	26	3	111	482.827
-2.356194	0.290380	-0.796960	17	13	109	482.802
1.047198	1.982574	-1.115518	116	114	114	482.755
-1.570796	1.413347	-1.339188	113	110	13	482.675
-2.617994	1.391910	3.030322	9	112	97	482.636
1.570796	1.448123	-2.163292	10	9	101	482.573
1.570796	1.617114	-1.572037	1	110	115	482.538
-1.308997	0.961715	0.014085	7	111	107	482.439
-1.832596	1.948085	-2.363031	19	121	102	482.388
-0.785398	1.025536	1.576859	2	38	124	482.365
-1.570796	2.164094	-2.991358	114	5	17	482.183
1.570796	1.374601	-2.456031	109	119	108	482.176
2.094395	1.128190	-2.288622	111	114	106	482.065
-2.356194	1.732874	-0.951685	117	109	124	482.048
0.261799	1.135834	-1.431087	8	115	105	481.934
-0.261799	1.450119	-2.739050	34	6	10	481.918
-0.261799	1.545873	-1.877082	16	115	23	481.889
1.308997	1.909857	-0.381669	100	19	117	481.873
-0.523599	0.961715	0.014085	114	6	21	481.868
-1.047198	0.379747	-1.713059	106	5	15	481.855
2.094395	1.135813	-2.658866	25	111	122	481.818
1.570796	0.080730	-2.622036	5	19	19	481.660
0.261799	1.194549	-0.801900	15	124	104	481.558
2.879793	1.766067	2.153843	119	13	16	481.556
-0.785398	1.721184	-0.153948	20	19	29	481.508
-1.308997	2.138223	1.678323	126	37	9	481.393
-1.308997	1.413430	2.550734	18	0	24	481.386
-1.308997	0.685216	-1.712745	20	109	104	481.363
2.879793	1.325504	-1.671296	19	0	105	481.296
0.785398	1.247695	1.809890	7	9	22	481.221
0.000000	1.025536	1.576859	117	28	11	481.210
-2.617994	1.134796	2.434290	34	11	120	481.207
2.879793	1.413430	2.550734	16	117	96	481.182
1.832596	1.242974	-2.977882	21	116	116	481.103
-0.261799	1.658653	-2.409879	2	109	111	481.099
0.785398	1.606104	-0.451151	24	20	14	481.028
1.047198	1.242974	-2.977882	107	2	0	480.929
-0.261799	1.555207	1.708892	123	36	123	480.870
1.832596	1.683268	0.374177	4	26	3	480.867
0.000000	0.864993	2.278281	107	7	6	480.815
-2.617994	1.433411	-1.035986	16	15	23	480.761
1.047198	2.041297	-2.664597	120	105	125	480.750
0.000000	0.960688	-0.577532	6	124	103	480.747
1.047198	0.709924	0.218797	13	9	13	480.721
-1.832596	1.242974	-2.977882	24	18	15	480.707
-2.617994	1.504028	0.636812	106	20	7	480.697
1.308997	1.440580	2.260026	4	1	23	480.662
-1.570796	1.448123	-2.163292	113	109	126	480.632
2.617994	0.700570	1.559208	123	29	9	480.570
-2.356194	2.379497	0.561089	0	16	28	480.502
-0.261799	2.104282	-0.813972	24	3	113	480.464
1.832596	1.113094	-0.272241	24	6	19	480.430
-0.261799	0.674054	1.013609	31	3	123	480.154
1.308997	0.379747	-1.713059	15	15	101	480.131
-1.308997	2.664082	-1.071402	123	14	24	480.125
2.094395	0.290380	-0.796960	119	30	120	480.109
0.785398	1.569311	-3.003978	124	38	126	480.071
-1.047198	1.134497	-1.109631	121	114	17	480.071
-0.523599	0.700570	1.559208	30	8	4	479.828
1.832596	1.247695	1.809890	109	12	13	479.775
2.617994	1.391910	3.030322	27	121	0	479.747
-1.832596	0.297065	2.160177	99	15	11	479.671
2.094395	2.719179	-1.780644	122	43	126	479.646
-0.261799	2.063651	-2.044600	18	110	22	479.591
-1.047198	2.356369	3.005869	6	35	127	479.571
2.617994	1.574060	2.783565	115	3	16	479.493
1.570796	0.615174	-0.666022	101	122	1	479.408
1.832596	2.587733	0.232235	118	28	123	479.405
-0.785398	2.579248	-2.364801	112	29	126	479.311
-0.785398	1.736875	3.023612	10	98	124	479.268
0.261799	0.458961	-0.107937	117	39	119	479.218
1.832596	1.510910	-0.740472	10	21	121	479.145
2.617994	1.836682	-0.676006	23	121	24	479.118
-0.523599	0.618092	2.539118	121	30	3	479.090
2.094395	1.168678	2.108595	108	8	13	478.962
-0.785398	2.455966	-0.641220	122	16	25	478.960
-2.094395	2.063651	-2.044600	121	11	17	478.948
0.000000	0.615174	-0.666022	26	110	13	478.852
0.261799	1.134497	-1.109631	2	0	104	478.849
0.000000	1.374601	-2.456031	107	117	4	478.800
1.308997	2.343981	-1.040456	114	116	112	478.798
1.047198	1.809167	1.213774	16	10	18	478.720
1.832596	2.104282	-0.813972	3	21	114	478.680
0.523599	2.407836	1.410646	121	97	6	478.592
-1.570796	2.863997	0.549740	119	113	123	478.553
2.617994	2.174483	2.653697	24	124	19	478.541
-1.047198	1.325504	-1.671296	120	102	5	478.526
-2.356194	0.850607	-1.335383	27	120	17	478.525
0.000000	1.736875	3.023612	114	114	8	478.506
2.356194	0.618092	2.539118	19	113	101	478.414
1.832596	2.115563	0.685730	120	25	9	478.402
-1.308997	2.393226	1.857173	125	36	11	478.285
0.261799	1.554776	0.100351	6	31	20	478.152
1.570796	1.809167	1.213774	113	0	20	478.115
0.261799	1.050534	3.042579	6	30	116	478.039
-1.047198	1.909857	-0.381669	117	0	118	478.017
-0.261799	0.864993	2.278281	106	7	5	477.909
-2.094395	0.906588	1.252948	35	0	14	477.868
-0.261799	0.700570	1.559208	106	15	10	477.855
-0.523599	1.433411	-1.035986	2	4	102	477.804
-2.094395	0.709924	0.218797	116	104	120	477.706
-0.261799	2.455966	-0.641220	33	0	18	477.474
-1.308997	1.872854	1.543456	10	6	101	477.439
-0.261799	0.379747	-1.713059	17	15	19	477.408
2.617994	1.904882	-1.478089	16	20	20	477.303
-1.308997	2.164094	-2.991358	12	31	0	477.289
-2.356194	1.510910	-0.740472	123	108	116	477.260
-1.570796	2.089241	-0.114193	24	113	116	477.226
-1.570796	2.033014	2.977192	111	31	10	477.185
0.523599	0.571433	-1.188419	127	17	21	477.181
-0.785398	1.809167	1.213774	117	104	1	477.179
1.047198	2.579248	-2.364801	116	106	125	477.144
-2.356194	1.875281	0.107086	29	15	124	476.986
0.261799	2.760637	2.781135	120	103	7	476.970
2.356194	1.554776	0.100351	31	114	124	476.936
-2.094395	2.455966	-0.641220	2	29	3	476.895
2.356194	0.297065	2.160177	20	114	101	476.890
0.000000	1.869911	2.701025	117	107	1	476.857
2.879793	0.290380	-0.796960	106	19	9	476.821
1.047198	1.904882	-1.478089	118	111	117	476.787
2.617994	2.153910	-1.714959	126	105	115	476.762
0.000000	2.343981	-1.040456	111	30	123	476.617
1.047198	1.909857	-0.381669	108	122	12	476.490
-2.617994	1.440580	2.260026	12	118	21	476.453
1.570796	1.766067	2.153843	11	7	27	476.421
0.523599	1.242974	-2.977882	3	35	122	476.417
-2.094395	2.984978	1.954446	109	21	127	476.409
0.261799	2.881233	-2.582574	111	114	110	476.366
-2.356194	1.413430	2.550734	18	118	94	476.356
2.094395	1.721184	-0.153948	30	116	127	476.169
