128	1.2	0
-2.094395	1.870545	-2.976234
-1.643150	0.480551	-2.766642
../1stm_monomer_m.pdb	-17.901	7.594	-65.024
../1stm_monomer_m.pdb	7.580	64.357	39.635
1.047198	1.413430	2.550734	4	104	123	1181.047
1.308997	1.824694	1.850876	114	107	4	1157.685
-1.832596	2.180315	-1.357379	1	110	109	1144.840
2.617994	2.719179	-1.780644	6	111	8	1123.894
2.617994	1.658653	-2.409879	124	17	124	1120.828
-2.094395	2.863997	0.549740	2	119	16	1117.280
2.617994	1.617114	-1.572037	116	111	119	1117.255
-2.879793	2.247462	0.191623	1	112	10	1108.147
-1.832596	2.153910	-1.714959	127	116	106	1079.819
-2.617994	2.863997	0.549740	2	122	16	1068.604
-2.879793	1.683268	0.374177	4	108	2	1065.561
-1.047198	0.910508	1.903534	109	15	5	1063.487
1.047198	1.875281	0.107086	116	20	3	1060.955
2.617994	1.433411	-1.035986	114	116	114	1059.500
0.523599	0.290380	-0.796960	0	0	109	1058.594
-3.141593	1.875281	0.107086	105	12	13	1047.642
-1.308997	0.419640	2.974122	2	118	6	1047.533
-2.879793	1.195355	1.200319	0	108	126	1042.970
1.047198	1.824694	1.850876	111	109	2	1036.725
2.617994	1.904882	-1.478089	106	10	125	1030.973
-2.879793	1.335669	0.897240	126	107	3	1030.184
0.523599	1.413430	2.550734	106	10	7	1022.233
2.879793	0.866395	-2.492918	10	113	114	1020.500
0.785398	2.104282	-0.813972	114	18	1	1020.489
-0.523599	1.506530	1.988858	115	119	120	1019.686
-2.356194	2.587733	0.232235	102	9	125	1016.034
1.308997	0.203748	0.590255	4	118	8	1013.406
0.785398	1.413430	2.550734	0	104	124	1011.994
-1.832596	2.592629	0.909713	104	11	2	1007.078
1.047198	1.168678	2.108595	106	8	0	1006.438
1.308997	2.393226	1.857173	116	107	2	1006.089
1.047198	0.615174	-0.666022	126	9	108	1005.942
1.047198	1.440580	2.260026	4	105	126	1005.744
-2.879793	1.134796	2.434290	9	110	0	1005.697
-0.261799	0.458961	-0.107937	3	1	110	1004.425
-1.047198	1.247695	1.809890	109	15	9	1003.932
-0.523599	1.683268	0.374177	28	10	0	996.577
-2.879793	1.812176	0.656819	123	109	10	994.978
1.047198	1.872854	1.543456	112	110	5	992.521
0.000000	2.089241	-0.114193	21	15	4	990.678
2.879793	1.050534	3.042579	6	108	121	990.678
-2.094395	2.153910	-1.714959	1	115	106	990.086
2.094395	0.290380	-0.796960	116	20	10	988.357
-0.785398	0.080730	-2.622036	103	13	10	988.096
-1.047198	1.025536	1.576859	116	19	8	987.887
-2.879793	1.168678	2.108595	9	109	1	987.713
2.356194	1.413347	-1.339188	109	16	123	987.037
-2.617994	1.554776	0.100351	120	105	1	986.939
0.523599	1.574060	2.783565	106	10	7	986.302
1.047198	1.555207	1.708892	16	106	3	984.723
0.785398	1.699788	2.452890	0	105	119	984.579
-1.308997	1.846342	-1.796954	2	112	110	984.114
0.785398	1.440580	2.260026	0	104	126	984.070
0.261799	2.724429	-0.348782	119	13	113	983.555
-1.570796	1.948085	-2.363031	125	122	105	983.181
-2.879793	0.370812	-2.547742	115	19	3	979.831
2.356194	0.591903	2.010408	18	8	2	979.654
-0.261799	2.180315	-1.357379	10	112	125	978.476
-1.308997	2.063651	-2.044600	122	115	109	977.689
-1.308997	1.214854	-1.966664	2	110	113	977.410
2.879793	0.733948	3.021411	120	12	6	977.320
2.617994	0.379747	-1.713059	112	18	120	974.179
2.617994	1.113094	-0.272241	121	117	115	971.940
1.047198	1.574060	2.783565	4	104	119	971.451
-0.261799	1.247695	1.809890	117	117	123	971.366
2.356194	1.184361	0.625864	119	23	20	970.752
0.000000	0.733948	3.021411	108	110	0	970.436
1.047198	1.998705	2.370472	4	113	111	967.639
1.047198	1.506530	1.988858	16	105	2	967.082
2.879793	0.419640	2.974122	11	115	112	966.709
2.617994	2.704512	1.488683	0	123	115	963.590
-2.617994	2.579248	-2.364801	6	116	108	963.503
1.570796	0.571433	-1.188419	120	3	107	962.977
2.879793	1.135813	-2.658866	10	110	117	962.127
-2.094395	1.683268	0.374177	2	105	7	960.830
-3.141593	1.683268	0.374177	116	111	0	960.611
2.879793	2.704512	1.488683	0	123	115	960.021
-2.879793	1.504028	0.636812	123	107	7	957.920
1.308997	2.863997	0.549740	118	16	117	957.613
0.785398	1.574060	2.783565	0	104	118	957.430
-2.617994	2.379497	0.561089	2	114	13	955.643
2.617994	0.866395	-2.492918	127	116	107	955.232
-2.879793	2.587733	0.232235	0	115	13	954.858
-2.356194	2.863997	0.549740	2	122	17	952.826
-2.879793	1.184361	0.625864	123	106	127	952.578
1.047198	1.050534	3.042579	108	7	125	952.031
-1.570796	2.379497	0.561089	107	7	6	951.845
-1.832596	0.080730	-2.622036	1	119	7	951.148
-2.617994	2.587733	0.232235	1	115	15	950.763
2.356194	0.418037	1.360082	118	0	112	950.449
2.879793	1.875281	0.107086	109	113	8	948.570
-2.879793	1.554776	0.100351	124	107	0	947.983
-1.047198	0.203748	0.590255	3	126	109	947.450
0.785398	0.496451	0.593859	12	4	110	946.565
2.617994	1.325504	-1.671296	107	11	122	946.545
2.879793	0.370812	-2.547742	1	121	109	945.290
-0.785398	0.618092	2.539118	124	115	5	945.202
1.570796	0.290380	-0.796960	126	125	110	944.974
-0.523599	1.909857	-0.381669	15	110	8	944.895
-3.141593	0.929350	-2.910676	12	112	117	944.764
0.261799	0.419640	2.974122	124	109	116	944.557
0.785398	2.592629	0.909713	20	107	123	944.025
-1.308997	2.456751	-1.503343	7	111	111	943.515
0.523599	2.404280	-0.174044	119	17	3	943.464
-0.523599	1.504028	0.636812	28	10	0	943.114
1.047198	1.909857	-0.381669	113	19	127	942.916
0.000000	1.658653	-2.409879	118	21	120	942.909
-1.570796	2.592629	0.909713	104	9	4	942.025
-2.879793	2.033014	2.977192	1	5	108	941.996
2.879793	0.080730	-2.622036	2	125	109	941.728
0.523599	1.736875	3.023612	107	10	7	940.007
2.356194	0.960688	-0.577532	109	20	5	939.919
2.617994	1.545873	-1.877082	119	110	120	939.380
1.832596	0.379747	-1.713059	124	1	106	938.419
2.617994	1.135834	-1.431087	108	15	124	938.239
-0.523599	0.640596	-2.797608	121	113	111	937.991
2.879793	2.456751	-1.503343	6	110	6	937.797
1.832596	1.134796	2.434290	4	103	8	936.529
-1.308997	0.910508	1.903534	112	17	6	935.277
0.785398	1.982574	-1.115518	113	18	125	933.229
2.879793	2.174483	2.653697	18	115	13	933.199
-2.094395	0.618092	2.539118	116	16	127	932.081
2.617994	1.417623	-0.202254	121	116	118	929.913
-1.047198	0.496451	0.593859	4	0	110	929.843
2.617994	0.571433	-1.188419	113	21	2	928.766
1.047198	1.374601	-2.456031	18	98	124	928.645
0.000000	2.587733	0.232235	20	9	13	928.533
-0.523599	1.555207	1.708892	114	120	120	928.380
-1.570796	2.251330	-2.330739	124	121	106	927.001
2.094395	1.135813	-2.658866	5	108	113	926.818
2.356194	0.379747	-1.713059	126	122	110	926.521
1.047198	2.587733	0.232235	121	14	114	924.363
-1.570796	2.115563	0.685730	108	8	8	924.355
0.523599	0.496451	0.593859	13	3	110	922.943
-1.308997	1.904882	-1.478089	3	109	111	921.955
-2.356194	0.419640	2.974122	115	18	12	921.373
-3.141593	0.733948	3.021411	13	113	114	921.359
-1.047198	1.214854	-1.966664	3	108	121	920.990
-1.047198	0.700570	1.559208	112	15	7	920.595
-1.047198	1.732874	-0.951685	11	104	121	920.381
2.617994	1.732874	-0.951685	103	13	122	920.186
-2.879793	1.766067	2.153843	23	20	123	919.973
2.617994	2.001437	0.381215	108	22	1	919.166
2.356194	1.135813	-2.658866	7	110	111	918.578
2.879793	0.929350	-2.910676	10	111	116	917.168
0.000000	2.404280	-0.174044	21	15	6	917.092
-3.141593	2.187132	-0.479875	109	15	5	916.869
0.261799	1.982574	-1.115518	14	114	0	916.513
-2.617994	1.812176	0.656819	13	109	8	916.399
-2.879793	0.850607	-1.335383	5	3	12	915.783
-1.308997	0.700570	1.559208	112	9	21	915.322
-2.879793	1.025536	1.576859	0	109	123	915.236
-3.141593	1.050534	3.042579	12	110	119	915.197
1.047198	0.864993	2.278281	0	105	8	914.994
-0.785398	2.979456	-1.009304	117	13	121	914.762
2.356194	2.187132	-0.479875	102	15	2	913.798
-3.141593	1.218453	2.777284	6	109	127	913.772
0.261799	0.290380	-0.796960	127	0	108	913.411
-1.832596	0.379747	-1.713059	102	17	13	912.450
0.523599	1.218453	2.777284	102	7	0	912.406
2.617994	1.696674	-1.253233	111	112	123	912.339
1.832596	0.709924	0.218797	116	8	111	911.732
2.617994	1.448123	-2.163292	121	109	122	911.640
1.047198	1.766067	2.153843	5	105	122	911.570
-1.308997	1.809167	1.213774	107	9	9	911.173
1.047198	1.218453	2.777284	107	7	127	910.922
-1.047198	0.899350	-2.069907	127	111	111	910.917
-2.094395	2.719179	-1.780644	6	112	111	910.675
0.261799	2.247462	0.191623	20	15	9	910.674
2.879793	0.640596	-2.797608	11	115	112	908.988
0.523599	1.982574	-1.115518	116	18	125	908.653
-1.570796	2.637879	2.121598	107	17	9	908.251
0.000000	2.343981	-1.040456	12	113	125	908.130
2.356194	0.685216	-1.712745	108	12	124	907.467
2.356194	0.866395	-2.492918	7	115	108	906.291
0.261799	1.658653	-2.409879	111	16	123	906.283
-1.047198	1.904882	-1.478089	0	107	116	905.482
0.261799	0.929350	-2.910676	107	7	113	905.134
1.832596	0.906588	1.252948	12	117	19	904.840
2.356194	1.135834	-1.431087	105	12	123	903.744
-3.141593	2.455966	-0.641220	108	14	1	903.738
2.617994	1.413347	-1.339188	115	113	117	903.476
-2.094395	2.396274	-1.959260	3	117	105	902.958
-2.094395	2.180315	-1.357379	126	110	109	902.840
-2.356194	2.704512	1.488683	110	19	12	902.505
0.785398	2.247462	0.191623	122	19	9	900.758
-2.879793	1.413430	2.550734	10	110	3	900.613
-0.261799	0.640596	-2.797608	123	112	111	899.989
-1.570796	2.295480	1.008277	106	10	8	899.857
-1.047198	1.870545	-2.976234	100	13	2	899.227
2.356194	2.984978	1.954446	118	16	122	899.109
2.617994	0.709924	0.218797	4	124	18	899.097
1.570796	2.863997	0.549740	114	16	115	898.855
-0.261799	0.297065	2.160177	1	116	5	898.434
0.785398	1.555207	1.708892	110	111	5	898.352
0.785398	0.458961	-0.107937	127	0	110	898.319
-3.141593	2.404280	-0.174044	127	113	11	897.843
-1.570796	1.194549	-0.801900	29	124	116	897.629
1.308997	1.417623	-0.202254	111	17	121	897.491
2.356194	0.850607	-1.335383	119	122	107	897.250
1.308997	0.571433	-1.188419	121	2	107	897.150
2.879793	2.104282	-0.813972	110	16	1	896.156
0.523599	1.721184	-0.153948	24	109	3	896.049
-0.261799	1.168678	2.108595	117	116	122	895.853
-1.047198	2.343981	-1.040456	6	107	115	895.484
-2.879793	1.875281	0.107086	4	108	2	895.320
0.261799	1.448123	-2.163292	117	18	119	895.152
0.000000	1.982574	-1.115518	12	112	0	894.586
-1.047198	0.418037	1.360082	116	12	17	894.402
2.617994	1.050534	3.042579	124	109	121	894.081
-3.141593	2.984978	1.954446	126	121	115	893.453
-3.141593	1.721184	-0.153948	122	108	127	893.089
2.879793	1.721184	-0.153948	107	114	126	892.176
1.047198	2.407836	1.410646	4	106	0	890.777
-0.523599	0.458961	-0.107937	2	1	109	890.738
2.356194	2.404280	-0.174044	104	17	0	890.418
-1.047198	1.128190	-2.288622	0	109	122	889.837
-2.879793	2.724429	-0.348782	127	114	13	889.528
1.308997	2.073035	2.027405	115	106	2	889.423
-1.308997	1.448123	-2.163292	127	113	111	888.934
1.308997	1.391910	3.030322	4	103	119	887.951
-3.141593	1.554776	0.100351	1	108	127	887.853
0.523599	2.587733	0.232235	120	12	14	887.769
0.523599	1.391910	3.030322	109	13	0	887.717
2.879793	0.496451	0.593859	2	117	19	887.417
-1.308997	2.407836	1.410646	105	11	3	887.398
-2.094395	1.301460	-0.509251	0	104	117	887.312
-0.261799	2.456751	-1.503343	10	114	122	887.277
-3.141593	0.914445	2.687814	7	110	121	886.904
0.261799	0.418037	1.360082	13	3	110	886.683
1.047198	0.914445	2.687814	107	6	122	886.247
-2.094395	2.041297	-2.664597	119	3	105	886.066
-1.308997	1.555207	1.708892	110	15	11	885.961
-1.570796	2.396274	-1.959260	7	114	109	885.530
-1.047198	0.619654	-2.216909	108	111	124	885.393
-1.570796	1.904882	-1.478089	2	113	107	884.813
0.523599	1.732874	-0.951685	117	17	122	884.160
-2.879793	1.367556	0.358405	4	107	126	883.565
-2.879793	0.709924	0.218797	121	111	115	883.010
0.523599	2.104282	-0.813972	15	116	0	882.446
1.047198	1.134796	2.434290	107	8	126	882.361
0.785398	0.615174	-0.666022	0	8	107	880.277
2.879793	1.025536	1.576859	11	111	16	880.200
-3.141593	0.618092	2.539118	9	110	118	880.078
0.523599	1.242974	-2.977882	111	13	127	880.051
2.879793	0.379747	-1.713059	116	22	6	879.906
-1.308997	1.599406	1.426070	107	10	9	879.876
-3.141593	0.370812	-2.547742	1	120	110	879.461
-2.356194	2.592629	0.909713	3	117	15	879.366
-1.047198	0.992645	-1.723759	121	106	2	878.789
2.356194	1.440580	2.260026	11	107	11	878.726
2.617994	0.591903	2.010408	18	9	1	878.471
2.094395	2.247462	0.191623	111	19	11	878.354
2.617994	2.153910	-1.714959	4	110	3	877.319
-1.308997	2.153910	-1.714959	4	113	107	876.905
-1.308997	1.617114	-1.572037	122	108	119	876.797
-1.308997	0.496451	0.593859	5	126	110	876.432
-0.261799	2.404280	-0.174044	22	10	11	876.357
-1.047198	2.664082	-1.071402	9	109	113	875.859
-2.356194	2.247462	0.191623	125	107	8	875.621
-3.141593	0.080730	-2.622036	1	125	109	874.868
-2.617994	1.555207	1.708892	11	110	5	874.734
0.261799	0.615174	-0.666022	0	2	108	874.681
0.785398	2.379497	0.561089	118	12	14	874.545
0.785398	1.218453	2.777284	1	105	121	874.324
2.356194	1.617114	-1.572037	109	14	123	874.315
2.094395	0.866955	-0.931351	116	124	110	874.120
0.261799	1.135813	-2.658866	117	17	117	874.035
1.308997	1.699788	2.452890	8	103	124	873.975
2.094395	2.984978	1.954446	121	16	122	873.854
0.523599	0.418037	1.360082	5	115	7	873.851
1.308997	1.721184	-0.153948	112	20	0	873.704
0.261799	2.863997	0.549740	16	106	117	873.031
-1.047198	1.812176	0.656819	2	98	121	872.854
2.356194	1.367556	0.358405	120	27	14	872.486
-1.308997	2.343981	-1.040456	2	106	115	872.395
-3.141593	0.961715	0.014085	121	115	114	871.900
-3.141593	2.863997	0.549740	107	18	6	871.406
-1.047198	1.736875	3.023612	107	19	4	871.359
-2.094395	0.419640	2.974122	113	18	2	871.108
-2.879793	1.662363	0.915448	125	108	9	871.057
-0.261799	1.721184	-0.153948	17	116	13	870.994
-0.261799	0.591903	2.010408	123	115	2	870.904
0.785398	2.089241	-0.114193	112	12	14	870.800
-0.523599	1.134796	2.434290	111	18	12	870.758
-1.570796	2.153910	-1.714959	1	114	106	870.697
-1.308997	1.134497	-1.109631	30	124	114	870.401
2.617994	2.033014	2.977192	6	2	108	870.114
0.261799	1.736875	3.023612	108	13	7	869.179
-3.141593	1.256302	0.062705	115	110	122	869.083
2.094395	2.592629	0.909713	1	122	118	869.012
-0.785398	1.904882	-1.478089	18	16	121	868.895
1.308997	1.766067	2.153843	9	103	9	868.822
-3.141593	2.407836	1.410646	108	24	123	868.364
1.047198	2.033014	2.977192	125	113	108	867.978
-0.261799	1.875281	0.107086	14	108	9	867.312
0.785398	1.732874	-0.951685	114	18	123	867.230
-1.308997	1.545873	-1.877082	122	112	111	867.201
2.094395	2.187132	-0.479875	106	18	124	867.196
0.261799	2.089241	-0.114193	22	106	125	867.082
-0.261799	2.187132	-0.479875	23	14	3	866.873
-1.832596	2.379497	0.561089	107	10	7	866.656
-2.094395	1.256302	0.062705	125	102	127	866.549
-0.785398	0.370812	-2.547742	4	9	109	866.225
-0.785398	0.640596	-2.797608	103	13	9	865.982
2.617994	0.370812	-2.547742	1	120	109	865.623
-0.261799	0.203748	0.590255	2	126	110	865.451
-1.308997	0.591903	2.010408	114	18	126	865.166
-2.356194	1.812176	0.656819	0	109	13	864.694
2.356194	0.640596	-2.797608	123	11	9	864.109
-3.141593	2.089241	-0.114193	123	110	4	864.060
-2.356194	1.872854	1.543456	11	112	7	863.738
-1.047198	1.168678	2.108595	110	19	2	863.256
1.047198	2.295480	1.008277	8	108	3	862.922
-0.261799	1.554776	0.100351	16	119	17	862.667
-0.261799	1.555207	1.708892	117	117	120	862.474
2.094395	0.831641	0.616218	9	123	19	862.455
-2.879793	0.906588	1.252948	127	109	120	862.442
2.617994	1.367556	0.358405	114	25	13	862.437
-1.832596	1.391910	3.030322	108	15	118	862.347
-2.879793	0.418037	1.360082	124	113	113	862.217
-2.617994	0.080730	-2.622036	111	19	120	862.026
-0.523599	2.724429	-0.348782	19	7	13	861.773
-1.832596	2.863997	0.549740	104	8	126	861.765
1.832596	2.299159	2.264663	8	119	110	861.332
2.356194	0.290380	-0.796960	112	20	9	861.328
1.308997	2.138223	1.678323	3	106	0	861.324
2.356194	1.194549	-0.801900	0	121	109	861.195
2.879793	1.606104	-0.451151	108	113	122	860.296
0.000000	2.001437	0.381215	17	109	9	860.051
2.356194	1.450119	-2.739050	6	106	115	859.833
-2.356194	2.979456	-1.009304	4	102	124	859.646
-3.141593	1.242974	-2.977882	20	110	119	859.579
-0.523599	0.864993	2.278281	125	114	0	859.360
1.308997	1.045978	0.343692	122	9	113	859.302
-3.141593	0.419640	2.974122	7	116	113	859.158
0.785398	0.762244	-0.273349	120	11	113	858.855
-3.141593	2.138223	1.678323	110	26	2	858.681
0.785398	0.899350	-2.069907	4	102	119	858.320
0.785398	0.914445	2.687814	106	6	119	857.777
2.617994	1.741644	-2.695914	125	17	123	857.527
1.047198	0.297065	2.160177	1	110	17	857.195
-2.617994	2.299159	2.264663	23	119	13	857.107
-1.308997	2.180315	-1.357379	2	108	113	857.084
2.094395	0.674054	1.013609	4	116	18	856.875
-1.570796	1.696674	-1.253233	127	110	109	856.758
1.832596	0.685216	-1.712745	120	0	105	856.755
2.879793	0.619654	-2.216909	4	114	117	856.704
1.047198	0.571433	-1.188419	127	5	105	856.135
2.617994	1.128190	-2.288622	0	111	114	855.941
-2.094395	2.164094	-2.991358	124	0	107	855.618
-2.617994	2.455966	-0.641220	105	11	116	855.610
2.094395	1.025536	1.576859	5	111	17	855.277
-0.523599	1.417623	-0.202254	27	11	122	855.263
2.356194	2.704512	1.488683	124	124	115	854.894
2.617994	0.619654	-2.216909	126	118	111	854.644
0.785398	1.134796	2.434290	1	104	127	853.713
0.000000	1.450119	-2.739050	120	21	122	853.621
-1.570796	0.080730	-2.622036	1	117	6	853.487
-1.832596	1.846342	-1.796954	0	117	104	853.391
0.523599	1.875281	0.107086	23	108	3	853.185
-0.261799	0.080730	-2.622036	126	109	16	853.162
1.832596	2.984978	1.954446	8	105	2	853.139
-2.879793	1.113094	-0.272241	119	111	115	853.130
0.785398	0.571433	-1.188419	125	2	107	852.825
1.570796	0.615174	-0.666022	0	123	110	852.599
0.261799	1.413430	2.550734	106	13	6	852.531
0.523599	2.187132	-0.479875	117	16	9	852.344
-0.523599	1.606104	-0.451151	26	12	122	852.337
1.047198	2.108018	1.311430	16	106	125	852.316
-2.094395	2.001437	0.381215	1	106	9	852.148
-2.879793	0.961715	0.014085	121	111	115	851.952
0.000000	0.418037	1.360082	14	4	111	851.755
2.617994	0.418037	1.360082	118	127	113	851.604
2.356194	0.674054	1.013609	3	116	18	851.472
1.047198	1.869911	2.701025	126	111	111	851.466
-0.261799	1.488617	1.159546	23	12	126	851.347
0.000000	2.455966	-0.641220	17	108	117	851.218
2.356194	1.448123	-2.163292	114	112	117	851.132
1.047198	1.721184	-0.153948	114	19	126	850.941
2.356194	0.080730	-2.622036	1	125	108	850.718
-1.308997	1.014500	0.906702	114	9	17	850.422
-2.617994	1.870545	-2.976234	126	3	107	850.118
2.094395	0.370812	-2.547742	122	9	10	849.877
-0.523599	1.617114	-1.572037	108	9	116	849.825
0.523599	1.869911	2.701025	107	10	10	849.000
-0.261799	1.504028	0.636812	26	12	127	848.862
-3.141593	0.831641	0.616218	120	111	116	848.752
2.617994	1.025536	1.576859	8	110	16	848.537
-2.094395	1.606104	-0.451151	111	5	105	848.329
-2.879793	0.864993	2.278281	7	110	122	848.268
0.000000	2.187132	-0.479875	17	105	121	847.930
-0.785398	2.724429	-0.348782	12	105	121	847.912
2.356194	1.904882	-1.478089	108	14	125	847.907
-1.308997	1.325504	-1.671296	117	109	117	847.711
2.879793	2.863997	0.549740	111	21	6	847.705
-3.141593	1.045978	0.343692	119	111	117	847.700
-1.308997	1.606104	-0.451151	1	101	0	847.455
2.617994	0.290380	-0.796960	3	121	8	847.414
2.094395	2.637879	2.121598	6	121	108	847.170
1.308997	1.736875	3.023612	0	102	119	847.113
-2.617994	0.370812	-2.547742	114	21	5	847.095
1.832596	1.824694	1.850876	13	3	115	847.069
2.094395	0.203748	0.590255	106	16	11	846.760
1.570796	2.592629	0.909713	122	16	117	846.576
-1.832596	0.419640	2.974122	112	20	4	846.042
2.617994	2.404280	-0.174044	104	15	7	845.895
0.000000	2.247462	0.191623	21	12	10	845.840
2.879793	0.458961	-0.107937	127	122	17	845.754
-3.141593	2.343981	-1.040456	106	10	125	845.605
2.617994	2.187132	-0.479875	107	116	10	845.603
-0.523599	1.440580	2.260026	115	118	119	845.354
1.832596	0.910508	1.903534	4	107	13	845.168
2.356194	1.736875	3.023612	117	107	5	845.137
-1.047198	1.617114	-1.572037	125	106	118	844.961
-1.570796	1.617114	-1.572037	115	111	114	844.572
2.356194	1.242974	-2.977882	7	105	119	844.279
-0.523599	1.766067	2.153843	0	111	17	843.897
1.570796	2.579248	-2.364801	16	104	113	843.845
-0.785398	2.356369	3.005869	99	12	2	843.526
-1.570796	0.203748	0.590255	3	123	109	843.320
0.261799	2.104282	-0.813972	13	113	0	843.280
2.617994	0.899350	-2.069907	1	116	110	843.140
2.617994	2.664082	-1.071402	104	8	116	842.898
-2.617994	2.033014	2.977192	123	12	108	842.401
-1.570796	0.762244	-0.273349	127	102	123	842.352
0.785398	2.587733	0.232235	119	16	6	842.187
-1.308997	0.866395	-2.492918	103	16	16	842.042
1.570796	2.393226	1.857173	8	116	111	841.391
-0.523599	1.721184	-0.153948	13	110	11	841.373
-0.261799	2.979456	-1.009304	115	16	117	841.279
1.047198	2.247462	0.191623	121	17	14	840.794
-0.261799	1.506530	1.988858	117	117	120	840.479
0.000000	2.979456	-1.009304	13	117	110	840.239
-3.141593	1.417623	-0.202254	124	109	121	840.146
-1.570796	0.850607	-1.335383	21	122	107	840.098
2.617994	0.640596	-2.797608	2	116	110	839.963
2.356194	2.863997	0.549740	110	20	121	839.707
2.356194	1.374601	-2.456031	9	109	111	839.549
-0.523599	1.367556	0.358405	28	10	125	839.532
0.523599	0.685216	-1.712745	3	103	119	839.451
-2.356194	2.396274	-1.959260	1	116	106	838.997
-2.879793	1.050534	3.042579	15	112	118	838.889
1.308997	2.247462	0.191623	118	18	14	838.579
0.261799	0.674054	1.013609	13	5	112	838.342
2.094395	0.709924	0.218797	116	5	111	838.305
2.617994	1.301460	-0.509251	109	118	116	838.298
0.000000	0.640596	-2.797608	112	106	125	838.245
0.785398	0.290380	-0.796960	126	1	108	838.242
-3.141593	1.836682	-0.676006	6	108	122	838.188
-1.570796	0.906588	1.252948	115	13	17	837.996
2.879793	0.906588	1.252948	7	112	18	837.928
-3.141593	1.335669	0.897240	117	108	2	837.896
1.570796	2.180315	-1.357379	119	114	109	837.841
1.308997	1.214854	-1.966664	10	105	116	837.764
-1.308997	0.297065	2.160177	116	21	3	837.554
2.617994	1.909857	-0.381669	106	115	8	837.061
-1.570796	1.606104	-0.451151	9	101	123	837.000
-0.523599	0.418037	1.360082	120	15	19	836.979
2.879793	1.545873	-1.877082	122	26	119	836.868
-3.141593	0.619654	-2.216909	117	21	124	836.629
-0.523599	0.370812	-2.547742	7	108	3	836.544
2.617994	1.247695	1.809890	11	112	17	836.210
-1.832596	2.174483	2.653697	108	21	9	836.093
2.356194	0.571433	-1.188419	111	20	123	835.879
1.308997	0.866955	-0.931351	122	9	107	835.753
1.308997	2.704512	1.488683	16	110	114	835.561
-1.308997	1.812176	0.656819	125	101	121	835.201
0.261799	2.587733	0.232235	19	106	120	834.910
-0.785398	0.866395	-2.492918	109	113	121	834.826
1.832596	0.496451	0.593859	5	121	19	834.818
2.356194	0.615174	-0.666022	116	25	8	834.754
1.308997	1.310100	1.488307	11	111	15	834.384
0.261799	2.343981	-1.040456	14	115	125	834.255
2.879793	2.343981	-1.040456	3	109	4	834.200
-0.523599	1.247695	1.809890	116	118	123	833.983
-1.570796	1.045978	0.343692	121	102	7	833.268
0.785398	2.404280	-0.174044	125	19	13	833.229
-2.094395	1.417623	-0.202254	108	3	109	833.012
-1.308997	0.290380	-0.796960	3	102	4	832.203
-2.617994	2.404280	-0.174044	102	10	125	832.146
-1.308997	2.396274	-1.959260	126	115	108	832.081
-2.356194	2.153910	-1.714959	127	114	106	831.376
-1.570796	0.591903	2.010408	112	12	19	830.900
-1.832596	1.662363	0.915448	115	109	124	830.722
2.356194	1.335669	0.897240	122	22	21	830.268
-1.047198	1.846342	-1.796954	5	109	115	829.775
0.523599	0.700570	1.559208	1	112	5	829.450
0.523599	0.458961	-0.107937	123	9	110	829.254
2.879793	1.301460	-0.509251	119	115	115	829.220
-1.570796	0.571433	-1.188419	124	116	17	829.112
2.879793	1.554776	0.100351	0	112	122	829.107
-2.094395	0.458961	-0.107937	9	116	108	828.298
0.000000	0.961715	0.014085	19	15	116	828.222
2.617994	1.836682	-0.676006	110	113	1	828.182
-2.094395	0.080730	-2.622036	3	119	8	828.121
2.094395	0.910508	1.903534	8	107	13	827.591
0.785398	2.187132	-0.479875	116	16	9	827.462
-2.617994	1.168678	2.108595	11	110	0	827.240
2.617994	2.180315	-1.357379	103	8	119	827.208
-0.261799	1.599406	1.426070	116	119	120	826.833
-3.141593	2.637879	2.121598	127	124	114	826.582
0.261799	1.998705	2.370472	117	121	112	826.577
-1.047198	0.370812	-2.547742	4	8	107	826.469
-1.570796	2.456751	-1.503343	3	110	111	826.446
0.000000	0.203748	0.590255	1	126	111	826.233
2.356194	0.762244	-0.273349	127	123	109	826.178
2.617994	1.756530	-2.105156	122	17	125	826.148
-1.832596	2.984978	1.954446	109	20	6	826.145
-0.523599	0.080730	-2.622036	124	111	16	826.048
-1.832596	1.301460	-0.509251	4	104	117	825.992
1.832596	2.089241	-0.114193	110	20	6	825.747
1.308997	0.910508	1.903534	2	107	11	825.656
2.094395	2.404280	-0.174044	106	17	6	825.361
-1.308997	0.866955	-0.931351	2	102	127	825.152
0.523599	0.571433	-1.188419	126	127	106	825.150
-1.308997	0.685216	-1.712745	126	107	114	824.782
2.617994	1.256302	0.062705	121	116	117	824.697
1.308997	2.174483	2.653697	5	113	109	824.636
2.617994	1.846342	-1.796954	107	9	122	824.563
1.308997	1.247695	1.809890	108	9	2	824.433
2.094395	1.909857	-0.381669	106	18	125	824.314
2.356194	2.979456	-1.009304	9	109	111	824.216
-1.832596	2.456751	-1.503343	3	111	110	824.047
-1.047198	0.591903	2.010408	111	14	17	823.889
0.000000	1.247695	1.809890	119	115	123	823.814
-2.356194	0.496451	0.593859	2	124	109	823.671
0.523599	2.001437	0.381215	13	119	17	823.643
-1.570796	1.301460	-0.509251	3	103	118	823.631
-2.094395	1.504028	0.636812	5	106	11	823.434
0.785398	2.041297	-2.664597	20	120	106	823.368
0.785398	1.168678	2.108595	106	11	6	823.168
2.879793	1.242974	-2.977882	17	109	119	822.936
1.047198	2.704512	1.488683	125	107	123	822.753
-1.832596	1.809167	1.213774	117	110	125	822.740
1.308997	1.440580	2.260026	8	103	0	822.273
-2.617994	1.599406	1.426070	13	110	10	822.048
-1.570796	2.587733	0.232235	113	8	15	821.633
2.356194	2.089241	-0.114193	104	15	7	821.595
-2.094395	2.393226	1.857173	122	117	124	821.248
-0.785398	1.504028	0.636812	29	8	127	821.176
1.308997	1.325504	-1.671296	11	108	112	820.994
-1.047198	2.478122	2.609777	108	19	8	820.970
-0.785398	2.153910	-1.714959	110	13	119	820.951
1.832596	1.606104	-0.451151	109	18	120	820.865
0.785398	0.929350	-2.910676	108	7	0	820.469
-1.832596	0.615174	-0.666022	7	2	108	820.426
2.356194	1.214854	-1.966664	118	112	121	819.904
-2.879793	1.247695	1.809890	5	108	5	819.758
0.000000	0.297065	2.160177	4	13	111	819.650
-3.141593	2.299159	2.264663	121	2	114	819.463
-1.308997	0.615174	-0.666022	4	127	107	819.325
1.047198	2.138223	1.678323	114	108	3	819.313
-1.047198	1.696674	-1.253233	127	105	120	818.990
2.617994	2.979456	-1.009304	104	8	117	818.781
-0.785398	1.128190	-2.288622	109	16	0	818.730
-1.832596	2.063651	-2.044600	123	123	103	818.676
-0.261799	0.929350	-2.910676	123	116	108	818.519
1.047198	0.496451	0.593859	10	6	110	818.517
-3.141593	1.766067	2.153843	27	18	122	818.260
-1.047198	1.741644	-2.695914	94	8	126	817.637
2.879793	2.180315	-1.357379	0	107	2	817.537
0.261799	1.875281	0.107086	14	118	15	817.486
1.047198	1.247695	1.809890	8	107	8	817.277
2.879793	0.961715	0.014085	121	118	113	817.273
2.879793	1.256302	0.062705	121	116	116	817.261
1.308997	1.812176	0.656819	12	120	18	817.225
-1.832596	1.554776	0.100351	6	103	3	817.176
-2.094395	1.391910	3.030322	24	20	124	816.879
-2.879793	0.910508	1.903534	2	109	123	816.870
-1.570796	2.760637	2.781135	108	20	126	816.795
-1.308997	1.450119	-2.739050	93	10	7	816.792
2.094395	0.960688	-0.577532	126	125	109	816.770
1.308997	0.591903	2.010408	127	107	11	816.678
-1.832596	1.904882	-1.478089	127	112	107	816.513
1.047198	0.960688	-0.577532	118	13	112	816.437
-0.523599	1.374601	-2.456031	1	22	118	816.382
1.570796	2.187132	-0.479875	109	19	0	816.196
-1.308997	0.203748	0.590255	3	125	109	816.067
1.832596	2.592629	0.909713	0	121	118	815.887
-2.879793	2.404280	-0.174044	104	14	125	815.871
-0.523599	2.455966	-0.641220	11	106	117	815.635
-2.094395	0.850607	-1.335383	20	119	108	815.564
2.094395	0.419640	2.974122	125	108	114	815.539
2.356194	1.696674	-1.253233	112	114	119	815.464
-3.141593	0.640596	-2.797608	120	20	9	815.447
-3.141593	1.904882	-1.478089	14	107	115	815.382
-1.570796	0.419640	2.974122	109	19	2	815.190
-2.094395	0.203748	0.590255	125	116	110	814.923
-0.523599	1.335669	0.897240	26	11	124	814.821
2.617994	1.606104	-0.451151	109	117	119	814.812
1.047198	2.164094	-2.991358	18	99	116	814.126
-0.523599	1.045978	0.343692	29	9	120	814.026
-0.785398	0.203748	0.590255	4	127	109	813.349
1.047198	1.510910	-0.740472	115	17	115	813.282
0.000000	1.448123	-2.163292	120	19	118	812.641
-0.523599	1.168678	2.108595	116	118	122	812.639
-0.523599	1.998705	2.370472	124	110	13	812.333
-2.094395	2.760637	2.781135	105	19	121	812.296
0.523599	2.724429	-0.348782	118	14	114	812.167
-2.356194	2.407836	1.410646	122	117	121	812.072
0.261799	1.450119	-2.739050	103	8	4	812.062
0.000000	0.615174	-0.666022	127	1	108	812.026
-2.617994	1.998705	2.370472	28	122	13	811.954
1.308997	1.574060	2.783565	2	102	123	811.596
0.785398	1.391910	3.030322	105	7	3	811.462
2.617994	0.992645	-1.723759	7	113	115	811.458
0.785398	1.214854	-1.966664	10	98	122	811.355
-3.141593	1.184361	0.625864	121	114	117	811.319
1.570796	0.709924	0.218797	113	18	16	811.211
1.832596	2.455966	-0.641220	107	19	125	811.158
0.000000	1.242974	-2.977882	120	20	120	810.992
1.308997	1.599406	1.426070	19	109	7	810.914
2.617994	0.906588	1.252948	4	112	18	810.874
-0.261799	1.998705	2.370472	0	108	14	810.802
-2.356194	2.664082	-1.071402	110	6	124	810.622
2.094395	1.134796	2.434290	34	2	126	810.557
-2.356194	2.001437	0.381215	125	107	9	810.555
-1.570796	0.297065	2.160177	115	15	15	810.529
0.523599	1.569311	-3.003978	108	11	5	809.946
-3.141593	1.391910	3.030322	121	112	5	809.842
-0.523599	1.413430	2.550734	110	17	13	809.682
2.356194	0.370812	-2.547742	123	14	9	809.651
-3.141593	2.001437	0.381215	108	14	15	809.429
0.000000	0.700570	1.559208	15	5	112	809.375
1.308997	1.218453	2.777284	107	5	127	809.292
-1.047198	2.979456	-1.009304	120	14	122	808.898
2.356194	0.496451	0.593859	108	18	10	808.866
0.785398	2.984978	1.954446	8	101	0	808.857
2.617994	2.396274	-1.959260	6	110	6	808.655
1.570796	1.417623	-0.202254	109	19	124	808.615
2.879793	0.914445	2.687814	4	107	123	808.189
-3.141593	0.297065	2.160177	124	115	112	808.116
2.356194	2.247462	0.191623	107	16	11	808.014
0.000000	1.168678	2.108595	5	19	124	807.875
0.261799	0.297065	2.160177	3	14	113	807.852
0.523599	0.297065	2.160177	116	11	28	807.758
1.570796	2.299159	2.264663	7	116	109	807.613
-2.094395	2.174483	2.653697	100	19	5	807.603
-2.617994	1.683268	0.374177	126	107	9	807.588
0.261799	1.247695	1.809890	122	113	123	807.569
2.879793	1.128190	-2.288622	3	110	118	807.427
-2.617994	1.367556	0.358405	0	104	2	807.387
2.617994	1.134497	-1.109631	105	15	127	807.021
2.879793	2.187132	-0.479875	105	13	6	806.825
1.308997	2.407836	1.410646	7	107	0	806.645
-1.047198	2.138223	1.678323	109	16	13	806.583
2.617994	2.356369	3.005869	4	126	106	806.483
2.356194	1.025536	1.576859	5	108	15	806.289
-2.617994	0.379747	-1.713059	3	121	7	805.980
-2.879793	1.440580	2.260026	11	109	5	805.873
-1.570796	2.063651	-2.044600	3	113	112	805.631
2.356194	2.478122	2.609777	5	123	107	805.607
2.356194	0.619654	-2.216909	123	123	105	805.313
2.094395	0.379747	-1.713059	4	124	106	805.027
2.617994	1.184361	0.625864	115	23	20	804.799
2.094395	1.809167	1.213774	110	14	8	804.464
1.570796	1.569311	-3.003978	6	104	115	804.407
-1.570796	2.001437	0.381215	123	105	114	804.380
0.785398	1.658653	-2.409879	25	118	109	804.148
-2.879793	1.014500	0.906702	121	106	126	804.003
0.785398	0.864993	2.278281	120	106	4	803.869
-3.141593	1.736875	3.023612	20	108	126	803.558
0.523599	0.674054	1.013609	110	119	10	803.481
-1.308997	2.704512	1.488683	106	12	123	803.414
-1.047198	0.733948	3.021411	100	13	7	803.380
-1.308997	1.488617	1.159546	120	15	16	803.242
-1.308997	0.929350	-2.910676	1	116	4	803.171
2.617994	0.458961	-0.107937	120	127	109	803.079
2.356194	2.104282	-0.813972	99	12	124	803.079
-0.523599	2.343981	-1.040456	12	107	115	802.814
2.879793	1.134497	-1.109631	117	112	114	802.701
1.308997	1.909857	-0.381669	114	22	125	802.542
2.879793	2.587733	0.232235	106	16	9	802.477
-0.261799	2.455966	-0.641220	14	107	117	802.439
-0.523599	0.618092	2.539118	127	114	1	802.420
0.785398	1.909857	-0.381669	117	20	0	802.093
2.094395	0.080730	-2.622036	2	123	108	801.988
-1.570796	2.180315	-1.357379	3	110	109	801.865
0.785398	1.247695	1.809890	5	105	7	801.637
-2.879793	0.203748	0.590255	127	123	108	801.473
1.308997	1.872854	1.543456	116	108	9	801.383
-2.094395	2.704512	1.488683	106	16	9	801.375
1.832596	1.194549	-0.801900	6	116	124	801.292
0.785398	1.869911	2.701025	0	105	114	801.180
-2.356194	2.295480	1.008277	119	117	116	801.108
1.308997	1.506530	1.988858	8	104	3	801.025
-1.570796	0.910508	1.903534	108	13	17	800.742
-0.785398	0.929350	-2.910676	104	14	11	800.422
-1.570796	2.719179	-1.780644	9	111	116	800.380
-1.047198	1.448123	-2.163292	113	19	126	800.305
0.261799	0.910508	1.903534	123	112	127	800.293
2.617994	0.674054	1.013609	117	126	114	800.184
2.094395	1.413430	2.550734	9	104	7	800.045
0.000000	1.998705	2.370472	117	123	111	799.996
2.879793	2.455966	-0.641220	100	9	127	799.887
-1.047198	0.080730	-2.622036	106	17	10	799.431
-0.523599	0.419640	2.974122	6	14	111	799.405
0.000000	1.875281	0.107086	19	114	13	799.339
2.617994	1.214854	-1.966664	0	111	117	799.036
1.308997	1.696674	-1.253233	24	15	113	798.938
-1.570796	1.836682	-0.676006	8	102	121	798.830
2.356194	0.866955	-0.931351	120	122	109	798.775
-3.141593	1.812176	0.656819	8	110	127	798.601
0.523599	0.914445	2.687814	118	106	126	798.377
-1.047198	1.982574	-1.115518	12	106	120	798.354
2.617994	1.736875	3.023612	16	105	1	797.942
1.832596	2.863997	0.549740	127	120	117	797.828
2.094395	1.450119	-2.739050	2	106	115	797.744
-0.261799	1.836682	-0.676006	11	111	5	797.421
-0.261799	2.393226	1.857173	7	96	122	797.206
-1.308997	2.881233	-2.582574	108	18	118	797.034
2.617994	1.982574	-1.115518	108	14	127	796.998
-0.785398	0.591903	2.010408	116	20	15	796.986
2.617994	2.456751	-1.503343	3	110	5	796.900
1.570796	1.433411	-1.035986	1	119	107	796.873
2.617994	0.929350	-2.910676	122	14	3	796.436
-2.617994	0.906588	1.252948	126	112	117	796.245
2.879793	0.899350	-2.069907	8	113	117	796.072
0.523599	2.863997	0.549740	5	108	10	796.000
-2.879793	2.187132	-0.479875	104	14	125	795.940
-2.879793	0.080730	-2.622036	112	17	126	795.897
2.356194	2.456751	-1.503343	103	9	0	795.849
-0.523599	2.180315	-1.357379	7	111	124	795.846
1.570796	2.033014	2.977192	4	114	108	795.636
-2.356194	0.914445	2.687814	118	17	123	795.386
2.617994	2.393226	1.857173	11	127	112	795.301
-0.261799	0.992645	-1.723759	110	8	116	795.281
-0.523599	2.041297	-2.664597	122	5	104	795.264
2.356194	1.113094	-0.272241	118	119	115	795.236
-1.308997	1.374601	-2.456031	93	10	5	795.184
-2.356194	1.168678	2.108595	15	21	0	794.957
-3.141593	2.724429	-0.348782	0	114	11	794.944
1.570796	1.488617	1.159546	6	111	12	794.922
1.832596	0.914445	2.687814	4	102	5	794.859
-2.879793	1.488617	1.159546	124	107	10	794.824
-2.094395	2.979456	-1.009304	8	102	125	794.580
-1.308997	0.850607	-1.335383	106	109	118	794.458
2.617994	0.080730	-2.622036	1	126	108	794.429
-1.832596	2.579248	-2.364801	126	124	103	794.354
-1.570796	2.356369	3.005869	107	20	3	794.159
0.261799	1.025536	1.576859	8	113	124	794.022
-1.047198	1.574060	2.783565	108	19	10	793.996
-1.047198	0.864993	2.278281	110	20	8	793.932
1.047198	1.662363	0.915448	3	113	126	793.905
1.832596	1.218453	2.777284	5	102	2	793.881
-2.879793	0.762244	-0.273349	120	113	112	793.833
-3.141593	0.674054	1.013609	127	118	112	793.595
-0.785398	2.719179	-1.780644	7	115	108	793.540
1.047198	0.290380	-0.796960	125	3	108	793.470
-1.047198	1.569311	-3.003978	116	120	111	793.436
-1.308997	2.001437	0.381215	127	100	120	793.336
-0.785398	1.846342	-1.796954	108	12	120	793.291
2.879793	1.904882	-1.478089	118	107	125	793.271
2.879793	0.709924	0.218797	120	118	112	792.893
2.356194	1.301460	-0.509251	114	25	2	792.860
1.047198	1.448123	-2.163292	19	99	120	792.830
2.617994	1.135813	-2.658866	4	111	110	792.791
-1.570796	0.458961	-0.107937	4	125	108	792.718
1.308997	1.413430	2.550734	9	103	123	792.007
-1.832596	0.370812	-2.547742	2	119	6	791.996
2.356194	1.128190	-2.288622	7	114	107	791.994
2.617994	1.510910	-0.740472	112	116	115	791.865
0.261799	1.134796	2.434290	124	111	120	791.776
-2.356194	2.379497	0.561089	126	113	14	791.729
0.000000	0.591903	2.010408	125	114	2	791.695
0.523599	2.588535	-2.976617	18	2	111	791.399
0.261799	1.574060	2.783565	106	13	6	791.360
2.094395	1.569311	-3.003978	3	103	120	790.996
2.617994	1.242974	-2.977882	125	17	4	790.904
-1.308997	1.741644	-2.695914	93	11	1	790.610
-1.308997	0.640596	-2.797608	5	117	8	790.445
-2.617994	0.685216	-1.712745	6	126	10	790.355
-1.047198	1.998705	2.370472	108	20	6	790.322
1.308997	1.554776	0.100351	112	19	0	790.091
1.570796	1.135834	-1.431087	13	21	117	789.971
-1.047198	1.310100	1.488307	112	14	14	789.949
-2.879793	2.881233	-2.582574	9	112	111	789.746
2.617994	2.863997	0.549740	107	19	121	789.494
0.785398	2.863997	0.549740	121	9	16	789.396
-0.785398	1.606104	-0.451151	11	106	8	789.306
0.785398	1.870545	-2.976234	26	122	115	789.049
-0.261799	1.606104	-0.451151	25	14	122	788.609
2.879793	0.700570	1.559208	10	107	13	788.538
1.570796	0.418037	1.360082	3	115	19	788.386
-1.047198	1.504028	0.636812	2	98	126	788.271
-0.261799	1.870545	-2.976234	115	2	106	788.270
-2.879793	1.909857	-0.381669	9	107	125	788.250
-1.570796	2.664082	-1.071402	114	109	123	788.174
-2.094395	0.733948	3.021411	114	18	121	788.137
2.879793	1.374601	-2.456031	9	109	118	787.929
-2.617994	1.506530	1.988858	15	111	6	787.841
-0.523599	1.836682	-0.676006	126	103	106	787.794
-2.356194	2.164094	-2.991358	120	9	105	787.626
-1.047198	2.881233	-2.582574	107	17	120	787.491
-1.832596	1.242974	-2.977882	111	15	114	787.437
0.000000	0.910508	1.903534	7	19	122	787.114
-1.047198	2.719179	-1.780644	14	112	5	786.947
2.879793	2.153910	-1.714959	119	105	0	786.899
1.308997	2.979456	-1.009304	112	22	1	786.840
-2.094395	0.864993	2.278281	109	16	12	786.790
-1.308997	0.458961	-0.107937	3	0	109	786.692
2.356194	2.724429	-0.348782	105	17	3	786.672
1.308997	1.135813	-2.658866	22	101	3	786.624
1.570796	2.089241	-0.114193	109	17	8	786.522
1.308997	0.290380	-0.796960	127	124	110	786.354
2.617994	0.685216	-1.712745	111	16	120	786.271
2.879793	1.909857	-0.381669	121	110	125	786.152
1.832596	2.180315	-1.357379	120	111	116	786.054
-1.047198	0.379747	-1.713059	8	6	109	785.904
1.308997	0.496451	0.593859	8	117	9	785.890
2.879793	1.683268	0.374177	127	113	122	785.813
0.785398	2.704512	1.488683	15	103	6	785.812
-1.308997	2.247462	0.191623	11	103	7	785.795
-2.617994	2.247462	0.191623	124	109	9	785.769
-0.785398	0.619654	-2.216909	109	109	123	785.591
-3.141593	1.504028	0.636812	121	113	121	785.374
-2.617994	0.709924	0.218797	5	113	15	785.306
0.000000	1.506530	1.988858	119	114	119	785.299
2.356194	1.875281	0.107086	109	21	4	785.002
-1.832596	1.982574	-1.115518	125	108	112	784.938
-2.879793	2.984978	1.954446	4	120	118	784.883
0.523599	1.506530	1.988858	9	105	122	784.853
-0.261799	1.982574	-1.115518	8	110	127	784.812
2.356194	0.906588	1.252948	5	116	19	784.678
-1.832596	1.218453	2.777284	117	17	116	784.249
-2.356194	2.041297	-2.664597	120	2	105	784.146
0.261799	2.295480	1.008277	18	12	9	784.119
-2.879793	0.619654	-2.216909	113	20	123	784.053
-0.261799	1.134796	2.434290	108	15	13	783.797
2.617994	1.812176	0.656819	118	28	10	783.404
-0.261799	2.295480	1.008277	7	106	13	783.367
-0.785398	0.700570	1.559208	112	18	3	783.364
2.094395	1.736875	3.023612	114	106	5	783.264
-1.308997	1.756530	-2.105156	2	112	113	783.226
-1.832596	1.488617	1.159546	116	109	2	782.995
-1.047198	1.506530	1.988858	108	16	9	782.936
-1.047198	2.153910	-1.714959	2	111	112	782.910
2.094395	0.762244	-0.273349	110	20	9	782.879
0.000000	2.984978	1.954446	105	8	5	782.838
-2.617994	1.872854	1.543456	9	111	7	782.784
-2.879793	2.089241	-0.114193	108	15	8	782.719
2.356194	2.174483	2.653697	7	126	108	782.396
2.356194	1.488617	1.159546	107	14	9	782.392
-0.523599	1.846342	-1.796954	10	22	118	782.390
2.094395	1.554776	0.100351	110	18	15	782.305
2.879793	1.617114	-1.572037	105	9	120	782.235
-2.356194	1.417623	-0.202254	122	104	123	782.164
2.617994	0.733948	3.021411	126	111	115	782.131
2.617994	2.104282	-0.813972	106	115	10	782.060
-0.261799	0.961715	0.014085	21	12	115	781.962
0.523599	1.113094	-0.272241	120	13	115	781.878
1.570796	2.164094	-2.991358	117	103	125	781.877
-1.832596	0.618092	2.539118	111	17	12	781.788
-2.879793	1.218453	2.777284	16	110	121	781.673
1.832596	1.367556	0.358405	118	23	12	781.453
0.261799	1.756530	-2.105156	116	20	124	781.301
1.308997	1.335669	0.897240	19	116	15	781.118
2.094395	1.184361	0.625864	122	111	13	781.074
-1.832596	1.721184	-0.153948	5	102	0	780.975
1.047198	2.104282	-0.813972	122	7	104	780.970
-1.308997	2.760637	2.781135	21	7	112	780.941
0.523599	1.836682	-0.676006	116	17	4	780.895
-1.047198	1.134497	-1.109631	127	106	7	780.827
-2.617994	1.195355	1.200319	4	109	125	780.551
1.570796	2.174483	2.653697	0	115	109	780.456
-1.047198	1.872854	1.543456	107	12	14	780.346
-3.141593	1.310100	1.488307	22	10	125	780.033
2.617994	1.374601	-2.456031	1	108	116	779.719
-2.094395	2.592629	0.909713	106	15	3	779.629
-2.879793	0.618092	2.539118	3	112	119	779.509
0.785398	0.297065	2.160177	119	109	120	779.504
2.879793	1.045978	0.343692	111	27	12	779.295
1.047198	2.393226	1.857173	12	103	7	778.605
2.094395	0.615174	-0.666022	115	21	8	778.477
-2.879793	1.256302	0.062705	124	108	121	778.431
-2.879793	0.297065	2.160177	12	115	111	778.338
-0.261799	0.733948	3.021411	120	107	9	778.307
-1.047198	0.762244	-0.273349	4	99	2	778.264
1.570796	0.496451	0.593859	16	119	17	778.264
0.523599	0.618092	2.539118	113	112	115	777.823
-0.523599	2.073035	2.027405	127	107	12	777.576
2.356194	1.606104	-0.451151	112	24	127	777.379
2.617994	2.455966	-0.641220	99	10	0	777.306
0.785398	1.242974	-2.977882	109	11	126	777.174
-3.141593	0.709924	0.218797	4	120	18	777.026
1.570796	2.396274	-1.959260	127	116	98	776.938
2.094395	0.571433	-1.188419	7	125	105	776.912
-0.523599	1.696674	-1.253233	125	103	126	776.887
-1.308997	1.696674	-1.253233	7	106	115	776.883
-2.617994	1.662363	0.915448	15	109	5	776.679
-1.047198	1.134796	2.434290	118	116	126	776.625
-2.879793	1.045978	0.343692	123	109	119	776.486
-1.832596	2.396274	-1.959260	5	113	109	776.455
0.000000	1.135813	-2.658866	119	19	117	776.320
2.094395	1.766067	2.153843	9	3	115	776.289
-1.570796	1.413347	-1.339188	16	105	119	776.200
1.308997	2.637879	2.121598	13	102	2	776.090
-3.141593	2.033014	2.977192	20	114	9	776.074
0.000000	0.899350	-2.069907	107	6	118	776.021
2.617994	0.496451	0.593859	1	118	19	776.019
1.308997	1.374601	-2.456031	23	101	124	775.922
1.308997	0.615174	-0.666022	123	10	108	775.854
-2.617994	1.504028	0.636812	13	106	4	775.853
2.356194	1.699788	2.452890	14	108	12	775.849
1.308997	1.555207	1.708892	114	108	3	775.845
-1.570796	1.450119	-2.739050	97	17	8	775.788
-2.356194	0.370812	-2.547742	109	19	127	775.347
-2.617994	2.881233	-2.582574	5	105	1	775.318
-2.617994	1.134796	2.434290	19	111	127	775.283
-2.356194	0.674054	1.013609	127	115	114	775.011
0.000000	0.458961	-0.107937	127	3	110	774.941
-3.141593	1.809167	1.213774	9	111	125	774.857
-0.523599	0.297065	2.160177	111	19	10	774.720
-0.523599	0.899350	-2.069907	105	10	125	774.392
-1.308997	1.554776	0.100351	109	105	115	774.357
2.094395	0.700570	1.559208	109	11	15	774.347
-2.617994	1.247695	1.809890	13	109	4	774.294
2.356194	1.045978	0.343692	118	24	19	773.985
-2.094395	2.587733	0.232235	100	6	118	773.975
1.047198	2.001437	0.381215	117	18	7	773.938
1.308997	2.164094	-2.991358	126	118	105	773.789
-0.261799	1.869911	2.701025	115	124	111	773.725
-3.141593	1.247695	1.809890	124	107	3	773.675
-2.094395	2.251330	-2.330739	126	123	104	773.507
-2.879793	1.699788	2.452890	24	20	121	773.400
-3.141593	0.700570	1.559208	22	9	2	773.283
-0.785398	1.214854	-1.966664	4	18	117	773.043
0.785398	1.721184	-0.153948	114	16	125	772.997
1.570796	1.696674	-1.253233	0	116	107	772.875
1.570796	0.700570	1.559208	0	110	14	772.737
-2.356194	0.640596	-2.797608	113	19	121	772.537
-2.879793	2.001437	0.381215	4	109	6	772.330
-2.617994	2.138223	1.678323	24	13	122	772.287
1.047198	2.089241	-0.114193	36	7	109	772.235
0.261799	1.869911	2.701025	120	121	111	771.998
-0.261799	2.592629	0.909713	8	103	8	771.933
-1.832596	1.736875	3.023612	99	21	7	771.794
-3.141593	2.664082	-1.071402	105	7	122	771.698
2.356194	0.203748	0.590255	107	17	11	771.652
1.570796	1.391910	3.030322	8	103	119	771.633
-1.047198	0.297065	2.160177	117	19	16	771.578
2.879793	2.164094	-2.991358	10	109	8	771.565
-0.785398	1.554776	0.100351	15	114	16	771.466
-0.261799	2.089241	-0.114193	19	117	15	771.463
-3.141593	1.506530	1.988858	117	8	121	771.445
-0.785398	1.982574	-1.115518	5	104	116	771.381
-0.523599	1.050534	3.042579	118	114	119	771.370
2.879793	2.089241	-0.114193	108	115	11	771.344
2.617994	2.724429	-0.348782	102	14	4	770.947
1.570796	0.379747	-1.713059	125	127	106	770.871
-3.141593	1.662363	0.915448	9	110	125	770.824
1.570796	2.984978	1.954446	120	107	0	770.564
-0.523599	2.979456	-1.009304	115	14	119	770.526
2.356194	1.325504	-1.671296	111	16	121	770.383
1.832596	1.045978	0.343692	117	124	115	770.195
-1.308997	1.662363	0.915448	101	2	9	770.121
-0.523599	2.863997	0.549740	9	102	2	770.020
1.308997	1.128190	-2.288622	25	101	126	769.964
-2.356194	2.073035	2.027405	12	114	10	769.940
-1.570796	1.977582	0.969896	108	11	9	769.805
2.356194	1.247695	1.809890	9	111	17	769.615
1.570796	0.866955	-0.931351	119	9	107	769.136
0.261799	2.704512	1.488683	7	102	6	769.084
-2.879793	0.733948	3.021411	15	114	114	768.987
-2.356194	0.290380	-0.796960	101	14	6	768.746
0.523599	2.089241	-0.114193	116	15	7	768.420
-1.570796	0.418037	1.360082	4	126	110	768.377
-0.523599	0.290380	-0.796960	9	1	105	768.237
-1.047198	2.637879	2.121598	106	18	7	768.236
-2.356194	2.760637	2.781135	118	123	115	768.229
-0.523599	2.984978	1.954446	107	7	117	768.210
-2.356194	2.404280	-0.174044	102	9	121	768.144
2.356194	2.455966	-0.641220	100	13	127	768.082
-0.523599	2.187132	-0.479875	14	104	124	768.059
1.308997	2.299159	2.264663	19	102	125	768.039
1.832596	0.674054	1.013609	8	119	19	767.826
0.523599	0.864993	2.278281	108	110	6	767.796
2.094395	0.961715	0.014085	117	123	113	767.780
0.523599	2.299159	2.264663	123	117	109	767.634
2.356194	1.014500	0.906702	119	18	25	767.632
-1.832596	0.458961	-0.107937	3	125	108	767.585
1.832596	0.458961	-0.107937	111	19	11	767.578
0.785398	2.033014	2.977192	123	113	108	767.525
-1.832596	1.683268	0.374177	5	104	8	767.490
-3.141593	1.367556	0.358405	117	109	125	767.484
0.261799	2.760637	2.781135	16	2	112	767.326
-2.094395	1.247695	1.809890	16	20	6	767.293
1.308997	2.063651	-2.044600	4	112	102	767.101
0.261799	0.458961	-0.107937	1	0	109	767.101
0.000000	0.674054	1.013609	16	5	112	766.952
-1.832596	1.870545	-2.976234	115	8	107	766.784
1.570796	0.960688	-0.577532	116	15	111	766.778
2.356194	2.719179	-1.780644	7	114	9	766.740
1.047198	1.977582	0.969896	117	15	10	766.688
2.094395	2.174483	2.653697	8	123	108	766.617
-1.832596	1.948085	-2.363031	3	122	103	766.496
-1.308997	1.836682	-0.676006	12	102	0	766.453
0.523599	1.134796	2.434290	103	10	4	766.306
-3.141593	1.606104	-0.451151	119	111	119	766.268
-0.261799	1.756530	-2.105156	0	23	121	766.080
2.879793	1.836682	-0.676006	2	111	117	766.076
2.879793	0.674054	1.013609	119	125	114	766.064
-0.261799	1.658653	-2.409879	121	22	120	766.030
1.308997	0.458961	-0.107937	12	1	108	765.980
-1.047198	2.251330	-2.330739	103	14	121	765.822
-0.785398	2.587733	0.232235	112	0	117	765.794
2.356194	0.961715	0.014085	114	7	111	765.756
1.570796	0.203748	0.590255	109	21	4	765.728
1.308997	1.113094	-0.272241	111	16	117	765.675
0.785398	1.050534	3.042579	107	8	2	765.626
0.523599	0.419640	2.974122	124	105	3	765.520
0.261799	1.242974	-2.977882	117	19	120	765.508
-2.617994	2.001437	0.381215	125	109	11	765.401
0.785398	1.948085	-2.363031	23	121	106	765.385
-0.523599	0.929350	-2.910676	122	118	108	765.359
-1.308997	1.982574	-1.115518	123	106	119	765.340
-0.785398	1.448123	-2.163292	122	105	122	765.330
-2.094395	2.478122	2.609777	100	18	126	765.207
-2.879793	0.591903	2.010408	0	111	118	765.106
-2.356194	1.870545	-2.976234	118	11	108	765.086
2.879793	2.979456	-1.009304	4	117	14	764.936
0.000000	2.863997	0.549740	120	107	126	764.841
0.000000	1.812176	0.656819	16	112	16	764.763
1.570796	1.310100	1.488307	19	113	16	764.755
-1.047198	0.709924	0.218797	5	101	16	764.705
2.094395	1.440580	2.260026	8	106	12	764.648
-2.356194	2.984978	1.954446	109	20	125	764.639
0.261799	1.554776	0.100351	26	18	1	764.598
-2.094395	2.299159	2.264663	14	119	13	764.452
-2.879793	1.977582	0.969896	11	111	1	764.398
-0.261799	0.419640	2.974122	106	113	4	764.397
2.617994	1.450119	-2.739050	3	106	119	764.301
0.523599	1.025536	1.576859	8	108	2	764.176
-1.047198	0.866955	-0.931351	17	1	108	764.121
-1.570796	1.662363	0.915448	100	6	8	764.094
2.356194	1.554776	0.100351	106	19	3	764.046
-3.141593	0.910508	1.903534	122	108	125	763.953
1.832596	0.418037	1.360082	4	114	19	763.916
-1.308997	1.872854	1.543456	107	12	8	763.898
2.879793	2.724429	-0.348782	127	115	11	763.788
2.356194	0.458961	-0.107937	116	6	109	763.481
0.261799	0.733948	3.021411	103	6	116	763.441
1.047198	2.760637	2.781135	103	5	0	763.392
-1.047198	0.419640	2.974122	3	116	5	763.251
1.308997	2.349581	-2.702517	19	102	118	763.234
-0.785398	1.824694	1.850876	3	113	18	763.068
-2.879793	1.310100	1.488307	120	111	126	763.044
-2.617994	2.724429	-0.348782	1	110	11	762.999
-0.261799	0.618092	2.539118	6	14	112	762.993
1.832596	0.700570	1.559208	6	112	16	762.933
2.617994	1.045978	0.343692	113	23	19	762.706
0.785398	1.683268	0.374177	25	113	10	762.576
1.832596	1.014500	0.906702	12	122	20	762.564
2.094395	0.685216	-1.712745	119	127	106	762.402
2.617994	2.760637	2.781135	2	122	105	762.109
-1.047198	1.135813	-2.658866	101	116	122	761.998
2.094395	2.760637	2.781135	7	108	114	761.877
2.879793	2.404280	-0.174044	101	11	7	761.757
0.000000	2.295480	1.008277	10	106	12	761.752
1.570796	2.637879	2.121598	121	104	4	761.719
-0.785398	0.458961	-0.107937	1	0	109	761.706
1.832596	0.615174	-0.666022	119	127	108	761.530
-2.356194	2.115563	0.685730	127	112	14	761.414
-1.308997	0.992645	-1.723759	112	109	119	761.412
-1.570796	0.496451	0.593859	6	124	110	761.412
-2.356194	2.588535	-2.976617	0	1	103	761.391
2.879793	1.417623	-0.202254	123	114	118	761.212
-1.832596	2.407836	1.410646	122	111	119	761.164
-1.832596	0.899350	-2.069907	97	18	8	761.131
-2.356194	1.050534	3.042579	116	16	118	761.058
-2.617994	0.458961	-0.107937	3	112	108	761.002
-2.356194	0.379747	-1.713059	3	118	7	760.844
-2.094395	2.456751	-1.503343	2	110	110	760.809
0.000000	0.419640	2.974122	124	108	14	760.804
-0.523599	2.138223	1.678323	1	105	11	760.771
-3.141593	2.393226	1.857173	126	0	114	760.526
-0.261799	1.335669	0.897240	24	12	124	760.525
0.000000	1.756530	-2.105156	125	24	121	760.521
-0.261799	1.417623	-0.202254	21	14	119	760.494
-1.832596	2.393226	1.857173	108	17	13	760.465
-1.308997	2.115563	0.685730	107	6	7	760.210
-2.617994	0.290380	-0.796960	103	15	3	760.059
2.879793	1.732874	-0.951685	5	110	116	759.908
-1.570796	0.618092	2.539118	110	17	4	759.701
1.570796	1.413347	-1.339188	5	114	110	759.416
2.879793	0.203748	0.590255	0	113	18	758.968
0.000000	0.080730	-2.622036	125	105	5	758.742
-0.785398	2.456751	-1.503343	116	16	117	758.676
-1.832596	2.719179	-1.780644	7	105	0	758.643
-1.047198	1.599406	1.426070	117	17	15	758.623
2.094395	1.504028	0.636812	119	19	19	758.586
-1.308997	2.073035	2.027405	111	20	12	758.566
-0.785398	1.413430	2.550734	106	15	13	758.443
1.570796	1.134497	-1.109631	5	119	108	758.314
0.523599	2.704512	1.488683	13	100	121	758.080
0.000000	1.025536	1.576859	19	11	119	758.055
2.617994	1.875281	0.107086	106	21	127	757.956
1.308997	2.033014	2.977192	0	116	108	757.724
2.879793	1.218453	2.777284	3	106	126	757.697
-1.832596	2.251330	-2.330739	120	125	104	757.688
2.617994	0.700570	1.559208	18	10	1	757.266
-3.141593	1.977582	0.969896	9	111	0	757.251
-1.308997	1.977582	0.969896	106	8	6	757.134
0.785398	2.115563	0.685730	23	108	3	756.991
0.261799	2.187132	-0.479875	14	113	2	756.891
2.094395	2.455966	-0.641220	105	17	122	756.534
1.047198	2.073035	2.027405	119	106	126	756.381
2.356194	0.910508	1.903534	7	107	14	756.220
-0.785398	0.914445	2.687814	124	113	2	756.110
-1.832596	2.349581	-2.702517	125	124	106	756.104
1.832596	1.510910	-0.740472	5	116	125	756.009
0.785398	1.310100	1.488307	2	110	126	755.907
-1.047198	1.113094	-0.272241	19	5	113	755.742
1.308997	1.504028	0.636812	22	22	1	755.730
-2.617994	1.488617	1.159546	11	107	9	755.699
-1.308997	2.108018	1.311430	107	12	3	755.680
-0.261799	2.063651	-2.044600	126	25	121	755.482
2.356194	0.831641	0.616218	6	125	21	755.247
-1.832596	2.478122	2.609777	109	22	5	755.180
0.785398	0.418037	1.360082	1	115	6	755.136
1.832596	1.741644	-2.695914	6	106	112	755.100
-1.832596	0.297065	2.160177	117	15	15	754.999
0.261799	0.899350	-2.069907	125	109	109	754.995
2.356194	1.836682	-0.676006	104	116	8	754.805
2.879793	1.135834	-1.431087	3	124	101	754.416
-1.832596	0.914445	2.687814	20	23	1	754.139
-3.141593	1.569311	-3.003978	11	109	2	754.131
-1.570796	1.756530	-2.105156	127	116	108	754.033
0.523599	1.440580	2.260026	127	110	118	753.855
-0.523599	0.203748	0.590255	4	127	110	753.600
0.000000	0.370812	-2.547742	126	104	1	753.531
2.094395	1.168678	2.108595	12	107	12	753.492
1.570796	2.587733	0.232235	5	119	119	753.430
-2.617994	1.766067	2.153843	18	21	122	753.419
2.617994	1.194549	-0.801900	109	119	113	753.400
0.523599	0.615174	-0.666022	123	3	109	753.335
1.570796	1.195355	1.200319	12	118	20	753.281
2.356194	0.709924	0.218797	5	126	19	752.967
2.094395	2.299159	2.264663	8	122	109	752.921
-1.570796	1.846342	-1.796954	0	112	110	752.845
-1.047198	2.104282	-0.813972	18	105	120	752.608
-0.523599	1.554776	0.100351	15	115	16	752.497
1.047198	1.504028	0.636812	126	113	9	752.455
-1.570796	0.619654	-2.216909	97	14	14	752.453
0.785398	1.113094	-0.272241	118	13	115	752.453
0.261799	1.128190	-2.288622	106	7	122	752.102
1.308997	2.587733	0.232235	123	16	17	751.887
-2.094395	1.242974	-2.977882	23	20	120	751.883
-2.356194	2.251330	-2.330739	3	121	104	751.798
-2.094395	2.579248	-2.364801	9	115	110	751.724
2.879793	2.592629	0.909713	107	21	117	751.719
-0.261799	2.343981	-1.040456	15	108	115	751.712
0.523599	0.960688	-0.577532	121	13	114	751.524
-0.523599	2.104282	-0.813972	16	105	122	751.479
-1.308997	1.135813	-2.658866	94	12	4	751.385
-1.308997	1.195355	1.200319	106	8	10	751.318
-2.879793	2.579248	-2.364801	4	114	108	751.167
0.261799	2.299159	2.264663	14	96	123	751.161
-3.141593	2.379497	0.561089	109	18	12	751.154
-3.141593	0.866395	-2.492918	121	24	5	751.098
2.356194	2.579248	-2.364801	9	112	10	750.969
-1.832596	2.760637	2.781135	100	15	119	750.854
-1.308997	1.128190	-2.288622	92	9	6	750.827
-1.570796	1.504028	0.636812	111	7	17	750.816
-0.261799	1.545873	-1.877082	106	9	122	750.730
-2.094395	1.045978	0.343692	127	102	3	750.701
-2.356194	1.824694	1.850876	12	113	8	750.696
-0.523599	0.866395	-2.492918	112	109	121	750.651
-2.617994	2.295480	1.008277	7	112	7	750.587
-1.047198	1.014500	0.906702	3	106	21	750.574
-2.356194	2.356369	3.005869	0	1	107	750.528
-0.523599	0.709924	0.218797	0	12	112	750.490
-2.356194	1.555207	1.708892	13	111	5	750.327
2.617994	0.850607	-1.335383	107	16	120	750.136
-2.356194	2.579248	-2.364801	8	105	124	750.115
1.047198	2.863997	0.549740	119	14	117	750.111
-1.308997	0.709924	0.218797	6	101	7	750.064
-2.356194	2.719179	-1.780644	5	110	111	749.870
2.094395	2.863997	0.549740	113	20	111	749.849
-1.832596	0.591903	2.010408	116	14	1	749.598
-3.141593	2.295480	1.008277	109	12	20	749.509
-2.617994	1.977582	0.969896	127	110	5	749.470
-1.047198	1.450119	-2.739050	103	116	117	749.360
-0.785398	1.242974	-2.977882	117	115	115	749.286
-2.879793	2.115563	0.685730	113	13	21	749.202
1.308997	2.379497	0.561089	3	116	121	748.972
2.879793	2.407836	1.410646	0	126	116	748.824
-2.356194	0.297065	2.160177	5	122	110	748.798
2.617994	0.910508	1.903534	19	11	127	748.744
0.785398	1.510910	-0.740472	117	17	116	748.699
-1.308997	0.379747	-1.713059	6	5	108	748.637
-2.356194	1.256302	0.062705	2	103	125	748.441
0.785398	2.455966	-0.641220	13	116	123	748.418
0.785398	0.591903	2.010408	4	109	3	748.324
-3.141593	0.906588	1.252948	9	112	18	748.210
0.261799	1.168678	2.108595	122	112	122	748.165
-1.047198	1.256302	0.062705	30	6	121	747.959
-0.785398	2.001437	0.381215	7	105	10	747.842
2.094395	2.089241	-0.114193	108	20	1	747.805
-1.308997	0.899350	-2.069907	107	113	120	747.751
1.832596	0.571433	-1.188419	123	122	110	747.684
1.570796	1.504028	0.636812	8	124	21	747.678
2.617994	0.762244	-0.273349	109	23	10	747.632
2.617994	0.615174	-0.666022	99	11	124	747.515
1.308997	0.418037	1.360082	3	116	19	747.270
2.094395	1.045978	0.343692	117	122	115	747.199
-1.308997	1.242974	-2.977882	97	14	10	747.175
-2.094395	2.349581	-2.702517	124	1	104	746.980
1.832596	0.762244	-0.273349	127	0	109	746.955
2.094395	0.458961	-0.107937	114	22	14	746.953
1.047198	2.115563	0.685730	10	110	6	746.940
-2.617994	2.478122	2.609777	120	127	112	746.763
1.308997	1.809167	1.213774	117	109	13	746.699
1.047198	1.599406	1.426070	112	111	9	746.689
2.879793	1.367556	0.358405	0	112	119	746.538
-2.356194	2.063651	-2.044600	127	120	103	746.478
-0.261799	1.367556	0.358405	23	16	126	746.418
-1.570796	2.881233	-2.582574	15	113	4	746.241
1.832596	0.850607	-1.335383	5	118	108	746.114
2.094395	0.866395	-2.492918	6	113	108	745.891
-0.785398	1.247695	1.809890	115	120	123	745.885
-1.570796	1.134497	-1.109631	28	123	114	745.707
-1.047198	0.685216	-1.712745	122	106	6	745.621
-1.308997	1.135834	-1.431087	12	106	121	745.385
1.832596	0.203748	0.590255	110	20	11	745.289
-3.141593	2.041297	-2.664597	4	6	102	745.222
2.094395	2.724429	-0.348782	105	18	0	745.167
-0.261799	1.909857	-0.381669	23	15	2	745.133
-0.261799	0.864993	2.278281	110	18	12	745.115
-2.094395	2.379497	0.561089	108	11	12	745.021
0.000000	0.929350	-2.910676	106	10	115	744.937
-1.308997	0.080730	-2.622036	1	9	108	744.919
0.785398	0.910508	1.903534	1	107	12	744.906
-2.094395	1.367556	0.358405	3	103	5	744.871
-1.570796	1.554776	0.100351	29	124	122	744.781
-1.308997	0.864993	2.278281	112	19	125	744.753
2.879793	0.618092	2.539118	125	111	115	744.753
2.356194	1.545873	-1.877082	116	111	122	744.667
-3.141593	2.881233	-2.582574	3	111	111	744.631
-2.879793	2.379497	0.561089	109	121	113	744.555
-0.785398	1.391910	3.030322	116	118	114	744.359
0.000000	1.417623	-0.202254	27	14	120	744.233
2.879793	1.982574	-1.115518	116	22	120	744.216
-0.523599	2.063651	-2.044600	18	114	121	744.198
-0.261799	2.104282	-0.813972	14	104	119	744.143
0.523599	1.050534	3.042579	121	105	122	744.059
1.308997	2.108018	1.311430	24	109	4	744.055
2.617994	1.998705	2.370472	18	113	15	744.034
-0.785398	1.812176	0.656819	11	118	21	743.879
-3.141593	1.545873	-1.877082	117	26	116	743.834
0.000000	2.073035	2.027405	11	95	2	743.568
0.785398	1.606104	-0.451151	115	17	122	743.555
-0.523599	1.256302	0.062705	29	9	121	743.474
-1.047198	2.174483	2.653697	107	18	8	743.411
0.523599	1.247695	1.809890	3	108	126	743.349
-1.832596	0.418037	1.360082	6	112	25	743.160
-0.785398	0.297065	2.160177	22	8	113	743.076
1.570796	1.909857	-0.381669	110	20	125	742.906
-1.047198	2.187132	-0.479875	17	103	123	742.900
-0.785398	1.977582	0.969896	1	96	125	742.865
1.570796	1.617114	-1.572037	8	20	114	742.770
2.356194	0.700570	1.559208	5	109	14	742.766
1.570796	0.591903	2.010408	11	107	10	742.736
2.094395	0.850607	-1.335383	104	12	0	742.726
-1.308997	1.870545	-2.976234	96	13	0	742.521
-2.094395	1.875281	0.107086	118	114	110	742.470
-2.879793	2.637879	2.121598	127	125	114	742.453
-1.570796	2.984978	1.954446	104	17	0	742.299
-3.141593	2.356369	3.005869	20	115	11	742.215
1.308997	1.050534	3.042579	108	5	125	742.177
-3.141593	2.588535	-2.976617	6	120	107	742.141
1.308997	2.001437	0.381215	112	14	16	742.013
-1.308997	2.356369	3.005869	104	19	0	742.008
0.523599	0.733948	3.021411	113	104	1	741.623
-1.570796	1.242974	-2.977882	98	16	14	741.411
1.832596	2.404280	-0.174044	110	19	7	741.401
-1.832596	2.637879	2.121598	112	21	10	741.334
-1.308997	0.733948	3.021411	102	16	6	741.330
-3.141593	0.458961	-0.107937	115	121	110	741.317
0.523599	1.417623	-0.202254	119	13	117	741.110
-1.308997	2.664082	-1.071402	8	107	113	740.918
1.047198	1.014500	0.906702	8	113	6	740.913
-2.617994	1.721184	-0.153948	119	105	126	740.891
-3.141593	1.113094	-0.272241	118	112	116	740.817
-1.308997	1.310100	1.488307	116	17	9	740.797
-1.047198	1.824694	1.850876	110	18	14	740.426
-1.832596	1.510910	-0.740472	29	120	119	740.254
-0.261799	2.863997	0.549740	14	102	3	740.160
-1.308997	1.433411	-1.035986	124	103	116	740.146
2.879793	2.393226	1.857173	7	111	127	740.062
2.879793	1.450119	-2.739050	11	107	116	740.040
1.047198	0.618092	2.539118	0	104	6	739.893
-2.617994	1.440580	2.260026	19	20	127	739.883
2.879793	1.214854	-1.966664	8	111	125	739.788
-2.094395	1.870545	-2.976234	117	9	107	739.722
-1.047198	2.455966	-0.641220	1	104	121	739.674
-2.617994	1.413430	2.550734	12	112	3	739.587
-2.617994	1.256302	0.062705	121	104	126	739.569
2.617994	2.587733	0.232235	103	15	9	739.568
-3.141593	2.104282	-0.813972	6	108	124	739.524
-2.879793	2.174483	2.653697	4	4	109	739.518
0.785398	0.906588	1.252948	5	111	5	739.200
-2.879793	2.299159	2.264663	122	2	114	739.098
-1.570796	1.658653	-2.409879	2	118	106	738.967
-2.094395	0.615174	-0.666022	7	3	108	738.892
-0.785398	2.588535	-2.976617	104	16	125	738.871
-1.570796	1.574060	2.783565	117	13	112	738.831
-0.261799	0.700570	1.559208	17	5	112	738.734
-1.308997	1.736875	3.023612	102	17	8	738.715
2.879793	2.108018	1.311430	7	111	0	738.688
-0.785398	1.440580	2.260026	107	13	17	738.626
-1.047198	0.618092	2.539118	107	19	4	738.603
2.879793	2.138223	1.678323	116	28	3	738.589
1.308997	1.869911	2.701025	125	112	111	738.578
-0.785398	1.875281	0.107086	16	113	17	738.465
1.308997	1.836682	-0.676006	112	20	120	738.381
-1.832596	0.685216	-1.712745	123	122	15	738.187
-0.261799	0.960688	-0.577532	13	9	110	738.104
-1.832596	1.812176	0.656819	117	108	119	737.818
-1.047198	1.699788	2.452890	109	17	15	737.708
-2.879793	1.417623	-0.202254	119	109	120	737.699
2.094395	2.664082	-1.071402	113	113	112	737.627
-1.047198	0.929350	-2.910676	103	13	19	737.593
-2.094395	2.033014	2.977192	0	1	108	737.484
-0.523599	2.089241	-0.114193	16	105	3	737.312
-1.570796	1.732874	-0.951685	121	105	114	737.258
-0.785398	0.733948	3.021411	127	112	126	737.236
-0.523599	2.379497	0.561089	9	104	8	736.757
-0.785398	1.301460	-0.509251	27	9	119	736.446
1.308997	1.025536	1.576859	7	111	17	736.355
0.261799	1.721184	-0.153948	21	105	3	736.335
1.832596	1.569311	-3.003978	32	4	116	736.027
-2.356194	1.875281	0.107086	124	105	5	735.773
-1.308997	0.571433	-1.188419	3	103	124	735.756
0.261799	2.138223	1.678323	6	97	5	735.596
-2.617994	2.356369	3.005869	125	8	105	735.528
1.308997	0.674054	1.013609	18	116	16	735.510
1.832596	2.247462	0.191623	114	20	12	735.475
0.523599	0.929350	-2.910676	116	15	116	735.453
0.523599	1.606104	-0.451151	118	15	119	735.430
2.617994	2.115563	0.685730	118	28	5	735.395
-0.523599	1.214854	-1.966664	105	10	118	735.354
-0.785398	2.104282	-0.813972	12	105	122	735.242
1.570796	1.732874	-0.951685	6	26	118	735.196
-1.832596	1.433411	-1.035986	101	112	123	735.094
-1.047198	2.393226	1.857173	106	16	11	735.008
1.832596	1.732874	-0.951685	2	26	118	734.574
-2.617994	0.591903	2.010408	2	113	117	734.472
-1.047198	0.640596	-2.797608	10	14	110	734.445
0.000000	1.721184	-0.153948	23	17	1	734.154
0.523599	1.135813	-2.658866	108	8	0	734.146
-1.570796	2.108018	1.311430	110	11	20	734.133
2.094395	1.683268	0.374177	112	16	19	734.098
1.308997	2.115563	0.685730	1	118	119	734.039
-0.523599	1.325504	-1.671296	110	10	114	733.987
2.094395	1.812176	0.656819	116	13	21	733.906
-1.570796	0.866395	-2.492918	98	17	11	733.829
0.261799	2.073035	2.027405	7	95	4	733.783
0.261799	0.591903	2.010408	2	17	117	733.765
-0.523599	2.153910	-1.714959	19	113	122	733.743
1.570796	1.574060	2.783565	21	109	14	733.575
0.000000	1.836682	-0.676006	19	114	6	733.442
-2.094395	0.674054	1.013609	5	124	111	733.269
-2.617994	0.496451	0.593859	1	121	109	733.190
-2.617994	1.869911	2.701025	25	17	117	732.993
-0.261799	2.587733	0.232235	13	104	126	732.922
1.570796	2.073035	2.027405	0	104	0	732.904
0.523599	0.906588	1.252948	10	113	126	732.693
2.617994	0.960688	-0.577532	127	122	108	732.670
0.261799	0.700570	1.559208	7	19	120	732.618
1.308997	1.184361	0.625864	21	20	124	732.574
-0.785398	0.419640	2.974122	103	15	127	732.486
-3.141593	1.658653	-2.409879	11	108	0	732.467
-2.879793	1.606104	-0.451151	121	108	119	732.452
-1.308997	2.979456	-1.009304	122	14	122	732.443
1.570796	1.025536	1.576859	14	113	18	732.378
1.832596	0.290380	-0.796960	119	20	11	732.372
0.261799	1.699788	2.452890	108	12	11	732.225
2.617994	1.948085	-2.363031	123	16	123	732.203
-1.308997	2.089241	-0.114193	14	102	2	732.191
0.523599	2.180315	-1.357379	111	17	127	732.158
-3.141593	2.704512	1.488683	109	23	118	732.071
-1.308997	2.592629	0.909713	106	8	3	732.020
1.570796	1.168678	2.108595	19	113	22	731.791
-0.261799	0.290380	-0.796960	127	127	108	731.699
-2.094395	2.881233	-2.582574	3	121	106	731.531
2.617994	1.683268	0.374177	108	22	6	731.483
-0.261799	1.045978	0.343692	27	11	120	731.120
-1.047198	2.180315	-1.357379	7	108	109	731.079
-1.047198	2.587733	0.232235	5	102	3	731.070
-2.356194	1.554776	0.100351	124	104	1	731.031
-1.570796	1.909857	-0.381669	11	102	126	730.883
-1.832596	0.700570	1.559208	8	108	9	730.869
2.356194	1.134497	-1.109631	108	17	126	730.802
0.000000	1.374601	-2.456031	119	20	119	730.707
2.094395	1.256302	0.062705	113	23	6	730.699
2.356194	1.218453	2.777284	36	6	124	730.696
0.523599	0.080730	-2.622036	122	126	107	730.676
-0.523599	2.001437	0.381215	12	115	19	730.604
-2.356194	1.606104	-0.451151	107	0	14	730.576
-0.523599	2.664082	-1.071402	115	13	116	730.571
-0.261799	1.256302	0.062705	29	11	121	730.555
2.094395	1.242974	-2.977882	4	104	118	730.436
0.785398	0.709924	0.218797	0	12	110	730.099
2.879793	0.762244	-0.273349	119	120	111	729.880
2.356194	1.948085	-2.363031	1	16	125	729.871
-2.617994	1.025536	1.576859	2	108	0	729.742
1.308997	0.762244	-0.273349	117	2	110	729.636
1.308997	2.041297	-2.664597	121	118	104	729.494
0.261799	1.050534	3.042579	103	9	122	729.461
1.308997	1.998705	2.370472	2	114	111	729.202
-0.523599	2.295480	1.008277	112	124	116	729.071
0.523599	2.407836	1.410646	11	104	10	728.988
-0.523599	2.456751	-1.503343	9	113	122	728.883
2.879793	1.113094	-0.272241	120	116	115	728.738
-2.879793	1.135834	-1.431087	6	5	9	728.718
-1.047198	1.374601	-2.456031	125	121	105	728.638
2.879793	2.063651	-2.044600	8	109	4	728.569
1.047198	0.418037	1.360082	0	8	111	728.483
-0.785398	1.134796	2.434290	118	115	125	728.408
-2.356194	1.662363	0.915448	2	110	16	728.399
-0.785398	1.256302	0.062705	29	8	122	728.379
-0.785398	1.574060	2.783565	106	18	8	728.363
-0.785398	0.674054	1.013609	116	9	20	728.245
1.570796	1.256302	0.062705	24	119	4	728.148
0.523599	0.203748	0.590255	14	3	109	728.137
2.094395	0.619654	-2.216909	122	122	106	728.127
-0.785398	2.455966	-0.641220	13	106	120	728.084
-1.047198	0.914445	2.687814	110	117	1	728.069
-0.785398	1.506530	1.988858	114	121	119	728.006
-0.261799	1.301460	-0.509251	20	13	116	727.924
-1.308997	1.732874	-0.951685	12	104	118	727.893
-2.617994	1.875281	0.107086	6	106	2	727.809
-0.785398	2.174483	2.653697	6	124	108	727.791
2.617994	2.343981	-1.040456	109	15	4	727.717
0.261799	1.417623	-0.202254	28	16	121	727.658
-2.617994	2.164094	-2.991358	123	9	105	727.647
1.047198	1.310100	1.488307	15	107	7	727.621
-1.308997	1.025536	1.576859	117	18	6	727.473
2.356194	1.869911	2.701025	9	1	110	727.333
2.879793	2.664082	-1.071402	3	110	6	727.242
-2.356194	0.929350	-2.910676	115	17	117	727.233
-0.261799	2.108018	1.311430	114	122	117	727.230
-0.261799	1.214854	-1.966664	105	8	119	727.203
-2.879793	0.419640	2.974122	118	15	9	727.196
-2.094395	1.134796	2.434290	108	17	2	727.092
-0.261799	0.370812	-2.547742	123	106	1	727.041
0.523599	2.760637	2.781135	10	99	116	727.004
-2.617994	1.809167	1.213774	14	110	5	726.974
-1.570796	0.290380	-0.796960	1	104	5	726.877
-0.261799	2.073035	2.027405	2	106	13	726.800
1.570796	1.247695	1.809890	18	110	15	726.665
-2.356194	0.203748	0.590255	126	126	109	726.662
1.308997	0.709924	0.218797	123	11	111	726.649
1.308997	1.301460	-0.509251	116	17	114	726.560
0.261799	0.618092	2.539118	108	111	3	726.514
-0.523599	1.875281	0.107086	17	117	18	726.310
1.570796	0.961715	0.014085	121	8	111	726.270
1.832596	2.407836	1.410646	11	120	113	726.240
1.832596	0.080730	-2.622036	120	106	7	726.180
-2.094395	1.113094	-0.272241	26	118	117	725.956
1.570796	1.448123	-2.163292	24	127	105	725.939
1.308997	1.168678	2.108595	124	105	12	725.896
-2.094395	1.812176	0.656819	2	107	12	725.835
-0.785398	1.135813	-2.658866	108	114	117	725.735
-3.141593	0.496451	0.593859	120	113	111	725.570
1.308997	1.658653	-2.409879	9	13	110	725.305
-1.308997	1.168678	2.108595	116	22	11	725.300
1.570796	1.998705	2.370472	2	113	112	725.297
-0.785398	2.343981	-1.040456	9	107	115	725.291
2.617994	2.089241	-0.114193	4	113	127	725.202
0.785398	1.506530	1.988858	6	104	126	725.164
1.047198	2.592629	0.909713	18	110	116	725.095
2.094395	1.606104	-0.451151	105	15	121	725.094
-2.356194	2.478122	2.609777	121	126	112	725.086
2.879793	2.115563	0.685730	0	110	7	724.871
1.047198	1.699788	2.452890	18	101	9	724.857
1.047198	0.458961	-0.107937	1	125	110	724.766
2.356194	1.812176	0.656819	117	26	5	724.700
-2.879793	2.863997	0.549740	4	116	9	724.696
-2.617994	2.089241	-0.114193	7	106	1	724.662
0.000000	0.866395	-2.492918	104	8	125	724.436
0.000000	1.325504	-1.671296	107	6	118	724.387
-2.879793	2.455966	-0.641220	105	11	121	724.303
-1.832596	1.413347	-1.339188	101	115	121	724.291
1.832596	1.113094	-0.272241	1	123	13	724.280
-3.141593	2.247462	0.191623	108	15	13	724.274
2.879793	2.247462	0.191623	127	112	9	724.266
-1.308997	1.134796	2.434290	116	118	126	724.255
0.523599	1.301460	-0.509251	119	14	116	724.015
-1.308997	0.370812	-2.547742	109	18	21	724.010
-1.570796	1.135813	-2.658866	98	18	6	723.931
0.000000	1.872854	1.543456	119	118	117	723.837
0.261799	1.569311	-3.003978	103	8	8	723.765
1.308997	2.295480	1.008277	10	109	3	723.752
-1.570796	1.872854	1.543456	115	16	20	723.704
-2.356194	1.569311	-3.003978	28	18	119	723.650
2.879793	2.984978	1.954446	121	123	113	723.650
-0.523599	1.218453	2.777284	117	116	118	723.648
-1.308997	2.379497	0.561089	114	10	14	723.631
-1.047198	2.001437	0.381215	4	104	10	723.616
-1.832596	0.960688	-0.577532	27	122	115	723.523
-3.141593	2.592629	0.909713	107	15	15	723.362
-0.785398	0.906588	1.252948	114	3	25	723.359
-0.261799	1.325504	-1.671296	108	7	114	723.311
-3.141593	2.073035	2.027405	122	4	116	723.278
1.308997	1.510910	-0.740472	113	17	115	723.230
2.356194	2.343981	-1.040456	99	10	124	723.110
-2.094395	2.063651	-2.044600	117	124	105	723.094
2.094395	0.906588	1.252948	113	17	14	723.062
-2.879793	1.555207	1.708892	25	15	127	722.972
1.047198	0.379747	-1.713059	2	123	106	722.711
2.094395	0.618092	2.539118	18	8	0	722.316
2.356194	2.349581	-2.702517	127	15	121	722.312
2.094395	2.407836	1.410646	12	123	113	722.217
1.570796	1.982574	-1.115518	3	25	117	722.201
0.785398	1.195355	1.200319	17	114	122	722.173
2.094395	2.587733	0.232235	117	20	16	722.163
-1.308997	2.299159	2.264663	101	14	4	722.129
-0.785398	0.709924	0.218797	14	4	18	722.129
0.000000	2.579248	-2.364801	19	127	105	722.063
2.356194	2.041297	-2.664597	126	15	123	721.988
-0.261799	2.247462	0.191623	13	104	2	721.871
-2.356194	0.418037	1.360082	126	115	113	721.853
2.617994	2.984978	1.954446	7	121	109	721.732
1.047198	2.063651	-2.044600	21	3	107	721.722
2.356194	2.393226	1.857173	11	124	112	721.720
-0.261799	0.496451	0.593859	118	10	19	721.076
-1.832596	2.881233	-2.582574	3	121	106	720.895
0.523599	2.979456	-1.009304	4	117	118	720.823
-2.879793	2.592629	0.909713	115	19	17	720.817
1.047198	0.203748	0.590255	112	20	11	720.794
-1.832596	1.194549	-0.801900	28	122	116	720.779
-0.523599	1.809167	1.213774	0	97	10	720.755
2.617994	0.864993	2.278281	15	122	25	720.720
2.356194	2.587733	0.232235	107	18	119	720.635
-1.570796	1.545873	-1.877082	1	112	109	720.598
1.308997	0.914445	2.687814	107	4	123	720.582
2.094395	2.396274	-1.959260	106	5	112	720.554
-3.141593	0.379747	-1.713059	114	23	0	720.542
2.879793	1.599406	1.426070	2	113	120	720.485
-0.523599	1.242974	-2.977882	120	113	115	720.462
-1.570796	1.741644	-2.695914	122	127	105	720.456
-0.785398	0.418037	1.360082	118	20	6	720.281
-0.261799	0.910508	1.903534	121	115	126	720.162
1.308997	1.134796	2.434290	108	7	126	720.141
2.094395	1.247695	1.809890	7	111	17	720.090
-3.141593	1.909857	-0.381669	7	109	125	720.030
2.356194	1.504028	0.636812	122	26	15	719.790
-1.308997	1.683268	0.374177	14	108	15	719.751
2.094395	0.418037	1.360082	1	111	14	719.730
-1.832596	2.588535	-2.976617	1	119	113	719.686
0.785398	1.617114	-1.572037	11	104	108	719.685
2.617994	0.203748	0.590255	127	115	18	719.616
-2.879793	1.736875	3.023612	21	113	5	719.525
2.094395	1.325504	-1.671296	104	11	112	719.511
-2.879793	0.640596	-2.797608	117	18	125	719.374
0.523599	1.872854	1.543456	14	115	20	719.364
-1.832596	0.850607	-1.335383	20	120	107	719.196
2.879793	2.295480	1.008277	118	123	118	719.195
1.570796	1.870545	-2.976234	120	103	121	719.111
1.570796	1.194549	-0.801900	115	14	110	719.110
-2.617994	0.910508	1.903534	0	115	116	718.968
-1.832596	0.866955	-0.931351	21	120	109	718.957
-0.523599	1.658653	-2.409879	126	24	115	718.901
1.308997	0.866395	-2.492918	2	102	127	718.898
-2.879793	1.872854	1.543456	19	10	118	718.778
2.879793	1.756530	-2.105156	108	7	119	718.742
-1.308997	2.295480	1.008277	107	9	5	718.678
1.832596	1.374601	-2.456031	126	109	110	718.648
1.308997	2.881233	-2.582574	109	5	111	718.619
1.832596	2.637879	2.121598	5	106	123	718.617
-2.617994	0.914445	2.687814	121	18	123	718.471
-2.879793	1.809167	1.213774	18	10	120	718.428
2.617994	1.977582	0.969896	112	25	123	718.422
1.308997	1.488617	1.159546	20	113	13	718.416
1.570796	1.184361	0.625864	17	120	16	718.416
2.879793	1.846342	-1.796954	118	21	116	718.401
-2.879793	2.760637	2.781135	5	124	107	718.389
2.617994	2.592629	0.909713	122	17	21	718.365
-2.879793	1.599406	1.426070	126	110	15	718.361
2.617994	2.063651	-2.044600	126	17	126	718.312
0.523599	2.247462	0.191623	126	18	10	718.000
-3.141593	1.846342	-1.796954	116	22	119	717.838
2.879793	1.335669	0.897240	114	116	119	717.679
1.308997	0.297065	2.160177	4	109	16	717.661
0.000000	1.766067	2.153843	116	120	115	717.621
-2.094395	1.450119	-2.739050	115	13	110	717.578
-1.047198	1.440580	2.260026	106	17	7	717.568
-2.879793	2.108018	1.311430	25	13	125	717.553
1.308997	2.187132	-0.479875	113	22	1	717.550
2.617994	2.407836	1.410646	0	126	115	717.387
-0.785398	1.569311	-3.003978	118	118	110	717.372
0.785398	0.203748	0.590255	13	2	109	717.320
2.879793	0.297065	2.160177	126	108	115	717.157
-1.047198	2.704512	1.488683	106	12	5	717.058
0.000000	2.760637	2.781135	104	11	120	717.015
-2.879793	1.721184	-0.153948	124	107	125	717.011
-2.617994	1.310100	1.488307	10	108	3	716.996
-0.785398	2.984978	1.954446	1	124	17	716.882
-2.094395	2.407836	1.410646	107	14	15	716.860
1.570796	2.724429	-0.348782	113	15	107	716.857
1.308997	0.864993	2.278281	127	105	10	716.791
-2.617994	0.864993	2.278281	18	18	126	716.555
2.879793	1.413430	2.550734	18	108	6	716.432
-0.523599	1.301460	-0.509251	30	9	118	716.422
2.879793	0.290380	-0.796960	3	127	105	716.331
-1.832596	2.587733	0.232235	106	7	5	716.260
-1.570796	2.138223	1.678323	110	18	13	716.215
-3.141593	1.870545	-2.976234	12	109	4	716.151
-1.047198	2.247462	0.191623	7	103	6	716.143
1.047198	1.809167	1.213774	18	108	125	716.075
1.047198	0.866955	-0.931351	6	109	121	715.954
-0.523599	1.545873	-1.877082	110	14	116	715.857
1.570796	2.295480	1.008277	2	119	117	715.845
-0.785398	0.864993	2.278281	106	17	6	715.811
0.785398	0.866395	-2.492918	115	13	116	715.777
2.879793	2.033014	2.977192	4	4	107	715.686
-1.047198	1.555207	1.708892	107	13	9	715.496
-2.094395	0.929350	-2.910676	112	17	117	715.468
1.570796	0.762244	-0.273349	127	1	109	715.458
-1.832596	1.367556	0.358405	8	104	6	715.180
-1.047198	1.413347	-1.339188	2	104	122	715.045
2.617994	1.413430	2.550734	16	106	7	714.941
-0.523599	1.391910	3.030322	119	115	115	714.929
-0.261799	2.115563	0.685730	12	107	12	714.887
0.785398	0.685216	-1.712745	7	105	119	714.887
2.356194	1.433411	-1.035986	120	25	124	714.882
-2.879793	0.496451	0.593859	127	120	110	714.810
0.261799	1.732874	-0.951685	15	114	5	714.585
-2.094395	1.721184	-0.153948	1	102	0	714.504
2.094395	1.699788	2.452890	11	107	11	714.395
-2.617994	2.180315	-1.357379	120	111	108	714.281
-0.261799	2.001437	0.381215	15	106	9	714.194
0.261799	1.374601	-2.456031	110	11	3	714.192
0.261799	2.001437	0.381215	16	119	18	714.186
2.879793	0.685216	-1.712745	109	16	120	714.043
-1.570796	0.640596	-2.797608	2	119	7	714.027
2.094395	0.496451	0.593859	5	121	19	714.021
-0.785398	1.417623	-0.202254	25	10	120	714.020
-1.308997	0.914445	2.687814	107	18	1	713.971
-1.308997	1.658653	-2.409879	115	119	109	713.948
1.570796	0.850607	-1.335383	9	116	109	713.891
2.617994	1.391910	3.030322	120	107	1	713.863
-0.785398	0.496451	0.593859	3	1	110	713.795
2.094395	1.374601	-2.456031	124	110	109	713.780
1.570796	2.379497	0.561089	4	118	120	713.672
-0.261799	1.242974	-2.977882	122	22	121	713.646
-1.047198	2.724429	-0.348782	9	104	121	713.521
-0.261799	2.724429	-0.348782	19	108	126	713.442
0.261799	0.866395	-2.492918	104	5	124	713.385
1.570796	0.910508	1.903534	1	107	13	713.350
0.000000	2.456751	-1.503343	9	114	123	713.340
-1.308997	1.045978	0.343692	126	102	14	713.325
-1.570796	0.370812	-2.547742	15	6	108	713.321
-0.785398	1.617114	-1.572037	12	17	116	713.266
2.879793	1.569311	-3.003978	10	107	125	713.104
0.523599	0.850607	-1.335383	121	124	14	713.068
-1.832596	1.545873	-1.877082	124	119	102	712.952
-2.094395	2.073035	2.027405	3	115	12	712.924
2.879793	2.251330	-2.330739	111	6	118	712.784
-1.832596	1.617114	-1.572037	124	114	105	712.747
2.879793	1.448123	-2.163292	16	109	120	712.714
-2.356194	1.450119	-2.739050	26	17	116	712.695
-1.047198	1.325504	-1.671296	121	105	123	712.695
-2.094395	0.640596	-2.797608	111	20	124	712.598
0.523599	2.251330	-2.330739	5	6	104	712.495
2.356194	1.391910	3.030322	31	4	115	712.414
0.785398	2.138223	1.678323	121	105	126	712.401
-0.261799	0.685216	-1.712745	125	107	111	712.347
1.832596	1.413430	2.550734	19	7	121	712.286
2.356194	1.050534	3.042579	121	107	122	712.271
1.308997	2.455966	-0.641220	111	20	3	712.153
0.261799	2.033014	2.977192	104	8	13	712.131
1.047198	0.831641	0.616218	0	115	9	712.079
-2.356194	1.504028	0.636812	11	106	9	711.977
-1.570796	1.870545	-2.976234	118	126	108	711.899
0.523599	0.370812	-2.547742	119	104	118	711.761
2.094395	1.014500	0.906702	9	127	24	711.528
-1.570796	1.510910	-0.740472	3	104	115	711.416
-2.617994	2.637879	2.121598	105	21	123	711.367
2.094395	1.218453	2.777284	36	3	124	711.282
1.047198	0.685216	-1.712745	8	105	119	710.875
1.308997	1.606104	-0.451151	114	22	121	710.855
-2.617994	2.592629	0.909713	106	16	9	710.733
-1.832596	2.164094	-2.991358	6	121	110	710.627
-2.879793	0.379747	-1.713059	3	121	7	710.613
-2.094395	2.588535	-2.976617	1	125	106	710.355
-1.832596	1.335669	0.897240	112	108	0	710.347
0.000000	1.545873	-1.877082	107	9	125	710.316
-2.356194	2.138223	1.678323	12	116	14	710.255
-1.047198	0.850607	-1.335383	10	103	116	710.164
-2.879793	2.396274	-1.959260	127	111	108	710.095
1.570796	1.699788	2.452890	3	101	6	709.957
-3.141593	0.864993	2.278281	127	110	119	709.811
0.000000	2.180315	-1.357379	13	113	125	709.802
-3.141593	2.115563	0.685730	3	110	8	709.707
-1.308997	1.998705	2.370472	110	17	16	709.688
-1.570796	1.569311	-3.003978	96	16	9	709.569
-1.570796	0.992645	-1.723759	114	110	116	709.485
-2.094395	1.554776	0.100351	2	103	2	709.354
-2.617994	0.640596	-2.797608	116	20	122	709.279
2.879793	1.574060	2.783565	19	108	4	709.235
-2.356194	0.906588	1.252948	0	112	118	709.202
2.617994	2.174483	2.653697	7	0	108	709.200
-0.785398	0.910508	1.903534	117	23	12	708.926
2.356194	0.992645	-1.723759	122	115	114	708.886
0.000000	2.592629	0.909713	12	103	8	708.850
1.047198	2.396274	-1.959260	7	12	106	708.754
-1.308997	1.194549	-0.801900	6	101	123	708.465
1.832596	2.396274	-1.959260	1	117	98	708.409
1.308997	2.588535	-2.976617	19	102	117	708.403
1.308997	2.664082	-1.071402	110	21	124	708.298
-1.832596	1.909857	-0.381669	112	4	8	708.187
2.617994	1.218453	2.777284	123	106	127	707.989
-1.832596	2.247462	0.191623	123	106	114	707.949
2.879793	1.696674	-1.253233	116	109	124	707.783
-3.141593	1.488617	1.159546	119	109	4	707.678
-1.832596	1.569311	-3.003978	100	22	8	707.559
1.047198	2.881233	-2.582574	108	7	112	707.396
0.523599	2.455966	-0.641220	121	18	11	707.358
2.094395	2.881233	-2.582574	111	105	125	707.246
1.308997	2.153910	-1.714959	11	13	107	707.086
-0.523599	0.733948	3.021411	106	14	14	706.973
-1.308997	1.335669	0.897240	110	8	15	706.926
-2.617994	2.664082	-1.071402	110	8	123	706.840
-0.261799	0.831641	0.616218	19	6	113	706.627
-2.879793	0.458961	-0.107937	1	108	7	706.612
0.523599	2.138223	1.678323	9	111	18	706.610
2.879793	1.998705	2.370472	19	116	15	706.462
-2.617994	1.417623	-0.202254	118	105	123	706.437
0.261799	2.664082	-1.071402	9	115	123	706.329
0.261799	0.709924	0.218797	123	12	112	706.238
-2.617994	0.418037	1.360082	127	114	113	706.138
-0.785398	0.379747	-1.713059	9	103	121	706.113
-0.785398	1.025536	1.576859	113	8	23	706.099
-1.047198	0.674054	1.013609	117	9	20	706.081
1.570796	1.721184	-0.153948	109	20	2	705.842
-1.047198	2.033014	2.977192	108	20	4	705.773
-0.261799	1.617114	-1.572037	110	10	112	705.659
-0.261799	0.762244	-0.273349	12	10	111	705.610
-1.308997	1.247695	1.809890	113	17	12	705.441
-2.879793	1.506530	1.988858	25	15	125	705.418
1.047198	2.349581	-2.702517	13	100	114	705.271
-3.141593	2.587733	0.232235	110	119	112	704.988
0.523599	2.115563	0.685730	13	117	20	704.942
-1.832596	0.961715	0.014085	127	101	126	704.926
2.617994	0.866955	-0.931351	115	117	111	704.841
2.094395	1.732874	-0.951685	126	26	120	704.820
2.356194	0.929350	-2.910676	123	10	10	704.712
-2.617994	2.407836	1.410646	120	119	121	704.707
1.570796	1.869911	2.701025	11	102	0	704.662
-1.832596	0.571433	-1.188419	15	119	105	704.524
0.000000	2.174483	2.653697	2	109	11	704.440
0.785398	2.295480	1.008277	5	106	3	704.420
1.832596	1.736875	3.023612	111	106	5	704.391
0.785398	1.025536	1.576859	6	110	2	704.357
-0.261799	1.440580	2.260026	117	115	119	704.356
0.000000	2.393226	1.857173	8	95	123	704.256
1.832596	1.683268	0.374177	114	20	15	704.129
1.308997	1.617114	-1.572037	25	11	111	704.051
-1.570796	2.407836	1.410646	107	15	5	703.959
-2.617994	1.014500	0.906702	126	111	118	703.914
-2.617994	0.674054	1.013609	126	111	116	703.807
1.570796	1.135813	-2.658866	35	124	118	703.664
-2.879793	1.870545	-2.976234	22	114	6	703.597
0.000000	1.736875	3.023612	111	1	108	703.493
-0.785398	2.704512	1.488683	105	10	5	703.407
0.261799	0.203748	0.590255	118	21	7	703.374
2.356194	1.766067	2.153843	13	111	15	703.365
-1.047198	1.683268	0.374177	12	113	19	703.215
1.308997	0.379747	-1.713059	3	125	105	703.175
-2.617994	1.699788	2.452890	19	21	120	703.163
1.047198	0.591903	2.010408	120	109	119	703.022
-0.523599	0.960688	-0.577532	13	7	110	702.979
1.047198	1.135813	-2.658866	17	98	3	702.803
-0.785398	2.349581	-2.702517	104	15	119	702.700
-2.356194	2.724429	-0.348782	120	107	113	702.677
-2.617994	2.760637	2.781135	114	23	123	702.596
-0.261799	1.683268	0.374177	25	12	127	702.576
2.617994	2.349581	-2.702517	14	120	13	702.575
-0.785398	2.379497	0.561089	111	126	116	702.509
1.047198	2.187132	-0.479875	114	20	4	702.463
0.000000	1.909857	-0.381669	17	103	126	702.270
-1.570796	1.982574	-1.115518	123	107	110	702.144
-1.308997	1.113094	-0.272241	14	104	7	702.080
-0.785398	1.836682	-0.676006	17	109	6	702.063
-0.785398	0.899350	-2.069907	5	106	126	702.029
2.879793	1.510910	-0.740472	105	115	117	701.999
-2.617994	1.218453	2.777284	20	112	126	701.995
2.879793	1.736875	3.023612	9	108	5	701.921
1.047198	1.736875	3.023612	111	0	108	701.919
1.047198	0.910508	1.903534	109	110	2	701.866
2.617994	1.699788	2.452890	16	109	11	701.594
-1.570796	1.488617	1.159546	4	106	5	701.570
0.523599	2.379497	0.561089	12	112	14	701.568
-1.570796	2.404280	-0.174044	107	5	120	701.492
1.570796	2.704512	1.488683	18	112	113	701.331
0.523599	2.343981	-1.040456	14	115	124	701.290
-1.832596	2.724429	-0.348782	109	4	125	701.182
-0.523599	1.113094	-0.272241	26	7	115	701.082
1.047198	1.367556	0.358405	25	117	13	701.042
0.785398	1.756530	-2.105156	27	122	108	701.007
0.523599	1.545873	-1.877082	119	23	115	700.994
1.570796	2.001437	0.381215	110	14	16	700.982
1.832596	1.417623	-0.202254	24	123	3	700.924
1.047198	1.335669	0.897240	16	110	5	700.874
-1.047198	2.984978	1.954446	3	106	115	700.865
-1.308997	1.367556	0.358405	113	3	18	700.804
1.047198	1.948085	-2.363031	16	100	112	700.752
-1.570796	2.588535	-2.976617	4	119	115	700.633
-2.094395	2.404280	-0.174044	115	5	17	700.580
-0.261799	0.674054	1.013609	23	9	116	700.573
-1.047198	0.866395	-2.492918	122	115	109	700.570
0.261799	2.379497	0.561089	18	8	19	700.451
1.570796	0.733948	3.021411	2	101	0	700.391
-1.570796	2.247462	0.191623	126	103	114	700.221
2.617994	1.574060	2.783565	16	105	3	700.171
-1.832596	0.290380	-0.796960	0	120	105	700.161
1.832596	1.256302	0.062705	118	9	111	699.993
-2.879793	0.700570	1.559208	124	112	115	699.869
-0.523599	1.869911	2.701025	104	117	113	699.692
-1.047198	0.571433	-1.188419	122	101	0	699.650
-0.523599	1.756530	-2.105156	1	23	116	699.608
1.832596	1.025536	1.576859	3	112	17	699.472
2.094395	2.104282	-0.813972	119	121	106	699.440
-1.047198	2.115563	0.685730	3	99	116	699.428
-2.356194	1.448123	-2.163292	100	1	120	699.405
0.261799	1.214854	-1.966664	105	5	125	699.404
1.047198	1.417623	-0.202254	114	18	122	699.398
-0.523599	1.413347	-1.339188	124	103	4	699.380
-1.570796	1.113094	-0.272241	4	101	4	699.285
0.785398	0.831641	0.616218	0	5	111	699.262
-1.308997	2.478122	2.609777	103	18	125	699.250
-2.094395	0.496451	0.593859	3	122	109	699.231
-1.047198	1.977582	0.969896	1	99	121	699.208
0.261799	0.496451	0.593859	10	12	110	699.188
1.047198	2.637879	2.121598	9	101	3	699.172
2.094395	2.478122	2.609777	5	121	106	699.157
2.094395	1.417623	-0.202254	118	26	7	699.017
2.094395	1.998705	2.370472	9	111	15	699.017
2.879793	1.870545	-2.976234	9	108	5	698.987
-1.832596	2.033014	2.977192	99	21	0	698.975
-1.570796	1.335669	0.897240	4	104	2	698.906
2.879793	2.396274	-1.959260	127	105	5	698.825
-0.261799	2.719179	-1.780644	2	114	119	698.748
2.617994	0.419640	2.974122	8	112	112	698.736
0.523599	0.762244	-0.273349	122	11	112	698.679
-2.356194	1.184361	0.625864	125	104	9	698.592
-2.356194	1.699788	2.452890	105	21	18	698.560
-1.570796	2.579248	-2.364801	0	120	106	698.366
-1.832596	1.741644	-2.695914	123	127	105	698.251
-2.617994	0.700570	1.559208	127	112	117	697.858
1.570796	0.080730	-2.622036	125	118	109	697.628
2.356194	1.310100	1.488307	6	113	20	697.587
2.094395	1.134497	-1.109631	111	20	126	697.582
1.832596	0.929350	-2.910676	122	107	115	697.399
-1.308997	2.393226	1.857173	108	18	12	697.343
-2.356194	2.881233	-2.582574	116	17	124	697.271
-0.785398	1.050534	3.042579	100	13	3	697.225
1.570796	1.325504	-1.671296	12	110	112	697.155
-2.356194	2.187132	-0.479875	107	15	122	697.146
2.617994	1.504028	0.636812	113	26	4	697.141
-1.308997	1.184361	0.625864	112	7	17	697.003
-2.356194	1.736875	3.023612	115	19	113	696.920
0.000000	0.864993	2.278281	125	111	127	696.920
-1.570796	1.875281	0.107086	123	103	120	696.879
-2.356194	1.413347	-1.339188	28	120	123	696.703
1.570796	0.674054	1.013609	8	118	19	696.668
1.047198	1.606104	-0.451151	113	19	124	696.652
1.570796	2.356369	3.005869	13	102	118	696.627
0.000000	2.637879	2.121598	10	98	116	696.535
-1.047198	1.045978	0.343692	14	7	114	696.378
0.523599	1.310100	1.488307	12	110	122	696.289
0.261799	1.545873	-1.877082	109	11	122	696.278
-1.832596	2.295480	1.008277	124	109	118	696.163
-2.356194	0.618092	2.539118	117	16	0	696.145
0.000000	2.138223	1.678323	115	121	115	696.093
-0.785398	2.664082	-1.071402	11	109	114	695.943
0.261799	1.555207	1.708892	9	110	117	695.855
-2.617994	0.297065	2.160177	3	116	112	695.771
1.308997	0.700570	1.559208	3	111	15	695.695
2.094395	2.001437	0.381215	115	20	14	695.693
-1.047198	1.367556	0.358405	103	124	6	695.670
-1.570796	2.704512	1.488683	106	16	11	695.596
-1.570796	1.417623	-0.202254	30	122	119	695.532
1.570796	0.992645	-1.723759	9	21	114	695.450
1.570796	2.251330	-2.330739	20	104	115	695.403
1.570796	1.050534	3.042579	21	107	17	695.123
-2.094395	2.724429	-0.348782	112	6	14	695.120
0.523599	2.592629	0.909713	17	106	0	695.111
1.570796	1.045978	0.343692	120	11	113	695.109
1.308997	0.831641	0.616218	114	23	10	694.989
-1.047198	2.407836	1.410646	106	9	124	694.930
-1.047198	1.869911	2.701025	96	11	4	694.874
-0.261799	1.218453	2.777284	118	114	117	694.852
-1.570796	2.089241	-0.114193	10	102	3	694.832
1.832596	1.168678	2.108595	8	106	12	694.725
-2.617994	2.174483	2.653697	2	5	109	694.697
2.356194	0.899350	-2.069907	120	120	105	694.672
1.570796	0.685216	-1.712745	4	12	13	694.577
0.785398	2.001437	0.381215	111	11	5	694.559
2.356194	1.506530	1.988858	9	108	15	694.492
2.356194	1.721184	-0.153948	106	19	5	694.385
-2.356194	2.108018	1.311430	1	112	7	694.362
-1.308997	0.618092	2.539118	109	18	8	694.288
-1.308997	1.824694	1.850876	112	18	13	694.184
2.879793	0.615174	-0.666022	10	0	16	694.148
2.617994	0.961715	0.014085	121	118	114	694.031
-1.570796	0.379747	-1.713059	10	106	117	693.938
-0.261799	1.025536	1.576859	21	9	118	693.870
-2.094395	1.741644	-2.695914	121	11	106	693.853
-2.617994	0.615174	-0.666022	100	19	9	693.824
1.308997	0.961715	0.014085	123	8	111	693.561
0.785398	0.866955	-0.931351	125	7	106	693.516
-1.047198	2.356369	3.005869	102	15	0	693.459
-2.356194	1.113094	-0.272241	123	105	118	693.410
-2.094395	1.310100	1.488307	16	18	9	693.344
-1.570796	1.766067	2.153843	105	13	20	693.312
0.000000	1.555207	1.708892	117	118	120	693.239
2.356194	1.569311	-3.003978	117	107	0	693.164
-0.261799	1.741644	-2.695914	119	0	104	693.064
2.356194	2.379497	0.561089	119	123	117	692.969
1.308997	0.733948	3.021411	22	122	108	692.958
-1.047198	1.135834	-1.431087	126	105	3	692.885
-3.141593	2.153910	-1.714959	16	107	126	692.796
0.261799	1.741644	-2.695914	118	123	104	692.701
-1.308997	2.719179	-1.780644	5	114	109	692.554
-2.094395	2.984978	1.954446	113	23	5	692.518
1.570796	1.875281	0.107086	25	120	126	692.459
-2.356194	1.683268	0.374177	9	105	6	692.367
0.785398	2.063651	-2.044600	21	2	106	692.323
0.000000	0.831641	0.616218	17	6	112	692.145
-1.308997	1.413347	-1.339188	9	105	120	692.145
1.047198	1.301460	-0.509251	117	17	115	692.131
2.879793	1.658653	-2.409879	3	106	125	692.027
-2.094395	2.247462	0.191623	101	7	2	691.941
-0.785398	0.831641	0.616218	1	12	113	691.939
-0.523599	1.014500	0.906702	117	127	25	691.895
2.356194	1.872854	1.543456	124	23	13	691.854
2.617994	2.247462	0.191623	106	20	123	691.852
1.570796	0.297065	2.160177	0	105	8	691.795
-2.879793	1.391910	3.030322	12	20	114	691.746
-0.785398	2.760637	2.781135	20	5	113	691.736
-2.617994	0.419640	2.974122	118	18	12	691.702
1.047198	2.588535	-2.976617	15	100	117	691.616
-1.832596	0.733948	3.021411	111	18	121	691.379
1.832596	1.909857	-0.381669	108	19	126	691.348
0.000000	2.104282	-0.813972	14	112	1	691.325
0.785398	2.760637	2.781135	5	101	120	691.289
-1.832596	1.504028	0.636812	8	105	11	691.241
-1.832596	2.704512	1.488683	107	19	7	691.238
-0.261799	2.174483	2.653697	108	12	17	691.161
2.356194	1.998705	2.370472	10	127	111	691.049
2.356194	2.760637	2.781135	13	113	109	691.041
2.879793	1.391910	3.030322	3	107	127	691.012
-0.261799	2.984978	1.954446	106	12	5	690.959
0.000000	0.762244	-0.273349	17	10	111	690.894
-2.879793	2.295480	1.008277	118	17	20	690.894
1.570796	0.640596	-2.797608	123	108	113	690.854
-3.141593	2.979456	-1.009304	106	10	6	690.538
1.832596	1.574060	2.783565	14	102	3	690.506
1.832596	2.343981	-1.040456	112	117	112	690.352
2.094395	2.719179	-1.780644	105	5	113	690.338
1.832596	0.297065	2.160177	3	104	7	690.285
1.570796	2.063651	-2.044600	16	106	111	690.280
-1.047198	1.662363	0.915448	1	98	127	690.215
-0.523599	1.574060	2.783565	104	15	7	690.160
2.094395	1.741644	-2.695914	4	104	116	690.123
-0.523599	1.948085	-2.363031	125	25	122	690.092
-2.617994	2.187132	-0.479875	127	104	126	690.070
-1.570796	1.812176	0.656819	8	112	18	689.872
1.832596	0.960688	-0.577532	126	126	108	689.842
1.308997	0.850607	-1.335383	125	4	104	689.623
1.570796	1.367556	0.358405	116	15	22	689.621
1.570796	2.881233	-2.582574	108	2	111	689.499
0.000000	2.299159	2.264663	9	95	123	689.354
1.047198	2.251330	-2.330739	21	126	103	689.260
-3.141593	0.591903	2.010408	121	112	116	689.255
-1.047198	2.041297	-2.664597	97	11	123	689.040
-2.879793	2.343981	-1.040456	108	14	116	688.903
-2.879793	1.998705	2.370472	120	4	115	688.833
2.356194	1.732874	-0.951685	119	25	122	688.830
-2.356194	1.014500	0.906702	0	111	118	688.755
2.879793	1.766067	2.153843	31	10	119	688.654
0.523599	1.450119	-2.739050	112	15	0	688.572
-1.308997	1.256302	0.062705	30	4	121	688.572
-3.141593	0.899350	-2.069907	11	112	122	688.475
0.523599	0.866955	-0.931351	126	5	106	688.380
0.000000	1.870545	-2.976234	113	0	106	688.373
-1.047198	0.458961	-0.107937	14	121	108	688.349
-2.094395	0.418037	1.360082	6	121	111	688.308
2.094395	2.979456	-1.009304	5	109	114	688.290
1.308997	1.977582	0.969896	13	115	17	688.272
1.308997	2.104282	-0.813972	109	19	123	688.107
-1.308997	1.417623	-0.202254	107	107	114	688.080
-0.785398	2.187132	-0.479875	6	104	126	688.064
-2.879793	2.393226	1.857173	114	22	11	687.950
0.000000	2.724429	-0.348782	9	112	10	687.867
