112	1.2	0
-2.356194	2.174483	2.653697
-1.918595	1.490047	1.576230
../1vb4_monomer_m.pdb	17.234	27.542	-66.724
../1vb4_monomer_m.pdb	4.190	58.220	44.328
1.570796	1.736875	3.023612	21	14	6	1260.805
0.523599	1.606104	-0.451151	92	93	106	1237.237
-3.141593	2.001437	0.381215	106	94	98	1230.981
0.523599	2.089241	-0.114193	24	96	102	1208.687
0.785398	1.413430	2.550734	96	107	90	1205.087
1.047198	1.413430	2.550734	100	104	91	1189.096
1.308997	1.699788	2.452890	96	104	92	1173.401
-1.570796	2.089241	-0.114193	23	15	8	1164.150
-0.523599	1.977582	0.969896	102	88	101	1162.373
-2.356194	1.606104	-0.451151	0	3	87	1130.334
0.000000	1.504028	0.636812	13	89	108	1120.758
-0.261799	1.699788	2.452890	108	89	0	1113.281
0.261799	1.504028	0.636812	109	93	98	1110.606
-1.308997	2.247462	0.191623	21	16	6	1096.351
1.047198	0.866955	-0.931351	105	97	93	1096.304
-0.523599	2.164094	-2.991358	108	91	104	1093.275
1.047198	0.615174	-0.666022	110	98	93	1088.114
-1.832596	0.700570	1.559208	107	102	87	1087.869
0.261799	0.733948	3.021411	14	96	106	1087.399
0.261799	1.812176	0.656819	105	97	92	1073.312
0.523599	1.875281	0.107086	24	95	104	1068.310
-0.261799	2.164094	-2.991358	4	90	105	1068.274
0.000000	1.909857	-0.381669	109	95	89	1067.105
-1.570796	1.134796	2.434290	106	7	25	1064.516
-2.094395	1.168678	2.108595	11	92	98	1064.067
-0.523599	2.033014	2.977192	109	91	103	1063.297
2.356194	1.617114	-1.572037	109	92	110	1058.848
0.261799	2.104282	-0.813972	108	98	87	1058.327
-0.523599	2.760637	2.781135	92	98	91	1050.907
1.308997	1.998705	2.370472	93	103	95	1048.478
-1.832596	0.864993	2.278281	109	2	24	1046.712
1.570796	2.073035	2.027405	27	10	5	1046.292
-0.523599	1.699788	2.452890	104	93	100	1045.592
0.785398	2.089241	-0.114193	26	100	102	1044.928
0.523599	1.683268	0.374177	8	91	106	1044.178
-0.523599	1.812176	0.656819	107	94	92	1044.109
1.047198	1.699788	2.452890	98	105	92	1042.773
-2.617994	2.579248	-2.364801	96	95	104	1036.142
-1.308997	1.741644	-2.695914	108	101	93	1033.730
-0.785398	2.881233	-2.582574	99	100	91	1032.968
0.000000	0.418037	1.360082	108	2	22	1032.672
0.523599	1.846342	-1.796954	1	90	95	1031.926
-0.261799	1.683268	0.374177	109	94	92	1030.926
0.523599	1.909857	-0.381669	92	93	103	1029.989
-1.308997	1.658653	-2.409879	5	100	93	1029.986
0.000000	1.335669	0.897240	13	90	110	1028.853
0.000000	1.812176	0.656819	103	98	92	1024.908
0.523599	1.721184	-0.153948	93	93	100	1024.835
1.832596	0.899350	-2.069907	107	92	0	1024.303
-1.308997	0.619654	-2.216909	106	4	23	1022.634
-2.356194	1.506530	1.988858	86	9	0	1020.571
-0.785398	2.393226	1.857173	98	91	98	1020.062
0.000000	2.579248	-2.364801	96	102	85	1019.659
-1.570796	1.374601	-2.456031	111	100	90	1017.930
-0.523599	1.736875	3.023612	108	91	108	1016.287
0.000000	1.721184	-0.153948	107	94	92	1013.623
-0.261799	1.812176	0.656819	111	95	92	1013.569
-0.261799	1.998705	2.370472	6	88	110	1013.127
-0.785398	2.108018	1.311430	99	90	99	1008.041
0.523599	2.719179	-1.780644	2	95	96	1007.666
1.832596	2.299159	2.264663	27	10	0	1004.190
-1.570796	0.864993	2.278281	109	3	25	998.785
0.000000	2.041297	-2.664597	1	90	102	997.930
1.047198	2.587733	0.232235	107	103	88	996.460
0.261799	2.881233	-2.582574	99	98	88	995.068
2.094395	1.391910	3.030322	105	108	86	995.015
0.261799	0.961715	0.014085	21	91	106	994.819
1.047198	1.134796	2.434290	98	102	90	993.962
-0.523599	0.203748	0.590255	102	103	88	993.428
2.879793	1.554776	0.100351	0	94	95	991.845
-1.570796	1.658653	-2.409879	4	99	93	991.116
0.523599	1.256302	0.062705	24	95	104	990.660
-1.570796	1.218453	2.777284	105	5	22	990.295
-0.261799	1.875281	0.107086	108	94	90	989.428
0.000000	2.089241	-0.114193	111	96	89	988.716
0.523599	2.456751	-1.503343	100	103	83	987.017
-1.047198	2.760637	2.781135	109	99	91	986.437
-0.261799	1.977582	0.969896	104	89	100	986.370
0.523599	2.404280	-0.174044	105	97	93	985.585
0.000000	1.683268	0.374177	4	95	92	983.367
0.523599	1.510910	-0.740472	8	91	98	983.135
-1.047198	0.458961	-0.107937	111	101	22	982.636
0.261799	1.025536	1.576859	15	13	103	981.621
-0.261799	2.115563	0.685730	4	92	93	981.596
0.261799	2.349581	-2.702517	3	90	100	981.492
0.261799	1.869911	2.701025	12	88	109	980.742
-2.879793	1.812176	0.656819	103	96	95	980.737
-1.308997	0.899350	-2.069907	30	1	8	980.542
-0.261799	1.736875	3.023612	0	91	105	978.783
1.570796	2.295480	1.008277	15	12	96	975.500
2.617994	1.510910	-0.740472	20	15	107	975.074
-0.261799	2.001437	0.381215	104	90	97	974.697
1.832596	2.041297	-2.664597	26	7	8	974.066
-1.832596	2.187132	-0.479875	23	14	14	973.515
2.356194	1.325504	-1.671296	110	91	109	972.790
-2.094395	2.295480	1.008277	106	92	103	972.740
0.785398	2.719179	-1.780644	100	103	83	970.862
1.308997	1.310100	1.488307	100	95	108	970.359
-0.261799	1.413430	2.550734	108	90	3	969.018
2.617994	1.982574	-1.115518	15	13	97	966.102
-0.523599	1.050534	3.042579	28	6	0	965.334
2.356194	1.301460	-0.509251	22	16	111	965.059
0.523599	1.982574	-1.115518	101	96	90	964.018
0.523599	2.343981	-1.040456	101	103	84	963.461
0.261799	1.367556	0.358405	107	92	101	961.306
1.832596	1.448123	-2.163292	102	95	2	959.454
0.000000	2.164094	-2.991358	110	88	106	959.312
-0.785398	2.001437	0.381215	17	18	1	959.051
0.785398	1.545873	-1.877082	13	18	0	959.039
-0.785398	2.063651	-2.044600	95	99	91	958.822
0.261799	2.579248	-2.364801	92	98	89	957.250
0.261799	2.396274	-1.959260	92	97	91	957.221
1.832596	1.301460	-0.509251	94	96	97	956.467
2.617994	1.836682	-0.676006	16	14	102	956.232
0.261799	2.456751	-1.503343	98	103	84	955.025
2.094395	2.478122	2.609777	92	96	102	954.803
0.785398	2.379497	0.561089	107	105	86	954.042
-2.356194	1.909857	-0.381669	2	0	86	953.811
2.617994	1.554776	0.100351	111	92	96	953.557
-0.523599	1.869911	2.701025	110	91	103	952.385
0.785398	2.455966	-0.641220	3	108	83	951.442
0.000000	2.396274	-1.959260	10	90	108	951.109
-1.570796	0.914445	2.687814	107	10	25	950.221
1.047198	0.866395	-2.492918	106	98	14	949.028
1.047198	2.456751	-1.503343	5	93	98	948.680
-0.261799	0.899350	-2.069907	103	109	18	948.125
-1.047198	2.881233	-2.582574	97	101	91	947.145
-2.356194	1.510910	-0.740472	1	7	88	946.626
-0.785398	2.138223	1.678323	98	90	101	945.231
1.570796	1.699788	2.452890	97	102	91	944.660
0.523599	2.180315	-1.357379	105	100	83	942.201
-2.356194	1.555207	1.708892	9	93	93	941.986
2.356194	0.866395	-2.492918	108	93	3	941.761
0.523599	1.869911	2.701025	17	88	110	941.709
-0.261799	1.599406	1.426070	9	87	5	941.262
-0.261799	2.588535	-2.976617	93	97	91	941.060
2.879793	2.396274	-1.959260	20	12	103	939.980
-2.356194	2.379497	0.561089	1	92	102	938.387
2.617994	1.433411	-1.035986	22	15	108	937.546
2.356194	0.992645	-1.723759	110	92	104	937.264
-0.261799	1.506530	1.988858	110	89	4	935.406
1.308997	0.866955	-0.931351	108	97	93	935.367
-1.570796	0.418037	1.360082	5	0	28	935.344
-2.094395	2.592629	0.909713	110	91	105	931.851
0.000000	2.108018	1.311430	5	89	101	931.383
0.785398	2.456751	-1.503343	2	94	98	931.287
-0.523599	1.569311	-3.003978	107	91	109	931.051
0.261799	2.180315	-1.357379	99	100	85	930.225
-2.617994	2.174483	2.653697	3	111	91	929.843
-2.617994	1.488617	1.159546	108	95	93	929.485
-0.261799	2.349581	-2.702517	2	91	103	929.069
-1.832596	1.741644	-2.695914	102	102	93	928.890
-0.523599	2.001437	0.381215	14	19	1	928.539
0.785398	1.218453	2.777284	99	107	88	928.165
-0.261799	2.041297	-2.664597	2	90	106	928.013
-2.879793	2.349581	-2.702517	96	94	100	927.534
0.261799	1.301460	-0.509251	106	90	99	927.279
-3.141593	1.812176	0.656819	103	95	95	926.931
2.094395	1.214854	-1.966664	104	93	110	926.528
0.523599	2.579248	-2.364801	0	90	100	926.043
0.000000	2.063651	-2.044600	110	93	93	925.385
-2.094395	2.760637	2.781135	0	107	21	924.964
1.308997	2.664082	-1.071402	107	101	87	924.808
1.570796	1.574060	2.783565	103	106	89	924.797
-0.523599	1.809167	1.213774	100	88	106	924.564
1.832596	1.998705	2.370472	27	9	5	924.554
2.879793	1.683268	0.374177	108	93	95	924.189
1.047198	1.025536	1.576859	95	96	107	924.169
1.570796	1.977582	0.969896	15	13	98	923.669
-0.523599	1.683268	0.374177	104	93	93	922.186
-1.047198	2.637879	2.121598	95	95	95	921.932
1.832596	1.195355	1.200319	23	11	18	921.808
2.617994	1.367556	0.358405	110	95	91	920.443
0.785398	1.812176	0.656819	103	101	85	919.841
-0.523599	2.478122	2.609777	92	96	93	919.679
0.000000	2.456751	-1.503343	99	95	97	919.648
1.570796	2.393226	1.857173	26	11	110	919.258
-0.523599	2.393226	1.857173	99	91	96	918.569
-0.261799	2.108018	1.311430	104	89	99	918.407
-0.523599	1.413430	2.550734	104	92	104	918.345
2.094395	1.450119	-2.739050	31	111	11	917.840
-0.261799	2.033014	2.977192	0	90	104	916.966
1.832596	1.977582	0.969896	13	14	98	916.854
0.000000	2.356369	3.005869	0	87	107	916.480
-2.879793	2.724429	-0.348782	2	8	89	915.947
-2.879793	0.370812	-2.547742	93	93	94	915.582
1.570796	2.299159	2.264663	93	98	101	914.108
0.261799	1.904882	-1.478089	3	91	96	913.338
0.000000	1.554776	0.100351	2	94	92	912.374
0.000000	1.367556	0.358405	15	89	108	912.099
-0.261799	2.760637	2.781135	99	95	90	911.860
0.785398	2.247462	0.191623	26	99	103	911.429
-1.047198	1.766067	2.153843	108	92	93	911.365
0.785398	2.180315	-1.357379	2	96	89	910.848
0.523599	1.904882	-1.478089	2	92	92	910.660
0.000000	2.104282	-0.813972	105	98	86	909.943
-2.094395	0.864993	2.278281	111	4	26	909.654
0.000000	2.719179	-1.780644	100	97	93	909.415
-2.094395	2.379497	0.561089	109	89	102	909.390
0.261799	2.588535	-2.976617	1	88	103	909.121
1.832596	0.619654	-2.216909	109	91	5	908.736
2.094395	1.050534	3.042579	109	111	86	908.327
-1.832596	0.910508	1.903534	108	111	25	908.161
2.094395	2.760637	2.781135	106	11	89	907.365
1.570796	1.391910	3.030322	26	3	9	906.812
-0.523599	2.108018	1.311430	101	89	99	906.475
0.785398	2.115563	0.685730	103	105	85	906.439
-2.094395	2.407836	1.410646	0	92	0	906.380
1.832596	2.295480	1.008277	13	15	96	905.955
-0.261799	1.869911	2.701025	0	89	106	905.868
0.000000	1.875281	0.107086	4	95	91	905.725
1.832596	2.478122	2.609777	26	8	109	905.542
-1.047198	2.588535	-2.976617	96	99	93	905.442
-0.785398	2.407836	1.410646	110	94	92	904.294
2.879793	1.413430	2.550734	6	23	6	904.094
1.570796	0.290380	-0.796960	107	99	90	904.044
1.832596	1.574060	2.783565	104	105	88	903.817
1.832596	2.174483	2.653697	28	7	2	903.389
2.617994	1.683268	0.374177	108	90	98	903.004
0.000000	2.349581	-2.702517	90	95	93	902.966
-2.879793	1.050534	3.042579	97	91	105	902.632
1.047198	2.664082	-1.071402	2	98	93	901.829
-0.785398	2.760637	2.781135	109	99	90	901.758
0.000000	2.001437	0.381215	6	95	92	900.480
-0.785398	1.809167	1.213774	98	89	104	899.962
0.261799	1.836682	-0.676006	107	98	86	899.343
1.308997	2.115563	0.685730	104	18	95	897.076
-0.785398	1.450119	-2.739050	109	100	93	896.912
-1.308997	1.134796	2.434290	104	5	25	896.857
0.261799	1.721184	-0.153948	22	91	105	896.794
0.000000	1.450119	-2.739050	101	98	13	896.460
0.523599	1.732874	-0.951685	6	93	93	896.403
0.261799	1.113094	-0.272241	11	89	102	896.310
2.617994	2.089241	-0.114193	106	91	103	896.107
-2.617994	1.506530	1.988858	107	92	92	896.095
0.523599	1.367556	0.358405	109	90	101	895.548
1.832596	1.824694	1.850876	25	13	6	895.014
-1.570796	0.674054	1.013609	110	107	26	894.495
-0.261799	1.721184	-0.153948	105	92	93	894.242
-1.308997	1.506530	1.988858	103	92	92	894.038
0.000000	1.836682	-0.676006	107	93	90	891.768
-0.261799	2.881233	-2.582574	109	97	92	891.049
-0.261799	2.478122	2.609777	102	93	93	890.842
-0.785398	2.637879	2.121598	98	96	91	890.798
-2.356194	0.864993	2.278281	109	111	24	890.336
-0.523599	2.407836	1.410646	102	91	94	890.315
0.000000	2.881233	-2.582574	92	99	90	890.261
0.261799	1.809167	1.213774	111	99	90	890.105
-0.523599	1.335669	0.897240	100	93	99	889.756
2.094395	1.545873	-1.877082	104	94	1	889.653
0.000000	1.977582	0.969896	7	90	100	889.475
-0.523599	2.073035	2.027405	110	93	96	889.455
-3.141593	1.504028	0.636812	3	97	90	887.233
-0.523599	1.870545	-2.976234	107	91	105	887.153
0.523599	2.251330	-2.330739	107	89	97	886.227
2.879793	1.809167	1.213774	12	16	104	885.625
-1.570796	0.379747	-1.713059	5	91	98	885.366
0.000000	2.187132	-0.479875	106	97	89	885.186
0.261799	1.045978	0.343692	25	93	109	884.841
0.000000	1.998705	2.370472	10	87	110	884.275
-2.356194	1.168678	2.108595	7	91	98	883.885
-0.523599	1.662363	0.915448	103	93	96	882.723
-2.356194	1.440580	2.260026	10	89	100	882.394
2.879793	1.504028	0.636812	111	95	90	882.040
2.879793	1.812176	0.656819	109	91	96	881.957
-2.879793	1.504028	0.636812	6	99	90	881.492
0.261799	0.709924	0.218797	23	93	109	881.470
2.094395	1.812176	0.656819	17	22	110	879.996
-0.261799	1.766067	2.153843	0	92	100	879.782
1.570796	2.115563	0.685730	12	12	94	879.484
0.261799	1.982574	-1.115518	103	98	85	879.439
0.261799	1.875281	0.107086	96	96	96	879.175
-2.617994	0.733948	3.021411	110	91	98	878.705
0.261799	2.153910	-1.714959	100	98	84	878.600
-1.832596	1.134796	2.434290	106	6	24	878.137
2.094395	1.683268	0.374177	18	22	111	877.994
1.047198	2.379497	0.561089	26	99	103	877.396
2.356194	1.846342	-1.796954	25	10	107	877.150
0.523599	2.187132	-0.479875	14	94	101	876.998
2.879793	1.766067	2.153843	11	11	99	876.411
0.261799	2.187132	-0.479875	4	101	85	876.320
0.785398	2.404280	-0.174044	25	101	100	875.984
0.261799	1.662363	0.915448	110	94	96	875.925
0.785398	2.396274	-1.959260	1	91	97	875.575
-2.617994	2.724429	-0.348782	0	9	88	875.013
-2.356194	1.413430	2.550734	108	88	98	874.504
-2.617994	2.592629	0.909713	1	92	0	874.468
1.832596	1.218453	2.777284	27	3	7	874.328
2.094395	1.599406	1.426070	15	14	104	874.271
-2.356194	1.195355	1.200319	107	96	93	873.979
-2.094395	0.591903	2.010408	101	100	87	873.908
-0.523599	2.063651	-2.044600	97	97	91	873.871
-0.785398	2.115563	0.685730	99	89	96	873.645
2.094395	1.617114	-1.572037	107	92	108	873.521
-0.261799	1.195355	1.200319	11	89	1	873.517
0.785398	1.982574	-1.115518	10	91	101	873.360
-0.785398	1.736875	3.023612	104	91	109	873.187
0.261799	2.455966	-0.641220	93	97	96	873.010
0.261799	2.174483	2.653697	13	88	107	873.000
0.785398	1.135813	-2.658866	102	99	14	872.663
-1.047198	2.001437	0.381215	20	17	1	872.506
-1.832596	2.881233	-2.582574	22	99	102	872.458
0.523599	2.455966	-0.641220	104	99	90	872.458
-3.141593	1.335669	0.897240	7	98	89	872.408
1.570796	2.174483	2.653697	95	104	94	871.659
-0.523599	2.588535	-2.976617	108	95	94	870.917
-2.356194	1.335669	0.897240	2	98	91	870.880
0.523599	2.153910	-1.714959	0	93	92	870.587
-0.261799	2.174483	2.653697	107	88	105	870.164
1.832596	1.504028	0.636812	25	16	8	870.010
1.832596	1.113094	-0.272241	95	97	93	869.747
1.047198	1.732874	-0.951685	6	95	93	869.507
0.261799	1.683268	0.374177	104	95	94	869.110
2.617994	2.180315	-1.357379	13	10	93	869.077
0.785398	1.909857	-0.381669	2	104	85	868.987
1.832596	1.869911	2.701025	102	104	90	868.784
-0.261799	0.619654	-2.216909	101	111	19	868.754
-1.570796	0.910508	1.903534	108	109	24	868.182
2.356194	0.961715	0.014085	6	86	100	868.018
-0.261799	1.617114	-1.572037	97	91	98	867.639
-0.523599	2.115563	0.685730	103	89	96	867.567
-2.094395	0.700570	1.559208	105	102	87	867.154
2.356194	1.113094	-0.272241	108	92	95	866.665
0.000000	0.203748	0.590255	104	102	87	866.608
2.356194	1.256302	0.062705	107	91	94	866.583
2.617994	1.194549	-0.801900	22	16	110	866.349
2.094395	0.619654	-2.216909	23	6	21	866.344
1.570796	1.134796	2.434290	23	10	9	866.333
-0.523599	1.135813	-2.658866	99	104	14	865.528
0.523599	1.335669	0.897240	14	95	95	865.429
2.094395	1.194549	-0.801900	99	96	95	865.261
-0.261799	1.569311	-3.003978	0	90	105	865.188
-0.785398	2.588535	-2.976617	101	100	90	865.113
1.570796	2.153910	-1.714959	21	7	104	865.011
2.617994	1.732874	-0.951685	19	15	104	864.773
2.879793	1.904882	-1.478089	24	9	107	864.106
0.523599	0.762244	-0.273349	20	91	107	864.055
0.785398	2.343981	-1.040456	0	105	82	863.675
2.094395	2.719179	-1.780644	8	5	91	863.664
0.261799	1.606104	-0.451151	106	96	89	863.331
-0.785398	1.488617	1.159546	100	93	99	863.115
-1.832596	1.736875	3.023612	110	2	88	863.049
2.617994	2.247462	0.191623	104	90	109	862.411
-0.523599	2.153910	-1.714959	98	98	90	862.140
1.570796	1.998705	2.370472	95	100	95	862.032
-0.785398	1.977582	0.969896	97	93	96	860.743
1.832596	1.413430	2.550734	28	2	6	860.585
2.356194	1.510910	-0.740472	109	88	110	860.262
0.523599	0.203748	0.590255	111	2	20	860.180
0.785398	1.869911	2.701025	21	89	110	860.146
-0.261799	2.393226	1.857173	103	91	94	859.938
-0.261799	1.413347	-1.339188	98	89	102	859.777
0.000000	2.251330	-2.330739	92	97	90	859.650
0.523599	2.247462	0.191623	103	98	91	859.406
-2.094395	2.033014	2.977192	1	0	90	859.379
0.000000	1.488617	1.159546	8	90	108	859.130
0.000000	0.709924	0.218797	20	90	110	858.365
-2.356194	1.696674	-1.253233	14	15	100	857.858
0.523599	2.174483	2.653697	13	12	20	857.363
0.261799	1.948085	-2.363031	104	88	101	857.303
0.000000	1.184361	0.625864	4	89	0	857.145
0.261799	1.732874	-0.951685	106	92	93	856.939
-3.141593	2.349581	-2.702517	92	95	101	856.496
-1.832596	1.812176	0.656819	109	87	107	856.328
1.570796	1.247695	1.809890	24	4	22	856.297
0.000000	2.588535	-2.976617	95	96	90	856.267
-3.141593	0.619654	-2.216909	108	88	105	855.840
-1.308997	2.001437	0.381215	23	14	2	855.623
-2.356194	0.418037	1.360082	28	2	107	855.363
0.261799	1.256302	0.062705	21	92	104	855.136
0.785398	1.184361	0.625864	14	92	98	854.623
0.523599	1.218453	2.777284	99	108	88	854.494
0.523599	1.504028	0.636812	13	92	105	853.913
1.047198	0.960688	-0.577532	109	101	91	853.895
0.261799	2.115563	0.685730	106	100	89	853.368
-1.570796	2.247462	0.191623	24	15	12	853.347
1.308997	2.299159	2.264663	94	102	97	852.500
-1.570796	1.050534	3.042579	97	3	90	852.321
1.308997	1.869911	2.701025	95	106	91	851.907
0.261799	1.194549	-0.801900	104	89	104	850.276
-2.356194	1.134796	2.434290	109	5	25	849.988
0.523599	1.417623	-0.202254	93	92	102	849.623
0.000000	1.310100	1.488307	17	13	106	849.320
1.832596	1.214854	-1.966664	103	93	110	849.058
2.094395	0.961715	0.014085	23	16	6	848.010
0.785398	1.335669	0.897240	18	95	99	847.941
1.308997	2.404280	-0.174044	111	104	87	847.740
-0.261799	2.579248	-2.364801	93	104	86	847.498
0.261799	2.041297	-2.664597	105	87	101	847.307
-2.094395	1.025536	1.576859	108	100	88	846.839
1.832596	1.391910	3.030322	103	106	85	846.778
-2.879793	1.662363	0.915448	110	94	94	846.765
-0.785398	0.297065	2.160177	108	6	23	846.623
0.261799	1.417623	-0.202254	11	90	101	846.331
1.832596	0.960688	-0.577532	94	93	98	846.310
0.000000	1.869911	2.701025	9	88	109	846.053
-0.261799	0.906588	1.252948	0	90	93	845.824
0.523599	1.599406	1.426070	24	96	104	845.642
2.094395	1.134796	2.434290	26	5	9	845.484
2.879793	1.256302	0.062705	2	97	91	845.478
-2.094395	1.875281	0.107086	106	88	100	845.469
1.832596	1.766067	2.153843	33	0	10	845.413
-0.261799	2.138223	1.678323	104	89	99	845.187
-2.356194	2.033014	2.977192	0	110	89	845.181
1.047198	1.184361	0.625864	19	93	100	844.959
-2.356194	1.504028	0.636812	102	100	91	844.736
-1.832596	1.658653	-2.409879	109	98	93	844.632
0.523599	1.812176	0.656819	9	92	103	844.584
2.617994	1.488617	1.159546	14	16	107	844.332
-1.047198	2.393226	1.857173	92	93	99	844.085
-3.141593	2.456751	-1.503343	12	5	88	844.027
-0.523599	2.637879	2.121598	99	94	91	843.608
2.094395	1.325504	-1.671296	105	92	108	843.599
-0.261799	0.674054	1.013609	101	97	8	843.579
1.047198	2.187132	-0.479875	0	100	88	842.922
-0.785398	0.203748	0.590255	101	104	88	842.293
2.617994	1.413347	-1.339188	26	11	110	841.984
-0.523599	1.875281	0.107086	106	88	95	841.307
-1.570796	2.251330	-2.330739	88	16	107	840.163
0.000000	1.662363	0.915448	9	88	109	840.066
2.617994	2.456751	-1.503343	11	6	91	839.992
-0.523599	1.872854	1.543456	97	90	104	839.892
-2.617994	1.134796	2.434290	95	95	90	839.832
1.832596	0.615174	-0.666022	93	93	97	839.645
1.832596	1.194549	-0.801900	96	98	95	839.521
-2.879793	2.115563	0.685730	101	94	101	839.466
2.356194	2.456751	-1.503343	10	7	91	839.329
-1.570796	1.875281	0.107086	27	11	4	839.081
-1.832596	0.733948	3.021411	109	13	24	838.902
2.617994	0.080730	-2.622036	9	91	108	838.547
0.785398	2.187132	-0.479875	24	100	99	837.991
-0.785398	1.998705	2.370472	97	94	98	837.910
-0.261799	1.662363	0.915448	6	86	110	837.789
2.094395	2.881233	-2.582574	10	111	89	837.546
1.832596	0.866955	-0.931351	91	94	101	837.519
0.523599	1.696674	-1.253233	4	91	94	837.515
-2.879793	2.579248	-2.364801	93	95	104	837.506
0.261799	2.343981	-1.040456	105	105	81	837.212
-2.094395	1.736875	3.023612	111	1	88	837.182
-2.094395	1.247695	1.809890	86	7	1	837.132
0.523599	2.664082	-1.071402	102	100	89	836.987
2.617994	0.379747	-1.713059	91	92	99	836.958
2.094395	1.948085	-2.363031	26	7	107	836.483
-0.523599	1.488617	1.159546	8	87	0	836.293
-1.047198	2.704512	1.488683	106	95	90	836.267
2.356194	2.343981	-1.040456	15	13	102	836.174
-0.523599	1.504028	0.636812	105	91	97	835.850
0.523599	0.850607	-1.335383	94	108	17	835.632
0.523599	2.033014	2.977192	16	89	107	835.539
0.261799	1.554776	0.100351	7	92	96	835.372
2.356194	1.836682	-0.676006	13	22	101	835.283
2.356194	1.413347	-1.339188	28	9	111	834.736
-0.523599	2.138223	1.678323	100	91	98	834.543
1.832596	2.033014	2.977192	28	5	5	833.914
0.261799	1.510910	-0.740472	6	89	101	833.850
2.094395	2.724429	-0.348782	107	105	85	833.441
0.523599	1.301460	-0.509251	12	91	101	833.176
-3.141593	1.766067	2.153843	11	13	100	833.094
2.094395	0.203748	0.590255	98	94	106	832.700
-2.617994	1.998705	2.370472	88	14	2	832.423
0.785398	1.510910	-0.740472	90	92	1	832.257
-2.356194	0.866395	-2.492918	28	105	14	832.154
-0.785398	2.299159	2.264663	97	92	99	831.561
0.261799	2.108018	1.311430	10	90	101	831.156
0.785398	1.014500	0.906702	21	93	101	830.807
2.617994	1.875281	0.107086	104	92	99	830.516
-1.570796	0.591903	2.010408	3	3	28	830.461
-0.523599	1.846342	-1.796954	97	93	96	830.062
-0.261799	2.251330	-2.330739	93	100	88	830.045
0.261799	2.251330	-2.330739	110	89	104	829.918
1.570796	2.033014	2.977192	1	85	101	829.752
-0.523599	1.242974	-2.977882	34	111	3	829.724
-2.094395	1.113094	-0.272241	6	2	89	829.620
-0.261799	1.824694	1.850876	99	89	106	829.585
-2.879793	0.080730	-2.622036	110	6	22	829.540
-2.094395	0.297065	2.160177	102	100	88	829.413
0.785398	1.904882	-1.478089	3	92	91	829.304
0.000000	1.195355	1.200319	1	93	90	828.821
-2.356194	0.914445	2.687814	0	5	25	828.761
-0.261799	1.247695	1.809890	11	91	99	828.582
-0.785398	1.574060	2.783565	106	91	106	828.407
-2.356194	1.812176	0.656819	96	97	96	828.123
0.785398	2.579248	-2.364801	3	88	101	827.738
2.094395	2.247462	0.191623	5	13	89	827.631
0.261799	1.998705	2.370472	14	88	108	827.301
-3.141593	2.073035	2.027405	10	12	96	827.101
1.308997	1.301460	-0.509251	1	18	17	826.988
-1.832596	2.724429	-0.348782	28	110	13	826.578
-0.261799	2.089241	-0.114193	105	95	89	825.812
-2.879793	1.134796	2.434290	110	3	25	825.740
2.356194	2.180315	-1.357379	15	10	94	825.362
1.308997	2.704512	1.488683	8	2	86	825.214
-0.261799	0.203748	0.590255	104	103	87	825.162
-0.261799	2.396274	-1.959260	98	94	100	825.147
0.785398	1.977582	0.969896	105	107	83	824.718
-2.094395	1.836682	-0.676006	5	6	90	824.419
-1.570796	2.063651	-2.044600	102	97	100	824.316
-1.047198	2.407836	1.410646	95	94	94	824.101
-1.308997	0.418037	1.360082	2	111	26	824.071
-0.785398	2.356369	3.005869	95	94	99	824.043
0.523599	1.113094	-0.272241	20	92	103	823.908
2.617994	1.504028	0.636812	108	92	93	823.680
-3.141593	1.662363	0.915448	7	94	91	823.634
-2.356194	0.297065	2.160177	101	100	89	823.617
1.308997	1.413430	2.550734	99	105	88	823.509
1.570796	2.881233	-2.582574	8	1	90	823.424
1.308997	1.194549	-0.801900	109	100	90	823.211
0.000000	1.809167	1.213774	7	89	104	823.070
-1.047198	2.379497	0.561089	22	14	9	822.995
1.832596	1.510910	-0.740472	108	103	88	822.870
1.832596	1.310100	1.488307	25	7	19	822.776
0.000000	2.115563	0.685730	107	91	97	822.509
-0.785398	2.349581	-2.702517	99	99	92	822.454
-0.523599	1.599406	1.426070	102	101	85	822.384
1.047198	2.247462	0.191623	27	103	102	822.312
-3.141593	2.592629	0.909713	105	91	0	822.068
-2.879793	2.592629	0.909713	109	91	0	822.066
1.308997	2.089241	-0.114193	110	90	96	821.833
-3.141593	2.379497	0.561089	107	91	109	821.728
0.785398	0.203748	0.590255	108	10	23	821.626
2.617994	1.545873	-1.877082	27	7	7	821.171
1.832596	1.335669	0.897240	25	13	13	820.443
-0.785398	2.073035	2.027405	94	91	105	820.329
2.879793	2.588535	-2.976617	100	11	21	820.056
1.570796	1.812176	0.656819	13	13	96	820.049
-1.832596	0.906588	1.252948	109	104	86	819.931
-1.832596	1.218453	2.777284	106	7	22	819.737
2.356194	1.696674	-1.253233	28	4	3	819.630
0.261799	2.089241	-0.114193	97	99	91	819.289
2.617994	1.301460	-0.509251	14	87	110	819.119
-2.617994	1.310100	1.488307	1	104	81	819.094
1.832596	2.153910	-1.714959	20	8	102	818.935
2.094395	0.290380	-0.796960	96	92	94	818.450
-0.261799	1.555207	1.708892	7	89	109	817.750
-2.617994	1.218453	2.777284	100	89	103	817.630
-2.879793	1.168678	2.108595	102	92	101	817.415
-1.047198	1.699788	2.452890	108	89	99	817.261
1.308997	0.290380	-0.796960	103	100	90	817.152
-0.261799	0.831641	0.616218	0	90	4	816.341
2.094395	1.574060	2.783565	105	104	88	816.340
-1.570796	0.496451	0.593859	29	5	111	816.150
-0.261799	2.719179	-1.780644	97	98	93	816.103
-2.094395	0.910508	1.903534	108	97	88	815.958
0.785398	1.846342	-1.796954	3	89	95	815.917
-1.570796	1.448123	-2.163292	0	95	96	815.728
-0.261799	0.496451	0.593859	107	106	86	815.508
-0.261799	1.504028	0.636812	10	87	108	815.463
-2.879793	1.977582	0.969896	107	91	102	815.418
-1.047198	0.866395	-2.492918	31	110	6	815.188
2.879793	2.164094	-2.991358	90	97	97	815.136
-2.879793	0.640596	-2.797608	104	89	103	815.121
2.617994	2.001437	0.381215	103	89	104	814.846
-0.261799	1.872854	1.543456	100	89	105	814.818
2.094395	1.510910	-0.740472	97	94	100	814.677
-0.261799	1.433411	-1.035986	100	89	105	814.569
1.047198	1.909857	-0.381669	18	96	99	814.510
2.356194	1.194549	-0.801900	26	11	6	814.509
0.785398	1.875281	0.107086	27	98	104	814.253
-0.785398	2.478122	2.609777	110	99	90	813.504
2.094395	2.033014	2.977192	34	111	5	813.317
2.356194	0.685216	-1.712745	109	92	100	813.095
-2.617994	1.504028	0.636812	3	99	91	812.596
0.261799	0.831641	0.616218	106	88	99	812.334
-1.047198	1.599406	1.426070	99	91	102	812.195
1.570796	0.899350	-2.069907	18	87	105	812.166
-3.141593	1.488617	1.159546	108	97	87	811.847
2.879793	1.310100	1.488307	26	3	16	811.604
2.617994	1.617114	-1.572037	27	9	110	811.495
-1.047198	0.496451	0.593859	1	107	25	811.117
0.785398	1.050534	3.042579	1	111	86	811.076
-0.261799	1.846342	-1.796954	96	93	96	811.039
-3.141593	2.247462	0.191623	8	91	109	810.958
2.879793	1.875281	0.107086	108	93	98	810.950
-1.047198	0.899350	-2.069907	30	5	8	810.767
2.617994	1.696674	-1.253233	23	12	107	810.727
2.094395	1.756530	-2.105156	27	6	110	810.697
1.308997	1.440580	2.260026	98	102	89	810.685
0.523599	2.001437	0.381215	8	92	104	810.604
2.356194	0.615174	-0.666022	0	88	99	810.258
2.617994	2.588535	-2.976617	101	14	20	810.157
1.832596	1.699788	2.452890	28	6	10	810.118
-2.356194	1.809167	1.213774	100	94	102	809.695
2.094395	1.741644	-2.695914	32	0	111	809.110
2.879793	1.367556	0.358405	22	88	108	809.054
2.879793	1.335669	0.897240	110	99	86	808.917
-0.523599	2.349581	-2.702517	92	102	88	808.818
-0.785398	2.456751	-1.503343	104	98	90	808.565
-1.047198	1.870545	-2.976234	110	104	90	808.399
-0.261799	1.756530	-2.105156	95	92	98	808.152
-2.094395	2.343981	-1.040456	24	1	19	808.116
0.523599	1.413347	-1.339188	17	88	97	808.040
0.523599	2.104282	-0.813972	107	103	82	807.774
-3.141593	2.115563	0.685730	105	90	105	807.519
1.047198	1.417623	-0.202254	104	87	102	807.180
-1.308997	0.458961	-0.107937	108	100	22	807.161
0.261799	1.909857	-0.381669	109	96	90	806.733
2.617994	1.256302	0.062705	111	94	93	806.626
-0.785398	2.153910	-1.714959	99	97	92	806.403
2.356194	2.760637	2.781135	94	94	107	806.024
2.617994	1.606104	-0.451151	10	87	1	805.566
-0.523599	1.658653	-2.409879	102	93	1	805.522
2.094395	0.685216	-1.712745	111	93	102	805.483
-2.094395	0.618092	2.539118	3	6	27	805.339
0.785398	2.001437	0.381215	14	93	105	805.273
-1.570796	2.404280	-0.174044	21	16	11	805.192
-1.308997	1.218453	2.777284	102	8	23	805.077
2.879793	1.662363	0.915448	11	17	106	804.891
2.617994	1.909857	-0.381669	1	14	88	804.575
0.000000	2.407836	1.410646	5	90	96	804.450
2.094395	1.998705	2.370472	100	24	100	804.070
0.261799	2.001437	0.381215	99	99	91	803.986
-2.879793	1.128190	-2.288622	28	103	15	803.879
-2.094395	1.218453	2.777284	107	6	22	803.590
2.356194	1.982574	-1.115518	18	16	104	803.488
1.832596	1.450119	-2.739050	5	90	94	803.285
-1.047198	2.456751	-1.503343	102	98	91	803.236
2.094395	1.135813	-2.658866	103	96	7	803.189
-0.523599	2.343981	-1.040456	107	94	93	803.110
1.308997	1.809167	1.213774	22	14	109	803.103
1.832596	1.870545	-2.976234	4	88	96	803.062
0.523599	0.910508	1.903534	105	95	105	803.047
2.094395	1.870545	-2.976234	32	111	8	802.314
0.000000	2.393226	1.857173	107	94	92	802.253
1.047198	0.290380	-0.796960	97	102	89	802.106
0.000000	1.606104	-0.451151	1	89	96	802.081
-0.261799	1.948085	-2.363031	1	90	6	801.753
1.832596	2.108018	1.311430	15	14	100	801.619
2.356194	1.904882	-1.478089	20	15	104	800.875
2.094395	1.301460	-0.509251	97	95	96	800.816
-0.523599	1.195355	1.200319	101	92	103	800.678
0.523599	1.836682	-0.676006	9	92	99	800.485
-2.617994	1.168678	2.108595	100	98	86	800.401
-0.261799	1.545873	-1.877082	94	91	100	800.187
0.261799	2.063651	-2.044600	7	90	100	800.148
-0.785398	1.869911	2.701025	107	91	103	800.008
-1.308997	2.379497	0.561089	23	15	10	799.993
2.356194	1.606104	-0.451151	21	15	107	799.924
1.308997	1.766067	2.153843	93	102	94	799.745
0.785398	1.809167	1.213774	3	91	111	799.480
-0.785398	0.370812	-2.547742	2	94	93	799.374
-0.523599	2.356369	3.005869	4	91	100	799.352
1.570796	1.869911	2.701025	96	104	91	799.323
0.261799	0.700570	1.559208	2	4	86	799.302
0.523599	2.063651	-2.044600	110	90	93	799.232
-0.523599	1.555207	1.708892	100	90	0	799.214
1.308997	2.979456	-1.009304	92	101	90	799.197
-0.523599	1.982574	-1.115518	98	93	97	799.026
-0.261799	1.335669	0.897240	11	88	110	798.994
-1.832596	1.909857	-0.381669	27	12	12	798.568
0.000000	1.741644	-2.695914	14	92	104	798.558
2.356194	2.478122	2.609777	96	92	103	798.535
-0.785398	1.242974	-2.977882	32	108	9	797.860
0.261799	1.977582	0.969896	104	104	86	797.841
-0.785398	2.164094	-2.991358	105	5	20	797.696
-1.832596	0.203748	0.590255	2	106	27	797.271
2.617994	1.721184	-0.153948	108	91	100	797.107
-2.879793	1.413430	2.550734	110	10	25	796.622
1.832596	2.356369	3.005869	29	4	2	796.537
-1.832596	0.591903	2.010408	1	1	26	796.341
1.832596	2.115563	0.685730	13	17	97	795.942
-1.832596	0.297065	2.160177	101	100	87	795.826
2.617994	1.766067	2.153843	13	11	100	795.669
0.261799	2.724429	-0.348782	91	105	90	795.660
2.094395	2.187132	-0.479875	0	5	82	795.566
1.832596	1.134497	-1.109631	92	95	103	795.379
-1.308997	1.050534	3.042579	96	2	89	795.276
0.000000	1.599406	1.426070	1	98	89	795.270
0.261799	0.674054	1.013609	13	88	99	795.232
2.094395	0.571433	-1.188419	93	93	99	795.208
0.261799	2.404280	-0.174044	5	98	88	795.007
-2.094395	1.488617	1.159546	99	95	100	794.897
-0.523599	2.299159	2.264663	91	94	96	794.795
2.879793	0.080730	-2.622036	99	99	90	794.563
-1.570796	0.866955	-0.931351	23	17	2	794.254
-1.832596	2.063651	-2.044600	108	94	102	794.211
1.570796	0.591903	2.010408	21	10	89	794.133
1.047198	0.906588	1.252948	88	101	110	793.559
-1.570796	1.606104	-0.451151	85	6	106	793.558
2.094395	1.569311	-3.003978	23	11	111	793.448
1.832596	2.073035	2.027405	25	13	3	793.322
0.785398	0.458961	-0.107937	107	104	88	793.191
-2.617994	2.587733	0.232235	1	92	100	793.097
1.832596	0.379747	-1.713059	12	91	109	792.997
2.879793	1.721184	-0.153948	19	89	0	792.953
-0.523599	1.433411	-1.035986	108	89	110	792.672
-0.785398	1.662363	0.915448	100	93	96	792.620
0.523599	2.979456	-1.009304	109	111	23	792.604
1.308997	2.073035	2.027405	94	99	99	792.565
-1.832596	1.869911	2.701025	4	6	91	792.450
-1.570796	1.696674	-1.253233	22	4	24	792.283
-2.617994	2.115563	0.685730	104	94	99	792.151
2.879793	0.370812	-2.547742	109	93	100	792.083
-1.832596	2.108018	1.311430	107	91	106	792.059
-0.523599	1.218453	2.777284	30	3	2	792.051
1.308997	0.571433	-1.188419	104	96	96	791.977
1.570796	1.766067	2.153843	28	5	13	791.635
0.785398	1.025536	1.576859	93	98	107	791.345
-1.047198	2.073035	2.027405	95	96	96	791.202
2.094395	1.982574	-1.115518	20	14	104	791.103
-2.356194	1.050534	3.042579	110	8	23	790.971
-0.261799	1.870545	-2.976234	111	90	105	790.926
-3.141593	1.683268	0.374177	106	96	94	790.886
-3.141593	1.977582	0.969896	108	8	86	790.801
1.832596	1.555207	1.708892	27	8	11	790.591
2.356194	1.367556	0.358405	111	88	95	790.578
2.356194	0.960688	-0.577532	25	13	5	790.556
-0.261799	1.606104	-0.451151	109	87	96	790.545
1.832596	2.760637	2.781135	108	11	89	790.517
-0.261799	2.295480	1.008277	0	90	94	790.332
-2.879793	1.247695	1.809890	102	101	83	789.961
-0.261799	1.574060	2.783565	0	90	110	789.921
-1.570796	1.440580	2.260026	17	4	91	789.663
1.570796	2.637879	2.121598	91	97	106	789.590
-1.570796	2.881233	-2.582574	22	102	101	789.553
-2.879793	1.872854	1.543456	106	89	99	789.510
1.570796	1.824694	1.850876	26	10	7	789.021
-2.617994	1.045978	0.343692	109	92	98	789.015
0.523599	1.977582	0.969896	16	91	106	788.961
1.570796	0.866955	-0.931351	0	98	93	788.933
1.047198	1.195355	1.200319	88	101	0	788.668
-0.261799	2.187132	-0.479875	102	96	89	788.621
0.000000	0.899350	-2.069907	102	104	15	788.455
0.523599	0.961715	0.014085	23	94	105	787.957
-1.308997	1.413347	-1.339188	26	3	22	787.853
1.047198	1.214854	-1.966664	10	18	108	787.609
1.308997	1.195355	1.200319	89	99	0	787.515
2.617994	2.719179	-1.780644	10	3	90	787.500
0.261799	2.664082	-1.071402	101	100	89	787.448
-0.523599	0.914445	2.687814	27	4	109	787.271
-0.785398	1.872854	1.543456	99	89	105	787.141
-1.047198	0.619654	-2.216909	104	4	22	787.113
0.000000	2.033014	2.977192	104	88	99	786.881
0.000000	0.674054	1.013609	111	87	97	786.732
-1.308997	0.674054	1.013609	111	108	26	786.523
-1.308997	2.760637	2.781135	99	102	89	786.440
2.356194	0.700570	1.559208	17	10	85	786.191
2.617994	2.033014	2.977192	8	22	2	786.148
0.523599	0.496451	0.593859	1	9	25	785.879
1.570796	2.724429	-0.348782	2	101	89	785.703
1.047198	2.115563	0.685730	16	95	104	785.368
-0.785398	0.619654	-2.216909	101	3	21	784.972
-0.523599	0.619654	-2.216909	100	1	20	784.951
0.785398	1.699788	2.452890	97	107	92	784.692
-2.617994	0.419640	2.974122	92	95	93	784.574
-1.832596	1.683268	0.374177	110	87	103	784.424
-0.523599	2.251330	-2.330739	97	98	91	784.348
0.523599	1.736875	3.023612	17	89	109	784.340
1.570796	1.809167	1.213774	23	17	2	784.048
1.047198	1.998705	2.370472	97	105	93	783.923
-1.832596	0.379747	-1.713059	104	92	97	783.797
-0.785398	0.640596	-2.797608	100	7	23	783.526
2.617994	1.417623	-0.202254	28	3	4	782.952
0.785398	1.836682	-0.676006	96	90	108	782.926
-0.261799	0.866955	-0.931351	99	25	108	782.897
1.832596	1.025536	1.576859	21	7	23	782.818
2.879793	2.138223	1.678323	28	99	9	782.816
2.094395	0.762244	-0.273349	110	83	102	782.773
0.785398	0.831641	0.616218	13	88	100	782.761
-0.261799	2.299159	2.264663	8	88	107	782.232
-1.570796	0.700570	1.559208	110	2	27	781.802
0.000000	2.180315	-1.357379	103	97	88	781.764
0.261799	0.960688	-0.577532	109	88	104	781.703
2.879793	2.393226	1.857173	9	10	93	781.676
1.308997	1.812176	0.656819	16	11	96	781.524
-0.523599	2.041297	-2.664597	104	91	106	781.210
2.879793	1.606104	-0.451151	29	5	6	781.094
-1.308997	2.704512	1.488683	103	94	91	781.073
2.356194	0.762244	-0.273349	111	87	98	781.063
-1.832596	2.984978	1.954446	110	100	89	780.826
-0.261799	1.554776	0.100351	108	92	93	780.794
1.832596	1.545873	-1.877082	104	93	111	780.720
-2.356194	2.247462	0.191623	107	91	97	780.415
0.261799	0.496451	0.593859	2	6	24	780.024
-1.047198	1.872854	1.543456	98	90	106	780.015
0.000000	1.247695	1.809890	18	14	105	779.912
-1.047198	1.450119	-2.739050	108	102	92	779.469
-2.094395	2.396274	-1.959260	98	95	104	779.386
1.570796	2.719179	-1.780644	7	90	97	779.326
2.356194	1.721184	-0.153948	105	90	100	778.876
2.879793	1.413347	-1.339188	20	3	24	778.839
2.356194	1.335669	0.897240	20	15	111	778.773
-1.832596	0.496451	0.593859	98	109	87	778.610
-0.785398	2.180315	-1.357379	101	95	92	778.587
-3.141593	0.080730	-2.622036	93	100	89	778.485
-0.261799	0.914445	2.687814	26	7	107	777.948
-1.308997	1.870545	-2.976234	107	105	90	777.869
2.356194	1.045978	0.343692	23	12	6	777.827
-0.785398	2.719179	-1.780644	21	99	102	777.705
-1.832596	1.870545	-2.976234	2	106	89	777.698
0.785398	1.440580	2.260026	98	103	93	777.669
-0.261799	1.194549	-0.801900	96	25	5	777.310
2.617994	2.343981	-1.040456	110	8	82	777.303
1.308997	1.599406	1.426070	98	94	111	777.124
0.261799	1.335669	0.897240	1	92	95	777.084
-1.308997	2.407836	1.410646	96	98	90	776.465
-0.523599	1.824694	1.850876	0	89	105	775.981
1.570796	2.001437	0.381215	10	11	92	775.909
-2.094395	1.982574	-1.115518	27	111	17	775.822
2.617994	1.904882	-1.478089	26	7	0	775.801
0.000000	2.979456	-1.009304	3	109	85	775.662
1.832596	0.910508	1.903534	14	10	84	775.539
-1.308997	1.134497	-1.109631	29	8	15	775.500
0.000000	1.440580	2.260026	106	88	3	775.465
-2.617994	0.866395	-2.492918	27	101	15	775.427
0.523599	0.831641	0.616218	9	88	100	775.425
2.094395	2.404280	-0.174044	0	9	84	775.234
0.523599	0.458961	-0.107937	106	104	88	775.158
-2.617994	1.025536	1.576859	3	92	102	775.100
-2.094395	1.256302	0.062705	5	109	88	774.863
1.047198	0.080730	-2.622036	2	86	105	774.650
-2.617994	2.251330	-2.330739	94	96	100	774.587
-2.879793	1.809167	1.213774	108	91	96	774.441
2.617994	1.662363	0.915448	13	17	105	774.438
0.785398	1.325504	-1.671296	14	18	4	774.266
2.356194	1.875281	0.107086	2	14	89	774.188
2.094395	2.356369	3.005869	106	16	19	774.141
-0.523599	1.391910	3.030322	106	92	110	774.035
0.000000	1.413347	-1.339188	102	88	102	773.844
-1.570796	0.899350	-2.069907	111	94	93	773.810
2.356194	1.683268	0.374177	23	12	3	773.652
2.356194	1.433411	-1.035986	25	13	0	773.530
-2.879793	1.310100	1.488307	1	104	81	773.349
0.785398	0.762244	-0.273349	111	102	90	773.300
2.356194	1.417623	-0.202254	107	90	98	773.223
-1.570796	0.419640	2.974122	26	10	13	773.177
0.261799	2.587733	0.232235	108	97	91	773.172
2.094395	0.709924	0.218797	24	9	14	772.872
2.356194	0.203748	0.590255	7	108	85	772.757
-1.832596	0.418037	1.360082	0	104	23	772.633
0.785398	0.864993	2.278281	28	106	16	772.514
0.261799	1.599406	1.426070	10	90	107	772.470
1.832596	2.180315	-1.357379	20	10	103	772.353
2.879793	1.872854	1.543456	13	16	105	771.977
0.000000	1.256302	0.062705	18	89	103	771.842
2.094395	1.113094	-0.272241	24	16	6	771.838
1.570796	1.872854	1.543456	25	14	4	771.811
-0.261799	1.741644	-2.695914	12	93	103	771.703
2.356194	2.979456	-1.009304	0	90	97	771.577
-1.308997	2.089241	-0.114193	24	12	7	771.514
0.261799	2.247462	0.191623	7	98	89	771.362
-1.832596	1.977582	0.969896	95	95	96	771.166
1.570796	1.506530	1.988858	31	110	13	771.138
1.047198	1.310100	1.488307	96	97	108	771.005
-2.879793	1.824694	1.850876	100	17	95	771.004
-1.570796	1.510910	-0.740472	83	2	105	770.657
-2.879793	1.218453	2.777284	99	91	105	770.574
1.570796	1.214854	-1.966664	103	92	0	770.465
2.879793	2.115563	0.685730	99	15	89	770.455
0.785398	1.574060	2.783565	97	110	89	770.381
-2.356194	0.290380	-0.796960	5	90	100	770.196
-1.308997	0.866395	-2.492918	25	8	5	770.094
-3.141593	1.809167	1.213774	105	92	94	770.060
-0.261799	0.080730	-2.622036	16	6	91	769.883
-0.523599	1.617114	-1.572037	95	92	100	769.784
0.000000	1.699788	2.452890	10	88	1	769.707
-0.261799	1.391910	3.030322	109	90	110	769.624
-1.832596	1.335669	0.897240	102	96	96	769.617
2.356194	1.756530	-2.105156	18	92	100	769.603
-0.523599	1.450119	-2.739050	110	93	101	769.541
2.356194	2.664082	-1.071402	13	12	100	769.266
0.261799	1.413347	-1.339188	95	104	17	769.195
-1.308997	1.504028	0.636812	88	4	91	769.044
2.879793	2.247462	0.191623	6	89	111	768.925
1.832596	1.135834	-1.431087	23	96	100	768.855
-2.617994	1.413430	2.550734	105	88	102	768.844
2.879793	2.073035	2.027405	10	10	96	768.720
2.094395	1.045978	0.343692	24	10	12	768.616
2.356194	2.396274	-1.959260	19	19	8	768.562
-2.094395	0.685216	-1.712745	11	8	25	768.495
2.094395	2.138223	1.678323	2	6	88	768.444
2.617994	2.404280	-0.174044	5	90	1	768.260
-0.261799	1.218453	2.777284	30	6	107	768.256
-1.047198	1.374601	-2.456031	10	100	92	768.113
-0.785398	2.704512	1.488683	95	88	94	767.933
-1.047198	2.115563	0.685730	20	19	3	767.836
-3.141593	2.587733	0.232235	94	101	89	767.715
-0.523599	2.174483	2.653697	110	92	98	767.668
1.570796	0.571433	-1.188419	109	96	96	767.477
0.000000	2.174483	2.653697	110	87	104	767.422
1.308997	2.138223	1.678323	26	11	1	767.275
0.000000	2.153910	-1.714959	0	94	92	767.250
-0.261799	1.440580	2.260026	5	90	109	767.244
1.832596	1.488617	1.159546	26	12	14	766.957
1.832596	2.456751	-1.503343	17	9	102	766.854
1.047198	0.864993	2.278281	27	109	16	766.804
0.261799	1.014500	0.906702	14	90	99	766.796
1.308997	0.618092	2.539118	17	102	95	766.405
0.785398	2.724429	-0.348782	104	102	88	766.379
0.785398	0.591903	2.010408	99	96	99	766.352
-2.617994	1.836682	-0.676006	1	4	85	766.329
2.356194	2.719179	-1.780644	9	3	90	766.249
-2.879793	2.984978	1.954446	110	107	21	766.220
-2.356194	1.135813	-2.658866	26	15	5	766.048
0.785398	0.615174	-0.666022	87	107	92	765.948
-2.094395	1.135813	-2.658866	1	106	24	765.884
0.523599	0.709924	0.218797	104	87	102	765.811
-2.879793	1.391910	3.030322	96	91	108	765.808
-0.523599	1.766067	2.153843	104	93	98	765.806
-2.617994	2.187132	-0.479875	27	102	107	765.799
2.094395	0.866395	-2.492918	106	94	4	765.445
2.356194	2.089241	-0.114193	1	10	85	765.398
-0.523599	1.998705	2.370472	109	94	96	765.397
0.785398	1.696674	-1.253233	4	91	94	765.375
-3.141593	1.325504	-1.671296	89	5	2	765.353
2.094395	2.579248	-2.364801	11	1	89	765.211
1.308997	0.615174	-0.666022	99	102	89	765.169
-0.523599	0.899350	-2.069907	99	110	18	765.139
0.785398	1.872854	1.543456	8	96	97	765.091
-0.261799	1.184361	0.625864	0	88	0	765.059
1.308997	1.218453	2.777284	108	105	89	764.937
-1.570796	2.033014	2.977192	104	28	1	764.826
1.308997	1.574060	2.783565	102	107	89	764.734
-0.523599	2.396274	-1.959260	99	101	88	764.690
2.879793	1.824694	1.850876	11	12	99	764.470
-0.261799	1.909857	-0.381669	103	95	89	764.326
-1.570796	1.948085	-2.363031	1	99	96	764.308
0.785398	2.588535	-2.976617	20	93	103	764.294
-0.785398	1.824694	1.850876	97	97	94	764.293
-2.356194	2.180315	-1.357379	10	3	83	764.283
-0.785398	1.335669	0.897240	101	90	103	764.011
0.000000	1.113094	-0.272241	2	87	109	763.945
-3.141593	2.393226	1.857173	9	11	93	763.920
2.094395	1.433411	-1.035986	102	89	2	763.834
0.785398	1.606104	-0.451151	94	90	106	763.695
-2.356194	1.836682	-0.676006	3	4	88	763.492
-1.832596	1.948085	-2.363031	16	1	24	763.348
-2.879793	1.869911	2.701025	111	11	21	763.236
-0.261799	0.961715	0.014085	108	90	96	763.192
-2.094395	1.606104	-0.451151	0	90	98	763.064
-0.261799	2.063651	-2.044600	2	92	101	762.997
2.356194	2.073035	2.027405	94	90	99	762.972
-0.261799	2.073035	2.027405	100	91	98	762.619
-2.879793	1.846342	-1.796954	3	24	109	762.613
2.617994	0.419640	2.974122	111	100	89	762.601
0.523599	1.045978	0.343692	27	96	109	762.532
-0.785398	1.982574	-1.115518	95	96	107	762.531
0.523599	1.809167	1.213774	97	100	86	762.474
1.308997	2.724429	-0.348782	107	104	87	762.308
1.832596	1.050534	3.042579	0	105	22	762.300
-3.141593	2.664082	-1.071402	1	0	83	761.826
0.000000	0.700570	1.559208	3	4	86	761.778
-2.617994	1.599406	1.426070	108	92	95	761.744
0.523599	2.724429	-0.348782	104	102	88	761.724
-1.832596	1.836682	-0.676006	100	89	96	761.533
2.879793	2.979456	-1.009304	20	95	101	761.489
2.879793	2.343981	-1.040456	109	8	82	761.479
-0.261799	1.488617	1.159546	8	89	108	761.460
1.570796	1.448123	-2.163292	104	93	4	761.408
1.832596	1.836682	-0.676006	105	103	87	761.385
1.047198	2.719179	-1.780644	103	104	81	761.350
-2.879793	1.982574	-1.115518	12	10	91	761.327
1.832596	2.724429	-0.348782	111	102	88	761.304
-1.308997	0.910508	1.903534	108	109	24	761.030
1.308997	0.929350	-2.910676	3	86	102	760.809
-3.141593	1.413430	2.550734	0	7	24	760.735
2.617994	1.448123	-2.163292	89	103	14	759.940
2.094395	0.831641	0.616218	22	13	9	759.844
-1.570796	1.128190	-2.288622	0	96	91	759.656
0.000000	1.870545	-2.976234	106	89	98	759.595
-1.047198	1.696674	-1.253233	9	21	6	758.777
1.047198	1.218453	2.777284	104	105	89	758.352
1.047198	1.982574	-1.115518	5	95	92	758.265
0.000000	1.732874	-0.951685	98	94	110	758.146
1.570796	1.870545	-2.976234	1	87	96	758.093
1.570796	0.914445	2.687814	0	102	89	758.059
1.047198	1.683268	0.374177	100	98	86	757.980
1.570796	2.138223	1.678323	25	12	110	757.510
-2.356194	2.115563	0.685730	92	97	95	757.390
0.785398	0.297065	2.160177	7	1	84	756.982
-3.141593	1.836682	-0.676006	22	96	105	756.933
1.832596	1.658653	-2.409879	25	4	13	756.892
0.000000	1.574060	2.783565	3	88	110	756.859
-2.617994	1.134497	-1.109631	107	103	86	756.715
-2.617994	0.910508	1.903534	96	105	84	756.546
-2.094395	1.662363	0.915448	104	95	97	756.520
-2.617994	1.301460	-0.509251	109	6	86	756.509
2.094395	1.736875	3.023612	34	110	9	756.481
-0.523599	0.960688	-0.577532	10	12	94	756.433
-0.785398	1.374601	-2.456031	29	0	19	756.389
0.785398	0.929350	-2.910676	101	103	19	756.303
0.000000	0.762244	-0.273349	107	90	97	756.137
0.785398	1.045978	0.343692	10	89	99	755.974
-0.785398	1.766067	2.153843	97	95	98	755.962
0.261799	2.138223	1.678323	6	90	100	755.891
-1.047198	2.108018	1.311430	94	93	96	755.566
-1.047198	1.555207	1.708892	98	91	111	755.524
2.356194	1.909857	-0.381669	22	11	1	755.399
0.000000	1.846342	-1.796954	98	92	94	754.961
-2.879793	2.138223	1.678323	109	87	103	754.893
2.879793	2.456751	-1.503343	4	5	84	754.796
1.308997	2.587733	0.232235	28	107	101	754.795
2.094395	0.640596	-2.797608	14	88	107	754.562
-2.879793	1.256302	0.062705	110	23	2	754.438
-0.523599	0.866395	-2.492918	99	108	17	754.371
-0.785398	2.251330	-2.330739	96	101	89	754.179
-0.261799	1.658653	-2.409879	94	93	109	754.155
1.308997	2.719179	-1.780644	1	90	96	754.131
0.000000	1.948085	-2.363031	6	88	106	754.109
-2.094395	0.899350	-2.069907	20	12	7	753.877
0.523599	1.433411	-1.035986	5	89	98	753.604
1.570796	1.135834	-1.431087	5	92	99	753.405
-1.570796	1.025536	1.576859	106	108	25	753.118
-1.570796	2.719179	-1.780644	13	93	3	752.922
-2.094395	1.809167	1.213774	101	93	103	752.812
-1.570796	0.733948	3.021411	3	83	97	752.749
2.879793	2.001437	0.381215	105	90	103	752.477
1.308997	1.909857	-0.381669	102	86	104	752.420
-2.094395	0.418037	1.360082	111	103	24	752.402
2.879793	2.379497	0.561089	104	90	109	752.313
0.785398	2.063651	-2.044600	0	88	96	752.111
1.047198	1.824694	1.850876	13	16	94	751.816
-1.832596	1.391910	3.030322	110	6	24	751.815
2.617994	2.063651	-2.044600	7	90	99	751.778
-2.879793	1.574060	2.783565	111	0	88	751.573
0.785398	1.134796	2.434290	97	103	90	751.554
1.308997	1.025536	1.576859	102	94	106	751.466
0.785398	2.664082	-1.071402	104	98	90	751.410
2.356194	1.554776	0.100351	22	13	3	750.930
-1.832596	1.732874	-0.951685	85	7	103	750.748
-1.832596	0.914445	2.687814	108	7	24	750.701
-2.617994	1.696674	-1.253233	15	14	97	750.699
-2.879793	2.587733	0.232235	96	99	88	750.684
1.570796	1.510910	-0.740472	105	102	88	750.675
-1.570796	0.203748	0.590255	91	106	91	750.596
1.832596	1.440580	2.260026	32	110	13	750.503
1.047198	1.440580	2.260026	98	102	93	750.415
2.356194	1.545873	-1.877082	30	5	111	750.253
0.523599	1.554776	0.100351	3	90	107	750.017
-1.832596	2.041297	-2.664597	4	101	93	749.881
1.570796	1.450119	-2.739050	2	93	89	749.852
2.094395	2.041297	-2.664597	31	111	8	749.749
0.523599	1.617114	-1.572037	11	89	95	749.661
1.832596	1.134796	2.434290	28	111	16	749.614
-1.308997	2.984978	1.954446	96	97	91	749.599
2.094395	1.662363	0.915448	23	17	8	749.450
2.617994	2.455966	-0.641220	108	3	81	749.423
-2.094395	1.448123	-2.163292	20	10	15	749.219
-2.617994	0.914445	2.687814	1	5	25	749.048
-2.879793	2.073035	2.027405	10	16	100	748.887
1.047198	2.343981	-1.040456	1	100	87	748.670
-0.261799	1.982574	-1.115518	5	91	100	748.469
-2.617994	0.290380	-0.796960	12	89	98	748.275
2.094395	1.904882	-1.478089	10	93	95	748.214
2.356194	1.732874	-0.951685	110	89	2	747.680
-0.261799	0.458961	-0.107937	109	88	102	747.590
1.047198	1.504028	0.636812	110	15	93	747.467
1.308997	2.393226	1.857173	108	9	86	747.416
-0.785398	2.174483	2.653697	111	17	96	747.400
1.570796	1.310100	1.488307	24	11	17	747.390
-1.832596	0.961715	0.014085	94	2	88	747.368
2.356194	2.881233	-2.582574	9	0	87	747.255
-1.047198	0.709924	0.218797	111	104	24	747.245
-1.047198	1.824694	1.850876	96	91	110	747.211
-1.570796	1.846342	-1.796954	108	94	105	747.110
2.879793	0.619654	-2.216909	98	90	103	746.750
0.000000	0.866395	-2.492918	100	108	19	746.664
0.523599	1.413430	2.550734	96	107	90	746.478
-2.094395	1.134796	2.434290	108	7	25	746.236
-2.356194	1.025536	1.576859	111	91	6	746.194
0.000000	1.417623	-0.202254	106	88	104	746.145
2.617994	2.104282	-0.813972	21	11	110	746.013
1.308997	1.135813	-2.658866	3	93	90	745.972
-2.094395	1.846342	-1.796954	4	25	108	745.902
-0.785398	1.812176	0.656819	105	89	96	745.778
-2.879793	1.555207	1.708892	107	94	89	745.601
-0.261799	1.256302	0.062705	111	86	109	745.426
0.000000	1.824694	1.850876	21	94	105	745.368
2.617994	1.824694	1.850876	12	11	99	745.341
-1.047198	0.419640	2.974122	111	95	8	745.192
1.308997	1.433411	-1.035986	11	94	95	745.104
2.356194	0.866955	-0.931351	109	88	103	745.014
-2.879793	0.297065	2.160177	4	0	28	744.915
1.047198	2.089241	-0.114193	106	90	97	744.872
1.832596	2.407836	1.410646	5	14	91	744.739
-0.261799	2.407836	1.410646	20	14	10	744.664
0.000000	1.982574	-1.115518	8	91	100	744.628
2.617994	1.134497	-1.109631	25	12	5	744.455
2.879793	1.488617	1.159546	1	95	87	744.424
-0.785398	1.448123	-2.163292	0	92	8	744.255
-1.308997	0.496451	0.593859	1	104	25	744.251
0.261799	1.846342	-1.796954	105	90	95	744.206
2.094395	2.407836	1.410646	5	16	92	744.167
-0.785398	1.599406	1.426070	101	101	85	743.798
1.047198	1.242974	-2.977882	105	98	16	743.783
1.832596	1.741644	-2.695914	26	4	12	743.783
0.785398	1.301460	-0.509251	23	96	98	743.649
-3.141593	1.904882	-1.478089	111	90	100	743.635
2.617994	1.113094	-0.272241	26	6	10	743.543
2.879793	0.379747	-1.713059	95	91	97	743.468
0.523599	0.591903	2.010408	3	3	84	743.395
-2.617994	0.864993	2.278281	93	101	87	743.351
-2.617994	2.379497	0.561089	88	100	92	743.159
-0.261799	1.809167	1.213774	14	85	5	743.119
2.094395	1.128190	-2.288622	109	93	4	743.039
-0.785398	2.664082	-1.071402	31	3	6	743.027
1.832596	1.128190	-2.288622	102	94	3	742.986
1.832596	1.045978	0.343692	89	106	12	742.864
-0.785398	1.569311	-3.003978	2	90	7	742.814
-2.094395	1.310100	1.488307	19	95	100	742.791
-1.570796	1.756530	-2.105156	20	2	23	742.747
-2.879793	1.510910	-0.740472	0	24	110	742.672
2.356194	2.187132	-0.479875	1	10	85	742.433
0.785398	1.113094	-0.272241	23	95	104	742.201
2.879793	2.664082	-1.071402	105	0	79	742.015
-2.617994	2.407836	1.410646	107	91	0	741.942
-0.523599	0.496451	0.593859	18	89	1	741.874
2.617994	2.881233	-2.582574	106	13	90	741.750
-2.879793	2.379497	0.561089	0	91	110	741.748
-0.785398	0.866955	-0.931351	105	97	12	741.734
0.261799	0.910508	1.903534	20	12	12	741.573
0.523599	1.194549	-0.801900	9	89	101	741.566
0.523599	2.396274	-1.959260	96	98	85	741.479
-2.879793	2.001437	0.381215	108	94	98	741.303
0.000000	1.736875	3.023612	104	87	103	741.182
1.047198	2.455966	-0.641220	106	101	87	741.170
0.523599	1.998705	2.370472	18	88	110	741.156
-0.785398	2.295480	1.008277	102	87	97	741.073
-3.141593	0.866395	-2.492918	104	89	108	740.942
2.879793	1.417623	-0.202254	29	6	4	740.762
-2.356194	1.113094	-0.272241	4	2	88	740.510
0.000000	2.455966	-0.641220	110	100	86	740.110
0.523599	1.948085	-2.363031	109	87	99	740.107
-1.308997	2.396274	-1.959260	105	100	88	739.873
1.047198	1.904882	-1.478089	22	96	95	739.838
-2.094395	1.977582	0.969896	95	95	96	739.803
2.094395	2.174483	2.653697	99	100	93	739.694
-1.570796	2.138223	1.678323	90	100	95	739.220
-2.617994	1.555207	1.708892	6	94	91	739.193
2.356194	1.658653	-2.409879	34	110	6	738.719
2.617994	2.979456	-1.009304	4	4	89	738.693
0.261799	1.488617	1.159546	111	95	91	738.537
-3.141593	1.128190	-2.288622	27	100	15	738.471
-1.832596	2.455966	-0.641220	25	2	16	738.412
-1.308997	2.881233	-2.582574	0	109	23	738.181
1.047198	1.606104	-0.451151	20	95	102	738.097
-2.617994	1.194549	-0.801900	92	107	10	738.044
0.000000	1.433411	-1.035986	93	20	3	738.018
-2.617994	1.977582	0.969896	101	11	90	737.803
1.570796	1.569311	-3.003978	28	1	10	737.703
-1.570796	1.391910	3.030322	103	3	88	737.564
1.308997	2.174483	2.653697	93	107	93	737.483
-3.141593	1.846342	-1.796954	6	23	110	737.453
2.356194	1.809167	1.213774	108	6	83	737.422
-2.617994	0.458961	-0.107937	12	3	90	737.417
-2.879793	2.247462	0.191623	91	101	89	737.414
0.000000	2.760637	2.781135	102	95	88	737.294
2.617994	1.325504	-1.671296	27	8	8	737.184
0.785398	2.587733	0.232235	3	102	88	737.182
1.570796	2.108018	1.311430	18	11	101	737.108
1.047198	1.247695	1.809890	29	110	100	736.856
1.308997	1.128190	-2.288622	4	98	87	736.819
1.832596	1.168678	2.108595	29	106	21	736.575
0.785398	2.033014	2.977192	22	91	107	736.562
0.000000	1.014500	0.906702	103	92	91	736.333
0.261799	2.073035	2.027405	18	86	1	736.113
-0.523599	0.674054	1.013609	28	8	15	736.090
0.000000	2.138223	1.678323	22	7	12	735.968
1.047198	0.618092	2.539118	3	104	84	735.529
-1.047198	0.203748	0.590255	108	88	107	735.520
1.570796	1.904882	-1.478089	24	8	109	735.492
2.879793	2.089241	-0.114193	5	90	109	735.296
-0.261799	0.379747	-1.713059	104	105	20	735.093
0.523599	1.014500	0.906702	13	91	96	734.890
-2.094395	0.914445	2.687814	0	8	26	734.797
-0.261799	2.356369	3.005869	92	93	95	734.797
-1.832596	1.599406	1.426070	102	92	105	734.683
0.000000	0.080730	-2.622036	17	7	90	734.643
2.094395	0.458961	-0.107937	109	92	90	734.443
-3.141593	1.872854	1.543456	11	16	105	734.398
1.047198	1.569311	-3.003978	106	98	15	734.301
0.261799	1.413430	2.550734	11	90	111	734.246
0.785398	1.732874	-0.951685	12	91	101	734.194
0.261799	2.719179	-1.780644	99	99	89	734.171
-1.832596	1.574060	2.783565	106	6	89	733.935
-1.570796	0.762244	-0.273349	93	5	90	733.908
-2.356194	2.396274	-1.959260	91	19	6	733.895
-2.356194	1.699788	2.452890	87	11	109	733.855
-1.308997	2.637879	2.121598	110	102	87	733.713
0.523599	2.379497	0.561089	107	104	86	733.666
-1.047198	2.138223	1.678323	97	14	103	733.396
2.617994	2.108018	1.311430	26	99	12	733.391
-0.523599	2.979456	-1.009304	21	95	104	733.273
-0.523599	0.709924	0.218797	110	89	99	733.230
0.000000	1.555207	1.708892	1	93	99	733.192
-3.141593	0.640596	-2.797608	92	93	101	733.146
0.000000	0.992645	-1.723759	110	98	85	733.133
2.356194	1.448123	-2.163292	30	3	9	733.124
-1.570796	2.592629	0.909713	105	97	88	732.974
0.261799	0.458961	-0.107937	108	100	91	732.606
-2.879793	2.295480	1.008277	108	90	107	732.426
-3.141593	1.569311	-3.003978	86	97	3	732.258
1.047198	1.812176	0.656819	109	101	85	732.246
-1.308997	1.014500	0.906702	5	86	111	732.242
-1.570796	0.080730	-2.622036	20	15	8	732.117
1.308997	2.455966	-0.641220	111	85	105	732.059
1.832596	2.587733	0.232235	111	106	87	732.001
1.047198	2.153910	-1.714959	4	91	95	731.993
1.047198	1.367556	0.358405	13	90	100	731.977
-2.356194	2.760637	2.781135	1	108	23	731.843
-0.523599	1.310100	1.488307	0	96	86	731.698
-0.785398	2.033014	2.977192	86	103	93	731.685
-1.308997	2.393226	1.857173	93	97	94	731.644
1.832596	2.138223	1.678323	2	6	88	731.606
2.094395	1.135834	-1.431087	20	97	100	731.501
2.094395	2.180315	-1.357379	19	12	103	731.435
0.000000	1.506530	1.988858	101	90	110	731.384
-0.523599	0.290380	-0.796960	88	0	94	731.381
1.047198	0.700570	1.559208	111	94	3	731.298
2.356194	1.050534	3.042579	103	91	101	731.246
-0.523599	1.948085	-2.363031	95	95	95	731.193
-2.356194	2.588535	-2.976617	21	97	100	730.910
1.308997	1.870545	-2.976234	3	105	86	730.871
-0.523599	2.984978	1.954446	18	91	104	730.843
2.617994	2.174483	2.653697	7	24	3	730.625
-2.617994	1.662363	0.915448	108	93	98	730.416
-3.141593	0.992645	-1.723759	95	88	106	730.367
2.617994	2.379497	0.561089	111	3	86	730.278
1.308997	2.108018	1.311430	21	11	102	730.277
-1.832596	0.709924	0.218797	100	1	86	730.262
0.785398	1.736875	3.023612	105	97	16	730.201
-2.617994	1.113094	-0.272241	111	23	10	730.188
-1.047198	2.984978	1.954446	99	99	87	730.162
-1.832596	2.104282	-0.813972	110	88	95	729.869
1.570796	1.413430	2.550734	104	102	89	729.852
-2.617994	1.510910	-0.740472	1	8	87	729.786
-0.261799	0.290380	-0.796960	107	11	21	729.650
0.000000	1.872854	1.543456	103	89	103	729.605
0.261799	0.203748	0.590255	0	4	22	729.517
1.308997	1.872854	1.543456	26	12	5	729.472
-2.617994	1.050534	3.042579	102	88	105	729.424
2.094395	2.164094	-2.991358	30	4	6	729.395
1.832596	1.374601	-2.456031	29	1	9	729.287
-2.617994	0.929350	-2.910676	102	88	102	729.229
2.356194	0.899350	-2.069907	100	92	107	729.223
0.261799	1.433411	-1.035986	104	22	101	729.219
1.570796	1.301460	-0.509251	91	99	96	729.114
2.879793	1.113094	-0.272241	32	0	5	729.020
-0.523599	2.404280	-0.174044	97	99	5	729.017
1.047198	1.574060	2.783565	97	109	88	728.905
-0.785398	1.555207	1.708892	103	98	87	728.789
-2.094395	1.909857	-0.381669	0	2	86	728.660
1.570796	0.960688	-0.577532	90	95	98	728.649
1.832596	0.458961	-0.107937	103	92	91	728.587
1.570796	1.836682	-0.676006	104	104	86	728.438
-0.785398	2.379497	0.561089	19	17	6	728.340
-1.570796	2.456751	-1.503343	101	95	110	728.210
2.094395	2.343981	-1.040456	1	4	82	728.189
-1.047198	2.299159	2.264663	95	95	97	727.972
-2.356194	2.164094	-2.991358	88	11	104	727.788
-0.785398	2.984978	1.954446	101	99	86	727.637
2.879793	1.301460	-0.509251	3	103	23	727.567
-1.832596	1.488617	1.159546	102	93	102	727.451
-0.785398	0.496451	0.593859	103	107	86	727.323
1.308997	0.899350	-2.069907	105	90	94	727.116
1.832596	1.809167	1.213774	16	15	102	726.856
1.570796	1.555207	1.708892	27	8	17	726.848
-3.141593	1.909857	-0.381669	111	11	87	726.820
2.617994	2.407836	1.410646	9	11	93	726.591
-0.523599	0.733948	3.021411	27	5	109	726.535
-3.141593	2.863997	0.549740	0	104	86	726.520
0.785398	1.617114	-1.572037	14	18	5	726.445
-2.356194	0.419640	2.974122	96	96	89	726.444
2.094395	1.413430	2.550734	26	7	5	726.372
-3.141593	0.370812	-2.547742	96	93	96	726.257
-1.832596	1.113094	-0.272241	25	20	4	726.209
-3.141593	2.138223	1.678323	10	15	99	726.156
-1.832596	2.251330	-2.330739	92	19	105	726.030
2.356194	1.391910	3.030322	105	109	86	725.623
0.785398	2.881233	-2.582574	104	99	84	725.588
-1.047198	2.719179	-1.780644	20	97	101	725.583
2.617994	2.153910	-1.714959	21	10	102	725.552
-0.523599	2.180315	-1.357379	103	95	91	725.526
-1.047198	1.756530	-2.105156	100	97	92	725.500
-1.570796	1.417623	-0.202254	85	6	106	725.343
0.523599	1.025536	1.576859	105	5	81	725.206
-2.879793	1.766067	2.153843	102	90	94	725.174
2.356194	1.025536	1.576859	12	7	82	725.142
1.570796	2.979456	-1.009304	92	100	90	725.005
-2.356194	0.618092	2.539118	90	95	92	724.904
2.879793	1.617114	-1.572037	25	11	3	724.374
-2.356194	1.721184	-0.153948	107	111	85	724.262
0.785398	0.496451	0.593859	110	11	25	724.029
1.308997	1.982574	-1.115518	6	93	95	723.959
-1.570796	0.685216	-1.712745	10	91	99	723.881
-2.879793	0.419640	2.974122	96	97	92	723.876
1.308997	0.640596	-2.797608	106	103	20	723.847
-3.141593	2.881233	-2.582574	3	12	88	723.729
-1.570796	1.433411	-1.035986	26	7	20	723.728
-0.261799	1.904882	-1.478089	2	91	97	723.684
0.785398	2.704512	1.488683	8	3	88	723.596
-1.570796	2.153910	-1.714959	104	94	108	723.519
2.094395	1.218453	2.777284	26	7	6	723.199
-1.308997	0.297065	2.160177	3	8	26	723.195
-3.141593	0.685216	-1.712745	105	84	1	723.125
2.094395	1.846342	-1.796954	13	91	97	723.124
-2.617994	2.001437	0.381215	104	15	92	723.108
-0.261799	1.732874	-0.951685	100	93	110	722.859
-1.832596	1.606104	-0.451151	98	88	102	722.734
0.785398	1.391910	3.030322	110	3	86	722.432
-1.047198	2.478122	2.609777	107	96	91	722.394
-2.094395	1.658653	-2.409879	109	90	98	721.983
-2.879793	2.588535	-2.976617	108	20	93	721.939
2.617994	1.184361	0.625864	1	94	90	721.826
-1.570796	2.041297	-2.664597	6	102	93	721.732
-0.261799	0.685216	-1.712745	104	105	17	721.728
-1.570796	1.574060	2.783565	109	7	89	721.645
-1.832596	1.448123	-2.163292	95	100	97	721.511
0.785398	1.599406	1.426070	25	98	104	721.471
-2.617994	1.909857	-0.381669	94	97	88	721.343
1.047198	1.194549	-0.801900	104	100	89	721.281
0.000000	2.404280	-0.174044	104	98	89	721.271
-0.523599	1.756530	-2.105156	93	94	98	720.997
1.308997	2.881233	-2.582574	7	3	91	720.952
0.000000	1.510910	-0.740472	109	88	96	720.760
2.356194	2.104282	-0.813972	1	9	83	720.628
-1.308997	1.374601	-2.456031	5	99	91	720.565
-1.832596	1.214854	-1.966664	107	93	96	720.546
-0.261799	1.310100	1.488307	7	89	111	720.506
-1.570796	1.909857	-0.381669	100	25	102	720.240
2.356194	0.419640	2.974122	4	4	26	719.993
1.570796	2.456751	-1.503343	18	8	102	719.811
1.570796	1.488617	1.159546	26	14	14	719.802
0.785398	2.104282	-0.813972	107	104	82	719.677
-2.879793	1.696674	-1.253233	2	24	109	719.594
-1.570796	0.866395	-2.492918	3	97	17	719.543
2.617994	0.571433	-1.188419	18	87	109	719.296
-2.617994	1.417623	-0.202254	110	91	100	719.286
-0.523599	1.367556	0.358405	104	92	95	719.216
0.785398	1.195355	1.200319	24	98	98	719.130
2.094395	1.658653	-2.409879	13	88	103	719.113
-2.879793	1.184361	0.625864	5	103	87	718.997
0.000000	0.866955	-0.931351	97	93	4	718.836
1.832596	2.393226	1.857173	13	98	97	718.663
-3.141593	1.555207	1.708892	98	16	94	718.623
1.047198	1.545873	-1.877082	11	19	1	718.602
-1.570796	1.741644	-2.695914	0	102	90	718.417
0.523599	0.685216	-1.712745	96	2	20	718.289
-1.047198	2.579248	-2.364801	0	107	85	718.125
-2.094395	1.367556	0.358405	4	105	89	718.101
-1.832596	2.138223	1.678323	12	19	5	718.059
-3.141593	0.297065	2.160177	4	2	28	717.954
2.094395	0.615174	-0.666022	100	90	97	717.934
-2.094395	2.863997	0.549740	0	3	86	717.922
-2.094395	1.214854	-1.966664	30	103	11	717.865
-0.261799	1.014500	0.906702	4	89	1	717.750
1.308997	1.732874	-0.951685	9	96	93	717.633
2.617994	0.615174	-0.666022	1	100	89	717.365
1.308997	2.379497	0.561089	27	103	102	717.320
1.570796	0.618092	2.539118	102	18	89	717.150
0.261799	1.617114	-1.572037	106	2	28	717.047
-1.308997	1.433411	-1.035986	105	99	8	716.780
-1.570796	2.704512	1.488683	95	96	92	716.708
0.000000	1.413430	2.550734	94	3	89	716.675
-2.094395	1.554776	0.100351	18	16	97	716.590
0.261799	2.033014	2.977192	11	89	104	716.429
2.094395	1.766067	2.153843	96	94	93	716.332
1.308997	1.875281	0.107086	25	101	103	716.104
1.308997	1.134796	2.434290	103	99	90	715.989
-2.617994	2.104282	-0.813972	28	105	109	715.957
0.000000	2.724429	-0.348782	90	108	90	715.898
2.094395	2.587733	0.232235	2	105	87	715.686
-2.094395	2.104282	-0.813972	99	92	92	715.645
-1.047198	1.998705	2.370472	110	91	96	715.447
-2.094395	1.741644	-2.695914	111	101	88	715.415
0.523599	0.960688	-0.577532	12	89	103	715.146
2.356194	1.184361	0.625864	22	13	4	715.102
0.523599	1.310100	1.488307	102	11	84	715.101
1.832596	2.164094	-2.991358	30	0	5	714.927
2.356194	0.458961	-0.107937	110	99	14	714.910
2.356194	2.356369	3.005869	92	97	99	714.823
1.308997	1.134497	-1.109631	107	95	94	714.782
0.785398	1.662363	0.915448	22	95	106	714.732
0.785398	1.504028	0.636812	105	98	85	714.678
2.094395	2.379497	0.561089	111	109	85	714.553
-1.570796	0.615174	-0.666022	88	9	97	714.523
-0.785398	1.506530	1.988858	15	12	92	714.291
-0.523599	2.881233	-2.582574	107	94	94	714.181
-2.094395	2.579248	-2.364801	101	13	84	714.112
-1.308997	1.128190	-2.288622	8	97	92	714.105
0.785398	2.979456	-1.009304	101	101	89	714.092
1.570796	0.762244	-0.273349	94	95	93	714.084
-0.785398	0.615174	-0.666022	108	96	17	714.071
0.261799	1.050534	3.042579	104	109	86	713.949
0.785398	1.194549	-0.801900	11	90	100	713.899
-0.261799	1.448123	-2.163292	93	94	111	713.866
0.000000	0.831641	0.616218	4	0	26	713.516
0.523599	1.325504	-1.671296	17	18	4	713.387
-1.308997	2.456751	-1.503343	106	94	109	713.326
0.000000	1.045978	0.343692	23	91	108	713.219
-0.261799	1.134796	2.434290	28	6	108	713.195
-2.356194	2.153910	-1.714959	14	7	85	713.118
-1.832596	1.184361	0.625864	5	7	86	713.096
2.617994	1.050534	3.042579	106	91	100	713.064
1.832596	0.866395	-2.492918	12	88	104	713.023
2.356194	0.864993	2.278281	29	110	13	712.908
1.832596	0.929350	-2.910676	111	5	87	712.805
2.617994	1.809167	1.213774	107	5	83	712.591
-2.094395	0.866395	-2.492918	28	109	14	712.559
-2.879793	1.301460	-0.509251	91	108	14	712.469
1.047198	2.295480	1.008277	11	95	100	712.446
-2.617994	2.881233	-2.582574	111	90	109	712.338
1.047198	0.674054	1.013609	84	105	110	712.325
0.000000	1.756530	-2.105156	95	93	0	712.229
1.832596	2.089241	-0.114193	10	16	91	712.135
-2.356194	2.041297	-2.664597	12	86	111	711.990
0.000000	1.168678	2.108595	106	91	7	711.798
-0.785398	1.699788	2.452890	103	92	100	711.713
-3.141593	1.214854	-1.966664	94	89	109	711.671
2.094395	2.073035	2.027405	111	88	106	711.648
0.523599	0.418037	1.360082	3	1	86	711.538
0.261799	1.696674	-1.253233	14	90	94	711.461
2.094395	0.899350	-2.069907	96	94	107	711.337
0.523599	2.760637	2.781135	7	110	90	711.257
1.047198	0.929350	-2.910676	103	104	20	711.198
2.356194	0.290380	-0.796960	99	85	99	711.133
-1.832596	0.458961	-0.107937	92	6	92	711.106
-1.832596	1.721184	-0.153948	2	110	88	711.075
-3.141593	2.108018	1.311430	8	87	105	710.674
-1.832596	0.685216	-1.712745	108	91	97	710.374
2.356194	2.251330	-2.330739	23	8	102	710.326
2.094395	1.247695	1.809890	23	10	5	710.252
2.356194	2.108018	1.311430	0	8	88	710.162
0.261799	2.299159	2.264663	109	93	93	710.141
1.308997	1.736875	3.023612	4	101	88	709.960
-1.570796	2.637879	2.121598	111	92	93	709.890
2.617994	0.685216	-1.712745	109	90	101	709.760
-0.523599	2.295480	1.008277	106	87	97	709.759
-2.094395	0.571433	-1.188419	103	13	20	709.736
-1.832596	2.592629	0.909713	108	88	103	709.723
-2.617994	1.872854	1.543456	12	90	99	709.681
0.261799	2.379497	0.561089	106	95	94	709.587
1.832596	1.948085	-2.363031	30	111	10	709.522
2.094395	1.554776	0.100351	17	22	109	709.414
2.356194	1.741644	-2.695914	34	0	6	709.394
0.261799	1.310100	1.488307	13	17	107	709.391
1.832596	1.875281	0.107086	7	13	90	709.353
1.832596	0.685216	-1.712745	24	7	19	709.316
-1.047198	2.356369	3.005869	97	100	92	709.314
-0.261799	0.640596	-2.797608	16	94	110	709.277
1.308997	2.456751	-1.503343	111	94	91	709.180
-2.617994	1.824694	1.850876	6	89	96	709.155
-0.523599	1.696674	-1.253233	97	91	101	709.059
1.570796	1.025536	1.576859	23	4	23	709.036
0.000000	2.247462	0.191623	104	96	91	708.937
1.308997	1.168678	2.108595	96	98	93	708.893
2.617994	2.073035	2.027405	97	88	99	708.881
2.356194	2.404280	-0.174044	1	13	88	708.802
-0.523599	1.574060	2.783565	109	90	110	708.580
0.000000	2.984978	1.954446	111	98	86	708.362
1.047198	2.760637	2.781135	4	101	86	708.338
2.617994	2.187132	-0.479875	111	10	84	708.317
1.832596	1.325504	-1.671296	101	2	27	708.219
2.879793	2.153910	-1.714959	18	16	104	708.164
-0.261799	1.417623	-0.202254	111	86	101	708.111
-2.879793	2.104282	-0.813972	106	11	84	708.065
1.570796	1.662363	0.915448	109	20	96	708.039
0.000000	2.073035	2.027405	13	86	1	708.012
-2.617994	1.247695	1.809890	105	92	100	707.974
1.308997	1.417623	-0.202254	109	85	102	707.750
0.000000	0.619654	-2.216909	101	106	19	707.736
-2.094395	0.960688	-0.577532	7	6	91	707.723
1.308997	2.247462	0.191623	14	13	90	707.629
0.261799	1.872854	1.543456	6	89	105	707.555
-1.832596	1.875281	0.107086	110	86	100	707.402
-1.570796	1.113094	-0.272241	85	6	110	707.373
-1.832596	2.349581	-2.702517	19	102	95	707.345
-2.356194	1.869911	2.701025	1	2	90	707.337
-0.261799	1.367556	0.358405	14	87	105	707.248
-1.308997	0.615174	-0.666022	109	85	106	707.229
-2.094395	1.014500	0.906702	0	100	90	707.200
0.523599	1.555207	1.708892	18	91	0	707.155
-2.879793	1.506530	1.988858	101	91	106	707.065
-2.879793	1.658653	-2.409879	7	3	84	707.061
-2.879793	1.194549	-0.801900	90	109	10	707.055
-1.308997	1.766067	2.153843	23	8	94	707.030
1.832596	1.014500	0.906702	23	14	8	706.806
1.047198	1.391910	3.030322	105	99	19	706.776
0.785398	2.164094	-2.991358	103	98	12	706.641
0.523599	1.756530	-2.105156	111	87	97	706.488
1.832596	1.683268	0.374177	90	108	92	706.361
-1.047198	2.251330	-2.330739	111	103	87	706.242
-2.094395	0.203748	0.590255	15	87	107	706.218
-2.356194	1.413347	-1.339188	12	15	98	706.213
1.308997	1.977582	0.969896	18	11	99	706.094
-2.617994	1.450119	-2.739050	93	106	91	705.900
-2.094395	1.948085	-2.363031	107	94	97	705.832
2.356194	1.135834	-1.431087	22	99	99	705.745
-0.785398	1.504028	0.636812	104	89	98	705.640
1.047198	0.496451	0.593859	111	0	86	705.608
2.356194	2.063651	-2.044600	23	10	103	705.602
-3.141593	0.419640	2.974122	12	5	27	705.374
-3.141593	2.164094	-2.991358	100	90	99	705.342
2.356194	1.128190	-2.288622	3	91	10	705.331
0.000000	2.379497	0.561089	102	94	94	705.287
-1.570796	1.488617	1.159546	110	88	111	705.254
-0.523599	1.506530	1.988858	107	90	5	705.064
-2.356194	0.591903	2.010408	0	109	26	704.869
-3.141593	2.979456	-1.009304	109	105	82	704.759
-3.141593	2.153910	-1.714959	2	88	100	704.691
1.308997	1.506530	1.988858	31	106	1	704.590
0.261799	0.379747	-1.713059	82	111	103	704.333
1.570796	1.050534	3.042579	21	4	22	704.327
-1.832596	0.571433	-1.188419	7	15	22	704.233
0.261799	2.760637	2.781135	105	90	91	704.123
-3.141593	0.571433	-1.188419	101	87	100	703.629
-0.261799	2.984978	1.954446	107	101	85	703.495
-1.570796	1.256302	0.062705	19	22	111	703.395
0.785398	0.960688	-0.577532	106	100	90	703.352
1.308997	2.343981	-1.040456	111	100	87	703.170
-0.261799	2.456751	-1.503343	105	100	86	703.166
-0.523599	0.685216	-1.712745	102	105	17	703.064
0.785398	1.128190	-2.288622	106	98	85	702.921
-1.047198	1.977582	0.969896	92	95	95	702.895
-3.141593	0.929350	-2.910676	0	10	23	702.877
2.617994	2.592629	0.909713	102	89	2	702.872
-0.523599	0.640596	-2.797608	4	97	89	702.851
-3.141593	1.417623	-0.202254	27	95	109	702.845
0.261799	0.591903	2.010408	3	1	83	702.778
-1.832596	1.050534	3.042579	108	8	23	702.664
-1.570796	1.809167	1.213774	97	93	99	702.513
0.000000	2.299159	2.264663	104	93	93	702.499
-1.570796	2.579248	-2.364801	20	100	98	702.469
2.356194	1.134497	-1.109631	29	4	9	702.395
2.617994	1.335669	0.897240	0	100	82	702.308
2.617994	2.478122	2.609777	7	24	0	702.195
-2.356194	1.756530	-2.105156	26	11	111	702.163
0.261799	2.407836	1.410646	4	95	91	702.131
-1.570796	2.407836	1.410646	8	104	86	702.072
-2.617994	1.812176	0.656819	13	10	19	702.011
2.617994	0.203748	0.590255	5	8	27	701.919
-2.356194	2.187132	-0.479875	102	16	93	701.896
1.047198	2.637879	2.121598	31	111	7	701.877
1.047198	1.766067	2.153843	92	104	94	701.769
1.570796	0.685216	-1.712745	11	92	97	701.712
-1.832596	1.662363	0.915448	106	94	97	701.632
0.000000	1.135834	-1.431087	97	90	110	701.424
1.308997	0.674054	1.013609	106	97	5	701.411
-2.879793	1.606104	-0.451151	5	108	23	701.393
-2.094395	1.391910	3.030322	103	3	88	701.311
-0.523599	1.134796	2.434290	25	9	0	701.195
1.832596	2.187132	-0.479875	1	4	82	701.119
0.523599	1.184361	0.625864	109	89	96	701.026
0.523599	1.195355	1.200319	22	96	99	701.008
-2.879793	0.864993	2.278281	101	93	97	700.995
-2.356194	1.247695	1.809890	109	99	85	700.983
-0.523599	0.615174	-0.666022	99	26	102	700.954
2.094395	2.089241	-0.114193	3	11	86	700.943
-0.261799	2.664082	-1.071402	13	96	99	700.785
0.785398	1.721184	-0.153948	94	90	100	700.535
1.832596	1.506530	1.988858	26	8	13	700.351
0.000000	1.617114	-1.572037	98	90	99	700.186
2.356194	1.948085	-2.363031	31	110	7	699.896
2.617994	2.138223	1.678323	99	87	103	699.807
1.047198	2.724429	-0.348782	104	103	87	699.762
0.000000	2.295480	1.008277	2	95	91	699.697
2.356194	0.370812	-2.547742	109	6	23	699.638
-1.570796	1.836682	-0.676006	108	86	98	699.525
-3.141593	1.696674	-1.253233	109	91	100	699.393
1.308997	2.984978	1.954446	9	6	88	699.343
-1.308997	0.419640	2.974122	23	12	13	699.327
-1.047198	0.700570	1.559208	22	98	103	699.313
-0.785398	1.134497	-1.109631	107	98	11	699.298
2.094395	1.374601	-2.456031	14	90	100	699.081
-0.785398	1.025536	1.576859	1	90	2	699.029
2.094395	1.488617	1.159546	24	13	14	699.007
2.617994	0.831641	0.616218	16	88	102	698.871
-2.094395	1.128190	-2.288622	21	11	15	698.623
0.261799	2.164094	-2.991358	110	87	102	698.611
2.356194	0.571433	-1.188419	94	91	99	698.601
2.094395	1.256302	0.062705	26	12	7	698.592
-0.261799	2.153910	-1.714959	100	92	1	698.519
-0.785398	0.685216	-1.712745	101	109	17	698.461
0.785398	2.108018	1.311430	1	96	95	698.402
-1.047198	1.488617	1.159546	101	89	105	698.356
1.570796	1.909857	-0.381669	107	85	104	698.037
-2.094395	1.413430	2.550734	8	88	93	697.723
-0.785398	2.863997	0.549740	25	0	15	697.719
-1.308997	2.863997	0.549740	111	10	87	697.708
1.047198	1.168678	2.108595	31	3	104	697.677
1.308997	0.906588	1.252948	91	98	109	697.598
2.094395	0.700570	1.559208	20	8	85	697.591
2.617994	0.850607	-1.335383	110	88	102	697.557
-3.141593	2.719179	-1.780644	16	11	97	697.510
-2.617994	1.766067	2.153843	89	13	109	697.451
1.570796	1.374601	-2.456031	3	97	86	697.432
-1.832596	0.618092	2.539118	3	5	27	697.377
0.523599	2.587733	0.232235	103	102	88	697.332
1.047198	1.869911	2.701025	94	109	91	697.270
0.523599	0.864993	2.278281	111	90	0	697.223
-1.570796	0.929350	-2.910676	111	96	13	697.193
-2.617994	2.664082	-1.071402	28	108	16	697.170
2.094395	1.875281	0.107086	6	15	90	697.133
0.261799	1.135813	-2.658866	102	97	14	697.118
2.356194	1.450119	-2.739050	107	13	95	696.902
1.308997	2.592629	0.909713	15	97	102	696.846
-2.094395	1.504028	0.636812	92	94	98	696.843
0.523599	1.741644	-2.695914	19	92	104	696.836
0.785398	1.554776	0.100351	103	93	90	696.794
-1.308997	2.356369	3.005869	106	85	111	696.699
-2.094395	2.041297	-2.664597	111	100	92	696.266
1.570796	1.194549	-0.801900	94	100	95	696.052
1.832596	1.662363	0.915448	18	21	111	695.824
-2.356194	0.640596	-2.797608	27	99	13	695.772
2.617994	2.587733	0.232235	105	91	2	695.653
-2.356194	0.700570	1.559208	28	3	104	695.569
-0.523599	0.850607	-1.335383	104	95	9	695.511
1.832596	1.413347	-1.339188	15	95	97	695.306
2.094395	0.992645	-1.723759	95	93	104	695.295
-0.523599	0.080730	-2.622036	18	6	93	695.295
1.832596	2.881233	-2.582574	9	111	89	695.213
-2.094395	1.870545	-2.976234	110	109	86	695.096
-3.141593	0.914445	2.687814	98	93	100	694.901
-1.047198	2.295480	1.008277	23	16	5	694.851
1.308997	1.510910	-0.740472	33	108	100	694.815
0.785398	2.153910	-1.714959	111	92	91	694.814
-1.308997	0.700570	1.559208	111	110	25	694.754
-2.617994	0.960688	-0.577532	94	103	11	694.705
0.523599	0.379747	-1.713059	104	90	94	694.630
-2.356194	1.662363	0.915448	21	93	107	694.509
1.047198	1.555207	1.708892	30	103	111	694.446
-0.261799	2.343981	-1.040456	7	93	98	694.349
-2.617994	1.809167	1.213774	97	10	90	694.226
0.785398	1.870545	-2.976234	22	92	106	694.185
2.879793	2.295480	1.008277	4	9	91	694.110
-0.523599	2.104282	-0.813972	111	90	104	694.052
-1.832596	1.756530	-2.105156	111	92	101	693.863
-0.523599	1.184361	0.625864	15	86	110	693.844
1.832596	1.812176	0.656819	97	102	15	693.782
-2.617994	1.391910	3.030322	100	88	108	693.764
1.047198	2.104282	-0.813972	24	96	103	693.747
2.617994	0.960688	-0.577532	21	17	3	693.734
0.000000	2.664082	-1.071402	100	100	89	693.705
-1.832596	1.374601	-2.456031	107	99	89	693.696
2.879793	2.724429	-0.348782	109	10	87	693.651
2.356194	2.863997	0.549740	99	90	94	693.538
2.879793	0.733948	3.021411	1	94	95	693.417
-2.356194	1.310100	1.488307	8	96	90	693.391
-2.356194	1.128190	-2.288622	27	110	15	693.348
1.570796	1.218453	2.777284	25	7	13	693.326
0.523599	2.881233	-2.582574	101	101	84	693.261
0.000000	1.904882	-1.478089	102	92	110	693.247
-1.832596	2.295480	1.008277	110	89	107	693.240
-2.356194	1.982574	-1.115518	97	15	88	693.227
-1.047198	1.433411	-1.035986	11	85	102	693.195
1.570796	2.664082	-1.071402	108	100	87	693.171
0.261799	1.699788	2.452890	98	95	96	692.962
-0.261799	2.637879	2.121598	104	88	95	692.877
0.000000	2.343981	-1.040456	104	104	81	692.825
-2.617994	1.256302	0.062705	111	90	101	692.640
1.832596	1.736875	3.023612	19	16	4	692.629
2.094395	1.417623	-0.202254	96	99	92	692.615
-0.785398	2.724429	-0.348782	95	98	2	692.483
1.832596	2.637879	2.121598	7	5	87	692.458
2.356194	0.850607	-1.335383	108	90	101	692.416
2.879793	1.977582	0.969896	98	18	93	692.365
0.000000	0.379747	-1.713059	0	92	90	692.338
2.094395	0.080730	-2.622036	1	104	87	692.277
1.570796	2.588535	-2.976617	11	110	90	692.130
2.617994	1.045978	0.343692	4	98	88	692.069
2.356194	0.418037	1.360082	21	9	89	692.048
-0.523599	2.579248	-2.364801	104	90	102	691.943
-0.785398	1.870545	-2.976234	111	89	5	691.894
2.617994	1.869911	2.701025	8	10	93	691.860
1.047198	0.910508	1.903534	97	97	98	691.828
-1.570796	0.960688	-0.577532	23	21	7	691.713
-1.047198	1.809167	1.213774	100	88	104	691.643
1.047198	2.299159	2.264663	91	104	98	691.603
0.261799	1.325504	-1.671296	107	8	28	691.346
2.617994	0.929350	-2.910676	108	14	21	691.123
-0.785398	0.850607	-1.335383	103	102	14	691.062
-1.047198	0.379747	-1.713059	31	12	2	691.041
-0.261799	0.370812	-2.547742	98	4	23	690.954
-2.356194	1.875281	0.107086	88	7	90	690.888
-2.094395	2.180315	-1.357379	10	3	83	690.800
0.785398	1.433411	-1.035986	8	91	96	690.779
-2.356194	2.404280	-0.174044	107	87	101	690.762
-2.094395	0.619654	-2.216909	22	12	8	690.710
2.094395	1.909857	-0.381669	3	8	84	690.684
-2.356194	1.977582	0.969896	97	9	89	690.640
1.308997	2.180315	-1.357379	5	94	92	690.564
-1.047198	1.194549	-0.801900	17	10	98	690.478
1.570796	2.104282	-0.813972	100	100	89	690.322
-0.785398	1.545873	-1.877082	109	93	10	690.283
2.617994	1.214854	-1.966664	91	97	13	690.206
-1.308997	1.869911	2.701025	107	86	105	690.195
-2.617994	1.875281	0.107086	93	17	97	690.107
1.047198	1.128190	-2.288622	0	95	87	690.076
1.308997	0.992645	-1.723759	106	95	89	690.029
0.523599	2.637879	2.121598	3	1	87	689.985
-2.356194	0.080730	-2.622036	98	90	92	689.976
-3.141593	2.299159	2.264663	107	25	99	689.961
-1.832596	2.153910	-1.714959	111	91	108	689.952
2.879793	0.762244	-0.273349	3	103	88	689.876
2.617994	0.458961	-0.107937	3	107	86	689.861
0.261799	1.135834	-1.431087	95	108	17	689.699
2.879793	2.180315	-1.357379	102	108	22	689.646
0.523599	1.824694	1.850876	8	90	103	689.642
0.261799	2.979456	-1.009304	109	111	24	689.611
-2.617994	1.335669	0.897240	108	98	90	689.609
2.356194	1.488617	1.159546	15	17	107	689.539
2.879793	2.356369	3.005869	98	90	101	689.443
2.356194	0.379747	-1.713059	109	94	95	689.415
0.785398	1.417623	-0.202254	96	89	101	689.400
1.047198	1.301460	-0.509251	4	18	17	689.273
0.261799	1.184361	0.625864	101	93	91	689.267
-0.261799	0.992645	-1.723759	84	2	106	689.224
-2.094395	1.050534	3.042579	108	10	23	689.113
-1.308997	1.699788	2.452890	106	11	92	689.084
-1.047198	2.863997	0.549740	27	110	15	688.959
0.785398	1.756530	-2.105156	17	88	10	688.934
-1.832596	1.128190	-2.288622	105	98	88	688.875
2.094395	1.721184	-0.153948	94	100	93	688.755
-2.879793	2.881233	-2.582574	95	94	107	688.655
-1.570796	1.545873	-1.877082	21	92	108	688.519
0.785398	1.256302	0.062705	26	98	104	688.389
2.356194	1.870545	-2.976234	34	1	4	688.026
1.308997	0.960688	-0.577532	0	102	90	687.886
1.047198	1.836682	-0.676006	19	95	101	687.755
-2.356194	2.349581	-2.702517	17	14	88	687.652
1.832596	1.247695	1.809890	9	7	82	687.604
1.832596	1.367556	0.358405	22	20	4	687.545
-2.617994	1.741644	-2.695914	102	89	97	687.524
-0.261799	2.180315	-1.357379	5	93	99	687.463
-2.617994	0.640596	-2.797608	26	98	13	687.398
-2.356194	1.683268	0.374177	102	102	89	687.385
-2.617994	1.367556	0.358405	104	22	111	687.273
-1.832596	1.998705	2.370472	101	87	101	687.256
0.785398	0.910508	1.903534	111	91	2	687.251
1.832596	1.242974	-2.977882	104	110	83	687.211
0.785398	0.640596	-2.797608	105	24	98	687.176
0.261799	2.393226	1.857173	4	91	95	686.911
2.879793	1.998705	2.370472	94	90	97	686.874
1.047198	1.809167	1.213774	7	91	5	686.849
-0.785398	1.846342	-1.796954	94	95	96	686.774
-2.879793	2.455966	-0.641220	102	2	80	686.743
1.308997	1.214854	-1.966664	101	92	0	686.648
1.047198	1.045978	0.343692	13	88	101	686.598
-2.356194	2.089241	-0.114193	20	17	102	686.484
2.879793	1.909857	-0.381669	0	12	87	686.441
2.094395	2.393226	1.857173	6	15	93	686.374
1.570796	2.592629	0.909713	17	99	102	686.323
2.356194	2.247462	0.191623	1	14	89	686.322
1.832596	0.591903	2.010408	19	99	96	686.290
-0.261799	0.866395	-2.492918	104	1	22	686.072
-0.785398	0.418037	1.360082	2	111	25	685.964
-2.094395	2.455966	-0.641220	105	22	99	685.957
-2.094395	2.001437	0.381215	105	87	105	685.801
-3.141593	2.637879	2.121598	7	7	89	685.795
-2.617994	1.721184	-0.153948	90	98	91	685.448
2.617994	2.396274	-1.959260	104	92	91	685.414
-1.832596	1.696674	-1.253233	106	95	6	685.296
0.261799	1.555207	1.708892	3	93	100	685.112
-3.141593	2.180315	-1.357379	104	108	22	685.095
-1.047198	2.164094	-2.991358	106	7	20	685.050
-2.094395	1.812176	0.656819	92	94	97	684.936
1.308997	2.104282	-0.813972	5	97	91	684.648
-0.785398	2.396274	-1.959260	98	102	88	684.621
2.356194	2.153910	-1.714959	18	12	100	684.607
-1.570796	1.014500	0.906702	111	0	83	684.464
-2.879793	1.134497	-1.109631	106	103	86	684.436
-2.356194	1.242974	-2.977882	111	85	101	684.424
0.523599	0.080730	-2.622036	103	86	110	684.406
-2.094395	2.724429	-0.348782	108	13	89	684.327
0.523599	0.674054	1.013609	17	89	98	684.298
2.094395	2.001437	0.381215	7	16	93	684.210
-2.617994	1.982574	-1.115518	28	108	111	684.043
0.523599	0.290380	-0.796960	111	87	108	683.988
1.047198	2.108018	1.311430	10	94	101	683.988
-2.094395	1.569311	-3.003978	88	16	0	683.901
1.570796	2.247462	0.191623	93	92	92	683.860
1.047198	1.696674	-1.253233	26	98	96	683.823
-1.308997	1.948085	-2.363031	0	27	108	683.685
0.000000	1.766067	2.153843	100	92	100	683.646
-2.094395	0.906588	1.252948	0	88	4	683.645
-1.832596	1.413430	2.550734	106	9	90	683.553
2.617994	1.135834	-1.431087	29	13	109	683.519
-1.047198	1.301460	-0.509251	109	107	18	683.484
-1.047198	2.979456	-1.009304	111	91	1	683.434
-0.785398	2.041297	-2.664597	107	88	106	683.414
-0.523599	0.379747	-1.713059	107	111	23	683.400
-2.879793	0.866395	-2.492918	110	87	106	683.129
0.523599	2.108018	1.311430	111	95	95	683.085
0.261799	1.218453	2.777284	98	110	87	683.014
2.617994	1.756530	-2.105156	27	6	10	683.005
-0.261799	2.979456	-1.009304	29	9	1	682.936
0.261799	2.984978	1.954446	1	101	85	682.886
2.356194	1.218453	2.777284	7	108	27	682.822
-2.617994	2.041297	-2.664597	100	93	96	682.551
-2.879793	0.961715	0.014085	110	23	6	682.328
1.047198	2.979456	-1.009304	103	102	87	682.243
0.261799	0.290380	-0.796960	1	90	98	682.183
1.832596	1.617114	-1.572037	106	97	86	682.055
0.261799	1.756530	-2.105156	110	88	97	682.012
-1.570796	1.617114	-1.572037	109	23	104	681.859
-1.832596	2.979456	-1.009304	28	2	3	681.812
-2.879793	1.909857	-0.381669	89	105	84	681.767
1.308997	2.187132	-0.479875	2	101	88	681.734
-2.356194	0.906588	1.252948	109	98	89	681.499
-1.047198	1.506530	1.988858	16	10	91	681.497
2.094395	1.836682	-0.676006	108	103	86	681.445
-2.356194	1.732874	-0.951685	8	10	91	681.404
-2.356194	1.948085	-2.363031	24	17	106	681.398
0.000000	1.301460	-0.509251	88	19	2	681.394
-2.617994	1.683268	0.374177	10	6	22	681.286
1.047198	1.335669	0.897240	19	96	97	681.047
-1.308997	2.115563	0.685730	24	16	5	680.962
2.094395	2.637879	2.121598	6	7	87	680.891
0.785398	1.683268	0.374177	104	97	87	680.858
-2.879793	2.089241	-0.114193	96	13	87	680.825
-0.261799	2.247462	0.191623	101	95	91	680.814
0.000000	0.591903	2.010408	21	11	15	680.767
0.523599	0.640596	-2.797608	100	108	22	680.491
2.879793	1.025536	1.576859	27	110	16	680.464
2.617994	1.846342	-1.796954	26	8	4	680.414
2.617994	1.440580	2.260026	6	23	6	680.398
1.047198	2.180315	-1.357379	1	96	88	680.291
-1.570796	2.393226	1.857173	91	100	93	680.151
0.000000	0.370812	-2.547742	100	0	23	679.909
-0.261799	0.591903	2.010408	108	101	16	679.814
-0.523599	1.247695	1.809890	110	90	2	679.753
1.308997	0.297065	2.160177	23	9	92	679.699
-3.141593	2.588535	-2.976617	99	90	105	679.480
-0.261799	2.455966	-0.641220	102	99	87	679.474
2.094395	1.504028	0.636812	17	22	1	679.385
-2.094395	0.419640	2.974122	100	95	88	679.353
-1.047198	2.396274	-1.959260	111	101	88	679.280
0.000000	1.194549	-0.801900	13	86	98	679.188
-2.617994	2.984978	1.954446	99	103	88	679.174
1.570796	1.683268	0.374177	95	111	18	679.070
2.094395	1.310100	1.488307	19	16	0	678.970
-2.094395	2.704512	1.488683	111	103	85	678.969
0.000000	1.025536	1.576859	17	12	104	678.836
0.261799	2.356369	3.005869	11	89	105	678.834
-2.879793	0.929350	-2.910676	0	10	23	678.814
2.094395	2.153910	-1.714959	19	9	100	678.632
-2.617994	2.404280	-0.174044	110	91	96	678.596
-2.094395	0.762244	-0.273349	92	9	92	678.578
1.047198	0.419640	2.974122	105	20	92	678.549
1.832596	1.756530	-2.105156	28	3	109	678.403
-1.047198	0.640596	-2.797608	26	6	108	678.274
2.094395	1.824694	1.850876	24	16	6	678.266
-2.617994	1.699788	2.452890	3	89	92	678.243
-2.356194	0.685216	-1.712745	111	8	23	678.049
-1.832596	1.194549	-0.801900	106	107	17	677.920
-1.047198	0.866955	-0.931351	109	94	88	677.842
0.785398	2.295480	1.008277	110	96	96	677.841
-2.356194	0.910508	1.903534	98	102	84	677.840
-2.879793	0.733948	3.021411	107	91	104	677.749
1.570796	2.063651	-2.044600	111	10	26	677.735
-3.141593	1.242974	-2.977882	19	9	91	677.635
2.356194	2.041297	-2.664597	11	19	110	677.578
-1.570796	0.297065	2.160177	101	100	86	677.570
1.047198	2.393226	1.857173	96	102	95	677.529
-1.047198	1.135834	-1.431087	24	97	13	677.424
-1.308997	0.370812	-2.547742	34	104	1	677.381
-2.617994	2.247462	0.191623	92	98	89	677.251
0.261799	0.619654	-2.216909	102	106	18	677.170
0.523599	0.700570	1.559208	19	15	6	677.156
-0.261799	1.134497	-1.109631	100	25	2	677.142
1.570796	2.704512	1.488683	10	3	87	677.037
-1.832596	1.045978	0.343692	103	90	98	676.714
1.047198	0.591903	2.010408	0	10	85	676.701
-0.523599	0.618092	2.539118	18	12	18	676.669
0.785398	1.488617	1.159546	20	98	96	676.645
-1.308997	0.685216	-1.712745	29	8	4	676.505
1.308997	2.001437	0.381215	20	17	100	676.503
2.879793	1.184361	0.625864	0	99	87	676.477
0.261799	0.992645	-1.723759	1	100	85	676.459
2.879793	0.571433	-1.188419	97	88	100	676.436
-1.047198	1.875281	0.107086	20	17	2	676.406
-2.356194	1.574060	2.783565	111	3	89	676.323
0.785398	0.674054	1.013609	110	3	85	676.292
-0.523599	1.168678	2.108595	110	90	104	676.165
-2.356194	0.929350	-2.910676	105	85	102	676.072
-2.356194	1.301460	-0.509251	110	5	88	676.041
-2.879793	1.440580	2.260026	101	91	105	676.035
-0.523599	1.440580	2.260026	98	92	105	675.964
-1.832596	0.619654	-2.216909	33	101	5	675.835
-2.356194	1.214854	-1.966664	22	11	11	675.746
1.570796	1.325504	-1.671296	107	95	88	675.704
1.047198	1.488617	1.159546	2	108	82	675.699
1.832596	2.343981	-1.040456	22	6	105	675.592
-0.261799	0.960688	-0.577532	105	107	17	675.590
-2.094395	1.440580	2.260026	1	88	94	675.571
0.523599	2.407836	1.410646	104	94	95	675.552
1.047198	0.961715	0.014085	14	13	95	675.513
-2.879793	0.914445	2.687814	100	92	100	675.508
2.879793	2.455966	-0.641220	106	0	80	675.430
-2.094395	2.115563	0.685730	106	17	16	675.409
-1.832596	2.478122	2.609777	6	89	90	675.309
1.047198	2.404280	-0.174044	29	106	102	675.272
0.785398	0.290380	-0.796960	12	89	109	675.106
-2.356194	0.379747	-1.713059	18	18	8	675.078
-0.523599	2.704512	1.488683	107	97	87	674.986
2.879793	2.863997	0.549740	109	105	86	674.806
-2.356194	2.719179	-1.780644	110	12	86	674.778
0.785398	1.168678	2.108595	109	89	111	674.601
-1.047198	0.418037	1.360082	102	104	85	674.547
-1.832596	1.450119	-2.739050	101	103	91	674.516
0.523599	1.545873	-1.877082	12	85	4	674.504
-0.523599	2.456751	-1.503343	105	99	88	674.380
0.261799	1.824694	1.850876	24	93	110	674.369
1.832596	1.184361	0.625864	31	1	11	674.358
-2.094395	0.709924	0.218797	81	1	3	674.347
-2.356194	1.736875	3.023612	2	110	88	674.193
0.261799	1.545873	-1.877082	95	93	0	674.115
-1.308997	2.033014	2.977192	105	86	111	674.000
-0.523599	1.741644	-2.695914	10	90	107	673.971
-3.141593	1.756530	-2.105156	7	24	111	673.805
2.356194	1.247695	1.809890	98	21	93	673.570
2.094395	0.591903	2.010408	21	101	96	673.541
0.261799	0.685216	-1.712745	95	6	21	673.470
1.570796	1.168678	2.108595	23	5	21	673.378
-1.308997	0.591903	2.010408	104	86	97	673.377
-2.617994	0.618092	2.539118	6	1	28	673.361
-1.047198	1.504028	0.636812	6	19	94	673.291
0.261799	0.640596	-2.797608	20	96	108	673.257
0.261799	2.637879	2.121598	1	94	90	673.141
2.617994	0.640596	-2.797608	105	92	0	673.135
1.832596	2.104282	-0.813972	101	102	86	673.124
-2.356194	2.637879	2.121598	28	109	6	673.069
0.523599	2.356369	3.005869	108	86	95	672.951
-1.308997	1.545873	-1.877082	104	95	106	672.893
1.570796	2.396274	-1.959260	16	8	100	672.859
1.832596	1.417623	-0.202254	111	85	99	672.679
0.785398	0.914445	2.687814	23	12	93	672.616
-3.141593	1.599406	1.426070	105	100	80	672.535
1.308997	1.836682	-0.676006	20	94	103	672.358
2.356194	2.579248	-2.364801	1	86	103	672.207
-2.879793	2.187132	-0.479875	96	93	94	672.183
-2.356194	1.374601	-2.456031	104	101	85	672.119
2.879793	1.741644	-2.695914	96	102	14	672.041
-1.832596	1.367556	0.358405	21	22	105	671.938
1.047198	0.571433	-1.188419	3	93	95	671.930
1.570796	0.615174	-0.666022	102	101	89	671.861
-2.617994	1.574060	2.783565	109	88	93	671.770
-1.570796	1.168678	2.108595	105	4	26	671.677
-2.094395	1.134497	-1.109631	97	100	4	671.637
0.523599	1.050534	3.042579	109	109	86	671.555
-2.617994	0.418037	1.360082	1	106	29	671.446
-1.047198	0.674054	1.013609	0	107	25	671.442
-1.570796	2.108018	1.311430	106	89	109	671.423
-2.356194	2.881233	-2.582574	12	90	5	671.209
-1.047198	2.033014	2.977192	109	87	110	671.160
-2.879793	2.356369	3.005869	106	22	96	671.151
-0.523599	0.297065	2.160177	106	97	8	671.109
1.308997	2.760637	2.781135	6	104	86	670.841
-0.261799	1.045978	0.343692	111	89	3	670.816
1.832596	0.906588	1.252948	19	9	22	670.723
2.617994	0.899350	-2.069907	96	91	108	670.685
0.785398	1.413347	-1.339188	103	90	101	670.557
-1.047198	1.869911	2.701025	91	98	4	670.542
2.879793	1.135813	-2.658866	89	95	1	670.476
2.879793	1.168678	2.108595	5	22	7	670.469
-1.570796	1.413430	2.550734	103	0	20	670.457
-1.832596	2.579248	-2.364801	22	96	99	670.414
-2.879793	1.488617	1.159546	108	95	91	670.376
2.356194	2.588535	-2.976617	109	14	92	670.295
-1.047198	0.960688	-0.577532	18	88	104	670.276
2.879793	0.674054	1.013609	11	9	25	670.246
0.523599	1.450119	-2.739050	87	7	99	670.196
-2.094395	1.683268	0.374177	92	95	93	670.032
1.308997	0.700570	1.559208	7	92	5	670.004
-2.617994	1.184361	0.625864	111	91	102	669.999
-2.356194	2.587733	0.232235	111	89	99	669.997
-2.356194	1.218453	2.777284	111	7	24	669.930
1.570796	0.297065	2.160177	22	12	91	669.847
-0.523599	1.732874	-0.951685	109	89	107	669.755
-0.523599	1.214854	-1.966664	102	96	6	669.627
-1.047198	2.247462	0.191623	19	18	6	669.625
1.570796	2.984978	1.954446	99	21	13	669.619
-1.308997	2.979456	-1.009304	95	95	111	669.570
-2.879793	1.367556	0.358405	109	23	2	669.469
2.094395	0.929350	-2.910676	12	88	108	669.463
1.047198	0.914445	2.687814	102	102	87	669.346
-1.570796	0.619654	-2.216909	108	7	24	669.324
1.832596	1.846342	-1.796954	100	96	87	669.262
-1.832596	1.413347	-1.339188	29	3	7	668.963
1.832596	1.982574	-1.115518	105	99	86	668.574
2.879793	0.866395	-2.492918	95	92	106	668.573
-1.308997	1.488617	1.159546	1	87	111	668.535
-0.523599	1.904882	-1.478089	97	94	95	668.492
-1.832596	0.290380	-0.796960	107	19	17	668.477
1.047198	1.662363	0.915448	25	98	106	668.473
2.879793	1.218453	2.777284	4	23	4	668.359
2.094395	2.456751	-1.503343	17	10	101	668.349
-1.570796	1.732874	-0.951685	84	5	110	668.345
2.617994	1.014500	0.906702	103	104	22	668.146
-3.141593	1.721184	-0.153948	23	92	111	668.130
0.523599	1.168678	2.108595	111	89	1	667.979
1.047198	2.984978	1.954446	8	2	87	667.862
-1.047198	0.591903	2.010408	0	5	26	667.819
-2.094395	2.719179	-1.780644	106	9	82	667.769
1.047198	1.256302	0.062705	31	105	106	667.724
1.308997	0.591903	2.010408	111	11	85	667.572
2.094395	0.850607	-1.335383	92	93	103	667.515
0.523599	0.733948	3.021411	18	96	107	667.492
-3.141593	2.104282	-0.813972	99	95	90	667.427
-0.261799	2.404280	-0.174044	103	97	89	667.415
2.617994	0.762244	-0.273349	0	99	17	667.344
