100	1.2	0
-1.832596	0.709924	0.218797
0.730824	1.257615	-0.588130
../4v7g_monomer_m.pdb	54.294	-73.960	52.006
../4v7g_monomer_m.pdb	75.771	72.385	-4.712
-0.523599	1.846342	-1.796954	92	72	90	1404.925
-0.261799	2.719179	-1.780644	89	77	87	1387.535
-0.785398	2.719179	-1.780644	83	85	80	1376.576
-0.261799	1.504028	0.636812	15	18	3	1365.453
1.047198	1.374601	-2.456031	89	89	97	1346.960
1.047198	1.658653	-2.409879	88	90	96	1298.103
-1.047198	1.699788	2.452890	80	83	86	1280.649
-0.785398	2.063651	-2.044600	89	74	87	1270.101
-0.523599	2.247462	0.191623	78	83	89	1266.701
-0.261799	1.846342	-1.796954	96	71	98	1264.376
-0.785398	2.396274	-1.959260	82	81	85	1256.419
-1.047198	2.579248	-2.364801	81	83	83	1252.679
0.000000	1.662363	0.915448	84	78	89	1252.535
2.617994	2.247462	0.191623	18	7	93	1247.968
-0.523599	1.756530	-2.105156	93	72	98	1246.727
1.047198	2.153910	-1.714959	81	94	1	1243.620
-0.261799	2.063651	-2.044600	96	72	95	1237.557
-0.261799	1.812176	0.656819	15	18	8	1228.580
0.261799	1.218453	2.777284	12	73	96	1222.246
-0.523599	1.948085	-2.363031	95	72	95	1219.461
-0.785398	2.404280	-0.174044	78	85	87	1215.854
-1.308997	1.569311	-3.003978	77	84	0	1210.731
-1.047198	1.440580	2.260026	79	82	89	1207.230
-0.785398	2.153910	-1.714959	90	76	84	1202.573
1.570796	1.134497	-1.109631	82	82	90	1200.425
-1.832596	1.391910	3.030322	74	92	1	1199.682
-0.261799	1.836682	-0.676006	98	70	94	1195.800
-0.785398	2.089241	-0.114193	76	84	92	1191.953
0.523599	2.349581	-2.702517	21	3	96	1189.137
-0.785398	2.579248	-2.364801	87	76	89	1187.804
-0.785398	2.041297	-2.664597	90	73	93	1187.543
1.047198	1.948085	-2.363031	90	89	93	1186.782
-2.094395	0.906588	1.252948	7	79	81	1185.921
-0.261799	1.683268	0.374177	15	18	5	1185.107
-1.047198	1.756530	-2.105156	78	82	94	1183.206
-0.785398	1.846342	-1.796954	87	74	90	1183.111
-1.570796	2.063651	-2.044600	20	4	24	1182.349
-0.261799	1.014500	0.906702	95	71	97	1177.961
-1.047198	1.050534	3.042579	87	76	92	1175.683
-1.047198	2.251330	-2.330739	88	77	83	1172.659
-0.523599	2.404280	-0.174044	80	81	87	1171.845
-0.523599	2.001437	0.381215	79	81	88	1169.869
1.570796	0.906588	1.252948	20	2	96	1168.056
1.308997	1.025536	1.576859	19	3	96	1166.760
-1.308997	2.153910	-1.714959	18	8	25	1165.914
0.000000	1.504028	0.636812	13	18	6	1165.555
-1.308997	2.579248	-2.364801	80	86	81	1164.393
-1.047198	2.396274	-1.959260	80	85	84	1163.372
-2.094395	1.741644	-2.695914	74	3	94	1162.670
1.832596	2.979456	-1.009304	87	88	7	1160.855
0.000000	2.115563	0.685730	83	79	89	1157.046
-1.047198	2.063651	-2.044600	79	83	89	1155.449
-0.261799	2.115563	0.685730	82	80	86	1154.342
-0.785398	2.001437	0.381215	77	84	89	1153.311
-0.523599	2.063651	-2.044600	92	73	94	1153.061
-2.356194	2.247462	0.191623	92	87	99	1151.800
0.000000	1.014500	0.906702	99	70	95	1145.437
-0.261799	2.001437	0.381215	14	17	10	1144.901
-0.261799	2.153910	-1.714959	95	72	93	1144.622
-2.879793	2.704512	1.488683	84	87	80	1144.000
1.308997	1.904882	-1.478089	79	90	99	1140.324
-1.832596	1.448123	-2.163292	81	83	88	1139.136
1.832596	2.863997	0.549740	82	91	79	1135.311
-0.523599	2.089241	-0.114193	78	81	91	1134.456
-0.523599	2.115563	0.685730	79	82	86	1133.470
1.047198	1.247695	1.809890	27	5	11	1130.832
-2.617994	0.700570	1.559208	75	5	96	1130.649
1.047198	1.450119	-2.739050	90	89	98	1130.365
1.570796	2.664082	-1.071402	22	8	97	1129.493
-1.570796	1.391910	3.030322	75	88	1	1129.492
2.617994	1.699788	2.452890	20	9	96	1128.192
-0.261799	1.195355	1.200319	89	73	97	1126.962
-0.785398	1.948085	-2.363031	91	73	87	1126.629
1.570796	1.184361	0.625864	23	6	99	1125.961
2.617994	1.824694	1.850876	19	9	93	1125.815
-0.523599	0.906588	1.252948	88	75	94	1125.703
-2.356194	0.700570	1.559208	0	83	98	1124.669
1.047198	1.846342	-1.796954	80	94	98	1109.303
0.261799	2.115563	0.685730	86	77	89	1107.183
-0.261799	1.721184	-0.153948	81	82	91	1104.276
2.617994	0.080730	-2.622036	3	82	84	1103.500
-1.832596	2.063651	-2.044600	19	1	24	1103.455
1.570796	1.045978	0.343692	24	3	2	1103.114
-0.523599	1.658653	-2.409879	94	71	97	1101.867
0.000000	1.836682	-0.676006	80	80	95	1100.128
-1.047198	1.574060	2.783565	80	81	89	1098.498
1.570796	1.904882	-1.478089	80	85	99	1097.258
-0.261799	1.310100	1.488307	89	73	96	1096.065
-2.617994	1.599406	1.426070	1	73	89	1095.850
-1.308997	1.440580	2.260026	77	86	89	1093.469
-0.261799	1.247695	1.809890	88	74	3	1093.197
-1.832596	1.450119	-2.739050	74	93	3	1084.183
-0.785398	1.809167	1.213774	79	82	87	1081.937
1.308997	1.658653	-2.409879	89	88	0	1081.741
0.523599	1.325504	-1.671296	94	72	96	1081.062
2.356194	1.812176	0.656819	22	4	96	1079.791
-1.047198	2.349581	-2.702517	86	76	90	1079.087
-2.879793	0.203748	0.590255	87	93	92	1078.767
-2.094395	2.247462	0.191623	96	84	0	1077.794
-1.832596	1.569311	-3.003978	74	91	1	1077.731
-1.308997	2.588535	-2.976617	86	78	86	1076.899
-1.047198	2.881233	-2.582574	84	84	80	1076.748
1.047198	2.724429	-0.348782	83	87	80	1076.081
2.356194	2.001437	0.381215	22	5	97	1076.005
-0.523599	1.812176	0.656819	78	81	91	1075.660
-2.617994	1.569311	-3.003978	97	70	96	1075.541
1.308997	2.180315	-1.357379	11	73	92	1075.526
1.570796	1.310100	1.488307	17	6	93	1075.269
-1.047198	2.164094	-2.991358	87	75	91	1074.607
-0.523599	1.195355	1.200319	86	77	91	1073.973
-1.308997	0.496451	0.593859	5	84	81	1073.617
-0.523599	2.295480	1.008277	76	88	84	1073.537
0.000000	2.719179	-1.780644	92	75	87	1073.146
1.570796	2.343981	-1.040456	25	7	2	1071.417
-1.570796	1.569311	-3.003978	75	87	1	1069.686
1.047198	1.301460	-0.509251	11	72	96	1067.206
-0.523599	2.343981	-1.040456	90	78	80	1066.443
-0.261799	0.496451	0.593859	90	75	99	1066.157
-3.141593	2.704512	1.488683	84	91	78	1064.226
1.047198	1.904882	-1.478089	79	95	97	1063.768
1.047198	2.174483	2.653697	14	6	88	1061.429
1.570796	1.948085	-2.363031	95	84	0	1059.611
-0.523599	2.719179	-1.780644	84	83	80	1058.976
-2.094395	1.504028	0.636812	1	83	86	1058.971
-0.785398	2.247462	0.191623	76	86	89	1058.725
-2.094395	1.014500	0.906702	98	81	86	1057.954
-1.047198	1.247695	1.809890	84	78	90	1056.905
0.261799	0.080730	-2.622036	85	96	88	1054.939
0.000000	1.812176	0.656819	84	77	90	1054.157
-1.047198	1.506530	1.988858	74	88	91	1053.978
1.308997	2.356369	3.005869	13	7	89	1053.917
-1.832596	1.374601	-2.456031	83	80	93	1053.371
1.570796	2.456751	-1.503343	14	76	91	1053.189
-1.308997	2.251330	-2.330739	85	79	83	1053.055
-0.523599	1.599406	1.426070	81	79	89	1051.986
-0.261799	1.113094	-0.272241	79	81	2	1051.377
-2.617994	2.984978	1.954446	83	86	82	1051.356
0.523599	0.080730	-2.622036	13	15	24	1051.114
-2.356194	2.138223	1.678323	86	82	87	1050.949
0.261799	1.617114	-1.572037	13	73	99	1050.897
-1.047198	0.674054	1.013609	87	78	89	1050.718
-1.047198	1.555207	1.708892	79	87	84	1050.068
-0.261799	2.247462	0.191623	81	79	89	1049.570
-2.617994	2.704512	1.488683	79	91	79	1048.395
0.261799	0.762244	-0.273349	95	72	96	1047.694
-0.261799	1.450119	-2.739050	0	70	98	1047.533
0.000000	1.247695	1.809890	93	72	3	1047.366
1.308997	0.960688	-0.577532	20	94	22	1046.978
-0.785398	0.906588	1.252948	85	76	94	1045.974
-2.094395	2.001437	0.381215	96	85	1	1045.952
-2.094395	1.195355	1.200319	8	78	85	1045.587
-0.523599	1.662363	0.915448	80	83	86	1045.202
-2.617994	2.592629	0.909713	88	89	3	1044.833
1.047198	1.506530	1.988858	27	5	8	1044.656
1.047198	2.063651	-2.044600	90	89	92	1044.169
-2.094395	1.574060	2.783565	73	94	98	1043.826
0.000000	1.721184	-0.153948	83	80	91	1043.187
-1.308997	1.134796	2.434290	75	87	3	1042.957
1.047198	2.041297	-2.664597	91	88	99	1042.364
-2.356194	2.089241	-0.114193	92	84	99	1041.690
0.785398	2.251330	-2.330739	24	3	99	1041.591
-2.356194	0.418037	1.360082	0	83	96	1041.476
1.308997	2.153910	-1.714959	81	89	4	1040.847
-1.570796	2.588535	-2.976617	82	82	85	1040.844
-1.308997	2.187132	-0.479875	74	94	86	1040.591
-1.308997	1.242974	-2.977882	85	76	92	1039.646
-0.261799	1.756530	-2.105156	98	70	91	1039.331
0.523599	0.906588	1.252948	13	75	6	1038.960
0.261799	0.929350	-2.910676	18	97	24	1038.911
-3.141593	2.863997	0.549740	13	9	88	1037.987
1.570796	0.866955	-0.931351	82	82	86	1037.431
-2.879793	2.979456	-1.009304	16	4	22	1036.854
-0.785398	2.295480	1.008277	74	91	85	1036.806
-1.832596	0.674054	1.013609	6	82	79	1036.788
-1.047198	1.948085	-2.363031	78	82	90	1036.407
0.785398	0.709924	0.218797	5	73	4	1034.339
1.308997	1.050534	3.042579	94	83	85	1034.244
0.523599	0.458961	-0.107937	95	74	1	1034.000
-0.261799	1.977582	0.969896	84	77	89	1033.926
-0.261799	2.588535	-2.976617	6	74	98	1032.404
-0.523599	0.674054	1.013609	92	74	96	1031.803
-1.570796	1.870545	-2.976234	75	93	82	1030.497
-1.047198	1.569311	-3.003978	79	84	82	1030.298
1.832596	1.696674	-1.253233	26	9	13	1030.085
1.047198	1.824694	1.850876	95	75	90	1029.976
-2.356194	1.367556	0.358405	90	23	95	1029.718
1.308997	1.506530	1.988858	26	3	4	1029.248
0.785398	2.063651	-2.044600	82	97	0	1028.683
-0.261799	1.335669	0.897240	17	17	2	1028.357
0.785398	1.256302	0.062705	11	72	93	1027.123
1.570796	1.194549	-0.801900	23	98	19	1026.941
-0.785398	2.343981	-1.040456	80	80	91	1026.094
-1.832596	2.174483	2.653697	75	90	85	1025.630
0.523599	1.545873	-1.877082	16	76	0	1025.488
1.308997	1.247695	1.809890	27	10	9	1025.185
0.785398	1.128190	-2.288622	86	91	96	1025.102
-2.879793	1.872854	1.543456	97	71	93	1024.271
-2.356194	1.741644	-2.695914	75	7	93	1023.811
-0.261799	1.662363	0.915448	17	18	6	1023.708
0.000000	0.831641	0.616218	98	71	99	1023.580
2.879793	2.247462	0.191623	18	8	94	1023.523
-1.308997	0.929350	-2.910676	86	76	95	1023.290
0.785398	2.393226	1.857173	89	77	84	1022.919
0.523599	0.618092	2.539118	18	86	19	1022.879
-0.523599	1.977582	0.969896	75	86	89	1022.529
-0.261799	1.025536	1.576859	94	71	0	1021.808
0.000000	0.910508	1.903534	86	77	90	1021.067
1.832596	1.982574	-1.115518	27	9	8	1019.915
1.308997	2.719179	-1.780644	88	87	9	1018.776
0.785398	1.824694	1.850876	21	2	96	1017.690
0.000000	0.674054	1.013609	1	72	3	1017.639
1.047198	1.195355	1.200319	26	2	5	1016.215
-1.047198	1.741644	-2.695914	90	76	85	1015.848
0.523599	1.367556	0.358405	9	72	91	1015.140
-0.523599	1.506530	1.988858	81	78	92	1014.972
0.523599	1.195355	1.200319	12	73	1	1014.822
-1.308997	1.310100	1.488307	80	88	83	1013.474
1.047198	2.396274	-1.959260	24	5	2	1013.172
-0.785398	2.349581	-2.702517	91	73	90	1013.130
-1.832596	1.218453	2.777284	74	94	3	1012.429
-2.094395	1.310100	1.488307	8	77	85	1012.228
-2.617994	1.998705	2.370472	16	73	96	1012.139
1.308997	0.831641	0.616218	24	2	4	1011.694
0.000000	1.184361	0.625864	13	18	0	1011.400
-0.261799	1.599406	1.426070	84	76	91	1010.784
-0.261799	2.404280	-0.174044	83	79	87	1010.528
-2.617994	1.872854	1.543456	2	72	93	1009.991
-0.261799	1.417623	-0.202254	80	80	96	1009.585
2.879793	2.001437	0.381215	15	9	93	1009.388
0.523599	2.041297	-2.664597	20	1	93	1008.990
-1.832596	1.982574	-1.115518	74	6	91	1008.914
0.000000	0.496451	0.593859	96	73	99	1008.505
-2.879793	0.960688	-0.577532	22	4	2	1008.448
1.308997	1.545873	-1.877082	87	85	97	1008.292
0.000000	2.379497	0.561089	84	79	86	1007.924
-1.308997	1.870545	-2.976234	76	90	82	1007.874
-0.785398	1.741644	-2.695914	93	74	85	1007.781
2.879793	1.766067	2.153843	16	12	93	1007.616
-2.879793	1.846342	-1.796954	12	80	97	1007.503
-2.879793	1.998705	2.370472	12	71	97	1007.386
1.832596	0.831641	0.616218	28	10	12	1006.760
-2.617994	2.407836	1.410646	78	95	79	1006.482
0.785398	1.247695	1.809890	26	0	11	1006.089
-1.047198	0.640596	-2.797608	92	73	2	1005.803
0.785398	1.367556	0.358405	8	72	4	1005.346
1.570796	1.869911	2.701025	93	78	89	1005.153
-1.047198	1.025536	1.576859	80	84	86	1005.085
-0.523599	2.153910	-1.714959	90	74	93	1004.076
-0.261799	2.251330	-2.330739	96	72	99	1002.707
1.308997	2.724429	-0.348782	85	84	82	1001.673
1.570796	2.588535	-2.976617	9	11	87	1001.547
-2.356194	2.637879	2.121598	81	87	83	1000.984
-1.570796	1.766067	2.153843	84	76	99	1000.695
-2.094395	1.450119	-2.739050	73	3	98	1000.612
-0.523599	2.455966	-0.641220	81	79	90	1000.522
1.047198	1.756530	-2.105156	89	89	92	1000.367
0.000000	1.195355	1.200319	93	72	98	999.885
0.000000	2.760637	2.781135	17	6	92	999.665
-0.261799	2.587733	0.232235	83	80	84	999.492
-0.261799	1.875281	0.107086	15	18	8	998.451
-1.308997	0.674054	1.013609	7	84	81	997.698
1.308997	0.419640	2.974122	88	90	98	996.907
1.308997	1.555207	1.708892	26	4	0	996.747
2.617994	0.733948	3.021411	6	84	2	996.731
0.523599	0.640596	-2.797608	85	98	96	996.658
-1.047198	1.242974	-2.977882	83	78	89	996.643
0.261799	1.113094	-0.272241	96	71	90	996.604
-0.785398	1.756530	-2.105156	88	73	90	996.546
0.261799	0.640596	-2.797608	15	1	26	996.457
-0.523599	1.870545	-2.976234	97	72	85	996.397
1.832596	2.455966	-0.641220	24	9	0	995.613
-1.308997	2.881233	-2.582574	83	86	79	994.837
0.261799	1.450119	-2.739050	12	72	88	994.830
-1.308997	2.063651	-2.044600	20	7	24	994.808
-0.261799	2.396274	-1.959260	90	73	90	994.380
0.000000	1.545873	-1.877082	13	73	0	994.305
-1.047198	1.824694	1.850876	80	88	81	993.858
0.523599	2.187132	-0.479875	87	80	82	993.821
0.000000	1.617114	-1.572037	9	71	99	993.575
2.879793	0.914445	2.687814	85	77	82	992.834
2.879793	0.992645	-1.723759	15	12	26	992.680
-0.523599	1.875281	0.107086	80	78	94	992.282
-2.356194	1.662363	0.915448	3	76	88	992.224
2.879793	1.824694	1.850876	19	11	94	991.826
-1.570796	2.356369	3.005869	77	87	85	991.786
0.261799	2.187132	-0.479875	85	82	80	991.719
0.785398	2.455966	-0.641220	84	83	83	991.427
-2.879793	2.984978	1.954446	82	89	81	991.367
0.261799	1.256302	0.062705	95	71	93	990.196
-1.308997	1.736875	3.023612	78	90	79	989.596
-2.094395	0.733948	3.021411	16	93	6	989.463
-1.047198	0.496451	0.593859	4	86	81	988.530
0.000000	2.247462	0.191623	84	78	88	988.489
-0.523599	1.683268	0.374177	78	81	92	987.941
-2.617994	0.914445	2.687814	12	93	8	987.711
2.879793	2.587733	0.232235	12	9	87	987.185
-2.617994	1.506530	1.988858	98	72	90	987.022
-1.832596	2.180315	-1.357379	74	5	90	986.800
1.308997	1.510910	-0.740472	14	74	94	986.724
-1.832596	1.310100	1.488307	75	10	98	986.247
-2.617994	2.393226	1.857173	82	89	81	985.943
-0.523599	1.440580	2.260026	81	80	86	985.869
-2.094395	1.824694	1.850876	78	85	89	985.762
-2.879793	2.863997	0.549740	88	89	3	985.727
-1.832596	1.256302	0.062705	84	20	98	984.750
-0.523599	1.741644	-2.695914	96	71	94	984.461
-2.617994	0.418037	1.360082	94	83	95	984.335
-0.785398	1.184361	0.625864	78	90	85	984.332
1.308997	1.014500	0.906702	28	4	8	983.723
-0.261799	0.831641	0.616218	89	74	95	983.708
-2.617994	1.904882	-1.478089	14	16	3	983.238
2.356194	2.404280	-0.174044	16	7	89	982.310
1.047198	1.741644	-2.695914	89	89	97	982.231
-1.832596	1.014500	0.906702	9	82	82	982.135
-0.523599	2.349581	-2.702517	96	72	96	982.131
-2.879793	1.448123	-2.163292	99	70	95	981.125
-1.047198	0.929350	-2.910676	90	73	96	981.052
1.047198	1.113094	-0.272241	10	72	98	980.466
-0.261799	1.555207	1.708892	84	76	92	980.412
1.308997	1.741644	-2.695914	93	87	0	979.623
2.617994	2.089241	-0.114193	20	6	96	979.602
-1.570796	1.736875	3.023612	76	88	96	979.512
1.047198	2.356369	3.005869	14	8	89	978.872
1.570796	2.299159	2.264663	94	75	94	978.560
1.047198	2.180315	-1.357379	25	3	0	978.236
0.261799	0.674054	1.013609	85	79	87	978.124
-2.094395	1.218453	2.777284	74	99	3	977.801
-1.570796	2.104282	-0.813972	74	4	90	977.776
-0.785398	1.195355	1.200319	80	81	89	977.491
2.356194	1.310100	1.488307	26	5	6	977.371
-0.785398	0.379747	-1.713059	88	99	87	976.811
0.785398	1.301460	-0.509251	2	70	91	976.776
-0.785398	2.187132	-0.479875	78	82	90	976.723
-2.617994	1.214854	-1.966664	6	72	91	976.703
-1.308997	0.619654	-2.216909	96	73	5	976.658
1.570796	2.404280	-0.174044	13	83	77	976.204
-0.523599	1.014500	0.906702	83	78	93	976.174
-3.141593	1.247695	1.809890	83	86	82	976.131
0.523599	1.045978	0.343692	3	71	99	976.111
0.785398	1.184361	0.625864	10	73	3	975.708
-1.308997	1.506530	1.988858	77	87	86	975.567
-1.308997	2.349581	-2.702517	77	88	87	975.484
0.261799	0.709924	0.218797	95	72	98	975.230
0.523599	1.050534	3.042579	22	98	21	975.171
-0.785398	1.909857	-0.381669	77	82	95	975.098
-1.832596	1.214854	-1.966664	81	81	92	974.953
1.570796	0.960688	-0.577532	21	98	22	974.190
-0.523599	1.335669	0.897240	79	81	91	973.844
1.047198	1.135813	-2.658866	91	87	98	973.797
-0.261799	0.906588	1.252948	92	72	1	973.416
-1.047198	1.218453	2.777284	90	74	7	973.254
-0.261799	1.736875	3.023612	9	72	97	972.629
0.523599	2.588535	-2.976617	24	2	3	972.325
1.308997	0.850607	-1.335383	13	97	27	970.828
-0.523599	2.579248	-2.364801	96	72	93	970.336
0.000000	1.440580	2.260026	12	74	89	970.259
-2.094395	0.674054	1.013609	98	82	92	969.789
-1.570796	0.910508	1.903534	74	95	6	969.633
-0.261799	1.367556	0.358405	81	83	85	969.592
-0.261799	2.724429	-0.348782	82	81	86	968.635
-0.523599	1.809167	1.213774	82	79	86	968.225
-2.094395	1.948085	-2.363031	74	3	91	968.206
-1.832596	1.325504	-1.671296	72	96	4	967.606
1.570796	1.756530	-2.105156	28	14	7	967.451
-2.094395	1.391910	3.030322	74	95	2	967.402
1.570796	1.732874	-0.951685	12	74	94	966.932
2.356194	0.080730	-2.622036	2	82	85	966.673
0.000000	2.251330	-2.330739	7	72	97	966.584
1.308997	1.310100	1.488307	21	3	96	965.940
-2.356194	1.599406	1.426070	6	75	89	965.244
-1.308997	1.699788	2.452890	78	86	85	964.884
-1.832596	1.242974	-2.977882	75	91	5	964.814
1.832596	1.195355	1.200319	21	7	96	964.811
-1.308997	2.174483	2.653697	89	74	96	964.688
-1.570796	0.674054	1.013609	6	83	82	964.645
-0.523599	0.618092	2.539118	88	75	94	964.604
0.000000	1.448123	-2.163292	7	71	96	964.581
-1.047198	2.404280	-0.174044	75	87	87	964.510
0.785398	1.741644	-2.695914	23	2	96	964.305
-1.308997	2.164094	-2.991358	87	78	82	963.983
-1.047198	1.413430	2.550734	79	82	90	963.778
-1.570796	1.450119	-2.739050	84	77	92	963.747
2.617994	1.440580	2.260026	24	9	1	963.599
-2.356194	0.906588	1.252948	5	76	84	963.567
-0.785398	1.506530	1.988858	75	83	92	963.565
1.047198	1.766067	2.153843	24	1	1	962.974
-2.094395	1.184361	0.625864	98	83	94	962.959
-0.261799	0.910508	1.903534	89	75	8	962.794
-2.356194	1.504028	0.636812	99	82	85	962.789
2.094395	1.662363	0.915448	18	95	85	962.692
2.094395	0.674054	1.013609	23	9	23	962.615
-1.308997	2.343981	-1.040456	74	96	85	962.532
0.261799	0.496451	0.593859	0	72	99	962.368
2.617994	1.977582	0.969896	18	7	92	961.890
1.308997	0.866955	-0.931351	81	85	86	961.448
2.356194	0.297065	2.160177	81	96	86	961.433
1.047198	1.545873	-1.877082	21	88	14	961.413
0.785398	1.658653	-2.409879	85	93	97	960.777
-1.832596	1.135813	-2.658866	82	80	93	960.652
2.617994	2.587733	0.232235	13	9	88	960.386
1.047198	1.194549	-0.801900	4	71	96	959.994
-0.523599	1.872854	1.543456	83	81	82	959.488
2.879793	1.569311	-3.003978	14	97	11	959.414
1.308997	0.379747	-1.713059	99	84	84	959.155
2.879793	1.699788	2.452890	5	98	16	958.979
-1.832596	0.418037	1.360082	3	81	81	958.187
2.356194	1.247695	1.809890	25	8	2	958.017
2.879793	2.295480	1.008277	8	18	90	957.949
-0.261799	1.488617	1.159546	83	76	92	957.717
0.261799	1.599406	1.426070	79	87	86	957.639
-0.523599	1.168678	2.108595	82	77	95	957.343
1.308997	2.404280	-0.174044	12	81	77	957.325
0.785398	2.349581	-2.702517	22	5	96	957.265
1.832596	2.664082	-1.071402	23	10	98	957.104
-2.094395	2.138223	1.678323	88	80	87	957.056
-0.523599	0.831641	0.616218	83	80	89	956.736
-0.523599	1.766067	2.153843	82	79	88	956.668
-2.356194	2.299159	2.264663	75	94	87	955.804
1.047198	0.080730	-2.622036	86	87	3	955.777
-1.570796	1.184361	0.625864	6	84	92	955.481
0.261799	1.184361	0.625864	99	70	97	955.279
-3.141593	2.089241	-0.114193	14	10	92	955.101
-0.785398	2.881233	-2.582574	90	78	85	955.051
2.617994	1.809167	1.213774	16	7	90	954.969
0.000000	2.104282	-0.813972	81	80	93	954.886
2.617994	1.448123	-2.163292	14	19	23	954.861
2.879793	0.080730	-2.622036	82	83	84	954.724
-1.570796	2.664082	-1.071402	85	78	87	954.657
1.832596	2.588535	-2.976617	8	14	87	954.598
0.785398	1.756530	-2.105156	81	0	92	954.354
-0.785398	1.555207	1.708892	81	84	84	954.282
0.261799	2.247462	0.191623	94	72	90	953.783
-2.617994	1.555207	1.708892	0	73	89	953.546
1.047198	2.478122	2.609777	12	9	87	953.362
-0.523599	1.488617	1.159546	80	79	90	953.031
-0.785398	0.866395	-2.492918	93	71	94	952.895
-0.785398	1.413430	2.550734	18	11	15	952.828
-0.523599	2.396274	-1.959260	87	76	90	952.533
-2.879793	2.180315	-1.357379	90	26	1	952.506
-2.617994	0.458961	-0.107937	89	98	84	952.428
-0.785398	1.488617	1.159546	78	85	88	952.183
-1.308997	1.247695	1.809890	81	80	90	951.544
1.832596	1.045978	0.343692	25	7	2	951.327
-1.047198	1.869911	2.701025	81	84	83	951.187
-2.617994	1.045978	0.343692	84	93	0	951.042
1.832596	2.724429	-0.348782	19	12	94	950.763
-1.832596	1.417623	-0.202254	91	23	97	950.564
-0.785398	2.115563	0.685730	74	89	89	950.172
0.000000	0.906588	1.252948	97	71	1	950.039
1.308997	1.134497	-1.109631	80	85	90	949.873
-2.094395	1.413430	2.550734	73	92	99	949.787
-0.261799	2.104282	-0.813972	78	83	93	949.786
-0.785398	0.674054	1.013609	89	77	90	949.573
-0.785398	1.812176	0.656819	76	84	91	949.565
-1.570796	0.914445	2.687814	75	90	7	949.151
1.570796	2.180315	-1.357379	81	86	1	948.567
0.000000	0.961715	0.014085	82	81	91	948.453
-2.617994	1.824694	1.850876	0	72	93	947.510
2.094395	2.187132	-0.479875	95	75	94	947.508
0.523599	1.413430	2.550734	15	74	93	947.485
-0.785398	0.733948	3.021411	91	72	98	947.078
1.570796	1.433411	-1.035986	16	76	98	947.074
1.832596	2.579248	-2.364801	1	84	4	947.030
2.356194	2.247462	0.191623	21	5	94	946.667
0.523599	2.863997	0.549740	5	73	93	946.665
-2.879793	2.456751	-1.503343	89	24	96	946.540
-0.523599	1.824694	1.850876	82	79	89	946.320
-1.570796	0.906588	1.252948	9	82	83	946.226
0.785398	0.640596	-2.797608	93	86	86	945.366
-2.094395	2.592629	0.909713	94	85	6	945.255
2.094395	1.247695	1.809890	97	25	1	944.947
0.523599	0.866395	-2.492918	92	91	85	944.333
-2.356194	1.574060	2.783565	73	97	0	944.201
-1.832596	1.195355	1.200319	10	81	83	944.156
-2.094395	2.379497	0.561089	93	86	3	943.836
-2.879793	1.128190	-2.288622	0	70	91	943.829
1.308997	2.664082	-1.071402	80	93	5	943.814
0.000000	1.413430	2.550734	14	74	91	943.565
0.261799	0.619654	-2.216909	82	4	89	943.361
-1.570796	1.367556	0.358405	74	7	93	943.264
-1.570796	1.050534	3.042579	75	89	7	943.219
0.261799	2.001437	0.381215	92	73	91	943.201
-2.094395	0.866955	-0.931351	10	26	16	943.188
-3.141593	0.496451	0.593859	87	98	82	943.168
1.047198	1.448123	-2.163292	85	89	98	942.771
-2.356194	2.393226	1.857173	75	92	83	942.074
-2.879793	2.138223	1.678323	97	70	99	941.797
-3.141593	0.992645	-1.723759	99	70	90	941.788
0.261799	1.741644	-2.695914	12	74	83	941.375
-0.523599	1.510910	-0.740472	74	87	0	941.230
0.000000	2.404280	-0.174044	95	73	93	941.008
-1.832596	2.115563	0.685730	97	86	4	940.701
1.047198	2.404280	-0.174044	86	88	79	940.690
-1.832596	1.045978	0.343692	3	84	82	940.671
1.570796	2.104282	-0.813972	26	6	5	940.538
-2.094395	2.478122	2.609777	77	92	81	940.530
0.785398	0.619654	-2.216909	87	91	93	940.232
-1.047198	2.187132	-0.479875	75	91	86	939.719
0.261799	0.961715	0.014085	84	80	92	939.689
1.047198	0.929350	-2.910676	94	86	84	939.616
2.879793	2.704512	1.488683	82	93	79	939.608
-1.570796	2.247462	0.191623	4	84	90	939.605
-2.356194	2.984978	1.954446	84	84	82	939.213
-2.879793	0.591903	2.010408	98	81	99	939.211
0.000000	1.488617	1.159546	88	73	93	939.089
0.785398	1.948085	-2.363031	88	90	92	938.956
2.094395	2.664082	-1.071402	22	14	98	938.746
1.047198	2.251330	-2.330739	25	7	99	938.399
-1.570796	2.001437	0.381215	3	83	89	938.244
-0.523599	1.504028	0.636812	19	16	3	938.176
-1.570796	1.218453	2.777284	74	89	3	937.767
-0.523599	0.914445	2.687814	92	71	95	937.531
-1.047198	2.664082	-1.071402	79	83	86	937.042
-2.617994	2.153910	-1.714959	15	13	7	936.931
0.000000	1.335669	0.897240	94	70	97	936.896
2.356194	0.674054	1.013609	84	80	82	936.861
-1.832596	1.658653	-2.409879	72	0	95	936.385
-1.570796	2.180315	-1.357379	73	0	90	935.997
-0.785398	1.599406	1.426070	79	84	86	935.650
0.000000	2.455966	-0.641220	79	85	87	935.628
-1.308997	2.664082	-1.071402	88	76	87	935.478
1.832596	2.343981	-1.040456	83	83	5	935.377
1.832596	1.014500	0.906702	16	77	1	935.125
-0.261799	1.741644	-2.695914	0	72	93	934.924
-2.356194	1.766067	2.153843	4	71	94	934.626
2.356194	1.135834	-1.431087	17	21	22	934.597
-0.523599	2.104282	-0.813972	85	80	80	934.477
-0.523599	0.866395	-2.492918	2	12	26	934.462
2.879793	1.809167	1.213774	8	20	92	934.125
0.000000	1.977582	0.969896	84	79	86	933.918
1.047198	1.168678	2.108595	27	6	14	933.502
0.523599	2.455966	-0.641220	81	84	84	933.354
1.570796	2.251330	-2.330739	96	84	2	933.244
-2.617994	1.869911	2.701025	75	9	92	932.973
1.570796	1.301460	-0.509251	24	97	17	932.817
-0.785398	1.904882	-1.478089	84	75	0	932.798
-1.047198	1.450119	-2.739050	79	82	84	932.700
0.261799	1.168678	2.108595	84	80	88	932.631
-1.047198	0.762244	-0.273349	75	4	95	932.482
0.785398	1.014500	0.906702	14	76	4	932.419
-2.617994	2.001437	0.381215	95	27	1	932.401
-1.308997	1.574060	2.783565	91	73	94	932.342
0.000000	1.683268	0.374177	12	19	6	932.118
-1.832596	2.478122	2.609777	78	88	81	932.117
0.261799	0.914445	2.687814	11	72	1	931.939
-0.785398	1.440580	2.260026	79	83	85	931.810
-1.832596	2.456751	-1.503343	84	79	86	931.603
2.617994	2.724429	-0.348782	15	5	87	931.389
1.308997	1.998705	2.370472	24	1	97	931.307
-2.356194	2.719179	-1.780644	84	82	84	931.027
2.617994	2.138223	1.678323	19	8	92	930.680
1.047198	1.488617	1.159546	25	3	0	930.658
0.785398	0.080730	-2.622036	84	98	85	930.440
0.523599	1.014500	0.906702	6	72	5	930.066
-2.094395	2.456751	-1.503343	81	83	86	929.938
0.523599	1.448123	-2.163292	84	2	86	929.800
-1.047198	2.153910	-1.714959	17	11	24	929.732
1.047198	1.875281	0.107086	11	76	82	929.654
0.523599	1.846342	-1.796954	79	2	99	929.569
-0.523599	0.379747	-1.713059	87	98	87	929.329
-0.785398	0.418037	1.360082	86	88	22	929.006
0.261799	2.979456	-1.009304	79	89	82	929.001
1.570796	1.335669	0.897240	27	8	3	928.622
1.570796	1.606104	-0.451151	17	78	91	928.501
2.094395	2.979456	-1.009304	88	87	7	928.500
0.523599	1.135813	-2.658866	90	92	83	928.205
-0.523599	2.251330	-2.330739	90	73	92	928.098
0.261799	0.831641	0.616218	2	71	99	928.066
0.523599	1.617114	-1.572037	94	71	91	927.995
-2.879793	1.450119	-2.739050	93	71	93	927.951
0.785398	2.979456	-1.009304	87	80	83	927.628
0.523599	1.335669	0.897240	7	71	1	927.535
-2.356194	1.824694	1.850876	5	72	93	927.339
-1.047198	1.736875	3.023612	79	87	79	927.197
-2.617994	0.496451	0.593859	89	89	87	927.128
1.047198	1.417623	-0.202254	71	2	0	926.777
0.261799	0.370812	-2.547742	84	0	91	926.521
-0.261799	1.909857	-0.381669	89	73	95	926.508
0.000000	1.450119	-2.739050	9	70	87	926.459
-2.094395	1.335669	0.897240	0	81	86	926.428
-2.879793	2.592629	0.909713	83	92	76	926.064
0.261799	1.696674	-1.253233	12	73	99	926.002
-2.356194	1.872854	1.543456	79	89	85	925.906
-2.356194	2.356369	3.005869	84	83	84	925.820
-1.570796	2.153910	-1.714959	18	6	25	925.264
-2.356194	1.809167	1.213774	81	90	83	925.069
-1.047198	1.014500	0.906702	76	99	12	924.789
2.094395	1.506530	1.988858	16	4	88	924.711
1.570796	0.640596	-2.797608	85	86	95	924.644
0.523599	1.374601	-2.456031	84	1	85	924.624
0.523599	2.356369	3.005869	18	6	92	924.524
-2.879793	1.374601	-2.456031	98	70	94	924.097
-2.094395	2.984978	1.954446	88	80	83	923.906
-1.570796	2.349581	-2.702517	78	88	83	923.885
-2.617994	2.404280	-0.174044	90	87	97	923.822
-0.785398	2.456751	-1.503343	81	83	83	923.494
0.261799	2.404280	-0.174044	96	71	93	922.996
0.000000	0.733948	3.021411	17	96	25	922.895
0.523599	1.128190	-2.288622	91	96	83	922.855
1.047198	1.433411	-1.035986	4	70	94	922.800
-0.785398	1.977582	0.969896	74	90	89	922.791
0.261799	1.413347	-1.339188	90	72	91	922.790
0.261799	2.455966	-0.641220	79	86	84	922.684
0.785398	1.134796	2.434290	25	0	18	922.534
1.570796	1.658653	-2.409879	91	84	5	922.376
0.261799	1.812176	0.656819	89	73	92	922.239
-2.356194	2.041297	-2.664597	75	8	89	922.005
0.000000	2.187132	-0.479875	95	71	97	921.932
-3.141593	2.187132	-0.479875	16	9	93	921.162
-1.047198	0.906588	1.252948	84	76	95	921.097
-2.356194	1.869911	2.701025	73	4	91	920.756
1.832596	1.310100	1.488307	20	5	94	920.605
-2.617994	2.180315	-1.357379	82	81	99	920.169
-1.047198	1.721184	-0.153948	73	88	97	920.167
2.879793	0.685216	-1.712745	95	72	85	920.084
0.261799	2.295480	1.008277	85	80	84	919.446
-2.617994	2.637879	2.121598	80	89	82	919.302
-0.785398	1.569311	-3.003978	92	72	89	919.028
-0.523599	1.367556	0.358405	78	81	98	919.011
0.785398	0.914445	2.687814	23	1	21	918.983
0.261799	1.050534	3.042579	20	95	22	918.706
-2.879793	2.664082	-1.071402	93	24	94	918.659
-0.523599	1.450119	-2.739050	95	70	91	918.516
0.523599	1.741644	-2.695914	85	95	96	918.222
0.000000	0.591903	2.010408	5	71	99	917.938
1.047198	1.977582	0.969896	9	79	77	917.646
0.523599	1.256302	0.062705	0	70	94	917.435
-1.308997	1.450119	-2.739050	82	80	87	917.269
1.308997	1.756530	-2.105156	89	85	99	917.142
-2.879793	2.407836	1.410646	78	97	79	917.048
-0.261799	1.510910	-0.740472	77	83	0	917.036
0.523599	0.370812	-2.547742	7	14	27	916.933
-1.570796	1.242974	-2.977882	82	79	91	916.791
-0.785398	1.683268	0.374177	76	85	93	916.475
1.047198	0.370812	-2.547742	90	85	4	916.426
1.047198	1.574060	2.783565	28	2	8	916.355
1.308997	0.640596	-2.797608	85	89	95	916.237
1.832596	2.251330	-2.330739	98	83	1	916.232
-0.785398	1.982574	-1.115518	80	78	97	916.165
-0.261799	2.407836	1.410646	78	88	81	916.127
-2.879793	1.168678	2.108595	1	23	93	915.928
-1.047198	0.618092	2.539118	81	79	93	915.552
-1.047198	2.089241	-0.114193	74	87	92	915.458
-2.094395	2.041297	-2.664597	74	3	89	915.397
2.094395	0.080730	-2.622036	95	82	79	915.284
1.832596	2.404280	-0.174044	14	85	76	915.250
0.261799	2.089241	-0.114193	87	83	79	915.156
-1.308997	0.203748	0.590255	0	83	79	914.885
1.570796	1.846342	-1.796954	27	8	12	914.690
0.785398	2.456751	-1.503343	26	4	1	914.659
1.047198	2.719179	-1.780644	18	7	92	914.407
2.094395	1.135834	-1.431087	20	19	22	914.269
0.523599	1.554776	0.100351	1	72	83	914.261
0.785398	1.195355	1.200319	26	98	6	914.204
1.570796	2.724429	-0.348782	88	82	82	914.185
-1.047198	0.961715	0.014085	74	1	91	913.847
-1.570796	1.135813	-2.658866	84	77	95	913.756
-2.356194	2.164094	-2.991358	82	83	85	913.630
-3.141593	1.214854	-1.966664	95	70	91	913.420
-0.523599	1.218453	2.777284	87	73	0	913.117
-2.617994	1.812176	0.656819	0	75	90	913.114
2.617994	0.458961	-0.107937	24	11	21	912.975
-1.047198	1.909857	-0.381669	74	86	94	912.869
1.308997	1.374601	-2.456031	88	88	98	912.786
-2.879793	2.404280	-0.174044	91	88	92	912.591
-2.879793	1.599406	1.426070	99	25	95	912.531
-0.523599	2.180315	-1.357379	86	77	91	912.268
-3.141593	2.247462	0.191623	13	8	89	912.158
-2.879793	1.510910	-0.740472	81	92	92	912.126
0.000000	1.696674	-1.253233	9	71	99	911.839
-2.879793	0.674054	1.013609	87	87	88	911.736
0.785398	2.041297	-2.664597	20	3	93	911.515
-0.523599	0.762244	-0.273349	75	92	93	911.430
0.523599	0.831641	0.616218	4	72	1	911.381
-2.356194	1.699788	2.452890	2	71	95	911.222
-1.570796	0.640596	-2.797608	79	80	98	910.718
-2.617994	2.108018	1.311430	77	96	81	910.671
2.356194	2.724429	-0.348782	20	12	95	910.604
1.047198	0.290380	-0.796960	81	83	85	910.217
0.785398	1.168678	2.108595	25	0	15	909.904
-1.570796	0.080730	-2.622036	16	99	95	909.735
-2.617994	1.367556	0.358405	94	24	94	909.711
-1.570796	0.290380	-0.796960	88	97	87	909.662
0.785398	1.374601	-2.456031	86	92	97	909.600
-0.785398	2.664082	-1.071402	81	80	86	909.554
2.094395	2.104282	-0.813972	84	79	1	909.388
-2.094395	2.637879	2.121598	83	84	83	909.377
0.261799	1.440580	2.260026	15	76	88	909.366
-0.523599	0.290380	-0.796960	76	4	0	909.213
2.879793	1.599406	1.426070	14	10	91	909.140
1.570796	1.998705	2.370472	96	75	91	908.725
-1.570796	1.504028	0.636812	74	5	91	908.713
-1.570796	1.904882	-1.478089	11	13	5	908.607
-1.047198	2.984978	1.954446	88	91	11	908.590
-1.047198	2.704512	1.488683	18	8	93	908.440
-1.570796	1.301460	-0.509251	74	93	9	908.350
0.261799	1.506530	1.988858	12	76	86	908.210
-1.570796	0.866395	-2.492918	86	75	1	908.131
0.000000	1.310100	1.488307	92	71	96	908.068
-2.094395	1.872854	1.543456	80	85	85	908.052
-3.141593	2.379497	0.561089	11	10	89	908.049
-1.832596	0.496451	0.593859	75	2	92	908.015
0.785398	2.247462	0.191623	1	71	95	907.877
-2.617994	0.591903	2.010408	99	82	99	907.774
-2.879793	2.295480	1.008277	81	97	77	907.193
-1.832596	1.998705	2.370472	75	89	86	907.121
-1.308997	0.866395	-2.492918	91	73	0	907.092
-1.570796	1.574060	2.783565	75	87	98	907.004
-2.617994	1.574060	2.783565	74	1	99	906.790
-1.832596	2.033014	2.977192	77	98	79	906.740
1.832596	1.194549	-0.801900	24	4	20	906.726
-0.261799	1.569311	-3.003978	8	72	1	906.620
0.523599	0.960688	-0.577532	97	72	95	906.563
-1.047198	2.041297	-2.664597	88	75	85	906.486
-2.094395	2.073035	2.027405	85	81	90	906.412
-2.617994	1.766067	2.153843	98	72	94	906.265
2.356194	0.992645	-1.723759	16	21	23	905.954
1.047198	1.335669	0.897240	25	0	1	905.940
1.832596	0.674054	1.013609	28	12	13	905.778
1.047198	0.866395	-2.492918	85	91	96	905.679
1.047198	1.555207	1.708892	27	5	5	905.533
-1.832596	1.870545	-2.976234	74	96	82	905.526
0.000000	1.809167	1.213774	84	80	85	905.098
0.000000	1.374601	-2.456031	8	71	99	905.016
-2.879793	1.025536	1.576859	99	71	87	904.829
1.047198	1.440580	2.260026	27	1	7	904.757
1.570796	1.812176	0.656819	76	87	87	904.636
1.570796	0.831641	0.616218	28	4	14	904.628
1.570796	0.419640	2.974122	91	87	1	904.278
-3.141593	1.872854	1.543456	93	71	93	904.246
1.308997	1.766067	2.153843	25	4	0	903.977
-2.094395	2.356369	3.005869	75	97	85	903.880
-2.094395	1.658653	-2.409879	73	4	95	903.629
-1.832596	1.741644	-2.695914	73	95	85	903.366
-1.832596	1.128190	-2.288622	80	83	92	903.131
-0.261799	1.809167	1.213774	83	77	89	902.715
2.356194	0.700570	1.559208	25	15	19	902.628
0.261799	1.836682	-0.676006	1	71	3	902.564
0.785398	2.478122	2.609777	14	6	89	902.511
-0.523599	0.685216	-1.712745	90	98	85	902.277
0.261799	1.545873	-1.877082	14	73	0	902.258
-0.785398	0.619654	-2.216909	1	16	26	901.982
2.356194	1.506530	1.988858	17	9	92	901.979
2.356194	1.872854	1.543456	22	5	96	901.847
0.523599	1.218453	2.777284	16	75	97	901.785
1.047198	2.664082	-1.071402	25	5	99	901.632
0.785398	0.929350	-2.910676	90	88	84	901.436
-1.832596	2.724429	-0.348782	12	88	98	901.436
2.356194	2.089241	-0.114193	23	5	97	901.383
-1.832596	0.203748	0.590255	96	86	73	901.228
2.094395	0.419640	2.974122	99	83	3	901.187
-2.617994	2.863997	0.549740	99	79	13	901.183
0.785398	1.846342	-1.796954	81	0	93	900.971
1.570796	1.836682	-0.676006	16	77	88	900.833
-0.523599	1.417623	-0.202254	77	83	96	900.582
1.308997	1.448123	-2.163292	87	86	98	900.122
-2.617994	1.310100	1.488307	1	73	84	900.040
-1.570796	2.174483	2.653697	78	84	87	899.972
1.047198	1.699788	2.452890	25	97	2	899.921
2.617994	0.640596	-2.797608	8	84	98	899.877
-3.141593	2.153910	-1.714959	80	81	96	899.771
0.000000	2.089241	-0.114193	92	72	92	899.623
-1.308997	1.869911	2.701025	91	73	91	899.471
-1.570796	1.555207	1.708892	83	76	97	899.460
1.570796	1.504028	0.636812	21	7	95	899.417
-0.785398	1.391910	3.030322	76	85	88	899.217
-2.356194	1.555207	1.708892	6	72	89	898.854
2.879793	2.089241	-0.114193	22	5	98	898.612
-1.570796	0.496451	0.593859	75	98	92	898.385
1.308997	2.396274	-1.959260	81	90	5	897.861
-1.308997	0.914445	2.687814	80	81	89	897.760
1.832596	1.510910	-0.740472	25	2	15	897.688
-0.785398	2.588535	-2.976617	94	73	94	897.040
0.000000	2.664082	-1.071402	79	86	85	896.943
0.261799	1.504028	0.636812	99	70	1	896.939
-1.570796	1.824694	1.850876	85	76	95	896.644
2.356194	0.685216	-1.712745	79	82	94	896.529
2.094395	2.404280	-0.174044	23	10	98	896.502
0.785398	1.448123	-2.163292	83	94	95	896.399
-1.570796	2.073035	2.027405	84	76	93	896.368
-1.308997	1.218453	2.777284	75	86	3	896.094
0.785398	2.180315	-1.357379	27	1	5	896.081
-1.047198	1.195355	1.200319	20	7	93	896.026
0.261799	2.592629	0.909713	85	81	81	895.995
-0.785398	1.574060	2.783565	81	78	92	895.975
-0.261799	0.619654	-2.216909	86	2	89	895.688
-1.570796	1.134796	2.434290	74	91	3	895.367
-0.785398	1.766067	2.153843	76	85	87	895.327
2.617994	0.418037	1.360082	83	0	82	895.272
-0.785398	1.335669	0.897240	77	85	90	895.189
-1.047198	2.343981	-1.040456	77	83	91	895.160
-0.785398	1.025536	1.576859	87	75	92	895.021
0.523599	0.619654	-2.216909	88	92	93	894.838
0.523599	2.138223	1.678323	2	96	17	894.724
-3.141593	2.984978	1.954446	80	92	81	894.665
-1.570796	0.619654	-2.216909	81	82	96	894.556
-2.879793	0.992645	-1.723759	10	14	26	894.115
-1.308997	1.504028	0.636812	74	2	92	894.101
-2.879793	1.184361	0.625864	85	95	1	893.933
1.832596	2.104282	-0.813972	26	10	5	893.932
1.832596	0.866395	-2.492918	22	17	20	893.909
0.000000	1.168678	2.108595	95	70	1	893.906
1.308997	1.977582	0.969896	11	81	77	893.899
-2.356194	0.866955	-0.931351	13	26	16	893.824
0.523599	1.168678	2.108595	87	78	88	893.571
-1.570796	2.299159	2.264663	89	75	91	893.486
0.523599	2.579248	-2.364801	20	7	94	893.315
-2.617994	1.374601	-2.456031	2	70	94	893.218
-0.523599	1.301460	-0.509251	75	88	2	893.005
2.617994	1.506530	1.988858	87	72	94	892.690
-0.523599	1.391910	3.030322	79	81	88	892.205
0.000000	1.875281	0.107086	94	71	97	892.193
-0.785398	2.251330	-2.330739	7	72	0	891.820
1.570796	1.025536	1.576859	19	6	96	891.614
2.356194	0.496451	0.593859	20	9	26	891.339
-2.617994	0.203748	0.590255	10	18	24	891.178
2.356194	1.555207	1.708892	15	7	89	891.041
-0.785398	1.736875	3.023612	78	85	83	890.945
-1.570796	0.700570	1.559208	80	78	5	890.684
-0.785398	1.134796	2.434290	81	78	95	890.663
2.879793	0.674054	1.013609	21	18	22	890.448
-2.094395	0.850607	-1.335383	13	24	19	890.245
-0.523599	1.184361	0.625864	17	13	93	890.088
0.785398	2.863997	0.549740	8	74	93	889.672
-2.356194	1.413430	2.550734	73	96	98	889.189
-1.570796	1.998705	2.370472	79	98	77	889.182
-0.261799	1.168678	2.108595	94	71	98	889.157
-2.356194	1.433411	-1.035986	84	80	98	889.082
2.094395	0.370812	-2.547742	92	80	80	889.038
1.570796	2.041297	-2.664597	95	85	99	888.914
-2.356194	2.174483	2.653697	75	0	85	888.899
-1.832596	1.766067	2.153843	77	4	79	888.821
-0.261799	0.700570	1.559208	98	70	94	888.592
0.261799	1.242974	-2.977882	17	77	5	888.519
1.308997	2.881233	-2.582574	4	87	19	888.399
-3.141593	0.203748	0.590255	87	3	82	887.856
-1.047198	0.571433	-1.188419	91	99	83	887.795
-2.356194	2.180315	-1.357379	16	88	3	887.751
-1.308997	1.050534	3.042579	84	78	90	887.626
0.523599	2.001437	0.381215	96	72	92	887.461
0.523599	2.153910	-1.714959	79	3	2	887.224
-1.570796	2.251330	-2.330739	82	81	83	887.122
0.785398	1.113094	-0.272241	8	70	97	887.004
1.308997	2.456751	-1.503343	83	89	7	886.761
1.308997	1.948085	-2.363031	89	86	1	886.550
-1.832596	0.899350	-2.069907	2	4	29	886.508
-0.523599	0.864993	2.278281	9	73	0	886.490
-2.617994	1.982574	-1.115518	82	82	99	886.459
-2.094395	0.685216	-1.712745	19	97	91	886.400
1.308997	1.417623	-0.202254	13	11	25	886.371
-1.832596	2.455966	-0.641220	96	78	10	886.348
1.047198	0.496451	0.593859	22	98	9	886.220
2.617994	1.869911	2.701025	10	1	16	886.201
-1.832596	2.356369	3.005869	76	89	84	886.180
-1.832596	0.914445	2.687814	74	93	7	886.116
-1.047198	1.732874	-0.951685	76	83	1	886.083
1.570796	2.579248	-2.364801	99	83	97	885.918
-3.141593	2.115563	0.685730	92	74	94	885.678
0.523599	1.450119	-2.739050	16	74	87	885.395
1.570796	1.448123	-2.163292	88	83	98	885.325
-2.879793	1.325504	-1.671296	3	69	95	885.305
-2.094395	2.404280	-0.174044	95	84	2	884.686
-0.261799	1.413430	2.550734	10	72	91	884.568
1.047198	2.579248	-2.364801	27	5	4	884.562
-2.094395	0.762244	-0.273349	19	2	88	884.561
2.356194	2.587733	0.232235	19	15	94	884.540
-1.047198	1.510910	-0.740472	75	8	93	884.296
1.047198	1.214854	-1.966664	84	88	96	884.237
1.047198	0.419640	2.974122	87	92	97	884.221
-0.523599	2.041297	-2.664597	95	72	1	884.031
2.094395	1.195355	1.200319	16	5	90	884.030
-2.356194	0.733948	3.021411	13	92	6	883.958
0.000000	1.325504	-1.671296	10	72	2	883.822
2.617994	0.906588	1.252948	24	18	18	883.800
0.785398	1.135813	-2.658866	86	91	98	883.510
-0.261799	0.379747	-1.713059	86	99	87	883.478
-1.832596	0.831641	0.616218	1	82	85	883.422
1.308997	1.256302	0.062705	22	89	18	883.092
-1.308997	2.984978	1.954446	90	89	7	882.820
-1.308997	2.180315	-1.357379	85	75	90	882.766
-3.141593	0.418037	1.360082	16	80	95	882.716
-2.617994	0.906588	1.252948	3	72	86	882.599
0.261799	1.662363	0.915448	87	76	89	882.499
-2.617994	2.724429	-0.348782	94	23	92	882.319
-1.047198	2.104282	-0.813972	80	81	85	882.301
2.356194	2.174483	2.653697	77	81	5	881.894
0.523599	1.413347	-1.339188	94	71	91	881.816
1.308997	0.496451	0.593859	24	3	7	881.813
-2.094395	2.174483	2.653697	74	95	85	881.711
0.261799	0.733948	3.021411	18	97	24	881.639
-1.047198	0.914445	2.687814	83	78	90	881.400
-1.832596	2.588535	-2.976617	75	93	84	881.384
-0.261799	2.379497	0.561089	79	83	85	881.367
-1.047198	0.458961	-0.107937	75	3	96	881.313
-2.879793	1.658653	-2.409879	16	8	13	881.250
-2.094395	2.299159	2.264663	77	91	81	881.229
-2.879793	1.569311	-3.003978	13	3	14	881.036
-0.261799	1.135813	-2.658866	5	70	96	881.020
-1.832596	2.984978	1.954446	90	78	83	880.934
-2.094395	1.135813	-2.658866	79	82	94	880.922
-0.523599	1.134796	2.434290	93	72	7	880.860
-3.141593	1.696674	-1.253233	15	26	10	880.758
0.785398	0.866395	-2.492918	85	92	95	880.643
1.570796	1.374601	-2.456031	28	14	13	880.599
-1.832596	1.736875	3.023612	89	74	93	880.520
2.879793	1.662363	0.915448	5	22	93	880.381
0.000000	2.001437	0.381215	85	76	93	880.380
-0.523599	1.569311	-3.003978	95	71	89	880.360
1.832596	0.910508	1.903534	29	10	14	880.235
1.308997	1.606104	-0.451151	14	74	90	880.028
-0.261799	0.674054	1.013609	95	72	96	879.862
-2.617994	2.174483	2.653697	75	8	86	879.740
1.308997	1.617114	-1.572037	78	90	93	879.659
2.356194	0.618092	2.539118	95	86	6	879.615
0.785398	2.356369	3.005869	19	8	93	879.558
-2.617994	2.138223	1.678323	1	70	99	879.531
-0.261799	1.732874	-0.951685	76	84	99	879.526
-0.523599	1.025536	1.576859	89	73	99	879.525
-1.570796	1.025536	1.576859	80	79	97	879.451
-0.261799	2.089241	-0.114193	14	17	8	879.382
-1.047198	1.599406	1.426070	75	92	87	879.083
0.000000	1.846342	-1.796954	0	70	98	878.904
0.261799	1.367556	0.358405	99	71	85	878.836
2.094395	0.700570	1.559208	27	12	19	878.814
-2.356194	2.704512	1.488683	88	81	83	878.603
-2.879793	1.433411	-1.035986	7	70	96	878.411
-2.879793	1.214854	-1.966664	8	18	25	878.346
2.617994	2.719179	-1.780644	79	87	1	878.152
2.356194	1.699788	2.452890	20	7	94	877.828
1.570796	1.510910	-0.740472	17	77	94	877.760
0.000000	1.658653	-2.409879	7	71	96	877.585
-3.141593	2.396274	-1.959260	90	24	95	877.414
0.785398	2.984978	1.954446	13	20	94	877.361
-0.261799	1.948085	-2.363031	4	71	0	877.322
-1.308997	0.910508	1.903534	85	75	4	877.314
-2.094395	1.050534	3.042579	74	96	7	877.276
0.785398	0.960688	-0.577532	1	70	97	877.228
1.570796	1.014500	0.906702	28	8	8	877.202
2.094395	0.960688	-0.577532	11	1	29	877.158
0.785398	2.164094	-2.991358	17	5	90	876.777
-0.523599	1.113094	-0.272241	75	93	90	876.744
-1.570796	1.310100	1.488307	84	77	97	876.609
1.832596	1.256302	0.062705	24	8	99	876.531
1.570796	1.247695	1.809890	26	17	7	876.463
-1.047198	1.606104	-0.451151	75	4	90	876.422
-2.094395	0.866395	-2.492918	77	85	95	876.371
2.617994	1.574060	2.783565	15	8	88	876.089
-1.832596	1.756530	-2.105156	22	0	20	876.069
-1.308997	1.756530	-2.105156	74	85	95	875.996
0.261799	1.732874	-0.951685	7	70	97	875.971
0.523599	1.184361	0.625864	5	70	96	875.871
0.000000	1.045978	0.343692	91	73	94	875.603
0.000000	1.050534	3.042579	9	72	0	875.550
-1.308997	2.104282	-0.813972	73	1	89	875.354
-0.785398	2.104282	-0.813972	83	79	85	875.275
-0.523599	1.736875	3.023612	5	71	97	875.200
-2.094395	2.295480	1.008277	93	85	3	875.117
0.000000	0.203748	0.590255	96	74	2	874.990
1.308997	1.812176	0.656819	14	80	80	874.981
1.047198	0.619654	-2.216909	85	89	93	874.954
2.617994	2.295480	1.008277	10	15	89	874.948
0.523599	2.979456	-1.009304	82	83	84	874.948
-1.570796	2.478122	2.609777	88	77	91	874.805
-0.523599	2.108018	1.311430	83	82	81	874.782
-1.308997	1.741644	-2.695914	75	88	85	874.735
-2.879793	2.379497	0.561089	88	87	99	874.619
-1.047198	2.456751	-1.503343	80	85	82	874.489
-0.785398	2.033014	2.977192	3	24	99	874.322
-1.570796	1.756530	-2.105156	23	4	20	874.229
0.000000	0.709924	0.218797	96	72	94	874.212
-1.308997	0.709924	0.218797	74	3	92	874.209
-1.308997	1.766067	2.153843	78	88	83	874.208
-2.879793	2.108018	1.311430	77	1	80	873.930
-1.047198	1.134796	2.434290	99	71	2	873.819
1.047198	1.256302	0.062705	15	75	93	873.743
-0.523599	1.310100	1.488307	86	74	95	873.741
0.523599	1.766067	2.153843	87	25	98	873.207
-1.832596	0.906588	1.252948	7	81	82	873.129
-0.523599	2.379497	0.561089	81	83	81	873.011
-1.570796	2.704512	1.488683	91	78	79	872.996
2.094395	1.014500	0.906702	16	4	90	872.855
-0.785398	1.050534	3.042579	91	72	93	872.727
-2.617994	2.073035	2.027405	75	97	87	872.553
1.047198	0.733948	3.021411	91	84	86	872.419
-2.879793	1.440580	2.260026	85	77	86	872.321
-1.047198	1.168678	2.108595	77	83	92	872.301
0.785398	1.440580	2.260026	26	99	12	872.264
0.000000	1.506530	1.988858	10	73	85	872.184
-1.308997	1.683268	0.374177	73	3	90	872.041
-2.879793	1.732874	-0.951685	23	16	11	871.898
0.000000	1.732874	-0.951685	4	69	95	871.845
0.785398	0.618092	2.539118	21	1	22	871.769
1.832596	1.732874	-0.951685	27	6	13	871.733
-3.141593	0.899350	-2.069907	97	70	90	871.296
-0.785398	0.290380	-0.796960	7	9	30	871.092
2.617994	1.872854	1.543456	23	8	97	870.967
0.785398	1.569311	-3.003978	83	99	82	870.645
-0.523599	1.555207	1.708892	83	80	85	870.573
1.047198	2.073035	2.027405	21	0	92	870.356
-0.523599	2.637879	2.121598	20	5	95	870.182
2.356194	0.960688	-0.577532	11	1	29	870.056
-1.308997	1.413430	2.550734	73	0	86	869.879
2.094395	1.809167	1.213774	79	79	93	869.845
-1.047198	1.128190	-2.288622	89	73	96	869.809
-1.308997	2.041297	-2.664597	75	88	91	869.761
-3.141593	2.664082	-1.071402	98	25	94	869.669
-1.308997	2.724429	-0.348782	79	85	82	869.559
2.094395	2.592629	0.909713	92	11	14	869.559
-1.570796	2.455966	-0.641220	73	91	85	869.488
1.832596	2.187132	-0.479875	26	6	2	869.218
-2.094395	1.756530	-2.105156	72	98	88	869.160
-2.094395	2.579248	-2.364801	80	79	94	869.125
1.047198	1.310100	1.488307	27	4	8	869.070
1.047198	1.134796	2.434290	26	3	17	868.714
-1.832596	2.295480	1.008277	96	86	5	868.072
-0.261799	2.108018	1.311430	77	85	84	867.990
0.523599	2.719179	-1.780644	23	5	96	867.958
1.308997	1.194549	-0.801900	7	72	96	867.896
-2.356194	2.407836	1.410646	78	91	79	867.789
-0.785398	1.554776	0.100351	75	87	99	867.760
-1.570796	1.683268	0.374177	74	6	90	867.667
0.523599	1.440580	2.260026	89	79	83	867.480
-0.261799	2.343981	-1.040456	75	93	90	867.452
-0.785398	1.448123	-2.163292	94	70	93	867.444
-2.617994	0.899350	-2.069907	9	70	92	867.436
0.000000	1.218453	2.777284	8	71	96	867.349
1.308997	1.450119	-2.739050	91	88	98	867.287
-0.785398	1.367556	0.358405	75	88	94	867.286
-0.523599	1.448123	-2.163292	98	69	93	867.134
-2.094395	1.683268	0.374177	1	84	88	866.841
2.879793	0.418037	1.360082	83	92	87	866.821
0.785398	2.033014	2.977192	18	4	92	866.768
2.617994	2.033014	2.977192	12	1	15	866.725
1.832596	1.374601	-2.456031	26	18	13	866.661
-2.094395	0.418037	1.360082	1	82	75	866.643
2.879793	0.850607	-1.335383	16	12	26	866.634
2.094395	2.247462	0.191623	15	89	77	866.483
-0.261799	1.184361	0.625864	84	80	88	866.458
2.879793	2.455966	-0.641220	91	90	90	866.329
2.356194	2.115563	0.685730	87	80	84	866.297
-1.308997	1.025536	1.576859	78	87	86	866.244
2.879793	1.025536	1.576859	82	77	85	866.210
1.308997	1.242974	-2.977882	92	85	87	866.078
-1.047198	2.115563	0.685730	73	93	88	866.057
0.261799	1.014500	0.906702	2	70	97	865.999
2.094395	0.297065	2.160177	88	90	98	865.992
2.617994	0.850607	-1.335383	19	9	26	865.956
-2.879793	2.153910	-1.714959	87	24	99	865.951
2.356194	2.863997	0.549740	84	85	82	865.937
-0.523599	2.407836	1.410646	76	92	80	865.903
1.832596	1.662363	0.915448	77	86	85	865.842
2.879793	1.488617	1.159546	0	70	98	865.727
1.047198	0.960688	-0.577532	4	71	97	865.671
2.879793	0.618092	2.539118	86	81	77	865.619
-2.617994	1.247695	1.809890	73	2	91	865.514
2.094395	2.863997	0.549740	82	88	80	865.417
1.570796	1.555207	1.708892	25	16	2	865.274
-1.832596	1.574060	2.783565	74	91	98	865.214
1.047198	1.050534	3.042579	90	86	84	865.001
-1.308997	2.455966	-0.641220	17	11	11	864.870
2.356194	1.335669	0.897240	26	18	15	864.694
2.356194	0.733948	3.021411	99	83	5	864.660
0.785398	1.683268	0.374177	10	73	6	864.640
-2.879793	1.662363	0.915448	86	93	1	864.610
-2.094395	2.393226	1.857173	74	90	82	864.342
1.308997	0.709924	0.218797	15	89	24	864.262
-0.261799	2.637879	2.121598	0	89	14	864.124
2.879793	2.379497	0.561089	15	8	90	864.088
-0.261799	1.574060	2.783565	9	72	92	864.086
-2.094395	2.396274	-1.959260	17	96	8	864.048
0.523599	2.164094	-2.991358	21	6	95	863.942
1.308997	1.488617	1.159546	25	7	99	863.924
1.570796	0.709924	0.218797	24	2	6	863.904
-2.356194	1.736875	3.023612	73	97	2	863.903
1.570796	2.115563	0.685730	11	83	76	863.890
-2.094395	1.699788	2.452890	7	71	96	863.649
-0.785398	2.724429	-0.348782	16	4	14	863.571
1.832596	0.080730	-2.622036	80	93	17	863.519
-0.785398	1.836682	-0.676006	74	92	93	863.445
0.785398	2.724429	-0.348782	82	89	80	863.442
-0.523599	0.080730	-2.622036	12	96	29	863.296
-1.570796	1.247695	1.809890	78	86	86	863.293
0.785398	1.504028	0.636812	12	72	98	863.242
-2.356194	0.674054	1.013609	4	76	82	863.238
-2.879793	1.741644	-2.695914	15	9	14	863.149
0.000000	1.134796	2.434290	97	70	0	863.105
-3.141593	0.700570	1.559208	86	81	78	862.840
2.356194	1.325504	-1.671296	21	15	20	862.817
0.523599	1.574060	2.783565	92	27	99	862.765
-2.094395	0.992645	-1.723759	2	9	28	862.746
0.000000	0.866955	-0.931351	88	73	0	862.516
-2.094395	0.496451	0.593859	3	79	80	862.511
-1.047198	1.875281	0.107086	83	80	84	862.373
2.879793	0.733948	3.021411	77	90	83	862.342
-1.832596	1.433411	-1.035986	96	75	0	862.244
1.047198	2.637879	2.121598	90	79	5	862.086
0.261799	1.374601	-2.456031	14	72	89	861.932
1.308997	2.001437	0.381215	11	79	79	861.835
-0.261799	0.640596	-2.797608	13	97	26	861.596
1.832596	0.700570	1.559208	25	14	16	861.556
0.785398	2.396274	-1.959260	83	95	2	861.553
1.570796	2.979456	-1.009304	19	7	94	861.500
-1.832596	1.367556	0.358405	4	83	89	861.408
2.356194	2.138223	1.678323	21	7	93	861.336
-0.523599	1.909857	-0.381669	79	78	95	861.073
-0.785398	1.242974	-2.977882	80	81	86	860.980
1.570796	1.574060	2.783565	94	79	88	860.812
2.094395	1.599406	1.426070	29	13	7	860.427
-2.617994	2.343981	-1.040456	82	83	2	860.403
-2.879793	1.247695	1.809890	74	5	92	860.294
1.570796	0.496451	0.593859	25	5	8	860.269
-0.523599	1.247695	1.809890	90	73	96	860.240
-0.261799	1.870545	-2.976234	7	72	97	860.235
-1.570796	1.699788	2.452890	83	77	4	860.162
1.570796	2.349581	-2.702517	98	85	3	860.099
-1.308997	1.545873	-1.877082	74	86	98	860.006
1.570796	0.910508	1.903534	26	17	12	860.004
-1.308997	1.846342	-1.796954	75	85	94	859.850
-0.261799	1.374601	-2.456031	5	70	99	859.781
2.617994	2.349581	-2.702517	75	83	92	859.699
-1.047198	2.033014	2.977192	90	72	94	859.438
2.356194	1.413430	2.550734	22	9	98	859.417
2.094395	0.418037	1.360082	20	19	19	859.414
-1.047198	2.295480	1.008277	73	96	84	859.138
1.570796	2.637879	2.121598	98	75	2	859.067
1.308997	1.135834	-1.431087	17	97	25	859.027
1.570796	2.153910	-1.714959	26	7	7	858.940
-1.047198	1.658653	-2.409879	95	14	7	858.930
-1.832596	1.869911	2.701025	91	75	89	858.878
2.356194	1.977582	0.969896	27	4	3	858.758
0.261799	1.909857	-0.381669	86	80	82	858.694
-1.308997	1.555207	1.708892	81	88	80	858.638
1.308997	1.433411	-1.035986	11	72	0	858.555
-1.308997	2.456751	-1.503343	93	73	93	858.434
-2.094395	2.587733	0.232235	91	22	90	858.101
1.832596	0.906588	1.252948	23	4	98	857.961
0.523599	0.762244	-0.273349	99	72	95	857.922
2.617994	1.555207	1.708892	86	74	94	857.763
-1.308997	1.325504	-1.671296	80	85	15	857.719
-1.308997	0.640596	-2.797608	88	74	99	857.590
-1.570796	2.164094	-2.991358	76	90	89	857.453
1.570796	1.741644	-2.695914	95	85	6	857.383
-2.094395	2.033014	2.977192	73	98	89	857.375
-3.141593	1.310100	1.488307	85	87	81	857.205
-1.047198	0.591903	2.010408	18	96	99	857.113
1.047198	2.760637	2.781135	10	11	88	857.025
-2.356194	2.979456	-1.009304	11	89	1	857.002
-2.094395	1.506530	1.988858	77	85	92	856.981
-0.261799	1.506530	1.988858	85	75	93	856.811
-0.523599	1.545873	-1.877082	89	73	4	856.810
2.879793	0.864993	2.278281	87	77	82	856.798
1.308997	1.301460	-0.509251	23	93	17	856.642
-2.617994	1.662363	0.915448	96	78	88	856.526
0.261799	1.134796	2.434290	86	80	85	856.492
0.523599	0.961715	0.014085	99	70	98	856.473
1.308997	2.579248	-2.364801	95	84	99	856.251
-0.785398	1.721184	-0.153948	76	84	97	856.250
-2.879793	0.496451	0.593859	88	90	94	856.136
0.261799	1.554776	0.100351	84	79	89	855.812
1.047198	1.606104	-0.451151	11	71	91	855.599
-2.879793	1.242974	-2.977882	92	71	90	855.593
0.261799	1.977582	0.969896	88	75	85	855.160
-2.356194	1.135834	-1.431087	20	90	92	855.010
-3.141593	2.587733	0.232235	16	10	91	854.902
-0.523599	1.721184	-0.153948	78	83	91	854.710
-0.785398	1.510910	-0.740472	75	4	93	854.635
0.000000	1.256302	0.062705	82	81	87	854.627
1.308997	0.864993	2.278281	25	6	20	854.387
-1.047198	1.982574	-1.115518	80	81	85	854.324
2.094395	1.555207	1.708892	78	81	87	854.233
2.617994	2.001437	0.381215	18	7	94	854.205
0.000000	0.370812	-2.547742	85	1	91	854.179
1.308997	1.736875	3.023612	81	90	84	854.084
-2.879793	1.809167	1.213774	2	25	95	854.070
-0.785398	1.310100	1.488307	82	80	88	853.813
-2.879793	2.343981	-1.040456	93	26	98	853.790
2.094395	2.343981	-1.040456	24	11	3	853.776
1.047198	1.870545	-2.976234	81	96	85	853.723
-0.261799	2.579248	-2.364801	99	72	93	853.488
0.261799	1.214854	-1.966664	82	15	3	853.475
0.261799	1.569311	-3.003978	12	72	85	853.448
-0.261799	0.709924	0.218797	82	82	90	853.412
2.094395	1.310100	1.488307	29	12	12	853.149
-2.094395	1.510910	-0.740472	93	77	3	853.017
-3.141593	1.809167	1.213774	4	23	93	852.982
0.261799	1.448123	-2.163292	10	72	99	852.827
-1.832596	1.545873	-1.877082	72	96	2	852.816
-1.570796	1.599406	1.426070	84	77	93	852.718
2.094395	0.709924	0.218797	27	9	16	852.697
-2.356194	0.992645	-1.723759	15	74	94	852.457
-1.047198	2.719179	-1.780644	80	86	80	852.400
2.879793	1.736875	3.023612	13	0	14	852.250
1.308997	1.683268	0.374177	14	79	83	852.172
0.000000	1.367556	0.358405	12	19	1	852.139
-0.785398	1.247695	1.809890	87	75	90	852.067
0.000000	1.574060	2.783565	14	74	90	852.027
0.000000	1.242974	-2.977882	8	70	94	851.991
-1.570796	2.343981	-1.040456	74	1	86	851.788
-0.785398	2.984978	1.954446	99	84	14	851.771
2.879793	0.203748	0.590255	18	7	92	851.664
-2.356194	1.325504	-1.671296	20	89	94	851.623
-0.785398	1.872854	1.543456	81	85	82	851.613
2.356194	1.134497	-1.109631	80	78	85	851.419
0.261799	2.719179	-1.780644	94	73	93	851.359
-1.047198	0.700570	1.559208	88	73	6	851.248
-0.261799	2.455966	-0.641220	93	78	77	851.104
-3.141593	2.456751	-1.503343	79	84	0	851.036
-0.261799	1.134796	2.434290	90	72	2	851.008
-2.094395	1.256302	0.062705	87	22	96	850.681
-2.356194	2.349581	-2.702517	14	9	17	850.646
-2.094395	1.440580	2.260026	74	94	93	850.049
-2.356194	0.685216	-1.712745	5	8	30	850.049
-1.047198	1.488617	1.159546	77	89	87	850.011
0.785398	1.736875	3.023612	80	96	85	849.909
-1.308997	0.615174	-0.666022	96	0	75	849.822
2.356194	1.998705	2.370472	8	5	17	849.775
2.879793	2.108018	1.311430	19	7	93	849.758
-2.356194	1.836682	-0.676006	83	23	11	849.576
0.523599	1.113094	-0.272241	0	70	91	849.330
-1.570796	2.138223	1.678323	80	82	84	849.279
-1.570796	0.929350	-2.910676	72	96	7	849.139
2.617994	0.910508	1.903534	80	79	83	849.047
-0.785398	1.658653	-2.409879	89	72	98	848.947
1.570796	1.168678	2.108595	29	5	11	848.610
1.047198	2.001437	0.381215	10	77	79	848.335
-0.785398	1.045978	0.343692	76	92	87	848.322
-2.879793	1.134497	-1.109631	6	23	21	848.274
-3.141593	2.138223	1.678323	93	72	98	848.217
-1.570796	0.831641	0.616218	4	83	84	847.826
0.785398	1.545873	-1.877082	99	71	94	847.471
1.308997	0.370812	-2.547742	91	83	5	847.471
1.570796	2.073035	2.027405	97	74	95	847.369
-3.141593	1.413347	-1.339188	8	25	18	847.042
0.785398	1.310100	1.488307	26	99	7	847.021
-2.356194	0.203748	0.590255	85	89	3	846.915
-3.141593	2.592629	0.909713	15	9	89	846.587
-2.617994	1.617114	-1.572037	4	27	15	846.566
-2.879793	0.709924	0.218797	89	95	83	846.409
-0.785398	1.504028	0.636812	75	87	91	846.315
-1.308997	1.982574	-1.115518	10	16	2	846.305
2.356194	1.440580	2.260026	22	8	98	846.098
1.308997	0.619654	-2.216909	84	87	92	845.967
-2.356194	1.448123	-2.163292	77	85	0	845.834
-1.308997	0.458961	-0.107937	76	8	97	845.570
-1.570796	0.762244	-0.273349	3	12	28	845.546
-0.785398	2.180315	-1.357379	86	76	86	845.476
0.261799	0.419640	2.974122	14	90	25	845.412
2.094395	2.089241	-0.114193	24	1	98	845.352
-1.308997	0.864993	2.278281	84	86	78	845.307
0.785398	2.587733	0.232235	80	80	91	845.273
1.047198	1.872854	1.543456	19	6	93	845.266
0.261799	2.379497	0.561089	86	78	85	845.099
-1.570796	1.869911	2.701025	79	80	97	845.072
-2.356194	1.194549	-0.801900	93	77	93	845.000
2.879793	0.297065	2.160177	88	85	74	844.987
-2.617994	1.736875	3.023612	74	1	1	844.931
2.617994	1.488617	1.159546	15	7	90	844.931
-0.785398	2.379497	0.561089	74	88	86	844.676
-3.141593	1.870545	-2.976234	6	68	1	844.593
1.308997	1.599406	1.426070	25	6	98	844.588
2.879793	2.041297	-2.664597	89	23	91	844.557
-1.832596	0.910508	1.903534	79	80	4	844.473
-2.879793	0.864993	2.278281	98	24	96	844.097
-1.832596	2.664082	-1.071402	16	99	14	843.983
-1.832596	2.760637	2.781135	81	83	85	843.867
0.000000	2.979456	-1.009304	77	94	84	843.772
2.356194	2.187132	-0.479875	23	4	97	843.757
0.523599	0.914445	2.687814	22	99	22	843.708
2.617994	2.404280	-0.174044	15	8	88	843.698
-2.356194	2.073035	2.027405	74	93	87	843.605
-1.570796	1.506530	1.988858	79	85	85	843.583
-2.094395	1.242974	-2.977882	72	98	2	843.526
-2.617994	1.025536	1.576859	2	73	85	843.325
0.000000	0.914445	2.687814	8	71	2	843.197
0.000000	1.025536	1.576859	92	71	0	843.178
-1.047198	1.135813	-2.658866	90	80	18	843.126
-3.141593	1.836682	-0.676006	23	14	7	843.083
2.356194	1.168678	2.108595	26	6	6	843.047
2.356194	1.766067	2.153843	18	5	90	843.006
2.094395	1.696674	-1.253233	26	17	10	842.942
-0.785398	2.587733	0.232235	76	88	83	842.899
0.785398	2.719179	-1.780644	25	3	0	842.787
-1.308997	0.906588	1.252948	80	80	95	842.642
2.094395	1.025536	1.576859	0	24	0	842.615
-2.356194	1.904882	-1.478089	13	14	5	842.517
0.785398	2.115563	0.685730	96	71	92	842.395
1.308997	0.418037	1.360082	79	91	98	842.393
1.047198	2.588535	-2.976617	18	88	82	842.305
1.308997	0.700570	1.559208	23	3	99	842.258
2.879793	0.910508	1.903534	83	77	83	842.156
-2.879793	2.073035	2.027405	94	71	98	841.964
2.356194	0.370812	-2.547742	1	79	85	841.950
-1.570796	1.812176	0.656819	75	6	85	841.270
-1.832596	2.138223	1.678323	78	85	84	841.076
2.879793	2.073035	2.027405	15	11	90	841.032
-1.308997	0.733948	3.021411	83	77	93	840.900
-2.617994	1.809167	1.213774	98	26	95	840.841
-0.523599	1.904882	-1.478089	90	72	98	840.711
0.261799	1.413430	2.550734	12	72	93	840.697
-0.523599	0.370812	-2.547742	98	73	3	840.609
1.047198	1.134497	-1.109631	3	71	99	840.570
-1.047198	1.335669	0.897240	74	98	9	840.558
2.617994	1.247695	1.809890	93	26	3	840.521
0.523599	1.214854	-1.966664	94	72	0	840.148
-1.570796	1.510910	-0.740472	73	92	5	840.109
-0.785398	1.545873	-1.877082	93	70	93	840.106
1.832596	1.025536	1.576859	25	19	9	840.081
-0.261799	1.045978	0.343692	79	82	90	840.005
1.832596	1.545873	-1.877082	25	16	13	839.888
-2.879793	0.850607	-1.335383	19	3	3	839.742
1.308997	2.349581	-2.702517	80	96	89	839.717
-2.879793	1.555207	1.708892	97	71	89	839.687
-1.308997	0.700570	1.559208	83	76	5	839.674
-2.356194	2.108018	1.311430	89	83	84	839.564
2.356194	1.195355	1.200319	27	16	16	839.530
2.617994	1.135813	-2.658866	10	88	96	839.277
0.523599	2.984978	1.954446	14	1	83	839.275
-2.617994	0.910508	1.903534	74	3	95	839.091
2.356194	1.599406	1.426070	26	4	3	838.948
2.617994	1.766067	2.153843	16	11	92	838.776
2.617994	1.413430	2.550734	23	10	0	838.715
0.523599	1.242974	-2.977882	20	80	5	838.527
-2.094395	2.180315	-1.357379	18	92	3	838.510
-0.261799	1.440580	2.260026	88	72	98	838.463
1.308997	2.063651	-2.044600	27	11	2	838.456
-1.047198	1.310100	1.488307	81	85	83	838.441
-2.094395	0.203748	0.590255	91	89	73	838.228
2.356194	2.108018	1.311430	24	8	97	838.158
-2.879793	1.218453	2.777284	9	90	12	838.058
1.047198	0.850607	-1.335383	95	77	98	838.012
2.617994	2.187132	-0.479875	84	77	99	837.893
0.785398	0.961715	0.014085	6	72	1	837.765
0.261799	2.664082	-1.071402	79	85	83	837.584
1.832596	0.297065	2.160177	17	17	22	837.532
-0.523599	1.374601	-2.456031	92	71	2	837.486
-1.832596	1.135834	-1.431087	7	24	18	837.430
-2.617994	1.875281	0.107086	93	28	5	837.397
-2.879793	2.001437	0.381215	98	27	99	837.059
-1.047198	2.180315	-1.357379	83	79	86	837.017
1.047198	2.456751	-1.503343	8	71	89	836.883
-2.617994	2.356369	3.005869	12	8	16	836.784
-2.356194	1.242974	-2.977882	74	97	7	836.689
1.308997	1.824694	1.850876	26	4	99	836.576
1.047198	2.349581	-2.702517	28	5	8	836.471
2.879793	0.419640	2.974122	96	76	81	836.416
-1.832596	2.637879	2.121598	85	80	85	836.358
-2.617994	2.379497	0.561089	88	90	1	836.220
0.523599	1.875281	0.107086	4	69	87	836.178
1.832596	1.948085	-2.363031	96	83	6	836.009
0.523599	1.683268	0.374177	5	69	90	835.660
2.879793	1.510910	-0.740472	79	1	93	835.600
0.261799	0.866955	-0.931351	93	72	99	835.568
0.523599	2.396274	-1.959260	24	3	98	835.271
-1.832596	0.850607	-1.335383	9	24	19	835.249
-1.570796	2.881233	-2.582574	81	84	84	835.195
-1.570796	1.545873	-1.877082	72	89	99	835.078
1.570796	1.736875	3.023612	15	2	84	834.980
1.832596	2.115563	0.685730	19	85	83	834.930
0.785398	1.417623	-0.202254	4	72	8	834.777
-1.832596	1.824694	1.850876	82	79	95	834.684
2.094395	1.417623	-0.202254	78	81	85	834.663
0.785398	0.290380	-0.796960	15	9	8	834.621
2.094395	1.904882	-1.478089	26	18	7	834.600
0.523599	0.733948	3.021411	19	0	24	834.588
0.000000	1.135834	-1.431087	80	79	96	834.490
0.523599	1.025536	1.576859	13	75	5	834.474
-1.047198	1.391910	3.030322	77	86	83	834.225
2.879793	1.113094	-0.272241	25	1	3	834.204
0.523599	0.297065	2.160177	13	89	25	834.184
0.785398	1.510910	-0.740472	1	69	90	834.073
-0.261799	0.866955	-0.931351	85	74	0	833.974
-2.356194	2.881233	-2.582574	79	81	90	833.917
0.000000	1.699788	2.452890	2	71	83	833.895
0.523599	0.850607	-1.335383	94	73	3	833.852
-2.356194	1.440580	2.260026	3	70	91	833.834
-1.047198	1.545873	-1.877082	89	73	91	833.830
0.261799	1.683268	0.374177	98	73	81	833.782
0.523599	1.488617	1.159546	1	70	3	833.721
-0.261799	1.554776	0.100351	80	85	85	833.715
0.785398	2.299159	2.264663	10	8	87	833.474
1.047198	1.325504	-1.671296	14	85	22	833.458
1.832596	2.174483	2.653697	97	76	89	833.423
-1.047198	2.455966	-0.641220	16	8	11	833.349
1.570796	0.591903	2.010408	23	16	18	833.268
1.047198	1.809167	1.213774	21	6	94	833.223
1.832596	2.180315	-1.357379	13	11	89	833.009
-0.785398	1.134497	-1.109631	8	92	28	832.838
-2.094395	0.571433	-1.188419	14	23	19	832.639
2.879793	1.870545	-2.976234	1	68	1	832.599
0.261799	0.960688	-0.577532	94	72	95	832.214
1.308997	2.478122	2.609777	7	8	24	832.044
2.617994	0.831641	0.616218	86	4	93	831.949
0.523599	1.599406	1.426070	80	84	86	831.882
-1.570796	1.909857	-0.381669	86	21	95	831.783
2.879793	1.998705	2.370472	80	13	89	831.694
2.879793	1.875281	0.107086	20	5	95	831.542
1.308997	2.251330	-2.330739	80	89	3	831.443
-3.141593	1.662363	0.915448	6	24	95	831.289
0.785398	0.615174	-0.666022	10	99	31	831.233
-0.523599	1.836682	-0.676006	75	88	94	831.227
0.261799	2.984978	1.954446	15	0	84	831.162
0.000000	1.736875	3.023612	12	74	97	831.019
2.879793	1.448123	-2.163292	82	78	8	831.008
-1.832596	1.872854	1.543456	76	86	85	830.973
-0.523599	1.128190	-2.288622	97	69	96	830.892
-1.308997	1.824694	1.850876	78	91	81	830.589
-0.785398	1.824694	1.850876	77	84	87	830.485
-1.570796	1.045978	0.343692	5	84	85	830.461
-2.617994	2.041297	-2.664597	79	92	80	830.422
-2.094395	0.618092	2.539118	13	92	6	830.348
-0.261799	2.187132	-0.479875	80	82	85	830.071
-2.094395	1.134497	-1.109631	9	25	16	829.931
2.879793	0.496451	0.593859	18	18	20	829.892
-0.523599	0.640596	-2.797608	95	71	96	829.832
-2.094395	0.960688	-0.577532	5	15	27	829.587
0.000000	1.413347	-1.339188	9	72	2	829.577
2.356194	1.504028	0.636812	24	5	0	829.432
2.356194	0.709924	0.218797	27	12	17	829.320
2.094395	2.724429	-0.348782	82	88	5	829.093
2.879793	2.592629	0.909713	14	18	92	829.071
-3.141593	1.555207	1.708892	83	84	85	829.056
-1.308997	2.478122	2.609777	85	76	88	828.616
1.308997	1.574060	2.783565	88	82	88	828.560
-1.832596	2.153910	-1.714959	83	80	87	828.546
-0.523599	2.478122	2.609777	12	77	0	828.542
2.617994	1.184361	0.625864	92	71	96	828.521
2.617994	2.664082	-1.071402	78	4	98	828.446
0.261799	1.045978	0.343692	0	70	95	828.396
-1.308997	0.992645	-1.723759	20	7	92	828.357
-2.617994	2.033014	2.977192	82	85	82	828.307
0.261799	1.870545	-2.976234	10	74	78	828.168
1.047198	1.128190	-2.288622	84	90	95	828.107
-3.141593	1.982574	-1.115518	23	19	8	828.013
-2.094395	2.349581	-2.702517	75	3	85	827.974
2.879793	1.374601	-2.456031	88	74	87	827.813
1.832596	1.247695	1.809890	30	10	10	827.790
-0.261799	0.733948	3.021411	17	95	25	827.728
2.094395	0.618092	2.539118	79	86	78	827.296
0.261799	1.488617	1.159546	77	86	89	827.289
1.047198	1.599406	1.426070	97	73	95	827.043
-0.523599	0.203748	0.590255	7	87	85	827.001
-1.570796	1.488617	1.159546	83	78	91	826.953
2.094395	0.831641	0.616218	19	2	93	826.924
-1.570796	0.709924	0.218797	2	84	81	826.914
-2.617994	0.864993	2.278281	94	24	97	826.808
0.523599	2.251330	-2.330739	86	89	91	826.735
-2.094395	1.617114	-1.572037	12	5	99	826.610
-1.832596	1.134796	2.434290	74	94	3	826.541
0.523599	1.569311	-3.003978	84	0	82	826.444
1.047198	0.831641	0.616218	21	1	2	826.441
-1.047198	2.724429	-0.348782	16	6	16	826.399
0.261799	1.721184	-0.153948	99	70	1	826.373
1.570796	1.662363	0.915448	77	89	84	826.350
2.617994	2.108018	1.311430	25	5	99	826.341
2.879793	1.977582	0.969896	17	4	88	826.338
0.785398	0.418037	1.360082	14	3	90	826.316
-3.141593	1.998705	2.370472	8	69	96	826.225
1.308997	0.733948	3.021411	10	20	21	826.118
0.785398	2.579248	-2.364801	89	89	12	826.032
-2.879793	2.247462	0.191623	15	9	91	826.022
2.094395	0.733948	3.021411	99	84	4	825.978
-1.570796	1.413430	2.550734	74	99	83	825.885
1.047198	0.591903	2.010408	81	91	97	825.810
0.523599	0.866955	-0.931351	96	72	0	825.782
0.785398	1.218453	2.777284	82	89	85	825.445
-2.356194	2.379497	0.561089	92	86	1	825.445
1.308997	0.203748	0.590255	14	99	92	825.422
-2.879793	0.910508	1.903534	75	6	95	825.392
-3.141593	1.812176	0.656819	86	93	99	825.379
1.047198	0.864993	2.278281	24	4	20	825.366
-1.570796	0.203748	0.590255	8	12	29	825.357
-2.879793	2.719179	-1.780644	96	26	98	825.207
2.356194	0.850607	-1.335383	19	7	26	825.151
-1.570796	2.379497	0.561089	0	81	87	825.102
-1.308997	1.168678	2.108595	95	72	3	825.021
0.261799	1.846342	-1.796954	13	73	96	825.003
-1.308997	2.396274	-1.959260	77	87	84	824.925
-1.570796	0.618092	2.539118	76	91	12	824.888
1.308997	2.343981	-1.040456	25	4	1	824.862
2.879793	2.138223	1.678323	22	7	96	824.837
0.261799	1.699788	2.452890	6	71	83	824.833
2.356194	1.904882	-1.478089	24	21	7	824.815
-2.094395	2.251330	-2.330739	78	81	95	824.714
-0.785398	0.864993	2.278281	82	87	19	824.657
-0.785398	1.218453	2.777284	76	84	86	824.641
-0.261799	0.203748	0.590255	8	88	84	824.586
0.523599	1.662363	0.915448	78	83	91	824.514
1.570796	1.506530	1.988858	26	17	4	824.497
2.356194	2.592629	0.909713	24	96	10	824.495
-1.308997	2.356369	3.005869	83	80	87	824.491
-1.570796	2.719179	-1.780644	80	84	83	824.451
1.308997	2.760637	2.781135	9	12	87	824.432
1.308997	1.732874	-0.951685	9	72	95	824.387
-0.261799	1.982574	-1.115518	3	69	97	824.302
-0.261799	1.617114	-1.572037	5	70	99	824.283
-0.785398	0.899350	-2.069907	96	70	95	824.243
-1.832596	1.440580	2.260026	74	88	95	824.172
2.094395	0.866955	-0.931351	21	4	24	824.104
0.261799	1.195355	1.200319	3	70	94	824.059
1.308997	1.045978	0.343692	90	9	88	824.026
0.261799	1.247695	1.809890	8	72	1	823.970
-2.094395	1.766067	2.153843	8	72	95	823.941
0.000000	0.685216	-1.712745	94	97	76	823.897
-0.523599	2.456751	-1.503343	82	78	90	823.721
2.356194	1.134796	2.434290	25	8	4	823.656
-0.523599	1.982574	-1.115518	83	79	84	823.461
0.000000	2.343981	-1.040456	80	82	90	823.455
1.308997	1.113094	-0.272241	13	74	98	823.417
-2.094395	1.448123	-2.163292	80	86	87	823.089
-2.094395	2.724429	-0.348782	12	85	99	823.001
-2.879793	0.297065	2.160177	77	94	8	822.972
2.617994	0.618092	2.539118	84	83	77	822.962
1.832596	0.203748	0.590255	23	6	22	822.942
0.261799	1.335669	0.897240	2	69	92	822.865
-1.047198	1.870545	-2.976234	81	83	80	822.809
-3.141593	2.073035	2.027405	15	10	91	822.774
0.523599	1.824694	1.850876	23	3	1	822.761
1.570796	1.214854	-1.966664	27	11	17	822.673
-0.261799	0.591903	2.010408	1	70	98	822.586
0.261799	1.948085	-2.363031	83	2	2	822.507
2.356194	1.025536	1.576859	96	26	1	822.400
-0.523599	0.496451	0.593859	86	75	0	822.301
1.832596	1.683268	0.374177	22	92	91	822.125
0.261799	1.128190	-2.288622	88	96	89	822.091
-1.308997	1.510910	-0.740472	74	88	5	821.928
-2.879793	0.640596	-2.797608	83	79	85	821.794
-2.094395	0.458961	-0.107937	91	90	87	821.735
-2.356194	1.998705	2.370472	19	77	96	821.636
1.832596	0.685216	-1.712745	83	81	85	821.493
-1.832596	2.104282	-0.813972	75	8	90	821.382
-3.141593	2.164094	-2.991358	6	70	6	821.024
0.523599	1.134796	2.434290	23	97	18	821.012
-1.570796	2.587733	0.232235	8	84	92	820.772
-2.617994	1.440580	2.260026	97	72	91	820.770
-1.832596	1.335669	0.897240	6	81	92	820.768
-1.047198	0.709924	0.218797	6	86	82	820.763
0.523599	1.247695	1.809890	25	96	12	820.549
-0.261799	1.904882	-1.478089	2	69	96	820.500
-0.523599	2.881233	-2.582574	92	74	92	820.221
2.094395	0.496451	0.593859	80	87	4	820.153
1.570796	2.719179	-1.780644	22	12	96	820.145
0.000000	0.992645	-1.723759	19	12	97	820.124
1.832596	1.846342	-1.796954	26	11	11	820.092
-2.617994	2.588535	-2.976617	79	83	88	819.984
-0.261799	1.872854	1.543456	86	78	82	819.941
-2.094395	1.809167	1.213774	14	15	20	819.638
2.879793	0.961715	0.014085	22	1	98	819.637
0.000000	1.569311	-3.003978	12	74	1	819.504
-2.356194	2.001437	0.381215	92	87	99	819.408
0.523599	1.506530	1.988858	16	6	17	819.405
1.047198	1.367556	0.358405	16	76	90	819.117
-2.617994	1.696674	-1.253233	99	27	14	819.055
-1.832596	1.504028	0.636812	5	82	93	818.986
1.308997	0.910508	1.903534	27	13	13	818.946
-0.523599	1.732874	-0.951685	74	87	99	818.932
-0.785398	1.374601	-2.456031	92	71	91	818.919
1.570796	1.417623	-0.202254	83	78	91	818.817
0.261799	0.685216	-1.712745	82	83	3	818.605
2.879793	1.218453	2.777284	84	75	87	818.483
0.523599	1.909857	-0.381669	89	79	83	817.852
2.617994	1.168678	2.108595	25	10	6	817.786
-2.617994	0.571433	-1.188419	14	76	84	817.601
1.570796	2.164094	-2.991358	76	92	88	817.431
2.617994	0.864993	2.278281	14	25	15	817.314
0.785398	1.488617	1.159546	22	5	97	817.299
0.261799	1.606104	-0.451151	9	70	99	817.200
-0.523599	1.554776	0.100351	77	82	95	816.877
0.785398	1.325504	-1.671296	98	71	95	816.862
-1.570796	2.592629	0.909713	18	6	93	816.838
-1.832596	1.247695	1.809890	76	89	86	816.666
2.617994	1.721184	-0.153948	83	75	91	816.609
1.308997	1.872854	1.543456	22	7	94	816.292
-3.141593	1.948085	-2.363031	89	26	2	816.234
-2.879793	2.063651	-2.044600	17	11	12	816.190
-2.617994	1.741644	-2.695914	76	12	92	815.818
2.617994	2.115563	0.685730	90	78	85	815.803
0.000000	1.391910	3.030322	11	74	1	815.571
1.047198	1.025536	1.576859	20	1	97	815.485
0.785398	0.733948	3.021411	89	85	86	815.481
1.832596	1.301460	-0.509251	26	2	16	815.306
-2.356194	2.456751	-1.503343	14	12	5	815.274
0.523599	0.418037	1.360082	14	0	92	815.075
1.570796	0.733948	3.021411	91	88	4	814.961
2.356194	1.824694	1.850876	83	75	97	814.739
0.785398	1.045978	0.343692	7	73	8	814.732
-1.047198	1.809167	1.213774	76	94	83	814.732
0.523599	2.404280	-0.174044	15	74	88	814.568
0.261799	0.864993	2.278281	77	88	90	814.495
-2.879793	2.393226	1.857173	75	0	82	814.452
1.308997	2.115563	0.685730	10	81	76	814.378
-3.141593	1.732874	-0.951685	15	26	9	814.274
1.047198	1.242974	-2.977882	20	4	95	814.261
-0.261799	0.960688	-0.577532	87	72	97	814.214
-2.617994	1.433411	-1.035986	15	73	0	814.197
2.094395	1.488617	1.159546	28	14	11	814.148
-1.832596	1.050534	3.042579	74	92	7	814.072
-1.832596	1.683268	0.374177	2	83	90	814.049
-1.047198	1.846342	-1.796954	77	82	93	813.840
1.308997	1.870545	-2.976234	80	93	85	813.794
1.308997	2.073035	2.027405	93	75	95	813.701
1.832596	1.184361	0.625864	28	9	7	813.679
-2.094395	1.869911	2.701025	77	5	80	813.624
1.832596	1.113094	-0.272241	26	2	18	813.623
0.261799	1.658653	-2.409879	15	73	86	813.611
-0.523599	2.587733	0.232235	79	85	83	813.482
-0.261799	1.050534	3.042579	9	71	3	813.474
2.094395	1.194549	-0.801900	76	82	84	813.450
-2.356194	2.724429	-0.348782	90	23	92	813.383
0.261799	1.875281	0.107086	98	70	99	813.189
-1.832596	1.510910	-0.740472	96	76	4	813.188
2.356194	2.164094	-2.991358	76	84	88	813.131
2.094395	1.875281	0.107086	24	1	2	813.128
-2.617994	1.256302	0.062705	26	4	5	812.971
1.570796	1.809167	1.213774	27	10	2	812.794
-2.094395	1.374601	-2.456031	74	95	7	812.663
-1.570796	0.864993	2.278281	81	87	79	812.616
1.047198	0.762244	-0.273349	7	13	97	812.438
2.617994	1.014500	0.906702	23	18	19	812.328
-1.832596	1.134497	-1.109631	97	74	98	812.165
-1.047198	0.910508	1.903534	81	82	88	812.161
-0.785398	0.685216	-1.712745	4	71	5	812.074
-1.570796	0.418037	1.360082	5	82	81	812.070
-1.047198	1.904882	-1.478089	81	77	99	812.033
-3.141593	0.591903	2.010408	14	21	22	811.917
1.570796	1.683268	0.374177	16	82	83	811.794
-0.785398	1.301460	-0.509251	75	2	94	811.596
1.047198	0.640596	-2.797608	87	89	2	811.383
-2.617994	1.488617	1.159546	98	28	0	811.372
-2.356194	1.569311	-3.003978	75	8	92	811.347
-1.570796	1.014500	0.906702	73	3	98	811.165
-2.356194	0.619654	-2.216909	13	3	29	810.938
-3.141593	2.295480	1.008277	81	98	77	810.929
1.308997	0.899350	-2.069907	12	15	96	810.831
0.000000	1.741644	-2.695914	11	73	1	810.828
1.832596	1.134497	-1.109631	22	3	22	810.694
-0.261799	1.301460	-0.509251	77	85	2	810.572
-1.308997	1.045978	0.343692	9	85	88	810.564
2.879793	1.909857	-0.381669	24	8	3	810.495
-2.356194	0.899350	-2.069907	13	72	92	810.307
2.356194	1.909857	-0.381669	79	79	94	810.306
0.000000	1.555207	1.708892	24	99	5	810.199
1.570796	2.108018	1.311430	13	75	97	810.197
-0.261799	0.992645	-1.723759	93	99	82	810.126
2.879793	2.187132	-0.479875	23	8	1	810.023
-1.832596	0.619654	-2.216909	87	76	5	809.979
-3.141593	1.128190	-2.288622	95	70	91	809.896
-2.879793	0.866955	-0.931351	7	18	26	809.867
2.356194	2.349581	-2.702517	74	86	92	809.827
-2.094395	2.089241	-0.114193	27	1	12	809.724
2.617994	1.998705	2.370472	92	25	97	809.551
-0.785398	1.875281	0.107086	76	84	90	809.529
-3.141593	2.108018	1.311430	5	21	90	809.463
-0.785398	1.662363	0.915448	77	85	87	809.320
-2.356194	1.113094	-0.272241	7	20	25	809.092
0.000000	1.417623	-0.202254	96	69	91	809.076
-2.617994	0.992645	-1.723759	12	71	94	809.048
1.832596	0.960688	-0.577532	24	2	21	809.042
1.570796	1.413347	-1.339188	27	12	19	809.001
1.570796	2.881233	-2.582574	78	94	97	808.808
1.832596	0.864993	2.278281	29	14	12	808.806
-1.570796	1.741644	-2.695914	75	93	83	808.771
2.094395	2.719179	-1.780644	0	82	96	808.764
-1.308997	1.374601	-2.456031	77	82	88	808.752
-2.879793	1.506530	1.988858	87	77	85	808.698
-2.617994	2.251330	-2.330739	15	6	20	808.651
1.570796	1.256302	0.062705	80	84	83	808.620
2.094395	1.554776	0.100351	85	7	1	808.596
2.356194	0.640596	-2.797608	17	20	22	808.531
2.094395	0.850607	-1.335383	77	83	96	808.495
0.261799	0.571433	-1.188419	12	98	29	808.490
-0.785398	1.168678	2.108595	84	19	6	808.289
1.047198	0.910508	1.903534	26	5	18	808.114
1.832596	0.850607	-1.335383	84	79	86	808.081
2.356194	2.979456	-1.009304	98	80	13	808.078
0.523599	0.419640	2.974122	17	93	25	808.040
0.000000	0.762244	-0.273349	80	80	97	808.023
-1.570796	2.579248	-2.364801	78	89	81	807.945
0.785398	1.413430	2.550734	79	90	87	807.846
-2.094395	1.128190	-2.288622	76	94	13	807.750
1.832596	1.599406	1.426070	30	9	8	807.739
-0.261799	1.766067	2.153843	85	76	89	807.611
0.261799	0.290380	-0.796960	2	86	84	807.339
0.523599	0.700570	1.559208	9	70	97	807.319
2.617994	1.050534	3.042579	9	89	7	807.316
0.000000	0.419640	2.974122	17	99	24	807.192
-3.141593	1.134497	-1.109631	7	5	29	807.179
-2.617994	2.164094	-2.991358	13	8	15	807.146
-0.785398	2.592629	0.909713	76	92	81	807.107
-0.261799	0.290380	-0.796960	10	2	30	807.101
1.308997	1.335669	0.897240	26	4	2	806.804
-1.570796	1.658653	-2.409879	74	91	86	806.760
-1.832596	1.413430	2.550734	74	89	97	806.642
2.617994	2.356369	3.005869	93	23	93	806.484
0.785398	1.506530	1.988858	26	0	8	806.441
-1.047198	1.448123	-2.163292	90	72	93	806.426
-0.261799	1.699788	2.452890	0	72	82	806.268
-0.523599	0.619654	-2.216909	10	99	28	806.184
0.523599	0.899350	-2.069907	17	85	20	806.166
-2.879793	1.391910	3.030322	13	2	13	806.149
1.832596	1.836682	-0.676006	27	3	10	805.804
1.832596	0.591903	2.010408	28	11	18	805.629
-1.832596	2.404280	-0.174044	3	84	87	805.605
2.879793	1.869911	2.701025	6	0	18	805.554
1.832596	0.496451	0.593859	26	7	18	805.472
-1.570796	1.846342	-1.796954	22	6	22	805.409
-2.617994	1.504028	0.636812	96	25	96	805.367
-2.356194	1.756530	-2.105156	10	1	98	805.352
1.047198	0.866955	-0.931351	79	86	88	805.340
-2.617994	0.615174	-0.666022	17	25	16	805.294
2.617994	2.588535	-2.976617	92	21	91	805.276
2.879793	2.356369	3.005869	89	22	94	805.158
-0.785398	0.700570	1.559208	92	72	6	804.863
-2.356194	0.866395	-2.492918	9	4	30	804.728
-2.617994	0.866955	-0.931351	17	25	16	804.720
-1.308997	1.391910	3.030322	75	90	83	804.683
2.356194	0.418037	1.360082	24	12	23	804.680
-2.879793	0.762244	-0.273349	89	99	84	804.614
0.261799	0.866395	-2.492918	16	99	27	804.607
0.523599	1.310100	1.488307	25	95	7	804.553
-2.356194	0.458961	-0.107937	6	74	98	804.549
1.047198	1.982574	-1.115518	98	23	7	804.459
1.047198	1.510910	-0.740472	7	70	94	804.440
2.094395	0.591903	2.010408	79	1	84	804.377
0.523599	0.496451	0.593859	7	74	5	803.950
-2.356194	1.256302	0.062705	92	26	98	803.939
-0.523599	2.187132	-0.479875	78	85	85	803.847
1.832596	1.433411	-1.035986	25	3	17	803.817
1.570796	2.063651	-2.044600	93	81	4	803.750
-1.308997	1.417623	-0.202254	77	10	92	803.672
2.617994	2.704512	1.488683	15	12	89	803.637
1.308997	1.218453	2.777284	91	81	86	803.576
-3.141593	0.297065	2.160177	77	97	9	803.469
-0.261799	1.242974	-2.977882	98	69	92	803.217
1.047198	1.869911	2.701025	27	2	3	802.928
2.879793	1.168678	2.108595	89	26	7	802.921
1.308997	2.108018	1.311430	4	72	93	802.902
-0.785398	1.135813	-2.658866	81	79	89	802.896
-0.785398	1.014500	0.906702	85	74	93	802.779
-1.832596	2.393226	1.857173	92	84	74	802.761
0.261799	1.510910	-0.740472	94	71	88	802.622
-1.570796	1.662363	0.915448	75	6	88	802.591
0.000000	1.194549	-0.801900	89	72	94	802.559
-2.094395	1.135834	-1.431087	22	95	94	802.526
1.047198	0.379747	-1.713059	92	86	78	802.476
-2.356194	1.554776	0.100351	92	24	94	802.442
0.785398	2.760637	2.781135	16	90	79	802.205
1.832596	1.413347	-1.339188	25	17	19	802.007
2.617994	2.455966	-0.641220	88	92	91	802.003
-1.570796	1.134497	-1.109631	2	74	98	801.982
-1.570796	1.335669	0.897240	9	84	91	801.837
-0.261799	1.696674	-1.253233	97	69	95	801.479
0.261799	0.992645	-1.723759	83	80	0	801.387
1.570796	0.458961	-0.107937	22	0	9	801.230
-2.617994	1.417623	-0.202254	9	69	97	801.160
2.094395	1.846342	-1.796954	24	15	11	800.940
2.356194	0.866955	-0.931351	22	7	24	800.630
-1.308997	2.704512	1.488683	4	85	13	800.629
-3.141593	1.875281	0.107086	18	7	94	800.557
1.832596	1.135834	-1.431087	23	16	22	800.506
2.879793	0.700570	1.559208	15	78	96	800.366
1.570796	0.418037	1.360082	22	9	21	800.279
2.617994	1.134796	2.434290	13	27	10	800.187
-1.832596	0.866395	-2.492918	79	81	96	799.999
-0.261799	1.325504	-1.671296	6	70	1	799.861
1.570796	2.174483	2.653697	91	77	92	799.846
-1.570796	1.440580	2.260026	74	1	84	799.777
0.523599	1.504028	0.636812	3	69	0	799.775
0.523599	2.104282	-0.813972	83	80	89	799.447
-1.047198	2.979456	-1.009304	81	84	82	799.391
2.356194	1.135813	-2.658866	97	79	7	799.204
0.785398	1.617114	-1.572037	99	71	91	798.991
-1.308997	1.948085	-2.363031	77	87	89	798.921
1.832596	2.108018	1.311430	75	83	97	798.883
-1.832596	2.187132	-0.479875	0	79	6	798.662
-3.141593	1.599406	1.426070	3	24	94	798.605
2.879793	1.756530	-2.105156	83	80	14	798.556
0.785398	2.153910	-1.714959	16	77	6	798.479
0.785398	1.766067	2.153843	89	77	86	798.367
1.047198	1.413347	-1.339188	3	70	97	798.215
0.261799	2.588535	-2.976617	20	3	94	798.190
0.523599	2.247462	0.191623	97	71	91	798.096
-1.047198	0.379747	-1.713059	96	83	82	798.013
-2.094395	2.881233	-2.582574	86	77	89	798.006
0.523599	2.592629	0.909713	83	86	79	797.996
0.523599	1.756530	-2.105156	79	1	0	797.966
-0.261799	0.961715	0.014085	79	81	92	797.963
1.308997	2.588535	-2.976617	79	92	92	797.954
-2.356194	1.948085	-2.363031	77	88	86	797.886
-2.356194	2.592629	0.909713	92	85	8	797.745
2.356194	2.579248	-2.364801	6	19	89	797.631
1.047198	2.115563	0.685730	9	79	76	797.624
1.832596	0.914445	2.687814	24	9	0	797.510
-1.047198	0.899350	-2.069907	93	72	94	797.503
1.832596	2.587733	0.232235	87	87	78	797.463
-0.785398	1.869911	2.701025	79	84	82	797.396
-1.047198	0.290380	-0.796960	89	95	85	797.323
2.094395	2.587733	0.232235	10	87	73	797.246
-2.879793	2.724429	-0.348782	25	7	5	797.226
1.832596	2.704512	1.488683	72	93	4	797.126
-2.356194	1.977582	0.969896	94	27	97	797.000
0.261799	1.756530	-2.105156	15	74	96	796.973
2.094395	0.992645	-1.723759	75	85	0	796.962
-3.141593	0.571433	-1.188419	19	1	1	796.872
1.570796	1.545873	-1.877082	88	81	97	796.648
-1.570796	1.214854	-1.966664	73	93	5	796.237
-1.832596	0.591903	2.010408	82	80	9	796.200
1.308997	1.875281	0.107086	12	78	83	796.134
2.617994	0.297065	2.160177	85	87	74	796.056
2.617994	0.700570	1.559208	12	76	95	795.997
-1.570796	1.836682	-0.676006	84	22	99	795.966
0.000000	1.870545	-2.976234	9	71	91	795.880
0.523599	0.571433	-1.188419	14	99	28	795.859
2.617994	2.063651	-2.044600	0	74	11	795.840
-2.356194	1.218453	2.777284	73	96	4	795.826
-2.094395	1.555207	1.708892	10	74	89	795.793
-1.308997	1.872854	1.543456	25	2	1	795.718
0.000000	1.113094	-0.272241	83	81	88	795.575
-2.356194	1.812176	0.656819	3	77	90	795.529
-3.141593	1.242974	-2.977882	82	77	90	795.122
-2.356194	1.391910	3.030322	74	6	95	794.936
1.832596	1.869911	2.701025	90	99	22	794.771
0.785398	2.588535	-2.976617	27	5	4	794.751
-2.879793	2.115563	0.685730	87	89	99	794.649
2.879793	2.343981	-1.040456	76	1	98	794.613
-2.617994	2.979456	-1.009304	8	86	1	794.424
-1.832596	2.299159	2.264663	86	78	91	794.410
-3.141593	1.413430	2.550734	98	29	3	794.328
1.308997	2.863997	0.549740	74	92	7	794.321
-0.261799	0.914445	2.687814	79	79	97	794.255
-3.141593	2.343981	-1.040456	75	97	0	794.150
-0.523599	1.574060	2.783565	6	70	93	793.832
2.879793	0.290380	-0.796960	2	3	31	793.772
2.879793	2.863997	0.549740	17	9	91	793.755
2.356194	0.864993	2.278281	78	82	82	793.705
1.308997	1.982574	-1.115518	9	72	93	793.607
-1.047198	1.113094	-0.272241	99	26	98	793.535
1.832596	2.089241	-0.114193	94	71	94	793.521
-1.570796	2.033014	2.977192	1	13	87	793.275
-2.879793	0.685216	-1.712745	19	0	4	793.271
-1.832596	0.733948	3.021411	18	95	6	793.252
0.785398	0.899350	-2.069907	10	98	29	793.231
2.879793	1.247695	1.809890	91	70	91	793.060
2.094395	2.180315	-1.357379	25	13	6	793.004
0.261799	0.910508	1.903534	8	71	98	792.986
0.000000	1.554776	0.100351	81	81	89	792.817
0.000000	0.929350	-2.910676	16	95	25	792.782
1.047198	1.184361	0.625864	97	72	92	792.625
0.785398	2.187132	-0.479875	84	85	81	792.516
1.308997	1.168678	2.108595	28	6	16	792.477
2.879793	1.574060	2.783565	81	79	87	792.349
1.832596	2.138223	1.678323	74	86	1	792.245
0.000000	0.700570	1.559208	2	69	95	792.231
0.523599	2.760637	2.781135	4	91	19	792.120
-0.523599	0.418037	1.360082	88	86	22	792.109
1.047198	2.592629	0.909713	9	73	95	791.947
-0.523599	0.960688	-0.577532	83	75	97	791.904
1.832596	1.756530	-2.105156	26	18	7	791.901
2.617994	1.310100	1.488307	94	27	0	791.881
0.785398	1.214854	-1.966664	97	73	0	791.705
-1.832596	0.685216	-1.712745	83	80	97	791.455
1.570796	0.674054	1.013609	12	73	2	791.306
2.879793	2.033014	2.977192	90	24	95	791.234
0.000000	2.407836	1.410646	80	85	80	791.229
1.832596	1.135813	-2.658866	25	18	16	791.112
-2.879793	2.587733	0.232235	2	73	9	791.093
1.047198	2.104282	-0.813972	81	86	15	790.975
0.261799	2.343981	-1.040456	93	72	97	790.916
2.094395	0.619654	-2.216909	73	90	94	790.762
0.000000	0.866395	-2.492918	15	97	27	790.754
-2.356194	1.374601	-2.456031	77	84	96	790.479
2.617994	1.658653	-2.409879	0	24	91	790.465
2.617994	2.073035	2.027405	18	7	91	790.418
-0.785398	0.203748	0.590255	8	86	85	790.258
-1.047198	0.619654	-2.216909	92	73	1	790.231
-1.570796	2.089241	-0.114193	90	22	95	790.160
-1.308997	2.404280	-0.174044	16	16	26	789.948
2.617994	1.756530	-2.105156	80	83	13	789.894
1.047198	0.571433	-1.188419	16	0	28	789.696
2.879793	0.831641	0.616218	19	25	10	789.516
1.832596	1.050534	3.042579	1	82	92	789.512
0.523599	1.948085	-2.363031	86	89	93	789.437
-2.356194	1.606104	-0.451151	86	24	15	789.378
-0.261799	0.866395	-2.492918	87	6	92	789.346
2.617994	1.025536	1.576859	94	27	5	789.298
1.047198	1.413430	2.550734	27	2	9	789.298
0.523599	2.174483	2.653697	17	4	92	789.291
0.785398	2.174483	2.653697	15	5	88	789.183
-0.523599	2.592629	0.909713	77	89	81	789.133
-2.879793	0.418037	1.360082	18	83	94	788.868
2.094395	0.899350	-2.069907	16	21	23	788.740
-3.141593	2.979456	-1.009304	94	27	7	788.738
1.047198	1.218453	2.777284	20	13	95	788.705
-1.308997	2.033014	2.977192	82	77	95	788.534
0.785398	1.194549	-0.801900	12	8	28	788.422
-2.879793	1.545873	-1.877082	0	68	91	788.328
-2.356194	2.664082	-1.071402	86	21	92	788.299
0.785398	2.138223	1.678323	92	74	88	788.245
0.261799	1.391910	3.030322	15	76	2	788.174
2.094395	2.164094	-2.991358	73	88	88	788.163
-1.832596	1.699788	2.452890	77	2	79	788.044
0.000000	2.863997	0.549740	94	22	95	788.023
-1.047198	1.977582	0.969896	72	94	89	787.918
1.570796	0.850607	-1.335383	21	11	26	787.918
-2.879793	1.135813	-2.658866	7	9	29	787.911
-2.356194	0.591903	2.010408	92	26	4	787.873
2.356194	1.617114	-1.572037	23	21	12	787.858
2.356194	0.899350	-2.069907	12	23	21	787.692
2.356194	1.014500	0.906702	17	3	91	787.589
1.832596	1.413430	2.550734	14	5	86	787.470
0.785398	1.599406	1.426070	93	72	93	787.422
1.047198	2.343981	-1.040456	28	4	5	787.417
2.094395	1.741644	-2.695914	14	17	22	787.350
1.308997	1.413347	-1.339188	8	72	97	787.162
0.785398	0.458961	-0.107937	97	73	2	787.130
-0.261799	1.218453	2.777284	94	71	4	787.113
0.000000	1.982574	-1.115518	7	70	97	786.999
0.261799	1.194549	-0.801900	93	71	94	786.998
1.047198	1.998705	2.370472	23	99	96	786.982
1.570796	0.379747	-1.713059	74	90	92	786.974
-2.356194	2.033014	2.977192	74	2	89	786.821
2.356194	1.433411	-1.035986	86	74	91	786.770
-0.261799	1.214854	-1.966664	4	70	0	786.682
-0.523599	0.615174	-0.666022	75	1	99	786.639
2.617994	0.914445	2.687814	82	80	81	786.578
0.785398	1.554776	0.100351	4	72	4	786.551
1.047198	2.863997	0.549740	74	95	8	786.502
-3.141593	1.766067	2.153843	3	28	0	786.352
1.570796	2.001437	0.381215	72	4	0	786.146
1.047198	1.732874	-0.951685	1	21	5	786.127
-2.879793	1.488617	1.159546	99	26	96	786.109
-2.094395	2.588535	-2.976617	76	96	82	786.021
-1.308997	1.606104	-0.451151	13	82	9	786.013
-1.047198	1.766067	2.153843	75	88	86	785.998
2.094395	1.982574	-1.115518	26	17	4	785.961
0.785398	0.370812	-2.547742	87	92	96	785.939
-0.785398	0.571433	-1.188419	90	98	83	785.904
0.785398	1.696674	-1.253233	13	93	27	785.669
2.094395	1.812176	0.656819	89	72	92	785.653
0.523599	0.379747	-1.713059	8	7	30	785.652
2.617994	1.569311	-3.003978	3	85	11	785.281
2.094395	2.379497	0.561089	24	97	13	785.249
2.356194	2.455966	-0.641220	22	16	98	785.191
-1.047198	0.992645	-1.723759	85	81	17	785.161
-1.047198	2.174483	2.653697	92	71	96	785.080
2.356194	2.041297	-2.664597	3	18	85	785.059
-3.141593	2.041297	-2.664597	86	21	90	785.026
-0.523599	0.733948	3.021411	94	72	0	784.967
-0.261799	2.295480	1.008277	78	85	84	784.966
1.308997	1.195355	1.200319	28	7	5	784.889
1.832596	1.367556	0.358405	28	9	5	784.783
-3.141593	1.606104	-0.451151	82	95	94	784.776
1.570796	1.872854	1.543456	24	9	95	784.638
0.000000	0.615174	-0.666022	87	0	75	784.576
-2.094395	1.134796	2.434290	74	99	3	784.569
2.356194	1.662363	0.915448	16	99	84	784.564
2.879793	0.929350	-2.910676	79	86	81	784.549
-1.308997	0.831641	0.616218	74	1	1	784.520
-0.785398	0.910508	1.903534	73	91	5	784.500
-2.356194	1.732874	-0.951685	87	78	3	784.302
-1.047198	2.588535	-2.976617	87	76	88	784.259
0.000000	2.478122	2.609777	23	4	99	784.240
2.094395	0.929350	-2.910676	1	82	0	784.179
-1.570796	2.724429	-0.348782	14	7	91	784.174
2.879793	2.063651	-2.044600	77	82	93	784.163
-2.356194	0.618092	2.539118	13	94	6	784.128
2.356194	1.869911	2.701025	18	6	91	784.116
0.523599	2.478122	2.609777	15	7	91	784.113
-2.617994	2.187132	-0.479875	90	84	97	784.081
-1.832596	1.846342	-1.796954	84	77	93	783.766
2.879793	2.115563	0.685730	88	75	93	783.638
-1.047198	2.356369	3.005869	92	74	95	783.565
0.523599	0.615174	-0.666022	96	72	99	783.503
-1.047198	0.831641	0.616218	75	92	89	783.463
2.094395	1.569311	-3.003978	79	79	90	783.418
-2.094395	1.194549	-0.801900	95	75	1	783.384
2.356194	1.696674	-1.253233	83	76	91	783.093
-0.261799	1.391910	3.030322	5	69	96	783.020
2.879793	1.846342	-1.796954	2	68	2	782.971
1.047198	2.187132	-0.479875	79	85	13	782.936
-0.523599	1.242974	-2.977882	80	79	90	782.718
-1.570796	1.875281	0.107086	91	22	93	782.516
-2.879793	0.906588	1.252948	99	71	87	782.235
0.523599	1.721184	-0.153948	0	71	5	782.158
0.785398	1.721184	-0.153948	97	18	4	782.141
1.570796	1.554776	0.100351	78	83	86	782.137
-3.141593	1.909857	-0.381669	83	95	95	782.115
0.523599	2.704512	1.488683	91	79	8	781.959
2.094395	0.762244	-0.273349	10	95	29	781.809
0.261799	1.135834	-1.431087	83	79	96	781.682
-2.094395	2.343981	-1.040456	96	75	6	781.674
-2.356194	0.762244	-0.273349	20	1	90	781.642
-2.356194	2.063651	-2.044600	12	0	1	781.566
-1.570796	0.992645	-1.723759	21	4	92	781.551
0.000000	2.592629	0.909713	87	77	83	781.395
0.261799	0.418037	1.360082	15	98	94	781.381
-2.879793	0.831641	0.616218	86	92	0	781.363
1.832596	1.809167	1.213774	16	78	2	781.318
-2.094395	0.864993	2.278281	80	82	8	781.288
2.879793	1.440580	2.260026	24	11	2	781.247
2.879793	0.591903	2.010408	17	21	22	781.065
