112	1.2	0
-2.356194	2.174483	2.653697
1.199606	0.079019	-0.852426
../1vb4_monomer_m.pdb	17.234	27.542	-66.724
../1vb4_monomer_m.pdb	4.190	58.220	44.328
-1.570796	1.721184	-0.153948	12	89	108	1159.926
1.308997	1.741644	-2.695914	2	91	103	1151.211
1.832596	1.374601	-2.456031	1	90	100	1148.162
1.570796	1.510910	-0.740472	106	94	98	1142.958
-2.879793	2.588535	-2.976617	96	103	93	1132.260
-2.879793	1.194549	-0.801900	23	15	6	1131.337
0.000000	1.218453	2.777284	1	99	92	1129.912
-1.570796	1.014500	0.906702	109	98	93	1121.877
1.308997	2.033014	2.977192	111	91	105	1118.631
-2.356194	0.618092	2.539118	108	92	110	1116.325
-0.261799	2.299159	2.264663	103	8	23	1108.396
-0.785398	1.194549	-0.801900	25	96	103	1104.514
-0.261799	2.719179	-1.780644	11	10	97	1100.550
-1.570796	2.455966	-0.641220	0	100	89	1095.281
2.094395	2.478122	2.609777	96	108	90	1094.590
-2.094395	1.662363	0.915448	102	105	87	1087.080
1.570796	0.640596	-2.797608	1	91	93	1085.719
-2.356194	2.041297	-2.664597	27	6	111	1084.389
-2.094395	1.809167	1.213774	101	101	89	1083.016
-1.570796	2.089241	-0.114193	11	89	109	1082.363
-1.047198	1.433411	-1.035986	104	99	90	1079.813
1.570796	1.658653	-2.409879	94	97	90	1077.735
2.356194	2.478122	2.609777	97	106	90	1075.687
-0.261799	1.982574	-1.115518	14	13	96	1074.583
-1.047198	0.762244	-0.273349	92	92	106	1071.782
-1.047198	2.393226	1.857173	108	6	25	1069.553
1.308997	2.164094	-2.991358	109	91	104	1066.775
-1.047198	1.606104	-0.451151	9	91	105	1059.477
2.617994	0.615174	-0.666022	2	4	87	1056.489
-1.570796	1.194549	-0.801900	110	92	92	1053.751
-0.523599	1.134497	-1.109631	24	99	100	1052.677
1.047198	1.214854	-1.966664	2	96	95	1046.601
-2.879793	2.174483	2.653697	105	107	87	1046.113
-2.356194	2.295480	1.008277	107	100	88	1044.692
-0.785398	2.393226	1.857173	107	7	25	1043.321
1.832596	2.588535	-2.976617	109	88	110	1040.926
2.879793	2.760637	2.781135	97	102	91	1039.614
-2.356194	2.104282	-0.813972	101	88	101	1038.252
-1.308997	0.762244	-0.273349	9	90	102	1035.520
-1.832596	1.606104	-0.451151	109	94	93	1035.289
-2.094395	1.836682	-0.676006	103	89	99	1034.001
0.523599	1.448123	-2.163292	98	99	92	1032.631
1.308997	1.870545	-2.976234	110	91	104	1032.212
0.000000	1.756530	-2.105156	111	107	21	1031.532
2.617994	2.478122	2.609777	100	104	90	1030.967
-0.261799	2.164094	-2.991358	1	1	90	1030.823
0.000000	1.391910	3.030322	6	102	92	1029.680
-2.879793	0.866955	-0.931351	24	13	12	1029.146
1.308997	1.450119	-2.739050	2	91	103	1028.667
-1.308997	2.393226	1.857173	109	4	24	1028.031
-1.832596	2.704512	1.488683	10	92	98	1027.898
-1.570796	0.960688	-0.577532	105	93	92	1026.836
1.570796	1.433411	-1.035986	7	90	110	1017.037
-2.617994	2.115563	0.685730	108	104	86	1013.949
-1.308997	1.721184	-0.153948	108	92	100	1011.666
-1.308997	1.194549	-0.801900	4	95	91	1010.010
1.047198	1.417623	-0.202254	110	94	92	1008.819
-1.308997	2.073035	2.027405	2	90	98	1008.554
-2.617994	0.419640	2.974122	107	92	110	1007.845
-3.141593	2.299159	2.264663	26	4	7	1007.677
-0.261799	1.135834	-1.431087	105	100	89	1006.065
-1.308997	1.301460	-0.509251	3	96	91	1002.372
0.261799	2.379497	0.561089	95	97	108	1001.931
-1.047198	1.417623	-0.202254	110	90	105	1001.844
-2.617994	2.174483	2.653697	106	107	87	1001.152
-0.523599	2.174483	2.653697	110	3	88	1000.428
2.094395	2.588535	-2.976617	11	88	111	999.811
1.308997	1.569311	-3.003978	111	92	101	998.794
-1.308997	1.256302	0.062705	23	93	105	998.341
2.356194	1.696674	-1.253233	107	90	102	996.964
1.047198	2.356369	3.005869	108	91	104	995.960
1.308997	2.588535	-2.976617	104	93	98	995.780
0.523599	1.168678	2.108595	30	110	8	995.464
-2.094395	2.108018	1.311430	101	100	88	992.076
-1.832596	1.809167	1.213774	103	100	88	990.665
2.094395	1.982574	-1.115518	105	93	103	989.601
1.570796	1.741644	-2.695914	6	91	103	988.439
-1.308997	2.407836	1.410646	109	1	25	986.589
0.785398	0.458961	-0.107937	20	16	107	986.012
-1.570796	2.393226	1.857173	110	4	24	983.834
1.832596	2.041297	-2.664597	109	88	106	983.449
1.047198	1.870545	-2.976234	5	88	1	981.309
1.047198	2.033014	2.977192	107	91	109	981.068
0.523599	0.709924	0.218797	21	16	0	980.098
0.261799	0.709924	0.218797	23	17	2	977.613
2.094395	2.063651	-2.044600	97	96	92	975.963
-0.523599	0.290380	-0.796960	7	93	93	975.954
2.617994	2.760637	2.781135	97	104	92	972.760
-1.308997	1.836682	-0.676006	106	98	91	972.664
-0.785398	1.721184	-0.153948	29	101	107	972.615
-2.356194	2.579248	-2.364801	94	102	96	972.426
1.308997	2.881233	-2.582574	107	92	93	971.397
1.308997	1.374601	-2.456031	91	99	89	970.596
2.356194	0.762244	-0.273349	111	3	87	969.848
-2.617994	2.349581	-2.702517	95	104	94	969.721
0.000000	2.104282	-0.813972	14	14	98	969.585
-1.570796	2.396274	-1.959260	27	10	0	968.797
-0.785398	0.960688	-0.577532	93	92	101	967.921
-1.570796	0.674054	1.013609	108	97	94	967.408
2.879793	2.456751	-1.503343	98	90	100	967.183
2.356194	2.089241	-0.114193	110	97	92	963.760
1.047198	0.370812	-2.547742	5	91	96	961.472
-2.879793	2.343981	-1.040456	99	90	99	960.404
2.356194	0.379747	-1.713059	16	13	98	960.391
1.047198	0.866395	-2.492918	99	99	84	959.224
-0.785398	1.433411	-1.035986	106	100	89	959.021
1.308997	1.194549	-0.801900	106	92	101	959.018
-2.094395	1.510910	-0.740472	15	19	1	958.727
0.261799	1.756530	-2.105156	0	106	21	957.990
-0.523599	2.379497	0.561089	13	13	102	957.646
-1.047198	0.866955	-0.931351	0	94	91	956.432
-2.617994	2.664082	-1.071402	99	89	106	956.041
2.094395	2.299159	2.264663	104	105	89	955.683
0.785398	1.247695	1.809890	1	93	95	955.663
0.785398	0.619654	-2.216909	98	96	91	955.391
-0.523599	2.349581	-2.702517	2	0	91	954.128
1.308997	0.899350	-2.069907	4	94	97	953.824
-1.308997	2.187132	-0.479875	110	97	92	953.345
-1.308997	2.719179	-1.780644	26	12	4	953.137
1.047198	1.555207	1.708892	4	95	92	952.777
1.832596	1.948085	-2.363031	92	95	93	952.630
0.261799	0.685216	-1.712745	109	103	82	952.457
-2.879793	0.914445	2.687814	102	94	2	952.395
-1.832596	1.836682	-0.676006	4	92	95	951.687
-1.570796	1.836682	-0.676006	104	99	91	951.106
1.047198	0.619654	-2.216909	2	95	90	950.576
-1.570796	2.407836	1.410646	110	3	26	950.553
1.832596	2.299159	2.264663	99	108	88	950.509
-2.094395	2.251330	-2.330739	27	7	111	950.092
-1.308997	0.960688	-0.577532	108	94	92	949.825
-2.094395	2.104282	-0.813972	104	89	100	949.749
-0.523599	1.662363	0.915448	108	9	23	949.678
-0.523599	2.299159	2.264663	106	6	22	948.365
1.308997	2.356369	3.005869	111	91	105	947.994
-1.832596	2.579248	-2.364801	26	11	2	947.938
1.570796	1.450119	-2.739050	5	90	103	947.692
-0.523599	2.073035	2.027405	107	10	24	947.269
0.261799	2.719179	-1.780644	11	15	101	946.885
-2.879793	1.870545	-2.976234	1	87	98	946.686
1.047198	0.762244	-0.273349	15	88	0	945.861
1.570796	1.448123	-2.163292	98	103	84	945.488
-1.308997	1.417623	-0.202254	106	91	107	945.368
1.570796	2.356369	3.005869	2	89	108	945.221
2.356194	2.396274	-1.959260	97	91	100	944.739
-2.094395	2.343981	-1.040456	6	89	101	944.206
-0.785398	0.290380	-0.796960	16	91	96	942.277
2.617994	1.325504	-1.671296	2	7	89	942.076
0.261799	0.458961	-0.107937	95	95	100	939.950
0.000000	1.982574	-1.115518	11	13	94	938.003
1.570796	1.836682	-0.676006	102	95	96	937.116
1.832596	2.356369	3.005869	10	88	111	936.850
1.047198	1.247695	1.809890	31	5	4	936.436
-1.308997	0.831641	0.616218	109	100	91	935.246
0.523599	1.135813	-2.658866	97	100	89	935.057
-0.785398	1.413347	-1.339188	6	101	88	934.927
0.523599	0.899350	-2.069907	99	103	84	934.632
-0.261799	2.343981	-1.040456	15	14	100	934.378
-0.261799	2.104282	-0.813972	16	13	99	934.170
0.523599	0.458961	-0.107937	106	88	110	934.057
0.261799	0.379747	-1.713059	101	95	91	933.842
0.261799	0.992645	-1.723759	1	107	83	932.431
-1.832596	1.510910	-0.740472	110	92	92	932.368
-1.832596	1.417623	-0.202254	106	93	94	931.895
-1.308997	1.195355	1.200319	106	98	91	931.698
0.785398	1.256302	0.062705	110	93	93	931.459
-1.570796	0.591903	2.010408	0	90	107	931.076
2.356194	2.349581	-2.702517	12	88	107	931.072
1.570796	0.290380	-0.796960	19	14	104	930.409
2.094395	2.881233	-2.582574	1	89	106	929.868
-2.879793	1.433411	-1.035986	23	15	6	928.805
1.308997	1.417623	-0.202254	0	95	92	928.653
1.047198	1.128190	-2.288622	98	103	84	927.973
-0.523599	2.664082	-1.071402	25	14	5	927.752
-1.047198	1.194549	-0.801900	91	98	96	927.106
-2.094395	1.909857	-0.381669	104	93	95	926.679
1.047198	0.899350	-2.069907	108	103	82	926.358
-0.523599	1.875281	0.107086	18	93	100	924.315
1.832596	1.741644	-2.695914	111	88	104	924.211
-1.308997	1.134497	-1.109631	103	96	90	924.120
-1.832596	0.297065	2.160177	109	91	105	924.011
-2.879793	2.180315	-1.357379	103	91	94	923.796
0.261799	2.587733	0.232235	100	95	108	923.255
-1.832596	1.504028	0.636812	19	89	111	923.205
-1.570796	1.367556	0.358405	104	92	0	923.190
1.570796	1.168678	2.108595	101	109	18	920.818
0.523599	1.736875	3.023612	110	104	90	920.791
-1.308997	1.335669	0.897240	107	102	89	920.743
1.832596	1.756530	-2.105156	98	98	89	920.665
1.308997	1.301460	-0.509251	110	92	97	920.468
-2.617994	2.164094	-2.991358	28	6	5	918.927
2.356194	0.685216	-1.712745	13	11	96	917.282
1.308997	1.510910	-0.740472	102	94	98	917.246
-1.570796	2.404280	-0.174044	109	93	98	917.137
1.308997	1.242974	-2.977882	1	91	101	917.098
1.832596	1.168678	2.108595	101	109	18	916.799
-2.879793	1.134497	-1.109631	24	15	10	914.331
-2.617994	1.433411	-1.035986	21	15	6	914.141
-2.879793	1.569311	-3.003978	26	8	7	913.034
1.308997	1.756530	-2.105156	110	99	90	912.748
1.570796	1.128190	-2.288622	5	92	100	912.276
1.308997	2.760637	2.781135	109	89	1	911.425
-1.570796	0.961715	0.014085	10	89	102	911.265
-1.047198	0.960688	-0.577532	91	95	101	910.266
1.047198	1.113094	-0.272241	0	92	96	909.991
1.570796	2.455966	-0.641220	107	92	94	909.974
1.832596	1.836682	-0.676006	103	96	96	909.378
1.570796	2.164094	-2.991358	0	91	103	908.788
1.570796	1.569311	-3.003978	102	89	102	908.347
2.617994	2.396274	-1.959260	98	92	95	908.345
-1.047198	1.113094	-0.272241	94	92	100	908.187
0.785398	1.168678	2.108595	30	2	8	907.601
-1.047198	1.301460	-0.509251	109	91	105	907.425
-2.617994	2.704512	1.488683	102	92	101	906.835
-2.356194	2.343981	-1.040456	105	89	99	905.880
0.261799	0.640596	-2.797608	97	95	93	905.377
1.047198	1.569311	-3.003978	107	90	108	904.744
-2.617994	2.343981	-1.040456	102	89	100	904.698
-1.308997	1.506530	1.988858	105	88	106	904.414
0.785398	1.025536	1.576859	0	90	98	904.021
1.570796	1.909857	-0.381669	9	95	92	903.985
0.785398	0.899350	-2.069907	97	99	89	903.819
0.261799	1.721184	-0.153948	25	16	9	903.765
-0.523599	0.496451	0.593859	97	97	96	901.513
-0.261799	2.592629	0.909713	17	13	104	901.371
-1.570796	1.510910	-0.740472	5	94	92	898.680
-1.832596	1.948085	-2.363031	92	96	102	898.611
-3.141593	0.080730	-2.622036	25	10	108	897.058
-1.308997	0.709924	0.218797	22	94	99	896.965
-0.261799	1.413347	-1.339188	28	105	101	896.896
-1.047198	0.615174	-0.666022	7	91	100	896.636
-1.570796	0.297065	2.160177	26	10	5	896.470
1.047198	1.721184	-0.153948	1	92	92	896.292
-1.308997	1.450119	-2.739050	96	94	100	895.939
-1.047198	1.310100	1.488307	92	92	97	895.611
-1.308997	1.510910	-0.740472	98	99	91	895.111
-1.570796	1.374601	-2.456031	94	95	104	893.835
-1.832596	1.488617	1.159546	98	102	89	893.238
-2.356194	2.349581	-2.702517	28	6	3	893.062
-1.570796	1.113094	-0.272241	106	92	95	892.488
-3.141593	1.135834	-1.431087	103	14	91	892.262
-2.879793	0.733948	3.021411	104	94	2	892.245
0.000000	0.496451	0.593859	1	87	107	892.104
0.000000	0.685216	-1.712745	105	104	81	891.591
-1.570796	1.606104	-0.451151	3	96	92	891.447
-1.308997	0.458961	-0.107937	8	90	102	891.398
-0.523599	0.685216	-1.712745	6	92	99	891.178
-1.832596	2.104282	-0.813972	7	90	100	890.848
-0.523599	2.984978	1.954446	104	91	93	890.794
0.785398	1.417623	-0.202254	22	13	5	890.789
-0.523599	1.732874	-0.951685	27	100	105	890.767
0.523599	0.929350	-2.910676	96	98	91	890.467
1.832596	1.872854	1.543456	19	101	97	890.416
1.832596	0.674054	1.013609	25	16	3	890.386
-2.879793	2.379497	0.561089	108	102	87	890.164
1.047198	1.606104	-0.451151	107	90	97	888.641
0.785398	2.664082	-1.071402	12	16	104	888.559
-1.832596	1.310100	1.488307	95	98	93	888.528
1.308997	1.909857	-0.381669	110	94	91	888.357
-3.141593	2.174483	2.653697	29	0	5	887.879
-1.047198	2.881233	-2.582574	11	10	98	887.695
1.308997	1.448123	-2.163292	93	101	88	887.646
0.000000	2.247462	0.191623	88	100	0	886.719
2.094395	2.637879	2.121598	101	101	92	885.822
2.094395	2.349581	-2.702517	111	87	105	885.428
-2.356194	1.977582	0.969896	102	104	86	885.403
-3.141593	2.180315	-1.357379	99	90	96	884.674
1.832596	2.180315	-1.357379	0	92	111	883.335
2.356194	2.588535	-2.976617	15	88	111	883.312
2.879793	0.619654	-2.216909	14	10	93	883.270
-2.879793	0.992645	-1.723759	8	3	87	883.212
1.308997	1.836682	-0.676006	9	90	96	882.972
1.047198	2.664082	-1.071402	9	89	95	882.134
-1.570796	1.301460	-0.509251	3	93	93	882.024
-1.832596	2.187132	-0.479875	104	88	109	880.902
2.356194	2.579248	-2.364801	7	88	109	880.879
-2.356194	1.836682	-0.676006	97	93	95	880.576
0.000000	1.836682	-0.676006	12	13	95	880.439
-3.141593	2.478122	2.609777	104	103	89	880.012
-1.308997	0.961715	0.014085	19	92	102	879.715
-2.356194	1.168678	2.108595	108	92	1	878.804
-2.617994	1.574060	2.783565	31	0	10	878.682
-0.785398	2.299159	2.264663	106	8	22	878.515
-3.141593	2.588535	-2.976617	98	104	92	878.236
0.261799	1.214854	-1.966664	100	97	94	877.913
-0.523599	1.433411	-1.035986	26	101	102	877.847
2.879793	0.866955	-0.931351	3	0	87	876.825
1.308997	0.762244	-0.273349	5	105	24	876.732
-0.261799	1.134497	-1.109631	26	101	101	876.411
1.308997	1.824694	1.850876	15	95	108	876.329
0.261799	1.247695	1.809890	110	7	24	876.308
2.617994	1.214854	-1.966664	7	5	91	876.151
-1.308997	2.247462	0.191623	0	93	90	875.973
1.047198	0.419640	2.974122	97	91	99	875.088
-1.832596	2.393226	1.857173	111	3	25	874.972
0.261799	1.045978	0.343692	27	8	10	874.921
-1.308997	1.113094	-0.272241	18	90	106	874.743
1.047198	0.733948	3.021411	94	93	99	874.678
-1.570796	2.104282	-0.813972	12	89	105	874.607
1.308997	1.135813	-2.658866	94	97	88	874.546
-1.308997	0.674054	1.013609	111	97	94	874.513
-0.261799	1.448123	-2.163292	22	100	102	873.589
0.523599	0.992645	-1.723759	104	100	88	873.121
0.261799	1.218453	2.777284	7	98	94	872.449
-3.141593	2.587733	0.232235	20	96	100	872.068
-1.570796	1.909857	-0.381669	13	89	106	871.886
2.094395	1.756530	-2.105156	100	95	90	871.232
2.094395	1.168678	2.108595	103	106	17	870.858
1.308997	0.733948	3.021411	97	91	98	869.516
0.000000	0.203748	0.590255	25	12	109	869.472
-1.308997	2.041297	-2.664597	105	89	100	869.270
1.047198	2.588535	-2.976617	110	91	98	869.240
-1.308997	1.732874	-0.951685	107	96	93	869.186
-1.832596	2.407836	1.410646	109	110	24	868.972
-1.570796	1.504028	0.636812	22	92	110	868.776
1.570796	2.393226	1.857173	99	102	89	868.733
0.523599	1.574060	2.783565	109	102	91	868.340
1.832596	0.929350	-2.910676	0	89	95	867.841
-1.308997	1.606104	-0.451151	104	95	94	867.737
-3.141593	2.664082	-1.071402	99	89	106	867.692
2.094395	2.724429	-0.348782	8	95	90	867.522
-0.523599	0.866955	-0.931351	93	91	104	867.057
0.261799	1.134796	2.434290	2	96	92	866.743
1.570796	0.929350	-2.910676	110	90	94	866.530
-1.832596	2.041297	-2.664597	94	95	98	866.461
1.570796	2.349581	-2.702517	107	95	95	865.802
-2.879793	1.374601	-2.456031	12	1	90	865.795
-2.617994	2.104282	-0.813972	96	93	96	865.716
-0.261799	0.709924	0.218797	93	97	96	865.080
2.356194	2.180315	-1.357379	110	90	106	864.781
-1.308997	1.554776	0.100351	110	90	106	864.364
1.047198	1.741644	-2.695914	100	97	93	864.315
2.617994	0.618092	2.539118	14	17	2	863.953
-2.094395	1.982574	-1.115518	5	93	93	863.865
0.785398	1.448123	-2.163292	100	99	91	863.634
-1.047198	1.554776	0.100351	27	96	109	863.558
-2.094395	2.393226	1.857173	111	3	25	863.524
1.570796	1.247695	1.809890	99	0	19	863.201
-2.094395	2.295480	1.008277	110	109	25	863.200
1.308997	1.214854	-1.966664	106	100	87	862.979
0.261799	0.571433	-1.188419	5	97	91	862.855
-0.785398	0.615174	-0.666022	9	92	99	862.579
-1.308997	1.909857	-0.381669	109	93	97	862.566
-0.523599	1.413347	-1.339188	105	102	88	862.240
-2.617994	2.033014	2.977192	32	0	9	862.222
2.094395	0.762244	-0.273349	109	3	86	862.212
-1.308997	2.299159	2.264663	111	8	24	862.165
-2.356194	1.812176	0.656819	0	108	25	861.940
-2.356194	2.164094	-2.991358	34	111	6	861.721
2.879793	1.448123	-2.163292	8	4	91	861.339
2.879793	2.299159	2.264663	28	0	8	860.858
2.356194	1.836682	-0.676006	96	97	95	860.664
0.785398	1.658653	-2.409879	97	98	93	860.306
-0.523599	0.615174	-0.666022	95	90	108	860.062
1.308997	0.929350	-2.910676	99	92	95	859.783
-1.832596	2.984978	1.954446	106	92	92	859.717
1.308997	0.615174	-0.666022	17	15	104	858.945
-0.785398	2.089241	-0.114193	15	96	95	858.602
-2.356194	1.510910	-0.740472	17	18	0	858.305
-0.785398	1.134497	-1.109631	103	96	95	858.254
-0.261799	0.850607	-1.335383	111	93	98	857.647
1.832596	1.450119	-2.739050	0	88	104	857.527
-2.879793	2.760637	2.781135	33	110	11	857.411
2.617994	2.187132	-0.479875	104	94	98	857.109
0.785398	1.128190	-2.288622	9	88	109	856.842
-1.047198	0.831641	0.616218	111	101	91	856.777
-2.094395	2.407836	1.410646	105	97	88	856.633
-2.879793	1.998705	2.370472	108	111	86	856.514
0.000000	2.719179	-1.780644	10	12	97	856.029
-3.141593	2.456751	-1.503343	100	91	97	855.774
-1.047198	1.488617	1.159546	111	4	21	855.579
1.832596	0.571433	-1.188419	16	13	100	855.422
2.879793	2.478122	2.609777	99	104	89	855.120
0.523599	1.606104	-0.451151	18	22	0	854.736
1.047198	0.929350	-2.910676	97	93	95	854.604
1.047198	2.404280	-0.174044	15	16	106	854.453
1.570796	1.242974	-2.977882	103	89	100	853.997
-2.617994	2.407836	1.410646	109	93	8	853.776
0.523599	2.247462	0.191623	24	10	18	853.694
2.094395	2.251330	-2.330739	110	87	108	853.301
-0.785398	0.866955	-0.931351	6	100	86	852.652
-0.785398	1.506530	1.988858	27	101	14	852.447
-1.832596	2.299159	2.264663	97	92	104	852.288
-2.617994	1.128190	-2.288622	18	10	100	852.191
1.308997	0.640596	-2.797608	2	91	94	852.157
-1.832596	1.301460	-0.509251	106	93	92	851.891
2.356194	2.164094	-2.991358	17	89	108	851.579
-2.094395	2.187132	-0.479875	102	88	105	850.967
0.261799	0.866395	-2.492918	2	94	99	850.832
1.832596	2.089241	-0.114193	7	98	89	850.821
0.523599	2.299159	2.264663	31	111	3	850.791
1.308997	2.180315	-1.357379	107	91	111	850.434
-0.523599	0.571433	-1.188419	100	92	107	850.337
-1.570796	1.184361	0.625864	20	91	108	850.115
-1.308997	1.045978	0.343692	21	93	105	849.453
-3.141593	1.448123	-2.163292	9	1	90	849.149
-1.047198	0.458961	-0.107937	90	93	1	849.041
-0.523599	0.831641	0.616218	93	93	98	848.871
-2.879793	1.242974	-2.977882	27	5	8	848.748
0.785398	2.073035	2.027405	27	7	109	848.321
2.094395	1.948085	-2.363031	111	87	106	847.805
0.785398	0.961715	0.014085	25	8	8	847.588
1.570796	2.104282	-0.813972	108	90	103	847.184
2.094395	1.214854	-1.966664	0	91	95	846.853
-2.094395	2.724429	-0.348782	4	89	109	846.816
0.785398	2.478122	2.609777	103	92	104	846.743
-1.832596	2.251330	-2.330739	91	97	101	846.212
-1.308997	2.089241	-0.114193	14	90	109	846.083
0.523599	1.214854	-1.966664	101	99	90	846.028
1.308997	2.041297	-2.664597	108	95	94	845.930
-2.617994	0.914445	2.687814	104	94	2	845.894
1.570796	1.696674	-1.253233	109	91	111	845.794
2.617994	2.407836	1.410646	28	110	15	845.764
-2.094395	1.606104	-0.451151	104	93	93	845.710
1.308997	0.419640	2.974122	99	90	98	845.207
-0.523599	2.588535	-2.976617	110	0	20	845.131
-2.617994	1.736875	3.023612	32	111	8	844.917
2.094395	0.685216	-1.712745	22	9	0	844.465
0.785398	1.440580	2.260026	32	110	9	844.191
-3.141593	1.696674	-1.253233	24	16	10	843.688
-1.832596	1.195355	1.200319	14	91	108	843.669
-1.570796	0.709924	0.218797	11	90	101	843.397
-1.047198	2.478122	2.609777	107	88	99	842.893
2.617994	2.153910	-1.714959	96	94	93	842.609
-2.617994	1.135813	-2.658866	23	8	102	842.464
-0.261799	0.866955	-0.931351	2	103	85	842.369
1.308997	0.850607	-1.335383	21	11	108	842.269
1.047198	2.760637	2.781135	104	93	100	842.226
-1.832596	0.961715	0.014085	111	87	107	842.180
1.047198	1.310100	1.488307	5	92	97	841.930
2.879793	2.396274	-1.959260	103	93	93	841.605
0.000000	2.295480	1.008277	21	12	10	841.054
-0.523599	2.592629	0.909713	19	11	104	840.896
-2.094395	1.948085	-2.363031	90	99	102	840.883
2.094395	0.458961	-0.107937	1	7	88	840.656
2.879793	1.766067	2.153843	4	87	102	840.395
1.308997	2.104282	-0.813972	108	8	86	840.316
1.308997	1.658653	-2.409879	92	104	86	840.053
1.047198	2.478122	2.609777	107	90	2	840.053
2.356194	2.063651	-2.044600	102	92	93	839.146
0.261799	1.367556	0.358405	23	17	7	838.987
-2.617994	1.812176	0.656819	111	107	26	838.935
-2.879793	2.356369	3.005869	103	105	89	838.771
1.570796	1.606104	-0.451151	105	96	94	838.687
-1.308997	0.615174	-0.666022	110	91	93	838.230
1.832596	2.587733	0.232235	26	3	16	837.905
1.570796	2.881233	-2.582574	96	95	98	837.572
-0.785398	1.510910	-0.740472	14	93	106	837.498
2.356194	2.881233	-2.582574	99	92	100	837.336
-1.047198	1.909857	-0.381669	14	92	105	837.043
-1.570796	2.719179	-1.780644	28	8	6	837.001
-0.785398	0.850607	-1.335383	105	98	88	836.907
0.261799	1.391910	3.030322	108	100	95	836.886
0.261799	0.899350	-2.069907	99	95	97	836.719
-2.879793	1.696674	-1.253233	22	15	11	836.664
0.785398	1.242974	-2.977882	95	97	93	836.606
0.785398	1.998705	2.370472	105	92	0	836.477
-1.047198	1.134497	-1.109631	0	96	89	836.300
1.308997	1.128190	-2.288622	2	93	99	836.228
2.879793	2.153910	-1.714959	99	92	93	836.039
1.570796	2.588535	-2.976617	110	92	100	835.901
1.570796	1.870545	-2.976234	1	90	103	835.413
-1.570796	1.417623	-0.202254	14	88	108	835.287
1.570796	2.089241	-0.114193	5	96	89	834.802
-3.141593	2.033014	2.977192	22	14	6	834.627
-0.785398	2.881233	-2.582574	12	13	100	834.615
1.047198	1.450119	-2.739050	92	101	88	834.559
-1.047198	2.456751	-1.503343	25	12	110	834.423
1.047198	1.135813	-2.658866	111	96	91	834.135
1.308997	2.089241	-0.114193	0	93	90	834.062
2.879793	1.488617	1.159546	111	103	25	833.954
-1.308997	1.374601	-2.456031	97	94	104	833.798
-2.617994	1.510910	-0.740472	21	16	2	833.745
-1.047198	0.899350	-2.069907	4	93	2	833.377
-0.261799	2.033014	2.977192	110	1	88	833.373
-0.523599	0.850607	-1.335383	11	93	100	833.205
-2.617994	1.872854	1.543456	1	98	91	832.960
0.785398	1.554776	0.100351	110	90	93	832.900
-0.785398	1.683268	0.374177	10	89	100	832.844
-1.832596	1.194549	-0.801900	103	92	91	832.692
0.785398	2.295480	1.008277	97	96	99	832.500
-1.570796	0.458961	-0.107937	107	90	97	832.340
1.308997	1.948085	-2.363031	108	97	92	832.032
2.879793	2.719179	-1.780644	0	94	95	831.727
1.570796	1.846342	-1.796954	0	102	87	831.495
1.570796	1.948085	-2.363031	91	98	92	831.389
-1.047198	2.587733	0.232235	17	13	106	831.305
1.832596	1.242974	-2.977882	108	88	98	830.988
1.832596	2.349581	-2.702517	100	89	106	830.908
-1.308997	2.637879	2.121598	109	89	95	830.875
2.617994	2.104282	-0.813972	95	95	96	830.783
-1.832596	1.732874	-0.951685	5	93	92	830.516
-0.785398	2.356369	3.005869	88	11	109	830.368
2.879793	1.440580	2.260026	108	99	14	830.328
0.523599	1.128190	-2.288622	98	95	97	830.181
1.047198	0.290380	-0.796960	104	90	1	829.622
-2.094395	2.881233	-2.582574	33	110	10	829.405
-0.261799	2.295480	1.008277	4	5	86	829.304
-2.356194	2.404280	-0.174044	99	92	101	829.302
0.000000	0.458961	-0.107937	92	97	99	829.198
2.094395	1.732874	-0.951685	106	94	99	829.052
-2.879793	1.448123	-2.163292	10	0	89	828.950
0.261799	0.203748	0.590255	22	15	108	828.607
-2.356194	2.180315	-1.357379	5	90	96	828.498
-1.047198	2.719179	-1.780644	5	10	91	828.167
0.785398	0.762244	-0.273349	21	15	109	828.012
0.523599	0.379747	-1.713059	9	91	100	828.009
-2.094395	2.455966	-0.641220	12	85	6	827.705
0.785398	1.214854	-1.966664	101	101	88	827.594
2.617994	1.721184	-0.153948	3	102	90	826.599
-3.141593	2.063651	-2.044600	2	95	90	826.574
1.308997	1.025536	1.576859	28	10	3	826.512
0.523599	0.619654	-2.216909	99	99	85	826.421
-1.047198	2.104282	-0.813972	104	107	83	826.170
0.523599	2.760637	2.781135	108	90	97	826.112
-2.356194	2.455966	-0.641220	101	88	106	826.066
2.617994	0.899350	-2.069907	10	9	92	825.989
-2.617994	2.979456	-1.009304	4	89	108	825.760
2.094395	1.696674	-1.253233	110	92	103	825.110
0.785398	1.135813	-2.658866	98	98	89	824.475
-1.047198	1.256302	0.062705	25	96	105	824.365
-1.047198	0.906588	1.252948	92	93	100	824.195
-3.141593	2.719179	-1.780644	0	84	1	823.871
-1.832596	1.741644	-2.695914	100	10	21	823.198
1.570796	2.108018	1.311430	21	9	89	822.884
2.356194	1.699788	2.452890	104	101	16	822.587
0.261799	0.496451	0.593859	13	89	108	821.966
1.047198	0.640596	-2.797608	100	93	92	821.929
1.047198	1.756530	-2.105156	101	102	88	821.801
2.094395	1.448123	-2.163292	0	89	99	821.627
-2.617994	2.356369	3.005869	33	110	10	821.419
-2.879793	1.504028	0.636812	111	104	25	821.258
-0.785398	1.662363	0.915448	110	5	23	821.230
2.617994	2.456751	-1.503343	97	14	103	821.207
-2.094395	2.089241	-0.114193	100	93	98	820.981
-2.356194	1.998705	2.370472	105	91	102	820.734
-0.261799	1.836682	-0.676006	15	11	97	820.697
-2.879793	1.510910	-0.740472	23	16	3	820.614
-3.141593	0.370812	-2.547742	20	14	104	820.502
0.523599	2.001437	0.381215	23	13	10	820.498
-2.356194	2.704512	1.488683	99	100	84	820.441
-0.523599	0.929350	-2.910676	101	97	101	820.306
-2.356194	2.187132	-0.479875	102	93	96	819.586
1.832596	2.063651	-2.044600	94	95	95	819.461
0.000000	0.866395	-2.492918	98	99	90	819.364
1.308997	0.080730	-2.622036	5	90	95	819.183
1.832596	2.251330	-2.330739	85	98	95	819.006
-1.832596	2.295480	1.008277	110	111	25	818.902
1.047198	1.948085	-2.363031	99	101	90	818.712
0.000000	0.709924	0.218797	96	96	96	818.683
-1.047198	0.700570	1.559208	109	90	102	818.670
2.879793	2.174483	2.653697	99	107	87	818.161
0.785398	0.733948	3.021411	94	93	98	818.155
-2.356194	0.419640	2.974122	27	6	4	818.130
0.785398	2.587733	0.232235	24	8	19	817.924
1.047198	1.374601	-2.456031	93	104	85	817.879
0.523599	2.089241	-0.114193	24	13	14	817.840
-0.785398	2.984978	1.954446	100	91	93	817.707
1.832596	0.762244	-0.273349	6	109	23	817.681
1.832596	0.866395	-2.492918	3	91	95	817.143
2.617994	2.719179	-1.780644	92	90	107	817.136
-0.261799	2.724429	-0.348782	98	93	109	816.130
1.832596	0.419640	2.974122	10	89	95	816.084
2.094395	1.836682	-0.676006	14	91	108	815.859
1.570796	2.251330	-2.330739	109	99	89	815.830
-0.785398	2.863997	0.549740	101	91	1	815.391
1.832596	1.909857	-0.381669	5	97	91	815.127
-2.617994	2.456751	-1.503343	22	6	13	815.057
-1.832596	2.089241	-0.114193	102	93	99	814.954
-0.261799	2.174483	2.653697	108	5	88	814.715
-3.141593	0.960688	-0.577532	27	13	9	814.571
-2.617994	2.588535	-2.976617	97	101	92	814.004
0.523599	0.685216	-1.712745	101	99	88	813.707
-2.356194	2.637879	2.121598	5	23	8	813.609
-1.832596	2.724429	-0.348782	101	90	110	813.176
-1.570796	1.025536	1.576859	1	93	101	813.081
0.261799	1.325504	-1.671296	104	102	88	813.005
-1.570796	1.809167	1.213774	102	100	87	812.688
0.261799	1.135813	-2.658866	98	101	89	812.663
2.094395	1.909857	-0.381669	2	96	93	812.607
-1.832596	0.203748	0.590255	7	90	97	812.454
-0.785398	1.242974	-2.977882	27	10	2	812.426
-1.570796	1.658653	-2.409879	93	95	103	812.328
0.000000	1.134497	-1.109631	107	90	97	812.191
-1.308997	0.866955	-0.931351	102	94	91	811.994
2.879793	0.458961	-0.107937	101	88	97	811.922
-0.261799	1.218453	2.777284	107	99	91	811.824
0.000000	1.184361	0.625864	106	87	97	811.812
1.308997	2.979456	-1.009304	108	91	92	811.757
1.570796	2.041297	-2.664597	91	94	96	811.539
-0.785398	0.496451	0.593859	91	97	99	811.509
-1.832596	1.977582	0.969896	1	111	26	811.325
1.308997	2.478122	2.609777	110	88	1	811.324
-0.523599	1.440580	2.260026	2	106	24	811.263
0.000000	0.850607	-1.335383	23	100	98	811.227
-1.570796	2.984978	1.954446	86	8	0	810.928
-0.261799	0.458961	-0.107937	106	103	88	810.900
-0.523599	2.637879	2.121598	103	5	25	810.877
0.523599	1.045978	0.343692	110	93	93	810.316
1.570796	1.374601	-2.456031	92	97	89	810.304
1.047198	2.164094	-2.991358	105	90	105	810.292
-3.141593	1.413430	2.550734	3	95	88	810.284
1.570796	2.187132	-0.479875	107	92	95	810.182
-1.047198	1.721184	-0.153948	111	91	99	810.142
-1.832596	1.662363	0.915448	105	105	86	809.885
1.308997	1.904882	-1.478089	106	92	1	809.862
2.617994	2.164094	-2.991358	21	90	108	809.800
-0.785398	0.709924	0.218797	2	18	16	809.498
-0.523599	1.809167	1.213774	108	5	23	809.426
0.523599	1.683268	0.374177	25	8	9	808.997
-0.261799	2.455966	-0.641220	23	16	2	808.812
1.570796	1.134497	-1.109631	4	90	0	808.503
-0.261799	0.619654	-2.216909	101	95	92	808.365
-0.785398	1.014500	0.906702	93	93	97	808.304
-0.261799	1.732874	-0.951685	14	11	93	808.014
-1.832596	0.674054	1.013609	105	97	92	807.666
-2.356194	0.864993	2.278281	104	93	110	807.625
1.832596	1.658653	-2.409879	100	95	90	807.170
1.308997	0.866395	-2.492918	2	92	96	806.938
-2.617994	1.870545	-2.976234	29	3	5	806.801
-1.832596	2.404280	-0.174044	5	89	105	806.688
-1.570796	1.450119	-2.739050	93	96	100	806.637
-1.570796	1.325504	-1.671296	95	97	1	806.506
-0.523599	2.164094	-2.991358	0	111	90	806.244
-2.356194	2.979456	-1.009304	101	89	108	805.922
-1.832596	1.909857	-0.381669	111	93	95	805.341
-2.356194	1.599406	1.426070	111	2	24	805.218
-0.523599	1.721184	-0.153948	108	95	87	805.162
0.523599	2.984978	1.954446	110	89	4	804.959
1.047198	2.455966	-0.641220	12	16	104	804.930
1.570796	2.033014	2.977192	2	89	105	804.843
-3.141593	1.374601	-2.456031	10	1	89	804.543
1.047198	2.187132	-0.479875	12	17	105	804.051
2.094395	2.041297	-2.664597	107	87	101	803.984
2.094395	2.404280	-0.174044	105	94	93	803.237
-0.261799	2.396274	-1.959260	9	9	93	802.836
-2.356194	2.664082	-1.071402	15	86	3	802.201
-2.617994	1.506530	1.988858	14	89	105	802.091
1.308997	0.290380	-0.796960	20	16	106	802.044
-2.617994	2.592629	0.909713	109	99	86	801.487
-0.523599	1.836682	-0.676006	108	102	85	800.758
0.785398	1.135834	-1.431087	2	85	103	800.477
2.356194	2.174483	2.653697	105	100	19	800.285
0.785398	2.379497	0.561089	21	8	22	800.150
1.570796	2.295480	1.008277	17	8	85	800.086
1.570796	2.404280	-0.174044	1	96	87	799.771
1.047198	1.736875	3.023612	107	91	106	799.586
-3.141593	0.700570	1.559208	95	110	18	799.432
-0.523599	1.194549	-0.801900	28	100	103	799.304
-2.879793	2.456751	-1.503343	104	89	98	798.840
-1.570796	1.732874	-0.951685	7	96	91	798.590
1.308997	0.370812	-2.547742	21	96	93	798.481
-2.617994	0.733948	3.021411	29	5	110	798.232
1.308997	1.247695	1.809890	101	4	21	798.092
-1.832596	2.164094	-2.991358	8	22	3	798.023
1.832596	1.135813	-2.658866	109	90	94	797.897
-2.879793	1.741644	-2.695914	19	20	5	797.869
-0.261799	2.478122	2.609777	105	8	90	797.799
-1.832596	2.455966	-0.641220	2	95	94	797.764
2.617994	2.247462	0.191623	108	98	90	797.588
0.000000	2.174483	2.653697	102	6	20	797.566
0.000000	0.992645	-1.723759	0	104	84	797.307
-2.094395	1.870545	-2.976234	102	10	21	797.197
1.308997	1.606104	-0.451151	107	92	96	797.135
-2.356194	1.662363	0.915448	101	106	87	796.968
0.785398	2.456751	-1.503343	111	87	104	796.900
1.308997	1.545873	-1.877082	104	103	87	796.778
0.523599	1.977582	0.969896	109	95	3	796.685
-1.308997	2.404280	-0.174044	111	95	91	796.656
1.308997	1.732874	-0.951685	104	90	106	796.477
-0.523599	1.242974	-2.977882	110	96	97	796.335
0.523599	1.256302	0.062705	111	86	98	796.295
2.617994	2.637879	2.121598	22	12	7	796.135
2.879793	0.418037	1.360082	101	88	108	795.459
-1.308997	2.104282	-0.813972	15	91	105	795.419
-2.094395	0.203748	0.590255	15	89	96	795.314
2.879793	0.960688	-0.577532	3	3	20	795.170
1.047198	1.135834	-1.431087	0	6	83	795.128
0.000000	0.831641	0.616218	25	13	9	795.059
1.047198	1.510910	-0.740472	103	89	104	794.768
2.617994	0.960688	-0.577532	0	0	86	794.544
-2.879793	0.619654	-2.216909	20	11	102	794.214
-1.570796	1.448123	-2.163292	94	95	109	794.192
-2.094395	2.704512	1.488683	7	91	98	794.072
-2.617994	1.599406	1.426070	0	103	88	793.987
-0.523599	2.719179	-1.780644	96	89	99	793.987
-3.141593	2.592629	0.909713	2	91	103	793.848
-0.785398	1.909857	-0.381669	105	101	84	793.783
-0.523599	2.104282	-0.813972	18	11	99	793.432
1.570796	1.824694	1.850876	16	95	107	793.349
-2.356194	0.910508	1.903534	108	91	109	793.224
-1.832596	2.343981	-1.040456	9	90	102	793.161
0.000000	2.379497	0.561089	93	99	109	793.001
-1.570796	2.478122	2.609777	0	8	24	792.448
-2.879793	2.863997	0.549740	85	6	1	792.429
0.000000	2.760637	2.781135	104	10	92	792.357
-1.570796	2.073035	2.027405	98	90	102	792.259
-0.523599	1.450119	-2.739050	91	19	108	791.729
2.617994	1.045978	0.343692	95	4	89	791.594
2.356194	2.455966	-0.641220	100	93	104	791.314
1.832596	2.637879	2.121598	96	103	91	791.300
-2.617994	1.977582	0.969896	111	105	25	791.213
2.356194	1.440580	2.260026	101	99	15	791.207
2.617994	1.756530	-2.105156	18	91	103	790.823
0.523599	2.073035	2.027405	28	4	110	790.795
2.356194	2.187132	-0.479875	21	93	107	790.730
2.356194	0.618092	2.539118	16	17	1	790.609
0.785398	1.606104	-0.451151	23	13	3	790.292
-1.832596	2.063651	-2.044600	92	98	104	790.176
-2.617994	0.618092	2.539118	101	4	27	790.160
-0.261799	0.496451	0.593859	100	95	95	790.128
0.785398	2.356369	3.005869	105	90	105	789.822
1.047198	1.574060	2.783565	111	92	101	789.609
-1.047198	2.115563	0.685730	2	88	95	789.531
-2.617994	1.134796	2.434290	103	95	3	789.453
1.047198	1.658653	-2.409879	109	96	93	789.352
-1.047198	2.299159	2.264663	109	6	23	789.309
-2.879793	2.664082	-1.071402	99	89	105	789.108
-1.570796	2.063651	-2.044600	94	94	106	789.074
0.261799	2.984978	1.954446	107	90	5	788.753
1.832596	0.685216	-1.712745	18	13	103	788.605
-2.356194	2.108018	1.311430	1	109	26	788.600
-2.094395	1.977582	0.969896	1	1	26	788.498
-2.356194	2.407836	1.410646	96	101	86	788.428
-1.570796	1.683268	0.374177	1	90	4	788.312
1.047198	1.256302	0.062705	28	6	111	788.266
-1.047198	1.510910	-0.740472	98	97	92	787.992
2.617994	2.881233	-2.582574	20	7	16	787.861
1.047198	0.615174	-0.666022	107	88	0	787.736
-1.047198	0.674054	1.013609	91	94	101	787.700
-0.785398	1.732874	-0.951685	14	94	103	787.655
0.785398	0.685216	-1.712745	2	100	87	787.561
1.047198	2.863997	0.549740	27	3	21	787.533
2.617994	0.762244	-0.273349	95	95	89	787.468
-1.308997	1.812176	0.656819	32	2	12	787.163
1.047198	2.299159	2.264663	103	90	0	786.697
-2.617994	1.448123	-2.163292	11	1	89	786.679
2.094395	1.128190	-2.288622	7	90	97	786.301
1.308997	2.349581	-2.702517	2	91	96	786.158
-0.785398	2.979456	-1.009304	27	7	12	786.128
-1.047198	0.709924	0.218797	24	97	99	785.875
2.617994	1.909857	-0.381669	92	94	99	785.685
-2.356194	2.393226	1.857173	1	2	26	785.644
0.785398	0.929350	-2.910676	97	94	94	785.637
-1.047198	1.982574	-1.115518	10	94	100	785.637
-1.832596	1.256302	0.062705	0	90	95	785.359
-0.785398	2.760637	2.781135	8	90	93	785.246
2.356194	2.760637	2.781135	96	105	93	785.012
-1.832596	1.872854	1.543456	88	97	94	784.960
-1.570796	2.724429	-0.348782	1	94	97	784.813
-3.141593	1.488617	1.159546	1	109	26	784.762
1.832596	1.128190	-2.288622	3	91	96	784.725
0.261799	1.909857	-0.381669	26	15	9	784.703
-1.308997	2.138223	1.678323	1	6	26	784.649
0.785398	0.379747	-1.713059	6	96	91	784.617
-1.047198	1.662363	0.915448	111	4	23	784.434
-2.356194	1.766067	2.153843	106	92	98	784.075
-1.047198	0.290380	-0.796960	99	93	111	784.007
0.785398	0.910508	1.903534	29	4	7	783.920
0.000000	0.914445	2.687814	0	94	98	783.688
-2.879793	1.050534	3.042579	27	5	108	783.499
2.879793	1.606104	-0.451151	110	87	104	783.158
-1.570796	1.195355	1.200319	103	98	91	783.001
1.047198	1.195355	1.200319	4	89	100	782.950
0.261799	1.448123	-2.163292	111	109	23	782.677
-2.094395	1.310100	1.488307	21	4	24	782.412
-1.047198	1.836682	-0.676006	9	92	103	781.856
-0.785398	1.875281	0.107086	14	94	97	781.559
0.785398	1.195355	1.200319	11	89	98	781.549
2.617994	2.299159	2.264663	108	103	89	781.549
-2.617994	2.180315	-1.357379	20	15	9	781.478
2.356194	0.866395	-2.492918	20	6	102	781.466
2.879793	0.370812	-2.547742	22	12	104	781.328
1.047198	1.554776	0.100351	3	97	88	781.110
1.570796	1.574060	2.783565	100	98	13	781.080
-2.094395	2.041297	-2.664597	91	98	98	780.946
-2.356194	1.448123	-2.163292	106	13	90	780.941
1.570796	2.724429	-0.348782	103	100	80	780.932
-0.523599	1.977582	0.969896	106	0	23	780.848
-1.308997	1.433411	-1.035986	100	105	86	780.704
1.308997	1.982574	-1.115518	106	90	107	780.637
-1.570796	2.587733	0.232235	0	96	86	780.462
-2.879793	1.574060	2.783565	28	2	8	780.253
1.832596	1.247695	1.809890	99	107	18	780.045
1.570796	1.756530	-2.105156	91	100	90	779.723
2.094395	1.658653	-2.409879	2	87	102	779.689
-1.570796	0.910508	1.903534	0	91	104	779.656
-1.047198	1.875281	0.107086	7	91	98	779.635
0.523599	2.592629	0.909713	101	95	105	779.590
0.261799	1.184361	0.625864	0	87	97	778.856
-0.261799	0.992645	-1.723759	92	97	97	778.531
1.308997	1.696674	-1.253233	107	90	111	778.402
0.000000	1.872854	1.543456	20	12	14	778.148
-0.523599	2.001437	0.381215	17	91	96	777.915
0.523599	1.367556	0.358405	25	9	8	777.840
0.523599	1.909857	-0.381669	22	19	6	777.708
2.617994	1.433411	-1.035986	108	90	97	777.411
-3.141593	1.335669	0.897240	111	101	22	777.401
1.047198	1.050534	3.042579	94	93	99	777.291
-3.141593	2.356369	3.005869	96	106	90	777.151
2.094395	1.374601	-2.456031	4	88	101	777.105
-2.879793	1.736875	3.023612	29	2	6	776.909
-2.617994	1.440580	2.260026	14	89	104	776.903
-0.523599	2.247462	0.191623	22	97	98	776.825
-0.785398	2.180315	-1.357379	8	94	101	776.735
-2.879793	0.203748	0.590255	100	24	4	776.688
1.832596	0.850607	-1.335383	21	9	108	776.431
-0.523599	1.301460	-0.509251	97	95	89	776.379
2.094395	0.591903	2.010408	111	9	27	776.334
-1.832596	2.396274	-1.959260	92	98	103	776.185
-1.570796	2.251330	-2.330739	96	92	102	776.157
-0.785398	0.571433	-1.188419	105	95	89	776.023
2.094395	2.719179	-1.780644	91	97	97	775.877
2.094395	0.379747	-1.713059	19	15	104	775.810
-3.141593	1.128190	-2.288622	12	4	91	775.616
-1.308997	1.247695	1.809890	106	89	105	775.147
2.879793	0.961715	0.014085	21	22	4	774.881
2.879793	1.335669	0.897240	108	99	22	774.814
2.356194	2.724429	-0.348782	14	92	100	774.754
0.785398	1.413430	2.550734	109	97	94	774.725
-0.261799	0.571433	-1.188419	108	101	84	774.596
0.261799	1.545873	-1.877082	109	110	23	774.141
-2.617994	1.050534	3.042579	30	4	111	774.003
-1.047198	1.045978	0.343692	111	104	89	773.768
0.000000	1.413430	2.550734	109	101	88	773.159
0.523599	2.404280	-0.174044	24	13	14	772.884
0.000000	2.478122	2.609777	105	9	90	772.722
2.617994	0.866395	-2.492918	20	8	102	772.634
-0.523599	1.135834	-1.431087	92	99	94	772.539
-0.785398	2.001437	0.381215	13	91	96	772.454
-2.617994	0.640596	-2.797608	26	8	108	771.390
0.000000	1.413347	-1.339188	28	107	102	771.346
-3.141593	0.640596	-2.797608	13	92	96	771.264
1.308997	0.960688	-0.577532	16	89	0	771.179
-2.617994	1.391910	3.030322	30	1	5	771.099
-1.832596	2.863997	0.549740	106	93	88	770.976
0.785398	2.247462	0.191623	22	10	19	770.698
1.047198	1.242974	-2.977882	106	91	109	770.661
2.094395	0.297065	2.160177	101	88	103	770.504
-1.047198	2.089241	-0.114193	13	95	95	770.292
1.832596	2.393226	1.857173	99	101	89	770.083
2.617994	2.089241	-0.114193	5	96	93	769.914
-0.523599	1.756530	-2.105156	22	98	103	769.858
2.356194	0.906588	1.252948	102	97	13	769.856
0.000000	2.396274	-1.959260	9	11	93	769.830
1.832596	1.045978	0.343692	4	2	88	769.418
-1.308997	2.455966	-0.641220	12	90	108	769.326
2.356194	2.356369	3.005869	19	89	111	769.189
-0.523599	1.128190	-2.288622	102	101	89	769.171
0.523599	1.658653	-2.409879	94	100	93	769.147
0.261799	2.760637	2.781135	105	89	97	769.134
0.261799	1.510910	-0.740472	15	19	99	769.113
2.094395	1.045978	0.343692	7	2	89	769.082
2.094395	1.998705	2.370472	107	108	88	768.888
2.356194	1.310100	1.488307	109	24	98	768.750
-2.617994	2.089241	-0.114193	94	94	98	768.664
-1.832596	1.599406	1.426070	11	91	109	768.662
-3.141593	1.766067	2.153843	111	4	87	768.609
-1.832596	1.554776	0.100351	1	87	111	768.453
-2.617994	1.413430	2.550734	104	96	7	768.430
-0.261799	2.637879	2.121598	102	2	24	768.147
0.785398	1.545873	-1.877082	100	87	100	767.391
0.000000	0.379747	-1.713059	102	98	84	767.385
1.047198	1.448123	-2.163292	109	97	92	767.354
-2.617994	1.194549	-0.801900	23	14	5	767.348
-0.523599	0.899350	-2.069907	104	97	91	767.310
-1.047198	1.195355	1.200319	94	95	93	767.072
2.094395	2.356369	3.005869	13	89	108	766.989
-2.356194	1.504028	0.636812	106	90	99	766.912
-2.094395	2.404280	-0.174044	12	86	4	766.867
2.094395	2.138223	1.678323	104	19	89	766.433
0.261799	1.413347	-1.339188	110	105	87	766.400
-0.785398	2.664082	-1.071402	25	14	5	766.390
2.094395	0.899350	-2.069907	17	10	102	766.363
-2.094395	1.732874	-0.951685	109	90	93	766.332
-0.785398	1.195355	1.200319	96	92	95	766.208
1.047198	1.413430	2.550734	111	95	94	765.930
2.617994	0.297065	2.160177	15	87	98	765.914
1.308997	0.619654	-2.216909	3	95	90	765.914
-1.047198	0.496451	0.593859	110	99	91	765.713
-2.356194	2.724429	-0.348782	13	15	95	765.704
-2.617994	2.881233	-2.582574	96	101	95	765.699
-3.141593	1.450119	-2.739050	25	12	6	765.696
-1.832596	1.658653	-2.409879	92	100	100	765.653
-1.570796	2.108018	1.311430	4	4	28	765.539
-2.094395	0.496451	0.593859	104	89	105	765.538
2.617994	1.732874	-0.951685	109	89	102	765.396
0.000000	2.587733	0.232235	96	97	108	765.350
2.879793	1.256302	0.062705	21	21	110	765.246
-1.570796	2.187132	-0.479875	107	89	108	765.210
1.308997	0.866955	-0.931351	111	89	2	765.070
-0.523599	2.180315	-1.357379	15	13	97	764.912
-2.617994	0.685216	-1.712745	99	94	90	764.888
-0.261799	0.685216	-1.712745	103	100	84	764.845
-1.308997	1.766067	2.153843	100	89	101	764.693
2.094395	2.456751	-1.503343	90	100	94	764.558
-2.356194	1.870545	-2.976234	34	111	3	764.507
0.261799	1.732874	-0.951685	7	16	92	764.444
2.356194	0.619654	-2.216909	19	11	102	764.413
2.094395	0.992645	-1.723759	14	13	101	764.185
-2.879793	0.674054	1.013609	97	93	3	763.945
1.832596	0.733948	3.021411	0	88	97	763.859
1.570796	2.592629	0.909713	23	10	8	763.748
-1.570796	1.256302	0.062705	20	90	105	763.726
-2.356194	1.909857	-0.381669	103	93	94	763.591
2.094395	2.164094	-2.991358	13	88	108	763.523
0.523599	2.295480	1.008277	110	93	3	763.382
-2.617994	1.218453	2.777284	14	89	103	763.365
-1.308997	0.910508	1.903534	96	105	23	763.147
0.523599	1.335669	0.897240	4	107	87	763.114
2.879793	1.875281	0.107086	6	6	85	763.023
-2.879793	0.080730	-2.622036	23	12	108	763.005
-2.879793	1.662363	0.915448	2	105	27	762.780
2.356194	1.909857	-0.381669	95	97	96	762.635
1.832596	2.187132	-0.479875	110	91	98	762.227
-0.785398	0.080730	-2.622036	23	5	23	762.223
-1.308997	1.025536	1.576859	109	92	98	762.113
2.356194	0.960688	-0.577532	5	111	22	762.042
1.832596	0.910508	1.903534	102	107	16	761.796
-2.617994	2.579248	-2.364801	96	104	94	761.731
1.832596	2.295480	1.008277	16	10	85	761.370
2.094395	0.419640	2.974122	15	18	6	760.977
-1.570796	1.998705	2.370472	96	91	107	760.860
0.000000	1.448123	-2.163292	103	85	102	760.772
-0.523599	1.195355	1.200319	109	92	93	760.616
0.000000	1.766067	2.153843	0	96	13	760.319
-3.141593	1.662363	0.915448	0	105	27	760.295
-3.141593	1.756530	-2.105156	3	99	86	759.831
0.785398	0.640596	-2.797608	8	91	102	759.766
1.570796	0.850607	-1.335383	22	7	109	759.688
-1.570796	1.168678	2.108595	93	92	109	759.566
-0.785398	2.073035	2.027405	107	7	23	759.397
-0.523599	0.458961	-0.107937	105	102	88	759.318
-2.879793	1.391910	3.030322	5	86	105	759.223
0.523599	1.836682	-0.676006	16	22	109	759.127
1.832596	1.998705	2.370472	105	109	87	759.009
1.832596	1.721184	-0.153948	6	100	89	758.770
-1.832596	2.073035	2.027405	98	92	102	758.701
-0.523599	1.872854	1.543456	107	7	23	758.489
2.094395	0.700570	1.559208	103	99	11	758.273
0.523599	0.762244	-0.273349	96	98	94	758.252
-0.523599	2.863997	0.549740	13	90	0	757.809
1.832596	2.104282	-0.813972	101	11	89	757.683
0.523599	0.640596	-2.797608	99	94	93	757.493
-0.261799	1.301460	-0.509251	26	100	104	757.433
-2.356194	1.948085	-2.363031	0	11	90	757.257
1.832596	2.456751	-1.503343	89	10	94	757.163
-2.094395	1.875281	0.107086	108	7	84	756.931
0.785398	2.404280	-0.174044	16	17	107	756.902
-2.879793	1.554776	0.100351	2	18	91	756.882
2.879793	2.404280	-0.174044	100	94	102	756.872
-2.617994	1.836682	-0.676006	93	94	95	756.767
-2.617994	2.455966	-0.641220	102	88	105	756.756
1.308997	1.721184	-0.153948	0	96	90	756.500
-0.523599	1.658653	-2.409879	21	98	101	756.295
1.832596	2.138223	1.678323	16	100	98	756.209
0.785398	2.407836	1.410646	110	91	1	756.188
2.356194	1.846342	-1.796954	100	99	87	756.177
2.617994	2.063651	-2.044600	104	89	94	756.166
-2.879793	2.455966	-0.641220	99	89	105	756.078
2.356194	2.984978	1.954446	28	0	21	755.628
1.832596	1.569311	-3.003978	105	87	101	755.512
-1.308997	0.496451	0.593859	108	98	91	755.495
-0.523599	1.870545	-2.976234	110	107	89	755.345
-1.832596	1.168678	2.108595	94	93	108	755.024
-1.047198	0.379747	-1.713059	6	22	7	754.625
0.785398	2.108018	1.311430	7	94	3	754.606
1.047198	1.325504	-1.671296	111	101	88	754.508
-2.356194	1.335669	0.897240	105	88	103	754.422
1.047198	1.662363	0.915448	7	108	85	754.295
-3.141593	0.762244	-0.273349	85	6	107	754.073
-2.617994	2.153910	-1.714959	4	90	94	754.045
-1.832596	1.875281	0.107086	109	88	1	754.008
0.000000	2.089241	-0.114193	94	6	89	753.914
1.308997	1.440580	2.260026	99	105	16	753.911
1.308997	1.683268	0.374177	18	88	102	753.790
1.047198	1.599406	1.426070	2	93	92	753.774
0.785398	1.741644	-2.695914	98	99	92	753.674
-0.261799	0.615174	-0.666022	19	95	101	753.522
0.000000	2.664082	-1.071402	96	89	99	753.244
2.879793	2.664082	-1.071402	96	91	106	753.215
2.094395	1.606104	-0.451151	11	7	21	753.127
-2.617994	1.696674	-1.253233	21	15	8	753.064
2.356194	0.831641	0.616218	89	9	94	752.964
-1.832596	0.619654	-2.216909	9	4	83	752.895
-0.261799	2.881233	-2.582574	106	88	96	752.852
2.879793	1.128190	-2.288622	102	4	23	752.851
2.356194	1.025536	1.576859	104	103	16	752.693
-2.617994	1.756530	-2.105156	5	104	85	752.575
1.570796	1.135813	-2.658866	7	91	98	752.425
2.879793	0.899350	-2.069907	32	3	7	752.327
-2.617994	1.325504	-1.671296	27	111	14	752.232
0.523599	1.413430	2.550734	8	102	90	752.081
-1.047198	1.998705	2.370472	109	87	98	752.029
-3.141593	2.455966	-0.641220	97	92	100	751.903
-1.570796	1.045978	0.343692	19	90	105	751.844
-2.879793	1.440580	2.260026	10	87	105	751.607
-1.308997	1.413347	-1.339188	105	98	89	751.569
0.000000	2.153910	-1.714959	8	8	91	751.457
-3.141593	2.343981	-1.040456	96	90	100	751.417
1.832596	1.732874	-0.951685	89	100	96	751.378
-0.523599	1.325504	-1.671296	2	103	86	751.201
-2.879793	0.640596	-2.797608	23	11	105	751.093
2.094395	2.579248	-2.364801	109	95	94	751.080
2.356194	2.343981	-1.040456	106	91	105	751.023
-3.141593	2.089241	-0.114193	103	94	97	750.811
1.308997	1.736875	3.023612	12	92	105	750.757
-0.261799	2.247462	0.191623	24	98	99	750.732
-3.141593	1.869911	2.701025	29	111	9	750.723
-0.261799	0.419640	2.974122	110	23	104	750.711
-1.832596	0.709924	0.218797	105	89	100	750.677
2.617994	2.349581	-2.702517	13	13	20	750.479
2.617994	2.393226	1.857173	0	99	90	750.369
-2.094395	2.349581	-2.702517	27	10	3	750.358
-2.879793	0.864993	2.278281	104	91	0	750.315
2.617994	0.370812	-2.547742	8	94	94	750.313
-1.047198	2.108018	1.311430	0	6	26	750.294
0.785398	0.992645	-1.723759	105	100	87	750.264
1.570796	2.979456	-1.009304	8	90	95	750.170
1.047198	0.960688	-0.577532	22	12	1	750.112
2.617994	1.025536	1.576859	1	94	88	750.069
2.879793	2.247462	0.191623	1	95	94	749.983
2.879793	0.080730	-2.622036	2	90	10	749.978
1.570796	2.407836	1.410646	18	9	87	749.933
-0.785398	2.138223	1.678323	109	8	25	749.864
1.308997	2.174483	2.653697	7	90	0	749.719
-1.308997	0.080730	-2.622036	29	111	7	749.562
1.047198	0.850607	-1.335383	100	103	86	749.555
0.785398	0.866395	-2.492918	8	89	3	749.554
0.000000	2.724429	-0.348782	102	92	110	749.523
-2.094395	2.579248	-2.364801	28	9	7	749.445
-0.785398	1.699788	2.452890	27	13	8	749.370
-1.047198	1.506530	1.988858	103	87	103	749.326
-3.141593	2.115563	0.685730	19	93	106	749.299
-0.785398	1.836682	-0.676006	103	101	85	749.232
1.832596	0.640596	-2.797608	4	90	93	749.138
-2.617994	1.168678	2.108595	20	88	106	749.128
0.523599	1.809167	1.213774	6	0	86	749.094
0.785398	1.301460	-0.509251	14	22	107	749.055
-3.141593	0.615174	-0.666022	98	89	98	748.826
0.261799	1.168678	2.108595	107	96	91	748.773
0.785398	2.592629	0.909713	30	111	101	748.618
-1.047198	2.760637	2.781135	5	90	92	748.241
-2.094395	0.419640	2.974122	26	9	4	748.229
-3.141593	1.214854	-1.966664	2	110	83	748.215
-1.047198	1.683268	0.374177	107	88	99	747.938
2.617994	1.113094	-0.272241	82	4	105	747.852
-3.141593	1.433411	-1.035986	27	10	14	747.786
1.832596	0.370812	-2.547742	24	98	95	747.708
-2.356194	0.297065	2.160177	8	92	100	747.708
2.094395	1.721184	-0.153948	8	101	89	747.640
1.570796	2.579248	-2.364801	93	95	98	747.588
-0.785398	0.379747	-1.713059	102	91	97	747.535
1.570796	1.872854	1.543456	24	10	94	747.507
1.832596	1.574060	2.783565	102	95	11	747.436
-2.356194	1.756530	-2.105156	11	110	88	747.240
0.523599	2.719179	-1.780644	107	88	101	747.162
-0.523599	1.448123	-2.163292	21	97	102	747.138
0.000000	1.050534	3.042579	18	2	24	747.077
1.570796	0.571433	-1.188419	108	90	3	746.698
1.832596	2.407836	1.410646	25	2	16	746.692
-2.356194	0.685216	-1.712745	25	0	18	746.673
-0.523599	1.374601	-2.456031	21	97	98	746.666
0.785398	1.374601	-2.456031	97	96	95	746.478
0.523599	1.325504	-1.671296	100	89	97	746.413
2.879793	0.615174	-0.666022	98	19	104	746.406
1.832596	1.606104	-0.451151	108	97	93	746.332
-0.785398	1.301460	-0.509251	14	90	109	746.320
-0.523599	2.478122	2.609777	107	8	90	746.188
1.308997	2.664082	-1.071402	108	89	99	745.993
-0.261799	2.356369	3.005869	108	5	90	745.912
0.000000	1.135834	-1.431087	107	94	95	745.882
-2.094395	0.685216	-1.712745	0	90	93	745.861
-0.785398	2.174483	2.653697	111	1	87	745.798
-2.879793	2.592629	0.909713	101	104	82	745.778
-1.047198	2.041297	-2.664597	108	22	97	745.598
-2.617994	0.379747	-1.713059	14	13	97	745.454
-1.570796	1.135834	-1.431087	98	98	4	744.856
-2.094395	0.906588	1.252948	3	93	95	744.784
-0.261799	1.450119	-2.739050	19	102	95	744.561
1.308997	1.488617	1.159546	16	3	91	744.519
-2.879793	0.866395	-2.492918	17	12	99	744.295
-0.785398	1.554776	0.100351	29	100	109	744.129
-1.570796	1.875281	0.107086	2	89	1	744.039
-1.570796	1.488617	1.159546	102	101	88	743.911
-3.141593	1.732874	-0.951685	25	15	7	743.886
-3.141593	1.599406	1.426070	5	87	104	743.479
-2.356194	2.251330	-2.330739	92	103	97	743.441
-1.308997	1.367556	0.358405	24	94	108	743.156
2.879793	1.510910	-0.740472	108	86	103	743.000
-1.570796	0.831641	0.616218	106	99	91	742.905
1.832596	0.700570	1.559208	103	103	14	742.849
0.000000	1.658653	-2.409879	4	110	24	742.683
-1.570796	2.138223	1.678323	2	6	27	742.502
-2.094395	1.872854	1.543456	11	5	28	742.417
-1.308997	1.741644	-2.695914	101	89	102	742.354
-1.832596	0.831641	0.616218	99	95	6	742.214
1.570796	1.391910	3.030322	16	93	103	742.209
2.094395	0.910508	1.903534	85	4	107	742.182
1.047198	1.433411	-1.035986	102	89	108	742.062
0.261799	0.615174	-0.666022	97	103	91	742.041
1.832596	0.615174	-0.666022	30	6	7	741.985
-0.785398	0.992645	-1.723759	28	8	0	741.867
1.570796	0.615174	-0.666022	17	15	105	741.750
1.047198	0.379747	-1.713059	7	94	94	741.717
2.356194	1.545873	-1.877082	102	102	83	741.678
2.094395	2.704512	1.488683	29	106	20	741.664
-2.356194	1.732874	-0.951685	102	89	94	741.533
0.523599	1.433411	-1.035986	6	15	89	741.379
2.617994	0.866955	-0.931351	93	11	88	741.026
-2.617994	1.982574	-1.115518	104	87	97	740.943
2.356194	2.404280	-0.174044	0	94	93	740.777
-2.094395	0.619654	-2.216909	27	2	0	740.692
-0.785398	1.413430	2.550734	109	109	25	740.611
0.261799	1.413430	2.550734	106	100	92	740.594
-2.356194	0.914445	2.687814	30	3	8	740.568
-1.570796	1.335669	0.897240	105	102	89	740.557
2.879793	1.756530	-2.105156	110	100	85	740.504
-2.879793	0.591903	2.010408	99	4	25	740.425
1.832596	2.579248	-2.364801	98	95	96	740.380
-2.617994	1.658653	-2.409879	11	111	89	740.280
-1.832596	1.113094	-0.272241	109	88	97	740.133
0.000000	2.164094	-2.991358	0	2	90	740.029
-2.356194	1.247695	1.809890	24	4	20	739.972
1.047198	2.041297	-2.664597	4	86	108	739.965
0.785398	2.299159	2.264663	4	91	110	739.787
-1.832596	2.637879	2.121598	95	96	89	739.674
1.047198	1.301460	-0.509251	102	92	98	739.658
0.261799	0.929350	-2.910676	95	99	91	739.335
2.356194	1.904882	-1.478089	108	89	104	739.273
0.261799	1.506530	1.988858	109	4	25	739.261
-2.879793	1.756530	-2.105156	4	101	86	739.207
-1.047198	1.168678	2.108595	28	102	13	739.171
2.879793	2.349581	-2.702517	22	90	108	739.091
0.261799	0.618092	2.539118	95	95	100	739.052
1.047198	1.194549	-0.801900	1	11	87	738.918
-1.832596	0.591903	2.010408	109	92	105	738.912
-3.141593	1.699788	2.452890	20	4	22	738.779
-0.785398	1.168678	2.108595	29	105	13	738.549
0.261799	1.836682	-0.676006	10	14	95	738.536
2.356194	0.203748	0.590255	26	7	20	738.437
-2.617994	2.001437	0.381215	5	86	1	738.254
-2.617994	1.134497	-1.109631	21	16	10	738.217
-0.523599	1.545873	-1.877082	23	97	105	738.139
0.523599	0.290380	-0.796960	103	101	88	738.011
-1.570796	2.247462	0.191623	103	91	103	737.934
0.000000	1.699788	2.452890	111	94	14	737.915
-0.785398	2.247462	0.191623	16	94	94	737.833
-1.832596	1.721184	-0.153948	4	85	0	737.793
0.523599	0.615174	-0.666022	105	105	87	737.683
-1.570796	1.134497	-1.109631	104	97	87	737.465
-2.879793	1.128190	-2.288622	9	2	86	737.094
-0.523599	2.979456	-1.009304	27	9	11	736.599
-1.570796	1.554776	0.100351	5	88	109	736.598
-2.617994	1.732874	-0.951685	21	16	4	736.572
2.356194	2.041297	-2.664597	107	86	97	736.487
0.785398	2.588535	-2.976617	108	88	98	736.436
-0.523599	1.050534	3.042579	111	91	101	736.408
-2.617994	1.242974	-2.977882	25	8	106	736.045
0.261799	1.554776	0.100351	90	106	13	735.930
2.356194	2.073035	2.027405	0	105	89	735.841
1.308997	2.187132	-0.479875	105	94	91	734.956
-0.785398	1.325504	-1.671296	20	94	104	734.714
1.832596	1.488617	1.159546	16	7	90	734.592
0.000000	2.299159	2.264663	101	7	23	734.331
0.000000	2.881233	-2.582574	5	89	94	734.106
2.356194	2.153910	-1.714959	98	93	94	734.017
0.000000	1.732874	-0.951685	14	16	95	733.989
-0.785398	1.812176	0.656819	13	88	100	733.895
0.785398	2.863997	0.549740	28	0	21	733.884
-3.141593	1.998705	2.370472	105	107	84	733.880
2.617994	2.180315	-1.357379	8	109	85	733.702
-1.047198	2.153910	-1.714959	11	3	88	733.525
1.308997	1.433411	-1.035986	103	90	109	733.470
-0.523599	1.554776	0.100351	30	103	109	733.044
-2.879793	1.836682	-0.676006	23	17	0	733.035
0.523599	2.704512	1.488683	100	92	0	732.950
1.570796	0.866955	-0.931351	4	89	0	732.918
1.047198	1.367556	0.358405	31	4	106	732.602
-0.261799	0.914445	2.687814	95	99	97	732.443
-3.141593	1.809167	1.213774	5	108	29	732.210
0.261799	0.831641	0.616218	3	85	106	731.689
2.617994	2.579248	-2.364801	110	84	109	731.666
-2.356194	1.982574	-1.115518	110	90	94	731.527
-1.308997	0.297065	2.160177	26	12	110	731.471
1.570796	0.685216	-1.712745	22	9	106	731.407
-0.785398	2.455966	-0.641220	91	9	87	731.313
1.308997	2.407836	1.410646	28	109	14	731.233
-0.523599	1.569311	-3.003978	18	87	111	731.205
-2.879793	2.033014	2.977192	20	15	5	731.145
-1.570796	1.869911	2.701025	86	96	2	731.087
2.617994	2.587733	0.232235	2	104	82	731.063
0.523599	1.301460	-0.509251	18	22	108	730.922
2.094395	2.180315	-1.357379	105	91	106	730.881
2.094395	2.104282	-0.813972	103	93	102	730.721
1.832596	2.164094	-2.991358	109	87	104	730.570
-2.879793	0.571433	-1.188419	97	92	93	730.521
0.523599	1.247695	1.809890	107	5	23	730.480
0.523599	2.349581	-2.702517	103	86	105	730.264
-1.570796	2.041297	-2.664597	8	23	2	730.086
-2.094395	1.488617	1.159546	100	103	88	729.997
-2.617994	1.683268	0.374177	111	91	98	729.865
2.094395	2.089241	-0.114193	96	101	92	729.832
-1.047198	1.448123	-2.163292	6	90	2	729.690
1.308997	1.113094	-0.272241	2	94	96	729.653
-2.356194	1.433411	-1.035986	18	18	6	729.562
-2.356194	2.456751	-1.503343	7	90	99	729.533
2.879793	1.242974	-2.977882	104	15	96	729.500
-1.570796	0.906588	1.252948	110	95	96	729.454
-3.141593	1.504028	0.636812	100	111	86	729.420
2.617994	1.555207	1.708892	1	86	105	729.381
0.523599	2.664082	-1.071402	13	15	103	729.328
-2.617994	1.998705	2.370472	108	110	85	729.085
1.308997	1.599406	1.426070	17	7	92	728.646
-2.094395	1.756530	-2.105156	107	11	89	728.479
-0.785398	0.418037	1.360082	27	12	1	728.367
0.523599	2.456751	-1.503343	9	15	99	728.287
0.523599	1.374601	-2.456031	97	97	95	728.154
-2.356194	0.899350	-2.069907	28	109	2	728.150
-1.832596	0.700570	1.559208	15	94	100	728.110
-0.785398	1.135834	-1.431087	110	99	87	728.101
-2.094395	1.367556	0.358405	109	88	99	728.008
-3.141593	0.674054	1.013609	100	25	109	727.982
-0.261799	1.050534	3.042579	2	93	100	727.725
0.785398	1.574060	2.783565	109	100	92	727.702
-2.879793	1.869911	2.701025	31	109	11	727.696
0.000000	1.134796	2.434290	108	98	89	727.689
0.523599	1.050534	3.042579	111	96	94	727.593
1.832596	0.379747	-1.713059	7	7	83	727.582
0.261799	1.606104	-0.451151	25	18	4	727.571
-2.356194	2.115563	0.685730	110	106	25	727.542
-1.570796	1.824694	1.850876	88	93	98	727.490
0.261799	2.164094	-2.991358	103	28	2	727.302
-2.094395	1.247695	1.809890	23	8	20	727.147
0.523599	0.850607	-1.335383	2	97	90	727.079
1.047198	1.699788	2.452890	99	92	102	726.874
-1.832596	0.496451	0.593859	9	89	101	726.855
2.879793	0.496451	0.593859	17	11	98	726.551
2.617994	2.984978	1.954446	108	94	96	726.526
-3.141593	2.760637	2.781135	98	100	91	726.506
0.523599	2.379497	0.561089	2	91	7	726.416
-2.879793	2.719179	-1.780644	19	89	109	726.405
-2.094395	0.618092	2.539118	32	4	1	726.311
-1.308997	1.014500	0.906702	94	104	89	726.263
-2.094395	2.115563	0.685730	0	100	22	726.196
2.617994	1.367556	0.358405	107	86	109	725.887
1.832596	1.050534	3.042579	106	87	101	725.838
2.356194	1.325504	-1.671296	7	5	90	725.763
0.261799	1.736875	3.023612	106	105	90	725.694
-2.356194	2.153910	-1.714959	4	94	91	725.679
-0.261799	1.662363	0.915448	1	111	86	725.645
-0.261799	0.733948	3.021411	108	93	104	725.299
0.785398	1.948085	-2.363031	96	101	91	725.117
2.094395	1.736875	3.023612	18	92	104	725.059
2.094395	1.741644	-2.695914	101	99	11	724.977
-0.261799	1.433411	-1.035986	27	103	102	724.954
-2.617994	0.290380	-0.796960	83	4	111	724.378
1.308997	1.050534	3.042579	97	90	99	724.343
2.356194	1.506530	1.988858	104	88	97	724.248
0.523599	1.617114	-1.572037	96	91	94	724.231
-3.141593	1.545873	-1.877082	110	102	83	724.149
-2.879793	2.104282	-0.813972	21	18	110	724.145
2.879793	2.579248	-2.364801	20	7	17	723.881
-1.570796	0.080730	-2.622036	13	15	100	723.805
-0.523599	0.640596	-2.797608	105	93	110	723.779
-2.094395	2.396274	-1.959260	93	102	98	723.621
2.356194	2.033014	2.977192	104	97	15	723.615
-2.879793	1.545873	-1.877082	111	13	90	723.554
0.785398	1.050534	3.042579	1	89	2	723.553
-1.832596	0.910508	1.903534	100	92	106	723.493
-2.617994	2.724429	-0.348782	97	91	109	723.044
1.047198	2.343981	-1.040456	8	17	102	722.961
1.047198	0.866955	-0.931351	104	107	84	722.876
2.879793	1.846342	-1.796954	18	91	104	722.643
0.785398	2.033014	2.977192	1	89	4	722.437
2.617994	2.174483	2.653697	103	109	88	722.409
-1.570796	1.310100	1.488307	92	95	97	722.247
0.261799	2.343981	-1.040456	111	8	88	722.151
1.832596	2.404280	-0.174044	108	98	86	722.121
-0.523599	1.113094	-0.272241	105	87	99	721.881
-1.570796	2.863997	0.549740	13	11	91	721.757
-2.094395	0.831641	0.616218	109	88	105	721.715
-0.785398	2.456751	-1.503343	1	5	87	721.686
1.570796	0.960688	-0.577532	21	91	0	721.640
1.047198	1.545873	-1.877082	107	101	88	721.627
-1.308997	2.704512	1.488683	105	3	26	721.547
-1.832596	0.618092	2.539118	27	8	8	721.521
-0.261799	2.863997	0.549740	17	91	2	721.443
0.523599	0.866395	-2.492918	4	93	99	721.342
0.785398	2.115563	0.685730	19	8	23	721.290
-0.523599	1.982574	-1.115518	16	11	96	720.884
2.094395	2.247462	0.191623	8	102	85	720.768
2.617994	1.440580	2.260026	105	98	14	720.753
-1.047198	0.929350	-2.910676	27	7	109	720.699
2.617994	1.195355	1.200319	104	1	21	720.672
-2.617994	2.187132	-0.479875	100	93	96	720.672
1.570796	1.413430	2.550734	101	98	12	720.605
-1.047198	1.135834	-1.431087	104	98	88	720.429
-1.570796	1.870545	-2.976234	97	6	20	720.358
-2.879793	1.658653	-2.409879	11	111	90	720.347
0.261799	1.417623	-0.202254	22	20	1	720.324
2.879793	2.979456	-1.009304	8	95	88	720.273
-2.094395	1.050534	3.042579	27	7	11	720.221
2.356194	1.982574	-1.115518	108	91	105	720.101
2.094395	0.370812	-2.547742	24	8	111	719.947
-3.141593	2.863997	0.549740	110	99	83	719.934
-2.617994	1.617114	-1.572037	26	0	15	719.842
2.617994	1.875281	0.107086	111	102	88	719.779
1.832596	2.153910	-1.714959	91	93	104	719.773
0.785398	0.615174	-0.666022	108	105	86	719.744
-2.617994	1.662363	0.915448	2	109	26	719.657
-3.141593	1.982574	-1.115518	25	14	5	719.650
2.094395	1.555207	1.708892	100	110	23	719.499
2.094395	0.619654	-2.216909	21	9	104	719.457
2.094395	1.433411	-1.035986	91	100	89	719.429
2.094395	0.960688	-0.577532	108	90	105	719.379
-0.261799	0.290380	-0.796960	22	96	96	719.337
1.832596	2.881233	-2.582574	103	94	97	719.271
1.308997	2.251330	-2.330739	111	12	95	719.233
2.617994	1.506530	1.988858	104	99	17	719.209
-1.308997	1.824694	1.850876	0	4	22	719.121
-2.879793	1.135834	-1.431087	107	21	96	719.070
0.000000	2.455966	-0.641220	23	19	7	719.064
-1.570796	2.299159	2.264663	101	90	103	718.829
2.617994	1.413347	-1.339188	108	7	86	718.781
-1.047198	1.014500	0.906702	102	101	89	718.663
0.785398	1.113094	-0.272241	107	90	97	718.625
-0.785398	1.134796	2.434290	101	100	85	718.593
-1.570796	2.637879	2.121598	106	90	97	718.400
0.000000	1.510910	-0.740472	98	111	19	718.349
2.094395	2.108018	1.311430	21	101	96	718.321
2.879793	2.637879	2.121598	25	7	6	718.217
-0.523599	0.733948	3.021411	109	91	103	718.141
2.617994	1.168678	2.108595	104	96	12	718.069
1.570796	0.762244	-0.273349	6	109	24	718.015
2.617994	2.343981	-1.040456	95	92	100	717.827
-0.261799	1.325504	-1.671296	103	102	88	717.679
0.000000	2.108018	1.311430	21	11	16	717.156
-2.617994	0.571433	-1.188419	108	88	96	717.035
2.879793	1.194549	-0.801900	109	88	99	717.002
-0.523599	0.709924	0.218797	110	105	89	716.859
-2.356194	1.440580	2.260026	106	95	5	716.805
0.000000	2.115563	0.685730	19	16	4	716.734
0.000000	2.187132	-0.479875	22	19	2	716.610
2.879793	1.310100	1.488307	2	15	23	716.573
0.000000	1.977582	0.969896	3	4	86	716.431
2.356194	1.413430	2.550734	103	97	13	716.412
0.523599	2.164094	-2.991358	106	86	110	716.168
0.000000	2.592629	0.909713	21	12	11	715.993
-2.094395	1.168678	2.108595	98	93	108	715.612
-1.832596	2.592629	0.909713	110	105	81	715.543
-1.308997	1.135813	-2.658866	94	96	102	715.472
-0.261799	2.349581	-2.702517	88	15	0	715.444
1.570796	2.478122	2.609777	94	2	89	715.219
-0.785398	1.310100	1.488307	97	92	93	715.156
2.879793	1.545873	-1.877082	22	96	102	715.101
2.356194	1.869911	2.701025	104	101	17	715.088
1.832596	0.864993	2.278281	100	16	93	714.988
0.785398	1.325504	-1.671296	105	104	86	714.980
1.308997	2.247462	0.191623	107	104	23	714.949
-1.570796	1.741644	-2.695914	97	8	20	714.927
2.094395	0.615174	-0.666022	0	23	108	714.922
1.308997	0.496451	0.593859	93	106	9	714.715
1.308997	1.135834	-1.431087	108	91	5	714.685
1.570796	2.379497	0.561089	14	5	82	714.674
0.523599	2.588535	-2.976617	109	11	92	714.629
1.308997	1.325504	-1.671296	107	104	85	714.508
-3.141593	1.050534	3.042579	28	1	3	714.507
-1.570796	0.866395	-2.492918	14	7	85	714.378
0.785398	1.433411	-1.035986	3	13	89	714.283
2.617994	1.554776	0.100351	11	12	90	714.223
0.785398	1.134796	2.434290	15	19	111	714.211
1.832596	1.256302	0.062705	0	108	86	714.062
1.832596	1.448123	-2.163292	102	99	86	713.902
0.523599	1.554776	0.100351	28	5	11	713.536
1.308997	1.134497	-1.109631	108	89	1	713.428
-1.570796	0.762244	-0.273349	104	91	97	713.380
-1.832596	0.960688	-0.577532	108	89	92	713.321
0.000000	2.863997	0.549740	109	90	0	713.181
1.570796	1.545873	-1.877082	98	99	89	713.157
-2.879793	0.379747	-1.713059	28	107	111	713.035
-1.308997	1.809167	1.213774	102	101	85	712.901
1.047198	2.592629	0.909713	102	94	100	712.831
2.356194	0.591903	2.010408	107	9	26	712.821
-2.879793	0.899350	-2.069907	11	6	89	712.724
1.047198	0.992645	-1.723759	109	101	87	712.720
-0.261799	1.184361	0.625864	99	92	93	712.712
-2.617994	0.370812	-2.547742	23	11	106	712.612
-0.523599	0.910508	1.903534	106	100	23	712.564
1.832596	1.391910	3.030322	19	93	104	712.520
-0.785398	0.929350	-2.910676	93	21	107	712.416
-2.617994	1.214854	-1.966664	24	108	20	712.263
-1.047198	2.138223	1.678323	0	5	26	712.089
2.356194	0.419640	2.974122	12	19	5	712.023
-2.094395	0.571433	-1.188419	24	10	6	711.961
2.879793	1.214854	-1.966664	110	108	81	711.849
-1.832596	1.555207	1.708892	106	92	102	711.713
-1.047198	1.325504	-1.671296	30	5	9	711.645
-1.832596	0.733948	3.021411	7	23	111	711.422
1.047198	0.571433	-1.188419	104	101	87	711.244
2.617994	1.448123	-2.163292	6	2	89	711.210
1.570796	1.050534	3.042579	102	88	102	710.977
-2.879793	2.478122	2.609777	4	0	26	710.919
2.617994	1.982574	-1.115518	9	0	85	710.798
0.000000	0.571433	-1.188419	16	94	100	710.759
2.879793	0.762244	-0.273349	99	88	103	710.707
2.094395	0.733948	3.021411	14	87	8	710.691
-1.308997	1.696674	-1.253233	107	98	91	710.678
2.617994	1.836682	-0.676006	106	16	16	710.666
0.523599	0.370812	-2.547742	100	93	111	710.299
-0.785398	1.574060	2.783565	27	13	3	710.200
1.832596	1.310100	1.488307	19	11	96	710.081
2.094395	2.153910	-1.714959	94	99	91	710.056
0.261799	1.683268	0.374177	24	13	13	709.939
2.617994	0.700570	1.559208	108	12	25	709.818
2.879793	1.948085	-2.363031	89	10	100	709.816
2.617994	1.658653	-2.409879	21	93	102	709.685
-1.570796	1.242974	-2.977882	91	98	98	709.658
-2.879793	0.618092	2.539118	27	5	6	709.620
1.570796	1.599406	1.426070	16	7	90	709.581
-0.523599	1.998705	2.370472	1	6	26	709.500
1.570796	1.875281	0.107086	6	97	89	709.377
-1.047198	2.187132	-0.479875	24	96	101	709.331
-2.879793	1.134796	2.434290	104	93	4	709.151
-0.261799	1.194549	-0.801900	28	103	103	709.075
1.047198	0.685216	-1.712745	24	98	102	709.060
-0.785398	1.809167	1.213774	109	4	22	709.027
-0.261799	0.864993	2.278281	21	12	10	708.896
1.570796	1.194549	-0.801900	5	89	109	708.836
-1.047198	1.732874	-0.951685	8	92	104	708.647
2.094395	1.599406	1.426070	99	1	24	708.604
-2.094395	2.664082	-1.071402	105	89	103	708.507
-2.094395	2.478122	2.609777	8	23	5	708.484
1.047198	0.080730	-2.622036	15	90	95	708.382
0.523599	0.961715	0.014085	106	91	96	708.374
1.308997	1.875281	0.107086	2	95	89	708.346
-1.308997	2.001437	0.381215	102	90	94	708.208
-0.785398	2.108018	1.311430	111	4	26	708.155
2.356194	1.756530	-2.105156	103	93	90	708.144
-3.141593	1.195355	1.200319	106	90	94	708.047
-1.570796	1.904882	-1.478089	110	97	91	708.032
2.356194	1.448123	-2.163292	11	88	101	707.938
-0.785398	2.719179	-1.780644	92	91	99	707.910
0.000000	1.135813	-2.658866	7	10	84	707.888
1.047198	1.134497	-1.109631	1	9	84	707.827
2.879793	2.089241	-0.114193	101	96	96	707.729
1.047198	1.218453	2.777284	102	94	3	707.619
1.570796	1.721184	-0.153948	3	98	89	707.549
0.785398	0.906588	1.252948	14	88	102	707.365
-2.879793	1.732874	-0.951685	22	18	4	707.236
1.570796	2.664082	-1.071402	82	12	7	707.208
1.570796	1.218453	2.777284	14	14	98	707.148
-1.832596	1.870545	-2.976234	100	8	21	707.082
0.523599	1.194549	-0.801900	5	12	88	706.983
2.879793	1.732874	-0.951685	0	86	103	706.980
2.617994	2.979456	-1.009304	24	12	102	706.817
-2.094395	2.863997	0.549740	101	94	88	706.811
0.785398	2.719179	-1.780644	105	0	20	706.669
-2.094395	1.184361	0.625864	107	90	98	706.618
-2.879793	0.419640	2.974122	13	93	96	706.574
0.785398	1.555207	1.708892	101	8	24	706.362
-2.356194	0.591903	2.010408	108	91	105	706.229
-2.879793	1.812176	0.656819	29	5	0	706.201
-0.523599	0.992645	-1.723759	9	94	98	706.182
-2.356194	1.195355	1.200319	1	91	97	706.020
-0.261799	2.456751	-1.503343	107	16	91	706.011
-0.523599	1.025536	1.576859	107	83	111	705.953
-2.094395	1.599406	1.426070	7	90	110	705.950
-0.261799	2.108018	1.311430	23	9	17	705.938
-0.261799	2.587733	0.232235	0	92	4	705.936
-2.617994	0.864993	2.278281	102	93	110	705.738
-0.261799	2.073035	2.027405	95	4	91	705.698
-0.261799	1.413430	2.550734	106	100	88	705.599
0.523599	1.766067	2.153843	104	105	86	705.473
-2.356194	2.089241	-0.114193	101	89	103	705.459
-0.785398	1.569311	-3.003978	28	11	7	705.402
-1.308997	2.984978	1.954446	93	102	11	705.378
-1.308997	0.864993	2.278281	94	89	108	705.260
-2.617994	1.869911	2.701025	23	11	0	705.229
-2.356194	2.138223	1.678323	2	111	26	705.153
-1.832596	0.906588	1.252948	107	96	96	705.153
2.094395	2.174483	2.653697	99	0	87	705.127
2.879793	0.850607	-1.335383	28	103	108	704.884
2.879793	1.135834	-1.431087	110	11	88	704.884
-0.261799	0.379747	-1.713059	99	93	108	704.530
1.832596	2.396274	-1.959260	7	95	91	704.386
-1.570796	1.662363	0.915448	104	104	86	704.299
0.261799	0.370812	-2.547742	102	91	95	704.256
1.047198	0.961715	0.014085	2	95	94	704.251
-2.356194	1.555207	1.708892	20	5	24	704.248
-2.879793	0.370812	-2.547742	25	8	108	704.053
2.617994	0.992645	-1.723759	105	2	79	703.956
-0.261799	1.014500	0.906702	111	87	100	703.857
-2.356194	2.063651	-2.044600	30	111	8	703.769
-2.879793	0.290380	-0.796960	84	5	103	703.710
1.570796	1.214854	-1.966664	106	99	87	703.488
-2.094395	2.592629	0.909713	107	105	23	703.448
-2.356194	1.809167	1.213774	8	2	28	703.428
-1.832596	2.760637	2.781135	11	11	98	703.417
1.047198	0.458961	-0.107937	18	16	106	703.408
-2.356194	0.496451	0.593859	90	104	11	703.378
0.261799	0.864993	2.278281	3	90	101	703.286
1.047198	1.909857	-0.381669	5	90	91	703.257
-0.785398	1.617114	-1.572037	2	104	87	703.210
1.570796	1.732874	-0.951685	103	93	100	702.907
-2.879793	1.367556	0.358405	30	96	1	702.706
-0.523599	2.089241	-0.114193	18	96	96	702.610
-0.785398	2.637879	2.121598	109	108	24	702.608
-1.570796	1.982574	-1.115518	107	96	92	702.600
-1.308997	2.724429	-0.348782	5	89	110	702.537
1.570796	1.998705	2.370472	104	111	86	702.474
2.094395	1.310100	1.488307	102	108	21	702.470
1.570796	0.899350	-2.069907	7	93	98	702.337
0.000000	1.214854	-1.966664	99	101	89	702.335
0.523599	2.979456	-1.009304	19	15	0	702.288
-1.308997	1.569311	-3.003978	96	94	96	702.084
1.832596	2.592629	0.909713	22	10	7	701.947
0.261799	1.128190	-2.288622	100	103	87	701.845
-0.523599	2.587733	0.232235	101	11	84	701.818
-1.047198	1.658653	-2.409879	106	14	86	701.788
2.356194	1.247695	1.809890	103	106	18	701.646
2.617994	1.904882	-1.478089	105	95	90	701.613
-0.261799	1.391910	3.030322	110	100	92	701.553
-2.879793	2.299159	2.264663	109	24	10	701.438
-2.617994	0.866395	-2.492918	23	11	105	701.421
0.785398	1.875281	0.107086	22	14	3	701.383
-1.047198	1.413347	-1.339188	107	97	91	701.378
-1.308997	1.128190	-2.288622	97	95	106	701.332
-2.879793	1.599406	1.426070	3	1	25	701.253
-1.308997	2.587733	0.232235	101	92	3	701.185
-1.047198	2.863997	0.549740	2	93	94	701.184
-3.141593	0.418037	1.360082	93	108	17	701.066
-0.785398	1.450119	-2.739050	15	14	87	700.815
2.356194	0.458961	-0.107937	1	5	88	700.764
-2.356194	0.733948	3.021411	29	7	110	700.662
1.832596	1.870545	-2.976234	4	89	99	700.581
0.785398	0.866955	-0.931351	102	107	85	700.423
1.570796	2.456751	-1.503343	92	13	94	700.405
-2.879793	2.979456	-1.009304	98	97	94	700.383
-1.047198	1.977582	0.969896	0	2	25	700.374
-1.308997	0.370812	-2.547742	27	2	8	700.349
2.617994	1.510910	-0.740472	105	88	103	700.297
-1.308997	0.914445	2.687814	29	106	14	700.140
-2.094395	1.555207	1.708892	15	6	26	700.088
2.879793	2.356369	3.005869	96	108	90	700.035
-0.523599	2.343981	-1.040456	17	13	100	699.953
1.047198	2.104282	-0.813972	2	88	93	699.876
1.047198	2.587733	0.232235	18	17	0	699.637
-2.617994	1.135834	-1.431087	8	1	88	699.614
1.570796	1.977582	0.969896	21	8	88	699.514
0.523599	1.025536	1.576859	105	8	22	699.496
2.094395	2.396274	-1.959260	92	93	100	699.474
0.785398	1.194549	-0.801900	4	13	88	699.210
-2.356194	2.881233	-2.582574	93	100	94	699.160
2.356194	0.866955	-0.931351	95	94	93	699.136
2.356194	1.606104	-0.451151	105	100	90	699.011
-3.141593	0.850607	-1.335383	102	17	93	698.996
2.879793	0.618092	2.539118	101	91	109	698.931
-1.308997	1.982574	-1.115518	109	95	96	698.839
-2.879793	1.982574	-1.115518	99	87	97	698.673
0.000000	1.014500	0.906702	1	100	89	698.569
-2.094395	1.569311	-3.003978	108	24	7	698.547
-1.047198	0.992645	-1.723759	32	1	5	698.527
0.523599	1.599406	1.426070	34	106	109	698.443
-1.047198	0.866395	-2.492918	111	91	108	698.262
2.094395	1.134497	-1.109631	98	12	86	698.167
2.094395	1.846342	-1.796954	97	96	91	698.151
2.617994	1.184361	0.625864	111	85	111	698.021
-2.617994	2.247462	0.191623	0	6	81	697.924
2.094395	1.194549	-0.801900	95	14	90	697.834
-2.617994	1.741644	-2.695914	30	1	3	697.550
2.617994	1.606104	-0.451151	92	95	94	697.517
-0.785398	0.831641	0.616218	90	95	98	697.491
-0.261799	1.545873	-1.877082	19	100	102	697.458
1.308997	2.001437	0.381215	14	12	24	697.435
-0.261799	2.979456	-1.009304	1	89	106	697.403
-2.094395	2.456751	-1.503343	29	110	12	697.376
-0.523599	0.700570	1.559208	16	1	25	697.359
0.785398	2.001437	0.381215	19	12	21	697.331
2.617994	1.599406	1.426070	105	2	23	697.022
1.832596	1.025536	1.576859	104	110	20	696.808
1.308997	1.977582	0.969896	14	91	5	696.792
1.308997	1.310100	1.488307	32	9	2	696.776
2.879793	0.674054	1.013609	108	100	14	696.732
-0.261799	0.203748	0.590255	29	4	6	696.550
2.094395	1.413347	-1.339188	0	4	86	696.509
0.523599	0.418037	1.360082	3	89	99	696.470
-2.094395	0.914445	2.687814	29	6	8	696.437
-2.094395	2.984978	1.954446	103	90	105	696.410
-0.523599	1.699788	2.452890	111	104	22	696.391
0.785398	1.869911	2.701025	106	91	2	696.135
1.570796	1.506530	1.988858	14	10	90	696.060
-2.879793	1.904882	-1.478089	104	87	93	695.961
0.523599	1.569311	-3.003978	87	105	92	695.928
2.879793	2.863997	0.549740	105	91	102	695.811
1.308997	2.393226	1.857173	92	106	89	695.804
-1.308997	2.251330	-2.330739	9	24	2	695.750
2.617994	1.218453	2.777284	102	103	81	695.549
2.356194	1.870545	-2.976234	103	99	13	695.296
-1.047198	0.850607	-1.335383	4	90	105	695.227
-3.141593	0.866955	-0.931351	2	109	86	695.190
0.523599	1.184361	0.625864	0	99	16	695.150
1.570796	0.864993	2.278281	102	100	12	694.798
2.879793	1.195355	1.200319	110	101	21	694.754
0.000000	1.045978	0.343692	101	15	21	694.651
2.094395	0.850607	-1.335383	107	8	82	694.651
-2.094395	0.899350	-2.069907	107	14	87	694.629
-0.261799	0.674054	1.013609	1	87	106	694.590
0.785398	1.504028	0.636812	11	13	24	694.519
0.523599	2.587733	0.232235	24	11	17	694.237
0.261799	2.456751	-1.503343	8	12	95	694.212
-2.879793	1.809167	1.213774	4	1	28	694.201
-0.785398	2.041297	-2.664597	104	23	97	694.133
2.879793	1.325504	-1.671296	0	9	88	693.978
-1.832596	1.448123	-2.163292	3	11	87	693.969
-1.570796	0.615174	-0.666022	108	89	92	693.967
0.261799	2.592629	0.909713	105	95	105	693.963
0.261799	2.404280	-0.174044	20	17	1	693.940
2.617994	1.869911	2.701025	106	98	16	693.854
-0.261799	0.906588	1.252948	97	88	102	693.839
0.523599	2.724429	-0.348782	4	0	80	693.811
2.356194	1.721184	-0.153948	2	101	90	693.562
1.832596	0.960688	-0.577532	106	105	86	693.493
0.785398	1.846342	-1.796954	97	90	95	693.360
-0.785398	2.478122	2.609777	111	85	99	693.357
-1.832596	2.138223	1.678323	92	97	90	693.353
-2.356194	1.658653	-2.409879	109	13	91	693.265
-3.141593	1.247695	1.809890	105	89	96	693.234
-0.523599	1.218453	2.777284	108	90	97	693.181
0.000000	2.356369	3.005869	107	7	90	693.132
1.832596	0.831641	0.616218	105	2	20	693.111
2.617994	0.831641	0.616218	88	5	93	692.986
-0.523599	2.033014	2.977192	110	0	87	692.985
0.000000	0.961715	0.014085	89	96	97	692.982
-1.047198	1.599406	1.426070	106	0	20	692.828
-2.879793	2.404280	-0.174044	0	88	111	692.684
-1.832596	1.756530	-2.105156	7	10	89	692.653
0.261799	0.866955	-0.931351	104	86	104	692.492
-2.094395	0.458961	-0.107937	97	24	5	692.469
1.832596	0.906588	1.252948	4	16	22	692.462
1.047198	1.904882	-1.478089	107	90	2	692.375
-1.047198	0.591903	2.010408	15	92	106	692.342
-2.094395	1.699788	2.452890	107	91	100	692.162
2.617994	0.674054	1.013609	103	95	10	692.141
-1.832596	2.587733	0.232235	99	97	87	692.115
2.356194	1.658653	-2.409879	106	91	89	692.104
0.785398	2.637879	2.121598	3	91	0	692.097
-1.047198	0.910508	1.903534	94	89	104	692.008
-0.261799	1.870545	-2.976234	110	110	88	692.007
-1.047198	2.001437	0.381215	29	99	1	691.857
2.356194	0.496451	0.593859	29	9	15	691.855
-0.261799	1.555207	1.708892	23	13	9	691.839
0.785398	1.766067	2.153843	28	7	1	691.817
0.261799	0.619654	-2.216909	6	92	99	691.713
1.570796	0.961715	0.014085	29	9	108	691.700
0.261799	1.699788	2.452890	1	95	14	691.640
1.047198	2.379497	0.561089	20	7	24	691.551
-1.308997	2.478122	2.609777	104	88	103	691.516
-1.570796	1.948085	-2.363031	96	93	103	691.357
-2.617994	1.569311	-3.003978	31	0	8	691.287
-1.832596	0.866395	-2.492918	107	19	92	691.109
1.832596	0.961715	0.014085	0	23	8	691.043
2.356194	0.290380	-0.796960	0	24	110	690.992
0.523599	1.242974	-2.977882	94	98	94	690.920
1.570796	1.335669	0.897240	13	4	90	690.818
1.047198	2.108018	1.311430	2	9	85	690.742
-1.570796	1.766067	2.153843	111	9	23	690.733
-0.523599	1.824694	1.850876	1	84	98	690.709
0.261799	1.194549	-0.801900	15	17	93	690.656
-1.832596	1.045978	0.343692	15	88	103	690.572
-1.308997	2.115563	0.685730	100	96	8	690.522
1.308997	2.455966	-0.641220	105	10	86	690.463
-1.570796	1.812176	0.656819	100	96	8	690.454
0.523599	1.824694	1.850876	26	6	109	690.445
-1.570796	0.290380	-0.796960	99	90	102	690.404
-2.617994	0.929350	-2.910676	23	13	107	690.311
-2.879793	1.113094	-0.272241	20	90	104	690.210
2.879793	0.685216	-1.712745	0	92	94	690.129
-2.879793	0.418037	1.360082	101	89	106	690.075
-1.308997	2.180315	-1.357379	106	3	84	689.803
1.308997	1.168678	2.108595	105	4	22	689.586
-2.356194	1.050534	3.042579	9	91	98	689.511
-2.356194	1.134796	2.434290	92	97	1	689.146
-2.094395	0.640596	-2.797608	5	23	108	689.141
-1.047198	1.025536	1.576859	111	90	100	689.079
1.570796	0.080730	-2.622036	27	96	97	689.017
1.047198	2.579248	-2.364801	110	13	95	689.008
-0.523599	0.961715	0.014085	108	86	102	688.922
-3.141593	2.979456	-1.009304	99	90	110	688.851
-1.047198	1.367556	0.358405	103	87	101	688.836
-1.832596	2.664082	-1.071402	7	89	105	688.809
2.356194	2.456751	-1.503343	107	89	110	688.786
-0.523599	1.214854	-1.966664	16	96	101	688.732
0.000000	2.063651	-2.044600	7	8	89	688.704
-2.879793	1.325504	-1.671296	107	13	90	688.674
2.094395	0.866395	-2.492918	18	9	102	688.545
1.047198	0.203748	0.590255	0	89	101	688.481
2.094395	1.904882	-1.478089	105	91	106	688.461
-2.617994	2.295480	1.008277	106	99	87	688.438
1.570796	1.256302	0.062705	111	24	4	688.344
0.523599	1.413347	-1.339188	1	105	87	688.323
2.617994	2.404280	-0.174044	22	94	104	688.271
-1.047198	2.724429	-0.348782	108	90	111	688.249
-0.523599	0.960688	-0.577532	95	89	101	688.212
-2.617994	1.766067	2.153843	103	92	98	688.211
0.261799	2.001437	0.381215	89	99	2	688.200
2.356194	0.899350	-2.069907	16	11	102	688.182
0.261799	1.809167	1.213774	32	99	105	688.150
-1.570796	1.696674	-1.253233	108	95	92	688.150
2.617994	1.450119	-2.739050	99	86	103	688.086
-1.832596	0.418037	1.360082	11	93	98	688.036
1.832596	1.696674	-1.253233	0	91	0	687.965
-1.570796	1.872854	1.543456	91	95	93	687.930
-0.261799	1.134796	2.434290	20	10	15	687.908
-0.785398	2.587733	0.232235	103	12	84	687.875
-1.832596	1.812176	0.656819	109	108	85	687.864
0.000000	2.404280	-0.174044	25	15	10	687.797
-3.141593	2.396274	-1.959260	107	90	95	687.721
-1.308997	2.174483	2.653697	96	90	108	687.609
-2.094395	1.134796	2.434290	86	104	12	687.472
-2.879793	0.685216	-1.712745	28	106	111	687.441
-2.094395	2.164094	-2.991358	100	103	90	687.405
0.000000	1.242974	-2.977882	108	98	97	687.214
-1.308997	2.063651	-2.044600	108	89	4	687.182
2.356194	2.637879	2.121598	100	103	87	687.146
-0.785398	2.115563	0.685730	110	0	83	687.007
-1.570796	1.555207	1.708892	96	94	94	686.700
0.261799	2.724429	-0.348782	27	9	11	686.683
1.047198	1.869911	2.701025	107	91	106	686.589
-0.261799	2.379497	0.561089	22	13	8	686.544
-2.617994	0.850607	-1.335383	27	1	17	686.538
1.570796	1.982574	-1.115518	111	90	107	686.404
-0.785398	2.153910	-1.714959	7	13	90	686.309
0.000000	1.335669	0.897240	1	89	93	686.266
1.047198	2.724429	-0.348782	18	16	1	686.135
-1.570796	2.664082	-1.071402	99	91	107	686.104
-2.094395	1.335669	0.897240	100	93	5	686.030
1.308997	2.592629	0.909713	22	4	24	685.853
-2.617994	2.063651	-2.044600	3	15	90	685.831
-1.570796	1.506530	1.988858	105	89	106	685.827
2.879793	2.180315	-1.357379	99	90	96	685.709
2.617994	1.545873	-1.877082	18	92	102	685.690
0.785398	0.370812	-2.547742	100	92	96	685.633
1.570796	2.001437	0.381215	105	101	20	685.595
-1.308997	1.488617	1.159546	110	3	21	685.583
1.047198	1.809167	1.213774	7	0	84	685.447
-1.308997	2.456751	-1.503343	26	11	0	685.415
1.047198	2.349581	-2.702517	5	18	97	685.344
-2.879793	2.063651	-2.044600	3	98	88	685.314
-1.308997	1.310100	1.488307	110	93	96	685.264
1.570796	1.135834	-1.431087	104	102	85	685.214
2.356194	0.615174	-0.666022	111	5	85	685.211
1.570796	0.709924	0.218797	93	106	13	685.201
-2.617994	1.413347	-1.339188	20	17	11	685.196
2.879793	2.343981	-1.040456	98	90	101	685.157
-3.141593	2.637879	2.121598	26	7	8	685.111
-1.047198	2.637879	2.121598	1	87	95	685.086
0.523599	1.218453	2.777284	107	96	99	685.076
-2.094395	0.591903	2.010408	95	94	104	685.071
-1.047198	2.455966	-0.641220	9	94	99	684.688
2.356194	2.704512	1.488683	23	9	7	684.657
1.308997	0.379747	-1.713059	105	99	86	684.550
-0.523599	2.356369	3.005869	111	4	90	684.445
1.047198	2.174483	2.653697	37	107	111	684.233
0.000000	0.733948	3.021411	105	95	104	684.179
-0.785398	1.218453	2.777284	105	98	87	684.177
1.570796	1.617114	-1.572037	92	101	90	684.128
2.879793	0.992645	-1.723759	104	2	79	683.966
1.308997	1.413347	-1.339188	5	90	4	683.875
2.094395	1.506530	1.988858	104	96	16	683.759
-2.094395	0.080730	-2.622036	15	15	97	683.741
2.094395	1.545873	-1.877082	34	102	109	683.698
-2.356194	2.588535	-2.976617	34	110	7	683.687
0.523599	1.545873	-1.877082	100	101	88	683.618
-0.523599	2.724429	-0.348782	94	97	105	683.603
1.308997	1.413430	2.550734	98	102	13	683.392
0.000000	1.325504	-1.671296	100	104	86	683.140
-2.879793	1.948085	-2.363031	6	4	90	683.029
-1.570796	1.247695	1.809890	3	92	101	682.991
0.261799	1.025536	1.576859	1	10	24	682.989
-0.523599	0.619654	-2.216909	27	8	107	682.911
-2.617994	2.719179	-1.780644	22	90	109	682.857
2.356194	2.295480	1.008277	26	109	18	682.775
2.617994	2.863997	0.549740	102	100	83	682.762
-1.308997	1.998705	2.370472	105	1	86	682.720
1.832596	2.724429	-0.348782	102	93	94	682.588
2.094395	1.025536	1.576859	105	108	20	682.525
-2.617994	2.404280	-0.174044	98	90	106	682.435
-1.047198	2.579248	-2.364801	6	86	109	682.352
-1.832596	2.108018	1.311430	105	101	84	682.235
2.879793	2.063651	-2.044600	108	97	88	682.233
2.094395	1.450119	-2.739050	8	88	99	682.188
0.000000	1.555207	1.708892	19	14	15	682.183
2.356194	1.413347	-1.339188	3	92	99	682.108
1.570796	2.396274	-1.959260	90	100	94	682.054
0.523599	2.637879	2.121598	111	91	0	681.854
2.879793	1.998705	2.370472	22	3	21	681.726
0.523599	1.417623	-0.202254	18	22	1	681.639
1.308997	2.295480	1.008277	6	92	98	681.579
2.879793	1.014500	0.906702	107	97	17	681.510
1.570796	0.618092	2.539118	95	90	103	681.436
-2.617994	2.251330	-2.330739	91	105	96	681.389
-1.308997	0.906588	1.252948	91	96	97	681.298
-1.570796	1.433411	-1.035986	103	95	91	681.124
2.617994	1.310100	1.488307	105	25	98	681.000
-2.356194	1.242974	-2.977882	30	1	7	680.977
0.261799	0.906588	1.252948	14	10	23	680.889
-0.523599	2.455966	-0.641220	26	13	4	680.782
1.570796	1.904882	-1.478089	111	92	1	680.649
0.000000	0.899350	-2.069907	94	105	85	680.558
-2.094395	1.658653	-2.409879	106	13	91	680.500
1.308997	0.992645	-1.723759	110	101	86	680.443
0.523599	2.863997	0.549740	106	96	100	680.440
0.261799	2.153910	-1.714959	7	10	91	680.375
1.832596	0.914445	2.687814	97	17	97	680.281
2.094395	2.187132	-0.479875	16	12	15	680.268
-1.047198	2.404280	-0.174044	97	13	86	680.220
-3.141593	1.875281	0.107086	110	86	111	680.156
-0.523599	1.045978	0.343692	91	97	94	679.821
0.523599	1.135834	-1.431087	3	101	88	679.760
-1.047198	1.247695	1.809890	108	87	105	679.756
2.356194	1.732874	-0.951685	90	96	94	679.608
1.047198	0.910508	1.903534	29	7	8	679.435
-1.570796	1.599406	1.426070	100	97	91	679.420
0.000000	0.866955	-0.931351	109	88	100	679.410
2.356194	0.297065	2.160177	96	105	17	679.364
-2.094395	1.554776	0.100351	108	87	4	679.328
1.570796	2.063651	-2.044600	83	104	93	679.280
-1.047198	1.872854	1.543456	1	11	26	679.240
2.617994	0.910508	1.903534	0	96	87	679.225
0.261799	1.256302	0.062705	93	94	94	679.133
-2.617994	1.948085	-2.363031	109	85	104	678.916
-2.617994	1.488617	1.159546	2	106	87	678.901
-1.832596	1.335669	0.897240	105	95	10	678.757
-2.617994	1.195355	1.200319	106	91	96	678.669
1.570796	1.809167	1.213774	24	9	92	678.646
1.047198	1.391910	3.030322	110	91	9	678.493
1.308997	1.391910	3.030322	90	92	99	678.472
0.523599	1.982574	-1.115518	110	1	85	678.375
-2.094395	2.979456	-1.009304	22	7	12	678.262
-2.356194	0.866395	-2.492918	3	87	101	678.252
-1.570796	1.756530	-2.105156	95	94	108	678.174
-3.141593	0.899350	-2.069907	3	6	84	678.162
1.570796	1.301460	-0.509251	101	91	101	678.126
0.261799	2.295480	1.008277	111	3	82	678.067
2.094395	2.407836	1.410646	23	5	16	677.895
0.000000	2.704512	1.488683	99	92	3	677.739
-0.785398	0.762244	-0.273349	95	89	105	677.691
2.356194	2.104282	-0.813972	95	95	97	677.601
-1.308997	1.662363	0.915448	6	4	26	677.556
-2.356194	1.875281	0.107086	103	88	103	677.477
-1.308997	1.504028	0.636812	25	94	111	677.435
-1.570796	1.846342	-1.796954	99	21	12	677.318
-1.047198	1.504028	0.636812	107	85	102	677.244
1.047198	1.335669	0.897240	1	3	86	677.155
-3.141593	1.325504	-1.671296	108	9	87	677.121
0.523599	0.700570	1.559208	10	12	24	677.083
2.094395	0.080730	-2.622036	9	93	95	676.924
0.261799	1.134497	-1.109631	1	88	98	676.766
1.570796	2.073035	2.027405	105	107	85	676.750
2.094395	1.683268	0.374177	109	92	98	676.580
-0.523599	0.762244	-0.273349	95	109	89	676.414
-2.094395	0.297065	2.160177	98	93	104	676.332
0.261799	2.664082	-1.071402	99	88	99	676.297
-1.047198	0.961715	0.014085	105	88	111	676.297
-1.308997	1.134796	2.434290	28	102	15	676.196
2.879793	1.367556	0.358405	103	91	95	676.179
2.356194	1.617114	-1.572037	109	89	99	676.064
0.523599	1.134796	2.434290	3	95	95	675.989
-1.570796	1.135813	-2.658866	91	98	102	675.853
1.570796	1.025536	1.576859	102	0	19	675.847
-0.261799	2.579248	-2.364801	100	87	103	675.727
-3.141593	0.379747	-1.713059	12	11	91	675.680
2.879793	1.184361	0.625864	1	21	94	675.611
2.094395	2.073035	2.027405	1	109	85	675.524
-0.785398	0.733948	3.021411	4	26	109	675.511
-1.047198	1.617114	-1.572037	0	92	102	675.402
0.261799	0.080730	-2.622036	97	91	102	675.254
2.094395	1.510910	-0.740472	104	15	92	675.217
0.785398	1.977582	0.969896	1	4	84	675.182
-0.785398	0.866395	-2.492918	103	95	106	674.985
-1.047198	2.407836	1.410646	109	2	26	674.905
0.000000	0.960688	-0.577532	102	85	100	674.816
-0.523599	0.418037	1.360082	28	9	1	674.721
0.785398	2.349581	-2.702517	107	86	105	674.639
-1.047198	2.174483	2.653697	108	1	87	674.608
-2.879793	0.831641	0.616218	10	11	93	674.552
0.523599	2.478122	2.609777	110	88	101	674.525
2.879793	0.866395	-2.492918	17	9	99	674.520
-0.523599	0.914445	2.687814	20	11	14	674.454
-2.879793	1.488617	1.159546	4	109	27	674.394
-2.617994	1.247695	1.809890	107	92	6	674.035
-0.261799	1.699788	2.452890	106	95	15	674.014
-0.261799	1.998705	2.370472	101	4	87	673.926
0.785398	0.864993	2.278281	30	4	13	673.726
-0.523599	1.168678	2.108595	5	108	27	673.566
-0.523599	1.506530	1.988858	29	103	14	673.492
2.617994	1.194549	-0.801900	99	16	95	673.355
-1.832596	2.180315	-1.357379	29	3	1	673.324
-3.141593	1.736875	3.023612	0	88	94	673.159
-0.785398	2.104282	-0.813972	105	105	83	673.129
1.047198	1.617114	-1.572037	102	93	6	673.091
2.879793	1.574060	2.783565	99	92	92	672.961
-0.261799	2.063651	-2.044600	20	91	111	672.955
0.785398	0.960688	-0.577532	22	15	107	672.896
-3.141593	1.194549	-0.801900	29	11	7	672.896
-0.523599	2.041297	-2.664597	111	107	91	672.779
-2.617994	0.496451	0.593859	95	25	6	672.750
-1.308997	0.290380	-0.796960	108	88	101	672.613
-0.261799	0.762244	-0.273349	108	85	105	672.533
0.000000	1.574060	2.783565	0	103	88	672.506
-0.261799	1.977582	0.969896	2	1	85	672.477
0.785398	1.310100	1.488307	105	11	23	672.462
-2.879793	1.909857	-0.381669	11	23	98	672.430
2.879793	0.929350	-2.910676	110	9	26	672.357
0.523599	1.510910	-0.740472	5	17	92	672.289
-1.047198	2.073035	2.027405	109	9	24	672.217
-2.879793	1.014500	0.906702	105	7	20	672.209
0.000000	0.929350	-2.910676	0	6	81	671.947
2.879793	1.696674	-1.253233	110	99	87	671.845
-0.523599	1.256302	0.062705	108	9	20	671.723
-2.094395	1.433411	-1.035986	15	19	5	671.688
-1.308997	0.379747	-1.713059	5	24	2	671.672
-2.356194	2.001437	0.381215	9	86	2	671.426
-2.879793	1.218453	2.777284	4	86	103	671.398
-1.047198	2.164094	-2.991358	2	14	21	671.356
1.047198	2.089241	-0.114193	110	99	81	671.344
2.356194	1.134497	-1.109631	94	93	96	671.205
1.832596	1.413347	-1.339188	96	100	88	671.195
0.261799	0.762244	-0.273349	108	108	86	671.165
2.879793	2.587733	0.232235	8	96	90	671.096
-1.047198	0.914445	2.687814	29	107	14	670.906
-0.261799	1.045978	0.343692	102	104	87	670.878
-0.785398	1.824694	1.850876	108	85	98	670.668
-0.785398	2.592629	0.909713	111	89	100	670.643
2.617994	2.356369	3.005869	10	9	22	670.531
0.785398	2.979456	-1.009304	97	17	96	670.527
0.000000	0.370812	-2.547742	96	93	97	670.396
1.832596	1.545873	-1.877082	31	95	111	670.387
-1.308997	1.658653	-2.409879	100	89	106	670.344
2.617994	1.948085	-2.363031	107	87	94	670.340
1.570796	2.299159	2.264663	100	105	90	670.302
2.879793	1.599406	1.426070	28	109	105	670.081
-1.570796	2.588535	-2.976617	95	91	94	669.951
2.356194	1.736875	3.023612	22	92	106	669.873
0.523599	2.407836	1.410646	105	94	106	669.746
-1.047198	1.545873	-1.877082	3	90	1	669.630
1.832596	1.413430	2.550734	106	106	20	669.508
0.785398	1.870545	-2.976234	109	88	3	669.398
0.000000	2.637879	2.121598	100	4	27	669.325
-0.261799	1.574060	2.783565	101	103	91	669.305
-1.308997	1.875281	0.107086	109	92	89	669.224
2.617994	2.455966	-0.641220	103	92	104	669.057
1.047198	1.025536	1.576859	106	12	22	668.948
2.617994	1.242974	-2.977882	2	15	25	668.842
-1.832596	1.025536	1.576859	23	8	20	668.789
0.785398	1.506530	1.988858	32	111	4	668.676
2.356194	0.733948	3.021411	18	88	8	668.655
-2.094395	1.545873	-1.877082	28	3	4	668.536
2.617994	1.662363	0.915448	106	104	26	668.444
2.094395	1.014500	0.906702	89	10	97	668.423
-2.356194	2.984978	1.954446	99	97	86	668.235
1.832596	1.135834	-1.431087	97	95	98	668.220
1.570796	0.910508	1.903534	101	103	14	668.070
-2.356194	0.929350	-2.910676	109	90	97	668.032
-0.261799	1.374601	-2.456031	24	100	100	668.014
-0.785398	0.685216	-1.712745	99	94	96	667.971
-1.308997	2.664082	-1.071402	91	18	98	667.956
-0.785398	1.440580	2.260026	104	90	92	667.912
0.785398	1.809167	1.213774	102	93	107	667.859
2.094395	1.875281	0.107086	109	91	102	667.843
-0.523599	1.812176	0.656819	17	88	99	667.719
-2.356194	1.872854	1.543456	24	93	108	667.696
0.523599	1.450119	-2.739050	97	100	92	667.596
1.832596	1.617114	-1.572037	31	95	107	667.573
1.570796	0.866395	-2.492918	17	94	98	667.570
-1.047198	0.370812	-2.547742	87	11	103	667.265
2.617994	0.709924	0.218797	103	88	97	667.219
-0.523599	1.135813	-2.658866	11	14	90	667.138
-1.308997	2.579248	-2.364801	9	24	5	667.125
-0.785398	2.295480	1.008277	25	8	17	667.046
2.617994	0.961715	0.014085	111	3	87	666.960
-0.523599	1.736875	3.023612	89	15	108	666.929
-1.047198	1.812176	0.656819	28	100	0	666.927
-3.141593	2.251330	-2.330739	14	14	18	666.851
0.000000	1.909857	-0.381669	19	17	102	666.841
-3.141593	2.704512	1.488683	5	22	7	666.703
-2.879793	1.168678	2.108595	16	85	107	666.656
-1.047198	1.574060	2.783565	93	106	91	666.644
-0.523599	2.187132	-0.479875	25	99	105	666.633
1.308997	1.766067	2.153843	15	95	107	666.545
1.047198	1.982574	-1.115518	6	8	91	666.436
1.832596	2.033014	2.977192	12	88	109	666.416
-1.832596	1.413430	2.550734	94	111	87	666.392
-0.523599	1.014500	0.906702	99	91	96	666.337
-2.094395	1.506530	1.988858	108	11	22	666.277
0.261799	2.704512	1.488683	23	0	20	666.255
2.879793	1.836682	-0.676006	0	86	106	666.209
1.570796	0.733948	3.021411	102	88	103	666.109
-2.356194	0.080730	-2.622036	109	91	99	665.931
-3.141593	0.929350	-2.910676	106	92	89	665.931
