128	1.2	0
-3.141593	1.599406	1.426070
-3.073359	1.596931	-1.974856
../4ake_monomer_m.pdb	-4.614	-10.749	-3.709
../4ake_monomer_m.pdb	-1.733	-4.958	-17.533
-2.617994	2.592629	0.909713	1	109	117	1027.653
2.356194	1.696674	-1.253233	28	1	2	1012.965
-3.141593	1.658653	-2.409879	0	22	10	936.761
-2.879793	2.704512	1.488683	119	110	120	927.535
-2.617994	0.496451	0.593859	121	22	0	885.060
-1.570796	0.866395	-2.492918	13	13	21	870.584
2.356194	0.910508	1.903534	117	24	0	862.041
-2.617994	0.850607	-1.335383	118	30	7	859.641
1.308997	1.599406	1.426070	125	10	24	851.633
-2.356194	0.571433	-1.188419	112	13	13	850.834
2.617994	0.910508	1.903534	114	24	127	849.013
0.000000	1.809167	1.213774	2	107	118	845.485
-1.570796	1.683268	0.374177	22	122	24	845.199
-3.141593	1.050534	3.042579	7	34	1	839.477
1.570796	1.168678	2.108595	123	28	1	838.586
2.094395	1.812176	0.656819	3	34	8	832.090
2.617994	0.591903	2.010408	113	24	1	828.843
1.832596	1.247695	1.809890	125	34	119	824.824
2.617994	1.247695	1.809890	115	24	125	824.324
-2.356194	0.379747	-1.713059	20	13	16	821.743
1.570796	1.599406	1.426070	23	6	117	820.635
-2.879793	2.592629	0.909713	126	108	116	818.795
-2.879793	0.700570	1.559208	116	120	7	817.132
-2.356194	0.762244	-0.273349	8	25	3	815.957
0.785398	1.555207	1.708892	27	14	4	815.515
-1.832596	0.615174	-0.666022	4	27	7	815.328
0.261799	1.809167	1.213774	124	22	15	814.824
1.570796	0.914445	2.687814	119	24	7	813.082
-0.261799	2.299159	2.264663	114	28	125	811.133
-2.356194	0.733948	3.021411	116	3	15	807.573
2.879793	1.450119	-2.739050	114	24	13	805.530
0.523599	1.555207	1.708892	29	11	4	803.853
-1.047198	1.168678	2.108595	119	22	19	799.340
-0.261799	1.555207	1.708892	126	29	5	798.742
-1.308997	1.134796	2.434290	119	25	16	797.468
-1.832596	1.741644	-2.695914	125	13	18	797.065
1.832596	1.134796	2.434290	118	25	5	795.627
2.879793	0.910508	1.903534	112	23	0	795.552
0.785398	1.872854	1.543456	123	4	23	795.456
1.832596	1.168678	2.108595	120	26	2	792.963
-2.879793	2.115563	0.685730	127	113	112	792.333
-1.832596	0.619654	-2.216909	16	13	19	790.537
-0.785398	0.733948	3.021411	19	11	20	790.103
2.356194	1.025536	1.576859	117	26	125	787.259
0.523599	2.760637	2.781135	109	25	0	786.996
-2.879793	2.407836	1.410646	117	113	119	784.752
1.570796	1.875281	0.107086	8	1	104	781.437
0.785398	1.554776	0.100351	112	0	123	781.414
-2.617994	2.704512	1.488683	123	108	119	779.103
-2.356194	2.187132	-0.479875	8	21	6	778.553
1.308997	2.760637	2.781135	106	22	126	778.123
1.832596	0.914445	2.687814	116	24	8	775.107
0.523599	1.824694	1.850876	30	11	6	774.415
2.617994	1.904882	-1.478089	101	127	119	772.874
-0.261799	0.866395	-2.492918	113	13	11	772.548
2.879793	1.504028	0.636812	110	125	14	769.279
-2.879793	1.134497	-1.109631	120	33	2	766.125
1.570796	1.050534	3.042579	118	24	11	764.041
0.785398	1.699788	2.452890	14	4	109	763.106
1.047198	2.251330	-2.330739	24	116	1	761.252
2.356194	1.662363	0.915448	122	22	109	761.142
2.617994	2.180315	-1.357379	100	126	122	759.600
-0.785398	1.977582	0.969896	7	24	9	759.137
1.570796	1.134796	2.434290	119	25	6	758.043
0.000000	2.478122	2.609777	115	28	123	757.855
0.523599	1.367556	0.358405	32	125	19	755.977
1.047198	1.506530	1.988858	25	16	8	755.071
-1.570796	2.343981	-1.040456	2	24	114	754.883
2.879793	2.587733	0.232235	1	109	115	753.054
1.570796	0.733948	3.021411	115	23	10	752.223
-1.570796	1.218453	2.777284	119	30	12	751.498
-2.356194	1.599406	1.426070	21	7	112	750.127
0.261799	1.846342	-1.796954	17	114	100	749.949
-0.523599	0.640596	-2.797608	12	7	21	749.817
-0.261799	0.733948	3.021411	16	5	21	746.878
0.000000	0.080730	-2.622036	3	25	10	746.293
-1.308997	0.619654	-2.216909	12	9	18	746.266
2.356194	1.247695	1.809890	117	25	126	742.830
1.832596	1.599406	1.426070	22	9	117	740.974
-1.308997	1.440580	2.260026	117	24	17	740.237
-2.879793	2.379497	0.561089	1	111	115	740.001
2.094395	1.662363	0.915448	4	31	12	738.922
-2.879793	1.391910	3.030322	3	37	124	738.104
1.047198	0.370812	-2.547742	121	120	17	737.689
-2.094395	1.214854	-1.966664	107	8	7	735.307
-0.261799	1.218453	2.777284	17	2	23	734.691
-0.785398	0.762244	-0.273349	114	115	8	733.962
-0.523599	1.662363	0.915448	4	25	7	732.719
-1.570796	1.699788	2.452890	15	117	108	730.426
-1.308997	0.379747	-1.713059	11	24	14	730.401
-0.523599	1.977582	0.969896	23	7	19	729.862
0.523599	1.554776	0.100351	35	125	15	728.790
0.000000	1.488617	1.159546	126	26	12	727.984
2.617994	1.214854	-1.966664	122	17	15	725.612
2.356194	1.846342	-1.796954	10	13	98	725.525
1.832596	2.115563	0.685730	8	6	105	724.930
1.832596	1.736875	3.023612	16	11	23	721.875
-3.141593	1.256302	0.062705	120	31	11	721.689
-2.617994	2.393226	1.857173	112	111	123	720.494
-1.832596	1.977582	0.969896	118	16	24	720.111
-1.047198	2.343981	-1.040456	14	109	103	719.987
2.617994	1.696674	-1.253233	28	5	1	719.640
-2.879793	0.762244	-0.273349	117	21	15	719.533
-0.523599	0.591903	2.010408	30	122	10	719.288
-2.356194	0.850607	-1.335383	116	27	8	719.084
1.570796	1.506530	1.988858	127	35	122	718.254
0.523599	1.741644	-2.695914	113	4	12	714.977
-1.308997	0.370812	-2.547742	19	16	17	714.558
2.094395	0.910508	1.903534	119	24	127	714.137
-3.141593	0.762244	-0.273349	118	24	15	712.973
-2.356194	2.089241	-0.114193	108	2	20	712.364
2.094395	0.864993	2.278281	116	24	3	712.188
0.261799	1.256302	0.062705	34	122	15	711.524
-2.617994	2.637879	2.121598	110	113	126	711.139
2.879793	0.960688	-0.577532	16	7	106	708.584
2.094395	1.247695	1.809890	109	29	4	707.920
-1.570796	0.379747	-1.713059	114	22	12	707.301
-1.570796	0.458961	-0.107937	18	24	8	707.066
2.356194	1.433411	-1.035986	28	127	0	706.853
1.570796	1.218453	2.777284	120	25	10	706.756
2.617994	0.733948	3.021411	35	8	15	706.446
-1.832596	2.089241	-0.114193	13	2	104	705.984
0.523599	1.413430	2.550734	19	1	109	705.153
-2.617994	0.571433	-1.188419	17	16	15	703.117
-2.094395	1.506530	1.988858	119	11	111	702.991
-1.047198	0.619654	-2.216909	12	21	19	702.938
0.261799	2.637879	2.121598	107	21	0	702.577
-0.523599	1.214854	-1.966664	114	127	9	701.318
1.832596	0.370812	-2.547742	3	8	18	700.963
-2.356194	1.113094	-0.272241	9	25	2	700.953
-3.141593	2.719179	-1.780644	105	18	3	699.963
1.308997	1.948085	-2.363031	109	120	118	699.036
0.523599	1.699788	2.452890	14	4	109	698.085
-0.785398	0.899350	-2.069907	109	14	11	696.072
-2.879793	2.187132	-0.479875	22	19	15	695.234
1.570796	1.721184	-0.153948	9	126	104	694.272
-2.879793	0.914445	2.687814	5	32	10	694.180
2.094395	1.506530	1.988858	118	33	121	694.146
-2.356194	1.872854	1.543456	22	5	110	694.087
-2.356194	1.569311	-3.003978	1	37	124	693.785
2.879793	2.592629	0.909713	120	111	117	692.904
0.523599	1.256302	0.062705	33	2	18	692.181
0.523599	2.984978	1.954446	105	22	1	691.551
0.785398	1.809167	1.213774	114	5	119	690.973
1.308997	1.662363	0.915448	125	8	25	690.596
-2.879793	0.618092	2.539118	4	28	14	689.694
2.094395	1.168678	2.108595	109	28	7	689.259
-0.785398	0.640596	-2.797608	13	5	21	689.097
-2.617994	1.242974	-2.977882	124	13	16	688.943
1.308997	1.440580	2.260026	121	27	9	688.902
-2.617994	2.295480	1.008277	126	111	114	688.797
1.308997	1.809167	1.213774	112	126	119	688.762
0.785398	1.506530	1.988858	28	14	8	688.746
-1.047198	0.866395	-2.492918	9	10	21	688.596
-3.141593	0.914445	2.687814	7	30	7	687.805
2.879793	1.256302	0.062705	122	32	13	687.793
0.523599	2.299159	2.264663	107	20	125	687.460
-1.832596	0.379747	-1.713059	114	24	13	687.424
0.523599	2.063651	-2.044600	12	118	98	686.232
-0.523599	2.251330	-2.330739	1	31	125	685.609
-0.785398	1.741644	-2.695914	111	6	5	684.915
0.523599	2.478122	2.609777	113	27	122	683.395
-0.523599	0.733948	3.021411	17	5	21	682.049
-2.879793	1.574060	2.783565	126	19	14	681.975
2.617994	1.050534	3.042579	108	26	9	681.869
-0.261799	0.458961	-0.107937	25	107	16	680.872
-3.141593	0.674054	1.013609	25	16	127	680.502
1.308997	2.041297	-2.664597	109	118	119	679.827
1.308997	2.396274	-1.959260	24	113	126	679.634
2.356194	1.301460	-0.509251	29	0	115	679.305
2.617994	0.203748	0.590255	19	9	14	678.518
-2.094395	0.960688	-0.577532	7	26	6	677.914
1.570796	2.001437	0.381215	9	4	104	677.854
2.356194	2.115563	0.685730	113	115	114	677.842
-2.617994	2.407836	1.410646	118	110	120	677.680
2.356194	1.135813	-2.658866	14	126	22	676.741
0.785398	2.760637	2.781135	108	22	0	676.608
2.879793	1.242974	-2.977882	110	22	13	676.496
-1.570796	2.164094	-2.991358	33	121	126	676.136
1.308997	1.555207	1.708892	24	4	119	676.076
2.617994	1.025536	1.576859	117	25	123	675.633
0.785398	2.108018	1.311430	126	3	25	675.376
-3.141593	0.571433	-1.188419	22	14	16	675.347
2.356194	1.310100	1.488307	121	29	117	675.117
0.000000	1.195355	1.200319	126	30	8	674.211
-3.141593	1.417623	-0.202254	119	33	6	673.703
-1.570796	1.756530	-2.105156	106	8	7	672.648
-3.141593	1.218453	2.777284	7	33	2	671.891
-0.785398	2.456751	-1.503343	126	29	4	671.824
-1.308997	1.741644	-2.695914	126	34	117	671.738
-0.523599	1.128190	-2.288622	109	12	12	671.320
0.785398	2.478122	2.609777	111	23	123	671.207
-0.523599	0.899350	-2.069907	110	13	11	670.529
-0.785398	2.343981	-1.040456	17	110	102	670.331
2.094395	1.025536	1.576859	120	27	125	670.221
0.523599	2.180315	-1.357379	22	124	99	670.002
0.261799	2.251330	-2.330739	5	119	98	669.919
-3.141593	1.391910	3.030322	7	34	123	669.117
-2.356194	1.846342	-1.796954	122	8	21	668.754
2.879793	1.662363	0.915448	114	125	16	667.969
-2.617994	2.001437	0.381215	115	10	24	667.663
1.047198	2.724429	-0.348782	17	8	24	667.622
-1.832596	2.073035	2.027405	119	106	123	667.170
-2.356194	2.704512	1.488683	126	107	119	666.982
-1.047198	2.664082	-1.071402	16	114	100	666.813
-3.141593	1.766067	2.153843	3	36	3	666.577
1.047198	0.866955	-0.931351	106	20	6	666.206
-2.356194	2.299159	2.264663	112	111	127	664.281
-3.141593	2.295480	1.008277	116	113	117	664.099
-3.141593	0.960688	-0.577532	120	33	4	663.148
-1.570796	2.396274	-1.959260	110	0	9	662.566
1.570796	1.555207	1.708892	123	28	126	662.562
2.356194	0.203748	0.590255	117	10	20	661.633
2.094395	1.555207	1.708892	119	31	117	661.501
1.308997	2.588535	-2.976617	111	26	125	661.400
-1.308997	0.866395	-2.492918	12	15	21	659.886
2.879793	1.374601	-2.456031	19	126	25	659.563
1.308997	1.417623	-0.202254	12	125	104	659.557
-2.879793	1.658653	-2.409879	0	22	11	659.528
-3.141593	1.448123	-2.163292	1	21	13	659.417
2.094395	0.618092	2.539118	113	24	7	659.413
-2.094395	1.242974	-2.977882	124	36	1	659.367
1.570796	1.488617	1.159546	124	14	24	658.828
0.785398	2.588535	-2.976617	114	29	126	658.723
-0.785398	2.863997	0.549740	17	8	109	657.705
-2.356194	1.869911	2.701025	109	108	122	657.610
2.356194	2.180315	-1.357379	14	21	16	656.732
2.356194	1.450119	-2.739050	14	0	25	656.275
1.047198	2.104282	-0.813972	125	123	107	656.273
2.094395	1.504028	0.636812	0	33	13	656.160
0.785398	0.618092	2.539118	123	24	13	655.900
2.879793	0.591903	2.010408	110	23	2	655.853
2.879793	0.831641	0.616218	3	28	124	655.605
1.047198	2.041297	-2.664597	108	119	119	655.479
0.261799	2.063651	-2.044600	11	117	98	655.376
-1.832596	1.872854	1.543456	121	28	20	655.262
-2.879793	2.349581	-2.702517	18	11	99	655.230
0.261799	1.301460	-0.509251	120	118	108	655.111
2.356194	1.335669	0.897240	125	30	17	655.010
-2.356194	0.496451	0.593859	20	24	4	654.996
0.000000	0.419640	2.974122	16	8	20	654.815
-2.356194	2.033014	2.977192	108	110	127	654.398
-1.047198	0.080730	-2.622036	20	18	14	654.315
2.617994	1.242974	-2.977882	10	1	25	653.985
2.094395	1.977582	0.969896	19	3	112	653.738
-2.356194	0.685216	-1.712745	117	28	11	653.354
2.094395	0.370812	-2.547742	104	8	13	653.132
1.570796	1.440580	2.260026	126	36	127	652.034
-1.308997	1.135813	-2.658866	10	12	23	651.493
-2.094395	0.571433	-1.188419	14	22	13	651.139
0.785398	2.063651	-2.044600	14	121	97	650.910
2.617994	1.134796	2.434290	39	127	10	650.757
2.094395	1.488617	1.159546	2	27	16	649.789
2.094395	0.866395	-2.492918	10	124	22	649.581
-2.094395	1.872854	1.543456	20	9	110	649.577
-1.047198	2.455966	-0.641220	2	24	111	649.513
1.832596	2.108018	1.311430	34	121	22	649.381
2.094395	1.736875	3.023612	13	10	24	649.189
-1.308997	1.569311	-3.003978	7	6	25	649.069
2.879793	2.295480	1.008277	120	114	112	648.907
-2.617994	0.290380	-0.796960	122	116	108	648.901
-0.523599	2.379497	0.561089	126	109	109	648.636
1.832596	0.640596	-2.797608	11	19	12	648.623
2.617994	1.301460	-0.509251	15	1	104	648.469
-1.047198	1.310100	1.488307	120	115	123	648.416
-3.141593	0.700570	1.559208	112	22	127	647.669
-2.617994	1.982574	-1.115518	28	9	116	647.426
-1.308997	2.001437	0.381215	7	21	7	647.035
-1.047198	1.256302	0.062705	116	109	119	646.749
-0.523599	0.080730	-2.622036	114	5	19	646.611
2.617994	1.450119	-2.739050	15	126	24	646.394
-2.879793	1.982574	-1.115518	6	6	19	646.075
-0.785398	1.168678	2.108595	117	28	16	645.751
-0.261799	2.637879	2.121598	113	28	1	645.479
1.570796	1.247695	1.809890	117	30	3	645.254
-1.832596	2.343981	-1.040456	113	1	17	644.905
-0.523599	1.367556	0.358405	6	110	112	644.467
-2.879793	2.041297	-2.664597	125	26	10	644.182
2.356194	1.134796	2.434290	32	4	21	643.917
2.094395	1.310100	1.488307	111	30	0	643.648
-2.879793	2.719179	-1.780644	9	119	97	643.323
-1.047198	1.367556	0.358405	106	119	17	643.138
2.094395	2.704512	1.488683	125	103	1	642.769
-1.570796	1.872854	1.543456	122	110	119	642.326
-0.523599	1.168678	2.108595	115	29	15	641.763
2.356194	2.881233	-2.582574	105	20	1	641.723
2.879793	0.370812	-2.547742	34	15	8	641.285
1.047198	2.579248	-2.364801	26	115	123	641.003
-1.832596	0.370812	-2.547742	121	26	18	640.931
-1.308997	1.683268	0.374177	23	122	25	640.860
2.356194	2.295480	1.008277	8	5	108	640.545
1.308997	1.721184	-0.153948	9	125	104	640.453
-2.879793	1.569311	-3.003978	112	12	21	639.835
-3.141593	1.113094	-0.272241	119	30	11	639.766
2.094395	1.134796	2.434290	107	28	11	639.740
1.308997	2.455966	-0.641220	14	15	101	639.676
-2.356194	2.349581	-2.702517	31	0	10	639.411
-3.141593	1.247695	1.809890	111	21	125	639.102
1.832596	1.909857	-0.381669	2	125	104	639.084
-2.094395	1.836682	-0.676006	119	26	117	638.982
-2.617994	1.948085	-2.363031	111	121	124	638.974
1.047198	2.187132	-0.479875	10	26	17	638.751
-2.356194	1.870545	-2.976234	116	110	125	638.354
2.094395	2.001437	0.381215	2	37	2	638.062
0.000000	0.914445	2.687814	19	4	21	638.017
2.356194	0.379747	-1.713059	121	126	20	637.831
-0.261799	1.756530	-2.105156	6	119	96	637.828
2.617994	0.929350	-2.910676	9	127	23	637.767
0.261799	0.419640	2.974122	8	26	13	637.754
0.000000	1.218453	2.777284	17	3	23	637.033
-1.308997	1.506530	1.988858	117	19	21	637.007
-0.261799	2.247462	0.191623	113	114	14	636.836
1.570796	1.977582	0.969896	32	0	23	636.722
-1.047198	1.545873	-1.877082	126	28	16	636.689
0.523599	0.379747	-1.713059	12	21	13	636.576
-2.094395	2.478122	2.609777	112	111	2	636.079
2.879793	1.448123	-2.163292	3	20	12	635.930
1.570796	2.089241	-0.114193	6	11	26	635.034
2.356194	0.899350	-2.069907	3	122	103	633.978
2.879793	0.899350	-2.069907	122	11	17	633.554
-1.832596	0.685216	-1.712745	12	10	17	633.469
1.570796	1.242974	-2.977882	119	20	15	632.854
1.832596	1.506530	1.988858	112	30	6	632.819
2.356194	1.194549	-0.801900	123	40	0	632.715
-2.617994	2.349581	-2.702517	30	126	10	632.661
-2.879793	2.063651	-2.044600	103	123	0	632.542
-1.570796	0.619654	-2.216909	16	16	19	632.510
-2.356194	2.295480	1.008277	104	124	124	632.374
-1.047198	2.138223	1.678323	126	105	118	632.301
1.832596	1.310100	1.488307	127	31	115	631.430
-2.617994	1.545873	-1.877082	124	27	5	631.367
-2.617994	1.846342	-1.796954	125	26	1	631.078
1.308997	0.685216	-1.712745	8	123	18	631.017
2.879793	2.396274	-1.959260	104	19	3	630.905
1.047198	1.417623	-0.202254	37	10	11	630.345
-1.832596	2.664082	-1.071402	109	2	16	630.014
-0.523599	1.909857	-0.381669	126	9	23	629.743
2.356194	1.904882	-1.478089	27	5	3	629.672
-2.094395	2.760637	2.781135	110	114	1	629.333
-2.879793	0.290380	-0.796960	118	27	14	629.258
-3.141593	1.617114	-1.572037	102	8	8	629.147
-2.617994	1.569311	-3.003978	122	16	15	628.902
-3.141593	0.458961	-0.107937	118	19	19	628.723
2.356194	1.569311	-3.003978	16	13	20	628.591
2.094395	1.335669	0.897240	127	29	17	628.422
-0.261799	1.050534	3.042579	15	4	23	628.256
-2.094395	1.809167	1.213774	122	117	114	627.785
0.261799	1.488617	1.159546	124	27	10	627.727
-1.570796	2.724429	-0.348782	25	8	112	627.619
2.617994	0.685216	-1.712745	97	12	3	627.593
1.047198	0.379747	-1.713059	3	5	19	627.312
0.785398	1.766067	2.153843	28	14	11	627.044
-1.570796	1.413430	2.550734	11	116	108	627.001
0.785398	1.113094	-0.272241	36	9	13	626.223
-2.879793	0.370812	-2.547742	115	105	3	625.949
-0.785398	1.433411	-1.035986	9	110	104	625.242
-2.356194	1.736875	3.023612	109	110	0	625.194
-2.879793	1.050534	3.042579	2	37	2	625.079
-2.879793	0.960688	-0.577532	115	24	13	624.934
0.523599	2.073035	2.027405	107	21	117	624.810
-1.047198	0.960688	-0.577532	14	22	16	623.535
-2.617994	1.696674	-1.253233	6	12	19	623.510
0.261799	0.733948	3.021411	119	14	14	623.316
-1.047198	0.640596	-2.797608	18	15	20	623.160
2.356194	1.168678	2.108595	106	27	7	622.680
2.617994	0.914445	2.687814	40	0	7	622.573
-2.617994	1.301460	-0.509251	115	25	7	622.434
2.879793	1.617114	-1.572037	28	10	6	621.391
0.000000	1.554776	0.100351	8	25	14	621.254
-1.308997	2.396274	-1.959260	1	28	7	621.156
-3.141593	1.325504	-1.671296	30	6	4	620.725
-2.879793	1.218453	2.777284	2	36	5	620.641
-2.356194	1.417623	-0.202254	9	23	0	620.398
-3.141593	2.704512	1.488683	112	112	122	620.373
1.047198	1.247695	1.809890	26	16	6	619.801
1.832596	1.413430	2.550734	5	12	23	619.740
0.261799	1.184361	0.625864	29	126	24	619.576
-2.094395	2.115563	0.685730	117	7	25	619.552
-3.141593	2.247462	0.191623	2	111	113	619.263
-2.356194	2.407836	1.410646	125	109	114	618.662
-3.141593	0.961715	0.014085	119	26	17	618.555
1.308997	1.247695	1.809890	23	18	6	618.228
2.879793	1.977582	0.969896	116	2	18	618.144
-0.261799	1.135834	-1.431087	108	114	126	617.851
-1.570796	2.089241	-0.114193	11	4	104	617.846
-1.832596	0.866955	-0.931351	6	24	11	617.797
1.832596	0.080730	-2.622036	0	6	20	617.682
2.879793	0.709924	0.218797	120	22	20	617.515
2.356194	2.379497	0.561089	1	37	121	617.353
-2.094395	0.762244	-0.273349	4	26	3	616.922
-2.094395	0.685216	-1.712745	14	16	18	616.826
0.261799	2.478122	2.609777	111	26	124	616.457
1.308997	1.872854	1.543456	125	30	126	616.207
1.047198	1.301460	-0.509251	115	0	8	615.773
0.523599	0.640596	-2.797608	121	17	10	615.744
0.261799	1.045978	0.343692	32	127	20	615.609
-2.356194	2.979456	-1.009304	105	20	4	615.430
-0.261799	1.310100	1.488307	126	30	4	615.422
2.879793	0.864993	2.278281	38	1	15	615.270
2.879793	2.637879	2.121598	35	16	123	615.252
2.094395	1.766067	2.153843	34	124	17	615.014
2.617994	1.756530	-2.105156	11	12	97	614.972
1.832596	0.899350	-2.069907	13	122	19	614.752
0.523599	1.506530	1.988858	31	11	8	614.700
0.523599	2.407836	1.410646	125	102	112	614.656
1.047198	0.618092	2.539118	122	23	11	614.540
0.261799	0.762244	-0.273349	32	117	16	614.432
-0.523599	1.113094	-0.272241	116	117	13	613.694
2.356194	1.982574	-1.115518	27	2	125	613.442
-1.308997	0.685216	-1.712745	7	16	17	613.363
0.523599	0.419640	2.974122	6	25	14	613.305
-2.356194	2.138223	1.678323	119	112	118	613.295
2.617994	1.374601	-2.456031	18	126	25	613.204
-2.879793	0.619654	-2.216909	8	4	100	613.153
-3.141593	1.014500	0.906702	124	26	123	612.229
2.879793	1.247695	1.809890	113	23	125	612.196
-2.356194	0.866955	-0.931351	112	29	5	611.979
2.879793	0.615174	-0.666022	15	117	15	611.564
1.047198	1.812176	0.656819	118	117	22	611.311
-1.832596	2.115563	0.685730	113	16	23	611.035
1.047198	2.299159	2.264663	25	14	16	610.842
-2.617994	1.699788	2.452890	108	113	118	610.648
-1.832596	0.419640	2.974122	105	9	4	610.562
-3.141593	2.001437	0.381215	0	113	112	610.397
-2.879793	0.866955	-0.931351	118	32	5	610.105
-1.570796	1.555207	1.708892	120	14	23	609.996
2.356194	0.370812	-2.547742	106	6	13	609.944
-2.094395	0.850607	-1.335383	112	19	10	609.938
-2.356194	2.455966	-0.641220	6	23	9	609.902
2.879793	2.115563	0.685730	32	127	122	609.835
1.047198	1.168678	2.108595	12	124	105	609.602
2.879793	1.025536	1.576859	117	24	123	608.960
-2.617994	1.450119	-2.739050	123	17	17	608.949
-2.617994	1.870545	-2.976234	114	113	125	608.775
2.094395	2.579248	-2.364801	124	108	102	608.688
1.832596	1.025536	1.576859	1	32	119	608.676
-2.094395	2.404280	-0.174044	8	25	6	608.652
-2.356194	2.251330	-2.330739	116	118	0	608.634
1.832596	2.881233	-2.582574	28	2	118	608.547
-2.617994	0.960688	-0.577532	114	21	14	608.537
-0.261799	2.063651	-2.044600	1	31	123	608.371
0.000000	0.685216	-1.712745	110	114	2	608.237
-0.785398	2.115563	0.685730	112	109	120	608.206
2.356194	0.929350	-2.910676	8	123	22	607.914
1.047198	1.504028	0.636812	34	0	17	607.874
1.047198	0.762244	-0.273349	114	119	3	607.473
2.356194	1.555207	1.708892	117	30	116	606.207
0.785398	1.812176	0.656819	112	3	125	606.155
-0.523599	2.073035	2.027405	115	31	0	606.139
2.356194	1.195355	1.200319	125	28	116	605.963
-2.617994	2.108018	1.311430	26	3	113	605.868
-0.261799	2.592629	0.909713	0	110	106	605.837
1.047198	2.592629	0.909713	119	104	4	605.752
2.879793	2.704512	1.488683	4	36	118	605.561
1.832596	1.555207	1.708892	123	33	117	605.221
0.785398	1.247695	1.809890	29	11	5	605.218
1.570796	2.247462	0.191623	8	7	26	605.114
2.356194	1.242974	-2.977882	9	1	25	605.078
0.000000	2.299159	2.264663	110	26	124	605.062
-2.617994	1.134497	-1.109631	118	31	2	604.375
-1.308997	1.554776	0.100351	27	122	21	604.223
2.617994	1.433411	-1.035986	29	0	120	603.157
2.879793	1.301460	-0.509251	15	4	104	603.049
-2.879793	1.836682	-0.676006	13	10	19	603.033
0.523599	1.113094	-0.272241	37	4	12	602.996
-2.617994	1.413347	-1.339188	7	7	19	602.899
-1.832596	2.404280	-0.174044	18	3	106	602.897
-1.308997	0.080730	-2.622036	108	1	15	602.857
-1.832596	2.579248	-2.364801	11	6	95	602.841
1.047198	1.662363	0.915448	125	9	25	602.692
2.356194	1.488617	1.159546	122	26	111	602.685
2.356194	0.864993	2.278281	27	2	26	601.591
-2.617994	1.391910	3.030322	124	39	0	601.232
-0.523599	2.579248	-2.364801	6	20	97	601.128
0.785398	0.733948	3.021411	113	117	14	601.021
1.570796	0.619654	-2.216909	7	2	19	600.517
0.261799	2.760637	2.781135	112	28	1	600.387
2.879793	2.001437	0.381215	126	113	112	600.147
2.356194	1.599406	1.426070	119	27	112	600.093
-0.261799	0.709924	0.218797	107	121	116	600.015
-2.617994	2.455966	-0.641220	3	122	22	599.776
-1.308997	2.719179	-1.780644	16	126	96	599.688
2.617994	2.295480	1.008277	2	37	123	599.110
-2.094395	1.870545	-2.976234	118	108	125	598.550
-1.047198	0.618092	2.539118	120	36	7	598.534
1.570796	1.569311	-3.003978	122	21	17	598.514
2.879793	0.914445	2.687814	29	3	24	598.490
2.879793	0.203748	0.590255	118	25	10	598.402
2.356194	1.218453	2.777284	37	119	7	598.098
-2.879793	2.295480	1.008277	118	110	117	598.003
1.047198	2.588535	-2.976617	113	28	125	597.811
1.570796	1.310100	1.488307	117	102	123	597.623
-1.047198	1.683268	0.374177	102	118	13	597.046
-0.261799	1.998705	2.370472	115	28	121	596.879
2.879793	0.685216	-1.712745	97	8	4	596.776
1.047198	1.440580	2.260026	123	29	9	596.512
-1.308997	2.104282	-0.813972	0	23	110	596.324
0.785398	2.174483	2.653697	110	26	118	596.293
-1.570796	1.374601	-2.456031	124	30	116	596.227
-2.356194	1.325504	-1.671296	3	3	19	596.066
2.617994	1.809167	1.213774	118	22	110	595.978
1.308997	1.168678	2.108595	120	28	8	595.881
1.308997	0.850607	-1.335383	34	1	16	595.668
-2.094395	2.349581	-2.702517	0	25	9	595.463
0.523599	1.606104	-0.451151	5	117	108	595.285
2.879793	2.247462	0.191623	1	110	112	595.255
1.047198	2.881233	-2.582574	114	27	4	595.079
2.879793	0.961715	0.014085	120	27	17	594.516
1.570796	2.704512	1.488683	119	103	127	593.269
1.047198	1.824694	1.850876	121	0	20	593.103
2.094395	2.664082	-1.071402	27	3	120	592.947
2.879793	2.251330	-2.330739	16	1	96	592.740
1.047198	1.909857	-0.381669	8	26	18	592.670
0.523599	0.762244	-0.273349	37	5	12	592.490
0.000000	1.904882	-1.478089	9	117	98	592.389
1.308997	2.251330	-2.330739	28	119	1	592.377
0.785398	2.343981	-1.040456	121	123	108	592.322
-2.356194	0.290380	-0.796960	13	23	9	592.291
-0.261799	1.977582	0.969896	1	25	8	591.973
-3.141593	1.948085	-2.363031	103	126	124	591.880
-2.356194	2.393226	1.857173	125	30	16	591.714
1.832596	1.135813	-2.658866	38	6	6	591.663
-3.141593	1.374601	-2.456031	20	126	25	591.634
-1.570796	1.658653	-2.409879	1	30	113	591.340
-3.141593	2.587733	0.232235	2	108	115	591.315
-1.832596	1.909857	-0.381669	13	7	105	591.277
-1.832596	2.455966	-0.641220	25	7	112	591.231
1.570796	1.413430	2.550734	120	25	9	591.189
1.047198	1.766067	2.153843	123	28	9	591.186
1.832596	1.195355	1.200319	0	23	19	590.801
0.000000	1.194549	-0.801900	2	2	22	590.590
-1.570796	2.579248	-2.364801	14	10	97	590.464
-2.094395	2.001437	0.381215	114	11	23	590.407
2.879793	0.733948	3.021411	9	28	9	590.387
-0.261799	2.456751	-1.503343	9	31	120	590.277
-2.356194	0.992645	-1.723759	116	29	9	590.175
0.261799	1.194549	-0.801900	116	104	121	590.051
0.523599	2.592629	0.909713	35	127	6	590.019
-2.617994	1.050534	3.042579	114	1	17	589.983
-0.523599	0.203748	0.590255	24	11	29	589.870
-0.261799	2.295480	1.008277	126	108	111	589.851
0.000000	0.733948	3.021411	15	5	22	589.784
-2.617994	1.998705	2.370472	109	111	116	589.763
0.000000	1.510910	-0.740472	116	109	119	589.362
-2.879793	2.393226	1.857173	110	115	123	589.352
2.879793	0.906588	1.252948	25	15	122	589.197
0.785398	0.709924	0.218797	24	2	29	589.163
2.094395	1.391910	3.030322	9	9	25	588.913
1.570796	2.478122	2.609777	2	111	98	588.845
-2.094395	1.450119	-2.739050	127	11	18	588.720
1.832596	0.297065	2.160177	112	124	22	588.591
0.523599	1.417623	-0.202254	9	116	106	588.425
2.617994	1.741644	-2.695914	9	21	9	588.404
-0.261799	2.187132	-0.479875	104	8	4	588.294
2.094395	0.992645	-1.723759	127	124	103	588.282
-1.308997	2.664082	-1.071402	14	113	100	588.152
0.785398	1.977582	0.969896	1	6	26	587.648
-1.047198	1.870545	-2.976234	4	5	24	587.547
-2.356194	1.809167	1.213774	122	19	24	587.467
1.308997	2.295480	1.008277	120	103	0	587.449
1.308997	1.506530	1.988858	119	30	6	587.141
2.094395	1.909857	-0.381669	3	125	103	587.110
-1.047198	1.135813	-2.658866	9	14	23	587.029
-2.356194	2.001437	0.381215	114	7	22	586.903
0.785398	2.356369	3.005869	113	25	123	586.891
-3.141593	1.413430	2.550734	5	34	5	586.879
-1.308997	2.138223	1.678323	111	9	19	586.839
-0.261799	0.866955	-0.931351	124	116	11	586.811
0.000000	0.615174	-0.666022	106	17	8	586.807
-3.141593	0.733948	3.021411	6	32	8	586.799
2.617994	2.251330	-2.330739	98	13	3	586.791
0.261799	0.709924	0.218797	107	5	3	586.559
-0.261799	1.014500	0.906702	113	5	27	586.513
-0.261799	1.113094	-0.272241	2	29	20	586.458
0.261799	1.134796	2.434290	21	1	22	586.384
-2.356194	1.696674	-1.253233	26	12	117	586.279
-1.570796	1.721184	-0.153948	26	115	14	586.102
-2.356194	1.413347	-1.339188	27	12	118	585.929
2.356194	1.050534	3.042579	111	30	9	585.880
-1.308997	1.909857	-0.381669	28	120	14	585.733
-1.047198	2.063651	-2.044600	7	27	112	585.648
2.356194	0.866955	-0.931351	124	39	5	585.433
-1.832596	0.850607	-1.335383	111	14	10	585.283
0.523599	2.393226	1.857173	119	7	18	584.854
1.570796	1.696674	-1.253233	124	19	12	584.548
1.570796	0.591903	2.010408	110	127	24	584.417
0.785398	2.637879	2.121598	28	10	13	584.365
-2.356194	2.579248	-2.364801	31	124	10	584.156
-0.785398	2.396274	-1.959260	8	30	117	583.848
2.356194	0.080730	-2.622036	16	16	107	583.843
1.308997	0.297065	2.160177	6	26	9	583.773
-1.570796	2.664082	-1.071402	26	119	15	583.607
0.000000	2.295480	1.008277	4	107	111	583.327
2.356194	0.640596	-2.797608	5	124	22	583.320
2.879793	1.870545	-2.976234	111	20	21	583.305
-0.523599	2.063651	-2.044600	4	30	121	583.301
-1.308997	0.864993	2.278281	123	26	20	583.192
-1.308997	2.456751	-1.503343	32	122	8	583.149
1.308997	2.881233	-2.582574	110	26	4	583.032
-2.617994	1.756530	-2.105156	4	25	10	582.850
-3.141593	0.290380	-0.796960	15	118	14	582.800
-1.047198	0.899350	-2.069907	6	10	20	582.623
1.308997	2.393226	1.857173	123	32	5	582.602
-0.523599	2.180315	-1.357379	14	116	99	582.404
0.261799	2.456751	-1.503343	2	9	95	582.291
0.523599	1.872854	1.543456	122	17	17	582.244
0.000000	2.637879	2.121598	108	25	1	582.209
0.523599	2.588535	-2.976617	18	24	3	582.074
1.047198	2.455966	-0.641220	15	14	101	581.793
-2.617994	1.683268	0.374177	9	21	120	581.328
-2.617994	1.766067	2.153843	35	123	6	581.166
-0.523599	2.295480	1.008277	21	3	21	581.156
1.047198	1.732874	-0.951685	117	1	16	581.113
-2.879793	0.992645	-1.723759	31	6	3	580.853
2.094395	1.195355	1.200319	127	24	19	580.830
-2.879793	0.709924	0.218797	116	30	3	580.809
-0.261799	1.599406	1.426070	127	28	7	580.641
2.617994	1.417623	-0.202254	126	37	6	580.586
-2.094395	2.664082	-1.071402	3	113	100	580.432
1.047198	0.914445	2.687814	114	117	14	580.388
2.879793	1.696674	-1.253233	126	117	18	580.240
-1.047198	2.356369	3.005869	112	124	107	580.193
0.523599	0.619654	-2.216909	109	113	3	580.035
1.832596	1.846342	-1.796954	110	119	125	579.818
-2.356194	2.664082	-1.071402	5	117	98	579.548
1.570796	2.063651	-2.044600	9	101	7	579.454
-2.356194	0.297065	2.160177	2	22	19	579.442
0.000000	1.134796	2.434290	22	0	21	579.164
2.617994	1.135813	-2.658866	14	122	22	579.005
-2.879793	1.417623	-0.202254	114	32	7	578.867
-3.141593	0.866395	-2.492918	0	37	113	578.855
-2.356194	1.242974	-2.977882	1	37	1	578.820
0.785398	0.640596	-2.797608	119	18	9	578.675
0.785398	0.960688	-0.577532	110	3	8	578.583
-1.047198	2.247462	0.191623	123	10	106	578.465
1.047198	0.850607	-1.335383	37	19	9	578.432
-0.523599	1.256302	0.062705	125	28	22	578.376
-2.879793	0.615174	-0.666022	117	30	8	578.238
-2.879793	0.458961	-0.107937	116	21	18	578.156
1.570796	1.554776	0.100351	10	2	103	577.967
-2.617994	2.041297	-2.664597	124	24	13	577.867
1.570796	1.872854	1.543456	35	119	14	577.644
-1.832596	1.242974	-2.977882	121	108	5	577.442
-3.141593	0.850607	-1.335383	32	5	125	577.361
-0.523599	1.050534	3.042579	15	3	24	577.319
-0.523599	2.349581	-2.702517	108	1	1	577.286
-1.047198	2.349581	-2.702517	105	4	2	577.175
2.617994	0.762244	-0.273349	119	21	22	577.172
0.261799	1.335669	0.897240	127	29	8	577.152
-1.832596	2.456751	-1.503343	108	7	8	577.129
0.785398	0.370812	-2.547742	110	113	4	577.063
0.785398	0.571433	-1.188419	36	16	13	576.920
2.356194	2.456751	-1.503343	110	28	10	576.871
-0.261799	1.872854	1.543456	126	27	10	576.789
1.832596	0.910508	1.903534	113	31	5	576.740
-0.785398	2.033014	2.977192	98	127	1	576.601
-0.261799	1.662363	0.915448	2	25	8	576.570
-1.832596	1.812176	0.656819	20	126	25	576.454
-1.832596	2.108018	1.311430	116	25	21	576.409
2.356194	1.683268	0.374177	117	10	102	576.349
-2.356194	2.404280	-0.174044	11	24	5	576.201
-1.047198	2.719179	-1.780644	15	0	96	575.661
-1.832596	0.929350	-2.910676	124	36	125	575.654
-1.570796	1.766067	2.153843	107	125	12	575.641
-1.308997	0.762244	-0.273349	15	25	12	575.637
0.785398	1.836682	-0.676006	11	28	14	575.272
0.261799	1.050534	3.042579	120	10	14	575.272
0.785398	0.762244	-0.273349	33	1	18	574.972
2.356194	0.866395	-2.492918	12	124	22	574.928
1.832596	2.138223	1.678323	120	100	121	574.871
2.617994	1.256302	0.062705	103	127	12	574.714
2.617994	1.367556	0.358405	24	20	14	574.598
0.523599	1.488617	1.159546	121	28	14	574.521
1.047198	2.001437	0.381215	124	120	24	574.383
2.617994	2.719179	-1.780644	109	30	3	574.050
2.356194	2.592629	0.909713	5	36	118	573.980
0.000000	2.153910	-1.714959	0	32	126	573.912
0.000000	1.606104	-0.451151	119	109	116	573.882
2.879793	2.664082	-1.071402	116	120	103	573.811
1.047198	2.478122	2.609777	108	23	123	573.753
2.617994	0.992645	-1.723759	97	12	5	573.550
2.617994	0.864993	2.278281	37	124	14	573.465
-1.308997	2.343981	-1.040456	2	25	114	573.334
-2.094395	2.033014	2.977192	112	114	7	573.253
-0.785398	1.909857	-0.381669	124	9	23	573.217
-1.570796	1.433411	-1.035986	112	30	120	572.650
0.785398	0.419640	2.974122	3	25	14	572.293
2.094395	2.343981	-1.040456	27	1	123	572.262
-0.785398	0.370812	-2.547742	15	21	17	572.175
0.000000	1.134497	-1.109631	16	25	13	571.979
2.094395	2.407836	1.410646	2	31	8	571.896
0.000000	2.455966	-0.641220	127	106	7	571.414
-1.308997	1.836682	-0.676006	28	117	13	571.335
1.047198	2.349581	-2.702517	119	25	127	571.332
1.570796	1.662363	0.915448	24	4	113	571.299
-0.785398	0.419640	2.974122	103	127	10	571.063
1.832596	1.440580	2.260026	121	36	0	570.931
-3.141593	1.433411	-1.035986	11	6	19	570.658
-2.617994	2.664082	-1.071402	3	117	98	570.616
-2.356194	1.367556	0.358405	4	27	120	570.381
-1.570796	1.195355	1.200319	127	97	0	570.188
1.308997	1.134497	-1.109631	34	1	13	569.968
-3.141593	0.910508	1.903534	109	21	0	569.930
-2.094395	1.374601	-2.456031	2	15	19	569.927
2.617994	2.587733	0.232235	7	39	127	569.881
-1.570796	2.187132	-0.479875	22	7	109	569.846
-1.308997	0.640596	-2.797608	18	12	20	569.788
2.879793	1.134796	2.434290	127	7	21	569.302
2.356194	1.812176	0.656819	127	36	9	569.290
-1.308997	1.050534	3.042579	103	122	115	569.148
0.000000	2.251330	-2.330739	116	110	17	569.052
-1.570796	2.108018	1.311430	24	24	11	569.038
1.570796	0.379747	-1.713059	3	14	18	569.011
0.523599	1.128190	-2.288622	112	111	10	568.944
2.094395	1.683268	0.374177	0	36	7	568.580
2.879793	1.904882	-1.478089	107	22	11	568.538
1.832596	1.134497	-1.109631	3	126	25	568.197
0.785398	1.050534	3.042579	123	17	14	568.150
2.356194	0.591903	2.010408	117	23	1	568.062
1.832596	1.696674	-1.253233	119	19	13	568.006
2.879793	2.719179	-1.780644	106	24	4	567.970
-3.141593	2.108018	1.311430	120	5	19	567.948
-1.308997	1.545873	-1.877082	127	28	17	567.900
-3.141593	1.025536	1.576859	113	22	125	567.853
-1.570796	0.899350	-2.069907	12	18	21	567.764
-2.094395	1.113094	-0.272241	5	29	2	567.703
1.832596	1.433411	-1.035986	19	108	116	567.653
0.785398	0.290380	-0.796960	106	4	9	567.624
2.094395	1.440580	2.260026	33	1	19	567.459
1.308997	2.349581	-2.702517	105	115	125	567.390
-1.832596	1.869911	2.701025	115	108	7	567.145
1.047198	2.760637	2.781135	108	21	127	566.988
-2.617994	0.618092	2.539118	3	28	16	566.984
-1.308997	0.899350	-2.069907	8	13	20	566.619
-0.523599	0.571433	-1.188419	15	12	18	566.540
-3.141593	1.569311	-3.003978	111	14	21	566.466
0.000000	2.174483	2.653697	120	31	116	566.406
-2.879793	0.571433	-1.188419	19	15	16	566.015
-1.832596	1.450119	-2.739050	120	35	126	565.345
-0.523599	0.615174	-0.666022	118	119	16	565.277
-0.261799	0.297065	2.160177	115	35	5	565.252
1.832596	0.864993	2.278281	119	23	2	565.180
-2.617994	1.809167	1.213774	26	3	116	565.032
-2.617994	2.089241	-0.114193	109	5	20	564.991
2.094395	1.869911	2.701025	33	114	11	564.911
2.094395	1.413430	2.550734	2	10	23	564.864
-2.094395	2.041297	-2.664597	113	120	12	564.850
0.785398	1.417623	-0.202254	37	5	13	564.844
-0.261799	1.504028	0.636812	10	110	113	564.814
0.785398	2.349581	-2.702517	119	28	126	564.715
-1.832596	2.356369	3.005869	31	14	9	564.688
-2.356194	1.756530	-2.105156	123	28	5	564.492
2.617994	0.899350	-2.069907	119	12	16	564.436
0.785398	1.256302	0.062705	34	6	18	564.252
2.094395	1.050534	3.042579	13	22	8	564.156
2.617994	1.194549	-0.801900	30	2	118	564.115
2.356194	1.504028	0.636812	124	34	14	564.059
-2.617994	0.591903	2.010408	6	28	16	563.994
-1.047198	0.370812	-2.547742	16	6	18	563.977
0.261799	1.413430	2.550734	125	120	24	563.940
-1.570796	2.704512	1.488683	7	113	110	563.911
0.523599	1.335669	0.897240	26	119	115	563.772
-1.832596	1.214854	-1.966664	109	8	7	563.764
-2.617994	2.251330	-2.330739	13	8	96	563.762
2.879793	1.433411	-1.035986	10	8	19	563.754
-1.047198	2.180315	-1.357379	12	111	100	563.726
2.879793	2.379497	0.561089	118	110	116	563.686
-0.785398	1.214854	-1.966664	107	13	11	563.676
0.523599	2.979456	-1.009304	118	2	112	563.612
-0.785398	0.866395	-2.492918	11	19	22	563.333
0.785398	1.824694	1.850876	28	12	5	563.270
0.000000	1.869911	2.701025	116	26	116	563.207
-2.879793	1.510910	-0.740472	14	5	20	563.075
1.308997	0.618092	2.539118	113	121	19	563.055
0.000000	1.433411	-1.035986	114	109	123	562.980
-0.523599	1.417623	-0.202254	0	21	24	562.907
1.308997	2.863997	0.549740	127	105	4	562.817
1.570796	1.683268	0.374177	13	4	102	562.774
-1.308997	0.419640	2.974122	118	37	2	562.715
1.308997	0.571433	-1.188419	33	0	20	562.711
1.047198	1.554776	0.100351	37	8	11	562.627
-0.523599	0.370812	-2.547742	13	14	20	562.276
-2.356194	1.504028	0.636812	4	24	116	562.188
1.308997	2.719179	-1.780644	115	116	103	562.175
-1.047198	2.579248	-2.364801	6	33	125	562.109
1.047198	2.164094	-2.991358	106	116	122	561.953
-2.094395	2.704512	1.488683	1	108	118	561.709
-1.047198	0.419640	2.974122	120	21	21	561.595
-2.879793	1.741644	-2.695914	125	22	13	561.510
1.047198	1.510910	-0.740472	115	1	12	561.269
1.570796	1.766067	2.153843	117	30	8	561.242
2.617994	1.506530	1.988858	10	31	2	561.180
1.047198	1.836682	-0.676006	127	123	107	561.176
-0.261799	0.419640	2.974122	19	5	19	561.122
-2.617994	0.297065	2.160177	4	24	17	561.079
-1.832596	0.080730	-2.622036	116	36	1	561.063
-0.523599	1.741644	-2.695914	1	126	24	560.883
2.617994	2.108018	1.311430	4	37	127	560.630
-1.308997	0.929350	-2.910676	15	10	23	560.530
-2.094395	0.290380	-0.796960	115	15	18	560.305
-1.047198	1.050534	3.042579	106	1	9	560.081
0.785398	2.251330	-2.330739	10	121	96	559.977
-2.094395	2.138223	1.678323	120	109	119	559.938
-2.617994	2.719179	-1.780644	102	12	7	559.866
0.523599	0.370812	-2.547742	117	19	9	559.768
-2.094395	1.977582	0.969896	119	21	24	559.757
2.094395	2.153910	-1.714959	117	37	4	559.743
-2.094395	1.696674	-1.253233	0	16	18	559.638
-2.356194	1.732874	-0.951685	26	11	113	559.596
-2.617994	1.440580	2.260026	107	115	115	559.170
-1.308997	2.089241	-0.114193	26	119	17	558.964
-3.141593	2.863997	0.549740	0	107	117	558.853
-1.832596	2.104282	-0.813972	23	9	112	558.701
-2.879793	0.297065	2.160177	1	9	20	558.646
-0.785398	1.391910	3.030322	104	122	5	558.566
2.094395	2.089241	-0.114193	6	36	119	558.413
-3.141593	0.929350	-2.910676	103	12	119	558.324
1.832596	2.174483	2.653697	17	17	20	557.984
-2.617994	1.256302	0.062705	9	21	126	557.738
-1.308997	1.756530	-2.105156	125	22	19	557.674
2.617994	0.906588	1.252948	27	12	123	557.482
1.047198	1.242974	-2.977882	4	24	117	557.453
1.570796	2.579248	-2.364801	113	32	0	557.436
1.308997	1.812176	0.656819	28	3	28	557.283
0.261799	1.433411	-1.035986	115	105	124	557.076
2.617994	1.218453	2.777284	105	17	16	556.918
1.047198	1.488617	1.159546	123	14	25	556.819
-1.047198	1.809167	1.213774	112	112	119	556.569
-0.523599	0.496451	0.593859	19	5	32	556.566
1.308997	1.218453	2.777284	119	21	11	556.521
0.785398	2.115563	0.685730	33	112	15	556.330
-3.141593	0.615174	-0.666022	120	31	10	556.141
-1.308997	1.875281	0.107086	8	3	101	556.063
1.832596	0.571433	-1.188419	125	125	23	556.061
-0.261799	1.617114	-1.572037	109	114	125	556.008
2.356194	1.732874	-0.951685	27	2	126	555.973
-2.879793	1.766067	2.153843	126	38	3	555.957
2.094395	2.592629	0.909713	16	116	23	555.871
2.094395	2.063651	-2.044600	118	126	11	555.848
-1.570796	1.440580	2.260026	120	106	0	555.824
-0.523599	2.153910	-1.714959	10	124	96	555.752
0.000000	0.762244	-0.273349	104	125	123	555.547
0.523599	0.961715	0.014085	111	1	0	555.487
-2.617994	2.396274	-1.959260	104	9	4	555.482
-0.261799	1.909857	-0.381669	104	10	5	555.472
-0.523599	2.664082	-1.071402	126	30	1	555.422
2.094395	2.456751	-1.503343	17	23	13	555.002
2.879793	1.128190	-2.288622	1	33	107	555.000
2.094395	1.824694	1.850876	2	16	20	554.956
-0.261799	2.153910	-1.714959	13	123	96	554.887
-1.047198	1.134796	2.434290	119	33	10	554.863
-1.832596	0.290380	-0.796960	5	26	9	554.785
1.047198	2.063651	-2.044600	14	123	97	554.754
-2.617994	2.299159	2.264663	5	35	116	554.712
0.000000	1.599406	1.426070	0	0	109	554.694
1.308997	2.138223	1.678323	33	106	4	554.593
2.617994	0.866955	-0.931351	31	2	122	554.548
-1.832596	2.719179	-1.780644	16	126	96	554.532
-2.879793	2.073035	2.027405	0	38	0	554.388
1.570796	0.685216	-1.712745	9	122	19	554.350
0.000000	2.349581	-2.702517	16	109	124	554.338
-1.308997	1.870545	-2.976234	125	37	122	554.094
0.261799	0.080730	-2.622036	0	26	10	553.988
-0.261799	1.448123	-2.163292	107	8	13	553.932
-0.523599	2.041297	-2.664597	126	124	24	553.818
1.570796	2.356369	3.005869	26	9	18	553.706
-2.356194	2.247462	0.191623	14	26	123	553.428
-1.308997	0.733948	3.021411	117	36	2	553.266
0.523599	1.766067	2.153843	31	10	11	553.182
1.570796	2.592629	0.909713	3	31	3	553.117
1.047198	2.704512	1.488683	111	108	124	553.085
1.308997	2.180315	-1.357379	14	7	97	553.005
1.047198	1.809167	1.213774	32	114	15	552.929
-2.617994	0.914445	2.687814	126	7	101	552.787
-2.094395	2.456751	-1.503343	106	8	8	552.696
1.308997	2.637879	2.121598	1	106	102	552.613
2.879793	1.812176	0.656819	31	126	124	552.463
1.570796	2.138223	1.678323	114	100	121	552.107
-1.832596	1.555207	1.708892	0	41	127	552.096
1.570796	1.574060	2.783565	122	25	13	552.090
-0.261799	1.433411	-1.035986	6	7	25	552.061
-2.094395	2.407836	1.410646	127	109	115	552.053
1.047198	0.615174	-0.666022	33	3	19	552.031
-2.617994	0.866955	-0.931351	115	30	5	551.992
2.094395	0.418037	1.360082	3	30	3	551.953
2.617994	1.766067	2.153843	111	30	0	551.886
-2.617994	1.741644	-2.695914	125	21	14	551.871
-2.617994	0.615174	-0.666022	115	17	16	551.851
1.570796	1.617114	-1.572037	123	22	9	551.639
-1.047198	1.506530	1.988858	114	19	20	551.465
-2.356194	2.984978	1.954446	125	21	15	551.389
-2.356194	1.658653	-2.409879	127	25	11	551.383
-1.832596	0.762244	-0.273349	127	25	2	551.355
-3.141593	2.115563	0.685730	118	110	114	551.355
1.047198	2.587733	0.232235	126	102	6	551.307
-1.308997	2.251330	-2.330739	31	12	3	551.264
-1.832596	1.391910	3.030322	118	105	1	551.226
-1.570796	0.370812	-2.547742	118	23	18	551.067
-1.570796	2.073035	2.027405	122	105	122	551.034
0.785398	1.168678	2.108595	126	26	8	550.914
-0.785398	2.664082	-1.071402	20	116	100	550.897
2.094395	1.367556	0.358405	27	124	29	550.855
-2.094395	1.413430	2.550734	29	1	10	550.773
1.047198	1.367556	0.358405	127	28	21	550.770
1.570796	0.910508	1.903534	117	30	6	550.598
-2.356194	2.073035	2.027405	30	10	17	550.421
2.356194	2.153910	-1.714959	110	29	7	550.410
0.000000	1.256302	0.062705	106	3	124	550.373
0.261799	1.606104	-0.451151	121	120	107	550.246
-2.094395	1.904882	-1.478089	123	14	20	550.149
-1.832596	1.433411	-1.035986	116	30	120	550.031
2.094395	2.396274	-1.959260	114	36	127	549.854
2.094395	2.251330	-2.330739	15	121	97	549.852
-3.141593	0.203748	0.590255	117	24	11	549.750
-3.141593	2.379497	0.561089	127	110	114	549.434
-2.094395	1.909857	-0.381669	120	22	112	549.245
-1.570796	0.685216	-1.712745	12	22	18	548.915
0.523599	2.174483	2.653697	104	114	6	548.881
-1.047198	1.741644	-2.695914	119	115	18	548.765
-3.141593	2.407836	1.410646	111	114	119	548.743
-2.879793	1.433411	-1.035986	121	33	125	548.590
0.000000	0.379747	-1.713059	109	113	0	548.571
2.617994	0.961715	0.014085	122	28	18	548.398
-0.785398	1.310100	1.488307	120	113	122	548.211
-1.047198	1.599406	1.426070	24	10	20	548.094
1.570796	2.637879	2.121598	34	120	7	547.903
2.879793	0.290380	-0.796960	15	112	16	547.847
-1.047198	2.979456	-1.009304	20	121	99	547.838
2.617994	1.574060	2.783565	109	30	9	547.778
2.356194	0.571433	-1.188419	124	39	7	547.697
-1.832596	1.809167	1.213774	122	20	25	547.603
-0.261799	1.301460	-0.509251	7	23	21	547.473
2.879793	0.496451	0.593859	4	30	2	547.391
-0.523599	0.290380	-0.796960	114	117	13	547.348
-1.570796	0.496451	0.593859	113	109	9	547.327
0.523599	1.247695	1.809890	31	9	6	547.015
1.832596	1.824694	1.850876	34	122	15	546.964
-2.094395	2.073035	2.027405	117	109	123	546.914
2.879793	2.349581	-2.702517	22	18	16	546.830
-2.094395	1.440580	2.260026	117	8	112	546.588
-1.570796	0.850607	-1.335383	5	19	15	546.497
2.094395	1.599406	1.426070	121	29	112	546.466
-1.832596	1.050534	3.042579	122	34	7	546.385
-3.141593	1.545873	-1.877082	28	11	10	546.351
-1.308997	1.766067	2.153843	118	21	19	546.262
-1.308997	2.984978	1.954446	7	7	100	546.261
-1.570796	1.741644	-2.695914	108	7	3	546.221
0.523599	0.571433	-1.188419	38	116	5	546.142
0.785398	1.488617	1.159546	18	122	92	546.109
2.879793	0.866955	-0.931351	11	118	17	546.056
2.356194	0.914445	2.687814	36	118	11	545.981
2.617994	1.168678	2.108595	104	25	7	545.956
0.261799	2.299159	2.264663	108	23	124	545.870
-0.261799	1.982574	-1.115518	114	112	125	545.711
1.832596	2.356369	3.005869	2	116	95	545.704
-1.832596	1.846342	-1.796954	117	0	9	545.611
0.261799	2.153910	-1.714959	14	120	97	545.607
1.308997	0.619654	-2.216909	7	11	23	545.570
-2.617994	1.433411	-1.035986	11	10	21	545.556
-2.617994	0.899350	-2.069907	8	126	99	545.555
2.617994	0.370812	-2.547742	36	12	10	545.524
2.094395	1.135813	-2.658866	11	124	23	545.280
-0.523599	2.393226	1.857173	112	29	2	545.164
1.308997	2.404280	-0.174044	11	9	25	545.092
0.523599	1.948085	-2.363031	9	115	98	544.893
2.879793	2.343981	-1.040456	26	115	116	544.873
-1.308997	1.128190	-2.288622	6	7	22	544.871
0.523599	0.618092	2.539118	11	26	13	544.865
1.308997	1.683268	0.374177	12	5	103	544.836
0.523599	1.504028	0.636812	98	10	3	544.750
2.356194	2.704512	1.488683	2	114	105	544.674
-1.832596	1.766067	2.153843	117	103	6	544.258
0.000000	1.696674	-1.253233	16	9	19	544.222
-1.832596	1.168678	2.108595	0	10	102	544.177
2.356194	1.721184	-0.153948	2	38	127	544.119
1.308997	1.554776	0.100351	11	1	103	544.102
-1.570796	0.080730	-2.622036	106	4	15	544.089
-1.832596	1.417623	-0.202254	127	32	2	543.801
2.617994	0.615174	-0.666022	32	5	119	543.768
-0.261799	0.906588	1.252948	25	110	124	543.731
0.261799	1.554776	0.100351	34	116	14	543.648
-2.879793	1.732874	-0.951685	112	24	14	543.623
0.523599	0.709924	0.218797	24	4	30	543.615
1.570796	2.180315	-1.357379	12	9	97	543.543
2.617994	2.760637	2.781135	9	27	2	543.332
2.617994	1.599406	1.426070	119	25	115	543.313
-2.879793	1.545873	-1.877082	125	25	7	543.250
-1.047198	2.033014	2.977192	97	2	1	543.229
-2.879793	1.554776	0.100351	107	124	14	543.040
1.308997	2.108018	1.311430	114	105	1	543.008
-2.879793	0.733948	3.021411	1	35	10	543.004
-1.308997	2.393226	1.857173	25	23	6	542.949
-1.832596	1.488617	1.159546	26	3	23	542.935
-1.308997	2.404280	-0.174044	23	6	110	542.854
2.617994	2.115563	0.685730	115	114	114	542.800
-0.261799	2.724429	-0.348782	117	33	122	542.709
-0.523599	0.619654	-2.216909	112	15	11	542.591
-1.047198	1.824694	1.850876	113	14	20	542.372
-2.617994	0.619654	-2.216909	7	3	100	542.335
-2.356194	1.982574	-1.115518	26	11	115	542.258
-2.617994	1.909857	-0.381669	113	30	1	542.183
-0.261799	1.904882	-1.478089	8	116	98	542.181
1.832596	1.741644	-2.695914	102	21	125	542.013
0.523599	2.108018	1.311430	126	4	25	541.985
-1.832596	2.588535	-2.976617	32	9	11	541.948
-0.261799	0.910508	1.903534	116	28	17	541.942
-1.832596	1.599406	1.426070	0	40	5	541.860
2.879793	1.658653	-2.409879	20	2	26	541.684
1.570796	2.104282	-0.813972	16	15	102	541.680
0.000000	2.164094	-2.991358	19	114	121	541.507
1.832596	1.721184	-0.153948	7	0	104	541.495
-0.523599	1.184361	0.625864	7	28	3	541.410
-1.832596	1.135813	-2.658866	120	35	122	541.397
0.785398	1.367556	0.358405	33	1	19	541.165
1.570796	2.108018	1.311430	118	102	1	541.040
0.785398	2.984978	1.954446	104	20	1	540.969
-1.570796	2.719179	-1.780644	33	122	10	540.894
0.261799	1.824694	1.850876	32	7	6	540.621
-1.832596	2.393226	1.857173	126	110	121	540.437
-2.617994	2.579248	-2.364801	15	3	96	540.417
-2.617994	0.674054	1.013609	111	119	4	540.360
-0.523599	1.569311	-3.003978	104	119	0	540.320
-1.570796	1.450119	-2.739050	107	7	3	540.048
-0.523599	1.555207	1.708892	113	3	23	539.865
0.785398	0.910508	1.903534	16	30	118	539.438
2.356194	1.214854	-1.966664	125	19	15	539.211
-0.523599	2.719179	-1.780644	8	33	124	539.172
-1.570796	1.812176	0.656819	21	125	25	539.159
1.308997	0.379747	-1.713059	106	13	12	539.136
2.617994	1.440580	2.260026	10	31	1	539.125
-2.094395	1.448123	-2.163292	107	8	4	538.936
-2.617994	0.379747	-1.713059	108	7	13	538.857
-2.094395	0.831641	0.616218	15	31	7	538.762
-0.261799	1.569311	-3.003978	118	29	114	538.568
0.261799	1.195355	1.200319	123	30	8	538.547
-1.832596	1.662363	0.915448	22	0	25	538.318
-2.094395	2.356369	3.005869	32	8	11	538.317
0.000000	0.290380	-0.796960	107	21	7	538.269
-0.261799	1.732874	-0.951685	114	112	123	538.187
1.308997	0.929350	-2.910676	24	125	97	538.161
-2.356194	1.413430	2.550734	29	123	9	538.109
2.094395	1.242974	-2.977882	10	4	25	538.078
-0.261799	2.164094	-2.991358	16	110	121	537.978
-2.094395	0.961715	0.014085	118	124	23	537.959
2.094395	1.545873	-1.877082	111	117	122	537.598
-1.832596	2.174483	2.653697	113	108	6	537.588
0.261799	1.998705	2.370472	104	116	11	537.124
1.308997	2.187132	-0.479875	123	126	106	536.920
0.261799	1.904882	-1.478089	21	116	101	536.896
2.879793	1.134497	-1.109631	31	3	121	536.872
1.570796	0.864993	2.278281	116	28	9	536.859
-2.094395	0.899350	-2.069907	13	15	21	536.617
-3.141593	1.869911	2.701025	7	32	5	536.586
0.261799	0.899350	-2.069907	110	113	6	536.497
-0.523599	1.504028	0.636812	6	25	7	536.469
2.356194	1.510910	-0.740472	29	126	118	536.428
-1.570796	1.662363	0.915448	24	1	23	536.325
1.308997	1.875281	0.107086	8	1	104	536.015
-0.261799	1.367556	0.358405	8	110	112	535.919
-0.523599	0.929350	-2.910676	11	5	23	535.883
1.570796	2.033014	2.977192	23	10	20	535.860
-1.308997	2.041297	-2.664597	2	34	118	535.820
0.000000	1.301460	-0.509251	118	107	117	535.578
-1.047198	0.914445	2.687814	118	34	5	535.457
-2.356194	1.998705	2.370472	112	107	117	535.258
-1.570796	1.977582	0.969896	116	13	24	535.180
-2.617994	1.732874	-0.951685	28	9	113	535.074
-1.047198	0.379747	-1.713059	6	25	14	535.020
2.356194	2.251330	-2.330739	97	15	4	535.011
-2.356194	0.591903	2.010408	2	28	17	534.949
-1.308997	1.218453	2.777284	105	127	115	534.727
-0.785398	1.809167	1.213774	22	8	21	534.589
-2.879793	2.984978	1.954446	1	25	14	534.496
1.308997	1.050534	3.042579	121	22	11	534.496
1.570796	2.393226	1.857173	21	121	104	534.491
2.617994	0.674054	1.013609	0	31	125	534.430
0.261799	0.370812	-2.547742	127	24	15	534.420
1.308997	1.448123	-2.163292	6	106	20	534.155
-0.785398	1.662363	0.915448	26	5	21	533.962
0.523599	1.658653	-2.409879	110	3	11	533.960
-1.308997	0.992645	-1.723759	111	12	9	533.779
-2.617994	1.218453	2.777284	127	38	2	533.665
1.047198	1.741644	-2.695914	14	118	95	533.450
0.000000	1.242974	-2.977882	10	7	27	533.402
1.832596	0.992645	-1.723759	1	124	103	533.386
2.879793	1.569311	-3.003978	111	27	12	533.331
-1.308997	2.587733	0.232235	4	16	13	533.226
-2.356194	1.812176	0.656819	124	118	108	533.128
-0.523599	2.396274	-1.959260	17	2	96	533.051
-2.094395	0.458961	-0.107937	123	122	27	532.998
2.094395	2.881233	-2.582574	106	24	0	532.872
-2.879793	1.134796	2.434290	8	35	3	532.846
1.832596	1.872854	1.543456	2	20	18	532.763
-2.094395	1.658653	-2.409879	0	19	17	532.350
-0.261799	1.128190	-2.288622	108	11	13	532.336
-0.261799	1.413347	-1.339188	109	115	121	532.285
-0.523599	2.984978	1.954446	18	26	2	532.244
1.308997	1.301460	-0.509251	15	111	16	532.055
2.356194	0.733948	3.021411	37	125	12	532.043
-0.523599	1.812176	0.656819	4	23	9	531.980
-2.617994	0.685216	-1.712745	106	9	11	531.957
2.094395	2.138223	1.678323	124	99	120	531.946
-1.832596	1.696674	-1.253233	116	30	123	531.900
-2.094395	2.108018	1.311430	104	124	2	531.727
-0.785398	1.301460	-0.509251	110	115	6	531.697
-2.356194	1.450119	-2.739050	0	37	123	531.651
0.261799	0.458961	-0.107937	31	4	22	531.497
-2.879793	2.033014	2.977192	127	23	11	531.482
1.570796	2.396274	-1.959260	118	31	4	531.380
-1.047198	2.251330	-2.330739	6	31	116	531.348
2.617994	0.418037	1.360082	110	1	25	531.318
-2.617994	2.033014	2.977192	2	37	125	531.270
0.000000	1.014500	0.906702	2	32	5	531.250
-2.094395	1.545873	-1.877082	126	3	20	531.247
2.094395	0.914445	2.687814	32	0	20	530.951
1.832596	1.756530	-2.105156	111	117	122	530.941
-2.617994	2.104282	-0.813972	118	28	117	530.895
-0.261799	0.496451	0.593859	119	13	27	530.749
-2.356194	2.478122	2.609777	126	109	109	530.737
-2.356194	1.555207	1.708892	19	6	107	530.735
-1.570796	0.992645	-1.723759	111	12	9	530.721
1.832596	1.977582	0.969896	32	124	25	530.694
-1.308997	1.696674	-1.253233	106	31	125	530.680
-0.523599	1.450119	-2.739050	4	127	23	530.645
0.000000	1.374601	-2.456031	109	8	12	530.474
0.000000	1.310100	1.488307	125	28	6	530.055
0.523599	0.080730	-2.622036	119	21	6	530.003
-2.879793	1.617114	-1.572037	3	3	18	529.969
-2.617994	2.187132	-0.479875	103	1	17	529.810
0.261799	0.297065	2.160177	126	124	108	529.765
-2.879793	0.640596	-2.797608	24	110	7	529.732
-0.523599	1.195355	1.200319	4	29	1	529.586
0.523599	1.846342	-1.796954	18	112	101	529.581
-1.308997	0.914445	2.687814	122	35	5	529.388
1.047198	0.619654	-2.216909	10	13	23	529.285
0.523599	0.929350	-2.910676	109	115	6	529.168
-2.356194	2.180315	-1.357379	101	115	127	529.129
-0.261799	0.850607	-1.335383	109	114	0	528.836
2.356194	1.736875	3.023612	11	9	25	528.829
-1.570796	1.824694	1.850876	124	38	9	528.741
0.000000	1.448123	-2.163292	105	7	12	528.671
-0.261799	1.836682	-0.676006	104	8	8	528.643
-0.261799	1.606104	-0.451151	4	17	23	528.585
2.617994	0.290380	-0.796960	10	113	15	528.384
-2.617994	0.419640	2.974122	32	16	15	528.102
1.832596	0.866395	-2.492918	11	6	19	527.918
-0.261799	1.417623	-0.202254	127	23	23	527.846
-2.617994	1.824694	1.850876	0	39	3	527.836
1.308997	1.736875	3.023612	26	122	19	527.791
2.617994	1.872854	1.543456	5	35	4	527.765
1.308997	2.478122	2.609777	26	11	16	527.763
2.094395	0.640596	-2.797608	35	126	15	527.747
-1.308997	0.297065	2.160177	12	16	107	527.380
0.785398	1.440580	2.260026	104	113	4	527.277
-1.308997	0.618092	2.539118	120	33	13	527.157
-2.879793	2.343981	-1.040456	30	4	115	526.991
1.832596	2.164094	-2.991358	23	8	23	526.865
0.261799	1.367556	0.358405	32	122	20	526.806
0.523599	0.674054	1.013609	109	115	119	526.652
0.785398	2.704512	1.488683	107	112	125	526.634
0.000000	0.850607	-1.335383	15	12	17	526.618
-1.047198	2.456751	-1.503343	1	29	2	526.396
-2.879793	1.413430	2.550734	4	36	2	526.379
-2.094395	2.719179	-1.780644	27	122	15	526.215
-1.308997	1.658653	-2.409879	127	30	113	526.184
2.094395	2.719179	-1.780644	118	113	102	526.113
-1.832596	2.349581	-2.702517	109	118	9	526.070
-0.261799	0.899350	-2.069907	112	12	9	525.925
0.523599	2.664082	-1.071402	127	125	100	525.828
-1.832596	0.709924	0.218797	16	27	9	525.824
1.832596	1.184361	0.625864	2	23	109	525.677
2.617994	2.664082	-1.071402	115	119	103	525.670
2.356194	1.756530	-2.105156	3	16	95	525.553
0.261799	2.588535	-2.976617	22	25	5	525.322
0.523599	1.045978	0.343692	33	3	20	524.960
-0.785398	1.367556	0.358405	4	109	111	524.765
2.879793	1.050534	3.042579	10	32	1	524.754
2.879793	2.153910	-1.714959	105	23	7	524.740
1.047198	1.335669	0.897240	24	4	29	524.716
0.261799	1.134497	-1.109631	114	105	124	524.672
-3.141593	0.866955	-0.931351	122	33	5	524.633
-2.617994	0.370812	-2.547742	118	103	3	524.605
0.523599	1.721184	-0.153948	8	120	105	524.597
0.785398	2.073035	2.027405	120	1	19	524.552
0.000000	1.732874	-0.951685	115	109	123	524.480
-2.356194	1.836682	-0.676006	8	20	9	524.453
2.356194	2.719179	-1.780644	119	113	102	524.436
0.785398	2.033014	2.977192	119	5	15	524.426
0.785398	1.756530	-2.105156	18	115	100	524.219
-2.356194	1.875281	0.107086	114	2	25	524.084
0.000000	0.992645	-1.723759	109	113	2	524.067
-0.261799	0.591903	2.010408	116	32	12	524.039
0.000000	1.569311	-3.003978	115	5	11	524.015
2.879793	0.419640	2.974122	7	25	13	524.002
-1.047198	2.984978	1.954446	5	4	100	523.990
-0.785398	0.864993	2.278281	118	33	12	523.936
-0.261799	1.846342	-1.796954	16	119	97	523.803
2.617994	0.619654	-2.216909	35	17	4	523.765
1.308997	2.456751	-1.503343	7	7	95	523.635
-2.356194	1.699788	2.452890	110	108	118	523.513
1.832596	2.588535	-2.976617	5	41	3	523.459
2.617994	0.866395	-2.492918	14	122	22	523.418
2.617994	0.419640	2.974122	34	6	19	523.408
1.047198	2.637879	2.121598	126	13	107	523.384
-2.879793	1.696674	-1.253233	4	4	99	523.289
-2.356194	1.135834	-1.431087	114	29	6	523.082
2.356194	0.418037	1.360082	30	16	4	522.975
0.523599	2.138223	1.678323	105	18	120	522.862
1.570796	1.374601	-2.456031	37	4	1	522.791
0.785398	1.134796	2.434290	126	23	12	522.740
-2.356194	1.766067	2.153843	32	7	14	522.731
-2.879793	1.113094	-0.272241	117	26	14	522.664
-1.308997	2.180315	-1.357379	31	118	5	522.657
-2.094395	0.615174	-0.666022	9	26	9	522.566
0.523599	1.433411	-1.035986	14	31	4	522.494
1.832596	0.700570	1.559208	3	103	116	522.351
2.356194	1.699788	2.452890	33	4	18	522.346
0.261799	0.929350	-2.910676	6	23	21	522.301
-0.785398	2.379497	0.561089	122	110	110	522.224
-0.523599	0.762244	-0.273349	8	33	15	522.020
-0.785398	0.379747	-1.713059	2	26	14	522.018
1.832596	1.982574	-1.115518	125	31	17	521.994
2.879793	2.063651	-2.044600	7	6	94	521.959
-1.570796	1.194549	-0.801900	110	28	117	521.908
-1.570796	0.640596	-2.797608	116	14	18	521.899
0.261799	2.881233	-2.582574	110	118	107	521.829
0.261799	1.836682	-0.676006	118	120	111	521.524
-2.617994	1.335669	0.897240	0	15	29	521.515
-2.094395	0.914445	2.687814	120	3	101	521.438
2.094395	0.700570	1.559208	7	104	117	521.422
-0.785398	2.041297	-2.664597	110	5	3	521.407
-1.308997	0.458961	-0.107937	17	29	6	521.383
1.308997	1.836682	-0.676006	0	123	107	521.296
-2.356194	1.545873	-1.877082	125	2	22	521.196
-3.141593	0.619654	-2.216909	97	11	127	521.134
-0.261799	2.251330	-2.330739	2	118	99	521.124
-2.879793	1.699788	2.452890	1	38	0	521.079
2.879793	1.766067	2.153843	8	35	127	520.968
1.308997	1.977582	0.969896	34	1	20	520.905
-2.356194	2.041297	-2.664597	116	114	0	520.855
2.094395	1.606104	-0.451151	7	35	118	520.767
1.832596	1.948085	-2.363031	29	121	11	520.763
1.832596	1.574060	2.783565	8	11	26	520.595
1.308997	1.367556	0.358405	125	28	22	520.592
-0.785398	0.203748	0.590255	25	7	29	520.580
2.879793	2.579248	-2.364801	16	122	97	520.478
-1.308997	1.869911	2.701025	20	116	112	520.405
-2.617994	0.906588	1.252948	114	120	4	520.153
-1.570796	0.203748	0.590255	120	2	24	520.099
2.094395	0.899350	-2.069907	4	122	102	519.982
-1.832596	0.866395	-2.492918	117	35	121	519.979
-0.785398	1.256302	0.062705	118	107	119	519.895
-3.141593	2.153910	-1.714959	104	18	7	519.893
1.832596	2.396274	-1.959260	120	39	127	519.877
1.832596	1.732874	-0.951685	20	108	115	519.723
0.000000	2.579248	-2.364801	126	38	116	519.674
0.785398	1.335669	0.897240	24	1	28	519.618
-2.356194	1.574060	2.783565	32	0	7	519.571
-3.141593	0.618092	2.539118	26	2	28	519.542
-0.523599	1.809167	1.213774	21	10	20	519.385
0.261799	2.393226	1.857173	29	9	13	519.321
-2.356194	1.433411	-1.035986	25	13	114	519.268
2.617994	2.456751	-1.503343	112	31	8	519.248
-2.356194	2.343981	-1.040456	104	21	10	519.237
-0.785398	0.960688	-0.577532	12	24	16	519.230
-1.570796	2.407836	1.410646	24	24	12	519.161
2.879793	0.618092	2.539118	39	6	12	519.013
0.523599	0.850607	-1.335383	6	117	106	519.008
1.308997	0.961715	0.014085	28	5	25	518.951
0.261799	1.756530	-2.105156	13	112	99	518.926
-1.832596	1.194549	-0.801900	2	26	11	518.852
-0.785398	2.979456	-1.009304	21	123	98	518.611
2.879793	0.379747	-1.713059	28	118	13	518.569
-0.523599	0.961715	0.014085	1	33	18	518.503
0.261799	2.592629	0.909713	33	123	7	518.404
0.000000	1.335669	0.897240	1	28	9	518.230
-2.617994	1.045978	0.343692	5	22	126	518.143
2.879793	1.014500	0.906702	127	28	122	518.133
1.832596	1.417623	-0.202254	125	19	28	517.959
-1.308997	2.349581	-2.702517	30	15	5	517.925
1.832596	1.662363	0.915448	18	111	118	517.845
-0.261799	2.104282	-0.813972	116	114	121	517.815
0.523599	0.290380	-0.796960	34	125	18	517.813
-0.785398	1.599406	1.426070	22	11	20	517.805
-1.047198	0.910508	1.903534	123	39	6	517.786
0.523599	1.301460	-0.509251	122	115	107	517.757
-1.832596	1.506530	1.988858	6	10	102	517.557
-2.617994	1.510910	-0.740472	17	127	23	517.532
0.261799	2.349581	-2.702517	21	115	117	517.531
-0.785398	2.153910	-1.714959	8	121	96	517.500
-1.308997	2.588535	-2.976617	3	37	127	517.447
-1.832596	2.704512	1.488683	4	9	103	517.432
1.832596	2.579248	-2.364801	111	30	0	517.350
-0.261799	0.640596	-2.797608	12	10	22	517.342
0.261799	2.104282	-0.813972	10	31	124	517.340
-1.047198	0.615174	-0.666022	114	117	16	517.285
2.879793	0.458961	-0.107937	122	23	21	517.266
-1.047198	1.448123	-2.163292	1	25	17	517.212
2.617994	1.413430	2.550734	108	30	4	517.154
1.570796	0.080730	-2.622036	114	34	1	517.055
0.261799	2.174483	2.653697	117	30	116	517.008
2.617994	1.948085	-2.363031	97	12	1	517.002
2.617994	2.404280	-0.174044	3	109	113	516.991
-1.570796	1.809167	1.213774	121	110	119	516.950
1.308997	1.545873	-1.877082	21	9	18	516.920
0.785398	0.866955	-0.931351	21	127	105	516.915
-1.308997	1.736875	3.023612	122	38	0	516.872
-2.617994	2.343981	-1.040456	28	7	114	516.863
-0.261799	2.393226	1.857173	23	112	11	516.807
-2.094395	2.592629	0.909713	6	115	106	516.766
-0.523599	1.247695	1.809890	28	5	13	516.690
-1.570796	1.050534	3.042579	105	127	115	516.686
2.879793	2.180315	-1.357379	109	25	12	516.643
-2.879793	1.242974	-2.977882	0	38	126	516.633
1.047198	0.297065	2.160177	118	4	21	516.564
0.523599	0.733948	3.021411	121	15	14	516.457
1.308997	1.335669	0.897240	32	1	19	516.440
-1.570796	1.875281	0.107086	10	2	101	516.426
-0.785398	1.554776	0.100351	119	108	117	516.344
-2.617994	1.413430	2.550734	107	114	121	516.312
-2.094395	1.168678	2.108595	4	10	102	516.245
0.261799	1.617114	-1.572037	125	32	119	516.242
0.785398	1.135813	-2.658866	16	23	123	516.207
-2.094395	2.104282	-0.813972	118	27	120	516.201
2.617994	0.850607	-1.335383	1	116	15	516.199
1.308997	1.732874	-0.951685	1	121	107	516.152
1.308997	2.343981	-1.040456	13	11	98	516.087
-0.261799	1.391910	3.030322	14	2	26	515.953
0.261799	2.247462	0.191623	115	109	14	515.920
-0.523599	2.115563	0.685730	9	17	23	515.803
1.832596	1.488617	1.159546	125	27	112	515.601
2.617994	1.870545	-2.976234	33	17	122	515.543
-1.832596	0.640596	-2.797608	120	37	125	515.379
-2.094395	2.299159	2.264663	114	108	126	515.369
0.261799	0.850607	-1.335383	11	16	18	515.362
1.047198	1.194549	-0.801900	11	110	18	515.312
1.308997	2.063651	-2.044600	17	127	96	515.275
-1.832596	1.875281	0.107086	116	30	11	515.197
-2.879793	1.256302	0.062705	116	31	9	515.152
-1.308997	2.174483	2.653697	120	40	1	515.135
-1.308997	1.374601	-2.456031	122	30	112	515.121
0.523599	1.510910	-0.740472	12	30	9	515.021
0.000000	1.662363	0.915448	1	24	14	514.961
1.308997	1.766067	2.153843	119	30	9	514.930
1.570796	2.587733	0.232235	14	7	26	514.917
-3.141593	1.134497	-1.109631	32	7	121	514.857
2.617994	1.195355	1.200319	123	28	117	514.747
-2.617994	1.367556	0.358405	7	24	121	514.691
-0.261799	2.089241	-0.114193	120	117	18	514.596
-0.261799	0.961715	0.014085	105	125	115	514.584
-2.356194	0.458961	-0.107937	119	124	26	514.570
2.879793	2.393226	1.857173	20	111	20	514.532
2.094395	2.180315	-1.357379	17	21	16	514.521
-1.047198	1.242974	-2.977882	10	10	24	514.509
0.000000	2.180315	-1.357379	20	122	98	514.388
-1.308997	1.242974	-2.977882	11	8	25	514.300
0.000000	0.370812	-2.547742	115	17	13	514.051
-2.094395	0.619654	-2.216909	7	118	17	513.999
-0.523599	1.135834	-1.431087	124	110	105	513.982
-2.617994	2.456751	-1.503343	7	122	96	513.951
1.308997	1.488617	1.159546	121	5	25	513.913
-0.523599	2.089241	-0.114193	107	17	14	513.877
0.785398	2.579248	-2.364801	22	110	123	513.873
-2.094395	2.579248	-2.364801	9	7	95	513.769
-3.141593	1.367556	0.358405	122	33	9	513.617
-0.785398	1.194549	-0.801900	10	106	109	513.583
1.308997	1.391910	3.030322	123	23	14	513.439
-3.141593	2.664082	-1.071402	3	8	22	513.417
2.617994	2.579248	-2.364801	96	10	7	513.382
-2.617994	1.194549	-0.801900	115	26	6	513.236
-1.832596	1.683268	0.374177	120	33	9	513.189
-2.879793	1.998705	2.370472	9	35	120	513.144
-3.141593	1.194549	-0.801900	20	21	8	513.016
2.879793	1.218453	2.777284	9	31	4	512.914
-1.832596	2.478122	2.609777	0	35	7	512.879
0.523599	1.134497	-1.109631	116	102	123	512.874
-3.141593	1.699788	2.452890	5	35	1	512.857
-0.785398	0.290380	-0.796960	21	25	2	512.848
-1.832596	2.863997	0.549740	126	25	114	512.781
-1.832596	2.251330	-2.330739	110	124	12	512.739
0.523599	1.184361	0.625864	30	4	23	512.681
-2.879793	1.736875	3.023612	2	36	118	512.654
-1.047198	1.325504	-1.671296	126	33	11	512.640
1.570796	1.391910	3.030322	121	22	13	512.539
-1.047198	1.569311	-3.003978	7	7	24	512.423
-2.617994	2.247462	0.191623	10	118	106	512.375
-2.094395	1.135834	-1.431087	111	28	6	512.243
2.356194	1.617114	-1.572037	99	16	10	512.100
-3.141593	1.134796	2.434290	0	1	105	512.062
0.523599	0.685216	-1.712745	9	11	24	512.002
-2.879793	1.948085	-2.363031	127	26	8	511.996
1.570796	2.760637	2.781135	32	6	122	511.943
-0.523599	0.850607	-1.335383	106	115	1	511.923
-2.356194	1.256302	0.062705	6	28	125	511.922
-2.094395	0.866955	-0.931351	112	16	11	511.832
-1.832596	2.001437	0.381215	116	35	6	511.818
-2.094395	2.089241	-0.114193	114	30	10	511.739
2.094395	1.450119	-2.739050	15	124	23	511.728
2.094395	0.080730	-2.622036	103	15	9	511.710
2.879793	0.674054	1.013609	125	28	127	511.635
-3.141593	1.977582	0.969896	115	113	114	511.463
0.000000	1.998705	2.370472	112	26	120	511.289
2.356194	1.998705	2.370472	123	22	109	511.098
0.000000	1.824694	1.850876	33	6	7	510.949
-2.356194	0.203748	0.590255	23	22	126	510.805
-2.094395	2.588535	-2.976617	34	3	10	510.746
0.261799	1.732874	-0.951685	14	19	19	510.738
-2.356194	1.335669	0.897240	112	121	123	510.717
-2.356194	0.914445	2.687814	123	6	101	510.705
1.832596	2.664082	-1.071402	2	31	15	510.504
0.261799	0.866955	-0.931351	107	15	12	510.232
1.570796	2.153910	-1.714959	16	5	97	510.129
1.570796	2.343981	-1.040456	10	13	98	509.848
0.261799	1.413347	-1.339188	15	11	16	509.839
-1.570796	1.696674	-1.253233	110	31	124	509.824
2.094395	1.756530	-2.105156	6	14	95	509.806
-2.356194	2.063651	-2.044600	117	11	24	509.720
-3.141593	1.440580	2.260026	4	34	8	509.691
0.523599	1.574060	2.783565	22	5	109	509.630
0.523599	0.458961	-0.107937	28	11	25	509.605
0.261799	1.870545	-2.976234	116	3	11	509.591
1.308997	2.115563	0.685730	19	122	111	509.561
0.000000	2.108018	1.311430	1	108	113	509.490
1.832596	2.379497	0.561089	3	3	106	509.345
0.261799	2.356369	3.005869	117	28	122	509.301
-0.523599	1.335669	0.897240	5	28	6	509.266
0.000000	1.683268	0.374177	16	126	103	509.095
0.523599	0.960688	-0.577532	122	113	108	509.068
2.356194	1.824694	1.850876	113	30	116	509.067
-2.879793	2.404280	-0.174044	107	121	111	509.025
1.308997	2.704512	1.488683	12	27	124	508.980
2.879793	1.736875	3.023612	110	27	14	508.861
1.832596	2.073035	2.027405	117	103	116	508.798
0.000000	1.391910	3.030322	14	4	26	508.736
-0.523599	2.592629	0.909713	124	110	107	508.595
-1.308997	1.699788	2.452890	18	119	108	508.586
2.617994	1.504028	0.636812	107	126	15	508.475
-2.879793	2.108018	1.311430	120	8	19	508.458
2.094395	0.850607	-1.335383	127	127	24	508.443
-2.879793	1.025536	1.576859	11	32	13	508.371
1.570796	2.251330	-2.330739	106	117	122	508.127
-1.832596	1.732874	-0.951685	115	28	120	508.119
0.523599	2.863997	0.549740	27	122	24	508.101
-3.141593	1.870545	-2.976234	112	27	16	508.093
0.785398	2.299159	2.264663	107	22	120	508.018
-2.094395	1.247695	1.809890	11	7	31	507.951
-2.356194	2.104282	-0.813972	108	23	13	507.894
2.356194	1.554776	0.100351	30	119	7	507.880
2.356194	1.606104	-0.451151	27	127	112	507.869
2.879793	0.992645	-1.723759	98	8	5	507.778
-0.261799	2.704512	1.488683	12	2	106	507.769
0.523599	0.992645	-1.723759	21	26	13	507.621
1.047198	1.256302	0.062705	36	10	14	507.598
-0.523599	2.404280	-0.174044	115	111	13	507.577
2.094395	0.906588	1.252948	31	7	123	507.558
2.356194	2.104282	-0.813972	28	126	118	507.543
-1.308997	0.418037	1.360082	124	33	18	507.532
-3.141593	2.984978	1.954446	122	124	20	507.490
1.832596	2.033014	2.977192	19	12	22	507.329
-1.570796	1.128190	-2.288622	121	28	111	507.252
-3.141593	2.041297	-2.664597	118	114	98	507.175
1.570796	0.297065	2.160177	2	26	9	507.148
-0.261799	2.719179	-1.780644	20	7	98	507.079
2.356194	1.440580	2.260026	30	4	23	507.035
-3.141593	0.496451	0.593859	116	27	7	507.029
-1.570796	2.356369	3.005869	1	36	2	506.988
-2.617994	2.174483	2.653697	5	34	114	506.922
2.617994	2.349581	-2.702517	25	3	18	506.899
-2.356194	2.456751	-1.503343	120	26	19	506.890
-0.785398	2.138223	1.678323	111	4	20	506.883
1.832596	2.760637	2.781135	109	115	9	506.748
-0.261799	0.960688	-0.577532	111	8	20	506.738
0.000000	1.741644	-2.695914	111	5	10	506.635
-2.094395	1.599406	1.426070	19	11	111	506.631
-1.308997	1.450119	-2.739050	122	34	116	506.613
-1.308997	1.998705	2.370472	123	39	3	506.516
-2.094395	2.637879	2.121598	125	35	12	506.498
-2.617994	0.709924	0.218797	111	28	5	506.498
-0.785398	2.180315	-1.357379	0	30	1	506.354
-0.785398	1.569311	-3.003978	105	122	127	506.342
-2.879793	1.440580	2.260026	6	36	3	506.021
0.785398	1.135834	-1.431087	35	15	21	505.973
2.879793	1.113094	-0.272241	22	9	12	505.844
2.617994	1.846342	-1.796954	7	15	97	505.781
1.308997	0.762244	-0.273349	25	9	28	505.764
-0.785398	1.812176	0.656819	111	108	125	505.711
-2.356194	2.174483	2.653697	110	114	2	505.647
-1.570796	1.325504	-1.671296	104	110	112	505.514
-1.570796	0.418037	1.360082	18	17	110	505.390
-2.356194	1.510910	-0.740472	112	24	4	505.381
-0.261799	2.984978	1.954446	112	32	6	505.340
1.308997	0.864993	2.278281	113	122	20	505.284
0.261799	1.741644	-2.695914	113	3	12	505.273
2.094395	1.569311	-3.003978	13	5	25	505.205
-0.785398	2.063651	-2.044600	5	28	115	505.184
2.094395	2.115563	0.685730	5	35	3	505.060
1.570796	1.417623	-0.202254	127	22	28	504.957
-2.094395	1.413347	-1.339188	122	31	124	504.832
-2.617994	1.488617	1.159546	1	26	24	504.808
2.617994	1.545873	-1.877082	10	19	100	504.793
-1.047198	1.440580	2.260026	116	27	16	504.747
-1.570796	2.115563	0.685730	17	15	23	504.628
-2.094395	1.367556	0.358405	2	29	121	504.508
2.617994	1.014500	0.906702	0	27	120	504.498
-2.356194	0.419640	2.974122	24	109	4	504.425
2.356194	2.041297	-2.664597	21	6	24	504.386
-0.261799	1.214854	-1.966664	104	11	12	504.374
1.570796	0.899350	-2.069907	11	116	18	504.310
2.879793	2.104282	-0.813972	30	125	112	504.138
-0.261799	1.256302	0.062705	0	30	7	504.092
-2.356194	2.881233	-2.582574	18	2	97	504.018
0.000000	0.640596	-2.797608	115	15	14	504.013
1.832596	2.343981	-1.040456	0	30	17	503.998
-0.785398	1.440580	2.260026	113	28	14	503.924
0.523599	0.297065	2.160177	122	127	27	503.869
-2.356194	2.719179	-1.780644	11	122	96	503.859
-0.523599	0.419640	2.974122	19	6	19	503.775
-0.785398	1.128190	-2.288622	108	12	12	503.617
2.617994	1.869911	2.701025	111	32	7	503.564
-0.785398	1.824694	1.850876	112	14	21	503.539
-1.047198	1.696674	-1.253233	118	36	11	503.532
-2.879793	1.824694	1.850876	126	38	6	503.389
2.094395	1.982574	-1.115518	27	2	0	503.327
-0.785398	1.325504	-1.671296	123	33	12	503.250
0.261799	0.290380	-0.796960	105	17	7	503.178
-2.617994	1.135813	-2.658866	110	41	0	502.990
-1.832596	1.721184	-0.153948	11	4	103	502.796
2.617994	0.831641	0.616218	35	5	127	502.635
0.261799	1.310100	1.488307	117	29	13	502.629
-0.261799	0.571433	-1.188419	12	13	19	502.589
0.785398	1.025536	1.576859	11	126	33	502.560
-2.094395	1.766067	2.153843	102	25	119	502.527
1.570796	1.809167	1.213774	124	29	119	502.475
0.785398	2.396274	-1.959260	20	111	124	502.320
-2.356194	1.909857	-0.381669	111	26	2	502.240
1.570796	0.929350	-2.910676	114	20	15	502.196
2.094395	1.872854	1.543456	118	26	120	502.172
-1.047198	1.247695	1.809890	121	111	122	502.015
1.832596	1.766067	2.153843	112	30	9	502.008
-2.094395	2.393226	1.857173	123	108	118	501.920
-2.094395	2.881233	-2.582574	19	2	97	501.890
1.832596	2.180315	-1.357379	24	110	122	501.824
-2.356194	0.961715	0.014085	5	24	0	501.703
0.785398	1.574060	2.783565	21	7	109	501.606
-2.879793	0.906588	1.252948	120	24	124	501.597
0.523599	1.809167	1.213774	123	1	104	501.463
1.570796	1.335669	0.897240	33	7	17	501.269
-1.832596	1.736875	3.023612	115	110	9	501.227
-2.617994	1.184361	0.625864	117	30	9	501.198
-0.523599	1.448123	-2.163292	107	9	13	501.157
-2.356194	1.448123	-2.163292	0	26	13	501.126
-1.308997	1.448123	-2.163292	2	25	15	501.123
-1.047198	1.756530	-2.105156	124	22	19	501.043
1.832596	2.063651	-2.044600	12	4	95	500.922
-3.141593	1.554776	0.100351	126	16	104	500.916
2.356194	1.374601	-2.456031	19	125	21	500.866
-3.141593	2.588535	-2.976617	21	7	99	500.841
-2.094395	2.295480	1.008277	102	120	123	500.811
-1.047198	0.961715	0.014085	116	114	5	500.802
-1.308997	1.113094	-0.272241	13	24	14	500.734
1.308997	1.504028	0.636812	101	24	23	500.714
-1.832596	1.998705	2.370472	115	106	3	500.492
2.094395	1.948085	-2.363031	100	19	1	500.425
-3.141593	0.864993	2.278281	24	5	29	500.369
1.832596	2.592629	0.909713	15	113	24	500.272
-3.141593	0.591903	2.010408	37	0	18	500.255
2.879793	1.391910	3.030322	108	23	16	500.237
2.617994	2.396274	-1.959260	106	22	4	499.662
-1.308997	0.203748	0.590255	121	5	24	499.615
-1.047198	1.301460	-0.509251	10	22	18	499.594
0.785398	1.683268	0.374177	114	3	121	499.451
-3.141593	1.168678	2.108595	116	126	13	499.428
1.832596	0.961715	0.014085	7	35	1	499.337
-2.094395	0.733948	3.021411	114	104	127	499.263
2.356194	1.413430	2.550734	34	124	17	499.254
2.879793	0.700570	1.559208	17	4	33	499.230
0.785398	1.732874	-0.951685	10	32	8	499.179
0.000000	1.545873	-1.877082	22	17	9	499.174
-3.141593	1.662363	0.915448	126	109	30	499.022
1.832596	1.809167	1.213774	31	125	25	498.972
-1.308997	2.247462	0.191623	106	28	6	498.793
-1.832596	1.301460	-0.509251	124	102	113	498.792
0.785398	0.961715	0.014085	30	127	25	498.625
1.832596	0.379747	-1.713059	37	9	9	498.513
1.047198	2.295480	1.008277	115	105	4	498.500
2.356194	2.979456	-1.009304	110	117	106	498.442
-0.261799	2.396274	-1.959260	4	31	0	498.309
-0.261799	1.510910	-0.740472	105	10	10	498.267
1.047198	1.875281	0.107086	105	23	20	498.235
-0.785398	1.448123	-2.163292	102	15	11	498.195
0.785398	2.592629	0.909713	12	26	121	498.084
-1.832596	2.138223	1.678323	123	108	116	498.027
-1.570796	2.001437	0.381215	114	14	23	497.961
0.785398	2.138223	1.678323	121	13	18	497.878
0.000000	2.863997	0.549740	110	111	1	497.820
2.879793	1.741644	-2.695914	18	1	25	497.796
2.094395	0.929350	-2.910676	12	22	9	497.777
-0.785398	1.721184	-0.153948	123	15	25	497.725
-2.617994	1.977582	0.969896	8	17	113	497.705
1.832596	2.251330	-2.330739	9	125	94	497.646
0.523599	1.696674	-1.253233	14	15	20	497.523
-0.523599	1.732874	-0.951685	112	115	122	497.484
-1.308997	0.496451	0.593859	29	9	119	497.442
0.523599	1.683268	0.374177	110	6	124	497.219
-0.785398	1.545873	-1.877082	124	27	17	497.211
2.356194	1.809167	1.213774	118	23	109	497.203
1.047198	1.025536	1.576859	13	30	115	497.125
-1.570796	1.836682	-0.676006	27	116	12	497.018
-1.832596	2.033014	2.977192	114	111	8	496.976
-1.047198	1.869911	2.701025	116	36	7	496.958
0.261799	1.247695	1.809890	123	100	25	496.916
0.523599	0.615174	-0.666022	40	8	7	496.906
2.356194	0.674054	1.013609	3	29	127	496.809
0.523599	2.637879	2.121598	106	18	0	496.779
2.617994	1.391910	3.030322	110	29	9	496.729
-2.356194	2.396274	-1.959260	106	7	4	496.717
-1.047198	1.982574	-1.115518	32	121	8	496.456
-0.785398	1.134796	2.434290	19	1	23	496.343
-2.879793	0.496451	0.593859	127	25	2	496.219
0.785398	1.128190	-2.288622	16	26	127	496.164
0.785398	1.310100	1.488307	28	13	1	495.917
0.785398	0.992645	-1.723759	124	106	11	495.881
-1.047198	1.948085	-2.363031	123	14	21	495.801
-1.570796	2.637879	2.121598	119	120	107	495.756
2.094395	1.732874	-0.951685	27	0	127	495.626
2.617994	2.247462	0.191623	120	110	114	495.601
-2.094395	1.812176	0.656819	4	25	120	495.578
2.617994	2.174483	2.653697	110	31	11	495.461
-0.261799	1.135813	-2.658866	113	10	10	495.347
-0.785398	1.135813	-2.658866	1	104	100	495.310
-0.523599	1.440580	2.260026	113	27	15	495.290
-1.308997	2.164094	-2.991358	115	107	2	495.271
-2.617994	2.979456	-1.009304	1	112	102	495.235
2.094395	1.741644	-2.695914	101	18	125	495.212
-1.308997	1.247695	1.809890	121	115	121	495.150
0.785398	0.615174	-0.666022	38	13	7	495.128
1.570796	1.948085	-2.363031	29	122	7	495.117
-0.785398	1.506530	1.988858	114	19	20	495.098
-2.094395	0.370812	-2.547742	120	37	125	494.926
2.356194	2.455966	-0.641220	126	27	20	494.895
-2.879793	0.850607	-1.335383	107	11	14	494.711
0.523599	1.756530	-2.105156	106	0	11	494.648
0.261799	2.984978	1.954446	21	6	112	494.563
2.617994	1.510910	-0.740472	29	0	116	494.561
0.261799	0.914445	2.687814	18	3	23	494.519
1.308997	1.699788	2.452890	122	24	12	494.516
1.308997	2.579248	-2.364801	15	27	8	494.473
-2.879793	2.588535	-2.976617	29	125	15	494.445
2.094395	1.904882	-1.478089	28	113	124	494.359
-3.141593	2.089241	-0.114193	19	19	123	494.318
2.094395	1.870545	-2.976234	17	8	25	494.189
-3.141593	0.419640	2.974122	15	12	102	494.172
0.785398	1.510910	-0.740472	5	104	15	494.166
-3.141593	0.370812	-2.547742	31	19	8	494.148
-0.785398	2.393226	1.857173	117	32	4	493.961
-3.141593	1.875281	0.107086	103	124	5	493.939
1.832596	1.606104	-0.451151	12	34	118	493.900
-0.261799	0.914445	2.687814	20	3	21	493.731
1.047198	2.863997	0.549740	124	121	106	493.713
-1.047198	2.404280	-0.174044	27	119	16	493.666
2.617994	1.658653	-2.409879	22	127	22	493.572
2.879793	2.164094	-2.991358	123	112	96	493.568
2.356194	1.875281	0.107086	121	40	0	493.549
1.570796	1.904882	-1.478089	127	35	11	493.519
0.261799	1.440580	2.260026	102	118	14	493.511
-1.308997	1.391910	3.030322	107	123	109	493.493
-1.047198	2.396274	-1.959260	113	113	127	493.475
-0.523599	2.637879	2.121598	116	30	2	493.430
1.570796	2.588535	-2.976617	109	24	125	493.427
-1.570796	1.391910	3.030322	121	107	3	493.399
-2.094395	2.587733	0.232235	9	100	124	493.262
-2.879793	1.846342	-1.796954	117	25	6	493.186
2.356194	2.349581	-2.702517	98	11	1	493.130
-3.141593	0.297065	2.160177	113	32	122	492.965
2.879793	1.948085	-2.363031	98	8	1	492.952
-1.832596	1.824694	1.850876	118	106	123	492.918
0.261799	2.396274	-1.959260	6	105	127	492.883
-1.570796	2.979456	-1.009304	24	120	19	492.851
-1.308997	1.872854	1.543456	123	106	120	492.783
1.047198	0.640596	-2.797608	111	114	8	492.724
-2.356194	2.724429	-0.348782	122	23	117	492.504
-2.094395	1.301460	-0.509251	5	27	7	492.492
-1.047198	1.391910	3.030322	106	0	4	492.479
-0.261799	2.041297	-2.664597	17	108	124	492.405
-2.879793	0.080730	-2.622036	113	7	19	492.387
2.356194	1.325504	-1.671296	98	16	7	492.383
0.523599	1.909857	-0.381669	9	32	3	492.379
2.879793	1.554776	0.100351	124	36	8	492.352
-0.523599	1.756530	-2.105156	105	5	12	492.334
-2.879793	2.455966	-0.641220	29	122	112	492.285
1.047198	1.050534	3.042579	120	19	14	492.184
1.047198	1.433411	-1.035986	11	37	122	492.092
-2.094395	0.379747	-1.713059	20	17	16	492.091
1.047198	0.992645	-1.723759	9	119	103	492.075
2.356194	2.407836	1.410646	12	28	17	492.011
0.000000	0.571433	-1.188419	7	15	22	491.754
-2.879793	1.247695	1.809890	113	127	11	491.745
-3.141593	1.242974	-2.977882	4	36	126	491.625
2.879793	1.325504	-1.671296	30	4	9	491.622
1.832596	1.554776	0.100351	16	127	102	491.603
1.832596	0.203748	0.590255	19	122	12	491.485
1.308997	2.299159	2.264663	25	25	4	491.484
-2.356194	1.135813	-2.658866	26	125	20	491.445
-2.879793	1.869911	2.701025	9	115	94	491.406
2.356194	2.579248	-2.364801	13	124	95	491.338
-1.570796	1.617114	-1.572037	94	4	114	491.286
-0.261799	1.824694	1.850876	27	126	14	491.216
-0.785398	0.080730	-2.622036	40	5	14	491.214
2.356194	1.417623	-0.202254	2	36	124	491.114
-1.832596	1.325504	-1.671296	121	32	1	490.891
-3.141593	1.045978	0.343692	118	32	0	490.840
1.047198	0.080730	-2.622036	15	19	12	490.562
0.261799	2.407836	1.410646	115	16	19	490.437
2.356194	2.063651	-2.044600	12	5	95	490.264
1.832596	0.619654	-2.216909	8	116	105	490.217
-0.523599	1.683268	0.374177	118	111	126	490.160
1.047198	0.899350	-2.069907	4	114	18	490.124
-2.879793	2.299159	2.264663	23	113	15	490.085
-1.832596	1.606104	-0.451151	126	30	8	490.051
1.047198	2.393226	1.857173	31	10	121	490.051
1.308997	2.104282	-0.813972	21	13	102	489.981
0.261799	2.033014	2.977192	23	10	112	489.973
0.261799	1.218453	2.777284	24	0	110	489.874
-1.047198	2.379497	0.561089	5	19	13	489.852
2.617994	0.458961	-0.107937	116	121	113	489.709
0.785398	2.979456	-1.009304	118	1	111	489.709
-1.832596	1.569311	-3.003978	119	108	4	489.687
-1.832596	2.299159	2.264663	117	106	125	489.643
0.000000	1.846342	-1.796954	15	120	97	489.638
2.356194	1.766067	2.153843	39	4	9	489.615
-0.261799	0.619654	-2.216909	1	24	19	489.597
-0.785398	0.615174	-0.666022	111	110	123	489.522
2.094395	2.379497	0.561089	110	114	118	489.442
2.617994	1.413347	-1.339188	29	8	5	489.431
1.832596	0.733948	3.021411	112	23	12	489.356
-2.356194	1.904882	-1.478089	125	14	20	489.327
2.617994	1.569311	-3.003978	12	4	26	489.323
-2.879793	1.301460	-0.509251	123	122	107	489.298
-0.785398	2.001437	0.381215	14	16	23	489.291
-1.047198	1.113094	-0.272241	114	114	4	489.286
1.047198	1.218453	2.777284	114	118	14	489.276
-0.785398	1.870545	-2.976234	4	5	24	489.273
1.570796	0.203748	0.590255	127	21	25	489.262
0.785398	2.863997	0.549740	26	120	102	489.067
-0.785398	0.297065	2.160177	28	120	13	488.980
1.308997	0.370812	-2.547742	119	118	17	488.954
-0.785398	1.606104	-0.451151	108	114	2	488.885
1.308997	1.135834	-1.431087	118	17	15	488.819
1.570796	1.909857	-0.381669	120	120	20	488.807
-1.047198	1.554776	0.100351	118	110	117	488.744
-2.879793	0.961715	0.014085	119	24	18	488.687
-0.785398	1.510910	-0.740472	35	2	2	488.604
1.570796	0.961715	0.014085	108	116	4	488.588
-1.308997	2.979456	-1.009304	26	121	19	488.560
2.356194	2.001437	0.381215	115	8	103	488.550
1.047198	2.404280	-0.174044	123	2	105	488.466
0.261799	0.379747	-1.713059	122	119	17	488.455
-1.832596	1.658653	-2.409879	108	6	3	488.425
1.832596	0.674054	1.013609	23	5	25	488.425
1.570796	1.195355	1.200319	119	12	26	488.408
-1.832596	0.960688	-0.577532	2	28	7	488.352
2.094395	2.073035	2.027405	121	102	116	488.327
2.356194	1.741644	-2.695914	18	118	94	488.299
1.047198	2.073035	2.027405	30	9	0	488.240
0.785398	2.295480	1.008277	3	2	26	488.224
-1.308997	0.700570	1.559208	104	4	5	488.215
-1.047198	0.674054	1.013609	110	121	0	488.212
-3.141593	1.846342	-1.796954	100	7	6	488.088
2.356194	0.906588	1.252948	2	30	0	488.086
-2.617994	2.138223	1.678323	25	127	108	488.073
1.047198	1.555207	1.708892	26	16	3	488.044
-0.261799	0.618092	2.539118	6	125	102	488.037
-0.261799	1.658653	-2.409879	11	115	96	487.957
-2.356194	0.615174	-0.666022	12	28	9	487.854
0.523599	2.881233	-2.582574	111	115	105	487.688
2.356194	1.448123	-2.163292	113	113	119	487.663
-0.523599	1.736875	3.023612	102	123	6	487.576
0.000000	1.413347	-1.339188	15	8	19	487.464
1.047198	0.571433	-1.188419	34	21	13	487.412
-3.141593	1.450119	-2.739050	113	115	1	487.334
2.356194	1.574060	2.783565	11	26	2	487.277
-2.879793	0.929350	-2.910676	3	37	115	487.154
0.261799	2.979456	-1.009304	20	20	106	487.133
-2.617994	1.574060	2.783565	126	39	126	487.088
2.879793	0.850607	-1.335383	3	116	14	487.006
0.000000	0.618092	2.539118	21	3	18	487.001
0.000000	1.836682	-0.676006	112	10	105	486.992
-0.523599	1.606104	-0.451151	3	15	23	486.963
1.832596	1.870545	-2.976234	121	18	18	486.946
-2.356194	1.721184	-0.153948	113	27	5	486.922
2.356194	2.724429	-0.348782	2	107	115	486.915
0.000000	1.184361	0.625864	29	123	23	486.818
2.617994	2.063651	-2.044600	14	8	96	486.775
2.879793	0.619654	-2.216909	97	14	127	486.691
-1.570796	1.554776	0.100351	24	120	21	486.630
2.094395	1.218453	2.777284	107	26	15	486.617
1.047198	1.846342	-1.796954	20	123	98	486.573
1.308997	2.724429	-0.348782	16	9	24	486.517
2.617994	2.637879	2.121598	120	126	20	486.473
0.000000	2.089241	-0.114193	119	113	17	486.340
0.000000	2.456751	-1.503343	17	2	96	486.239
-1.832596	2.407836	1.410646	112	27	20	486.237
2.617994	1.335669	0.897240	112	120	14	486.219
2.356194	2.396274	-1.959260	108	28	4	486.126
2.094395	1.194549	-0.801900	29	123	3	486.123
2.094395	2.455966	-0.641220	119	16	18	486.049
-2.094395	0.419640	2.974122	115	105	127	486.037
0.785398	0.700570	1.559208	2	29	126	485.984
0.785398	0.685216	-1.712745	6	9	25	485.882
-0.785398	0.591903	2.010408	29	119	10	485.797
1.570796	1.413347	-1.339188	33	5	7	485.758
-1.832596	1.510910	-0.740472	127	29	12	485.703
-2.879793	2.863997	0.549740	24	6	113	485.701
-2.617994	2.379497	0.561089	104	124	119	485.669
-2.094395	2.164094	-2.991358	110	115	3	485.608
-0.785398	0.458961	-0.107937	121	125	20	485.564
-0.523599	2.343981	-1.040456	107	122	120	485.564
-1.308997	0.866955	-0.931351	9	29	117	485.414
1.308997	1.756530	-2.105156	22	119	100	485.384
0.261799	2.404280	-0.174044	124	107	7	485.311
-0.261799	2.343981	-1.040456	104	122	2	485.305
-3.141593	1.135834	-1.431087	31	5	125	485.267
2.356194	1.014500	0.906702	122	27	20	485.266
-2.094395	0.496451	0.593859	18	29	3	485.246
-1.832596	1.134796	2.434290	121	21	19	485.236
-2.094395	1.824694	1.850876	103	26	119	485.217
2.356194	0.618092	2.539118	116	39	125	485.188
0.000000	1.135813	-2.658866	115	9	11	485.175
0.261799	0.961715	0.014085	37	121	9	485.057
2.356194	2.108018	1.311430	8	30	15	485.051
1.832596	0.929350	-2.910676	36	113	3	484.887
-0.785398	2.704512	1.488683	111	27	7	484.838
-1.308997	2.108018	1.311430	125	107	116	484.791
-1.047198	0.733948	3.021411	102	1	7	484.720
-1.047198	0.831641	0.616218	1	103	27	484.650
0.261799	1.736875	3.023612	24	126	117	484.601
2.356194	1.413347	-1.339188	30	4	5	484.598
-0.261799	1.870545	-2.976234	15	109	123	484.454
-0.261799	2.404280	-0.174044	118	109	14	484.352
-1.047198	0.929350	-2.910676	105	0	7	484.348
-1.832596	1.699788	2.452890	116	106	2	484.291
-1.832596	0.203748	0.590255	118	0	24	484.183
-2.879793	2.456751	-1.503343	116	111	103	484.112
-0.523599	0.960688	-0.577532	5	2	20	483.991
1.570796	1.128190	-2.288622	8	112	21	483.959
1.570796	2.984978	1.954446	111	108	124	483.856
0.785398	0.379747	-1.713059	99	1	5	483.614
1.308997	2.073035	2.027405	7	100	102	483.582
2.879793	1.413347	-1.339188	7	8	21	483.524
0.523599	1.413347	-1.339188	11	126	26	483.491
2.094395	2.104282	-0.813972	27	127	122	483.488
0.523599	0.914445	2.687814	11	24	17	483.445
0.261799	2.073035	2.027405	29	8	14	483.434
1.570796	2.724429	-0.348782	17	33	117	483.283
-1.570796	1.256302	0.062705	110	114	123	483.236
0.523599	1.440580	2.260026	13	1	107	483.124
0.261799	1.658653	-2.409879	108	4	11	483.053
-2.617994	1.736875	3.023612	114	111	120	482.927
-1.832596	1.135834	-1.431087	110	13	9	482.909
0.785398	1.504028	0.636812	22	119	112	482.894
-2.617994	1.617114	-1.572037	28	18	5	482.857
-0.261799	1.413430	2.550734	17	115	113	482.851
-1.570796	2.104282	-0.813972	15	121	26	482.790
2.879793	0.762244	-0.273349	117	25	17	482.725
-2.879793	2.979456	-1.009304	29	0	115	482.596
-2.879793	2.664082	-1.071402	13	27	18	482.558
-3.141593	1.696674	-1.253233	4	5	98	482.494
0.261799	1.909857	-0.381669	105	7	6	482.466
-2.879793	1.135813	-2.658866	127	34	108	482.363
1.832596	2.704512	1.488683	123	103	127	482.337
1.047198	0.733948	3.021411	121	20	11	482.219
-2.356194	1.440580	2.260026	5	37	13	482.132
-1.308997	2.153910	-1.714959	9	115	97	482.120
-1.832596	1.218453	2.777284	123	33	11	482.112
-0.785398	1.113094	-0.272241	112	116	12	482.102
-0.523599	1.545873	-1.877082	103	10	12	482.078
1.308997	0.203748	0.590255	116	36	6	481.909
-2.617994	0.733948	3.021411	122	42	126	481.658
-1.832596	2.637879	2.121598	120	123	107	481.535
-2.094395	1.134796	2.434290	127	5	100	481.439
-2.356194	1.506530	1.988858	10	10	29	481.419
-2.094395	1.721184	-0.153948	8	20	6	481.305
-0.523599	0.458961	-0.107937	21	103	18	481.268
0.523599	2.153910	-1.714959	17	122	97	481.252
2.094395	1.574060	2.783565	110	27	16	481.218
0.523599	1.050534	3.042579	8	23	20	481.194
-1.832596	1.504028	0.636812	24	122	23	481.140
-2.617994	0.700570	1.559208	29	14	27	481.130
-1.308997	2.187132	-0.479875	19	9	108	481.079
2.617994	1.554776	0.100351	0	37	11	481.067
-2.094395	1.194549	-0.801900	7	26	12	481.031
-2.879793	2.760637	2.781135	124	125	24	480.985
-1.047198	2.187132	-0.479875	28	120	17	480.949
-0.523599	1.134497	-1.109631	6	110	105	480.937
-2.879793	1.721184	-0.153948	112	35	2	480.912
1.047198	1.658653	-2.409879	20	121	96	480.865
2.617994	1.325504	-1.671296	97	12	8	480.788
0.523599	1.374601	-2.456031	112	112	13	480.757
0.523599	2.104282	-0.813972	11	5	23	480.710
1.047198	0.290380	-0.796960	28	14	26	480.690
-3.141593	2.637879	2.121598	3	111	108	480.642
1.832596	2.001437	0.381215	112	13	105	480.598
-1.570796	2.456751	-1.503343	112	111	9	480.572
2.356194	1.184361	0.625864	3	24	114	480.552
-0.785398	2.164094	-2.991358	120	110	19	480.525
-0.261799	1.545873	-1.877082	102	8	11	480.489
-0.523599	1.014500	0.906702	23	110	117	480.456
-1.832596	1.440580	2.260026	28	5	13	480.409
-1.047198	0.906588	1.252948	6	5	33	480.355
-2.356194	1.310100	1.488307	28	117	18	480.290
-1.832596	0.571433	-1.188419	13	12	18	480.279
1.832596	1.128190	-2.288622	14	120	20	480.172
1.570796	1.510910	-0.740472	2	34	22	480.120
-0.523599	2.456751	-1.503343	105	119	8	480.058
-1.047198	0.685216	-1.712745	110	17	10	480.052
-1.570796	1.214854	-1.966664	6	28	12	479.940
2.356194	2.664082	-1.071402	114	119	104	479.881
1.047198	2.396274	-1.959260	11	127	95	479.830
0.785398	2.164094	-2.991358	23	3	118	479.799
-0.261799	0.615174	-0.666022	108	126	117	479.594
0.523599	0.418037	1.360082	116	34	10	479.576
2.617994	0.640596	-2.797608	32	5	20	479.554
-0.785398	1.683268	0.374177	120	30	15	479.516
-3.141593	1.809167	1.213774	112	116	113	479.481
2.879793	2.979456	-1.009304	114	31	10	479.456
-0.261799	1.948085	-2.363031	116	115	18	479.452
2.094395	2.041297	-2.664597	11	115	95	479.449
-0.523599	0.866955	-0.931351	24	124	105	479.434
2.356194	0.619654	-2.216909	37	14	5	479.251
-0.785398	1.450119	-2.739050	103	120	120	479.205
2.094395	0.297065	2.160177	120	23	8	479.187
1.832596	1.242974	-2.977882	116	18	16	479.186
-2.617994	0.864993	2.278281	2	31	14	479.157
-1.308997	0.831641	0.616218	126	103	27	479.079
-2.617994	0.992645	-1.723759	106	12	10	479.042
1.047198	2.153910	-1.714959	15	127	96	479.024
-0.523599	1.904882	-1.478089	10	113	99	478.985
-1.570796	0.733948	3.021411	124	37	0	478.917
-1.570796	2.863997	0.549740	115	29	15	478.906
1.570796	1.982574	-1.115518	17	11	100	478.902
1.570796	1.824694	1.850876	36	122	11	478.811
-2.094395	2.187132	-0.479875	17	7	105	478.810
-2.094395	1.218453	2.777284	30	1	6	478.761
0.785398	0.866395	-2.492918	111	5	18	478.684
1.047198	1.683268	0.374177	30	8	25	478.633
-2.617994	1.658653	-2.409879	121	34	110	478.633
2.356194	2.174483	2.653697	125	24	113	478.623
-1.570796	1.982574	-1.115518	27	112	7	478.584
-2.879793	0.685216	-1.712745	32	4	127	478.580
2.094395	1.301460	-0.509251	123	39	2	478.516
-1.308997	1.948085	-2.363031	4	29	113	478.469
1.570796	2.115563	0.685730	107	8	20	478.465
-2.617994	2.180315	-1.357379	103	18	11	478.435
2.879793	1.135813	-2.658866	15	124	24	478.432
-0.261799	2.108018	1.311430	114	17	22	478.425
-1.570796	1.506530	1.988858	123	41	118	478.404
-0.261799	1.247695	1.809890	114	19	21	478.116
-0.523599	0.831641	0.616218	121	12	30	478.113
0.000000	2.187132	-0.479875	125	108	7	477.953
-0.523599	0.864993	2.278281	115	32	11	477.945
-0.785398	0.850607	-1.335383	117	32	115	477.730
-0.523599	1.413430	2.550734	17	110	112	477.715
-1.570796	2.404280	-0.174044	20	111	16	477.683
1.047198	1.904882	-1.478089	21	1	98	477.656
-2.879793	1.904882	-1.478089	29	14	0	477.635
-1.047198	2.153910	-1.714959	1	28	3	477.629
1.832596	2.247462	0.191623	4	127	105	477.576
-0.261799	2.180315	-1.357379	105	119	8	477.559
-0.785398	1.732874	-0.951685	16	12	108	477.521
1.047198	0.419640	2.974122	127	24	14	477.503
-2.356194	2.760637	2.781135	107	118	3	477.424
0.785398	1.301460	-0.509251	6	113	107	477.396
-0.785398	1.025536	1.576859	122	37	10	477.311
-2.879793	2.251330	-2.330739	7	27	1	477.207
2.356194	1.909857	-0.381669	2	126	102	477.188
-1.308997	1.195355	1.200319	4	2	33	477.140
1.047198	1.872854	1.543456	30	110	13	477.132
-0.261799	1.488617	1.159546	1	28	6	477.086
-1.047198	0.458961	-0.107937	15	31	10	477.082
2.356194	2.984978	1.954446	123	105	1	476.998
-1.308997	1.599406	1.426070	25	8	20	476.978
-2.094395	1.875281	0.107086	12	25	4	476.857
2.356194	0.762244	-0.273349	5	33	17	476.846
1.832596	1.569311	-3.003978	120	20	17	476.762
-0.785398	0.618092	2.539118	15	111	15	476.617
-0.785398	0.929350	-2.910676	101	119	1	476.588
-2.879793	1.909857	-0.381669	16	22	4	476.559
-2.617994	0.961715	0.014085	8	23	127	476.488
-0.261799	1.134497	-1.109631	9	10	23	476.472
2.879793	2.478122	2.609777	4	28	5	476.471
2.356194	1.836682	-0.676006	121	38	118	476.409
0.785398	1.617114	-1.572037	39	11	13	476.405
0.261799	1.135813	-2.658866	3	20	24	476.365
0.523599	0.866955	-0.931351	38	12	15	476.203
-0.785398	1.555207	1.708892	119	112	120	476.151
-2.617994	1.872854	1.543456	26	0	110	476.085
-0.785398	1.417623	-0.202254	116	111	127	476.064
0.785398	2.407836	1.410646	21	23	119	476.049
-1.047198	0.762244	-0.273349	113	111	123	476.013
-2.617994	0.203748	0.590255	108	127	24	475.869
