168	1.2	0
-3.141593	0.458961	-0.107937
-0.541371	2.725754	-1.288569
../7odw_monomer_m.pdb	-305.162	-67.445	220.304
../7odw_monomer_m.pdb	285.469	195.713	167.518
-2.617994	1.391910	3.030322	17	7	162	1534.058
-2.356194	1.391910	3.030322	17	10	162	1451.796
0.261799	1.662363	0.915448	166	163	143	1414.611
-1.832596	1.756530	-2.105156	17	28	149	1366.856
-1.570796	1.134497	-1.109631	7	16	135	1346.435
-2.094395	1.128190	-2.288622	21	23	145	1316.765
-1.047198	1.135834	-1.431087	1	4	139	1297.164
-2.094395	1.374601	-2.456031	21	23	151	1272.449
-2.356194	0.899350	-2.069907	22	21	139	1268.769
-1.308997	1.134497	-1.109631	4	16	134	1251.306
-2.094395	0.914445	2.687814	21	2	158	1225.513
-1.570796	1.194549	-0.801900	8	14	135	1224.987
-1.047198	0.458961	-0.107937	167	29	19	1200.027
0.000000	1.662363	0.915448	166	164	143	1194.039
-1.308997	1.194549	-0.801900	7	14	134	1193.453
-1.308997	2.704512	1.488683	9	17	140	1193.309
0.261799	1.599406	1.426070	5	165	144	1182.473
-2.094395	2.251330	-2.330739	143	156	152	1181.862
-2.356194	0.618092	2.539118	20	163	154	1181.218
-1.570796	2.251330	-2.330739	159	161	28	1162.543
0.785398	0.850607	-1.335383	151	163	18	1162.121
-2.094395	1.214854	-1.966664	20	25	140	1155.273
-1.308997	1.433411	-1.035986	11	18	137	1153.469
-1.570796	2.579248	-2.364801	155	163	27	1149.037
1.047198	1.696674	-1.253233	144	5	1	1147.226
1.308997	1.696674	-1.253233	143	2	167	1147.022
-3.141593	0.419640	2.974122	6	165	141	1145.781
-1.832596	1.135834	-1.431087	14	12	139	1142.531
-2.094395	1.658653	-2.409879	20	24	154	1139.876
-2.617994	1.869911	2.701025	152	161	4	1138.913
-2.617994	1.242974	-2.977882	19	7	157	1132.536
-1.832596	2.407836	1.410646	9	9	139	1129.398
-2.879793	1.242974	-2.977882	17	4	155	1120.400
-1.570796	2.407836	1.410646	7	16	137	1116.937
-1.047198	2.393226	1.857173	10	10	141	1116.703
-1.047198	0.709924	0.218797	157	153	22	1110.293
-2.356194	0.866395	-2.492918	24	17	144	1109.418
-2.356194	1.128190	-2.288622	24	19	145	1109.241
-2.356194	2.187132	-0.479875	20	0	134	1089.789
-1.308997	0.709924	0.218797	155	155	22	1089.415
-0.523599	1.367556	0.358405	141	0	0	1088.135
-1.570796	1.948085	-2.363031	162	161	28	1088.029
-1.047198	1.194549	-0.801900	6	15	133	1087.307
-2.356194	1.050534	3.042579	21	6	156	1084.854
0.261799	2.153910	-1.714959	166	156	143	1084.545
-2.356194	0.685216	-1.712745	14	24	132	1083.805
2.094395	1.367556	0.358405	146	3	144	1074.010
-1.570796	2.704512	1.488683	10	16	139	1067.193
-0.261799	2.001437	0.381215	165	156	146	1066.514
-0.261799	1.301460	-0.509251	150	167	11	1062.223
-2.094395	1.448123	-2.163292	21	24	147	1062.047
-1.832596	2.089241	-0.114193	157	156	148	1059.655
-2.356194	1.242974	-2.977882	22	12	157	1058.890
-0.523599	2.115563	0.685730	158	4	138	1056.865
-1.308997	0.762244	-0.273349	150	163	21	1056.622
-1.570796	0.418037	1.360082	156	154	154	1056.353
0.261799	1.488617	1.159546	1	163	142	1055.924
-2.356194	1.135813	-2.658866	25	15	151	1055.398
-2.617994	1.699788	2.452890	152	159	0	1052.343
-2.617994	1.440580	2.260026	151	4	148	1052.203
1.570796	2.041297	-2.664597	155	152	8	1049.851
-2.617994	1.050534	3.042579	18	1	156	1044.924
-2.094395	1.450119	-2.739050	21	22	156	1042.051
-0.523599	1.301460	-0.509251	149	1	11	1037.763
-1.832596	1.325504	-1.671296	17	28	139	1037.559
0.785398	1.335669	0.897240	164	19	130	1036.799
-2.879793	1.413430	2.550734	150	161	4	1036.162
0.261799	1.872854	1.543456	5	166	144	1034.387
-1.832596	1.658653	-2.409879	17	28	153	1033.290
-1.570796	2.719179	-1.780644	147	151	151	1031.960
-0.785398	0.458961	-0.107937	165	30	19	1030.905
-0.261799	2.180315	-1.357379	158	151	1	1030.818
-1.832596	1.168678	2.108595	23	0	5	1030.781
-2.879793	2.724429	-0.348782	19	9	9	1030.685
-1.570796	0.203748	0.590255	167	4	131	1029.335
-1.832596	1.045978	0.343692	147	164	20	1028.872
-2.356194	1.134497	-1.109631	15	22	128	1028.080
2.617994	0.203748	0.590255	12	19	16	1027.641
-2.617994	1.413430	2.550734	151	158	7	1027.009
2.879793	1.812176	0.656819	10	157	147	1024.448
1.570796	1.555207	1.708892	147	13	2	1023.896
-1.308997	1.909857	-0.381669	163	22	14	1022.656
-2.879793	1.869911	2.701025	150	1	154	1022.501
-2.879793	1.554776	0.100351	16	165	147	1015.811
-2.094395	0.618092	2.539118	21	167	148	1013.130
-1.308997	1.617114	-1.572037	147	1	11	1012.827
0.523599	0.733948	3.021411	156	155	153	1010.477
0.000000	1.417623	-0.202254	148	7	2	1009.838
-2.094395	0.297065	2.160177	155	153	146	1009.313
-2.094395	1.050534	3.042579	22	11	157	1008.940
2.094395	0.418037	1.360082	152	166	146	1008.699
-2.617994	0.929350	-2.910676	20	9	148	1008.497
2.356194	2.073035	2.027405	24	19	127	1007.101
-2.356194	1.374601	-2.456031	24	19	150	1005.780
1.832596	2.115563	0.685730	11	28	4	1001.688
-2.356194	0.992645	-1.723759	18	22	133	1000.963
0.000000	1.909857	-0.381669	151	161	160	999.264
0.000000	1.812176	0.656819	164	160	144	998.516
1.047198	0.850607	-1.335383	150	162	18	998.263
0.785398	1.135834	-1.431087	150	164	21	998.250
0.000000	2.592629	0.909713	166	28	13	996.594
-2.617994	0.458961	-0.107937	7	14	129	995.661
1.570796	0.700570	1.559208	148	3	158	995.498
-0.261799	2.299159	2.264663	12	15	145	995.407
0.000000	0.961715	0.014085	151	161	160	995.233
-0.785398	2.984978	1.954446	12	14	145	994.426
-2.617994	2.478122	2.609777	154	151	2	994.404
-1.570796	1.510910	-0.740472	19	13	152	994.041
-1.047198	1.417623	-0.202254	22	1	154	993.582
-1.047198	1.732874	-0.951685	17	23	156	992.650
2.617994	1.045978	0.343692	12	2	146	992.313
-0.785398	2.379497	0.561089	157	8	135	992.302
-2.879793	0.640596	-2.797608	18	5	142	992.223
1.047198	2.033014	2.977192	153	156	0	990.479
-1.308997	1.732874	-0.951685	20	21	156	990.321
2.879793	1.113094	-0.272241	155	162	142	989.889
-0.261799	1.506530	1.988858	19	20	147	988.599
-2.617994	0.619654	-2.216909	24	16	137	987.097
-1.570796	1.134796	2.434290	26	3	7	986.921
-1.570796	2.108018	1.311430	165	162	138	986.697
-1.047198	0.203748	0.590255	152	156	152	986.472
-3.141593	0.458961	-0.107937	20	4	160	986.058
2.879793	0.640596	-2.797608	154	4	26	985.115
1.047198	0.906588	1.252948	4	167	139	984.240
-1.308997	0.700570	1.559208	141	9	159	984.235
2.094395	1.310100	1.488307	147	159	159	983.444
-3.141593	2.407836	1.410646	146	8	39	981.375
2.879793	1.683268	0.374177	10	158	147	980.251
-0.523599	2.979456	-1.009304	149	2	10	979.623
2.094395	1.184361	0.625864	2	5	135	978.349
2.356194	1.045978	0.343692	5	5	133	978.024
-1.570796	2.587733	0.232235	154	16	131	977.459
-2.879793	1.574060	2.783565	149	3	155	976.670
-2.879793	1.417623	-0.202254	145	14	8	976.333
-2.617994	0.866395	-2.492918	23	12	143	975.408
-2.094395	2.579248	-2.364801	147	155	147	974.851
1.832596	2.299159	2.264663	153	21	17	974.704
-2.879793	0.929350	-2.910676	17	5	148	974.369
-2.094395	1.756530	-2.105156	21	24	148	973.978
-1.047198	0.906588	1.252948	164	156	142	973.568
-3.141593	2.704512	1.488683	146	13	39	973.382
-1.832596	1.413430	2.550734	157	152	8	972.020
2.094395	0.419640	2.974122	24	15	149	971.112
0.261799	2.592629	0.909713	162	27	13	970.406
1.570796	1.569311	-3.003978	147	164	167	970.031
0.000000	2.455966	-0.641220	148	6	5	969.687
-2.356194	0.619654	-2.216909	22	21	138	969.397
2.356194	2.138223	1.678323	26	19	131	968.913
2.356194	0.992645	-1.723759	160	166	32	968.575
0.523599	1.025536	1.576859	2	22	129	968.287
-1.570796	0.831641	0.616218	147	3	22	967.899
-2.094395	1.391910	3.030322	18	13	162	965.775
0.261799	1.335669	0.897240	167	161	141	965.580
-0.785398	2.393226	1.857173	8	17	138	963.917
1.832596	1.335669	0.897240	146	10	159	963.705
-2.356194	1.948085	-2.363031	140	163	155	963.421
-1.832596	1.488617	1.159546	15	152	18	962.846
1.308997	2.760637	2.781135	8	14	137	960.895
2.356194	0.496451	0.593859	13	9	141	959.712
-0.261799	2.664082	-1.071402	152	166	26	959.623
-0.785398	2.073035	2.027405	7	14	137	958.625
-1.570796	2.138223	1.678323	9	10	138	957.514
-3.141593	1.683268	0.374177	21	6	158	957.116
1.570796	2.379497	0.561089	13	26	0	955.914
-1.047198	1.413347	-1.339188	6	2	139	955.908
-2.094395	0.992645	-1.723759	18	26	136	955.380
0.261799	1.977582	0.969896	153	30	140	954.785
-2.356194	1.741644	-2.695914	18	19	156	954.718
-1.832596	1.374601	-2.456031	19	27	151	953.767
1.832596	2.073035	2.027405	21	8	127	952.557
-0.523599	1.504028	0.636812	139	167	164	952.434
1.832596	1.824694	1.850876	147	8	25	951.776
-1.832596	2.404280	-0.174044	152	18	133	951.521
1.570796	2.247462	0.191623	10	19	137	951.411
-3.141593	2.478122	2.609777	150	156	158	951.325
0.261799	2.404280	-0.174044	157	143	157	951.133
-0.785398	2.115563	0.685730	156	7	138	950.901
-0.785398	1.301460	-0.509251	18	7	156	950.785
-2.879793	1.301460	-0.509251	153	159	158	950.773
-2.879793	0.762244	-0.273349	153	159	160	950.453
-0.261799	0.850607	-1.335383	15	7	142	950.212
2.879793	1.875281	0.107086	13	166	150	949.761
-2.617994	1.569311	-3.003978	4	12	49	949.342
-2.617994	0.080730	-2.622036	23	12	133	948.591
-2.356194	1.448123	-2.163292	23	19	146	948.472
-0.261799	2.455966	-0.641220	151	163	158	947.341
-0.261799	0.831641	0.616218	18	3	129	947.279
0.000000	0.615174	-0.666022	13	14	149	947.220
2.356194	0.762244	-0.273349	164	144	143	947.006
-0.261799	1.113094	-0.272241	149	167	165	946.892
0.785398	1.417623	-0.202254	154	151	2	946.720
0.261799	1.374601	-2.456031	142	19	23	946.624
2.617994	1.417623	-0.202254	19	14	0	946.451
-2.094395	1.135813	-2.658866	23	21	151	946.431
-2.094395	2.041297	-2.664597	160	158	27	946.221
2.094395	2.073035	2.027405	23	14	127	943.861
2.094395	0.619654	-2.216909	145	157	157	943.608
0.261799	0.496451	0.593859	23	7	134	943.418
-2.617994	0.899350	-2.069907	23	16	138	943.216
-1.832596	0.203748	0.590255	161	6	131	943.131
-2.617994	2.404280	-0.174044	21	7	8	942.941
-2.094395	2.349581	-2.702517	150	153	144	942.570
1.570796	2.299159	2.264663	156	24	17	942.429
-1.047198	2.719179	-1.780644	153	163	26	941.206
-1.308997	2.251330	-2.330739	161	160	29	940.919
-1.570796	2.760637	2.781135	7	20	118	940.733
-0.261799	0.709924	0.218797	157	159	143	940.047
-0.261799	1.875281	0.107086	163	156	145	939.775
1.047198	0.961715	0.014085	14	14	122	939.346
-0.785398	2.637879	2.121598	12	12	141	937.344
-2.094395	0.960688	-0.577532	153	16	25	937.234
-2.879793	2.379497	0.561089	15	6	147	937.197
-2.617994	1.135813	-2.658866	22	10	150	936.502
-1.047198	1.982574	-1.115518	21	25	164	936.273
-1.308997	1.948085	-2.363031	164	161	29	936.004
1.570796	0.640596	-2.797608	23	14	143	935.788
2.094395	2.881233	-2.582574	6	15	136	934.576
-2.879793	2.704512	1.488683	146	7	39	934.227
0.523599	1.310100	1.488307	5	13	137	934.056
1.308997	1.569311	-3.003978	145	167	4	934.037
2.879793	1.450119	-2.739050	9	22	134	933.714
2.617994	0.733948	3.021411	143	163	157	933.451
-2.879793	0.370812	-2.547742	23	6	137	933.342
1.308997	2.349581	-2.702517	154	154	10	933.296
-2.356194	0.640596	-2.797608	26	11	145	933.213
2.094395	2.174483	2.653697	152	18	18	933.131
-2.356194	0.929350	-2.910676	24	11	150	932.279
2.356194	0.674054	1.013609	15	2	143	932.053
-3.141593	1.413430	2.550734	148	163	5	931.780
0.000000	0.762244	-0.273349	148	0	165	931.024
1.570796	1.242974	-2.977882	139	9	3	930.801
-3.141593	2.115563	0.685730	8	0	144	930.279
-2.879793	2.760637	2.781135	150	0	156	930.258
-0.523599	0.418037	1.360082	0	15	127	929.023
1.308997	0.961715	0.014085	155	155	143	928.875
2.356194	1.128190	-2.288622	2	14	136	928.348
1.047198	0.709924	0.218797	21	17	128	927.576
-3.141593	1.310100	1.488307	165	13	130	927.399
-0.261799	0.866395	-2.492918	153	32	142	927.043
-2.356194	0.762244	-0.273349	156	16	30	926.889
-3.141593	1.869911	2.701025	148	160	4	926.763
-1.047198	2.396274	-1.959260	157	163	28	926.529
0.000000	1.555207	1.708892	10	13	141	926.220
2.094395	1.766067	2.153843	26	16	131	925.964
-2.879793	2.115563	0.685730	14	4	143	925.796
0.261799	1.134497	-1.109631	152	0	20	925.630
-1.308997	1.510910	-0.740472	18	15	152	925.515
-2.617994	0.685216	-1.712745	17	21	131	923.770
-1.832596	0.914445	2.687814	24	7	159	923.532
-2.356194	2.108018	1.311430	14	12	139	922.082
-1.308997	1.242974	-2.977882	146	12	1	921.705
2.094395	1.045978	0.343692	3	3	134	921.564
-1.832596	1.741644	-2.695914	161	159	25	921.530
1.832596	2.881233	-2.582574	6	16	135	921.490
2.094395	1.824694	1.850876	27	15	133	921.103
-2.356194	1.450119	-2.739050	22	16	157	920.198
0.523599	1.168678	2.108595	11	162	142	920.173
-2.094395	2.407836	1.410646	18	12	144	919.895
-2.094395	0.899350	-2.069907	21	26	139	919.157
-3.141593	2.979456	-1.009304	1	15	134	918.510
-2.879793	0.419640	2.974122	153	150	152	918.361
-2.617994	0.618092	2.539118	150	161	160	918.205
-1.832596	2.881233	-2.582574	150	167	10	917.405
2.617994	2.295480	1.008277	25	4	143	917.331
-2.356194	2.251330	-2.330739	141	161	151	917.270
0.261799	2.881233	-2.582574	160	164	138	916.364
-1.570796	0.960688	-0.577532	6	13	135	916.310
1.047198	1.433411	-1.035986	141	5	162	916.239
1.570796	0.379747	-1.713059	145	163	159	915.955
2.094395	2.138223	1.678323	25	13	130	915.871
-1.047198	0.418037	1.360082	151	162	151	915.859
-1.570796	1.413347	-1.339188	151	10	18	915.527
2.094395	1.869911	2.701025	151	17	17	915.213
-2.879793	2.407836	1.410646	147	2	39	914.507
0.523599	2.404280	-0.174044	150	159	0	913.812
-3.141593	0.961715	0.014085	23	0	9	913.718
-1.832596	1.134796	2.434290	24	1	5	913.339
2.356194	0.370812	-2.547742	151	158	15	913.183
-2.879793	1.909857	-0.381669	20	4	160	912.743
-1.832596	1.448123	-2.163292	18	28	146	912.351
-2.094395	1.569311	-3.003978	136	29	136	911.804
-1.047198	1.433411	-1.035986	9	19	137	911.742
-2.617994	1.134497	-1.109631	17	19	127	911.571
-2.094395	1.242974	-2.977882	22	16	159	911.408
0.261799	2.247462	0.191623	152	146	156	911.003
0.523599	2.180315	-1.357379	1	157	144	910.793
-1.570796	2.295480	1.008277	6	19	137	910.668
-2.617994	2.760637	2.781135	148	167	4	910.611
-1.570796	2.115563	0.685730	5	22	136	910.584
-3.141593	0.640596	-2.797608	13	0	143	910.536
-1.570796	1.696674	-1.253233	149	9	15	910.503
-0.261799	2.115563	0.685730	163	165	140	910.499
1.832596	1.736875	3.023612	159	147	16	910.104
-0.523599	1.014500	0.906702	140	167	164	908.967
0.000000	1.809167	1.213774	0	165	143	908.871
-1.047198	0.762244	-0.273349	151	160	21	908.270
-2.617994	0.370812	-2.547742	24	11	137	907.467
-1.308997	1.606104	-0.451151	22	8	154	907.436
0.261799	0.866955	-0.931351	149	165	14	907.406
0.000000	1.721184	-0.153948	156	5	139	907.401
-0.523599	0.906588	1.252948	31	166	153	907.116
-1.308997	2.587733	0.232235	155	13	131	906.088
-2.356194	0.733948	3.021411	23	4	149	906.006
-1.832596	0.496451	0.593859	165	4	129	905.360
0.523599	2.108018	1.311430	154	29	139	905.036
2.879793	2.592629	0.909713	16	9	135	904.966
0.785398	0.571433	-1.188419	146	1	166	904.864
2.356194	1.869911	2.701025	150	14	18	904.837
-2.356194	1.658653	-2.409879	23	20	152	904.309
-2.094395	0.929350	-2.910676	25	16	153	904.104
1.832596	1.310100	1.488307	145	8	162	904.079
-1.832596	0.831641	0.616218	165	157	132	903.787
2.617994	1.875281	0.107086	9	157	149	903.776
0.261799	0.960688	-0.577532	147	11	151	903.722
0.523599	2.104282	-0.813972	148	166	22	902.817
1.832596	1.836682	-0.676006	21	28	143	901.269
1.832596	1.948085	-2.363031	156	149	3	901.116
-2.879793	0.733948	3.021411	15	3	148	901.078
-1.308997	1.325504	-1.671296	146	0	15	900.998
1.832596	1.504028	0.636812	165	4	136	900.890
-2.356194	1.569311	-3.003978	17	15	159	900.724
-0.261799	0.961715	0.014085	156	162	145	900.610
2.617994	0.615174	-0.666022	166	149	142	899.961
2.356194	0.906588	1.252948	4	0	40	899.852
-0.523599	2.881233	-2.582574	13	17	120	899.549
-1.832596	1.214854	-1.966664	14	31	138	899.484
2.356194	2.724429	-0.348782	22	19	147	899.470
1.570796	0.418037	1.360082	152	162	164	898.395
-1.832596	2.108018	1.311430	5	16	136	898.145
-3.141593	0.379747	-1.713059	20	16	131	897.877
-0.261799	0.762244	-0.273349	149	3	166	897.673
-1.832596	0.591903	2.010408	20	162	150	897.429
-1.832596	0.992645	-1.723759	9	28	133	897.250
-2.094395	0.685216	-1.712745	10	30	131	896.766
-1.832596	2.396274	-1.959260	144	152	155	896.512
1.832596	1.732874	-0.951685	148	156	149	896.000
0.261799	1.113094	-0.272241	143	19	153	895.918
-3.141593	1.391910	3.030322	146	8	155	895.770
-1.832596	2.041297	-2.664597	160	159	26	895.191
-2.617994	0.640596	-2.797608	24	6	144	894.920
2.879793	0.419640	2.974122	146	162	150	894.691
1.832596	2.153910	-1.714959	151	152	162	894.576
2.879793	2.001437	0.381215	10	2	145	894.532
-2.356194	0.297065	2.160177	150	164	161	894.508
-0.785398	0.850607	-1.335383	0	19	132	894.284
2.094395	1.135813	-2.658866	18	7	23	894.068
-1.047198	2.247462	0.191623	155	9	137	893.989
1.832596	2.247462	0.191623	31	18	144	893.828
0.785398	2.104282	-0.813972	147	164	22	893.722
0.785398	1.195355	1.200319	3	1	140	893.617
0.261799	2.724429	-0.348782	151	159	167	893.516
1.047198	1.870545	-2.976234	147	161	13	893.278
0.785398	1.875281	0.107086	147	165	149	893.008
0.000000	0.458961	-0.107937	164	152	22	892.950
0.785398	1.977582	0.969896	165	19	136	892.524
-1.047198	2.379497	0.561089	157	13	134	892.151
-2.094395	2.592629	0.909713	8	16	138	892.107
-2.617994	2.295480	1.008277	15	6	143	891.963
2.617994	1.325504	-1.671296	164	166	34	891.561
-1.832596	2.349581	-2.702517	158	160	27	891.445
1.308997	1.736875	3.023612	150	160	23	891.212
1.308997	0.864993	2.278281	148	166	161	891.110
1.047198	2.881233	-2.582574	15	15	145	890.763
-1.308997	1.135834	-1.431087	167	22	130	890.635
0.785398	0.899350	-2.069907	21	13	138	890.487
2.617994	1.135813	-2.658866	11	6	142	890.303
-2.617994	0.960688	-0.577532	155	157	156	890.102
0.785398	1.413430	2.550734	15	163	135	889.964
1.570796	1.696674	-1.253233	147	161	149	889.746
1.570796	0.458961	-0.107937	161	153	141	889.272
1.570796	1.256302	0.062705	153	153	147	888.725
-0.523599	0.709924	0.218797	150	0	160	887.884
-2.094395	2.108018	1.311430	8	167	141	887.713
0.000000	1.766067	2.153843	155	20	8	887.336
1.832596	2.138223	1.678323	155	148	150	887.231
-0.523599	2.637879	2.121598	11	12	142	886.827
0.785398	1.168678	2.108595	11	158	141	886.683
-1.308997	2.719179	-1.780644	150	149	151	886.641
-0.261799	0.080730	-2.622036	0	162	138	886.206
2.356194	2.407836	1.410646	146	155	161	886.053
1.308997	0.850607	-1.335383	150	159	18	885.440
-2.879793	0.961715	0.014085	158	162	130	885.246
0.261799	0.864993	2.278281	14	17	143	885.195
-2.356194	0.960688	-0.577532	155	19	25	884.955
2.356194	1.554776	0.100351	23	11	162	884.880
-2.617994	2.247462	0.191623	20	8	157	884.756
-0.523599	0.850607	-1.335383	17	5	145	884.713
0.523599	0.615174	-0.666022	147	167	164	884.570
2.356194	0.831641	0.616218	10	8	140	884.074
1.570796	1.766067	2.153843	22	7	130	884.037
-0.785398	1.510910	-0.740472	161	27	16	883.414
-3.141593	1.135813	-2.658866	154	156	21	883.398
-0.523599	0.866955	-0.931351	15	8	147	883.290
-1.832596	2.251330	-2.330739	158	162	29	883.275
1.308997	1.574060	2.783565	149	166	22	883.158
-0.785398	2.664082	-1.071402	150	1	6	882.860
-2.617994	0.733948	3.021411	150	156	161	882.713
0.785398	2.033014	2.977192	151	1	19	882.484
-2.617994	1.836682	-0.676006	17	5	127	882.018
2.094395	2.115563	0.685730	3	12	138	881.913
1.308997	1.256302	0.062705	152	156	145	881.906
-2.617994	2.704512	1.488683	146	1	38	881.414
1.047198	1.440580	2.260026	17	163	137	881.376
-2.094395	0.615174	-0.666022	155	12	29	881.292
1.832596	0.831641	0.616218	7	6	138	881.270
-1.832596	0.685216	-1.712745	5	31	132	881.268
0.000000	0.709924	0.218797	150	162	159	881.094
1.832596	1.766067	2.153843	24	11	131	880.917
-1.832596	0.297065	2.160177	152	156	147	880.855
0.523599	1.134497	-1.109631	152	164	20	880.826
-2.094395	1.741644	-2.695914	2	1	38	880.626
-3.141593	2.356369	3.005869	153	11	16	880.576
-3.141593	0.914445	2.687814	147	159	160	880.535
-0.523599	1.335669	0.897240	139	165	158	880.292
1.570796	2.153910	-1.714959	148	1	5	880.123
1.570796	2.881233	-2.582574	6	15	135	879.853
1.308997	0.080730	-2.622036	158	7	132	879.836
-2.094395	2.760637	2.781135	8	17	118	879.772
2.879793	1.504028	0.636812	26	27	25	879.558
2.094395	0.831641	0.616218	9	7	139	879.458
0.261799	1.025536	1.576859	163	5	132	879.424
2.094395	0.992645	-1.723759	158	0	32	878.982
2.356194	0.899350	-2.069907	151	157	20	878.953
0.785398	1.310100	1.488307	20	157	20	878.473
2.094395	0.496451	0.593859	11	8	139	878.226
-1.308997	0.640596	-2.797608	19	13	142	877.485
0.523599	2.247462	0.191623	157	144	155	877.430
-2.617994	0.961715	0.014085	158	160	130	877.362
0.523599	1.846342	-1.796954	155	20	14	877.059
1.832596	0.615174	-0.666022	2	19	127	877.050
-1.832596	2.299159	2.264663	0	25	121	877.023
0.261799	1.417623	-0.202254	146	3	2	876.929
-1.832596	2.579248	-2.364801	154	164	27	876.775
1.047198	1.195355	1.200319	155	20	12	876.602
-0.261799	2.724429	-0.348782	149	149	152	876.218
0.523599	1.662363	0.915448	163	25	131	875.397
1.570796	0.297065	2.160177	150	163	149	875.197
2.617994	1.599406	1.426070	7	23	13	875.125
-2.879793	2.001437	0.381215	14	4	146	875.074
0.000000	2.187132	-0.479875	148	5	5	874.980
0.523599	2.001437	0.381215	146	7	151	874.882
-2.094395	2.187132	-0.479875	24	6	135	874.867
1.308997	2.379497	0.561089	152	33	1	874.740
0.523599	0.685216	-1.712745	23	13	145	874.586
-0.523599	0.080730	-2.622036	167	161	138	874.568
1.832596	0.619654	-2.216909	143	163	156	874.497
2.617994	2.393226	1.857173	157	165	33	874.408
-2.356194	2.041297	-2.664597	158	157	25	874.164
0.523599	1.909857	-0.381669	17	0	143	873.844
-1.308997	1.335669	0.897240	1	21	130	873.504
1.308997	0.914445	2.687814	148	159	164	873.354
2.879793	1.335669	0.897240	2	25	19	873.109
-1.832596	2.478122	2.609777	152	3	143	872.628
0.261799	2.089241	-0.114193	146	0	9	872.346
0.000000	1.413347	-1.339188	11	161	142	872.277
-3.141593	2.592629	0.909713	13	13	134	871.837
1.832596	2.592629	0.909713	144	161	161	871.594
1.832596	0.762244	-0.273349	18	18	125	871.476
2.617994	0.929350	-2.910676	13	21	140	871.074
0.000000	1.128190	-2.288622	143	25	16	871.039
0.523599	0.762244	-0.273349	147	164	161	870.469
-2.617994	0.850607	-1.335383	18	23	129	870.387
0.000000	2.724429	-0.348782	155	146	152	869.814
-3.141593	1.554776	0.100351	14	161	147	869.111
2.879793	0.709924	0.218797	154	31	123	868.638
2.356194	2.187132	-0.479875	7	30	136	867.802
-2.094395	1.134497	-1.109631	13	24	128	867.786
1.047198	1.982574	-1.115518	143	149	146	867.539
1.570796	0.685216	-1.712745	143	162	158	867.276
-2.094395	0.733948	3.021411	27	9	155	867.230
0.523599	1.113094	-0.272241	145	165	2	867.181
-3.141593	2.588535	-2.976617	151	13	12	867.170
1.570796	2.115563	0.685730	147	30	167	867.115
0.785398	1.696674	-1.253233	145	12	10	866.473
1.308997	1.335669	0.897240	157	30	0	866.468
0.000000	0.914445	2.687814	21	167	1	866.430
-2.356194	1.909857	-0.381669	15	2	129	866.195
-2.356194	2.863997	0.549740	25	167	20	866.178
-2.879793	2.478122	2.609777	154	152	158	865.836
1.047198	2.587733	0.232235	2	16	135	865.645
0.523599	2.187132	-0.479875	153	155	2	865.539
-2.617994	1.310100	1.488307	140	148	159	865.392
2.094395	0.866955	-0.931351	166	12	127	865.378
-2.617994	2.379497	0.561089	17	8	150	865.249
1.832596	1.025536	1.576859	147	167	156	865.057
-2.094395	0.850607	-1.335383	12	11	136	864.886
0.785398	2.153910	-1.714959	17	154	136	864.850
-2.094395	1.948085	-2.363031	20	25	156	864.812
2.356194	1.683268	0.374177	5	1	143	864.659
2.356194	0.961715	0.014085	10	25	130	864.509
0.785398	0.906588	1.252948	2	16	129	864.439
1.570796	1.741644	-2.695914	151	150	13	864.339
-3.141593	0.910508	1.903534	151	18	135	863.978
2.356194	0.619654	-2.216909	155	4	29	863.840
2.879793	0.914445	2.687814	145	163	159	863.702
2.094395	2.393226	1.857173	155	147	152	863.254
1.570796	1.824694	1.850876	23	3	133	862.226
2.356194	0.203748	0.590255	19	6	158	862.201
-0.523599	2.343981	-1.040456	149	0	167	862.132
-1.832596	1.195355	1.200319	17	151	16	862.100
1.308997	2.478122	2.609777	14	7	147	861.968
1.047198	1.135834	-1.431087	149	163	20	861.921
-2.356194	2.033014	2.977192	153	157	5	861.716
0.523599	2.295480	1.008277	152	29	142	861.519
1.047198	0.619654	-2.216909	23	14	143	860.898
1.308997	0.700570	1.559208	149	9	165	860.895
0.261799	0.831641	0.616218	22	13	129	860.813
1.308997	1.904882	-1.478089	145	2	4	860.344
-2.879793	1.134796	2.434290	150	157	165	860.184
0.785398	0.496451	0.593859	23	15	135	860.165
-1.047198	0.850607	-1.335383	0	18	133	860.090
1.047198	2.247462	0.191623	147	162	152	859.861
1.308997	2.174483	2.653697	162	27	18	859.664
0.785398	1.025536	1.576859	3	165	138	859.633
-3.141593	1.870545	-2.976234	17	13	155	859.625
1.832596	1.846342	-1.796954	152	147	157	859.535
2.617994	0.899350	-2.069907	154	154	20	859.306
-2.617994	1.599406	1.426070	2	9	132	859.187
2.879793	2.984978	1.954446	156	145	1	859.074
0.523599	1.374601	-2.456031	141	13	23	859.073
1.832596	0.674054	1.013609	14	164	144	859.063
-1.570796	1.904882	-1.478089	149	8	11	858.975
-2.617994	2.033014	2.977192	151	158	5	858.884
-1.047198	1.135813	-2.658866	148	7	2	858.704
-1.570796	2.396274	-1.959260	19	5	162	858.452
2.617994	0.496451	0.593859	150	36	130	858.421
-1.308997	0.458961	-0.107937	2	28	19	858.395
0.785398	1.662363	0.915448	161	21	132	858.381
-2.879793	1.699788	2.452890	150	160	1	858.283
2.094395	1.554776	0.100351	146	167	150	858.203
2.356194	1.367556	0.358405	7	3	141	857.992
2.879793	1.569311	-3.003978	12	19	135	857.893
2.879793	1.135813	-2.658866	8	7	141	857.851
-1.047198	1.325504	-1.671296	148	164	15	857.480
2.617994	1.113094	-0.272241	154	164	142	857.304
-0.523599	0.960688	-0.577532	158	26	14	857.098
0.785398	1.413347	-1.339188	149	165	22	856.887
-2.094395	0.591903	2.010408	157	153	145	856.875
1.832596	0.685216	-1.712745	152	157	19	856.854
-1.570796	0.496451	0.593859	4	4	134	856.815
2.094395	1.836682	-0.676006	149	150	164	856.805
-1.570796	2.588535	-2.976617	6	21	27	856.737
1.570796	0.591903	2.010408	148	167	154	856.656
2.879793	0.910508	1.903534	152	20	134	856.553
-2.356194	2.063651	-2.044600	138	164	158	856.512
0.000000	1.504028	0.636812	164	162	143	856.314
-1.047198	1.256302	0.062705	23	163	162	856.064
-0.785398	1.113094	-0.272241	151	150	3	855.844
-0.261799	2.073035	2.027405	11	11	144	855.833
2.879793	0.203748	0.590255	12	20	16	855.828
-0.785398	1.194549	-0.801900	6	15	133	855.798
1.832596	0.458961	-0.107937	166	153	140	855.545
-0.523599	2.247462	0.191623	159	167	136	855.526
-2.094395	2.455966	-0.641220	29	9	142	855.427
-2.617994	1.417623	-0.202254	18	1	147	855.373
2.617994	0.080730	-2.622036	152	160	14	854.810
1.047198	0.571433	-1.188419	150	162	16	854.749
-1.047198	1.134497	-1.109631	4	17	134	854.725
1.308997	0.762244	-0.273349	167	23	125	854.148
0.785398	0.685216	-1.712745	24	18	145	853.933
-1.570796	0.685216	-1.712745	167	23	133	853.503
2.879793	1.554776	0.100351	9	1	141	853.164
-0.785398	0.591903	2.010408	12	7	135	852.857
-0.261799	0.674054	1.013609	24	5	136	852.850
-3.141593	2.247462	0.191623	20	6	155	852.591
1.308997	0.379747	-1.713059	146	166	164	852.553
-1.832596	0.418037	1.360082	159	32	30	852.237
2.879793	1.977582	0.969896	8	156	146	852.068
-0.785398	1.555207	1.708892	11	15	135	851.921
1.047198	2.704512	1.488683	157	25	21	851.832
-0.785398	0.906588	1.252948	156	161	146	851.756
-1.308997	2.153910	-1.714959	150	2	3	851.749
0.523599	1.195355	1.200319	0	23	129	851.109
-2.356194	2.349581	-2.702517	146	157	145	851.094
1.308997	1.440580	2.260026	22	0	137	850.946
-2.879793	1.545873	-1.877082	160	19	133	850.699
0.785398	0.591903	2.010408	150	161	159	850.515
-1.308997	2.407836	1.410646	8	17	138	850.293
2.356194	1.195355	1.200319	32	11	6	849.939
-3.141593	1.113094	-0.272241	152	159	161	849.896
-0.261799	1.998705	2.370472	12	11	145	849.811
0.523599	2.115563	0.685730	154	146	150	849.741
1.832596	2.343981	-1.040456	167	31	11	849.619
-2.617994	2.174483	2.653697	153	162	151	849.146
-1.832596	0.910508	1.903534	155	155	149	849.056
0.523599	2.455966	-0.641220	150	164	25	849.036
2.094395	0.700570	1.559208	30	5	11	848.716
-1.047198	1.812176	0.656819	160	28	139	848.681
-3.141593	1.504028	0.636812	161	3	32	848.367
-1.832596	1.732874	-0.951685	27	14	155	848.194
2.094395	1.977582	0.969896	150	17	29	847.579
2.094395	2.180315	-1.357379	151	154	157	847.452
2.617994	2.592629	0.909713	144	13	32	847.360
-1.570796	1.870545	-2.976234	23	6	22	847.295
1.047198	1.736875	3.023612	148	166	15	847.062
1.570796	0.831641	0.616218	2	9	131	846.657
0.261799	1.506530	1.988858	11	14	143	846.580
-0.261799	0.615174	-0.666022	14	13	149	846.502
0.261799	0.458961	-0.107937	149	163	161	846.453
-2.356194	0.850607	-1.335383	15	25	130	846.141
-0.261799	2.187132	-0.479875	149	8	9	845.984
2.879793	0.496451	0.593859	146	32	130	845.965
1.308997	1.134796	2.434290	147	165	2	845.965
-1.832596	1.869911	2.701025	25	161	22	845.519
-1.832596	1.872854	1.543456	6	10	135	845.496
0.000000	1.870545	-2.976234	151	17	23	845.186
1.832596	1.574060	2.783565	151	153	13	845.015
-3.141593	1.875281	0.107086	14	164	149	844.985
-1.308997	0.960688	-0.577532	5	13	135	844.747
1.832596	2.587733	0.232235	29	17	136	844.638
-0.261799	1.870545	-2.976234	10	1	126	844.612
0.785398	0.700570	1.559208	11	2	142	844.399
2.879793	1.256302	0.062705	157	20	119	844.335
-1.570796	1.413430	2.550734	26	3	12	844.308
-1.832596	1.948085	-2.363031	161	160	27	844.291
0.261799	1.736875	3.023612	155	18	26	844.239
1.308997	2.863997	0.549740	157	145	155	844.211
1.308997	1.870545	-2.976234	149	161	15	843.891
-1.570796	1.732874	-0.951685	23	19	156	843.807
-2.617994	1.662363	0.915448	7	149	143	843.466
1.832596	0.899350	-2.069907	144	160	165	843.266
1.047198	1.875281	0.107086	144	164	152	842.826
-1.308997	2.295480	1.008277	6	20	136	842.809
1.832596	2.404280	-0.174044	29	20	139	842.655
0.261799	1.440580	2.260026	15	15	150	842.628
-2.879793	1.113094	-0.272241	146	9	13	842.064
1.570796	2.863997	0.549740	150	151	13	842.056
-0.785398	2.001437	0.381215	156	6	140	842.046
-2.356194	0.290380	-0.796960	20	8	160	841.984
-1.308997	1.413347	-1.339188	148	2	14	841.874
2.879793	1.599406	1.426070	3	26	12	841.652
1.570796	1.367556	0.358405	18	155	162	841.626
2.617994	0.370812	-2.547742	150	159	14	841.605
-2.356194	1.574060	2.783565	18	12	9	841.164
0.785398	0.992645	-1.723759	23	18	140	841.001
2.094395	0.906588	1.252948	2	0	42	840.916
2.879793	0.961715	0.014085	159	27	119	840.835
1.570796	1.658653	-2.409879	149	152	163	840.817
1.308997	1.836682	-0.676006	142	164	137	840.735
-2.879793	1.875281	0.107086	18	1	152	840.596
-1.570796	2.247462	0.191623	150	16	136	840.491
-2.879793	0.458961	-0.107937	6	12	129	840.007
-2.094395	1.413347	-1.339188	23	23	140	839.882
2.879793	1.948085	-2.363031	155	31	2	839.680
-1.570796	1.872854	1.543456	163	161	139	839.594
1.308997	1.732874	-0.951685	140	166	4	839.523
-1.832596	1.574060	2.783565	21	9	27	839.439
2.094395	1.982574	-1.115518	149	160	156	839.197
2.094395	1.872854	1.543456	29	15	138	839.020
-1.832596	1.128190	-2.288622	19	28	145	838.744
2.617994	2.174483	2.653697	152	15	17	838.712
1.570796	1.732874	-0.951685	145	159	149	838.537
2.094395	1.135834	-1.431087	156	157	26	838.117
2.094395	0.733948	3.021411	23	15	144	838.109
2.356194	2.174483	2.653697	152	16	18	838.063
2.617994	1.374601	-2.456031	11	7	141	837.412
-1.047198	0.700570	1.559208	139	4	159	837.105
-2.356194	1.413430	2.550734	153	156	7	837.061
-1.832596	2.760637	2.781135	7	18	118	837.013
-2.617994	2.001437	0.381215	19	4	152	837.006
-0.785398	1.809167	1.213774	19	156	143	836.994
-1.308997	2.041297	-2.664597	162	161	28	836.953
0.000000	1.736875	3.023612	158	20	25	836.840
-0.261799	2.104282	-0.813972	152	157	164	836.828
1.832596	1.247695	1.809890	144	4	165	836.758
-1.047198	2.704512	1.488683	8	19	140	836.734
2.356194	1.617114	-1.572037	1	134	1	836.593
2.617994	2.404280	-0.174044	23	24	153	836.560
2.879793	0.929350	-2.910676	13	7	145	836.454
-1.832596	1.977582	0.969896	4	20	135	836.273
0.000000	1.301460	-0.509251	151	1	17	836.265
1.570796	2.592629	0.909713	157	146	151	835.875
0.523599	0.992645	-1.723759	22	14	140	835.676
-3.141593	0.866955	-0.931351	151	25	25	835.637
1.570796	1.904882	-1.478089	146	158	155	835.612
2.356194	1.025536	1.576859	9	0	38	835.572
0.785398	0.914445	2.687814	155	155	158	835.453
0.000000	2.664082	-1.071402	151	165	26	835.436
-1.570796	0.762244	-0.273349	1	27	16	835.367
0.523599	2.089241	-0.114193	149	163	153	835.330
1.832596	1.184361	0.625864	1	4	136	835.161
1.570796	0.864993	2.278281	148	162	161	835.129
0.000000	2.343981	-1.040456	153	165	26	835.029
2.094395	2.153910	-1.714959	157	150	149	834.885
0.261799	2.455966	-0.641220	150	166	24	834.767
1.570796	1.433411	-1.035986	18	19	148	834.724
0.261799	0.619654	-2.216909	167	32	166	834.715
-1.308997	1.367556	0.358405	24	158	167	834.626
-2.356194	2.592629	0.909713	12	10	143	834.566
-1.832596	1.413347	-1.339188	19	31	137	834.513
1.570796	0.571433	-1.188419	0	6	128	834.289
-1.308997	2.349581	-2.702517	150	166	139	834.024
2.356194	0.419640	2.974122	24	20	149	833.957
-2.879793	1.998705	2.370472	161	138	151	833.883
0.261799	2.456751	-1.503343	133	166	158	833.801
-2.094395	1.413430	2.550734	155	153	7	833.651
-0.523599	2.073035	2.027405	12	11	144	833.489
-1.570796	1.433411	-1.035986	151	10	17	833.426
0.261799	2.187132	-0.479875	148	6	152	833.313
-2.879793	1.683268	0.374177	13	159	146	832.287
1.308997	1.506530	1.988858	150	18	22	832.173
1.832596	2.295480	1.008277	154	26	32	832.169
0.000000	2.164094	-2.991358	149	9	24	832.096
2.617994	1.195355	1.200319	166	14	129	831.735
0.523599	2.063651	-2.044600	15	149	133	831.693
1.308997	2.984978	1.954446	160	24	18	831.551
-3.141593	1.569311	-3.003978	11	22	135	831.418
0.785398	2.089241	-0.114193	143	167	161	831.158
-1.570796	2.393226	1.857173	18	16	143	831.087
0.261799	1.699788	2.452890	0	167	126	830.631
-1.832596	2.637879	2.121598	155	1	141	830.524
-0.261799	0.910508	1.903534	9	20	129	830.357
2.617994	0.709924	0.218797	152	156	11	830.274
1.570796	1.014500	0.906702	0	12	130	830.259
-2.094395	0.419640	2.974122	28	7	147	830.149
-0.785398	0.203748	0.590255	149	7	151	830.137
-2.879793	1.662363	0.915448	8	149	144	830.047
-0.785398	0.992645	-1.723759	167	5	137	829.653
-3.141593	0.866395	-2.492918	17	5	142	829.358
-0.523599	2.664082	-1.071402	148	16	157	829.129
2.356194	1.766067	2.153843	26	22	131	828.833
-0.523599	1.194549	-0.801900	17	3	150	828.742
0.000000	2.881233	-2.582574	159	165	139	828.717
-2.617994	1.574060	2.783565	156	148	166	828.708
-0.785398	0.674054	1.013609	154	159	150	828.598
2.094395	1.732874	-0.951685	151	151	163	828.569
-1.570796	2.984978	1.954446	157	2	136	828.368
-2.094395	1.218453	2.777284	19	8	162	828.305
1.047198	1.247695	1.809890	153	22	17	828.192
-2.617994	1.736875	3.023612	153	151	155	827.748
1.047198	2.719179	-1.780644	164	165	138	827.605
0.000000	1.506530	1.988858	11	12	142	827.585
2.356194	1.824694	1.850876	28	22	134	827.549
0.785398	1.184361	0.625864	163	15	130	827.496
1.570796	2.407836	1.410646	156	140	151	827.465
0.261799	0.674054	1.013609	25	15	137	827.404
0.000000	0.906588	1.252948	7	18	129	827.399
2.617994	0.619654	-2.216909	153	156	18	827.156
1.047198	0.591903	2.010408	147	8	161	827.036
-2.356194	0.419640	2.974122	23	0	145	826.969
-3.141593	1.450119	-2.739050	156	36	5	826.901
-0.785398	0.618092	2.539118	16	10	138	826.322
0.785398	2.247462	0.191623	149	162	153	826.153
-2.879793	0.080730	-2.622036	162	9	127	825.997
-0.785398	0.709924	0.218797	158	151	22	825.736
2.356194	0.080730	-2.622036	5	0	133	825.697
2.879793	1.310100	1.488307	162	14	130	825.628
-1.047198	1.662363	0.915448	18	154	141	825.563
1.047198	1.218453	2.777284	159	157	145	825.391
-1.570796	1.335669	0.897240	5	20	129	825.177
0.785398	1.256302	0.062705	147	162	149	825.075
-2.879793	0.850607	-1.335383	18	19	129	825.051
1.047198	0.864993	2.278281	23	167	154	824.897
2.879793	0.379747	-1.713059	149	4	38	824.868
2.356194	2.478122	2.609777	6	15	47	824.465
0.000000	1.195355	1.200319	7	22	130	824.370
-1.308997	2.108018	1.311430	6	18	136	824.220
-2.879793	1.756530	-2.105156	164	17	131	824.203
-2.617994	0.906588	1.252948	157	18	11	824.188
2.094395	0.914445	2.687814	23	11	141	824.027
-1.570796	1.909857	-0.381669	152	14	140	823.858
-0.261799	2.592629	0.909713	2	29	14	823.766
0.523599	0.290380	-0.796960	145	11	137	823.498
-2.617994	0.992645	-1.723759	24	20	135	823.327
-0.785398	1.982574	-1.115518	15	0	145	823.288
-3.141593	2.187132	-0.479875	20	166	4	823.210
1.308997	1.875281	0.107086	145	159	154	823.101
2.617994	1.335669	0.897240	166	10	130	823.001
1.308997	1.325504	-1.671296	21	156	5	822.994
2.879793	1.488617	1.159546	4	26	16	822.848
-2.617994	0.297065	2.160177	151	155	159	822.657
-0.785398	0.762244	-0.273349	158	8	120	822.656
-1.047198	0.419640	2.974122	15	9	139	822.574
0.261799	0.961715	0.014085	149	158	165	822.496
0.523599	1.617114	-1.572037	142	13	6	822.197
1.570796	1.413347	-1.339188	158	1	34	822.151
0.523599	0.866955	-0.931351	145	10	153	822.000
2.879793	2.379497	0.561089	145	166	25	821.990
-0.261799	0.458961	-0.107937	155	27	17	821.984
2.356194	1.872854	1.543456	157	17	135	821.719
-1.308997	1.721184	-0.153948	28	166	163	821.598
0.000000	1.869911	2.701025	21	7	5	821.548
0.000000	2.299159	2.264663	19	14	159	821.322
2.617994	1.504028	0.636812	157	8	30	821.239
-1.308997	0.591903	2.010408	140	165	161	821.014
1.570796	1.998705	2.370472	18	8	124	820.655
1.047198	2.164094	-2.991358	152	158	5	820.484
0.261799	1.433411	-1.035986	150	24	4	820.413
-2.356194	1.836682	-0.676006	19	9	128	820.390
0.000000	0.910508	1.903534	6	17	130	820.321
-0.785398	2.719179	-1.780644	152	159	165	820.248
1.570796	1.506530	1.988858	25	5	138	819.626
-1.832596	0.762244	-0.273349	3	27	16	819.422
-2.094395	1.510910	-0.740472	16	18	124	819.322
1.832596	1.488617	1.159546	145	10	161	819.281
0.000000	2.760637	2.781135	19	14	163	819.129
1.832596	1.374601	-2.456031	20	4	20	819.110
-2.879793	0.864993	2.278281	149	156	161	819.053
1.308997	1.766067	2.153843	19	1	130	819.036
-1.308997	1.440580	2.260026	24	12	10	818.899
1.570796	0.961715	0.014085	13	21	122	818.466
0.523599	0.899350	-2.069907	134	159	167	818.427
2.617994	0.571433	-1.188419	150	25	21	818.328
0.523599	1.417623	-0.202254	145	164	4	818.321
2.879793	0.733948	3.021411	144	160	157	818.275
1.832596	2.704512	1.488683	152	148	161	818.105
-0.523599	0.700570	1.559208	31	5	153	818.094
0.000000	1.606104	-0.451151	152	166	149	817.971
2.094395	2.104282	-0.813972	16	34	136	817.904
-0.261799	1.504028	0.636812	141	159	161	817.564
0.523599	1.488617	1.159546	2	13	137	817.439
-1.570796	0.709924	0.218797	158	3	123	817.419
1.308997	1.824694	1.850876	18	165	133	817.355
2.617994	2.001437	0.381215	5	1	143	817.306
1.570796	1.683268	0.374177	160	145	3	817.277
0.523599	1.904882	-1.478089	152	19	13	817.246
1.832596	1.904882	-1.478089	150	154	151	817.236
-2.879793	0.685216	-1.712745	20	16	131	817.233
1.308997	1.128190	-2.288622	20	19	134	817.202
0.261799	1.367556	0.358405	158	159	144	817.195
-2.094395	2.396274	-1.959260	141	156	154	816.985
1.308997	0.674054	1.013609	6	17	130	816.852
2.879793	2.407836	1.410646	147	13	39	816.457
2.879793	2.455966	-0.641220	158	149	18	816.164
1.047198	2.863997	0.549740	144	1	166	816.074
-3.141593	1.909857	-0.381669	18	2	161	815.865
-1.832596	0.618092	2.539118	25	3	151	815.807
1.308997	1.809167	1.213774	160	27	32	815.206
0.523599	0.496451	0.593859	24	12	134	815.197
1.308997	1.433411	-1.035986	140	0	161	815.146
2.094395	2.295480	1.008277	28	15	135	815.076
-1.308997	1.545873	-1.877082	146	2	10	814.955
2.094395	0.203748	0.590255	13	10	139	814.932
1.832596	0.370812	-2.547742	153	135	164	814.916
-2.879793	1.766067	2.153843	164	140	145	814.804
2.094395	1.504028	0.636812	166	4	135	814.776
0.523599	1.732874	-0.951685	146	17	4	814.457
1.308997	2.299159	2.264663	161	27	15	814.320
-1.570796	0.591903	2.010408	140	3	161	814.056
-0.261799	2.979456	-1.009304	149	8	159	813.904
-2.356194	0.080730	-2.622036	6	7	34	813.827
-2.356194	1.214854	-1.966664	16	3	145	813.163
-0.261799	0.618092	2.539118	166	10	37	812.979
1.047198	0.290380	-0.796960	150	157	159	812.938
-1.832596	1.904882	-1.478089	149	13	10	812.866
-1.570796	1.135834	-1.431087	15	14	139	812.843
1.832596	0.961715	0.014085	12	24	123	812.834
-0.261799	2.295480	1.008277	161	0	135	812.824
1.570796	2.164094	-2.991358	157	150	11	812.787
-1.832596	1.194549	-0.801900	10	22	129	812.485
-1.308997	1.374601	-2.456031	12	12	139	812.475
-2.617994	2.104282	-0.813972	25	4	138	812.265
-0.523599	2.407836	1.410646	0	23	136	812.239
1.832596	0.379747	-1.713059	146	158	154	812.148
-1.570796	2.637879	2.121598	10	24	126	812.053
2.356194	2.001437	0.381215	2	1	142	811.977
1.832596	0.733948	3.021411	23	9	144	811.839
1.308997	1.391910	3.030322	147	164	164	811.787
0.785398	1.809167	1.213774	166	19	134	811.734
2.617994	1.683268	0.374177	2	0	138	811.518
0.261799	2.063651	-2.044600	164	154	144	811.479
2.879793	1.606104	-0.451151	167	6	117	811.449
-2.094395	0.619654	-2.216909	17	29	136	811.237
-0.261799	1.736875	3.023612	161	22	26	811.023
2.356194	0.866395	-2.492918	12	23	139	811.023
-2.356194	1.135834	-1.431087	23	21	139	810.995
-2.879793	0.379747	-1.713059	20	20	132	810.838
-1.832596	1.809167	1.213774	15	153	22	810.680
1.832596	0.496451	0.593859	13	6	141	810.670
-3.141593	1.417623	-0.202254	20	1	167	810.465
-1.832596	2.295480	1.008277	6	17	137	810.387
1.570796	2.587733	0.232235	148	152	11	810.139
1.047198	2.592629	0.909713	150	26	144	810.025
-0.261799	1.413347	-1.339188	7	158	142	809.902
-0.523599	2.984978	1.954446	23	8	22	809.889
-2.879793	2.247462	0.191623	19	3	157	809.305
0.523599	1.413347	-1.339188	149	21	6	809.125
1.570796	0.618092	2.539118	29	15	160	809.063
-1.832596	1.606104	-0.451151	18	4	134	808.884
1.047198	2.001437	0.381215	148	163	148	808.727
-2.879793	2.033014	2.977192	149	5	161	808.587
-1.832596	1.025536	1.576859	157	160	143	808.485
-2.356194	2.404280	-0.174044	21	9	6	808.194
-1.047198	1.721184	-0.153948	138	156	8	807.670
1.832596	1.014500	0.906702	149	9	12	807.540
-0.261799	1.025536	1.576859	30	162	160	807.167
2.617994	2.455966	-0.641220	15	10	148	807.158
2.094395	2.299159	2.264663	151	18	17	807.042
1.570796	1.599406	1.426070	14	5	135	806.992
-2.879793	1.870545	-2.976234	17	18	156	806.949
1.832596	1.977582	0.969896	29	7	144	806.894
1.570796	1.113094	-0.272241	154	152	147	806.868
-2.617994	2.587733	0.232235	163	150	25	806.633
1.832596	2.187132	-0.479875	21	27	136	806.530
-3.141593	2.299159	2.264663	145	6	166	806.484
-0.261799	2.379497	0.561089	1	156	146	806.193
1.308997	0.899350	-2.069907	22	22	139	805.877
0.000000	2.349581	-2.702517	149	12	20	805.826
1.570796	0.709924	0.218797	165	34	128	805.729
0.523599	1.247695	1.809890	8	163	143	805.408
-2.879793	2.984978	1.954446	16	16	121	805.342
-0.261799	0.899350	-2.069907	9	29	5	805.266
1.308997	2.001437	0.381215	149	159	148	805.248
1.047198	1.413430	2.550734	148	8	3	805.241
-1.047198	2.863997	0.549740	161	15	128	804.874
1.047198	1.662363	0.915448	161	21	131	804.836
1.832596	1.599406	1.426070	145	10	166	804.479
0.261799	0.910508	1.903534	7	23	130	804.478
-1.832596	0.850607	-1.335383	1	27	127	804.426
-0.261799	1.335669	0.897240	145	142	9	804.296
1.832596	1.214854	-1.966664	157	148	145	804.283
-0.523599	0.674054	1.013609	22	1	136	804.165
-3.141593	2.001437	0.381215	12	0	146	804.153
2.879793	2.138223	1.678323	157	140	152	804.120
0.261799	1.242974	-2.977882	16	22	18	804.069
0.785398	2.704512	1.488683	162	27	15	804.031
-1.832596	1.433411	-1.035986	18	22	135	803.942
-0.261799	1.045978	0.343692	158	161	143	803.424
-0.785398	0.496451	0.593859	156	157	145	803.354
0.000000	2.637879	2.121598	1	11	129	803.342
-3.141593	1.721184	-0.153948	18	2	154	803.172
-1.570796	1.662363	0.915448	22	153	14	803.151
0.523599	1.325504	-1.671296	135	156	154	803.106
-1.047198	1.569311	-3.003978	148	161	17	803.053
0.785398	0.709924	0.218797	21	11	128	803.032
0.523599	2.588535	-2.976617	18	9	145	802.753
0.785398	1.488617	1.159546	165	22	130	802.464
2.879793	1.184361	0.625864	4	10	131	802.428
-1.047198	1.310100	1.488307	138	27	145	802.409
0.523599	0.906588	1.252948	3	21	128	802.342
-2.617994	2.180315	-1.357379	31	16	141	802.297
1.047198	2.180315	-1.357379	19	158	140	802.231
-0.261799	1.247695	1.809890	14	21	134	802.022
2.617994	0.379747	-1.713059	19	6	130	801.940
1.308997	1.872854	1.543456	7	4	130	801.938
2.879793	1.741644	-2.695914	7	17	132	801.929
-1.047198	0.961715	0.014085	165	5	120	801.848
-0.785398	2.592629	0.909713	156	9	130	801.746
0.000000	2.174483	2.653697	20	10	3	801.733
0.261799	1.909857	-0.381669	146	19	151	801.643
-1.308997	2.760637	2.781135	7	22	118	801.607
0.000000	1.367556	0.358405	13	22	8	801.605
-0.523599	1.256302	0.062705	9	41	149	801.586
-2.879793	1.168678	2.108595	151	156	147	801.578
-2.617994	2.984978	1.954446	15	19	120	801.468
-1.308997	0.961715	0.014085	163	7	120	801.039
-0.261799	0.640596	-2.797608	155	37	142	801.037
0.261799	0.733948	3.021411	150	28	146	801.015
0.785398	1.247695	1.809890	20	158	19	800.980
-2.617994	0.419640	2.974122	17	0	141	800.955
0.523599	0.379747	-1.713059	23	13	149	800.817
0.000000	1.440580	2.260026	17	24	150	800.805
0.261799	1.812176	0.656819	149	150	153	800.793
-2.879793	1.135813	-2.658866	146	164	16	800.790
-2.617994	1.488617	1.159546	140	148	151	800.708
0.000000	0.831641	0.616218	20	8	129	800.610
2.617994	2.724429	-0.348782	150	157	26	800.593
-3.141593	2.174483	2.653697	148	163	8	800.505
2.356194	2.881233	-2.582574	7	17	136	800.476
-1.047198	1.045978	0.343692	23	159	165	800.426
-1.570796	2.881233	-2.582574	154	155	160	800.412
-2.879793	0.960688	-0.577532	18	12	140	800.304
-2.879793	1.977582	0.969896	152	5	135	800.231
2.617994	2.984978	1.954446	153	147	1	800.181
-2.356194	0.379747	-1.713059	11	30	131	800.175
0.000000	1.599406	1.426070	9	14	140	800.127
1.570796	1.977582	0.969896	158	27	30	800.110
0.000000	2.979456	-1.009304	160	21	134	799.771
-2.879793	1.504028	0.636812	158	5	32	799.726
-1.308997	1.195355	1.200319	164	28	134	799.506
0.261799	1.574060	2.783565	18	14	164	799.495
-0.261799	1.683268	0.374177	162	154	147	799.466
-0.785398	2.881233	-2.582574	12	14	120	799.445
-2.356194	2.174483	2.653697	150	8	150	799.438
-2.617994	0.379747	-1.713059	15	27	131	799.384
2.879793	1.194549	-0.801900	160	164	139	799.333
-1.832596	1.510910	-0.740472	23	11	151	799.321
1.832596	1.606104	-0.451151	147	159	154	799.110
0.523599	0.458961	-0.107937	15	143	135	799.075
-0.523599	0.419640	2.974122	18	17	140	798.928
0.000000	1.433411	-1.035986	12	161	146	798.804
2.879793	2.295480	1.008277	142	6	32	798.653
0.261799	1.606104	-0.451151	153	163	148	798.576
1.832596	1.545873	-1.877082	14	157	137	798.519
-0.785398	2.760637	2.781135	155	164	139	798.470
0.785398	1.721184	-0.153948	144	166	152	798.315
-1.570796	2.379497	0.561089	3	150	23	798.227
1.570796	2.295480	1.008277	159	27	32	798.002
-2.094395	1.732874	-0.951685	23	18	136	797.779
1.570796	1.574060	2.783565	149	156	13	797.408
-1.308997	2.579248	-2.364801	155	162	27	797.320
-1.570796	0.297065	2.160177	24	2	140	797.274
-1.047198	2.592629	0.909713	155	12	130	797.204
-3.141593	0.831641	0.616218	167	23	32	797.141
-2.094395	1.875281	0.107086	150	157	151	797.007
-1.570796	2.404280	-0.174044	153	14	133	796.998
-0.523599	2.295480	1.008277	159	7	134	796.986
1.832596	0.297065	2.160177	154	163	144	796.751
-1.570796	1.574060	2.783565	20	13	28	796.588
-2.617994	1.195355	1.200319	139	148	153	796.484
-1.570796	1.617114	-1.572037	145	5	10	796.332
-2.356194	1.699788	2.452890	153	158	166	796.314
-1.308997	1.256302	0.062705	18	160	145	796.291
2.094395	2.108018	1.311430	143	19	10	796.280
-1.308997	2.247462	0.191623	155	14	136	796.171
0.523599	1.599406	1.426070	5	159	140	796.005
0.785398	2.407836	1.410646	156	15	34	795.747
-2.356194	1.736875	3.023612	143	35	131	795.619
0.785398	1.194549	-0.801900	142	6	157	795.490
-2.356194	1.870545	-2.976234	16	19	161	795.469
2.617994	2.719179	-1.780644	3	14	133	795.437
-2.094395	0.866395	-2.492918	23	22	144	795.280
-1.047198	2.407836	1.410646	19	162	152	795.247
1.047198	0.418037	1.360082	10	18	131	795.212
-3.141593	2.073035	2.027405	157	137	157	794.971
0.261799	1.194549	-0.801900	151	167	18	794.848
-3.141593	1.766067	2.153843	157	138	154	794.848
0.000000	1.977582	0.969896	166	163	141	794.777
1.832596	2.478122	2.609777	155	21	20	794.727
0.261799	1.195355	1.200319	14	28	11	794.715
2.879793	2.404280	-0.174044	152	156	18	794.493
1.047198	1.256302	0.062705	149	161	145	794.246
-1.308997	0.418037	1.360082	158	154	144	794.099
-0.523599	1.184361	0.625864	140	0	166	794.024
-3.141593	1.301460	-0.509251	0	13	116	794.004
2.094395	0.762244	-0.273349	161	150	143	793.653
-1.570796	1.869911	2.701025	26	167	22	793.551
-0.785398	2.247462	0.191623	157	1	137	793.286
-3.141593	1.555207	1.708892	164	142	141	793.053
-2.356194	2.164094	-2.991358	158	158	27	793.053
2.094395	1.846342	-1.796954	160	149	147	792.996
1.308997	1.113094	-0.272241	152	154	147	792.970
-2.879793	1.948085	-2.363031	163	16	124	792.775
0.785398	0.674054	1.013609	3	13	129	792.759
-0.785398	1.134497	-1.109631	10	1	144	792.721
-0.785398	2.979456	-1.009304	148	5	2	792.544
1.047198	1.413347	-1.339188	142	5	164	792.308
-2.879793	0.618092	2.539118	150	164	166	792.231
0.523599	1.050534	3.042579	155	157	155	792.129
-2.094395	1.606104	-0.451151	14	11	125	792.065
0.523599	1.218453	2.777284	157	27	26	792.043
-0.523599	1.812176	0.656819	161	29	137	792.023
-1.047198	0.992645	-1.723759	161	25	132	791.916
-1.047198	2.587733	0.232235	155	6	131	791.910
1.308997	1.948085	-2.363031	154	147	33	791.654
2.094395	1.218453	2.777284	145	155	11	791.418
1.570796	1.699788	2.452890	23	10	129	790.995
1.832596	2.349581	-2.702517	162	147	6	790.861
0.000000	0.080730	-2.622036	154	166	144	790.807
-0.523599	0.961715	0.014085	7	8	119	790.657
0.523599	0.709924	0.218797	18	8	126	790.647
1.047198	2.379497	0.561089	20	140	143	790.606
0.261799	1.869911	2.701025	20	9	3	790.393
-2.356194	2.984978	1.954446	14	22	120	790.364
2.094395	2.587733	0.232235	159	142	15	790.174
-0.523599	0.618092	2.539118	16	13	138	790.140
2.879793	1.696674	-1.253233	157	43	3	790.078
1.308997	0.615174	-0.666022	2	13	125	790.004
-1.832596	1.569311	-3.003978	136	1	141	789.955
2.617994	0.992645	-1.723759	162	164	32	789.952
0.261799	2.579248	-2.364801	148	11	16	789.946
-1.308997	1.413430	2.550734	23	11	26	789.907
2.879793	0.866395	-2.492918	154	155	19	789.775
1.832596	1.699788	2.452890	24	15	129	789.638
1.047198	1.721184	-0.153948	145	161	152	789.604
2.617994	0.960688	-0.577532	20	164	11	789.534
1.832596	2.180315	-1.357379	147	156	157	789.469
1.308997	1.510910	-0.740472	140	164	163	789.467
-2.356194	1.606104	-0.451151	12	8	124	789.388
0.523599	1.721184	-0.153948	149	161	154	789.307
-1.308997	2.588535	-2.976617	4	13	118	789.011
0.785398	2.404280	-0.174044	145	167	1	788.971
0.261799	1.045978	0.343692	16	13	123	788.661
0.785398	2.251330	-2.330739	23	27	140	788.653
0.785398	0.961715	0.014085	149	163	143	788.638
-3.141593	1.836682	-0.676006	10	9	119	788.504
1.570796	1.836682	-0.676006	143	159	138	788.322
0.261799	2.295480	1.008277	163	28	9	788.055
-2.356194	2.979456	-1.009304	16	159	29	787.999
-0.261799	0.700570	1.559208	141	152	164	787.954
1.308997	2.587733	0.232235	145	155	10	787.786
1.570796	0.762244	-0.273349	158	152	143	787.744
0.000000	2.396274	-1.959260	162	158	141	787.660
2.879793	2.247462	0.191623	8	0	144	787.599
1.047198	2.588535	-2.976617	14	21	158	787.500
2.879793	2.724429	-0.348782	155	153	25	787.423
0.523599	1.506530	1.988858	4	31	37	787.395
1.308997	1.242974	-2.977882	140	158	12	787.271
1.832596	0.700570	1.559208	150	163	2	787.135
-0.785398	0.914445	2.687814	165	1	131	787.118
-0.523599	0.899350	-2.069907	162	22	134	787.118
1.308997	2.115563	0.685730	157	36	3	786.969
2.879793	0.080730	-2.622036	150	156	153	786.921
-1.832596	2.588535	-2.976617	156	153	1	786.915
-3.141593	1.218453	2.777284	148	0	152	786.785
-2.094395	1.872854	1.543456	6	10	134	786.485
-1.832596	1.836682	-0.676006	24	9	138	786.382
1.570796	0.496451	0.593859	13	9	30	786.240
1.832596	2.001437	0.381215	147	153	157	786.110
2.356194	1.310100	1.488307	160	16	130	786.010
0.261799	1.617114	-1.572037	144	19	6	785.992
-2.094395	1.135834	-1.431087	16	24	133	785.961
-3.141593	0.297065	2.160177	156	2	133	785.921
-0.261799	0.203748	0.590255	17	1	131	785.888
2.356194	1.696674	-1.253233	164	139	145	785.885
-1.570796	1.875281	0.107086	155	154	150	785.831
2.094395	1.998705	2.370472	21	16	124	785.800
1.832596	0.290380	-0.796960	19	12	127	785.775
-1.570796	1.367556	0.358405	13	150	137	785.495
0.785398	2.180315	-1.357379	136	155	151	785.484
0.000000	1.113094	-0.272241	150	163	164	785.465
0.261799	2.478122	2.609777	19	11	3	785.453
1.047198	0.960688	-0.577532	163	16	122	785.255
-1.047198	1.440580	2.260026	24	14	10	785.234
2.617994	1.256302	0.062705	149	164	147	785.152
2.356194	1.014500	0.906702	1	5	44	785.107
-2.617994	2.089241	-0.114193	23	2	167	785.011
-0.785398	1.599406	1.426070	8	17	133	784.945
1.047198	2.760637	2.781135	8	15	137	784.838
-1.832596	2.138223	1.678323	163	36	167	784.828
2.356194	2.664082	-1.071402	157	151	25	784.823
-1.308997	0.864993	2.278281	141	162	152	784.753
-0.261799	0.929350	-2.910676	153	31	146	784.537
-0.523599	0.910508	1.903534	137	152	1	784.489
-1.308997	1.301460	-0.509251	162	21	26	784.480
-2.879793	2.174483	2.653697	150	160	7	784.436
2.617994	2.407836	1.410646	21	0	135	784.368
-0.261799	1.569311	-3.003978	149	162	161	784.338
1.570796	1.335669	0.897240	164	12	131	784.310
2.617994	1.809167	1.213774	153	18	138	784.164
-1.308997	2.724429	-0.348782	19	0	25	783.928
1.047198	1.014500	0.906702	165	17	128	783.895
-2.617994	0.418037	1.360082	157	18	7	783.797
2.094395	1.050534	3.042579	145	150	6	783.765
2.879793	1.721184	-0.153948	15	167	153	783.693
0.785398	2.587733	0.232235	2	7	131	783.630
-0.785398	0.297065	2.160177	5	6	35	783.615
-1.308997	1.875281	0.107086	31	163	163	783.533
2.617994	1.014500	0.906702	1	5	43	783.321
-1.308997	0.080730	-2.622036	143	167	7	783.284
1.570796	1.310100	1.488307	16	4	140	783.094
0.261799	1.184361	0.625864	160	161	140	782.923
-1.047198	2.138223	1.678323	18	2	149	782.914
-1.570796	1.977582	0.969896	4	20	135	782.836
-2.879793	1.836682	-0.676006	14	2	125	782.786
1.832596	1.367556	0.358405	166	6	132	782.784
-2.617994	0.762244	-0.273349	158	27	119	782.784
2.356194	1.809167	1.213774	160	15	133	782.698
-1.047198	1.242974	-2.977882	146	7	2	782.690
0.261799	2.760637	2.781135	16	18	155	782.523
2.356194	2.033014	2.977192	151	15	20	782.509
-3.141593	1.335669	0.897240	162	1	31	782.427
-0.785398	2.588535	-2.976617	157	159	140	782.412
-1.308997	1.417623	-0.202254	21	166	154	782.392
-1.570796	1.184361	0.625864	149	163	164	782.379
-1.047198	1.904882	-1.478089	156	154	29	782.238
-1.832596	1.335669	0.897240	15	152	12	782.215
2.094395	1.195355	1.200319	32	6	5	782.196
2.617994	0.866395	-2.492918	151	156	18	782.146
2.356194	2.592629	0.909713	145	19	33	782.146
-1.047198	0.960688	-0.577532	2	7	134	782.136
1.308997	1.699788	2.452890	21	5	129	782.132
2.879793	1.870545	-2.976234	5	165	131	781.848
-0.261799	2.456751	-1.503343	154	165	28	781.846
-3.141593	1.050534	3.042579	145	8	156	781.726
1.832596	1.875281	0.107086	9	16	139	781.721
-2.356194	0.571433	-1.188419	4	13	132	781.649
-3.141593	1.256302	0.062705	156	18	119	781.648
-1.832596	1.662363	0.915448	16	151	15	781.501
1.832596	2.379497	0.561089	29	13	138	781.404
0.261799	0.685216	-1.712745	21	8	144	781.354
-0.785398	1.909857	-0.381669	20	21	4	781.326
2.617994	2.138223	1.678323	12	24	1	781.320
-2.617994	1.134796	2.434290	153	155	148	781.320
-1.832596	0.419640	2.974122	31	165	156	781.309
-2.094395	1.247695	1.809890	157	160	144	781.286
-2.617994	1.809167	1.213774	8	8	135	781.111
1.832596	0.929350	-2.910676	144	146	1	780.945
-0.785398	1.135834	-1.431087	165	0	138	780.401
0.785398	1.014500	0.906702	167	15	129	780.188
2.094395	1.721184	-0.153948	146	159	152	780.093
1.308997	0.370812	-2.547742	23	13	148	780.069
0.000000	0.960688	-0.577532	1	42	140	780.065
1.832596	2.407836	1.410646	155	147	151	779.986
-1.047198	1.909857	-0.381669	154	10	141	779.915
-2.617994	1.247695	1.809890	155	154	145	779.579
-2.356194	1.599406	1.426070	4	10	132	779.469
0.000000	1.310100	1.488307	11	12	141	779.147
-0.785398	1.504028	0.636812	162	28	134	779.021
1.570796	2.637879	2.121598	156	23	20	778.971
0.000000	2.407836	1.410646	2	31	29	778.918
-1.047198	2.760637	2.781135	157	164	140	778.811
-2.094395	0.418037	1.360082	164	33	30	778.804
-1.570796	0.640596	-2.797608	17	8	143	778.678
-0.523599	1.218453	2.777284	12	28	22	778.638
-0.523599	1.554776	0.100351	143	163	4	778.600
0.000000	2.115563	0.685730	164	29	10	778.598
-3.141593	2.404280	-0.174044	17	8	156	778.517
2.356194	1.335669	0.897240	31	14	7	778.378
0.785398	1.374601	-2.456031	30	8	17	778.340
-1.308997	0.866955	-0.931351	2	15	134	778.263
2.617994	2.089241	-0.114193	11	14	142	778.230
0.261799	0.615174	-0.666022	151	165	15	778.181
0.523599	2.637879	2.121598	4	11	130	778.153
2.879793	0.370812	-2.547742	154	148	160	778.129
1.047198	1.134497	-1.109631	161	135	133	778.031
-2.356194	1.732874	-0.951685	24	15	135	777.827
2.094395	0.709924	0.218797	13	28	132	777.732
-2.879793	1.195355	1.200319	1	13	129	777.637
0.523599	2.719179	-1.780644	20	162	135	777.543
1.832596	1.195355	1.200319	145	10	157	777.455
-3.141593	1.025536	1.576859	156	18	132	777.323
-2.879793	2.588535	-2.976617	151	10	13	777.296
-1.047198	0.619654	-2.216909	25	10	14	777.125
-0.785398	2.455966	-0.641220	151	6	13	777.031
2.879793	1.662363	0.915448	135	159	152	777.027
-1.570796	1.809167	1.213774	8	16	133	776.985
-0.261799	2.863997	0.549740	165	27	16	776.969
-2.356194	1.134796	2.434290	152	157	151	776.891
-1.308997	0.203748	0.590255	159	29	21	776.888
2.356194	1.904882	-1.478089	160	148	151	776.838
0.523599	1.699788	2.452890	7	163	129	776.820
2.094395	1.242974	-2.977882	16	18	130	776.797
0.261799	1.824694	1.850876	10	167	148	776.651
1.308997	2.041297	-2.664597	150	154	8	776.493
-0.785398	1.658653	-2.409879	2	7	36	776.419
2.617994	1.510910	-0.740472	158	149	153	776.412
-0.785398	1.836682	-0.676006	162	27	18	776.340
-2.617994	0.914445	2.687814	153	151	153	776.324
1.308997	2.247462	0.191623	9	17	138	776.305
0.000000	1.756530	-2.105156	22	165	141	776.214
0.523599	2.664082	-1.071402	133	4	154	776.187
-2.356194	1.998705	2.370472	18	153	25	776.128
-1.832596	1.218453	2.777284	25	6	9	775.982
-3.141593	0.571433	-1.188419	18	21	127	775.593
0.000000	0.619654	-2.216909	2	31	167	775.548
-0.523599	2.760637	2.781135	155	162	140	775.439
2.356194	1.184361	0.625864	1	11	130	775.335
1.308997	1.301460	-0.509251	21	15	155	775.180
1.308997	2.393226	1.857173	154	11	33	775.152
2.879793	1.836682	-0.676006	19	159	7	775.068
-2.094395	2.881233	-2.582574	152	152	144	775.025
-1.832596	2.704512	1.488683	14	15	140	774.928
-0.523599	2.379497	0.561089	160	2	135	774.884
-0.261799	1.184361	0.625864	19	8	127	774.787
2.356194	2.984978	1.954446	159	135	160	774.742
-0.261799	1.555207	1.708892	13	15	142	774.714
0.261799	0.080730	-2.622036	19	18	7	774.703
1.047198	2.299159	2.264663	163	28	17	774.535
2.356194	1.301460	-0.509251	4	11	118	774.511
1.308997	0.496451	0.593859	2	11	128	774.373
2.094395	0.379747	-1.713059	151	151	161	774.373
2.879793	1.168678	2.108595	142	150	5	774.352
1.832596	1.569311	-3.003978	151	152	11	774.180
-1.570796	2.073035	2.027405	149	33	127	774.044
2.617994	2.704512	1.488683	151	153	156	774.021
2.356194	1.374601	-2.456031	14	4	142	773.985
1.047198	2.404280	-0.174044	152	11	39	773.923
1.570796	1.134796	2.434290	148	160	0	773.914
0.785398	0.864993	2.278281	151	159	157	773.744
-2.617994	1.870545	-2.976234	144	1	146	773.703
-2.617994	1.875281	0.107086	20	4	153	773.584
-2.356194	2.115563	0.685730	17	166	150	773.545
-2.617994	1.450119	-2.739050	10	13	46	773.510
-1.832596	1.014500	0.906702	147	4	7	773.203
-3.141593	0.992645	-1.723759	11	158	142	772.934
-3.141593	0.709924	0.218797	151	28	123	772.678
1.308997	0.571433	-1.188419	147	165	15	772.594
-1.308997	1.904882	-1.478089	146	146	17	772.569
-3.141593	1.948085	-2.363031	3	2	137	772.487
-1.308997	1.741644	-2.695914	15	25	29	772.455
-1.308997	2.396274	-1.959260	162	159	32	772.395
1.570796	0.370812	-2.547742	23	18	148	772.393
-1.570796	0.419640	2.974122	165	6	35	772.353
1.047198	0.496451	0.593859	15	8	29	772.253
-1.308997	1.599406	1.426070	9	15	132	772.190
-1.047198	2.164094	-2.991358	148	159	161	772.158
-2.356194	0.914445	2.687814	17	7	151	771.867
-1.832596	2.455966	-0.641220	157	153	142	771.846
0.523599	0.297065	2.160177	15	17	137	771.823
-0.261799	0.571433	-1.188419	21	12	148	771.802
-2.879793	2.592629	0.909713	13	16	136	771.756
0.000000	1.184361	0.625864	25	157	138	771.743
2.094395	0.685216	-1.712745	153	157	20	771.733
-2.356194	1.555207	1.708892	5	14	132	771.587
0.261799	1.555207	1.708892	10	15	142	771.340
2.356194	2.404280	-0.174044	154	162	28	771.333
2.617994	1.301460	-0.509251	5	12	118	771.278
0.523599	1.367556	0.358405	7	28	3	771.250
-0.261799	1.256302	0.062705	146	162	7	771.187
-2.879793	1.721184	-0.153948	20	0	154	771.020
0.785398	1.504028	0.636812	161	18	131	770.856
-1.570796	0.615174	-0.666022	0	13	133	770.852
-1.308997	1.134796	2.434290	27	6	10	770.630
1.832596	1.325504	-1.671296	164	20	135	770.626
0.785398	0.762244	-0.273349	148	158	164	770.609
1.047198	1.310100	1.488307	20	164	150	770.344
-3.141593	0.929350	-2.910676	153	156	19	770.312
2.617994	2.478122	2.609777	4	17	47	770.286
1.047198	0.929350	-2.910676	135	165	5	770.273
1.570796	2.001437	0.381215	161	145	5	770.263
1.570796	1.617114	-1.572037	20	160	3	770.254
-2.094395	0.379747	-1.713059	18	161	18	770.203
-1.308997	1.696674	-1.253233	150	5	14	770.134
-1.832596	0.709924	0.218797	156	5	123	770.045
1.570796	1.194549	-0.801900	7	31	18	769.992
0.261799	1.809167	1.213774	2	162	140	769.889
-1.047198	0.866955	-0.931351	166	9	133	769.888
1.047198	1.506530	1.988858	17	162	138	769.873
-2.094395	2.478122	2.609777	152	5	143	769.843
-1.832596	2.393226	1.857173	147	24	144	769.783
-1.308997	2.138223	1.678323	18	4	148	769.756
2.879793	1.014500	0.906702	3	24	30	769.718
0.785398	1.134497	-1.109631	156	13	34	769.587
1.047198	2.393226	1.857173	159	26	15	769.543
2.617994	2.343981	-1.040456	156	149	13	769.503
-1.832596	1.134497	-1.109631	8	21	129	769.472
0.785398	1.218453	2.777284	148	161	8	769.470
2.356194	0.571433	-1.188419	154	28	21	769.277
-1.570796	1.569311	-3.003978	23	18	32	769.269
-2.879793	1.025536	1.576859	136	154	161	769.253
2.879793	1.433411	-1.035986	160	40	11	769.243
0.261799	1.569311	-3.003978	16	20	22	769.035
-1.570796	0.458961	-0.107937	166	27	20	768.980
-1.832596	1.417623	-0.202254	163	14	116	768.959
-1.047198	2.251330	-2.330739	150	158	144	768.887
1.308997	1.812176	0.656819	159	35	0	768.841
1.047198	1.113094	-0.272241	150	156	147	768.834
1.047198	1.335669	0.897240	164	20	129	768.777
2.617994	1.554776	0.100351	10	164	147	768.742
-2.356194	2.104282	-0.813972	26	10	139	768.710
0.523599	2.587733	0.232235	157	146	148	768.689
1.047198	1.683268	0.374177	149	162	146	768.550
-1.047198	1.846342	-1.796954	148	163	9	768.286
1.832596	1.242974	-2.977882	137	4	5	768.278
1.308997	2.637879	2.121598	162	26	16	768.262
0.785398	2.719179	-1.780644	165	163	139	768.126
-2.094395	0.700570	1.559208	157	10	37	768.003
0.523599	1.391910	3.030322	16	165	134	767.962
0.261799	2.719179	-1.780644	167	161	137	767.843
-0.523599	1.391910	3.030322	150	160	22	767.708
-2.879793	2.587733	0.232235	15	5	147	767.700
1.047198	2.153910	-1.714959	6	4	36	767.699
-1.047198	0.618092	2.539118	134	158	3	767.563
-1.570796	1.168678	2.108595	27	165	22	767.386
1.832596	1.998705	2.370472	19	13	124	767.339
-0.523599	1.325504	-1.671296	154	150	165	767.335
-0.523599	0.458961	-0.107937	150	15	0	767.326
-2.879793	2.456751	-1.503343	4	22	11	767.270
-1.570796	0.866955	-0.931351	1	14	133	767.039
-1.570796	1.606104	-0.451151	19	7	134	767.032
2.879793	0.418037	1.360082	0	157	138	766.977
-0.785398	1.756530	-2.105156	153	143	10	766.732
0.523599	2.153910	-1.714959	16	149	135	766.594
1.570796	1.050534	3.042579	139	160	11	766.447
-2.879793	0.700570	1.559208	136	153	159	766.446
1.570796	2.174483	2.653697	159	25	19	766.428
1.308997	1.554776	0.100351	157	147	6	766.126
0.785398	1.606104	-0.451151	162	153	128	766.041
0.523599	1.256302	0.062705	148	1	144	765.993
-0.785398	1.310100	1.488307	6	14	130	765.964
-2.617994	2.724429	-0.348782	4	145	24	765.954
1.308997	1.599406	1.426070	11	2	135	765.866
0.785398	2.592629	0.909713	152	29	144	765.774
2.879793	1.909857	-0.381669	16	7	155	765.725
2.356194	1.836682	-0.676006	152	147	164	765.640
-2.879793	2.187132	-0.479875	21	1	4	765.601
2.617994	1.128190	-2.288622	153	155	22	765.462
-1.047198	1.184361	0.625864	28	159	3	765.397
0.523599	1.756530	-2.105156	9	166	28	765.363
1.832596	0.571433	-1.188419	4	8	128	765.356
-2.617994	1.683268	0.374177	16	162	147	765.131
1.832596	1.218453	2.777284	142	160	10	765.048
0.000000	2.104282	-0.813972	154	155	166	765.040
-2.617994	1.025536	1.576859	141	146	160	764.875
0.785398	2.115563	0.685730	160	19	136	764.759
0.000000	0.899350	-2.069907	3	31	4	764.644
-1.570796	1.824694	1.850876	6	9	135	764.506
-1.308997	1.045978	0.343692	0	1	122	764.457
1.570796	0.866395	-2.492918	144	143	162	764.215
-3.141593	1.662363	0.915448	7	14	39	764.107
2.356194	2.587733	0.232235	136	157	149	764.002
2.094395	2.592629	0.909713	149	150	8	763.877
-3.141593	1.982574	-1.115518	145	164	166	763.813
1.308997	1.555207	1.708892	21	166	140	763.792
-1.570796	1.214854	-1.966664	14	9	140	763.772
0.000000	1.168678	2.108595	14	16	142	763.554
0.000000	0.674054	1.013609	25	10	136	763.520
2.879793	1.510910	-0.740472	161	148	153	763.494
-2.356194	2.295480	1.008277	8	4	139	763.359
-2.879793	2.881233	-2.582574	6	1	130	763.304
-1.308997	1.872854	1.543456	24	155	29	762.986
1.832596	1.506530	1.988858	162	152	142	762.965
-2.094395	2.138223	1.678323	167	145	32	762.943
2.617994	2.115563	0.685730	6	29	10	762.852
1.047198	1.510910	-0.740472	140	2	163	762.839
-1.308997	2.104282	-0.813972	163	23	20	762.816
0.000000	0.864993	2.278281	13	12	140	762.729
-0.261799	2.174483	2.653697	23	12	21	762.699
0.261799	1.413347	-1.339188	17	165	144	762.682
-0.523599	0.619654	-2.216909	153	31	136	762.653
-0.261799	2.343981	-1.040456	153	156	164	762.492
-0.261799	2.881233	-2.582574	161	165	137	762.413
1.832596	1.555207	1.708892	1	146	139	762.294
-2.356194	1.977582	0.969896	7	6	135	762.239
1.047198	1.417623	-0.202254	148	158	149	762.234
2.879793	1.325504	-1.671296	7	152	143	762.225
-3.141593	1.741644	-2.695914	7	18	133	762.138
1.570796	0.290380	-0.796960	151	10	126	761.839
-2.617994	1.909857	-0.381669	21	6	160	761.704
-1.308997	1.168678	2.108595	29	166	9	761.517
2.356194	2.456751	-1.503343	17	12	15	761.500
1.047198	1.599406	1.426070	0	167	132	761.496
1.832596	2.396274	-1.959260	154	149	167	761.194
-1.047198	2.041297	-2.664597	6	25	31	761.181
2.617994	2.033014	2.977192	151	155	147	761.151
1.047198	0.866395	-2.492918	20	10	137	761.133
1.570796	1.135834	-1.431087	156	3	33	761.066
-2.879793	2.579248	-2.364801	0	5	127	761.007
2.356194	1.812176	0.656819	150	146	11	760.967
0.523599	0.571433	-1.188419	153	4	127	760.809
-3.141593	2.455966	-0.641220	163	23	133	760.723
-1.047198	2.153910	-1.714959	157	151	23	760.711
2.094395	2.343981	-1.040456	162	32	11	760.625
1.570796	1.440580	2.260026	26	8	136	760.485
-0.785398	1.606104	-0.451151	145	148	12	760.473
-2.094395	1.909857	-0.381669	19	6	129	760.460
0.785398	1.325504	-1.671296	139	149	155	760.446
2.879793	0.619654	-2.216909	154	25	136	760.398
0.523599	1.569311	-3.003978	14	21	21	760.396
0.785398	2.979456	-1.009304	19	16	123	760.386
-0.523599	1.555207	1.708892	18	15	142	760.356
-0.261799	1.554776	0.100351	145	158	4	760.210
0.523599	2.724429	-0.348782	145	167	0	760.188
-1.308997	0.290380	-0.796960	146	18	126	760.138
-0.523599	0.864993	2.278281	13	160	144	760.066
-0.261799	1.662363	0.915448	162	32	135	759.960
2.094395	2.637879	2.121598	154	21	20	759.908
1.308997	0.640596	-2.797608	22	8	142	759.901
-3.141593	2.587733	0.232235	151	157	25	759.844
0.523599	1.014500	0.906702	2	19	129	759.810
1.047198	1.194549	-0.801900	142	167	155	759.799
0.261799	0.203748	0.590255	157	14	123	759.798
0.523599	1.977582	0.969896	152	30	139	759.748
0.000000	1.696674	-1.253233	12	162	139	759.694
-2.879793	0.914445	2.687814	151	151	152	759.691
1.570796	0.929350	-2.910676	20	13	134	759.601
-0.523599	2.456751	-1.503343	155	166	28	759.595
-0.523599	1.766067	2.153843	12	13	140	759.562
-0.785398	1.374601	-2.456031	5	160	28	759.459
1.832596	1.909857	-0.381669	143	159	165	759.440
1.832596	2.719179	-1.780644	160	146	30	759.395
-1.047198	1.977582	0.969896	20	156	145	759.138
-0.785398	2.089241	-0.114193	21	24	8	758.937
-0.785398	1.014500	0.906702	155	161	149	758.896
2.094395	0.290380	-0.796960	18	19	126	758.823
1.832596	1.872854	1.543456	26	6	137	758.771
0.785398	0.615174	-0.666022	147	163	163	758.607
1.047198	0.914445	2.687814	27	5	153	758.602
-3.141593	1.756530	-2.105156	148	30	9	758.412
-1.832596	0.864993	2.278281	24	0	159	758.407
-2.094395	2.393226	1.857173	150	25	143	758.369
1.308997	1.247695	1.809890	149	19	17	758.335
-2.879793	2.404280	-0.174044	153	156	15	758.185
2.879793	1.134796	2.434290	146	161	150	758.088
-0.261799	0.496451	0.593859	19	4	129	757.910
-2.617994	2.881233	-2.582574	158	20	24	757.729
-2.617994	0.496451	0.593859	6	157	139	757.692
2.094395	1.247695	1.809890	137	23	160	757.510
-0.261799	1.732874	-0.951685	10	161	143	757.478
2.094395	1.374601	-2.456031	20	32	135	757.345
1.047198	1.574060	2.783565	160	148	144	757.302
-0.523599	0.685216	-1.712745	15	4	140	757.073
-0.261799	0.864993	2.278281	16	20	135	757.057
0.523599	1.413430	2.550734	18	8	4	757.023
-1.832596	1.184361	0.625864	148	160	22	756.976
-1.570796	1.488617	1.159546	7	17	130	756.866
-2.094395	1.367556	0.358405	18	20	8	756.812
-3.141593	0.080730	-2.622036	19	1	133	756.733
1.308997	1.977582	0.969896	156	33	2	756.610
-1.047198	0.080730	-2.622036	145	163	8	756.401
-1.570796	0.700570	1.559208	18	159	147	756.344
-2.094395	2.174483	2.653697	149	5	150	756.281
-0.523599	1.683268	0.374177	148	165	40	756.158
1.308997	0.458961	-0.107937	23	11	131	756.053
-1.308997	2.180315	-1.357379	145	147	13	756.027
-2.356194	2.379497	0.561089	2	160	135	756.015
0.785398	1.555207	1.708892	9	157	140	755.975
1.047198	1.824694	1.850876	14	164	131	755.925
1.308997	1.683268	0.374177	150	158	146	755.891
-1.832596	1.242974	-2.977882	133	167	151	755.890
0.000000	1.617114	-1.572037	10	162	136	755.841
-0.261799	1.606104	-0.451151	19	13	159	755.812
-2.356194	1.440580	2.260026	17	0	29	755.708
1.570796	1.168678	2.108595	147	164	5	755.693
-0.261799	1.440580	2.260026	21	15	158	755.679
0.261799	0.762244	-0.273349	147	167	162	755.430
0.261799	2.001437	0.381215	151	148	155	755.171
2.094395	0.370812	-2.547742	144	165	155	754.846
-1.570796	1.301460	-0.509251	13	13	137	754.813
-0.261799	0.418037	1.360082	31	7	149	754.781
-0.261799	1.168678	2.108595	16	22	137	754.675
1.047198	0.910508	1.903534	16	163	145	754.533
-3.141593	0.370812	-2.547742	16	6	136	754.532
1.570796	1.391910	3.030322	144	160	12	754.488
-1.047198	2.063651	-2.044600	166	160	32	754.461
1.832596	2.104282	-0.813972	20	30	136	754.401
1.047198	0.899350	-2.069907	147	17	140	754.294
0.523599	1.948085	-2.363031	148	153	36	754.287
-0.523599	1.247695	1.809890	20	16	142	754.285
0.000000	1.836682	-0.676006	148	7	4	754.234
0.261799	1.836682	-0.676006	15	165	142	754.183
-3.141593	2.089241	-0.114193	17	8	155	754.042
-1.570796	2.089241	-0.114193	154	152	149	754.007
-2.094395	0.866955	-0.931351	154	16	25	753.883
2.356194	2.104282	-0.813972	11	36	136	753.839
-0.785398	1.948085	-2.363031	167	6	38	753.732
0.523599	1.875281	0.107086	147	167	150	753.680
2.094395	2.247462	0.191623	143	8	19	753.504
2.879793	2.187132	-0.479875	16	7	157	753.494
1.832596	2.108018	1.311430	159	39	16	753.487
1.308997	0.866395	-2.492918	22	15	137	753.459
0.523599	1.555207	1.708892	8	159	141	753.406
-2.879793	1.391910	3.030322	150	154	164	753.374
-1.570796	1.045978	0.343692	148	159	18	753.323
2.094395	2.404280	-0.174044	137	162	9	753.252
0.261799	0.850607	-1.335383	23	13	147	753.243
0.261799	2.104282	-0.813972	149	0	23	753.218
-0.785398	1.872854	1.543456	10	18	135	753.212
0.523599	2.407836	1.410646	155	12	129	753.156
-0.261799	1.367556	0.358405	153	166	45	753.141
2.356194	2.704512	1.488683	146	158	167	752.974
1.832596	1.809167	1.213774	136	155	3	752.888
-1.047198	1.391910	3.030322	147	162	20	752.859
-3.141593	1.168678	2.108595	148	159	147	752.813
-3.141593	1.194549	-0.801900	16	7	22	752.753
0.000000	1.256302	0.062705	161	153	143	752.557
0.785398	0.866955	-0.931351	158	9	123	752.539
0.261799	2.174483	2.653697	18	12	3	752.519
-2.094395	0.961715	0.014085	163	12	119	752.473
-0.261799	1.128190	-2.288622	150	29	140	752.427
1.047198	1.045978	0.343692	152	161	142	752.427
-0.261799	2.984978	1.954446	2	22	127	752.372
-1.832596	1.135813	-2.658866	21	25	150	752.228
2.617994	2.187132	-0.479875	4	31	136	752.221
-2.094395	1.433411	-1.035986	20	19	135	751.981
1.308997	0.619654	-2.216909	24	19	143	751.926
0.523599	0.618092	2.539118	148	41	151	751.845
-0.523599	2.592629	0.909713	161	9	131	751.743
-1.832596	0.700570	1.559208	157	153	146	751.645
0.000000	0.290380	-0.796960	162	28	20	751.467
-1.570796	1.846342	-1.796954	20	7	153	751.398
0.261799	0.906588	1.252948	7	19	129	751.189
-1.570796	1.599406	1.426070	162	160	141	750.992
-0.785398	0.831641	0.616218	9	37	130	750.990
0.000000	2.404280	-0.174044	8	128	140	750.958
1.047198	2.979456	-1.009304	19	20	124	750.773
0.523599	2.299159	2.264663	154	1	24	750.722
-2.094395	2.637879	2.121598	154	25	138	750.711
0.523599	2.456751	-1.503343	134	158	158	750.704
0.523599	1.554776	0.100351	142	33	148	750.694
-2.356194	1.872854	1.543456	12	12	135	750.619
-3.141593	1.510910	-0.740472	12	8	121	750.585
-2.879793	1.812176	0.656819	164	6	34	750.584
-0.523599	0.203748	0.590255	151	159	145	750.435
0.785398	0.290380	-0.796960	148	162	162	750.418
-2.617994	2.393226	1.857173	3	33	121	750.376
0.785398	0.458961	-0.107937	17	145	135	750.324
-1.047198	1.367556	0.358405	28	161	167	750.316
-3.141593	1.977582	0.969896	18	0	143	750.311
-0.261799	1.977582	0.969896	161	167	140	750.236
-2.879793	1.809167	1.213774	5	5	135	750.214
-0.523599	2.724429	-0.348782	145	153	152	750.162
-0.261799	0.591903	2.010408	167	9	35	750.152
0.785398	2.349581	-2.702517	17	30	134	750.049
-3.141593	0.619654	-2.216909	22	4	136	750.032
0.000000	2.180315	-1.357379	153	166	26	749.998
-3.141593	0.850607	-1.335383	21	15	129	749.954
1.308997	1.134497	-1.109631	154	2	31	749.915
-2.617994	1.374601	-2.456031	25	12	150	749.743
1.308997	0.685216	-1.712745	26	19	163	749.705
1.047198	0.379747	-1.713059	146	2	165	749.689
1.832596	2.979456	-1.009304	148	160	32	749.634
-2.617994	1.741644	-2.695914	140	10	158	749.525
-2.617994	1.128190	-2.288622	26	13	143	749.515
-1.308997	1.488617	1.159546	3	19	131	749.421
1.047198	0.674054	1.013609	16	166	32	749.180
1.570796	2.251330	-2.330739	18	165	133	749.132
-1.308997	1.014500	0.906702	25	155	8	748.961
0.785398	1.554776	0.100351	146	0	146	748.828
-3.141593	1.413347	-1.339188	150	39	8	748.770
1.047198	1.732874	-0.951685	146	151	140	748.590
-0.785398	1.696674	-1.253233	150	148	152	748.566
-2.617994	1.506530	1.988858	9	25	124	748.549
-2.617994	1.812176	0.656819	9	149	144	748.132
-2.094395	1.809167	1.213774	10	165	140	748.101
-3.141593	0.733948	3.021411	145	9	152	748.025
-1.570796	2.041297	-2.664597	161	161	27	747.934
1.570796	0.080730	-2.622036	23	17	153	747.925
0.523599	0.700570	1.559208	5	19	128	747.915
-1.570796	2.478122	2.609777	25	2	39	747.684
2.617994	2.587733	0.232235	145	166	25	747.677
2.617994	0.906588	1.252948	30	12	14	747.500
0.261799	1.504028	0.636812	162	154	142	747.498
-3.141593	0.203748	0.590255	13	17	19	747.391
-2.356194	2.579248	-2.364801	144	159	146	747.328
1.047198	2.089241	-0.114193	143	163	157	747.313
-1.047198	2.073035	2.027405	12	12	140	747.222
-2.879793	1.374601	-2.456031	166	165	35	747.187
2.356194	2.115563	0.685730	22	7	142	747.133
-2.094395	2.379497	0.561089	159	153	24	747.089
0.261799	1.310100	1.488307	11	15	141	747.073
-0.523599	1.433411	-1.035986	160	10	33	747.047
-2.094395	1.256302	0.062705	155	11	119	747.026
-2.879793	1.128190	-2.288622	1	163	139	746.919
-2.356194	1.812176	0.656819	152	155	22	746.824
0.785398	0.379747	-1.713059	23	18	150	746.789
1.570796	0.619654	-2.216909	23	24	144	746.782
-2.879793	2.041297	-2.664597	1	15	124	746.767
2.879793	2.979456	-1.009304	23	6	24	746.764
1.832596	0.203748	0.590255	15	11	140	746.737
-0.261799	1.135813	-2.658866	151	31	145	746.671
-1.832596	2.592629	0.909713	165	157	131	746.602
-0.261799	0.370812	-2.547742	3	8	134	746.582
2.094395	2.863997	0.549740	22	19	125	746.561
2.356194	2.343981	-1.040456	17	8	150	746.419
-1.570796	1.025536	1.576859	157	156	146	746.332
0.000000	0.419640	2.974122	159	39	141	746.273
2.094395	2.379497	0.561089	29	20	139	746.031
-0.785398	1.214854	-1.966664	21	24	15	746.000
0.523599	2.073035	2.027405	1	30	13	745.961
2.617994	0.831641	0.616218	148	163	157	745.961
0.000000	1.554776	0.100351	160	153	146	745.946
1.308997	0.929350	-2.910676	136	159	5	745.931
-1.308997	2.001437	0.381215	25	0	144	745.920
2.617994	2.637879	2.121598	157	146	154	745.836
0.261799	0.591903	2.010408	9	5	138	745.777
-3.141593	2.724429	-0.348782	21	163	9	745.439
0.261799	2.587733	0.232235	148	26	148	745.424
2.356194	0.685216	-1.712745	0	13	133	745.401
-2.356194	0.591903	2.010408	159	35	23	745.106
2.617994	2.760637	2.781135	158	21	22	745.096
-3.141593	1.242974	-2.977882	144	8	160	745.037
1.047198	2.456751	-1.503343	137	152	14	744.969
-1.047198	1.413430	2.550734	166	10	123	744.676
-2.356194	1.325504	-1.671296	27	22	143	744.633
2.356194	1.325504	-1.671296	162	167	34	744.629
-0.523599	0.831641	0.616218	142	2	4	744.613
-2.617994	2.356369	3.005869	19	8	9	744.595
2.617994	1.662363	0.915448	163	12	132	744.536
-3.141593	1.367556	0.358405	161	26	21	744.481
1.832596	1.135813	-2.658866	17	22	130	744.428
-1.570796	0.929350	-2.910676	142	15	7	744.309
1.047198	1.050534	3.042579	29	7	143	744.285
1.570796	1.488617	1.159546	15	2	140	744.258
0.785398	1.242974	-2.977882	28	9	143	744.219
-1.047198	1.301460	-0.509251	20	165	154	744.217
-1.832596	0.906588	1.252948	18	152	13	744.161
-2.356194	1.168678	2.108595	154	164	146	743.912
-0.785398	1.812176	0.656819	162	31	138	743.828
-1.570796	2.356369	3.005869	150	5	150	743.709
-2.356194	1.510910	-0.740472	16	15	124	743.691
-0.523599	2.104282	-0.813972	14	165	148	743.658
-1.308997	0.297065	2.160177	2	3	34	743.584
-1.308997	1.247695	1.809890	28	166	18	743.488
-0.785398	1.433411	-1.035986	6	19	132	743.373
-1.832596	1.450119	-2.739050	18	25	155	743.338
2.094395	2.251330	-2.330739	15	17	136	743.239
1.832596	1.982574	-1.115518	145	159	5	743.164
-0.523599	1.909857	-0.381669	159	26	20	743.027
-2.617994	0.674054	1.013609	2	21	127	742.974
2.617994	0.685216	-1.712745	156	35	16	742.928
0.000000	2.247462	0.191623	6	126	142	742.870
-1.832596	0.866955	-0.931351	148	20	17	742.809
-2.356194	0.709924	0.218797	149	9	122	742.729
0.261799	2.664082	-1.071402	136	13	154	742.713
0.785398	0.619654	-2.216909	22	9	143	742.573
-2.617994	1.977582	0.969896	4	5	135	742.474
1.308997	1.214854	-1.966664	19	25	134	742.469
0.785398	2.187132	-0.479875	144	164	19	742.392
1.308997	1.998705	2.370472	25	163	6	742.369
-1.047198	1.510910	-0.740472	13	18	135	742.363
1.570796	2.073035	2.027405	17	4	126	742.243
-0.261799	2.164094	-2.991358	148	14	24	742.076
-2.356194	1.809167	1.213774	8	4	136	742.006
0.785398	0.203748	0.590255	148	162	38	741.863
0.523599	1.574060	2.783565	15	16	165	741.809
-1.047198	2.187132	-0.479875	144	147	21	741.806
-1.570796	0.733948	3.021411	132	166	166	741.710
-3.141593	2.719179	-1.780644	0	9	134	741.708
-2.879793	1.256302	0.062705	23	8	7	741.642
-1.832596	1.050534	3.042579	27	12	3	741.612
0.785398	1.450119	-2.739050	13	3	27	741.522
-1.570796	1.195355	1.200319	157	154	33	741.480
0.523599	1.135834	-1.431087	148	2	20	741.349
2.094395	1.606104	-0.451151	149	155	155	741.200
0.523599	1.335669	0.897240	165	20	130	741.142
-1.832596	0.674054	1.013609	6	1	134	741.084
0.000000	1.025536	1.576859	4	20	129	741.054
2.356194	0.733948	3.021411	142	167	158	740.937
-0.261799	2.251330	-2.330739	17	2	131	740.909
2.094395	2.478122	2.609777	157	22	18	740.754
-3.141593	2.138223	1.678323	7	15	127	740.749
-1.047198	1.872854	1.543456	10	14	136	740.713
2.094395	1.391910	3.030322	154	20	17	740.693
0.785398	1.699788	2.452890	12	165	129	740.558
2.356194	1.599406	1.426070	159	15	132	740.466
-1.570796	1.014500	0.906702	14	3	137	740.273
0.785398	1.732874	-0.951685	145	166	18	740.196
-0.523599	1.732874	-0.951685	149	22	159	740.177
1.047198	1.448123	-2.163292	18	18	129	740.024
2.617994	2.379497	0.561089	20	11	140	739.990
1.047198	1.325504	-1.671296	143	144	154	739.944
0.261799	1.135813	-2.658866	5	42	159	739.930
-2.617994	2.588535	-2.976617	152	162	26	739.830
2.879793	0.290380	-0.796960	2	16	34	739.776
2.879793	1.417623	-0.202254	162	14	117	739.696
1.047198	2.108018	1.311430	22	162	3	739.652
-2.617994	0.864993	2.278281	150	9	143	739.644
2.879793	0.866955	-0.931351	154	27	25	739.582
2.879793	1.824694	1.850876	24	1	141	739.498
-2.617994	1.448123	-2.163292	13	18	138	739.476
2.617994	1.168678	2.108595	139	155	5	739.454
-1.570796	1.658653	-2.409879	164	158	27	739.449
-1.047198	1.014500	0.906702	0	151	28	739.385
2.879793	2.587733	0.232235	147	162	25	739.301
-0.785398	2.108018	1.311430	167	22	135	739.149
-1.570796	2.456751	-1.503343	144	150	8	739.013
0.523599	1.194549	-0.801900	142	19	160	738.995
1.047198	1.766067	2.153843	14	164	131	738.964
-2.094395	1.325504	-1.671296	24	29	141	738.860
-1.570796	1.310100	1.488307	159	163	142	738.827
1.308997	1.662363	0.915448	158	29	24	738.596
1.308997	1.448123	-2.163292	17	22	129	738.575
-1.570796	1.836682	-0.676006	26	13	155	738.147
2.356194	2.295480	1.008277	1	13	136	738.065
2.879793	2.719179	-1.780644	13	152	30	737.987
-1.570796	1.417623	-0.202254	165	12	116	737.961
-1.832596	1.545873	-1.877082	16	27	142	737.808
-2.356194	1.982574	-1.115518	29	14	142	737.807
-0.261799	1.014500	0.906702	21	6	132	737.784
1.832596	2.174483	2.653697	154	21	17	737.596
1.570796	1.872854	1.543456	11	6	130	737.443
0.261799	2.704512	1.488683	164	29	34	737.432
-2.094395	1.736875	3.023612	149	163	137	737.390
-2.094395	2.295480	1.008277	12	1	144	737.364
-0.523599	2.455966	-0.641220	150	3	12	737.307
0.523599	0.961715	0.014085	150	156	164	737.287
-3.141593	1.014500	0.906702	0	26	30	737.252
1.308997	0.591903	2.010408	23	166	161	737.227
1.570796	1.736875	3.023612	149	156	14	737.182
2.879793	2.174483	2.653697	150	12	18	737.074
2.879793	0.685216	-1.712745	151	33	16	737.029
0.000000	0.866395	-2.492918	145	28	16	736.889
2.356194	2.108018	1.311430	0	15	135	736.841
1.308997	1.194549	-0.801900	26	16	164	736.823
2.617994	1.413347	-1.339188	167	165	35	736.659
1.308997	0.419640	2.974122	153	160	147	736.602
1.832596	1.450119	-2.739050	152	147	11	736.578
-2.617994	2.251330	-2.330739	166	9	125	736.344
2.356194	2.863997	0.549740	21	23	125	736.288
-0.785398	2.174483	2.653697	0	8	124	736.279
2.356194	2.393226	1.857173	152	3	34	736.275
-1.047198	2.299159	2.264663	18	16	144	736.270
-1.832596	2.174483	2.653697	157	24	120	736.263
-1.832596	1.683268	0.374177	15	23	10	736.258
2.356194	1.982574	-1.115518	155	149	153	736.211
2.879793	1.195355	1.200319	167	13	129	736.197
0.261799	2.299159	2.264663	155	3	25	736.180
1.308997	1.721184	-0.153948	146	156	154	736.112
0.000000	1.741644	-2.695914	17	0	132	735.897
-2.879793	0.571433	-1.188419	167	19	34	735.483
-1.832596	2.033014	2.977192	23	158	28	735.386
1.832596	0.419640	2.974122	4	13	36	735.311
2.879793	2.108018	1.311430	133	167	1	735.293
-0.261799	2.588535	-2.976617	154	14	15	735.254
0.785398	1.909857	-0.381669	143	164	158	735.246
2.094395	0.899350	-2.069907	153	155	22	735.234
-0.261799	0.914445	2.687814	143	152	0	734.970
2.094395	1.545873	-1.877082	159	159	143	734.834
-3.141593	0.700570	1.559208	133	160	159	734.814
-3.141593	0.615174	-0.666022	0	136	14	734.630
-1.047198	1.247695	1.809890	29	4	1	734.616
0.261799	0.899350	-2.069907	154	14	135	734.592
1.832596	1.721184	-0.153948	145	163	152	734.511
2.617994	2.247462	0.191623	7	1	145	734.490
1.832596	1.812176	0.656819	8	17	138	734.396
-1.308997	2.478122	2.609777	152	163	143	734.362
-2.356194	1.045978	0.343692	14	155	144	734.287
0.785398	2.138223	1.678323	160	9	128	734.234
2.617994	2.356369	3.005869	6	14	48	734.040
-0.785398	2.295480	1.008277	34	163	20	733.971
-0.261799	0.733948	3.021411	145	150	166	733.793
0.261799	1.875281	0.107086	146	10	152	733.775
1.047198	1.569311	-3.003978	143	23	12	733.649
1.570796	2.393226	1.857173	153	21	15	733.542
-2.094395	1.194549	-0.801900	143	13	20	733.494
2.094395	0.615174	-0.666022	160	149	143	733.333
2.617994	0.419640	2.974122	11	3	146	733.168
0.785398	1.904882	-1.478089	22	153	140	733.146
-2.617994	1.998705	2.370472	154	161	149	733.110
1.047198	2.295480	1.008277	159	23	137	733.062
0.785398	1.214854	-1.966664	21	16	134	732.968
-2.356194	2.587733	0.232235	164	148	25	732.932
-0.523599	2.863997	0.549740	17	1	30	732.853
1.047198	1.872854	1.543456	15	164	133	732.823
2.617994	2.863997	0.549740	143	7	32	732.782
-1.570796	0.961715	0.014085	144	1	19	732.715
-2.356194	2.001437	0.381215	155	154	18	732.620
0.785398	1.301460	-0.509251	23	3	160	732.612
-2.094395	1.599406	1.426070	5	8	132	732.601
-2.356194	2.456751	-1.503343	146	17	20	732.553
-1.047198	0.866395	-2.492918	153	14	137	732.466
-0.523599	2.001437	0.381215	156	166	141	732.429
1.570796	1.606104	-0.451151	15	18	145	732.405
-2.879793	1.736875	3.023612	150	154	160	732.405
1.047198	1.301460	-0.509251	142	163	157	732.351
-1.570796	1.554776	0.100351	14	7	124	732.297
-0.261799	1.134497	-1.109631	159	12	31	732.289
2.617994	1.194549	-0.801900	18	13	124	732.256
2.879793	1.050534	3.042579	14	23	138	732.176
1.047198	2.637879	2.121598	10	8	139	732.101
-1.047198	2.180315	-1.357379	149	165	3	732.074
2.094395	1.128190	-2.288622	5	6	137	731.637
-1.832596	1.875281	0.107086	153	157	151	731.594
0.785398	2.579248	-2.364801	164	159	136	731.582
-0.523599	2.180315	-1.357379	158	151	24	731.539
1.832596	1.391910	3.030322	147	155	12	731.536
1.047198	1.699788	2.452890	18	1	129	731.503
-1.832596	1.113094	-0.272241	0	16	117	731.475
-1.570796	1.325504	-1.671296	144	5	15	731.473
-1.308997	1.662363	0.915448	6	20	131	731.311
-0.523599	1.721184	-0.153948	15	25	1	731.260
2.617994	0.290380	-0.796960	10	9	29	731.202
2.879793	1.367556	0.358405	22	27	31	731.178
2.356194	1.256302	0.062705	149	165	145	731.165
0.000000	1.824694	1.850876	11	166	148	731.020
1.832596	0.910508	1.903534	143	0	162	730.934
2.617994	0.618092	2.539118	24	19	148	730.931
-1.832596	1.247695	1.809890	143	27	13	730.904
0.523599	0.914445	2.687814	152	161	154	730.802
0.000000	2.063651	-2.044600	161	154	144	730.796
-0.261799	1.310100	1.488307	11	21	132	730.690
1.308997	2.187132	-0.479875	31	13	142	730.677
0.523599	2.478122	2.609777	153	1	24	730.639
-2.356194	1.194549	-0.801900	12	18	126	730.580
2.879793	2.664082	-1.071402	165	20	131	730.542
2.356194	0.290380	-0.796960	16	20	127	730.466
1.570796	1.128190	-2.288622	20	23	134	730.464
-1.832596	1.824694	1.850876	160	36	0	730.443
-2.879793	1.310100	1.488307	136	152	160	730.427
0.785398	0.866395	-2.492918	18	7	135	730.377
2.879793	0.571433	-1.188419	15	17	126	730.371
-2.094395	0.762244	-0.273349	148	6	19	730.307
-0.523599	1.135813	-2.658866	18	27	161	730.264
-0.785398	1.413430	2.550734	0	9	123	730.213
1.308997	1.982574	-1.115518	141	0	11	730.168
-2.617994	1.545873	-1.877082	160	16	133	730.160
-1.047198	1.766067	2.153843	22	0	38	730.147
2.356194	0.615174	-0.666022	152	22	25	730.122
-0.785398	1.448123	-2.163292	0	11	36	730.060
2.879793	0.831641	0.616218	2	23	32	730.055
-0.523599	2.704512	1.488683	5	146	28	730.035
-2.617994	0.591903	2.010408	148	163	146	729.995
-1.047198	2.104282	-0.813972	160	23	20	729.953
0.261799	1.050534	3.042579	11	24	25	729.879
-1.832596	1.696674	-1.253233	149	14	15	729.816
2.094395	1.809167	1.213774	159	16	133	729.758
1.570796	1.025536	1.576859	146	3	151	729.757
1.570796	2.404280	-0.174044	29	13	139	729.698
0.785398	2.356369	3.005869	13	24	157	729.621
0.785398	2.073035	2.027405	164	29	12	729.297
-0.261799	1.417623	-0.202254	147	20	157	729.260
-1.570796	1.721184	-0.153948	26	164	164	729.243
-0.785398	1.184361	0.625864	32	164	4	729.142
0.523599	1.869911	2.701025	151	4	20	729.080
0.000000	1.998705	2.370472	166	31	25	729.012
2.094395	2.187132	-0.479875	18	32	136	728.872
2.617994	0.910508	1.903534	151	22	134	728.847
-3.141593	1.606104	-0.451151	19	10	154	728.772
-1.832596	0.733948	3.021411	26	15	150	728.546
1.832596	1.045978	0.343692	150	31	138	728.435
-2.617994	0.615174	-0.666022	22	4	160	728.375
-0.523599	1.025536	1.576859	12	15	132	728.339
2.094395	1.335669	0.897240	143	6	156	728.305
-2.879793	1.488617	1.159546	167	1	32	728.259
-0.785398	0.700570	1.559208	6	23	122	728.233
0.261799	1.301460	-0.509251	144	21	162	728.214
2.617994	0.961715	0.014085	162	30	119	728.163
0.785398	1.113094	-0.272241	146	159	2	728.146
-0.261799	2.478122	2.609777	17	16	148	728.111
0.261799	1.413430	2.550734	19	6	4	728.002
-2.617994	1.113094	-0.272241	163	19	116	727.925
-1.570796	1.699788	2.452890	14	12	29	727.903
1.832596	1.683268	0.374177	14	22	143	727.840
0.785398	2.063651	-2.044600	14	154	134	727.722
1.047198	1.977582	0.969896	162	20	134	727.670
-0.261799	1.699788	2.452890	142	166	162	727.641
-0.785398	2.033014	2.977192	14	151	10	727.571
1.308997	0.709924	0.218797	19	22	127	727.553
-1.047198	1.113094	-0.272241	160	22	25	727.438
-1.047198	1.599406	1.426070	9	17	132	727.363
2.879793	1.872854	1.543456	27	2	146	727.296
0.261799	0.709924	0.218797	17	149	134	727.274
2.356194	2.247462	0.191623	20	11	143	727.137
0.261799	1.846342	-1.796954	161	24	13	727.115
2.356194	2.396274	-1.959260	8	21	133	727.001
-1.308997	0.910508	1.903534	31	167	15	726.987
1.047198	2.455966	-0.641220	148	163	25	726.977
1.832596	1.869911	2.701025	3	22	29	726.881
1.308997	0.960688	-0.577532	163	17	122	726.836
0.785398	1.683268	0.374177	139	27	147	726.828
0.261799	0.379747	-1.713059	155	23	2	726.777
1.832596	1.134796	2.434290	139	1	2	726.748
2.879793	2.073035	2.027405	166	141	143	726.709
0.000000	2.295480	1.008277	166	31	29	726.652
-0.523599	1.450119	-2.739050	148	160	159	726.604
-2.356194	2.760637	2.781135	8	15	118	726.603
0.000000	2.863997	0.549740	162	26	17	726.523
2.356194	1.135813	-2.658866	11	19	136	726.357
0.785398	1.135813	-2.658866	30	12	149	726.333
-2.356194	1.869911	2.701025	154	153	2	726.171
-1.047198	2.579248	-2.364801	141	8	22	726.120
1.308997	1.413347	-1.339188	157	5	35	726.056
2.356194	2.637879	2.121598	0	24	44	726.049
2.879793	0.850607	-1.335383	148	33	148	726.015
-3.141593	1.506530	1.988858	159	140	147	726.004
0.261799	2.343981	-1.040456	137	5	150	725.939
-2.879793	0.899350	-2.069907	163	165	31	725.794
0.261799	1.732874	-0.951685	149	24	5	725.774
-1.047198	0.685216	-1.712745	157	31	130	725.751
-0.523599	1.374601	-2.456031	152	35	144	725.604
2.094395	0.458961	-0.107937	161	30	136	725.543
-2.879793	1.658653	-2.409879	164	21	125	725.532
-2.617994	0.571433	-1.188419	6	26	126	725.529
-0.261799	1.948085	-2.363031	16	165	134	725.501
-1.832596	1.909857	-0.381669	21	10	130	725.376
-3.141593	1.433411	-1.035986	151	36	12	725.276
1.570796	2.478122	2.609777	159	25	21	725.230
1.832596	2.724429	-0.348782	135	163	16	725.169
1.047198	0.866955	-0.931351	159	8	124	724.988
1.570796	0.674054	1.013609	150	9	11	724.899
0.261799	0.571433	-1.188419	23	16	151	724.892
-1.308997	1.836682	-0.676006	165	24	17	724.812
1.570796	1.134497	-1.109631	23	165	11	724.761
2.094395	0.591903	2.010408	156	161	140	724.729
-0.785398	2.579248	-2.364801	138	2	22	724.725
-2.879793	0.615174	-0.666022	7	141	15	724.579
-2.879793	2.295480	1.008277	6	8	138	724.536
0.523599	0.619654	-2.216909	19	4	142	724.470
-1.047198	0.640596	-2.797608	160	14	35	724.332
2.094395	1.617114	-1.572037	150	154	160	724.250
-1.047198	1.195355	1.200319	32	161	16	724.236
-1.308997	1.184361	0.625864	23	155	4	724.143
2.356194	2.089241	-0.114193	9	30	138	723.796
1.308997	1.741644	-2.695914	146	162	163	723.706
-3.141593	1.195355	1.200319	167	15	129	723.656
1.308997	2.073035	2.027405	15	2	125	723.648
2.356194	2.180315	-1.357379	156	147	154	723.602
2.879793	0.458961	-0.107937	20	1	160	723.601
1.570796	1.045978	0.343692	10	28	124	723.596
1.832596	0.866955	-0.931351	165	11	126	723.570
0.523599	1.433411	-1.035986	146	17	4	723.566
-1.047198	0.929350	-2.910676	143	4	6	723.523
-2.094395	2.984978	1.954446	13	25	120	723.297
0.000000	1.413430	2.550734	145	160	164	723.105
2.879793	1.374601	-2.456031	7	7	140	723.075
-2.879793	2.089241	-0.114193	19	11	155	722.655
-2.879793	1.872854	1.543456	166	148	145	722.654
-0.523599	1.662363	0.915448	161	28	136	722.503
1.047198	1.214854	-1.966664	20	21	134	722.337
-1.308997	1.504028	0.636812	27	156	6	722.237
2.094395	1.510910	-0.740472	157	153	130	722.189
2.094395	1.433411	-1.035986	6	155	24	722.127
-0.523599	2.588535	-2.976617	154	17	15	721.977
-0.261799	2.587733	0.232235	144	158	149	721.654
-2.879793	1.134497	-1.109631	146	27	18	721.610
0.523599	1.741644	-2.695914	141	8	26	721.605
1.308997	1.310100	1.488307	3	149	137	721.604
-0.261799	1.433411	-1.035986	163	140	159	721.564
1.047198	2.073035	2.027405	2	147	133	721.315
-2.094395	0.910508	1.903534	156	154	146	721.214
2.094395	2.456751	-1.503343	151	157	160	721.142
0.523599	2.251330	-2.330739	24	21	139	721.103
1.570796	2.724429	-0.348782	25	20	129	721.085
-2.879793	1.450119	-2.739050	158	154	24	720.778
2.094395	2.724429	-0.348782	144	166	26	720.775
1.308997	0.618092	2.539118	147	162	158	720.746
0.523599	2.393226	1.857173	7	8	136	720.728
0.000000	2.587733	0.232235	146	153	150	720.725
-0.261799	1.135834	-1.431087	162	11	33	720.721
1.047198	1.617114	-1.572037	142	0	5	720.664
-1.047198	1.875281	0.107086	164	33	140	720.635
-0.261799	2.637879	2.121598	164	11	36	720.628
2.879793	1.045978	0.343692	16	4	148	720.619
0.785398	2.379497	0.561089	144	2	156	720.500
1.832596	0.850607	-1.335383	144	12	136	720.470
0.523599	2.863997	0.549740	151	151	145	720.412
1.570796	1.812176	0.656819	153	33	0	720.394
1.308997	0.418037	1.360082	10	166	139	720.379
