112	1.2	0
-2.617994	1.554776	0.100351
-2.698145	1.057406	0.612597
../6s44_monomer_m.pdb	-305.353	125.278	185.491
../6s44_monomer_m.pdb	223.533	160.777	261.895
0.261799	0.419640	2.974122	93	110	104	1013.627
-0.261799	1.904882	-1.478089	16	1	95	949.485
-3.141593	0.850607	-1.335383	100	107	95	949.421
1.047198	2.001437	0.381215	89	11	109	932.956
0.000000	0.640596	-2.797608	95	110	101	929.640
-2.356194	1.417623	-0.202254	98	105	6	928.416
-0.523599	1.904882	-1.478089	18	0	95	910.388
0.261799	0.733948	3.021411	93	111	104	905.500
-0.261799	0.640596	-2.797608	94	0	101	905.375
-1.047198	1.872854	1.543456	84	14	102	893.723
-0.785398	2.063651	-2.044600	100	101	101	889.374
-2.356194	2.247462	0.191623	94	5	13	888.110
-1.047198	1.809167	1.213774	97	103	106	887.809
-2.356194	1.256302	0.062705	98	105	8	884.322
-0.785398	2.396274	-1.959260	102	104	97	869.930
-2.879793	0.866955	-0.931351	100	103	102	869.332
2.094395	0.418037	1.360082	92	108	6	866.998
-2.617994	0.960688	-0.577532	96	106	110	863.399
-0.523599	1.948085	-2.363031	99	101	106	859.976
2.879793	1.135834	-1.431087	100	105	95	858.675
-2.617994	1.256302	0.062705	94	108	8	855.939
-1.832596	1.766067	2.153843	16	23	6	848.574
-2.879793	0.685216	-1.712745	103	109	94	844.624
-0.523599	1.756530	-2.105156	102	100	106	843.904
2.879793	1.545873	-1.877082	105	98	99	842.790
-2.617994	1.554776	0.100351	92	110	8	841.252
-0.523599	0.370812	-2.547742	96	111	100	840.818
-2.356194	1.721184	-0.153948	95	107	6	839.990
1.832596	1.335669	0.897240	15	23	1	828.934
0.000000	2.637879	2.121598	98	105	15	825.158
-2.879793	0.762244	-0.273349	94	107	1	825.138
2.879793	0.866955	-0.931351	97	108	95	824.378
-2.617994	0.762244	-0.273349	95	105	1	822.865
-3.141593	0.615174	-0.666022	96	107	101	819.421
-3.141593	0.866955	-0.931351	97	107	99	818.767
-1.308997	2.001437	0.381215	85	9	109	818.248
-2.617994	0.850607	-1.335383	100	106	100	815.060
-2.356194	0.960688	-0.577532	97	104	0	813.364
-1.832596	2.073035	2.027405	11	23	8	809.648
-2.617994	1.113094	-0.272241	96	105	3	808.092
0.000000	2.356369	3.005869	100	103	108	807.355
-2.879793	2.164094	-2.991358	23	96	106	807.055
-2.094395	1.766067	2.153843	16	23	3	805.842
2.879793	0.290380	-0.796960	97	0	96	802.644
-2.617994	0.571433	-1.188419	101	105	100	802.101
0.261799	2.588535	-2.976617	101	104	105	801.682
-0.261799	1.014500	0.906702	9	8	15	799.264
-0.261799	1.948085	-2.363031	102	100	106	798.414
1.047198	1.756530	-2.105156	111	9	93	797.263
-1.832596	1.506530	1.988858	17	21	5	797.029
-3.141593	1.135834	-1.431087	102	105	95	795.482
2.356194	2.396274	-1.959260	97	96	111	794.623
-2.879793	1.135834	-1.431087	103	104	98	793.591
-2.356194	0.571433	-1.188419	102	104	100	792.910
-2.356194	0.866955	-0.931351	96	107	106	792.113
-3.141593	0.961715	0.014085	93	107	4	791.558
1.047198	2.115563	0.685730	90	12	110	787.503
2.617994	1.374601	-2.456031	11	2	93	787.357
-1.308997	2.108018	1.311430	86	18	102	786.914
-0.785398	1.766067	2.153843	88	3	95	786.883
2.094395	2.108018	1.311430	92	1	108	786.789
2.617994	2.299159	2.264663	92	2	0	786.455
1.832596	2.295480	1.008277	92	1	110	786.133
0.261799	1.875281	0.107086	6	15	15	785.246
-2.617994	1.301460	-0.509251	95	106	0	784.240
-1.308997	2.863997	0.549740	102	101	11	783.868
1.832596	0.418037	1.360082	90	0	6	782.737
1.308997	1.335669	0.897240	99	5	97	782.513
-2.879793	0.571433	-1.188419	98	109	97	782.511
-2.356194	0.618092	2.539118	100	111	100	782.385
-1.832596	0.685216	-1.712745	101	111	96	780.636
1.308997	0.866395	-2.492918	11	91	98	780.340
-1.047198	2.396274	-1.959260	105	99	96	779.759
0.000000	0.929350	-2.910676	94	0	101	779.052
-0.261799	1.504028	0.636812	10	3	16	778.994
-0.523599	0.080730	-2.622036	95	106	106	777.666
-0.261799	1.617114	-1.572037	15	111	94	776.221
2.617994	1.195355	1.200319	88	104	103	775.534
2.617994	2.041297	-2.664597	93	109	104	775.446
2.356194	2.073035	2.027405	93	3	106	774.936
1.308997	0.418037	1.360082	92	3	100	774.918
2.879793	1.128190	-2.288622	108	101	95	774.152
-1.570796	0.379747	-1.713059	98	109	98	773.932
2.879793	2.343981	-1.040456	94	106	12	771.548
-0.785398	1.948085	-2.363031	100	102	101	771.319
1.047198	0.619654	-2.216909	13	91	98	770.997
1.570796	1.045978	0.343692	97	23	12	768.937
0.785398	1.510910	-0.740472	89	11	4	768.906
-0.785398	1.662363	0.915448	8	109	19	767.844
2.356194	2.456751	-1.503343	90	110	13	766.891
2.617994	1.766067	2.153843	94	2	105	766.377
-0.261799	1.545873	-1.877082	14	5	93	765.933
0.000000	1.242974	-2.977882	98	110	13	763.618
2.356194	2.063651	-2.044600	98	96	106	763.056
1.047198	0.297065	2.160177	92	109	107	762.998
-2.617994	0.866955	-0.931351	100	104	102	762.339
-1.570796	1.448123	-2.163292	23	110	96	761.784
2.094395	1.135813	-2.658866	15	92	97	760.937
2.356194	1.135813	-2.658866	17	87	100	760.917
1.832596	0.674054	1.013609	89	1	102	759.164
2.879793	1.214854	-1.966664	106	100	96	758.824
-1.047198	1.948085	-2.363031	97	102	102	758.289
1.047198	2.063651	-2.044600	109	10	94	758.088
1.047198	1.658653	-2.409879	110	5	93	757.923
-0.261799	1.335669	0.897240	8	5	16	757.840
-2.879793	1.194549	-0.801900	101	100	105	756.363
-2.356194	0.615174	-0.666022	96	105	109	756.328
2.356194	1.242974	-2.977882	20	94	103	755.660
-2.879793	1.256302	0.062705	91	111	7	755.531
-1.308997	1.448123	-2.163292	21	0	96	754.407
-2.094395	2.247462	0.191623	95	2	13	753.668
1.308997	2.379497	0.561089	90	7	3	753.473
-2.094395	1.256302	0.062705	100	104	8	753.446
2.617994	2.456751	-1.503343	93	108	13	753.128
-0.785398	2.041297	-2.664597	108	105	87	752.910
-0.261799	1.741644	-2.695914	101	99	3	752.430
0.000000	1.846342	-1.796954	14	8	94	752.391
-1.832596	1.440580	2.260026	18	23	3	752.254
-3.141593	1.433411	-1.035986	97	102	108	751.543
2.094395	2.041297	-2.664597	100	93	2	751.030
0.523599	1.836682	-0.676006	90	14	6	751.006
2.617994	0.496451	0.593859	91	110	6	750.770
-1.047198	0.864993	2.278281	4	9	91	750.188
-0.523599	1.545873	-1.877082	16	6	93	749.739
2.879793	1.194549	-0.801900	96	104	100	749.459
1.832596	1.135813	-2.658866	12	91	97	748.689
-2.617994	1.417623	-0.202254	95	107	6	748.543
2.356194	2.393226	1.857173	92	1	2	747.647
-1.047198	2.138223	1.678323	86	14	98	747.624
2.356194	1.736875	3.023612	96	107	103	747.570
1.832596	0.700570	1.559208	91	110	10	747.398
-0.523599	2.704512	1.488683	90	6	9	747.303
-2.356194	2.187132	-0.479875	103	96	108	746.742
0.523599	2.760637	2.781135	94	104	12	746.226
-0.785398	2.251330	-2.330739	102	103	98	745.018
-3.141593	1.134497	-1.109631	97	103	104	744.538
-1.047198	2.356369	3.005869	110	3	84	744.387
-2.617994	1.367556	0.358405	96	108	12	743.448
-2.879793	1.417623	-0.202254	95	107	8	742.279
1.308997	0.619654	-2.216909	14	90	97	741.387
-2.617994	1.194549	-0.801900	95	107	109	741.271
2.617994	2.343981	-1.040456	90	108	11	740.276
-0.523599	2.063651	-2.044600	102	100	102	738.485
2.356194	2.863997	0.549740	8	28	0	738.395
-2.356194	1.554776	0.100351	98	104	9	738.124
-0.261799	2.001437	0.381215	91	100	2	737.772
0.000000	0.458961	-0.107937	94	107	100	737.544
1.832596	2.637879	2.121598	95	105	4	737.475
2.617994	1.045978	0.343692	93	108	93	737.381
-3.141593	1.325504	-1.671296	103	103	97	736.632
-2.879793	1.325504	-1.671296	105	103	97	736.457
2.094395	1.128190	-2.288622	13	89	95	735.500
-2.879793	1.113094	-0.272241	93	107	4	735.087
1.832596	2.108018	1.311430	91	4	108	733.638
1.570796	1.809167	1.213774	100	1	99	733.550
-1.047198	2.153910	-1.714959	94	103	103	733.382
-1.832596	1.869911	2.701025	91	108	104	732.758
2.879793	1.658653	-2.409879	20	4	95	732.529
-2.356194	1.875281	0.107086	94	108	9	732.134
-0.785398	1.809167	1.213774	3	110	21	731.663
1.308997	1.310100	1.488307	103	7	95	731.155
-0.785398	1.998705	2.370472	94	3	91	730.806
-1.308997	1.374601	-2.456031	20	2	96	730.137
-1.047198	1.658653	-2.409879	4	22	95	729.909
2.879793	2.478122	2.609777	92	1	2	729.656
2.094395	2.456751	-1.503343	88	0	13	729.134
-0.261799	1.846342	-1.796954	14	3	94	728.869
-2.879793	0.961715	0.014085	93	107	5	728.429
-2.617994	1.134497	-1.109631	101	103	102	728.304
1.832596	2.579248	-2.364801	94	98	4	728.222
-3.141593	1.699788	2.452890	101	107	101	728.206
-3.141593	2.343981	-1.040456	98	102	12	727.814
1.570796	0.831641	0.616218	95	21	13	727.747
2.617994	0.831641	0.616218	93	108	93	726.826
1.832596	2.456751	-1.503343	85	3	12	726.578
2.879793	0.850607	-1.335383	101	109	91	726.520
-2.094395	1.721184	-0.153948	97	105	5	726.435
2.356194	2.719179	-1.780644	88	2	0	726.328
0.523599	1.448123	-2.163292	9	9	92	725.519
-1.832596	2.247462	0.191623	100	5	92	725.404
-0.523599	1.488617	1.159546	6	3	19	725.129
1.047198	0.674054	1.013609	95	20	13	725.094
-2.879793	2.108018	1.311430	5	18	16	725.013
-2.356194	1.194549	-0.801900	97	106	109	723.976
-2.879793	0.992645	-1.723759	104	107	94	723.836
2.094395	2.153910	-1.714959	24	0	99	723.742
-2.879793	0.850607	-1.335383	102	106	97	723.705
-3.141593	2.180315	-1.357379	90	5	104	723.441
-0.785398	2.407836	1.410646	91	10	12	723.338
-1.308997	1.128190	-2.288622	18	0	93	722.804
-2.879793	1.904882	-1.478089	95	109	101	722.790
2.617994	1.184361	0.625864	91	105	98	722.746
-2.094395	1.875281	0.107086	97	105	8	722.718
-3.141593	1.194549	-0.801900	98	101	105	722.302
1.308997	2.115563	0.685730	3	13	18	722.245
-3.141593	2.979456	-1.009304	89	1	4	722.199
2.879793	0.615174	-0.666022	95	109	98	722.025
-2.094395	1.904882	-1.478089	8	14	16	722.019
0.523599	0.290380	-0.796960	94	102	111	721.937
0.785398	0.850607	-1.335383	94	103	111	721.793
2.094395	0.866395	-2.492918	15	89	96	721.698
-2.356194	1.301460	-0.509251	98	103	0	721.413
2.356194	1.869911	2.701025	97	105	105	721.379
-0.523599	2.115563	0.685730	85	107	109	721.321
2.356194	0.929350	-2.910676	17	86	101	721.173
-3.141593	0.929350	-2.910676	93	110	1	721.053
-0.785398	1.699788	2.452890	90	1	92	720.347
-0.261799	2.637879	2.121598	96	107	15	719.443
2.356194	2.174483	2.653697	97	105	109	719.369
-1.047198	1.599406	1.426070	96	102	110	719.281
0.000000	1.504028	0.636812	1	7	90	718.693
-1.308997	1.766067	2.153843	91	12	93	718.284
-0.523599	1.982574	-1.115518	22	109	97	718.136
-2.879793	2.984978	1.954446	0	16	23	717.656
-2.356194	1.391910	3.030322	27	105	103	717.656
2.094395	0.685216	-1.712745	107	105	87	717.501
-2.617994	0.910508	1.903534	86	1	110	716.491
-1.047198	2.456751	-1.503343	96	105	98	716.473
-0.523599	2.251330	-2.330739	99	102	102	716.427
0.523599	0.297065	2.160177	94	4	97	716.377
-1.047198	2.251330	-2.330739	99	104	98	715.687
1.570796	0.640596	-2.797608	12	89	99	715.443
0.785398	1.301460	-0.509251	95	107	99	715.266
-0.261799	1.696674	-1.253233	21	111	97	715.175
-1.570796	2.247462	0.191623	100	5	91	714.625
0.000000	1.184361	0.625864	12	7	15	713.686
-1.047198	2.108018	1.311430	84	14	101	713.392
-0.523599	2.001437	0.381215	87	104	3	712.959
-0.261799	2.760637	2.781135	101	103	103	712.946
2.094395	0.929350	-2.910676	14	85	101	712.720
2.879793	2.153910	-1.714959	93	1	101	712.110
1.570796	2.881233	-2.582574	87	3	3	711.628
0.000000	2.349581	-2.702517	103	99	105	711.477
1.570796	0.571433	-1.188419	107	110	85	711.186
0.000000	2.108018	1.311430	105	111	18	711.077
2.879793	1.134497	-1.109631	97	104	98	710.807
0.000000	0.850607	-1.335383	18	100	98	710.670
-1.308997	0.899350	-2.069907	103	4	93	710.427
-3.141593	0.571433	-1.188419	101	110	92	710.251
1.570796	0.418037	1.360082	104	93	2	710.136
2.617994	2.979456	-1.009304	14	11	90	710.102
2.617994	1.448123	-2.163292	102	97	101	710.076
-2.617994	1.433411	-1.035986	103	100	103	710.025
-1.832596	0.910508	1.903534	22	13	11	709.904
0.785398	2.760637	2.781135	88	5	5	709.062
2.356194	0.674054	1.013609	92	109	9	708.911
-1.570796	1.128190	-2.288622	20	109	93	708.818
-3.141593	2.033014	2.977192	22	94	108	708.537
0.785398	1.606104	-0.451151	88	10	1	708.193
-1.047198	2.180315	-1.357379	93	106	102	707.971
0.785398	0.571433	-1.188419	95	102	109	707.863
1.047198	0.960688	-0.577532	98	104	100	707.462
-3.141593	1.214854	-1.966664	104	105	95	707.408
-1.832596	1.504028	0.636812	0	103	17	707.259
2.879793	0.496451	0.593859	92	106	4	707.142
-1.832596	2.001437	0.381215	97	0	14	706.858
-3.141593	2.396274	-1.959260	99	103	8	706.724
2.879793	1.948085	-2.363031	23	95	103	706.380
-1.308997	0.379747	-1.713059	96	107	104	705.962
0.523599	0.618092	2.539118	91	0	107	705.861
-2.617994	0.297065	2.160177	89	1	105	705.310
-0.523599	1.195355	1.200319	7	6	18	704.929
-1.308997	2.295480	1.008277	99	107	102	704.141
0.785398	1.875281	0.107086	96	2	94	704.123
2.617994	0.762244	-0.273349	92	109	103	703.803
2.356194	1.168678	2.108595	87	105	105	703.655
1.570796	1.335669	0.897240	9	12	90	703.543
-0.523599	1.875281	0.107086	91	102	6	703.338
-0.785398	2.180315	-1.357379	23	111	98	702.956
-0.261799	0.458961	-0.107937	93	102	106	702.700
2.356194	1.510910	-0.740472	92	104	96	702.398
-2.356194	1.113094	-0.272241	98	105	5	702.206
2.617994	2.115563	0.685730	4	3	18	702.110
2.356194	2.343981	-1.040456	87	111	10	702.024
-1.308997	0.685216	-1.712745	102	107	96	702.023
-2.356194	0.961715	0.014085	98	105	8	701.581
0.785398	0.379747	-1.713059	17	93	99	700.999
1.570796	2.115563	0.685730	88	4	111	700.974
-3.141593	1.440580	2.260026	102	108	100	700.935
-1.832596	1.812176	0.656819	97	2	14	700.801
-1.832596	1.134796	2.434290	21	19	10	700.603
-0.785398	2.637879	2.121598	99	104	104	700.367
2.879793	1.870545	-2.976234	20	90	104	699.614
1.308997	1.184361	0.625864	100	2	96	699.351
-1.047198	1.413430	2.550734	89	111	95	698.749
1.570796	0.866395	-2.492918	13	90	98	697.854
0.523599	1.214854	-1.966664	11	6	91	697.800
1.570796	1.977582	0.969896	93	1	107	697.780
-1.047198	2.407836	1.410646	102	108	20	697.553
-3.141593	1.134796	2.434290	6	111	18	697.446
0.000000	1.325504	-1.671296	14	2	91	696.954
-2.617994	1.721184	-0.153948	91	110	6	696.727
-1.047198	2.349581	-2.702517	110	107	87	696.271
-0.785398	2.343981	-1.040456	94	101	107	695.634
-0.261799	0.866395	-2.492918	96	111	99	695.055
-2.617994	2.984978	1.954446	109	18	24	694.254
-2.094395	1.417623	-0.202254	99	104	5	693.988
1.308997	1.812176	0.656819	2	17	16	693.863
0.785398	0.458961	-0.107937	19	26	104	693.682
-1.832596	1.699788	2.452890	17	25	3	693.391
2.879793	1.617114	-1.572037	102	97	102	693.358
-1.308997	0.850607	-1.335383	97	108	102	693.234
2.356194	2.153910	-1.714959	20	106	98	693.103
2.356194	2.295480	1.008277	2	6	19	693.046
2.879793	2.979456	-1.009304	13	13	91	692.972
2.094395	0.496451	0.593859	92	110	101	692.796
1.832596	0.203748	0.590255	96	2	95	692.620
2.879793	1.242974	-2.977882	96	0	99	692.378
0.785398	0.866395	-2.492918	109	8	90	692.319
-1.832596	0.297065	2.160177	98	5	99	692.157
-2.617994	2.247462	0.191623	92	7	13	692.140
-2.617994	2.724429	-0.348782	89	1	4	692.042
-2.879793	1.134796	2.434290	93	106	110	691.981
0.523599	1.488617	1.159546	5	17	18	691.628
2.617994	1.242974	-2.977882	23	97	104	691.535
-2.094395	1.168678	2.108595	18	20	6	691.531
-1.832596	0.591903	2.010408	101	0	98	691.519
-2.879793	1.433411	-1.035986	100	101	108	691.407
2.617994	0.866955	-0.931351	95	110	95	691.392
2.879793	1.699788	2.452890	100	107	102	691.242
2.094395	2.295480	1.008277	107	18	21	691.194
2.617994	0.615174	-0.666022	97	111	92	690.956
0.261799	0.290380	-0.796960	91	104	111	690.856
-1.570796	1.214854	-1.966664	106	3	93	690.600
2.356194	1.824694	1.850876	90	5	107	690.454
2.879793	1.569311	-3.003978	23	95	104	690.374
-1.570796	0.418037	1.360082	95	103	104	690.189
-1.570796	0.685216	-1.712745	101	110	95	690.104
1.832596	1.488617	1.159546	15	23	2	689.734
-2.356194	2.404280	-0.174044	94	1	11	689.615
1.047198	0.700570	1.559208	90	6	101	689.432
-1.047198	2.295480	1.008277	107	106	19	688.681
-3.141593	2.164094	-2.991358	20	92	104	688.602
-2.356194	1.367556	0.358405	99	106	12	688.499
-3.141593	2.456751	-1.503343	101	101	11	688.445
0.261799	1.050534	3.042579	92	1	103	688.415
-0.785398	1.045978	0.343692	89	3	13	688.289
1.832596	0.640596	-2.797608	15	87	100	687.710
0.523599	0.619654	-2.216909	1	7	87	687.305
0.785398	0.496451	0.593859	100	27	6	687.020
-1.570796	2.587733	0.232235	108	97	12	686.421
0.523599	0.615174	-0.666022	96	99	108	686.376
0.785398	0.685216	-1.712745	15	95	95	686.065
-1.047198	1.766067	2.153843	88	7	94	685.886
-0.261799	0.906588	1.252948	105	11	96	685.218
-3.141593	0.709924	0.218797	91	110	7	685.186
-0.785398	1.448123	-2.163292	15	6	93	684.979
-1.570796	1.504028	0.636812	1	104	17	684.529
-2.356194	1.506530	1.988858	15	15	14	684.461
-2.617994	2.404280	-0.174044	92	5	10	684.329
-2.617994	2.455966	-0.641220	103	95	108	684.284
-3.141593	0.960688	-0.577532	96	103	103	684.014
-0.261799	2.251330	-2.330739	102	101	102	683.670
-1.047198	1.045978	0.343692	89	5	13	683.314
-0.261799	1.870545	-2.976234	102	99	0	683.023
-0.785398	1.824694	1.850876	84	8	97	682.938
1.308997	1.756530	-2.105156	110	8	93	682.786
-0.785398	1.014500	0.906702	9	10	16	682.451
-2.094395	1.554776	0.100351	97	105	8	682.184
1.047198	0.899350	-2.069907	12	94	95	681.415
-2.094395	1.606104	-0.451151	96	106	0	681.315
-2.879793	1.756530	-2.105156	17	8	93	681.132
-1.308997	2.396274	-1.959260	95	103	99	681.087
-1.832596	0.640596	-2.797608	111	6	91	680.944
-1.832596	0.418037	1.360082	90	1	102	680.877
-1.047198	2.115563	0.685730	111	105	18	680.617
1.047198	0.591903	2.010408	91	111	110	680.521
-1.570796	0.899350	-2.069907	104	2	95	680.502
-0.785398	0.370812	-2.547742	95	0	101	679.900
-2.879793	1.301460	-0.509251	95	106	5	679.746
-2.617994	2.089241	-0.114193	92	3	10	679.599
0.000000	1.135813	-2.658866	96	110	12	679.327
2.617994	1.310100	1.488307	9	2	16	678.802
-1.570796	0.458961	-0.107937	101	103	8	678.605
2.617994	0.929350	-2.910676	21	88	102	678.521
2.879793	2.063651	-2.044600	92	110	105	678.502
-2.356194	0.850607	-1.335383	101	108	97	678.366
2.617994	1.870545	-2.976234	95	109	102	678.256
-2.879793	1.134497	-1.109631	98	104	102	677.465
-0.261799	2.393226	1.857173	99	108	18	677.182
2.879793	1.413347	-1.339188	98	102	98	676.699
2.094395	1.736875	3.023612	93	106	106	676.305
2.617994	1.741644	-2.695914	21	2	98	676.136
-3.141593	0.992645	-1.723759	104	107	92	676.043
-2.617994	0.961715	0.014085	94	109	8	676.034
-1.832596	2.115563	0.685730	93	7	12	675.954
2.356194	1.440580	2.260026	94	8	102	675.867
2.356194	1.374601	-2.456031	11	0	92	675.697
1.570796	1.599406	1.426070	102	3	97	675.575
-1.308997	1.135834	-1.431087	98	109	101	675.092
-2.879793	0.458961	-0.107937	93	107	111	674.762
2.094395	2.063651	-2.044600	25	1	102	674.355
2.617994	1.617114	-1.572037	100	97	103	674.300
0.523599	1.756530	-2.105156	7	12	92	674.048
0.785398	1.335669	0.897240	1	5	19	673.179
0.000000	2.138223	1.678323	104	109	20	672.848
2.094395	0.674054	1.013609	91	0	9	672.469
-1.308997	0.080730	-2.622036	95	6	96	672.195
-0.785398	1.756530	-2.105156	95	102	111	671.950
-0.785398	1.872854	1.543456	83	5	103	671.900
1.047198	0.850607	-1.335383	97	101	111	671.849
-0.523599	0.906588	1.252948	107	11	96	671.505
2.879793	1.050534	3.042579	98	1	97	671.413
-2.879793	0.615174	-0.666022	97	105	102	671.229
-0.523599	1.977582	0.969896	86	110	105	671.215
-0.785398	0.203748	0.590255	97	101	106	671.169
0.261799	1.846342	-1.796954	13	8	94	671.101
-2.617994	1.599406	1.426070	97	98	7	670.835
-2.094395	0.866955	-0.931351	96	107	103	670.285
0.261799	1.683268	0.374177	6	16	16	670.082
2.879793	1.218453	2.777284	99	111	99	669.919
0.000000	2.984978	1.954446	100	101	11	669.831
-0.523599	0.899350	-2.069907	88	11	100	669.671
2.617994	1.699788	2.452890	94	5	103	669.648
-2.617994	1.413347	-1.339188	9	11	88	669.629
2.094395	1.977582	0.969896	108	15	21	669.614
-0.261799	1.812176	0.656819	88	104	1	669.423
-1.570796	0.700570	1.559208	15	4	14	669.095
-1.308997	0.619654	-2.216909	100	4	94	668.861
-2.094395	0.591903	2.010408	100	2	98	668.826
-3.141593	1.846342	-1.796954	94	0	99	668.381
1.832596	2.587733	0.232235	10	28	2	668.375
2.094395	2.379497	0.561089	12	25	5	668.273
-2.879793	2.180315	-1.357379	7	10	94	668.192
-2.356194	0.290380	-0.796960	95	106	104	668.167
-0.523599	1.846342	-1.796954	15	1	94	667.643
2.094395	0.203748	0.590255	96	0	95	667.417
0.000000	1.134497	-1.109631	15	97	93	667.404
-2.356194	1.909857	-0.381669	95	106	4	667.291
-0.523599	1.809167	1.213774	85	111	104	667.052
-0.261799	2.108018	1.311430	108	109	19	667.023
0.261799	1.448123	-2.163292	11	10	93	666.874
2.094395	2.407836	1.410646	93	0	0	666.861
1.047198	1.014500	0.906702	99	23	17	666.457
1.570796	1.504028	0.636812	99	2	96	666.369
0.785398	1.554776	0.100351	99	110	95	666.232
-0.523599	2.247462	0.191623	91	109	101	666.045
2.356194	0.496451	0.593859	91	1	7	666.023
-0.785398	2.379497	0.561089	3	100	16	665.878
-0.785398	2.295480	1.008277	81	3	106	665.632
2.356194	1.506530	1.988858	93	6	103	665.491
2.617994	1.977582	0.969896	3	3	19	665.478
2.356194	1.488617	1.159546	111	12	18	665.377
-0.785398	0.080730	-2.622036	93	111	103	665.278
-2.879793	1.214854	-1.966664	107	105	95	665.159
0.000000	0.419640	2.974122	96	109	101	664.991
2.879793	2.456751	-1.503343	97	104	13	664.891
-1.308997	0.591903	2.010408	23	24	111	664.676
-0.261799	2.295480	1.008277	111	106	18	664.554
2.356194	0.709924	0.218797	91	1	94	664.526
-0.785398	1.869911	2.701025	95	0	90	664.226
-2.617994	1.325504	-1.671296	107	103	97	663.979
-2.356194	0.379747	-1.713059	100	111	95	663.754
-2.879793	2.393226	1.857173	11	22	13	663.651
-3.141593	1.184361	0.625864	9	97	93	663.397
0.785398	1.448123	-2.163292	8	10	92	663.245
2.879793	2.041297	-2.664597	94	107	104	663.184
0.785398	1.696674	-1.253233	95	107	100	663.086
2.617994	0.458961	-0.107937	95	111	95	662.657
2.879793	1.869911	2.701025	21	94	111	662.518
2.879793	1.433411	-1.035986	97	100	102	662.479
0.785398	0.866955	-0.931351	96	101	107	662.353
-1.308997	2.247462	0.191623	100	4	91	662.344
-2.617994	1.875281	0.107086	91	0	10	662.335
1.308997	0.700570	1.559208	89	4	102	662.021
2.879793	1.741644	-2.695914	22	4	98	662.010
1.047198	0.762244	-0.273349	101	105	97	662.006
1.570796	2.295480	1.008277	91	3	1	661.971
-2.356194	2.073035	2.027405	19	20	6	661.828
2.879793	1.310100	1.488307	10	1	16	661.780
-1.047198	2.592629	0.909713	92	6	12	661.727
2.356194	1.195355	1.200319	86	110	100	661.646
0.000000	1.545873	-1.877082	12	6	92	661.259
-0.261799	0.929350	-2.910676	93	3	101	661.222
-1.047198	0.203748	0.590255	90	2	103	661.207
2.879793	2.089241	-0.114193	88	14	8	661.110
2.879793	1.448123	-2.163292	106	99	98	661.000
-2.094395	1.367556	0.358405	107	100	13	660.984
-3.141593	2.138223	1.678323	19	17	7	660.904
2.094395	0.709924	0.218797	93	19	10	660.450
2.617994	1.335669	0.897240	89	105	101	660.096
-1.832596	0.700570	1.559208	14	3	13	659.734
-1.047198	1.699788	2.452890	92	3	92	659.667
2.879793	1.599406	1.426070	13	2	14	659.497
-0.523599	2.984978	1.954446	94	105	13	659.485
-1.570796	1.998705	2.370472	11	26	5	659.328
-2.356194	2.089241	-0.114193	97	110	13	659.260
2.356194	2.592629	0.909713	11	25	7	659.117
0.523599	0.929350	-2.910676	109	11	92	659.083
1.832596	1.569311	-3.003978	91	110	103	658.997
-0.785398	2.108018	1.311430	87	3	101	658.936
-3.141593	1.450119	-2.739050	24	98	100	658.908
-1.570796	1.812176	0.656819	98	0	15	658.741
-0.523599	0.496451	0.593859	97	107	98	658.719
-1.047198	1.824694	1.850876	86	11	96	658.698
2.356194	1.766067	2.153843	94	7	101	658.363
2.617994	2.063651	-2.044600	103	92	111	658.232
-2.094395	2.637879	2.121598	5	10	88	657.910
0.261799	0.929350	-2.910676	110	15	92	657.849
1.832596	2.407836	1.410646	91	3	1	657.824
0.523599	1.413347	-1.339188	14	97	97	657.549
-1.308997	2.349581	-2.702517	107	106	87	657.339
-3.141593	1.413430	2.550734	102	107	99	657.315
1.047198	1.812176	0.656819	89	12	107	657.220
2.879793	1.809167	1.213774	1	14	18	657.084
0.261799	2.478122	2.609777	93	109	15	657.066
1.047198	1.367556	0.358405	95	7	98	656.779
-0.785398	1.812176	0.656819	9	106	18	656.690
2.356194	1.948085	-2.363031	102	92	109	656.462
-0.523599	1.014500	0.906702	15	20	10	656.340
-2.617994	2.180315	-1.357379	12	14	94	656.286
0.261799	0.850607	-1.335383	17	99	96	656.271
0.523599	1.569311	-3.003978	96	110	101	656.099
2.879793	0.906588	1.252948	92	101	99	656.047
-3.141593	0.866395	-2.492918	98	109	99	655.929
-0.785398	2.073035	2.027405	89	7	94	655.859
2.617994	1.128190	-2.288622	108	99	94	655.750
0.000000	2.407836	1.410646	107	105	17	655.618
1.832596	2.115563	0.685730	109	18	19	655.479
2.879793	1.450119	-2.739050	94	110	102	655.336
2.356194	2.356369	3.005869	96	105	108	655.272
-0.785398	0.496451	0.593859	96	103	101	655.222
-2.617994	2.073035	2.027405	14	19	13	655.158
1.832596	1.699788	2.452890	93	108	106	654.883
-2.617994	2.393226	1.857173	14	22	9	654.795
1.308997	0.496451	0.593859	96	23	10	654.285
2.879793	1.998705	2.370472	92	1	110	654.119
-0.785398	2.138223	1.678323	88	6	97	654.106
1.047198	0.831641	0.616218	101	26	12	654.078
0.785398	0.297065	2.160177	95	1	97	653.663
-1.570796	0.992645	-1.723759	103	1	93	653.491
-0.523599	1.662363	0.915448	6	0	19	653.440
-0.523599	2.295480	1.008277	1	102	17	653.287
-2.879793	1.872854	1.543456	95	100	14	653.191
0.000000	1.448123	-2.163292	96	105	2	652.945
0.785398	2.592629	0.909713	94	98	104	652.834
0.523599	1.736875	3.023612	95	108	106	652.717
-2.617994	1.168678	2.108595	18	110	95	652.716
-2.617994	0.458961	-0.107937	92	106	110	652.552
-1.308997	2.115563	0.685730	109	104	17	652.463
-0.785398	1.741644	-2.695914	104	102	89	652.234
-2.356194	1.510910	-0.740472	98	104	0	652.163
2.356194	1.569311	-3.003978	14	85	102	651.916
-1.570796	0.733948	3.021411	0	10	92	651.826
-2.094395	2.073035	2.027405	15	23	5	651.812
-1.308997	1.977582	0.969896	88	10	100	651.738
-2.617994	1.310100	1.488307	87	3	102	651.684
1.570796	2.379497	0.561089	111	19	19	651.676
-1.047198	1.756530	-2.105156	7	20	93	651.655
-1.047198	1.545873	-1.877082	110	23	16	651.558
1.570796	2.704512	1.488683	19	98	11	651.519
-0.523599	2.187132	-0.479875	92	104	107	650.763
2.094395	1.168678	2.108595	99	10	98	650.751
2.356194	1.756530	-2.105156	99	97	101	650.673
0.261799	0.458961	-0.107937	96	106	100	650.602
-1.308997	1.214854	-1.966664	106	4	92	650.451
-0.785398	0.850607	-1.335383	100	107	16	650.338
-1.047198	2.984978	1.954446	100	106	101	650.330
2.356194	1.846342	-1.796954	96	98	100	650.262
-2.094395	1.134796	2.434290	21	17	10	650.141
1.832596	0.914445	2.687814	85	0	101	650.103
-0.785398	0.418037	1.360082	23	24	109	649.934
1.308997	1.846342	-1.796954	1	11	93	649.794
-1.832596	0.992645	-1.723759	103	1	93	649.571
-2.094395	0.615174	-0.666022	100	103	1	649.410
-1.832596	2.760637	2.781135	3	15	24	649.217
-0.785398	2.592629	0.909713	80	3	103	649.165
2.094395	0.733948	3.021411	104	103	15	648.788
2.356194	1.870545	-2.976234	97	103	106	648.630
-3.141593	0.290380	-0.796960	99	110	95	648.560
0.261799	1.413347	-1.339188	14	97	96	648.519
2.617994	1.809167	1.213774	0	15	17	648.446
2.356194	2.349581	-2.702517	94	107	108	648.379
-1.832596	1.335669	0.897240	3	105	18	648.039
1.832596	1.977582	0.969896	110	14	20	647.754
-0.523599	1.812176	0.656819	86	108	2	647.679
2.356194	0.910508	1.903534	88	104	104	647.544
-1.832596	1.134497	-1.109631	98	104	108	647.488
2.094395	2.704512	1.488683	93	1	6	647.444
0.261799	0.615174	-0.666022	92	103	107	647.299
1.570796	1.741644	-2.695914	88	3	103	647.128
-3.141593	1.545873	-1.877082	15	7	91	647.128
1.047198	1.301460	-0.509251	97	104	100	647.047
-1.047198	1.977582	0.969896	110	108	20	646.899
-2.094395	1.025536	1.576859	11	108	17	646.804
2.617994	1.756530	-2.105156	104	95	101	646.638
-0.261799	1.658653	-2.409879	100	99	3	646.633
-3.141593	1.113094	-0.272241	91	109	4	646.373
2.094395	1.599406	1.426070	86	110	107	646.304
-0.261799	1.982574	-1.115518	19	0	96	646.232
-0.523599	1.555207	1.708892	102	18	20	646.156
1.047198	0.496451	0.593859	97	26	7	646.004
1.047198	1.909857	-0.381669	97	106	97	645.906
0.261799	0.297065	2.160177	95	6	98	645.842
1.047198	1.113094	-0.272241	99	107	96	645.784
-1.308997	2.251330	-2.330739	95	103	100	645.558
-1.047198	2.001437	0.381215	84	6	109	645.519
-0.785398	1.658653	-2.409879	1	21	95	645.118
2.094395	1.448123	-2.163292	92	12	9	645.108
2.617994	2.033014	2.977192	98	104	106	645.074
2.094395	1.658653	-2.409879	89	0	104	644.995
0.000000	2.001437	0.381215	15	12	15	644.851
2.356194	1.025536	1.576859	86	110	100	644.820
2.356194	1.335669	0.897240	87	108	101	644.768
2.356194	1.448123	-2.163292	93	9	10	644.760
-0.785398	0.709924	0.218797	88	105	103	644.554
-0.785398	1.977582	0.969896	85	3	105	644.450
1.047198	0.685216	-1.712745	16	91	97	644.404
1.832596	0.866395	-2.492918	15	90	98	644.287
1.570796	1.488617	1.159546	101	5	95	644.270
0.785398	2.001437	0.381215	3	17	17	644.257
2.617994	1.545873	-1.877082	101	97	103	644.193
-1.570796	0.850607	-1.335383	97	108	103	644.039
-0.261799	2.164094	-2.991358	101	100	107	644.030
2.617994	2.393226	1.857173	97	106	4	643.806
-0.261799	2.104282	-0.813972	21	102	102	643.723
-1.832596	0.203748	0.590255	107	105	16	643.691
1.308997	1.045978	0.343692	100	25	12	643.510
-2.094395	0.850607	-1.335383	104	103	98	643.496
2.879793	2.033014	2.977192	21	92	108	643.385
-1.308997	1.658653	-2.409879	6	22	95	643.184
-1.047198	2.063651	-2.044600	98	102	100	643.153
-1.570796	1.335669	0.897240	3	106	17	643.126
-0.785398	1.846342	-1.796954	94	103	110	642.943
2.617994	1.214854	-1.966664	102	100	96	642.933
1.047198	1.554776	0.100351	95	109	1	642.738
2.094395	2.251330	-2.330739	97	95	111	642.522
-1.308997	0.297065	2.160177	20	26	106	642.453
1.570796	2.108018	1.311430	89	4	110	642.240
-1.832596	2.299159	2.264663	12	25	2	641.980
2.617994	2.073035	2.027405	93	1	106	641.929
-2.879793	1.599406	1.426070	7	13	17	641.886
0.785398	0.674054	1.013609	97	23	12	641.734
-0.523599	1.440580	2.260026	87	107	99	641.474
2.356194	0.831641	0.616218	92	111	93	641.407
2.617994	2.396274	-1.959260	21	99	102	641.167
0.261799	1.135813	-2.658866	111	15	92	641.159
-1.308997	2.356369	3.005869	109	2	85	641.026
-3.141593	0.203748	0.590255	94	104	2	640.956
0.785398	1.683268	0.374177	2	16	17	640.805
-2.356194	2.724429	-0.348782	103	95	2	640.758
0.523599	0.992645	-1.723759	17	111	93	640.578
2.094395	1.440580	2.260026	111	5	20	640.534
-1.047198	1.741644	-2.695914	3	24	98	640.496
0.000000	2.588535	-2.976617	99	104	105	640.330
1.047198	0.203748	0.590255	97	25	6	640.156
2.094395	1.662363	0.915448	1	16	16	640.149
-0.523599	1.574060	2.783565	96	109	11	640.107
2.094395	1.904882	-1.478089	24	0	99	640.080
-0.261799	2.478122	2.609777	100	104	107	640.047
2.094395	0.762244	-0.273349	11	25	109	640.000
-1.570796	2.251330	-2.330739	91	108	98	639.872
1.570796	2.396274	-1.959260	91	11	102	639.858
-3.141593	1.417623	-0.202254	92	110	8	639.775
-1.047198	0.709924	0.218797	86	109	103	639.703
0.785398	1.812176	0.656819	8	15	16	639.497
-1.570796	2.041297	-2.664597	96	110	90	639.310
-1.832596	0.496451	0.593859	103	104	12	639.205
-1.570796	2.033014	2.977192	92	105	104	639.024
0.523599	1.812176	0.656819	11	14	16	638.985
-3.141593	1.045978	0.343692	90	1	10	638.949
2.879793	0.960688	-0.577532	95	104	102	638.873
2.094395	1.741644	-2.695914	98	93	110	638.804
-1.047198	1.998705	2.370472	93	8	90	638.603
-1.047198	2.041297	-2.664597	105	104	87	638.597
0.000000	1.391910	3.030322	100	108	14	638.390
1.308997	0.297065	2.160177	92	108	3	638.350
-2.617994	1.488617	1.159546	93	111	97	638.212
-1.308997	2.041297	-2.664597	98	109	89	638.153
-2.356194	0.910508	1.903534	94	104	105	638.139
2.094395	0.640596	-2.797608	17	87	100	638.104
-1.832596	1.374601	-2.456031	25	108	97	637.994
0.523599	2.881233	-2.582574	103	103	100	637.990
-0.785398	0.992645	-1.723759	7	29	0	637.948
0.785398	1.014500	0.906702	105	106	98	637.810
2.094395	1.870545	-2.976234	91	108	106	637.376
0.000000	1.948085	-2.363031	100	99	110	637.344
-0.523599	2.407836	1.410646	101	109	16	637.329
0.261799	1.014500	0.906702	109	24	17	637.175
-3.141593	2.407836	1.410646	7	22	13	636.937
2.879793	1.440580	2.260026	93	100	109	636.917
2.879793	0.709924	0.218797	89	2	7	636.655
1.308997	2.760637	2.781135	21	20	7	636.134
-1.047198	1.325504	-1.671296	12	28	4	636.064
-0.523599	2.174483	2.653697	98	4	86	636.020
2.617994	1.504028	0.636812	106	9	90	635.875
2.879793	2.104282	-0.813972	92	104	7	635.837
2.617994	1.555207	1.708892	12	3	17	635.759
-0.261799	0.709924	0.218797	96	109	97	635.652
2.879793	0.203748	0.590255	93	107	2	635.625
0.000000	1.413347	-1.339188	13	96	95	635.575
2.617994	1.872854	1.543456	0	12	20	635.400
1.832596	1.184361	0.625864	14	25	110	635.262
-1.047198	1.440580	2.260026	88	2	96	635.168
1.570796	2.592629	0.909713	92	3	4	635.128
-1.308997	2.033014	2.977192	95	0	93	635.123
0.523599	1.135834	-1.431087	15	95	97	634.917
-1.047198	0.496451	0.593859	89	104	106	634.802
-1.308997	2.063651	-2.044600	91	106	102	634.726
0.261799	1.247695	1.809890	95	16	17	634.666
2.617994	2.379497	0.561089	89	105	12	634.619
2.879793	1.195355	1.200319	90	101	104	634.305
-2.356194	1.736875	3.023612	28	106	107	634.303
-0.785398	2.174483	2.653697	100	101	101	634.080
-2.094395	0.571433	-1.188419	94	111	103	634.076
-2.356194	1.440580	2.260026	18	21	4	633.980
-3.141593	1.658653	-2.409879	94	107	104	633.888
-2.879793	0.640596	-2.797608	99	111	97	633.682
-0.785398	1.545873	-1.877082	18	4	93	633.656
-1.047198	2.379497	0.561089	0	99	15	633.543
-3.141593	1.168678	2.108595	103	110	98	633.462
-0.785398	1.870545	-2.976234	97	104	101	633.436
0.523599	2.115563	0.685730	6	14	20	633.318
-2.356194	2.637879	2.121598	10	27	5	633.188
-3.141593	2.108018	1.311430	6	18	15	632.944
-2.617994	0.419640	2.974122	96	4	99	632.913
0.261799	1.135834	-1.431087	14	94	97	632.894
-2.879793	1.440580	2.260026	93	107	108	632.714
-2.879793	1.247695	1.809890	86	6	105	632.655
-2.094395	2.001437	0.381215	96	3	15	632.640
-0.785398	1.488617	1.159546	6	0	20	632.629
2.617994	1.014500	0.906702	91	106	96	632.587
-0.261799	1.433411	-1.035986	22	107	96	632.529
-1.308997	2.153910	-1.714959	21	111	96	632.440
2.094395	2.033014	2.977192	96	109	101	632.390
1.047198	0.418037	1.360082	92	5	100	632.364
-1.570796	0.571433	-1.188419	96	107	105	632.232
1.832596	2.881233	-2.582574	92	1	104	632.154
-0.261799	0.419640	2.974122	97	5	96	632.112
2.879793	1.045978	0.343692	92	110	9	632.082
1.570796	0.700570	1.559208	90	2	10	631.847
2.094395	2.579248	-2.364801	99	95	4	631.833
-2.356194	1.606104	-0.451151	97	104	2	631.732
2.879793	2.407836	1.410646	17	19	8	631.717
-2.094395	0.762244	-0.273349	98	108	10	631.677
0.785398	2.588535	-2.976617	18	13	11	631.602
-2.617994	1.824694	1.850876	90	108	105	631.463
1.308997	1.658653	-2.409879	110	4	93	631.446
-2.879793	0.591903	2.010408	109	104	17	631.246
-3.141593	1.617114	-1.572037	92	0	104	631.156
1.308997	2.724429	-0.348782	10	29	110	630.975
-0.261799	2.187132	-0.479875	95	101	107	630.891
-2.879793	0.290380	-0.796960	96	111	99	630.731
2.094395	0.700570	1.559208	92	106	10	630.712
-2.356194	1.025536	1.576859	86	0	104	630.710
-2.879793	1.555207	1.708892	86	5	104	630.681
-1.047198	2.073035	2.027405	90	11	93	630.582
2.617994	1.736875	3.023612	98	105	103	630.461
1.047198	1.134796	2.434290	94	2	98	630.235
-1.308997	0.914445	2.687814	6	6	91	630.135
2.617994	2.295480	1.008277	91	111	101	629.946
1.308997	1.909857	-0.381669	102	103	95	629.854
-0.523599	2.108018	1.311430	83	2	101	629.721
-0.785398	2.153910	-1.714959	94	102	105	629.487
1.832596	0.961715	0.014085	96	22	9	629.411
-1.047198	2.579248	-2.364801	95	104	101	629.186
0.785398	2.863997	0.549740	94	2	95	629.146
2.879793	1.135813	-2.658866	98	110	99	629.131
-0.261799	2.138223	1.678323	101	0	19	629.122
-1.047198	2.863997	0.549740	105	100	11	629.038
1.832596	1.448123	-2.163292	0	8	92	629.038
-0.523599	1.617114	-1.572037	17	110	94	628.992
-0.261799	1.135834	-1.431087	91	0	104	628.950
-1.832596	2.187132	-0.479875	101	10	93	628.943
-2.094395	1.872854	1.543456	96	17	14	628.832
0.523599	0.850607	-1.335383	17	102	93	628.678
1.308997	2.089241	-0.114193	100	106	93	628.638
-1.047198	1.869911	2.701025	95	1	91	628.318
0.000000	1.812176	0.656819	90	101	0	628.047
-0.261799	1.413347	-1.339188	13	96	94	627.835
1.832596	1.870545	-2.976234	89	111	106	627.726
-2.094395	2.180315	-1.357379	5	15	94	627.618
-2.879793	2.979456	-1.009304	90	0	3	627.568
-0.785398	2.001437	0.381215	85	109	2	627.564
-1.832596	1.413430	2.550734	20	25	0	627.469
1.832596	0.571433	-1.188419	108	111	85	627.400
-1.570796	2.379497	0.561089	94	6	13	627.312
-1.047198	2.979456	-1.009304	19	96	103	627.303
0.000000	2.299159	2.264663	95	0	17	627.206
1.570796	1.756530	-2.105156	0	4	92	627.155
-2.879793	0.899350	-2.069907	107	109	92	627.113
0.523599	2.001437	0.381215	7	17	16	627.014
2.617994	1.846342	-1.796954	94	5	99	626.973
-1.832596	0.850607	-1.335383	96	108	103	626.921
2.879793	1.606104	-0.451151	93	100	0	626.921
-1.308997	2.164094	-2.991358	105	109	85	626.876
1.308997	2.588535	-2.976617	87	3	2	626.685
1.308997	0.899350	-2.069907	19	1	94	626.592
-0.785398	0.674054	1.013609	17	20	7	626.342
-2.617994	1.050534	3.042579	27	102	100	626.166
1.047198	1.977582	0.969896	90	13	109	626.131
-1.832596	1.683268	0.374177	110	102	16	626.127
-0.523599	1.433411	-1.035986	16	98	93	625.887
2.356194	2.115563	0.685730	93	110	99	625.859
-1.832596	0.571433	-1.188419	96	107	103	625.566
0.523599	1.683268	0.374177	3	18	17	625.559
0.261799	1.325504	-1.671296	16	4	93	625.360
-1.308997	0.992645	-1.723759	105	0	92	625.324
-2.879793	0.960688	-0.577532	94	108	111	625.048
-2.094395	1.184361	0.625864	109	101	15	625.017
0.000000	1.756530	-2.105156	8	12	93	625.014
2.617994	1.247695	1.809890	88	105	103	624.979
-1.308997	2.592629	0.909713	100	103	14	624.953
-1.832596	1.195355	1.200319	9	106	18	624.835
0.523599	0.906588	1.252948	106	110	96	624.656
2.094395	2.349581	-2.702517	92	110	109	624.369
-0.261799	1.732874	-0.951685	19	99	99	624.361
-2.879793	1.310100	1.488307	87	6	102	624.358
0.261799	1.335669	0.897240	9	17	15	624.216
-1.308997	1.812176	0.656819	0	104	17	624.209
0.000000	1.025536	1.576859	103	23	19	624.183
2.879793	1.113094	-0.272241	93	103	107	624.158
2.617994	1.025536	1.576859	88	102	104	623.976
1.832596	0.496451	0.593859	91	1	101	623.928
0.261799	1.134497	-1.109631	18	95	98	623.865
-2.879793	1.948085	-2.363031	20	7	95	623.847
2.356194	0.906588	1.252948	88	0	96	623.680
1.047198	1.256302	0.062705	98	111	96	623.595
2.094395	1.869911	2.701025	95	107	105	623.392
-2.617994	1.998705	2.370472	24	18	4	623.288
-0.261799	2.247462	0.191623	20	8	15	622.932
1.570796	0.203748	0.590255	95	3	95	622.911
2.879793	1.756530	-2.105156	17	3	92	622.833
-0.523599	1.504028	0.636812	9	6	17	622.827
-2.094395	2.299159	2.264663	15	25	2	622.750
1.832596	1.741644	-2.695914	90	0	102	622.687
-0.523599	2.592629	0.909713	0	99	16	622.435
2.617994	1.391910	3.030322	96	111	100	622.402
1.570796	0.370812	-2.547742	16	87	101	622.327
-0.261799	2.407836	1.410646	105	105	17	622.308
-0.523599	2.637879	2.121598	103	100	110	622.225
-2.094395	1.824694	1.850876	20	18	8	622.008
2.617994	0.906588	1.252948	89	106	99	621.961
1.308997	1.417623	-0.202254	99	105	3	621.953
-0.523599	1.335669	0.897240	8	3	17	621.912
-3.141593	2.073035	2.027405	110	10	27	621.605
0.785398	1.184361	0.625864	93	100	10	621.580
0.785398	1.836682	-0.676006	87	11	4	621.441
2.617994	1.948085	-2.363031	11	85	98	621.218
1.308997	1.014500	0.906702	97	20	17	621.185
1.047198	2.108018	1.311430	91	14	108	621.166
2.879793	2.719179	-1.780644	99	104	14	621.019
-2.617994	0.685216	-1.712745	110	106	92	620.973
0.523599	1.721184	-0.153948	89	14	1	620.955
-0.261799	1.374601	-2.456031	101	110	97	620.951
0.000000	2.704512	1.488683	106	102	15	620.834
-0.785398	1.599406	1.426070	81	9	106	620.831
1.832596	2.063651	-2.044600	25	111	102	620.714
-2.094395	1.504028	0.636812	108	102	17	620.665
-2.879793	1.606104	-0.451151	95	105	6	620.327
2.094395	2.115563	0.685730	105	19	20	620.240
1.570796	1.301460	-0.509251	97	109	5	620.142
-1.308997	2.704512	1.488683	103	108	93	620.137
-2.094395	1.555207	1.708892	12	15	16	620.079
0.261799	0.961715	0.014085	97	107	97	620.058
2.879793	1.836682	-0.676006	3	12	92	619.957
1.308997	2.001437	0.381215	87	7	109	619.922
-2.356194	2.393226	1.857173	13	23	8	619.742
-0.785398	1.904882	-1.478089	21	110	96	619.740
0.000000	1.214854	-1.966664	11	2	91	619.564
-0.261799	2.063651	-2.044600	101	100	104	619.477
1.308997	1.977582	0.969896	111	14	22	619.473
0.000000	1.977582	0.969896	1	0	19	619.454
-1.047198	1.135834	-1.431087	100	108	100	618.899
-3.141593	1.256302	0.062705	91	111	7	618.897
2.094395	1.569311	-3.003978	93	110	101	618.682
0.000000	0.203748	0.590255	21	25	105	618.555
2.094395	1.242974	-2.977882	12	86	100	618.513
2.879793	1.846342	-1.796954	103	95	103	618.466
1.308997	1.025536	1.576859	0	5	94	618.435
1.047198	0.458961	-0.107937	16	27	104	618.430
-0.785398	2.704512	1.488683	94	20	92	618.297
0.785398	2.041297	-2.664597	95	12	99	618.190
2.356194	0.458961	-0.107937	93	1	97	618.149
-0.261799	1.506530	1.988858	98	18	20	618.102
-1.308997	1.872854	1.543456	95	16	15	618.033
-2.879793	1.413347	-1.339188	92	111	105	617.989
1.047198	0.640596	-2.797608	109	4	89	617.812
-1.047198	1.448123	-2.163292	17	110	93	617.566
-2.879793	1.721184	-0.153948	91	1	8	617.502
2.879793	2.664082	-1.071402	4	20	93	617.466
-1.570796	2.089241	-0.114193	99	6	92	617.210
-0.785398	2.115563	0.685730	84	111	109	617.207
-0.785398	2.089241	-0.114193	89	103	2	617.154
2.617994	1.998705	2.370472	92	3	110	617.069
0.785398	2.379497	0.561089	103	104	94	617.046
-1.570796	2.115563	0.685730	94	2	12	616.953
1.570796	1.450119	-2.739050	90	3	100	616.838
2.094395	1.374601	-2.456031	12	86	98	616.692
2.094395	2.863997	0.549740	12	27	3	616.551
1.832596	2.041297	-2.664597	89	1	106	616.400
-1.832596	1.998705	2.370472	15	25	4	616.305
-1.832596	2.343981	-1.040456	88	10	102	616.297
2.094395	0.831641	0.616218	89	6	8	616.207
0.523599	1.301460	-0.509251	93	109	99	616.113
0.000000	1.732874	-0.951685	24	2	99	616.103
2.356194	2.033014	2.977192	23	104	105	616.081
2.356194	1.450119	-2.739050	15	88	99	616.057
0.261799	2.724429	-0.348782	7	8	90	616.047
2.356194	2.041297	-2.664597	9	83	102	615.977
-0.261799	2.115563	0.685730	87	102	109	615.944
0.261799	2.001437	0.381215	6	13	18	615.631
1.308997	0.831641	0.616218	96	22	13	615.568
1.308997	1.504028	0.636812	97	4	98	615.420
-0.261799	1.218453	2.777284	99	0	14	615.343
-0.785398	1.736875	3.023612	96	106	94	615.333
-0.523599	1.872854	1.543456	89	111	97	615.277
0.523599	0.914445	2.687814	104	93	109	615.206
-1.570796	1.325504	-1.671296	110	111	92	615.155
2.617994	1.824694	1.850876	14	91	11	615.052
-0.523599	1.741644	-2.695914	97	102	108	614.885
0.261799	1.488617	1.159546	10	15	18	614.869
0.261799	1.756530	-2.105156	7	9	92	614.823
-2.094395	1.301460	-0.509251	98	104	2	614.731
0.261799	0.619654	-2.216909	109	26	109	614.660
-3.141593	0.914445	2.687814	92	107	109	614.535
-1.570796	1.872854	1.543456	97	17	15	614.305
-3.141593	1.247695	1.809890	7	108	17	613.986
-1.308997	1.870545	-2.976234	96	104	96	613.840
1.832596	1.450119	-2.739050	91	0	100	613.513
1.570796	2.041297	-2.664597	87	3	107	613.464
-1.308997	2.379497	0.561089	103	1	91	613.373
0.261799	1.824694	1.850876	102	0	20	613.329
0.785398	1.417623	-0.202254	96	108	97	613.222
2.617994	1.488617	1.159546	111	13	18	613.211
2.094395	1.134796	2.434290	88	106	105	613.150
0.523599	1.433411	-1.035986	89	15	5	613.050
0.523599	1.696674	-1.253233	93	110	100	613.008
0.000000	1.662363	0.915448	15	9	17	612.898
0.523599	1.113094	-0.272241	96	107	99	612.862
2.617994	1.569311	-3.003978	19	87	104	612.847
1.308997	2.881233	-2.582574	15	10	91	612.595
0.785398	1.721184	-0.153948	95	111	96	612.431
-2.617994	1.506530	1.988858	94	106	102	612.403
0.261799	1.433411	-1.035986	18	98	99	612.180
-0.261799	2.984978	1.954446	97	102	12	612.144
-2.094395	1.218453	2.777284	21	20	8	612.056
0.523599	1.194549	-0.801900	93	104	102	611.973
0.785398	0.640596	-2.797608	109	7	90	611.926
-2.879793	2.407836	1.410646	9	20	12	611.764
-3.141593	1.948085	-2.363031	20	4	95	611.755
-2.356194	2.343981	-1.040456	6	10	93	611.643
2.356194	0.685216	-1.712745	110	106	87	611.609
-2.879793	2.704512	1.488683	109	11	25	611.586
0.785398	0.960688	-0.577532	96	106	100	611.184
-0.261799	0.080730	-2.622036	96	104	107	611.139
-1.570796	1.374601	-2.456031	23	111	96	611.088
2.356194	2.251330	-2.330739	93	2	102	611.054
-2.879793	1.554776	0.100351	89	3	9	610.926
-0.785398	1.440580	2.260026	86	0	98	610.797
-1.832596	2.592629	0.909713	98	107	101	610.767
0.000000	2.393226	1.857173	102	105	18	610.695
0.000000	1.247695	1.809890	99	20	20	610.511
-0.523599	1.391910	3.030322	95	111	12	610.432
-0.785398	1.256302	0.062705	89	1	12	610.422
0.000000	0.762244	-0.273349	96	100	102	610.357
1.047198	1.335669	0.897240	102	19	20	610.106
-1.047198	1.870545	-2.976234	100	102	97	610.062
2.617994	0.914445	2.687814	90	5	14	609.943
2.356194	1.741644	-2.695914	11	85	99	609.934
-2.094395	1.050534	3.042579	23	25	104	609.818
0.000000	1.904882	-1.478089	16	2	94	609.706
-3.141593	0.080730	-2.622036	95	4	100	609.698
-2.094395	1.310100	1.488307	9	110	19	609.683
0.523599	0.685216	-1.712745	16	98	97	609.518
-2.094395	2.579248	-2.364801	27	109	106	609.469
-2.879793	1.413430	2.550734	93	107	111	609.467
-2.617994	1.045978	0.343692	97	106	11	609.467
-2.094395	0.419640	2.974122	14	26	109	609.465
2.879793	1.325504	-1.671296	99	104	97	609.452
-3.141593	1.696674	-1.253233	102	96	109	609.423
1.570796	0.591903	2.010408	90	108	7	609.398
2.879793	1.413430	2.550734	100	109	100	609.146
-0.523599	0.640596	-2.797608	3	25	92	609.064
1.832596	2.247462	0.191623	10	26	2	608.992
-2.879793	1.488617	1.159546	11	98	97	608.890
0.785398	1.367556	0.358405	6	24	10	608.789
2.879793	0.992645	-1.723759	102	107	93	608.772
1.570796	1.113094	-0.272241	96	108	3	608.733
-1.308997	1.545873	-1.877082	16	22	90	608.583
1.570796	2.089241	-0.114193	11	27	110	608.504
1.570796	1.128190	-2.288622	17	98	99	608.337
0.523599	0.866395	-2.492918	109	10	89	608.162
-1.570796	2.863997	0.549740	91	1	8	608.132
-2.617994	1.683268	0.374177	92	0	11	608.058
-2.356194	1.766067	2.153843	18	22	3	607.943
1.047198	0.571433	-1.188419	96	101	111	607.915
1.308997	1.599406	1.426070	101	7	95	607.863
-0.261799	0.850607	-1.335383	18	99	98	607.848
-2.356194	1.310100	1.488307	95	2	95	607.834
-1.570796	2.108018	1.311430	94	14	14	607.829
0.785398	1.909857	-0.381669	96	106	95	607.764
1.832596	2.349581	-2.702517	97	96	6	607.737
1.308997	0.203748	0.590255	95	5	95	607.706
1.047198	2.979456	-1.009304	5	28	109	607.652
2.356194	1.184361	0.625864	89	109	97	607.570
0.261799	1.184361	0.625864	12	6	15	607.505
0.785398	0.591903	2.010408	92	7	100	607.493
0.261799	2.704512	1.488683	109	101	15	607.472
-2.879793	1.335669	0.897240	23	105	103	607.337
-2.879793	1.025536	1.576859	2	9	94	607.334
-2.617994	1.135834	-1.431087	103	104	99	607.310
-3.141593	1.413347	-1.339188	98	102	105	607.154
-2.094395	2.393226	1.857173	11	23	9	607.066
2.617994	1.658653	-2.409879	94	1	100	607.001
2.094395	1.824694	1.850876	98	6	97	606.968
2.879793	0.961715	0.014085	91	110	4	606.957
-2.879793	2.588535	-2.976617	28	110	107	606.872
-2.356194	1.617114	-1.572037	15	11	90	606.799
1.832596	1.247695	1.809890	102	10	96	606.667
1.047198	1.699788	2.452890	104	96	105	606.572
-0.523599	2.478122	2.609777	98	105	107	606.394
1.570796	0.674054	1.013609	89	4	102	606.380
2.617994	2.719179	-1.780644	91	111	0	606.365
2.879793	0.685216	-1.712745	96	110	98	606.346
2.879793	2.180315	-1.357379	19	0	94	606.336
2.094395	1.574060	2.783565	94	105	104	606.266
-0.261799	1.325504	-1.671296	92	0	105	606.255
-1.308997	2.456751	-1.503343	93	108	99	606.202
2.879793	2.356369	3.005869	90	5	3	606.162
2.356194	2.579248	-2.364801	103	94	4	606.099
-0.523599	0.203748	0.590255	93	104	109	606.094
1.308997	0.370812	-2.547742	15	90	100	606.069
-0.261799	2.073035	2.027405	98	2	19	606.068
-1.308997	2.587733	0.232235	106	5	90	606.033
1.832596	0.458961	-0.107937	109	10	23	605.825
-0.785398	2.033014	2.977192	98	0	88	605.814
-0.261799	1.184361	0.625864	15	18	12	605.699
-0.523599	0.831641	0.616218	18	17	9	605.420
0.523599	1.617114	-1.572037	92	108	104	605.397
-0.523599	1.448123	-2.163292	98	101	4	605.357
-1.308997	1.846342	-1.796954	15	98	96	605.260
2.356194	0.700570	1.559208	88	109	97	605.260
2.617994	2.251330	-2.330739	95	106	107	605.131
-2.094395	1.599406	1.426070	19	105	100	605.126
-1.570796	1.977582	0.969896	94	6	14	605.005
2.879793	0.762244	-0.273349	93	106	102	604.861
0.261799	1.504028	0.636812	2	7	90	604.807
0.000000	1.014500	0.906702	8	10	15	604.651
0.261799	1.367556	0.358405	3	19	16	604.650
-1.832596	1.904882	-1.478089	6	14	17	604.594
2.617994	2.180315	-1.357379	92	107	8	604.519
2.617994	2.174483	2.653697	99	103	109	604.448
-0.785398	1.875281	0.107086	88	105	6	604.441
-1.570796	1.869911	2.701025	93	105	104	604.424
1.308997	1.433411	-1.035986	14	23	95	604.393
0.261799	0.992645	-1.723759	16	111	93	604.183
-1.047198	2.588535	-2.976617	2	1	86	604.003
0.785398	2.115563	0.685730	3	15	20	603.856
2.094395	2.587733	0.232235	9	26	2	603.781
2.879793	2.393226	1.857173	96	104	6	603.682
0.523599	1.510910	-0.740472	90	14	4	603.568
2.617994	1.325504	-1.671296	101	99	98	603.428
-2.617994	1.696674	-1.253233	12	7	89	603.412
-1.047198	2.299159	2.264663	101	5	89	603.263
0.523599	2.704512	1.488683	110	101	15	603.248
2.094395	1.488617	1.159546	111	11	18	603.141
-1.047198	1.812176	0.656819	85	6	110	602.964
1.308997	1.721184	-0.153948	15	22	5	602.854
-2.094395	0.290380	-0.796960	93	107	106	602.853
2.617994	0.203748	0.590255	95	105	110	602.847
1.047198	1.045978	0.343692	102	2	94	602.837
-1.308997	2.089241	-0.114193	4	24	6	602.736
-0.261799	0.733948	3.021411	93	9	99	602.648
-3.141593	1.766067	2.153843	97	99	1	602.572
0.785398	1.134497	-1.109631	95	101	107	602.565
0.000000	1.569311	-3.003978	97	108	11	602.475
-2.879793	1.367556	0.358405	92	111	11	602.396
-3.141593	1.310100	1.488307	93	97	109	602.306
-2.879793	1.732874	-0.951685	100	100	1	602.199
-2.617994	1.025536	1.576859	85	4	105	601.976
-2.617994	2.001437	0.381215	93	8	14	601.895
-2.094395	1.440580	2.260026	19	22	3	601.742
-2.879793	2.349581	-2.702517	22	94	104	601.716
0.785398	1.050534	3.042579	89	108	108	601.699
1.570796	0.709924	0.218797	97	24	9	601.696
-2.617994	2.343981	-1.040456	6	9	92	601.630
-1.570796	1.135834	-1.431087	98	111	98	601.368
-1.832596	1.909857	-0.381669	97	10	94	601.307
-2.879793	1.824694	1.850876	89	0	105	601.305
2.879793	0.571433	-1.188419	96	0	97	601.072
-0.523599	2.396274	-1.959260	104	102	97	600.904
-1.570796	1.909857	-0.381669	96	7	95	600.648
-0.523599	1.766067	2.153843	88	0	95	600.643
1.047198	1.836682	-0.676006	98	104	96	600.641
2.879793	2.299159	2.264663	96	107	3	600.621
-2.094395	0.418037	1.360082	86	111	109	600.607
-0.261799	2.349581	-2.702517	99	102	103	600.522
-2.094395	1.113094	-0.272241	96	109	9	600.503
2.879793	1.301460	-0.509251	94	101	107	600.456
-2.617994	2.637879	2.121598	13	26	5	600.346
0.523599	1.606104	-0.451151	89	15	2	600.242
0.261799	2.041297	-2.664597	91	109	110	600.235
-0.785398	1.194549	-0.801900	93	108	12	600.154
-1.308997	2.579248	-2.364801	107	102	92	599.993
-1.570796	0.914445	2.687814	5	9	91	599.988
-0.785398	1.413430	2.550734	90	108	94	599.970
1.047198	1.195355	1.200319	97	94	0	599.635
-1.832596	1.391910	3.030322	21	107	98	599.600
-3.141593	1.721184	-0.153948	88	9	6	599.552
2.617994	1.450119	-2.739050	22	97	101	599.537
-1.047198	0.850607	-1.335383	96	1	17	599.508
1.832596	0.929350	-2.910676	12	88	100	599.362
-0.261799	1.756530	-2.105156	101	100	107	599.344
-1.047198	1.662363	0.915448	6	106	19	599.255
1.832596	0.709924	0.218797	95	22	10	599.201
-2.094395	1.391910	3.030322	19	23	6	599.121
-2.617994	0.379747	-1.713059	100	0	95	599.115
1.832596	2.396274	-1.959260	92	9	101	599.099
-2.617994	1.440580	2.260026	18	20	4	598.949
2.617994	2.592629	0.909713	96	105	101	598.599
0.000000	1.683268	0.374177	9	13	16	598.568
-2.094395	0.910508	1.903534	96	103	103	598.539
0.261799	0.203748	0.590255	104	28	108	598.418
-1.308997	1.134497	-1.109631	101	106	101	598.254
-1.832596	2.379497	0.561089	100	107	98	598.216
-2.356194	0.906588	1.252948	91	111	99	598.124
-2.617994	1.606104	-0.451151	98	103	6	598.117
1.308997	0.709924	0.218797	99	26	8	598.027
-1.832596	2.881233	-2.582574	93	109	98	597.976
-2.879793	0.080730	-2.622036	95	3	100	597.886
-1.308997	1.809167	1.213774	108	110	21	597.833
-1.832596	1.872854	1.543456	96	16	15	597.811
-1.047198	2.164094	-2.991358	106	110	85	597.800
-1.570796	1.014500	0.906702	23	110	10	597.670
2.094395	1.555207	1.708892	101	105	100	597.410
-1.570796	2.001437	0.381215	109	101	15	597.253
-2.879793	1.195355	1.200319	89	8	99	597.182
0.523599	0.379747	-1.713059	16	90	101	597.156
-3.141593	2.704512	1.488683	11	26	6	597.121
-1.047198	0.899350	-2.069907	102	3	93	597.098
0.785398	2.164094	-2.991358	16	15	13	596.670
-0.261799	1.310100	1.488307	105	19	21	596.577
0.000000	1.135834	-1.431087	17	103	96	596.460
-2.879793	0.619654	-2.216909	98	109	97	596.435
2.617994	1.135813	-2.658866	14	3	93	596.401
0.261799	0.910508	1.903534	94	19	15	596.363
0.261799	1.662363	0.915448	5	4	19	596.341
2.094395	1.846342	-1.796954	26	2	103	596.284
-2.617994	1.555207	1.708892	96	108	98	596.249
-2.617994	1.756530	-2.105156	17	8	93	596.213
-1.832596	1.977582	0.969896	93	10	13	596.184
-2.879793	1.045978	0.343692	93	110	11	596.089
2.356194	0.379747	-1.713059	103	101	105	595.994
-1.047198	2.033014	2.977192	99	109	91	595.927
0.785398	0.203748	0.590255	21	15	5	595.911
-0.523599	2.041297	-2.664597	100	101	105	595.870
2.617994	1.599406	1.426070	11	5	16	595.734
-2.879793	1.168678	2.108595	92	107	107	595.733
-0.523599	2.164094	-2.991358	98	101	107	595.717
-2.356194	1.135834	-1.431087	106	105	95	595.365
1.047198	1.545873	-1.877082	6	8	90	595.192
-1.570796	2.063651	-2.044600	11	89	96	595.150
-3.141593	2.041297	-2.664597	19	90	101	595.044
2.356194	2.664082	-1.071402	89	1	15	595.023
-1.832596	0.914445	2.687814	21	26	108	594.713
1.047198	1.310100	1.488307	104	6	95	594.695
-0.523599	2.760637	2.781135	100	104	101	594.620
2.617994	2.164094	-2.991358	94	107	104	594.554
2.094395	1.025536	1.576859	85	2	100	594.544
2.356194	1.809167	1.213774	12	27	103	594.293
-2.094395	2.251330	-2.330739	18	101	98	594.244
-0.785398	1.413347	-1.339188	91	6	102	594.095
-2.356194	0.619654	-2.216909	109	2	90	594.071
2.094395	0.910508	1.903534	85	108	104	594.023
-1.047198	0.866955	-0.931351	98	110	18	594.017
0.261799	1.256302	0.062705	97	111	95	594.009
-0.523599	0.458961	-0.107937	88	106	107	593.984
-2.094395	1.195355	1.200319	8	105	18	593.978
2.879793	1.391910	3.030322	97	110	100	593.939
2.356194	1.391910	3.030322	19	92	106	593.913
0.523599	1.574060	2.783565	91	2	105	593.860
2.617994	1.135834	-1.431087	102	101	94	593.847
1.570796	1.658653	-2.409879	89	6	101	593.725
2.094395	0.379747	-1.713059	1	11	21	593.710
0.000000	1.168678	2.108595	96	21	18	593.564
0.523599	1.025536	1.576859	96	18	17	593.526
2.617994	2.664082	-1.071402	92	110	16	593.520
-3.141593	1.374601	-2.456031	94	109	102	593.406
1.308997	2.247462	0.191623	89	4	1	593.333
-0.261799	0.370812	-2.547742	93	17	14	593.218
2.879793	1.504028	0.636812	108	9	89	593.052
1.570796	1.606104	-0.451151	92	21	10	593.034
0.261799	0.866955	-0.931351	21	103	94	593.002
-3.141593	1.599406	1.426070	6	15	17	592.979
-0.261799	2.033014	2.977192	103	98	0	592.827
-2.356194	1.683268	0.374177	98	106	14	592.755
0.000000	1.696674	-1.253233	19	111	96	592.527
-0.523599	1.134497	-1.109631	12	94	92	592.521
2.356194	2.108018	1.311430	106	14	24	592.498
-2.617994	0.992645	-1.723759	106	107	94	592.335
-2.356194	0.591903	2.010408	1	107	17	592.318
2.617994	2.579248	-2.364801	13	27	8	592.266
0.000000	2.073035	2.027405	98	1	19	592.242
1.308997	1.875281	0.107086	102	108	92	592.222
0.523599	2.379497	0.561089	101	104	94	592.199
-2.094395	0.685216	-1.712745	99	2	95	592.185
2.879793	1.374601	-2.456031	93	111	102	592.130
-2.094395	0.864993	2.278281	0	110	18	592.087
2.617994	0.899350	-2.069907	106	104	92	592.069
-1.047198	0.685216	-1.712745	95	110	103	592.068
2.879793	2.164094	-2.991358	19	88	105	592.020
1.047198	1.662363	0.915448	89	13	105	592.013
1.570796	1.870545	-2.976234	88	1	107	592.006
-0.523599	1.256302	0.062705	90	110	12	591.843
-0.261799	0.290380	-0.796960	8	2	84	591.775
0.785398	0.700570	1.559208	89	18	10	591.697
-1.308997	2.187132	-0.479875	88	4	103	591.650
-1.308997	1.699788	2.452890	92	7	90	591.646
-1.047198	1.134497	-1.109631	96	107	15	591.554
-1.047198	0.700570	1.559208	23	23	1	591.522
2.617994	1.506530	1.988858	95	1	102	591.447
0.261799	1.554776	0.100351	5	19	15	591.217
0.785398	1.194549	-0.801900	19	100	101	591.215
0.261799	1.025536	1.576859	101	24	19	591.205
-1.570796	1.134497	-1.109631	99	107	100	591.166
2.356194	1.872854	1.543456	10	93	13	591.161
-0.785398	2.299159	2.264663	102	3	89	591.015
2.879793	1.574060	2.783565	99	107	101	590.933
2.879793	2.174483	2.653697	21	94	0	590.904
0.000000	0.700570	1.559208	99	27	10	590.896
-1.570796	0.906588	1.252948	14	2	15	590.813
2.879793	1.736875	3.023612	98	106	103	590.795
0.523599	1.256302	0.062705	98	109	95	590.504
2.617994	1.050534	3.042579	97	1	97	590.474
-0.523599	2.104282	-0.813972	27	0	101	590.462
-0.261799	1.662363	0.915448	7	2	19	590.299
-1.832596	2.404280	-0.174044	103	9	91	590.257
-2.617994	1.134796	2.434290	94	104	110	590.105
-3.141593	2.881233	-2.582574	105	108	87	590.073
0.785398	0.709924	0.218797	98	28	1	590.047
-1.047198	0.619654	-2.216909	97	3	96	589.896
-3.141593	1.195355	1.200319	90	12	99	589.780
1.047198	1.683268	0.374177	88	12	104	589.775
2.356194	1.247695	1.809890	10	0	16	589.681
2.094395	1.809167	1.213774	86	110	110	589.466
0.785398	0.831641	0.616218	99	111	101	589.414
-1.047198	2.089241	-0.114193	85	107	3	589.326
-2.094395	0.640596	-2.797608	110	5	91	589.017
2.356194	1.014500	0.906702	89	110	96	589.017
-1.570796	2.174483	2.653697	96	6	92	588.993
-0.785398	2.164094	-2.991358	109	110	84	588.955
-1.047198	1.904882	-1.478089	101	94	106	588.444
0.785398	1.504028	0.636812	96	97	8	588.255
1.570796	0.496451	0.593859	94	21	10	588.230
-2.617994	2.104282	-0.813972	89	4	108	588.220
-2.356194	0.419640	2.974122	104	109	95	588.171
-1.832596	0.733948	3.021411	2	7	91	588.145
1.570796	1.440580	2.260026	2	5	19	588.128
-0.523599	1.184361	0.625864	10	8	16	588.124
-3.141593	1.683268	0.374177	88	9	11	588.124
-1.832596	0.674054	1.013609	86	109	105	588.038
-2.879793	2.343981	-1.040456	98	105	11	588.031
-1.832596	1.982574	-1.115518	15	14	12	587.974
-1.832596	0.864993	2.278281	23	22	0	587.891
-2.356194	0.700570	1.559208	86	1	107	587.886
-1.832596	1.448123	-2.163292	25	106	96	587.850
-0.785398	1.195355	1.200319	7	2	19	587.548
-2.617994	2.979456	-1.009304	103	99	7	587.426
1.570796	0.929350	-2.910676	10	88	100	587.333
2.356194	2.588535	-2.976617	9	1	23	587.089
-0.785398	2.187132	-0.479875	95	99	108	587.070
1.308997	1.374601	-2.456031	1	3	92	587.032
1.308997	0.685216	-1.712745	17	92	97	587.023
2.879793	0.831641	0.616218	94	106	9	587.003
-2.617994	1.909857	-0.381669	102	13	94	586.861
1.047198	1.218453	2.777284	95	3	97	586.794
-2.617994	0.370812	-2.547742	99	0	95	586.777
-1.832596	2.587733	0.232235	91	1	7	586.760
-1.047198	1.846342	-1.796954	94	101	107	586.694
1.832596	1.736875	3.023612	92	111	103	586.693
-2.094395	2.089241	-0.114193	104	95	111	586.589
0.785398	2.979456	-1.009304	9	29	109	586.417
-3.141593	0.379747	-1.713059	97	110	96	586.402
-2.617994	2.356369	3.005869	87	10	10	586.379
-1.308997	0.618092	2.539118	111	12	92	586.327
-1.047198	0.370812	-2.547742	6	20	88	586.298
-1.832596	2.863997	0.549740	88	4	7	586.268
-2.094395	2.881233	-2.582574	26	111	109	586.248
0.523599	0.700570	1.559208	91	10	101	586.168
2.879793	2.592629	0.909713	6	19	16	586.082
0.000000	1.450119	-2.739050	97	106	10	586.072
1.308997	1.545873	-1.877082	5	10	91	586.057
1.832596	1.662363	0.915448	3	18	16	585.983
0.523599	0.866955	-0.931351	94	100	109	585.896
-3.141593	2.393226	1.857173	16	19	12	585.849
0.000000	0.615174	-0.666022	89	105	107	585.846
-2.094395	2.187132	-0.479875	102	11	93	585.773
-0.261799	2.592629	0.909713	111	103	17	585.769
0.785398	0.618092	2.539118	83	12	102	585.630
1.308997	0.458961	-0.107937	13	22	5	585.590
0.523599	0.418037	1.360082	95	24	9	585.570
-0.261799	1.574060	2.783565	97	109	11	585.499
2.356194	0.961715	0.014085	92	20	9	585.454
-1.832596	1.569311	-3.003978	22	105	100	585.360
0.523599	0.960688	-0.577532	95	103	102	585.276
0.785398	0.906588	1.252948	99	22	17	585.255
1.570796	2.349581	-2.702517	92	99	5	585.150
-1.047198	0.992645	-1.723759	97	111	100	585.100
2.879793	1.904882	-1.478089	102	94	108	585.022
2.094395	2.396274	-1.959260	93	98	111	584.934
1.832596	2.404280	-0.174044	85	0	12	584.928
-0.785398	2.455966	-0.641220	97	98	103	584.919
2.356194	1.413347	-1.339188	96	100	98	584.856
0.000000	2.396274	-1.959260	104	101	99	584.735
2.617994	2.356369	3.005869	98	103	108	584.045
1.047198	0.709924	0.218797	12	30	106	583.985
-1.570796	1.699788	2.452890	15	27	4	583.977
-0.785398	2.664082	-1.071402	102	103	95	583.950
-2.356194	0.297065	2.160177	90	110	106	583.948
-0.523599	1.998705	2.370472	96	110	9	583.904
-0.785398	1.374601	-2.456031	96	101	2	583.853
1.832596	1.045978	0.343692	95	22	12	583.715
-0.261799	1.555207	1.708892	102	16	22	583.462
1.308997	0.615174	-0.666022	100	103	101	583.378
-0.523599	1.658653	-2.409879	99	100	110	583.199
-1.308997	0.496451	0.593859	86	108	107	583.174
0.261799	1.732874	-0.951685	18	100	100	583.162
-0.785398	2.349581	-2.702517	0	109	86	583.142
-2.356194	1.982574	-1.115518	95	107	104	582.846
-1.047198	1.506530	1.988858	85	10	95	582.794
-2.356194	1.045978	0.343692	100	105	11	582.784
-1.832596	1.555207	1.708892	22	19	2	582.762
1.832596	2.089241	-0.114193	5	13	92	582.596
-2.617994	0.290380	-0.796960	93	109	104	582.578
-2.094395	1.574060	2.783565	23	24	108	582.522
-2.879793	0.370812	-2.547742	98	1	96	582.484
2.617994	2.407836	1.410646	89	2	103	582.324
0.000000	2.247462	0.191623	95	105	98	582.196
-2.356194	1.335669	0.897240	0	103	18	582.176
-2.094395	1.506530	1.988858	18	20	6	582.170
-3.141593	2.356369	3.005869	22	96	109	582.070
-0.261799	1.214854	-1.966664	13	2	92	582.022
-1.308997	0.733948	3.021411	11	32	104	581.978
0.785398	1.113094	-0.272241	98	105	99	581.834
-1.047198	0.929350	-2.910676	14	4	92	581.814
-3.141593	1.025536	1.576859	93	98	105	581.797
1.832596	0.864993	2.278281	110	19	98	581.731
0.523599	1.870545	-2.976234	15	15	14	581.574
-3.141593	1.809167	1.213774	9	29	106	581.521
1.047198	1.440580	2.260026	104	95	106	581.515
0.785398	0.619654	-2.216909	88	0	7	581.406
-0.261799	2.704512	1.488683	103	103	17	581.347
1.570796	1.448123	-2.163292	111	11	93	581.130
0.261799	1.391910	3.030322	89	7	104	580.985
-0.261799	1.195355	1.200319	7	9	18	580.954
2.356194	0.203748	0.590255	92	109	109	580.945
0.523599	1.545873	-1.877082	9	10	91	580.669
0.523599	0.458961	-0.107937	20	24	104	580.619
-0.261799	0.762244	-0.273349	89	103	104	580.543
-3.141593	0.619654	-2.216909	97	111	97	580.469
0.785398	1.310100	1.488307	6	12	18	580.345
-0.523599	0.961715	0.014085	92	0	15	580.278
-0.261799	0.864993	2.278281	96	26	12	580.068
0.261799	0.496451	0.593859	102	28	0	580.051
2.094395	0.961715	0.014085	94	21	9	579.861
0.523599	2.247462	0.191623	26	9	5	579.828
-1.570796	0.618092	2.539118	22	26	109	579.686
2.879793	1.696674	-1.253233	100	96	103	579.681
2.356194	1.050534	3.042579	15	83	105	579.673
-2.879793	2.356369	3.005869	27	111	109	579.595
-0.785398	2.356369	3.005869	109	4	84	579.573
1.832596	1.195355	1.200319	109	94	9	579.437
-1.570796	0.866955	-0.931351	99	105	103	579.415
-0.261799	2.979456	-1.009304	4	16	22	579.197
-1.047198	1.194549	-0.801900	94	110	16	579.077
0.000000	1.195355	1.200319	107	21	20	579.074
0.261799	1.045978	0.343692	16	99	93	579.026
0.523599	0.831641	0.616218	108	109	93	578.975
-2.617994	1.846342	-1.796954	16	8	92	578.932
-2.094395	1.699788	2.452890	18	24	1	578.887
1.570796	1.812176	0.656819	94	5	97	578.872
1.308997	0.866955	-0.931351	100	101	102	578.836
1.308997	0.640596	-2.797608	10	89	100	578.746
0.523599	2.478122	2.609777	94	107	15	578.612
0.000000	1.506530	1.988858	97	17	20	578.548
0.523599	0.762244	-0.273349	97	105	100	578.484
0.785398	1.569311	-3.003978	97	107	101	578.483
1.832596	1.555207	1.708892	98	9	97	578.324
-0.785398	1.128190	-2.288622	97	21	95	578.314
-1.308997	2.478122	2.609777	110	9	85	578.252
1.047198	2.187132	-0.479875	95	106	95	578.181
2.879793	0.591903	2.010408	102	19	99	578.144
-1.832596	0.379747	-1.713059	98	111	98	578.128
2.356194	2.407836	1.410646	93	108	3	578.033
0.000000	0.906588	1.252948	104	10	96	578.031
-0.785398	1.135834	-1.431087	99	105	13	577.982
0.261799	2.637879	2.121598	100	104	16	577.916
-2.617994	0.864993	2.278281	94	104	107	577.719
-1.308997	1.824694	1.850876	90	17	93	577.683
1.047198	1.875281	0.107086	98	0	94	577.596
2.356194	1.134796	2.434290	88	105	105	577.589
-0.261799	1.391910	3.030322	96	111	12	577.523
-2.094395	0.297065	2.160177	97	7	98	577.485
2.356194	2.164094	-2.991358	95	107	107	577.442
1.308997	0.674054	1.013609	94	22	13	577.298
1.047198	2.164094	-2.991358	104	99	103	577.293
-0.523599	0.733948	3.021411	108	23	94	577.162
1.832596	0.615174	-0.666022	94	108	5	577.159
-0.523599	1.135834	-1.431087	91	3	105	577.138
2.356194	1.367556	0.358405	85	18	6	577.052
1.308997	0.914445	2.687814	97	1	95	576.926
1.570796	0.297065	2.160177	107	104	14	576.892
0.523599	1.872854	1.543456	105	0	20	576.881
-3.141593	0.831641	0.616218	94	106	11	576.831
-2.356194	1.574060	2.783565	28	104	107	576.688
-2.879793	1.506530	1.988858	17	17	7	576.688
0.000000	2.115563	0.685730	89	104	105	576.618
1.047198	2.760637	2.781135	21	18	8	576.609
-2.879793	0.864993	2.278281	100	104	98	576.499
2.617994	1.440580	2.260026	90	102	109	576.483
-2.094395	0.961715	0.014085	100	103	8	576.430
-2.879793	1.696674	-1.253233	105	94	106	576.387
1.832596	2.164094	-2.991358	20	96	108	576.256
2.356194	0.418037	1.360082	94	105	5	576.204
-3.141593	1.301460	-0.509251	96	100	107	575.880
0.000000	1.335669	0.897240	9	8	17	575.727
0.000000	1.440580	2.260026	94	18	19	575.621
-3.141593	1.391910	3.030322	15	0	91	575.517
1.308997	2.164094	-2.991358	87	4	110	575.393
2.879793	2.637879	2.121598	97	108	8	575.393
2.617994	1.134497	-1.109631	96	106	94	575.235
-2.094395	2.356369	3.005869	94	110	95	575.224
-3.141593	1.606104	-0.451151	92	109	7	575.190
-2.356194	1.809167	1.213774	95	14	14	575.183
2.356194	1.504028	0.636812	107	8	90	575.179
0.000000	0.709924	0.218797	103	100	98	575.095
-2.094395	0.496451	0.593859	101	103	10	575.047
-1.570796	2.164094	-2.991358	93	104	107	574.953
-3.141593	1.872854	1.543456	97	108	98	574.882
-0.523599	1.696674	-1.253233	22	109	97	574.867
2.094395	0.618092	2.539118	87	109	99	574.813
-1.308997	2.979456	-1.009304	10	15	90	574.792
1.047198	1.184361	0.625864	97	98	10	574.648
2.879793	1.875281	0.107086	88	14	10	574.611
-0.523599	1.128190	-2.288622	1	91	98	574.598
2.094395	0.914445	2.687814	87	108	101	574.594
0.261799	1.872854	1.543456	104	1	20	574.546
0.000000	0.960688	-0.577532	27	7	106	574.485
2.879793	2.073035	2.027405	18	94	10	574.394
2.617994	2.349581	-2.702517	96	105	108	574.371
2.094395	1.545873	-1.877082	1	4	90	574.313
0.523599	1.824694	1.850876	101	111	19	574.306
-0.523599	0.674054	1.013609	105	10	95	574.249
-0.261799	2.174483	2.653697	98	2	86	574.079
-3.141593	1.904882	-1.478089	111	95	96	574.011
2.094395	1.218453	2.777284	87	106	106	573.904
0.523599	2.104282	-0.813972	91	13	11	573.904
-1.047198	1.736875	3.023612	95	108	94	573.842
-0.785398	1.696674	-1.253233	17	99	95	573.835
-2.356194	1.504028	0.636812	10	100	15	573.747
-1.570796	2.187132	-0.479875	5	22	8	573.746
1.832596	2.251330	-2.330739	88	3	107	573.673
-3.141593	1.050534	3.042579	102	109	96	573.605
1.308997	0.929350	-2.910676	106	2	92	573.521
-3.141593	0.899350	-2.069907	0	104	92	573.484
0.000000	2.760637	2.781135	100	103	107	573.457
-2.617994	2.108018	1.311430	4	18	16	573.383
0.523599	1.367556	0.358405	16	19	10	573.345
-1.047198	1.168678	2.108595	14	109	96	573.292
0.261799	0.700570	1.559208	95	23	11	573.204
0.523599	1.504028	0.636812	91	99	8	573.149
-1.570796	2.396274	-1.959260	91	105	100	573.147
-2.617994	0.709924	0.218797	98	105	9	573.119
2.356194	2.478122	2.609777	96	104	1	573.088
-0.785398	2.247462	0.191623	90	0	101	573.073
-2.879793	0.910508	1.903534	3	109	17	573.006
-2.617994	1.247695	1.809890	85	2	106	573.001
1.047198	2.881233	-2.582574	18	10	11	572.896
2.879793	0.899350	-2.069907	109	104	92	572.871
1.832596	1.756530	-2.105156	111	4	92	572.805
-2.094395	1.683268	0.374177	101	104	13	572.761
-1.832596	1.025536	1.576859	13	110	16	572.687
-1.570796	0.674054	1.013609	87	107	104	572.680
-1.047198	2.404280	-0.174044	86	105	108	572.656
0.785398	0.961715	0.014085	99	29	1	572.647
0.000000	1.433411	-1.035986	22	109	97	572.610
1.047198	2.379497	0.561089	5	16	19	572.607
-1.570796	0.591903	2.010408	103	1	97	572.598
2.094395	1.391910	3.030322	18	93	106	572.557
0.261799	2.153910	-1.714959	13	10	94	572.531
-0.261799	2.041297	-2.664597	99	100	110	572.234
0.000000	0.866955	-0.931351	19	92	100	572.087
-3.141593	2.089241	-0.114193	88	12	8	572.057
-2.094395	1.194549	-0.801900	97	104	111	571.923
2.617994	0.685216	-1.712745	92	111	4	571.888
2.356194	2.984978	1.954446	28	8	3	571.677
-0.523599	2.455966	-0.641220	93	103	104	571.526
-0.785398	0.864993	2.278281	3	8	91	571.277
0.523599	1.242974	-2.977882	106	16	94	571.248
0.000000	1.310100	1.488307	103	19	21	571.057
-0.785398	2.588535	-2.976617	2	3	86	571.026
2.094395	0.571433	-1.188419	12	26	108	570.863
0.523599	1.662363	0.915448	0	17	22	570.816
-0.785398	1.617114	-1.572037	95	101	0	570.805
2.356194	1.545873	-1.877082	3	4	90	570.725
-0.785398	0.906588	1.252948	7	15	17	570.666
-0.785398	0.419640	2.974122	96	13	97	570.507
-1.308997	1.504028	0.636812	3	101	16	570.458
-0.261799	1.977582	0.969896	86	107	105	570.414
-3.141593	1.218453	2.777284	92	108	1	570.362
-2.879793	1.658653	-2.409879	20	9	95	570.221
-0.261799	1.448123	-2.163292	93	107	3	570.034
-2.356194	2.664082	-1.071402	106	102	13	570.016
1.832596	1.846342	-1.796954	19	103	99	569.978
1.308997	2.704512	1.488683	95	105	7	569.885
-1.832596	1.574060	2.783565	20	27	0	569.867
-2.094395	1.335669	0.897240	111	103	18	569.867
2.617994	1.367556	0.358405	85	14	7	569.848
0.523599	1.977582	0.969896	3	14	22	569.732
0.523599	1.554776	0.100351	97	0	94	569.696
-0.785398	0.914445	2.687814	0	18	94	569.578
-0.523599	1.870545	-2.976234	104	107	86	569.515
-0.523599	1.683268	0.374177	89	106	9	569.468
-1.308997	2.719179	-1.780644	97	107	95	569.461
-2.356194	1.218453	2.777284	22	17	8	569.344
0.261799	2.587733	0.232235	93	0	96	569.339
-0.261799	1.050534	3.042579	97	8	16	569.258
-0.261799	1.134497	-1.109631	12	94	92	569.148
-0.261799	1.135813	-2.658866	94	1	13	569.082
-1.047198	1.128190	-2.288622	3	23	16	569.069
0.523599	0.571433	-1.188419	90	105	0	568.980
-0.523599	2.180315	-1.357379	22	1	97	568.821
-2.617994	2.251330	-2.330739	26	106	101	568.818
1.570796	2.407836	1.410646	17	99	12	568.817
-2.094395	0.906588	1.252948	91	108	101	568.755
-3.141593	0.906588	1.252948	92	100	101	568.749
-2.617994	0.591903	2.010408	87	0	109	568.697
1.832596	1.014500	0.906702	106	95	8	568.686
-3.141593	1.756530	-2.105156	18	5	92	568.651
-1.832596	0.618092	2.539118	22	25	107	568.619
-2.356194	0.418037	1.360082	87	2	106	568.594
-2.617994	1.128190	-2.288622	106	13	94	568.591
-2.094395	0.379747	-1.713059	97	4	95	568.529
-2.879793	2.637879	2.121598	3	13	25	568.428
0.523599	2.164094	-2.991358	17	13	13	568.284
1.832596	0.906588	1.252948	107	93	6	568.260
-2.879793	1.218453	2.777284	17	3	93	568.219
2.094395	2.881233	-2.582574	90	111	1	568.129
-1.047198	0.906588	1.252948	16	19	11	568.050
1.047198	0.866395	-2.492918	9	90	98	568.026
1.570796	2.724429	-0.348782	9	27	110	567.965
-2.356194	1.168678	2.108595	19	18	6	567.949
-1.832596	0.866955	-0.931351	98	106	103	567.945
-1.570796	2.299159	2.264663	8	25	6	567.824
-1.308997	0.866395	-2.492918	94	3	18	567.644
-2.617994	1.413430	2.550734	20	16	10	567.460
-2.879793	0.419640	2.974122	97	102	12	567.444
1.570796	2.138223	1.678323	3	9	24	567.388
-0.785398	1.134497	-1.109631	98	104	13	567.364
-2.094395	1.998705	2.370472	18	24	4	567.104
0.261799	1.904882	-1.478089	16	9	94	567.040
2.094395	2.592629	0.909713	12	26	9	566.946
-3.141593	1.875281	0.107086	86	10	8	566.809
-0.785398	2.984978	1.954446	101	105	102	566.773
2.356194	1.128190	-2.288622	103	95	98	566.635
-2.356194	2.153910	-1.714959	24	105	97	566.597
0.000000	2.041297	-2.664597	102	98	110	566.400
1.047198	2.349581	-2.702517	105	108	97	566.352
2.094395	2.138223	1.678323	92	2	109	566.351
-2.094395	2.724429	-0.348782	106	95	8	566.333
-2.356194	1.569311	-3.003978	27	104	102	566.312
-0.261799	2.379497	0.561089	93	109	97	566.245
-0.523599	2.404280	-0.174044	95	99	104	566.086
1.832596	2.138223	1.678323	1	9	25	566.057
-3.141593	1.504028	0.636812	106	8	89	566.041
0.523599	0.674054	1.013609	98	25	11	566.010
2.617994	1.168678	2.108595	90	102	105	565.863
0.261799	1.696674	-1.253233	91	1	100	565.803
1.570796	2.251330	-2.330739	13	12	16	565.760
1.570796	1.846342	-1.796954	3	11	92	565.724
0.000000	1.872854	1.543456	104	2	20	565.557
-1.308997	2.588535	-2.976617	1	109	87	565.530
0.523599	1.413430	2.550734	96	108	12	565.497
1.308997	1.214854	-1.966664	14	100	96	565.483
2.617994	2.153910	-1.714959	91	8	102	565.324
-2.617994	2.063651	-2.044600	24	105	97	565.302
-1.832596	1.014500	0.906702	96	108	96	564.932
1.570796	1.168678	2.108595	85	6	102	564.792
-3.141593	1.510910	-0.740472	98	99	110	564.686
-2.617994	2.187132	-0.479875	92	1	9	564.606
2.617994	0.960688	-0.577532	92	109	100	564.579
1.308997	0.762244	-0.273349	93	110	0	564.579
2.094395	1.301460	-0.509251	89	111	94	564.432
-0.523599	1.599406	1.426070	3	3	21	564.322
-2.879793	0.709924	0.218797	94	106	7	564.263
2.356194	0.733948	3.021411	20	108	95	564.184
0.261799	0.762244	-0.273349	98	101	101	564.141
1.832596	1.812176	0.656819	2	21	14	564.129
0.523599	1.904882	-1.478089	93	109	102	564.070
2.356194	1.301460	-0.509251	92	108	94	564.030
2.879793	2.115563	0.685730	0	0	18	563.977
1.832596	0.831641	0.616218	93	18	13	563.781
-2.094395	1.696674	-1.253233	18	25	3	563.765
-1.047198	1.732874	-0.951685	96	100	111	563.670
0.000000	1.836682	-0.676006	27	7	103	563.669
0.785398	1.413430	2.550734	105	95	104	563.660
-1.832596	2.295480	1.008277	9	108	20	563.593
-1.832596	2.579248	-2.364801	91	110	97	563.584
1.570796	1.310100	1.488307	3	9	18	563.557
-0.785398	1.574060	2.783565	90	108	95	563.548
0.785398	1.325504	-1.671296	10	1	90	563.209
2.356194	1.606104	-0.451151	89	105	98	563.153
-3.141593	2.724429	-0.348782	13	14	91	563.103
0.523599	1.391910	3.030322	16	20	12	563.024
-0.785398	1.325504	-1.671296	9	28	4	562.984
-2.879793	1.617114	-1.572037	91	110	104	562.642
-3.141593	0.685216	-1.712745	101	110	94	562.503
-2.356194	1.836682	-0.676006	108	90	107	562.358
2.356194	1.310100	1.488307	85	109	103	562.263
2.617994	1.869911	2.701025	21	93	0	562.152
0.523599	1.417623	-0.202254	95	110	96	562.135
0.261799	1.555207	1.708892	97	14	20	562.131
0.000000	0.992645	-1.723759	17	111	93	562.084
2.356194	1.555207	1.708892	109	100	98	561.931
1.570796	1.367556	0.358405	97	18	17	561.896
0.261799	2.247462	0.191623	6	12	18	561.835
2.879793	2.295480	1.008277	9	3	18	561.823
1.308997	1.450119	-2.739050	88	6	101	561.735
-1.570796	1.732874	-0.951685	92	15	100	561.698
1.047198	1.948085	-2.363031	108	6	94	561.666
1.308997	2.187132	-0.479875	98	105	95	561.565
2.879793	1.256302	0.062705	88	10	8	561.426
-2.617994	1.766067	2.153843	4	5	25	561.424
2.094395	0.619654	-2.216909	105	99	91	561.270
1.308997	1.194549	-0.801900	16	25	97	561.233
0.785398	0.929350	-2.910676	108	14	92	561.222
0.785398	1.218453	2.777284	95	5	97	561.222
2.617994	1.134796	2.434290	92	101	105	561.131
0.785398	2.180315	-1.357379	110	97	95	561.063
-1.832596	2.724429	-0.348782	106	105	16	561.053
2.094395	0.290380	-0.796960	11	23	4	561.047
-1.832596	2.063651	-2.044600	17	103	96	560.957
-2.879793	2.247462	0.191623	91	11	12	560.876
1.308997	0.850607	-1.335383	18	97	95	560.822
1.832596	1.872854	1.543456	99	5	95	560.820
-2.356194	1.998705	2.370472	23	21	4	560.742
0.523599	0.496451	0.593859	103	0	97	560.724
1.832596	1.301460	-0.509251	88	4	93	560.691
1.047198	0.866955	-0.931351	97	103	102	560.678
0.785398	0.370812	-2.547742	9	95	93	560.580
-1.308997	1.025536	1.576859	24	18	7	560.486
-0.785398	1.555207	1.708892	82	7	101	560.425
0.785398	0.290380	-0.796960	96	100	111	560.409
2.617994	2.404280	-0.174044	89	18	9	560.387
0.000000	0.496451	0.593859	21	25	108	560.387
-0.261799	0.619654	-2.216909	102	108	16	560.336
1.570796	0.419640	2.974122	97	106	12	560.302
-3.141593	0.370812	-2.547742	95	2	100	560.297
0.000000	2.089241	-0.114193	93	105	100	560.200
-1.308997	0.831641	0.616218	87	108	101	559.844
2.356194	0.864993	2.278281	88	107	99	559.838
-1.570796	0.297065	2.160177	3	6	18	559.616
-3.141593	1.870545	-2.976234	20	92	103	559.524
0.523599	1.335669	0.897240	109	4	19	559.480
-0.523599	1.168678	2.108595	100	25	16	559.464
-1.570796	1.555207	1.708892	88	4	100	559.449
-0.785398	0.733948	3.021411	111	22	94	559.411
1.308997	2.063651	-2.044600	107	10	94	559.328
1.047198	1.413430	2.550734	93	3	99	559.269
-1.047198	1.617114	-1.572037	91	9	103	559.216
2.617994	1.256302	0.062705	94	105	92	559.172
1.570796	2.033014	2.977192	84	4	6	559.170
-3.141593	1.869911	2.701025	100	106	103	559.036
-2.617994	0.899350	-2.069907	106	108	93	559.019
-1.047198	1.982574	-1.115518	92	107	105	558.901
1.047198	0.929350	-2.910676	109	25	107	558.781
1.570796	0.619654	-2.216909	15	92	94	558.778
-1.308997	1.736875	3.023612	94	108	94	558.768
1.832596	0.685216	-1.712745	104	104	88	558.742
-0.261799	1.045978	0.343692	21	15	8	558.624
-2.879793	0.914445	2.687814	93	105	110	558.562
-1.308997	1.662363	0.915448	99	0	16	558.544
1.308997	1.606104	-0.451151	103	103	8	558.541
1.832596	2.719179	-1.780644	89	1	17	558.529
0.785398	0.418037	1.360082	92	7	100	558.429
1.832596	0.370812	-2.547742	10	7	19	558.419
-1.570796	0.619654	-2.216909	100	5	94	558.399
1.047198	1.504028	0.636812	104	20	19	558.377
-3.141593	2.104282	-0.813972	95	105	10	558.342
1.047198	0.906588	1.252948	96	21	17	558.313
-2.356194	2.984978	1.954446	109	15	24	558.195
-2.094395	0.700570	1.559208	94	105	102	558.059
-3.141593	1.982574	-1.115518	18	3	91	558.039
-2.879793	2.664082	-1.071402	90	111	2	557.978
1.047198	0.290380	-0.796960	97	103	104	557.928
2.879793	1.506530	1.988858	92	100	109	557.902
0.261799	1.545873	-1.877082	12	11	92	557.870
-1.570796	1.440580	2.260026	16	25	3	557.820
-1.570796	1.168678	2.108595	89	110	104	557.805
1.047198	1.194549	-0.801900	97	103	101	557.745
-2.879793	1.391910	3.030322	14	111	92	557.740
-1.047198	1.555207	1.708892	19	25	4	557.641
2.617994	0.700570	1.559208	90	104	98	557.476
-2.617994	0.929350	-2.910676	15	24	106	557.453
0.261799	1.214854	-1.966664	6	93	95	557.396
1.570796	0.458961	-0.107937	98	26	3	557.390
2.356194	1.554776	0.100351	85	19	4	557.367
-3.141593	1.977582	0.969896	2	110	19	557.219
2.356194	0.290380	-0.796960	95	4	97	557.208
2.094395	0.960688	-0.577532	94	3	90	557.198
1.570796	1.184361	0.625864	97	22	16	557.029
-0.523599	1.413347	-1.339188	91	2	102	556.953
-2.356194	0.203748	0.590255	104	104	12	556.872
1.570796	0.290380	-0.796960	18	25	101	556.863
-1.047198	2.704512	1.488683	97	106	15	556.833
-1.570796	2.456751	-1.503343	88	106	102	556.710
-1.832596	2.089241	-0.114193	99	8	93	556.402
1.308997	1.488617	1.159546	102	6	95	556.391
-1.308997	1.869911	2.701025	92	5	92	556.368
2.094395	1.256302	0.062705	85	7	95	556.348
1.308997	1.113094	-0.272241	95	109	4	556.340
-2.617994	0.906588	1.252948	4	10	93	556.270
-1.570796	2.478122	2.609777	0	7	85	556.140
-1.570796	0.910508	1.903534	22	16	10	556.115
2.356194	0.899350	-2.069907	106	100	91	555.996
0.785398	1.135813	-2.658866	109	15	92	555.947
-1.832596	2.588535	-2.976617	92	109	98	555.879
-0.523599	2.343981	-1.040456	26	3	101	555.826
2.356194	1.662363	0.915448	88	103	110	555.800
-2.617994	1.948085	-2.363031	25	107	98	555.733
-1.832596	2.478122	2.609777	14	27	0	555.654
0.261799	1.569311	-3.003978	103	100	102	555.591
2.617994	0.290380	-0.796960	96	2	97	555.518
0.000000	2.724429	-0.348782	92	111	98	555.516
-1.047198	1.417623	-0.202254	9	25	7	555.514
2.356194	0.080730	-2.622036	90	111	106	555.468
-3.141593	1.135813	-2.658866	95	109	4	555.460
-0.261799	1.134796	2.434290	95	24	13	555.445
2.879793	1.683268	0.374177	87	12	11	555.374
2.879793	1.168678	2.108595	2	111	18	555.254
-1.832596	2.719179	-1.780644	26	101	106	555.218
-3.141593	1.448123	-2.163292	1	94	9	555.128
-3.141593	1.741644	-2.695914	25	97	103	555.051
1.047198	2.089241	-0.114193	94	111	3	554.998
-1.047198	1.450119	-2.739050	96	98	103	554.990
0.000000	0.733948	3.021411	92	7	98	554.945
-0.261799	1.242974	-2.977882	94	1	12	554.855
-2.094395	1.809167	1.213774	94	13	14	554.710
1.832596	1.545873	-1.877082	20	104	101	554.700
-0.261799	1.721184	-0.153948	23	26	0	554.685
0.000000	2.478122	2.609777	91	110	15	554.650
2.356194	1.599406	1.426070	7	92	12	554.416
2.094395	2.719179	-1.780644	91	0	17	554.408
-0.261799	1.699788	2.452890	98	109	10	554.332
-3.141593	2.063651	-2.044600	92	106	110	554.302
-2.617994	1.391910	3.030322	13	109	92	554.287
-2.617994	0.618092	2.539118	98	1	99	554.255
2.094395	1.948085	-2.363031	16	87	105	554.234
2.617994	1.413347	-1.339188	99	98	99	554.226
-2.617994	1.014500	0.906702	107	103	17	554.203
0.523599	1.134497	-1.109631	91	104	108	554.143
0.785398	0.992645	-1.723759	17	110	93	554.121
-1.047198	1.488617	1.159546	3	110	20	554.073
0.785398	1.756530	-2.105156	7	12	92	553.989
-2.879793	0.929350	-2.910676	95	107	1	553.811
-0.261799	0.418037	1.360082	104	28	4	553.707
-1.308997	1.440580	2.260026	87	10	93	553.645
-0.785398	2.456751	-1.503343	97	102	99	553.581
1.308997	1.168678	2.108595	86	10	102	553.410
-1.832596	1.168678	2.108595	20	16	13	553.236
1.832596	1.809167	1.213774	110	12	21	553.231
-0.523599	1.732874	-0.951685	23	108	96	553.186
0.261799	1.736875	3.023612	94	110	106	553.049
0.000000	1.488617	1.159546	86	105	107	553.046
-2.094395	1.982574	-1.115518	9	14	93	553.043
-2.879793	0.733948	3.021411	96	0	101	552.937
-0.523599	2.089241	-0.114193	90	108	102	552.926
0.000000	1.045978	0.343692	106	107	92	552.847
1.047198	2.478122	2.609777	19	21	9	552.847
1.832596	1.504028	0.636812	6	10	89	552.833
2.879793	2.396274	-1.959260	97	104	9	552.769
-2.617994	2.588535	-2.976617	28	1	108	552.714
-2.356194	1.413430	2.550734	21	17	10	552.675
1.047198	0.615174	-0.666022	98	104	101	552.646
-1.047198	2.393226	1.857173	100	105	96	552.612
-2.356194	1.242974	-2.977882	28	107	99	552.520
-2.617994	1.869911	2.701025	89	0	105	552.495
2.094395	1.506530	1.988858	101	105	99	552.485
2.879793	0.297065	2.160177	110	106	18	552.480
0.261799	0.866395	-2.492918	110	12	89	552.446
-3.141593	1.569311	-3.003978	96	108	102	552.307
0.000000	1.113094	-0.272241	96	100	99	552.267
1.570796	1.555207	1.708892	101	9	96	552.195
1.570796	1.683268	0.374177	15	19	8	552.191
-0.523599	0.866395	-2.492918	95	2	99	552.146
-0.523599	2.724429	-0.348782	100	96	99	552.075
-1.570796	0.929350	-2.910676	3	5	90	551.976
-2.617994	1.872854	1.543456	5	20	14	551.913
-0.261799	2.153910	-1.714959	9	0	16	551.735
-1.047198	1.510910	-0.740472	88	5	102	551.732
0.261799	2.404280	-0.174044	27	8	1	551.703
1.570796	0.899350	-2.069907	13	93	94	551.644
-0.523599	0.910508	1.903534	100	27	9	551.567
-0.785398	1.218453	2.777284	88	105	107	551.529
2.356194	0.615174	-0.666022	108	16	24	551.504
1.047198	0.961715	0.014085	103	106	95	551.493
-0.523599	2.356369	3.005869	109	0	86	551.473
0.523599	1.135813	-2.658866	111	12	92	551.451
-0.261799	0.203748	0.590255	108	109	20	551.441
-0.785398	0.458961	-0.107937	86	111	106	551.300
-2.094395	0.914445	2.687814	22	18	7	551.045
0.261799	0.906588	1.252948	96	24	10	551.029
-2.617994	1.510910	-0.740472	99	103	2	550.920
0.523599	0.709924	0.218797	20	26	108	550.912
-0.523599	0.762244	-0.273349	86	107	104	550.901
2.356194	1.658653	-2.409879	91	110	104	550.900
-2.617994	1.809167	1.213774	95	98	6	550.875
-0.785398	1.214854	-1.966664	98	102	8	550.818
-1.308997	0.700570	1.559208	17	20	7	550.721
-0.261799	0.674054	1.013609	96	5	99	550.691
0.261799	2.979456	-1.009304	110	19	23	550.641
-2.617994	0.733948	3.021411	90	110	111	550.531
-0.261799	1.247695	1.809890	102	21	20	550.505
0.261799	2.187132	-0.479875	15	106	18	550.504
-0.261799	2.587733	0.232235	96	104	97	550.306
1.308997	0.379747	-1.713059	20	91	100	550.170
-0.785398	0.619654	-2.216909	91	17	13	550.118
-1.308997	1.184361	0.625864	100	105	93	550.077
-1.308997	1.014500	0.906702	25	2	10	549.803
2.879793	2.251330	-2.330739	93	106	107	549.795
-2.617994	1.574060	2.783565	27	102	107	549.634
1.832596	0.762244	-0.273349	13	25	110	549.586
-2.617994	2.760637	2.781135	100	108	14	549.566
2.356194	0.960688	-0.577532	95	0	90	549.558
2.094395	1.756530	-2.105156	0	3	92	549.541
2.094395	0.615174	-0.666022	13	25	111	549.430
0.000000	1.875281	0.107086	94	103	103	549.404
-2.617994	0.700570	1.559208	85	4	107	549.372
-2.094395	0.619654	-2.216909	1	110	91	549.254
1.570796	2.001437	0.381215	89	0	108	549.235
-0.523599	2.979456	-1.009304	7	13	22	549.225
1.570796	1.545873	-1.877082	13	101	96	549.138
-0.261799	0.831641	0.616218	16	20	9	549.003
1.832596	1.658653	-2.409879	83	111	111	548.912
-2.094395	0.203748	0.590255	84	8	109	548.709
-0.785398	1.982574	-1.115518	20	100	98	548.630
-2.617994	2.407836	1.410646	91	109	94	548.592
0.261799	2.881233	-2.582574	102	106	97	548.447
-1.308997	1.135813	-2.658866	17	2	93	548.395
0.523599	1.218453	2.777284	89	4	105	548.353
2.356194	2.379497	0.561089	94	2	92	548.273
2.617994	0.080730	-2.622036	96	100	9	548.241
-2.356194	1.195355	1.200319	90	111	99	548.181
1.308997	1.367556	0.358405	17	7	90	548.080
0.000000	0.685216	-1.712745	17	106	94	548.067
1.832596	1.391910	3.030322	5	85	102	548.027
2.094395	0.458961	-0.107937	95	8	92	547.886
1.047198	1.417623	-0.202254	14	22	7	547.885
1.308997	1.510910	-0.740472	14	25	97	547.835
-2.617994	0.418037	1.360082	106	104	14	547.622
-3.141593	1.128190	-2.288622	97	109	98	547.593
2.879793	2.001437	0.381215	88	14	13	547.540
-2.356194	1.050534	3.042579	28	106	100	547.526
2.617994	0.709924	0.218797	90	14	10	547.473
0.785398	1.545873	-1.877082	8	7	90	547.406
-0.523599	0.992645	-1.723759	15	109	91	547.401
0.523599	1.325504	-1.671296	12	94	96	547.274
-0.523599	2.033014	2.977192	100	111	87	547.208
-0.261799	1.569311	-3.003978	96	108	10	547.114
-1.570796	2.104282	-0.813972	87	8	105	547.113
-2.879793	0.618092	2.539118	90	110	107	546.989
-0.785398	1.025536	1.576859	13	5	16	546.974
0.785398	0.762244	-0.273349	16	26	106	546.885
1.047198	1.766067	2.153843	103	95	108	546.828
-2.617994	1.504028	0.636812	108	104	17	546.753
1.832596	1.824694	1.850876	108	5	24	546.749
-0.785398	0.961715	0.014085	87	108	100	546.649
1.047198	0.992645	-1.723759	94	103	4	546.521
0.785398	0.899350	-2.069907	9	89	96	546.243
-0.523599	1.310100	1.488307	15	29	2	546.237
-2.094395	2.108018	1.311430	93	16	13	546.224
-0.523599	2.379497	0.561089	2	104	18	546.222
0.261799	0.831641	0.616218	20	99	96	546.138
-1.047198	2.637879	2.121598	97	104	104	546.028
0.785398	1.433411	-1.035986	93	105	104	545.991
1.047198	2.704512	1.488683	21	95	110	545.749
0.523599	1.184361	0.625864	90	102	10	545.639
0.523599	2.587733	0.232235	95	109	96	545.568
-2.356194	2.180315	-1.357379	12	14	93	545.412
0.261799	1.310100	1.488307	100	19	21	545.386
1.570796	1.554776	0.100351	13	21	8	545.289
1.832596	0.591903	2.010408	13	6	17	545.275
-3.141593	0.496451	0.593859	92	105	2	545.241
-2.356194	2.704512	1.488683	95	104	94	545.200
-0.261799	0.496451	0.593859	25	15	4	545.158
-1.308997	1.506530	1.988858	87	14	95	544.933
0.785398	2.984978	1.954446	101	23	9	544.858
1.570796	1.909857	-0.381669	5	29	104	544.684
0.261799	1.870545	-2.976234	94	0	102	544.616
-1.047198	0.591903	2.010408	9	4	15	544.615
-2.879793	2.760637	2.781135	28	7	0	544.604
2.879793	1.184361	0.625864	109	15	91	544.472
0.000000	2.592629	0.909713	0	103	17	544.373
2.356194	2.138223	1.678323	94	0	106	544.286
-1.832596	1.545873	-1.877082	17	14	91	544.164
1.832596	0.910508	1.903534	87	2	98	544.066
-1.308997	2.174483	2.653697	97	4	92	544.060
2.094395	1.450119	-2.739050	94	107	101	544.011
-0.523599	1.824694	1.850876	94	111	91	543.997
-2.094395	1.836682	-0.676006	100	17	96	543.984
-1.570796	1.247695	1.809890	19	14	15	543.890
1.308997	0.290380	-0.796960	96	1	103	543.777
-2.356194	1.555207	1.708892	96	110	95	543.777
2.356194	1.433411	-1.035986	95	101	97	543.686
1.308997	1.135834	-1.431087	21	100	105	543.685
-1.047198	0.080730	-2.622036	94	4	96	543.683
-2.356194	1.134497	-1.109631	103	102	101	543.669
2.879793	1.812176	0.656819	104	4	89	543.625
-1.570796	2.719179	-1.780644	97	110	94	543.603
0.523599	1.450119	-2.739050	109	107	94	543.518
-1.570796	1.184361	0.625864	99	109	93	543.383
0.000000	1.617114	-1.572037	16	6	93	543.376
-2.879793	2.478122	2.609777	98	106	12	543.247
0.000000	1.510910	-0.740472	26	0	101	543.082
-0.785398	1.721184	-0.153948	91	110	101	543.070
-2.094395	1.545873	-1.877082	17	14	90	543.028
1.308997	1.134497	-1.109631	100	98	110	542.979
1.570796	1.050534	3.042579	84	3	103	542.935
-2.356194	2.001437	0.381215	94	6	14	542.930
-0.261799	1.367556	0.358405	6	16	18	542.862
-3.141593	2.592629	0.909713	95	109	91	542.699
1.308997	1.256302	0.062705	98	105	110	542.648
0.000000	0.418037	1.360082	104	29	7	542.597
1.308997	0.080730	-2.622036	17	89	104	542.589
0.261799	0.709924	0.218797	16	22	7	542.371
1.832596	1.128190	-2.288622	14	101	94	542.232
1.308997	1.809167	1.213774	10	8	17	542.195
-2.094395	2.592629	0.909713	100	0	91	542.179
1.832596	1.242974	-2.977882	7	84	100	542.127
0.000000	0.297065	2.160177	94	12	98	542.045
2.879793	0.929350	-2.910676	91	0	1	542.019
-1.308997	2.664082	-1.071402	27	100	108	541.991
-2.617994	1.836682	-0.676006	93	109	9	541.953
2.879793	1.335669	0.897240	92	101	101	541.907
-0.261799	2.356369	3.005869	98	104	107	541.526
0.785398	1.662363	0.915448	9	13	17	541.524
2.094395	2.393226	1.857173	90	3	3	541.481
2.879793	1.488617	1.159546	89	100	111	541.406
0.000000	1.809167	1.213774	111	1	20	541.180
-1.832596	1.732874	-0.951685	100	104	104	540.955
2.617994	2.760637	2.781135	24	96	4	540.944
-1.832596	1.050534	3.042579	7	6	90	540.917
-2.879793	1.809167	1.213774	91	4	95	540.879
2.356194	1.977582	0.969896	92	2	98	540.857
-0.785398	1.506530	1.988858	84	3	100	540.798
1.308997	2.592629	0.909713	26	3	1	540.767
-1.047198	2.719179	-1.780644	105	101	94	540.711
-2.356194	1.545873	-1.877082	17	14	90	540.647
1.570796	2.587733	0.232235	11	28	2	540.414
-0.523599	1.113094	-0.272241	28	4	110	540.310
-0.523599	1.247695	1.809890	103	21	19	540.300
-1.570796	2.407836	1.410646	97	103	14	540.279
2.617994	2.637879	2.121598	92	0	111	540.237
2.094395	1.045978	0.343692	93	19	12	540.234
-0.261799	1.875281	0.107086	92	104	105	540.172
-2.094395	1.488617	1.159546	19	106	97	540.135
0.000000	1.699788	2.452890	92	15	19	540.014
2.617994	0.910508	1.903534	88	102	106	539.933
0.000000	0.961715	0.014085	17	14	86	539.854
0.785398	1.824694	1.850876	101	110	18	539.758
-2.356194	2.579248	-2.364801	27	106	106	539.698
-2.879793	2.456751	-1.503343	104	101	12	539.667
-0.261799	1.194549	-0.801900	16	95	93	539.631
-2.094395	1.325504	-1.671296	109	107	94	539.597
-2.356194	2.588535	-2.976617	28	5	108	539.476
-1.570796	2.588535	-2.976617	99	106	95	539.380
-0.261799	0.910508	1.903534	100	26	14	539.364
1.570796	0.914445	2.687814	84	4	101	539.232
0.261799	1.812176	0.656819	10	15	16	539.214
1.308997	0.733948	3.021411	100	1	93	539.100
1.832596	1.869911	2.701025	102	106	96	539.092
2.094395	1.872854	1.543456	86	110	0	539.091
2.356194	2.180315	-1.357379	88	108	7	538.999
-2.617994	1.195355	1.200319	89	6	99	538.966
-2.094395	0.674054	1.013609	85	1	105	538.927
2.879793	1.766067	2.153843	92	101	2	538.920
2.879793	1.025536	1.576859	91	99	105	538.697
0.261799	1.195355	1.200319	108	108	18	538.630
2.617994	2.104282	-0.813972	88	108	7	538.586
0.000000	2.153910	-1.714959	10	0	17	538.486
-1.570796	2.356369	3.005869	108	1	85	538.401
-2.094395	1.732874	-0.951685	100	19	98	538.372
-3.141593	2.299159	2.264663	98	104	5	538.366
-1.308997	0.418037	1.360082	20	17	6	538.352
-2.356194	0.864993	2.278281	109	105	18	538.311
-0.523599	2.393226	1.857173	98	109	18	538.183
-0.261799	1.025536	1.576859	105	23	19	538.070
-2.617994	2.138223	1.678323	11	18	14	538.058
2.356194	1.574060	2.783565	101	108	97	537.917
-0.523599	2.349581	-2.702517	109	27	105	537.914
-0.523599	0.709924	0.218797	92	102	103	537.888
1.047198	1.128190	-2.288622	8	90	96	537.821
2.356194	2.704512	1.488683	94	111	6	537.807
0.000000	1.554776	0.100351	3	17	17	537.773
-1.308997	1.948085	-2.363031	96	105	93	537.736
-2.094395	1.846342	-1.796954	6	11	18	537.707
1.570796	1.135813	-2.658866	104	2	92	537.567
1.308997	1.662363	0.915448	92	7	103	537.541
0.261799	2.089241	-0.114193	5	16	16	537.515
