100	1.2	0
-1.832596	0.709924	0.218797
0.273502	2.637535	-1.037323
../4v7g_monomer_m.pdb	54.294	-73.960	52.006
../4v7g_monomer_m.pdb	75.771	72.385	-4.712
0.523599	2.138223	1.678323	19	3	96	1584.239
0.523599	0.992645	-1.723759	91	73	89	1506.633
0.785398	1.214854	-1.966664	93	72	98	1355.219
-1.570796	1.504028	0.636812	14	18	7	1337.091
0.261799	1.413347	-1.339188	81	82	84	1321.431
0.785398	1.325504	-1.671296	94	72	94	1307.035
0.000000	2.251330	-2.330739	76	86	98	1278.943
0.000000	1.433411	-1.035986	83	86	80	1275.567
-1.832596	1.256302	0.062705	77	85	89	1271.852
2.356194	1.545873	-1.877082	89	89	94	1270.470
-1.570796	0.961715	0.014085	78	82	91	1258.765
-0.785398	0.458961	-0.107937	0	70	94	1257.166
-1.832596	1.662363	0.915448	17	17	4	1256.793
-3.141593	1.872854	1.543456	8	80	82	1246.808
0.261799	1.325504	-1.671296	79	82	89	1246.442
-1.570796	1.256302	0.062705	79	82	89	1243.611
0.785398	2.863997	0.549740	18	10	93	1228.647
0.523599	1.433411	-1.035986	88	77	86	1217.097
0.000000	2.704512	1.488683	27	3	8	1207.770
2.094395	0.992645	-1.723759	80	96	98	1207.608
0.523599	1.696674	-1.253233	82	82	83	1202.976
0.000000	1.325504	-1.671296	19	7	24	1202.097
0.000000	1.310100	1.488307	25	4	4	1198.538
-0.523599	0.418037	1.360082	23	96	18	1197.068
-1.832596	2.108018	1.311430	84	78	89	1194.929
0.785398	0.992645	-1.723759	95	72	96	1193.547
-2.617994	2.592629	0.909713	78	89	83	1191.240
-1.570796	2.984978	1.954446	79	84	86	1189.105
-1.308997	1.683268	0.374177	84	78	89	1187.192
-0.785398	2.349581	-2.702517	74	93	1	1184.977
2.617994	1.658653	-2.409879	90	89	98	1184.846
-3.141593	1.766067	2.153843	99	83	97	1182.381
-1.832596	1.683268	0.374177	81	81	85	1179.200
1.570796	0.961715	0.014085	22	6	97	1177.364
-0.523599	1.135834	-1.431087	17	6	25	1175.455
2.094395	1.433411	-1.035986	88	88	8	1172.159
0.000000	2.881233	-2.582574	78	85	86	1171.224
-0.261799	2.108018	1.311430	26	1	4	1165.883
0.523599	1.325504	-1.671296	91	74	86	1164.781
0.785398	1.909857	-0.381669	85	90	78	1164.117
-1.047198	2.138223	1.678323	96	71	99	1160.558
2.879793	1.256302	0.062705	92	86	99	1158.856
-1.570796	1.662363	0.915448	15	18	5	1157.119
-1.570796	1.335669	0.897240	13	20	2	1153.385
-1.308997	1.554776	0.100351	85	78	87	1151.674
2.356194	1.391910	3.030322	87	92	94	1151.027
-1.308997	1.599406	1.426070	99	71	96	1149.877
-0.523599	2.349581	-2.702517	74	90	0	1149.665
0.785398	1.756530	-2.105156	94	73	86	1148.975
0.523599	1.606104	-0.451151	83	88	80	1148.675
1.570796	2.356369	3.005869	24	1	18	1144.983
1.047198	1.812176	0.656819	20	6	95	1142.770
-2.094395	2.592629	0.909713	82	82	84	1140.826
1.832596	1.413430	2.550734	85	97	87	1136.956
0.261799	1.433411	-1.035986	84	83	80	1136.068
2.617994	1.113094	-0.272241	91	89	91	1135.260
-1.832596	1.367556	0.358405	79	82	87	1133.432
0.000000	1.948085	-2.363031	76	86	1	1133.065
-1.832596	2.295480	1.008277	82	78	89	1131.369
-1.570796	2.138223	1.678323	88	75	92	1131.329
-1.832596	1.977582	0.969896	85	79	90	1130.398
0.261799	1.488617	1.159546	23	8	99	1130.059
-2.356194	1.875281	0.107086	76	90	85	1128.770
2.617994	1.662363	0.915448	1	82	86	1128.333
1.047198	1.214854	-1.966664	97	72	98	1126.457
0.785398	1.545873	-1.877082	93	72	94	1126.344
-0.261799	1.135834	-1.431087	17	9	25	1125.611
2.094395	0.685216	-1.712745	79	95	96	1124.888
-0.523599	1.741644	-2.695914	81	81	92	1122.455
-1.570796	1.812176	0.656819	83	79	88	1120.571
-2.356194	2.379497	0.561089	81	80	87	1120.428
-1.832596	2.393226	1.857173	80	85	85	1120.018
-1.047198	0.591903	2.010408	19	98	23	1119.671
-1.308997	1.812176	0.656819	86	76	89	1119.390
-0.785398	2.356369	3.005869	75	88	5	1118.590
0.000000	1.413347	-1.339188	80	85	83	1118.589
0.261799	1.214854	-1.966664	77	82	94	1118.439
-0.785398	1.599406	1.426070	7	73	5	1116.344
0.261799	2.063651	-2.044600	78	84	96	1115.946
2.879793	1.872854	1.543456	6	77	82	1113.969
1.832596	1.417623	-0.202254	12	9	87	1110.502
-1.832596	0.961715	0.014085	75	86	91	1108.562
-1.832596	0.615174	-0.666022	74	7	91	1108.353
0.785398	1.433411	-1.035986	92	75	88	1105.529
0.261799	1.617114	-1.572037	88	78	82	1105.528
2.617994	1.448123	-2.163292	88	88	0	1104.454
-1.832596	1.504028	0.636812	17	18	7	1104.178
-2.356194	1.413430	2.550734	2	82	84	1101.660
0.785398	1.448123	-2.163292	92	72	98	1100.744
1.308997	2.356369	3.005869	23	98	19	1100.463
-1.570796	0.831641	0.616218	80	82	92	1099.641
0.261799	2.881233	-2.582574	81	82	86	1099.638
-3.141593	1.617114	-1.572037	98	84	0	1096.478
-2.617994	1.506530	1.988858	4	84	81	1095.301
-0.785398	1.756530	-2.105156	74	5	93	1094.642
-2.879793	1.510910	-0.740472	16	3	23	1094.037
-0.785398	0.961715	0.014085	85	84	79	1093.069
-1.308997	1.417623	-0.202254	82	81	84	1091.922
-1.308997	1.135813	-2.658866	0	70	91	1091.468
2.094395	0.850607	-1.335383	80	89	2	1091.352
-1.570796	1.184361	0.625864	14	19	5	1089.699
-1.570796	1.872854	1.543456	87	76	93	1087.712
0.261799	1.696674	-1.253233	80	85	81	1086.962
1.308997	1.113094	-0.272241	24	7	99	1085.148
0.523599	1.301460	-0.509251	84	84	82	1083.908
-0.523599	2.356369	3.005869	76	85	5	1083.692
-0.261799	1.128190	-2.288622	82	81	89	1083.528
0.523599	1.904882	-1.478089	85	77	89	1082.420
0.261799	2.579248	-2.364801	79	82	88	1082.232
0.523599	1.756530	-2.105156	91	75	85	1081.517
-1.570796	2.393226	1.857173	82	82	86	1081.348
0.785398	2.251330	-2.330739	79	83	85	1080.950
-1.308997	1.872854	1.543456	98	71	97	1080.394
-2.356194	2.115563	0.685730	79	81	87	1079.361
-1.570796	1.367556	0.358405	14	17	10	1079.139
-1.570796	1.809167	1.213774	17	17	2	1078.873
-2.879793	1.872854	1.543456	9	82	82	1078.694
-1.570796	1.554776	0.100351	81	82	87	1078.340
-1.570796	0.615174	-0.666022	74	3	92	1078.204
-1.570796	1.599406	1.426070	88	75	94	1075.597
2.879793	2.108018	1.311430	7	77	84	1074.581
1.308997	2.404280	-0.174044	83	89	80	1074.381
1.570796	0.899350	-2.069907	13	73	98	1074.271
0.523599	0.203748	0.590255	26	3	16	1072.886
0.523599	1.135834	-1.431087	92	73	92	1072.859
1.832596	1.721184	-0.153948	87	89	2	1070.282
1.047198	0.992645	-1.723759	99	71	97	1069.684
1.047198	2.251330	-2.330739	7	72	98	1069.655
-1.308997	2.356369	3.005869	74	96	5	1068.544
2.617994	1.374601	-2.456031	88	88	97	1068.534
0.785398	1.413347	-1.339188	89	74	90	1068.199
2.094395	1.617114	-1.572037	23	3	98	1068.174
0.523599	1.732874	-0.951685	84	85	79	1067.335
2.356194	1.658653	-2.409879	89	90	98	1066.066
2.094395	2.592629	0.909713	99	72	90	1065.782
2.879793	1.766067	2.153843	97	84	97	1065.526
-1.308997	1.809167	1.213774	94	71	97	1064.502
-2.094395	1.367556	0.358405	77	85	87	1063.936
-1.832596	2.704512	1.488683	79	84	86	1062.497
-1.308997	1.555207	1.708892	99	72	2	1061.964
-2.617994	2.881233	-2.582574	20	8	96	1061.051
-1.047198	1.367556	0.358405	93	73	91	1059.955
-2.094395	1.683268	0.374177	78	84	86	1059.764
-0.523599	0.458961	-0.107937	98	71	4	1059.722
-0.523599	0.961715	0.014085	87	83	79	1059.510
-0.523599	1.872854	1.543456	14	75	4	1059.503
1.570796	1.606104	-0.451151	86	87	6	1057.021
2.094395	1.301460	-0.509251	15	5	87	1056.864
2.094395	1.325504	-1.671296	81	97	0	1055.144
-0.261799	1.741644	-2.695914	83	78	94	1054.698
-1.308997	1.134497	-1.109631	83	81	86	1053.906
-1.308997	0.961715	0.014085	80	79	91	1053.113
2.617994	2.704512	1.488683	97	73	88	1049.736
-2.879793	1.599406	1.426070	73	3	98	1049.405
2.879793	1.128190	-2.288622	87	85	98	1048.753
-1.570796	1.113094	-0.272241	17	11	12	1047.516
2.094395	1.904882	-1.478089	20	2	94	1047.231
2.879793	1.809167	1.213774	9	78	87	1046.764
-3.141593	1.488617	1.159546	75	8	95	1046.599
0.785398	1.846342	-1.796954	90	73	93	1046.383
2.356194	1.374601	-2.456031	87	91	97	1045.447
-2.879793	1.025536	1.576859	74	1	91	1044.632
0.523599	2.180315	-1.357379	77	88	85	1043.942
-1.308997	1.256302	0.062705	81	80	88	1043.447
0.261799	1.301460	-0.509251	82	87	81	1043.246
0.261799	2.251330	-2.330739	89	77	85	1043.085
-1.832596	2.115563	0.685730	83	78	90	1042.784
-1.047198	0.418037	1.360082	3	71	93	1041.640
1.047198	0.685216	-1.712745	8	71	97	1041.136
2.356194	2.592629	0.909713	4	73	90	1040.301
0.261799	1.391910	3.030322	94	74	4	1039.994
0.261799	1.135834	-1.431087	14	11	25	1039.583
-1.832596	1.872854	1.543456	83	78	93	1038.700
0.000000	1.617114	-1.572037	85	79	82	1038.249
-0.523599	1.325504	-1.671296	19	2	24	1038.056
-2.094395	1.977582	0.969896	79	84	87	1037.910
2.356194	1.875281	0.107086	92	86	3	1037.790
0.523599	1.836682	-0.676006	82	89	81	1037.587
0.000000	1.870545	-2.976234	87	75	95	1037.359
1.308997	2.063651	-2.044600	7	72	98	1036.766
1.308997	2.251330	-2.330739	10	73	99	1036.170
-3.141593	1.869911	2.701025	95	83	3	1035.078
-3.141593	2.174483	2.653697	85	80	79	1034.880
1.832596	1.135834	-1.431087	82	96	1	1034.754
1.832596	1.194549	-0.801900	23	8	99	1034.384
-0.785398	2.637879	2.121598	91	72	96	1032.905
-1.570796	2.108018	1.311430	88	74	95	1032.530
-1.832596	2.592629	0.909713	83	78	89	1032.522
0.785398	1.391910	3.030322	95	72	97	1032.288
-0.261799	1.135813	-2.658866	81	82	92	1031.973
-2.094395	2.704512	1.488683	77	87	86	1031.620
-1.570796	1.310100	1.488307	93	72	95	1031.491
-2.879793	1.662363	0.915448	74	3	91	1030.612
1.570796	1.194549	-0.801900	23	5	98	1030.484
-3.141593	2.984978	1.954446	97	72	92	1030.259
2.356194	2.881233	-2.582574	25	98	3	1030.141
0.261799	1.948085	-2.363031	89	76	89	1030.110
1.047198	1.909857	-0.381669	85	87	79	1028.506
-0.523599	1.658653	-2.409879	74	94	4	1027.861
-1.570796	1.247695	1.809890	93	74	98	1027.456
-2.094395	2.379497	0.561089	84	79	82	1027.020
0.523599	1.982574	-1.115518	84	81	84	1026.644
0.785398	1.113094	-0.272241	13	81	77	1025.810
1.832596	0.850607	-1.335383	80	94	98	1025.212
-0.523599	1.448123	-2.163292	73	1	95	1025.074
-1.832596	1.555207	1.708892	88	74	97	1024.515
0.261799	1.732874	-0.951685	83	87	78	1024.433
0.785398	2.343981	-1.040456	78	88	82	1023.647
-1.308997	1.335669	0.897240	97	72	83	1023.134
-0.523599	2.760637	2.781135	81	80	91	1023.125
1.570796	1.391910	3.030322	85	2	91	1023.115
2.617994	1.554776	0.100351	92	86	0	1022.488
2.356194	1.242974	-2.977882	85	93	92	1022.484
2.094395	1.135834	-1.431087	81	92	2	1021.745
0.523599	1.545873	-1.877082	89	74	87	1021.630
2.617994	1.574060	2.783565	91	85	5	1021.564
2.094395	1.450119	-2.739050	91	93	83	1021.189
-0.523599	2.138223	1.678323	9	73	5	1020.992
-2.617994	0.866955	-0.931351	92	26	99	1020.450
1.047198	2.592629	0.909713	85	74	96	1020.375
-1.832596	1.025536	1.576859	82	81	91	1020.281
-2.094395	1.413430	2.550734	3	82	84	1019.864
0.523599	1.214854	-1.966664	88	73	90	1019.837
0.261799	1.310100	1.488307	28	8	11	1019.762
1.308997	2.033014	2.977192	20	98	22	1019.667
1.570796	2.089241	-0.114193	79	94	78	1018.915
2.356194	2.863997	0.549740	78	85	90	1018.289
2.879793	1.367556	0.358405	96	85	1	1018.205
1.047198	2.187132	-0.479875	83	87	81	1018.126
-1.570796	0.910508	1.903534	97	73	0	1017.423
1.570796	1.113094	-0.272241	17	6	88	1017.356
0.523599	2.579248	-2.364801	82	80	87	1017.232
-0.261799	1.134497	-1.109631	80	84	83	1016.727
-0.785398	1.545873	-1.877082	74	5	91	1016.668
1.832596	1.218453	2.777284	86	0	88	1016.433
0.785398	2.587733	0.232235	19	7	93	1016.364
-0.785398	1.195355	1.200319	12	73	93	1016.056
-0.523599	1.756530	-2.105156	73	2	93	1015.790
-2.094395	2.108018	1.311430	80	82	89	1015.750
2.094395	1.448123	-2.163292	85	94	96	1015.436
-0.523599	0.615174	-0.666022	85	79	83	1015.415
2.617994	1.128190	-2.288622	86	87	98	1015.215
1.308997	1.554776	0.100351	18	7	92	1013.972
1.832596	0.992645	-1.723759	82	1	94	1013.008
-0.523599	2.251330	-2.330739	73	94	99	1012.825
-0.785398	2.760637	2.781135	78	82	91	1012.501
-2.094395	1.335669	0.897240	77	83	96	1012.420
1.047198	1.869911	2.701025	19	99	23	1012.179
-0.523599	2.863997	0.549740	26	4	0	1011.963
-1.832596	1.824694	1.850876	89	75	96	1011.781
0.261799	1.977582	0.969896	78	89	82	1011.614
0.785398	2.138223	1.678323	22	4	97	1011.225
-2.356194	2.979456	-1.009304	24	99	98	1010.510
-2.879793	1.555207	1.708892	74	2	2	1010.449
-2.879793	2.863997	0.549740	80	87	81	1009.810
1.570796	1.367556	0.358405	16	9	93	1009.697
1.570796	1.301460	-0.509251	21	10	96	1009.205
2.879793	1.869911	2.701025	95	85	4	1009.156
-1.570796	2.033014	2.977192	13	92	7	1008.933
1.570796	0.290380	-0.796960	11	73	94	1008.853
-1.308997	0.906588	1.252948	97	70	95	1008.217
-2.879793	2.407836	1.410646	74	10	97	1008.173
2.356194	1.214854	-1.966664	90	89	91	1007.935
-0.523599	0.762244	-0.273349	80	81	91	1007.677
-2.094395	1.824694	1.850876	85	79	90	1006.936
0.523599	2.108018	1.311430	21	6	95	1006.324
2.094395	1.506530	1.988858	86	92	99	1006.233
-1.832596	2.984978	1.954446	77	87	86	1005.413
2.356194	1.448123	-2.163292	88	90	95	1004.904
0.785398	2.984978	1.954446	26	3	3	1004.632
1.570796	2.393226	1.857173	96	25	2	1004.312
2.879793	1.554776	0.100351	96	85	2	1004.295
2.356194	1.617114	-1.572037	24	6	98	1004.032
1.047198	2.063651	-2.044600	98	72	85	1003.692
0.785398	1.904882	-1.478089	90	74	89	1003.603
-2.356194	2.863997	0.549740	82	79	89	1003.577
1.570796	1.658653	-2.409879	10	72	97	1003.475
1.047198	1.756530	-2.105156	98	72	93	1003.350
-2.094395	1.504028	0.636812	77	87	87	1003.256
2.356194	1.846342	-1.796954	19	4	92	1003.174
0.000000	2.396274	-1.959260	75	98	81	1002.770
1.308997	2.588535	-2.976617	14	74	94	1002.634
0.000000	0.615174	-0.666022	81	79	95	1002.411
2.356194	1.440580	2.260026	87	93	83	1001.984
1.308997	1.301460	-0.509251	20	12	94	1001.622
-1.047198	2.356369	3.005869	74	92	5	1001.566
-2.879793	1.440580	2.260026	0	83	80	1000.715
-1.832596	0.674054	1.013609	80	80	98	999.691
1.832596	2.404280	-0.174044	89	79	87	999.633
-1.570796	1.683268	0.374177	81	80	90	999.396
-1.047198	2.984978	1.954446	81	79	90	999.341
-1.308997	0.419640	2.974122	81	78	84	999.195
0.261799	1.756530	-2.105156	88	77	85	998.657
-1.308997	1.310100	1.488307	1	71	98	998.336
-2.094395	2.115563	0.685730	81	79	87	998.073
2.356194	2.295480	1.008277	2	74	88	997.922
-0.261799	1.948085	-2.363031	75	89	1	997.121
-0.785398	0.615174	-0.666022	79	79	96	997.054
1.832596	0.866955	-0.931351	26	7	3	996.169
-0.261799	0.866955	-0.931351	85	78	91	996.081
-2.094395	2.407836	1.410646	81	84	83	995.491
-1.570796	1.555207	1.708892	94	72	97	994.593
-0.523599	2.041297	-2.664597	74	91	4	994.493
-1.832596	1.554776	0.100351	81	81	83	994.019
0.785398	1.599406	1.426070	17	4	91	993.483
1.047198	1.367556	0.358405	22	5	97	993.175
1.570796	2.404280	-0.174044	75	93	82	993.048
-1.308997	2.138223	1.678323	91	72	0	992.855
-1.308997	1.194549	-0.801900	86	77	87	992.720
0.523599	2.379497	0.561089	80	79	94	992.686
-0.523599	2.719179	-1.780644	73	6	90	992.354
-1.832596	1.599406	1.426070	84	77	92	992.311
1.570796	1.413430	2.550734	85	98	87	992.188
0.785398	2.664082	-1.071402	75	90	84	992.018
0.261799	1.113094	-0.272241	85	86	81	991.934
1.047198	2.164094	-2.991358	10	72	99	991.544
0.523599	1.113094	-0.272241	11	79	77	991.215
0.000000	0.850607	-1.335383	87	75	88	990.843
2.356194	1.904882	-1.478089	17	4	92	990.210
0.523599	2.343981	-1.040456	77	92	81	990.094
-1.308997	2.349581	-2.702517	74	98	2	989.568
-3.141593	2.108018	1.311430	9	79	84	989.046
-1.570796	1.824694	1.850876	94	73	96	988.868
2.094395	2.407836	1.410646	84	86	82	988.482
-0.261799	2.164094	-2.991358	84	78	89	988.126
-1.047198	1.184361	0.625864	1	69	89	987.977
-0.523599	2.979456	-1.009304	15	11	92	987.934
2.617994	2.104282	-0.813972	16	6	91	987.905
-1.308997	2.724429	-0.348782	95	74	95	987.280
2.617994	2.592629	0.909713	79	87	88	987.187
-2.356194	1.134497	-1.109631	91	25	97	986.881
2.356194	1.756530	-2.105156	89	90	96	986.446
-2.879793	1.335669	0.897240	74	5	91	986.142
0.261799	1.846342	-1.796954	76	87	91	986.021
2.356194	2.379497	0.561089	80	87	84	985.960
-0.523599	2.164094	-2.991358	75	88	6	985.926
-0.261799	2.760637	2.781135	83	76	93	985.606
0.523599	2.724429	-0.348782	15	10	91	985.467
2.094395	1.721184	-0.153948	89	89	2	985.126
-2.356194	2.089241	-0.114193	78	89	80	984.806
1.308997	0.961715	0.014085	95	74	93	984.731
0.261799	0.992645	-1.723759	87	75	88	984.557
-1.570796	0.297065	2.160177	6	72	97	984.355
2.094395	1.545873	-1.877082	86	93	96	984.261
1.570796	2.251330	-2.330739	14	76	99	983.777
-0.785398	1.872854	1.543456	9	73	4	983.755
-1.047198	2.760637	2.781135	76	86	90	983.495
1.570796	2.587733	0.232235	0	71	97	983.389
2.094395	1.699788	2.452890	88	90	98	983.225
-1.832596	0.618092	2.539118	82	84	85	983.140
1.570796	1.218453	2.777284	87	98	87	983.038
2.094395	0.619654	-2.216909	96	71	93	982.888
0.261799	0.203748	0.590255	16	77	95	982.840
-2.094395	1.812176	0.656819	77	82	92	982.823
1.308997	2.115563	0.685730	19	7	94	982.613
-2.356194	2.407836	1.410646	87	73	98	982.448
2.356194	0.961715	0.014085	14	10	93	982.378
0.000000	1.809167	1.213774	27	5	3	982.329
-2.879793	2.343981	-1.040456	14	6	89	982.176
-2.094395	1.555207	1.708892	82	81	90	981.974
2.094395	1.574060	2.783565	87	93	95	981.664
2.617994	2.180315	-1.357379	18	6	93	981.654
-1.832596	0.733948	3.021411	17	17	25	981.451
2.879793	1.374601	-2.456031	99	81	4	981.405
0.000000	0.290380	-0.796960	98	70	97	980.834
-0.261799	0.615174	-0.666022	78	82	94	980.718
-1.047198	1.247695	1.809890	4	73	5	980.601
1.047198	2.664082	-1.071402	81	99	75	980.588
-2.617994	1.875281	0.107086	74	94	84	980.575
-1.832596	2.719179	-1.780644	5	1	19	980.026
-2.094395	2.187132	-0.479875	16	99	85	979.482
-3.141593	2.153910	-1.714959	77	93	88	979.140
-0.261799	2.588535	-2.976617	73	97	86	978.836
0.000000	1.869911	2.701025	89	75	96	978.714
-0.523599	2.478122	2.609777	81	78	97	978.712
1.832596	1.440580	2.260026	86	94	91	978.530
1.570796	0.619654	-2.216909	12	73	1	978.070
-1.047198	0.960688	-0.577532	82	83	80	977.619
0.785398	1.836682	-0.676006	80	85	86	977.446
-3.141593	1.824694	1.850876	5	80	80	977.411
2.617994	1.242974	-2.977882	84	91	93	976.904
2.879793	2.984978	1.954446	85	77	87	976.648
-2.094395	2.001437	0.381215	76	86	87	976.492
1.308997	2.089241	-0.114193	79	96	78	976.237
1.832596	2.984978	1.954446	20	12	95	975.806
1.047198	1.617114	-1.572037	95	72	99	975.757
1.570796	1.417623	-0.202254	14	7	88	975.560
-1.047198	1.683268	0.374177	87	77	88	975.400
1.308997	1.658653	-2.409879	3	70	99	975.246
-2.879793	1.433411	-1.035986	79	88	1	974.970
0.523599	2.637879	2.121598	26	1	13	974.850
2.094395	1.440580	2.260026	88	92	92	974.724
2.879793	1.875281	0.107086	98	85	5	974.659
1.308997	1.367556	0.358405	18	7	94	974.606
-0.523599	2.637879	2.121598	95	70	97	974.480
0.261799	1.904882	-1.478089	76	89	86	974.357
1.832596	0.615174	-0.666022	27	7	8	974.240
-3.141593	2.180315	-1.357379	13	8	88	974.107
0.000000	2.041297	-2.664597	85	77	90	973.056
-1.570796	2.295480	1.008277	85	75	89	972.509
-0.785398	2.863997	0.549740	18	3	92	971.588
-0.785398	1.194549	-0.801900	79	82	87	971.564
1.570796	1.256302	0.062705	19	7	94	971.401
-2.617994	2.343981	-1.040456	10	10	87	971.137
0.000000	1.696674	-1.253233	80	88	80	970.736
0.785398	2.247462	0.191623	17	9	92	970.691
2.879793	0.619654	-2.216909	80	85	97	970.687
2.094395	1.413347	-1.339188	84	92	6	970.653
2.356194	1.699788	2.452890	81	96	86	970.402
2.879793	1.448123	-2.163292	90	85	5	970.370
-1.570796	1.417623	-0.202254	80	84	84	970.333
-2.617994	0.419640	2.974122	3	72	0	970.222
-0.523599	1.554776	0.100351	98	72	91	969.773
-0.261799	2.251330	-2.330739	73	94	92	969.052
0.000000	1.135834	-1.431087	83	80	87	969.020
1.832596	1.510910	-0.740472	87	87	7	968.535
-1.570796	1.488617	1.159546	14	18	1	968.365
0.000000	0.203748	0.590255	13	73	95	967.923
-0.523599	1.256302	0.062705	98	71	96	966.828
2.617994	1.391910	3.030322	86	90	94	966.773
1.570796	1.721184	-0.153948	15	10	90	966.669
0.523599	2.247462	0.191623	19	6	93	966.568
-2.094395	0.700570	1.559208	77	88	91	966.475
-0.523599	0.960688	-0.577532	92	77	79	966.315
-1.308997	2.108018	1.311430	92	72	96	966.205
2.356194	1.335669	0.897240	92	23	93	966.066
0.785398	1.732874	-0.951685	90	78	85	965.963
-0.785398	2.393226	1.857173	90	73	5	965.756
0.000000	1.736875	3.023612	89	74	99	965.184
0.261799	1.545873	-1.877082	78	84	89	964.997
1.570796	2.704512	1.488683	13	10	90	964.705
-1.047198	2.164094	-2.991358	72	98	1	964.593
-1.047198	1.025536	1.576859	5	72	1	964.417
-2.879793	0.674054	1.013609	76	10	93	964.307
-0.261799	1.374601	-2.456031	82	82	89	964.240
2.094395	1.510910	-0.740472	87	88	7	964.130
0.785398	2.592629	0.909713	82	76	95	964.099
-1.047198	2.393226	1.857173	86	75	5	964.027
1.832596	2.247462	0.191623	77	95	80	963.269
-0.261799	2.396274	-1.959260	77	2	80	963.061
1.832596	0.619654	-2.216909	92	71	92	963.005
0.785398	2.637879	2.121598	27	6	13	962.953
1.047198	1.325504	-1.671296	98	71	94	962.640
-0.523599	0.992645	-1.723759	21	5	23	962.225
0.523599	2.456751	-1.503343	77	85	88	962.087
-1.832596	1.812176	0.656819	80	81	88	961.833
-1.570796	0.591903	2.010408	3	71	99	961.736
1.047198	1.301460	-0.509251	25	3	99	961.733
0.523599	2.153910	-1.714959	88	78	82	961.659
0.261799	1.599406	1.426070	28	7	9	961.494
-2.617994	1.836682	-0.676006	15	0	85	961.203
-1.047198	2.295480	1.008277	79	86	87	960.644
1.047198	1.658653	-2.409879	99	70	0	960.613
2.356194	1.569311	-3.003978	85	91	97	960.488
-0.261799	1.977582	0.969896	25	4	99	960.432
-1.570796	0.850607	-1.335383	13	13	5	960.182
-1.570796	2.637879	2.121598	81	84	85	959.853
2.094395	1.836682	-0.676006	91	88	8	959.825
2.094395	1.214854	-1.966664	82	96	98	959.823
1.832596	1.736875	3.023612	84	97	97	959.517
1.047198	2.115563	0.685730	16	7	90	959.502
-1.570796	1.433411	-1.035986	84	83	83	959.461
0.523599	2.407836	1.410646	17	7	93	959.395
0.523599	1.846342	-1.796954	87	75	92	959.201
-1.570796	0.709924	0.218797	79	79	96	959.124
0.523599	2.587733	0.232235	20	7	94	959.057
2.879793	0.080730	-2.622036	3	70	94	958.917
-1.308997	2.984978	1.954446	79	84	84	958.623
1.047198	1.696674	-1.253233	94	74	94	958.604
1.047198	1.417623	-0.202254	78	93	5	958.197
-3.141593	2.719179	-1.780644	24	0	99	958.151
-1.832596	0.685216	-1.712745	18	15	5	958.133
2.617994	1.617114	-1.572037	92	86	97	957.906
-0.523599	1.555207	1.708892	22	0	5	957.820
-1.047198	1.599406	1.426070	2	70	98	957.803
-2.879793	2.295480	1.008277	84	77	92	957.665
-0.261799	1.325504	-1.671296	19	5	24	957.345
-1.047198	1.310100	1.488307	3	71	0	957.073
-2.094395	2.138223	1.678323	78	88	85	956.986
2.094395	2.247462	0.191623	90	82	85	956.867
1.832596	0.910508	1.903534	20	2	90	956.807
0.261799	2.704512	1.488683	27	2	3	956.585
2.094395	0.864993	2.278281	95	0	75	956.452
1.832596	2.637879	2.121598	24	8	0	956.171
0.523599	1.128190	-2.288622	92	71	93	956.055
-0.785398	0.418037	1.360082	12	72	97	955.547
-1.308997	2.587733	0.232235	18	3	93	955.161
-1.832596	0.992645	-1.723759	11	80	98	954.444
0.785398	1.696674	-1.253233	89	75	88	954.100
0.000000	2.164094	-2.991358	87	76	91	954.098
-3.141593	1.256302	0.062705	96	84	1	954.061
2.094395	2.295480	1.008277	97	25	94	953.980
1.570796	0.960688	-0.577532	24	9	0	953.681
-2.094395	0.640596	-2.797608	18	21	21	953.517
0.523599	1.617114	-1.572037	80	80	87	953.075
1.308997	0.960688	-0.577532	24	5	1	953.040
2.094395	1.766067	2.153843	83	92	87	952.885
-0.261799	0.496451	0.593859	9	71	92	952.882
1.308997	2.455966	-0.641220	87	78	89	952.733
1.047198	1.310100	1.488307	87	3	91	952.691
1.308997	0.379747	-1.713059	13	73	0	952.662
-1.832596	2.138223	1.678323	85	77	92	952.609
1.047198	0.379747	-1.713059	9	71	0	952.410
-2.356194	2.001437	0.381215	74	90	87	951.915
-1.308997	1.247695	1.809890	97	72	99	951.711
-0.261799	2.637879	2.121598	11	73	89	951.684
0.785398	0.591903	2.010408	22	4	2	951.295
-1.570796	1.977582	0.969896	85	75	94	950.873
-0.261799	1.184361	0.625864	12	76	84	950.853
2.094395	1.134497	-1.109631	13	75	91	950.784
1.308997	1.870545	-2.976234	18	96	24	950.589
1.047198	2.579248	-2.364801	8	71	91	949.643
0.785398	1.569311	-3.003978	4	12	26	949.479
-2.356194	1.599406	1.426070	76	98	14	949.280
-2.356194	0.866955	-0.931351	82	82	1	949.205
0.000000	1.488617	1.159546	23	5	98	949.125
-2.094395	1.662363	0.915448	77	85	89	949.032
1.047198	1.545873	-1.877082	97	72	88	948.972
-0.785398	0.700570	1.559208	12	74	0	948.922
-0.523599	1.545873	-1.877082	73	0	91	948.868
0.000000	1.184361	0.625864	14	79	84	948.427
-0.261799	0.762244	-0.273349	82	79	92	948.356
0.261799	0.615174	-0.666022	93	72	97	948.188
0.261799	2.396274	-1.959260	75	94	81	947.822
0.523599	1.247695	1.809890	26	12	17	947.693
2.617994	1.135813	-2.658866	84	90	96	946.939
2.356194	1.721184	-0.153948	93	86	2	946.866
-1.308997	0.733948	3.021411	17	9	26	946.672
-0.523599	1.948085	-2.363031	74	93	2	946.662
-0.261799	1.247695	1.809890	24	2	7	946.082
0.000000	1.872854	1.543456	27	4	8	945.922
0.785398	1.301460	-0.509251	86	82	83	945.768
-1.308997	1.506530	1.988858	99	72	99	945.757
-2.617994	1.413430	2.550734	2	82	85	945.447
2.356194	1.113094	-0.272241	16	6	90	945.190
-0.523599	1.014500	0.906702	13	74	89	944.900
-0.785398	1.824694	1.850876	86	78	86	944.718
-0.785398	0.960688	-0.577532	80	79	90	944.278
2.094395	1.194549	-0.801900	23	12	99	944.061
1.570796	1.128190	-2.288622	15	74	99	944.026
1.308997	2.001437	0.381215	8	21	92	943.741
2.617994	1.756530	-2.105156	91	88	99	943.427
-1.308997	1.113094	-0.272241	79	81	87	943.106
0.523599	1.413347	-1.339188	87	76	90	943.002
1.308997	2.407836	1.410646	26	5	5	942.750
-1.570796	2.724429	-0.348782	21	1	92	942.632
-2.617994	1.574060	2.783565	94	78	80	942.407
2.617994	1.367556	0.358405	94	86	97	942.011
-1.832596	2.478122	2.609777	74	96	3	942.004
-2.094395	1.135834	-1.431087	89	25	98	941.961
0.261799	2.138223	1.678323	20	0	96	941.720
-2.617994	2.033014	2.977192	77	91	83	941.322
0.261799	2.041297	-2.664597	78	84	85	941.194
-1.047198	1.335669	0.897240	2	69	92	941.008
1.047198	2.033014	2.977192	19	96	23	940.993
1.308997	2.164094	-2.991358	21	95	21	940.649
0.261799	2.760637	2.781135	11	73	90	940.641
-1.832596	0.297065	2.160177	12	10	27	940.590
-1.832596	1.184361	0.625864	77	83	97	940.300
0.785398	2.588535	-2.976617	13	73	92	940.026
1.832596	1.128190	-2.288622	16	75	99	939.950
-2.617994	1.374601	-2.456031	17	18	23	939.652
-1.570796	1.301460	-0.509251	17	6	16	939.360
-2.094395	1.554776	0.100351	79	85	82	939.342
-0.785398	1.809167	1.213774	7	71	2	939.215
-3.141593	1.809167	1.213774	6	81	91	939.213
-1.308997	2.588535	-2.976617	74	94	99	939.097
0.261799	1.510910	-0.740472	78	89	82	938.937
-1.047198	2.863997	0.549740	22	1	97	938.934
-1.308997	0.571433	-1.188419	73	5	93	938.552
1.832596	1.256302	0.062705	15	7	90	938.535
0.523599	1.909857	-0.381669	83	92	78	937.878
-0.261799	1.214854	-1.966664	23	3	21	937.804
-1.047198	2.588535	-2.976617	73	96	1	937.202
0.000000	2.063651	-2.044600	75	92	83	936.916
0.261799	2.407836	1.410646	21	4	96	936.627
1.832596	0.961715	0.014085	19	96	88	936.376
1.570796	2.164094	-2.991358	23	98	20	936.186
2.879793	0.961715	0.014085	91	85	97	935.842
-2.094395	1.417623	-0.202254	75	90	84	935.560
-3.141593	1.982574	-1.115518	17	90	81	935.451
-2.356194	2.073035	2.027405	79	80	3	935.346
0.000000	0.831641	0.616218	71	99	3	935.078
-0.785398	0.866955	-0.931351	77	82	92	934.647
1.570796	1.870545	-2.976234	20	98	24	934.547
1.832596	0.899350	-2.069907	17	76	98	934.322
0.523599	1.510910	-0.740472	89	78	83	934.216
-1.570796	2.153910	-1.714959	2	70	5	934.144
2.094395	0.866395	-2.492918	93	72	98	933.681
-0.523599	2.588535	-2.976617	90	74	93	933.527
0.000000	2.579248	-2.364801	76	94	80	933.310
-0.261799	0.992645	-1.723759	21	8	23	933.086
0.785398	1.242974	-2.977882	94	71	96	932.969
-1.047198	0.297065	2.160177	83	79	90	932.904
-1.308997	2.407836	1.410646	84	76	93	932.500
0.785398	2.356369	3.005869	10	72	99	932.214
-2.617994	1.683268	0.374177	72	94	90	932.206
-2.879793	0.370812	-2.547742	81	82	94	931.473
-1.047198	0.831641	0.616218	99	70	2	931.385
2.356194	0.571433	-1.188419	80	82	96	931.196
-1.832596	1.335669	0.897240	80	85	83	930.966
0.261799	2.637879	2.121598	25	97	14	930.664
1.308997	2.041297	-2.664597	9	71	99	930.567
0.523599	2.719179	-1.780644	79	96	77	930.335
0.785398	0.685216	-1.712745	3	70	97	930.112
-1.308997	1.977582	0.969896	16	13	8	929.693
2.879793	0.618092	2.539118	87	74	1	929.604
-1.570796	1.025536	1.576859	94	72	96	929.401
0.000000	0.496451	0.593859	14	73	91	929.323
-1.308997	1.301460	-0.509251	16	4	14	929.320
0.523599	0.866955	-0.931351	94	72	98	929.319
2.879793	2.760637	2.781135	24	9	2	929.267
-3.141593	0.910508	1.903534	75	2	96	929.126
2.356194	1.982574	-1.115518	18	5	93	929.038
-2.617994	2.089241	-0.114193	76	92	80	928.711
-2.356194	2.592629	0.909713	80	86	83	928.638
2.879793	1.545873	-1.877082	95	85	0	928.316
0.261799	2.979456	-1.009304	99	71	95	928.159
-1.832596	2.349581	-2.702517	83	78	89	927.974
-1.047198	1.872854	1.543456	2	70	97	927.644
-2.617994	1.555207	1.708892	7	85	81	927.440
-0.523599	0.674054	1.013609	12	72	93	927.215
-0.261799	1.555207	1.708892	23	3	4	927.054
0.261799	1.836682	-0.676006	79	91	81	926.755
-1.570796	0.700570	1.559208	98	72	93	926.445
-2.356194	2.579248	-2.364801	18	10	94	926.388
2.356194	1.824694	1.850876	87	86	88	926.135
-0.785398	1.301460	-0.509251	83	80	86	925.940
2.094395	1.242974	-2.977882	93	92	84	925.803
2.879793	2.187132	-0.479875	18	7	93	925.531
1.308997	1.569311	-3.003978	15	97	26	925.377
1.832596	1.948085	-2.363031	13	74	85	925.059
1.047198	1.870545	-2.976234	13	93	25	924.956
-1.308997	0.866955	-0.931351	73	1	88	924.896
0.261799	1.736875	3.023612	95	71	0	924.668
-1.308997	0.615174	-0.666022	73	99	92	924.075
0.261799	2.180315	-1.357379	76	91	84	923.739
-3.141593	2.138223	1.678323	6	77	81	923.648
-3.141593	1.310100	1.488307	4	84	84	923.632
-1.047198	2.174483	2.653697	76	88	9	923.438
0.785398	2.187132	-0.479875	82	90	80	922.994
-1.832596	1.247695	1.809890	89	74	98	922.426
-0.261799	2.456751	-1.503343	74	1	86	922.413
1.047198	1.809167	1.213774	25	17	16	922.359
-3.141593	0.370812	-2.547742	79	85	93	922.156
-3.141593	2.592629	0.909713	83	77	95	921.984
2.879793	1.756530	-2.105156	93	86	0	921.733
2.879793	1.599406	1.426070	1	81	84	921.674
-2.879793	2.356369	3.005869	83	77	84	921.430
2.879793	1.214854	-1.966664	28	14	6	921.318
0.000000	2.588535	-2.976617	74	93	86	921.152
2.356194	1.413347	-1.339188	24	9	99	920.835
-0.523599	0.591903	2.010408	22	5	23	920.429
1.570796	1.506530	1.988858	86	99	81	919.779
2.094395	0.866955	-0.931351	26	11	2	919.714
2.617994	1.809167	1.213774	98	81	85	919.712
-2.879793	2.637879	2.121598	87	79	86	919.411
2.879793	2.863997	0.549740	85	75	96	919.381
1.832596	1.977582	0.969896	2	25	96	919.184
1.047198	1.448123	-2.163292	97	70	98	919.158
-2.094395	2.299159	2.264663	74	99	6	919.138
2.879793	1.683268	0.374177	97	86	3	918.983
0.261799	1.440580	2.260026	23	6	22	918.929
1.832596	1.824694	1.850876	83	96	82	918.459
2.356194	1.450119	-2.739050	87	91	96	918.141
1.047198	1.875281	0.107086	10	17	91	918.057
-1.308997	1.504028	0.636812	87	74	92	917.507
0.523599	1.555207	1.708892	28	10	13	917.479
1.570796	1.554776	0.100351	13	12	90	917.359
1.570796	2.073035	2.027405	27	14	17	917.263
0.000000	1.014500	0.906702	78	85	85	917.189
-1.308997	1.948085	-2.363031	95	71	97	917.183
2.094395	1.736875	3.023612	84	94	97	917.163
-0.523599	2.073035	2.027405	4	69	95	916.777
-1.047198	1.617114	-1.572037	16	93	7	916.765
-1.832596	1.846342	-1.796954	89	22	90	916.629
-1.832596	2.299159	2.264663	82	78	6	916.626
-1.308997	0.929350	-2.910676	13	14	26	915.985
-2.094395	1.256302	0.062705	74	88	89	915.884
2.617994	2.863997	0.549740	82	79	96	915.833
2.094395	1.391910	3.030322	80	3	90	915.430
2.879793	1.310100	1.488307	2	84	82	915.273
1.308997	1.977582	0.969896	97	70	99	914.736
-1.570796	1.510910	-0.740472	85	80	84	914.334
-0.523599	2.664082	-1.071402	78	10	88	914.304
2.617994	1.696674	-1.253233	27	5	4	914.256
2.094395	1.413430	2.550734	11	16	25	913.899
2.094395	2.579248	-2.364801	88	26	0	913.799
-0.785398	2.153910	-1.714959	78	85	89	913.774
0.000000	2.592629	0.909713	25	6	98	913.635
0.261799	0.496451	0.593859	17	77	91	913.411
-2.617994	1.766067	2.153843	4	80	81	913.360
1.047198	2.478122	2.609777	25	2	18	913.352
1.570796	0.866395	-2.492918	9	71	1	913.088
-1.308997	1.374601	-2.456031	0	70	94	912.842
-1.047198	0.906588	1.252948	0	70	96	912.725
-1.308997	0.591903	2.010408	82	84	85	912.486
0.523599	2.104282	-0.813972	78	91	81	912.018
-3.141593	1.301460	-0.509251	93	23	93	911.971
1.832596	1.756530	-2.105156	14	75	83	911.883
2.879793	2.174483	2.653697	13	25	16	911.697
-2.879793	1.194549	-0.801900	95	25	94	911.684
2.356194	1.870545	-2.976234	95	85	84	911.585
-2.094395	0.591903	2.010408	96	72	96	911.564
-2.879793	1.367556	0.358405	3	83	89	911.479
-1.832596	0.709924	0.218797	75	84	95	911.441
-0.523599	1.417623	-0.202254	97	71	90	911.168
-1.308997	1.014500	0.906702	83	79	90	911.074
-3.141593	1.555207	1.708892	74	99	89	911.062
0.785398	1.977582	0.969896	18	98	86	910.588
1.832596	0.960688	-0.577532	84	82	4	910.470
1.047198	2.108018	1.311430	27	15	14	910.468
2.879793	1.488617	1.159546	99	83	87	910.433
2.617994	1.545873	-1.877082	90	87	0	910.415
-0.523599	1.488617	1.159546	13	74	2	909.853
1.832596	1.247695	1.809890	86	95	91	909.731
-0.261799	0.850607	-1.335383	16	13	24	909.713
0.261799	0.899350	-2.069907	89	73	92	909.645
-1.570796	2.760637	2.781135	74	90	96	909.554
-0.785398	2.984978	1.954446	85	76	91	909.096
1.570796	1.569311	-3.003978	15	98	26	908.801
-2.356194	1.869911	2.701025	10	88	4	908.735
-1.047198	0.615174	-0.666022	80	81	86	908.044
2.094395	2.863997	0.549740	79	85	91	907.794
-1.047198	1.195355	1.200319	3	72	7	907.463
-2.094395	0.850607	-1.335383	81	81	97	907.460
0.523599	2.984978	1.954446	27	5	7	907.132
-1.570796	2.588535	-2.976617	73	97	1	906.972
1.047198	2.724429	-0.348782	75	95	87	906.849
-0.523599	0.866955	-0.931351	81	79	92	906.625
2.356194	2.164094	-2.991358	93	83	86	906.104
1.570796	1.948085	-2.363031	11	72	95	905.943
-2.356194	1.824694	1.850876	83	82	90	905.781
-2.094395	2.984978	1.954446	84	76	2	905.570
-0.785398	1.741644	-2.695914	72	99	4	905.471
0.785398	1.135834	-1.431087	95	72	92	905.395
-0.785398	2.041297	-2.664597	74	94	4	905.220
2.094395	0.899350	-2.069907	99	71	93	904.948
-2.617994	2.863997	0.549740	80	86	81	904.645
-2.094395	1.247695	1.809890	83	80	92	904.481
1.047198	1.683268	0.374177	20	5	93	904.297
0.000000	1.683268	0.374177	27	3	3	904.251
0.261799	2.164094	-2.991358	75	84	93	902.779
2.356194	0.850607	-1.335383	80	85	99	902.526
-2.356194	2.984978	1.954446	83	85	82	901.805
-2.879793	1.699788	2.452890	79	94	16	901.552
1.570796	2.881233	-2.582574	7	71	84	901.542
1.570796	2.637879	2.121598	25	6	1	901.532
-2.617994	1.218453	2.777284	99	83	84	901.403
-1.047198	1.809167	1.213774	3	70	2	901.383
-2.094395	0.762244	-0.273349	73	98	87	900.910
-1.570796	1.948085	-2.363031	13	2	14	900.776
0.523599	1.413430	2.550734	7	95	29	900.530
-1.047198	1.256302	0.062705	85	77	88	900.494
2.617994	1.014500	0.906702	90	24	96	900.458
-1.308997	1.448123	-2.163292	16	10	12	900.180
0.785398	2.456751	-1.503343	78	82	88	899.813
-0.261799	1.617114	-1.572037	73	94	89	899.499
-1.047198	2.704512	1.488683	91	72	99	899.492
-1.832596	2.001437	0.381215	84	78	88	899.313
0.523599	1.741644	-2.695914	80	80	88	898.939
-1.308997	0.700570	1.559208	2	70	94	898.873
0.523599	0.419640	2.974122	9	25	17	898.852
0.785398	2.396274	-1.959260	80	84	82	898.463
-2.094395	2.393226	1.857173	73	95	3	898.450
0.000000	1.113094	-0.272241	88	81	80	898.134
-2.356194	1.218453	2.777284	74	88	93	897.760
1.832596	2.863997	0.549740	0	72	93	897.631
-1.047198	0.961715	0.014085	92	77	80	897.542
-1.047198	2.407836	1.410646	14	13	10	897.529
-3.141593	2.407836	1.410646	9	76	85	897.303
1.832596	2.379497	0.561089	99	72	94	897.053
0.785398	2.349581	-2.702517	10	72	95	896.907
-1.570796	1.168678	2.108595	96	74	1	896.869
2.879793	0.379747	-1.713059	27	10	13	896.854
-1.832596	0.203748	0.590255	74	87	1	896.836
1.570796	1.504028	0.636812	85	95	95	896.507
-1.570796	0.960688	-0.577532	3	74	98	896.406
-2.356194	1.872854	1.543456	81	79	92	896.351
-2.879793	1.301460	-0.509251	20	2	20	896.190
-0.785398	2.138223	1.678323	0	70	99	896.125
0.523599	0.496451	0.593859	84	77	95	896.087
-0.261799	2.041297	-2.664597	76	87	4	895.984
-1.570796	2.356369	3.005869	74	98	5	895.925
-1.832596	1.374601	-2.456031	90	73	88	895.820
-0.261799	1.417623	-0.202254	81	79	92	895.757
2.094395	1.335669	0.897240	97	23	92	895.712
1.570796	1.168678	2.108595	5	73	97	895.600
-2.617994	1.824694	1.850876	6	82	81	895.404
2.356194	2.041297	-2.664597	19	4	94	895.371
0.785398	1.617114	-1.572037	90	74	92	895.312
2.356194	1.766067	2.153843	16	80	94	894.960
2.094395	1.128190	-2.288622	82	2	87	894.320
0.000000	0.899350	-2.069907	74	86	97	894.002
2.617994	0.458961	-0.107937	22	15	7	893.968
0.523599	2.251330	-2.330739	80	84	80	893.907
1.308997	1.325504	-1.671296	7	72	99	893.583
-2.356194	1.301460	-0.509251	14	8	92	893.546
1.832596	2.724429	-0.348782	83	78	91	893.342
-1.047198	0.850607	-1.335383	73	3	91	893.238
1.047198	2.295480	1.008277	26	4	5	893.231
-0.523599	0.571433	-1.188419	77	81	96	892.992
0.523599	2.881233	-2.582574	82	78	88	892.978
-1.570796	1.325504	-1.671296	16	12	12	892.933
-1.047198	1.014500	0.906702	0	72	84	892.804
2.356194	2.251330	-2.330739	80	94	84	892.765
2.094395	2.587733	0.232235	80	85	86	892.704
0.000000	1.998705	2.370472	93	72	97	892.111
2.094395	2.637879	2.121598	25	6	6	891.857
0.785398	1.875281	0.107086	18	17	95	891.557
-2.879793	2.180315	-1.357379	13	7	88	891.541
-2.356194	0.700570	1.559208	76	90	91	891.390
-2.094395	0.297065	2.160177	12	9	27	891.194
-1.832596	1.809167	1.213774	84	77	89	891.118
1.047198	1.391910	3.030322	2	16	26	890.882
-1.570796	0.685216	-1.712745	16	81	95	890.757
-2.356194	0.419640	2.974122	6	73	0	890.626
-0.261799	2.592629	0.909713	25	4	99	890.570
0.523599	2.396274	-1.959260	78	87	81	889.685
-1.308997	0.914445	2.687814	83	15	92	889.664
-1.047198	1.555207	1.708892	3	72	2	889.405
-2.879793	0.080730	-2.622036	10	73	96	889.343
2.094395	1.756530	-2.105156	22	0	95	888.962
-2.094395	2.664082	-1.071402	93	76	92	888.569
-2.094395	2.295480	1.008277	75	87	89	888.506
2.617994	0.379747	-1.713059	16	76	99	888.496
0.261799	1.504028	0.636812	15	84	81	888.418
1.047198	1.194549	-0.801900	25	2	0	888.230
1.047198	0.458961	-0.107937	17	78	88	888.089
2.356194	1.696674	-1.253233	21	8	96	887.764
-1.832596	2.033014	2.977192	12	93	7	887.516
0.785398	2.760637	2.781135	88	80	83	887.515
-2.356194	2.881233	-2.582574	20	10	97	887.361
2.617994	0.203748	0.590255	90	80	95	887.289
2.617994	2.579248	-2.364801	28	4	7	887.258
-1.832596	0.910508	1.903534	98	72	96	887.206
2.617994	2.456751	-1.503343	19	4	93	886.824
-1.308997	1.195355	1.200319	97	71	95	886.821
-3.141593	1.870545	-2.976234	2	83	99	886.737
-2.879793	1.045978	0.343692	92	23	94	886.658
-2.879793	1.870545	-2.976234	5	84	2	886.645
-2.356194	1.736875	3.023612	93	73	84	886.458
-1.308997	1.488617	1.159546	12	19	1	886.303
-1.047198	2.251330	-2.330739	79	87	85	886.216
2.094395	2.164094	-2.991358	89	85	85	885.610
0.785398	2.299159	2.264663	25	4	19	885.478
-0.261799	1.809167	1.213774	26	1	2	885.371
1.308997	2.393226	1.857173	29	10	14	885.030
-0.523599	1.168678	2.108595	9	93	28	884.974
-0.785398	1.025536	1.576859	9	74	2	884.852
-0.785398	2.881233	-2.582574	74	92	93	884.688
0.785398	0.458961	-0.107937	15	75	88	884.644
0.261799	1.247695	1.809890	27	9	17	884.190
-1.308997	2.881233	-2.582574	98	72	94	884.141
1.308997	2.579248	-2.364801	12	73	89	884.042
-0.523599	1.909857	-0.381669	73	95	6	883.444
0.785398	1.310100	1.488307	19	3	93	883.299
-2.094395	1.134497	-1.109631	87	23	97	883.146
0.261799	2.153910	-1.714959	78	93	79	883.034
-0.523599	1.128190	-2.288622	80	84	88	883.010
0.000000	0.960688	-0.577532	79	85	85	882.932
0.785398	2.455966	-0.641220	76	94	84	882.887
0.523599	0.960688	-0.577532	90	77	83	882.760
2.094395	1.374601	-2.456031	83	0	85	882.672
0.785398	1.998705	2.370472	80	91	96	882.238
1.047198	1.948085	-2.363031	97	70	88	881.862
-2.356194	1.488617	1.159546	76	95	14	881.759
-0.261799	2.407836	1.410646	26	0	8	881.611
-0.261799	0.290380	-0.796960	76	84	99	881.442
0.000000	0.762244	-0.273349	86	79	83	881.409
0.523599	2.164094	-2.991358	78	80	93	881.251
-1.570796	0.864993	2.278281	79	82	89	881.112
0.000000	1.569311	-3.003978	88	75	99	880.775
1.047198	2.356369	3.005869	13	73	99	880.737
2.879793	0.674054	1.013609	85	22	98	880.625
-2.879793	1.134796	2.434290	2	86	84	880.587
1.570796	1.440580	2.260026	7	73	91	880.582
-1.832596	1.310100	1.488307	84	76	94	880.567
0.523599	2.588535	-2.976617	9	72	92	880.523
1.308997	1.413347	-1.339188	1	71	94	880.502
1.570796	1.448123	-2.163292	10	71	94	880.476
0.261799	1.569311	-3.003978	93	72	99	880.182
2.879793	0.906588	1.252948	82	19	99	879.830
-2.094395	1.014500	0.906702	76	83	96	879.744
1.047198	1.256302	0.062705	15	89	77	879.547
2.879793	1.732874	-0.951685	4	87	19	879.523
-0.523599	1.450119	-2.739050	80	81	96	879.371
-1.308997	1.662363	0.915448	96	70	1	879.264
0.000000	1.904882	-1.478089	78	89	82	879.220
-1.570796	2.299159	2.264663	86	75	6	879.073
1.047198	2.455966	-0.641220	80	86	84	878.983
2.617994	0.992645	-1.723759	27	7	10	878.812
-3.141593	2.863997	0.549740	77	91	82	878.796
-2.094395	1.875281	0.107086	77	87	84	878.778
1.570796	1.824694	1.850876	24	16	21	878.776
2.094395	1.846342	-1.796954	20	1	93	878.682
-0.785398	1.555207	1.708892	12	74	8	878.665
1.832596	1.135813	-2.658866	91	97	84	878.563
-2.356194	2.704512	1.488683	80	88	81	878.444
0.261799	1.872854	1.543456	28	8	8	878.376
-1.047198	0.866955	-0.931351	73	97	87	878.013
1.832596	2.251330	-2.330739	17	78	99	877.563
-0.785398	1.374601	-2.456031	78	83	98	877.488
-1.047198	2.478122	2.609777	98	73	6	877.375
-0.785398	1.736875	3.023612	18	94	4	877.279
-1.308997	1.184361	0.625864	94	74	81	877.140
1.047198	1.606104	-0.451151	86	83	83	877.139
-2.617994	2.704512	1.488683	78	87	85	877.125
-2.094395	1.869911	2.701025	12	93	5	876.862
-3.141593	1.194549	-0.801900	76	0	98	876.655
0.261799	1.662363	0.915448	21	9	95	876.578
-2.094395	1.809167	1.213774	19	11	94	876.524
0.523599	1.168678	2.108595	24	12	21	876.521
-0.261799	1.433411	-1.035986	80	82	87	876.478
0.785398	2.393226	1.857173	27	14	10	876.446
1.308997	0.571433	-1.188419	14	91	25	876.225
1.047198	1.721184	-0.153948	17	17	93	876.154
-2.879793	1.184361	0.625864	74	6	89	876.097
-1.570796	2.073035	2.027405	89	73	6	876.013
1.832596	1.301460	-0.509251	84	84	5	875.913
2.356194	1.367556	0.358405	94	27	1	875.902
0.000000	2.637879	2.121598	84	80	88	875.711
1.832596	2.033014	2.977192	89	84	86	875.707
-0.523599	1.904882	-1.478089	75	4	85	875.684
2.617994	1.195355	1.200319	85	21	96	875.490
-2.879793	1.488617	1.159546	8	85	93	875.391
-0.261799	2.073035	2.027405	7	70	96	875.378
-1.047198	0.419640	2.974122	96	70	88	874.929
-2.617994	0.700570	1.559208	74	93	91	874.877
-1.308997	0.418037	1.360082	0	70	94	874.840
-0.523599	2.881233	-2.582574	74	88	93	874.748
-2.879793	2.299159	2.264663	74	99	4	874.725
-3.141593	1.413347	-1.339188	1	82	4	874.673
1.570796	2.455966	-0.641220	85	78	87	874.469
-2.356194	0.864993	2.278281	95	73	0	874.459
0.261799	1.050534	3.042579	83	81	95	874.218
1.832596	1.168678	2.108595	89	91	86	873.996
1.570796	2.984978	1.954446	21	8	95	873.928
-0.523599	1.113094	-0.272241	97	70	94	873.822
1.308997	0.866955	-0.931351	28	4	5	873.662
1.308997	1.134796	2.434290	17	5	91	873.453
0.000000	2.456751	-1.503343	74	96	86	873.333
0.785398	1.417623	-0.202254	88	86	79	873.295
1.308997	2.478122	2.609777	26	4	18	873.048
-2.094395	2.104282	-0.813972	90	79	4	873.004
-0.261799	0.960688	-0.577532	79	83	90	872.863
-0.785398	1.606104	-0.451151	84	81	82	872.735
0.000000	0.733948	3.021411	19	95	93	872.727
1.308997	2.187132	-0.479875	88	79	87	872.353
0.785398	1.872854	1.543456	17	3	91	872.326
-0.785398	0.850607	-1.335383	88	75	97	872.203
2.879793	1.335669	0.897240	1	83	88	872.162
-1.047198	0.762244	-0.273349	86	80	79	871.922
1.047198	2.863997	0.549740	19	12	94	871.826
2.617994	1.875281	0.107086	95	85	4	871.800
0.523599	0.961715	0.014085	16	81	80	871.767
-2.879793	0.591903	2.010408	86	73	98	871.574
-2.617994	1.184361	0.625864	73	1	89	871.564
-0.785398	0.929350	-2.910676	8	13	26	871.292
1.047198	1.413347	-1.339188	97	72	96	871.268
1.047198	1.836682	-0.676006	84	84	81	871.092
-1.832596	0.762244	-0.273349	73	1	88	871.046
1.832596	1.391910	3.030322	82	5	90	871.007
1.832596	0.571433	-1.188419	9	72	95	870.852
0.261799	1.741644	-2.695914	78	82	88	870.752
-1.308997	2.760637	2.781135	74	2	85	870.576
2.094395	1.569311	-3.003978	9	14	25	870.534
-3.141593	0.618092	2.539118	90	73	1	870.522
0.785398	0.618092	2.539118	12	25	17	870.462
-3.141593	1.374601	-2.456031	12	3	26	870.392
-0.785398	1.504028	0.636812	96	72	93	870.076
0.000000	2.180315	-1.357379	75	96	84	869.960
-0.261799	2.115563	0.685730	13	82	78	869.909
2.617994	2.153910	-1.714959	23	7	96	869.896
-1.047198	2.587733	0.232235	95	74	89	869.629
0.000000	1.741644	-2.695914	86	76	94	869.450
-3.141593	2.343981	-1.040456	15	7	91	869.180
-1.308997	2.704512	1.488683	82	77	93	869.179
-0.523599	2.404280	-0.174044	75	86	3	869.114
-1.308997	0.709924	0.218797	79	83	90	868.985
-0.785398	0.762244	-0.273349	77	85	91	868.964
1.047198	2.299159	2.264663	27	12	14	868.928
1.308997	0.831641	0.616218	3	71	0	868.687
-0.523599	2.393226	1.857173	94	71	6	868.372
-3.141593	0.899350	-2.069907	26	15	12	868.210
-0.785398	1.242974	-2.977882	11	71	91	868.066
1.570796	0.910508	1.903534	91	97	84	867.930
-1.570796	2.404280	-0.174044	91	74	87	867.874
0.261799	2.349581	-2.702517	92	72	5	867.799
0.785398	1.574060	2.783565	97	72	99	867.705
-0.785398	2.478122	2.609777	3	71	99	867.689
1.308997	2.637879	2.121598	29	5	10	867.571
-1.832596	0.906588	1.252948	85	74	91	867.484
-1.308997	0.080730	-2.622036	23	96	9	867.361
2.879793	0.203748	0.590255	92	77	3	867.271
2.617994	2.138223	1.678323	2	71	88	867.246
-0.785398	1.214854	-1.966664	72	98	87	867.174
2.879793	1.824694	1.850876	4	76	82	867.173
2.879793	2.138223	1.678323	4	74	84	867.094
0.000000	0.619654	-2.216909	78	87	14	867.090
2.094395	1.606104	-0.451151	88	89	2	866.859
-1.047198	1.756530	-2.105156	75	10	92	866.684
0.000000	2.247462	0.191623	76	82	98	866.618
0.000000	1.658653	-2.409879	86	75	93	866.335
1.832596	2.393226	1.857173	92	25	2	866.167
-0.523599	0.906588	1.252948	21	89	21	866.122
-0.523599	0.929350	-2.910676	4	15	27	866.114
0.523599	1.948085	-2.363031	93	74	89	866.001
-2.356194	1.194549	-0.801900	88	22	93	865.897
-0.523599	0.640596	-2.797608	19	89	92	865.897
2.356194	1.741644	-2.695914	91	86	98	865.799
-0.261799	1.870545	-2.976234	84	77	94	865.615
-2.879793	0.640596	-2.797608	19	99	24	865.497
2.094395	1.824694	1.850876	84	88	89	865.247
1.832596	0.914445	2.687814	90	98	83	864.994
-2.617994	0.618092	2.539118	91	76	96	864.977
2.094395	1.812176	0.656819	98	74	91	864.944
1.308997	1.194549	-0.801900	26	6	0	864.818
2.617994	1.504028	0.636812	2	81	89	864.698
-2.094395	2.073035	2.027405	82	77	5	864.677
-2.356194	2.295480	1.008277	77	88	86	864.608
0.261799	1.606104	-0.451151	82	91	79	864.469
-1.570796	0.929350	-2.910676	15	12	26	864.459
-2.617994	2.349581	-2.702517	85	74	89	864.415
-0.261799	2.719179	-1.780644	72	2	90	864.201
-3.141593	0.458961	-0.107937	86	25	12	864.098
-2.879793	1.569311	-3.003978	21	19	19	864.026
-2.879793	1.417623	-0.202254	4	83	90	863.997
-3.141593	2.356369	3.005869	79	80	84	863.974
0.785398	2.104282	-0.813972	81	85	84	863.925
-1.047198	2.033014	2.977192	75	93	10	863.852
2.617994	2.396274	-1.959260	78	95	87	863.745
-2.094395	0.929350	-2.910676	76	83	0	863.735
-2.617994	2.719179	-1.780644	95	76	90	863.618
0.785398	0.899350	-2.069907	92	71	93	863.544
1.047198	1.569311	-3.003978	3	12	26	863.523
-1.308997	1.875281	0.107086	86	79	84	863.386
0.261799	1.870545	-2.976234	91	72	95	863.093
1.308997	2.299159	2.264663	26	16	14	862.984
2.617994	1.721184	-0.153948	95	84	6	862.740
-0.261799	2.063651	-2.044600	74	96	83	862.608
-1.308997	2.393226	1.857173	19	9	8	862.525
0.000000	2.760637	2.781135	95	71	3	862.420
-1.047198	1.214854	-1.966664	73	2	87	862.181
-1.047198	0.458961	-0.107937	76	86	95	862.109
-2.356194	1.545873	-1.877082	0	20	86	861.904
-2.879793	1.374601	-2.456031	25	19	13	861.813
2.879793	1.846342	-1.796954	94	86	5	861.790
2.094395	1.310100	1.488307	84	93	0	861.778
2.094395	0.571433	-1.188419	79	85	99	861.613
1.308997	0.685216	-1.712745	12	72	97	861.420
0.523599	2.356369	3.005869	5	70	98	861.168
-2.356194	0.618092	2.539118	94	75	96	860.767
-1.570796	1.606104	-0.451151	83	83	80	860.731
1.832596	1.766067	2.153843	83	99	84	860.501
2.879793	1.301460	-0.509251	14	5	87	860.429
-2.356194	2.664082	-1.071402	22	2	94	860.378
2.094395	2.984978	1.954446	86	73	95	860.132
1.832596	0.591903	2.010408	5	13	28	860.131
-0.523599	2.592629	0.909713	95	74	92	859.777
0.261799	0.850607	-1.335383	90	73	95	859.769
2.617994	1.134796	2.434290	77	6	1	859.698
0.523599	1.658653	-2.409879	82	79	85	859.675
-0.523599	1.846342	-1.796954	74	2	89	859.604
1.832596	1.606104	-0.451151	88	85	6	859.448
-3.141593	0.864993	2.278281	86	76	3	859.397
1.570796	1.374601	-2.456031	9	71	99	859.082
2.879793	1.998705	2.370472	92	82	98	858.844
-2.356194	0.496451	0.593859	76	8	90	858.367
2.879793	0.910508	1.903534	75	6	96	858.097
1.570796	1.247695	1.809890	89	96	82	858.072
-2.879793	1.247695	1.809890	6	86	83	858.003
-2.094395	0.618092	2.539118	97	74	96	857.922
-2.617994	1.872854	1.543456	78	82	92	857.901
2.356194	0.685216	-1.712745	78	91	96	857.900
-1.570796	2.115563	0.685730	86	75	90	857.774
2.617994	1.869911	2.701025	81	88	77	857.676
1.832596	1.488617	1.159546	85	96	0	857.658
-1.047198	1.977582	0.969896	77	85	91	857.479
1.570796	2.033014	2.977192	21	2	23	857.398
-0.261799	0.674054	1.013609	71	98	98	857.281
-2.094395	1.904882	-1.478089	75	83	92	857.200
1.570796	1.134796	2.434290	88	97	87	857.107
-0.785398	1.134497	-1.109631	81	82	82	857.079
2.094395	1.998705	2.370472	10	76	87	856.622
2.617994	2.588535	-2.976617	14	5	87	856.440
2.356194	1.606104	-0.451151	1	78	12	856.419
2.356194	0.899350	-2.069907	79	93	96	856.254
-1.047198	0.674054	1.013609	99	70	87	856.161
2.094395	2.379497	0.561089	4	73	93	856.087
2.879793	1.391910	3.030322	85	88	93	855.945
2.617994	1.824694	1.850876	1	74	83	855.918
-1.832596	0.850607	-1.335383	83	79	97	855.782
2.094395	0.203748	0.590255	81	92	92	855.636
1.832596	1.134796	2.434290	87	98	87	855.589
0.000000	0.866395	-2.492918	84	77	92	855.484
-2.356194	1.310100	1.488307	76	91	88	855.459
-2.617994	0.418037	1.360082	74	90	3	855.432
0.261799	2.719179	-1.780644	79	99	77	855.410
0.523599	1.766067	2.153843	79	91	97	855.194
-0.523599	1.574060	2.783565	18	96	99	855.156
0.261799	0.419640	2.974122	12	26	16	855.099
0.261799	2.664082	-1.071402	17	76	99	855.078
-0.261799	1.658653	-2.409879	74	92	5	854.763
-0.261799	2.089241	-0.114193	77	84	7	854.724
-2.617994	1.134796	2.434290	1	85	83	854.650
-2.094395	1.872854	1.543456	84	75	94	854.646
0.261799	2.379497	0.561089	76	82	93	854.617
-0.785398	0.733948	3.021411	13	12	26	854.338
-2.094395	0.203748	0.590255	75	5	94	854.259
-0.261799	1.696674	-1.253233	76	95	83	854.251
-2.617994	0.910508	1.903534	76	90	94	853.862
0.000000	2.664082	-1.071402	14	73	99	853.852
-3.141593	1.450119	-2.739050	26	16	17	853.817
-1.570796	1.875281	0.107086	83	81	84	853.753
0.261799	2.984978	1.954446	26	98	9	853.729
1.308997	2.396274	-1.959260	8	71	94	853.688
-1.570796	1.574060	2.783565	85	78	87	853.612
2.617994	0.910508	1.903534	4	11	28	853.586
-1.308997	2.115563	0.685730	13	11	13	853.500
-2.879793	1.506530	1.988858	4	83	81	853.338
-3.141593	0.290380	-0.796960	17	25	9	853.316
2.356194	2.637879	2.121598	25	10	6	853.169
0.785398	1.504028	0.636812	23	3	98	853.119
2.356194	1.909857	-0.381669	94	87	6	853.062
1.570796	0.379747	-1.713059	11	92	28	853.019
1.832596	1.870545	-2.976234	88	89	84	852.978
0.785398	1.506530	1.988858	20	8	26	852.977
-0.523599	0.709924	0.218797	88	79	82	852.963
1.047198	2.349581	-2.702517	7	70	95	852.816
-0.261799	1.998705	2.370472	4	70	99	852.743
1.308997	0.619654	-2.216909	7	71	1	852.667
2.094395	1.195355	1.200319	25	7	0	852.624
-0.261799	1.766067	2.153843	15	1	92	852.617
1.047198	0.591903	2.010408	16	27	13	852.580
-2.094395	1.836682	-0.676006	13	20	94	852.540
-0.523599	2.295480	1.008277	9	71	5	852.524
-1.308997	0.496451	0.593859	81	85	82	852.485
2.356194	1.134497	-1.109631	16	77	92	852.483
2.617994	1.413347	-1.339188	1	20	89	852.473
-2.356194	1.683268	0.374177	73	90	90	852.451
0.000000	2.724429	-0.348782	17	8	90	852.411
1.308997	2.073035	2.027405	28	9	18	852.246
-2.617994	0.297065	2.160177	92	71	95	852.166
0.261799	1.809167	1.213774	9	72	93	851.815
-2.617994	0.591903	2.010408	90	71	98	851.508
1.047198	1.555207	1.708892	84	79	84	851.452
-2.356194	1.696674	-1.253233	5	18	87	851.338
-1.570796	1.374601	-2.456031	96	70	94	851.336
0.523599	1.977582	0.969896	80	79	88	851.219
1.047198	1.014500	0.906702	81	77	88	851.194
1.570796	0.866955	-0.931351	25	6	99	851.126
1.308997	0.290380	-0.796960	8	71	95	850.978
0.000000	1.982574	-1.115518	77	95	81	850.947
-1.832596	0.700570	1.559208	95	71	92	850.941
-1.047198	1.450119	-2.739050	6	8	29	850.869
-1.047198	2.579248	-2.364801	74	99	99	850.846
1.308997	2.979456	-1.009304	84	76	99	850.825
-0.523599	1.696674	-1.253233	77	1	82	850.616
1.308997	0.762244	-0.273349	26	8	4	850.465
-0.785398	1.247695	1.809890	19	96	5	850.353
-1.308997	1.025536	1.576859	98	71	97	850.331
-3.141593	1.506530	1.988858	75	99	93	850.259
-1.308997	0.831641	0.616218	95	70	1	850.133
1.047198	1.977582	0.969896	16	4	90	850.132
0.785398	2.001437	0.381215	26	4	1	850.005
0.261799	1.134497	-1.109631	85	78	90	850.001
-1.832596	1.506530	1.988858	90	75	99	849.962
-3.141593	1.440580	2.260026	9	12	29	849.913
-1.047198	1.134497	-1.109631	74	1	86	849.823
-0.785398	0.674054	1.013609	8	70	93	849.743
2.356194	1.736875	3.023612	8	19	23	849.698
2.879793	1.134796	2.434290	76	2	1	849.692
2.094395	0.961715	0.014085	21	6	99	849.655
2.879793	1.696674	-1.253233	96	83	98	849.316
0.523599	1.242974	-2.977882	89	74	99	849.152
0.000000	2.349581	-2.702517	75	89	83	849.103
-1.832596	1.301460	-0.509251	79	85	82	849.039
1.047198	1.599406	1.426070	23	16	20	848.947
-1.570796	1.014500	0.906702	95	69	90	848.856
1.832596	1.506530	1.988858	19	17	24	848.786
-2.879793	1.766067	2.153843	1	81	76	848.557
-0.785398	1.014500	0.906702	10	72	89	848.450
-1.308997	1.824694	1.850876	98	71	3	848.310
1.308997	1.374601	-2.456031	5	70	2	848.291
-2.879793	1.504028	0.636812	73	2	89	848.098
-2.879793	1.218453	2.777284	99	84	84	847.672
-1.047198	1.721184	-0.153948	83	83	81	847.652
1.308997	2.343981	-1.040456	93	74	92	847.464
-1.570796	0.618092	2.539118	18	1	25	847.423
0.785398	2.407836	1.410646	74	90	84	847.255
1.047198	1.846342	-1.796954	95	72	0	846.911
-0.785398	1.904882	-1.478089	13	9	17	846.735
1.570796	0.992645	-1.723759	79	4	0	846.734
2.879793	1.617114	-1.572037	21	1	92	846.624
-0.261799	0.591903	2.010408	22	8	22	846.580
-1.047198	0.619654	-2.216909	3	26	17	846.568
0.785398	1.948085	-2.363031	81	80	86	846.497
2.879793	1.325504	-1.671296	95	82	4	846.466
-1.308997	0.203748	0.590255	79	86	86	846.218
0.261799	0.370812	-2.547742	78	89	15	846.076
-0.261799	0.619654	-2.216909	12	14	5	846.033
0.785398	0.961715	0.014085	17	84	79	845.978
-1.570796	1.617114	-1.572037	85	20	92	845.906
-2.879793	1.998705	2.370472	98	82	0	845.603
-2.094395	0.419640	2.974122	9	75	0	845.404
-1.308997	2.174483	2.653697	81	82	88	845.396
-0.785398	1.417623	-0.202254	84	79	86	845.355
-2.094395	0.864993	2.278281	98	73	0	845.217
2.617994	1.450119	-2.739050	91	86	97	845.176
-1.047198	0.618092	2.539118	20	6	25	845.058
-0.523599	2.033014	2.977192	81	79	92	845.048
-1.570796	1.506530	1.988858	95	74	99	845.044
1.570796	2.247462	0.191623	78	98	80	845.019
-3.141593	1.128190	-2.288622	28	16	11	844.932
-1.832596	1.045978	0.343692	76	83	94	844.874
-3.141593	2.588535	-2.976617	21	9	98	844.623
2.879793	2.393226	1.857173	96	75	80	844.545
0.261799	0.290380	-0.796960	6	70	97	844.537
1.308997	1.909857	-0.381669	87	84	79	844.434
1.308997	2.760637	2.781135	27	99	9	844.382
2.094395	1.741644	-2.695914	83	97	84	844.328
2.617994	2.108018	1.311430	4	74	84	844.312
0.785398	2.295480	1.008277	29	14	9	844.245
2.356194	1.417623	-0.202254	15	6	89	844.233
0.000000	1.214854	-1.966664	74	85	94	843.931
-2.879793	0.685216	-1.712745	24	21	9	843.839
0.785398	0.864993	2.278281	18	24	16	843.765
-1.832596	1.904882	-1.478089	92	23	93	843.751
1.047198	2.073035	2.027405	25	17	14	843.717
-2.094395	0.910508	1.903534	81	81	96	843.692
2.094395	2.393226	1.857173	81	77	86	843.647
-2.356194	0.418037	1.360082	76	86	3	843.504
-1.047198	0.929350	-2.910676	10	15	27	843.437
1.047198	1.433411	-1.035986	93	73	94	843.372
-2.094395	1.113094	-0.272241	73	92	86	843.358
0.000000	2.153910	-1.714959	74	93	89	843.343
1.832596	2.299159	2.264663	28	15	13	843.304
-2.094395	1.301460	-0.509251	74	93	82	843.282
-1.047198	2.637879	2.121598	79	79	94	843.172
-0.261799	0.700570	1.559208	25	1	20	843.101
0.261799	0.961715	0.014085	13	78	80	843.048
-2.094395	0.418037	1.360082	79	84	87	843.035
1.832596	1.242974	-2.977882	82	4	92	842.997
-2.094395	0.571433	-1.188419	81	82	98	842.963
-1.832596	0.831641	0.616218	77	85	92	842.949
1.570796	0.458961	-0.107937	83	77	96	842.722
1.832596	2.001437	0.381215	79	99	78	842.697
2.356194	0.370812	-2.547742	95	71	91	842.650
2.617994	2.041297	-2.664597	92	84	88	842.493
1.570796	2.299159	2.264663	29	10	14	842.348
-0.785398	1.135834	-1.431087	18	3	25	842.218
-0.523599	1.870545	-2.976234	72	99	6	842.135
-1.047198	0.080730	-2.622036	9	70	99	841.734
1.308997	2.587733	0.232235	96	71	96	841.668
-2.879793	1.310100	1.488307	74	1	88	841.623
2.356194	2.138223	1.678323	98	70	89	841.366
1.570796	1.756530	-2.105156	11	73	83	841.277
-0.261799	2.295480	1.008277	12	72	0	841.206
-1.308997	1.367556	0.358405	84	76	92	841.134
0.785398	1.256302	0.062705	15	86	77	841.082
-1.570796	1.134497	-1.109631	89	25	2	841.082
0.261799	1.555207	1.708892	28	7	14	841.081
1.832596	1.450119	-2.739050	91	93	84	840.847
2.617994	2.295480	1.008277	7	75	88	840.812
2.356194	0.906588	1.252948	90	26	0	840.807
-0.785398	2.108018	1.311430	5	70	93	840.797
0.261799	1.335669	0.897240	23	90	94	840.756
-1.570796	1.135813	-2.658866	94	71	90	840.616
1.308997	2.379497	0.561089	17	9	92	840.605
2.356194	1.812176	0.656819	2	76	90	840.577
-2.094395	0.733948	3.021411	20	15	25	840.543
-0.523599	2.174483	2.653697	82	87	19	840.531
1.308997	1.872854	1.543456	84	76	87	840.330
1.047198	2.041297	-2.664597	5	70	99	840.262
-2.356194	0.640596	-2.797608	21	19	21	840.215
1.047198	0.762244	-0.273349	14	77	84	840.020
2.879793	2.073035	2.027405	1	73	83	839.998
0.000000	1.195355	1.200319	25	3	0	839.852
-2.879793	1.736875	3.023612	1	82	3	839.598
0.523599	2.979456	-1.009304	3	71	95	839.339
1.570796	2.349581	-2.702517	14	74	94	839.039
2.094395	1.554776	0.100351	87	91	0	838.799
-0.261799	0.418037	1.360082	24	0	17	838.780
-1.570796	0.203748	0.590255	77	83	1	838.697
-2.094395	1.184361	0.625864	74	85	98	838.687
1.047198	2.404280	-0.174044	82	91	80	838.666
2.094395	1.870545	-2.976234	90	87	84	838.547
1.047198	1.374601	-2.456031	0	69	94	838.430
0.523599	0.831641	0.616218	85	76	94	838.412
2.094395	1.658653	-2.409879	25	99	0	838.364
2.617994	1.417623	-0.202254	91	88	97	838.338
1.832596	2.587733	0.232235	74	95	85	838.149
0.000000	1.128190	-2.288622	73	87	98	838.132
2.617994	1.904882	-1.478089	91	88	7	838.010
2.617994	1.247695	1.809890	85	86	2	837.984
1.832596	1.574060	2.783565	86	94	95	837.867
-0.523599	0.850607	-1.335383	75	87	87	837.815
1.047198	2.407836	1.410646	98	24	98	837.598
-2.617994	1.194549	-0.801900	92	25	95	837.455
1.570796	2.187132	-0.479875	86	81	83	837.212
1.308997	1.904882	-1.478089	2	71	95	837.100
1.047198	2.979456	-1.009304	84	84	80	837.081
-3.141593	2.033014	2.977192	11	24	19	837.054
1.570796	1.134497	-1.109631	16	77	1	837.010
0.785398	1.128190	-2.288622	96	70	93	836.955
1.308997	1.574060	2.783565	91	87	78	836.807
-0.261799	2.881233	-2.582574	72	99	86	836.701
-1.308997	1.510910	-0.740472	3	72	95	836.659
0.785398	1.658653	-2.409879	93	70	91	836.646
-2.356194	1.506530	1.988858	4	85	81	836.436
-0.261799	0.203748	0.590255	4	70	91	836.194
-1.832596	1.510910	-0.740472	96	22	93	836.020
-0.785398	2.379497	0.561089	21	4	94	835.881
-3.141593	1.134796	2.434290	10	2	30	835.822
2.094395	2.073035	2.027405	13	77	95	835.821
1.308997	0.914445	2.687814	1	74	7	835.669
-1.047198	0.709924	0.218797	82	80	90	835.656
-0.785398	2.251330	-2.330739	73	95	2	835.628
-3.141593	1.545873	-1.877082	95	84	7	835.621
1.570796	1.909857	-0.381669	82	89	77	835.604
2.356194	1.836682	-0.676006	92	88	9	835.603
0.785398	1.824694	1.850876	24	13	17	835.553
1.308997	1.506530	1.988858	19	17	20	835.465
2.356194	1.135813	-2.658866	92	92	87	835.463
2.356194	1.555207	1.708892	90	87	87	835.448
-0.785398	1.683268	0.374177	94	71	93	835.227
-1.308997	0.379747	-1.713059	22	90	1	835.002
-0.785398	2.033014	2.977192	76	89	10	834.776
1.308997	2.295480	1.008277	16	8	91	834.628
2.617994	0.685216	-1.712745	80	84	99	834.557
0.523599	1.721184	-0.153948	23	95	12	834.509
-1.832596	1.113094	-0.272241	75	88	86	834.477
-2.879793	2.704512	1.488683	11	81	9	834.473
-1.047198	0.571433	-1.188419	11	12	5	834.251
0.523599	1.417623	-0.202254	86	88	79	833.929
-3.141593	0.866395	-2.492918	87	83	97	833.922
1.047198	2.393226	1.857173	29	6	13	833.917
1.047198	1.699788	2.452890	16	94	27	833.900
-1.047198	2.115563	0.685730	77	85	89	833.863
-0.261799	2.153910	-1.714959	84	80	86	833.669
-0.523599	1.195355	1.200319	92	9	87	833.628
0.000000	2.407836	1.410646	28	4	9	833.382
-1.047198	1.488617	1.159546	1	70	95	833.368
-2.356194	0.203748	0.590255	76	84	6	833.165
1.047198	2.760637	2.781135	25	98	14	833.119
2.879793	1.699788	2.452890	15	17	25	833.058
-2.356194	2.478122	2.609777	86	79	85	833.039
0.523599	1.374601	-2.456031	90	72	92	832.978
-1.047198	1.045978	0.343692	93	72	94	832.916
-1.047198	0.203748	0.590255	93	71	89	832.845
1.308997	2.881233	-2.582574	3	71	84	832.821
1.047198	2.456751	-1.503343	91	72	97	832.698
0.523599	2.295480	1.008277	29	11	9	832.522
2.356194	1.325504	-1.671296	27	7	1	832.485
-1.832596	2.724429	-0.348782	20	5	95	832.327
-3.141593	2.637879	2.121598	1	23	92	832.172
0.523599	1.875281	0.107086	17	89	79	832.111
-1.308997	1.450119	-2.739050	0	70	90	831.979
2.094395	0.914445	2.687814	99	93	76	831.926
1.832596	1.683268	0.374177	86	90	99	831.763
-0.785398	1.050534	3.042579	8	70	88	831.752
-1.308997	1.134796	2.434290	13	96	0	831.678
0.523599	0.914445	2.687814	16	22	20	831.641
1.832596	2.704512	1.488683	88	72	93	831.577
-0.785398	1.433411	-1.035986	82	0	74	831.511
0.261799	2.592629	0.909713	23	17	0	831.380
-2.094395	0.960688	-0.577532	13	10	0	831.377
1.047198	1.135834	-1.431087	98	70	90	831.372
2.356194	2.299159	2.264663	80	79	83	831.360
2.356194	0.458961	-0.107937	24	12	7	831.319
-3.141593	2.456751	-1.503343	14	7	89	831.230
-0.523599	1.812176	0.656819	9	77	79	831.132
0.523599	2.760637	2.781135	15	75	89	831.126
0.523599	1.256302	0.062705	14	83	78	831.061
-1.570796	1.195355	1.200319	97	69	94	831.057
0.523599	1.450119	-2.739050	90	73	94	830.862
0.261799	2.187132	-0.479875	13	14	89	830.689
-0.523599	1.247695	1.809890	13	90	26	830.677
-3.141593	0.685216	-1.712745	26	18	9	830.671
-1.570796	2.478122	2.609777	74	93	3	830.641
0.000000	0.929350	-2.910676	1	7	29	830.569
-0.261799	1.683268	0.374177	10	80	76	830.416
-0.785398	0.992645	-1.723759	73	3	95	830.369
-0.785398	1.909857	-0.381669	7	73	91	830.197
1.308997	1.025536	1.576859	15	23	19	830.030
0.000000	2.478122	2.609777	93	71	2	829.966
2.879793	1.242974	-2.977882	85	88	95	829.920
-2.094395	0.674054	1.013609	74	88	0	829.842
-1.832596	0.960688	-0.577532	74	98	83	829.781
0.000000	1.599406	1.426070	24	4	1	829.751
1.308997	1.555207	1.708892	20	15	23	829.735
-0.261799	2.478122	2.609777	10	73	98	829.704
0.785398	0.615174	-0.666022	14	88	23	829.608
0.523599	2.115563	0.685730	79	79	93	829.224
1.308997	1.606104	-0.451151	83	88	5	829.124
-1.047198	1.846342	-1.796954	14	8	15	829.096
-2.356194	1.721184	-0.153948	76	92	82	829.013
-0.785398	1.128190	-2.288622	71	0	91	829.000
1.308997	1.433411	-1.035986	23	5	96	828.990
1.308997	2.138223	1.678323	28	14	16	828.930
-0.785398	2.719179	-1.780644	13	71	94	828.814
-1.308997	1.721184	-0.153948	81	86	81	828.796
-0.785398	1.846342	-1.796954	75	8	89	828.703
1.570796	0.709924	0.218797	81	76	93	828.557
-2.617994	1.256302	0.062705	3	84	88	828.331
2.094395	1.050534	3.042579	20	12	95	828.288
-1.308997	0.866395	-2.492918	1	69	93	828.148
1.308997	0.297065	2.160177	9	27	13	828.027
-2.356194	1.391910	3.030322	74	86	95	828.009
-0.523599	1.599406	1.426070	12	74	4	827.979
1.047198	1.574060	2.783565	90	87	77	827.862
-0.261799	2.984978	1.954446	13	76	85	827.711
1.047198	2.379497	0.561089	24	9	99	827.585
-0.523599	2.379497	0.561089	1	72	93	827.549
2.617994	1.325504	-1.671296	27	12	1	827.386
0.523599	0.685216	-1.712745	91	72	92	827.169
0.785398	1.812176	0.656819	21	4	95	827.143
-1.570796	1.194549	-0.801900	82	80	87	827.082
-0.523599	0.203748	0.590255	20	81	10	827.031
-2.356194	1.504028	0.636812	75	86	92	826.890
-1.570796	0.674054	1.013609	87	73	88	826.613
1.832596	2.295480	1.008277	3	25	95	826.600
2.879793	0.370812	-2.547742	4	71	98	826.506
0.000000	2.033014	2.977192	89	73	96	826.451
0.000000	0.674054	1.013609	83	78	91	826.449
2.617994	1.214854	-1.966664	87	86	99	826.302
-1.570796	2.704512	1.488683	83	81	85	826.224
2.879793	1.195355	1.200319	83	19	96	826.055
2.094395	2.138223	1.678323	84	76	85	826.052
1.832596	1.658653	-2.409879	15	74	88	825.980
2.879793	1.168678	2.108595	75	6	97	825.925
-2.617994	0.370812	-2.547742	24	17	20	825.902
0.000000	0.914445	2.687814	13	75	85	825.737
-1.047198	0.290380	-0.796960	75	84	1	825.683
-2.356194	1.325504	-1.671296	91	73	0	825.683
1.832596	1.374601	-2.456031	86	3	85	825.620
1.832596	1.184361	0.625864	86	97	94	825.327
0.523599	2.863997	0.549740	18	5	90	824.804
1.047198	2.089241	-0.114193	79	0	78	824.590
-1.308997	1.846342	-1.796954	14	7	15	824.540
1.570796	0.906588	1.252948	12	26	16	824.452
-0.261799	2.299159	2.264663	87	76	89	824.404
1.047198	0.615174	-0.666022	81	86	16	824.306
-1.570796	0.733948	3.021411	79	80	97	824.159
1.570796	2.041297	-2.664597	11	71	89	823.951
0.523599	2.478122	2.609777	86	79	87	823.844
1.047198	2.174483	2.653697	22	2	22	823.781
2.617994	1.998705	2.370472	18	20	22	823.747
-2.356194	2.396274	-1.959260	20	7	93	823.698
-1.047198	1.812176	0.656819	93	72	93	823.574
-0.261799	2.704512	1.488683	26	98	9	823.398
-0.261799	0.685216	-1.712745	75	83	96	823.261
-2.879793	1.617114	-1.572037	99	83	1	823.208
2.617994	2.063651	-2.044600	81	95	84	823.105
-1.570796	1.766067	2.153843	86	87	22	823.095
-1.308997	2.863997	0.549740	87	25	98	822.963
0.785398	1.374601	-2.456031	94	70	92	822.827
1.047198	1.506530	1.988858	20	10	25	822.751
0.261799	0.733948	3.021411	13	23	20	822.692
2.617994	1.948085	-2.363031	94	87	5	822.487
-0.785398	1.506530	1.988858	16	75	97	822.407
0.785398	2.153910	-1.714959	90	73	92	822.375
1.047198	1.982574	-1.115518	93	74	91	822.352
2.879793	2.180315	-1.357379	19	8	93	822.312
0.000000	1.450119	-2.739050	75	85	92	822.094
2.356194	2.393226	1.857173	94	69	90	822.082
2.617994	2.407836	1.410646	2	73	85	822.005
1.047198	1.904882	-1.478089	98	72	94	821.943
-2.617994	1.696674	-1.253233	19	21	1	821.895
-1.047198	2.881233	-2.582574	4	70	95	821.842
1.832596	2.063651	-2.044600	10	74	78	821.836
-1.832596	2.343981	-1.040456	96	76	99	821.784
-2.879793	0.290380	-0.796960	23	15	11	821.593
-3.141593	1.998705	2.370472	94	80	97	821.381
-0.785398	0.899350	-2.069907	10	4	98	821.215
0.523599	2.063651	-2.044600	78	86	82	821.145
1.308997	2.592629	0.909713	16	9	92	820.647
-3.141593	1.699788	2.452890	77	97	9	820.602
-2.094395	1.045978	0.343692	74	88	90	820.508
-1.832596	2.407836	1.410646	82	79	87	820.467
-1.047198	1.242974	-2.977882	11	6	29	820.451
-1.832596	1.488617	1.159546	80	83	86	820.295
-0.785398	2.592629	0.909713	21	0	98	820.112
0.523599	2.704512	1.488683	27	14	5	820.081
2.356194	0.992645	-1.723759	78	92	96	820.043
1.047198	1.113094	-0.272241	14	84	77	820.037
-1.047198	2.349581	-2.702517	81	80	92	819.933
-1.308997	2.251330	-2.330739	95	71	95	819.709
1.308997	1.721184	-0.153948	17	8	90	819.707
1.832596	0.929350	-2.910676	90	98	84	819.697
0.000000	1.662363	0.915448	27	99	14	819.604
0.000000	1.135813	-2.658866	78	83	89	819.489
-1.308997	2.063651	-2.044600	13	5	15	819.470
-1.570796	1.135834	-1.431087	15	13	7	819.426
-1.832596	1.741644	-2.695914	9	11	29	819.245
-1.832596	1.135834	-1.431087	85	22	96	819.160
-0.785398	1.510910	-0.740472	82	82	83	819.117
1.308997	0.591903	2.010408	12	27	13	819.078
1.570796	1.766067	2.153843	25	12	22	818.823
1.047198	1.741644	-2.695914	98	69	93	818.796
2.879793	1.440580	2.260026	96	86	73	818.671
0.785398	2.108018	1.311430	16	3	88	818.548
1.308997	1.599406	1.426070	22	19	20	818.541
1.832596	1.214854	-1.966664	80	1	1	818.523
-1.047198	1.194549	-0.801900	19	3	12	818.303
-0.785398	1.184361	0.625864	5	69	88	818.191
-3.141593	1.696674	-1.253233	78	94	93	818.186
-1.308997	2.153910	-1.714959	7	70	6	818.047
-0.523599	1.194549	-0.801900	82	79	88	817.826
1.832596	2.041297	-2.664597	15	73	89	817.755
-0.785398	1.977582	0.969896	3	70	3	817.670
-2.356194	0.379747	-1.713059	18	25	11	817.600
-0.261799	1.045978	0.343692	89	73	97	817.479
1.308997	1.617114	-1.572037	2	71	98	817.373
-2.879793	0.418037	1.360082	75	5	93	817.190
-1.047198	1.135834	-1.431087	82	82	86	817.181
-1.047198	2.979456	-1.009304	16	7	89	817.131
-3.141593	1.510910	-0.740472	76	1	97	817.042
2.879793	0.929350	-2.910676	24	1	22	816.994
-2.879793	0.733948	3.021411	95	78	99	816.945
-2.356194	2.174483	2.653697	13	92	6	816.925
-2.617994	2.587733	0.232235	84	83	79	816.658
1.047198	2.104282	-0.813972	84	81	84	816.574
2.879793	1.413430	2.550734	7	11	29	816.467
-1.832596	1.413430	2.550734	82	82	85	816.462
2.617994	2.073035	2.027405	87	79	79	816.293
0.785398	1.809167	1.213774	16	4	87	816.289
2.356194	1.574060	2.783565	90	86	5	816.212
2.879793	0.992645	-1.723759	26	15	8	816.202
1.047198	2.343981	-1.040456	87	76	92	816.141
-0.523599	2.115563	0.685730	24	97	7	816.137
2.094395	0.733948	3.021411	22	12	0	816.085
-1.308997	0.674054	1.013609	1	68	91	816.010
2.879793	1.504028	0.636812	3	82	88	816.003
-2.879793	1.869911	2.701025	97	81	2	815.956
2.356194	1.135834	-1.431087	26	8	5	815.758
1.832596	0.290380	-0.796960	19	79	93	815.668
-0.785398	2.073035	2.027405	0	69	95	815.666
2.356194	2.073035	2.027405	85	79	80	815.490
0.523599	0.899350	-2.069907	93	71	92	815.397
1.047198	1.662363	0.915448	23	6	98	815.328
-0.523599	0.831641	0.616218	4	72	5	815.309
-0.261799	0.831641	0.616218	72	2	3	815.266
0.523599	2.664082	-1.071402	74	95	84	815.205
1.570796	0.080730	-2.622036	92	77	17	815.170
-2.356194	1.574060	2.783565	3	78	86	815.094
1.047198	0.496451	0.593859	81	7	2	815.033
2.094395	1.683268	0.374177	96	26	96	814.956
-1.308997	2.295480	1.008277	15	13	10	814.913
0.785398	1.766067	2.153843	22	11	20	814.772
-1.832596	1.417623	-0.202254	77	87	84	814.765
-1.308997	1.904882	-1.478089	86	21	94	814.721
-2.356194	2.299159	2.264663	78	84	6	814.604
-3.141593	1.247695	1.809890	3	84	82	814.569
1.832596	1.113094	-0.272241	83	80	1	814.517
1.308997	1.134497	-1.109631	80	0	4	814.364
0.000000	1.247695	1.809890	26	5	7	814.362
-2.617994	2.984978	1.954446	73	95	89	814.275
0.523599	1.872854	1.543456	29	11	8	814.252
-1.570796	1.721184	-0.153948	83	81	82	814.247
-0.261799	1.450119	-2.739050	83	79	96	814.194
-1.832596	2.456751	-1.503343	77	81	5	814.145
2.879793	1.506530	1.988858	4	80	80	813.740
1.832596	1.812176	0.656819	4	22	93	813.602
1.570796	0.850607	-1.335383	28	3	5	813.520
0.785398	1.741644	-2.695914	94	70	93	813.488
-1.047198	1.134796	2.434290	15	94	1	813.404
0.785398	1.335669	0.897240	24	3	3	813.366
-0.523599	0.080730	-2.622036	83	81	98	813.345
1.047198	2.153910	-1.714959	27	14	15	813.237
0.000000	1.134497	-1.109631	75	94	99	813.212
-1.047198	0.496451	0.593859	95	72	86	813.105
1.047198	1.872854	1.543456	81	79	86	812.902
-1.308997	2.164094	-2.991358	16	91	11	812.711
0.785398	2.881233	-2.582574	84	75	94	812.622
2.356194	2.033014	2.977192	11	21	20	812.489
1.832596	1.310100	1.488307	84	93	0	812.454
-3.141593	2.073035	2.027405	0	80	99	812.445
-0.523599	1.824694	1.850876	13	1	91	812.413
-0.523599	1.134497	-1.109631	79	87	82	812.300
-2.094395	2.637879	2.121598	74	88	96	812.298
-0.785398	1.488617	1.159546	12	73	92	812.250
-1.047198	2.108018	1.311430	1	70	93	812.102
0.000000	1.504028	0.636812	28	1	10	812.088
0.785398	2.404280	-0.174044	19	8	92	811.957
-1.832596	2.881233	-2.582574	98	27	99	811.922
2.094395	0.418037	1.360082	94	77	99	811.900
0.000000	2.108018	1.311430	99	72	99	811.789
1.570796	0.762244	-0.273349	95	75	95	811.758
1.308997	1.683268	0.374177	92	78	84	811.752
-3.141593	1.335669	0.897240	74	8	91	811.520
-0.523599	0.379747	-1.713059	76	90	13	811.402
-2.879793	0.910508	1.903534	84	76	1	811.159
-2.356194	2.247462	0.191623	76	89	83	811.093
0.261799	1.982574	-1.115518	76	92	82	811.030
1.570796	2.115563	0.685730	5	23	93	811.025
2.617994	1.982574	-1.115518	25	6	0	811.022
0.000000	1.732874	-0.951685	85	81	83	811.016
2.356194	0.866955	-0.931351	90	94	88	811.012
0.000000	1.574060	2.783565	91	73	0	811.006
-1.832596	2.979456	-1.009304	98	74	91	810.946
-2.617994	0.615174	-0.666022	20	19	10	810.875
-1.570796	0.866955	-0.931351	74	5	88	810.814
1.570796	0.571433	-1.188419	78	95	94	810.563
2.617994	1.606104	-0.451151	23	4	3	810.500
-2.879793	2.104282	-0.813972	16	94	83	810.443
2.617994	0.619654	-2.216909	79	90	93	810.429
1.308997	1.448123	-2.163292	6	70	96	810.346
1.308997	1.128190	-2.288622	10	72	99	810.261
2.094395	1.417623	-0.202254	13	8	89	810.140
-0.785398	2.174483	2.653697	80	90	19	809.903
-2.617994	1.134497	-1.109631	96	27	98	809.898
0.785398	2.724429	-0.348782	13	11	90	809.896
-0.261799	2.349581	-2.702517	74	92	84	809.814
1.308997	0.899350	-2.069907	9	71	99	809.672
2.617994	1.699788	2.452890	85	87	74	809.502
1.308997	0.458961	-0.107937	27	4	10	809.308
2.356194	1.195355	1.200319	93	26	0	809.275
-0.261799	1.736875	3.023612	85	76	96	809.239
-2.879793	1.413430	2.550734	1	82	85	809.157
2.094395	0.700570	1.559208	6	18	26	808.955
-1.570796	0.906588	1.252948	83	81	88	808.914
2.094395	0.615174	-0.666022	80	80	99	808.776
-1.308997	1.617114	-1.572037	14	95	7	808.566
1.832596	1.045978	0.343692	20	5	95	808.564
-1.570796	2.063651	-2.044600	6	68	1	808.368
2.094395	1.184361	0.625864	84	97	92	808.357
0.785398	1.135813	-2.658866	93	70	97	808.249
2.356194	1.433411	-1.035986	13	11	89	808.137
2.879793	1.909857	-0.381669	20	6	95	808.099
-1.047198	2.396274	-1.959260	77	88	85	808.007
-1.047198	1.433411	-1.035986	76	85	94	807.983
0.523599	2.073035	2.027405	24	7	16	807.977
2.617994	0.571433	-1.188419	26	17	6	807.924
-0.785398	2.407836	1.410646	5	70	93	807.860
1.047198	1.736875	3.023612	15	97	25	807.699
-1.570796	2.041297	-2.664597	14	2	12	807.665
1.047198	0.297065	2.160177	91	77	92	807.284
1.308997	2.664082	-1.071402	86	74	95	807.126
1.308997	1.417623	-0.202254	79	90	5	806.982
0.785398	1.721184	-0.153948	79	92	6	806.939
-2.356194	1.948085	-2.363031	2	85	11	806.895
-2.094395	2.881233	-2.582574	5	98	16	806.870
2.356194	0.866395	-2.492918	97	72	97	806.617
1.308997	2.104282	-0.813972	86	78	85	806.536
2.617994	1.413430	2.550734	87	86	3	806.476
-1.832596	1.448123	-2.163292	90	72	91	806.437
1.570796	0.914445	2.687814	91	97	83	806.262
-0.261799	1.824694	1.850876	13	3	90	806.242
1.832596	1.998705	2.370472	27	14	18	806.221
-1.308997	1.242974	-2.977882	16	98	6	806.216
1.047198	1.413430	2.550734	99	74	6	806.164
0.785398	2.033014	2.977192	18	95	24	806.118
0.523599	0.571433	-1.188419	8	71	97	806.031
-1.832596	0.866955	-0.931351	72	96	85	805.970
-1.047198	1.998705	2.370472	18	97	99	805.872
-1.047198	1.050534	3.042579	18	97	5	805.823
-2.879793	0.618092	2.539118	94	72	1	805.803
-2.356194	1.756530	-2.105156	4	21	88	805.752
0.785398	2.704512	1.488683	25	19	4	805.567
-0.261799	2.001437	0.381215	10	83	75	805.537
0.785398	1.736875	3.023612	14	96	26	805.500
-1.047198	1.982574	-1.115518	10	77	89	805.493
0.261799	0.619654	-2.216909	81	84	15	805.481
-2.617994	1.977582	0.969896	73	97	88	805.470
-0.785398	2.180315	-1.357379	79	85	84	805.434
-2.094395	0.496451	0.593859	75	4	90	805.409
-0.261799	1.504028	0.636812	12	78	81	805.141
-3.141593	0.080730	-2.622036	7	71	94	805.061
0.523599	2.393226	1.857173	27	8	12	805.011
1.047198	1.045978	0.343692	25	3	2	804.765
-1.832596	0.640596	-2.797608	16	23	21	804.764
-2.094395	0.866395	-2.492918	80	79	6	804.632
-0.785398	1.413347	-1.339188	79	80	97	804.575
0.785398	1.683268	0.374177	86	81	83	804.444
2.356194	0.910508	1.903534	4	13	28	804.368
-2.617994	2.356369	3.005869	86	75	84	804.278
1.832596	1.413347	-1.339188	23	6	96	804.241
2.094395	0.762244	-0.273349	25	5	4	804.087
-1.832596	1.014500	0.906702	80	82	86	804.054
-2.356194	2.349581	-2.702517	87	78	81	803.979
-0.523599	2.180315	-1.357379	12	8	16	803.973
0.523599	0.762244	-0.273349	79	86	14	803.859
-1.308997	2.579248	-2.364801	74	2	99	803.792
-1.832596	2.073035	2.027405	85	74	5	803.773
-3.141593	2.393226	1.857173	4	74	83	803.769
0.523599	0.733948	3.021411	10	23	20	803.725
0.261799	0.914445	2.687814	7	8	29	803.514
-0.523599	2.704512	1.488683	16	5	17	803.469
1.570796	1.812176	0.656819	85	93	0	803.445
-1.308997	0.618092	2.539118	90	20	2	803.336
2.356194	2.588535	-2.976617	91	79	89	803.226
-0.523599	2.299159	2.264663	82	79	90	803.102
-0.261799	0.080730	-2.622036	92	76	99	802.919
2.879793	2.478122	2.609777	19	4	91	802.741
-2.879793	2.592629	0.909713	81	90	78	802.727
-0.261799	0.866395	-2.492918	81	80	92	802.698
0.261799	2.115563	0.685730	17	78	2	802.629
-2.617994	1.335669	0.897240	11	87	99	802.415
-2.356194	1.809167	1.213774	74	97	9	802.380
1.570796	2.478122	2.609777	26	7	17	802.272
0.523599	2.592629	0.909713	76	83	88	802.195
-2.617994	2.456751	-1.503343	16	11	92	802.035
1.047198	1.168678	2.108595	14	11	28	801.956
-3.141593	0.379747	-1.713059	81	78	91	801.896
0.785398	2.073035	2.027405	25	4	1	801.820
-1.832596	1.128190	-2.288622	3	3	29	801.765
0.523599	1.824694	1.850876	28	10	12	801.721
0.523599	2.349581	-2.702517	84	74	97	801.649
-0.523599	1.569311	-3.003978	78	83	95	801.618
-2.617994	1.982574	-1.115518	8	13	86	801.562
2.617994	0.297065	2.160177	6	94	29	801.501
-0.261799	2.138223	1.678323	15	76	5	801.495
0.261799	2.033014	2.977192	95	70	97	801.486
-1.047198	1.741644	-2.695914	4	70	89	801.482
1.570796	1.510910	-0.740472	16	6	88	801.470
0.000000	2.138223	1.678323	26	3	7	801.411
0.261799	2.001437	0.381215	77	80	98	801.361
-2.879793	2.108018	1.311430	20	94	85	800.986
-2.094395	0.831641	0.616218	77	82	3	800.914
1.832596	1.741644	-2.695914	16	73	91	800.878
-0.785398	0.618092	2.539118	20	8	25	800.711
1.832596	1.433411	-1.035986	19	6	92	800.649
1.308997	2.724429	-0.348782	73	92	87	800.570
-1.308997	1.870545	-2.976234	6	96	26	800.508
2.094395	2.251330	-2.330739	81	98	83	800.396
1.832596	2.407836	1.410646	88	74	85	800.389
-1.047198	1.869911	2.701025	82	77	98	800.182
2.617994	1.766067	2.153843	18	83	94	800.128
-0.261799	0.458961	-0.107937	9	70	95	800.121
0.000000	2.073035	2.027405	11	71	96	800.002
-0.785398	1.367556	0.358405	94	71	97	799.965
0.261799	1.194549	-0.801900	81	82	85	799.820
0.523599	0.615174	-0.666022	83	79	92	799.599
2.094395	1.488617	1.159546	94	25	97	799.524
1.570796	2.592629	0.909713	90	72	91	799.509
-1.832596	2.396274	-1.959260	12	1	15	799.271
-1.832596	1.195355	1.200319	81	81	88	799.229
-0.261799	1.606104	-0.451151	80	81	90	799.211
1.570796	0.496451	0.593859	80	1	96	799.178
1.047198	2.180315	-1.357379	93	73	95	799.168
-2.879793	2.138223	1.678323	8	79	82	799.038
-0.261799	1.569311	-3.003978	84	77	99	798.996
2.094395	0.370812	-2.547742	91	72	93	798.839
2.617994	1.977582	0.969896	92	27	1	798.777
0.261799	1.256302	0.062705	13	81	77	798.720
1.308997	1.741644	-2.695914	10	72	3	798.678
-2.879793	2.719179	-1.780644	92	77	90	798.527
0.785398	1.606104	-0.451151	82	85	84	798.482
0.785398	1.555207	1.708892	23	11	24	798.478
-1.047198	1.836682	-0.676006	83	86	79	798.395
1.570796	2.588535	-2.976617	17	76	94	798.345
2.617994	1.256302	0.062705	92	87	98	798.256
-0.523599	1.214854	-1.966664	73	98	93	798.231
2.094395	1.977582	0.969896	97	26	96	798.172
1.308997	1.135834	-1.431087	81	4	4	798.076
1.308997	0.709924	0.218797	78	80	93	798.061
-1.308997	2.041297	-2.664597	0	70	95	798.021
-2.617994	2.115563	0.685730	76	95	83	797.891
1.308997	2.704512	1.488683	17	4	88	797.888
-0.523599	1.335669	0.897240	14	75	88	797.680
-0.523599	1.721184	-0.153948	11	74	96	797.654
2.617994	2.760637	2.781135	25	6	2	797.474
-3.141593	2.299159	2.264663	75	5	96	797.346
0.000000	1.756530	-2.105156	77	90	81	797.145
2.356194	0.762244	-0.273349	24	9	4	796.979
0.523599	0.618092	2.539118	17	25	17	796.932
2.094395	1.696674	-1.253233	85	94	2	796.899
0.261799	1.168678	2.108595	25	9	21	796.580
0.261799	1.195355	1.200319	25	7	0	796.556
1.570796	1.741644	-2.695914	9	71	1	796.445
0.785398	1.413430	2.550734	11	95	29	796.399
-0.523599	2.579248	-2.364801	74	3	84	796.381
1.308997	1.998705	2.370472	24	16	18	796.359
-1.832596	2.041297	-2.664597	88	74	89	796.294
-0.261799	2.356369	3.005869	73	92	90	796.122
-2.356194	1.045978	0.343692	82	81	83	795.996
0.261799	1.683268	0.374177	20	83	85	795.986
-3.141593	2.881233	-2.582574	13	5	83	795.907
2.094395	0.618092	2.539118	5	5	30	795.654
-1.308997	2.637879	2.121598	91	21	86	795.627
-2.879793	0.379747	-1.713059	84	75	90	795.556
1.832596	1.545873	-1.877082	87	90	92	795.520
-1.047198	1.569311	-3.003978	4	72	3	795.491
0.000000	2.393226	1.857173	26	98	12	795.487
-3.141593	0.762244	-0.273349	89	83	96	795.315
2.879793	1.025536	1.576859	2	86	82	795.195
-0.523599	2.001437	0.381215	8	80	76	795.065
-1.047198	1.301460	-0.509251	19	4	14	794.984
-1.570796	1.741644	-2.695914	15	2	11	794.772
-1.832596	2.104282	-0.813972	94	76	2	794.749
-2.094395	1.448123	-2.163292	85	74	92	794.665
-3.141593	0.674054	1.013609	77	14	93	794.523
1.308997	0.866395	-2.492918	4	70	1	794.471
2.879793	2.456751	-1.503343	16	4	89	794.455
-0.785398	2.588535	-2.976617	74	88	99	794.416
0.000000	1.977582	0.969896	26	7	99	794.388
-3.141593	0.203748	0.590255	96	77	3	794.373
-1.308997	0.370812	-2.547742	99	68	92	794.329
1.047198	0.290380	-0.796960	78	90	14	794.098
0.261799	1.875281	0.107086	89	11	14	794.070
1.570796	0.297065	2.160177	99	75	1	794.022
1.832596	2.073035	2.027405	11	75	94	794.012
-3.141593	1.134497	-1.109631	77	99	91	793.996
2.617994	1.440580	2.260026	90	89	73	793.982
-0.785398	1.391910	3.030322	9	89	24	793.952
2.356194	0.619654	-2.216909	30	9	10	793.742
2.879793	1.662363	0.915448	2	82	87	793.358
-2.094395	1.846342	-1.796954	93	23	90	793.333
-1.308997	1.168678	2.108595	12	94	98	793.267
1.047198	2.588535	-2.976617	11	71	94	793.184
-1.570796	0.762244	-0.273349	73	99	88	793.151
2.356194	2.984978	1.954446	16	15	93	792.915
1.570796	1.904882	-1.478089	8	74	2	792.799
-1.047198	0.992645	-1.723759	72	98	88	792.680
-1.308997	1.909857	-0.381669	98	73	88	792.470
2.879793	1.417623	-0.202254	92	22	91	792.468
-1.832596	1.135813	-2.658866	89	73	85	792.461
-1.308997	1.045978	0.343692	78	82	91	792.448
-0.261799	2.579248	-2.364801	75	88	96	792.410
-3.141593	1.195355	1.200319	75	8	95	792.396
-0.785398	1.135813	-2.658866	13	72	97	792.381
-0.261799	1.113094	-0.272241	86	82	80	792.301
2.879793	2.379497	0.561089	84	78	90	792.270
-2.094395	1.506530	1.988858	11	90	87	792.251
-3.141593	0.571433	-1.188419	22	23	6	792.209
-1.570796	0.640596	-2.797608	94	70	92	792.193
-2.094395	0.961715	0.014085	73	92	87	792.140
-3.141593	1.417623	-0.202254	89	22	91	792.085
-3.141593	1.732874	-0.951685	78	95	97	792.050
-1.047198	0.640596	-2.797608	1	69	89	792.022
0.000000	1.045978	0.343692	7	15	2	791.926
1.047198	0.700570	1.559208	10	12	92	791.912
-1.047198	1.417623	-0.202254	82	82	85	791.902
1.308997	0.080730	-2.622036	8	88	26	791.860
0.523599	1.506530	1.988858	79	89	98	791.808
-2.617994	1.433411	-1.035986	79	85	0	791.528
-2.617994	1.948085	-2.363031	7	85	99	791.483
1.308997	1.875281	0.107086	13	21	94	791.396
0.261799	2.295480	1.008277	28	1	13	791.383
-0.523599	1.367556	0.358405	98	71	93	791.381
-0.785398	1.335669	0.897240	11	72	88	791.342
-3.141593	0.961715	0.014085	92	83	98	791.280
0.000000	2.863997	0.549740	21	19	99	791.210
0.000000	2.404280	-0.174044	26	10	0	791.149
-0.261799	0.370812	-2.547742	23	95	96	791.011
-1.047198	1.135813	-2.658866	4	70	92	790.989
0.785398	2.041297	-2.664597	94	70	91	790.743
0.785398	2.180315	-1.357379	79	83	85	790.685
2.356194	2.153910	-1.714959	90	93	10	790.684
-1.047198	0.733948	3.021411	97	71	87	790.604
1.047198	2.247462	0.191623	1	72	7	790.604
1.570796	2.138223	1.678323	26	18	15	790.548
-0.523599	1.977582	0.969896	21	6	96	790.328
-2.617994	0.571433	-1.188419	23	20	9	790.176
1.308997	1.836682	-0.676006	0	82	73	790.106
0.000000	1.301460	-0.509251	81	89	81	790.104
0.000000	1.391910	3.030322	89	74	3	790.096
2.356194	1.948085	-2.363031	20	4	94	790.001
-2.617994	2.588535	-2.976617	22	12	0	789.830
0.785398	2.063651	-2.044600	94	73	85	789.803
-2.617994	1.440580	2.260026	1	83	80	789.610
-2.879793	0.929350	-2.910676	25	11	21	789.580
-1.308997	2.104282	-0.813972	84	90	77	789.567
-3.141593	0.914445	2.687814	92	75	5	789.531
-1.047198	2.041297	-2.664597	79	80	96	789.529
2.879793	1.247695	1.809890	0	84	81	789.491
2.356194	2.396274	-1.959260	19	2	91	789.297
-0.261799	1.440580	2.260026	14	0	93	789.168
0.261799	0.685216	-1.712745	88	72	92	789.168
-1.308997	0.458961	-0.107937	74	91	94	788.895
-1.570796	1.904882	-1.478089	89	22	94	788.875
0.523599	1.045978	0.343692	90	73	93	788.855
1.308997	1.736875	3.023612	16	86	22	788.821
-2.879793	2.073035	2.027405	2	82	99	788.698
0.785398	1.450119	-2.739050	94	70	94	788.684
0.523599	0.640596	-2.797608	81	86	17	788.431
1.832596	0.700570	1.559208	8	19	26	788.255
2.356194	1.194549	-0.801900	22	15	99	788.230
-0.785398	0.297065	2.160177	76	82	83	788.160
-1.047198	0.866395	-2.492918	4	20	24	787.983
-2.879793	1.982574	-1.115518	11	12	89	787.812
-0.523599	1.869911	2.701025	82	78	95	787.809
0.261799	2.456751	-1.503343	74	91	86	787.620
2.094395	0.709924	0.218797	23	12	3	787.597
-1.308997	1.433411	-1.035986	76	85	91	787.448
2.879793	2.704512	1.488683	4	72	88	787.447
2.879793	1.904882	-1.478089	79	96	90	787.433
-0.785398	1.113094	-0.272241	94	72	93	787.385
0.785398	1.554776	0.100351	96	70	96	787.262
2.094395	2.001437	0.381215	97	27	97	787.227
-1.308997	1.128190	-2.288622	2	69	97	787.208
-1.308997	2.187132	-0.479875	95	21	92	787.194
2.879793	2.579248	-2.364801	92	79	89	787.182
1.832596	2.356369	3.005869	21	11	96	787.003
-1.570796	2.407836	1.410646	81	78	92	786.910
-0.523599	0.733948	3.021411	19	3	3	786.862
-1.047198	1.909857	-0.381669	84	86	78	786.859
-1.047198	2.153910	-1.714959	13	7	15	786.833
-1.308997	2.001437	0.381215	86	78	86	786.782
1.308997	2.174483	2.653697	23	4	22	786.745
2.879793	0.914445	2.687814	90	75	6	786.716
-2.617994	2.637879	2.121598	74	91	0	786.621
2.879793	0.591903	2.010408	75	3	98	786.612
2.617994	1.135834	-1.431087	94	79	4	786.459
-1.832596	1.440580	2.260026	7	87	85	786.448
1.570796	1.545873	-1.877082	12	74	99	786.347
-2.356194	1.448123	-2.163292	1	24	91	786.289
0.785398	2.379497	0.561089	24	6	99	786.217
0.261799	2.478122	2.609777	97	70	2	786.045
-2.356194	0.910508	1.903534	82	80	93	786.017
-1.308997	0.960688	-0.577532	75	94	84	785.894
1.308997	1.732874	-0.951685	18	5	92	785.829
-1.308997	1.325504	-1.671296	17	5	19	785.819
0.523599	2.001437	0.381215	18	89	82	785.799
0.785398	0.929350	-2.910676	85	81	17	785.734
1.308997	2.863997	0.549740	3	27	99	785.621
-1.570796	0.899350	-2.069907	18	17	8	785.545
0.000000	0.700570	1.559208	13	98	28	785.453
-2.879793	1.836682	-0.676006	13	92	76	785.391
2.094395	0.929350	-2.910676	25	0	14	785.087
-2.094395	1.599406	1.426070	82	81	86	785.034
-2.356194	1.417623	-0.202254	74	6	94	784.945
-2.356194	2.393226	1.857173	76	88	87	784.823
-1.308997	0.619654	-2.216909	6	27	17	784.803
-1.308997	0.297065	2.160177	22	98	20	784.801
1.832596	1.982574	-1.115518	9	74	97	784.633
-1.832596	1.948085	-2.363031	15	98	10	784.500
-0.523599	1.050534	3.042579	11	72	88	784.451
0.000000	2.587733	0.232235	28	7	3	784.335
-2.617994	0.080730	-2.622036	13	75	96	784.145
0.000000	0.458961	-0.107937	96	72	0	784.133
0.000000	0.080730	-2.622036	95	75	0	784.001
-0.785398	2.704512	1.488683	17	3	17	783.886
-1.047198	1.824694	1.850876	83	80	86	783.849
1.570796	2.724429	-0.348782	86	80	90	783.779
-2.094395	2.979456	-1.009304	25	3	99	783.772
1.308997	1.545873	-1.877082	7	72	0	783.715
-2.094395	1.870545	-2.976234	80	82	86	783.587
-1.570796	1.045978	0.343692	16	17	7	783.541
-2.617994	1.050534	3.042579	97	82	83	783.496
2.879793	2.343981	-1.040456	21	6	98	783.359
-1.832596	1.982574	-1.115518	93	21	90	783.329
0.785398	0.379747	-1.713059	98	69	97	783.316
-1.570796	2.349581	-2.702517	73	95	88	783.214
1.832596	1.025536	1.576859	26	4	3	783.159
-3.141593	0.992645	-1.723759	25	14	10	783.033
0.523599	2.187132	-0.479875	77	99	80	783.020
-2.617994	1.113094	-0.272241	3	84	87	782.967
2.879793	0.850607	-1.335383	25	18	5	782.869
1.570796	1.736875	3.023612	19	1	25	782.707
-1.308997	0.899350	-2.069907	18	85	99	782.687
0.785398	2.115563	0.685730	27	3	4	782.653
-2.617994	1.510910	-0.740472	17	4	23	782.464
0.261799	1.134796	2.434290	4	1	31	782.243
-2.356194	1.977582	0.969896	78	88	86	782.158
1.832596	2.478122	2.609777	25	20	12	781.866
1.308997	1.256302	0.062705	24	95	14	781.840
-2.356194	1.128190	-2.288622	98	23	91	781.765
0.785398	2.164094	-2.991358	81	77	92	781.595
-0.785398	1.617114	-1.572037	78	81	95	781.380
0.523599	1.599406	1.426070	28	11	9	781.305
-3.141593	1.683268	0.374177	96	80	86	781.165
0.261799	2.089241	-0.114193	91	9	16	781.114
1.832596	1.662363	0.915448	3	23	94	781.088
-2.617994	2.760637	2.781135	95	29	5	780.977
-3.141593	0.960688	-0.577532	99	27	99	780.952
2.617994	1.732874	-0.951685	25	8	99	780.777
0.261799	2.343981	-1.040456	76	98	81	780.773
1.047198	1.242974	-2.977882	98	69	95	780.665
-1.570796	2.592629	0.909713	86	75	91	780.532
-1.832596	0.418037	1.360082	93	71	91	780.399
-3.141593	1.448123	-2.163292	27	17	8	780.352
2.094395	0.496451	0.593859	82	92	94	780.304
-1.832596	1.391910	3.030322	87	74	98	780.021
-3.141593	1.214854	-1.966664	90	80	6	780.021
-2.617994	2.138223	1.678323	82	84	87	779.851
-1.832596	2.664082	-1.071402	97	74	92	779.831
0.000000	1.374601	-2.456031	76	84	89	779.819
1.832596	1.134497	-1.109631	10	72	91	779.789
2.094395	2.881233	-2.582574	77	90	90	779.787
-1.570796	2.104282	-0.813972	98	75	2	779.677
-2.617994	2.108018	1.311430	21	98	86	779.665
-2.617994	1.391910	3.030322	73	91	95	779.611
0.261799	2.588535	-2.976617	85	74	97	779.537
-0.523599	0.370812	-2.547742	13	2	92	779.448
0.261799	1.909857	-0.381669	16	10	90	779.356
1.570796	1.433411	-1.035986	25	2	0	779.316
1.308997	1.184361	0.625864	91	70	95	779.222
0.785398	0.418037	1.360082	93	69	91	779.205
-2.356194	1.812176	0.656819	75	85	92	779.153
1.832596	0.458961	-0.107937	17	11	26	779.061
0.000000	0.992645	-1.723759	81	77	96	778.938
-0.261799	1.756530	-2.105156	73	93	85	778.914
0.523599	2.041297	-2.664597	80	80	85	778.811
-0.785398	2.164094	-2.991358	75	93	8	778.772
0.261799	0.906588	1.252948	26	8	3	778.757
-0.523599	1.606104	-0.451151	10	74	94	778.756
1.832596	1.599406	1.426070	92	25	97	778.745
