128	1.2	0
-2.094395	1.870545	-2.976234
2.597592	1.608817	-2.323973
../1stm_monomer_m.pdb	-17.901	7.594	-65.024
../1stm_monomer_m.pdb	7.580	64.357	39.635
1.570796	0.640596	-2.797608	113	108	3	1240.952
1.832596	2.404280	-0.174044	107	11	122	1234.652
1.570796	2.724429	-0.348782	111	112	122	1210.332
1.832596	2.984978	1.954446	115	18	126	1205.776
-1.832596	0.906588	1.252948	118	127	113	1161.828
0.000000	0.571433	-1.188419	4	104	122	1153.107
0.523599	1.335669	0.897240	2	127	109	1125.059
1.308997	0.961715	0.014085	12	114	113	1118.162
1.047198	0.458961	-0.107937	5	109	122	1097.431
1.308997	0.418037	1.360082	111	16	6	1073.796
-1.308997	2.033014	2.977192	2	112	11	1072.653
-1.047198	2.979456	-1.009304	114	18	124	1067.404
-0.523599	1.569311	-3.003978	105	9	6	1063.604
-1.832596	1.440580	2.260026	121	107	5	1060.215
-0.261799	0.571433	-1.188419	0	105	121	1056.463
0.523599	0.297065	2.160177	113	18	5	1055.314
1.047198	0.961715	0.014085	120	12	7	1050.332
2.879793	2.041297	-2.664597	117	15	117	1044.961
-1.047198	1.836682	-0.676006	118	19	120	1042.828
0.785398	2.456751	-1.503343	5	110	4	1042.569
-2.356194	1.184361	0.625864	103	13	10	1035.686
1.308997	1.504028	0.636812	124	1	107	1028.639
1.047198	0.370812	-2.547742	8	104	125	1025.940
0.523599	0.379747	-1.713059	5	104	126	1024.531
2.356194	2.456751	-1.503343	4	114	107	1024.004
-0.523599	2.041297	-2.664597	0	117	15	1019.403
2.356194	1.504028	0.636812	115	21	7	1016.505
1.308997	0.674054	1.013609	114	13	16	1013.970
2.094395	1.195355	1.200319	12	3	110	1013.575
1.047198	1.301460	-0.509251	6	108	113	1012.897
2.094395	2.396274	-1.959260	5	112	110	1012.274
-2.879793	2.455966	-0.641220	0	116	105	1010.407
-2.879793	2.664082	-1.071402	1	111	109	1010.323
0.261799	0.379747	-1.713059	1	104	125	1009.111
-2.617994	2.138223	1.678323	122	115	117	1008.666
1.308997	0.080730	-2.622036	9	105	5	1005.139
1.570796	2.033014	2.977192	20	12	11	1004.768
-1.047198	2.041297	-2.664597	1	122	16	1003.660
-1.832596	2.299159	2.264663	123	108	0	1001.523
2.094395	0.906588	1.252948	14	5	111	1001.391
-2.879793	2.180315	-1.357379	124	117	106	1000.073
-0.261799	0.419640	2.974122	110	15	11	998.545
1.570796	2.174483	2.653697	21	16	7	998.498
-2.879793	1.982574	-1.115518	126	122	104	998.134
-3.141593	2.881233	-2.582574	13	114	126	997.889
-1.832596	1.699788	2.452890	3	108	4	997.662
-2.356194	2.664082	-1.071402	110	11	117	996.686
2.094395	2.637879	2.121598	115	19	125	996.309
1.570796	1.184361	0.625864	1	124	110	995.921
1.308997	0.370812	-2.547742	6	104	2	995.174
-1.832596	1.766067	2.153843	3	107	127	994.189
-2.879793	1.450119	-2.739050	0	126	115	993.633
-2.356194	2.455966	-0.641220	3	109	116	992.712
-1.832596	1.134796	2.434290	120	109	4	990.518
2.356194	1.948085	-2.363031	119	15	121	988.179
1.308997	1.683268	0.374177	120	0	105	988.038
-1.308997	1.870545	-2.976234	2	116	14	987.791
-1.832596	1.413430	2.550734	124	108	9	987.025
-0.785398	2.588535	-2.976617	106	14	122	986.306
-2.094395	1.872854	1.543456	120	111	116	985.749
1.832596	2.356369	3.005869	21	15	6	985.219
0.785398	1.335669	0.897240	1	0	109	981.651
-0.523599	0.290380	-0.796960	3	105	125	981.061
1.570796	1.113094	-0.272241	11	112	115	980.459
2.094395	2.719179	-1.780644	3	110	109	977.378
2.356194	2.174483	2.653697	117	19	3	975.846
1.308997	1.812176	0.656819	120	3	107	973.942
0.523599	2.396274	-1.959260	7	110	7	969.148
1.308997	1.732874	-0.951685	125	16	124	968.965
-1.570796	0.864993	2.278281	0	108	127	968.591
0.523599	0.419640	2.974122	117	118	121	968.307
2.879793	1.184361	0.625864	3	120	7	966.266
-3.141593	0.619654	-2.216909	25	19	122	965.047
2.094395	0.419640	2.974122	115	108	2	965.021
0.523599	1.488617	1.159546	3	1	110	964.976
2.617994	1.741644	-2.695914	120	16	119	964.967
-1.832596	0.419640	2.974122	11	110	4	963.484
1.308997	0.762244	-0.273349	7	109	120	962.878
-1.570796	1.168678	2.108595	127	106	0	962.228
-1.570796	1.374601	-2.456031	107	17	10	960.502
-0.785398	2.164094	-2.991358	103	10	125	959.706
1.832596	0.733948	3.021411	112	110	5	959.578
1.308997	1.909857	-0.381669	115	113	116	957.659
-0.785398	2.041297	-2.664597	3	119	15	956.436
1.570796	2.164094	-2.991358	19	9	12	956.249
1.570796	0.297065	2.160177	119	115	124	954.960
2.356194	0.709924	0.218797	110	17	2	954.762
2.879793	2.343981	-1.040456	2	117	105	954.140
2.356194	2.379497	0.561089	117	116	114	953.122
0.785398	0.709924	0.218797	7	110	118	953.065
1.832596	2.247462	0.191623	110	16	122	951.835
1.570796	0.762244	-0.273349	14	112	117	951.820
1.832596	0.831641	0.616218	113	15	14	951.701
-1.570796	2.588535	-2.976617	101	13	1	950.506
1.570796	1.909857	-0.381669	121	110	121	950.384
0.785398	0.619654	-2.216909	3	105	121	948.700
1.570796	1.683268	0.374177	109	13	124	947.119
0.523599	1.662363	0.915448	0	1	109	947.071
1.832596	1.325504	-1.671296	5	0	107	946.815
-1.047198	2.356369	3.005869	5	109	6	946.061
2.879793	2.664082	-1.071402	1	113	108	945.891
2.356194	2.299159	2.264663	113	19	126	945.778
-1.308997	0.910508	1.903534	1	108	122	945.757
-2.094395	2.724429	-0.348782	126	106	118	943.590
1.570796	1.721184	-0.153948	0	113	113	943.379
1.308997	1.662363	0.915448	121	9	109	943.348
-1.832596	1.741644	-2.695914	110	19	11	942.602
-1.832596	1.875281	0.107086	120	106	2	941.857
-1.047198	1.301460	-0.509251	118	18	118	941.840
2.617994	0.906588	1.252948	6	114	7	941.280
-2.356194	1.606104	-0.451151	127	112	118	940.985
1.570796	1.977582	0.969896	122	11	108	940.344
-2.617994	0.080730	-2.622036	10	109	2	940.058
-2.617994	1.599406	1.426070	2	126	17	939.956
-2.617994	2.343981	-1.040456	127	112	113	939.738
1.570796	1.367556	0.358405	127	120	110	939.220
-3.141593	1.741644	-2.695914	1	121	117	937.852
2.617994	2.041297	-2.664597	120	16	117	937.530
1.047198	0.762244	-0.273349	125	109	120	937.353
1.832596	0.290380	-0.796960	7	109	0	936.686
1.832596	2.396274	-1.959260	4	110	111	934.101
0.523599	1.506530	1.988858	29	9	124	932.656
-1.047198	2.164094	-2.991358	0	114	13	932.258
2.617994	1.809167	1.213774	1	0	109	932.213
-0.523599	2.251330	-2.330739	106	9	114	930.769
2.356194	0.906588	1.252948	12	4	111	929.068
-1.308997	0.591903	2.010408	2	108	125	928.562
2.356194	1.256302	0.062705	114	19	122	928.502
1.308997	1.256302	0.062705	0	117	109	927.686
0.261799	0.419640	2.974122	114	120	121	927.317
-1.832596	1.310100	1.488307	120	112	114	927.168
-2.094395	1.256302	0.062705	122	113	111	927.030
1.570796	1.809167	1.213774	119	11	112	926.945
2.879793	0.203748	0.590255	120	115	126	926.866
-1.308997	2.863997	0.549740	9	104	119	926.268
1.832596	0.496451	0.593859	110	15	12	925.879
-1.832596	2.979456	-1.009304	11	112	127	925.858
-3.141593	1.658653	-2.409879	127	122	115	925.164
1.832596	2.881233	-2.582574	4	105	116	924.447
1.570796	1.135813	-2.658866	117	106	8	923.248
-1.047198	1.699788	2.452890	1	106	10	922.281
-0.785398	1.870545	-2.976234	104	11	1	922.198
2.356194	1.998705	2.370472	115	20	3	922.032
-1.308997	2.356369	3.005869	0	112	9	921.309
2.617994	2.719179	-1.780644	3	109	113	921.307
1.832596	0.866955	-0.931351	19	108	122	921.298
2.094395	0.733948	3.021411	115	108	6	921.104
-2.617994	1.045978	0.343692	7	12	110	920.786
2.094395	0.290380	-0.796960	18	111	127	919.004
0.785398	2.089241	-0.114193	8	20	117	918.887
1.047198	1.504028	0.636812	125	1	107	917.688
-3.141593	1.184361	0.625864	1	118	6	916.703
-0.785398	0.458961	-0.107937	107	4	123	916.248
-1.047198	0.960688	-0.577532	102	7	121	916.177
1.570796	1.301460	-0.509251	9	109	117	916.156
2.094395	1.367556	0.358405	115	20	3	916.113
-0.785398	0.866955	-0.931351	111	15	1	915.574
1.570796	0.929350	-2.910676	127	106	2	915.121
-1.832596	1.555207	1.708892	121	110	118	914.568
-0.523599	0.850607	-1.335383	107	11	8	914.016
1.570796	2.455966	-0.641220	107	9	118	914.001
-2.879793	0.866395	-2.492918	122	4	116	913.748
-2.356194	1.045978	0.343692	3	10	109	913.387
2.879793	1.599406	1.426070	116	6	111	912.615
-1.832596	1.256302	0.062705	123	113	110	912.110
0.261799	2.396274	-1.959260	3	110	7	912.038
-2.617994	2.356369	3.005869	109	19	7	911.192
0.000000	0.618092	2.539118	113	14	14	911.129
2.094395	2.247462	0.191623	108	15	124	910.976
1.832596	2.164094	-2.991358	18	106	119	910.368
-3.141593	0.203748	0.590255	111	17	14	909.957
-2.094395	0.640596	-2.797608	12	112	7	907.946
1.832596	2.724429	-0.348782	116	108	123	907.594
0.523599	1.195355	1.200319	3	0	110	907.258
2.094395	2.251330	-2.330739	10	110	113	906.959
-0.523599	1.870545	-2.976234	105	9	4	906.649
1.047198	0.080730	-2.622036	107	11	1	906.561
1.570796	1.836682	-0.676006	122	18	126	905.844
1.570796	2.187132	-0.479875	119	110	119	905.727
-0.261799	0.080730	-2.622036	116	118	121	905.713
1.832596	2.349581	-2.702517	20	8	12	905.440
2.094395	2.153910	-1.714959	4	115	107	904.791
-2.879793	2.343981	-1.040456	126	115	107	904.606
-1.832596	0.961715	0.014085	122	113	112	904.464
-2.617994	1.195355	1.200319	110	19	11	904.051
-0.523599	0.960688	-0.577532	109	9	125	903.904
-2.617994	1.506530	1.988858	117	24	17	903.869
1.832596	0.419640	2.974122	8	105	4	903.637
0.785398	1.045978	0.343692	120	10	10	903.595
-0.523599	2.881233	-2.582574	108	14	126	902.885
1.570796	1.417623	-0.202254	4	114	110	902.269
2.356194	2.356369	3.005869	118	17	2	901.916
-0.523599	0.370812	-2.547742	114	121	119	901.911
0.261799	1.195355	1.200319	4	127	110	901.533
2.094395	2.587733	0.232235	116	113	117	901.238
0.523599	2.089241	-0.114193	11	107	114	900.922
-0.523599	1.391910	3.030322	107	10	6	900.904
1.570796	2.404280	-0.174044	107	12	122	900.594
1.832596	1.194549	-0.801900	19	109	121	899.586
2.879793	1.335669	0.897240	4	120	8	899.250
-2.094395	0.203748	0.590255	109	110	126	899.081
-2.617994	1.448123	-2.163292	103	20	124	898.785
1.570796	1.554776	0.100351	125	116	112	898.695
2.094395	1.683268	0.374177	111	17	120	898.689
-0.785398	1.113094	-0.272241	108	8	126	898.479
-1.832596	2.174483	2.653697	105	14	11	897.856
1.832596	2.587733	0.232235	109	16	126	897.659
-0.261799	2.881233	-2.582574	106	12	127	896.204
2.356194	2.760637	2.781135	14	115	0	896.198
1.047198	1.662363	0.915448	0	7	107	895.921
-2.356194	0.850607	-1.335383	117	12	111	895.156
-2.094395	2.979456	-1.009304	8	110	127	895.021
1.308997	1.184361	0.625864	2	124	109	894.647
1.047198	1.045978	0.343692	122	15	9	894.076
2.094395	2.579248	-2.364801	7	108	114	893.582
2.094395	0.203748	0.590255	110	17	4	893.147
-2.879793	1.658653	-2.409879	126	123	115	893.051
-0.523599	1.050534	3.042579	107	11	8	892.773
2.617994	1.977582	0.969896	111	20	5	892.113
0.000000	0.910508	1.903534	114	11	16	891.969
-2.879793	2.138223	1.678323	120	117	117	891.482
-1.832596	0.290380	-0.796960	109	16	14	891.195
0.785398	1.948085	-2.363031	4	102	126	890.225
1.832596	1.504028	0.636812	125	123	110	889.868
-0.261799	1.736875	3.023612	107	7	6	889.180
1.308997	0.640596	-2.797608	4	110	117	889.162
-1.570796	0.961715	0.014085	111	107	127	888.863
1.047198	1.417623	-0.202254	7	113	109	888.489
2.356194	1.741644	-2.695914	123	16	119	887.973
1.570796	1.504028	0.636812	126	122	110	887.079
2.617994	1.184361	0.625864	3	120	7	886.766
-0.261799	2.393226	1.857173	3	101	2	886.215
-2.356194	2.187132	-0.479875	123	112	111	886.012
-2.094395	1.045978	0.343692	123	109	13	885.936
-1.047198	0.458961	-0.107937	106	6	123	885.303
2.094395	0.496451	0.593859	112	18	125	885.210
1.308997	1.433411	-1.035986	127	16	124	884.523
0.523599	0.203748	0.590255	16	109	127	884.143
2.879793	1.870545	-2.976234	3	118	119	883.771
2.617994	1.870545	-2.976234	122	15	115	883.195
2.356194	2.164094	-2.991358	12	112	126	882.939
1.308997	1.335669	0.897240	1	0	109	882.800
1.832596	1.417623	-0.202254	11	112	115	882.789
1.832596	1.554776	0.100351	3	113	118	882.711
0.000000	1.335669	0.897240	2	125	108	882.701
-2.617994	1.025536	1.576859	4	117	18	882.396
2.879793	0.496451	0.593859	126	115	2	882.284
1.570796	1.606104	-0.451151	2	110	117	882.028
1.308997	1.113094	-0.272241	127	112	114	881.883
1.308997	1.869911	2.701025	18	109	9	881.804
-0.785398	1.450119	-2.739050	105	12	1	881.795
-2.879793	1.756530	-2.105156	7	119	115	881.516
-2.617994	0.700570	1.559208	6	113	16	881.367
-2.879793	1.374601	-2.456031	127	126	114	881.279
-2.879793	1.134497	-1.109631	118	12	109	881.181
-2.617994	2.984978	1.954446	99	11	125	881.066
-1.832596	1.998705	2.370472	2	108	2	880.877
-2.617994	2.478122	2.609777	106	18	127	880.757
0.523599	0.290380	-0.796960	7	104	8	880.615
2.094395	1.184361	0.625864	112	19	120	880.545
1.832596	0.709924	0.218797	116	16	126	880.325
-0.261799	0.685216	-1.712745	108	11	11	880.290
-1.570796	1.699788	2.452890	125	108	10	880.158
0.785398	1.741644	-2.695914	6	102	5	879.336
0.785398	1.134796	2.434290	25	12	126	878.825
-1.832596	2.349581	-2.702517	106	18	127	878.782
2.094395	1.050534	3.042579	22	109	6	878.606
-2.094395	2.637879	2.121598	106	113	126	878.469
-2.356194	2.174483	2.653697	108	21	123	878.370
-0.785398	1.699788	2.452890	4	105	9	878.088
-3.141593	0.866955	-0.931351	23	21	124	877.925
2.094395	0.831641	0.616218	111	15	14	877.433
1.832596	1.367556	0.358405	117	19	3	876.996
-1.047198	2.033014	2.977192	126	111	13	876.762
-0.261799	0.290380	-0.796960	107	6	127	876.709
0.000000	1.195355	1.200319	5	125	110	876.649
1.308997	1.606104	-0.451151	118	111	118	876.349
-1.308997	2.979456	-1.009304	115	17	126	876.209
-1.832596	1.721184	-0.153948	109	15	126	876.207
2.879793	1.045978	0.343692	2	119	7	875.996
-1.047198	1.870545	-2.976234	4	118	17	875.463
-0.261799	1.135834	-1.431087	124	112	109	875.377
1.832596	1.569311	-3.003978	6	107	1	875.049
-0.785398	0.960688	-0.577532	108	10	2	875.007
0.261799	2.393226	1.857173	7	106	9	874.959
-1.832596	2.760637	2.781135	107	115	9	874.938
2.356194	2.033014	2.977192	118	17	5	874.691
-1.308997	2.138223	1.678323	127	104	121	874.445
-2.094395	2.588535	-2.976617	107	19	124	874.047
1.308997	1.510910	-0.740472	127	17	127	873.699
-2.617994	2.664082	-1.071402	1	108	114	873.590
-2.879793	1.310100	1.488307	7	124	19	873.453
0.785398	2.251330	-2.330739	3	102	122	873.344
2.879793	0.674054	1.013609	127	114	4	872.973
1.047198	1.658653	-2.409879	9	101	1	872.674
-1.047198	0.674054	1.013609	18	9	2	872.469
2.356194	2.863997	0.549740	104	14	121	872.312
-2.617994	2.719179	-1.780644	10	113	124	872.175
2.617994	2.349581	-2.702517	118	12	113	871.020
-0.261799	0.733948	3.021411	108	12	12	870.895
2.356194	2.180315	-1.357379	1	119	104	870.739
-1.832596	1.812176	0.656819	123	117	16	870.575
2.617994	1.736875	3.023612	2	119	118	870.255
-1.832596	2.073035	2.027405	122	107	126	870.241
-2.094395	1.599406	1.426070	119	113	113	870.216
1.570796	1.510910	-0.740472	3	107	119	869.725
-2.094395	0.591903	2.010408	7	111	17	869.334
-0.261799	1.574060	2.783565	107	7	7	868.841
-2.094395	2.404280	-0.174044	121	108	118	868.639
1.570796	0.674054	1.013609	116	20	4	868.550
1.570796	2.984978	1.954446	116	17	4	868.308
-1.308997	2.407836	1.410646	3	104	116	868.303
1.832596	2.001437	0.381215	5	115	114	868.164
2.094395	1.504028	0.636812	119	22	8	868.045
2.617994	0.831641	0.616218	3	117	4	868.017
-1.308997	1.869911	2.701025	125	109	11	867.890
0.785398	1.504028	0.636812	126	0	107	867.508
-0.785398	2.033014	2.977192	126	107	9	867.410
-2.879793	1.448123	-2.163292	124	125	113	867.020
2.879793	1.325504	-1.671296	123	10	107	866.530
-0.785398	1.766067	2.153843	5	104	6	866.340
-3.141593	2.407836	1.410646	108	119	116	866.039
-1.570796	0.910508	1.903534	124	106	124	865.384
-0.785398	1.741644	-2.695914	105	12	124	865.234
-2.879793	2.881233	-2.582574	116	16	7	864.735
0.000000	1.413430	2.550734	127	99	124	864.724
2.094395	0.700570	1.559208	13	6	113	864.643
1.832596	0.960688	-0.577532	20	110	119	864.570
2.356194	2.588535	-2.976617	18	108	118	864.561
2.879793	0.831641	0.616218	5	116	7	864.331
2.617994	2.180315	-1.357379	3	120	104	863.979
1.308997	1.417623	-0.202254	8	113	109	863.540
2.356194	2.396274	-1.959260	6	112	111	863.255
0.785398	1.488617	1.159546	0	3	110	863.012
0.785398	1.184361	0.625864	1	125	108	862.883
-2.356194	1.413347	-1.339188	96	13	126	862.694
2.879793	1.809167	1.213774	116	25	10	862.175
-2.094395	1.310100	1.488307	2	121	20	862.140
0.261799	0.685216	-1.712745	2	105	118	861.995
2.094395	2.001437	0.381215	111	18	122	861.953
1.832596	1.242974	-2.977882	18	106	126	861.932
1.832596	1.599406	1.426070	122	9	111	861.689
-3.141593	1.872854	1.543456	118	120	114	861.619
0.000000	0.864993	2.278281	106	7	9	860.888
-0.261799	1.413347	-1.339188	25	123	114	859.506
-2.356194	0.831641	0.616218	15	6	114	859.463
2.617994	1.488617	1.159546	112	19	12	859.387
-2.094395	0.906588	1.252948	6	115	19	859.386
-0.261799	2.164094	-2.991358	114	8	16	859.092
-2.094395	0.709924	0.218797	108	111	2	858.872
-0.261799	2.456751	-1.503343	120	108	119	858.717
1.570796	1.335669	0.897240	0	125	110	858.497
1.570796	2.089241	-0.114193	113	113	124	858.493
1.570796	1.488617	1.159546	127	0	110	858.153
0.523599	0.831641	0.616218	12	115	112	857.924
0.785398	0.899350	-2.069907	127	108	115	857.582
-0.261799	0.379747	-1.713059	108	12	10	857.449
-2.879793	0.961715	0.014085	100	14	5	857.153
0.785398	0.419640	2.974122	119	115	121	856.887
-1.570796	1.545873	-1.877082	100	13	0	856.258
-1.832596	2.164094	-2.991358	106	17	8	856.107
-0.523599	0.571433	-1.188419	105	10	4	854.953
0.785398	1.256302	0.062705	125	11	10	854.333
0.000000	2.063651	-2.044600	109	4	111	854.274
-3.141593	1.982574	-1.115518	3	120	104	854.266
-1.570796	2.073035	2.027405	118	105	126	854.213
0.785398	1.506530	1.988858	27	11	123	853.946
-0.261799	0.850607	-1.335383	126	105	116	853.903
0.523599	1.440580	2.260026	29	9	127	853.844
2.617994	1.045978	0.343692	109	19	0	853.573
-0.785398	1.050534	3.042579	114	13	21	853.399
2.617994	2.592629	0.909713	113	117	114	852.680
1.570796	1.812176	0.656819	123	6	105	852.558
1.570796	1.875281	0.107086	117	119	108	852.508
0.261799	1.488617	1.159546	2	0	110	851.982
2.356194	1.045978	0.343692	111	19	5	851.351
-1.570796	1.766067	2.153843	121	106	4	851.156
-1.047198	1.374601	-2.456031	107	18	9	851.102
-2.356194	2.637879	2.121598	108	113	5	850.907
-1.047198	2.104282	-0.813972	122	24	121	850.820
1.832596	1.335669	0.897240	122	17	15	850.303
-1.832596	1.909857	-0.381669	110	16	125	849.707
-2.617994	1.184361	0.625864	18	4	113	849.431
2.617994	0.674054	1.013609	10	18	117	849.333
-1.047198	1.998705	2.370472	126	104	5	849.307
1.308997	0.866395	-2.492918	127	106	126	849.195
2.617994	2.637879	2.121598	112	21	122	848.852
1.570796	0.831641	0.616218	115	16	14	848.719
0.000000	0.080730	-2.622036	117	116	121	848.539
1.308997	2.478122	2.609777	22	14	3	848.535
0.000000	2.164094	-2.991358	113	7	15	848.428
1.832596	1.658653	-2.409879	5	104	2	847.506
-2.617994	1.413430	2.550734	120	26	13	847.422
-2.356194	1.872854	1.543456	1	2	17	847.403
2.356194	0.418037	1.360082	8	19	121	847.383
1.047198	2.664082	-1.071402	4	110	2	847.263
-2.617994	1.948085	-2.363031	110	19	121	847.073
1.832596	2.174483	2.653697	22	107	127	846.953
-1.570796	1.721184	-0.153948	105	11	124	846.902
-2.356194	2.356369	3.005869	108	20	1	846.843
-2.356194	2.404280	-0.174044	114	111	114	846.680
0.785398	0.961715	0.014085	121	10	7	846.350
-2.617994	1.194549	-0.801900	94	12	10	846.258
-2.617994	0.203748	0.590255	124	111	125	845.779
-2.094395	1.113094	-0.272241	103	12	10	845.221
-0.523599	1.736875	3.023612	108	10	7	844.579
-0.523599	1.135834	-1.431087	108	11	9	844.386
-1.832596	2.089241	-0.114193	121	105	125	844.297
-1.832596	2.478122	2.609777	106	14	9	844.209
2.094395	0.618092	2.539118	14	106	7	844.197
0.785398	2.041297	-2.664597	7	102	2	844.146
-2.879793	1.699788	2.452890	113	13	21	843.823
1.832596	1.184361	0.625864	1	123	110	843.697
-1.047198	2.588535	-2.976617	100	9	0	843.636
1.570796	1.256302	0.062705	5	113	117	843.534
0.261799	2.174483	2.653697	5	103	5	842.656
-2.094395	1.555207	1.708892	118	112	116	842.368
-2.879793	2.979456	-1.009304	0	106	116	842.342
-1.570796	0.618092	2.539118	9	108	4	842.217
0.523599	1.184361	0.625864	124	11	12	841.900
1.308997	1.014500	0.906702	4	126	110	841.886
-3.141593	2.251330	-2.330739	12	115	110	841.491
-2.617994	0.733948	3.021411	2	113	120	841.404
1.570796	2.299159	2.264663	22	106	2	841.164
-3.141593	2.664082	-1.071402	127	111	108	840.660
-2.356194	1.909857	-0.381669	127	112	112	840.298
-0.261799	0.914445	2.687814	107	10	9	839.994
1.308997	1.374601	-2.456031	13	102	4	839.656
1.047198	1.113094	-0.272241	124	14	7	839.638
1.832596	0.762244	-0.273349	121	18	122	839.406
0.785398	2.299159	2.264663	16	114	13	839.363
-2.094395	2.356369	3.005869	105	16	7	839.284
0.261799	1.310100	1.488307	14	5	18	839.171
-0.785398	1.569311	-3.003978	106	12	5	839.149
-2.617994	1.766067	2.153843	117	27	11	839.061
2.356194	1.218453	2.777284	10	115	18	838.929
0.261799	1.413430	2.550734	5	97	124	838.853
2.879793	1.310100	1.488307	109	19	10	838.785
-0.261799	1.699788	2.452890	123	103	119	838.507
2.356194	2.115563	0.685730	113	20	0	838.480
-1.570796	1.741644	-2.695914	106	16	9	838.331
-2.879793	1.904882	-1.478089	125	121	106	837.517
-2.356194	1.870545	-2.976234	107	20	122	837.272
1.570796	2.478122	2.609777	17	104	124	836.953
0.000000	0.899350	-2.069907	118	121	112	836.538
-2.094395	1.766067	2.153843	127	113	120	836.531
-0.523599	1.242974	-2.977882	106	11	5	836.439
-2.094395	1.195355	1.200319	1	117	19	836.206
-1.047198	1.662363	0.915448	4	101	3	835.682
2.879793	2.251330	-2.330739	114	14	116	835.248
1.308997	2.104282	-0.813972	119	107	122	835.002
2.094395	1.134497	-1.109631	12	109	3	834.914
-1.308997	2.164094	-2.991358	0	114	12	834.565
2.356194	1.134796	2.434290	20	113	13	834.483
-0.261799	2.251330	-2.330739	107	8	113	834.365
-1.570796	1.440580	2.260026	126	107	0	834.027
-0.261799	1.599406	1.426070	5	100	5	834.002
2.356194	2.251330	-2.330739	116	13	121	833.712
-1.832596	0.203748	0.590255	120	108	121	833.535
-3.141593	1.948085	-2.363031	113	17	120	833.474
1.047198	1.998705	2.370472	15	109	10	832.714
1.308997	2.174483	2.653697	17	120	17	832.508
2.617994	1.555207	1.708892	120	10	113	832.377
-1.832596	2.455966	-0.641220	12	19	117	831.383
0.000000	1.574060	2.783565	1	100	118	831.231
-1.047198	1.977582	0.969896	4	102	2	830.879
-1.308997	0.960688	-0.577532	119	20	120	830.781
-0.523599	2.579248	-2.364801	107	11	112	830.538
-1.832596	2.041297	-2.664597	109	20	5	830.502
1.832596	0.929350	-2.910676	116	107	6	830.427
-0.523599	0.419640	2.974122	112	17	11	830.289
-0.785398	1.194549	-0.801900	112	15	0	830.229
-2.879793	1.413347	-1.339188	121	0	107	830.009
0.785398	1.766067	2.153843	15	119	18	829.978
-2.617994	1.440580	2.260026	119	25	16	829.803
-2.094395	1.417623	-0.202254	107	114	119	829.767
-2.094395	1.194549	-0.801900	1	127	104	829.744
1.570796	2.356369	3.005869	21	12	10	829.744
-1.570796	0.906588	1.252948	118	126	113	829.718
-1.570796	0.297065	2.160177	123	107	1	829.648
1.308997	1.998705	2.370472	18	115	14	829.237
-1.832596	1.599406	1.426070	122	111	114	828.774
-1.570796	1.870545	-2.976234	106	16	8	828.753
1.570796	1.450119	-2.739050	18	105	1	828.521
0.000000	2.579248	-2.364801	106	9	123	828.330
-3.141593	1.195355	1.200319	14	120	18	828.146
1.308997	2.187132	-0.479875	117	110	120	827.981
-2.094395	2.073035	2.027405	114	110	125	827.523
1.308997	2.979456	-1.009304	115	22	120	827.481
2.356194	2.637879	2.121598	111	18	125	827.149
1.047198	1.184361	0.625864	0	126	108	827.052
-0.523599	0.615174	-0.666022	107	8	125	826.840
-2.094395	1.875281	0.107086	0	109	112	826.699
-1.832596	1.554776	0.100351	107	111	118	826.298
1.047198	1.194549	-0.801900	6	104	118	825.809
1.832596	0.297065	2.160177	122	114	124	825.577
-1.308997	2.108018	1.311430	27	121	116	825.455
1.047198	0.866395	-2.492918	3	112	113	825.355
-2.617994	2.455966	-0.641220	123	112	110	825.292
-2.617994	1.872854	1.543456	122	117	114	825.237
-0.785398	0.080730	-2.622036	109	18	2	825.223
-2.356194	2.979456	-1.009304	18	16	122	825.211
-1.570796	1.256302	0.062705	110	107	123	824.948
-1.570796	1.662363	0.915448	6	3	109	824.812
-2.356194	1.869911	2.701025	106	21	1	824.442
-1.570796	1.448123	-2.163292	107	18	6	824.383
0.261799	1.168678	2.108595	0	103	17	824.335
1.570796	2.588535	-2.976617	13	105	122	824.297
2.094395	1.413430	2.550734	2	112	126	824.224
1.570796	1.214854	-1.966664	7	122	107	824.192
-2.094395	2.138223	1.678323	117	110	118	824.106
2.879793	1.014500	0.906702	3	117	8	823.962
-1.832596	1.574060	2.783565	10	111	1	823.959
1.308997	1.977582	0.969896	119	11	110	823.823
-2.617994	2.724429	-0.348782	0	112	107	823.754
-1.832596	1.450119	-2.739050	111	18	15	823.464
0.000000	1.875281	0.107086	6	104	117	823.390
0.785398	0.685216	-1.712745	9	102	126	823.379
1.047198	0.960688	-0.577532	8	105	121	823.320
-2.094395	2.089241	-0.114193	4	108	115	823.104
0.523599	1.699788	2.452890	29	9	1	822.994
-2.094395	0.674054	1.013609	0	108	12	822.705
-2.356194	0.591903	2.010408	6	112	18	822.568
0.523599	2.393226	1.857173	22	13	120	822.156
-3.141593	1.809167	1.213774	127	123	109	822.085
0.785398	2.073035	2.027405	16	118	16	822.010
-2.879793	1.184361	0.625864	1	116	6	821.827
0.785398	2.153910	-1.714959	8	111	8	821.820
0.523599	2.073035	2.027405	12	111	14	821.651
-0.261799	2.063651	-2.044600	109	6	111	821.584
2.356194	0.831641	0.616218	113	19	15	821.581
-1.832596	1.247695	1.809890	120	110	118	821.484
2.094395	0.591903	2.010408	10	112	124	821.351
-2.356194	0.370812	-2.547742	11	111	4	821.257
-2.356194	1.545873	-1.877082	107	20	0	820.979
-1.047198	1.569311	-3.003978	123	111	117	820.957
-2.879793	0.458961	-0.107937	104	17	4	820.914
-1.832596	1.824694	1.850876	122	108	121	820.888
2.094395	1.736875	3.023612	116	12	13	820.784
-0.261799	1.870545	-2.976234	106	7	4	820.744
-2.356194	1.335669	0.897240	103	15	5	820.640
-0.523599	0.906588	1.252948	127	115	113	820.388
-0.785398	1.335669	0.897240	127	0	108	820.253
2.617994	2.379497	0.561089	116	113	114	820.104
1.570796	0.080730	-2.622036	125	105	12	819.881
1.308997	1.488617	1.159546	123	10	111	819.804
2.879793	2.153910	-1.714959	8	115	110	819.753
-1.047198	1.440580	2.260026	4	106	11	819.555
2.356194	2.478122	2.609777	116	19	0	819.508
-2.356194	0.080730	-2.622036	10	110	1	819.492
0.000000	1.869911	2.701025	127	100	121	819.482
2.879793	1.135813	-2.658866	12	0	112	819.301
-0.785398	0.899350	-2.069907	124	109	13	819.123
-2.617994	1.756530	-2.105156	103	16	117	818.856
2.356194	0.914445	2.687814	11	113	17	818.813
2.094395	2.174483	2.653697	122	21	6	818.738
-3.141593	0.591903	2.010408	14	114	18	818.634
2.094395	2.164094	-2.991358	121	12	14	818.292
1.570796	2.881233	-2.582574	0	105	115	818.246
-2.617994	2.881233	-2.582574	114	19	1	817.685
1.570796	1.374601	-2.456031	119	105	4	817.676
-2.617994	1.824694	1.850876	121	116	117	817.545
-1.570796	2.587733	0.232235	125	104	122	817.369
1.047198	2.299159	2.264663	15	114	11	817.325
1.047198	1.812176	0.656819	0	5	105	817.262
2.879793	0.379747	-1.713059	11	110	4	817.226
-2.094395	1.184361	0.625864	124	111	16	817.076
1.308997	2.455966	-0.641220	108	11	122	816.913
-0.523599	0.733948	3.021411	109	13	10	816.680
-1.308997	1.504028	0.636812	0	103	1	816.646
-1.047198	2.881233	-2.582574	99	11	123	816.564
1.570796	1.872854	1.543456	119	13	115	816.170
-1.832596	1.367556	0.358405	6	8	109	816.163
-2.617994	2.104282	-0.813972	123	118	105	815.919
0.000000	0.850607	-1.335383	3	104	117	815.871
1.832596	2.456751	-1.503343	126	112	107	815.564
2.617994	2.456751	-1.503343	3	115	106	815.439
0.523599	0.906588	1.252948	18	12	16	814.874
-2.617994	1.417623	-0.202254	95	13	8	814.781
-1.047198	0.640596	-2.797608	114	20	13	814.361
-1.308997	1.741644	-2.695914	2	119	15	814.251
-2.094395	0.615174	-0.666022	116	117	118	814.158
0.785398	0.733948	3.021411	118	118	119	813.964
-0.261799	2.041297	-2.664597	104	7	126	813.954
-1.570796	0.674054	1.013609	117	0	112	813.814
-1.308997	0.458961	-0.107937	121	105	0	813.689
1.570796	0.866395	-2.492918	3	105	126	813.631
0.785398	2.664082	-1.071402	108	13	125	813.574
2.617994	2.073035	2.027405	109	19	0	813.101
-3.141593	0.297065	2.160177	17	110	15	813.003
-2.356194	2.041297	-2.664597	109	19	120	812.958
-3.141593	1.870545	-2.976234	118	19	111	812.941
-3.141593	2.760637	2.781135	112	21	125	812.862
0.000000	1.948085	-2.363031	105	10	6	812.843
2.356194	1.766067	2.153843	0	116	10	812.788
-1.570796	1.998705	2.370472	4	107	2	812.686
0.000000	0.674054	1.013609	0	112	116	812.229
-2.879793	2.478122	2.609777	107	18	3	812.197
-0.261799	0.615174	-0.666022	106	5	125	811.950
-2.094395	2.164094	-2.991358	104	16	7	811.768
0.523599	2.863997	0.549740	114	17	121	811.739
1.832596	2.719179	-1.780644	127	109	110	811.662
-1.832596	0.571433	-1.188419	105	14	12	811.600
1.047198	1.325504	-1.671296	15	120	104	811.552
-1.832596	1.374601	-2.456031	122	116	123	811.444
-3.141593	2.979456	-1.009304	126	107	111	811.074
2.094395	1.870545	-2.976234	119	11	14	810.952
-2.617994	1.510910	-0.740472	94	12	4	810.784
1.570796	1.741644	-2.695914	16	105	120	810.588
2.879793	1.741644	-2.695914	124	122	116	810.529
0.261799	2.073035	2.027405	15	113	15	810.290
-2.879793	1.998705	2.370472	111	20	10	810.168
-1.832596	1.168678	2.108595	117	107	1	810.027
-1.047198	1.488617	1.159546	3	125	108	809.999
-1.570796	2.760637	2.781135	105	13	5	809.892
-1.047198	0.591903	2.010408	5	109	125	809.726
2.617994	2.108018	1.311430	26	2	11	809.650
-1.047198	1.909857	-0.381669	108	11	121	809.307
2.094395	1.335669	0.897240	119	20	13	809.238
-0.523599	1.417623	-0.202254	116	14	116	809.055
1.832596	0.615174	-0.666022	22	110	120	808.885
0.523599	0.992645	-1.723759	127	113	110	808.851
-2.356194	2.984978	1.954446	114	21	127	808.693
2.617994	2.115563	0.685730	115	116	111	808.484
-0.785398	1.909857	-0.381669	110	11	122	808.260
2.879793	1.617114	-1.572037	120	6	104	808.140
2.356194	1.977582	0.969896	127	125	108	808.048
1.047198	1.948085	-2.363031	9	101	126	808.045
-1.570796	1.134796	2.434290	123	108	4	807.822
-0.785398	0.571433	-1.188419	106	13	6	807.611
-1.047198	1.194549	-0.801900	118	20	123	807.383
-0.523599	2.349581	-2.702517	0	111	10	807.274
0.000000	2.001437	0.381215	9	98	123	807.227
2.879793	1.413347	-1.339188	118	10	107	806.987
-0.261799	2.138223	1.678323	125	101	119	806.976
-0.785398	1.218453	2.777284	118	109	124	806.863
1.570796	0.419640	2.974122	109	111	5	806.646
-2.617994	1.335669	0.897240	105	17	7	806.632
-2.356194	1.325504	-1.671296	107	20	5	806.593
1.047198	0.709924	0.218797	9	112	118	806.495
-2.094395	2.001437	0.381215	21	122	107	806.256
2.617994	0.418037	1.360082	127	111	2	806.175
-2.617994	0.370812	-2.547742	11	110	5	806.125
-2.094395	1.214854	-1.966664	2	10	107	806.027
-1.832596	0.591903	2.010408	10	111	17	805.701
0.261799	1.948085	-2.363031	105	7	5	805.690
0.523599	1.824694	1.850876	29	9	121	805.662
-1.308997	0.419640	2.974122	14	20	4	805.555
1.570796	2.073035	2.027405	23	109	8	805.413
-1.308997	2.115563	0.685730	2	102	125	805.381
2.617994	2.356369	3.005869	123	20	11	805.244
1.832596	2.187132	-0.479875	122	26	119	804.968
-2.879793	1.872854	1.543456	119	119	114	804.950
1.308997	1.554776	0.100351	125	120	106	804.890
-2.617994	2.588535	-2.976617	111	20	3	804.437
0.523599	0.700570	1.559208	115	12	18	804.369
-0.261799	1.836682	-0.676006	15	98	118	804.328
-0.261799	0.866955	-0.931351	4	105	116	804.221
-2.094395	0.961715	0.014085	120	108	9	804.160
0.000000	1.374601	-2.456031	9	97	117	804.040
2.356194	0.290380	-0.796960	18	22	0	804.031
1.047198	0.899350	-2.069907	0	112	112	803.897
-1.047198	0.297065	2.160177	9	109	0	803.841
-1.047198	2.393226	1.857173	110	3	106	803.522
-0.785398	0.674054	1.013609	18	9	2	803.459
-1.308997	1.025536	1.576859	1	118	112	803.257
-2.617994	1.247695	1.809890	118	20	24	803.227
1.832596	2.407836	1.410646	115	16	114	803.221
2.094395	1.135813	-2.658866	10	119	112	803.189
-1.308997	1.736875	3.023612	4	113	13	802.877
-0.785398	0.929350	-2.910676	110	15	17	802.682
0.261799	0.290380	-0.796960	3	103	8	802.596
-2.879793	1.135813	-2.658866	113	27	0	802.526
-1.308997	0.709924	0.218797	108	5	118	802.512
2.094395	0.297065	2.160177	7	107	0	802.491
2.617994	2.760637	2.781135	15	116	0	801.794
0.785398	1.555207	1.708892	28	11	120	801.717
-2.879793	2.704512	1.488683	112	114	117	801.586
-0.785398	0.290380	-0.796960	103	8	4	801.554
-1.832596	2.356369	3.005869	103	13	7	801.505
1.570796	1.998705	2.370472	14	121	17	801.359
-1.308997	2.041297	-2.664597	3	122	15	801.009
-3.141593	1.374601	-2.456031	122	127	114	800.972
2.879793	1.756530	-2.105156	4	124	106	800.773
2.356194	2.073035	2.027405	111	17	124	800.677
-2.879793	2.393226	1.857173	110	23	0	800.620
-1.308997	2.174483	2.653697	124	108	7	800.219
0.261799	1.809167	1.213774	14	7	110	799.869
0.785398	1.872854	1.543456	19	13	116	799.812
1.832596	1.214854	-1.966664	7	124	108	799.691
-1.832596	2.001437	0.381215	26	124	109	799.346
2.617994	0.297065	2.160177	105	10	3	799.325
2.094395	1.948085	-2.363031	122	15	122	799.082
1.832596	2.033014	2.977192	20	105	124	799.072
-0.523599	0.762244	-0.273349	108	6	124	799.071
1.047198	1.977582	0.969896	120	12	111	799.071
0.261799	2.984978	1.954446	13	105	124	798.928
1.308997	0.619654	-2.216909	12	103	8	798.924
-3.141593	2.704512	1.488683	109	117	118	798.839
1.308997	1.809167	1.213774	120	11	112	798.800
-0.523599	2.456751	-1.503343	9	14	107	798.379
0.523599	2.115563	0.685730	124	5	106	798.333
-2.356194	1.247695	1.809890	114	20	24	798.282
1.308997	2.724429	-0.348782	108	15	125	798.146
-2.356194	2.719179	-1.780644	12	114	124	798.067
1.308997	1.045978	0.343692	119	15	9	798.055
-2.094395	1.367556	0.358405	4	109	3	798.041
-3.141593	0.709924	0.218797	124	115	5	797.912
-2.094395	1.812176	0.656819	20	2	112	797.668
-2.094395	1.824694	1.850876	116	110	122	797.598
-1.308997	2.760637	2.781135	108	14	4	797.590
2.356194	1.599406	1.426070	116	8	112	797.587
-2.356194	1.824694	1.850876	112	112	122	797.527
-2.094395	0.831641	0.616218	121	108	119	797.433
-1.308997	2.073035	2.027405	121	104	126	797.211
1.832596	1.662363	0.915448	123	125	110	797.132
-0.261799	1.504028	0.636812	6	2	104	796.640
0.261799	2.719179	-1.780644	103	8	121	796.538
-1.570796	1.450119	-2.739050	108	16	13	796.532
1.308997	0.297065	2.160177	114	118	124	796.386
1.832596	1.488617	1.159546	1	126	110	796.365
-3.141593	1.555207	1.708892	117	123	114	796.311
-3.141593	1.599406	1.426070	117	5	110	796.236
-0.523599	1.741644	-2.695914	106	11	6	796.150
2.879793	0.685216	-1.712745	22	20	119	796.139
-2.617994	1.433411	-1.035986	116	3	106	796.134
1.832596	1.025536	1.576859	14	6	112	796.122
-2.356194	2.393226	1.857173	107	113	123	796.052
0.785398	1.569311	-3.003978	7	105	11	796.024
0.000000	2.478122	2.609777	1	102	0	795.936
2.356194	2.393226	1.857173	110	18	122	795.886
1.832596	1.301460	-0.509251	19	110	118	795.783
1.308997	2.984978	1.954446	12	112	2	795.710
-0.785398	2.349581	-2.702517	0	116	13	795.398
2.094395	2.456751	-1.503343	1	112	107	795.329
2.617994	2.295480	1.008277	114	121	111	795.255
-0.261799	1.732874	-0.951685	25	120	108	795.171
0.523599	1.812176	0.656819	125	1	107	794.963
2.094395	1.025536	1.576859	110	119	10	794.935
-1.308997	1.194549	-0.801900	121	21	122	794.871
-2.617994	0.458961	-0.107937	111	20	11	794.855
1.570796	0.615174	-0.666022	5	108	125	794.707
1.047198	2.587733	0.232235	0	116	107	794.424
-0.785398	2.724429	-0.348782	119	19	122	794.359
-0.523599	0.866955	-0.931351	106	8	3	794.324
2.617994	1.872854	1.543456	1	122	13	794.280
-2.356194	2.724429	-0.348782	2	108	111	794.188
1.832596	2.063651	-2.044600	7	111	111	794.130
-2.617994	2.393226	1.857173	122	114	119	793.721
1.047198	1.448123	-2.163292	9	101	127	793.596
1.570796	2.863997	0.549740	4	25	118	793.316
1.308997	1.310100	1.488307	16	5	111	793.045
-1.308997	0.418037	1.360082	18	11	0	792.994
1.308997	0.458961	-0.107937	7	110	124	792.908
-2.356194	1.417623	-0.202254	102	17	4	792.877
-1.047198	0.290380	-0.796960	126	109	121	792.676
2.879793	1.195355	1.200319	7	117	9	792.494
2.879793	0.297065	2.160177	11	107	4	792.387
-2.879793	0.992645	-1.723759	0	3	110	792.295
-3.141593	0.419640	2.974122	9	112	18	792.288
-1.308997	1.195355	1.200319	123	112	21	791.914
0.000000	0.379747	-1.713059	107	9	10	791.810
-2.094395	0.418037	1.360082	2	108	14	791.734
-0.785398	0.906588	1.252948	123	113	114	791.606
0.000000	0.619654	-2.216909	117	119	114	791.455
1.832596	1.113094	-0.272241	13	112	117	791.443
2.617994	1.599406	1.426070	114	19	14	791.282
2.094395	2.115563	0.685730	117	123	110	791.261
2.879793	2.174483	2.653697	25	119	125	791.143
-2.356194	1.195355	1.200319	112	122	111	791.021
2.879793	1.696674	-1.253233	120	3	105	790.946
-1.308997	0.899350	-2.069907	107	19	6	790.887
0.785398	1.699788	2.452890	27	11	1	790.825
2.094395	1.741644	-2.695914	17	111	114	790.635
2.879793	1.168678	2.108595	12	119	17	790.292
1.308997	1.367556	0.358405	121	15	9	790.219
1.832596	1.909857	-0.381669	15	110	118	790.205
-2.617994	1.450119	-2.739050	127	124	115	790.092
0.000000	1.846342	-1.796954	16	102	115	789.443
-1.832596	0.709924	0.218797	115	112	114	789.213
0.785398	1.440580	2.260026	26	11	126	789.199
1.047198	1.488617	1.159546	126	4	110	789.039
0.261799	0.203748	0.590255	4	108	123	788.968
-3.141593	2.455966	-0.641220	126	115	105	788.851
-2.094395	1.413347	-1.339188	100	14	0	788.829
-1.832596	1.683268	0.374177	0	106	115	788.750
-1.570796	0.458961	-0.107937	125	103	7	788.729
-1.047198	2.863997	0.549740	8	104	122	788.641
2.356194	1.184361	0.625864	115	20	10	788.427
-2.356194	1.256302	0.062705	101	115	12	788.333
1.570796	2.138223	1.678323	118	14	117	788.325
0.261799	1.574060	2.783565	6	97	118	788.256
2.879793	2.164094	-2.991358	124	17	16	788.206
2.879793	1.846342	-1.796954	127	127	103	788.062
-0.785398	0.615174	-0.666022	126	104	123	788.016
-0.785398	1.998705	2.370472	2	104	5	787.844
-1.832596	1.218453	2.777284	12	110	127	787.710
2.617994	2.033014	2.977192	116	13	17	787.482
0.523599	2.299159	2.264663	15	113	14	787.479
-2.617994	2.180315	-1.357379	2	114	110	787.463
-1.308997	0.297065	2.160177	127	109	124	787.268
1.832596	1.812176	0.656819	0	120	111	786.849
-2.356194	1.506530	1.988858	112	23	17	786.821
2.879793	2.588535	-2.976617	118	16	10	786.707
-2.356194	1.998705	2.370472	105	21	2	786.698
1.832596	0.619654	-2.216909	9	2	114	786.691
-0.785398	1.301460	-0.509251	108	9	1	786.523
-1.570796	2.863997	0.549740	124	106	111	786.501
-2.879793	1.554776	0.100351	99	19	11	786.466
2.094395	1.488617	1.159546	12	1	108	786.328
2.094395	1.869911	2.701025	118	18	4	786.291
1.047198	2.108018	1.311430	121	13	115	786.187
1.570796	0.961715	0.014085	13	114	115	785.581
1.047198	1.374601	-2.456031	14	100	123	785.578
-1.570796	2.164094	-2.991358	103	14	8	785.267
2.617994	1.617114	-1.572037	123	6	104	785.195
-1.570796	1.413430	2.550734	126	108	11	785.123
-1.308997	2.393226	1.857173	125	104	121	785.104
2.617994	0.370812	-2.547742	11	109	14	785.034
-1.308997	2.379497	0.561089	11	104	122	784.789
-1.570796	1.247695	1.809890	119	106	124	784.672
2.879793	2.295480	1.008277	106	18	0	784.297
1.832596	2.579248	-2.364801	6	107	113	784.273
-0.261799	2.579248	-2.364801	3	110	5	784.166
-0.261799	0.640596	-2.797608	1	109	16	783.993
1.570796	0.960688	-0.577532	18	109	120	783.990
-0.261799	1.218453	2.777284	8	122	23	783.907
-1.308997	1.812176	0.656819	8	102	118	783.734
1.832596	1.836682	-0.676006	9	109	127	783.621
2.356194	1.555207	1.708892	123	9	112	783.211
2.879793	2.592629	0.909713	114	114	115	783.199
-1.047198	1.335669	0.897240	125	125	108	783.112
0.785398	2.164094	-2.991358	111	1	118	783.105
-2.356194	1.569311	-3.003978	107	23	120	783.004
2.617994	0.571433	-1.188419	19	21	122	782.939
2.879793	0.418037	1.360082	125	111	0	782.888
2.617994	2.396274	-1.959260	9	110	117	782.837
-2.094395	1.721184	-0.153948	1	109	122	782.822
2.356194	0.419640	2.974122	21	109	12	782.509
1.570796	2.704512	1.488683	116	17	116	782.480
-1.832596	1.025536	1.576859	119	125	114	782.292
-1.570796	1.506530	1.988858	124	105	0	782.268
-3.141593	2.396274	-1.959260	6	112	109	782.168
2.879793	2.108018	1.311430	126	125	109	782.142
-1.570796	2.115563	0.685730	27	124	112	782.139
-2.094395	1.756530	-2.105156	107	19	124	782.110
-0.785398	1.488617	1.159546	5	125	109	781.961
1.047198	0.418037	1.360082	108	11	18	781.906
0.523599	2.349581	-2.702517	109	5	125	781.788
1.832596	2.073035	2.027405	24	112	8	781.639
0.523599	1.325504	-1.671296	115	103	1	781.392
-2.094395	1.014500	0.906702	1	113	18	781.352
1.570796	1.014500	0.906702	3	127	110	781.189
1.832596	1.128190	-2.288622	8	120	110	781.026
2.094395	0.866955	-0.931351	21	110	122	780.914
-1.570796	2.041297	-2.664597	106	17	7	780.900
0.000000	1.545873	-1.877082	17	3	115	780.684
-2.356194	2.396274	-1.959260	8	115	121	780.627
-1.832596	0.992645	-1.723759	108	19	9	780.574
-0.523599	1.218453	2.777284	109	11	11	780.438
1.308997	2.115563	0.685730	121	8	106	780.274
1.832596	1.510910	-0.740472	17	108	119	780.227
2.356194	0.591903	2.010408	6	110	2	780.126
-1.047198	0.762244	-0.273349	107	7	118	780.060
1.832596	1.875281	0.107086	7	113	115	779.741
2.094395	2.724429	-0.348782	12	108	114	779.612
-0.261799	2.073035	2.027405	2	103	8	779.607
2.094395	1.569311	-3.003978	8	108	1	779.449
1.832596	1.413347	-1.339188	9	108	5	779.384
-2.617994	1.741644	-2.695914	111	22	124	779.158
2.356194	0.899350	-2.069907	6	9	111	778.947
1.308997	2.760637	2.781135	24	13	3	778.826
-0.785398	2.393226	1.857173	6	101	124	778.801
-1.047198	1.824694	1.850876	125	102	127	778.779
-2.356194	2.760637	2.781135	105	17	122	778.672
0.000000	1.045978	0.343692	19	104	7	778.657
0.785398	2.760637	2.781135	17	104	122	778.631
-1.570796	0.203748	0.590255	0	106	11	778.527
0.000000	0.685216	-1.712745	125	104	118	778.501
-2.356194	1.599406	1.426070	121	119	112	778.422
-1.047198	1.417623	-0.202254	105	7	127	778.239
-2.356194	1.721184	-0.153948	105	115	119	778.221
2.617994	1.948085	-2.363031	116	15	121	777.998
2.094395	1.413347	-1.339188	12	110	6	777.888
-0.261799	1.872854	1.543456	19	4	113	777.879
-2.879793	1.195355	1.200319	109	18	13	777.835
2.617994	1.135813	-2.658866	10	126	112	777.731
-2.617994	1.310100	1.488307	6	123	19	777.637
0.523599	1.014500	0.906702	21	11	15	777.408
-3.141593	1.310100	1.488307	115	4	112	777.386
0.523599	0.496451	0.593859	7	110	120	777.226
-2.879793	0.831641	0.616218	2	16	114	777.206
1.832596	2.704512	1.488683	114	18	116	777.097
-2.356194	1.025536	1.576859	7	120	21	776.929
1.308997	1.195355	1.200319	126	9	110	776.728
0.261799	1.135813	-2.658866	2	95	127	776.699
1.047198	1.335669	0.897240	2	125	109	776.684
1.832596	2.299159	2.264663	25	110	2	776.657
0.523599	1.310100	1.488307	1	12	112	776.403
-2.617994	1.014500	0.906702	116	15	27	776.298
-0.523599	2.164094	-2.991358	102	8	119	776.284
-2.617994	0.906588	1.252948	4	117	20	775.774
-2.617994	2.063651	-2.044600	2	116	119	775.632
-1.047198	1.195355	1.200319	126	110	21	775.623
-1.832596	0.866955	-0.931351	117	117	114	775.547
-0.785398	0.700570	1.559208	126	111	117	775.523
-0.523599	1.574060	2.783565	103	8	3	775.428
-2.094395	0.496451	0.593859	6	108	1	775.384
-0.785398	0.418037	1.360082	125	109	118	775.324
-1.047198	0.615174	-0.666022	103	9	0	775.315
-1.570796	2.478122	2.609777	121	109	2	775.199
0.523599	0.733948	3.021411	116	120	119	774.402
-1.832596	1.417623	-0.202254	126	113	110	774.358
2.617994	2.863997	0.549740	120	109	124	774.026
-2.879793	2.579248	-2.364801	13	115	124	774.011
-1.832596	0.733948	3.021411	14	111	11	773.935
-1.570796	1.812176	0.656819	3	103	124	773.811
2.617994	2.153910	-1.714959	7	115	108	773.572
-2.094395	2.299159	2.264663	105	13	11	773.517
-2.879793	1.488617	1.159546	118	5	109	773.430
-3.141593	0.910508	1.903534	12	120	20	773.400
-2.879793	0.906588	1.252948	4	116	20	773.331
-0.785398	1.440580	2.260026	6	106	11	773.318
-1.047198	1.450119	-2.739050	126	109	121	773.281
1.570796	1.662363	0.915448	124	124	110	773.266
0.523599	1.569311	-3.003978	113	124	115	773.205
2.356194	0.370812	-2.547742	11	110	15	773.043
1.832596	0.379747	-1.713059	12	107	10	772.876
1.832596	1.450119	-2.739050	11	111	113	772.867
-1.308997	2.104282	-0.813972	126	23	123	772.809
-1.047198	1.875281	0.107086	109	8	116	772.708
0.785398	2.138223	1.678323	28	12	118	772.672
0.000000	2.180315	-1.357379	3	113	101	772.652
1.047198	0.571433	-1.188419	10	104	7	772.516
-2.617994	2.299159	2.264663	115	23	9	772.432
1.570796	1.128190	-2.288622	8	118	110	772.388
2.617994	1.367556	0.358405	112	22	127	772.376
0.523599	1.766067	2.153843	14	117	18	772.365
-1.832596	1.869911	2.701025	108	14	15	772.308
-2.094395	1.870545	-2.976234	105	15	13	772.248
-0.785398	1.242974	-2.977882	105	12	6	772.205
1.047198	1.367556	0.358405	127	126	104	772.048
1.308997	1.982574	-1.115518	0	18	127	772.008
2.356194	0.496451	0.593859	108	15	15	772.002
2.094395	1.391910	3.030322	115	11	14	771.911
1.047198	2.041297	-2.664597	11	102	2	771.889
0.785398	0.379747	-1.713059	0	103	8	771.873
-3.141593	2.456751	-1.503343	125	113	109	771.814
2.617994	2.164094	-2.991358	119	20	2	771.741
0.523599	0.615174	-0.666022	7	102	2	771.629
-1.832596	2.719179	-1.780644	111	18	1	771.611
-2.094395	1.909857	-0.381669	113	19	124	771.512
1.047198	0.906588	1.252948	116	11	18	771.501
-1.832596	2.247462	0.191623	119	106	124	771.469
-1.308997	0.762244	-0.273349	122	106	121	771.326
0.261799	0.992645	-1.723759	1	109	111	771.233
1.832596	2.393226	1.857173	114	17	123	771.177
-1.832596	2.251330	-2.330739	111	22	126	771.037
2.356194	1.809167	1.213774	127	1	109	770.825
2.879793	2.001437	0.381215	6	3	11	770.760
-2.094395	1.391910	3.030322	10	112	1	770.425
-0.785398	2.356369	3.005869	101	10	126	770.326
0.261799	1.134497	-1.109631	2	103	116	770.268
-1.832596	1.045978	0.343692	125	109	115	770.208
-1.047198	1.869911	2.701025	125	107	9	770.045
0.000000	1.310100	1.488307	3	104	19	770.023
-1.308997	1.732874	-0.951685	118	22	123	769.934
2.617994	1.195355	1.200319	7	117	8	769.925
-2.617994	1.113094	-0.272241	2	115	4	769.860
-2.879793	2.407836	1.410646	118	115	115	769.781
1.308997	1.904882	-1.478089	125	16	122	769.773
-1.570796	1.869911	2.701025	5	109	5	769.439
0.000000	1.014500	0.906702	125	116	112	769.425
-1.570796	1.569311	-3.003978	120	118	116	769.370
2.617994	2.664082	-1.071402	127	113	106	769.352
-2.617994	1.982574	-1.115518	121	117	109	769.337
2.879793	2.760637	2.781135	116	23	126	769.320
-2.617994	1.301460	-0.509251	96	14	7	769.303
-0.523599	0.418037	1.360082	1	109	122	769.225
1.570796	0.733948	3.021411	111	111	4	769.071
0.785398	2.979456	-1.009304	107	13	2	768.842
2.356194	1.367556	0.358405	112	20	125	768.788
-1.047198	1.433411	-1.035986	116	125	105	768.779
1.832596	1.741644	-2.695914	11	106	9	768.770
-1.047198	2.115563	0.685730	17	3	108	768.702
0.261799	2.138223	1.678323	30	9	121	768.686
-2.879793	1.025536	1.576859	8	120	19	768.682
1.570796	0.370812	-2.547742	0	105	12	768.537
-2.356194	2.299159	2.264663	108	16	12	768.524
1.832596	0.906588	1.252948	16	5	111	768.177
-0.261799	0.370812	-2.547742	115	118	118	768.124
-1.308997	2.089241	-0.114193	107	9	115	768.026
-3.141593	2.180315	-1.357379	124	119	106	767.936
-3.141593	1.504028	0.636812	4	120	8	767.906
1.308997	0.850607	-1.335383	31	1	113	767.595
-1.570796	2.138223	1.678323	123	104	121	767.588
2.094395	1.045978	0.343692	114	20	11	767.493
-1.308997	1.256302	0.062705	104	8	127	767.466
-0.785398	0.370812	-2.547742	106	16	8	767.463
2.617994	1.310100	1.488307	113	17	17	767.444
2.356194	0.571433	-1.188419	12	110	3	767.271
2.356194	0.203748	0.590255	110	20	9	767.246
-1.570796	2.356369	3.005869	126	113	10	766.837
0.785398	1.367556	0.358405	124	123	107	766.648
-2.356194	1.433411	-1.035986	94	11	127	766.497
-2.617994	1.242974	-2.977882	112	26	127	766.355
0.000000	2.664082	-1.071402	121	111	114	766.169
1.047198	2.174483	2.653697	17	106	6	765.870
-2.356194	1.014500	0.906702	106	12	16	765.836
0.000000	1.135834	-1.431087	12	97	125	765.820
1.308997	1.766067	2.153843	27	17	4	765.707
-1.308997	1.699788	2.452890	126	107	10	765.674
2.356194	0.618092	2.539118	17	108	7	765.621
-1.570796	1.335669	0.897240	126	105	7	765.576
-2.094395	2.393226	1.857173	119	110	120	765.346
-1.308997	1.391910	3.030322	117	117	116	765.333
1.570796	2.379497	0.561089	4	118	108	765.303
-1.308997	1.450119	-2.739050	122	112	119	764.972
1.832596	1.014500	0.906702	120	17	18	764.937
1.570796	0.866955	-0.931351	11	106	126	764.838
-2.617994	0.831641	0.616218	115	11	28	764.662
0.523599	0.591903	2.010408	31	6	125	764.553
-2.356194	0.910508	1.903534	5	118	20	764.435
2.356194	1.325504	-1.671296	20	114	10	764.336
2.879793	1.948085	-2.363031	115	18	119	764.228
-1.308997	2.456751	-1.503343	20	10	108	764.137
-1.570796	2.407836	1.410646	126	105	116	763.927
-1.832596	0.929350	-2.910676	17	114	9	763.776
-1.570796	0.700570	1.559208	8	110	16	763.762
0.000000	1.699788	2.452890	0	100	120	763.254
0.261799	0.496451	0.593859	126	110	119	763.249
0.785398	0.831641	0.616218	20	15	12	763.072
-1.308997	2.295480	1.008277	18	106	3	763.057
-1.570796	2.174483	2.653697	124	109	5	762.981
-1.832596	0.700570	1.559208	5	110	16	762.824
-2.617994	0.418037	1.360082	125	107	123	762.771
-2.356194	0.418037	1.360082	2	108	14	762.697
2.356194	1.335669	0.897240	115	20	12	762.695
-2.094395	0.458961	-0.107937	124	106	5	762.521
0.261799	1.335669	0.897240	1	126	108	762.512
2.879793	0.850607	-1.335383	116	20	116	762.454
2.094395	1.194549	-0.801900	21	112	1	762.453
1.832596	2.455966	-0.641220	15	108	113	762.220
1.570796	1.869911	2.701025	20	15	11	761.959
0.261799	0.571433	-1.188419	9	103	121	761.761
-2.356194	1.367556	0.358405	101	13	15	761.637
1.308997	2.343981	-1.040456	106	6	119	761.563
-3.141593	2.041297	-2.664597	1	118	117	761.536
2.094395	2.041297	-2.664597	7	109	10	761.496
-0.785398	0.685216	-1.712745	114	122	113	761.493
0.000000	1.488617	1.159546	2	0	109	761.456
-0.785398	1.448123	-2.163292	104	14	122	761.414
-2.879793	2.760637	2.781135	108	19	125	761.366
2.617994	0.618092	2.539118	3	110	15	761.334
-1.308997	0.290380	-0.796960	127	105	127	761.318
2.879793	1.504028	0.636812	3	121	7	761.312
-2.356194	2.478122	2.609777	3	114	127	761.282
1.832596	1.732874	-0.951685	10	108	1	761.171
-1.570796	0.418037	1.360082	20	10	1	761.095
-2.617994	2.979456	-1.009304	3	105	116	761.082
-1.570796	1.732874	-0.951685	121	24	122	761.004
0.785398	1.662363	0.915448	127	3	108	760.898
-1.047198	1.766067	2.153843	1	104	4	760.857
-0.261799	1.982574	-1.115518	21	0	107	760.850
-0.523599	2.407836	1.410646	122	103	114	760.796
1.832596	1.683268	0.374177	107	12	124	760.726
-0.261799	2.704512	1.488683	7	106	5	760.529
-2.356194	1.301460	-0.509251	93	9	7	760.491
1.832596	1.870545	-2.976234	13	110	12	760.456
-1.308997	1.510910	-0.740472	122	21	123	760.354
-3.141593	1.696674	-1.253233	118	2	105	760.255
2.617994	1.113094	-0.272241	114	17	117	760.251
2.094395	1.574060	2.783565	117	16	7	760.059
0.785398	1.998705	2.370472	13	115	16	759.807
2.879793	1.256302	0.062705	109	19	122	759.796
-1.308997	1.134497	-1.109631	112	3	107	759.726
1.308997	2.379497	0.561089	7	116	109	759.654
-2.094395	1.554776	0.100351	123	112	110	759.550
1.832596	1.374601	-2.456031	6	117	109	759.499
2.617994	1.135834	-1.431087	0	6	108	759.443
-0.523599	0.496451	0.593859	18	9	0	759.239
2.356194	2.063651	-2.044600	10	114	109	759.191
1.308997	2.664082	-1.071402	118	106	127	759.111
0.261799	1.242974	-2.977882	3	95	125	758.812
1.047198	2.180315	-1.357379	11	113	7	758.803
-0.785398	0.914445	2.687814	115	110	1	758.781
2.617994	0.591903	2.010408	8	110	2	758.774
-0.261799	1.335669	0.897240	9	127	105	758.724
-2.879793	0.619654	-2.216909	20	21	122	758.720
-2.617994	2.187132	-0.479875	1	112	110	758.718
0.523599	1.413430	2.550734	27	9	1	758.662
-2.094395	0.290380	-0.796960	113	19	12	758.660
-2.356194	1.214854	-1.966664	108	22	7	758.466
2.356194	1.413430	2.550734	10	118	18	758.447
0.000000	1.413347	-1.339188	27	125	114	758.431
-3.141593	2.588535	-2.976617	14	116	124	758.330
0.523599	1.242974	-2.977882	114	122	116	758.311
2.094395	0.929350	-2.910676	8	127	113	758.303
1.570796	2.104282	-0.813972	7	109	1	758.283
1.308997	1.128190	-2.288622	13	102	3	758.209
2.094395	2.187132	-0.479875	125	11	102	758.086
-0.261799	0.762244	-0.273349	109	4	124	757.578
-0.785398	1.606104	-0.451151	107	9	118	757.572
-2.094395	0.866955	-0.931351	105	17	6	757.494
-1.570796	1.045978	0.343692	123	105	1	757.133
-1.308997	1.301460	-0.509251	120	19	118	757.105
2.094395	1.658653	-2.409879	4	119	106	757.051
1.308997	0.899350	-2.069907	3	112	112	757.049
-2.879793	0.866955	-0.931351	20	22	124	756.998
-1.047198	1.025536	1.576859	2	110	116	756.942
-2.094395	1.135834	-1.431087	109	21	4	756.869
-2.617994	0.640596	-2.797608	24	19	124	756.842
-0.523599	2.356369	3.005869	101	9	122	756.740
-1.832596	1.736875	3.023612	113	16	19	756.684
2.879793	0.906588	1.252948	7	114	8	756.555
-3.141593	2.343981	-1.040456	8	107	119	756.533
0.000000	0.866955	-0.931351	2	102	119	756.055
-1.832596	2.588535	-2.976617	104	16	122	755.964
-1.047198	2.407836	1.410646	30	122	118	755.942
-2.094395	2.719179	-1.780644	10	114	125	755.805
-0.261799	1.413430	2.550734	100	2	7	755.783
-2.094395	1.506530	1.988858	121	115	117	755.772
2.879793	2.180315	-1.357379	126	122	104	755.749
0.261799	2.478122	2.609777	16	102	0	755.443
0.261799	1.606104	-0.451151	20	102	127	755.420
2.094395	2.588535	-2.976617	14	106	118	755.351
-2.617994	2.396274	-1.959260	10	115	121	755.335
-1.570796	2.881233	-2.582574	0	25	116	755.316
-0.785398	2.404280	-0.174044	107	7	121	755.287
-2.879793	1.194549	-0.801900	99	18	11	755.235
-2.617994	1.699788	2.452890	113	25	4	755.200
-2.356194	0.297065	2.160177	9	111	16	755.195
-1.570796	1.391910	3.030322	7	111	7	755.190
-2.094395	2.587733	0.232235	114	108	117	755.119
-1.570796	2.664082	-1.071402	126	24	125	755.083
0.000000	2.719179	-1.780644	98	6	9	754.901
-2.356194	2.881233	-2.582574	12	116	125	754.800
-3.141593	2.063651	-2.044600	15	113	4	754.578
-2.879793	0.674054	1.013609	2	111	4	754.576
-1.570796	0.992645	-1.723759	108	20	1	754.543
2.356194	2.153910	-1.714959	6	116	108	754.401
-3.141593	1.014500	0.906702	2	11	111	754.291
0.785398	1.194549	-0.801900	32	7	118	754.181
-1.832596	1.870545	-2.976234	108	17	13	754.142
-0.523599	0.640596	-2.797608	2	115	19	754.074
-2.617994	1.168678	2.108595	120	21	22	754.056
-1.047198	2.247462	0.191623	110	6	112	753.965
-2.879793	1.417623	-0.202254	99	19	9	753.722
1.832596	1.869911	2.701025	15	121	18	753.621
-0.785398	1.510910	-0.740472	107	13	120	753.526
-0.785398	1.184361	0.625864	9	101	127	753.475
-0.785398	2.073035	2.027405	28	121	121	753.191
-0.523599	1.732874	-0.951685	23	118	108	753.138
-1.832596	1.050534	3.042579	14	111	1	753.035
1.832596	1.050534	3.042579	16	107	123	753.018
-2.356194	1.488617	1.159546	115	121	110	753.004
-1.832596	0.674054	1.013609	4	109	14	752.793
-2.356194	0.458961	-0.107937	122	108	5	752.729
-1.832596	1.488617	1.159546	2	112	109	752.722
-1.047198	1.113094	-0.272241	103	6	3	752.706
-1.308997	0.864993	2.278281	3	109	126	752.680
1.047198	1.766067	2.153843	23	17	0	752.594
-2.094395	1.998705	2.370472	113	112	0	752.531
2.617994	1.247695	1.809890	14	115	9	752.401
-2.879793	1.555207	1.708892	118	26	15	752.362
-1.570796	1.658653	-2.409879	107	18	8	752.318
2.094395	1.699788	2.452890	25	113	9	751.880
0.785398	1.301460	-0.509251	4	106	114	751.876
-0.785398	2.187132	-0.479875	109	11	122	751.784
2.094395	2.760637	2.781135	14	113	2	751.708
-3.141593	1.194549	-0.801900	113	14	112	751.611
1.570796	2.041297	-2.664597	13	106	117	751.403
-2.879793	0.203748	0.590255	126	111	126	751.372
-2.094395	2.478122	2.609777	5	112	0	751.319
2.356194	2.719179	-1.780644	125	110	109	751.276
-2.356194	1.510910	-0.740472	94	10	1	751.238
-0.261799	1.869911	2.701025	108	5	8	750.948
2.094395	2.379497	0.561089	109	17	126	750.906
-1.832596	1.113094	-0.272241	122	117	108	750.885
2.617994	2.478122	2.609777	116	21	5	750.836
-3.141593	2.115563	0.685730	7	4	12	750.787
0.785398	0.910508	1.903534	115	1	25	750.770
-3.141593	0.906588	1.252948	15	116	17	750.712
-1.570796	2.187132	-0.479875	109	14	117	750.711
-2.094395	1.606104	-0.451151	1	109	120	750.673
-2.094395	0.618092	2.539118	23	9	125	750.671
-1.832596	1.184361	0.625864	3	109	14	750.489
1.308997	1.450119	-2.739050	13	104	8	750.483
-1.570796	0.831641	0.616218	0	105	7	750.346
1.832596	2.588535	-2.976617	22	114	12	750.204
-2.356194	0.961715	0.014085	1	110	127	750.180
1.308997	1.325504	-1.671296	6	125	106	750.172
-1.047198	1.812176	0.656819	12	102	118	750.129
1.047198	0.700570	1.559208	113	6	25	750.068
-3.141593	0.960688	-0.577532	103	20	18	750.064
-1.308997	1.574060	2.783565	112	122	112	750.039
2.356194	1.135834	-1.431087	0	5	108	749.996
0.261799	1.325504	-1.671296	124	115	107	749.430
-0.785398	2.108018	1.311430	12	102	4	749.240
-3.141593	1.488617	1.159546	119	7	108	749.167
2.879793	2.881233	-2.582574	11	111	126	748.952
1.047198	1.732874	-0.951685	3	16	126	748.852
-2.617994	0.992645	-1.723759	121	0	111	748.849
-3.141593	1.448123	-2.163292	122	125	113	748.797
1.308997	1.824694	1.850876	25	19	126	748.777
2.879793	1.658653	-2.409879	8	124	108	748.582
-0.261799	2.349581	-2.702517	107	10	114	748.204
0.523599	2.719179	-1.780644	6	110	4	748.175
-0.785398	1.391910	3.030322	5	8	117	748.025
-2.617994	1.367556	0.358405	107	19	18	748.000
1.047198	1.510910	-0.740472	2	107	114	747.965
2.617994	0.496451	0.593859	111	20	11	747.934
-2.617994	2.033014	2.977192	111	18	12	747.921
-1.832596	1.506530	1.988858	4	108	122	747.858
-2.094395	0.080730	-2.622036	18	20	6	747.812
0.000000	1.617114	-1.572037	17	100	114	747.613
-0.261799	2.588535	-2.976617	104	11	118	747.371
1.832596	1.948085	-2.363031	10	107	118	747.186
-3.141593	2.153910	-1.714959	4	116	109	747.135
-1.832596	1.948085	-2.363031	112	23	2	747.125
0.000000	2.979456	-1.009304	122	116	108	746.997
-2.356194	2.089241	-0.114193	117	111	115	746.862
1.047198	1.869911	2.701025	14	106	9	746.835
-1.308997	1.247695	1.809890	124	111	117	746.817
-2.094395	0.419640	2.974122	4	108	8	746.811
-1.832596	2.637879	2.121598	8	108	123	746.782
-0.261799	1.948085	-2.363031	107	7	115	746.654
2.356194	1.870545	-2.976234	119	15	7	746.559
-0.523599	1.904882	-1.478089	19	124	103	746.529
0.261799	0.850607	-1.335383	19	99	4	746.518
-2.879793	1.948085	-2.363031	18	23	126	746.445
-2.879793	0.850607	-1.335383	115	13	112	746.364
1.308997	2.299159	2.264663	22	18	2	746.037
2.879793	0.290380	-0.796960	106	15	0	745.999
-1.308997	0.203748	0.590255	4	106	11	745.984
-1.832596	1.658653	-2.409879	111	21	9	745.714
-0.523599	0.899350	-2.069907	1	108	13	745.641
-1.832596	0.960688	-0.577532	120	113	117	745.466
-2.617994	1.504028	0.636812	1	115	7	745.440
0.785398	1.824694	1.850876	29	12	122	745.109
-1.308997	1.766067	2.153843	125	104	4	745.035
-1.832596	1.872854	1.543456	124	109	116	744.996
0.261799	0.615174	-0.666022	4	102	2	744.992
0.000000	1.554776	0.100351	3	102	122	744.887
-2.879793	1.506530	1.988858	111	20	12	744.885
-0.261799	0.992645	-1.723759	108	11	11	744.629
-2.356194	0.419640	2.974122	23	10	122	744.506
1.570796	1.310100	1.488307	10	13	112	744.457
2.094395	1.812176	0.656819	111	20	121	744.403
-0.261799	2.637879	2.121598	9	101	126	744.305
0.785398	0.640596	-2.797608	120	117	117	744.207
-1.570796	1.948085	-2.363031	106	18	5	744.192
0.523599	2.153910	-1.714959	9	114	9	744.173
-1.308997	2.704512	1.488683	0	106	113	744.060
1.832596	1.721184	-0.153948	8	112	118	743.852
0.261799	2.108018	1.311430	14	10	112	743.828
-2.879793	1.014500	0.906702	127	8	110	743.821
-0.261799	1.658653	-2.409879	104	10	2	743.820
2.356194	2.881233	-2.582574	10	105	117	743.777
0.000000	1.809167	1.213774	7	97	7	743.748
2.094395	0.571433	-1.188419	6	108	2	743.732
-1.570796	1.555207	1.708892	119	105	123	743.705
1.570796	2.637879	2.121598	117	17	3	743.604
0.785398	0.906588	1.252948	1	123	113	743.554
2.356194	0.961715	0.014085	114	19	121	743.381
-2.617994	0.591903	2.010408	4	112	18	743.178
2.617994	2.579248	-2.364801	13	109	113	743.139
1.832596	2.041297	-2.664597	120	109	126	742.976
1.570796	0.379747	-1.713059	10	106	11	742.939
0.000000	1.683268	0.374177	5	103	120	742.920
1.308997	0.496451	0.593859	117	15	0	742.736
2.879793	1.662363	0.915448	99	12	2	742.670
-0.261799	1.450119	-2.739050	6	99	117	742.660
2.094395	2.349581	-2.702517	122	110	0	742.654
-0.261799	1.247695	1.809890	117	103	12	742.615
-1.308997	0.674054	1.013609	19	8	3	742.406
2.094395	2.295480	1.008277	6	116	124	742.405
2.879793	1.869911	2.701025	24	119	121	742.297
-2.617994	1.809167	1.213774	127	0	16	742.116
2.094395	1.448123	-2.163292	5	124	106	742.075
1.308997	1.301460	-0.509251	122	109	121	742.003
-0.261799	0.618092	2.539118	114	15	14	741.852
-3.141593	2.984978	1.954446	126	26	120	741.607
1.047198	2.073035	2.027405	28	14	122	741.463
2.879793	0.615174	-0.666022	118	18	117	741.115
-0.523599	1.194549	-0.801900	110	13	0	740.914
2.094395	1.756530	-2.105156	127	122	104	740.812
2.094395	1.128190	-2.288622	123	118	21	740.783
0.261799	2.863997	0.549740	118	20	124	740.775
2.617994	1.134796	2.434290	11	118	19	740.575
1.047198	0.297065	2.160177	115	119	123	740.566
1.308997	1.872854	1.543456	121	13	115	740.529
-2.879793	0.960688	-0.577532	100	15	18	740.521
-1.308997	1.909857	-0.381669	23	113	124	740.358
-1.832596	1.545873	-1.877082	102	15	126	740.332
-0.785398	1.413430	2.550734	114	110	121	740.316
-2.094395	2.455966	-0.641220	5	110	127	740.252
-0.261799	1.050534	3.042579	112	15	12	740.223
0.785398	0.290380	-0.796960	34	4	125	740.193
0.261799	0.080730	-2.622036	5	19	125	740.176
-1.047198	1.741644	-2.695914	127	110	115	740.110
0.000000	0.591903	2.010408	6	108	8	739.930
0.000000	1.606104	-0.451151	21	99	125	739.887
2.094395	1.113094	-0.272241	15	113	123	739.841
2.617994	0.992645	-1.723759	3	5	110	739.791
-2.617994	1.662363	0.915448	125	125	17	739.781
0.000000	1.904882	-1.478089	7	106	105	739.685
0.000000	2.251330	-2.330739	8	114	11	739.667
0.785398	2.247462	0.191623	29	11	112	739.629
-3.141593	2.637879	2.121598	107	17	121	739.468
0.785398	2.174483	2.653697	13	104	6	739.461
2.094395	0.709924	0.218797	115	18	122	739.408
-2.879793	1.045978	0.343692	15	9	109	739.337
0.000000	2.984978	1.954446	127	103	120	739.316
2.094395	2.984978	1.954446	115	20	119	739.133
-2.356194	0.496451	0.593859	3	109	0	739.095
2.617994	1.606104	-0.451151	102	5	121	739.047
2.879793	2.393226	1.857173	108	18	122	738.822
2.356194	1.310100	1.488307	0	116	9	738.730
0.785398	0.591903	2.010408	114	17	10	738.424
-2.094395	1.025536	1.576859	7	120	21	738.274
-2.094395	1.134497	-1.109631	99	12	7	738.013
-1.832596	0.831641	0.616218	7	107	7	737.997
-0.523599	2.984978	1.954446	120	104	115	737.855
-1.308997	1.569311	-3.003978	122	114	116	737.799
1.047198	1.741644	-2.695914	11	102	5	737.578
-0.785398	2.407836	1.410646	5	101	125	737.514
-2.879793	1.433411	-1.035986	104	123	122	737.474
-2.879793	0.297065	2.160177	5	109	15	737.464
1.570796	2.001437	0.381215	5	117	108	737.442
-1.832596	0.618092	2.539118	119	110	0	737.086
-2.356194	2.138223	1.678323	114	111	120	736.876
1.047198	2.984978	1.954446	5	22	124	736.765
-1.570796	1.050534	3.042579	9	111	5	736.667
0.000000	0.961715	0.014085	113	5	116	736.648
-1.570796	2.979456	-1.009304	13	113	0	736.542
1.047198	1.450119	-2.739050	9	103	8	736.506
-1.308997	2.349581	-2.702517	101	13	2	736.449
-1.570796	2.724429	-0.348782	124	104	125	736.326
0.523599	2.760637	2.781135	12	103	122	736.322
-1.832596	0.762244	-0.273349	115	105	4	736.312
2.617994	1.696674	-1.253233	121	2	105	736.139
1.832596	1.448123	-2.163292	5	121	107	736.115
2.879793	1.836682	-0.676006	123	7	103	735.997
0.785398	0.370812	-2.547742	10	105	121	735.966
0.785398	1.014500	0.906702	4	125	110	735.810
2.356194	1.569311	-3.003978	11	109	2	735.557
1.047198	1.256302	0.062705	0	14	16	735.359
-1.047198	2.349581	-2.702517	126	114	10	735.291
-2.356194	0.906588	1.252948	5	115	20	735.287
-1.832596	1.391910	3.030322	6	111	6	735.229
0.000000	1.433411	-1.035986	124	114	106	735.191
2.094395	1.218453	2.777284	115	15	10	735.180
1.047198	1.195355	1.200319	119	10	19	734.951
1.832596	2.251330	-2.330739	8	109	113	734.891
-3.141593	2.073035	2.027405	116	25	6	734.832
0.000000	1.325504	-1.671296	122	115	107	734.527
-3.141593	0.866395	-2.492918	122	3	116	734.408
-2.879793	2.033014	2.977192	115	21	12	734.378
-1.308997	0.379747	-1.713059	114	18	15	734.303
0.261799	1.699788	2.452890	11	115	19	734.245
-0.523599	2.073035	2.027405	29	124	121	734.234
1.570796	1.870545	-2.976234	16	103	122	734.195
-0.523599	1.113094	-0.272241	108	6	0	734.130
-0.261799	0.899350	-2.069907	117	124	111	734.089
-0.523599	1.488617	1.159546	3	0	109	733.904
1.570796	2.664082	-1.071402	14	108	126	733.846
1.308997	0.906588	1.252948	120	12	21	733.840
2.879793	1.977582	0.969896	112	25	4	733.831
-1.570796	2.001437	0.381215	114	106	118	733.785
2.617994	0.458961	-0.107937	18	23	3	733.768
1.832596	0.674054	1.013609	111	13	18	733.737
-2.356194	0.615174	-0.666022	110	18	16	733.660
1.047198	1.569311	-3.003978	11	105	11	733.614
-2.617994	1.658653	-2.409879	110	22	126	733.373
-0.523599	0.929350	-2.910676	114	18	17	733.337
-0.261799	2.108018	1.311430	18	6	112	733.333
2.879793	1.506530	1.988858	113	12	23	733.185
-0.785398	0.640596	-2.797608	111	18	13	733.162
-1.047198	0.080730	-2.622036	115	22	11	733.149
1.570796	1.413347	-1.339188	8	104	0	733.065
2.094395	1.242974	-2.977882	18	108	2	733.029
-2.094395	1.218453	2.777284	9	111	125	733.019
-2.879793	0.709924	0.218797	126	113	1	732.986
2.356194	2.138223	1.678323	110	17	119	732.918
2.356194	2.984978	1.954446	112	19	118	732.857
-1.047198	2.174483	2.653697	125	105	5	732.805
-2.617994	1.836682	-0.676006	124	120	106	732.750
-0.785398	2.863997	0.549740	14	17	119	732.648
0.000000	2.299159	2.264663	1	102	5	732.635
-3.141593	1.756530	-2.105156	113	22	122	732.622
-2.617994	0.615174	-0.666022	117	117	125	732.564
-2.617994	1.554776	0.100351	96	15	11	732.459
2.879793	2.033014	2.977192	119	17	16	732.232
1.047198	0.831641	0.616218	9	118	113	732.211
2.617994	1.662363	0.915448	112	21	7	732.180
2.617994	1.014500	0.906702	2	118	6	732.036
-3.141593	1.766067	2.153843	116	23	11	731.879
-2.356194	1.391910	3.030322	118	123	118	731.822
-3.141593	0.831641	0.616218	7	14	111	731.709
0.261799	2.356369	3.005869	4	102	1	731.676
2.094395	0.864993	2.278281	3	111	127	731.571
1.570796	2.349581	-2.702517	20	7	12	731.409
-1.832596	0.910508	1.903534	6	114	19	731.391
-0.523599	1.335669	0.897240	125	118	108	731.378
0.523599	1.134497	-1.109631	6	103	117	731.361
-2.094395	2.174483	2.653697	107	17	11	731.289
2.617994	2.588535	-2.976617	13	113	127	731.258
-2.617994	0.496451	0.593859	2	17	118	731.154
-2.094395	1.433411	-1.035986	99	12	1	731.096
1.832596	1.606104	-0.451151	9	110	126	731.090
0.785398	1.195355	1.200319	126	125	111	731.083
2.617994	1.506530	1.988858	20	23	126	731.058
1.832596	0.685216	-1.712745	16	108	11	731.036
1.832596	0.571433	-1.188419	19	108	5	730.942
0.000000	2.174483	2.653697	12	103	5	730.924
1.832596	1.998705	2.370472	24	108	4	730.885
-0.261799	1.741644	-2.695914	104	8	0	730.876
-1.570796	0.762244	-0.273349	119	104	3	730.770
0.523599	0.080730	-2.622036	5	103	1	730.719
1.308997	1.194549	-0.801900	120	107	125	730.681
0.523599	2.174483	2.653697	9	103	6	730.680
1.570796	0.618092	2.539118	11	111	120	730.668
-2.617994	0.762244	-0.273349	98	11	7	730.494
2.879793	1.128190	-2.288622	122	1	114	730.476
2.094395	0.960688	-0.577532	16	111	125	730.429
-2.094395	2.984978	1.954446	6	108	122	730.350
0.000000	1.135813	-2.658866	3	104	9	730.314
-1.570796	0.591903	2.010408	123	108	121	730.314
1.570796	0.906588	1.252948	119	13	21	730.252
-2.356194	0.203748	0.590255	127	105	10	730.205
-1.570796	0.496451	0.593859	2	105	9	730.074
-2.617994	1.846342	-1.796954	104	16	122	729.978
-2.879793	1.325504	-1.671296	125	1	107	729.910
0.000000	1.982574	-1.115518	122	103	123	729.893
-2.879793	2.041297	-2.664597	115	18	109	729.776
-0.261799	2.356369	3.005869	6	10	120	729.755
0.523599	0.961715	0.014085	127	108	114	729.738
0.000000	1.555207	1.708892	5	108	116	729.634
1.308997	1.214854	-1.966664	6	121	107	729.587
0.000000	1.824694	1.850876	16	8	117	729.557
-1.047198	2.760637	2.781135	8	106	125	729.465
1.832596	2.089241	-0.114193	7	111	116	729.406
-0.523599	1.450119	-2.739050	104	10	3	729.389
1.832596	0.458961	-0.107937	119	18	124	729.347
-2.617994	2.164094	-2.991358	114	20	11	729.343
-0.785398	2.984978	1.954446	3	104	116	729.250
2.356194	0.700570	1.559208	8	114	126	729.240
2.617994	2.063651	-2.044600	115	16	125	729.169
-2.879793	2.108018	1.311430	120	118	112	729.038
-1.047198	2.295480	1.008277	6	101	123	728.957
1.047198	2.478122	2.609777	14	103	127	728.910
-2.879793	2.073035	2.027405	106	19	1	728.858
-2.094395	2.760637	2.781135	117	26	122	728.784
2.356194	1.413347	-1.339188	15	116	8	728.745
2.879793	2.456751	-1.503343	5	110	115	728.709
-2.356194	1.134796	2.434290	127	113	122	728.645
0.261799	0.910508	1.903534	0	109	22	728.513
2.356194	1.574060	2.783565	22	113	122	728.453
0.261799	0.866955	-0.931351	6	102	120	728.371
1.308997	1.741644	-2.695914	15	103	5	728.202
1.047198	0.619654	-2.216909	1	102	7	728.160
1.570796	1.658653	-2.409879	117	107	0	728.156
-2.617994	1.488617	1.159546	127	123	17	727.895
-0.785398	0.992645	-1.723759	108	9	18	727.756
-2.094395	0.850607	-1.335383	109	20	9	727.754
0.523599	1.134796	2.434290	27	10	126	727.659
-1.570796	2.104282	-0.813972	2	23	121	727.544
-0.523599	1.413430	2.550734	118	108	119	727.502
0.261799	0.961715	0.014085	124	107	115	727.481
2.617994	1.168678	2.108595	18	117	16	727.465
0.785398	1.168678	2.108595	26	11	123	727.398
2.617994	2.251330	-2.330739	114	13	120	727.348
-0.261799	2.979456	-1.009304	5	24	115	727.337
-1.047198	2.404280	-0.174044	110	9	114	727.315
1.832596	1.809167	1.213774	2	125	110	727.226
-3.141593	0.899350	-2.069907	19	111	7	727.219
1.308997	1.836682	-0.676006	125	18	126	727.203
-2.617994	0.850607	-1.335383	113	10	112	727.164
0.261799	1.869911	2.701025	5	104	10	727.133
1.832596	2.592629	0.909713	1	121	106	727.054
0.785398	0.992645	-1.723759	10	101	126	726.969
0.785398	1.374601	-2.456031	9	98	123	726.668
2.879793	2.979456	-1.009304	0	109	110	726.661
-2.617994	0.960688	-0.577532	97	13	13	726.627
1.570796	1.756530	-2.105156	7	109	113	726.382
-3.141593	2.104282	-0.813972	0	121	103	726.210
-1.570796	1.218453	2.777284	13	111	14	726.194
2.094395	0.615174	-0.666022	17	112	120	726.193
0.523599	1.998705	2.370472	28	9	0	726.078
-1.832596	2.393226	1.857173	114	107	122	726.048
-0.523599	0.619654	-2.216909	2	109	17	726.043
-0.261799	2.104282	-0.813972	28	124	108	725.994
-0.785398	1.836682	-0.676006	111	15	121	725.844
2.094395	1.014500	0.906702	115	15	18	725.840
-1.570796	0.571433	-1.188419	109	18	11	725.746
-1.308997	1.113094	-0.272241	122	107	118	725.529
-1.832596	0.418037	1.360082	5	107	14	725.519
0.523599	1.025536	1.576859	121	16	12	725.438
-3.141593	2.108018	1.311430	117	3	106	725.329
-2.879793	1.135834	-1.431087	121	4	108	725.100
-1.308997	0.850607	-1.335383	104	114	116	725.021
1.570796	2.579248	-2.364801	113	108	123	724.948
-3.141593	1.617114	-1.572037	125	126	106	724.912
0.000000	0.831641	0.616218	13	115	26	724.866
-0.785398	1.134497	-1.109631	119	117	109	724.842
0.000000	1.194549	-0.801900	0	104	115	724.774
-1.570796	1.025536	1.576859	126	118	112	724.698
-0.261799	2.984978	1.954446	12	103	119	724.572
-1.308997	1.836682	-0.676006	120	21	119	724.523
2.094395	1.325504	-1.671296	5	12	105	724.383
2.356194	2.592629	0.909713	3	19	10	724.378
-1.308997	2.455966	-0.641220	108	11	123	724.173
-0.261799	1.113094	-0.272241	111	9	117	724.134
0.000000	1.504028	0.636812	125	122	107	723.941
-2.094395	0.297065	2.160177	10	110	16	723.927
-0.523599	2.719179	-1.780644	119	111	117	723.786
-1.832596	2.404280	-0.174044	0	108	2	723.760
2.356194	2.579248	-2.364801	10	108	114	723.648
2.356194	2.041297	-2.664597	118	12	116	723.587
2.617994	0.203748	0.590255	110	18	14	723.562
-1.047198	0.370812	-2.547742	108	17	9	723.520
0.523599	1.504028	0.636812	127	126	107	723.474
0.523599	2.637879	2.121598	17	110	8	723.409
-1.832596	2.587733	0.232235	127	106	111	723.324
0.000000	0.370812	-2.547742	118	114	119	723.245
-0.785398	1.135813	-2.658866	109	17	14	723.214
0.000000	2.138223	1.678323	30	7	121	723.155
0.261799	1.812176	0.656819	125	0	106	723.046
-2.094395	1.413430	2.550734	2	111	125	723.010
1.047198	0.615174	-0.666022	122	106	126	722.554
1.570796	1.325504	-1.671296	5	127	106	722.520
0.000000	1.301460	-0.509251	20	100	3	722.393
0.000000	1.128190	-2.288622	11	95	123	722.364
0.785398	1.977582	0.969896	0	6	106	722.331
-1.047198	1.606104	-0.451151	105	9	126	722.296
2.617994	1.025536	1.576859	11	114	7	722.292
-2.356194	1.741644	-2.695914	122	19	19	722.225
-2.094395	0.733948	3.021411	25	15	127	722.087
-3.141593	1.301460	-0.509251	111	14	112	721.789
-3.141593	1.045978	0.343692	102	15	6	721.747
-2.356194	1.134497	-1.109631	117	123	110	721.730
2.356194	1.391910	3.030322	16	110	2	721.697
-2.879793	0.370812	-2.547742	25	19	127	721.693
-1.570796	1.504028	0.636812	10	103	119	721.647
-0.261799	1.766067	2.153843	31	3	124	721.645
-0.523599	1.134497	-1.109631	107	10	6	721.521
2.879793	1.872854	1.543456	117	122	114	721.501
-2.879793	0.910508	1.903534	13	119	20	721.472
0.785398	1.450119	-2.739050	6	103	9	721.420
2.094395	2.033014	2.977192	118	14	12	721.353
0.261799	1.658653	-2.409879	9	99	114	721.312
-2.617994	1.050534	3.042579	114	27	6	721.308
-1.047198	2.108018	1.311430	28	123	116	721.227
-2.617994	1.256302	0.062705	107	17	19	721.073
-3.141593	1.247695	1.809890	12	123	19	720.855
2.356194	1.872854	1.543456	23	126	16	720.849
-0.523599	2.588535	-2.976617	106	14	117	720.699
-2.094395	1.488617	1.159546	3	123	19	720.566
1.047198	1.014500	0.906702	120	14	17	720.302
2.094395	0.866395	-2.492918	8	0	113	720.276
-0.785398	2.089241	-0.114193	107	7	123	720.219
-3.141593	1.335669	0.897240	10	123	18	720.168
-2.094395	1.699788	2.452890	119	113	123	720.045
2.617994	2.704512	1.488683	5	116	125	720.035
-0.523599	2.108018	1.311430	122	102	119	720.030
-0.785398	1.506530	1.988858	7	104	7	719.984
-0.261799	0.960688	-0.577532	108	7	125	719.964
-2.094395	1.301460	-0.509251	102	113	121	719.934
0.261799	1.135834	-1.431087	127	114	108	719.799
2.356194	0.297065	2.160177	4	106	9	719.777
2.094395	1.374601	-2.456031	7	120	109	719.550
-2.617994	0.290380	-0.796960	116	117	125	719.448
2.356194	0.910508	1.903534	6	112	4	719.382
-1.308997	2.396274	-1.959260	9	17	109	719.318
0.261799	0.831641	0.616218	123	115	113	719.307
-0.261799	1.606104	-0.451151	15	97	126	719.279
0.523599	1.617114	-1.572037	116	104	122	719.151
2.879793	2.637879	2.121598	110	20	122	719.037
-1.832596	1.504028	0.636812	7	4	108	718.973
-1.570796	0.866395	-2.492918	103	14	17	718.693
2.879793	1.736875	3.023612	0	121	118	718.593
-1.570796	0.379747	-1.713059	0	123	115	718.566
-0.523599	1.134796	2.434290	118	106	2	718.473
0.523599	1.301460	-0.509251	36	127	117	718.382
-3.141593	2.138223	1.678323	114	24	7	718.338
2.879793	2.299159	2.264663	108	19	3	718.286
-0.785398	2.579248	-2.364801	3	114	6	718.149
0.785398	1.869911	2.701025	13	105	10	718.124
0.000000	0.992645	-1.723759	17	101	9	718.044
0.785398	0.960688	-0.577532	4	104	119	717.996
0.000000	2.033014	2.977192	0	102	114	717.973
0.261799	1.184361	0.625864	120	106	7	717.957
2.617994	0.864993	2.278281	18	114	15	717.841
-2.879793	2.174483	2.653697	108	18	9	717.833
1.832596	2.104282	-0.813972	16	107	120	717.737
0.785398	0.700570	1.559208	114	11	19	717.727
-2.879793	0.685216	-1.712745	14	7	110	717.568
1.832596	1.134497	-1.109631	10	108	3	717.561
-1.570796	1.736875	3.023612	4	114	13	717.282
2.094395	1.301460	-0.509251	21	113	126	717.176
2.617994	0.914445	2.687814	7	110	12	717.145
-1.047198	1.948085	-2.363031	3	116	10	717.110
0.000000	1.134497	-1.109631	105	108	125	717.050
-0.523599	1.374601	-2.456031	106	10	121	717.019
2.879793	1.367556	0.358405	3	121	7	716.996
1.570796	0.571433	-1.188419	16	105	4	716.927
-1.832596	0.850607	-1.335383	106	18	8	716.631
-3.141593	0.914445	2.687814	110	14	9	716.567
-0.523599	0.618092	2.539118	4	109	9	716.504
-2.094395	1.325504	-1.671296	1	6	105	716.500
2.094395	0.674054	1.013609	116	20	15	716.459
-2.879793	1.128190	-2.288622	121	2	113	716.401
2.356194	0.762244	-0.273349	116	17	119	716.214
-2.094395	1.335669	0.897240	4	3	109	716.104
0.785398	0.418037	1.360082	109	13	18	716.103
0.523599	0.850607	-1.335383	4	102	122	716.084
-1.308997	0.370812	-2.547742	117	22	13	716.016
-1.308997	0.866395	-2.492918	112	21	10	715.955
-0.785398	2.592629	0.909713	6	106	5	715.693
1.047198	2.115563	0.685730	7	116	108	715.632
-2.356194	0.290380	-0.796960	112	16	20	715.446
-2.617994	2.108018	1.311430	121	117	111	715.391
-2.356194	1.135834	-1.431087	103	20	5	715.367
1.308997	0.709924	0.218797	120	16	0	714.897
-2.094395	1.948085	-2.363031	107	18	122	714.858
0.785398	1.391910	3.030322	8	108	16	714.843
-1.047198	1.555207	1.708892	125	102	2	714.717
1.308997	0.203748	0.590255	117	16	125	714.708
-1.308997	2.187132	-0.479875	106	9	123	714.652
-1.047198	1.904882	-1.478089	6	7	105	714.607
2.879793	1.766067	2.153843	120	23	11	714.571
1.570796	2.760637	2.781135	23	15	127	714.475
-0.785398	1.869911	2.701025	1	106	9	714.455
2.879793	1.555207	1.708892	109	14	20	714.444
-1.832596	2.863997	0.549740	2	106	111	714.436
2.094395	1.417623	-0.202254	119	26	4	714.405
-2.879793	0.700570	1.559208	4	112	16	714.398
-1.047198	1.736875	3.023612	110	13	13	714.328
-1.570796	0.914445	2.687814	12	108	10	714.326
-2.094395	0.929350	-2.910676	16	10	115	714.216
1.308997	1.135813	-2.658866	118	106	1	714.207
-2.617994	0.674054	1.013609	5	109	4	714.173
-2.617994	1.696674	-1.253233	115	125	105	714.163
2.094395	0.914445	2.687814	7	110	124	714.108
-2.617994	2.174483	2.653697	106	16	10	713.953
0.523599	1.909857	-0.381669	7	18	113	713.941
-2.617994	1.413347	-1.339188	125	120	110	713.808
-3.141593	1.128190	-2.288622	120	2	114	713.745
0.785398	1.736875	3.023612	10	105	10	713.579
0.785398	1.134497	-1.109631	127	103	123	713.340
-0.261799	1.488617	1.159546	114	103	2	713.262
-1.308997	2.588535	-2.976617	108	116	12	713.251
-0.785398	2.299159	2.264663	2	102	1	713.164
-2.617994	2.579248	-2.364801	11	116	124	713.090
1.570796	2.396274	-1.959260	1	108	111	713.081
-1.047198	1.732874	-0.951685	114	19	125	713.008
-2.879793	0.290380	-0.796960	104	13	127	712.977
-1.570796	2.379497	0.561089	30	124	114	712.862
-3.141593	1.824694	1.850876	116	121	116	712.854
0.785398	0.571433	-1.188419	6	103	5	712.715
1.570796	0.709924	0.218797	117	16	0	712.621
1.832596	0.850607	-1.335383	18	107	3	712.612
-1.308997	1.448123	-2.163292	107	20	3	712.551
1.308997	2.041297	-2.664597	16	102	2	712.468
0.261799	1.872854	1.543456	27	7	116	712.421
2.356194	1.195355	1.200319	12	2	109	712.392
-2.356194	1.766067	2.153843	127	113	120	712.302
2.094395	2.478122	2.609777	14	114	3	712.289
1.047198	0.864993	2.278281	25	12	125	712.164
-1.570796	1.135813	-2.658866	2	116	13	712.093
0.261799	1.662363	0.915448	0	0	108	711.842
-2.617994	2.760637	2.781135	108	19	124	711.656
2.879793	0.709924	0.218797	107	19	2	711.610
-2.617994	1.214854	-1.966664	100	19	3	711.480
-2.356194	2.073035	2.027405	126	112	122	711.436
1.570796	0.458961	-0.107937	122	18	124	711.422
-2.094395	0.700570	1.559208	2	110	16	711.320
2.094395	2.356369	3.005869	12	111	1	711.318
1.832596	1.195355	1.200319	14	4	110	711.296
1.832596	1.756530	-2.105156	11	114	108	711.210
1.832596	1.872854	1.543456	112	15	118	710.843
-0.785398	0.619654	-2.216909	125	110	16	710.837
0.000000	1.510910	-0.740472	20	99	124	710.393
-2.879793	1.824694	1.850876	120	28	12	710.376
-1.047198	1.872854	1.543456	103	0	116	710.354
0.261799	0.640596	-2.797608	118	115	117	710.296
-2.617994	0.910508	1.903534	123	21	23	710.006
0.261799	0.866395	-2.492918	4	95	5	709.971
0.261799	1.504028	0.636812	0	123	106	709.901
-1.047198	2.138223	1.678323	8	102	121	709.892
2.356194	0.080730	-2.622036	7	107	13	709.881
0.523599	0.685216	-1.712745	127	101	127	709.752
-2.879793	1.846342	-1.796954	1	118	113	709.745
2.356194	2.343981	-1.040456	21	18	108	709.705
2.617994	1.824694	1.850876	24	120	4	709.674
-0.523599	1.599406	1.426070	118	102	2	709.404
-1.832596	0.496451	0.593859	127	106	8	709.402
0.261799	0.700570	1.559208	9	107	9	709.350
1.308997	2.073035	2.027405	16	122	16	709.302
1.570796	0.496451	0.593859	109	14	15	709.270
-1.308997	0.700570	1.559208	10	109	15	709.262
0.261799	1.218453	2.777284	125	98	9	709.205
1.308997	2.349581	-2.702517	115	107	125	709.175
1.570796	1.025536	1.576859	16	6	112	709.144
-0.261799	0.961715	0.014085	113	6	116	709.014
0.523599	1.869911	2.701025	11	114	19	708.948
2.094395	1.554776	0.100351	117	21	123	708.931
0.000000	0.733948	3.021411	125	103	14	708.915
-0.785398	0.203748	0.590255	6	105	12	708.902
-2.617994	1.732874	-0.951685	124	122	105	708.882
-3.141593	0.674054	1.013609	0	112	4	708.794
-2.356194	1.113094	-0.272241	100	13	0	708.721
-1.570796	2.033014	2.977192	107	18	6	708.516
0.261799	2.724429	-0.348782	12	111	106	708.503
-2.617994	2.456751	-1.503343	6	112	121	708.494
2.356194	2.704512	1.488683	5	27	121	708.489
-0.523599	1.440580	2.260026	116	109	119	708.485
-0.523599	1.014500	0.906702	7	108	22	708.441
-2.617994	0.709924	0.218797	0	111	0	708.324
-1.047198	0.910508	1.903534	0	111	120	708.261
-1.570796	1.836682	-0.676006	1	22	120	708.190
2.879793	1.824694	1.850876	112	16	19	708.049
2.356194	1.662363	0.915448	109	20	0	708.016
2.356194	2.664082	-1.071402	125	113	106	707.973
-3.141593	0.992645	-1.723759	127	6	110	707.971
1.047198	1.696674	-1.253233	2	15	124	707.961
2.879793	1.440580	2.260026	8	116	15	707.814
1.832596	1.766067	2.153843	111	15	127	707.603
1.308997	2.356369	3.005869	17	105	1	707.545
-0.523599	1.301460	-0.509251	108	8	2	707.524
-2.094395	1.247695	1.809890	121	116	115	707.320
-0.261799	1.977582	0.969896	14	3	108	707.299
-0.785398	2.637879	2.121598	4	102	123	707.145
-1.570796	2.251330	-2.330739	108	20	126	707.145
-0.785398	2.138223	1.678323	8	101	125	707.143
-2.094395	1.736875	3.023612	2	112	9	707.100
-1.308997	0.080730	-2.622036	120	23	12	707.087
2.094395	1.809167	1.213774	116	1	110	706.876
-0.523599	1.766067	2.153843	8	103	6	706.814
2.617994	1.812176	0.656819	104	16	1	706.755
-2.879793	2.356369	3.005869	113	21	8	706.725
2.879793	1.450119	-2.739050	12	124	112	706.693
0.000000	1.812176	0.656819	12	97	6	706.593
0.000000	1.977582	0.969896	7	96	0	706.570
-2.617994	0.866395	-2.492918	20	21	119	706.491
-1.308997	1.135813	-2.658866	106	15	14	706.392
2.094395	1.721184	-0.153948	10	111	123	706.234
0.523599	1.872854	1.543456	23	12	116	706.083
-3.141593	0.571433	-1.188419	106	21	19	705.973
-3.141593	1.732874	-0.951685	116	6	105	705.966
2.879793	0.458961	-0.107937	108	18	2	705.954
-1.047198	2.299159	2.264663	126	103	1	705.920
1.047198	2.979456	-1.009304	126	109	1	705.788
2.617994	1.413347	-1.339188	127	1	107	705.696
-1.308997	2.478122	2.609777	6	107	127	705.612
0.000000	0.419640	2.974122	114	120	120	705.591
1.832596	1.433411	-1.035986	10	108	2	705.541
-2.879793	1.599406	1.426070	113	7	111	705.515
-2.356194	1.450119	-2.739050	105	22	122	705.513
-0.261799	0.458961	-0.107937	3	102	6	705.281
-2.879793	1.242974	-2.977882	5	110	1	705.229
2.879793	1.194549	-0.801900	25	19	119	705.146
0.523599	0.866395	-2.492918	124	113	113	704.946
-3.141593	0.496451	0.593859	111	20	11	704.916
2.879793	1.135834	-1.431087	120	13	109	704.884
2.617994	1.433411	-1.035986	124	3	106	704.872
-1.832596	0.914445	2.687814	124	109	16	704.862
-0.785398	1.736875	3.023612	109	13	8	704.820
0.261799	1.998705	2.370472	14	112	17	704.740
1.047198	1.982574	-1.115518	1	16	125	704.668
1.570796	1.699788	2.452890	111	12	0	704.556
-1.308997	1.184361	0.625864	1	104	4	704.531
0.000000	1.218453	2.777284	122	13	24	704.486
-2.356194	1.574060	2.783565	114	27	7	704.387
1.047198	0.591903	2.010408	114	6	23	704.326
2.356194	1.450119	-2.739050	120	14	120	704.216
0.000000	0.640596	-2.797608	115	118	117	704.037
-0.785398	1.732874	-0.951685	122	124	103	703.781
2.617994	1.909857	-0.381669	101	4	121	703.775
2.094395	1.599406	1.426070	116	4	112	703.691
-2.356194	2.033014	2.977192	106	16	12	703.664
0.261799	1.909857	-0.381669	9	103	118	703.520
0.261799	1.417623	-0.202254	36	124	120	703.511
2.879793	1.982574	-1.115518	119	1	103	703.396
-3.141593	0.458961	-0.107937	110	118	1	703.391
-0.785398	1.555207	1.708892	7	102	4	703.350
-1.047198	1.510910	-0.740472	116	19	121	703.238
-2.356194	1.555207	1.708892	112	27	13	703.104
1.832596	0.618092	2.539118	16	113	120	703.075
2.879793	1.488617	1.159546	2	0	108	703.055
-1.570796	0.685216	-1.712745	2	123	112	703.026
-2.356194	2.108018	1.311430	121	114	111	702.947
-1.570796	1.242974	-2.977882	117	17	20	702.913
2.879793	0.866955	-0.931351	26	20	124	702.829
-2.356194	1.948085	-2.363031	107	17	120	702.719
1.570796	1.134497	-1.109631	8	105	127	702.695
0.785398	1.658653	-2.409879	5	102	2	702.664
-2.094395	1.869911	2.701025	126	110	6	702.501
-2.617994	1.998705	2.370472	115	21	14	702.383
-1.047198	2.187132	-0.479875	121	19	121	702.277
-2.356194	1.310100	1.488307	2	121	20	702.183
-0.261799	1.440580	2.260026	111	7	16	702.181
2.094395	1.662363	0.915448	5	1	106	702.142
-2.094395	1.134796	2.434290	3	112	121	702.114
1.308997	0.615174	-0.666022	3	106	125	702.109
-1.047198	0.929350	-2.910676	114	18	18	702.064
-1.570796	1.214854	-1.966664	6	19	115	702.014
0.261799	1.433411	-1.035986	125	109	108	701.929
-2.879793	1.766067	2.153843	123	28	12	701.928
-1.308997	2.592629	0.909713	126	104	116	701.838
-0.785398	2.881233	-2.582574	108	15	3	701.645
2.094395	1.977582	0.969896	116	126	110	701.429
1.832596	0.992645	-1.723759	8	1	109	701.324
-2.617994	2.637879	2.121598	101	14	2	701.301
0.523599	2.164094	-2.991358	116	7	118	701.145
2.094395	2.592629	0.909713	6	115	125	701.023
1.308997	0.379747	-1.713059	14	105	9	700.971
-3.141593	1.662363	0.915448	10	127	16	700.901
-0.523599	1.195355	1.200319	127	117	111	700.752
-0.261799	1.301460	-0.509251	15	97	3	700.697
2.617994	0.929350	-2.910676	9	1	114	700.496
-0.523599	2.033014	2.977192	101	6	2	700.414
-1.308997	1.413430	2.550734	1	109	14	700.346
0.523599	1.736875	3.023612	111	125	117	700.295
-3.141593	0.379747	-1.713059	13	112	4	700.279
-0.785398	1.809167	1.213774	7	101	125	700.250
-1.308997	2.881233	-2.582574	118	119	106	700.230
-2.356194	1.662363	0.915448	102	19	11	700.147
0.000000	1.662363	0.915448	10	5	107	700.132
2.094395	2.881233	-2.582574	13	106	119	699.830
0.785398	0.080730	-2.622036	127	110	121	699.747
1.047198	1.683268	0.374177	3	13	13	699.646
-1.832596	1.135834	-1.431087	106	18	3	699.635
-2.094395	0.866395	-2.492918	12	115	9	699.631
-2.617994	0.914445	2.687814	126	113	121	699.540
-1.570796	1.310100	1.488307	6	114	17	699.366
0.523599	0.709924	0.218797	123	112	114	699.353
0.261799	1.545873	-1.877082	113	126	110	699.317
-1.047198	1.128190	-2.288622	106	18	127	699.133
-2.094395	0.992645	-1.723759	115	8	109	699.122
2.094395	2.063651	-2.044600	3	104	1	699.098
1.570796	2.592629	0.909713	1	122	105	699.081
0.000000	0.866395	-2.492918	8	95	3	698.987
-1.308997	1.998705	2.370472	122	105	4	698.951
1.832596	0.418037	1.360082	110	10	20	698.941
0.000000	2.343981	-1.040456	0	108	108	698.871
-2.617994	1.869911	2.701025	108	18	120	698.852
1.047198	1.134796	2.434290	23	13	125	698.625
1.832596	0.640596	-2.797608	116	105	4	698.454
0.261799	1.374601	-2.456031	9	96	119	698.418
-2.094395	1.242974	-2.977882	25	13	124	698.411
-2.879793	2.396274	-1.959260	8	114	121	698.325
2.879793	0.960688	-0.577532	23	21	122	698.325
0.000000	1.732874	-0.951685	3	105	110	698.308
2.356194	2.349581	-2.702517	6	110	112	698.293
-1.308997	0.618092	2.539118	11	109	3	698.214
0.523599	1.113094	-0.272241	22	113	18	698.169
-1.308997	1.433411	-1.035986	118	126	105	698.053
-2.617994	1.736875	3.023612	119	124	116	697.998
-1.308997	2.724429	-0.348782	113	11	112	697.965
0.785398	0.458961	-0.107937	30	16	6	697.959
-1.570796	1.113094	-0.272241	124	109	117	697.920
-2.617994	1.574060	2.783565	121	29	9	697.897
-2.617994	0.929350	-2.910676	110	27	6	697.890
2.617994	1.869911	2.701025	24	116	121	697.887
-2.879793	1.617114	-1.572037	125	125	106	697.846
-2.094395	1.510910	-0.740472	121	120	106	697.813
-2.356194	1.658653	-2.409879	111	23	127	697.740
-0.785398	2.251330	-2.330739	6	117	10	697.688
1.570796	0.203748	0.590255	12	115	13	697.517
0.523599	2.478122	2.609777	16	103	127	697.494
2.879793	1.904882	-1.478089	122	127	104	697.484
0.000000	1.872854	1.543456	16	4	111	697.479
-3.141593	2.356369	3.005869	117	22	8	697.336
1.308997	2.138223	1.678323	119	12	116	697.274
-2.879793	0.864993	2.278281	122	22	16	697.213
0.000000	2.704512	1.488683	121	102	109	697.160
-1.047198	0.992645	-1.723759	109	13	18	697.027
-1.047198	0.379747	-1.713059	116	117	117	696.909
0.785398	2.587733	0.232235	28	13	114	696.859
-2.879793	2.719179	-1.780644	24	14	9	696.828
2.094395	0.458961	-0.107937	115	17	124	696.790
1.047198	2.153910	-1.714959	14	106	4	696.776
-1.832596	2.379497	0.561089	102	111	122	696.772
-0.785398	1.812176	0.656819	0	106	113	696.755
1.832596	2.478122	2.609777	20	106	124	696.722
0.785398	0.615174	-0.666022	36	4	125	696.572
1.047198	0.618092	2.539118	117	118	122	696.499
0.261799	1.440580	2.260026	124	97	8	696.475
-3.141593	1.904882	-1.478089	124	121	106	696.449
-2.094395	2.343981	-1.040456	17	113	122	696.413
1.570796	0.591903	2.010408	20	10	118	696.381
1.832596	0.080730	-2.622036	20	107	12	696.359
-2.094395	2.863997	0.549740	126	112	106	696.171
-2.879793	1.741644	-2.695914	114	23	115	696.140
-2.879793	1.696674	-1.253233	3	126	103	696.039
2.356194	1.135813	-2.658866	1	22	2	695.975
-1.047198	1.504028	0.636812	4	101	1	695.969
-0.523599	1.824694	1.850876	118	102	2	695.873
0.785398	1.135813	-2.658866	8	97	2	695.572
-2.879793	1.413430	2.550734	120	26	8	695.410
1.308997	0.571433	-1.188419	13	104	5	695.381
-2.879793	2.587733	0.232235	28	119	124	695.355
1.832596	1.135813	-2.658866	8	116	112	695.280
-2.094395	2.033014	2.977192	113	18	18	695.225
0.261799	0.297065	2.160177	115	18	13	695.188
-0.523599	1.872854	1.543456	120	101	0	695.096
-2.356194	0.762244	-0.273349	107	14	16	695.053
2.356194	1.168678	2.108595	114	127	116	694.937
0.261799	1.113094	-0.272241	20	109	18	694.883
2.617994	2.174483	2.653697	115	19	10	694.857
0.261799	2.579248	-2.364801	108	10	113	694.760
-1.047198	2.073035	2.027405	27	119	121	694.664
1.570796	1.948085	-2.363031	7	107	115	694.562
-1.308997	0.906588	1.252948	118	126	113	694.545
-1.570796	0.615174	-0.666022	3	102	18	694.543
-0.261799	0.906588	1.252948	1	114	114	694.521
-1.308997	1.050534	3.042579	13	16	124	694.476
2.356194	1.736875	3.023612	0	116	118	694.427
0.000000	1.450119	-2.739050	5	98	117	694.341
1.832596	0.914445	2.687814	118	17	13	694.338
2.094395	1.766067	2.153843	25	115	12	694.312
0.261799	2.299159	2.264663	10	103	5	694.311
-0.785398	1.599406	1.426070	1	101	127	694.250
-1.308997	0.961715	0.014085	112	104	0	694.215
-1.308997	1.824694	1.850876	2	103	125	694.205
-0.523599	2.180315	-1.357379	22	127	103	694.200
-0.523599	0.866395	-2.492918	127	109	13	694.183
-0.261799	1.824694	1.850876	123	100	9	694.148
1.047198	1.574060	2.783565	14	110	15	694.119
-2.094395	2.664082	-1.071402	19	111	124	694.070
-0.523599	1.948085	-2.363031	10	105	113	693.986
2.879793	1.683268	0.374177	7	125	10	693.986
-0.785398	0.866395	-2.492918	120	106	10	693.946
0.523599	2.984978	1.954446	19	15	122	693.871
0.523599	1.194549	-0.801900	26	2	113	693.779
1.570796	1.194549	-0.801900	9	106	122	693.754
-2.356194	1.756530	-2.105156	104	17	123	693.733
2.094395	2.138223	1.678323	111	17	120	693.555
2.617994	0.290380	-0.796960	117	17	121	693.461
-1.570796	0.709924	0.218797	120	105	2	693.287
2.094395	2.863997	0.549740	110	115	120	693.246
-1.832596	2.180315	-1.357379	125	27	120	693.223
-1.308997	1.875281	0.107086	105	8	120	693.147
-1.570796	0.733948	3.021411	12	111	5	693.089
2.879793	2.478122	2.609777	112	20	5	693.083
-0.523599	2.299159	2.264663	13	102	127	693.036
-2.094395	0.960688	-0.577532	107	111	125	693.032
-2.356194	0.674054	1.013609	2	110	15	692.943
0.785398	1.809167	1.213774	16	11	110	692.917
-2.094395	1.658653	-2.409879	108	20	127	692.769
-2.879793	0.496451	0.593859	4	14	113	692.732
1.570796	1.045978	0.343692	8	115	117	692.724
1.308997	1.391910	3.030322	14	109	15	692.592
0.785398	1.325504	-1.671296	12	117	104	692.525
-0.523599	0.297065	2.160177	17	19	7	692.445
-1.570796	0.850607	-1.335383	104	16	7	692.443
2.879793	1.998705	2.370472	108	16	9	692.410
2.617994	1.756530	-2.105156	4	123	106	692.393
1.832596	1.310100	1.488307	13	4	110	692.092
0.261799	1.134796	2.434290	0	101	12	691.953
2.356194	0.864993	2.278281	10	111	3	691.900
-3.141593	2.478122	2.609777	110	20	2	691.848
1.308997	2.180315	-1.357379	127	105	2	691.818
-3.141593	1.450119	-2.739050	126	125	115	691.773
1.047198	1.824694	1.850876	28	15	123	691.773
1.047198	2.881233	-2.582574	125	106	114	691.764
1.832596	2.295480	1.008277	116	14	110	691.640
0.000000	1.247695	1.809890	122	13	15	691.605
1.047198	1.872854	1.543456	119	8	115	691.578
-1.570796	1.184361	0.625864	125	105	5	691.426
-0.261799	1.025536	1.576859	14	127	110	691.246
2.356194	0.619654	-2.216909	15	111	15	691.150
1.570796	2.108018	1.311430	117	13	114	691.105
1.047198	1.128190	-2.288622	1	101	2	691.100
1.047198	2.247462	0.191623	12	21	116	691.037
-1.570796	1.433411	-1.035986	118	1	105	691.014
-1.832596	0.685216	-1.712745	112	18	16	690.959
-0.785398	1.982574	-1.115518	15	3	104	690.947
-0.785398	1.574060	2.783565	118	110	117	690.917
-0.261799	0.709924	0.218797	20	9	4	690.841
1.047198	2.760637	2.781135	11	104	124	690.840
-1.832596	1.128190	-2.288622	9	5	109	690.739
-1.047198	2.592629	0.909713	7	103	126	690.658
0.000000	2.349581	-2.702517	105	6	113	690.647
-0.261799	1.662363	0.915448	11	3	107	690.339
0.523599	0.640596	-2.797608	119	118	117	690.264
1.832596	0.910508	1.903534	14	15	119	690.193
-2.356194	0.700570	1.559208	11	115	20	690.184
1.308997	0.866955	-0.931351	119	107	2	690.056
-1.308997	1.417623	-0.202254	119	108	114	689.920
-2.879793	1.218453	2.777284	6	109	18	689.770
0.261799	1.301460	-0.509251	20	102	5	689.683
-3.141593	1.413347	-1.339188	122	1	107	689.637
-0.523599	0.700570	1.559208	0	112	118	689.554
-2.356194	1.809167	1.213774	6	107	5	689.491
-3.141593	1.135813	-2.658866	0	3	112	689.416
1.308997	2.001437	0.381215	116	2	105	689.352
0.785398	1.025536	1.576859	2	102	18	689.346
