168	1.2	0
-3.141593	0.458961	-0.107937
0.173733	2.167564	-1.684462
../7odw_monomer_m.pdb	-305.162	-67.445	220.304
../7odw_monomer_m.pdb	285.469	195.713	167.518
0.261799	2.247462	0.191623	2	164	143	1504.809
-1.832596	1.247695	1.809890	17	9	162	1451.939
-2.094395	0.419640	2.974122	22	21	141	1355.420
1.047198	1.374601	-2.456031	145	1	3	1350.829
-1.832596	1.301460	-0.509251	152	156	20	1345.070
-2.094395	0.992645	-1.723759	9	17	136	1327.078
-1.832596	0.992645	-1.723759	6	16	135	1306.459
-1.047198	0.960688	-0.577532	150	1	163	1266.287
-1.832596	0.733948	3.021411	19	26	146	1256.881
-2.094395	1.247695	1.809890	16	6	162	1230.531
0.000000	1.214854	-1.966664	146	16	6	1217.253
-1.832596	1.736875	3.023612	145	154	152	1216.035
-1.570796	1.247695	1.809890	18	11	162	1209.684
-1.570796	0.960688	-0.577532	163	28	19	1202.301
-2.094395	1.599406	1.426070	150	4	151	1202.257
-1.570796	0.899350	-2.069907	3	4	139	1201.955
-1.570796	0.619654	-2.216909	0	5	138	1180.965
1.832596	1.574060	2.783565	154	152	7	1176.578
-2.879793	0.080730	-2.622036	21	20	135	1175.400
-2.094395	0.733948	3.021411	22	22	145	1171.976
-1.308997	1.736875	3.023612	160	162	29	1170.776
-1.832596	1.050534	3.042579	19	27	149	1166.126
0.000000	2.984978	1.954446	8	16	138	1164.888
0.523599	2.001437	0.381215	2	162	142	1155.291
0.523599	2.393226	1.857173	12	14	145	1152.225
2.356194	2.455966	-0.641220	9	157	148	1143.457
-2.094395	0.910508	1.903534	19	4	155	1133.458
-2.356194	1.555207	1.708892	150	2	158	1127.564
1.832596	1.367556	0.358405	148	2	159	1125.752
-1.832596	0.618092	2.539118	24	20	147	1120.593
-1.832596	0.914445	2.687814	21	22	152	1118.341
0.785398	2.664082	-1.071402	14	25	1	1114.820
-0.785398	2.063651	-2.044600	149	13	155	1106.577
2.094395	1.683268	0.374177	148	163	154	1104.090
-1.832596	1.214854	-1.966664	13	19	138	1104.052
0.523599	2.379497	0.561089	4	165	143	1102.733
-2.356194	1.599406	1.426070	150	167	151	1099.271
-0.261799	2.063651	-2.044600	148	167	24	1089.340
-0.261799	2.704512	1.488683	10	10	141	1089.322
0.523599	1.128190	-2.288622	145	6	1	1085.039
-1.308997	1.184361	0.625864	17	160	150	1080.650
-2.094395	1.168678	2.108595	18	9	159	1077.104
-2.094395	1.325504	-1.671296	18	14	152	1075.792
-2.094395	1.824694	1.850876	151	167	155	1073.224
-1.832596	1.374601	-2.456031	149	7	11	1072.123
-2.094395	0.685216	-1.712745	2	17	134	1071.928
-2.617994	0.080730	-2.622036	16	25	135	1071.350
-1.832596	0.910508	1.903534	21	8	156	1068.972
-1.570796	0.618092	2.539118	21	25	148	1068.407
-1.308997	2.379497	0.561089	163	161	141	1063.413
0.523599	1.977582	0.969896	10	13	142	1062.943
1.308997	1.662363	0.915448	155	22	18	1058.163
2.617994	1.433411	-1.035986	20	2	165	1058.026
-1.570796	2.664082	-1.071402	156	8	136	1056.077
0.785398	1.812176	0.656819	6	162	142	1049.625
2.879793	1.433411	-1.035986	145	12	10	1049.539
-1.570796	0.914445	2.687814	19	27	152	1049.018
-1.832596	1.025536	1.576859	18	2	156	1048.874
-1.570796	0.418037	1.360082	19	7	141	1048.676
2.617994	1.134497	-1.109631	153	159	160	1047.486
-1.832596	1.135834	-1.431087	7	13	133	1047.261
2.617994	2.592629	0.909713	27	15	133	1046.985
1.047198	2.760637	2.781135	12	13	144	1043.828
2.356194	0.910508	1.903534	139	7	2	1043.183
2.879793	0.615174	-0.666022	21	8	160	1042.374
0.261799	2.984978	1.954446	8	18	139	1041.373
2.617994	1.721184	-0.153948	3	23	21	1038.953
2.617994	1.732874	-0.951685	12	163	144	1038.041
-1.570796	0.864993	2.278281	21	21	153	1037.828
-2.617994	0.370812	-2.547742	18	24	134	1036.807
-2.094395	1.872854	1.543456	152	167	151	1035.622
-1.570796	0.674054	1.013609	15	0	144	1035.161
-1.570796	1.025536	1.576859	21	7	157	1033.893
1.047198	1.554776	0.100351	3	167	139	1033.852
1.047198	2.478122	2.609777	12	11	143	1032.272
2.879793	1.617114	-1.572037	16	150	147	1031.754
-1.832596	0.906588	1.252948	150	157	158	1029.070
0.785398	0.619654	-2.216909	151	160	21	1028.594
-0.261799	2.984978	1.954446	18	12	146	1028.007
-2.617994	0.619654	-2.216909	17	24	135	1027.956
-1.047198	1.413347	-1.339188	149	0	10	1027.941
1.570796	1.836682	-0.676006	146	6	143	1027.340
-0.261799	2.356369	3.005869	12	16	120	1025.740
-1.570796	1.812176	0.656819	159	158	144	1024.629
-1.308997	0.961715	0.014085	155	155	151	1022.902
-0.523599	0.496451	0.593859	24	11	138	1022.152
-1.832596	0.864993	2.278281	22	16	153	1020.669
-2.094395	1.194549	-0.801900	164	24	21	1019.480
-0.785398	1.721184	-0.153948	140	1	164	1019.162
0.523599	1.510910	-0.740472	150	161	144	1018.957
-1.047198	1.488617	1.159546	24	2	6	1018.343
-0.523599	2.153910	-1.714959	148	12	154	1016.823
2.879793	1.982574	-1.115518	18	1	150	1016.454
1.308997	0.700570	1.559208	157	154	154	1015.403
0.000000	1.433411	-1.035986	145	163	2	1015.361
1.570796	0.906588	1.252948	157	154	155	1014.495
-1.047198	2.863997	0.549740	7	18	137	1011.614
-1.570796	1.574060	2.783565	159	160	27	1010.521
-1.308997	0.906588	1.252948	23	3	156	1010.228
0.000000	2.407836	1.410646	7	15	137	1010.221
2.879793	1.417623	-0.202254	0	23	32	1009.178
-3.141593	0.674054	1.013609	24	14	147	1009.010
1.832596	1.683268	0.374177	147	3	163	1008.347
0.785398	2.760637	2.781135	11	16	140	1007.892
2.356194	2.251330	-2.330739	163	21	133	1007.318
2.356194	1.846342	-1.796954	20	163	4	1004.852
-0.261799	0.960688	-0.577532	149	160	159	1004.652
-0.523599	2.396274	-1.959260	150	159	0	1003.168
-1.570796	1.736875	3.023612	158	162	28	1000.423
0.000000	0.458961	-0.107937	21	10	130	999.644
-2.094395	0.700570	1.559208	15	1	148	999.635
-1.832596	1.045978	0.343692	161	9	39	997.204
-1.047198	1.870545	-2.976234	156	162	27	996.847
-1.308997	0.203748	0.590255	152	150	157	996.211
2.094395	1.812176	0.656819	144	6	0	996.086
-1.570796	2.164094	-2.991358	150	150	149	995.844
-2.094395	1.050534	3.042579	22	23	148	995.115
-2.356194	0.992645	-1.723759	11	14	135	995.029
0.000000	2.719179	-1.780644	2	16	135	994.535
-0.523599	1.904882	-1.478089	147	3	4	992.749
0.785398	1.732874	-0.951685	156	147	6	991.803
2.879793	2.343981	-1.040456	18	1	152	991.493
-1.308997	0.418037	1.360082	25	8	143	991.406
1.570796	1.617114	-1.572037	149	152	160	991.023
-1.570796	0.591903	2.010408	25	15	149	990.808
-0.785398	2.724429	-0.348782	158	4	137	988.693
-1.570796	0.866395	-2.492918	147	0	14	987.529
1.832596	1.440580	2.260026	149	160	13	987.191
1.308997	1.599406	1.426070	13	162	135	987.002
-2.879793	2.073035	2.027405	152	14	17	986.148
2.356194	1.606104	-0.451151	13	3	146	985.678
-2.094395	0.906588	1.252948	148	158	159	983.332
0.523599	1.335669	0.897240	12	13	140	982.936
-1.570796	0.709924	0.218797	150	6	149	980.565
0.000000	0.899350	-2.069907	150	167	21	980.486
2.356194	1.433411	-1.035986	20	167	167	979.353
-0.261799	0.685216	-1.712745	149	165	17	979.117
-0.785398	1.846342	-1.796954	151	162	161	978.059
2.356194	2.104282	-0.813972	9	158	146	977.825
-2.356194	2.180315	-1.357379	156	155	149	977.567
-0.785398	1.413347	-1.339188	149	165	11	977.055
2.879793	1.134497	-1.109631	155	157	157	977.039
1.570796	1.450119	-2.739050	150	152	161	977.008
1.570796	0.080730	-2.622036	152	156	18	976.328
2.356194	1.488617	1.159546	140	4	3	975.836
-1.570796	2.299159	2.264663	155	150	2	975.736
0.000000	1.909857	-0.381669	159	162	143	975.691
-1.308997	1.574060	2.783565	161	159	27	975.477
-0.785398	1.909857	-0.381669	139	0	165	975.012
-1.570796	0.910508	1.903534	23	13	157	974.397
2.617994	0.960688	-0.577532	20	6	157	974.336
-1.570796	0.297065	2.160177	24	18	141	972.127
-1.570796	1.214854	-1.966664	11	21	138	971.277
1.570796	1.766067	2.153843	153	157	0	970.959
1.308997	1.450119	-2.739050	146	1	3	970.055
-0.785398	1.134497	-1.109631	148	4	0	969.991
2.879793	1.824694	1.850876	150	15	17	969.489
-0.523599	2.456751	-1.503343	154	145	156	969.167
-1.308997	1.025536	1.576859	22	11	158	969.154
-2.356194	2.073035	2.027405	149	162	7	966.747
-1.832596	0.960688	-0.577532	156	5	123	964.400
-1.570796	2.984978	1.954446	146	11	39	964.312
2.094395	1.555207	1.708892	147	0	15	963.459
-3.141593	1.433411	-1.035986	20	10	1	962.501
-1.570796	1.135813	-2.658866	147	1	9	962.024
2.617994	1.194549	-0.801900	23	0	10	961.388
-0.523599	1.128190	-2.288622	10	160	140	961.252
-1.308997	0.899350	-2.069907	5	4	141	960.233
-1.047198	0.418037	1.360082	26	13	144	959.759
-1.832596	1.014500	0.906702	150	162	158	958.914
-2.356194	1.168678	2.108595	18	5	159	958.356
0.523599	1.214854	-1.966664	142	5	165	958.290
1.570796	2.881233	-2.582574	10	9	143	958.228
-2.617994	0.906588	1.252948	145	159	157	957.990
-1.832596	1.904882	-1.478089	163	23	13	957.836
-0.523599	0.866955	-0.931351	147	7	148	957.518
-1.832596	2.299159	2.264663	154	151	0	957.477
-1.308997	2.247462	0.191623	5	19	132	957.340
0.000000	2.063651	-2.044600	148	164	23	957.262
-1.832596	1.218453	2.777284	19	24	154	957.239
0.523599	0.379747	-1.713059	150	160	18	957.208
-1.832596	1.869911	2.701025	156	160	27	956.503
-1.570796	0.203748	0.590255	153	156	16	956.070
2.879793	2.407836	1.410646	23	15	127	954.568
-1.308997	2.863997	0.549740	6	17	137	954.518
0.261799	1.809167	1.213774	19	21	151	953.821
2.617994	0.615174	-0.666022	21	6	160	952.843
1.570796	1.809167	1.213774	17	163	136	952.139
-2.094395	2.587733	0.232235	163	164	139	951.640
-1.308997	1.218453	2.777284	163	160	27	950.484
-1.570796	1.014500	0.906702	154	154	146	950.267
-1.832596	2.863997	0.549740	11	9	139	950.164
-1.570796	1.569311	-3.003978	20	5	159	950.125
2.094395	1.113094	-0.272241	13	9	141	949.887
-1.308997	1.662363	0.915448	22	161	20	949.857
-2.094395	0.850607	-1.335383	2	14	133	948.587
-1.570796	2.863997	0.549740	6	16	136	948.448
0.000000	1.135834	-1.431087	22	3	161	948.140
-2.617994	2.719179	-1.780644	153	14	132	947.999
-0.261799	1.413347	-1.339188	153	157	167	947.211
-2.356194	0.762244	-0.273349	162	14	129	946.489
2.617994	2.393226	1.857173	154	22	17	946.355
-1.832596	0.674054	1.013609	13	1	144	945.363
2.879793	2.247462	0.191623	4	25	13	945.102
-0.261799	1.909857	-0.381669	164	161	141	943.939
-2.617994	2.153910	-1.714959	158	157	147	943.330
2.094395	1.045978	0.343692	150	0	149	943.221
-1.832596	1.134796	2.434290	21	20	158	943.193
-2.879793	0.370812	-2.547742	20	19	133	943.004
0.785398	1.683268	0.374177	0	21	129	942.417
-1.832596	2.138223	1.678323	155	160	149	942.289
0.000000	2.343981	-1.040456	146	6	150	942.075
2.617994	2.664082	-1.071402	15	6	148	941.063
-1.308997	1.128190	-2.288622	8	2	139	941.009
2.879793	1.732874	-0.951685	16	165	145	940.582
-0.785398	0.458961	-0.107937	149	157	160	940.189
0.000000	1.335669	0.897240	159	5	129	939.915
-1.832596	2.033014	2.977192	148	154	146	939.573
0.261799	2.637879	2.121598	19	17	152	939.213
-3.141593	2.153910	-1.714959	23	7	6	939.207
-2.094395	0.591903	2.010408	19	9	146	939.122
2.356194	1.555207	1.708892	153	154	15	938.667
2.094395	2.356369	3.005869	6	15	135	937.541
-2.094395	0.080730	-2.622036	1	27	134	935.774
-1.570796	2.033014	2.977192	154	164	27	935.208
-0.523599	1.846342	-1.796954	147	5	4	935.079
1.047198	1.510910	-0.740472	154	154	144	933.364
1.047198	2.455966	-0.641220	154	34	2	933.064
1.308997	1.128190	-2.288622	150	159	148	932.573
-2.617994	1.134497	-1.109631	20	158	150	932.433
-2.617994	0.899350	-2.069907	19	19	137	932.021
2.356194	2.295480	1.008277	158	150	145	931.745
-2.356194	0.674054	1.013609	145	162	152	931.174
-0.785398	1.301460	-0.509251	158	160	143	930.773
2.094395	1.696674	-1.253233	156	149	154	930.454
-1.308997	2.164094	-2.991358	152	166	26	930.330
-1.308997	0.700570	1.559208	24	11	152	929.941
-0.523599	2.724429	-0.348782	162	166	138	929.932
-1.308997	2.984978	1.954446	146	5	39	929.768
-0.261799	2.187132	-0.479875	164	162	143	929.406
2.617994	1.904882	-1.478089	22	162	3	928.754
0.261799	2.456751	-1.503343	143	164	159	928.673
-2.356194	0.591903	2.010408	17	4	146	928.425
-2.094395	1.301460	-0.509251	148	5	24	927.616
2.356194	2.343981	-1.040456	10	1	145	927.109
-2.094395	2.863997	0.549740	14	6	141	927.055
0.523599	2.984978	1.954446	8	19	139	926.759
1.832596	1.168678	2.108595	144	159	15	926.667
2.356194	2.979456	-1.009304	8	143	7	926.579
0.523599	2.356369	3.005869	159	164	139	926.153
-1.832596	0.850607	-1.335383	1	8	135	925.700
-1.570796	1.134796	2.434290	19	24	157	925.575
-0.785398	2.979456	-1.009304	164	28	11	925.531
-1.570796	0.831641	0.616218	154	154	145	924.441
-0.785398	2.187132	-0.479875	138	164	163	924.243
-1.308997	2.033014	2.977192	155	162	27	923.305
-1.047198	1.736875	3.023612	160	160	28	923.219
-3.141593	0.080730	-2.622036	23	16	135	922.860
0.261799	2.881233	-2.582574	166	143	10	922.673
-1.832596	2.073035	2.027405	153	162	151	922.471
-0.523599	1.696674	-1.253233	148	5	1	922.212
0.000000	2.456751	-1.503343	149	161	153	921.816
2.094395	2.979456	-1.009304	14	14	135	921.651
1.832596	1.809167	1.213774	21	167	136	921.408
-2.094395	1.488617	1.159546	152	154	163	920.925
1.832596	2.104282	-0.813972	5	1	143	920.890
-0.785398	1.545873	-1.877082	12	161	145	920.811
0.523599	0.619654	-2.216909	151	160	21	920.712
-1.832596	0.591903	2.010408	24	10	148	920.316
-1.308997	1.413347	-1.339188	150	153	163	919.887
0.785398	2.456751	-1.503343	31	13	143	919.845
1.832596	1.301460	-0.509251	6	4	135	919.193
0.000000	2.404280	-0.174044	156	30	137	918.169
2.617994	2.108018	1.311430	25	15	130	917.183
1.832596	1.606104	-0.451151	3	5	135	916.749
-2.094395	2.073035	2.027405	156	147	5	916.725
2.094395	2.104282	-0.813972	1	0	138	916.592
-1.832596	0.700570	1.559208	20	2	149	916.364
-1.308997	0.831641	0.616218	15	0	140	916.165
0.000000	0.674054	1.013609	16	9	141	916.156
1.570796	0.290380	-0.796960	15	22	129	915.800
2.879793	0.379747	-1.713059	13	23	129	915.624
-1.308997	1.488617	1.159546	24	167	5	915.408
-0.523599	1.721184	-0.153948	140	163	164	915.225
-2.356194	0.370812	-2.547742	13	29	134	914.909
-0.785398	2.153910	-1.714959	148	2	11	914.839
2.617994	1.875281	0.107086	8	24	19	914.836
0.261799	0.370812	-2.547742	22	14	140	914.659
-2.356194	0.419640	2.974122	24	15	141	914.466
-0.523599	2.063651	-2.044600	149	2	24	914.315
1.047198	0.418037	1.360082	154	34	142	914.125
2.879793	1.904882	-1.478089	21	3	158	913.078
-2.356194	0.850607	-1.335383	3	13	134	912.959
1.832596	1.014500	0.906702	153	157	155	912.949
-1.308997	0.960688	-0.577532	159	27	19	912.349
2.617994	2.407836	1.410646	22	10	127	912.328
-2.094395	1.440580	2.260026	1	16	48	912.259
-1.570796	1.168678	2.108595	135	30	138	911.704
-2.356194	0.080730	-2.622036	12	30	135	911.656
-1.308997	2.174483	2.653697	156	153	1	911.573
-2.094395	0.571433	-1.188419	0	17	133	911.406
-1.570796	2.579248	-2.364801	147	152	150	910.772
2.094395	1.168678	2.108595	146	163	166	910.735
-1.832596	1.168678	2.108595	19	13	160	910.616
0.261799	1.374601	-2.456031	6	154	146	910.432
-1.047198	2.174483	2.653697	6	20	27	910.338
-2.879793	0.685216	-1.712745	12	8	137	910.051
2.094395	1.134796	2.434290	151	149	12	909.932
2.879793	2.104282	-0.813972	12	159	146	909.446
0.785398	1.433411	-1.035986	152	154	146	908.773
-2.094395	0.370812	-2.547742	3	25	133	908.519
-1.832596	2.724429	-0.348782	6	21	136	908.078
-1.570796	2.073035	2.027405	150	8	150	907.804
-1.832596	1.440580	2.260026	141	31	132	907.714
-2.356194	1.662363	0.915448	152	155	147	907.652
0.785398	1.506530	1.988858	156	19	26	907.598
-1.047198	2.251330	-2.330739	151	163	156	907.173
0.785398	0.866955	-0.931351	0	20	126	907.054
-1.832596	0.297065	2.160177	25	12	141	906.484
2.094395	0.961715	0.014085	153	158	163	906.271
-2.094395	2.637879	2.121598	12	166	128	906.034
0.523599	2.456751	-1.503343	9	17	137	905.576
-2.879793	0.864993	2.278281	8	10	139	905.413
-0.785398	0.960688	-0.577532	149	166	163	905.142
0.785398	1.367556	0.358405	4	20	128	905.050
-1.308997	0.571433	-1.188419	20	9	152	904.815
-0.523599	0.762244	-0.273349	16	16	6	904.711
1.570796	1.696674	-1.253233	14	18	146	904.450
-0.785398	0.290380	-0.796960	146	0	166	904.374
0.523599	1.699788	2.452890	150	12	23	904.184
-2.094395	1.128190	-2.288622	149	11	17	903.594
2.356194	1.247695	1.809890	146	157	11	903.018
2.356194	2.456751	-1.503343	15	6	151	902.887
-2.879793	1.134796	2.434290	8	20	133	902.751
-2.879793	1.662363	0.915448	151	16	136	902.224
-0.785398	1.367556	0.358405	159	158	143	901.934
-1.047198	2.664082	-1.071402	162	166	137	901.886
0.523599	0.618092	2.539118	143	24	19	901.463
1.570796	1.545873	-1.877082	151	148	163	901.106
-1.570796	1.413347	-1.339188	19	0	154	900.883
2.094395	1.448123	-2.163292	160	147	151	900.848
2.617994	2.187132	-0.479875	160	6	32	900.731
-2.879793	2.396274	-1.959260	153	19	132	900.260
-1.832596	2.164094	-2.991358	146	154	149	899.667
1.570796	1.417623	-0.202254	7	6	139	899.448
-1.570796	0.700570	1.559208	20	11	148	899.287
0.523599	2.587733	0.232235	154	29	138	898.587
-2.617994	1.440580	2.260026	17	13	156	898.526
-1.832596	2.089241	-0.114193	18	152	14	898.414
-1.832596	1.875281	0.107086	16	151	16	898.332
2.356194	2.180315	-1.357379	6	4	138	898.230
2.094395	1.184361	0.625864	148	166	156	898.062
-3.141593	2.704512	1.488683	23	14	126	897.885
-2.094395	1.417623	-0.202254	166	156	134	897.642
1.832596	1.875281	0.107086	147	2	159	897.594
1.308997	0.961715	0.014085	13	11	139	897.323
-0.261799	2.089241	-0.114193	161	29	133	897.158
-2.356194	0.619654	-2.216909	14	12	140	896.998
1.308997	2.664082	-1.071402	3	11	138	896.906
-2.094395	0.961715	0.014085	165	156	139	896.902
-1.832596	0.203748	0.590255	145	159	158	896.759
-2.356194	0.906588	1.252948	146	162	159	896.665
-2.094395	1.214854	-1.966664	150	11	17	896.143
-0.523599	1.510910	-0.740472	162	153	141	896.132
0.785398	2.588535	-2.976617	165	31	5	896.003
-2.356194	1.134497	-1.109631	163	24	17	895.609
-0.523599	0.290380	-0.796960	145	165	161	895.577
-2.879793	0.674054	1.013609	24	20	147	895.544
0.785398	1.448123	-2.163292	142	1	5	895.533
-1.047198	1.545873	-1.877082	13	18	144	895.514
-2.094395	1.736875	3.023612	142	159	152	895.350
0.785398	1.510910	-0.740472	151	157	145	895.145
-1.832596	0.419640	2.974122	20	26	141	894.924
-1.570796	1.721184	-0.153948	2	20	129	894.816
1.308997	2.724429	-0.348782	149	30	3	894.620
2.094395	1.325504	-1.671296	159	149	152	894.466
2.617994	1.982574	-1.115518	14	166	148	894.037
0.785398	1.214854	-1.966664	141	0	164	894.010
-1.308997	2.664082	-1.071402	158	1	137	893.553
-2.617994	1.195355	1.200319	147	162	167	893.510
-1.570796	1.218453	2.777284	16	28	155	893.174
-0.785398	0.866955	-0.931351	148	4	163	892.964
1.832596	1.218453	2.777284	21	0	12	892.491
-0.261799	2.393226	1.857173	19	15	145	892.437
-3.141593	0.685216	-1.712745	14	23	128	892.311
-2.094395	0.864993	2.278281	22	11	153	892.053
0.785398	0.960688	-0.577532	160	153	141	892.039
-2.617994	2.407836	1.410646	155	139	157	891.968
1.308997	1.617114	-1.572037	147	158	156	891.887
-1.047198	1.555207	1.708892	20	10	27	891.211
1.047198	0.290380	-0.796960	148	25	19	891.032
2.356194	2.592629	0.909713	156	148	148	891.018
-2.094395	1.809167	1.213774	151	5	148	890.844
-1.832596	1.574060	2.783565	159	159	27	890.599
0.523599	1.904882	-1.478089	145	158	157	890.479
2.879793	0.960688	-0.577532	8	11	130	890.474
2.094395	0.370812	-2.547742	159	166	32	890.314
0.523599	1.184361	0.625864	11	11	138	890.191
0.000000	2.704512	1.488683	8	17	138	889.631
2.617994	2.295480	1.008277	28	15	134	889.630
1.308997	2.881233	-2.582574	13	7	143	889.557
-0.785398	2.478122	2.609777	8	20	118	889.402
0.000000	1.812176	0.656819	8	13	135	889.149
-3.141593	2.001437	0.381215	163	143	141	889.070
-1.570796	1.504028	0.636812	156	157	148	888.988
1.047198	0.899350	-2.069907	157	1	33	888.981
2.094395	1.574060	2.783565	157	150	8	888.242
1.047198	1.045978	0.343692	7	167	139	888.181
-0.523599	1.617114	-1.572037	152	166	149	887.976
0.523599	0.960688	-0.577532	22	11	129	887.915
-2.879793	1.846342	-1.796954	20	6	131	887.793
-2.094395	1.134497	-1.109631	7	12	135	887.783
-0.523599	0.910508	1.903534	145	9	3	887.727
0.261799	2.180315	-1.357379	147	161	151	887.660
-3.141593	1.756530	-2.105156	25	6	139	887.413
1.047198	1.367556	0.358405	7	1	140	886.934
-0.785398	1.194549	-0.801900	149	165	166	886.739
1.308997	1.554776	0.100351	2	167	138	886.665
2.356194	1.301460	-0.509251	149	163	152	886.462
-1.047198	2.299159	2.264663	152	4	143	886.336
0.523599	1.683268	0.374177	2	23	129	886.216
-2.356194	0.961715	0.014085	161	4	131	886.205
-1.308997	1.555207	1.708892	20	8	28	886.081
0.523599	1.741644	-2.695914	135	158	12	885.954
-1.047198	1.569311	-3.003978	1	158	32	885.842
-0.261799	1.184361	0.625864	135	159	5	885.829
-2.356194	1.824694	1.850876	149	160	4	885.713
-1.570796	1.869911	2.701025	158	159	27	885.677
1.308997	1.045978	0.343692	9	166	139	885.593
-1.047198	1.732874	-0.951685	8	40	153	885.572
-2.879793	0.418037	1.360082	143	162	158	885.538
-1.308997	1.214854	-1.966664	150	149	157	885.534
2.617994	1.909857	-0.381669	0	26	20	885.406
-3.141593	1.135834	-1.431087	157	156	155	885.375
2.879793	2.153910	-1.714959	23	3	6	885.265
-2.617994	0.379747	-1.713059	0	28	129	884.738
0.523599	0.370812	-2.547742	23	19	140	884.599
2.617994	0.762244	-0.273349	10	22	16	884.523
-1.047198	2.478122	2.609777	9	18	118	884.345
0.261799	1.433411	-1.035986	152	152	167	884.326
-3.141593	1.194549	-0.801900	159	162	130	884.077
-0.785398	2.041297	-2.664597	154	165	27	883.980
-2.094395	1.574060	2.783565	142	162	151	883.754
0.261799	0.379747	-1.713059	150	161	18	883.740
0.000000	2.089241	-0.114193	1	163	142	883.725
-1.308997	0.685216	-1.712745	18	6	148	883.720
2.356194	2.393226	1.857173	153	10	32	882.930
1.832596	1.982574	-1.115518	14	155	151	882.914
2.356194	2.356369	3.005869	6	14	136	882.773
1.832596	1.417623	-0.202254	8	7	138	882.310
-0.523599	1.413347	-1.339188	153	158	166	882.175
1.570796	0.960688	-0.577532	166	147	140	881.906
2.879793	2.393226	1.857173	152	19	19	881.796
-1.047198	0.370812	-2.547742	165	22	133	881.685
-2.879793	1.870545	-2.976234	148	21	17	881.635
1.047198	1.194549	-0.801900	15	19	123	881.605
-3.141593	0.379747	-1.713059	9	26	129	881.370
-2.094395	0.914445	2.687814	24	18	151	881.036
1.832596	2.396274	-1.959260	150	157	20	881.010
-1.570796	2.356369	3.005869	150	167	10	880.974
-0.261799	1.301460	-0.509251	16	7	125	880.514
1.308997	1.184361	0.625864	150	161	159	880.093
2.094395	1.977582	0.969896	25	5	138	879.905
-2.094395	0.618092	2.539118	25	15	146	879.708
1.308997	2.404280	-0.174044	153	32	1	879.076
0.523599	1.433411	-1.035986	151	157	146	878.773
-1.570796	2.881233	-2.582574	150	27	146	878.759
2.094395	2.478122	2.609777	7	12	137	878.606
-2.094395	2.299159	2.264663	152	154	158	878.563
1.308997	2.478122	2.609777	22	11	23	878.549
2.356194	2.164094	-2.991358	4	14	134	878.273
-2.094395	2.379497	0.561089	6	8	134	877.704
2.879793	2.108018	1.311430	26	20	131	877.695
0.785398	0.618092	2.539118	141	18	20	877.413
-2.094395	1.374601	-2.456031	149	12	11	877.105
0.785398	1.569311	-3.003978	14	154	134	876.979
1.047198	1.450119	-2.739050	146	1	8	876.650
0.261799	1.450119	-2.739050	2	153	144	876.402
-0.261799	1.214854	-1.966664	150	23	5	876.250
-2.879793	2.063651	-2.044600	26	6	138	875.920
-1.832596	0.418037	1.360082	15	1	141	875.833
1.570796	1.658653	-2.409879	22	6	153	875.582
-3.141593	1.617114	-1.572037	18	152	147	875.477
-1.832596	2.478122	2.609777	153	153	160	875.339
-0.261799	0.866955	-0.931351	147	165	164	875.328
0.785398	1.904882	-1.478089	12	18	141	874.952
-0.785398	0.496451	0.593859	22	6	137	874.931
-2.356194	2.984978	1.954446	146	157	165	874.866
-1.570796	1.450119	-2.739050	149	3	5	874.793
-0.523599	2.115563	0.685730	10	15	134	874.747
-2.879793	1.998705	2.370472	6	13	48	874.439
2.356194	0.709924	0.218797	153	166	145	874.219
-2.094395	1.696674	-1.253233	21	159	153	874.206
2.617994	2.104282	-0.813972	21	5	158	874.116
0.261799	0.992645	-1.723759	142	6	159	874.043
-2.094395	1.135834	-1.431087	10	16	137	874.041
2.356194	1.982574	-1.115518	15	167	151	873.624
1.570796	1.113094	-0.272241	11	6	139	873.213
-0.523599	0.203748	0.590255	23	9	135	872.905
-1.047198	0.831641	0.616218	22	166	145	872.677
-1.570796	1.184361	0.625864	158	153	144	872.594
-2.094395	0.640596	-2.797608	16	26	137	872.428
0.000000	1.014500	0.906702	15	15	135	872.148
1.570796	1.812176	0.656819	151	21	16	871.819
0.523599	2.637879	2.121598	11	11	142	871.819
1.570796	2.396274	-1.959260	24	22	152	871.441
0.000000	2.356369	3.005869	12	19	120	871.039
0.523599	2.115563	0.685730	7	165	144	870.835
2.094395	2.295480	1.008277	22	2	134	870.643
2.356194	1.904882	-1.478089	16	5	153	870.621
-1.832596	1.325504	-1.671296	167	27	13	870.469
2.879793	1.545873	-1.877082	16	5	127	870.412
0.261799	0.571433	-1.188419	165	6	126	869.966
2.094395	1.662363	0.915448	147	162	6	869.712
0.261799	1.683268	0.374177	161	8	132	869.407
-0.261799	2.664082	-1.071402	152	147	152	869.336
-1.570796	2.153910	-1.714959	162	27	28	869.062
-1.832596	0.685216	-1.712745	3	17	134	868.981
-2.094395	0.866395	-2.492918	18	7	147	868.745
-0.261799	0.418037	1.360082	18	9	142	868.701
-2.356194	1.872854	1.543456	158	137	155	868.402
2.094395	1.809167	1.213774	25	7	135	868.182
2.879793	2.187132	-0.479875	159	5	31	868.062
-0.523599	2.478122	2.609777	157	1	138	868.009
-1.047198	1.218453	2.777284	164	159	27	867.873
2.094395	2.393226	1.857173	160	27	17	867.762
0.523599	0.591903	2.010408	153	33	146	867.705
0.261799	1.194549	-0.801900	149	154	164	867.665
-1.308997	1.014500	0.906702	21	166	150	867.626
0.000000	1.977582	0.969896	23	11	153	867.500
-1.832596	2.984978	1.954446	21	1	136	867.463
-1.308997	2.251330	-2.330739	149	2	12	867.420
2.879793	1.488617	1.159546	146	152	12	867.100
0.000000	1.301460	-0.509251	18	11	125	867.019
1.047198	1.574060	2.783565	21	27	137	867.001
2.617994	0.419640	2.974122	152	156	21	866.727
0.785398	1.977582	0.969896	11	16	144	866.639
0.000000	1.113094	-0.272241	22	9	131	866.624
-2.094395	0.762244	-0.273349	2	31	18	866.462
-0.261799	2.478122	2.609777	157	166	140	866.443
-1.832596	2.637879	2.121598	14	167	130	866.302
0.000000	2.396274	-1.959260	153	12	40	866.285
1.047198	2.979456	-1.009304	27	13	134	865.985
-0.523599	2.637879	2.121598	150	22	141	865.968
0.785398	1.662363	0.915448	13	11	147	865.946
0.261799	0.080730	-2.622036	22	11	143	865.940
-1.832596	0.831641	0.616218	149	0	160	865.772
2.617994	1.450119	-2.739050	166	19	134	865.697
2.617994	2.356369	3.005869	6	15	136	865.484
-2.617994	1.214854	-1.966664	21	20	134	865.456
-0.261799	0.203748	0.590255	25	14	136	865.042
1.570796	2.979456	-1.009304	144	15	31	864.560
-1.570796	1.374601	-2.456031	148	0	7	864.514
-1.047198	1.367556	0.358405	156	159	144	864.509
-1.832596	2.247462	0.191623	14	152	20	864.428
1.832596	1.836682	-0.676006	145	0	145	864.381
1.570796	1.301460	-0.509251	10	16	137	864.360
-2.094395	1.506530	1.988858	155	148	0	864.154
0.000000	2.108018	1.311430	13	13	141	864.028
0.523599	1.194549	-0.801900	15	12	122	863.890
-1.832596	1.391910	3.030322	18	26	153	863.736
2.094395	1.335669	0.897240	143	1	165	863.702
-0.261799	1.433411	-1.035986	146	1	0	863.674
0.785398	1.554776	0.100351	153	19	11	863.076
0.523599	0.571433	-1.188419	167	8	127	862.952
2.356194	1.732874	-0.951685	9	1	139	862.705
-1.308997	0.640596	-2.797608	147	0	15	862.471
-2.356194	0.640596	-2.797608	21	23	137	862.459
0.000000	2.153910	-1.714959	144	166	164	861.912
0.261799	1.510910	-0.740472	149	164	144	861.830
0.785398	2.001437	0.381215	4	14	137	861.829
-1.570796	1.448123	-2.163292	21	21	160	861.342
-1.047198	1.014500	0.906702	24	3	152	861.230
-2.617994	1.606104	-0.451151	150	10	125	860.715
-0.261799	1.417623	-0.202254	21	8	130	860.555
-2.094395	1.846342	-1.796954	166	23	16	860.484
-2.356194	0.866395	-2.492918	24	29	140	860.470
-0.523599	0.960688	-0.577532	149	163	161	860.306
-2.094395	1.134796	2.434290	167	167	37	859.400
-1.047198	1.510910	-0.740472	144	4	5	859.227
-1.308997	2.592629	0.909713	8	9	137	859.195
-2.879793	1.168678	2.108595	13	20	136	859.096
2.879793	2.295480	1.008277	28	22	134	858.912
-0.261799	1.617114	-1.572037	152	163	149	858.866
0.261799	1.135813	-2.658866	142	14	9	858.843
2.094395	0.831641	0.616218	149	166	152	858.742
-2.356194	0.709924	0.218797	22	18	150	858.676
2.356194	2.379497	0.561089	151	166	26	858.635
-1.832596	1.555207	1.708892	17	12	10	858.593
0.523599	2.033014	2.977192	148	10	16	858.318
1.308997	1.948085	-2.363031	167	32	11	858.121
1.832596	1.256302	0.062705	11	166	142	857.910
2.356194	1.367556	0.358405	30	6	10	857.822
0.523599	2.719179	-1.780644	28	13	136	857.224
-0.523599	1.658653	-2.409879	160	150	2	857.121
0.261799	0.899350	-2.069907	149	165	21	856.901
-0.261799	0.961715	0.014085	162	16	126	856.694
0.523599	0.674054	1.013609	163	13	37	856.691
-1.570796	0.379747	-1.713059	166	19	133	856.630
-1.047198	1.134796	2.434290	21	24	28	856.505
2.356194	2.299159	2.264663	15	8	147	856.386
-2.356194	1.135834	-1.431087	9	13	133	856.065
-3.141593	2.073035	2.027405	153	17	17	856.034
2.356194	0.864993	2.278281	20	1	20	855.497
0.785398	1.194549	-0.801900	156	154	143	855.222
-1.308997	1.045978	0.343692	144	13	164	854.675
-1.832596	1.846342	-1.796954	164	24	16	854.453
-0.785398	0.615174	-0.666022	148	0	163	854.396
2.094395	1.872854	1.543456	22	8	128	854.041
-0.523599	2.251330	-2.330739	150	165	24	853.977
1.832596	0.961715	0.014085	151	160	163	853.735
2.879793	2.664082	-1.071402	19	4	153	853.664
-1.047198	1.599406	1.426070	22	5	27	853.568
-2.879793	0.906588	1.252948	143	163	158	853.419
-1.308997	0.619654	-2.216909	1	4	139	853.291
0.523599	1.909857	-0.381669	162	17	130	853.206
1.308997	0.290380	-0.796960	19	17	130	853.169
-2.094395	0.297065	2.160177	22	7	140	853.042
-2.094395	1.218453	2.777284	137	5	141	853.002
-0.523599	0.992645	-1.723759	150	1	17	852.994
-2.356194	1.214854	-1.966664	19	24	134	852.813
-3.141593	1.683268	0.374177	164	16	129	852.777
0.523599	1.504028	0.636812	3	17	130	852.762
-2.356194	1.391910	3.030322	139	167	157	852.731
-2.094395	1.904882	-1.478089	0	24	13	852.730
1.047198	2.664082	-1.071402	30	12	141	852.554
2.617994	2.455966	-0.641220	7	0	142	852.541
-2.094395	1.741644	-2.695914	142	153	11	852.528
-0.261799	2.407836	1.410646	8	14	137	852.487
1.047198	1.617114	-1.572037	146	162	155	851.865
-1.047198	1.310100	1.488307	24	7	10	851.756
-1.832596	0.619654	-2.216909	0	23	131	851.688
1.308997	1.374601	-2.456031	147	158	153	851.616
-1.570796	1.413430	2.550734	0	2	38	851.572
0.523599	1.506530	1.988858	159	22	26	851.438
-0.261799	0.992645	-1.723759	152	166	20	851.388
1.570796	1.184361	0.625864	148	9	164	851.230
-0.261799	1.014500	0.906702	135	157	1	851.218
2.356194	0.290380	-0.796960	3	30	130	850.977
-2.356194	0.899350	-2.069907	16	21	138	850.736
-0.785398	0.709924	0.218797	151	157	149	850.486
-1.308997	1.599406	1.426070	156	152	7	850.438
-2.356194	2.456751	-1.503343	151	14	136	850.214
-1.047198	1.135834	-1.431087	154	23	11	850.209
-1.308997	0.370812	-2.547742	165	5	136	850.132
-2.617994	0.496451	0.593859	24	17	151	850.106
-3.141593	0.618092	2.539118	153	155	21	849.980
1.047198	2.343981	-1.040456	12	20	140	849.723
2.879793	0.618092	2.539118	3	13	136	849.667
2.094395	0.297065	2.160177	23	17	140	849.464
1.308997	2.456751	-1.503343	143	6	19	849.261
0.261799	2.579248	-2.364801	24	18	128	848.839
-1.047198	2.579248	-2.364801	156	146	149	848.531
-1.832596	1.510910	-0.740472	14	17	141	848.302
-1.832596	0.496451	0.593859	152	158	14	848.282
0.785398	2.455966	-0.641220	160	36	1	848.261
1.308997	0.733948	3.021411	19	20	131	848.156
-1.570796	2.089241	-0.114193	3	21	131	848.019
-2.356194	0.864993	2.278281	157	155	22	847.722
2.879793	2.073035	2.027405	153	18	18	847.609
-1.570796	1.135834	-1.431087	7	13	133	847.504
0.000000	1.617114	-1.572037	19	2	147	847.487
-0.785398	1.184361	0.625864	140	165	159	847.000
2.094395	1.014500	0.906702	148	162	159	846.986
-2.356194	1.545873	-1.877082	26	13	155	846.960
-0.523599	1.194549	-0.801900	148	162	166	846.695
1.047198	0.458961	-0.107937	31	21	8	846.577
-1.570796	2.349581	-2.702517	149	6	3	846.564
2.617994	1.836682	-0.676006	155	5	28	846.376
-2.356194	0.733948	3.021411	12	20	137	846.241
0.000000	0.571433	-1.188419	162	5	125	846.185
-0.523599	1.741644	-2.695914	154	166	27	845.651
2.617994	1.310100	1.488307	143	158	12	845.503
0.785398	2.396274	-1.959260	150	157	21	844.943
0.785398	2.180315	-1.357379	11	19	140	844.785
2.356194	2.108018	1.311430	24	9	130	844.753
-2.879793	2.187132	-0.479875	13	154	146	844.714
0.261799	1.335669	0.897240	161	3	127	844.448
-3.141593	2.863997	0.549740	145	11	37	844.401
0.000000	1.875281	0.107086	7	23	130	844.027
0.523599	1.374601	-2.456031	140	149	151	843.993
1.308997	0.419640	2.974122	21	18	136	843.933
1.832596	2.153910	-1.714959	6	31	136	843.904
-2.094395	0.674054	1.013609	146	159	152	843.768
-2.879793	2.089241	-0.114193	9	151	143	843.661
-1.047198	0.458961	-0.107937	152	160	15	843.461
-2.879793	1.812176	0.656819	161	142	143	843.430
-0.261799	2.863997	0.549740	167	23	136	843.210
1.308997	2.719179	-1.780644	167	139	16	842.945
-0.785398	2.881233	-2.582574	144	163	164	842.828
0.523599	0.733948	3.021411	138	12	12	842.664
-2.617994	0.864993	2.278281	154	156	22	842.467
0.785398	0.297065	2.160177	6	30	0	842.398
2.094395	1.658653	-2.409879	158	157	141	842.369
-0.785398	2.174483	2.653697	4	14	118	842.059
-0.785398	2.251330	-2.330739	150	167	24	841.897
-1.047198	2.592629	0.909713	9	11	137	841.506
1.832596	2.108018	1.311430	18	1	129	841.453
1.570796	2.356369	3.005869	16	18	160	841.382
-0.785398	1.982574	-1.115518	160	155	148	841.179
-1.308997	0.615174	-0.666022	13	13	148	841.131
-3.141593	1.982574	-1.115518	20	3	151	841.131
1.832596	1.721184	-0.153948	146	7	153	841.059
-1.047198	0.866955	-0.931351	14	14	150	840.935
1.308997	0.615174	-0.666022	0	152	141	840.422
2.879793	1.875281	0.107086	2	23	16	840.352
0.523599	2.180315	-1.357379	144	161	155	840.235
2.356194	1.554776	0.100351	29	10	11	840.160
2.356194	1.683268	0.374177	33	7	5	840.051
2.879793	2.592629	0.909713	152	163	29	839.918
1.832596	2.379497	0.561089	159	146	142	839.720
2.879793	1.696674	-1.253233	18	167	149	839.688
2.617994	2.343981	-1.040456	13	2	145	839.503
0.523599	2.343981	-1.040456	148	162	148	839.281
-1.570796	1.440580	2.260026	139	27	131	839.094
-2.879793	0.899350	-2.069907	23	18	136	839.053
1.832596	0.831641	0.616218	149	166	153	838.956
0.000000	1.683268	0.374177	30	162	158	838.902
-2.094395	0.418037	1.360082	153	3	26	838.763
1.832596	2.724429	-0.348782	2	12	137	838.742
0.261799	1.741644	-2.695914	0	159	142	838.597
-1.047198	2.164094	-2.991358	152	164	26	838.551
-0.785398	1.617114	-1.572037	150	8	1	838.492
-2.879793	1.617114	-1.572037	14	8	125	838.417
1.570796	1.721184	-0.153948	5	1	139	838.409
1.308997	1.050534	3.042579	139	15	161	838.407
-1.308997	1.135834	-1.431087	153	146	1	838.306
-0.261799	2.153910	-1.714959	152	161	153	838.238
2.617994	1.367556	0.358405	30	11	11	838.161
-0.523599	1.948085	-2.363031	153	165	26	838.064
-0.261799	2.396274	-1.959260	152	155	1	837.897
-0.523599	1.417623	-0.202254	20	4	131	837.826
-1.570796	2.379497	0.561089	6	11	134	837.819
-0.785398	2.637879	2.121598	155	3	141	837.552
-0.261799	2.041297	-2.664597	134	7	157	837.550
-2.094395	1.721184	-0.153948	12	146	6	837.452
-1.308997	0.929350	-2.910676	147	1	10	837.437
0.000000	2.881233	-2.582574	162	143	9	837.270
-0.523599	2.299159	2.264663	26	7	40	837.270
1.832596	0.370812	-2.547742	158	0	32	837.246
-1.570796	1.335669	0.897240	155	155	148	837.109
-3.141593	2.724429	-0.348782	12	3	140	837.098
-1.047198	1.194549	-0.801900	5	8	119	836.890
0.000000	1.904882	-1.478089	19	1	145	836.881
2.617994	2.073035	2.027405	153	20	18	836.851
-3.141593	2.979456	-1.009304	8	16	137	836.842
0.785398	0.379747	-1.713059	163	16	133	836.766
-3.141593	1.134497	-1.109631	156	21	25	836.590
-2.879793	1.391910	3.030322	166	14	130	836.587
1.308997	1.247695	1.809890	19	166	135	836.163
-1.570796	1.301460	-0.509251	152	155	22	836.051
-2.094395	1.014500	0.906702	152	153	160	835.908
0.261799	0.850607	-1.335383	161	11	123	835.752
-1.570796	1.732874	-0.951685	20	7	153	835.637
-2.094395	1.766067	2.153843	151	7	15	835.555
-2.617994	0.700570	1.559208	10	8	143	835.502
-3.141593	1.732874	-0.951685	18	153	149	835.418
-2.356194	1.310100	1.488307	147	7	151	835.394
1.832596	1.766067	2.153843	155	154	0	834.925
-2.617994	1.168678	2.108595	11	22	136	834.799
-1.832596	1.448123	-2.163292	25	20	161	834.712
-0.523599	1.214854	-1.966664	12	161	145	834.697
2.356194	1.617114	-1.572037	5	13	117	834.526
2.356194	1.014500	0.906702	150	162	153	834.479
2.356194	1.696674	-1.253233	20	0	166	834.437
2.356194	1.045978	0.343692	158	163	137	834.312
-1.570796	1.658653	-2.409879	146	147	15	834.255
2.094395	1.301460	-0.509251	12	4	145	834.205
-2.356194	2.979456	-1.009304	7	21	138	834.163
-0.523599	2.579248	-2.364801	147	32	12	833.994
-3.141593	1.050534	3.042579	151	32	9	833.907
1.047198	0.762244	-0.273349	0	32	134	833.762
0.000000	1.870545	-2.976234	166	156	138	833.674
2.356194	0.370812	-2.547742	162	163	31	833.009
1.047198	1.870545	-2.976234	0	163	137	832.996
1.570796	0.866395	-2.492918	164	21	135	832.789
-1.308997	2.356369	3.005869	150	164	157	832.788
2.617994	1.128190	-2.288622	153	42	4	832.763
2.094395	2.343981	-1.040456	7	1	143	832.656
-0.523599	2.041297	-2.664597	153	164	27	832.580
0.261799	1.014500	0.906702	16	18	135	832.540
-1.308997	0.674054	1.013609	23	167	148	832.348
1.832596	2.063651	-2.044600	14	20	145	832.151
-2.879793	2.455966	-0.641220	17	166	149	832.076
-2.879793	1.242974	-2.977882	162	15	131	832.056
-0.261799	1.846342	-1.796954	147	3	151	831.967
1.047198	1.247695	1.809890	16	167	131	831.820
-0.523599	1.135834	-1.431087	151	0	17	831.647
-0.785398	1.256302	0.062705	153	160	149	831.609
1.832596	1.732874	-0.951685	22	10	165	831.347
0.261799	1.440580	2.260026	10	0	126	831.332
2.617994	1.506530	1.988858	160	146	16	830.953
1.047198	0.419640	2.974122	21	14	136	830.667
1.570796	2.579248	-2.364801	152	156	27	830.501
-2.617994	2.001437	0.381215	137	151	158	830.190
2.879793	0.685216	-1.712745	17	21	128	830.056
-3.141593	0.914445	2.687814	6	21	135	830.042
2.617994	0.619654	-2.216909	9	157	140	829.342
-0.785398	1.574060	2.783565	6	26	29	829.303
-1.832596	0.899350	-2.069907	150	5	15	829.187
1.047198	2.115563	0.685730	19	155	15	829.182
0.261799	1.732874	-0.951685	147	166	146	828.974
1.047198	1.662363	0.915448	12	159	142	828.953
-2.094395	1.413347	-1.339188	19	163	154	828.942
2.356194	2.478122	2.609777	7	13	137	828.828
0.523599	0.762244	-0.273349	163	153	140	828.819
-1.570796	0.496451	0.593859	153	157	14	828.449
-0.523599	1.134497	-1.109631	147	1	0	828.161
0.000000	2.478122	2.609777	155	167	138	828.091
2.356194	1.025536	1.576859	140	160	12	828.088
0.523599	1.809167	1.213774	18	24	150	828.060
0.000000	1.569311	-3.003978	162	155	143	827.764
-1.832596	1.599406	1.426070	152	156	6	827.730
0.000000	0.419640	2.974122	8	29	7	827.648
-2.356194	0.866955	-0.931351	148	163	15	827.477
1.832596	1.569311	-3.003978	155	151	153	827.428
-2.879793	0.297065	2.160177	152	156	18	827.427
-0.785398	1.756530	-2.105156	153	156	165	827.419
-2.879793	0.850607	-1.335383	154	16	25	827.018
1.570796	2.588535	-2.976617	13	17	145	826.599
-1.570796	2.251330	-2.330739	144	153	156	826.454
2.094395	1.367556	0.358405	150	162	2	825.803
-1.047198	1.113094	-0.272241	157	158	144	825.771
1.047198	1.812176	0.656819	19	157	19	825.729
2.617994	0.992645	-1.723759	150	30	17	825.702
-1.308997	1.113094	-0.272241	20	2	14	825.614
-0.523599	0.379747	-1.713059	23	14	146	825.586
-2.879793	2.299159	2.264663	5	16	47	825.564
-0.785398	0.203748	0.590255	21	4	135	825.546
-2.094395	0.960688	-0.577532	166	27	19	825.520
-1.832596	1.606104	-0.451151	149	164	163	825.458
-1.308997	2.579248	-2.364801	151	148	150	825.421
-1.832596	1.506530	1.988858	144	36	132	825.339
-2.094395	0.619654	-2.216909	5	29	130	825.336
0.000000	2.588535	-2.976617	17	21	122	825.052
-2.094395	1.555207	1.708892	148	18	159	824.843
0.261799	2.356369	3.005869	160	165	137	824.693
1.047198	1.599406	1.426070	18	7	4	824.565
2.094395	1.617114	-1.572037	18	160	3	824.197
-1.047198	1.134497	-1.109631	151	5	15	824.114
2.879793	0.419640	2.974122	155	154	21	823.826
-2.356194	2.881233	-2.582574	165	28	15	823.672
0.785398	2.637879	2.121598	165	12	36	823.659
-0.785398	2.760637	2.781135	167	143	10	823.613
2.617994	2.153910	-1.714959	19	2	157	823.506
-2.879793	2.704512	1.488683	155	165	32	822.825
-0.261799	1.194549	-0.801900	150	160	159	822.574
-0.261799	1.134497	-1.109631	146	0	2	822.337
0.523599	2.881233	-2.582574	143	4	33	822.124
-1.047198	0.709924	0.218797	16	162	137	822.055
2.356194	2.863997	0.549740	27	12	132	821.927
1.047198	1.875281	0.107086	3	164	140	821.617
-0.785398	2.104282	-0.813972	162	154	147	821.503
-2.094395	1.025536	1.576859	150	153	161	821.334
0.261799	1.113094	-0.272241	23	13	132	821.176
2.879793	2.704512	1.488683	21	9	125	821.117
-3.141593	1.134796	2.434290	9	19	133	820.925
-0.261799	2.881233	-2.582574	154	146	11	820.768
-1.047198	1.824694	1.850876	25	165	22	820.637
1.047198	0.619654	-2.216909	0	158	26	820.553
-1.570796	2.247462	0.191623	20	154	20	820.452
-2.094395	2.456751	-1.503343	154	13	136	820.106
1.832596	1.506530	1.988858	150	163	21	820.032
-1.047198	1.045978	0.343692	159	154	143	819.880
-1.832596	2.456751	-1.503343	156	8	136	819.663
-1.832596	2.579248	-2.364801	143	157	150	819.010
1.832596	2.456751	-1.503343	7	0	145	818.896
-3.141593	0.866955	-0.931351	156	16	29	818.871
1.047198	0.960688	-0.577532	163	152	141	818.826
2.356194	1.824694	1.850876	155	23	21	818.695
2.356194	2.587733	0.232235	147	147	8	818.319
1.570796	1.195355	1.200319	156	154	160	818.036
1.047198	1.440580	2.260026	8	9	35	817.948
0.261799	2.138223	1.678323	13	12	146	817.934
-3.141593	2.407836	1.410646	24	21	126	817.933
1.570796	1.135813	-2.658866	20	165	167	817.835
1.570796	1.872854	1.543456	15	167	128	817.318
0.523599	0.419640	2.974122	154	15	136	817.203
-1.047198	2.393226	1.857173	1	25	121	817.058
1.047198	1.301460	-0.509251	15	27	126	817.053
1.308997	0.080730	-2.622036	143	164	158	817.022
0.785398	0.418037	1.360082	159	38	142	816.848
-2.094395	0.379747	-1.713059	165	2	138	816.790
1.308997	2.587733	0.232235	167	151	142	816.772
-1.047198	2.187132	-0.479875	162	29	136	816.638
-0.785398	2.299159	2.264663	151	1	147	816.577
-1.047198	1.948085	-2.363031	149	0	167	816.559
-2.356194	0.571433	-1.188419	0	15	133	816.426
-2.094395	1.310100	1.488307	153	150	157	816.254
1.047198	1.310100	1.488307	161	28	26	816.068
-0.261799	0.379747	-1.713059	24	19	146	815.919
-2.356194	1.683268	0.374177	141	146	157	815.809
-3.141593	1.325504	-1.671296	18	12	23	815.330
-2.617994	0.418037	1.360082	6	7	139	814.955
-1.570796	0.992645	-1.723759	5	17	133	814.897
-1.832596	0.640596	-2.797608	7	31	133	814.880
-1.047198	0.080730	-2.622036	154	30	133	814.860
0.261799	1.413430	2.550734	15	1	129	814.613
-2.094395	0.929350	-2.910676	20	25	141	814.509
-1.570796	1.617114	-1.572037	162	25	14	813.645
-1.308997	1.391910	3.030322	162	161	29	813.512
1.832596	1.113094	-0.272241	10	6	139	813.350
-1.832596	1.741644	-2.695914	144	150	10	813.346
2.617994	2.089241	-0.114193	3	25	19	813.023
-1.308997	0.709924	0.218797	152	27	31	812.956
-2.617994	0.762244	-0.273349	5	26	20	812.949
1.570796	1.909857	-0.381669	0	1	137	812.833
2.879793	2.164094	-2.991358	14	155	31	812.816
-3.141593	2.187132	-0.479875	10	150	144	812.800
2.617994	1.683268	0.374177	9	2	39	812.636
2.879793	1.554776	0.100351	0	21	29	812.622
-2.879793	0.866955	-0.931351	155	13	30	812.528
1.047198	2.579248	-2.364801	24	16	145	812.494
-1.047198	1.662363	0.915448	26	165	21	812.438
-2.356194	2.379497	0.561089	2	5	134	812.412
0.523599	1.658653	-2.409879	139	152	150	812.161
2.094395	2.588535	-2.976617	1	13	135	812.150
-0.261799	0.850607	-1.335383	144	9	153	812.117
-0.261799	1.367556	0.358405	138	156	9	811.768
1.570796	2.379497	0.561089	8	3	132	811.273
-1.047198	2.984978	1.954446	147	167	38	811.251
-2.356194	0.418037	1.360082	8	167	142	811.052
0.785398	2.343981	-1.040456	146	160	150	810.892
0.261799	0.203748	0.590255	17	28	134	810.606
-1.832596	1.554776	0.100351	0	150	139	810.423
2.356194	1.875281	0.107086	32	13	6	810.379
-1.570796	1.904882	-1.478089	20	23	3	810.107
-1.570796	0.290380	-0.796960	22	11	149	809.894
-0.261799	2.588535	-2.976617	17	17	122	809.666
2.094395	0.709924	0.218797	13	18	17	809.621
-0.785398	1.606104	-0.451151	142	0	4	809.546
0.523599	1.301460	-0.509251	19	20	126	809.416
-1.570796	1.417623	-0.202254	21	154	4	809.392
1.308997	1.812176	0.656819	155	23	16	809.378
2.879793	1.846342	-1.796954	10	7	120	809.333
-1.570796	2.979456	-1.009304	161	10	133	809.277
1.832596	2.979456	-1.009304	142	9	31	809.219
-1.047198	2.760637	2.781135	17	20	121	809.138
2.094395	2.089241	-0.114193	4	9	136	809.119
-1.832596	2.379497	0.561089	6	11	133	809.062
-1.308997	0.297065	2.160177	21	22	142	808.752
1.308997	2.063651	-2.044600	18	31	133	808.731
-0.523599	1.168678	2.108595	148	161	19	808.536
-0.523599	1.325504	-1.671296	151	25	3	808.398
1.570796	0.615174	-0.666022	3	150	140	808.323
-2.356194	1.846342	-1.796954	144	16	139	808.159
0.523599	0.929350	-2.910676	139	7	10	808.081
1.047198	0.914445	2.687814	30	7	16	807.889
-2.617994	0.203748	0.590255	23	17	147	807.814
0.785398	0.571433	-1.188419	1	11	128	807.403
-2.879793	1.214854	-1.966664	23	15	135	806.497
-1.832596	2.664082	-1.071402	156	13	136	806.196
0.785398	2.115563	0.685730	5	163	137	806.146
-1.047198	2.063651	-2.044600	150	7	9	806.036
-2.356194	1.440580	2.260026	17	17	156	806.027
2.879793	0.866955	-0.931351	152	161	158	806.000
-1.832596	1.721184	-0.153948	3	19	128	805.779
2.356194	2.153910	-1.714959	17	8	157	805.746
1.570796	1.335669	0.897240	148	5	0	805.694
1.570796	0.458961	-0.107937	143	163	9	805.678
1.570796	1.218453	2.777284	147	156	14	805.589
0.261799	2.001437	0.381215	10	13	140	805.510
-1.832596	1.413430	2.550734	18	23	159	805.481
-1.308997	2.153910	-1.714959	142	166	164	805.439
1.570796	1.014500	0.906702	23	166	158	805.437
1.832596	1.195355	1.200319	148	164	166	805.184
1.047198	2.089241	-0.114193	166	11	135	805.128
0.261799	0.866955	-0.931351	0	15	124	805.052
-2.617994	2.396274	-1.959260	153	15	132	804.960
-0.785398	2.455966	-0.641220	160	167	141	804.918
-3.141593	1.504028	0.636812	152	20	134	804.830
-1.047198	1.658653	-2.409879	155	153	25	804.535
1.308997	0.960688	-0.577532	19	23	133	804.508
2.617994	2.979456	-1.009304	6	8	138	804.390
1.308997	1.214854	-1.966664	155	147	136	804.342
1.570796	1.606104	-0.451151	167	5	132	804.305
2.617994	2.637879	2.121598	157	24	20	804.238
-1.308997	1.658653	-2.409879	150	164	4	804.217
0.000000	2.664082	-1.071402	156	144	151	804.172
-0.785398	1.696674	-1.253233	160	153	147	804.154
1.832596	1.736875	3.023612	16	166	133	804.112
0.261799	2.664082	-1.071402	20	139	145	803.974
-2.617994	0.992645	-1.723759	14	23	130	803.901
0.785398	1.504028	0.636812	2	2	134	803.582
-0.785398	1.658653	-2.409879	159	152	26	803.565
0.785398	2.073035	2.027405	20	11	3	803.404
0.785398	2.704512	1.488683	157	3	28	803.298
0.523599	0.297065	2.160177	151	29	139	803.237
0.523599	0.866955	-0.931351	150	157	145	802.896
1.308997	1.756530	-2.105156	1	32	15	802.842
2.356194	0.992645	-1.723759	155	33	17	802.798
0.785398	0.615174	-0.666022	161	150	143	802.685
-2.356194	1.448123	-2.163292	149	17	13	802.637
0.785398	2.164094	-2.991358	163	164	139	802.367
2.356194	0.762244	-0.273349	14	15	18	802.297
0.785398	2.247462	0.191623	164	24	131	802.216
-1.570796	0.370812	-2.547742	164	27	133	802.211
0.785398	2.089241	-0.114193	163	20	131	802.047
1.047198	2.396274	-1.959260	136	164	10	801.940
-2.879793	2.724429	-0.348782	6	4	138	801.566
0.261799	1.256302	0.062705	5	14	129	801.429
-1.308997	1.606104	-0.451151	8	0	124	801.418
-2.356194	2.174483	2.653697	14	7	135	801.416
1.832596	0.496451	0.593859	1	6	133	801.221
-3.141593	2.588535	-2.976617	16	165	32	801.120
-0.261799	2.456751	-1.503343	147	1	152	801.116
-1.570796	1.194549	-0.801900	163	6	119	801.109
-1.047198	0.674054	1.013609	27	6	150	801.006
-1.047198	1.301460	-0.509251	7	39	133	801.000
2.094395	2.108018	1.311430	21	6	129	800.904
1.308997	1.875281	0.107086	154	27	167	800.826
2.617994	0.418037	1.360082	23	10	143	800.795
1.832596	2.138223	1.678323	9	5	122	800.623
2.094395	1.554776	0.100351	29	5	11	800.604
2.879793	0.914445	2.687814	10	6	140	800.484
-0.261799	1.948085	-2.363031	137	5	150	800.465
0.261799	1.977582	0.969896	14	16	143	800.364
0.261799	1.242974	-2.977882	2	7	36	800.252
0.523599	2.579248	-2.364801	24	23	127	800.190
-1.570796	1.045978	0.343692	152	5	147	800.068
0.261799	0.762244	-0.273349	19	17	127	799.943
-3.141593	2.719179	-1.780644	0	149	23	799.922
1.832596	1.413347	-1.339188	9	14	119	799.845
1.832596	2.588535	-2.976617	24	5	23	799.784
0.523599	1.812176	0.656819	12	15	142	799.772
-2.094395	2.719179	-1.780644	157	4	132	799.673
0.523599	2.089241	-0.114193	164	22	130	799.612
1.832596	1.510910	-0.740472	150	164	141	799.318
-0.523599	2.455966	-0.641220	165	166	141	799.207
1.047198	0.080730	-2.622036	22	26	143	799.156
-0.523599	1.301460	-0.509251	150	162	158	798.957
-1.047198	1.766067	2.153843	26	163	27	798.957
-1.570796	1.545873	-1.877082	17	27	157	798.907
-2.094395	0.709924	0.218797	163	31	18	798.897
-1.308997	1.545873	-1.877082	151	0	10	798.882
2.617994	2.001437	0.381215	161	14	130	798.763
-1.047198	2.247462	0.191623	4	22	132	798.688
0.000000	1.413347	-1.339188	155	153	3	798.434
-2.356194	0.297065	2.160177	17	7	139	798.201
0.785398	2.881233	-2.582574	145	166	33	797.953
0.523599	1.662363	0.915448	4	5	135	797.677
1.832596	2.187132	-0.479875	167	5	135	797.582
-0.785398	0.762244	-0.273349	159	143	143	797.537
-3.141593	1.545873	-1.877082	18	8	127	797.491
2.356194	1.113094	-0.272241	150	33	127	797.432
1.832596	0.910508	1.903534	138	162	11	797.039
0.785398	1.417623	-0.202254	0	12	129	796.972
0.000000	2.164094	-2.991358	165	162	136	796.909
0.261799	1.699788	2.452890	149	15	23	796.845
1.308997	1.872854	1.543456	10	164	128	796.603
1.832596	1.977582	0.969896	22	0	138	796.594
1.047198	1.417623	-0.202254	167	13	128	796.556
0.523599	2.104282	-0.813972	149	160	149	796.527
2.094395	2.251330	-2.330739	165	23	132	796.506
2.617994	2.456751	-1.503343	19	5	158	796.367
0.523599	2.664082	-1.071402	23	144	145	796.182
-1.832596	1.824694	1.850876	153	159	4	796.150
1.832596	1.909857	-0.381669	1	4	136	796.104
0.261799	1.504028	0.636812	8	18	131	796.085
-2.617994	1.504028	0.636812	153	17	134	796.014
1.308997	0.850607	-1.335383	164	13	127	795.719
-0.785398	1.741644	-2.695914	154	0	27	795.645
1.047198	1.504028	0.636812	10	15	139	795.576
-1.047198	2.033014	2.977192	19	2	140	795.563
2.879793	0.619654	-2.216909	11	161	140	795.467
-0.785398	1.214854	-1.966664	163	140	157	795.382
-3.141593	2.299159	2.264663	156	21	18	795.174
2.879793	1.214854	-1.966664	146	35	10	794.963
2.356194	2.719179	-1.780644	10	5	142	794.874
-3.141593	1.218453	2.777284	155	32	2	794.810
2.094395	2.724429	-0.348782	134	5	159	794.784
-2.879793	1.741644	-2.695914	167	157	144	794.775
0.523599	1.569311	-3.003978	12	148	134	794.582
-3.141593	2.664082	-1.071402	17	166	151	794.523
-2.617994	2.587733	0.232235	5	10	134	794.465
0.000000	2.592629	0.909713	18	158	146	794.427
1.047198	1.413347	-1.339188	153	165	132	794.401
-0.261799	2.295480	1.008277	14	11	143	794.365
0.261799	2.343981	-1.040456	147	165	149	794.284
-0.523599	1.014500	0.906702	133	164	1	794.039
-0.785398	0.910508	1.903534	146	15	2	794.031
1.047198	2.104282	-0.813972	159	145	4	793.857
-2.617994	1.325504	-1.671296	15	19	124	793.726
-3.141593	2.343981	-1.040456	20	6	153	793.644
0.785398	1.256302	0.062705	2	16	128	793.489
0.523599	0.203748	0.590255	14	31	136	793.401
0.785398	2.863997	0.549740	155	9	131	793.351
1.308997	2.393226	1.857173	154	1	24	793.219
-2.617994	1.045978	0.343692	159	19	7	793.016
-2.617994	0.685216	-1.712745	7	24	128	792.859
-2.617994	2.108018	1.311430	163	144	19	792.842
1.570796	2.456751	-1.503343	137	161	9	792.787
0.261799	1.050534	3.042579	9	4	31	792.683
0.523599	0.080730	-2.622036	23	16	143	792.516
2.879793	1.721184	-0.153948	2	28	28	792.460
-1.832596	1.982574	-1.115518	29	164	159	792.429
-0.261799	1.683268	0.374177	7	22	129	792.358
-0.785398	0.080730	-2.622036	11	27	2	792.344
0.785398	1.113094	-0.272241	15	8	29	792.300
-1.832596	2.343981	-1.040456	27	3	143	792.209
-2.094395	1.606104	-0.451151	148	159	20	792.119
-2.356194	1.812176	0.656819	141	148	164	791.805
-0.785398	2.396274	-1.959260	156	143	155	791.741
1.832596	0.203748	0.590255	153	144	2	791.545
0.000000	0.685216	-1.712745	151	163	19	791.464
2.094395	1.982574	-1.115518	11	158	149	791.266
-1.832596	1.128190	-2.288622	18	22	146	791.201
0.523599	2.863997	0.549740	163	31	26	791.185
-0.785398	2.349581	-2.702517	150	160	162	791.057
-2.879793	2.760637	2.781135	157	24	23	791.008
-2.617994	0.709924	0.218797	161	6	132	790.885
-0.523599	2.719179	-1.780644	158	146	148	790.697
2.094395	1.247695	1.809890	144	162	17	790.666
0.785398	1.325504	-1.671296	140	162	163	790.564
2.356194	2.187132	-0.479875	157	8	30	790.411
-0.785398	1.128190	-2.288622	6	155	37	790.330
-1.047198	2.979456	-1.009304	0	157	144	790.313
-1.570796	0.685216	-1.712745	1	17	132	790.260
-1.570796	2.588535	-2.976617	146	1	1	789.960
-2.094395	0.899350	-2.069907	150	9	16	789.750
2.356194	1.836682	-0.676006	156	6	28	789.716
-1.047198	1.574060	2.783565	161	161	28	789.639
0.000000	1.732874	-0.951685	143	34	145	789.366
-0.523599	1.606104	-0.451151	18	9	125	789.299
2.879793	1.413347	-1.339188	142	13	5	789.218
0.523599	2.247462	0.191623	166	26	131	789.207
0.785398	2.187132	-0.479875	167	36	166	789.049
1.570796	1.869911	2.701025	152	155	10	789.039
-1.308997	1.194549	-0.801900	2	6	119	788.919
-2.094395	1.195355	1.200319	162	41	17	788.744
1.570796	2.719179	-1.780644	15	15	138	788.650
0.523599	1.732874	-0.951685	148	162	145	788.598
2.356194	0.733948	3.021411	167	13	135	788.550
2.356194	0.203748	0.590255	140	23	14	788.542
-0.785398	1.417623	-0.202254	141	1	1	788.505
0.000000	2.180315	-1.357379	143	2	155	788.395
-2.356194	1.325504	-1.671296	16	12	135	788.386
2.094395	2.001437	0.381215	143	8	163	788.237
2.879793	2.089241	-0.114193	0	27	18	788.141
-1.570796	1.510910	-0.740472	20	160	156	787.968
-2.356194	2.001437	0.381215	1	11	130	787.607
0.785398	1.413347	-1.339188	24	11	162	787.547
0.000000	1.128190	-2.288622	152	22	8	787.541
-1.570796	1.875281	0.107086	22	153	16	787.507
0.785398	0.864993	2.278281	144	22	27	787.329
-1.308997	2.478122	2.609777	10	17	118	787.279
-2.879793	0.203748	0.590255	23	11	147	787.158
1.308997	1.014500	0.906702	152	159	155	787.146
1.047198	2.719179	-1.780644	28	22	142	787.129
-3.141593	0.591903	2.010408	13	22	137	786.978
2.356194	2.407836	1.410646	19	5	126	786.925
-1.832596	1.417623	-0.202254	148	166	22	786.912
-2.356194	2.153910	-1.714959	154	152	148	786.901
1.570796	0.203748	0.590255	148	147	2	786.894
2.094395	2.379497	0.561089	145	11	22	786.846
-3.141593	2.579248	-2.364801	156	16	128	786.538
-2.879793	1.335669	0.897240	142	146	2	786.500
-1.308997	2.063651	-2.044600	150	4	13	786.485
-1.832596	1.766067	2.153843	148	31	126	786.441
-2.879793	1.135813	-2.658866	1	23	7	786.344
-2.356194	0.203748	0.590255	151	136	163	786.301
-1.308997	1.247695	1.809890	133	27	141	786.294
-1.570796	1.367556	0.358405	159	154	144	786.099
-1.308997	1.909857	-0.381669	30	160	6	785.932
1.832596	0.080730	-2.622036	151	158	19	785.898
2.617994	2.180315	-1.357379	19	17	164	785.729
0.523599	0.899350	-2.069907	149	145	141	785.486
0.261799	2.089241	-0.114193	165	160	141	785.455
-0.261799	1.134796	2.434290	148	163	161	785.411
2.356194	1.194549	-0.801900	161	28	119	785.342
-1.047198	2.104282	-0.813972	160	30	136	785.330
1.832596	0.290380	-0.796960	166	17	34	785.171
-0.785398	1.732874	-0.951685	146	160	6	785.129
2.094395	1.599406	1.426070	26	10	134	784.981
-1.570796	2.041297	-2.664597	153	138	155	784.968
1.832596	2.984978	1.954446	163	32	31	784.942
0.000000	0.762244	-0.273349	20	146	137	784.871
0.261799	1.569311	-3.003978	164	156	143	784.699
-0.785398	1.014500	0.906702	30	1	163	784.509
1.832596	0.906588	1.252948	146	162	162	784.496
0.261799	1.128190	-2.288622	147	16	8	784.395
1.047198	1.683268	0.374177	19	160	25	784.251
0.785398	1.335669	0.897240	11	12	141	784.191
-2.879793	0.379747	-1.713059	4	28	129	784.179
2.617994	2.704512	1.488683	166	25	44	784.158
1.570796	2.349581	-2.702517	156	153	29	784.148
1.570796	2.455966	-0.641220	152	164	140	784.035
2.356194	0.379747	-1.713059	22	17	130	783.900
-2.617994	1.391910	3.030322	167	13	130	783.854
0.000000	0.960688	-0.577532	149	21	129	783.784
-1.832596	2.587733	0.232235	4	17	135	783.611
1.570796	2.587733	0.232235	158	26	33	783.529
-1.047198	2.349581	-2.702517	154	154	5	783.373
2.356194	2.984978	1.954446	159	27	20	783.289
-0.523599	2.881233	-2.582574	149	149	11	783.275
2.879793	0.418037	1.360082	24	16	142	783.230
-0.261799	1.836682	-0.676006	158	162	144	783.209
2.094395	2.863997	0.549740	25	6	131	783.088
-2.879793	2.404280	-0.174044	3	7	133	782.923
-0.785398	1.045978	0.343692	23	166	143	782.914
-0.261799	1.045978	0.343692	31	5	152	782.842
0.261799	0.674054	1.013609	18	13	141	782.796
2.094395	0.906588	1.252948	30	12	155	782.705
-3.141593	1.367556	0.358405	166	147	137	782.705
-2.617994	0.866955	-0.931351	154	20	119	782.635
1.832596	0.591903	2.010408	135	159	2	782.504
0.261799	1.875281	0.107086	4	23	130	782.483
0.261799	1.413347	-1.339188	144	159	6	782.393
-1.308997	2.180315	-1.357379	20	24	6	782.358
0.523599	1.875281	0.107086	0	20	129	782.338
-1.308997	0.496451	0.593859	13	0	137	782.290
-0.261799	0.866395	-2.492918	18	164	142	782.257
-2.617994	2.881233	-2.582574	0	28	15	782.168
-2.356194	1.025536	1.576859	145	7	155	781.966
-2.094395	1.391910	3.030322	139	160	156	781.962
0.000000	2.724429	-0.348782	155	34	141	781.883
-3.141593	0.850607	-1.335383	156	20	24	781.881
2.617994	2.379497	0.561089	158	16	134	781.727
1.570796	2.001437	0.381215	13	2	138	781.632
-0.261799	1.904882	-1.478089	145	18	149	781.631
-0.261799	2.455966	-0.641220	164	166	138	781.559
-2.356194	1.569311	-3.003978	138	163	158	781.526
2.356194	0.906588	1.252948	31	19	156	781.483
1.832596	1.134796	2.434290	146	161	162	781.463
1.047198	0.850607	-1.335383	163	12	126	781.368
-0.785398	1.683268	0.374177	137	25	150	781.197
-1.047198	0.290380	-0.796960	23	21	150	781.182
0.785398	1.184361	0.625864	10	6	139	780.995
-2.879793	1.504028	0.636812	153	18	134	780.986
-1.308997	1.335669	0.897240	27	161	19	780.838
-1.047198	0.615174	-0.666022	7	134	135	780.798
1.832596	1.555207	1.708892	150	159	15	780.791
-0.261799	1.256302	0.062705	25	7	137	780.404
-0.785398	2.579248	-2.364801	146	162	14	780.371
2.356194	0.458961	-0.107937	21	13	11	780.232
-1.308997	0.866955	-0.931351	159	151	21	780.200
1.570796	0.418037	1.360082	3	30	167	780.050
2.617994	1.510910	-0.740472	154	21	120	779.873
-2.879793	2.001437	0.381215	167	12	130	779.817
-1.832596	0.290380	-0.796960	6	11	136	779.813
1.832596	1.135813	-2.658866	150	155	161	779.752
-1.832596	1.450119	-2.739050	150	9	7	779.697
2.879793	2.456751	-1.503343	20	11	155	779.684
-2.617994	0.674054	1.013609	143	163	154	779.579
-2.356194	1.194549	-0.801900	167	24	21	779.578
0.523599	1.721184	-0.153948	166	17	129	779.499
2.094395	0.910508	1.903534	141	156	11	779.477
-0.523599	1.247695	1.809890	146	164	20	779.455
2.094395	2.664082	-1.071402	5	166	146	779.330
0.000000	2.041297	-2.664597	133	0	156	779.144
0.261799	0.615174	-0.666022	16	142	135	779.093
1.832596	1.128190	-2.288622	164	140	144	778.999
-1.047198	1.413430	2.550734	164	161	27	778.992
-2.617994	1.846342	-1.796954	23	11	131	778.752
-0.261799	1.128190	-2.288622	14	164	140	778.751
-2.617994	2.033014	2.977192	1	5	127	778.746
1.047198	1.025536	1.576859	11	24	25	778.684
-1.047198	1.256302	0.062705	142	9	167	778.681
0.261799	0.960688	-0.577532	158	154	141	778.442
2.356194	2.138223	1.678323	153	23	15	778.255
-2.617994	2.251330	-2.330739	159	152	140	778.233
2.617994	0.910508	1.903534	148	147	6	778.158
1.570796	2.063651	-2.044600	7	28	134	778.052
-2.617994	1.683268	0.374177	137	151	158	777.947
2.617994	1.741644	-2.695914	161	37	4	777.920
-2.094395	0.866955	-0.931351	151	161	22	777.687
-2.617994	1.433411	-1.035986	1	12	118	777.545
0.785398	0.290380	-0.796960	152	4	38	777.511
1.047198	2.456751	-1.503343	31	20	143	777.381
2.879793	1.909857	-0.381669	159	4	30	777.335
0.785398	0.700570	1.559208	152	30	145	777.334
1.047198	0.961715	0.014085	12	9	138	777.214
0.523599	1.846342	-1.796954	20	16	139	777.099
1.047198	1.872854	1.543456	5	163	128	776.843
-0.261799	0.615174	-0.666022	149	158	160	776.398
-0.523599	2.104282	-0.813972	161	156	147	776.359
-2.879793	2.295480	1.008277	160	15	135	776.316
-0.523599	2.704512	1.488683	11	10	140	776.293
1.570796	0.571433	-1.188419	151	25	21	776.252
-0.523599	0.615174	-0.666022	145	166	150	776.160
2.879793	1.194549	-0.801900	156	24	119	776.140
-2.879793	2.180315	-1.357379	151	162	150	776.063
-2.879793	1.325504	-1.671296	15	16	124	775.985
-2.094395	2.033014	2.977192	20	3	22	775.954
-0.785398	2.456751	-1.503343	149	149	157	775.830
-1.570796	1.982574	-1.115518	136	159	7	775.589
2.094395	1.488617	1.159546	145	166	5	775.552
1.570796	1.699788	2.452890	151	158	4	775.500
2.094395	1.413430	2.550734	156	149	15	775.374
0.785398	1.721184	-0.153948	166	16	129	775.277
1.047198	2.180315	-1.357379	11	21	140	775.182
2.094395	1.374601	-2.456031	160	148	151	775.098
2.094395	0.419640	2.974122	167	141	26	774.954
0.785398	1.450119	-2.739050	18	158	138	774.910
-3.141593	2.356369	3.005869	8	153	145	774.855
0.261799	1.135834	-1.431087	142	1	155	774.765
-2.879793	0.992645	-1.723759	14	20	127	774.675
0.785398	0.733948	3.021411	138	5	12	774.657
-1.832596	2.174483	2.653697	150	165	8	774.635
2.617994	1.824694	1.850876	1	22	29	774.375
0.523599	1.440580	2.260026	152	19	23	774.277
-0.523599	1.836682	-0.676006	14	21	10	774.218
1.570796	1.977582	0.969896	18	163	138	774.167
2.356194	1.310100	1.488307	141	164	11	774.158
1.570796	1.732874	-0.951685	147	167	145	774.048
-1.570796	2.760637	2.781135	154	153	156	773.865
1.570796	0.370812	-2.547742	153	156	22	773.701
2.094395	0.866395	-2.492918	163	167	35	773.689
2.094395	0.203748	0.590255	151	28	135	773.582
2.094395	1.256302	0.062705	12	167	142	773.459
-3.141593	2.104282	-0.813972	157	5	123	773.371
-2.356194	1.766067	2.153843	147	162	161	773.369
2.094395	2.138223	1.678323	26	164	6	773.215
-1.047198	2.041297	-2.664597	152	160	167	773.188
-1.308997	2.588535	-2.976617	148	163	159	773.172
0.785398	0.850607	-1.335383	161	12	126	773.019
-1.047198	2.343981	-1.040456	157	164	141	772.925
-0.785398	1.836682	-0.676006	142	163	2	772.840
0.261799	0.458961	-0.107937	146	21	18	772.805
-3.141593	0.992645	-1.723759	15	18	127	772.731
0.000000	1.194549	-0.801900	148	158	162	772.607
0.523599	2.478122	2.609777	154	162	140	772.305
-3.141593	2.881233	-2.582574	161	12	129	772.238
1.832596	0.297065	2.160177	21	12	139	772.112
0.523599	1.113094	-0.272241	21	16	132	772.058
-1.308997	2.187132	-0.479875	33	162	8	771.716
0.785398	2.719179	-1.780644	28	20	136	771.361
2.617994	1.554776	0.100351	4	2	41	771.277
-2.356194	1.433411	-1.035986	157	13	117	771.258
1.308997	1.766067	2.153843	150	1	19	771.089
-2.879793	2.984978	1.954446	150	23	144	770.993
2.356194	1.325504	-1.671296	11	6	122	770.961
1.570796	2.174483	2.653697	14	20	158	770.838
0.523599	1.450119	-2.739050	20	152	137	770.695
1.047198	1.488617	1.159546	12	162	140	770.569
-2.617994	2.247462	0.191623	1	6	132	769.892
-2.094395	1.982574	-1.115518	7	5	120	769.597
-2.879793	2.592629	0.909713	8	15	128	769.480
-0.523599	1.909857	-0.381669	3	24	129	769.443
1.832596	2.247462	0.191623	145	13	162	769.399
0.785398	1.574060	2.783565	152	152	38	769.334
2.356194	1.721184	-0.153948	167	13	129	769.148
0.785398	1.374601	-2.456031	143	5	4	768.717
1.308997	1.721184	-0.153948	167	17	129	768.464
0.261799	1.904882	-1.478089	144	162	157	768.353
1.570796	1.662363	0.915448	150	20	19	768.298
-1.832596	2.187132	-0.479875	18	154	142	768.195
-2.879793	1.440580	2.260026	12	16	134	768.063
-0.785398	2.343981	-1.040456	165	157	144	767.986
-3.141593	1.554776	0.100351	0	14	128	767.739
1.570796	1.214854	-1.966664	159	145	138	767.707
0.523599	1.325504	-1.671296	140	0	163	767.678
-1.047198	0.571433	-1.188419	21	13	152	767.665
1.047198	2.247462	0.191623	162	23	131	767.512
-1.047198	1.433411	-1.035986	9	40	149	767.490
2.356194	2.396274	-1.959260	19	8	159	767.277
-2.094395	1.113094	-0.272241	162	159	130	767.140
-2.356194	0.685216	-1.712745	154	12	27	767.058
-1.308997	1.904882	-1.478089	17	22	154	767.025
-0.261799	1.721184	-0.153948	156	37	129	767.008
-0.261799	2.637879	2.121598	147	20	141	766.968
-0.261799	0.571433	-1.188419	151	163	17	766.914
-0.261799	2.724429	-0.348782	164	29	9	766.832
-1.308997	2.349581	-2.702517	149	2	10	766.748
1.832596	1.194549	-0.801900	12	25	131	766.735
2.617994	1.417623	-0.202254	2	22	32	766.716
-2.356194	2.108018	1.311430	164	140	145	766.528
0.000000	1.488617	1.159546	163	8	125	766.478
-0.261799	0.864993	2.278281	158	40	149	766.418
-0.785398	0.961715	0.014085	149	163	154	766.367
1.308997	1.256302	0.062705	156	43	139	766.293
-1.570796	1.606104	-0.451151	15	14	141	766.206
-2.356194	1.998705	2.370472	153	10	16	766.114
-2.617994	1.812176	0.656819	153	15	136	766.079
-3.141593	0.571433	-1.188419	151	21	19	766.007
0.000000	0.203748	0.590255	22	20	136	765.918
0.523599	2.396274	-1.959260	148	160	20	765.899
1.570796	1.756530	-2.105156	15	34	136	765.792
-1.832596	1.696674	-1.253233	25	1	160	765.784
-1.308997	1.569311	-3.003978	165	159	32	765.744
2.617994	1.135834	-1.431087	17	9	21	765.574
-0.261799	2.719179	-1.780644	150	154	164	765.570
-2.356194	2.664082	-1.071402	6	22	137	765.507
2.879793	2.356369	3.005869	13	161	34	765.187
1.832596	2.881233	-2.582574	11	11	142	765.032
-1.047198	0.496451	0.593859	20	0	137	765.030
2.356194	0.961715	0.014085	152	166	142	764.833
2.617994	2.164094	-2.991358	4	16	134	764.726
2.879793	2.033014	2.977192	8	18	135	764.723
1.832596	1.948085	-2.363031	17	8	150	764.634
0.261799	1.301460	-0.509251	19	13	126	764.462
1.308997	0.866955	-0.931351	20	18	127	764.410
-0.785398	1.335669	0.897240	142	163	151	764.409
2.094395	1.506530	1.988858	151	159	24	764.265
2.617994	2.251330	-2.330739	161	19	133	764.251
-0.523599	0.618092	2.539118	14	157	146	764.233
2.879793	2.001437	0.381215	163	13	130	764.215
-1.570796	0.419640	2.974122	7	30	136	764.098
0.261799	2.587733	0.232235	156	33	139	764.004
-0.261799	2.760637	2.781135	160	2	140	763.953
2.617994	1.113094	-0.272241	146	30	128	763.879
1.832596	2.115563	0.685730	14	5	133	763.644
-2.094395	2.115563	0.685730	1	8	132	763.511
2.617994	2.863997	0.549740	27	13	136	763.411
-1.047198	0.762244	-0.273349	153	156	147	763.291
-0.785398	1.050534	3.042579	1	8	36	762.990
2.094395	2.299159	2.264663	14	8	146	762.791
-1.308997	1.875281	0.107086	165	28	134	762.612
0.785398	1.134497	-1.109631	154	152	147	762.598
2.617994	0.899350	-2.069907	13	156	25	762.508
-2.356194	0.914445	2.687814	167	166	36	762.420
-0.523599	1.433411	-1.035986	149	163	162	762.406
-0.523599	2.404280	-0.174044	162	28	135	762.315
-2.094395	2.455966	-0.641220	4	22	135	762.298
0.785398	1.168678	2.108595	16	21	21	761.675
0.000000	1.721184	-0.153948	163	29	4	761.578
1.047198	0.733948	3.021411	17	17	130	761.425
2.617994	2.247462	0.191623	10	25	14	761.363
-2.879793	0.496451	0.593859	2	12	38	761.164
0.523599	2.138223	1.678323	12	13	143	761.138
0.523599	0.615174	-0.666022	17	12	123	761.129
0.000000	0.961715	0.014085	26	9	138	761.110
-1.832596	0.709924	0.218797	15	24	147	761.096
2.356194	1.545873	-1.877082	18	6	21	761.023
-1.308997	2.760637	2.781135	152	154	157	760.936
-0.785398	1.555207	1.708892	22	14	14	760.923
2.617994	2.984978	1.954446	152	30	144	760.918
-1.047198	0.992645	-1.723759	18	1	153	760.841
1.570796	2.637879	2.121598	3	10	130	760.638
-1.047198	1.836682	-0.676006	159	28	134	760.574
2.879793	0.700570	1.559208	140	2	161	760.333
0.261799	1.756530	-2.105156	147	165	23	760.327
-1.308997	2.881233	-2.582574	149	24	146	760.276
-1.832596	1.413347	-1.339188	21	165	155	760.240
-2.879793	0.591903	2.010408	11	26	136	760.180
-3.141593	0.929350	-2.910676	162	21	133	760.143
0.261799	1.184361	0.625864	13	17	133	760.007
1.047198	2.001437	0.381215	22	158	18	759.910
1.308997	0.709924	0.218797	166	38	134	759.895
-0.523599	0.458961	-0.107937	14	145	141	759.835
1.832596	0.866395	-2.492918	166	133	167	759.737
2.356194	1.168678	2.108595	149	152	10	759.625
1.570796	1.310100	1.488307	14	17	16	759.578
-0.261799	2.115563	0.685730	9	17	134	759.477
2.094395	2.349581	-2.702517	167	15	132	759.361
-2.617994	2.180315	-1.357379	153	158	150	759.348
0.000000	0.080730	-2.622036	20	7	142	759.344
1.308997	2.760637	2.781135	25	8	20	759.302
2.879793	2.041297	-2.664597	9	21	9	759.180
-1.832596	1.870545	-2.976234	144	150	152	759.173
0.523599	2.724429	-0.348782	3	31	30	759.102
-1.570796	0.458961	-0.107937	24	17	3	759.009
-1.832596	0.762244	-0.273349	1	33	18	758.901
2.356194	0.960688	-0.577532	20	5	162	758.891
1.570796	2.108018	1.311430	11	163	130	758.751
0.523599	1.488617	1.159546	15	15	146	758.638
0.785398	0.419640	2.974122	19	10	136	758.448
0.000000	1.809167	1.213774	23	11	159	758.437
-1.308997	0.458961	-0.107937	147	166	161	758.433
0.000000	1.836682	-0.676006	159	151	144	758.258
-1.308997	1.824694	1.850876	24	158	22	758.212
-1.308997	1.301460	-0.509251	9	2	123	758.199
0.261799	1.982574	-1.115518	147	164	147	758.198
1.570796	0.831641	0.616218	147	9	157	757.994
1.047198	1.413430	2.550734	143	4	27	757.875
2.094395	0.571433	-1.188419	15	22	125	757.855
0.523599	1.948085	-2.363031	136	156	149	757.755
0.785398	0.080730	-2.622036	23	21	143	757.697
-1.308997	2.404280	-0.174044	17	155	141	757.554
2.356194	1.662363	0.915448	143	166	8	757.540
-2.617994	2.984978	1.954446	143	166	160	757.430
-0.261799	2.180315	-1.357379	145	6	154	757.274
-0.785398	0.850607	-1.335383	4	146	134	757.267
1.570796	1.374601	-2.456031	19	167	167	757.173
-1.308997	1.256302	0.062705	156	156	149	757.101
-0.523599	1.756530	-2.105156	157	151	1	757.092
-3.141593	1.875281	0.107086	166	0	31	757.090
0.000000	1.846342	-1.796954	146	163	155	756.759
1.047198	1.555207	1.708892	16	15	164	756.691
-0.261799	1.812176	0.656819	15	13	138	756.626
-0.523599	1.875281	0.107086	163	160	144	756.490
0.785398	2.104282	-0.813972	150	159	146	756.469
2.879793	1.195355	1.200319	23	11	140	756.423
1.308997	2.187132	-0.479875	143	13	144	756.263
-0.785398	2.592629	0.909713	16	4	146	756.152
-0.523599	0.961715	0.014085	150	160	152	756.133
-2.879793	2.664082	-1.071402	19	0	151	756.092
0.785398	1.488617	1.159546	15	14	149	756.016
-0.261799	1.756530	-2.105156	149	167	23	756.012
1.832596	2.041297	-2.664597	152	157	162	755.934
-0.523599	2.187132	-0.479875	160	32	136	755.933
-1.047198	2.073035	2.027405	156	23	119	755.926
-2.356194	2.587733	0.232235	8	2	139	755.916
2.094395	1.504028	0.636812	147	3	151	755.878
1.308997	2.407836	1.410646	0	30	13	755.826
2.094395	2.587733	0.232235	30	10	143	755.815
0.261799	2.724429	-0.348782	162	21	136	755.794
2.356194	0.619654	-2.216909	6	155	140	755.543
0.000000	1.417623	-0.202254	24	14	130	755.445
1.570796	2.153910	-1.714959	8	30	137	755.294
-1.832596	1.662363	0.915448	155	164	145	755.180
1.570796	1.846342	-1.796954	18	16	150	755.157
1.832596	0.571433	-1.188419	145	29	153	755.125
1.570796	1.948085	-2.363031	148	160	20	755.125
1.047198	1.256302	0.062705	3	12	129	755.088
1.832596	2.760637	2.781135	167	15	129	754.909
-2.617994	1.569311	-3.003978	160	160	135	754.861
1.570796	2.760637	2.781135	0	20	127	754.857
-1.308997	2.393226	1.857173	152	5	143	754.851
0.523599	0.458961	-0.107937	8	7	31	754.828
-3.141593	2.478122	2.609777	160	24	19	754.773
-1.832596	2.760637	2.781135	144	164	166	754.701
1.570796	1.242974	-2.977882	145	4	162	754.526
0.261799	0.709924	0.218797	7	4	32	754.498
-2.617994	2.478122	2.609777	156	20	22	754.473
0.261799	1.824694	1.850876	25	12	19	754.409
2.356194	2.349581	-2.702517	163	16	131	754.327
0.261799	1.872854	1.543456	19	163	157	754.268
-0.523599	2.356369	3.005869	11	14	120	754.184
-1.308997	2.637879	2.121598	5	28	118	754.115
0.785398	1.824694	1.850876	20	8	6	754.035
2.094395	1.194549	-0.801900	21	163	10	753.966
-1.570796	2.115563	0.685730	161	164	141	753.923
-1.832596	0.866395	-2.492918	145	4	14	753.876
2.617994	0.379747	-1.713059	20	21	130	753.867
-2.094395	2.247462	0.191623	3	16	132	753.483
0.261799	2.396274	-1.959260	154	9	40	753.470
1.832596	1.045978	0.343692	150	167	167	753.431
2.094395	0.762244	-0.273349	15	14	19	753.142
1.570796	2.984978	1.954446	142	17	131	753.101
-0.785398	0.899350	-2.069907	161	10	33	753.087
-0.523599	2.174483	2.653697	5	15	118	752.933
-2.356194	2.033014	2.977192	160	19	26	752.886
2.094395	1.870545	-2.976234	148	0	156	752.698
-1.047198	1.417623	-0.202254	152	165	153	752.685
-1.570796	1.683268	0.374177	158	161	141	752.477
-2.094395	1.045978	0.343692	166	34	27	752.448
-2.617994	1.617114	-1.572037	16	12	126	752.440
0.785398	1.045978	0.343692	11	17	131	752.429
1.047198	1.721184	-0.153948	163	17	129	752.423
-0.523599	1.732874	-0.951685	160	152	146	752.272
2.094395	2.063651	-2.044600	157	149	15	752.233
-2.879793	1.683268	0.374177	166	17	129	752.094
2.356194	2.041297	-2.664597	167	16	133	752.085
-3.141593	2.760637	2.781135	162	26	16	751.992
1.832596	0.709924	0.218797	18	11	162	751.921
-2.617994	1.050534	3.042579	164	18	131	751.882
-0.785398	0.831641	0.616218	26	4	145	751.843
0.000000	1.741644	-2.695914	166	158	142	751.827
-1.047198	2.455966	-0.641220	162	30	138	751.723
0.261799	0.929350	-2.910676	140	14	10	751.616
1.308997	1.325504	-1.671296	153	155	134	751.158
2.356194	1.909857	-0.381669	30	20	27	751.059
0.000000	2.579248	-2.364801	135	11	152	750.958
1.570796	1.448123	-2.163292	149	161	154	750.903
1.832596	1.184361	0.625864	24	167	159	750.892
-1.832596	1.195355	1.200319	154	153	149	750.886
-2.879793	0.929350	-2.910676	160	18	133	750.729
-1.047198	1.869911	2.701025	150	1	139	750.616
0.000000	1.510910	-0.740472	156	159	143	750.547
-1.832596	0.379747	-1.713059	166	18	133	750.484
-1.308997	1.325504	-1.671296	157	12	31	750.432
-1.047198	1.025536	1.576859	27	11	5	750.373
2.094395	1.433411	-1.035986	18	14	0	750.372
0.261799	1.869911	2.701025	4	4	118	750.061
0.785398	1.699788	2.452890	148	6	24	749.805
2.094395	2.760637	2.781135	0	13	130	749.764
0.000000	1.869911	2.701025	1	4	118	749.748
-1.047198	1.606104	-0.451151	30	164	0	749.664
2.617994	1.413347	-1.339188	152	159	160	749.658
-0.523599	1.113094	-0.272241	145	5	152	749.613
-1.570796	0.615174	-0.666022	0	158	139	749.612
0.785398	1.875281	0.107086	2	1	140	749.562
1.047198	0.910508	1.903534	146	23	30	749.397
-1.047198	2.295480	1.008277	7	9	136	749.390
0.261799	2.404280	-0.174044	152	27	138	749.269
2.879793	0.866395	-2.492918	10	156	141	749.250
1.570796	2.724429	-0.348782	152	25	29	749.051
0.785398	1.872854	1.543456	13	17	146	749.047
-1.308997	0.379747	-1.713059	13	4	142	749.021
-2.617994	0.419640	2.974122	2	149	142	748.995
-1.308997	0.762244	-0.273349	151	156	148	748.930
-1.308997	0.591903	2.010408	23	21	148	748.871
1.570796	1.325504	-1.671296	156	153	135	748.729
-2.094395	0.203748	0.590255	22	27	147	748.721
2.879793	1.310100	1.488307	16	5	29	748.596
-1.832596	1.194549	-0.801900	161	8	120	748.578
-3.141593	1.658653	-2.409879	29	11	138	748.457
0.000000	1.696674	-1.253233	149	159	154	748.418
0.523599	1.606104	-0.451151	167	26	12	748.398
0.261799	1.247695	1.809890	151	158	22	748.232
0.000000	0.370812	-2.547742	21	167	147	748.097
2.356194	1.977582	0.969896	162	151	142	747.877
-0.261799	1.732874	-0.951685	146	39	145	747.761
-2.617994	2.863997	0.549740	146	0	37	747.732
-0.261799	1.662363	0.915448	158	14	126	747.621
1.308997	1.555207	1.708892	15	166	131	747.575
0.523599	0.910508	1.903534	149	157	166	747.413
2.879793	2.637879	2.121598	154	22	19	747.223
2.094395	1.948085	-2.363031	156	149	13	747.209
1.832596	2.251330	-2.330739	13	20	140	746.847
-2.094395	0.496451	0.593859	11	6	145	746.800
1.047198	0.297065	2.160177	167	32	0	746.750
-2.356194	1.413347	-1.339188	162	19	115	746.687
-0.785398	1.662363	0.915448	28	2	21	746.539
1.047198	0.866955	-0.931351	157	151	145	746.195
1.570796	2.247462	0.191623	13	3	137	746.166
-2.617994	0.733948	3.021411	1	166	35	746.134
0.523599	0.850607	-1.335383	163	12	123	746.009
0.261799	1.812176	0.656819	12	23	133	745.929
-0.785398	1.247695	1.809890	146	0	21	745.866
-1.832596	2.979456	-1.009304	158	13	132	745.853
-1.308997	1.699788	2.452890	159	160	26	745.779
2.617994	1.846342	-1.796954	12	4	124	745.776
-2.879793	2.588535	-2.976617	164	25	15	745.742
-0.785398	1.168678	2.108595	145	166	19	745.740
-3.141593	0.297065	2.160177	11	26	140	745.676
-2.094395	2.881233	-2.582574	161	26	15	745.664
-2.879793	2.863997	0.549740	144	5	37	745.652
1.047198	1.545873	-1.877082	18	19	143	745.639
-2.879793	1.904882	-1.478089	152	162	149	745.514
0.000000	1.554776	0.100351	6	18	128	745.282
-1.047198	1.195355	1.200319	141	166	150	745.274
0.261799	0.591903	2.010408	154	32	144	745.196
1.308997	1.870545	-2.976234	150	8	12	745.138
-2.617994	1.488617	1.159546	147	157	151	745.132
-0.785398	1.998705	2.370472	159	15	117	745.090
1.570796	1.982574	-1.115518	12	18	143	745.073
1.832596	1.812176	0.656819	29	6	151	744.915
1.570796	1.555207	1.708892	159	148	144	744.903
-1.832596	2.881233	-2.582574	151	28	146	744.897
-1.832596	0.866955	-0.931351	153	159	22	744.883
1.832596	1.135834	-1.431087	8	11	119	744.562
0.000000	0.709924	0.218797	143	166	35	744.498
-2.879793	2.174483	2.653697	150	13	23	744.488
1.832596	1.050534	3.042579	151	146	163	744.412
-2.356194	2.579248	-2.364801	18	2	27	744.390
-0.523599	2.393226	1.857173	151	24	120	744.377
2.094395	2.704512	1.488683	154	12	33	744.294
2.879793	2.396274	-1.959260	21	9	7	744.292
-3.141593	2.592629	0.909713	9	13	128	744.226
1.570796	0.961715	0.014085	11	9	138	744.176
1.047198	2.984978	1.954446	162	15	128	744.149
-0.785398	0.866395	-2.492918	155	149	165	744.069
-0.261799	0.733948	3.021411	13	29	15	743.969
1.047198	1.168678	2.108595	14	22	20	743.961
1.570796	1.440580	2.260026	147	163	13	743.953
-2.094395	1.413430	2.550734	18	18	157	743.884
2.094395	0.290380	-0.796960	17	161	19	743.475
2.356194	1.413347	-1.339188	13	15	37	743.469
1.047198	1.448123	-2.163292	141	163	6	743.424
1.308997	2.979456	-1.009304	146	20	32	743.417
-1.832596	1.872854	1.543456	160	149	152	743.353
2.094395	1.195355	1.200319	33	167	162	743.318
-1.570796	2.001437	0.381215	19	154	22	743.183
-0.523599	1.554776	0.100351	2	21	128	743.166
-2.617994	2.592629	0.909713	9	17	128	743.151
-2.617994	2.379497	0.561089	2	4	134	743.135
2.617994	1.555207	1.708892	153	150	14	743.030
0.523599	1.134497	-1.109631	163	21	122	742.911
2.356194	2.089241	-0.114193	166	11	131	742.841
1.832596	0.929350	-2.910676	155	159	143	742.821
0.785398	1.756530	-2.105156	141	4	12	742.798
-1.570796	1.554776	0.100351	22	153	12	742.713
1.308997	2.108018	1.311430	7	150	135	742.669
-1.570796	2.456751	-1.503343	155	1	135	742.558
-2.356194	1.617114	-1.572037	20	6	135	742.496
2.356194	2.063651	-2.044600	20	166	6	742.346
1.047198	2.349581	-2.702517	146	161	30	742.229
-1.047198	2.396274	-1.959260	147	0	8	742.199
1.570796	0.297065	2.160177	135	11	143	742.162
0.000000	1.391910	3.030322	19	167	135	742.118
0.000000	0.297065	2.160177	160	37	140	741.972
-2.094395	2.724429	-0.348782	5	20	136	741.936
-2.617994	2.724429	-0.348782	162	162	136	741.924
0.261799	0.866395	-2.492918	136	155	153	741.389
-1.047198	1.721184	-0.153948	32	162	8	741.366
-2.356194	1.367556	0.358405	141	146	157	741.363
0.523599	2.108018	1.311430	14	13	148	741.151
1.308997	1.417623	-0.202254	167	13	128	741.124
-1.832596	1.134497	-1.109631	162	22	26	741.055
1.570796	1.050534	3.042579	146	155	164	740.995
2.879793	2.349581	-2.702517	142	159	152	740.961
-2.094395	1.977582	0.969896	10	26	125	740.908
2.356194	1.510910	-0.740472	155	24	120	740.764
-1.570796	1.846342	-1.796954	148	145	26	740.743
1.308997	1.545873	-1.877082	146	156	162	740.718
-2.356194	2.719179	-1.780644	154	9	132	740.658
-0.523599	2.247462	0.191623	16	156	141	740.589
2.094395	1.128190	-2.288622	162	148	148	740.584
2.617994	2.033014	2.977192	9	153	35	740.560
-2.094395	1.433411	-1.035986	162	10	117	740.534
-0.785398	0.674054	1.013609	26	13	145	740.497
0.261799	2.251330	-2.330739	26	10	131	740.396
-3.141593	0.496451	0.593859	16	30	11	740.354
1.832596	1.450119	-2.739050	156	150	148	740.337
0.261799	1.836682	-0.676006	150	161	148	740.280
-2.617994	1.869911	2.701025	147	11	8	739.935
2.879793	0.297065	2.160177	5	7	137	739.892
2.356194	1.214854	-1.966664	160	42	9	739.779
-2.356194	0.618092	2.539118	2	163	32	739.613
1.832596	2.404280	-0.174044	150	18	27	739.352
-0.785398	1.510910	-0.740472	145	164	8	739.228
-3.141593	2.180315	-1.357379	21	13	153	738.975
1.570796	1.736875	3.023612	14	41	141	738.970
0.523599	2.979456	-1.009304	156	148	150	738.941
0.523599	1.391910	3.030322	166	25	130	738.805
0.261799	0.619654	-2.216909	141	148	150	738.741
2.617994	0.297065	2.160177	21	26	140	738.289
1.308997	2.984978	1.954446	163	11	129	738.094
-1.047198	2.379497	0.561089	25	154	27	738.089
-3.141593	2.295480	1.008277	159	15	135	737.911
1.832596	2.393226	1.857173	164	28	17	737.824
0.523599	0.961715	0.014085	28	13	146	737.762
1.308997	1.301460	-0.509251	12	30	126	737.740
2.094395	1.699788	2.452890	159	158	35	737.714
-0.261799	0.496451	0.593859	5	5	34	737.704
-1.308997	2.089241	-0.114193	161	28	136	737.531
1.832596	2.664082	-1.071402	2	0	143	737.289
-1.308997	0.866395	-2.492918	9	29	4	737.273
1.832596	1.488617	1.159546	24	167	143	737.248
-0.261799	1.168678	2.108595	143	148	7	737.181
1.570796	0.419640	2.974122	21	23	136	737.115
1.047198	1.977582	0.969896	17	154	15	737.088
-2.879793	1.909857	-0.381669	4	13	129	736.986
-1.308997	2.299159	2.264663	2	20	117	736.922
-0.785398	0.370812	-2.547742	147	28	2	736.883
0.000000	0.619654	-2.216909	23	15	141	736.792
2.879793	2.579248	-2.364801	157	20	128	736.703
-2.356194	1.574060	2.783565	24	165	10	736.631
2.617994	1.214854	-1.966664	155	41	8	736.612
2.879793	2.299159	2.264663	154	19	20	736.444
0.261799	0.685216	-1.712745	152	15	30	736.352
2.356194	0.640596	-2.797608	160	167	34	736.284
-2.617994	2.295480	1.008277	166	141	143	736.154
2.879793	0.762244	-0.273349	9	23	17	736.141
-0.523599	0.571433	-1.188419	150	165	15	736.095
-1.308997	1.413430	2.550734	163	158	27	736.004
-1.570796	2.187132	-0.479875	29	157	9	735.877
-2.617994	1.662363	0.915448	161	141	144	735.858
2.356194	0.297065	2.160177	23	21	140	735.843
-2.617994	1.367556	0.358405	159	18	12	735.695
2.356194	1.450119	-2.739050	9	30	138	735.675
-1.570796	2.455966	-0.641220	161	28	139	735.609
-2.617994	0.297065	2.160177	155	154	19	735.507
-2.094395	1.662363	0.915448	155	153	147	735.471
-0.261799	0.419640	2.974122	163	24	135	735.465
-0.261799	1.574060	2.783565	17	22	15	735.354
0.261799	1.870545	-2.976234	0	158	138	735.176
-0.785398	2.407836	1.410646	17	15	138	735.093
1.570796	1.391910	3.030322	156	145	31	735.023
-0.785398	1.904882	-1.478089	150	164	157	734.978
2.879793	2.979456	-1.009304	17	8	148	734.832
-3.141593	1.809167	1.213774	146	154	154	734.796
2.094395	1.417623	-0.202254	11	8	139	734.720
2.879793	0.674054	1.013609	24	8	147	734.704
2.356194	0.700570	1.559208	137	157	5	734.556
-3.141593	0.899350	-2.069907	25	13	137	734.457
1.570796	1.599406	1.426070	18	152	141	734.414
0.261799	0.640596	-2.797608	19	12	135	734.039
-2.617994	2.174483	2.653697	9	4	129	733.898
2.879793	0.571433	-1.188419	9	9	134	733.888
2.617994	1.662363	0.915448	144	155	3	733.872
-0.523599	1.367556	0.358405	6	24	124	733.840
-0.785398	1.506530	1.988858	18	15	37	733.839
-2.094395	1.545873	-1.877082	25	20	160	733.750
-0.261799	0.370812	-2.547742	155	15	132	733.676
1.570796	1.875281	0.107086	164	13	130	733.667
-2.879793	0.619654	-2.216909	16	19	130	733.541
1.308997	1.836682	-0.676006	20	156	161	733.478
-0.785398	1.554776	0.100351	138	4	16	733.407
2.356194	2.247462	0.191623	9	22	16	733.383
-1.570796	2.343981	-1.040456	154	8	140	733.379
2.617994	0.640596	-2.797608	163	166	34	733.333
2.879793	1.756530	-2.105156	25	2	139	733.267
0.261799	1.574060	2.783565	18	4	129	733.108
0.785398	2.407836	1.410646	156	5	28	733.063
1.832596	2.356369	3.005869	18	12	12	733.015
1.308997	1.367556	0.358405	3	14	131	732.727
-2.356194	1.050534	3.042579	13	19	139	732.696
0.000000	1.606104	-0.451151	19	17	125	732.670
-2.879793	2.115563	0.685730	162	141	144	732.604
0.523599	0.914445	2.687814	143	20	24	732.544
1.308997	2.180315	-1.357379	13	24	140	732.537
-2.879793	2.247462	0.191623	136	155	153	732.450
-0.261799	2.979456	-1.009304	151	28	143	732.327
1.570796	1.025536	1.576859	25	3	141	732.305
0.523599	1.872854	1.543456	0	165	129	732.235
-0.785398	2.393226	1.857173	0	25	120	732.220
-0.261799	1.488617	1.159546	161	10	125	732.201
-0.261799	1.875281	0.107086	8	21	130	732.111
-2.356194	2.393226	1.857173	145	8	166	732.073
0.785398	2.478122	2.609777	20	12	163	731.901
2.617994	0.864993	2.278281	19	7	21	731.846
2.356194	2.579248	-2.364801	20	11	9	731.743
0.261799	2.407836	1.410646	7	10	140	731.670
2.094395	1.510910	-0.740472	10	4	140	731.646
1.047198	2.637879	2.121598	0	10	129	731.534
-0.785398	1.599406	1.426070	22	9	26	731.529
2.356194	1.128190	-2.288622	159	43	5	731.453
-0.261799	0.762244	-0.273349	153	18	124	731.409
-3.141593	1.909857	-0.381669	159	3	32	731.377
-0.261799	2.349581	-2.702517	134	9	157	731.322
2.879793	1.135834	-1.431087	19	11	19	731.277
1.047198	1.846342	-1.796954	11	17	140	731.212
-3.141593	0.906588	1.252948	4	18	32	731.122
1.047198	1.506530	1.988858	154	17	26	731.111
-1.308997	0.080730	-2.622036	157	33	133	731.058
2.617994	0.458961	-0.107937	157	166	140	731.039
1.308997	0.458961	-0.107937	0	13	34	731.033
-1.047198	1.325504	-1.671296	151	166	12	731.005
-0.523599	2.349581	-2.702517	137	15	157	730.885
-0.785398	2.001437	0.381215	6	15	131	730.849
-0.261799	2.174483	2.653697	158	157	141	730.802
-2.094395	1.875281	0.107086	3	12	129	730.747
-3.141593	1.510910	-0.740472	23	11	5	730.727
-2.356194	0.458961	-0.107937	155	21	2	730.684
-1.047198	1.504028	0.636812	29	163	14	730.664
-3.141593	1.846342	-1.796954	17	2	129	730.588
-1.047198	2.719179	-1.780644	151	27	145	730.573
0.785398	1.545873	-1.877082	143	161	138	730.552
-0.523599	0.709924	0.218797	151	166	38	730.520
1.570796	2.073035	2.027405	152	0	21	730.516
0.523599	1.448123	-2.163292	143	150	143	730.463
-3.141593	1.766067	2.153843	150	13	20	730.322
-1.832596	0.961715	0.014085	159	31	19	730.246
0.000000	1.367556	0.358405	10	16	130	730.186
-3.141593	2.089241	-0.114193	163	2	31	730.098
2.617994	1.766067	2.153843	26	9	4	729.962
0.261799	1.736875	3.023612	21	8	131	729.927
-2.094395	2.760637	2.781135	158	136	158	729.885
0.000000	1.195355	1.200319	159	149	24	729.734
-0.785398	2.247462	0.191623	18	154	141	729.607
0.000000	1.756530	-2.105156	148	166	23	729.503
-3.141593	1.696674	-1.253233	19	1	149	729.359
0.261799	2.164094	-2.991358	166	162	137	729.278
-1.832596	1.113094	-0.272241	3	158	136	729.268
2.617994	0.618092	2.539118	9	1	140	729.240
-3.141593	0.960688	-0.577532	14	18	130	729.216
-0.785398	1.809167	1.213774	17	10	27	729.202
0.523599	2.299159	2.264663	147	159	6	729.193
-1.570796	1.741644	-2.695914	9	5	134	729.066
-0.785398	0.619654	-2.216909	158	150	1	728.891
1.308997	1.413430	2.550734	146	0	27	728.826
2.356194	2.115563	0.685730	30	14	141	728.803
2.094395	1.846342	-1.796954	19	162	7	728.776
-2.879793	1.658653	-2.409879	143	27	10	728.775
-1.047198	1.696674	-1.253233	9	39	157	728.575
-2.094395	1.448123	-2.163292	148	12	14	728.505
0.261799	1.696674	-1.253233	145	163	152	728.391
1.308997	2.251330	-2.330739	145	160	22	728.268
-0.523599	1.050534	3.042579	0	10	37	728.113
-1.570796	1.242974	-2.977882	19	29	22	727.949
1.047198	2.153910	-1.714959	31	20	146	727.909
2.356194	1.134497	-1.109631	1	25	117	727.846
-2.094395	2.356369	3.005869	10	12	35	727.841
-0.523599	1.045978	0.343692	26	2	144	727.723
-2.617994	1.658653	-2.409879	140	20	10	727.716
-2.617994	0.615174	-0.666022	148	18	123	727.664
-2.617994	1.574060	2.783565	167	13	124	727.614
-1.308997	1.168678	2.108595	134	1	144	727.569
1.832596	2.001437	0.381215	17	5	138	727.526
2.094395	2.881233	-2.582574	26	5	18	727.293
-1.570796	2.393226	1.857173	159	161	143	727.127
-2.617994	2.138223	1.678323	146	159	8	727.079
-1.047198	1.168678	2.108595	25	18	31	726.951
-1.570796	1.824694	1.850876	18	14	147	726.706
-2.617994	1.904882	-1.478089	145	26	144	726.432
-2.879793	2.979456	-1.009304	18	2	152	726.343
2.879793	2.180315	-1.357379	19	3	154	726.218
1.570796	1.504028	0.636812	156	36	19	726.214
2.879793	2.881233	-2.582574	161	19	128	726.188
0.000000	0.640596	-2.797608	140	17	6	725.999
2.879793	1.998705	2.370472	152	18	21	725.894
2.094395	2.115563	0.685730	153	23	134	725.659
-1.308997	0.290380	-0.796960	23	16	150	725.609
0.000000	0.866395	-2.492918	133	165	152	725.594
-1.832596	2.001437	0.381215	1	16	131	725.449
-1.308997	1.504028	0.636812	141	24	19	725.374
-0.261799	1.113094	-0.272241	20	3	132	725.347
-2.617994	0.910508	1.903534	149	150	10	725.093
2.617994	0.571433	-1.188419	4	24	124	724.937
-2.094395	2.664082	-1.071402	6	23	136	724.896
1.308997	2.637879	2.121598	4	149	34	724.755
-1.308997	1.836682	-0.676006	14	1	125	724.686
2.094395	1.836682	-0.676006	1	3	134	724.662
-2.879793	1.948085	-2.363031	31	13	142	724.498
1.832596	1.872854	1.543456	19	4	128	724.480
-1.047198	2.356369	3.005869	3	140	19	724.376
0.785398	0.992645	-1.723759	12	31	15	724.173
1.308997	2.579248	-2.364801	146	160	28	724.155
1.308997	1.846342	-1.796954	20	30	140	724.149
-2.356194	1.658653	-2.409879	132	163	154	723.873
-2.356194	1.488617	1.159546	146	157	4	723.798
2.094395	2.984978	1.954446	165	28	13	723.406
0.261799	0.618092	2.539118	147	30	19	723.346
-1.047198	0.961715	0.014085	156	155	145	723.317
1.570796	2.404280	-0.174044	29	5	148	723.289
1.047198	1.433411	-1.035986	154	152	147	723.289
0.261799	2.073035	2.027405	18	15	149	723.237
1.308997	2.455966	-0.641220	6	17	137	723.152
2.617994	0.700570	1.559208	22	13	137	723.049
0.000000	0.700570	1.559208	3	163	134	722.992
2.617994	2.587733	0.232235	160	13	134	722.960
-1.308997	1.374601	-2.456031	157	154	32	722.947
0.261799	1.195355	1.200319	0	2	127	722.740
-2.094395	0.458961	-0.107937	155	20	3	722.695
1.832596	1.554776	0.100351	4	9	134	722.623
-1.308997	1.448123	-2.163292	11	3	141	722.547
-0.785398	1.504028	0.636812	31	1	14	722.498
2.879793	1.510910	-0.740472	154	20	120	722.495
-1.308997	1.510910	-0.740472	24	163	163	722.461
-1.308997	1.450119	-2.739050	156	152	25	722.435
2.879793	2.863997	0.549740	23	1	138	722.367
-1.570796	2.592629	0.909713	8	4	137	722.310
-1.570796	1.325504	-1.671296	164	27	16	722.293
2.879793	2.478122	2.609777	159	24	23	722.264
0.523599	1.545873	-1.877082	148	155	133	722.263
2.094395	2.153910	-1.714959	2	32	136	722.114
1.832596	2.592629	0.909713	4	5	127	722.094
1.832596	2.349581	-2.702517	161	151	29	722.043
-3.141593	2.349581	-2.702517	16	158	27	722.040
1.570796	1.194549	-0.801900	155	26	130	722.011
1.832596	2.295480	1.008277	153	32	140	722.007
-1.047198	0.914445	2.687814	12	11	140	721.953
0.523599	0.640596	-2.797608	21	16	135	721.826
-2.617994	0.850607	-1.335383	151	11	27	721.770
-1.832596	1.569311	-3.003978	16	24	145	721.763
1.832596	2.455966	-0.641220	21	154	148	721.752
-2.617994	1.413430	2.550734	2	19	124	721.580
-1.308997	2.456751	-1.503343	149	15	20	721.476
0.523599	2.073035	2.027405	17	18	150	721.388
0.261799	0.290380	-0.796960	6	7	130	721.307
-1.308997	1.741644	-2.695914	17	31	6	721.123
-3.141593	1.870545	-2.976234	150	24	17	720.934
1.570796	1.433411	-1.035986	154	166	134	720.862
-1.047198	2.637879	2.121598	1	28	118	720.802
-2.617994	2.979456	-1.009304	7	20	137	720.781
-2.356194	1.732874	-0.951685	9	6	122	720.673
-3.141593	1.195355	1.200319	143	149	7	720.654
-2.094395	2.478122	2.609777	155	146	157	720.644
1.308997	0.619654	-2.216909	147	19	142	720.506
2.617994	2.349581	-2.702517	144	163	145	720.496
-1.047198	0.910508	1.903534	132	165	152	720.423
-2.094395	1.504028	0.636812	150	2	35	720.381
-1.570796	1.699788	2.452890	148	156	144	720.354
-0.785398	1.135834	-1.431087	149	166	13	720.354
-1.047198	1.554776	0.100351	156	161	147	720.312
-2.094395	1.256302	0.062705	162	25	131	720.255
-2.094395	1.998705	2.370472	148	163	163	720.160
1.308997	2.001437	0.381215	4	2	133	720.149
0.523599	2.041297	-2.664597	25	163	139	720.104
-0.785398	1.113094	-0.272241	15	18	29	720.039
0.261799	0.906588	1.252948	19	22	140	720.034
-0.523599	2.979456	-1.009304	153	30	143	719.930
-2.617994	2.588535	-2.976617	162	25	19	719.906
-2.879793	0.618092	2.539118	8	10	139	719.866
1.570796	2.295480	1.008277	15	165	131	719.846
-2.879793	0.615174	-0.666022	12	161	142	719.584
-1.570796	2.478122	2.609777	148	160	2	719.560
1.570796	0.591903	2.010408	29	11	18	719.331
1.308997	1.982574	-1.115518	14	23	144	719.269
1.047198	2.073035	2.027405	18	13	4	719.243
-1.047198	2.089241	-0.114193	162	26	134	719.232
-2.617994	2.089241	-0.114193	4	11	130	719.200
-2.617994	1.599406	1.426070	6	148	21	719.112
-0.523599	1.184361	0.625864	134	164	8	719.035
-2.617994	1.824694	1.850876	147	161	5	718.808
-2.879793	1.875281	0.107086	2	10	130	718.775
-1.047198	1.214854	-1.966664	18	3	152	718.746
2.617994	1.696674	-1.253233	148	17	6	718.728
0.523599	2.187132	-0.479875	160	20	131	718.662
-0.785398	1.310100	1.488307	25	13	22	718.595
-1.047198	1.756530	-2.105156	18	9	161	718.527
-0.523599	0.850607	-1.335383	150	167	16	718.486
2.879793	1.050534	3.042579	15	20	10	718.375
0.523599	1.413347	-1.339188	26	9	161	718.115
1.570796	2.089241	-0.114193	163	11	131	718.114
0.523599	2.164094	-2.991358	164	163	139	718.107
-0.523599	2.760637	2.781135	12	21	120	718.062
-0.261799	0.709924	0.218797	149	150	2	718.046
-2.617994	1.194549	-0.801900	161	15	119	717.880
2.094395	1.875281	0.107086	33	7	5	717.825
2.356194	2.001437	0.381215	13	20	17	717.711
1.832596	1.247695	1.809890	146	166	165	717.435
-2.879793	0.960688	-0.577532	149	15	122	717.351
2.879793	0.906588	1.252948	23	12	142	717.247
1.308997	1.310100	1.488307	149	164	10	717.229
-2.617994	1.134796	2.434290	6	22	133	717.166
1.832596	0.379747	-1.713059	154	33	17	717.156
-3.141593	2.063651	-2.044600	23	167	137	717.139
0.000000	2.001437	0.381215	150	19	7	716.996
-2.356194	2.637879	2.121598	147	161	155	716.958
0.000000	2.174483	2.653697	0	11	116	716.904
-1.047198	0.700570	1.559208	26	17	152	716.852
0.000000	1.504028	0.636812	30	162	163	716.777
-2.879793	1.809167	1.213774	24	18	143	716.762
-0.523599	2.588535	-2.976617	163	145	9	716.727
2.094395	0.080730	-2.622036	167	11	133	716.687
1.570796	1.741644	-2.695914	149	153	161	716.620
