112	1.2	0
-2.617994	1.554776	0.100351
-1.271037	0.957302	1.212961
../6s44_monomer_m.pdb	-305.353	125.278	185.491
../6s44_monomer_m.pdb	223.533	160.777	261.895
0.785398	0.674054	1.013609	94	0	101	1044.105
-0.523599	1.391910	3.030322	17	0	95	1012.346
-3.141593	0.899350	-2.069907	97	105	110	1009.500
1.047198	0.496451	0.593859	95	110	101	986.802
1.308997	0.709924	0.218797	93	110	105	974.846
-2.879793	1.812176	0.656819	101	109	101	973.129
-0.523599	1.699788	2.452890	101	102	100	964.874
-3.141593	0.906588	1.252948	16	1	94	940.489
-3.141593	0.419640	2.974122	101	107	96	925.855
-2.879793	0.899350	-2.069907	99	104	110	913.971
-1.308997	2.455966	-0.641220	97	104	104	901.675
1.047198	0.831641	0.616218	92	0	105	896.236
2.617994	0.370812	-2.547742	100	107	95	893.062
-1.047198	2.404280	-0.174044	84	14	102	888.817
2.617994	1.135834	-1.431087	94	107	5	886.500
-1.047198	2.187132	-0.479875	97	101	107	886.201
-2.879793	1.325504	-1.671296	98	105	7	884.169
2.617994	0.619654	-2.216909	97	105	100	869.074
1.308997	1.413430	2.550734	110	10	93	868.871
1.832596	2.637879	2.121598	96	103	12	864.283
-0.523599	1.510910	-0.740472	9	8	15	863.727
-0.785398	1.699788	2.452890	98	103	100	854.880
2.879793	0.700570	1.559208	16	89	97	853.060
1.570796	1.836682	-0.676006	16	22	3	852.369
2.356194	0.418037	1.360082	13	90	97	846.691
1.570796	0.458961	-0.107937	95	107	106	845.995
-2.879793	1.014500	0.906702	19	1	95	842.703
2.356194	0.379747	-1.713059	97	108	98	840.191
-3.141593	0.992645	-1.723759	96	104	1	838.513
2.879793	0.640596	-2.797608	101	104	98	838.159
-3.141593	1.545873	-1.877082	95	108	8	835.479
0.261799	0.419640	2.974122	14	99	95	834.481
1.308997	0.762244	-0.273349	94	1	98	826.187
-2.879793	1.756530	-2.105156	95	107	6	825.975
2.356194	0.370812	-2.547742	99	108	95	823.047
-0.523599	1.732874	-0.951685	9	6	16	822.390
-3.141593	1.325504	-1.671296	94	107	6	818.938
-3.141593	1.218453	2.777284	95	1	99	817.587
-1.047198	0.297065	2.160177	103	1	95	816.711
-0.785398	1.569311	-3.003978	22	110	98	815.878
1.570796	2.187132	-0.479875	101	1	99	813.523
2.879793	0.992645	-1.723759	94	106	3	810.360
2.617994	2.356369	3.005869	89	1	2	808.590
2.094395	0.379747	-1.713059	97	109	98	808.498
-3.141593	0.370812	-2.547742	100	107	97	807.461
1.570796	2.984978	1.954446	99	104	15	807.079
-2.879793	1.617114	-1.572037	98	106	10	806.018
-1.047198	0.864993	2.278281	20	111	95	805.076
1.832596	0.762244	-0.273349	91	110	4	804.951
2.879793	1.413347	-1.339188	92	111	10	802.505
-2.879793	1.846342	-1.796954	94	108	9	802.368
2.094395	0.960688	-0.577532	91	109	6	802.016
-1.570796	2.001437	0.381215	17	22	5	799.334
1.570796	1.113094	-0.272241	106	92	3	797.546
0.785398	2.393226	1.857173	100	104	106	796.792
1.047198	0.762244	-0.273349	93	4	98	795.492
2.094395	0.290380	-0.796960	95	108	103	794.381
-1.570796	2.719179	-1.780644	2	100	16	792.518
-1.832596	2.153910	-1.714959	85	8	109	792.335
2.094395	0.685216	-1.712745	94	109	99	791.781
2.879793	1.135834	-1.431087	94	106	5	791.244
2.879793	2.379497	0.561089	93	3	106	791.057
0.523599	2.456751	-1.503343	90	11	111	790.864
2.094395	0.418037	1.360082	12	91	98	789.949
1.832596	0.960688	-0.577532	90	1	6	789.487
-2.879793	1.128190	-2.288622	98	104	111	788.055
-0.261799	1.391910	3.030322	16	1	95	785.587
2.356194	0.700570	1.559208	15	99	96	785.443
2.094395	2.187132	-0.479875	1	10	18	785.409
0.261799	1.134796	2.434290	12	6	93	785.163
2.879793	1.736875	3.023612	90	6	103	784.881
-3.141593	0.685216	-1.712745	96	105	111	783.765
0.523599	2.153910	-1.714959	88	11	109	782.947
-3.141593	1.617114	-1.572037	94	108	10	782.542
2.356194	1.555207	1.708892	90	111	105	779.549
1.047198	0.906588	1.252948	110	13	92	779.157
-2.094395	2.180315	-1.357379	98	0	14	778.708
1.570796	0.615174	-0.666022	96	111	95	777.373
2.617994	1.766067	2.153843	101	93	2	777.318
1.047198	1.732874	-0.951685	99	3	97	776.877
-2.094395	2.396274	-1.959260	86	13	103	776.714
2.356194	2.174483	2.653697	88	2	111	775.461
0.261799	1.374601	-2.456031	90	12	6	774.323
1.308997	2.979456	-1.009304	92	2	2	772.956
2.356194	1.870545	-2.976234	90	107	10	772.635
1.308997	0.615174	-0.666022	96	0	95	771.365
-0.523599	1.433411	-1.035986	3	19	16	771.351
1.308997	0.458961	-0.107937	96	108	103	770.982
2.879793	0.619654	-2.216909	99	104	102	769.361
-0.523599	1.413430	2.550734	100	101	104	769.240
-2.879793	1.214854	-1.966664	99	103	2	769.000
-2.879793	0.419640	2.974122	104	107	95	767.995
1.832596	1.113094	-0.272241	91	111	9	766.972
-2.879793	1.506530	1.988858	22	4	97	766.618
2.356194	0.685216	-1.712745	95	106	100	765.721
1.570796	0.571433	-1.188419	95	111	97	764.370
2.356194	2.478122	2.609777	88	2	2	763.530
-0.785398	2.187132	-0.479875	4	0	21	763.452
-2.879793	1.683268	0.374177	103	109	98	762.231
1.047198	0.290380	-0.796960	98	0	96	760.168
2.617994	0.850607	-1.335383	94	106	1	759.848
2.617994	1.870545	-2.976234	94	105	11	759.353
1.308997	0.960688	-0.577532	92	1	100	756.232
-2.879793	1.545873	-1.877082	95	106	5	755.936
-3.141593	0.733948	3.021411	103	103	97	754.946
-1.832596	1.045978	0.343692	101	0	99	751.529
-2.356194	1.948085	-2.363031	101	9	93	751.370
-2.617994	1.545873	-1.877082	98	105	6	751.338
-2.879793	2.881233	-2.582574	101	102	13	751.324
0.523599	0.899350	-2.069907	97	105	100	751.005
-0.523599	2.115563	0.685730	89	5	93	750.730
-2.879793	0.733948	3.021411	105	103	97	750.540
1.832596	0.379747	-1.713059	98	0	93	750.119
-3.141593	1.135834	-1.431087	95	108	8	749.936
-2.879793	1.195355	1.200319	97	0	99	749.684
-1.047198	1.869911	2.701025	96	103	99	749.489
-0.785398	2.664082	-1.071402	110	107	18	748.685
0.523599	0.674054	1.013609	93	1	102	748.080
-2.617994	0.080730	-2.622036	100	110	96	748.059
1.047198	2.637879	2.121598	101	104	103	747.676
1.308997	1.732874	-0.951685	9	11	90	747.394
0.785398	0.203748	0.590255	97	109	99	747.281
-1.570796	0.370812	-2.547742	99	108	16	745.855
2.617994	0.080730	-2.622036	102	110	93	745.771
-3.141593	2.251330	-2.330739	93	4	11	745.638
2.617994	0.640596	-2.797608	99	106	94	745.546
0.261799	1.824694	1.850876	102	99	110	745.492
-2.879793	1.872854	1.543456	20	92	106	745.175
2.094395	1.574060	2.783565	24	0	100	744.653
-0.261799	1.218453	2.777284	14	1	95	744.547
-1.570796	0.419640	2.974122	105	110	93	744.456
2.879793	0.733948	3.021411	101	103	96	744.413
2.617994	0.906588	1.252948	14	90	99	744.162
2.617994	1.869911	2.701025	99	96	110	744.128
2.356194	1.574060	2.783565	25	2	100	744.032
2.617994	1.721184	-0.153948	9	0	16	743.824
-0.261799	2.153910	-1.714959	5	13	17	743.257
-3.141593	1.846342	-1.796954	91	111	9	742.732
1.047198	2.704512	1.488683	95	108	16	742.678
-1.570796	2.979456	-1.009304	102	106	19	741.252
-1.308997	0.290380	-0.796960	94	102	0	739.850
0.000000	0.733948	3.021411	11	94	95	739.591
2.356194	2.033014	2.977192	92	110	14	739.548
-2.879793	0.619654	-2.216909	97	106	106	739.259
2.356194	1.135834	-1.431087	92	109	5	739.161
-0.523599	1.824694	1.850876	105	107	86	738.983
1.832596	0.850607	-1.335383	92	109	103	738.788
2.356194	0.866955	-0.931351	92	109	7	737.711
-3.141593	1.824694	1.850876	94	108	103	737.675
1.308997	1.909857	-0.381669	103	6	95	736.425
-1.308997	1.812176	0.656819	18	25	3	736.373
-2.356194	2.704512	1.488683	97	108	7	736.300
-1.832596	2.863997	0.549740	12	22	9	736.047
1.047198	2.343981	-1.040456	1	11	19	735.347
-1.308997	1.554776	0.100351	21	16	12	735.298
-2.356194	2.138223	1.678323	22	97	108	735.132
-1.570796	2.379497	0.561089	14	23	6	734.984
2.879793	0.864993	2.278281	8	5	91	734.181
-3.141593	1.391910	3.030322	94	0	102	734.120
-0.785398	0.591903	2.010408	104	5	93	732.730
1.047198	0.203748	0.590255	99	107	99	732.117
1.832596	1.374601	-2.456031	89	104	100	731.790
-3.141593	2.063651	-2.044600	93	4	11	731.519
-1.832596	2.001437	0.381215	18	20	5	730.465
0.785398	0.709924	0.218797	96	5	97	729.570
0.000000	1.506530	1.988858	101	100	107	729.375
-2.617994	1.909857	-0.381669	88	2	100	728.688
-3.141593	1.413347	-1.339188	95	108	11	728.667
0.523599	1.194549	-0.801900	105	105	99	728.576
0.523599	0.906588	1.252948	94	2	101	728.496
-1.308997	0.618092	2.539118	105	3	92	728.491
-2.617994	0.619654	-2.216909	98	104	110	728.163
2.356194	0.619654	-2.216909	96	107	99	728.055
-1.832596	2.379497	0.561089	16	23	4	728.039
-0.523599	1.218453	2.777284	19	6	94	728.036
1.308997	1.135834	-1.431087	9	26	111	728.031
-1.832596	0.619654	-2.216909	96	111	17	727.649
-2.879793	2.063651	-2.044600	95	1	12	727.368
-2.617994	2.881233	-2.582574	104	102	13	727.095
-3.141593	0.864993	2.278281	106	99	97	726.750
1.308997	0.297065	2.160177	12	94	95	726.595
-1.047198	2.153910	-1.714959	89	102	3	726.235
-1.308997	0.640596	-2.797608	97	106	14	726.084
-2.617994	1.448123	-2.163292	97	105	3	725.867
2.879793	1.574060	2.783565	94	3	100	725.527
0.000000	1.824694	1.850876	98	101	109	725.397
-2.879793	2.295480	1.008277	92	1	111	725.393
2.617994	0.571433	-1.188419	94	106	110	724.897
0.261799	1.545873	-1.877082	97	108	96	724.797
1.570796	0.960688	-0.577532	92	111	100	724.172
-0.261799	2.393226	1.857173	0	5	85	723.579
-0.261799	1.440580	2.260026	98	101	107	723.223
0.000000	1.699788	2.452890	102	101	103	723.184
0.261799	1.448123	-2.163292	87	12	0	722.904
1.308997	2.719179	-1.780644	10	25	7	721.943
2.617994	1.025536	1.576859	14	91	98	721.759
-2.356194	1.721184	-0.153948	86	1	103	721.661
-2.617994	1.134796	2.434290	17	9	92	721.469
-0.261799	1.050534	3.042579	15	110	94	720.186
-1.832596	1.732874	-0.951685	3	106	17	720.010
-1.832596	0.762244	-0.273349	90	0	103	719.773
1.570796	0.866955	-0.931351	91	17	9	719.644
-0.261799	1.506530	1.988858	98	101	107	719.634
2.094395	0.619654	-2.216909	96	108	96	718.843
2.617994	1.606104	-0.451151	90	102	102	718.081
2.879793	2.033014	2.977192	98	105	14	717.984
0.000000	1.440580	2.260026	101	100	107	717.963
1.570796	0.418037	1.360082	111	7	88	717.850
-2.617994	2.592629	0.909713	97	105	5	717.700
-1.570796	2.664082	-1.071402	107	106	19	717.124
-2.617994	2.063651	-2.044600	99	8	93	717.062
-3.141593	1.506530	1.988858	21	2	97	716.075
-0.785398	0.297065	2.160177	102	2	93	715.812
-2.094395	1.045978	0.343692	99	1	99	715.277
-1.832596	2.456751	-1.503343	109	104	17	714.971
0.785398	1.732874	-0.951685	99	5	97	714.551
-1.832596	0.419640	2.974122	102	0	93	714.310
2.356194	1.606104	-0.451151	88	106	101	713.931
2.356194	0.290380	-0.796960	94	108	106	713.915
2.094395	1.113094	-0.272241	92	107	8	713.762
-0.261799	1.982574	-1.115518	2	9	90	712.953
0.785398	2.180315	-1.357379	2	18	17	712.599
-2.617994	2.396274	-1.959260	92	1	9	712.224
-0.523599	2.073035	2.027405	109	109	86	711.996
-0.523599	1.134796	2.434290	16	7	94	711.833
-2.356194	2.456751	-1.503343	97	108	100	711.599
2.879793	0.866395	-2.492918	101	100	105	711.396
-2.094395	1.948085	-2.363031	99	9	93	711.293
-2.356194	2.073035	2.027405	22	95	105	711.271
2.617994	1.050534	3.042579	100	97	102	711.145
1.570796	1.168678	2.108595	111	5	92	710.933
2.617994	0.379747	-1.713059	101	104	101	710.875
-1.308997	1.417623	-0.202254	3	14	94	710.830
-2.879793	1.025536	1.576859	98	109	99	710.429
2.617994	2.001437	0.381215	93	6	104	710.381
-2.356194	2.396274	-1.959260	101	4	91	710.224
-2.879793	0.080730	-2.622036	100	110	97	710.111
-1.047198	2.104282	-0.813972	7	109	19	709.630
-2.879793	1.909857	-0.381669	88	7	100	709.604
0.261799	2.001437	0.381215	96	16	20	709.525
2.356194	1.506530	1.988858	91	111	103	709.140
-2.617994	1.846342	-1.796954	97	106	8	708.845
-0.261799	0.685216	-1.712745	97	99	105	708.696
2.879793	1.440580	2.260026	104	93	109	708.608
2.617994	1.367556	0.358405	87	107	102	708.137
2.879793	1.168678	2.108595	10	1	93	707.402
-1.832596	2.247462	0.191623	20	18	7	706.840
-0.785398	2.404280	-0.174044	82	10	102	706.470
2.094395	0.762244	-0.273349	93	106	4	706.451
2.356194	0.674054	1.013609	11	88	100	706.267
0.523599	2.180315	-1.357379	90	13	108	706.069
-1.047198	1.736875	3.023612	19	102	98	705.803
-1.570796	1.504028	0.636812	20	18	11	705.631
0.523599	0.419640	2.974122	15	102	94	705.587
-0.523599	1.050534	3.042579	17	110	94	705.484
-0.785398	0.910508	1.903534	19	2	95	705.227
-0.261799	0.615174	-0.666022	17	27	105	704.773
-2.879793	2.396274	-1.959260	94	5	13	704.669
-0.523599	1.440580	2.260026	99	101	103	704.354
0.000000	1.374601	-2.456031	90	15	5	704.161
-2.879793	1.247695	1.809890	22	96	99	704.137
2.356194	0.960688	-0.577532	93	105	5	703.660
-2.617994	1.440580	2.260026	19	7	94	703.304
2.617994	0.992645	-1.723759	92	108	3	702.915
-3.141593	1.025536	1.576859	14	1	93	702.842
-0.523599	1.242974	-2.977882	21	111	97	702.554
-0.785398	2.089241	-0.114193	82	9	104	702.439
2.879793	2.588535	-2.976617	89	1	5	702.295
2.879793	1.812176	0.656819	94	7	102	701.482
2.617994	2.588535	-2.976617	10	13	90	701.385
-2.879793	0.618092	2.539118	105	106	94	701.288
-2.879793	1.135834	-1.431087	98	105	8	701.217
2.879793	1.195355	1.200319	20	94	105	701.164
2.617994	0.899350	-2.069907	97	101	104	701.061
-2.617994	2.153910	-1.714959	96	2	14	701.045
1.570796	2.343981	-1.040456	109	15	20	700.903
0.785398	1.413347	-1.339188	100	1	95	700.840
-2.094395	1.732874	-0.951685	3	105	17	700.550
-3.141593	0.619654	-2.216909	95	108	106	700.399
-3.141593	0.379747	-1.713059	96	106	104	700.308
-2.879793	2.108018	1.311430	21	93	110	700.185
2.879793	1.325504	-1.671296	93	107	5	700.151
-1.047198	2.724429	-0.348782	104	110	21	699.789
-0.523599	1.766067	2.153843	100	103	98	699.427
0.523599	2.719179	-1.780644	91	4	3	699.082
-1.570796	0.615174	-0.666022	90	2	103	698.680
2.879793	1.214854	-1.966664	94	107	6	698.459
-0.261799	2.115563	0.685730	89	2	93	698.162
-2.356194	0.297065	2.160177	104	109	94	698.077
-1.047198	2.180315	-1.357379	86	108	1	697.855
-0.785398	1.247695	1.809890	4	23	96	697.410
-2.356194	1.417623	-0.202254	86	1	106	697.381
-0.261799	2.724429	-0.348782	103	111	18	697.161
-0.523599	2.343981	-1.040456	1	111	18	696.938
-1.047198	2.664082	-1.071402	106	108	17	696.640
2.617994	1.699788	2.452890	100	95	108	696.362
0.261799	1.506530	1.988858	101	99	1	696.230
-1.308997	2.724429	-0.348782	87	17	100	696.150
1.308997	1.699788	2.452890	107	9	94	696.076
-2.617994	2.138223	1.678323	21	94	107	695.917
-3.141593	2.393226	1.857173	96	104	110	695.265
1.308997	2.664082	-1.071402	91	2	109	694.501
1.308997	1.440580	2.260026	109	7	93	693.831
1.308997	1.218453	2.777284	3	11	92	693.298
2.617994	0.864993	2.278281	92	9	9	693.172
2.617994	0.418037	1.360082	16	91	97	692.917
-0.785398	2.984978	1.954446	111	12	25	692.852
0.000000	0.866955	-0.931351	17	28	107	692.516
0.785398	0.906588	1.252948	111	15	92	692.151
0.785398	1.025536	1.576859	110	16	93	691.822
2.617994	1.506530	1.988858	100	93	111	691.612
-3.141593	1.247695	1.809890	21	4	96	691.586
2.879793	0.370812	-2.547742	99	107	99	691.505
-1.308997	2.979456	-1.009304	91	8	12	691.406
0.261799	1.836682	-0.676006	6	18	16	690.519
2.879793	1.545873	-1.877082	92	111	8	690.408
-3.141593	1.555207	1.708892	95	110	101	689.917
1.047198	1.134497	-1.109631	96	23	11	689.905
-1.570796	1.683268	0.374177	19	22	3	689.799
-3.141593	2.396274	-1.959260	93	7	13	689.708
0.785398	1.433411	-1.035986	102	3	94	689.511
0.785398	2.456751	-1.503343	88	6	0	689.425
2.879793	1.506530	1.988858	11	84	100	689.192
-2.617994	1.128190	-2.288622	96	107	109	689.171
0.000000	0.914445	2.687814	13	4	92	689.125
-0.523599	1.869911	2.701025	103	104	97	688.887
-0.261799	2.073035	2.027405	0	110	86	688.789
2.356194	0.640596	-2.797608	97	107	94	688.507
0.261799	2.404280	-0.174044	104	1	20	688.478
2.617994	1.809167	1.213774	96	104	106	688.318
2.356194	0.899350	-2.069907	95	103	104	688.205
-0.785398	2.073035	2.027405	108	108	86	688.047
-1.308997	2.456751	-1.503343	4	102	17	687.436
0.523599	0.866955	-0.931351	98	27	6	687.070
2.879793	1.025536	1.576859	15	85	100	687.035
-3.141593	2.588535	-2.976617	102	100	9	686.734
-0.261799	1.766067	2.153843	98	102	104	686.118
0.000000	0.571433	-1.188419	93	2	107	685.947
2.094395	1.433411	-1.035986	91	108	95	685.943
2.617994	0.929350	-2.910676	99	100	98	685.767
-1.832596	2.719179	-1.780644	111	99	16	685.742
-0.785398	1.732874	-0.951685	9	3	16	685.707
-1.308997	2.664082	-1.071402	82	7	103	685.646
2.879793	0.203748	0.590255	16	91	100	685.644
-2.094395	0.080730	-2.622036	97	107	104	685.589
2.356194	1.599406	1.426070	90	110	105	685.497
-1.047198	1.699788	2.452890	93	106	100	685.294
2.617994	1.134497	-1.109631	92	108	9	685.040
0.000000	2.724429	-0.348782	104	110	18	684.882
0.785398	2.637879	2.121598	99	105	103	684.798
1.047198	2.579248	-2.364801	10	26	2	684.082
-0.523599	2.138223	1.678323	107	1	84	683.551
-1.570796	2.343981	-1.040456	110	107	19	683.549
2.094395	1.134497	-1.109631	94	109	92	683.370
1.047198	0.615174	-0.666022	96	1	96	683.028
-2.617994	1.872854	1.543456	21	93	106	682.887
-0.523599	0.615174	-0.666022	20	25	104	682.879
1.832596	2.984978	1.954446	101	103	15	682.775
0.785398	0.496451	0.593859	95	0	100	682.619
2.094395	2.456751	-1.503343	5	3	18	682.540
0.261799	2.863997	0.549740	100	107	18	682.528
-2.094395	2.719179	-1.780644	109	100	15	682.519
-0.523599	2.379497	0.561089	89	9	93	682.136
-1.308997	0.864993	2.278281	23	111	94	682.109
-0.523599	1.998705	2.370472	103	105	95	681.544
2.617994	0.866395	-2.492918	99	102	99	681.086
2.879793	1.870545	-2.976234	98	103	12	680.942
0.523599	2.396274	-1.959260	90	5	1	680.838
0.523599	1.214854	-1.966664	98	105	99	680.519
-1.047198	1.870545	-2.976234	24	110	98	680.076
-0.523599	2.404280	-0.174044	90	0	96	680.072
0.523599	1.025536	1.576859	97	109	12	679.900
2.356194	1.134497	-1.109631	92	109	7	679.533
0.000000	0.929350	-2.910676	16	97	98	679.364
1.832596	2.033014	2.977192	87	2	14	679.241
-1.308997	0.960688	-0.577532	98	101	102	679.109
2.617994	2.343981	-1.040456	96	108	97	679.083
-2.879793	0.640596	-2.797608	102	104	100	678.132
-1.308997	2.115563	0.685730	11	25	5	678.062
2.356194	0.866395	-2.492918	96	103	99	677.978
0.261799	2.456751	-1.503343	4	15	20	677.882
-1.570796	1.335669	0.897240	23	24	107	677.564
-0.261799	1.696674	-1.253233	4	17	17	677.381
-0.523599	1.569311	-3.003978	19	1	95	677.247
-0.785398	1.184361	0.625864	5	8	91	677.246
1.308997	1.168678	2.108595	111	6	93	677.224
2.879793	0.419640	2.974122	99	108	96	677.095
-0.523599	1.977582	0.969896	93	1	91	676.891
-2.879793	1.948085	-2.363031	102	96	109	676.886
1.832596	0.866955	-0.931351	87	6	3	676.853
-1.308997	2.343981	-1.040456	0	108	19	676.539
-1.570796	0.960688	-0.577532	92	0	99	676.000
-2.879793	1.335669	0.897240	99	111	99	675.821
-1.047198	2.455966	-0.641220	86	4	103	675.786
-1.570796	1.812176	0.656819	19	23	2	675.771
-2.879793	0.929350	-2.910676	104	102	101	675.437
-2.094395	1.875281	0.107086	15	14	14	675.156
0.000000	2.108018	1.311430	98	2	86	675.139
0.261799	1.214854	-1.966664	96	107	98	675.060
-1.047198	1.301460	-0.509251	9	12	16	675.052
-2.617994	2.089241	-0.114193	97	99	10	675.019
0.261799	0.899350	-2.069907	98	100	104	674.410
-0.261799	1.413430	2.550734	99	101	106	674.211
0.000000	1.875281	0.107086	100	19	20	674.206
2.879793	0.674054	1.013609	16	86	101	674.149
2.879793	0.850607	-1.335383	95	104	3	674.084
2.617994	0.709924	0.218797	97	107	12	674.060
-0.785398	0.960688	-0.577532	24	23	109	673.928
0.261799	1.488617	1.159546	97	110	12	673.867
-3.141593	2.115563	0.685730	92	2	108	673.380
1.047198	1.599406	1.426070	96	108	104	673.328
2.356194	1.766067	2.153843	96	95	1	673.328
-2.617994	1.325504	-1.671296	100	104	7	673.299
-0.261799	1.812176	0.656819	88	109	97	673.292
-2.879793	1.413347	-1.339188	98	105	11	673.116
0.785398	1.194549	-0.801900	97	23	13	672.630
-1.570796	1.367556	0.358405	22	16	10	672.567
-0.785398	2.115563	0.685730	95	103	103	672.514
-1.570796	2.456751	-1.503343	3	101	17	672.446
1.570796	1.374601	-2.456031	87	108	100	672.222
-1.832596	1.488617	1.159546	27	105	104	671.863
-1.047198	2.979456	-1.009304	102	108	16	671.847
-3.141593	0.080730	-2.622036	100	110	95	671.557
-2.094395	1.658653	-2.409879	97	10	95	671.469
-2.094395	0.419640	2.974122	106	107	95	671.376
1.047198	2.299159	2.264663	101	104	104	671.342
-3.141593	2.592629	0.909713	92	2	111	671.321
-1.570796	2.396274	-1.959260	84	106	110	671.205
2.879793	1.050534	3.042579	101	98	105	671.198
1.047198	2.456751	-1.503343	88	3	0	671.037
-3.141593	0.866395	-2.492918	100	102	104	670.977
-2.879793	1.824694	1.850876	95	106	104	670.769
1.570796	1.732874	-0.951685	7	13	90	670.293
0.523599	1.732874	-0.951685	95	97	7	670.264
-1.047198	0.571433	-1.188419	93	101	107	670.256
-3.141593	2.073035	2.027405	93	107	107	670.225
-3.141593	1.440580	2.260026	93	110	102	670.208
-2.356194	1.504028	0.636812	93	106	111	670.091
1.832596	0.591903	2.010408	18	0	94	670.013
-2.617994	2.407836	1.410646	92	1	2	669.988
2.094395	0.992645	-1.723759	92	106	106	669.829
1.308997	2.704512	1.488683	96	107	16	669.759
2.356194	2.760637	2.781135	97	103	12	669.755
1.308997	1.113094	-0.272241	90	4	101	669.552
-0.523599	1.662363	0.915448	91	109	93	669.416
0.523599	1.846342	-1.796954	96	108	1	668.992
2.879793	0.496451	0.593859	15	89	100	668.461
-2.094395	2.456751	-1.503343	94	1	12	668.335
-2.356194	2.187132	-0.479875	19	109	99	668.334
-0.261799	0.640596	-2.797608	19	104	97	668.293
1.047198	1.194549	-0.801900	95	22	13	668.142
2.617994	1.909857	-0.381669	8	3	16	668.092
-0.785398	1.766067	2.153843	97	105	98	667.861
0.785398	1.756530	-2.105156	103	104	94	667.717
-0.785398	2.379497	0.561089	89	12	95	667.630
1.570796	0.762244	-0.273349	105	92	0	667.471
-2.617994	0.733948	3.021411	107	105	95	666.882
2.879793	1.699788	2.452890	104	92	0	666.567
2.879793	1.218453	2.777284	103	95	106	666.503
2.094395	2.063651	-2.044600	88	16	9	665.897
-1.047198	0.961715	0.014085	23	24	109	665.209
0.523599	0.866395	-2.492918	18	100	101	665.101
1.570796	2.664082	-1.071402	92	111	109	664.847
-1.832596	2.664082	-1.071402	98	107	102	664.791
-3.141593	0.914445	2.687814	103	102	97	664.742
-0.785398	2.979456	-1.009304	107	104	16	664.681
-0.785398	1.510910	-0.740472	9	5	16	664.642
-0.785398	1.433411	-1.035986	106	107	92	664.557
2.356194	1.869911	2.701025	94	98	110	664.533
0.523599	0.640596	-2.797608	95	101	109	664.518
-2.617994	1.413347	-1.339188	101	104	11	664.336
2.879793	2.164094	-2.991358	105	92	108	664.209
-3.141593	1.050534	3.042579	92	0	105	664.191
-1.308997	2.379497	0.561089	12	23	8	664.148
-0.785398	2.138223	1.678323	106	0	85	664.039
-1.308997	2.404280	-0.174044	96	16	15	663.895
-1.308997	0.910508	1.903534	23	109	95	663.764
-0.785398	2.587733	0.232235	87	14	97	662.999
2.356194	2.404280	-0.174044	110	16	21	662.823
-1.308997	1.135834	-1.431087	91	3	15	662.415
-1.308997	0.615174	-0.666022	98	100	105	662.141
1.308997	1.134497	-1.109631	94	21	11	662.075
-3.141593	2.041297	-2.664597	88	5	110	662.035
-1.570796	0.640596	-2.797608	100	107	100	661.926
0.000000	0.899350	-2.069907	95	103	102	661.718
-2.879793	1.504028	0.636812	101	110	99	661.651
0.523599	1.195355	1.200319	104	106	15	661.496
2.094395	1.506530	1.988858	89	2	103	661.266
0.523599	1.301460	-0.509251	97	22	15	661.176
-1.047198	1.574060	2.783565	103	95	100	661.166
2.879793	1.683268	0.374177	89	103	106	661.053
-2.617994	1.184361	0.625864	103	0	95	661.049
2.356194	1.998705	2.370472	96	96	3	660.970
-3.141593	2.164094	-2.991358	91	110	3	660.883
2.094395	1.870545	-2.976234	87	110	10	660.876
-2.879793	0.591903	2.010408	108	102	94	660.388
2.356194	1.836682	-0.676006	88	104	105	660.117
-1.832596	1.683268	0.374177	18	20	6	659.859
-2.879793	2.724429	-0.348782	5	20	15	659.848
-3.141593	1.310100	1.488307	19	94	101	659.590
-0.785398	1.982574	-1.115518	8	0	18	659.434
-2.879793	1.310100	1.488307	95	110	101	659.427
0.261799	2.153910	-1.714959	3	18	17	659.420
-2.356194	2.180315	-1.357379	96	2	14	659.005
-0.261799	0.418037	1.360082	100	3	97	658.986
-1.308997	0.297065	2.160177	102	1	95	658.879
-0.523599	2.664082	-1.071402	0	108	18	658.862
0.000000	1.218453	2.777284	14	7	93	658.715
-0.523599	2.247462	0.191623	83	7	97	658.544
-0.523599	0.618092	2.539118	7	29	3	658.065
2.617994	2.455966	-0.641220	8	10	18	657.854
0.523599	0.203748	0.590255	98	0	98	657.769
-0.785398	1.872854	1.543456	97	110	92	657.720
-1.047198	2.343981	-1.040456	6	107	19	657.718
-0.261799	1.242974	-2.977882	21	1	97	657.703
-2.094395	2.379497	0.561089	21	18	6	657.682
-1.047198	2.456751	-1.503343	2	107	18	657.680
-3.141593	1.809167	1.213774	99	104	103	657.668
-2.879793	1.168678	2.108595	21	97	96	657.636
0.000000	1.134796	2.434290	93	107	111	657.496
-1.570796	0.709924	0.218797	97	5	98	657.354
2.617994	0.203748	0.590255	14	90	100	656.958
-0.261799	0.379747	-1.713059	96	101	109	656.772
-1.570796	1.554776	0.100351	20	14	13	656.313
2.879793	1.134796	2.434290	103	97	100	656.148
-2.617994	1.824694	1.850876	20	91	103	656.121
0.000000	1.488617	1.159546	95	111	12	656.112
0.261799	1.766067	2.153843	99	102	105	655.961
2.094395	0.866955	-0.931351	97	111	89	655.658
2.617994	1.599406	1.426070	93	109	102	655.618
2.094395	1.696674	-1.253233	85	15	9	655.529
-1.047198	0.910508	1.903534	21	111	95	655.526
2.094395	2.073035	2.027405	94	99	7	655.503
-2.356194	2.881233	-2.582574	107	101	13	655.439
-0.785398	1.301460	-0.509251	6	0	92	655.163
2.356194	2.356369	3.005869	14	14	91	655.144
1.570796	0.290380	-0.796960	96	0	97	655.086
2.617994	1.417623	-0.202254	89	103	101	655.060
2.094395	1.440580	2.260026	88	2	104	654.805
2.617994	1.574060	2.783565	91	7	101	654.783
-1.047198	1.846342	-1.796954	92	103	7	654.655
-1.047198	0.419640	2.974122	97	109	101	654.498
-1.308997	2.719179	-1.780644	0	103	17	654.490
2.094395	2.033014	2.977192	89	0	14	654.112
2.879793	1.809167	1.213774	97	106	103	654.097
2.879793	0.379747	-1.713059	94	109	104	654.008
-2.356194	2.579248	-2.364801	87	13	99	653.972
2.879793	2.455966	-0.641220	8	10	18	653.867
2.356194	1.741644	-2.695914	10	11	92	653.859
-1.570796	0.866955	-0.931351	91	5	100	653.776
0.261799	1.440580	2.260026	101	98	111	653.485
2.617994	1.736875	3.023612	19	111	95	653.333
0.785398	2.579248	-2.364801	10	28	2	653.242
2.617994	1.872854	1.543456	96	110	100	653.217
2.617994	0.700570	1.559208	13	88	96	652.846
-0.785398	1.812176	0.656819	89	4	94	652.552
-3.141593	1.128190	-2.288622	94	107	111	652.449
-1.047198	1.510910	-0.740472	9	10	16	652.350
0.261799	1.135813	-2.658866	90	14	6	652.127
-1.570796	2.115563	0.685730	18	23	5	652.072
0.523599	2.863997	0.549740	101	108	19	652.032
0.785398	1.696674	-1.253233	102	20	18	651.930
2.879793	0.906588	1.252948	16	86	101	651.884
0.261799	0.618092	2.539118	7	92	95	651.651
-0.785398	1.367556	0.358405	5	11	91	651.566
2.879793	0.685216	-1.712745	96	105	0	651.529
-1.047198	0.618092	2.539118	106	0	93	651.425
-0.261799	1.510910	-0.740472	20	100	95	651.203
0.523599	0.733948	3.021411	14	95	97	651.129
0.785398	2.153910	-1.714959	87	6	109	651.067
1.570796	1.909857	-0.381669	4	10	17	651.037
-0.261799	1.977582	0.969896	93	0	91	650.351
-2.617994	1.214854	-1.966664	98	104	3	649.643
1.832596	0.685216	-1.712745	94	0	94	649.597
2.356194	2.588535	-2.976617	12	12	90	649.580
0.000000	2.760637	2.781135	108	19	23	649.518
1.832596	2.393226	1.857173	87	5	3	649.132
0.523599	0.960688	-0.577532	97	24	10	649.024
0.523599	0.379747	-1.713059	108	2	85	648.955
-0.785398	1.134497	-1.109631	99	16	99	648.636
1.832596	1.134796	2.434290	2	5	91	648.625
-1.308997	2.153910	-1.714959	85	108	2	648.600
-2.617994	2.108018	1.311430	21	94	110	648.410
-0.785398	2.724429	-0.348782	88	4	98	648.384
-2.356194	1.113094	-0.272241	107	104	15	648.316
0.785398	2.455966	-0.641220	91	14	106	648.188
-2.094395	1.391910	3.030322	8	14	17	647.839
-0.785398	0.571433	-1.188419	96	100	107	647.777
-2.094395	0.370812	-2.547742	96	108	103	647.653
0.785398	1.325504	-1.671296	98	104	1	647.596
-2.617994	0.762244	-0.273349	108	106	17	647.493
-3.141593	1.909857	-0.381669	94	97	109	647.417
-3.141593	1.488617	1.159546	96	111	100	647.055
0.000000	2.456751	-1.503343	6	14	20	646.991
0.261799	0.992645	-1.723759	99	106	97	646.881
-1.308997	1.367556	0.358405	22	24	1	646.875
2.094395	1.732874	-0.951685	88	107	100	646.575
2.617994	2.187132	-0.479875	3	12	18	646.395
-0.785398	1.998705	2.370472	102	106	93	646.300
-0.261799	0.866955	-0.931351	19	26	107	646.291
2.617994	2.033014	2.977192	94	108	14	646.222
-1.308997	0.419640	2.974122	96	111	101	646.218
1.308997	0.910508	1.903534	8	7	92	646.145
1.308997	1.836682	-0.676006	103	3	94	646.060
-0.523599	1.168678	2.108595	96	101	0	645.872
2.879793	0.297065	2.160177	109	102	89	645.769
-2.356194	0.080730	-2.622036	101	108	97	645.759
-0.523599	2.637879	2.121598	10	28	2	645.699
-2.617994	2.579248	-2.364801	107	96	10	645.620
-1.047198	1.766067	2.153843	98	108	91	645.619
-1.570796	1.184361	0.625864	25	22	107	645.494
-3.141593	1.195355	1.200319	95	1	99	645.412
1.832596	1.194549	-0.801900	88	111	103	645.283
-0.523599	1.135813	-2.658866	24	111	98	645.251
-1.570796	2.592629	0.909713	15	24	4	645.227
0.523599	1.756530	-2.105156	98	107	96	644.995
0.261799	0.700570	1.559208	96	1	99	644.934
2.879793	0.709924	0.218797	99	105	12	644.736
-0.523599	0.571433	-1.188419	96	105	101	644.729
-1.832596	1.599406	1.426070	28	106	105	644.691
-2.617994	0.618092	2.539118	107	106	95	644.637
1.308997	2.343981	-1.040456	0	12	19	644.563
0.523599	0.992645	-1.723759	100	105	96	644.507
0.000000	1.721184	-0.153948	103	21	20	644.385
-2.356194	1.554776	0.100351	86	0	109	643.637
-0.261799	1.872854	1.543456	98	101	103	643.405
-3.141593	1.741644	-2.695914	88	5	108	643.268
1.570796	1.135834	-1.431087	94	21	9	643.255
2.356194	1.194549	-0.801900	93	107	9	643.189
-0.785398	0.866955	-0.931351	19	19	5	643.062
-1.570796	0.733948	3.021411	98	111	100	643.060
-1.308997	2.104282	-0.813972	1	109	19	643.005
-2.879793	1.741644	-2.695914	103	97	105	642.974
1.308997	2.456751	-1.503343	110	18	19	642.964
0.785398	2.704512	1.488683	94	109	16	642.911
0.785398	2.299159	2.264663	99	104	104	642.818
1.570796	2.979456	-1.009304	92	111	4	642.775
-2.879793	2.089241	-0.114193	93	100	10	642.614
-0.785398	0.914445	2.687814	96	102	7	642.591
-0.785398	1.836682	-0.676006	7	2	19	642.343
-0.261799	2.379497	0.561089	89	4	94	642.041
-0.261799	0.914445	2.687814	16	4	93	642.031
0.000000	0.992645	-1.723759	98	102	100	641.773
0.261799	0.910508	1.903534	102	110	96	641.748
-2.879793	2.251330	-2.330739	95	1	12	641.562
-1.047198	1.391910	3.030322	16	99	96	641.365
2.356194	0.571433	-1.188419	93	108	110	640.949
0.523599	0.619654	-2.216909	97	102	102	640.933
-3.141593	0.640596	-2.797608	103	103	99	640.808
-2.094395	2.863997	0.549740	8	23	11	640.795
-0.785398	2.299159	2.264663	99	105	95	640.525
-0.261799	0.618092	2.539118	3	28	3	640.156
1.308997	2.104282	-0.813972	6	10	16	640.031
-2.094395	1.982574	-1.115518	0	104	18	639.917
-1.047198	0.591903	2.010408	104	5	93	639.857
-2.617994	1.247695	1.809890	24	99	99	639.693
-2.617994	1.413430	2.550734	17	6	93	639.526
-1.832596	0.640596	-2.797608	98	108	102	639.508
-0.785398	1.824694	1.850876	103	107	86	639.502
-2.094395	1.909857	-0.381669	9	107	19	639.386
-3.141593	2.153910	-1.714959	93	7	14	639.330
0.523599	1.310100	1.488307	98	108	11	639.086
2.094395	2.343981	-1.040456	3	3	19	639.007
0.523599	2.073035	2.027405	103	99	106	638.803
-0.523599	2.393226	1.857173	1	3	85	638.702
2.879793	0.914445	2.687814	103	99	97	638.686
2.879793	1.247695	1.809890	16	89	99	638.656
-2.879793	1.448123	-2.163292	93	108	0	638.519
-2.617994	0.866955	-0.931351	100	104	9	638.480
0.523599	0.571433	-1.188419	13	22	4	638.398
1.832596	0.700570	1.559208	9	91	98	638.286
-1.832596	2.180315	-1.357379	85	11	110	638.104
2.879793	0.899350	-2.069907	94	107	111	637.984
0.785398	2.343981	-1.040456	99	0	94	637.876
0.261799	1.699788	2.452890	105	99	103	637.788
-1.308997	1.168678	2.108595	25	109	99	637.704
-2.094395	0.297065	2.160177	105	109	93	637.663
2.356194	2.979456	-1.009304	8	23	12	637.551
-1.832596	2.637879	2.121598	98	110	10	637.532
2.356194	2.343981	-1.040456	94	111	97	637.479
-2.879793	0.370812	-2.547742	103	103	100	637.350
0.523599	1.417623	-0.202254	96	20	16	637.217
0.523599	0.080730	-2.622036	19	93	98	637.124
-2.879793	1.555207	1.708892	20	90	102	637.111
-1.308997	2.063651	-2.044600	88	103	2	636.581
-1.832596	1.135813	-2.658866	90	13	104	636.347
-3.141593	0.591903	2.010408	109	100	92	636.260
-2.617994	2.104282	-0.813972	94	11	13	636.094
2.094395	1.247695	1.809890	90	2	100	635.920
2.356194	0.864993	2.278281	92	12	8	635.898
0.523599	1.413430	2.550734	6	11	92	635.832
-0.785398	1.555207	1.708892	96	103	98	635.709
2.879793	2.108018	1.311430	96	106	107	635.497
-2.879793	1.050534	3.042579	106	101	99	635.481
0.785398	1.134796	2.434290	8	10	92	635.135
-0.523599	2.587733	0.232235	88	6	96	635.068
1.832596	2.187132	-0.479875	1	12	19	635.008
1.570796	1.413430	2.550734	1	9	93	634.812
-0.785398	2.637879	2.121598	3	15	24	634.670
0.523599	0.850607	-1.335383	20	103	95	634.647
-1.832596	1.014500	0.906702	15	24	108	634.527
2.617994	2.404280	-0.174044	91	0	106	634.446
1.570796	1.301460	-0.509251	106	94	5	634.359
-0.785398	2.180315	-1.357379	87	105	0	634.251
-3.141593	1.756530	-2.105156	91	110	6	634.153
1.832596	0.571433	-1.188419	94	109	100	634.151
0.785398	2.592629	0.909713	97	111	18	634.090
-1.047198	2.174483	2.653697	105	99	94	634.081
-0.261799	2.455966	-0.641220	106	0	18	633.929
-0.523599	2.724429	-0.348782	102	111	18	633.854
0.785398	0.458961	-0.107937	95	6	96	633.785
-3.141593	1.699788	2.452890	92	108	107	633.771
-1.570796	1.699788	2.452890	18	103	97	633.624
2.617994	1.555207	1.708892	94	106	105	633.356
1.047198	1.433411	-1.035986	97	22	15	633.316
1.570796	0.297065	2.160177	14	95	95	633.270
1.832596	2.478122	2.609777	15	9	91	633.038
-0.523599	0.850607	-1.335383	96	107	98	632.975
1.308997	2.455966	-0.641220	89	5	108	632.940
1.832596	2.664082	-1.071402	2	6	20	632.789
0.523599	2.984978	1.954446	105	11	90	632.673
-2.879793	1.869911	2.701025	100	103	8	632.524
-1.570796	2.180315	-1.357379	85	6	110	632.444
0.523599	2.343981	-1.040456	90	14	108	632.377
-1.570796	0.618092	2.539118	105	2	93	632.286
0.261799	1.756530	-2.105156	94	111	96	632.270
-0.785398	2.108018	1.311430	97	1	91	632.215
1.832596	0.674054	1.013609	108	5	90	632.123
-0.785398	1.909857	-0.381669	4	3	20	631.785
2.879793	1.909857	-0.381669	90	12	100	631.712
-0.261799	2.138223	1.678323	108	2	84	631.622
-0.785398	0.850607	-1.335383	94	110	98	631.513
2.356194	1.433411	-1.035986	93	104	96	631.492
2.617994	2.760637	2.781135	101	100	12	631.359
2.094395	1.134796	2.434290	9	6	91	631.268
2.094395	1.998705	2.370472	87	3	109	631.171
-2.879793	0.914445	2.687814	106	103	97	630.872
-2.356194	2.251330	-2.330739	102	8	91	630.868
-2.356194	0.591903	2.010408	108	108	93	630.741
-0.785398	1.662363	0.915448	90	0	94	630.716
2.356194	0.992645	-1.723759	94	103	106	630.643
-1.570796	1.488617	1.159546	19	22	7	630.637
-0.523599	0.864993	2.278281	14	5	92	630.487
2.879793	1.555207	1.708892	13	85	101	630.239
-2.879793	1.870545	-2.976234	6	10	93	629.285
-0.523599	2.001437	0.381215	86	3	97	629.111
-0.785398	0.370812	-2.547742	18	99	98	629.068
1.047198	1.135834	-1.431087	98	24	9	628.905
2.356194	1.846342	-1.796954	88	13	9	628.860
2.617994	1.683268	0.374177	99	9	98	628.797
-2.356194	2.379497	0.561089	14	19	13	628.699
2.094395	2.299159	2.264663	87	3	2	628.606
-0.523599	1.872854	1.543456	100	105	95	628.602
1.047198	1.488617	1.159546	16	20	11	628.523
0.785398	2.588535	-2.976617	5	28	110	628.453
-2.356194	1.367556	0.358405	102	104	99	628.271
2.356194	1.184361	0.625864	85	0	101	628.265
2.356194	1.732874	-0.951685	91	103	100	628.225
1.308997	1.195355	1.200319	89	108	108	628.167
-1.047198	2.592629	0.909713	9	25	7	628.148
0.785398	1.014500	0.906702	92	1	104	628.095
-2.617994	1.025536	1.576859	100	107	98	628.088
-0.523599	0.370812	-2.547742	18	98	97	627.956
2.094395	1.194549	-0.801900	92	110	93	627.851
-0.523599	1.113094	-0.272241	105	8	95	627.822
-2.356194	2.587733	0.232235	12	18	14	627.523
-1.308997	2.033014	2.977192	94	107	97	627.431
2.617994	1.214854	-1.966664	91	110	6	627.140
2.617994	0.674054	1.013609	14	88	101	627.097
2.879793	1.599406	1.426070	97	103	104	627.092
0.000000	1.555207	1.708892	99	100	2	626.945
0.000000	1.982574	-1.115518	11	16	15	626.831
-3.141593	1.683268	0.374177	100	111	99	626.739
2.879793	2.349581	-2.702517	98	97	0	626.672
-0.261799	0.370812	-2.547742	18	99	96	626.553
-1.047198	1.948085	-2.363031	92	104	107	626.493
0.000000	1.658653	-2.409879	90	14	6	626.347
2.356194	1.683268	0.374177	98	10	98	626.339
-2.879793	0.992645	-1.723759	98	104	3	626.205
-0.785398	2.001437	0.381215	86	8	97	626.028
1.570796	1.134497	-1.109631	92	19	11	625.998
-2.356194	1.824694	1.850876	22	95	103	625.976
-0.261799	2.295480	1.008277	95	6	88	625.940
-2.617994	2.478122	2.609777	103	109	88	625.900
-1.047198	0.290380	-0.796960	97	101	0	625.716
1.832596	0.615174	-0.666022	90	12	9	625.607
0.785398	1.301460	-0.509251	98	22	16	625.395
-2.617994	1.617114	-1.572037	100	103	9	625.357
-0.261799	0.929350	-2.910676	20	108	96	625.240
0.785398	1.134497	-1.109631	98	25	10	625.224
1.832596	1.135834	-1.431087	92	19	9	625.144
-2.356194	0.370812	-2.547742	96	109	102	624.988
0.000000	0.850607	-1.335383	16	26	109	624.777
-3.141593	1.214854	-1.966664	95	107	5	624.762
-1.047198	2.356369	3.005869	100	4	15	624.720
-1.308997	2.592629	0.909713	13	25	3	624.471
-1.308997	2.041297	-2.664597	97	97	105	624.222
-3.141593	1.134796	2.434290	17	5	92	624.196
0.261799	2.180315	-1.357379	9	15	16	623.926
0.785398	2.984978	1.954446	99	105	102	623.916
-2.617994	1.812176	0.656819	110	95	101	623.825
2.879793	2.863997	0.549740	93	1	1	623.789
0.523599	2.704512	1.488683	102	101	0	623.561
2.617994	2.637879	2.121598	20	22	7	623.472
-1.832596	2.356369	3.005869	8	15	91	623.452
-0.523599	1.506530	1.988858	2	23	97	623.379
0.785398	0.960688	-0.577532	94	22	10	623.350
-2.617994	1.683268	0.374177	92	108	107	623.244
-1.832596	2.455966	-0.641220	95	12	15	623.208
-1.047198	0.458961	-0.107937	95	3	100	623.189
0.523599	1.374601	-2.456031	85	9	2	623.088
-3.141593	2.349581	-2.702517	102	95	0	622.725
-1.047198	1.809167	1.213774	92	105	106	622.563
-2.356194	0.866955	-0.931351	102	104	11	622.092
-0.785398	1.869911	2.701025	94	103	102	622.032
2.094395	2.760637	2.781135	94	105	12	621.938
1.047198	1.555207	1.708892	14	15	15	621.869
2.094395	1.721184	-0.153948	102	8	95	621.866
-2.879793	1.599406	1.426070	23	96	105	621.840
0.523599	1.510910	-0.740472	105	106	97	621.757
-0.261799	1.433411	-1.035986	17	100	93	621.716
1.047198	1.904882	-1.478089	91	1	103	621.640
1.308997	0.290380	-0.796960	97	110	96	621.476
-2.094395	1.450119	-2.739050	14	16	11	621.230
1.047198	1.766067	2.153843	91	106	109	621.170
0.785398	2.979456	-1.009304	17	99	13	621.135
-2.617994	1.696674	-1.253233	106	101	14	620.975
-1.832596	1.256302	0.062705	102	2	96	620.940
0.261799	0.685216	-1.712745	101	103	98	620.912
-1.047198	0.866955	-0.931351	95	108	98	620.874
0.523599	2.588535	-2.976617	8	28	111	620.785
-3.141593	1.948085	-2.363031	92	1	9	620.731
2.879793	0.080730	-2.622036	105	111	91	620.605
-2.356194	0.496451	0.593859	93	107	107	620.546
0.261799	1.555207	1.708892	103	98	1	620.453
2.094395	0.700570	1.559208	12	89	98	620.400
-0.523599	2.180315	-1.357379	4	0	18	620.366
-2.094395	2.001437	0.381215	15	17	14	620.263
1.832596	1.732874	-0.951685	5	16	90	620.200
2.356194	1.721184	-0.153948	86	109	102	619.917
-3.141593	2.089241	-0.114193	9	14	16	619.882
-2.617994	1.904882	-1.478089	102	105	14	619.646
1.570796	1.696674	-1.253233	7	13	89	619.519
-2.879793	2.153910	-1.714959	94	4	14	619.405
2.356194	1.367556	0.358405	87	108	102	619.277
-0.523599	2.295480	1.008277	95	8	89	618.968
1.570796	2.760637	2.781135	100	106	100	618.955
2.879793	1.606104	-0.451151	91	100	104	618.950
1.570796	2.455966	-0.641220	94	0	107	618.861
0.261799	0.709924	0.218797	95	13	98	618.846
-0.261799	2.343981	-1.040456	1	1	18	618.786
2.094395	2.174483	2.653697	90	1	17	618.681
0.261799	2.349581	-2.702517	12	25	8	618.664
-2.617994	0.992645	-1.723759	97	108	9	618.560
-2.879793	2.579248	-2.364801	103	96	6	618.543
2.617994	1.135813	-2.658866	98	99	104	618.390
-2.617994	1.335669	0.897240	93	107	1	618.313
0.523599	1.450119	-2.739050	93	107	101	618.311
-1.047198	2.033014	2.977192	95	104	98	618.260
1.570796	2.456751	-1.503343	12	23	6	618.252
0.261799	1.128190	-2.288622	88	12	2	618.230
-0.261799	1.846342	-1.796954	6	16	15	618.176
-0.523599	1.836682	-0.676006	7	5	18	618.062
-1.047198	0.615174	-0.666022	96	105	101	617.793
2.879793	1.367556	0.358405	90	103	101	617.657
0.261799	1.413430	2.550734	11	10	14	617.585
0.785398	1.510910	-0.740472	99	23	17	617.409
2.094395	1.836682	-0.676006	87	108	103	617.162
-2.356194	2.719179	-1.780644	95	2	14	617.036
0.261799	1.301460	-0.509251	97	24	12	617.004
0.785398	1.545873	-1.877082	15	22	5	616.992
-2.617994	2.719179	-1.780644	104	110	90	616.915
-0.523599	0.733948	3.021411	91	2	105	616.910
2.879793	1.617114	-1.572037	89	3	9	616.806
0.523599	1.113094	-0.272241	95	22	12	616.599
-1.308997	0.571433	-1.188419	89	105	108	616.589
0.523599	1.134796	2.434290	7	8	91	616.441
2.094395	0.910508	1.903534	13	100	95	616.390
-2.356194	0.850607	-1.335383	99	104	5	616.377
2.617994	1.413430	2.550734	99	96	103	616.374
1.308997	0.961715	0.014085	91	111	110	616.363
1.832596	1.836682	-0.676006	111	102	16	616.193
0.523599	0.618092	2.539118	12	110	91	616.175
0.000000	0.370812	-2.547742	92	107	103	616.080
-1.047198	1.872854	1.543456	92	105	107	616.045
2.356194	1.554776	0.100351	100	10	97	616.041
2.879793	0.929350	-2.910676	98	102	105	615.966
0.523599	1.242974	-2.977882	95	108	99	615.899
2.356194	1.736875	3.023612	90	108	9	615.646
-0.785398	1.948085	-2.363031	95	102	107	615.495
-2.617994	1.374601	-2.456031	100	17	96	615.471
1.047198	0.709924	0.218797	95	109	102	615.465
-0.261799	1.824694	1.850876	108	107	85	615.455
2.094395	1.555207	1.708892	88	2	104	615.448
-1.832596	0.615174	-0.666022	88	107	109	615.429
2.094395	2.404280	-0.174044	97	3	100	615.425
-3.141593	2.108018	1.311430	98	104	107	615.135
2.617994	1.448123	-2.163292	91	109	7	615.042
-0.785398	0.379747	-1.713059	90	105	109	614.750
-2.879793	0.203748	0.590255	19	89	101	614.737
-0.785398	1.135813	-2.658866	17	100	93	614.737
2.879793	0.910508	1.903534	11	2	92	614.728
1.047198	1.214854	-1.966664	97	109	5	614.666
-2.879793	2.115563	0.685730	92	111	109	614.634
-0.785398	1.977582	0.969896	94	1	92	614.519
0.785398	0.831641	0.616218	96	4	97	614.450
2.094395	1.699788	2.452890	24	111	102	614.258
-1.832596	0.831641	0.616218	103	1	95	614.167
2.356194	1.977582	0.969896	103	105	97	614.165
-0.785398	0.458961	-0.107937	20	25	102	614.121
2.879793	1.310100	1.488307	15	86	101	614.110
1.308997	0.418037	1.360082	1	9	88	613.985
1.047198	1.982574	-1.115518	92	4	102	613.936
-0.523599	1.948085	-2.363031	28	6	109	613.877
-0.261799	0.733948	3.021411	10	94	94	613.837
-1.047198	0.762244	-0.273349	24	22	107	613.704
-1.047198	1.909857	-0.381669	96	101	0	613.701
-2.356194	1.683268	0.374177	93	106	108	613.575
2.879793	1.510910	-0.740472	93	100	99	613.572
-2.879793	1.904882	-1.478089	98	106	13	613.542
2.356194	0.615174	-0.666022	91	107	0	613.479
2.617994	0.866955	-0.931351	91	106	1	613.467
-2.094395	1.301460	-0.509251	86	110	104	613.441
1.047198	2.104282	-0.813972	6	14	90	613.406
-2.879793	1.662363	0.915448	100	108	100	613.226
1.047198	2.664082	-1.071402	90	4	0	613.189
2.356194	1.510910	-0.740472	91	105	98	612.966
0.523599	1.218453	2.777284	92	108	105	612.888
0.523599	1.836682	-0.676006	9	18	17	612.809
-0.523599	0.914445	2.687814	17	3	93	612.798
-1.832596	1.510910	-0.740472	5	107	17	612.712
1.308997	1.025536	1.576859	108	15	93	612.704
-1.832596	2.396274	-1.959260	102	2	91	612.650
2.617994	1.836682	-0.676006	90	101	105	612.586
-1.308997	0.961715	0.014085	18	22	3	612.559
-1.047198	1.836682	-0.676006	6	111	19	612.466
0.523599	1.433411	-1.035986	104	104	100	612.463
-0.785398	0.615174	-0.666022	97	3	100	612.308
-2.879793	2.041297	-2.664597	106	93	108	612.280
0.000000	2.379497	0.561089	98	108	9	612.253
-2.094395	2.089241	-0.114193	98	109	94	612.134
1.308997	2.478122	2.609777	100	105	102	612.113
-0.261799	1.699788	2.452890	99	101	104	612.012
2.356194	1.214854	-1.966664	92	102	108	611.914
-0.261799	1.904882	-1.478089	6	16	16	611.847
2.617994	1.128190	-2.288622	96	99	108	611.398
-1.832596	2.033014	2.977192	27	100	105	611.145
-0.523599	1.982574	-1.115518	2	10	90	611.070
-0.261799	0.619654	-2.216909	20	104	94	611.023
0.261799	2.587733	0.232235	101	0	19	610.590
2.617994	0.733948	3.021411	103	99	96	610.111
-2.879793	2.984978	1.954446	94	106	6	610.091
-1.832596	2.343981	-1.040456	95	4	14	609.980
-0.785398	1.413430	2.550734	7	20	93	609.858
-3.141593	0.910508	1.903534	108	98	96	609.850
1.308997	2.073035	2.027405	16	12	13	609.783
1.570796	0.674054	1.013609	109	8	90	609.734
2.617994	2.247462	0.191623	93	6	100	609.622
2.094395	1.909857	-0.381669	0	10	19	609.500
-2.094395	1.256302	0.062705	94	104	105	609.441
-2.617994	1.721184	-0.153948	86	5	103	609.293
0.523599	1.948085	-2.363031	96	107	95	609.265
2.617994	2.587733	0.232235	100	103	109	608.967
-2.879793	2.404280	-0.174044	94	101	14	608.629
-1.047198	0.674054	1.013609	0	6	91	608.565
-2.617994	1.875281	0.107086	89	0	104	608.534
1.047198	1.413347	-1.339188	98	24	13	608.355
1.832596	1.014500	0.906702	109	24	103	608.270
-1.047198	0.850607	-1.335383	90	102	104	608.267
0.261799	0.929350	-2.910676	15	98	97	608.235
2.094395	1.417623	-0.202254	85	110	104	608.145
-3.141593	1.168678	2.108595	20	4	94	608.143
-1.832596	0.370812	-2.547742	97	107	102	607.977
-1.047198	2.984978	1.954446	13	26	5	607.889
0.000000	1.448123	-2.163292	92	0	98	607.794
2.094395	1.168678	2.108595	1	1	92	607.728
1.832596	0.290380	-0.796960	96	107	103	607.713
2.617994	0.910508	1.903534	14	88	97	607.622
0.523599	1.325504	-1.671296	97	111	97	607.602
-0.785398	1.741644	-2.695914	22	101	102	607.548
-1.570796	0.961715	0.014085	101	2	98	607.528
0.785398	1.374601	-2.456031	14	26	97	607.395
0.261799	0.370812	-2.547742	94	102	110	607.122
1.570796	1.134796	2.434290	2	7	91	607.116
0.785398	1.310100	1.488307	107	101	97	606.967
-3.141593	1.904882	-1.478089	91	0	11	606.776
2.094395	0.615174	-0.666022	96	104	109	606.628
0.523599	2.138223	1.678323	104	97	110	606.489
-0.785398	0.866395	-2.492918	14	95	92	606.385
2.094395	2.979456	-1.009304	20	17	6	606.186
-2.879793	0.866395	-2.492918	96	106	108	605.930
1.047198	2.063651	-2.044600	10	27	0	605.891
2.879793	2.760637	2.781135	90	111	4	605.865
1.308997	0.080730	-2.622036	108	107	86	605.725
-1.308997	1.413347	-1.339188	88	3	12	605.686
0.523599	0.864993	2.278281	12	8	92	605.652
0.261799	0.850607	-1.335383	15	28	105	605.566
2.356194	0.929350	-2.910676	99	99	98	605.432
-0.785398	1.391910	3.030322	20	110	95	605.360
-1.570796	1.301460	-0.509251	99	103	98	605.319
-3.141593	2.138223	1.678323	97	104	107	605.242
0.000000	1.128190	-2.288622	93	106	99	605.189
2.617994	1.247695	1.809890	90	0	103	605.170
-2.356194	1.256302	0.062705	87	0	109	605.082
-1.047198	1.014500	0.906702	5	6	90	605.018
-2.617994	2.187132	-0.479875	89	1	97	604.995
2.617994	1.824694	1.850876	101	94	3	604.947
2.356194	2.104282	-0.813972	88	104	107	604.922
-2.617994	1.662363	0.915448	102	106	100	604.894
-1.308997	1.335669	0.897240	21	27	108	604.594
-2.094395	2.404280	-0.174044	96	18	14	604.530
-2.094395	1.721184	-0.153948	10	109	18	604.490
0.523599	0.709924	0.218797	96	6	97	604.473
2.879793	1.836682	-0.676006	92	99	105	604.216
0.785398	1.948085	-2.363031	98	106	94	604.185
-0.261799	0.864993	2.278281	3	92	98	604.137
-0.785398	2.104282	-0.813972	87	109	109	604.122
2.879793	2.187132	-0.479875	12	4	15	604.106
-1.570796	2.455966	-0.641220	95	12	15	603.839
1.047198	1.135813	-2.658866	13	23	95	603.711
1.570796	0.591903	2.010408	11	94	95	603.653
2.356194	0.910508	1.903534	19	2	94	603.628
-2.879793	1.977582	0.969896	99	107	103	603.610
2.356194	0.080730	-2.622036	101	111	93	603.593
1.047198	2.719179	-1.780644	4	11	19	603.530
1.570796	2.104282	-0.813972	16	23	0	603.453
-1.308997	1.741644	-2.695914	97	97	109	603.343
-0.261799	1.732874	-0.951685	9	7	17	603.313
1.047198	0.864993	2.278281	10	8	92	603.297
-0.261799	1.617114	-1.572037	5	18	15	603.231
0.261799	1.846342	-1.796954	97	0	94	603.055
-2.094395	1.014500	0.906702	27	101	99	602.986
-1.570796	1.256302	0.062705	103	0	96	602.947
-0.523599	1.045978	0.343692	110	14	92	602.917
-1.570796	1.870545	-2.976234	87	106	107	602.908
-3.141593	0.618092	2.539118	103	103	96	602.871
-0.785398	1.045978	0.343692	111	13	92	602.834
2.094395	0.591903	2.010408	12	92	94	602.633
1.832596	1.869911	2.701025	85	3	13	602.577
-2.879793	1.809167	1.213774	23	96	109	602.548
-2.617994	2.863997	0.549740	13	21	12	602.544
-0.261799	2.063651	-2.044600	27	8	1	602.406
0.523599	2.592629	0.909713	97	0	18	602.307
-2.094395	1.606104	-0.451151	9	106	17	602.250
0.000000	1.545873	-1.877082	89	14	0	602.248
-2.879793	1.488617	1.159546	98	109	100	602.230
-1.570796	2.356369	3.005869	18	96	102	602.188
0.261799	0.418037	1.360082	96	3	96	602.179
0.785398	1.113094	-0.272241	89	20	9	601.976
0.785398	1.836682	-0.676006	0	5	19	601.944
-2.356194	2.863997	0.549740	10	23	11	601.865
-1.570796	0.418037	1.360082	110	1	90	601.793
0.261799	0.733948	3.021411	12	94	96	601.763
0.523599	1.606104	-0.451151	107	111	95	601.599
-0.523599	1.134497	-1.109631	105	101	96	601.312
0.785398	1.214854	-1.966664	96	110	5	601.287
2.617994	2.063651	-2.044600	88	11	9	601.126
0.785398	0.866955	-0.931351	97	25	7	601.090
-1.047198	2.073035	2.027405	105	107	86	601.069
2.356194	1.247695	1.809890	91	111	101	600.951
2.617994	1.325504	-1.671296	94	107	7	600.945
0.000000	1.325504	-1.671296	97	109	96	600.941
0.785398	0.866395	-2.492918	17	23	95	600.911
0.523599	2.579248	-2.364801	2	17	18	600.732
2.094395	2.724429	-0.348782	92	1	110	600.388
0.261799	0.203748	0.590255	98	4	95	600.232
0.261799	1.135834	-1.431087	14	23	6	600.193
-1.047198	2.108018	1.311430	102	4	84	600.098
1.308997	0.700570	1.559208	109	9	90	599.993
0.785398	0.864993	2.278281	9	7	91	599.895
0.261799	0.866955	-0.931351	102	27	6	599.875
-2.617994	0.591903	2.010408	105	108	93	599.690
2.879793	2.001437	0.381215	94	2	104	599.669
2.617994	2.089241	-0.114193	11	4	18	599.592
-1.308997	1.391910	3.030322	91	10	102	599.586
-2.356194	1.875281	0.107086	102	97	11	599.570
0.523599	2.356369	3.005869	9	27	107	599.543
0.000000	0.080730	-2.622036	17	95	96	599.508
-2.879793	0.762244	-0.273349	109	108	17	599.266
2.094395	0.674054	1.013609	108	2	90	599.078
-2.356194	1.836682	-0.676006	7	104	18	599.033
2.356194	1.824694	1.850876	89	0	108	598.940
-0.785398	2.247462	0.191623	96	103	102	598.935
-2.879793	1.440580	2.260026	20	4	94	598.832
-0.523599	0.685216	-1.712745	94	100	106	598.824
1.832596	2.455966	-0.641220	91	2	106	598.780
1.570796	1.440580	2.260026	109	6	94	598.636
1.308997	0.866955	-0.931351	93	0	99	598.600
2.617994	1.741644	-2.695914	94	106	10	598.595
-0.523599	1.555207	1.708892	99	101	98	598.496
1.832596	1.256302	0.062705	91	109	11	598.461
-0.523599	2.299159	2.264663	3	108	88	598.428
0.261799	1.194549	-0.801900	103	104	101	598.410
-2.617994	1.135834	-1.431087	100	103	8	598.405
-2.617994	1.168678	2.108595	23	100	97	598.295
-2.356194	2.592629	0.909713	16	19	12	598.288
-0.785398	1.194549	-0.801900	16	20	8	598.285
1.047198	1.504028	0.636812	95	109	12	598.281
1.832596	2.404280	-0.174044	97	6	96	598.246
0.785398	0.914445	2.687814	10	7	90	598.049
-1.308997	1.736875	3.023612	92	107	101	597.972
0.000000	2.153910	-1.714959	6	18	16	597.948
2.879793	1.391910	3.030322	103	94	108	597.891
-1.832596	2.063651	-2.044600	98	4	92	597.778
-0.523599	2.153910	-1.714959	15	13	15	597.770
-2.879793	2.104282	-0.813972	101	109	92	597.752
0.261799	1.391910	3.030322	91	111	102	597.722
2.617994	0.496451	0.593859	13	89	100	597.690
2.094395	1.391910	3.030322	23	0	98	597.639
-2.094395	2.153910	-1.714959	2	97	14	597.489
-0.785398	2.455966	-0.641220	89	0	99	597.486
-1.832596	1.113094	-0.272241	92	111	100	597.485
1.047198	2.180315	-1.357379	107	18	20	597.461
-1.047198	2.588535	-2.976617	92	2	96	597.247
-0.523599	2.089241	-0.114193	82	1	106	597.216
-2.617994	1.977582	0.969896	100	107	102	597.194
1.570796	1.214854	-1.966664	89	111	94	597.109
-1.047198	2.001437	0.381215	99	24	11	596.972
2.617994	1.998705	2.370472	19	97	102	596.800
-0.523599	1.809167	1.213774	95	107	95	596.793
0.000000	1.135813	-2.658866	18	100	100	596.787
-1.308997	1.836682	-0.676006	3	110	19	596.777
-3.141593	1.606104	-0.451151	94	98	104	596.731
-0.261799	1.135834	-1.431087	98	108	96	596.690
1.047198	0.571433	-1.188419	108	13	24	596.675
2.356194	1.113094	-0.272241	95	104	9	596.637
0.785398	2.104282	-0.813972	6	13	90	596.536
2.879793	1.872854	1.543456	95	107	106	596.510
2.094395	1.875281	0.107086	101	9	96	596.460
1.570796	2.115563	0.685730	104	95	107	596.308
-2.094395	1.741644	-2.695914	87	10	105	596.151
-1.047198	0.733948	3.021411	101	109	100	596.087
-1.047198	1.696674	-1.253233	9	6	17	596.072
2.094395	2.637879	2.121598	107	13	86	595.884
2.094395	1.824694	1.850876	87	1	108	595.843
1.308997	1.194549	-0.801900	93	19	13	595.757
-1.570796	1.113094	-0.272241	15	3	13	595.746
-3.141593	1.872854	1.543456	97	105	105	595.616
2.094395	1.606104	-0.451151	86	2	99	595.412
0.261799	1.982574	-1.115518	14	17	14	595.134
-2.356194	0.619654	-2.216909	100	103	110	595.047
-3.141593	1.242974	-2.977882	92	110	107	594.843
1.047198	0.992645	-1.723759	96	107	2	594.786
-0.523599	2.251330	-2.330739	93	108	99	594.725
-0.785398	1.050534	3.042579	91	5	102	594.517
0.261799	1.574060	2.783565	13	9	94	594.505
0.000000	1.554776	0.100351	101	23	19	594.276
0.000000	0.640596	-2.797608	16	95	98	594.075
-1.570796	1.606104	-0.451151	13	3	16	594.058
-0.261799	1.194549	-0.801900	7	18	14	594.002
0.000000	1.050534	3.042579	16	5	93	593.946
0.261799	1.696674	-1.253233	6	23	12	593.939
1.570796	0.379747	-1.713059	97	0	93	593.893
0.523599	2.393226	1.857173	98	104	108	593.883
0.785398	2.719179	-1.780644	91	2	4	593.829
-1.308997	2.180315	-1.357379	84	0	2	593.440
2.356194	1.417623	-0.202254	88	110	98	593.396
0.523599	2.587733	0.232235	103	109	19	593.386
1.832596	0.418037	1.360082	10	90	98	593.346
-2.094395	2.343981	-1.040456	94	7	14	593.168
-2.356194	1.904882	-1.478089	109	101	15	592.932
0.523599	2.407836	1.410646	91	2	16	592.920
1.047198	1.662363	0.915448	95	107	11	592.611
0.000000	1.904882	-1.478089	3	18	17	592.593
-0.261799	2.089241	-0.114193	103	16	22	592.580
-0.785398	2.153910	-1.714959	92	99	2	592.458
2.617994	0.290380	-0.796960	92	16	11	592.322
-1.308997	2.588535	-2.976617	104	96	96	592.230
1.047198	1.301460	-0.509251	94	16	15	592.120
1.308997	2.063651	-2.044600	8	26	0	592.062
-1.308997	0.866395	-2.492918	93	108	12	592.038
2.094395	2.356369	3.005869	15	12	91	592.017
-1.832596	0.960688	-0.577532	90	4	100	591.582
-0.523599	0.640596	-2.797608	19	102	97	591.558
-0.523599	0.960688	-0.577532	23	25	110	591.416
-2.879793	1.658653	-2.409879	104	94	110	591.162
-0.523599	0.866955	-0.931351	22	24	107	591.100
2.356194	1.872854	1.543456	91	111	104	590.979
1.570796	2.033014	2.977192	84	6	14	590.820
1.570796	2.704512	1.488683	107	8	85	590.784
2.356194	1.699788	2.452890	95	95	109	590.694
-1.047198	1.256302	0.062705	1	14	93	590.645
-3.141593	0.203748	0.590255	18	93	100	590.644
-2.356194	1.617114	-1.572037	99	105	9	590.617
0.000000	1.413430	2.550734	12	8	93	590.549
0.523599	1.554776	0.100351	93	17	16	590.535
-0.261799	1.599406	1.426070	96	104	95	590.512
-0.785398	0.700570	1.559208	16	0	92	590.436
1.570796	0.700570	1.559208	108	7	90	590.405
-2.094395	1.736875	3.023612	7	14	94	590.384
-1.308997	0.733948	3.021411	99	110	100	590.305
2.094395	0.370812	-2.547742	99	111	91	590.092
2.879793	1.766067	2.153843	10	84	100	590.061
2.617994	2.164094	-2.991358	5	19	93	589.969
-0.261799	2.404280	-0.174044	92	107	97	589.890
-2.617994	2.164094	-2.991358	107	102	14	589.816
-0.785398	2.863997	0.549740	101	10	90	589.710
-0.523599	0.591903	2.010408	103	4	93	589.702
1.047198	1.448123	-2.163292	92	22	9	589.651
-2.617994	1.504028	0.636812	92	108	110	589.621
0.523599	2.063651	-2.044600	94	111	2	589.576
1.832596	1.168678	2.108595	0	9	92	589.412
2.617994	0.615174	-0.666022	93	105	0	589.344
1.832596	1.555207	1.708892	87	5	105	589.340
1.832596	0.709924	0.218797	106	104	13	589.152
1.570796	1.256302	0.062705	90	1	10	589.093
-2.879793	1.736875	3.023612	8	11	94	588.904
-0.785398	2.343981	-1.040456	6	107	19	588.890
0.000000	1.417623	-0.202254	104	24	18	588.873
2.879793	0.418037	1.360082	102	97	93	588.736
0.785398	1.982574	-1.115518	104	19	21	588.628
-2.879793	2.349581	-2.702517	106	95	8	588.587
-0.261799	2.719179	-1.780644	94	97	106	588.530
2.879793	2.393226	1.857173	93	107	110	588.503
2.879793	0.618092	2.539118	104	101	94	588.465
-0.261799	1.721184	-0.153948	105	20	20	588.411
1.308997	1.413347	-1.339188	96	22	13	588.389
-2.879793	1.374601	-2.456031	102	17	96	588.336
-0.523599	2.592629	0.909713	110	104	91	588.210
-0.785398	1.683268	0.374177	15	110	96	588.172
1.047198	1.113094	-0.272241	92	14	13	588.151
0.785398	0.700570	1.559208	110	14	90	588.143
1.308997	1.335669	0.897240	96	5	96	588.093
-0.261799	1.836682	-0.676006	0	17	22	588.077
-3.141593	1.374601	-2.456031	98	103	4	588.073
-0.785398	0.864993	2.278281	0	23	17	588.024
-0.261799	2.180315	-1.357379	12	14	16	587.920
-1.047198	2.637879	2.121598	12	2	86	587.907
-0.785398	2.456751	-1.503343	3	109	18	587.905
-0.523599	0.379747	-1.713059	95	102	106	587.876
-0.261799	1.301460	-0.509251	7	12	16	587.860
0.000000	2.587733	0.232235	100	1	19	587.790
-3.141593	2.033014	2.977192	101	102	12	587.779
-2.094395	0.961715	0.014085	91	110	103	587.655
-3.141593	1.875281	0.107086	14	29	106	587.604
0.000000	1.872854	1.543456	101	110	86	587.511
2.094395	1.128190	-2.288622	94	103	95	587.448
-2.356194	2.063651	-2.044600	98	8	93	587.428
2.879793	1.134497	-1.109631	95	105	9	587.416
2.879793	1.756530	-2.105156	92	111	9	587.241
-3.141593	1.736875	3.023612	107	102	97	587.154
0.785398	0.762244	-0.273349	93	5	99	587.039
0.261799	2.592629	0.909713	95	2	17	586.979
-0.261799	2.396274	-1.959260	100	103	96	586.933
-1.832596	2.984978	1.954446	94	0	7	586.931
1.832596	1.998705	2.370472	15	12	14	586.787
-0.261799	2.760637	2.781135	111	16	23	586.634
0.523599	0.418037	1.360082	97	110	98	586.601
-0.785398	1.875281	0.107086	95	103	100	586.340
-0.785398	0.762244	-0.273349	23	25	107	586.198
-2.617994	2.588535	-2.976617	22	21	3	586.131
-2.617994	2.704512	1.488683	92	2	0	586.101
-1.047198	1.168678	2.108595	22	0	97	586.073
-2.094395	2.984978	1.954446	26	2	1	586.016
-0.785398	2.407836	1.410646	11	27	111	586.008
2.356194	2.664082	-1.071402	9	3	18	585.966
1.047198	2.407836	1.410646	92	111	15	585.944
-2.094395	2.187132	-0.479875	20	106	100	585.871
-2.879793	2.187132	-0.479875	95	17	13	585.830
-1.308997	2.396274	-1.959260	85	0	104	585.737
-1.832596	0.297065	2.160177	1	107	92	585.612
-1.308997	1.870545	-2.976234	91	102	107	585.506
1.570796	0.899350	-2.069907	92	1	91	585.496
-0.523599	1.696674	-1.253233	13	4	15	585.484
-1.832596	1.809167	1.213774	27	105	108	585.450
0.523599	1.904882	-1.478089	1	17	17	585.400
-1.047198	1.113094	-0.272241	16	22	6	585.355
-1.832596	2.299159	2.264663	27	109	108	585.157
2.617994	0.914445	2.687814	4	7	90	584.976
-3.141593	2.579248	-2.364801	93	6	12	584.928
1.832596	2.104282	-0.813972	0	13	17	584.748
0.000000	1.998705	2.370472	109	26	103	584.688
1.047198	1.134796	2.434290	7	10	92	584.567
0.261799	1.904882	-1.478089	2	15	17	584.562
-1.047198	1.134497	-1.109631	94	1	97	584.551
0.523599	1.998705	2.370472	102	101	102	584.512
1.047198	1.809167	1.213774	95	107	108	584.421
-3.141593	1.870545	-2.976234	98	105	11	584.396
-1.570796	2.089241	-0.114193	88	6	99	584.371
1.570796	2.089241	-0.114193	101	8	95	584.264
-2.356194	2.455966	-0.641220	6	13	17	584.197
-0.523599	1.812176	0.656819	89	0	95	584.095
-0.261799	2.863997	0.549740	88	13	94	584.085
-3.141593	1.510910	-0.740472	23	106	102	584.059
-2.356194	0.866395	-2.492918	98	105	109	583.924
2.094395	2.587733	0.232235	1	8	25	583.838
-0.523599	0.700570	1.559208	15	2	92	583.776
-2.617994	1.113094	-0.272241	104	104	14	583.763
0.261799	0.914445	2.687814	12	5	91	583.599
-1.308997	1.184361	0.625864	21	26	108	583.525
-1.832596	1.982574	-1.115518	1	0	21	583.487
0.261799	1.909857	-0.381669	106	18	98	583.440
-0.523599	2.187132	-0.479875	88	108	104	583.372
0.000000	1.977582	0.969896	94	109	90	583.285
0.785398	1.846342	-1.796954	100	110	93	583.161
0.785398	1.128190	-2.288622	16	25	98	583.098
-1.308997	0.850607	-1.335383	87	106	104	583.054
0.523599	1.135813	-2.658866	90	12	6	583.029
-0.261799	1.606104	-0.451151	108	21	19	582.984
-3.141593	1.599406	1.426070	98	105	102	582.970
-1.832596	2.592629	0.909713	15	23	8	582.943
1.308997	1.982574	-1.115518	97	3	96	582.878
-1.570796	0.619654	-2.216909	98	109	17	582.765
2.879793	1.998705	2.370472	95	107	110	582.763
-1.570796	2.063651	-2.044600	85	107	3	582.599
-1.570796	0.290380	-0.796960	91	104	0	582.575
-0.523599	0.929350	-2.910676	12	100	91	582.433
0.261799	1.812176	0.656819	94	18	19	582.350
-2.879793	1.135813	-2.658866	95	107	109	582.320
-1.047198	1.135834	-1.431087	92	0	15	582.271
0.785398	1.721184	-0.153948	106	9	95	582.225
-1.308997	2.174483	2.653697	26	111	106	582.062
2.879793	1.448123	-2.163292	91	111	6	582.027
1.832596	0.297065	2.160177	16	90	97	581.986
-1.047198	1.569311	-3.003978	20	101	98	581.706
1.047198	0.700570	1.559208	109	11	90	581.701
0.261799	1.606104	-0.451151	95	23	12	581.522
-1.308997	2.108018	1.311430	91	108	103	581.505
1.832596	1.247695	1.809890	88	7	100	581.450
-2.617994	1.732874	-0.951685	0	103	17	581.427
2.879793	2.587733	0.232235	15	95	12	581.332
-2.617994	1.658653	-2.409879	101	13	95	581.312
1.832596	2.724429	-0.348782	1	13	24	581.301
-2.879793	2.760637	2.781135	95	2	90	581.283
-1.308997	1.301460	-0.509251	22	14	9	581.245
-1.308997	0.458961	-0.107937	96	2	101	581.235
2.356194	1.448123	-2.163292	91	102	1	581.217
-0.523599	0.290380	-0.796960	0	9	22	581.134
-0.785398	1.574060	2.783565	94	102	106	580.945
0.000000	2.455966	-0.641220	110	0	19	580.943
2.356194	0.733948	3.021411	99	100	97	580.935
-1.570796	2.174483	2.653697	22	101	101	580.836
-1.832596	1.721184	-0.153948	11	111	18	580.632
2.356194	0.762244	-0.273349	94	103	3	580.598
-0.523599	2.455966	-0.641220	90	106	102	580.526
2.617994	0.762244	-0.273349	93	102	0	580.242
2.879793	2.592629	0.909713	90	2	2	580.201
0.000000	0.618092	2.539118	6	92	95	580.171
-2.879793	0.910508	1.903534	95	110	99	580.142
2.879793	2.356369	3.005869	104	21	94	580.063
0.261799	1.450119	-2.739050	86	14	5	580.054
1.308997	1.184361	0.625864	105	101	96	579.939
-1.832596	2.295480	1.008277	23	21	3	579.907
-3.141593	1.335669	0.897240	97	0	98	579.816
1.832596	1.417623	-0.202254	88	111	104	579.815
-1.308997	2.001437	0.381215	16	23	5	579.676
2.356194	2.089241	-0.114193	103	104	100	579.652
-2.879793	1.391910	3.030322	95	109	101	579.627
-2.356194	1.732874	-0.951685	110	103	17	579.492
-1.570796	0.080730	-2.622036	15	6	87	579.340
1.570796	0.864993	2.278281	13	98	96	579.298
2.879793	2.174483	2.653697	94	107	0	579.281
-2.617994	2.356369	3.005869	20	23	4	579.271
-1.832596	1.606104	-0.451151	5	1	91	579.243
-3.141593	2.295480	1.008277	98	105	104	579.198
-1.047198	1.606104	-0.451151	14	18	14	579.184
0.261799	1.134497	-1.109631	107	108	93	579.124
-0.785398	2.588535	-2.976617	7	11	90	579.030
1.308997	2.251330	-2.330739	94	107	99	579.016
1.570796	2.881233	-2.582574	97	105	92	578.878
-0.261799	0.297065	2.160177	97	106	110	578.802
-0.261799	2.247462	0.191623	84	0	101	578.640
0.523599	1.824694	1.850876	98	103	0	578.625
2.617994	1.504028	0.636812	88	103	110	578.561
0.261799	2.979456	-1.009304	0	105	19	578.483
0.261799	1.510910	-0.740472	107	24	18	578.256
-2.617994	0.297065	2.160177	101	110	93	578.215
-1.047198	1.662363	0.915448	90	11	12	578.141
-2.617994	0.370812	-2.547742	104	102	98	578.012
0.785398	1.488617	1.159546	18	18	11	577.913
1.832596	1.448123	-2.163292	88	106	99	577.904
2.356194	1.696674	-1.253233	111	10	89	577.859
-0.523599	2.396274	-1.959260	98	104	96	577.795
0.523599	1.696674	-1.253233	97	10	96	577.787
0.261799	2.881233	-2.582574	14	27	7	577.736
-0.523599	0.619654	-2.216909	21	102	95	577.728
-1.570796	0.496451	0.593859	96	0	100	577.574
0.785398	0.290380	-0.796960	97	2	96	577.562
-2.617994	1.367556	0.358405	91	107	108	577.558
0.261799	0.080730	-2.622036	94	103	0	577.333
0.000000	0.615174	-0.666022	15	28	105	577.305
-1.047198	0.203748	0.590255	98	110	96	577.243
-1.570796	1.662363	0.915448	23	24	110	577.156
1.308997	2.356369	3.005869	14	7	13	577.145
0.785398	1.658653	-2.409879	100	104	95	577.142
0.000000	1.909857	-0.381669	106	17	98	577.018
0.000000	1.662363	0.915448	96	0	12	576.798
2.356194	1.256302	0.062705	87	109	99	576.731
0.261799	0.571433	-1.188419	13	27	106	576.633
2.617994	1.554776	0.100351	87	108	100	576.625
-1.570796	2.704512	1.488683	13	24	10	576.602
-1.308997	1.662363	0.915448	19	27	0	576.592
-0.523599	1.413347	-1.339188	20	16	8	576.585
-0.785398	1.440580	2.260026	6	22	95	576.509
0.000000	0.619654	-2.216909	96	99	108	576.487
-3.141593	1.448123	-2.163292	97	103	5	576.443
-2.879793	1.606104	-0.451151	8	106	93	576.412
-2.879793	0.379747	-1.713059	96	106	106	576.353
-0.261799	1.555207	1.708892	97	103	103	576.346
-0.523599	1.574060	2.783565	96	101	106	576.319
0.785398	1.741644	-2.695914	100	100	99	576.250
-0.785398	2.174483	2.653697	102	109	93	576.180
-2.356194	2.984978	1.954446	20	98	10	576.144
-2.094395	0.674054	1.013609	100	111	97	576.115
0.523599	0.290380	-0.796960	96	4	96	576.035
-3.141593	2.379497	0.561089	93	0	106	575.977
0.523599	1.488617	1.159546	98	109	12	575.917
2.094395	2.089241	-0.114193	85	111	108	575.758
-1.047198	2.299159	2.264663	93	108	99	575.737
-2.094395	2.115563	0.685730	16	19	12	575.729
-1.047198	2.704512	1.488683	10	27	5	575.430
-1.308997	2.356369	3.005869	96	108	95	575.376
-0.785398	2.295480	1.008277	97	5	91	575.370
2.094395	2.664082	-1.071402	92	8	93	575.235
2.617994	1.904882	-1.478089	88	9	11	575.220
-2.356194	2.664082	-1.071402	99	17	92	575.157
1.832596	0.458961	-0.107937	94	20	13	575.051
-0.261799	1.135813	-2.658866	23	1	99	575.034
-1.570796	1.824694	1.850876	92	107	4	574.933
0.523599	0.700570	1.559208	95	111	99	574.921
1.570796	2.073035	2.027405	16	14	13	574.902
1.308997	2.180315	-1.357379	107	18	19	574.891
-1.308997	0.866955	-0.931351	91	2	99	574.873
0.785398	1.555207	1.708892	14	20	6	574.873
-2.094395	1.836682	-0.676006	7	104	19	574.850
2.617994	2.407836	1.410646	95	106	109	574.724
2.094395	1.325504	-1.671296	92	21	8	574.609
1.832596	2.174483	2.653697	95	100	109	574.544
-1.308997	1.998705	2.370472	91	109	98	574.499
1.832596	0.961715	0.014085	92	108	6	574.499
1.047198	1.699788	2.452890	108	9	94	574.240
1.832596	2.073035	2.027405	5	15	18	574.157
-1.047198	1.184361	0.625864	5	9	91	574.109
0.523599	1.247695	1.809890	111	20	95	574.100
-1.570796	1.413347	-1.339188	88	5	12	574.028
0.000000	2.299159	2.264663	109	27	107	574.016
2.617994	2.863997	0.549740	18	98	12	573.884
2.617994	2.174483	2.653697	100	95	4	573.732
-1.308997	1.504028	0.636812	19	26	0	573.693
-1.047198	1.218453	2.777284	13	98	95	573.571
-2.094395	0.866395	-2.492918	100	105	102	573.504
-0.785398	0.685216	-1.712745	89	104	105	573.468
-2.094395	2.063651	-2.044600	98	4	93	573.381
-1.570796	1.050534	3.042579	10	21	12	573.358
-3.141593	1.766067	2.153843	13	85	100	573.303
0.785398	1.417623	-0.202254	90	17	12	573.283
0.000000	1.606104	-0.451151	107	23	20	573.147
2.879793	2.063651	-2.044600	91	7	11	573.065
0.000000	1.367556	0.358405	97	26	13	572.974
-1.570796	2.863997	0.549740	10	23	9	572.902
2.617994	0.831641	0.616218	87	108	99	572.857
-1.047198	2.251330	-2.330739	92	108	99	572.349
-1.308997	2.637879	2.121598	96	110	95	572.341
1.047198	1.948085	-2.363031	101	105	94	572.302
0.261799	1.417623	-0.202254	102	25	18	572.012
-1.308997	1.045978	0.343692	22	24	108	571.889
1.047198	1.413430	2.550734	7	16	93	571.734
-0.785398	1.846342	-1.796954	25	24	3	571.667
-2.879793	0.850607	-1.335383	98	105	7	571.318
-2.094395	1.870545	-2.976234	88	10	102	571.257
-1.047198	0.709924	0.218797	15	26	111	571.070
-0.523599	1.904882	-1.478089	9	13	16	570.878
-0.523599	1.256302	0.062705	103	28	7	570.793
2.617994	1.310100	1.488307	8	84	100	570.616
-1.570796	1.168678	2.108595	26	106	99	570.553
2.879793	2.407836	1.410646	97	104	109	570.459
2.356194	0.906588	1.252948	107	111	92	570.302
-2.356194	0.419640	2.974122	104	108	95	569.992
-0.785398	1.545873	-1.877082	23	25	110	569.950
2.879793	1.869911	2.701025	95	104	9	569.909
2.094395	0.906588	1.252948	106	1	92	569.829
0.261799	2.343981	-1.040456	5	15	21	569.716
-2.356194	1.872854	1.543456	22	96	106	569.716
0.523599	2.041297	-2.664597	94	106	96	569.531
-2.617994	2.379497	0.561089	98	100	3	569.518
0.000000	2.001437	0.381215	98	17	21	569.510
0.000000	1.194549	-0.801900	21	101	96	569.355
1.047198	2.251330	-2.330739	6	28	111	569.301
-2.617994	1.014500	0.906702	101	111	95	569.256
-2.617994	1.569311	-3.003978	10	15	93	569.176
-0.785398	1.736875	3.023612	21	1	96	569.136
2.094395	1.982574	-1.115518	105	8	90	569.126
-2.356194	1.699788	2.452890	25	106	98	569.103
-1.570796	2.299159	2.264663	26	0	108	569.054
-0.523599	2.478122	2.609777	4	89	4	569.036
-0.523599	0.297065	2.160177	102	108	96	569.022
-1.570796	2.404280	-0.174044	96	17	14	569.022
2.094395	1.413347	-1.339188	92	107	94	569.016
-2.356194	0.203748	0.590255	100	101	13	568.900
-1.832596	0.080730	-2.622036	15	8	87	568.860
-2.617994	0.960688	-0.577532	102	103	12	568.799
1.047198	2.396274	-1.959260	13	25	3	568.750
-0.523599	1.367556	0.358405	4	10	91	568.611
1.047198	1.574060	2.783565	109	19	96	568.567
-2.879793	1.696674	-1.253233	98	106	14	568.538
-1.570796	0.866395	-2.492918	94	108	15	568.507
-0.785398	1.168678	2.108595	4	21	94	568.345
2.356194	0.850607	-1.335383	92	109	1	568.231
1.047198	1.510910	-0.740472	4	17	14	567.995
0.261799	1.875281	0.107086	96	16	18	567.990
-1.047198	1.194549	-0.801900	18	18	8	567.950
2.879793	1.014500	0.906702	14	83	104	567.919
2.356194	1.301460	-0.509251	90	111	94	567.877
-1.570796	2.164094	-2.991358	24	106	101	567.844
0.523599	2.115563	0.685730	94	11	20	567.657
-0.261799	0.850607	-1.335383	98	106	98	567.549
1.047198	2.592629	0.909713	100	105	17	567.502
-0.785398	1.218453	2.777284	93	103	0	567.455
-1.047198	0.960688	-0.577532	27	19	109	567.343
0.000000	0.418037	1.360082	98	6	20	567.327
2.356194	2.073035	2.027405	98	96	7	567.314
-2.094395	1.683268	0.374177	95	103	106	567.289
-2.617994	1.836682	-0.676006	89	3	97	567.187
2.094395	1.662363	0.915448	105	107	94	567.083
-2.094395	0.640596	-2.797608	97	110	99	567.075
1.832596	1.301460	-0.509251	90	0	97	567.062
2.356194	1.904882	-1.478089	87	13	11	567.022
1.570796	1.417623	-0.202254	106	94	7	567.007
-1.832596	1.812176	0.656819	19	18	13	566.876
0.261799	2.379497	0.561089	98	3	19	566.873
-1.832596	1.367556	0.358405	18	20	5	566.807
1.047198	0.591903	2.010408	5	91	95	566.742
0.785398	0.910508	1.903534	10	6	92	566.721
0.785398	0.733948	3.021411	94	102	0	566.687
-3.141593	0.929350	-2.910676	92	111	106	566.617
-3.141593	1.134497	-1.109631	98	106	11	566.570
-3.141593	1.732874	-0.951685	24	106	105	566.517
-2.879793	0.906588	1.252948	95	3	98	566.512
-2.356194	0.290380	-0.796960	17	90	103	566.507
0.785398	1.195355	1.200319	99	111	15	566.470
-1.832596	0.496451	0.593859	95	3	99	566.381
1.570796	1.504028	0.636812	94	1	98	566.310
-1.832596	1.195355	1.200319	27	105	99	566.235
0.523599	1.909857	-0.381669	111	1	19	566.167
1.308997	0.906588	1.252948	106	11	92	566.131
-1.570796	1.417623	-0.202254	14	5	15	566.049
2.094395	1.683268	0.374177	100	109	96	566.022
1.832596	1.617114	-1.572037	85	19	5	565.978
1.832596	0.864993	2.278281	15	99	97	565.948
-2.356194	1.736875	3.023612	24	103	97	565.763
2.094395	2.478122	2.609777	86	4	4	565.711
-2.094395	2.393226	1.857173	27	111	110	565.705
2.094395	2.455966	-0.641220	12	26	102	565.688
-1.047198	0.831641	0.616218	0	9	91	565.662
-1.047198	1.998705	2.370472	104	101	91	565.661
-1.047198	2.295480	1.008277	4	27	6	565.625
0.785398	0.618092	2.539118	8	93	94	565.622
2.617994	0.297065	2.160177	105	101	90	565.614
-1.308997	0.418037	1.360082	110	2	90	565.610
0.000000	2.180315	-1.357379	12	14	16	565.575
-2.617994	1.506530	1.988858	22	7	97	565.570
0.000000	2.404280	-0.174044	106	0	20	565.484
-1.570796	2.295480	1.008277	18	25	111	565.472
-2.094395	1.218453	2.777284	7	12	18	565.466
-0.785398	2.393226	1.857173	1	0	86	565.443
1.308997	1.599406	1.426070	97	107	103	565.422
-0.523599	1.846342	-1.796954	94	103	103	565.399
2.356194	0.496451	0.593859	8	94	94	565.359
1.832596	2.343981	-1.040456	106	15	21	565.318
1.047198	2.187132	-0.479875	10	11	19	565.150
0.785398	1.413430	2.550734	7	13	93	565.051
0.000000	1.413347	-1.339188	16	20	8	565.046
2.617994	1.510910	-0.740472	90	103	99	564.937
2.617994	1.545873	-1.877082	88	9	6	564.862
-0.523599	2.174483	2.653697	104	106	93	564.859
1.832596	2.299159	2.264663	85	5	2	564.827
-1.832596	2.115563	0.685730	18	23	2	564.820
-1.832596	1.504028	0.636812	21	16	11	564.788
-0.261799	0.203748	0.590255	102	0	94	564.783
-3.141593	2.174483	2.653697	14	27	6	564.695
-1.308997	0.203748	0.590255	96	1	96	564.649
2.879793	1.301460	-0.509251	93	101	97	564.581
-1.308997	2.704512	1.488683	12	27	5	564.535
-2.356194	0.960688	-0.577532	104	104	13	564.484
0.523599	1.982574	-1.115518	2	9	18	564.430
1.832596	1.128190	-2.288622	91	107	95	564.396
-1.570796	2.247462	0.191623	96	22	94	564.356
0.000000	2.295480	1.008277	94	3	88	564.334
-1.308997	1.869911	2.701025	25	108	102	564.190
-2.094395	1.488617	1.159546	14	109	92	564.081
2.879793	1.504028	0.636812	90	102	106	564.002
2.879793	2.073035	2.027405	95	106	108	563.965
0.000000	0.960688	-0.577532	103	28	7	563.945
1.832596	1.510910	-0.740472	108	94	8	563.933
1.570796	0.203748	0.590255	11	5	88	563.898
-2.617994	1.488617	1.159546	93	108	4	563.854
-0.785398	0.929350	-2.910676	12	98	91	563.748
-1.308997	1.256302	0.062705	21	18	9	563.734
0.523599	2.881233	-2.582574	14	26	5	563.617
0.261799	1.998705	2.370472	104	100	101	563.599
-2.879793	2.138223	1.678323	25	95	1	563.545
-2.617994	0.700570	1.559208	110	103	93	563.513
1.832596	1.391910	3.030322	23	110	99	563.484
2.094395	1.413430	2.550734	26	0	103	563.384
-1.308997	1.134497	-1.109631	90	104	101	563.155
0.261799	1.721184	-0.153948	99	19	19	563.144
-2.094395	2.664082	-1.071402	95	5	16	563.131
0.523599	1.134497	-1.109631	99	110	102	563.060
-2.879793	1.413430	2.550734	17	4	92	562.958
2.617994	1.732874	-0.951685	106	12	91	562.832
1.308997	1.545873	-1.877082	89	15	11	562.789
-1.047198	1.904882	-1.478089	89	106	8	562.696
-0.261799	0.571433	-1.188419	96	2	101	562.579
-1.570796	2.251330	-2.330739	87	104	108	562.542
-1.047198	1.732874	-0.951685	16	15	13	562.500
1.832596	1.554776	0.100351	86	5	101	562.320
-2.094395	0.866955	-0.931351	103	102	12	562.231
-1.047198	0.929350	-2.910676	91	5	102	562.227
0.261799	0.379747	-1.713059	107	1	85	562.156
-2.617994	0.458961	-0.107937	19	89	104	562.139
1.570796	2.724429	-0.348782	2	13	24	562.128
2.617994	1.134796	2.434290	100	97	99	562.007
-2.356194	2.393226	1.857173	28	110	109	561.988
0.261799	1.872854	1.543456	102	99	0	561.980
1.047198	1.909857	-0.381669	103	6	95	561.959
2.879793	2.138223	1.678323	22	103	104	561.876
2.094395	1.617114	-1.572037	91	104	96	561.747
1.570796	2.719179	-1.780644	92	3	93	561.661
-2.356194	2.404280	-0.174044	97	18	15	561.637
-1.047198	1.413430	2.550734	92	104	105	561.497
2.879793	1.554776	0.100351	89	100	109	561.445
-2.617994	1.736875	3.023612	13	14	94	561.419
-2.094395	0.762244	-0.273349	27	108	108	561.409
-0.785398	1.506530	1.988858	5	23	98	561.219
-2.879793	0.961715	0.014085	100	17	100	561.163
1.047198	0.960688	-0.577532	91	3	100	560.982
-0.523599	2.349581	-2.702517	94	107	99	560.943
-1.570796	1.134497	-1.109631	88	108	101	560.936
-0.261799	2.592629	0.909713	100	4	90	560.861
-2.879793	0.458961	-0.107937	17	88	104	560.829
-2.356194	0.618092	2.539118	109	109	93	560.766
1.047198	2.984978	1.954446	98	107	103	560.755
-0.523599	0.910508	1.903534	2	22	17	560.738
0.785398	0.685216	-1.712745	94	109	5	560.731
0.000000	1.184361	0.625864	109	20	95	560.495
-1.832596	1.218453	2.777284	19	12	91	560.456
-2.356194	2.089241	-0.114193	88	109	103	560.391
-0.523599	1.450119	-2.739050	26	6	100	560.377
0.261799	1.050534	3.042579	91	110	104	560.372
-2.356194	1.569311	-3.003978	10	15	93	560.344
-3.141593	1.836682	-0.676006	97	96	105	560.339
0.523599	0.685216	-1.712745	16	26	102	560.320
0.785398	2.396274	-1.959260	87	4	1	560.255
-1.832596	1.998705	2.370472	26	108	104	560.164
2.617994	2.108018	1.311430	96	108	101	560.108
0.000000	1.113094	-0.272241	101	28	9	560.057
-0.261799	0.080730	-2.622036	18	97	98	559.890
-3.141593	2.724429	-0.348782	7	20	15	559.775
-3.141593	2.455966	-0.641220	92	2	95	559.648
-0.261799	2.001437	0.381215	86	111	98	559.613
-0.261799	1.662363	0.915448	89	107	103	559.584
0.785398	1.448123	-2.163292	11	29	102	559.471
1.047198	1.025536	1.576859	108	18	94	559.439
-1.832596	1.836682	-0.676006	3	108	19	559.427
2.879793	2.979456	-1.009304	92	109	93	559.417
0.785398	0.419640	2.974122	16	101	95	559.270
0.261799	0.619654	-2.216909	97	100	106	559.266
2.356194	1.809167	1.213774	92	110	103	559.237
2.356194	1.128190	-2.288622	92	104	107	559.134
-2.617994	2.115563	0.685730	98	99	1	559.098
-2.356194	2.001437	0.381215	95	104	105	559.049
0.785398	1.904882	-1.478089	95	108	108	558.972
-1.047198	2.164094	-2.991358	26	111	101	558.934
1.308997	1.134796	2.434290	4	9	91	558.867
-0.785398	1.809167	1.213774	94	111	93	558.849
2.094395	1.301460	-0.509251	92	109	11	558.780
2.879793	1.696674	-1.253233	99	17	17	558.592
-3.141593	2.343981	-1.040456	7	106	18	558.580
1.047198	2.041297	-2.664597	4	27	108	558.531
-3.141593	1.869911	2.701025	97	104	8	558.527
2.094395	0.929350	-2.910676	96	101	97	558.525
-3.141593	1.696674	-1.253233	95	109	14	558.503
-1.047198	0.866395	-2.492918	14	94	92	558.380
0.523599	0.370812	-2.547742	97	100	111	558.288
1.047198	0.618092	2.539118	10	92	94	558.174
-0.523599	2.108018	1.311430	96	3	90	558.111
-1.308997	1.113094	-0.272241	18	20	6	558.074
-0.785398	0.618092	2.539118	0	26	13	558.061
0.261799	0.864993	2.278281	95	107	2	558.027
1.832596	2.456751	-1.503343	93	109	99	558.019
-0.523599	2.863997	0.549740	102	105	94	557.955
-1.308997	0.370812	-2.547742	101	107	17	557.948
1.047198	1.310100	1.488307	97	110	99	557.838
-2.094395	2.704512	1.488683	98	106	8	557.597
-2.356194	1.413430	2.550734	17	8	93	557.596
-1.047198	2.478122	2.609777	108	101	92	557.566
0.261799	2.073035	2.027405	100	102	103	557.534
-2.617994	2.587733	0.232235	12	18	14	557.463
0.261799	1.554776	0.100351	98	22	18	557.451
-0.261799	1.450119	-2.739050	24	9	100	557.425
1.832596	1.134497	-1.109631	89	5	7	557.393
0.000000	1.247695	1.809890	107	99	91	557.360
0.785398	1.335669	0.897240	89	6	105	557.310
0.523599	1.658653	-2.409879	98	105	95	557.272
0.785398	0.615174	-0.666022	95	3	95	557.166
2.617994	1.184361	0.625864	87	108	101	556.929
0.000000	2.407836	1.410646	104	1	88	556.926
1.308997	1.301460	-0.509251	101	98	107	556.770
2.094395	1.184361	0.625864	84	4	101	556.689
-2.879793	2.588535	-2.976617	104	99	9	556.622
2.094395	1.766067	2.153843	88	2	106	556.506
-2.356194	1.909857	-0.381669	17	104	97	556.439
2.356194	1.413430	2.550734	95	98	102	556.307
1.047198	0.619654	-2.216909	94	111	7	556.248
-2.356194	2.153910	-1.714959	96	110	11	555.997
2.617994	1.875281	0.107086	93	5	101	555.887
1.308997	2.760637	2.781135	102	108	95	555.875
-2.094395	1.812176	0.656819	18	17	12	555.793
1.832596	1.325504	-1.671296	93	22	8	555.760
0.261799	0.960688	-0.577532	98	25	9	555.688
1.047198	1.836682	-0.676006	108	5	20	555.653
2.356194	2.164094	-2.991358	92	109	14	555.649
2.094395	0.458961	-0.107937	94	105	0	555.635
-0.523599	1.301460	-0.509251	104	10	97	555.548
0.000000	1.391910	3.030322	17	9	95	555.365
2.617994	2.984978	1.954446	108	100	15	555.365
-2.879793	1.510910	-0.740472	107	104	18	555.338
2.879793	1.184361	0.625864	13	82	109	555.332
2.356194	1.662363	0.915448	93	108	102	555.323
-1.570796	0.929350	-2.910676	99	109	101	555.236
-1.832596	2.979456	-1.009304	10	111	23	555.203
1.047198	0.674054	1.013609	89	11	11	555.203
-0.261799	1.134796	2.434290	101	99	108	555.188
1.047198	0.850607	-1.335383	13	24	0	554.922
2.879793	2.247462	0.191623	14	91	11	554.865
0.785398	2.379497	0.561089	100	109	18	554.859
2.879793	1.417623	-0.202254	90	101	103	554.846
-1.047198	1.812176	0.656819	94	6	15	554.818
-0.261799	1.809167	1.213774	94	111	88	554.508
-1.047198	2.041297	-2.664597	92	103	106	554.500
1.832596	2.138223	1.678323	17	22	9	554.499
-0.523599	2.407836	1.410646	107	8	84	554.488
1.570796	2.396274	-1.959260	87	107	11	554.478
2.617994	1.242974	-2.977882	98	97	103	554.414
0.000000	1.510910	-0.740472	109	110	20	554.394
1.570796	2.637879	2.121598	93	105	11	554.366
-2.356194	1.488617	1.159546	15	110	92	554.314
-2.356194	1.766067	2.153843	27	107	101	554.294
0.523599	2.001437	0.381215	100	111	16	554.115
2.879793	0.591903	2.010408	106	98	93	554.075
-2.356194	1.184361	0.625864	104	0	95	554.070
2.879793	2.404280	-0.174044	92	109	106	554.068
-1.047198	1.450119	-2.739050	20	98	98	554.018
0.261799	1.617114	-1.572037	7	24	10	554.010
-0.261799	2.108018	1.311430	97	3	87	553.954
-2.094395	1.569311	-3.003978	15	13	13	553.810
0.000000	0.419640	2.974122	18	110	93	553.758
-2.879793	2.033014	2.977192	101	105	12	553.633
-1.047198	2.407836	1.410646	14	27	0	553.518
-2.617994	2.073035	2.027405	20	92	104	553.457
2.094395	1.135834	-1.431087	97	107	89	553.400
-2.879793	0.615174	-0.666022	12	88	95	553.335
1.832596	2.719179	-1.780644	95	1	90	553.214
2.617994	2.396274	-1.959260	91	13	13	553.212
-1.047198	1.045978	0.343692	20	27	108	553.096
2.356194	2.724429	-0.348782	93	106	0	553.087
-3.141593	2.104282	-0.813972	104	1	91	553.070
2.356194	1.134796	2.434290	1	4	91	552.987
-0.785398	0.733948	3.021411	90	6	105	552.975
1.832596	2.760637	2.781135	101	105	102	552.938
1.047198	1.014500	0.906702	92	110	105	552.931
-2.617994	2.001437	0.381215	17	18	7	552.858
-1.047198	2.396274	-1.959260	95	103	101	552.849
1.832596	1.218453	2.777284	6	10	91	552.731
2.617994	1.977582	0.969896	95	106	104	552.663
-2.617994	2.404280	-0.174044	5	20	14	552.592
-2.356194	2.033014	2.977192	22	93	101	552.367
-2.879793	1.134796	2.434290	17	7	92	552.255
1.832596	1.214854	-1.966664	91	108	94	552.185
-2.094395	2.073035	2.027405	28	110	105	552.123
-0.785398	2.356369	3.005869	27	4	2	552.115
-2.879793	2.001437	0.381215	96	99	110	552.043
2.356194	1.909857	-0.381669	86	108	104	551.867
-1.832596	1.870545	-2.976234	86	106	105	551.852
2.879793	1.569311	-3.003978	17	10	13	551.810
2.094395	1.135813	-2.658866	95	101	96	551.795
-1.308997	0.496451	0.593859	16	26	105	551.703
-2.356194	1.374601	-2.456031	96	17	97	551.677
2.879793	1.045978	0.343692	89	105	99	551.595
-1.832596	0.961715	0.014085	99	2	97	551.548
0.000000	2.138223	1.678323	106	3	84	551.543
2.879793	1.413430	2.550734	98	111	98	551.529
-2.617994	2.349581	-2.702517	106	105	16	551.461
-2.879793	1.242974	-2.977882	12	7	89	551.430
1.047198	0.910508	1.903534	8	9	92	551.405
2.356194	2.455966	-0.641220	110	14	20	551.383
-2.094395	2.592629	0.909713	14	21	12	551.367
2.356194	2.187132	-0.479875	109	12	20	551.308
-0.523599	2.979456	-1.009304	102	110	90	551.295
-1.047198	2.719179	-1.780644	1	104	17	551.253
1.047198	0.866955	-0.931351	95	22	9	551.241
1.832596	1.440580	2.260026	107	7	93	551.131
-2.094395	0.418037	1.360082	98	109	98	550.870
0.000000	1.242974	-2.977882	19	0	96	550.856
-0.261799	1.113094	-0.272241	98	26	7	550.842
0.785398	2.138223	1.678323	101	102	108	550.842
1.047198	2.979456	-1.009304	25	2	3	550.791
0.523599	1.875281	0.107086	94	14	18	550.778
2.879793	1.732874	-0.951685	8	95	94	550.546
2.617994	1.433411	-1.035986	8	99	92	550.496
-0.523599	0.866395	-2.492918	19	95	100	550.465
-1.308997	2.984978	1.954446	1	14	25	550.450
0.785398	2.407836	1.410646	91	0	15	550.440
0.785398	1.450119	-2.739050	97	103	99	550.410
-1.308997	2.295480	1.008277	15	26	111	550.406
-0.785398	0.640596	-2.797608	91	2	103	550.303
-1.832596	1.554776	0.100351	96	107	98	550.218
-0.261799	2.299159	2.264663	0	28	108	550.188
-0.261799	1.875281	0.107086	101	21	19	550.140
-0.261799	2.104282	-0.813972	0	14	23	550.122
-0.261799	1.168678	2.108595	98	100	0	550.121
-2.094395	1.545873	-1.877082	106	99	100	550.090
-3.141593	0.961715	0.014085	102	20	100	549.969
0.000000	2.396274	-1.959260	5	16	18	549.880
0.000000	2.115563	0.685730	89	110	94	549.877
-2.879793	2.379497	0.561089	96	104	0	549.815
-1.047198	0.992645	-1.723759	28	4	109	549.787
2.879793	1.135813	-2.658866	97	101	109	549.781
0.523599	1.448123	-2.163292	95	107	98	549.717
2.356194	1.310100	1.488307	91	110	101	549.663
0.000000	1.696674	-1.253233	92	101	10	549.637
0.261799	1.014500	0.906702	108	24	95	549.439
1.832596	2.356369	3.005869	17	10	91	549.439
0.000000	2.393226	1.857173	0	7	85	549.375
-0.785398	0.831641	0.616218	111	9	91	549.368
-1.308997	1.658653	-2.409879	97	98	1	549.361
-1.570796	2.724429	-0.348782	98	12	92	549.318
-1.570796	0.899350	-2.069907	95	0	18	549.307
-1.047198	1.413347	-1.339188	28	6	5	549.228
-1.308997	2.251330	-2.330739	90	111	99	549.152
-1.308997	1.569311	-3.003978	92	107	104	548.941
1.308997	1.367556	0.358405	106	93	101	548.869
1.308997	1.812176	0.656819	104	95	106	548.859
1.047198	0.866395	-2.492918	98	101	111	548.831
2.617994	1.440580	2.260026	101	93	106	548.830
-0.785398	2.349581	-2.702517	92	111	98	548.800
-3.141593	2.356369	3.005869	101	104	15	548.652
-3.141593	2.001437	0.381215	0	97	99	548.640
1.832596	2.089241	-0.114193	99	8	96	548.560
2.356194	2.456751	-1.503343	0	0	18	548.494
2.094395	2.251330	-2.330739	89	16	10	548.491
0.523599	2.404280	-0.174044	104	0	19	548.468
0.523599	1.413347	-1.339188	96	6	96	548.388
-2.356194	0.733948	3.021411	107	106	95	548.354
-1.308997	2.579248	-2.364801	86	110	102	548.306
-2.094395	1.374601	-2.456031	93	15	97	548.280
-0.523599	0.961715	0.014085	11	5	16	548.157
1.832596	1.721184	-0.153948	111	6	19	548.138
-2.094395	2.637879	2.121598	24	100	4	548.124
-2.617994	1.045978	0.343692	97	11	99	548.117
0.523599	1.869911	2.701025	107	97	99	548.109
-2.879793	2.719179	-1.780644	97	108	101	548.099
-0.785398	2.063651	-2.044600	93	105	101	548.071
1.308997	0.591903	2.010408	8	89	96	548.067
-2.617994	2.456751	-1.503343	95	109	100	547.942
-2.617994	0.419640	2.974122	104	106	96	547.835
-2.879793	2.863997	0.549740	1	8	26	547.670
-0.261799	2.637879	2.121598	8	28	1	547.664
-2.356194	1.014500	0.906702	91	110	110	547.621
-2.617994	2.247462	0.191623	96	102	15	547.601
1.047198	1.545873	-1.877082	13	22	7	547.543
-2.617994	0.899350	-2.069907	99	103	0	547.528
-0.785398	1.606104	-0.451151	7	5	18	547.466
-2.094395	0.290380	-0.796960	5	3	84	547.400
-1.308997	1.699788	2.452890	95	102	95	547.366
2.617994	1.413347	-1.339188	91	110	9	546.809
1.308997	2.187132	-0.479875	7	7	17	546.781
1.047198	0.080730	-2.622036	106	106	87	546.768
0.523599	1.135834	-1.431087	95	107	111	546.746
-2.356194	1.982574	-1.115518	108	103	18	546.663
-1.832596	2.404280	-0.174044	96	16	15	546.646
-2.356194	0.615174	-0.666022	96	107	93	546.503
0.000000	2.089241	-0.114193	101	16	22	546.450
1.047198	1.184361	0.625864	104	93	111	546.358
2.094395	1.256302	0.062705	85	2	99	546.303
2.617994	1.335669	0.897240	88	105	105	546.288
2.356194	2.349581	-2.702517	12	15	91	546.252
-0.785398	2.251330	-2.330739	95	102	102	546.183
-0.261799	0.960688	-0.577532	20	27	111	546.180
1.570796	1.194549	-0.801900	89	0	104	546.177
-0.785398	1.134796	2.434290	110	22	17	546.176
2.879793	1.824694	1.850876	92	110	104	546.135
-2.617994	1.982574	-1.115518	11	102	16	546.094
-0.785398	0.961715	0.014085	20	27	110	546.066
-1.047198	2.760637	2.781135	100	110	12	546.042
2.617994	2.478122	2.609777	89	2	2	545.960
-2.879793	1.569311	-3.003978	11	15	94	545.951
2.356194	1.756530	-2.105156	88	13	6	545.944
-2.094395	0.960688	-0.577532	85	111	106	545.791
1.570796	0.496451	0.593859	92	106	106	545.778
-0.261799	0.290380	-0.796960	93	3	101	545.587
1.308997	1.948085	-2.363031	4	11	92	545.581
-2.356194	1.662363	0.915448	93	106	1	545.460
-0.261799	2.456751	-1.503343	8	13	20	545.429
-1.047198	1.134796	2.434290	21	109	95	545.353
-3.141593	2.478122	2.609777	96	7	88	545.336
-2.094395	2.104282	-0.813972	0	20	17	545.268
-1.832596	0.866955	-0.931351	85	110	106	545.208
2.356194	2.396274	-1.959260	91	15	14	545.200
2.356194	1.325504	-1.671296	91	109	7	544.941
-2.356194	1.301460	-0.509251	85	0	105	544.897
0.785398	2.881233	-2.582574	104	13	26	544.872
2.094395	1.510910	-0.740472	89	109	97	544.823
2.879793	1.128190	-2.288622	100	98	107	544.811
0.000000	1.683268	0.374177	97	24	16	544.783
-2.879793	0.297065	2.160177	95	110	99	544.766
-2.094395	2.138223	1.678323	87	12	10	544.753
0.261799	0.866395	-2.492918	94	103	103	544.696
-2.879793	0.496451	0.593859	20	88	104	544.691
2.617994	2.295480	1.008277	95	106	109	544.629
0.000000	0.864993	2.278281	8	22	10	544.582
1.308997	1.766067	2.153843	94	13	99	544.510
0.261799	2.704512	1.488683	104	6	89	544.484
-2.617994	1.606104	-0.451151	92	108	101	544.318
-1.308997	1.194549	-0.801900	94	0	96	544.256
-1.570796	1.433411	-1.035986	101	104	94	544.220
-3.141593	1.977582	0.969896	15	20	8	544.158
1.047198	1.824694	1.850876	93	106	0	544.145
-0.261799	1.413347	-1.339188	101	101	97	544.086
1.832596	0.899350	-2.069907	95	108	91	544.062
-1.570796	0.762244	-0.273349	92	108	102	544.044
1.832596	1.135813	-2.658866	92	103	97	544.006
2.094395	1.335669	0.897240	84	2	105	543.831
2.617994	1.256302	0.062705	107	16	97	543.731
-0.523599	1.599406	1.426070	94	106	95	543.729
-1.308997	1.134796	2.434290	12	98	95	543.649
2.617994	1.488617	1.159546	8	84	103	543.629
2.356194	2.063651	-2.044600	88	13	10	543.617
2.094395	2.393226	1.857173	23	18	8	543.534
2.094395	1.554776	0.100351	102	11	96	543.441
-0.523599	0.831641	0.616218	11	32	103	543.387
0.261799	1.325504	-1.671296	98	108	96	543.307
0.785398	0.297065	2.160177	10	96	94	543.293
0.523599	0.297065	2.160177	15	107	94	543.168
1.047198	2.455966	-0.641220	111	11	24	543.167
-2.617994	2.455966	-0.641220	94	16	13	543.158
-1.308997	1.574060	2.783565	92	12	100	543.118
0.523599	1.014500	0.906702	93	9	99	543.067
0.261799	1.658653	-2.409879	85	15	5	543.024
-1.570796	2.104282	-0.813972	111	108	20	542.890
0.261799	2.588535	-2.976617	11	29	110	542.857
-1.308997	1.450119	-2.739050	106	85	2	542.764
1.047198	1.696674	-1.253233	99	22	17	542.713
-2.617994	1.555207	1.708892	25	0	99	542.687
-0.523599	1.606104	-0.451151	106	14	96	542.641
2.617994	0.618092	2.539118	100	103	94	542.516
2.879793	2.396274	-1.959260	92	10	14	542.427
-2.356194	1.440580	2.260026	19	9	94	542.303
-0.261799	0.910508	1.903534	8	16	18	542.282
-2.356194	1.134796	2.434290	16	9	92	542.271
2.879793	1.488617	1.159546	25	106	108	542.259
2.094395	1.599406	1.426070	88	1	105	542.223
-1.832596	2.478122	2.609777	97	1	92	542.196
-1.047198	1.506530	1.988858	93	108	91	542.161
0.523599	2.637879	2.121598	99	105	98	542.039
2.617994	1.569311	-3.003978	16	10	94	542.035
2.094395	2.104282	-0.813972	111	13	18	542.008
1.047198	0.961715	0.014085	93	4	98	541.933
-1.308997	1.599406	1.426070	23	106	101	541.866
0.261799	0.831641	0.616218	107	22	93	541.811
-1.832596	0.866395	-2.492918	102	105	101	541.744
0.000000	2.164094	-2.991358	6	110	19	541.584
-0.785398	0.203748	0.590255	99	110	95	541.581
-2.356194	1.756530	-2.105156	17	10	91	541.531
-1.047198	0.914445	2.687814	111	25	15	541.381
-1.047198	2.579248	-2.364801	92	101	103	541.338
-2.617994	1.870545	-2.976234	6	11	93	541.307
-0.261799	2.979456	-1.009304	110	104	16	541.234
2.879793	1.721184	-0.153948	11	0	16	541.204
-0.523599	2.104282	-0.813972	86	107	108	541.116
1.308997	2.579248	-2.364801	96	108	92	541.045
2.356194	1.982574	-1.115518	91	101	104	541.027
2.356194	1.335669	0.897240	85	110	105	540.950
0.785398	2.863997	0.549740	104	104	18	540.873
-0.261799	1.256302	0.062705	100	28	8	540.861
-1.570796	1.510910	-0.740472	86	11	9	540.741
0.000000	1.301460	-0.509251	0	110	93	540.739
-3.141593	1.812176	0.656819	92	102	108	540.701
0.785398	2.073035	2.027405	100	104	105	540.690
-2.094395	1.554776	0.100351	86	110	108	540.673
2.879793	0.571433	-1.188419	93	106	108	540.612
-1.832596	0.458961	-0.107937	96	101	2	540.586
-2.094395	2.455966	-0.641220	94	13	14	540.558
-0.261799	1.909857	-0.381669	106	18	21	540.538
-0.261799	0.419640	2.974122	9	90	95	540.526
-1.047198	1.977582	0.969896	14	28	3	540.387
-1.832596	1.310100	1.488307	28	106	101	540.370
-3.141593	0.850607	-1.335383	95	108	7	540.267
0.261799	0.496451	0.593859	97	7	94	540.264
-2.094395	2.356369	3.005869	10	14	91	540.204
1.308997	2.587733	0.232235	101	105	12	540.033
-1.047198	1.050534	3.042579	86	4	111	540.027
0.261799	1.732874	-0.951685	108	4	91	540.021
1.832596	1.736875	3.023612	84	1	9	539.779
2.356194	1.617114	-1.572037	88	13	9	539.734
-2.094395	1.510910	-0.740472	97	108	96	539.720
-1.832596	1.194549	-0.801900	21	89	4	539.612
-2.617994	2.343981	-1.040456	92	11	12	539.420
1.570796	2.404280	-0.174044	85	7	0	539.270
-1.308997	1.977582	0.969896	17	26	3	539.189
