112	1.2	0
-2.356194	2.174483	2.653697
2.283723	1.013854	-2.159754
../1vb4_monomer_m.pdb	17.234	27.542	-66.724
../1vb4_monomer_m.pdb	4.190	58.220	44.328
-3.141593	1.870545	-2.976234	96	106	90	1272.797
2.879793	1.982574	-1.115518	102	88	101	1201.043
-1.832596	1.721184	-0.153948	93	94	98	1183.105
1.570796	0.640596	-2.797608	2	91	104	1164.806
-2.094395	1.756530	-2.105156	27	9	4	1158.494
-0.523599	0.906588	1.252948	110	92	107	1156.112
-1.832596	1.554776	0.100351	91	94	104	1147.756
-2.356194	1.128190	-2.288622	27	6	111	1143.355
2.617994	1.510910	-0.740472	20	16	5	1133.092
-1.570796	1.301460	-0.509251	25	99	101	1130.983
-1.308997	1.696674	-1.253233	14	13	96	1127.204
-2.356194	1.242974	-2.977882	20	15	5	1126.867
-2.617994	1.741644	-2.695914	96	103	92	1126.302
0.261799	2.356369	3.005869	109	2	25	1118.574
2.356194	1.417623	-0.202254	24	14	9	1115.675
2.094395	1.741644	-2.695914	108	89	0	1114.726
0.000000	2.356369	3.005869	110	4	25	1110.877
0.523599	2.089241	-0.114193	0	96	92	1108.469
-1.832596	1.301460	-0.509251	104	96	95	1099.985
2.617994	1.506530	1.988858	101	110	18	1097.746
0.523599	2.033014	2.977192	106	5	23	1089.155
-0.785398	1.025536	1.576859	109	92	108	1078.331
2.094395	1.374601	-2.456031	108	88	105	1074.652
-1.047198	1.948085	-2.363031	12	11	100	1072.266
1.570796	1.367556	0.358405	1	6	88	1063.338
1.832596	1.242974	-2.977882	110	91	105	1061.511
-2.094395	2.187132	-0.479875	11	91	106	1060.077
-1.308997	1.982574	-1.115518	15	13	98	1058.618
-3.141593	2.104282	-0.813972	108	94	93	1058.583
0.523599	2.356369	3.005869	108	2	24	1058.220
-1.570796	1.113094	-0.272241	15	94	101	1057.179
1.047198	0.297065	2.160177	102	97	100	1056.677
0.261799	0.571433	-1.188419	3	96	95	1054.010
-2.617994	2.455966	-0.641220	12	89	109	1054.008
1.308997	0.379747	-1.713059	1	90	98	1042.144
-2.356194	0.418037	1.360082	1	90	94	1041.256
1.570796	0.899350	-2.069907	93	96	91	1037.808
-2.879793	1.870545	-2.976234	101	104	91	1037.138
-1.308997	1.194549	-0.801900	28	104	102	1036.224
-1.832596	1.683268	0.374177	12	91	100	1035.404
-1.308997	1.662363	0.915448	106	98	92	1034.496
1.832596	0.370812	-2.547742	0	90	101	1032.221
2.356194	2.881233	-2.582574	14	12	102	1031.222
-1.832596	2.247462	0.191623	23	93	107	1030.491
0.261799	2.089241	-0.114193	110	93	93	1030.404
1.832596	0.929350	-2.910676	110	91	103	1028.043
-3.141593	2.881233	-2.582574	94	98	107	1027.057
-1.308997	1.977582	0.969896	109	99	93	1025.760
0.523599	1.836682	-0.676006	104	94	97	1020.813
0.523599	1.736875	3.023612	105	7	21	1020.375
-1.570796	1.256302	0.062705	94	91	106	1019.944
-2.094395	1.448123	-2.163292	27	9	1	1017.082
1.308997	0.864993	2.278281	2	98	93	1016.394
-2.879793	2.979456	-1.009304	0	91	92	1015.957
2.617994	2.180315	-1.357379	102	88	105	1015.795
-2.879793	1.741644	-2.695914	98	105	92	1015.280
0.261799	2.187132	-0.479875	110	93	93	1015.095
-1.308997	0.458961	-0.107937	104	103	82	1014.640
-3.141593	1.904882	-1.478089	6	89	101	1013.844
-2.617994	1.658653	-2.409879	93	103	95	1012.474
-2.617994	1.606104	-0.451151	107	93	92	1012.112
-0.523599	2.760637	2.781135	107	100	88	1011.903
1.832596	1.135813	-2.658866	111	91	102	1011.081
-3.141593	2.664082	-1.071402	10	89	111	1010.145
0.261799	2.588535	-2.976617	107	0	25	1009.854
-1.832596	2.089241	-0.114193	109	90	106	1009.715
1.832596	0.571433	-1.188419	7	4	90	1008.879
0.523599	0.619654	-2.216909	96	98	94	1005.225
0.785398	1.836682	-0.676006	107	94	98	1003.357
-1.832596	1.256302	0.062705	9	92	99	999.417
-1.308997	0.370812	-2.547742	94	96	102	999.414
-2.094395	1.256302	0.062705	0	93	92	996.940
-1.047198	2.637879	2.121598	103	101	88	989.255
0.000000	2.349581	-2.702517	10	92	98	988.776
0.000000	0.685216	-1.712745	98	100	91	986.876
1.308997	0.619654	-2.216909	94	98	89	985.555
1.832596	1.450119	-2.739050	111	91	103	984.767
0.000000	2.063651	-2.044600	7	90	95	984.428
1.832596	1.741644	-2.695914	104	93	100	984.354
-2.879793	2.187132	-0.479875	108	93	94	983.972
1.308997	1.433411	-1.035986	107	91	102	983.455
-2.094395	1.721184	-0.153948	23	91	106	981.219
-2.617994	1.836682	-0.676006	5	94	93	979.843
1.570796	1.256302	0.062705	2	3	87	979.794
-1.832596	1.417623	-0.202254	23	94	103	977.540
-2.356194	1.417623	-0.202254	110	94	90	976.743
-2.094395	1.569311	-3.003978	104	105	88	976.336
-3.141593	1.982574	-1.115518	104	89	100	974.693
-2.094395	1.045978	0.343692	105	93	92	972.879
0.785398	0.379747	-1.713059	99	102	84	972.493
-1.832596	1.367556	0.358405	9	91	101	969.429
-0.261799	1.135813	-2.658866	1	109	90	968.349
-1.308997	1.506530	1.988858	108	93	1	968.166
1.832596	1.128190	-2.288622	92	92	97	968.006
1.570796	0.370812	-2.547742	91	97	90	967.813
1.570796	0.866395	-2.492918	5	91	101	967.771
-0.785398	2.108018	1.311430	106	100	90	966.060
0.261799	1.242974	-2.977882	110	1	88	965.986
-1.832596	1.184361	0.625864	7	90	98	965.521
-0.261799	0.992645	-1.723759	0	106	20	964.824
0.523599	1.869911	2.701025	107	12	23	964.803
-2.617994	1.909857	-0.381669	108	94	92	964.656
1.832596	0.640596	-2.797608	4	91	104	963.264
-0.261799	1.869911	2.701025	0	89	99	961.741
2.356194	1.606104	-0.451151	26	12	5	960.945
2.356194	1.617114	-1.572037	101	91	95	960.923
-1.308997	2.984978	1.954446	108	103	87	960.781
-2.094395	1.113094	-0.272241	110	96	89	960.751
2.356194	1.184361	0.625864	105	102	10	959.887
0.000000	0.571433	-1.188419	1	97	94	959.560
-2.094395	1.554776	0.100351	106	92	96	959.266
1.832596	1.050534	3.042579	108	91	106	958.073
-2.356194	1.721184	-0.153948	110	95	90	957.771
1.047198	0.864993	2.278281	0	98	92	957.165
-2.879793	1.836682	-0.676006	109	92	93	956.846
0.261799	0.709924	0.218797	16	12	97	956.374
-0.523599	0.290380	-0.796960	97	103	84	955.799
-0.785398	1.194549	-0.801900	110	105	87	955.787
2.356194	1.301460	-0.509251	24	15	9	954.806
-1.308997	0.762244	-0.273349	2	105	83	954.230
1.570796	1.554776	0.100351	111	1	87	953.120
0.785398	1.736875	3.023612	104	5	21	953.016
2.356194	1.374601	-2.456031	10	88	107	951.613
2.356194	1.904882	-1.478089	100	90	99	951.229
-1.047198	1.025536	1.576859	106	92	109	950.530
2.356194	1.113094	-0.272241	23	13	14	949.161
-1.570796	0.496451	0.593859	2	94	90	948.634
0.261799	1.367556	0.358405	19	16	106	948.445
-1.832596	0.709924	0.218797	102	100	84	946.250
-0.261799	2.356369	3.005869	109	0	24	945.942
1.570796	1.242974	-2.977882	106	91	108	945.722
0.000000	0.290380	-0.796960	4	93	98	945.626
1.047198	0.685216	-1.712745	93	98	90	944.292
2.879793	1.450119	-2.739050	18	89	110	944.236
-0.523599	2.356369	3.005869	95	99	87	943.965
1.047198	2.664082	-1.071402	110	98	91	943.679
-0.261799	1.909857	-0.381669	17	22	110	943.662
2.094395	1.242974	-2.977882	1	90	105	941.607
1.570796	1.450119	-2.739050	108	91	103	940.806
-2.094395	1.374601	-2.456031	28	8	4	938.504
1.047198	0.618092	2.539118	7	99	95	937.980
-2.094395	1.450119	-2.739050	33	110	9	937.830
0.000000	1.014500	0.906702	25	12	109	937.099
-2.356194	1.374601	-2.456031	95	103	94	936.266
-1.047198	2.393226	1.857173	101	101	88	936.237
1.570796	0.619654	-2.216909	100	96	89	935.958
0.523599	2.187132	-0.479875	2	95	92	935.489
1.047198	0.619654	-2.216909	93	104	86	934.815
2.356194	1.450119	-2.739050	10	88	110	934.314
1.308997	2.455966	-0.641220	1	99	91	933.876
-0.523599	1.504028	0.636812	94	96	98	933.611
-1.570796	0.866395	-2.492918	98	10	19	933.584
-1.047198	0.700570	1.559208	105	93	0	932.586
0.785398	0.899350	-2.069907	100	101	90	932.239
2.094395	1.846342	-1.796954	98	90	101	932.104
-1.047198	1.113094	-0.272241	108	88	102	931.975
-1.832596	1.045978	0.343692	103	95	91	931.959
-2.617994	2.187132	-0.479875	11	88	106	930.467
-3.141593	1.736875	3.023612	105	106	90	929.514
-0.261799	2.180315	-1.357379	12	16	104	928.898
-0.261799	0.290380	-0.796960	93	99	89	928.743
-1.570796	0.709924	0.218797	7	92	99	928.648
1.308997	0.080730	-2.622036	7	88	1	927.395
2.879793	1.904882	-1.478089	104	89	99	927.247
-2.879793	1.982574	-1.115518	7	90	100	926.534
1.308997	1.128190	-2.288622	108	97	92	925.728
-2.879793	1.732874	-0.951685	5	92	93	925.469
-2.356194	1.909857	-0.381669	15	89	104	925.035
-3.141593	1.617114	-1.572037	7	90	97	924.970
1.047198	1.617114	-1.572037	1	92	0	924.735
-2.094395	1.658653	-2.409879	28	8	7	923.779
0.785398	2.033014	2.977192	104	6	24	922.943
2.617994	1.134796	2.434290	102	98	13	922.729
-1.570796	0.458961	-0.107937	105	98	88	922.492
-2.879793	2.664082	-1.071402	13	90	110	921.539
-0.785398	2.393226	1.857173	101	100	88	921.495
-0.261799	0.571433	-1.188419	102	99	90	921.373
1.832596	1.545873	-1.877082	96	91	99	920.766
2.094395	1.870545	-2.976234	109	89	3	920.405
-2.356194	2.187132	-0.479875	13	90	106	920.238
-2.879793	2.104282	-0.813972	111	94	93	919.922
2.094395	1.450119	-2.739050	1	89	107	919.226
-1.832596	2.704512	1.488683	2	110	27	918.502
0.785398	0.992645	-1.723759	110	100	89	918.266
-1.832596	1.606104	-0.451151	25	95	105	917.597
2.094395	1.658653	-2.409879	108	88	108	917.484
-2.094395	0.961715	0.014085	108	96	87	917.356
-1.832596	1.194549	-0.801900	6	101	88	917.087
2.094395	0.297065	2.160177	96	98	91	916.965
-2.094395	1.214854	-1.966664	93	95	105	916.593
-1.047198	2.407836	1.410646	102	103	87	916.500
-2.094395	1.606104	-0.451151	3	97	90	916.344
-1.047198	2.138223	1.678323	97	100	90	915.897
1.047198	0.899350	-2.069907	108	97	92	915.621
1.308997	0.370812	-2.547742	111	92	100	915.546
-0.261799	1.184361	0.625864	104	89	1	915.516
0.261799	1.184361	0.625864	21	14	106	915.002
1.832596	1.506530	1.988858	31	2	7	914.988
0.523599	1.909857	-0.381669	110	93	96	914.933
-3.141593	1.836682	-0.676006	15	19	0	914.375
-0.785398	0.290380	-0.796960	96	104	85	914.133
1.570796	1.214854	-1.966664	97	93	96	913.442
-0.785398	2.637879	2.121598	106	103	85	913.341
-1.308997	0.910508	1.903534	104	94	1	913.021
2.094395	0.866395	-2.492918	0	87	106	912.891
-2.617994	1.721184	-0.153948	105	91	94	912.825
1.308997	0.866395	-2.492918	96	93	99	912.533
0.000000	2.407836	1.410646	108	11	23	912.238
-2.094395	2.089241	-0.114193	105	91	108	912.231
2.879793	2.664082	-1.071402	101	92	101	911.993
2.879793	0.700570	1.559208	94	92	99	911.711
1.570796	2.455966	-0.641220	2	99	92	911.499
-2.356194	1.741644	-2.695914	97	101	92	910.398
2.094395	0.733948	3.021411	111	90	103	910.189
-2.094395	2.719179	-1.780644	100	95	109	909.672
2.879793	2.343981	-1.040456	103	93	96	909.057
-0.785398	1.555207	1.708892	0	92	103	908.670
2.617994	1.904882	-1.478089	101	90	99	907.361
0.000000	0.379747	-1.713059	98	97	94	906.440
2.356194	2.251330	-2.330739	100	90	110	905.718
-2.356194	1.391910	3.030322	27	3	9	905.356
0.523599	2.588535	-2.976617	107	109	24	905.088
2.356194	1.846342	-1.796954	101	90	99	904.170
-2.879793	2.180315	-1.357379	110	100	89	903.898
1.832596	1.869911	2.701025	28	6	109	903.871
-1.570796	1.554776	0.100351	94	90	104	903.589
-2.094395	1.301460	-0.509251	5	97	89	903.536
1.308997	0.992645	-1.723759	96	97	91	903.378
-0.261799	2.033014	2.977192	111	6	24	902.917
-1.308997	1.904882	-1.478089	15	14	100	902.819
1.832596	1.325504	-1.671296	105	96	90	902.176
-2.094395	0.496451	0.593859	3	93	93	902.098
-1.308997	1.809167	1.213774	107	96	95	900.221
-2.356194	1.606104	-0.451151	5	94	92	900.211
-2.356194	2.592629	0.909713	28	8	108	900.203
-0.261799	2.073035	2.027405	91	94	93	899.288
-0.523599	1.869911	2.701025	100	91	103	898.636
-2.356194	2.719179	-1.780644	95	98	109	898.575
-1.047198	2.108018	1.311430	103	100	90	898.334
1.832596	0.899350	-2.069907	111	87	105	897.484
-2.356194	0.700570	1.559208	14	18	1	896.727
-1.570796	2.404280	-0.174044	29	100	108	896.420
-2.356194	1.836682	-0.676006	104	98	91	895.292
-2.617994	1.448123	-2.163292	93	103	97	895.249
0.785398	0.618092	2.539118	111	98	95	894.964
1.832596	1.448123	-2.163292	85	96	97	894.550
0.523599	0.709924	0.218797	14	13	97	893.476
-2.094395	1.184361	0.625864	103	22	102	893.445
-0.523599	0.992645	-1.723759	110	106	20	893.364
0.261799	2.104282	-0.813972	8	91	94	893.039
-1.047198	0.640596	-2.797608	95	95	98	892.853
1.832596	1.214854	-1.966664	99	95	92	892.814
0.261799	2.396274	-1.959260	8	95	91	892.138
-0.523599	0.571433	-1.188419	99	100	90	892.048
1.308997	0.914445	2.687814	109	101	93	891.691
2.094395	1.617114	-1.572037	97	91	96	891.649
2.617994	1.450119	-2.739050	14	88	110	891.604
0.785398	2.104282	-0.813972	103	97	95	891.537
-1.570796	2.001437	0.381215	104	90	110	891.449
-1.570796	1.606104	-0.451151	26	98	104	890.664
-1.570796	0.203748	0.590255	0	94	91	890.267
-3.141593	0.619654	-2.216909	11	111	90	890.070
1.570796	0.571433	-1.188419	6	5	90	890.056
-2.617994	2.343981	-1.040456	108	96	92	889.696
0.000000	1.045978	0.343692	107	90	0	889.601
-1.047198	1.982574	-1.115518	13	14	97	889.138
-2.094395	1.417623	-0.202254	109	96	90	889.101
-1.047198	1.809167	1.213774	109	96	95	888.611
-0.785398	0.615174	-0.666022	111	108	82	888.105
-2.879793	1.413430	2.550734	104	100	16	888.088
-2.356194	1.875281	0.107086	13	89	98	887.286
-0.785398	1.756530	-2.105156	9	11	97	887.128
0.000000	2.108018	1.311430	97	86	100	887.045
-1.832596	1.836682	-0.676006	102	100	87	886.334
-1.047198	1.696674	-1.253233	13	15	96	886.138
2.094395	1.545873	-1.877082	97	93	95	885.156
-2.617994	1.374601	-2.456031	95	105	94	884.699
2.617994	1.658653	-2.409879	20	7	18	884.066
1.832596	0.866395	-2.492918	2	90	102	883.833
0.261799	2.001437	0.381215	25	7	10	883.483
2.879793	2.033014	2.977192	100	104	89	883.423
0.000000	1.870545	-2.976234	109	87	98	883.365
-2.094395	0.700570	1.559208	12	18	1	883.039
1.570796	0.992645	-1.723759	98	95	91	882.761
2.356194	1.014500	0.906702	25	4	22	882.386
-1.047198	0.290380	-0.796960	98	95	98	882.214
0.000000	0.709924	0.218797	19	14	104	882.084
-2.617994	2.104282	-0.813972	13	89	105	882.073
-1.047198	0.458961	-0.107937	110	102	83	881.674
-0.785398	0.458961	-0.107937	111	98	87	880.475
-1.832596	1.113094	-0.272241	103	94	97	880.449
1.047198	1.732874	-0.951685	91	97	97	879.995
-3.141593	2.456751	-1.503343	111	94	96	879.988
2.879793	1.736875	3.023612	105	106	90	879.285
-0.523599	0.615174	-0.666022	99	102	86	879.266
-0.261799	0.685216	-1.712745	0	107	22	877.871
1.570796	0.929350	-2.910676	107	91	104	877.384
-1.832596	1.050534	3.042579	32	111	9	877.367
-1.047198	0.685216	-1.712745	22	98	103	877.011
-1.308997	1.247695	1.809890	103	93	110	876.917
1.570796	1.872854	1.543456	109	90	100	876.583
-2.094395	1.510910	-0.740472	104	99	90	876.557
-0.261799	0.674054	1.013609	25	10	107	876.388
2.094395	1.948085	-2.363031	1	89	107	876.049
2.094395	1.756530	-2.105156	0	89	102	875.898
-1.832596	2.379497	0.561089	21	90	108	875.615
1.570796	1.506530	1.988858	31	110	7	875.599
-1.308997	1.301460	-0.509251	26	102	101	875.398
-0.523599	2.349581	-2.702517	100	100	84	875.232
-2.094395	1.367556	0.358405	108	91	96	874.584
1.308997	1.050534	3.042579	109	105	90	873.711
0.261799	2.455966	-0.641220	6	94	90	872.925
-2.356194	1.658653	-2.409879	95	100	95	872.871
1.308997	1.948085	-2.363031	107	92	93	872.215
2.356194	0.733948	3.021411	103	88	102	872.150
2.356194	1.998705	2.370472	14	95	108	871.957
0.000000	2.164094	-2.991358	9	90	100	871.776
0.523599	0.571433	-1.188419	105	99	88	871.289
-1.570796	1.413347	-1.339188	15	97	102	871.022
-0.523599	1.683268	0.374177	93	97	96	870.850
-1.832596	1.574060	2.783565	107	111	86	870.828
2.356194	2.153910	-1.714959	98	89	107	870.828
-1.308997	1.732874	-0.951685	15	11	94	870.616
0.785398	1.732874	-0.951685	103	94	100	870.248
1.832596	1.824694	1.850876	102	7	22	870.000
-0.261799	2.063651	-2.044600	7	90	94	869.435
1.308997	1.696674	-1.253233	108	92	103	869.076
0.523599	0.685216	-1.712745	109	97	92	869.029
-2.356194	1.050534	3.042579	1	89	95	868.756
-1.047198	1.812176	0.656819	2	102	90	868.087
0.261799	2.379497	0.561089	24	10	13	867.683
-2.094395	2.664082	-1.071402	20	97	98	867.525
-2.356194	1.736875	3.023612	28	0	8	867.475
1.308997	1.168678	2.108595	111	97	92	867.221
0.523599	1.569311	-3.003978	110	6	89	867.057
0.523599	1.510910	-0.740472	7	90	110	867.021
1.570796	0.906588	1.252948	28	2	8	866.505
2.356194	2.063651	-2.044600	98	90	107	866.223
-1.832596	1.510910	-0.740472	107	100	89	865.900
-1.308997	2.108018	1.311430	106	97	94	865.895
-1.570796	0.762244	-0.273349	1	103	83	865.742
-2.356194	1.569311	-3.003978	26	5	5	865.571
0.785398	0.080730	-2.622036	99	99	89	865.139
1.570796	1.374601	-2.456031	105	95	95	864.929
2.094395	1.904882	-1.478089	96	91	99	864.753
2.617994	1.846342	-1.796954	13	85	0	864.746
2.617994	1.374601	-2.456031	14	88	108	864.559
1.570796	1.135813	-2.658866	110	91	101	864.187
0.261799	1.256302	0.062705	111	88	1	863.180
2.356194	1.658653	-2.409879	10	88	110	862.814
-2.356194	1.870545	-2.976234	104	102	89	862.763
0.000000	1.504028	0.636812	108	87	108	862.633
-0.261799	2.164094	-2.991358	5	90	101	862.079
-2.356194	2.164094	-2.991358	109	98	92	861.645
-2.879793	2.295480	1.008277	110	101	22	861.620
-1.570796	2.719179	-1.780644	24	9	19	861.336
-2.094395	1.683268	0.374177	10	88	101	861.332
-0.261799	1.846342	-1.796954	10	16	101	861.258
0.785398	2.455966	-0.641220	8	99	89	861.218
0.523599	1.301460	-0.509251	5	90	111	861.058
0.785398	2.164094	-2.991358	104	4	25	861.046
-2.356194	1.699788	2.452890	5	86	103	860.980
0.261799	1.875281	0.107086	25	8	6	860.774
0.785398	1.413347	-1.339188	0	92	0	860.728
-1.832596	2.404280	-0.174044	27	96	108	859.870
1.047198	0.080730	-2.622036	8	90	108	859.802
-2.094395	0.906588	1.252948	15	17	5	859.641
-1.570796	1.904882	-1.478089	16	13	100	859.300
-1.047198	1.662363	0.915448	110	99	92	859.032
2.879793	1.836682	-0.676006	18	18	0	858.992
1.570796	1.128190	-2.288622	96	92	101	858.717
-2.094395	2.033014	2.977192	26	4	9	858.502
1.308997	0.640596	-2.797608	104	91	104	858.089
-2.356194	2.704512	1.488683	28	4	109	857.868
-2.356194	2.089241	-0.114193	4	88	105	857.402
-0.261799	1.872854	1.543456	93	91	99	857.367
0.785398	1.824694	1.850876	20	15	12	857.299
-2.356194	1.214854	-1.966664	92	100	101	857.267
-0.261799	1.948085	-2.363031	105	89	95	857.116
-1.308997	2.379497	0.561089	104	87	102	857.109
2.879793	1.510910	-0.740472	18	18	4	856.980
-0.785398	1.870545	-2.976234	111	7	24	856.931
-2.094395	2.404280	-0.174044	109	90	104	856.926
-2.094395	1.836682	-0.676006	7	91	106	856.921
-1.832596	0.290380	-0.796960	103	100	89	856.651
-2.356194	2.881233	-2.582574	20	6	24	856.563
-1.570796	1.732874	-0.951685	26	100	104	856.530
1.308997	1.766067	2.153843	25	7	2	856.457
0.000000	2.637879	2.121598	107	86	96	856.135
2.356194	1.545873	-1.877082	101	92	94	856.019
0.261799	1.554776	0.100351	4	87	109	855.398
-1.832596	0.961715	0.014085	108	98	87	855.302
0.523599	0.379747	-1.713059	90	101	89	855.091
-1.570796	0.910508	1.903534	102	94	2	854.803
1.570796	0.379747	-1.713059	6	89	99	854.767
-1.832596	2.001437	0.381215	19	91	104	854.702
1.832596	1.417623	-0.202254	1	110	87	854.445
-1.308997	1.113094	-0.272241	105	89	102	854.101
0.000000	1.335669	0.897240	25	14	111	853.706
-3.141593	1.599406	1.426070	104	95	10	853.315
-1.047198	2.295480	1.008277	108	104	88	853.182
-2.094395	1.812176	0.656819	109	88	103	853.174
-1.832596	1.736875	3.023612	108	107	87	853.068
-1.570796	1.510910	-0.740472	26	100	103	851.451
0.000000	0.674054	1.013609	26	7	2	851.284
-2.094395	0.674054	1.013609	11	91	93	851.266
-3.141593	2.343981	-1.040456	6	86	111	850.984
-2.879793	0.203748	0.590255	98	98	90	850.835
0.523599	1.721184	-0.153948	110	94	97	850.331
0.261799	1.504028	0.636812	21	16	109	850.117
2.879793	1.599406	1.426070	102	105	15	849.951
-2.356194	0.929350	-2.910676	2	87	97	849.753
-1.832596	0.762244	-0.273349	109	99	86	849.316
1.832596	1.256302	0.062705	2	1	86	848.898
2.617994	2.153910	-1.714959	101	88	107	848.771
2.879793	1.732874	-0.951685	101	89	95	847.746
0.000000	2.153910	-1.714959	105	91	96	847.625
2.094395	1.135813	-2.658866	110	88	105	847.238
-2.879793	1.658653	-2.409879	96	105	94	846.896
-1.570796	0.961715	0.014085	108	102	83	846.479
1.570796	1.569311	-3.003978	107	91	106	846.450
-0.523599	1.909857	-0.381669	21	21	110	845.564
-0.523599	0.700570	1.559208	31	3	109	845.373
0.000000	1.554776	0.100351	21	15	108	845.298
-2.094395	2.104282	-0.813972	9	92	103	844.521
0.523599	1.554776	0.100351	18	89	0	844.508
2.617994	1.998705	2.370472	16	95	108	844.488
-3.141593	1.606104	-0.451151	15	18	111	844.324
2.617994	0.297065	2.160177	97	93	95	844.236
-2.879793	2.041297	-2.664597	96	102	93	844.059
-1.047198	0.762244	-0.273349	110	106	82	843.182
2.879793	0.379747	-1.713059	11	2	89	842.872
0.261799	1.721184	-0.153948	22	11	1	842.850
2.094395	1.448123	-2.163292	100	92	95	842.346
2.094395	0.496451	0.593859	89	12	102	841.922
1.570796	2.984978	1.954446	108	95	5	841.812
-1.308997	1.812176	0.656819	109	101	90	841.741
1.832596	1.391910	3.030322	107	91	110	841.693
-1.308997	0.591903	2.010408	27	6	110	841.642
-0.523599	0.203748	0.590255	21	7	104	841.614
0.000000	1.184361	0.625864	23	14	110	841.567
0.785398	0.619654	-2.216909	102	99	90	841.363
-0.523599	2.164094	-2.991358	95	97	88	841.089
-1.308997	2.404280	-0.174044	15	91	100	840.835
-2.356194	1.113094	-0.272241	103	96	89	840.824
1.832596	0.080730	-2.622036	5	91	99	840.748
2.356194	1.510910	-0.740472	25	14	4	840.703
1.308997	0.685216	-1.712745	101	98	87	840.625
1.308997	0.899350	-2.069907	92	99	91	840.301
0.523599	2.104282	-0.813972	103	95	95	839.996
0.261799	1.732874	-0.951685	103	90	106	839.787
-2.617994	1.417623	-0.202254	103	94	90	839.631
1.047198	0.866395	-2.492918	2	86	0	839.586
1.570796	2.180315	-1.357379	96	94	98	839.434
1.570796	2.343981	-1.040456	103	95	98	839.293
-1.570796	1.194549	-0.801900	106	101	89	839.083
1.570796	2.760637	2.781135	4	5	86	837.983
1.308997	1.413347	-1.339188	110	90	105	837.854
1.570796	2.187132	-0.479875	104	101	90	837.307
-1.832596	0.899350	-2.069907	96	93	105	837.024
-2.356194	2.104282	-0.813972	10	91	103	836.793
-1.832596	1.875281	0.107086	22	94	102	836.519
-2.879793	2.164094	-2.991358	101	100	91	836.069
1.308997	2.104282	-0.813972	96	97	96	835.994
2.617994	1.982574	-1.115518	97	92	96	835.911
-0.785398	1.545873	-1.877082	9	9	93	835.174
-1.570796	2.115563	0.685730	110	102	89	835.124
-1.308997	2.115563	0.685730	110	103	89	834.952
2.094395	0.370812	-2.547742	3	88	103	834.893
1.832596	1.247695	1.809890	29	3	10	834.827
-1.570796	0.960688	-0.577532	93	97	94	834.670
-1.570796	0.914445	2.687814	33	0	7	833.949
-1.832596	0.496451	0.593859	5	93	94	833.796
-3.141593	2.033014	2.977192	105	101	91	833.488
-2.617994	1.440580	2.260026	105	98	14	833.323
1.570796	1.448123	-2.163292	101	96	93	833.134
2.879793	2.456751	-1.503343	108	93	98	833.125
-0.785398	2.407836	1.410646	104	102	87	833.039
-0.523599	2.104282	-0.813972	21	20	4	832.845
-3.141593	0.700570	1.559208	97	90	99	831.208
0.261799	0.458961	-0.107937	18	11	102	831.107
0.785398	1.982574	-1.115518	102	94	100	831.038
-3.141593	2.180315	-1.357379	7	89	103	831.026
0.261799	1.510910	-0.740472	105	90	108	830.993
-0.523599	2.637879	2.121598	19	95	104	830.989
2.617994	0.419640	2.974122	107	88	98	830.693
-2.094395	0.418037	1.360082	4	89	95	830.576
-0.261799	2.588535	-2.976617	109	98	87	830.415
0.000000	2.760637	2.781135	0	0	27	829.329
-3.141593	0.297065	2.160177	110	90	94	829.299
2.094395	1.736875	3.023612	108	90	1	828.772
-1.308997	2.637879	2.121598	1	106	24	828.008
-3.141593	1.732874	-0.951685	2	92	92	827.634
-2.094395	1.846342	-1.796954	25	12	1	827.425
-0.523599	1.310100	1.488307	111	91	104	827.372
-2.356194	1.256302	0.062705	107	92	91	827.322
0.000000	2.881233	-2.582574	107	101	87	827.058
-2.356194	0.080730	-2.622036	21	12	104	826.978
-1.832596	2.579248	-2.364801	24	9	4	826.757
1.570796	2.664082	-1.071402	101	94	99	826.632
-2.094395	1.982574	-1.115518	104	106	83	826.561
-1.308997	2.407836	1.410646	103	102	88	826.552
0.000000	1.812176	0.656819	25	13	6	826.295
-0.261799	1.736875	3.023612	101	88	104	826.141
2.094395	0.640596	-2.797608	104	89	100	826.000
1.308997	1.658653	-2.409879	109	91	95	825.875
-1.832596	2.724429	-0.348782	13	92	98	825.861
1.047198	2.343981	-1.040456	95	98	98	825.742
-0.261799	2.343981	-1.040456	13	17	106	825.527
1.570796	1.545873	-1.877082	4	103	86	825.239
2.094395	0.571433	-1.188419	2	108	83	825.040
-2.094395	1.741644	-2.695914	33	109	11	824.913
-1.047198	1.504028	0.636812	104	101	89	824.805
0.261799	2.587733	0.232235	23	12	7	824.805
0.261799	1.417623	-0.202254	25	5	111	824.673
-2.094395	1.875281	0.107086	11	89	102	824.467
2.617994	1.301460	-0.509251	22	14	10	824.346
2.094395	1.391910	3.030322	111	90	107	824.255
-0.523599	1.756530	-2.105156	10	13	97	824.151
1.570796	1.824694	1.850876	106	94	94	823.803
0.261799	2.343981	-1.040456	108	95	90	823.761
1.570796	0.290380	-0.796960	11	6	91	823.599
1.832596	0.733948	3.021411	104	96	92	823.442
0.000000	2.041297	-2.664597	8	92	91	823.425
0.785398	1.510910	-0.740472	10	91	110	823.274
2.356194	2.456751	-1.503343	11	86	4	822.678
-1.570796	1.417623	-0.202254	26	98	102	822.560
0.261799	1.836682	-0.676006	104	89	103	822.474
-1.570796	1.982574	-1.115518	17	11	99	822.429
-1.308997	2.393226	1.857173	100	101	89	822.384
1.832596	1.218453	2.777284	106	91	110	822.196
1.308997	0.910508	1.903534	110	94	97	821.926
2.617994	0.496451	0.593859	104	95	2	821.625
-0.261799	2.407836	1.410646	111	14	23	821.547
-0.785398	0.762244	-0.273349	1	102	86	821.385
-0.523599	1.846342	-1.796954	28	100	9	821.269
0.261799	1.413347	-1.339188	105	91	111	821.041
-1.047198	2.664082	-1.071402	24	12	16	820.920
-1.570796	1.367556	0.358405	90	92	111	820.711
-2.356194	1.135813	-2.658866	29	3	4	820.559
2.094395	1.875281	0.107086	82	2	107	820.522
0.785398	1.433411	-1.035986	0	91	111	820.270
-2.094395	0.203748	0.590255	100	99	85	820.131
-1.570796	2.979456	-1.009304	90	100	0	820.094
-1.832596	1.569311	-3.003978	105	104	88	819.999
0.000000	1.909857	-0.381669	21	14	2	819.980
1.308997	1.904882	-1.478089	108	91	107	819.576
1.832596	0.960688	-0.577532	104	15	91	819.420
-1.832596	0.419640	2.974122	25	8	105	819.156
1.832596	1.658653	-2.409879	105	94	96	819.096
-0.785398	0.685216	-1.712745	22	102	101	818.864
0.000000	1.242974	-2.977882	0	111	88	818.693
1.832596	1.574060	2.783565	106	92	0	818.642
0.523599	1.413347	-1.339188	107	92	1	818.368
-0.261799	0.866955	-0.931351	2	100	90	818.138
-2.094395	1.014500	0.906702	17	89	97	817.445
-1.308997	2.704512	1.488683	104	106	85	817.326
-0.261799	1.367556	0.358405	95	95	99	817.221
-0.523599	1.998705	2.370472	109	91	102	817.215
0.261799	0.961715	0.014085	17	13	100	817.204
0.523599	2.456751	-1.503343	108	93	95	816.821
-3.141593	2.164094	-2.991358	96	102	91	816.686
1.832596	1.756530	-2.105156	94	91	104	816.611
2.617994	1.606104	-0.451151	22	15	4	816.582
-0.261799	1.504028	0.636812	30	3	8	816.416
-2.879793	1.875281	0.107086	0	96	15	815.736
-2.356194	1.195355	1.200319	95	106	17	814.879
-3.141593	1.574060	2.783565	103	104	19	814.611
2.356194	1.870545	-2.976234	93	3	89	814.555
0.261799	0.496451	0.593859	17	11	95	814.318
-2.617994	0.203748	0.590255	99	98	90	813.494
-2.356194	0.866395	-2.492918	29	4	2	813.088
1.832596	1.569311	-3.003978	110	91	106	812.946
-0.523599	1.812176	0.656819	93	94	97	812.825
-1.832596	0.203748	0.590255	101	98	85	812.753
0.261799	1.606104	-0.451151	103	92	101	812.654
2.617994	0.992645	-1.723759	2	98	87	812.269
-2.356194	1.982574	-1.115518	16	91	105	812.016
-1.308997	1.045978	0.343692	6	96	92	812.014
1.832596	0.619654	-2.216909	1	88	102	811.898
2.879793	0.297065	2.160177	4	89	4	811.769
-2.094395	1.545873	-1.877082	26	10	111	811.394
-1.570796	2.455966	-0.641220	17	95	98	811.001
-3.141593	2.588535	-2.976617	31	1	103	810.856
0.785398	1.135834	-1.431087	0	104	86	810.589
2.094395	0.419640	2.974122	2	91	101	810.388
0.261799	2.180315	-1.357379	108	92	95	810.308
-1.047198	1.836682	-0.676006	98	110	18	810.271
-2.356194	1.756530	-2.105156	94	98	100	810.241
-1.570796	0.866955	-0.931351	2	103	86	810.179
-1.047198	0.370812	-2.547742	98	93	103	810.173
-2.879793	0.418037	1.360082	99	92	94	809.688
0.523599	1.606104	-0.451151	108	93	99	809.616
0.785398	2.343981	-1.040456	0	95	93	809.529
-2.356194	1.510910	-0.740472	106	96	91	809.176
-2.094395	2.579248	-2.364801	25	4	22	809.168
-0.523599	1.836682	-0.676006	19	22	110	809.088
-2.617994	0.709924	0.218797	99	93	97	809.064
0.261799	0.685216	-1.712745	100	100	90	809.047
0.785398	0.615174	-0.666022	1	93	93	808.961
2.879793	0.418037	1.360082	97	94	94	808.831
0.785398	1.413430	2.550734	107	96	15	808.815
-0.785398	2.455966	-0.641220	25	14	12	808.812
2.617994	0.591903	2.010408	96	91	99	808.772
1.832596	1.374601	-2.456031	2	90	101	808.576
-0.261799	2.115563	0.685730	103	14	21	808.498
-1.570796	2.295480	1.008277	17	90	108	808.460
-0.523599	1.367556	0.358405	107	104	87	808.192
2.356194	1.506530	1.988858	103	0	21	808.092
1.832596	1.870545	-2.976234	105	92	104	807.672
-3.141593	1.846342	-1.796954	7	90	102	807.396
-2.617994	1.569311	-3.003978	97	106	89	806.884
0.261799	1.683268	0.374177	6	86	109	805.988
-1.570796	2.456751	-1.503343	21	16	1	805.884
1.047198	0.370812	-2.547742	98	93	100	805.697
2.617994	1.184361	0.625864	105	102	11	805.582
-0.523599	2.393226	1.857173	100	100	87	805.558
-2.617994	1.310100	1.488307	97	110	19	805.489
0.261799	2.033014	2.977192	108	7	24	805.359
-0.261799	2.760637	2.781135	110	110	25	805.045
1.832596	0.419640	2.974122	106	91	108	804.875
-1.570796	0.419640	2.974122	30	2	6	804.807
-2.617994	2.180315	-1.357379	13	90	108	804.761
0.000000	1.809167	1.213774	111	89	98	804.434
2.094395	2.041297	-2.664597	109	89	4	804.410
2.094395	0.709924	0.218797	26	0	17	804.298
2.094395	2.153910	-1.714959	98	90	104	804.176
0.000000	2.001437	0.381215	24	14	7	803.910
-1.047198	0.960688	-0.577532	109	93	95	803.735
2.617994	2.760637	2.781135	7	92	4	803.624
-2.617994	1.870545	-2.976234	99	104	88	803.303
-2.356194	1.732874	-0.951685	106	101	88	803.061
-2.879793	1.014500	0.906702	99	89	102	802.938
0.785398	1.869911	2.701025	105	12	24	802.652
-1.570796	2.984978	1.954446	26	6	106	802.627
-1.570796	1.909857	-0.381669	98	97	88	802.548
0.261799	1.045978	0.343692	18	15	103	802.539
-0.523599	0.831641	0.616218	8	96	93	802.358
-1.570796	2.247462	0.191623	26	95	108	802.355
2.617994	1.135813	-2.658866	15	89	106	802.324
-1.570796	1.168678	2.108595	103	95	4	802.068
0.000000	2.187132	-0.479875	4	88	94	801.664
1.570796	0.866955	-0.931351	2	8	89	801.390
-1.570796	1.184361	0.625864	92	93	5	801.292
1.308997	1.545873	-1.877082	7	96	90	801.189
1.047198	2.456751	-1.503343	100	94	102	801.049
0.785398	0.458961	-0.107937	11	10	93	801.042
2.879793	2.299159	2.264663	19	100	97	800.987
2.094395	2.063651	-2.044600	100	98	92	800.891
-1.047198	1.846342	-1.796954	97	88	102	800.791
2.879793	2.180315	-1.357379	103	88	106	800.260
-2.356194	1.045978	0.343692	97	94	110	800.009
1.570796	1.948085	-2.363031	109	94	93	799.983
1.047198	1.413430	2.550734	0	95	14	799.811
1.570796	1.658653	-2.409879	93	95	99	799.592
2.879793	1.555207	1.708892	102	110	18	799.459
-1.832596	0.619654	-2.216909	91	96	103	799.281
-1.047198	0.615174	-0.666022	111	107	83	799.271
2.356194	0.571433	-1.188419	9	1	89	799.149
-1.047198	0.203748	0.590255	4	91	95	799.073
-2.356194	2.455966	-0.641220	16	90	109	799.037
0.785398	0.290380	-0.796960	17	8	102	799.033
1.570796	0.419640	2.974122	95	97	93	798.954
0.261799	2.863997	0.549740	23	13	11	798.831
0.523599	0.080730	-2.622036	97	101	89	798.705
1.047198	1.696674	-1.253233	104	93	104	798.688
-1.832596	2.187132	-0.479875	29	99	104	798.148
0.000000	1.574060	2.783565	110	86	99	798.098
-1.308997	0.960688	-0.577532	105	99	89	797.701
1.047198	1.247695	1.809890	20	13	8	797.629
-2.094395	2.396274	-1.959260	99	93	108	797.518
1.047198	1.699788	2.452890	1	96	13	797.337
1.832596	1.555207	1.708892	30	4	6	797.177
-2.094395	1.909857	-0.381669	6	91	106	796.700
0.785398	1.367556	0.358405	31	3	9	796.493
-0.523599	0.866955	-0.931351	106	103	87	796.443
2.879793	1.870545	-2.976234	96	107	90	796.256
2.356194	0.419640	2.974122	4	90	99	796.220
0.000000	2.379497	0.561089	24	16	9	796.195
2.356194	0.685216	-1.712745	8	1	90	796.134
-2.356194	1.450119	-2.739050	101	105	90	796.003
-0.523599	1.662363	0.915448	94	93	99	795.933
-3.141593	1.025536	1.576859	84	3	107	795.677
2.879793	2.153910	-1.714959	103	89	105	795.438
1.570796	1.741644	-2.695914	0	91	98	795.337
-2.617994	1.732874	-0.951685	7	96	92	795.245
-1.047198	2.760637	2.781135	26	3	104	795.188
-1.570796	1.045978	0.343692	105	96	90	795.149
1.308997	0.571433	-1.188419	0	89	97	795.144
-2.094395	1.134796	2.434290	4	95	88	794.942
0.000000	0.615174	-0.666022	109	100	87	794.925
-0.523599	1.809167	1.213774	93	93	99	794.739
-1.832596	2.251330	-2.330739	27	8	11	794.400
1.570796	1.510910	-0.740472	108	90	98	794.227
0.261799	2.115563	0.685730	1	87	99	793.709
0.000000	1.662363	0.915448	0	87	105	793.592
-0.785398	2.299159	2.264663	98	97	91	793.297
-0.523599	0.850607	-1.335383	109	110	23	793.285
-2.094395	0.899350	-2.069907	91	97	103	792.880
2.094395	1.214854	-1.966664	1	105	88	792.778
-2.094395	2.393226	1.857173	4	0	27	792.659
-1.308997	2.180315	-1.357379	23	20	6	792.625
-0.261799	2.108018	1.311430	95	92	95	792.458
-0.261799	1.506530	1.988858	27	99	13	792.202
-2.617994	1.982574	-1.115518	13	89	105	792.060
-2.356194	2.153910	-1.714959	4	91	109	792.020
0.000000	1.766067	2.153843	27	99	13	792.020
-2.617994	1.050534	3.042579	4	105	85	791.957
2.094395	1.218453	2.777284	11	92	106	791.441
-2.094395	2.041297	-2.664597	30	1	14	791.282
-1.047198	2.587733	0.232235	14	89	100	791.054
1.570796	1.168678	2.108595	2	95	95	790.609
1.832596	2.393226	1.857173	8	111	85	790.548
-0.523599	1.045978	0.343692	104	100	89	790.492
0.261799	2.247462	0.191623	110	93	91	790.358
2.356194	1.948085	-2.363031	111	87	0	790.354
0.785398	0.571433	-1.188419	107	103	84	789.807
-2.094395	1.736875	3.023612	1	108	23	789.637
0.261799	0.290380	-0.796960	109	95	89	789.633
2.879793	1.574060	2.783565	106	109	87	789.526
-1.832596	0.914445	2.687814	29	3	6	789.486
-2.094395	2.063651	-2.044600	26	10	6	789.385
-1.047198	2.979456	-1.009304	21	10	21	789.227
-2.879793	2.881233	-2.582574	95	96	104	789.147
1.047198	0.640596	-2.797608	110	6	21	789.113
-1.308997	2.587733	0.232235	8	89	101	788.900
-0.785398	0.866955	-0.931351	104	102	88	788.656
-1.570796	2.407836	1.410646	101	105	87	788.562
2.094395	0.080730	-2.622036	111	90	95	788.532
-1.832596	0.831641	0.616218	4	92	93	788.453
-0.785398	1.367556	0.358405	106	104	87	788.239
-1.832596	1.440580	2.260026	11	87	105	787.857
-2.094395	1.168678	2.108595	5	98	86	787.827
2.094395	1.325504	-1.671296	102	95	90	787.761
-1.308997	1.617114	-1.572037	6	14	92	787.744
2.356194	1.433411	-1.035986	23	14	11	787.728
-2.094395	2.138223	1.678323	2	111	25	787.549
0.785398	0.674054	1.013609	2	24	108	787.531
2.094395	1.128190	-2.288622	107	87	101	787.080
-2.356194	0.899350	-2.069907	108	12	90	787.032
-1.308997	0.961715	0.014085	108	104	82	786.940
-2.356194	2.180315	-1.357379	2	91	111	786.910
1.570796	2.063651	-2.044600	96	91	109	786.842
-2.879793	2.407836	1.410646	15	88	106	786.687
2.879793	0.831641	0.616218	8	21	6	786.672
0.785398	0.685216	-1.712745	91	98	92	786.560
0.523599	0.733948	3.021411	6	102	92	786.395
-2.094395	2.153910	-1.714959	26	12	5	786.206
-2.094395	1.391910	3.030322	31	110	11	786.187
0.000000	1.367556	0.358405	107	88	109	786.047
2.356194	1.982574	-1.115518	93	94	95	785.927
-0.523599	2.073035	2.027405	87	96	94	785.250
-1.832596	2.393226	1.857173	2	101	89	784.827
-2.879793	2.343981	-1.040456	9	88	110	784.590
-0.523599	2.138223	1.678323	111	7	22	784.438
0.261799	1.982574	-1.115518	109	8	86	784.099
-0.261799	0.700570	1.559208	26	9	7	784.011
0.000000	2.456751	-1.503343	107	97	86	783.967
-2.094395	0.709924	0.218797	103	98	85	783.942
-1.832596	2.180315	-1.357379	22	14	109	783.469
-1.047198	1.367556	0.358405	103	104	87	783.439
-1.832596	1.846342	-1.796954	26	13	2	783.068
0.000000	2.033014	2.977192	110	9	25	782.865
-3.141593	1.741644	-2.695914	97	107	92	782.859
2.356194	0.297065	2.160177	97	95	94	782.854
1.832596	1.367556	0.358405	1	4	88	782.802
-1.047198	0.961715	0.014085	5	97	91	782.309
2.617994	2.063651	-2.044600	102	88	106	782.244
1.308997	2.343981	-1.040456	103	95	98	782.170
-3.141593	0.685216	-1.712745	10	111	88	781.845
-1.308997	1.256302	0.062705	18	95	101	781.755
-0.261799	1.766067	2.153843	108	89	101	781.595
0.000000	2.247462	0.191623	25	11	10	781.409
-2.094395	1.504028	0.636812	105	89	103	781.313
2.879793	1.335669	0.897240	107	99	11	780.550
-1.570796	2.063651	-2.044600	24	16	6	780.513
-2.356194	2.664082	-1.071402	18	95	98	780.378
1.570796	0.831641	0.616218	13	15	99	780.324
-3.141593	1.440580	2.260026	102	104	18	780.286
2.617994	1.050534	3.042579	16	92	104	780.241
2.617994	2.719179	-1.780644	2	93	91	780.139
-2.879793	1.662363	0.915448	109	98	13	780.021
1.570796	1.869911	2.701025	28	4	0	779.965
-1.570796	2.587733	0.232235	105	88	99	779.688
0.523599	0.899350	-2.069907	97	101	90	779.365
1.308997	1.741644	-2.695914	109	89	98	779.324
-0.523599	1.545873	-1.877082	9	10	93	779.282
0.000000	2.396274	-1.959260	104	93	94	778.968
2.617994	2.343981	-1.040456	99	93	97	778.854
-2.356194	2.108018	1.311430	106	1	21	778.771
-0.785398	2.478122	2.609777	102	99	87	778.737
-0.523599	0.418037	1.360082	16	93	97	778.648
1.832596	1.554776	0.100351	95	95	89	778.642
0.000000	0.831641	0.616218	20	16	106	778.580
0.261799	0.850607	-1.335383	109	101	88	778.553
-0.261799	0.906588	1.252948	29	7	110	778.514
-2.879793	1.909857	-0.381669	108	87	98	778.283
2.617994	2.396274	-1.959260	101	90	111	778.223
-2.094395	2.478122	2.609777	26	0	15	778.166
-0.261799	1.574060	2.783565	110	10	22	778.110
0.261799	1.433411	-1.035986	105	90	111	777.948
-2.879793	2.760637	2.781135	17	9	85	777.914
-3.141593	2.153910	-1.714959	6	89	106	777.874
2.094395	2.478122	2.609777	6	94	2	777.627
0.261799	2.456751	-1.503343	108	95	91	777.622
2.879793	1.374601	-2.456031	20	89	108	777.453
0.785398	1.574060	2.783565	104	10	21	777.314
-0.261799	0.418037	1.360082	26	8	3	777.229
0.523599	0.618092	2.539118	109	96	95	777.217
-1.308997	1.824694	1.850876	22	5	23	777.120
-2.094395	2.979456	-1.009304	23	96	99	777.036
0.785398	1.506530	1.988858	22	11	12	777.033
-1.047198	0.591903	2.010408	19	92	100	776.960
-0.261799	1.374601	-2.456031	89	15	0	776.822
0.523599	0.762244	-0.273349	110	5	81	776.817
2.617994	1.696674	-1.253233	104	87	97	776.688
2.094395	2.396274	-1.959260	11	15	94	776.657
1.308997	1.367556	0.358405	111	8	86	776.573
1.047198	1.367556	0.358405	0	24	110	776.406
1.570796	0.709924	0.218797	28	108	0	776.359
-2.617994	2.592629	0.909713	0	103	24	776.218
-0.261799	1.014500	0.906702	26	12	110	776.006
1.308997	2.108018	1.311430	11	88	99	775.355
-2.879793	1.812176	0.656819	11	12	95	775.303
1.832596	2.251330	-2.330739	14	12	92	775.036
1.047198	1.836682	-0.676006	92	99	95	774.928
0.000000	1.413430	2.550734	94	107	89	774.554
1.308997	2.251330	-2.330739	106	93	89	774.417
0.523599	1.413430	2.550734	0	104	22	774.346
-1.832596	2.881233	-2.582574	14	6	82	774.033
-3.141593	1.869911	2.701025	1	110	85	773.744
0.000000	2.089241	-0.114193	23	13	5	773.389
-1.570796	2.592629	0.909713	103	93	4	773.014
-1.832596	0.674054	1.013609	23	95	94	772.792
1.308997	1.014500	0.906702	12	14	97	772.725
-0.523599	0.458961	-0.107937	3	95	92	772.636
-2.879793	1.218453	2.777284	105	98	14	772.268
1.832596	0.418037	1.360082	108	94	105	772.234
-0.261799	2.089241	-0.114193	19	22	1	772.199
-1.308997	1.025536	1.576859	104	92	108	772.152
0.000000	2.579248	-2.364801	110	102	82	772.140
-3.141593	1.569311	-3.003978	97	110	89	772.139
-2.356194	2.404280	-0.174044	12	88	110	772.082
2.356194	1.732874	-0.951685	22	17	4	772.076
-2.879793	0.674054	1.013609	99	91	97	771.935
1.308997	1.135834	-1.431087	96	95	92	771.673
-2.094395	1.732874	-0.951685	9	93	102	771.259
1.832596	2.138223	1.678323	4	91	98	771.168
1.570796	1.433411	-1.035986	110	88	102	771.113
-0.785398	0.700570	1.559208	30	4	0	770.984
-2.094395	2.704512	1.488683	2	108	27	770.741
1.308997	1.982574	-1.115518	94	96	96	770.648
1.308997	1.448123	-2.163292	6	92	94	770.605
0.000000	0.458961	-0.107937	19	10	103	770.290
-2.879793	1.440580	2.260026	101	99	15	770.060
1.570796	1.904882	-1.478089	6	108	82	770.036
0.261799	2.164094	-2.991358	106	7	26	769.794
1.570796	1.555207	1.708892	2	92	96	769.788
0.523599	2.343981	-1.040456	102	95	94	769.785
-1.832596	2.063651	-2.044600	26	13	7	769.674
-1.570796	1.247695	1.809890	106	92	111	769.626
-1.570796	1.875281	0.107086	24	96	102	769.375
1.832596	1.113094	-0.272241	101	16	93	769.350
-0.523599	1.391910	3.030322	96	90	110	769.231
-2.617994	1.736875	3.023612	108	106	88	769.213
2.356194	2.001437	0.381215	96	3	88	769.147
0.000000	0.850607	-1.335383	103	101	88	768.976
-2.617994	0.700570	1.559208	10	86	3	768.924
-1.832596	1.658653	-2.409879	93	95	95	768.881
-1.832596	1.504028	0.636812	10	90	100	768.438
-1.308997	1.875281	0.107086	31	104	103	768.382
-0.785398	1.504028	0.636812	90	98	98	768.325
-0.261799	1.606104	-0.451151	4	14	89	768.083
-0.523599	2.153910	-1.714959	11	16	104	767.938
-1.308997	2.138223	1.678323	94	102	91	767.886
-1.570796	0.290380	-0.796960	104	100	88	767.871
0.523599	0.203748	0.590255	17	11	97	767.676
-2.617994	2.033014	2.977192	109	101	89	767.663
0.523599	0.850607	-1.335383	105	103	86	767.447
-1.570796	1.662363	0.915448	103	97	92	767.397
2.356194	0.458961	-0.107937	11	1	83	767.127
2.356194	1.756530	-2.105156	109	85	0	767.057
1.308997	1.134796	2.434290	107	100	92	766.749
0.523599	1.696674	-1.253233	111	90	108	766.578
-0.261799	1.569311	-3.003978	110	87	95	766.459
-1.570796	2.704512	1.488683	103	105	86	766.430
0.261799	2.393226	1.857173	108	5	22	766.154
1.047198	2.041297	-2.664597	104	90	96	765.972
1.308997	2.041297	-2.664597	92	99	12	765.793
2.356194	2.180315	-1.357379	103	88	102	765.682
2.094395	2.979456	-1.009304	6	87	3	765.594
-2.879793	1.869911	2.701025	0	106	89	764.921
-2.617994	2.089241	-0.114193	104	92	95	764.834
-2.617994	1.504028	0.636812	94	24	5	764.812
2.094395	2.724429	-0.348782	108	87	0	764.801
-1.832596	1.732874	-0.951685	14	94	103	764.556
2.617994	1.555207	1.708892	103	110	19	764.362
-2.879793	2.138223	1.678323	104	1	21	764.299
2.094395	0.960688	-0.577532	102	14	91	764.117
-0.785398	1.904882	-1.478089	0	8	88	764.105
0.000000	1.948085	-2.363031	4	89	94	763.834
-1.308997	0.866955	-0.931351	98	103	88	763.752
2.356194	1.741644	-2.695914	10	88	1	763.490
1.832596	1.440580	2.260026	32	0	7	763.477
-1.570796	1.812176	0.656819	93	91	110	763.381
-3.141593	1.662363	0.915448	107	97	12	763.326
-3.141593	0.418037	1.360082	96	94	95	763.271
-0.261799	0.618092	2.539118	7	1	84	763.267
-1.308997	0.709924	0.218797	4	97	88	763.195
0.261799	0.762244	-0.273349	1	6	83	763.174
1.570796	0.080730	-2.622036	96	96	88	763.146
-1.047198	1.870545	-2.976234	5	23	6	763.125
-2.356194	0.370812	-2.547742	8	88	101	763.021
0.000000	2.115563	0.685730	107	87	98	762.979
-1.047198	2.073035	2.027405	14	5	27	762.929
-1.832596	1.135834	-1.431087	0	93	99	762.175
-0.261799	1.195355	1.200319	0	89	107	762.077
0.523599	2.478122	2.609777	110	5	26	762.064
2.617994	0.418037	1.360082	95	96	93	762.036
1.832596	1.617114	-1.572037	88	97	94	761.963
-0.261799	1.658653	-2.409879	88	14	2	761.413
-0.785398	0.418037	1.360082	14	91	97	761.183
-2.356194	1.218453	2.777284	2	87	97	761.024
-1.047198	1.732874	-0.951685	12	12	93	760.903
-2.094395	0.733948	3.021411	2	90	93	760.650
-3.141593	1.696674	-1.253233	5	93	93	760.160
-2.617994	1.450119	-2.739050	95	106	91	759.911
2.094395	1.824694	1.850876	99	3	21	759.571
-0.523599	1.025536	1.576859	28	7	9	759.566
-1.570796	2.724429	-0.348782	14	92	95	759.482
0.261799	0.379747	-1.713059	97	97	93	759.204
1.832596	2.001437	0.381215	2	2	87	759.035
-0.785398	2.349581	-2.702517	100	92	102	758.994
1.047198	2.724429	-0.348782	107	91	101	758.849
0.000000	0.418037	1.360082	108	92	96	758.786
-2.617994	2.881233	-2.582574	23	4	23	758.784
-1.832596	1.545873	-1.877082	12	95	100	758.736
-1.832596	1.214854	-1.966664	7	7	88	758.665
1.832596	2.115563	0.685730	99	9	90	758.637
0.261799	1.998705	2.370472	108	86	97	758.621
-2.617994	0.831641	0.616218	97	95	111	758.495
-1.570796	2.180315	-1.357379	24	17	2	758.449
-2.879793	1.374601	-2.456031	20	20	110	758.376
0.261799	1.391910	3.030322	104	2	88	758.256
0.261799	0.418037	1.360082	5	23	109	758.250
-1.570796	1.134497	-1.109631	2	104	87	758.109
2.094395	1.050534	3.042579	14	92	106	757.966
1.308997	1.506530	1.988858	109	6	23	757.928
-2.617994	2.664082	-1.071402	13	93	96	757.882
0.000000	1.982574	-1.115518	98	17	92	757.822
-3.141593	1.391910	3.030322	104	99	17	757.814
0.000000	1.301460	-0.509251	3	14	89	757.805
2.094395	0.929350	-2.910676	107	90	96	757.758
-1.047198	1.194549	-0.801900	28	107	102	757.585
0.523599	2.455966	-0.641220	8	97	90	757.374
-0.523599	1.555207	1.708892	3	91	103	757.255
-0.785398	0.379747	-1.713059	20	99	101	757.248
-1.570796	2.396274	-1.959260	26	11	11	757.108
-1.308997	1.310100	1.488307	26	5	14	757.097
-2.094395	1.128190	-2.288622	90	98	101	756.925
0.000000	2.478122	2.609777	0	3	26	756.865
-2.356194	0.203748	0.590255	5	93	99	756.777
2.617994	2.251330	-2.330739	103	89	110	756.690
0.261799	2.704512	1.488683	1	0	86	756.527
1.570796	0.685216	-1.712745	103	100	84	756.458
-2.356194	0.992645	-1.723759	8	8	89	756.399
-2.879793	2.108018	1.311430	110	101	21	756.376
-2.617994	1.135813	-2.658866	111	85	102	756.078
-1.832596	2.153910	-1.714959	22	14	111	755.977
-1.308997	1.367556	0.358405	23	97	98	755.960
2.094395	0.762244	-0.273349	100	91	93	755.949
-1.308997	1.658653	-2.409879	8	24	7	755.883
2.617994	1.545873	-1.877082	106	90	95	755.613
-0.785398	2.033014	2.977192	0	4	25	755.377
0.000000	2.664082	-1.071402	2	97	86	755.353
-1.308997	2.396274	-1.959260	14	16	105	755.172
0.523599	2.299159	2.264663	108	6	23	754.993
0.523599	1.998705	2.370472	1	83	98	754.927
0.785398	0.419640	2.974122	108	98	96	754.915
-3.141593	0.674054	1.013609	97	92	98	754.771
2.356194	2.379497	0.561089	94	2	88	754.577
-1.832596	2.396274	-1.959260	103	91	109	754.497
-0.261799	1.683268	0.374177	96	96	95	754.075
-1.308997	1.504028	0.636812	105	100	89	754.074
-1.832596	0.960688	-0.577532	101	97	94	753.969
-0.523599	2.664082	-1.071402	19	16	1	753.840
2.617994	1.836682	-0.676006	21	16	0	753.759
2.356194	1.555207	1.708892	100	107	17	753.424
-0.785398	1.732874	-0.951685	12	18	96	753.386
-0.785398	2.760637	2.781135	105	100	87	753.359
2.356194	0.992645	-1.723759	108	99	86	753.284
-1.570796	0.831641	0.616218	6	93	92	753.275
-1.832596	1.756530	-2.105156	26	13	4	753.223
0.000000	2.251330	-2.330739	5	94	90	753.025
0.261799	2.295480	1.008277	108	92	91	752.931
-1.308997	2.104282	-0.813972	106	17	93	752.924
1.832596	1.736875	3.023612	4	91	1	752.882
-0.261799	1.870545	-2.976234	108	12	25	752.843
-2.094395	0.831641	0.616218	11	90	102	752.829
1.832596	2.478122	2.609777	5	3	84	752.632
2.094395	0.458961	-0.107937	26	2	110	752.617
-2.879793	1.736875	3.023612	104	106	89	752.610
-1.832596	1.128190	-2.288622	94	95	100	752.589
-0.523599	1.574060	2.783565	97	90	107	752.356
-2.356194	1.301460	-0.509251	103	96	90	752.162
0.261799	2.407836	1.410646	107	107	15	752.100
0.523599	0.496451	0.593859	21	11	103	751.940
-2.879793	0.297065	2.160177	0	88	96	751.854
-1.832596	2.455966	-0.641220	107	98	84	751.807
-1.832596	0.618092	2.539118	26	5	11	751.668
-1.308997	1.569311	-3.003978	7	13	96	751.660
0.000000	2.174483	2.653697	2	7	26	751.342
-2.094395	1.242974	-2.977882	32	111	8	751.228
2.094395	1.555207	1.708892	108	1	23	751.181
1.570796	2.478122	2.609777	20	11	16	751.070
1.832596	0.866955	-0.931351	0	9	88	750.903
-1.047198	1.488617	1.159546	14	94	98	750.867
2.879793	1.662363	0.915448	102	109	16	750.795
1.570796	1.870545	-2.976234	102	92	104	750.750
-1.832596	2.407836	1.410646	94	109	86	750.521
-0.523599	1.194549	-0.801900	0	104	87	750.405
2.094395	2.251330	-2.330739	97	91	111	750.213
-0.523599	1.736875	3.023612	97	91	105	750.187
-0.785398	1.948085	-2.363031	12	13	101	750.109
0.261799	2.349581	-2.702517	13	92	97	749.884
2.356194	1.977582	0.969896	90	10	95	749.823
-0.523599	2.174483	2.653697	90	96	92	749.794
2.094395	1.504028	0.636812	106	107	17	749.747
2.356194	1.875281	0.107086	21	22	3	749.715
-2.879793	1.569311	-3.003978	101	108	89	749.312
-1.308997	2.579248	-2.364801	106	108	23	749.255
2.094395	1.812176	0.656819	6	6	90	749.206
-1.308997	1.555207	1.708892	108	91	108	749.155
2.356194	2.396274	-1.959260	5	89	109	749.094
-1.047198	2.299159	2.264663	10	6	28	748.788
-0.785398	1.824694	1.850876	93	95	98	748.701
-2.617994	1.756530	-2.105156	95	101	97	748.636
1.308997	1.504028	0.636812	111	9	87	748.270
-0.261799	2.349581	-2.702517	99	95	91	748.157
0.261799	1.014500	0.906702	22	2	23	748.148
0.523599	1.870545	-2.976234	105	9	90	748.134
-0.785398	1.977582	0.969896	13	6	89	747.956
-0.523599	1.599406	1.426070	111	92	99	747.750
2.356194	2.247462	0.191623	103	91	95	747.457
-0.261799	1.554776	0.100351	95	99	94	747.440
-0.785398	1.135813	-2.658866	107	23	99	746.938
2.879793	0.591903	2.010408	95	93	1	746.741
-1.832596	0.864993	2.278281	101	96	5	746.704
1.047198	0.992645	-1.723759	110	103	87	746.663
-1.047198	0.866955	-0.931351	104	102	88	746.612
-1.047198	1.658653	-2.409879	97	89	97	746.574
-2.617994	2.979456	-1.009304	14	92	95	746.546
-2.879793	2.456751	-1.503343	97	14	86	746.497
0.785398	2.108018	1.311430	17	19	2	746.367
1.570796	1.982574	-1.115518	96	95	95	746.274
-2.356194	2.033014	2.977192	26	3	9	746.139
-2.879793	1.335669	0.897240	99	24	2	745.980
-0.261799	1.824694	1.850876	93	92	97	745.870
2.094395	1.506530	1.988858	105	5	22	745.766
0.261799	0.674054	1.013609	24	11	108	745.654
-3.141593	1.872854	1.543456	106	103	19	745.390
0.785398	0.831641	0.616218	109	91	101	745.381
-2.879793	1.574060	2.783565	104	99	18	745.373
1.047198	2.187132	-0.479875	5	99	91	745.247
2.094395	2.349581	-2.702517	21	13	106	745.143
-3.141593	2.108018	1.311430	109	26	98	745.119
2.094395	0.615174	-0.666022	9	3	88	744.999
-0.785398	0.619654	-2.216909	20	96	100	744.979
-2.617994	1.948085	-2.363031	93	102	94	744.806
-1.047198	0.992645	-1.723759	22	98	104	744.677
0.261799	2.251330	-2.330739	85	7	110	744.671
0.261799	0.866955	-0.931351	107	104	85	744.539
-2.094395	0.992645	-1.723759	99	20	14	744.531
-2.356194	1.554776	0.100351	1	88	97	744.475
0.785398	0.297065	2.160177	106	93	101	744.329
1.308997	1.812176	0.656819	94	104	12	744.195
1.047198	0.379747	-1.713059	102	102	82	743.955
1.832596	2.407836	1.410646	10	0	87	743.856
2.879793	2.104282	-0.813972	105	90	96	743.542
1.047198	1.325504	-1.671296	111	104	85	743.471
2.617994	1.214854	-1.966664	111	95	90	743.306
-0.261799	1.301460	-0.509251	3	11	85	743.174
-2.356194	0.458961	-0.107937	103	96	91	743.119
-2.879793	2.863997	0.549740	4	86	0	743.113
-0.523599	1.824694	1.850876	111	93	94	743.112
-0.523599	1.977582	0.969896	93	94	96	743.035
2.617994	1.756530	-2.105156	20	91	109	743.009
2.879793	1.050534	3.042579	20	91	106	742.955
0.261799	1.812176	0.656819	4	85	108	742.844
1.832596	2.153910	-1.714959	98	90	106	742.809
-1.570796	0.619654	-2.216909	100	7	22	742.792
-1.570796	1.025536	1.576859	105	91	108	742.618
-3.141593	2.063651	-2.044600	25	93	111	742.507
-1.308997	0.203748	0.590255	1	92	92	742.486
-0.785398	1.335669	0.897240	95	97	98	742.408
-0.523599	2.187132	-0.479875	23	19	6	741.983
-1.308997	2.979456	-1.009304	92	97	111	741.853
-0.785398	1.506530	1.988858	93	93	106	741.831
-1.047198	1.247695	1.809890	99	93	108	741.725
0.000000	1.256302	0.062705	108	105	86	741.667
-2.356194	1.433411	-1.035986	105	96	93	741.649
-1.832596	2.104282	-0.813972	104	100	85	741.635
-1.832596	1.909857	-0.381669	4	90	105	741.612
-2.617994	0.866955	-0.931351	96	97	1	741.331
-0.261799	2.247462	0.191623	23	19	10	741.166
1.570796	2.393226	1.857173	7	110	85	741.018
1.570796	1.699788	2.452890	104	104	87	740.970
2.617994	1.448123	-2.163292	107	92	94	740.798
-1.570796	2.299159	2.264663	1	97	92	740.621
2.617994	1.413347	-1.339188	21	14	12	740.438
0.261799	0.370812	-2.547742	111	106	86	740.294
-2.094395	0.866395	-2.492918	106	16	20	739.979
-0.523599	0.685216	-1.712745	0	109	23	739.966
-2.094395	2.295480	1.008277	106	90	99	739.961
0.523599	1.875281	0.107086	29	5	2	739.781
-0.523599	2.407836	1.410646	111	3	21	739.761
-0.261799	0.203748	0.590255	20	9	102	739.750
0.523599	0.866955	-0.931351	101	100	87	739.664
2.094395	2.247462	0.191623	12	14	93	739.581
-1.570796	2.637879	2.121598	0	106	25	739.456
-0.261799	1.599406	1.426070	109	90	100	739.345
0.523599	2.587733	0.232235	30	3	104	739.302
2.094395	1.045978	0.343692	99	92	92	739.236
0.523599	1.904882	-1.478089	17	88	1	739.199
-1.308997	1.510910	-0.740472	5	3	85	739.184
-1.832596	1.134796	2.434290	29	1	10	739.149
1.047198	1.554776	0.100351	6	110	23	739.071
1.047198	2.247462	0.191623	111	24	5	739.008
0.000000	2.104282	-0.813972	5	89	94	738.973
-0.261799	2.396274	-1.959260	103	95	89	738.775
-0.523599	1.872854	1.543456	90	94	98	738.603
-1.570796	0.864993	2.278281	22	6	17	738.532
-1.308997	1.599406	1.426070	24	4	19	738.514
0.261799	1.977582	0.969896	2	87	100	738.439
2.617994	1.433411	-1.035986	22	14	10	738.321
-0.261799	1.168678	2.108595	27	101	16	738.080
0.000000	0.640596	-2.797608	19	102	94	738.025
2.094395	0.899350	-2.069907	11	88	105	737.906
-1.570796	1.448123	-2.163292	7	6	89	737.790
2.094395	0.831641	0.616218	87	11	101	737.757
-2.094395	1.948085	-2.363031	28	8	9	737.757
2.879793	0.685216	-1.712745	102	6	22	737.644
-2.094395	0.914445	2.687814	25	3	14	737.551
2.356194	2.719179	-1.780644	110	96	86	737.463
-2.617994	2.407836	1.410646	1	104	26	737.181
-1.308997	0.571433	-1.188419	23	98	103	737.051
-1.570796	2.863997	0.549740	102	95	7	736.919
-0.785398	1.045978	0.343692	102	100	89	736.857
1.047198	0.866955	-0.931351	109	8	86	736.764
1.308997	2.187132	-0.479875	5	100	91	736.735
2.879793	0.733948	3.021411	20	95	100	736.706
0.000000	1.846342	-1.796954	0	87	102	736.623
-2.094395	1.135813	-2.658866	27	9	2	736.543
-1.832596	1.448123	-2.163292	26	13	0	736.306
0.523599	2.396274	-1.959260	19	93	102	736.239
2.094395	2.138223	1.678323	17	6	92	736.194
0.523599	1.683268	0.374177	2	96	94	736.156
-0.785398	1.488617	1.159546	91	95	102	736.132
0.000000	2.984978	1.954446	0	87	96	736.127
-2.617994	1.413430	2.550734	107	99	16	735.940
-3.141593	2.356369	3.005869	26	110	16	735.765
-0.785398	2.104282	-0.813972	25	17	5	735.509
-2.617994	2.041297	-2.664597	97	101	91	735.453
2.094395	1.256302	0.062705	4	3	90	735.242
-2.094395	2.456751	-1.503343	91	99	0	735.219
2.094395	2.033014	2.977192	104	91	4	735.085
-2.094395	2.592629	0.909713	3	107	25	734.947
1.570796	1.766067	2.153843	104	100	87	734.934
0.000000	2.138223	1.678323	104	86	97	734.928
-0.261799	0.709924	0.218797	104	99	86	734.886
-2.094395	0.929350	-2.910676	31	1	8	734.841
-2.356194	2.349581	-2.702517	24	6	20	734.274
-1.047198	1.766067	2.153843	108	10	22	734.187
-0.261799	1.450119	-2.739050	87	11	109	734.039
-2.617994	1.506530	1.988858	105	97	14	733.925
-1.308997	0.640596	-2.797608	91	96	99	733.916
-2.879793	2.588535	-2.976617	15	6	84	733.733
-3.141593	1.413430	2.550734	110	27	107	733.649
0.261799	2.881233	-2.582574	111	102	86	733.522
-1.308997	1.846342	-1.796954	93	89	102	733.431
1.832596	0.203748	0.590255	13	7	85	733.412
-2.879793	2.396274	-1.959260	109	90	0	733.052
2.617994	2.456751	-1.503343	9	87	0	733.047
-0.523599	1.569311	-3.003978	111	0	88	732.972
2.879793	1.696674	-1.253233	0	88	96	732.802
1.308997	2.404280	-0.174044	8	104	88	732.622
-0.523599	2.033014	2.977192	102	91	101	732.544
-0.523599	2.478122	2.609777	102	98	87	732.482
2.094395	0.992645	-1.723759	104	90	91	732.443
0.000000	1.836682	-0.676006	20	14	111	732.371
-1.308997	0.615174	-0.666022	100	97	93	732.059
1.832596	2.089241	-0.114193	16	16	95	731.854
-2.094395	0.685216	-1.712745	93	95	107	731.818
-2.879793	2.579248	-2.364801	29	107	99	731.677
0.261799	1.301460	-0.509251	1	15	89	731.656
1.570796	1.736875	3.023612	31	110	6	731.629
-2.617994	0.866395	-2.492918	17	21	4	731.566
2.094395	0.674054	1.013609	22	2	25	731.564
1.308997	0.700570	1.559208	0	26	108	731.397
-1.570796	1.836682	-0.676006	103	99	87	731.355
2.617994	1.488617	1.159546	104	101	14	731.314
-1.047198	1.683268	0.374177	2	18	18	731.271
-0.523599	1.948085	-2.363031	10	14	101	731.268
0.523599	1.846342	-1.796954	109	89	91	731.207
-1.570796	1.050534	3.042579	34	2	5	731.110
-0.261799	2.704512	1.488683	2	106	19	731.005
1.832596	1.606104	-0.451151	107	88	99	730.811
-2.356194	1.413430	2.550734	3	91	92	730.779
-1.570796	2.579248	-2.364801	8	6	81	730.669
-0.785398	1.662363	0.915448	91	98	96	730.603
-1.047198	1.195355	1.200319	21	94	100	730.558
0.523599	2.592629	0.909713	25	8	13	730.444
0.785398	0.370812	-2.547742	97	101	89	730.257
-2.617994	1.367556	0.358405	93	22	6	730.201
-0.785398	2.073035	2.027405	95	97	92	729.827
-0.261799	1.242974	-2.977882	89	12	109	729.809
1.832596	1.948085	-2.363031	10	93	95	729.782
-2.879793	0.700570	1.559208	94	93	111	729.645
2.094395	0.914445	2.687814	11	92	104	729.583
1.832596	0.685216	-1.712745	17	91	103	729.473
-1.570796	1.869911	2.701025	106	90	102	729.464
0.523599	1.367556	0.358405	18	16	106	729.375
0.261799	2.404280	-0.174044	4	96	88	729.312
-2.356194	0.709924	0.218797	6	92	99	729.061
-2.617994	1.184361	0.625864	96	22	4	728.863
-1.570796	0.929350	-2.910676	101	10	21	728.856
0.523599	2.719179	-1.780644	90	14	105	728.673
-0.785398	0.571433	-1.188419	99	102	89	728.559
2.356194	1.569311	-3.003978	4	88	110	728.547
0.523599	2.115563	0.685730	1	99	18	728.292
1.570796	1.325504	-1.671296	96	95	93	728.285
-1.047198	1.335669	0.897240	108	97	93	728.209
-2.879793	1.904882	-1.478089	10	90	101	728.167
-2.094395	1.617114	-1.572037	21	10	102	728.066
2.356194	2.115563	0.685730	95	6	90	727.282
1.832596	0.297065	2.160177	95	99	91	727.181
-3.141593	2.138223	1.678323	109	21	92	727.161
-0.785398	0.960688	-0.577532	110	100	89	727.099
1.832596	2.041297	-2.664597	97	92	5	726.855
2.094395	1.662363	0.915448	24	16	1	726.848
-0.261799	2.299159	2.264663	96	98	87	726.662
-2.356194	2.579248	-2.364801	98	92	105	726.645
1.047198	1.134796	2.434290	110	102	88	726.486
0.785398	1.256302	0.062705	2	11	87	726.403
0.000000	2.343981	-1.040456	11	18	106	726.203
-0.261799	1.982574	-1.115518	16	23	2	726.156
2.879793	2.356369	3.005869	28	107	15	725.858
2.094395	0.910508	1.903534	0	92	8	725.683
-2.094395	2.251330	-2.330739	29	2	19	725.487
-2.094395	0.458961	-0.107937	100	94	100	725.373
0.523599	1.194549	-0.801900	95	103	88	725.358
-1.308997	1.948085	-2.363031	5	87	105	725.066
-0.523599	1.510910	-0.740472	7	15	90	724.844
1.308997	1.554776	0.100351	108	1	85	724.801
-2.617994	2.138223	1.678323	0	102	24	724.638
2.879793	1.872854	1.543456	106	110	21	724.551
0.261799	1.909857	-0.381669	24	6	107	724.256
-2.356194	1.025536	1.576859	14	21	3	724.211
2.356194	2.760637	2.781135	95	97	102	723.969
-1.832596	0.866955	-0.931351	20	94	104	723.899
1.308997	2.295480	1.008277	0	2	86	723.784
-2.879793	2.455966	-0.641220	8	86	0	723.770
2.617994	0.290380	-0.796960	27	3	110	723.711
0.000000	2.724429	-0.348782	30	111	110	723.671
-1.047198	2.455966	-0.641220	110	18	94	723.531
1.308997	0.290380	-0.796960	11	6	91	723.440
-1.570796	1.683268	0.374177	95	90	106	723.369
2.617994	0.379747	-1.713059	102	3	22	723.363
-0.523599	1.195355	1.200319	21	98	99	723.062
0.785398	1.554776	0.100351	6	110	25	723.054
-0.785398	2.664082	-1.071402	22	12	17	722.960
-1.570796	2.393226	1.857173	5	1	27	722.907
-0.261799	1.756530	-2.105156	104	88	102	722.697
1.570796	1.045978	0.343692	6	8	90	722.666
0.785398	2.089241	-0.114193	24	90	108	722.650
-0.261799	0.831641	0.616218	24	12	107	722.618
1.570796	1.574060	2.783565	102	98	12	722.543
-0.523599	2.089241	-0.114193	23	20	1	722.354
1.570796	0.615174	-0.666022	0	1	82	722.291
-1.047198	0.906588	1.252948	107	98	86	722.289
0.785398	1.168678	2.108595	20	11	16	722.268
-0.523599	1.870545	-2.976234	110	5	23	721.890
-1.832596	1.218453	2.777284	23	10	111	721.717
-2.094395	1.574060	2.783565	104	108	84	721.593
1.047198	1.433411	-1.035986	89	98	93	721.552
-2.094395	2.001437	0.381215	10	88	102	721.527
-0.261799	2.041297	-2.664597	106	89	97	721.489
2.094395	1.569311	-3.003978	1	90	110	721.474
2.356194	2.343981	-1.040456	100	89	101	721.400
1.047198	0.914445	2.687814	106	100	94	721.332
0.261799	1.134796	2.434290	109	109	25	721.203
0.261799	0.618092	2.539118	27	11	3	721.160
-2.617994	1.014500	0.906702	101	89	102	721.104
1.570796	1.413347	-1.339188	108	88	104	720.992
-2.356194	1.413347	-1.339188	111	97	92	720.951
2.356194	1.812176	0.656819	106	111	20	720.912
-0.785398	0.080730	-2.622036	99	94	104	720.794
-0.261799	0.615174	-0.666022	107	100	87	720.409
1.832596	1.836682	-0.676006	108	87	105	720.154
0.000000	2.404280	-0.174044	23	12	9	720.080
0.785398	2.187132	-0.479875	4	97	91	720.080
-3.141593	2.295480	1.008277	107	99	21	720.060
1.047198	1.721184	-0.153948	23	10	99	719.816
-1.047198	1.256302	0.062705	21	96	102	719.756
1.570796	1.135834	-1.431087	109	88	102	719.711
0.000000	1.736875	3.023612	108	5	87	719.542
0.785398	2.299159	2.264663	24	10	14	719.535
1.308997	1.555207	1.708892	110	8	23	719.500
0.000000	2.587733	0.232235	24	11	14	719.365
2.356194	1.836682	-0.676006	24	15	2	719.248
-1.832596	1.617114	-1.572037	12	97	100	719.231
-0.261799	1.045978	0.343692	108	111	28	719.221
-1.832596	1.325504	-1.671296	11	3	88	719.157
-2.356194	0.674054	1.013609	8	90	93	718.934
2.356194	0.615174	-0.666022	27	110	16	718.867
1.047198	0.290380	-0.796960	17	9	101	718.491
-0.785398	2.356369	3.005869	102	93	98	718.485
2.617994	1.732874	-0.951685	96	89	95	718.400
-2.879793	1.606104	-0.451151	102	91	92	718.358
-1.832596	0.866395	-2.492918	88	100	98	718.321
0.000000	0.866955	-0.931351	4	99	91	718.175
0.261799	1.113094	-0.272241	0	10	84	718.081
0.261799	1.506530	1.988858	28	105	13	717.985
-3.141593	1.045978	0.343692	21	14	111	717.949
-1.308997	1.440580	2.260026	107	95	5	717.855
-2.094395	1.870545	-2.976234	26	6	5	717.824
-2.617994	0.961715	0.014085	111	90	105	717.711
0.000000	1.506530	1.988858	29	101	13	717.673
-2.094395	1.335669	0.897240	104	89	103	717.661
-2.356194	2.588535	-2.976617	22	11	10	717.332
-0.785398	1.869911	2.701025	106	6	87	717.212
-2.617994	1.554776	0.100351	109	86	97	717.193
-0.261799	2.251330	-2.330739	106	93	90	717.152
-0.785398	1.218453	2.777284	86	97	3	717.125
-1.308997	1.374601	-2.456031	109	91	98	717.116
-1.308997	2.863997	0.549740	108	88	97	717.092
1.047198	1.510910	-0.740472	90	101	90	717.010
-2.617994	0.418037	1.360082	1	91	94	716.936
2.879793	2.588535	-2.976617	94	95	103	716.842
0.785398	2.404280	-0.174044	25	91	106	716.804
1.832596	1.413347	-1.339188	105	96	89	716.724
-3.141593	1.977582	0.969896	107	97	17	716.590
-3.141593	1.310100	1.488307	111	97	85	716.494
2.094395	1.809167	1.213774	28	14	3	716.431
1.047198	2.180315	-1.357379	100	94	102	716.353
2.879793	2.251330	-2.330739	16	90	1	716.340
-3.141593	0.618092	2.539118	23	95	103	716.182
-1.047198	0.910508	1.903534	31	2	9	716.167
2.617994	1.824694	1.850876	97	97	13	716.140
2.617994	0.618092	2.539118	101	88	103	715.965
2.617994	0.571433	-1.188419	0	86	107	715.941
0.523599	1.113094	-0.272241	107	105	84	715.887
-0.261799	2.393226	1.857173	110	6	23	715.864
-1.570796	1.721184	-0.153948	96	91	97	715.838
-2.879793	1.195355	1.200319	96	91	111	715.264
1.308997	0.866955	-0.931351	104	108	81	715.220
2.879793	1.448123	-2.163292	111	92	94	715.209
0.000000	2.704512	1.488683	107	6	24	715.133
2.617994	2.664082	-1.071402	98	93	100	714.991
-2.879793	1.872854	1.543456	2	93	90	714.948
-3.141593	2.478122	2.609777	20	12	89	714.816
-2.356194	1.488617	1.159546	93	109	17	714.691
1.832596	2.063651	-2.044600	99	89	108	714.687
-1.047198	0.674054	1.013609	25	9	0	714.457
-3.141593	0.899350	-2.069907	5	5	90	714.306
1.570796	2.104282	-0.813972	93	93	98	714.167
-0.523599	2.396274	-1.959260	102	101	80	714.086
-1.047198	2.719179	-1.780644	21	92	10	713.960
2.356194	2.579248	-2.364801	18	13	106	713.623
-2.094395	0.379747	-1.713059	95	95	106	713.597
1.570796	2.881233	-2.582574	3	90	1	713.563
-0.261799	2.456751	-1.503343	0	95	87	713.476
0.261799	0.203748	0.590255	15	8	92	713.382
0.523599	2.404280	-0.174044	20	88	106	713.345
0.523599	1.617114	-1.572037	108	91	111	713.290
-2.356194	1.545873	-1.877082	93	98	104	713.219
-1.832596	0.910508	1.903534	27	2	6	713.160
-0.785398	1.683268	0.374177	90	99	96	713.062
-2.879793	2.174483	2.653697	102	19	90	712.977
1.832596	0.850607	-1.335383	3	4	89	712.913
-2.356194	2.724429	-0.348782	3	89	2	712.891
-1.570796	1.135813	-2.658866	9	22	1	712.703
1.832596	0.762244	-0.273349	28	106	111	712.570
-0.261799	2.478122	2.609777	102	102	83	712.552
-2.356194	2.001437	0.381215	110	87	109	712.551
-2.094395	0.419640	2.974122	5	87	103	712.396
0.523599	1.433411	-1.035986	108	91	110	712.371
0.000000	1.450119	-2.739050	0	3	90	712.283
0.000000	1.683268	0.374177	23	16	0	712.260
0.785398	2.041297	-2.664597	103	12	93	712.135
-2.356194	2.247462	0.191623	1	87	109	711.984
-2.879793	2.592629	0.909713	29	5	0	711.972
0.000000	2.180315	-1.357379	107	10	86	711.969
-2.094395	1.325504	-1.671296	10	3	88	711.928
-3.141593	1.417623	-0.202254	9	109	87	711.614
1.570796	2.041297	-2.664597	94	96	11	711.543
-1.832596	1.812176	0.656819	99	95	4	711.536
2.356194	0.203748	0.590255	98	96	104	711.494
1.308997	2.180315	-1.357379	103	93	102	711.480
-0.261799	0.961715	0.014085	99	99	92	711.449
-1.047198	1.872854	1.543456	21	6	23	711.432
-2.356194	0.379747	-1.713059	0	14	88	711.097
2.617994	0.866955	-0.931351	27	111	14	711.049
-2.356194	1.448123	-2.163292	92	99	101	710.869
2.879793	1.367556	0.358405	12	23	4	710.844
1.308997	1.875281	0.107086	108	92	98	710.818
-0.523599	0.960688	-0.577532	111	85	103	710.633
-1.832596	0.458961	-0.107937	6	93	98	710.532
-1.308997	0.618092	2.539118	91	0	93	710.455
-2.094395	2.349581	-2.702517	28	2	14	710.425
-2.617994	1.904882	-1.478089	111	95	95	710.323
-2.879793	1.310100	1.488307	1	99	85	710.261
2.356194	0.866955	-0.931351	107	14	90	710.234
-1.832596	2.073035	2.027405	2	2	25	709.992
1.308997	0.591903	2.010408	109	94	101	709.982
-1.047198	0.618092	2.539118	27	6	12	709.909
1.047198	1.741644	-2.695914	105	11	92	709.859
-0.261799	1.510910	-0.740472	3	14	90	709.520
0.000000	2.393226	1.857173	108	110	19	709.501
-0.261799	2.187132	-0.479875	15	23	111	709.500
1.570796	1.391910	3.030322	106	91	111	709.482
0.785398	0.203748	0.590255	107	89	100	709.452
1.047198	1.555207	1.708892	111	8	23	709.375
-1.570796	2.379497	0.561089	24	93	109	709.290
-1.308997	2.295480	1.008277	106	104	88	709.227
0.785398	1.218453	2.777284	103	104	90	709.225
1.832596	0.615174	-0.666022	111	1	82	709.027
2.356194	2.138223	1.678323	18	7	92	708.990
0.000000	1.872854	1.543456	97	90	97	708.831
0.261799	1.569311	-3.003978	108	6	89	708.719
-0.261799	2.153910	-1.714959	99	25	110	708.705
0.000000	2.455966	-0.641220	0	92	90	708.609
-2.617994	2.393226	1.857173	3	86	107	708.504
1.570796	1.756530	-2.105156	96	97	95	708.359
1.308997	0.831641	0.616218	14	13	96	708.214
0.000000	1.741644	-2.695914	7	88	94	708.063
0.000000	1.606104	-0.451151	11	108	25	707.971
-2.617994	1.242974	-2.977882	24	14	5	707.960
-2.094395	0.080730	-2.622036	20	14	105	707.871
2.617994	2.356369	3.005869	0	90	111	707.829
-3.141593	0.961715	0.014085	23	12	7	707.808
-1.570796	1.134796	2.434290	14	89	102	707.686
-2.356194	1.872854	1.543456	107	91	93	707.453
2.617994	0.910508	1.903534	93	94	111	707.432
-2.879793	1.766067	2.153843	105	87	99	707.396
2.879793	1.846342	-1.796954	107	89	99	707.281
1.570796	1.134796	2.434290	9	102	90	707.160
0.523599	0.370812	-2.547742	111	105	86	706.936
2.617994	1.870545	-2.976234	91	2	89	706.878
1.570796	1.809167	1.213774	7	14	21	706.808
0.785398	1.766067	2.153843	21	13	14	706.777
-0.261799	0.640596	-2.797608	16	87	0	706.602
1.308997	0.618092	2.539118	7	99	95	706.585
0.261799	1.824694	1.850876	105	82	107	706.462
0.785398	2.295480	1.008277	3	106	86	706.189
-1.832596	0.297065	2.160177	110	9	26	706.131
-0.261799	1.721184	-0.153948	17	22	105	706.131
-0.261799	1.699788	2.452890	105	87	104	706.092
0.261799	1.809167	1.213774	0	83	110	706.074
0.261799	2.719179	-1.780644	3	107	81	705.997
0.000000	1.869911	2.701025	4	88	99	705.967
1.832596	1.168678	2.108595	97	94	99	705.966
2.356194	1.699788	2.452890	16	95	107	705.934
1.308997	1.325504	-1.671296	8	104	87	705.775
-2.356194	1.948085	-2.363031	29	3	12	705.773
-0.523599	1.506530	1.988858	93	91	108	705.724
-0.785398	2.251330	-2.330739	98	18	96	705.492
0.785398	0.960688	-0.577532	110	13	88	705.487
-2.356194	1.574060	2.783565	26	3	12	705.448
-1.832596	1.662363	0.915448	100	96	7	705.353
-0.261799	1.025536	1.576859	26	10	9	705.337
2.094395	0.685216	-1.712745	6	1	89	705.241
-1.832596	1.869911	2.701025	111	109	85	705.224
-2.356194	1.904882	-1.478089	1	96	96	705.111
1.047198	0.831641	0.616218	2	24	110	705.031
-2.356194	0.290380	-0.796960	105	94	109	704.983
2.617994	2.637879	2.121598	22	8	89	704.552
2.356194	1.696674	-1.253233	23	16	5	704.454
1.047198	2.104282	-0.813972	13	10	19	704.405
-2.617994	2.153910	-1.714959	2	90	108	704.397
-2.617994	2.579248	-2.364801	104	93	106	704.312
-2.094395	1.194549	-0.801900	1	99	88	704.303
-0.523599	1.699788	2.452890	0	9	23	703.874
-0.785398	2.187132	-0.479875	92	108	17	703.872
2.617994	1.741644	-2.695914	12	88	111	703.795
2.356194	1.413347	-1.339188	99	88	94	703.774
2.356194	1.128190	-2.288622	105	87	97	703.714
-2.094395	1.699788	2.452890	111	4	86	703.703
2.094395	0.618092	2.539118	110	92	102	703.623
0.000000	0.419640	2.974122	27	10	3	703.496
0.261799	1.696674	-1.253233	107	89	108	703.410
-0.261799	2.174483	2.653697	2	7	26	703.199
-0.785398	2.863997	0.549740	16	90	97	703.081
0.785398	1.450119	-2.739050	104	85	105	702.996
2.879793	1.325504	-1.671296	0	111	86	702.947
-1.308997	1.721184	-0.153948	25	97	104	702.888
1.832596	2.979456	-1.009304	2	88	1	702.855
2.356194	0.960688	-0.577532	110	85	1	702.822
1.570796	1.194549	-0.801900	104	88	103	702.629
1.832596	2.104282	-0.813972	110	86	108	702.494
1.047198	2.404280	-0.174044	5	102	88	702.414
1.047198	1.504028	0.636812	90	109	11	702.373
2.617994	2.984978	1.954446	20	6	85	702.180
-1.570796	2.089241	-0.114193	30	100	106	702.130
0.785398	1.683268	0.374177	6	103	22	702.103
2.617994	1.617114	-1.572037	105	90	94	702.080
-3.141593	1.325504	-1.671296	7	91	93	701.796
2.617994	2.881233	-2.582574	22	12	9	701.708
2.094395	2.456751	-1.503343	100	89	106	701.544
0.000000	1.247695	1.809890	96	88	106	701.448
1.570796	1.696674	-1.253233	9	111	85	701.245
-2.879793	0.709924	0.218797	95	96	107	701.059
-1.047198	1.756530	-2.105156	98	88	99	700.967
0.000000	0.733948	3.021411	15	86	111	700.951
-2.879793	1.045978	0.343692	109	89	107	700.938
1.308997	0.929350	-2.910676	105	6	20	700.854
1.832596	2.073035	2.027405	22	8	101	700.831
1.570796	2.108018	1.311430	14	90	99	700.822
1.308997	2.760637	2.781135	23	93	96	700.748
-0.785398	1.872854	1.543456	94	95	96	700.705
1.570796	0.203748	0.590255	15	7	85	700.698
2.879793	1.506530	1.988858	102	110	19	700.691
0.000000	1.135813	-2.658866	111	0	90	700.428
0.000000	2.299159	2.264663	1	10	26	700.406
-2.356194	1.367556	0.358405	109	88	96	700.279
-1.832596	1.135813	-2.658866	35	0	5	699.922
1.570796	1.247695	1.809890	29	0	9	699.869
-2.356194	1.168678	2.108595	1	96	86	699.853
-2.094395	1.413430	2.550734	19	4	22	699.614
1.570796	0.850607	-1.335383	102	102	83	699.534
-0.523599	2.041297	-2.664597	102	90	106	699.449
-1.832596	2.719179	-1.780644	24	11	17	699.434
1.570796	0.733948	3.021411	89	100	92	699.426
0.000000	0.906588	1.252948	25	11	5	699.371
-1.047198	2.063651	-2.044600	98	89	97	699.309
-2.879793	2.153910	-1.714959	10	90	106	699.196
0.785398	2.180315	-1.357379	96	10	90	699.164
-1.308997	1.448123	-2.163292	4	86	0	699.031
-1.832596	1.948085	-2.363031	27	10	9	698.923
-2.356194	2.396274	-1.959260	102	92	109	698.742
1.832596	2.724429	-0.348782	2	100	90	698.740
-1.308997	2.592629	0.909713	5	4	25	698.721
-2.617994	2.251330	-2.330739	31	104	0	698.682
-0.261799	2.138223	1.678323	92	93	94	698.552
1.047198	1.982574	-1.115518	29	100	98	698.376
-3.141593	2.396274	-1.959260	24	8	9	698.352
-2.617994	0.458961	-0.107937	102	95	92	698.227
2.879793	1.545873	-1.877082	110	92	94	698.164
-0.785398	1.809167	1.213774	90	96	97	698.124
0.261799	1.869911	2.701025	97	6	91	698.008
-0.785398	1.391910	3.030322	85	97	1	697.981
0.523599	2.704512	1.488683	1	2	86	697.879
1.308997	1.113094	-0.272241	24	99	104	697.791
-1.570796	0.370812	-2.547742	91	96	102	697.688
-0.523599	1.325504	-1.671296	7	9	91	697.653
2.094395	2.164094	-2.991358	96	93	110	697.572
-1.570796	2.073035	2.027405	110	101	88	697.291
-2.094395	2.343981	-1.040456	21	94	106	697.248
1.832596	2.180315	-1.357379	98	93	98	697.246
0.785398	1.606104	-0.451151	8	90	108	697.228
1.308997	1.617114	-1.572037	7	103	86	697.107
2.879793	2.984978	1.954446	20	9	85	697.082
2.879793	0.992645	-1.723759	3	100	86	696.999
-2.879793	0.379747	-1.713059	106	15	92	696.951
2.879793	1.488617	1.159546	105	101	14	696.934
-2.094395	1.696674	-1.253233	104	111	83	696.905
2.879793	2.063651	-2.044600	22	92	110	696.766
0.523599	2.164094	-2.991358	104	4	25	696.762
0.523599	1.391910	3.030322	108	3	86	696.755
0.785398	1.194549	-0.801900	96	102	87	696.641
-0.523599	2.724429	-0.348782	24	14	8	696.587
0.261799	1.450119	-2.739050	111	4	90	696.474
-1.047198	1.135813	-2.658866	106	89	98	696.406
1.047198	1.736875	3.023612	102	4	22	696.385
1.832596	1.433411	-1.035986	33	1	106	696.319
1.308997	1.310100	1.488307	13	89	102	696.291
0.785398	0.864993	2.278281	18	8	18	696.255
1.832596	0.290380	-0.796960	11	4	90	696.165
0.261799	2.579248	-2.364801	109	97	89	696.160
2.356194	0.379747	-1.713059	10	4	91	696.011
2.356194	1.448123	-2.163292	103	93	93	695.923
-2.356194	1.504028	0.636812	14	87	98	695.909
-2.356194	0.496451	0.593859	101	92	109	695.811
-2.879793	0.496451	0.593859	101	93	94	695.766
-0.523599	2.456751	-1.503343	13	17	106	695.734
2.879793	1.242974	-2.977882	103	98	15	695.595
0.000000	1.904882	-1.478089	8	17	102	695.555
0.000000	0.762244	-0.273349	21	10	106	695.554
0.000000	2.863997	0.549740	18	19	2	695.395
-1.308997	0.866395	-2.492918	99	89	102	695.316
0.261799	0.080730	-2.622036	109	100	88	695.310
-2.356194	1.696674	-1.253233	109	95	96	695.203
1.570796	1.050534	3.042579	1	90	6	695.183
0.261799	2.153910	-1.714959	9	93	89	695.122
1.308997	1.756530	-2.105156	91	97	97	694.999
-1.570796	0.571433	-1.188419	21	95	103	694.991
0.523599	2.247462	0.191623	1	98	89	694.788
-3.141593	1.184361	0.625864	106	89	110	694.711
-1.308997	0.496451	0.593859	21	97	95	694.700
1.047198	2.592629	0.909713	10	12	25	694.578
0.000000	0.496451	0.593859	19	15	104	694.568
-0.261799	1.836682	-0.676006	15	23	109	694.559
1.832596	1.732874	-0.951685	0	86	104	694.434
1.832596	2.664082	-1.071402	97	91	104	694.362
1.570796	1.417623	-0.202254	93	95	90	694.346
2.094395	1.135834	-1.431087	18	91	104	694.345
0.261799	1.194549	-0.801900	111	13	88	694.246
2.879793	1.756530	-2.105156	21	90	108	694.199
-2.094395	2.164094	-2.991358	111	96	92	694.124
-0.785398	2.138223	1.678323	107	1	21	694.090
-0.785398	2.456751	-1.503343	14	17	107	693.953
-1.308997	0.297065	2.160177	25	8	106	693.888
-1.570796	0.674054	1.013609	25	97	94	693.879
0.785398	2.456751	-1.503343	21	92	105	693.828
0.000000	0.080730	-2.622036	0	26	104	693.581
-2.879793	1.134796	2.434290	104	97	12	693.524
2.356194	1.135813	-2.658866	106	86	99	693.439
0.523599	1.982574	-1.115518	107	91	102	693.396
-1.308997	1.872854	1.543456	11	90	109	693.293
-1.047198	1.128190	-2.288622	109	21	95	693.090
2.879793	0.290380	-0.796960	109	15	88	693.017
-1.832596	1.025536	1.576859	103	91	110	692.586
1.047198	0.615174	-0.666022	14	13	101	692.463
0.785398	2.587733	0.232235	17	87	103	692.283
1.570796	1.732874	-0.951685	108	89	103	692.281
1.832596	2.637879	2.121598	98	95	101	692.280
2.879793	2.396274	-1.959260	104	90	0	692.276
0.261799	0.733948	3.021411	2	101	91	692.167
1.047198	1.488617	1.159546	107	106	85	692.105
1.047198	0.591903	2.010408	111	92	101	691.993
-2.617994	2.719179	-1.780644	25	101	97	691.968
-1.308997	1.756530	-2.105156	15	10	97	691.943
-2.617994	2.063651	-2.044600	94	19	97	691.834
-1.308997	2.299159	2.264663	23	93	108	691.782
1.832596	0.618092	2.539118	93	96	96	691.768
-1.308997	0.290380	-0.796960	105	101	86	691.531
2.356194	1.869911	2.701025	100	109	85	691.498
-0.261799	2.664082	-1.071402	107	106	24	691.379
2.617994	0.850607	-1.335383	111	13	90	691.309
2.356194	2.089241	-0.114193	19	23	110	691.305
2.617994	2.115563	0.685730	93	4	90	691.123
0.785398	1.391910	3.030322	102	8	20	691.036
-0.261799	1.256302	0.062705	105	105	86	691.035
-2.879793	1.025536	1.576859	94	94	2	690.811
0.785398	0.914445	2.687814	103	102	93	690.668
2.617994	0.685216	-1.712745	9	0	89	690.668
-1.832596	2.343981	-1.040456	27	98	109	690.440
-3.141593	1.374601	-2.456031	25	91	108	690.310
2.356194	0.850607	-1.335383	110	102	83	690.307
-3.141593	2.724429	-0.348782	108	6	83	690.296
0.785398	2.396274	-1.959260	23	95	103	690.266
0.785398	1.617114	-1.572037	110	92	0	690.130
-1.047198	2.592629	0.909713	102	87	99	690.105
1.570796	0.700570	1.559208	20	90	109	690.074
-1.832596	2.587733	0.232235	25	93	111	690.047
2.617994	1.242974	-2.977882	15	88	109	689.945
-0.523599	1.766067	2.153843	103	90	104	689.867
-2.879793	1.555207	1.708892	97	5	21	689.760
1.308997	1.732874	-0.951685	90	96	94	689.737
-0.785398	1.736875	3.023612	16	92	100	689.726
0.785398	0.910508	1.903534	21	11	13	689.490
0.785398	1.599406	1.426070	13	11	23	689.479
2.879793	2.637879	2.121598	21	11	89	689.424
-0.523599	0.591903	2.010408	26	8	10	689.372
-2.617994	0.674054	1.013609	99	91	97	689.352
-2.356194	1.506530	1.988858	110	96	13	689.255
-2.617994	2.456751	-1.503343	95	12	87	689.246
2.617994	0.831641	0.616218	108	97	6	689.221
-1.832596	2.456751	-1.503343	100	95	0	689.158
-0.785398	0.910508	1.903534	30	5	9	689.125
-2.617994	1.214854	-1.966664	110	9	87	688.942
2.617994	2.587733	0.232235	109	85	109	688.896
2.356194	2.664082	-1.071402	98	90	105	688.749
-2.879793	2.478122	2.609777	19	100	96	688.721
1.047198	1.683268	0.374177	107	25	110	688.713
1.047198	1.134497	-1.109631	95	98	89	688.652
-2.617994	2.760637	2.781135	16	11	85	688.508
-2.617994	2.588535	-2.976617	14	8	84	688.494
-0.261799	1.741644	-2.695914	3	89	92	688.476
-1.832596	2.138223	1.678323	0	110	24	688.447
2.617994	0.899350	-2.069907	89	11	101	688.428
-2.617994	1.510910	-0.740472	103	95	92	688.427
-1.047198	0.709924	0.218797	4	97	89	688.393
2.356194	0.591903	2.010408	94	93	99	688.378
2.094395	2.579248	-2.364801	1	90	1	688.325
-0.523599	1.433411	-1.035986	111	109	86	688.271
-0.261799	0.496451	0.593859	3	90	104	688.220
2.879793	2.164094	-2.991358	102	100	94	688.213
-1.570796	1.310100	1.488307	108	95	89	688.191
-2.879793	1.510910	-0.740472	21	9	17	688.161
-1.832596	2.033014	2.977192	1	108	25	688.098
-3.141593	1.450119	-2.739050	12	8	21	688.083
-2.094395	2.760637	2.781135	86	5	3	688.024
-0.523599	2.299159	2.264663	99	97	89	687.958
-1.570796	1.756530	-2.105156	5	10	91	687.920
0.523599	1.658653	-2.409879	5	9	94	687.905
0.000000	0.700570	1.559208	7	24	0	687.891
1.832596	0.700570	1.559208	105	95	104	687.717
-2.094395	2.881233	-2.582574	24	8	7	687.701
2.356194	2.588535	-2.976617	20	13	12	687.447
-2.356194	0.419640	2.974122	91	98	88	687.290
-0.261799	2.587733	0.232235	23	17	12	687.238
1.832596	2.295480	1.008277	13	2	90	687.210
-1.047198	2.579248	-2.364801	29	111	15	687.210
2.879793	0.866395	-2.492918	25	96	104	687.136
-3.141593	2.187132	-0.479875	103	92	94	686.769
1.047198	1.846342	-1.796954	1	96	86	686.728
-1.047198	0.850607	-1.335383	92	104	90	686.548
1.308997	0.906588	1.252948	111	25	107	686.167
-0.785398	2.588535	-2.976617	2	91	102	686.165
-0.261799	0.960688	-0.577532	2	6	82	686.118
-1.047198	2.164094	-2.991358	5	23	9	685.984
1.308997	2.174483	2.653697	110	94	5	685.946
-3.141593	1.050534	3.042579	23	93	105	685.815
-1.832596	1.870545	-2.976234	4	111	26	685.733
1.308997	1.846342	-1.796954	90	100	94	685.728
1.570796	1.617114	-1.572037	9	106	85	685.712
0.261799	2.664082	-1.071402	10	103	83	685.455
-0.523599	2.579248	-2.364801	102	106	79	685.377
-2.356194	1.824694	1.850876	103	89	97	685.302
-0.523599	2.404280	-0.174044	91	105	14	685.238
-3.141593	0.992645	-1.723759	5	102	86	685.198
-0.785398	1.554776	0.100351	104	85	102	685.172
0.785398	1.872854	1.543456	20	17	8	684.977
0.523599	1.574060	2.783565	1	6	26	684.846
2.356194	1.367556	0.358405	106	85	102	684.809
0.523599	2.637879	2.121598	106	1	22	684.745
1.832596	1.301460	-0.509251	100	15	93	684.648
-1.570796	1.555207	1.708892	20	88	105	684.642
-0.261799	2.579248	-2.364801	103	103	81	684.604
1.047198	2.299159	2.264663	21	12	14	684.380
0.523599	2.138223	1.678323	104	1	19	684.322
2.094395	1.134497	-1.109631	110	9	86	684.321
2.617994	1.812176	0.656819	94	6	90	684.214
2.879793	2.719179	-1.780644	13	16	103	684.164
1.308997	2.979456	-1.009304	111	98	91	684.150
2.617994	2.073035	2.027405	24	100	100	684.065
-2.356194	2.393226	1.857173	2	0	27	684.025
2.617994	1.683268	0.374177	108	7	88	684.015
2.617994	1.977582	0.969896	87	6	95	684.002
-0.785398	0.709924	0.218797	5	96	91	683.979
0.000000	1.824694	1.850876	97	91	94	683.959
-1.832596	2.664082	-1.071402	22	98	99	683.938
0.000000	0.960688	-0.577532	98	103	86	683.934
1.047198	2.108018	1.311430	15	12	21	683.782
-1.832596	1.391910	3.030322	103	108	86	683.714
2.094395	1.554776	0.100351	82	3	105	683.688
-1.308997	0.864993	2.278281	31	1	9	683.601
-3.141593	2.984978	1.954446	17	11	85	683.420
-0.785398	0.203748	0.590255	20	7	102	683.378
-0.523599	0.961715	0.014085	101	101	88	683.313
-3.141593	2.455966	-0.641220	107	89	101	683.221
-1.308997	0.685216	-1.712745	15	92	4	683.083
-1.308997	1.168678	2.108595	16	91	100	683.041
-1.570796	1.846342	-1.796954	2	6	87	683.032
1.047198	0.910508	1.903534	94	99	97	683.031
1.047198	2.407836	1.410646	4	110	86	682.808
2.356194	0.618092	2.539118	105	91	111	682.795
1.047198	2.984978	1.954446	21	15	6	682.688
2.879793	1.247695	1.809890	101	15	92	682.688
0.785398	1.050534	3.042579	88	3	89	682.554
-3.141593	2.174483	2.653697	16	102	96	682.310
2.617994	1.736875	3.023612	102	106	90	682.038
-3.141593	0.591903	2.010408	104	87	101	681.879
-2.617994	2.404280	-0.174044	7	86	108	681.805
-1.570796	1.374601	-2.456031	102	94	95	681.751
1.832596	1.846342	-1.796954	94	91	102	681.650
2.879793	2.349581	-2.702517	0	89	2	681.573
-1.047198	1.555207	1.708892	24	7	19	681.492
1.570796	2.587733	0.232235	108	92	98	681.450
-0.523599	2.719179	-1.780644	25	2	16	681.390
-0.523599	1.904882	-1.478089	26	100	12	681.210
-2.879793	0.831641	0.616218	102	89	98	681.190
0.261799	1.413430	2.550734	25	16	8	680.937
-0.261799	2.001437	0.381215	24	18	9	680.857
2.617994	0.458961	-0.107937	90	10	98	680.852
-1.308997	1.545873	-1.877082	17	96	103	680.792
-0.523599	2.588535	-2.976617	1	92	10	680.788
1.570796	2.979456	-1.009304	110	105	85	680.753
0.261799	1.599406	1.426070	96	88	103	680.693
-2.356194	1.134796	2.434290	1	95	87	680.513
-2.094395	0.960688	-0.577532	105	98	88	680.510
1.832596	0.961715	0.014085	93	11	88	680.467
1.832596	2.349581	-2.702517	3	91	96	680.458
1.832596	2.760637	2.781135	21	13	10	680.393
1.308997	2.089241	-0.114193	108	106	86	680.330
1.570796	2.033014	2.977192	28	4	111	680.236
2.617994	1.168678	2.108595	100	99	11	680.194
1.832596	2.587733	0.232235	110	92	98	680.180
-2.879793	0.850607	-1.335383	28	1	5	679.979
-1.047198	0.866395	-2.492918	95	8	19	679.777
-0.261799	1.113094	-0.272241	1	5	82	679.766
-2.617994	1.662363	0.915448	96	24	108	679.727
0.785398	1.134796	2.434290	108	100	88	679.704
0.261799	2.041297	-2.664597	93	104	14	679.651
0.785398	1.909857	-0.381669	107	95	95	679.590
-1.047198	2.104282	-0.813972	14	13	96	679.429
1.308997	0.850607	-1.335383	33	101	110	679.426
1.832596	2.174483	2.653697	26	7	106	679.410
1.308997	0.419640	2.974122	108	101	89	679.339
0.785398	2.115563	0.685730	3	102	88	679.338
1.570796	1.836682	-0.676006	104	88	105	679.129
-1.570796	1.599406	1.426070	2	91	96	679.125
1.308997	1.135813	-2.658866	5	87	110	679.031
2.356194	1.335669	0.897240	29	8	16	678.999
1.832596	0.496451	0.593859	27	107	17	678.937
-0.261799	0.458961	-0.107937	4	94	92	678.927
2.617994	1.699788	2.452890	18	96	107	678.896
2.094395	1.696674	-1.253233	109	94	92	678.849
-3.141593	2.073035	2.027405	101	111	23	678.799
2.879793	1.824694	1.850876	102	108	21	678.728
2.879793	1.617114	-1.572037	2	90	95	678.683
-3.141593	1.809167	1.213774	13	10	91	678.635
2.356194	0.496451	0.593859	2	92	3	678.560
0.000000	1.488617	1.159546	107	85	3	678.371
-2.094395	0.866955	-0.931351	30	5	8	678.356
-1.308997	1.909857	-0.381669	99	96	87	678.291
-0.261799	2.637879	2.121598	5	1	28	678.273
0.261799	2.108018	1.311430	111	90	94	678.201
-1.832596	0.929350	-2.910676	34	0	2	678.131
-2.617994	2.724429	-0.348782	16	87	14	677.955
-0.785398	0.864993	2.278281	26	7	15	677.930
-1.570796	0.591903	2.010408	28	3	110	677.902
-2.356194	0.619654	-2.216909	107	14	92	677.833
1.308997	1.440580	2.260026	31	107	9	677.652
-2.094395	0.297065	2.160177	0	9	26	677.643
1.832596	2.588535	-2.976617	18	12	102	677.612
1.308997	0.762244	-0.273349	107	8	82	677.576
2.356194	1.325504	-1.671296	102	87	94	677.412
-0.785398	1.417623	-0.202254	104	85	101	677.344
-1.047198	1.417623	-0.202254	19	97	98	677.301
-2.617994	1.766067	2.153843	3	86	102	677.195
2.879793	0.914445	2.687814	11	86	12	677.099
1.832596	1.413430	2.550734	33	111	4	676.914
2.094395	1.869911	2.701025	111	93	103	676.795
-0.261799	2.979456	-1.009304	105	102	21	676.705
-3.141593	1.555207	1.708892	109	91	91	676.542
-0.261799	1.545873	-1.877082	104	87	106	676.441
-1.570796	2.187132	-0.479875	105	95	87	676.425
0.523599	0.914445	2.687814	100	102	93	676.379
1.308997	2.664082	-1.071402	3	95	94	676.321
-0.785398	0.906588	1.252948	98	93	107	676.269
-0.523599	1.450119	-2.739050	111	11	21	676.266
-1.308997	2.343981	-1.040456	22	19	1	676.242
2.879793	0.618092	2.539118	20	94	103	676.166
2.094395	2.108018	1.311430	0	17	19	676.158
-1.047198	1.909857	-0.381669	26	102	104	676.150
-1.570796	0.685216	-1.712745	106	11	84	676.092
-2.356194	2.979456	-1.009304	109	10	87	676.022
2.356194	2.984978	1.954446	26	0	17	676.006
1.308997	1.374601	-2.456031	94	94	99	675.979
0.000000	0.370812	-2.547742	0	103	87	675.961
-1.570796	2.138223	1.678323	110	88	0	675.953
1.047198	1.256302	0.062705	29	11	7	675.947
1.570796	2.251330	-2.330739	16	12	92	675.796
-2.879793	2.379497	0.561089	111	102	23	675.772
-1.047198	0.297065	2.160177	6	90	99	675.742
-2.356194	0.733948	3.021411	26	8	12	675.617
-0.785398	2.579248	-2.364801	3	23	12	675.562
2.879793	1.135834	-1.431087	13	83	103	675.562
0.523599	2.041297	-2.664597	6	87	93	675.542
2.094395	2.637879	2.121598	2	7	85	675.508
1.570796	2.356369	3.005869	96	98	9	675.359
1.308997	1.870545	-2.976234	104	90	103	675.077
-0.523599	0.370812	-2.547742	14	16	91	674.942
1.047198	1.301460	-0.509251	97	12	86	674.924
0.785398	1.741644	-2.695914	1	12	92	674.861
1.832596	1.045978	0.343692	91	12	90	674.848
1.570796	0.618092	2.539118	99	99	91	674.779
-0.523599	1.606104	-0.451151	6	14	89	674.649
-2.879793	2.587733	0.232235	105	88	101	674.646
0.785398	2.407836	1.410646	109	98	11	674.646
-2.356194	1.325504	-1.671296	101	22	10	674.621
1.308997	1.194549	-0.801900	3	92	99	674.605
2.356194	2.979456	-1.009304	108	4	81	674.561
1.047198	1.184361	0.625864	111	88	104	674.535
0.000000	1.218453	2.777284	27	14	7	674.501
1.308997	2.456751	-1.503343	102	92	103	674.159
0.261799	1.134497	-1.109631	107	90	2	674.088
2.094395	2.299159	2.264663	8	3	85	674.020
1.047198	1.135813	-2.658866	109	86	108	673.910
1.308997	1.242974	-2.977882	111	88	0	673.906
-2.094395	1.310100	1.488307	108	2	27	673.902
-1.570796	1.948085	-2.363031	97	92	93	673.850
2.356194	1.599406	1.426070	92	100	9	673.844
2.094395	1.683268	0.374177	96	94	90	673.835
-2.617994	1.194549	-0.801900	102	98	88	673.756
-0.523599	1.134497	-1.109631	95	91	94	673.743
-0.523599	1.617114	-1.572037	27	101	10	673.718
0.261799	1.135813	-2.658866	1	1	89	673.655
0.523599	1.732874	-0.951685	103	93	100	673.619
0.000000	1.875281	0.107086	101	91	97	673.601
-3.141593	1.824694	1.850876	103	23	101	673.535
0.261799	1.870545	-2.976234	105	2	21	673.532
0.785398	1.870545	-2.976234	102	7	24	673.426
-0.523599	1.741644	-2.695914	0	90	92	673.423
1.308997	2.863997	0.549740	11	11	25	673.353
1.047198	2.089241	-0.114193	109	23	1	673.328
1.832596	1.872854	1.543456	17	93	98	673.255
-2.094395	0.762244	-0.273349	103	100	85	673.149
-2.356194	0.618092	2.539118	109	15	97	673.148
-2.617994	2.356369	3.005869	24	3	16	673.096
0.000000	1.113094	-0.272241	0	5	82	673.090
0.785398	0.640596	-2.797608	109	86	102	673.084
-0.261799	0.591903	2.010408	7	24	0	672.992
-1.570796	1.766067	2.153843	111	14	22	672.953
1.570796	2.073035	2.027405	34	108	111	672.951
1.570796	1.812176	0.656819	110	22	12	672.900
2.617994	1.440580	2.260026	99	107	19	672.871
-2.617994	1.875281	0.107086	110	85	103	672.707
-1.570796	1.809167	1.213774	3	93	95	672.511
1.047198	1.135834	-1.431087	109	106	85	672.352
-0.261799	1.904882	-1.478089	10	16	101	672.309
-0.785398	0.297065	2.160177	20	9	91	672.307
-2.617994	0.080730	-2.622036	103	92	91	672.202
-2.094395	1.050534	3.042579	29	3	7	672.113
2.094395	1.510910	-0.740472	14	89	102	672.104
-2.094395	1.599406	1.426070	104	92	91	672.054
1.570796	1.025536	1.576859	31	107	15	672.000
1.047198	1.050534	3.042579	9	106	89	671.931
0.261799	2.637879	2.121598	0	106	19	671.752
-1.832596	0.733948	3.021411	33	110	4	671.729
0.523599	0.290380	-0.796960	5	92	95	671.715
-1.570796	2.153910	-1.714959	22	16	0	671.619
-1.047198	0.571433	-1.188419	0	104	86	671.590
-0.261799	1.998705	2.370472	0	3	22	671.524
2.617994	1.569311	-3.003978	12	88	110	671.523
-1.832596	2.637879	2.121598	4	108	30	671.459
0.523599	0.992645	-1.723759	109	90	94	671.326
0.000000	1.510910	-0.740472	107	15	87	671.226
1.832596	1.134497	-1.109631	111	7	86	671.176
1.047198	0.700570	1.559208	4	11	84	671.112
-2.094395	0.571433	-1.188419	0	0	28	671.043
-1.308997	2.041297	-2.664597	6	88	101	671.018
0.261799	1.440580	2.260026	104	90	92	670.861
-1.047198	2.033014	2.977192	3	3	26	670.849
1.832596	2.456751	-1.503343	97	90	106	670.728
0.000000	1.658653	-2.409879	91	21	1	670.664
-0.785398	1.836682	-0.676006	98	109	19	670.579
0.785398	2.637879	2.121598	110	103	16	670.473
-1.047198	1.617114	-1.572037	4	17	93	670.420
2.617994	2.138223	1.678323	16	10	92	670.315
-0.523599	1.256302	0.062705	104	105	86	670.275
0.000000	1.699788	2.452890	104	86	101	670.078
-1.047198	0.831641	0.616218	8	94	94	670.031
2.879793	2.478122	2.609777	23	9	89	669.950
2.356194	1.310100	1.488307	100	100	9	669.930
-0.523599	2.115563	0.685730	94	96	92	669.828
2.617994	1.869911	2.701025	97	101	19	669.731
-1.832596	1.242974	-2.977882	34	0	7	669.682
2.094395	1.721184	-0.153948	110	107	87	669.660
-3.141593	1.242974	-2.977882	106	97	16	669.512
0.261799	2.174483	2.653697	109	5	24	669.494
-2.356194	1.869911	2.701025	27	0	11	669.468
1.570796	1.134497	-1.109631	0	4	86	669.291
1.047198	0.850607	-1.335383	31	95	111	669.279
-2.879793	2.404280	-0.174044	2	91	95	669.153
-1.832596	0.379747	-1.713059	98	94	106	669.097
-1.308997	1.413430	2.550734	105	91	100	669.076
2.617994	0.615174	-0.666022	25	1	17	669.017
-0.523599	2.108018	1.311430	93	98	91	668.955
1.308997	1.417623	-0.202254	91	98	90	668.819
1.308997	1.134497	-1.109631	2	90	102	668.789
0.000000	1.545873	-1.877082	110	86	106	668.777
0.261799	1.195355	1.200319	18	93	105	668.726
0.261799	2.138223	1.678323	20	87	108	668.680
-0.523599	0.733948	3.021411	97	94	95	668.660
0.000000	1.433411	-1.035986	111	87	93	668.521
1.047198	1.574060	2.783565	104	9	23	668.515
-1.047198	1.310100	1.488307	94	95	103	668.499
-3.141593	2.349581	-2.702517	111	89	0	668.477
-2.617994	1.256302	0.062705	97	95	0	668.448
2.879793	1.809167	1.213774	104	109	19	668.331
-3.141593	1.014500	0.906702	107	89	108	668.330
-2.617994	2.164094	-2.991358	100	102	87	668.323
2.617994	2.724429	-0.348782	102	92	98	668.235
2.879793	1.606104	-0.451151	19	17	2	668.158
0.000000	1.195355	1.200319	25	12	7	668.139
-2.094395	2.247462	0.191623	21	90	107	668.038
-1.308997	1.335669	0.897240	106	95	93	668.033
0.000000	2.073035	2.027405	96	93	90	668.010
-0.261799	1.134497	-1.109631	100	90	94	667.911
-3.141593	1.195355	1.200319	86	106	8	667.903
0.785398	1.977582	0.969896	15	21	111	667.770
0.000000	1.756530	-2.105156	108	87	104	667.598
-1.047198	2.356369	3.005869	100	93	99	667.436
1.570796	1.683268	0.374177	20	90	109	667.420
2.094395	1.488617	1.159546	26	14	8	667.396
-2.094395	2.108018	1.311430	106	91	96	667.319
-1.832596	2.108018	1.311430	1	91	97	667.269
-0.261799	0.850607	-1.335383	101	101	88	667.121
1.308997	1.872854	1.543456	11	89	98	667.120
-1.308997	0.929350	-2.910676	89	98	95	667.073
-2.356194	0.961715	0.014085	104	97	85	666.805
-0.785398	0.370812	-2.547742	103	92	102	666.721
0.000000	2.979456	-1.009304	23	93	10	666.668
-2.094395	1.218453	2.777284	4	89	95	666.645
-2.094395	2.115563	0.685730	107	90	97	666.543
2.617994	1.766067	2.153843	102	111	23	666.439
-3.141593	0.733948	3.021411	23	95	100	666.433
