144	1.2	0
-1.832596	1.869911	2.701025
0.387833	2.292555	-2.495821
../6r7m_monomer_m.pdb	-79.563	310.828	-135.579
../6r7m_monomer_m.pdb	218.734	190.711	190.650
0.523599	0.866395	-2.492918	143	3	13	1581.409
1.308997	1.977582	0.969896	136	131	129	1323.098
0.523599	0.619654	-2.216909	143	3	13	1268.271
0.523599	1.214854	-1.966664	4	1	124	1260.795
1.047198	1.977582	0.969896	136	135	129	1257.311
-2.879793	2.108018	1.311430	6	124	130	1248.129
1.308997	2.108018	1.311430	136	134	131	1239.067
1.047198	2.115563	0.685730	134	133	132	1234.435
0.785398	2.115563	0.685730	135	137	134	1230.333
-2.356194	0.866955	-0.931351	19	127	130	1216.664
1.308997	0.899350	-2.069907	135	135	12	1204.160
-0.261799	1.128190	-2.288622	11	0	125	1201.092
1.570796	2.108018	1.311430	136	131	131	1198.877
0.000000	0.685216	-1.712745	142	4	13	1196.476
-0.523599	1.214854	-1.966664	17	142	127	1182.763
1.308997	2.295480	1.008277	134	132	134	1173.443
-2.617994	1.809167	1.213774	15	121	119	1169.530
1.570796	2.295480	1.008277	134	128	133	1168.260
1.308997	2.115563	0.685730	134	129	131	1158.045
1.047198	1.662363	0.915448	139	133	125	1157.317
0.523599	0.685216	-1.712745	138	141	11	1154.690
0.261799	1.325504	-1.671296	9	2	127	1148.459
1.047198	2.295480	1.008277	135	136	134	1147.753
0.785398	1.977582	0.969896	138	139	130	1146.497
1.047198	2.108018	1.311430	140	137	133	1139.807
-2.617994	2.108018	1.311430	10	123	128	1137.847
2.879793	2.108018	1.311430	4	123	130	1133.264
-2.356194	2.407836	1.410646	12	114	128	1131.567
1.308997	1.872854	1.543456	140	136	129	1128.351
0.000000	1.135813	-2.658866	5	1	122	1122.264
0.000000	1.128190	-2.288622	7	3	125	1116.618
-1.570796	2.187132	-0.479875	12	136	137	1110.058
1.832596	2.407836	1.410646	134	129	135	1106.874
1.308997	1.809167	1.213774	139	132	126	1103.579
-3.141593	2.881233	-2.582574	0	120	25	1095.573
0.785398	1.662363	0.915448	141	136	125	1092.444
2.094395	2.407836	1.410646	135	125	134	1086.366
-2.617994	2.187132	-0.479875	16	133	142	1086.309
2.094395	1.909857	-0.381669	142	108	135	1083.635
-3.141593	2.108018	1.311430	7	123	130	1079.629
-3.141593	2.001437	0.381215	12	124	133	1079.420
-1.308997	2.979456	-1.009304	132	129	141	1077.652
-1.570796	0.733948	3.021411	5	128	8	1077.101
0.261799	1.128190	-2.288622	4	3	123	1076.878
2.879793	2.704512	1.488683	139	114	134	1076.149
0.785398	2.108018	1.311430	141	141	134	1073.108
1.570796	2.407836	1.410646	137	135	137	1072.694
0.523599	1.448123	-2.163292	0	3	125	1072.428
2.356194	2.592629	0.909713	139	115	134	1069.906
0.523599	1.128190	-2.288622	142	3	123	1065.271
-1.308997	0.733948	3.021411	5	129	8	1060.295
1.570796	1.809167	1.213774	139	130	126	1057.399
-0.523599	0.960688	-0.577532	135	130	139	1054.450
0.785398	0.992645	-1.723759	143	143	121	1052.788
-2.617994	1.599406	1.426070	10	122	115	1052.681
2.356194	1.374601	-2.456031	136	123	14	1052.285
0.000000	0.619654	-2.216909	9	1	12	1048.912
-2.879793	2.404280	-0.174044	19	135	1	1044.773
-1.832596	2.089241	-0.114193	5	132	136	1043.456
1.308997	1.662363	0.915448	139	129	124	1043.091
-2.356194	2.704512	1.488683	11	113	133	1042.696
2.617994	2.455966	-0.641220	16	131	6	1042.447
2.356194	1.812176	0.656819	3	117	125	1041.247
-3.141593	2.407836	1.410646	143	117	133	1039.035
-0.261799	0.899350	-2.069907	10	0	16	1038.306
-1.832596	2.295480	1.008277	17	129	127	1037.722
-3.141593	2.115563	0.685730	11	124	132	1037.037
0.523599	2.115563	0.685730	139	141	135	1032.625
1.570796	2.592629	0.909713	133	128	137	1031.965
0.523599	1.836682	-0.676006	126	137	143	1028.411
-2.356194	2.089241	-0.114193	11	132	137	1027.975
-1.570796	1.214854	-1.966664	24	128	133	1026.853
1.047198	2.592629	0.909713	138	134	137	1025.412
1.832596	1.662363	0.915448	1	135	135	1025.146
0.523599	1.506530	1.988858	8	136	141	1023.175
2.879793	2.295480	1.008277	5	115	129	1021.989
-2.617994	1.256302	0.062705	8	128	129	1021.836
1.570796	2.001437	0.381215	138	140	139	1020.030
2.094395	2.478122	2.609777	128	140	137	1019.577
1.047198	1.809167	1.213774	140	136	127	1018.794
2.617994	2.637879	2.121598	134	126	138	1018.442
2.094395	1.128190	-2.288622	135	125	12	1017.466
-2.356194	2.108018	1.311430	18	120	17	1016.551
2.617994	2.115563	0.685730	5	116	128	1016.251
2.617994	1.374601	-2.456031	139	119	13	1015.541
-2.879793	1.809167	1.213774	12	119	119	1015.417
-2.879793	2.592629	0.909713	11	113	132	1014.300
2.094395	0.591903	2.010408	13	140	114	1011.865
2.356194	2.393226	1.857173	136	126	134	1011.776
1.047198	0.685216	-1.712745	134	136	10	1010.967
1.047198	0.899350	-2.069907	136	139	14	1010.037
-2.617994	2.407836	1.410646	8	112	128	1008.282
0.785398	0.685216	-1.712745	135	138	10	1008.236
-0.785398	0.618092	2.539118	7	129	6	1005.669
-1.832596	1.599406	1.426070	26	126	4	1004.760
0.785398	0.458961	-0.107937	136	139	120	1004.381
0.261799	0.899350	-2.069907	5	0	15	1003.045
0.785398	2.379497	0.561089	134	137	137	1000.555
1.047198	1.812176	0.656819	136	131	127	1000.060
-3.141593	2.760637	2.781135	133	118	136	999.264
-2.617994	2.455966	-0.641220	13	136	0	997.459
-2.094395	0.850607	-1.335383	20	128	130	995.957
1.047198	2.379497	0.561089	133	132	136	995.820
0.261799	1.135834	-1.431087	10	1	126	995.612
0.000000	1.214854	-1.966664	10	2	126	994.899
1.047198	1.214854	-1.966664	137	142	123	994.745
2.356194	2.379497	0.561089	141	114	133	994.574
2.617994	1.214854	-1.966664	0	116	9	990.763
-2.879793	2.115563	0.685730	12	125	132	989.890
-2.617994	2.592629	0.909713	15	116	132	989.868
2.094395	2.704512	1.488683	134	127	138	989.838
0.000000	1.977582	0.969896	5	1	135	989.409
2.094395	2.760637	2.781135	127	140	141	988.936
2.356194	1.413347	-1.339188	4	118	5	987.762
1.570796	2.299159	2.264663	132	3	133	986.360
-3.141593	2.592629	0.909713	7	111	132	985.282
0.785398	1.214854	-1.966664	143	0	123	984.181
-2.356194	2.295480	1.008277	14	121	128	983.729
-1.832596	1.977582	0.969896	18	135	123	983.640
2.879793	2.760637	2.781135	125	120	138	983.165
0.523599	0.203748	0.590255	140	117	1	982.258
1.570796	1.872854	1.543456	139	132	127	982.041
-1.308997	0.419640	2.974122	0	135	116	981.526
-1.832596	2.724429	-0.348782	1	132	32	981.138
1.308997	1.812176	0.656819	136	128	127	980.630
2.879793	1.977582	0.969896	5	118	125	979.425
2.094395	2.579248	-2.364801	9	1	10	978.772
-2.094395	0.419640	2.974122	7	142	122	977.921
2.094395	1.433411	-1.035986	4	120	4	976.854
-2.094395	0.866955	-0.931351	19	132	130	975.521
1.308997	0.831641	0.616218	7	117	128	973.580
-1.047198	2.979456	-1.009304	134	129	140	971.781
0.785398	0.899350	-2.069907	139	141	13	970.233
2.094395	2.393226	1.857173	133	131	135	970.054
1.832596	1.904882	-1.478089	6	126	14	968.470
-2.356194	1.977582	0.969896	18	128	124	968.137
2.094395	1.413347	-1.339188	2	120	6	968.099
-2.094395	2.404280	-0.174044	13	140	140	968.062
-1.832596	2.404280	-0.174044	7	134	137	966.902
1.570796	0.370812	-2.547742	6	143	122	966.633
-2.617994	1.662363	0.915448	17	125	119	966.024
-0.523599	0.850607	-1.335383	139	3	13	963.612
2.879793	2.407836	1.410646	141	116	131	963.572
0.785398	2.592629	0.909713	135	141	141	962.945
-2.617994	1.554776	0.100351	9	127	131	962.903
-2.617994	2.704512	1.488683	8	110	133	961.084
-2.617994	0.615174	-0.666022	15	129	127	961.054
-1.570796	0.866955	-0.931351	19	3	133	960.734
0.000000	0.203748	0.590255	143	139	118	960.660
2.879793	1.809167	1.213774	7	119	123	960.658
-2.617994	2.404280	-0.174044	17	138	1	959.410
2.879793	1.872854	1.543456	1	120	123	958.460
-0.785398	1.325504	-1.671296	22	140	130	958.088
2.879793	2.592629	0.909713	4	111	132	957.366
0.261799	0.418037	1.360082	0	133	113	956.872
2.617994	1.045978	0.343692	20	115	125	956.601
-1.308997	1.214854	-1.966664	24	132	131	956.306
0.523599	1.909857	-0.381669	126	137	140	956.077
-1.832596	2.587733	0.232235	14	141	137	955.843
0.000000	1.374601	-2.456031	8	3	125	955.092
0.523599	0.571433	-1.188419	134	138	9	953.565
0.261799	1.683268	0.374177	141	9	137	951.670
-3.141593	2.455966	-0.641220	15	136	4	951.548
0.523599	2.295480	1.008277	141	142	138	951.438
-0.261799	1.214854	-1.966664	13	1	126	950.792
0.261799	0.379747	-1.713059	138	13	11	950.615
0.523599	2.108018	1.311430	2	143	136	950.239
2.879793	1.824694	1.850876	139	121	121	950.000
-0.261799	0.685216	-1.712745	8	141	119	949.969
0.261799	1.450119	-2.739050	2	3	124	949.440
-1.570796	2.138223	1.678323	22	128	14	949.258
2.879793	2.478122	2.609777	132	119	132	948.905
-2.617994	1.574060	2.783565	9	139	18	948.748
-2.617994	1.488617	1.159546	13	126	115	948.641
2.617994	2.041297	-2.664597	136	118	19	948.357
-1.570796	2.089241	-0.114193	7	132	134	947.878
0.785398	1.325504	-1.671296	139	3	126	947.800
1.308997	0.496451	0.593859	139	127	115	947.361
-2.879793	2.979456	-1.009304	140	134	31	946.470
1.308997	2.164094	-2.991358	9	1	10	945.842
0.000000	0.899350	-2.069907	5	2	16	945.086
-0.261799	0.618092	2.539118	14	124	142	945.056
2.356194	2.407836	1.410646	137	122	133	944.650
2.094395	1.812176	0.656819	143	118	125	944.520
2.617994	2.592629	0.909713	142	113	133	944.400
-1.832596	2.187132	-0.479875	13	134	137	944.029
-1.832596	1.809167	1.213774	24	125	8	943.829
-1.047198	1.194549	-0.801900	13	141	128	943.468
1.308997	2.407836	1.410646	138	136	137	942.356
-2.356194	2.247462	0.191623	13	130	134	942.033
-0.261799	0.850607	-1.335383	12	142	121	941.156
2.617994	2.295480	1.008277	139	119	133	940.619
-2.879793	2.637879	2.121598	139	114	135	940.530
1.047198	1.128190	-2.288622	139	140	120	939.726
2.094395	1.135813	-2.658866	132	128	12	938.913
-3.141593	2.393226	1.857173	139	115	131	937.815
1.832596	2.108018	1.311430	137	127	130	937.793
2.094395	1.721184	-0.153948	141	108	130	937.734
2.617994	2.108018	1.311430	2	123	130	937.419
-1.308997	1.510910	-0.740472	14	141	133	936.010
1.832596	1.812176	0.656819	141	136	135	935.622
-1.047198	1.510910	-0.740472	14	141	132	932.650
2.879793	1.128190	-2.288622	143	113	8	932.231
-3.141593	2.295480	1.008277	8	116	129	931.720
1.308997	2.138223	1.678323	139	136	132	931.594
-1.308997	2.295480	1.008277	14	140	127	931.379
-1.047198	0.992645	-1.723759	21	137	127	931.072
-1.570796	2.247462	0.191623	4	133	135	929.974
-2.879793	0.899350	-2.069907	143	142	14	929.888
-1.570796	2.393226	1.857173	19	127	18	929.821
2.879793	2.174483	2.653697	132	120	129	929.693
-1.570796	2.379497	0.561089	13	141	132	929.565
-2.356194	0.080730	-2.622036	143	118	5	929.044
-2.879793	1.977582	0.969896	11	124	128	928.872
-2.356194	1.875281	0.107086	10	129	133	928.695
-0.785398	1.128190	-2.288622	20	139	127	927.767
-2.879793	2.295480	1.008277	10	121	131	926.681
-2.356194	2.592629	0.909713	17	119	132	926.663
-3.141593	2.138223	1.678323	2	117	127	926.193
-2.094395	1.977582	0.969896	19	131	123	925.493
-2.356194	1.909857	-0.381669	13	131	136	924.532
1.832596	1.872854	1.543456	139	129	126	923.594
-3.141593	2.349581	-2.702517	1	114	19	922.928
0.785398	1.982574	-1.115518	130	119	0	922.542
2.094395	2.089241	-0.114193	141	108	134	922.505
0.261799	1.214854	-1.966664	9	1	123	922.134
-2.617994	2.295480	1.008277	13	116	127	921.611
1.570796	2.984978	1.954446	138	122	26	921.389
0.785398	0.831641	0.616218	137	135	119	921.384
0.261799	0.203748	0.590255	142	136	116	920.607
-0.261799	1.658653	-2.409879	1	134	14	920.500
0.261799	1.658653	-2.409879	143	139	121	920.476
2.356194	1.696674	-1.253233	7	120	5	920.396
1.832596	2.138223	1.678323	136	131	130	920.155
0.523599	0.992645	-1.723759	2	0	121	919.210
2.356194	2.478122	2.609777	125	134	136	919.124
-0.523599	1.824694	1.850876	18	136	2	918.732
1.308997	2.592629	0.909713	133	131	138	918.599
-0.261799	0.571433	-1.188419	140	7	13	918.152
-2.617994	0.866955	-0.931351	18	124	131	918.073
-3.141593	2.073035	2.027405	140	117	126	917.904
1.047198	1.872854	1.543456	143	139	132	917.771
-2.094395	1.658653	-2.409879	140	2	13	917.538
1.570796	0.290380	-0.796960	136	112	1	917.476
2.094395	2.379497	0.561089	139	115	133	916.828
2.094395	2.108018	1.311430	138	124	129	916.718
1.308997	2.349581	-2.702517	138	140	27	916.392
1.570796	1.977582	0.969896	137	127	129	915.183
-0.261799	1.766067	2.153843	16	137	2	915.038
2.879793	0.370812	-2.547742	132	135	9	914.734
1.047198	2.041297	-2.664597	12	142	12	914.509
2.879793	2.379497	0.561089	7	111	131	913.860
2.617994	1.872854	1.543456	141	121	123	913.125
2.356194	2.295480	1.008277	138	120	132	912.245
1.570796	0.899350	-2.069907	135	130	10	911.845
-2.879793	2.579248	-2.364801	4	116	21	911.233
1.832596	1.721184	-0.153948	137	110	130	911.106
1.570796	1.683268	0.374177	140	140	136	910.721
-1.570796	2.295480	1.008277	17	135	126	910.343
-0.785398	1.335669	0.897240	18	1	133	909.928
1.047198	1.325504	-1.671296	139	0	125	909.258
0.785398	1.574060	2.783565	14	4	140	908.739
1.570796	2.138223	1.678323	137	134	131	907.281
0.523599	2.379497	0.561089	135	141	138	905.504
0.523599	0.914445	2.687814	132	136	120	904.149
-2.094395	0.370812	-2.547742	4	128	10	903.901
1.832596	0.290380	-0.796960	130	134	121	903.272
-0.785398	0.899350	-2.069907	18	140	125	902.984
1.047198	1.045978	0.343692	131	133	122	902.477
-2.356194	2.404280	-0.174044	16	137	140	902.369
1.832596	0.866395	-2.492918	131	131	10	899.874
-1.047198	0.733948	3.021411	7	119	2	899.874
1.570796	2.115563	0.685730	135	126	131	899.750
-3.141593	2.984978	1.954446	140	116	136	899.464
-0.261799	2.979456	-1.009304	136	119	139	899.125
-3.141593	1.977582	0.969896	9	118	125	898.510
-2.617994	1.721184	-0.153948	14	128	134	897.974
-3.141593	1.450119	-2.739050	9	141	125	897.873
-1.308997	1.617114	-1.572037	142	5	18	897.870
0.261799	0.571433	-1.188419	133	141	9	897.812
2.356194	1.433411	-1.035986	6	120	3	896.819
2.879793	2.041297	-2.664597	139	114	18	895.913
-1.308997	1.545873	-1.877082	26	132	137	895.860
-0.785398	0.733948	3.021411	11	121	2	895.846
2.617994	1.977582	0.969896	1	118	125	895.711
0.261799	0.685216	-1.712745	141	2	13	895.651
1.308997	2.041297	-2.664597	8	15	18	895.250
-2.617994	1.977582	0.969896	19	122	123	894.083
-2.094395	2.001437	0.381215	10	134	134	893.973
2.879793	1.599406	1.426070	4	122	118	893.758
-1.308997	0.591903	2.010408	6	138	114	893.289
0.000000	0.866395	-2.492918	11	0	14	893.193
1.832596	1.134497	-1.109631	139	141	125	892.734
-2.617994	1.909857	-0.381669	14	128	136	892.291
0.785398	0.496451	0.593859	135	134	117	892.160
-2.094395	2.115563	0.685730	20	135	129	892.009
1.308997	2.637879	2.121598	129	2	136	891.821
0.785398	1.045978	0.343692	133	137	122	891.292
2.356194	2.115563	0.685730	1	116	129	890.842
0.261799	1.135813	-2.658866	0	2	123	890.786
-0.785398	0.850607	-1.335383	16	139	122	890.662
2.879793	2.138223	1.678323	141	118	127	890.455
-2.879793	2.881233	-2.582574	4	120	25	890.293
-2.879793	2.407836	1.410646	4	111	128	890.142
-2.356194	1.662363	0.915448	18	129	118	890.006
1.308997	2.379497	0.561089	132	128	135	889.322
-0.523599	0.914445	2.687814	15	126	1	889.274
0.785398	2.001437	0.381215	134	136	133	888.534
-0.523599	1.766067	2.153843	18	134	3	888.493
2.617994	2.407836	1.410646	139	121	133	888.421
-0.261799	0.709924	0.218797	6	5	126	888.324
0.523599	0.899350	-2.069907	143	0	120	888.140
2.356194	2.637879	2.121598	125	119	133	888.099
-2.879793	0.370812	-2.547742	1	142	122	887.657
-2.094395	1.836682	-0.676006	17	132	137	887.562
2.356194	2.138223	1.678323	137	123	128	887.172
-0.523599	0.992645	-1.723759	17	142	124	886.940
-1.832596	0.618092	2.539118	143	112	142	886.938
-2.879793	1.662363	0.915448	18	123	120	885.515
-1.832596	2.247462	0.191623	15	140	133	884.901
2.094395	2.187132	-0.479875	128	138	26	884.496
1.047198	2.393226	1.857173	125	143	22	884.430
2.617994	1.696674	-1.253233	10	121	6	884.234
-2.094395	0.640596	-2.797608	2	131	11	884.092
1.832596	0.899350	-2.069907	134	125	10	883.176
-0.261799	1.301460	-0.509251	0	142	127	883.065
-2.879793	0.080730	-2.622036	137	135	117	882.749
0.523599	1.135813	-2.658866	6	2	16	882.673
2.879793	1.214854	-1.966664	4	114	8	882.407
-2.356194	2.187132	-0.479875	14	136	141	882.345
0.261799	1.242974	-2.977882	142	2	122	882.304
-2.094395	0.571433	-1.188419	18	132	127	881.974
2.356194	2.984978	1.954446	133	120	136	881.394
-1.047198	0.618092	2.539118	6	115	142	880.997
-0.523599	0.619654	-2.216909	12	141	12	879.899
2.094395	2.295480	1.008277	138	124	133	879.796
0.785398	1.809167	1.213774	143	138	128	879.277
0.785398	1.732874	-0.951685	128	120	140	879.006
-1.832596	0.640596	-2.797608	2	128	10	878.580
1.832596	1.504028	0.636812	2	135	133	878.219
2.356194	0.571433	-1.188419	129	114	119	878.135
-2.617994	1.872854	1.543456	10	117	118	877.788
-0.523599	0.685216	-1.712745	12	139	119	877.608
1.047198	2.704512	1.488683	134	126	26	877.564
-0.523599	0.899350	-2.069907	13	143	17	877.505
2.094395	1.606104	-0.451151	141	107	132	877.162
-3.141593	0.619654	-2.216909	138	137	12	876.536
-3.141593	2.637879	2.121598	139	116	134	875.983
-1.832596	2.153910	-1.714959	21	118	13	875.202
2.879793	2.393226	1.857173	135	117	131	875.136
2.879793	1.045978	0.343692	23	118	125	875.111
-3.141593	2.251330	-2.330739	1	116	21	874.661
-1.832596	1.301460	-0.509251	15	133	129	874.338
2.094395	1.699788	2.452890	122	140	11	873.909
0.261799	1.736875	3.023612	10	126	143	873.887
0.785398	1.391910	3.030322	14	4	143	873.731
1.308997	2.001437	0.381215	134	141	139	873.557
0.000000	1.325504	-1.671296	15	1	128	873.391
1.047198	2.407836	1.410646	139	139	137	873.206
-1.047198	0.370812	-2.547742	13	140	9	872.886
0.523599	0.910508	1.903534	11	129	136	872.764
1.308997	1.391910	3.030322	140	16	126	872.652
-0.523599	0.618092	2.539118	13	121	142	872.623
-1.832596	2.115563	0.685730	18	142	130	872.272
0.785398	1.736875	3.023612	4	17	130	872.017
1.308997	1.683268	0.374177	137	142	136	871.998
1.570796	2.379497	0.561089	134	123	134	871.741
2.094395	2.349581	-2.702517	136	130	26	871.279
0.261799	0.992645	-1.723759	3	3	123	870.561
-1.308997	0.571433	-1.188419	15	137	121	869.694
-2.879793	2.379497	0.561089	15	116	130	869.621
2.094395	1.374601	-2.456031	3	135	123	869.241
-2.617994	1.367556	0.358405	6	127	129	868.562
-1.570796	1.977582	0.969896	1	127	132	868.350
2.356194	2.704512	1.488683	133	121	136	867.727
2.617994	1.809167	1.213774	3	119	124	867.377
1.308997	1.168678	2.108595	8	131	126	866.738
1.832596	1.809167	1.213774	140	127	125	866.690
-1.570796	0.674054	1.013609	134	13	141	866.385
0.785398	1.128190	-2.288622	0	142	119	866.202
1.832596	1.909857	-0.381669	138	109	135	866.098
2.094395	2.138223	1.678323	137	128	130	865.887
-0.261799	0.418037	1.360082	1	114	137	865.881
-1.308997	0.297065	2.160177	6	1	123	865.880
0.000000	0.864993	2.278281	13	128	140	865.847
-0.785398	1.214854	-1.966664	20	140	128	865.088
-2.094395	1.214854	-1.966664	23	119	136	864.917
2.617994	1.812176	0.656819	7	117	124	864.696
2.617994	2.760637	2.781135	123	124	138	864.676
-1.832596	1.554776	0.100351	9	128	127	864.632
-0.261799	1.741644	-2.695914	3	133	14	864.279
-1.308997	1.050534	3.042579	6	130	10	863.339
0.523599	1.374601	-2.456031	141	1	123	863.159
-0.261799	2.295480	1.008277	142	1	125	862.703
-2.617994	2.979456	-1.009304	12	4	5	862.536
-3.141593	2.104282	-0.813972	15	131	4	862.287
0.000000	1.367556	0.358405	0	7	132	862.208
1.047198	0.831641	0.616218	5	118	129	861.928
2.356194	2.404280	-0.174044	133	136	28	861.867
2.617994	1.413347	-1.339188	7	118	4	861.674
-2.094395	0.992645	-1.723759	22	122	132	861.482
-1.308997	1.194549	-0.801900	15	138	128	861.388
-0.261799	2.724429	-0.348782	138	130	137	861.357
1.308997	0.685216	-1.712745	132	129	8	861.084
-0.261799	0.992645	-1.723759	3	1	18	860.828
-2.094395	2.704512	1.488683	16	115	132	860.446
-1.570796	1.909857	-0.381669	11	136	134	860.243
-2.356194	2.724429	-0.348782	13	4	4	860.187
-0.261799	0.866955	-0.931351	134	129	139	859.482
2.879793	2.588535	-2.976617	143	117	23	858.950
-3.141593	2.299159	2.264663	138	117	130	858.947
1.308997	1.128190	-2.288622	136	137	16	858.945
0.785398	0.866395	-2.492918	141	3	13	858.583
0.261799	2.724429	-0.348782	136	121	138	858.254
2.617994	2.478122	2.609777	124	128	136	858.167
-2.094395	2.063651	-2.044600	19	114	12	857.968
1.832596	2.295480	1.008277	136	128	134	857.485
-2.094395	1.875281	0.107086	7	129	133	857.419
-2.094395	2.379497	0.561089	16	131	132	857.290
-2.879793	2.760637	2.781135	128	117	140	857.152
-0.785398	0.080730	-2.622036	20	131	118	856.940
2.356194	2.455966	-0.641220	15	129	6	856.737
2.356194	1.721184	-0.153948	2	108	130	856.703
-1.308997	2.115563	0.685730	6	128	130	856.532
2.617994	2.174483	2.653697	129	125	129	856.130
-2.879793	2.187132	-0.479875	17	135	2	856.003
0.523599	1.982574	-1.115518	131	121	0	855.783
-0.785398	1.869911	2.701025	141	136	125	855.640
-0.523599	2.979456	-1.009304	136	120	139	855.239
0.000000	0.992645	-1.723759	7	2	123	855.109
-0.523599	1.658653	-2.409879	2	132	14	855.022
-2.879793	2.073035	2.027405	133	142	143	855.004
2.356194	1.998705	2.370472	125	132	128	854.995
2.617994	1.741644	-2.695914	138	118	15	854.859
0.000000	1.741644	-2.695914	141	3	127	854.515
0.523599	2.174483	2.653697	2	16	132	854.328
-2.094395	2.587733	0.232235	17	138	137	854.148
-0.785398	0.419640	2.974122	0	128	113	853.821
2.879793	1.448123	-2.163292	2	115	11	853.729
-2.879793	1.134497	-1.109631	16	120	138	853.550
-2.879793	0.496451	0.593859	143	134	125	853.465
-2.617994	0.080730	-2.622036	0	143	122	853.352
1.570796	1.134497	-1.109631	121	132	132	853.304
-1.832596	1.214854	-1.966664	25	123	136	853.232
-1.308997	1.242974	-2.977882	6	133	14	852.710
-2.356194	2.588535	-2.976617	131	117	0	851.759
-1.047198	0.960688	-0.577532	11	139	123	851.408
0.000000	0.591903	2.010408	11	121	138	850.920
-3.141593	1.134497	-1.109631	13	118	138	850.826
1.047198	0.992645	-1.723759	137	135	13	850.567
-2.879793	2.478122	2.609777	133	118	137	850.503
-2.094395	1.809167	1.213774	17	126	118	850.470
-1.570796	2.587733	0.232235	7	2	139	850.116
-1.047198	2.073035	2.027405	20	131	11	849.786
-2.879793	0.615174	-0.666022	13	127	127	849.765
-1.047198	1.545873	-1.877082	26	135	135	849.295
-2.617994	2.760637	2.781135	138	116	136	849.283
-2.094395	2.295480	1.008277	16	124	127	849.120
1.570796	2.041297	-2.664597	4	13	18	849.084
0.000000	2.863997	0.549740	134	133	136	848.936
-1.047198	2.592629	0.909713	7	143	132	848.908
1.570796	2.637879	2.121598	131	1	137	848.446
-1.047198	1.050534	3.042579	7	129	9	847.983
0.000000	2.587733	0.232235	138	131	134	847.835
0.261799	0.850607	-1.335383	7	0	121	847.810
-2.356194	0.850607	-1.335383	19	126	133	846.973
2.617994	2.704512	1.488683	136	116	134	846.816
-0.523599	0.866955	-0.931351	18	12	133	846.257
-3.141593	1.809167	1.213774	138	0	134	845.647
1.308997	2.984978	1.954446	135	125	27	845.618
-0.523599	2.863997	0.549740	137	126	26	845.490
-1.570796	1.194549	-0.801900	19	135	129	845.381
-3.141593	1.875281	0.107086	12	124	133	845.226
-1.047198	2.379497	0.561089	0	135	133	845.161
-2.356194	2.001437	0.381215	10	129	133	845.080
-2.094395	2.247462	0.191623	17	136	133	844.966
-2.094395	2.089241	-0.114193	10	136	138	844.917
2.094395	2.637879	2.121598	123	124	133	844.305
-3.141593	2.704512	1.488683	142	114	135	843.758
-2.617994	2.724429	-0.348782	15	3	5	843.646
-0.523599	0.297065	2.160177	143	134	114	843.594
-1.308997	2.863997	0.549740	10	10	1	843.546
-1.047198	0.864993	2.278281	6	115	140	843.220
-2.356194	2.379497	0.561089	19	127	131	842.575
1.570796	1.168678	2.108595	7	131	126	842.446
1.308997	1.948085	-2.363031	8	140	14	842.264
1.308997	1.194549	-0.801900	121	135	134	842.180
1.832596	1.488617	1.159546	5	135	139	841.687
1.570796	1.374601	-2.456031	137	135	18	840.928
0.523599	1.662363	0.915448	143	138	125	840.675
0.785398	1.545873	-1.877082	2	126	8	840.605
1.308997	0.290380	-0.796960	133	115	1	840.526
-2.094395	2.881233	-2.582574	129	121	0	840.431
2.356194	1.450119	-2.739050	142	130	122	840.236
-3.141593	2.187132	-0.479875	17	131	2	839.838
-1.832596	0.992645	-1.723759	23	126	131	839.722
2.356194	1.875281	0.107086	5	112	128	839.716
-0.261799	2.587733	0.232235	5	121	22	839.349
-3.141593	0.640596	-2.797608	135	137	10	838.901
-0.785398	2.664082	-1.071402	136	131	142	838.713
2.356194	1.325504	-1.671296	1	119	9	838.661
-2.617994	1.128190	-2.288622	143	142	15	838.589
-1.047198	1.736875	3.023612	8	131	15	838.248
-2.879793	1.599406	1.426070	8	121	116	838.122
-0.523599	1.617114	-1.572037	23	138	134	837.909
0.000000	1.554776	0.100351	8	4	134	837.783
-2.356194	2.393226	1.857173	7	109	128	837.626
-2.356194	2.396274	-1.959260	13	116	18	837.594
0.523599	0.850607	-1.335383	137	139	13	837.103
0.785398	1.448123	-2.163292	3	139	20	836.708
0.261799	2.863997	0.549740	138	132	135	836.672
1.047198	0.496451	0.593859	6	114	135	836.664
1.570796	1.488617	1.159546	4	134	136	836.343
-0.523599	2.724429	-0.348782	135	133	138	836.077
-1.047198	1.214854	-1.966664	23	136	131	836.023
0.785398	2.295480	1.008277	137	142	135	835.912
-3.141593	1.872854	1.543456	4	120	123	835.360
-3.141593	2.247462	0.191623	15	115	131	835.241
-2.094395	2.187132	-0.479875	12	138	140	834.936
-1.570796	1.510910	-0.740472	15	136	132	834.682
1.570796	2.393226	1.857173	135	141	136	834.591
2.879793	2.637879	2.121598	132	120	136	834.320
0.785398	0.960688	-0.577532	128	143	128	834.282
-2.356194	2.138223	1.678323	8	113	123	834.143
1.047198	1.488617	1.159546	118	2	10	834.105
2.094395	0.290380	-0.796960	129	132	122	833.538
-2.356194	0.419640	2.974122	138	112	1	833.505
-2.879793	2.704512	1.488683	3	109	133	833.377
-1.570796	1.128190	-2.288622	26	125	130	833.154
-2.617994	1.875281	0.107086	10	128	134	833.031
-1.570796	1.606104	-0.451151	10	136	132	832.663
2.094395	2.984978	1.954446	131	125	136	832.219
-2.094395	1.721184	-0.153948	10	136	135	832.216
-1.047198	1.301460	-0.509251	25	128	0	832.043
-2.879793	1.488617	1.159546	12	124	116	831.750
-1.832596	2.704512	1.488683	17	120	132	830.699
-1.570796	0.496451	0.593859	135	11	1	830.307
-0.785398	0.571433	-1.188419	12	136	117	830.165
2.356194	2.760637	2.781135	125	137	142	830.138
1.832596	2.863997	0.549740	140	115	135	829.472
-1.570796	0.960688	-0.577532	16	135	124	828.268
-0.785398	1.194549	-0.801900	10	0	128	828.079
-0.785398	0.591903	2.010408	4	115	138	827.662
-1.047198	0.899350	-2.069907	20	137	126	827.478
-1.570796	1.545873	-1.877082	26	127	137	827.100
-0.785398	0.685216	-1.712745	14	139	121	826.788
1.047198	0.615174	-0.666022	121	128	10	826.787
-1.308997	0.864993	2.278281	5	113	140	826.774
-2.617994	1.683268	0.374177	4	133	136	826.506
1.047198	0.866395	-2.492918	134	1	13	826.349
-2.094395	1.574060	2.783565	10	122	14	826.219
2.617994	1.599406	1.426070	1	123	118	825.314
-1.570796	0.419640	2.974122	3	135	116	825.302
1.832596	0.591903	2.010408	15	138	114	824.992
-1.047198	0.914445	2.687814	9	117	1	824.903
-2.356194	1.809167	1.213774	14	126	120	824.657
2.617994	1.184361	0.625864	17	117	122	824.457
1.047198	1.545873	-1.877082	2	126	8	824.309
-2.094395	1.812176	0.656819	143	125	24	824.146
1.832596	1.977582	0.969896	139	128	129	823.544
1.570796	1.128190	-2.288622	135	133	15	823.214
-1.308997	1.998705	2.370472	3	0	131	822.987
1.570796	0.685216	-1.712745	132	125	8	822.937
-3.141593	2.588535	-2.976617	124	122	141	822.901
0.261799	1.256302	0.062705	139	5	132	822.438
-2.879793	1.367556	0.358405	125	3	142	822.384
-2.879793	1.872854	1.543456	7	116	118	822.130
2.879793	2.984978	1.954446	139	118	136	821.900
-1.832596	0.370812	-2.547742	0	119	113	821.835
0.000000	0.850607	-1.335383	9	0	120	821.753
-0.785398	2.979456	-1.009304	133	126	140	821.554
2.094395	2.396274	-1.959260	12	137	13	821.539
-0.261799	2.115563	0.685730	0	125	132	821.461
0.785398	1.374601	-2.456031	3	142	19	821.109
0.000000	2.349581	-2.702517	143	142	125	820.772
-2.879793	2.455966	-0.641220	14	134	1	820.740
-2.617994	1.812176	0.656819	22	126	124	820.630
-0.261799	1.824694	1.850876	16	138	0	820.433
2.617994	1.555207	1.708892	139	127	117	820.362
0.523599	0.960688	-0.577532	131	136	15	820.266
0.785398	1.310100	1.488307	7	134	141	820.157
-1.047198	0.419640	2.974122	4	118	1	820.129
-0.523599	2.455966	-0.641220	137	133	139	820.038
-2.617994	0.370812	-2.547742	0	141	121	819.603
-2.617994	2.579248	-2.364801	7	116	21	819.543
0.523599	1.756530	-2.105156	2	121	5	819.392
-1.308997	2.393226	1.857173	19	130	17	819.362
-1.570796	1.374601	-2.456031	3	141	18	819.314
-1.570796	1.699788	2.452890	2	110	135	818.691
-2.094395	2.407836	1.410646	14	120	128	818.582
-2.356194	1.488617	1.159546	14	128	114	818.169
-1.047198	0.685216	-1.712745	18	137	123	817.947
-0.261799	1.732874	-0.951685	135	125	139	817.766
-0.523599	1.128190	-2.288622	16	139	19	817.755
-0.523599	1.218453	2.777284	10	132	7	817.401
-1.047198	0.831641	0.616218	18	1	129	817.177
-2.094395	1.662363	0.915448	18	137	121	817.077
-0.523599	2.664082	-1.071402	22	125	5	816.875
0.261799	2.115563	0.685730	143	1	137	816.807
-1.047198	1.433411	-1.035986	8	129	123	816.713
2.094395	1.617114	-1.572037	3	123	11	816.565
-3.141593	2.404280	-0.174044	17	132	2	816.132
2.617994	1.766067	2.153843	131	129	123	815.981
-1.832596	0.571433	-1.188419	19	137	127	815.931
0.000000	1.134796	2.434290	13	131	143	815.884
2.879793	2.455966	-0.641220	16	133	5	815.594
2.617994	2.719179	-1.780644	12	124	7	815.533
2.356194	2.089241	-0.114193	1	108	134	815.401
2.879793	2.073035	2.027405	136	119	125	815.268
2.617994	2.456751	-1.503343	14	135	9	815.264
-2.094395	2.153910	-1.714959	18	116	14	814.732
1.047198	2.164094	-2.991358	137	2	24	814.710
-1.570796	0.929350	-2.910676	2	141	122	814.675
-1.047198	1.256302	0.062705	8	134	123	814.282
1.047198	1.448123	-2.163292	0	138	19	814.003
0.000000	1.658653	-2.409879	142	135	13	813.932
0.785398	0.615174	-0.666022	123	135	11	813.682
-1.832596	2.138223	1.678323	21	124	14	813.598
1.570796	2.863997	0.549740	138	118	136	813.446
1.570796	1.301460	-0.509251	143	111	141	813.209
1.047198	2.349581	-2.702517	16	141	13	813.084
-1.570796	2.863997	0.549740	12	7	1	813.023
1.832596	0.685216	-1.712745	138	124	7	812.749
-2.356194	1.721184	-0.153948	11	132	134	812.624
1.308997	1.045978	0.343692	135	126	120	812.604
-1.047198	0.850607	-1.335383	18	138	123	812.329
0.785398	0.203748	0.590255	5	111	138	811.986
2.879793	1.875281	0.107086	9	112	129	811.500
-2.094395	2.724429	-0.348782	2	132	31	811.483
-1.832596	1.948085	-2.363031	140	4	15	811.417
-3.141593	1.662363	0.915448	15	120	120	811.392
-2.617994	2.379497	0.561089	19	124	131	811.354
2.879793	0.866395	-2.492918	8	139	122	810.387
-2.094395	1.599406	1.426070	25	121	4	810.250
-1.047198	0.297065	2.160177	138	113	140	810.076
-2.356194	2.863997	0.549740	143	7	30	809.768
0.000000	1.135834	-1.431087	14	0	126	808.969
-2.617994	0.418037	1.360082	133	11	142	808.277
-0.523599	1.413347	-1.339188	22	139	132	808.224
1.570796	2.704512	1.488683	138	134	139	808.174
-2.356194	0.929350	-2.910676	0	132	13	808.073
-2.094395	1.683268	0.374177	8	122	127	808.038
0.523599	1.977582	0.969896	143	140	130	808.014
2.617994	0.866395	-2.492918	135	116	7	807.832
-3.141593	2.379497	0.561089	12	113	130	807.745
-0.523599	2.073035	2.027405	18	135	6	807.652
1.308997	1.325504	-1.671296	7	126	5	807.619
-2.356194	0.290380	-0.796960	18	119	4	807.470
2.094395	2.001437	0.381215	139	116	129	807.324
1.047198	1.256302	0.062705	125	134	128	806.508
-2.617994	1.325504	-1.671296	1	99	130	806.435
2.094395	0.899350	-2.069907	136	125	116	806.141
-0.785398	0.914445	2.687814	15	122	1	806.040
1.570796	1.662363	0.915448	143	136	133	805.822
0.261799	1.247695	1.809890	11	134	137	805.609
2.094395	0.080730	-2.622036	133	1	7	805.424
0.261799	0.866395	-2.492918	5	4	15	805.397
-1.832596	0.496451	0.593859	139	30	135	805.264
-1.570796	1.555207	1.708892	1	117	127	804.814
-1.308997	1.554776	0.100351	12	132	126	804.556
2.094395	2.174483	2.653697	132	140	134	804.511
0.523599	2.724429	-0.348782	136	119	138	804.190
1.308997	1.413430	2.550734	5	137	129	803.670
-1.570796	0.571433	-1.188419	16	134	122	803.591
2.617994	1.662363	0.915448	10	118	124	803.268
-3.141593	1.488617	1.159546	10	123	116	803.247
1.308997	2.251330	-2.330739	13	138	16	803.206
-2.356194	1.606104	-0.451151	14	131	135	803.079
-0.261799	0.419640	2.974122	141	125	113	802.965
-1.308997	1.256302	0.062705	10	132	123	802.793
1.570796	1.504028	0.636812	0	140	136	802.777
-1.570796	2.001437	0.381215	26	137	15	802.741
-1.047198	1.846342	-1.796954	142	120	9	802.568
0.785398	1.909857	-0.381669	123	133	142	801.746
-0.523599	1.545873	-1.877082	7	139	29	801.720
-1.047198	0.619654	-2.216909	19	140	14	801.585
0.523599	2.104282	-0.813972	128	134	3	801.394
2.094395	1.836682	-0.676006	142	108	137	801.123
2.879793	2.115563	0.685730	11	123	132	801.081
-2.094395	0.929350	-2.910676	10	141	123	801.065
-0.523599	2.295480	1.008277	3	2	125	800.536
1.832596	2.393226	1.857173	141	131	135	800.228
-1.047198	0.591903	2.010408	6	137	114	800.138
0.785398	0.864993	2.278281	128	133	121	800.071
2.356194	0.866395	-2.492918	133	119	7	799.900
2.617994	1.683268	0.374177	12	116	126	799.725
-1.570796	1.450119	-2.739050	2	138	17	799.591
-0.523599	1.741644	-2.695914	5	132	15	799.358
-0.785398	2.592629	0.909713	7	2	131	799.295
1.570796	1.599406	1.426070	142	131	123	799.286
1.570796	1.736875	3.023612	124	4	128	799.260
-0.523599	0.762244	-0.273349	143	14	126	799.224
-3.141593	0.866395	-2.492918	5	140	122	799.023
-2.094395	0.960688	-0.577532	17	129	126	798.682
1.308997	0.864993	2.278281	13	133	127	798.667
-2.094395	0.733948	3.021411	8	140	120	798.477
1.832596	0.203748	0.590255	12	124	116	798.354
-2.617994	2.881233	-2.582574	131	125	141	798.152
0.523599	2.704512	1.488683	130	9	138	798.019
-0.523599	0.496451	0.593859	8	1	123	797.996
-0.523599	1.450119	-2.739050	2	143	123	797.812
-2.094395	2.393226	1.857173	10	112	128	797.731
1.047198	0.674054	1.013609	6	117	136	797.635
0.000000	1.413430	2.550734	12	135	4	797.590
-0.261799	0.080730	-2.622036	12	22	1	797.588
-2.356194	2.115563	0.685730	21	130	128	797.541
-2.094395	1.504028	0.636812	6	120	125	797.391
1.570796	2.251330	-2.330739	10	140	12	797.029
-2.356194	1.374601	-2.456031	138	2	124	796.684
-1.570796	2.115563	0.685730	14	139	126	796.370
-1.570796	0.640596	-2.797608	1	134	117	796.241
-3.141593	0.080730	-2.622036	2	143	121	795.971
1.570796	2.881233	-2.582574	0	137	31	795.937
-1.832596	2.407836	1.410646	17	122	127	795.712
-1.570796	2.664082	-1.071402	9	113	19	795.435
1.047198	0.960688	-0.577532	125	138	128	795.400
1.308997	1.134497	-1.109631	140	142	124	795.331
2.094395	2.343981	-1.040456	12	131	8	795.147
-2.879793	2.724429	-0.348782	16	0	5	795.122
2.356194	2.299159	2.264663	125	128	130	794.957
-1.308997	1.218453	2.777284	7	130	10	794.804
-2.617994	2.587733	0.232235	19	121	134	794.563
0.785398	1.824694	1.850876	7	135	141	794.186
1.047198	1.374601	-2.456031	0	139	18	794.065
0.785398	1.741644	-2.695914	142	128	12	794.046
0.785398	1.812176	0.656819	136	135	128	793.955
-1.832596	0.910508	1.903534	132	0	134	793.894
-3.141593	1.599406	1.426070	5	121	116	793.664
2.094395	1.045978	0.343692	136	115	120	793.468
1.570796	0.866395	-2.492918	133	137	12	793.164
-0.523599	2.187132	-0.479875	134	132	139	793.154
-1.047198	1.135813	-2.658866	1	139	122	793.082
-1.832596	1.812176	0.656819	8	123	127	792.921
1.308997	1.301460	-0.509251	139	111	139	792.464
-1.047198	2.356369	3.005869	24	137	139	792.419
-0.261799	0.619654	-2.216909	11	143	12	792.314
1.308997	1.214854	-1.966664	138	134	17	792.190
0.261799	1.836682	-0.676006	128	142	143	792.097
0.000000	0.418037	1.360082	3	114	137	792.085
-1.832596	1.504028	0.636812	5	123	125	791.767
0.261799	0.709924	0.218797	140	1	123	791.741
-2.879793	1.374601	-2.456031	7	5	124	791.249
-2.617994	0.290380	-0.796960	15	115	4	791.187
-1.308997	1.134796	2.434290	7	114	143	791.069
-2.356194	1.869911	2.701025	7	119	16	790.996
-2.094395	0.618092	2.539118	13	142	124	790.842
-1.832596	1.510910	-0.740472	16	134	133	790.797
1.308997	0.992645	-1.723759	137	142	122	790.325
1.308997	2.073035	2.027405	143	136	133	790.297
-2.094395	2.592629	0.909713	20	124	131	790.196
-2.356194	1.574060	2.783565	8	119	13	790.015
-1.308997	2.407836	1.410646	17	132	127	789.948
-1.570796	2.979456	-1.009304	130	132	142	789.825
0.523599	0.418037	1.360082	0	131	113	789.750
2.094395	1.662363	0.915448	4	133	134	789.624
-1.047198	1.374601	-2.456031	4	140	123	789.442
-1.832596	0.080730	-2.622036	139	122	113	789.419
1.832596	1.325504	-1.671296	141	123	11	789.290
1.570796	1.904882	-1.478089	6	127	15	789.132
0.261799	0.914445	2.687814	134	139	121	789.027
2.094395	1.134497	-1.109631	136	138	124	788.912
-1.570796	0.297065	2.160177	4	134	113	788.894
0.785398	0.619654	-2.216909	133	2	10	788.797
2.879793	1.374601	-2.456031	142	115	10	788.790
1.832596	1.301460	-0.509251	3	110	141	788.605
-3.141593	1.824694	1.850876	143	119	121	788.434
0.000000	1.836682	-0.676006	131	0	143	788.382
1.308997	1.448123	-2.163292	142	134	18	788.239
-1.832596	2.379497	0.561089	18	138	131	788.075
1.570796	0.831641	0.616218	140	125	117	787.590
2.094395	1.732874	-0.951685	6	121	5	787.292
0.000000	1.413347	-1.339188	10	4	127	787.093
2.879793	1.135834	-1.431087	10	116	0	787.081
1.832596	2.478122	2.609777	127	143	136	787.039
-3.141593	1.836682	-0.676006	16	128	1	786.955
-0.261799	2.153910	-1.714959	138	119	6	786.820
1.832596	1.195355	1.200319	6	127	119	786.801
0.785398	1.135813	-2.658866	140	137	117	786.458
-1.832596	2.592629	0.909713	27	143	140	786.411
2.356194	2.588535	-2.976617	128	129	27	786.135
2.617994	2.138223	1.678323	139	119	125	786.096
-0.261799	2.455966	-0.641220	134	132	139	786.067
1.047198	1.504028	0.636812	139	130	23	786.029
-2.356194	0.685216	-1.712745	14	106	11	785.773
-0.523599	0.591903	2.010408	4	116	139	785.758
-1.570796	0.864993	2.278281	14	134	114	785.750
2.617994	2.393226	1.857173	137	122	133	785.603
-1.047198	2.299159	2.264663	19	130	16	785.178
2.094395	2.247462	0.191623	141	113	133	785.139
-0.785398	1.256302	0.062705	7	135	123	785.039
1.047198	1.391910	3.030322	0	18	127	785.020
-1.832596	0.866955	-0.931351	18	132	127	784.925
-1.308997	1.506530	1.988858	3	113	127	784.647
-0.261799	0.370812	-2.547742	14	3	9	784.576
-1.832596	0.615174	-0.666022	13	134	122	784.310
0.785398	0.700570	1.559208	12	123	133	784.233
1.570796	0.618092	2.539118	12	2	117	784.206
1.047198	1.135834	-1.431087	0	0	124	784.130
2.617994	0.831641	0.616218	21	121	120	783.674
0.000000	2.592629	0.909713	135	3	132	783.552
-1.047198	1.335669	0.897240	21	142	134	783.348
-1.570796	1.766067	2.153843	4	133	19	783.296
1.570796	2.174483	2.653697	132	5	131	783.152
0.261799	1.448123	-2.163292	11	141	22	782.708
0.000000	1.870545	-2.976234	126	114	125	782.648
-1.570796	2.724429	-0.348782	0	132	32	782.181
1.570796	1.045978	0.343692	5	114	131	782.146
2.356194	2.174483	2.653697	129	130	129	781.813
-2.356194	1.554776	0.100351	9	129	131	781.770
2.356194	1.128190	-2.288622	137	120	10	781.730
-3.141593	1.128190	-2.288622	11	6	128	781.719
-0.261799	2.174483	2.653697	13	133	13	781.691
-0.523599	0.571433	-1.188419	10	138	117	781.558
-2.617994	2.089241	-0.114193	14	128	135	781.547
-2.879793	2.001437	0.381215	16	128	134	781.506
-1.570796	1.195355	1.200319	26	135	136	781.460
2.094395	1.325504	-1.671296	143	119	11	781.429
-0.261799	2.863997	0.549740	135	133	136	780.849
-2.617994	2.001437	0.381215	18	132	134	780.773
-1.570796	1.872854	1.543456	19	122	115	780.739
-3.141593	1.374601	-2.456031	5	143	125	780.680
0.523599	0.709924	0.218797	136	142	122	780.625
1.832596	2.396274	-1.959260	13	137	13	780.567
-2.879793	2.138223	1.678323	0	119	129	780.336
1.570796	2.349581	-2.702517	9	2	10	780.012
0.261799	1.391910	3.030322	139	2	123	779.965
-1.570796	1.836682	-0.676006	12	136	135	779.945
0.523599	1.545873	-1.877082	143	123	7	779.925
-2.617994	1.134497	-1.109631	18	122	135	779.832
2.879793	1.812176	0.656819	12	118	125	779.743
-1.570796	0.080730	-2.622036	140	120	113	779.531
-0.261799	1.218453	2.777284	11	132	5	779.399
1.570796	2.104282	-0.813972	9	123	16	779.277
-2.356194	0.899350	-2.069907	139	0	124	778.910
-1.308997	0.866955	-0.931351	20	7	132	778.884
-2.094395	1.135834	-1.431087	24	125	136	778.685
-0.785398	0.297065	2.160177	2	114	141	778.627
-0.785398	1.554776	0.100351	136	129	137	778.545
-0.261799	2.984978	1.954446	16	138	22	778.460
2.879793	2.299159	2.264663	133	115	127	778.306
0.000000	2.108018	1.311430	10	0	138	778.285
1.832596	0.080730	-2.622036	135	3	7	778.211
-2.356194	1.242974	-2.977882	18	118	2	778.102
2.617994	1.128190	-2.288622	141	117	8	778.055
-1.570796	1.662363	0.915448	11	138	118	777.964
0.000000	0.379747	-1.713059	6	12	122	777.793
2.094395	0.831641	0.616218	127	105	131	777.675
-1.570796	1.504028	0.636812	3	126	125	777.572
0.785398	2.863997	0.549740	133	139	1	777.553
2.094395	1.569311	-3.003978	123	111	138	777.528
-0.523599	1.050534	3.042579	12	129	6	777.503
1.832596	2.592629	0.909713	134	123	135	777.207
0.261799	0.619654	-2.216909	5	139	115	776.906
0.523599	0.370812	-2.547742	7	21	8	776.587
-1.047198	1.599406	1.426070	11	5	23	776.185
1.047198	0.733948	3.021411	134	123	115	776.133
-1.047198	1.134796	2.434290	8	116	142	775.980
0.261799	2.299159	2.264663	142	17	132	775.891
0.000000	2.984978	1.954446	9	16	2	775.858
0.785398	2.704512	1.488683	132	130	26	775.691
-1.308997	2.379497	0.561089	8	2	133	775.604
-2.094395	1.488617	1.159546	13	130	114	775.220
-0.785398	1.113094	-0.272241	5	136	124	775.011
2.356194	2.108018	1.311430	142	121	129	774.919
2.879793	1.662363	0.915448	13	120	123	774.905
2.617994	1.450119	-2.739050	138	118	12	774.732
-0.261799	0.733948	3.021411	3	133	113	774.724
2.617994	2.001437	0.381215	6	115	128	774.708
2.356194	1.977582	0.969896	141	119	125	774.678
-1.832596	0.960688	-0.577532	16	133	125	774.397
-0.523599	1.510910	-0.740472	8	127	124	774.175
0.523599	1.658653	-2.409879	0	143	122	774.131
-0.785398	1.433411	-1.035986	8	130	123	773.906
2.879793	0.618092	2.539118	130	1	4	773.664
-2.356194	0.379747	-1.713059	15	106	4	773.637
0.785398	0.762244	-0.273349	130	143	124	773.526
2.094395	0.496451	0.593859	8	124	115	773.504
0.785398	1.555207	1.708892	7	135	141	773.252
2.617994	1.998705	2.370472	126	129	129	773.214
1.832596	0.906588	1.252948	13	124	118	773.211
2.617994	0.899350	-2.069907	130	141	17	773.046
2.356194	1.683268	0.374177	0	17	137	772.971
2.617994	2.299159	2.264663	132	119	126	772.769
-2.617994	2.138223	1.678323	4	111	123	772.750
-2.617994	1.606104	-0.451151	14	128	135	772.739
-1.047198	1.909857	-0.381669	15	140	135	772.644
2.094395	1.766067	2.153843	129	136	122	772.547
0.000000	2.664082	-1.071402	138	120	34	772.545
-1.832596	1.699788	2.452890	143	109	135	772.527
1.570796	0.418037	1.360082	11	130	111	772.445
-0.785398	0.929350	-2.910676	12	127	8	772.393
2.879793	1.113094	-0.272241	10	125	132	772.370
2.617994	1.875281	0.107086	4	110	129	772.333
-1.047198	2.295480	1.008277	6	128	130	772.176
1.832596	1.417623	-0.202254	131	108	18	772.087
-3.141593	2.587733	0.232235	15	115	134	772.055
-2.356194	0.370812	-2.547742	2	140	120	771.889
-1.832596	1.545873	-1.877082	25	123	141	771.801
0.785398	1.488617	1.159546	1	136	123	771.687
-1.832596	0.866395	-2.492918	143	141	123	771.658
-2.879793	0.640596	-2.797608	135	137	10	771.499
-2.356194	1.504028	0.636812	5	127	129	771.157
2.094395	0.866395	-2.492918	132	126	9	771.112
-2.879793	2.587733	0.232235	18	119	134	770.569
-0.523599	1.998705	2.370472	14	141	122	770.370
1.832596	2.115563	0.685730	137	121	130	770.169
0.000000	1.301460	-0.509251	140	141	127	769.856
-2.617994	2.115563	0.685730	15	119	22	769.722
-2.617994	1.504028	0.636812	2	127	130	769.680
1.570796	1.247695	1.809890	6	1	136	769.659
-2.617994	2.247462	0.191623	19	135	140	769.600
-0.785398	0.370812	-2.547742	18	122	2	769.509
2.094395	2.863997	0.549740	141	114	136	769.484
0.523599	2.247462	0.191623	133	140	139	769.338
2.879793	1.367556	0.358405	22	116	127	769.331
-1.570796	2.299159	2.264663	7	1	133	769.269
-0.523599	2.379497	0.561089	5	142	30	769.123
-3.141593	2.478122	2.609777	131	116	134	769.044
2.617994	1.247695	1.809890	137	131	113	768.840
-2.094395	0.080730	-2.622036	137	123	113	768.810
1.308997	0.960688	-0.577532	123	135	129	768.675
1.308997	1.135834	-1.431087	139	129	14	768.604
2.356194	0.379747	-1.713059	133	131	117	768.458
2.617994	2.073035	2.027405	131	125	127	768.071
-1.570796	1.301460	-0.509251	14	136	128	767.703
0.523599	1.301460	-0.509251	131	133	19	767.274
1.308997	1.374601	-2.456031	134	138	121	767.235
-1.832596	2.637879	2.121598	17	109	131	767.025
-2.356194	1.113094	-0.272241	9	131	129	766.886
2.356194	0.762244	-0.273349	12	131	6	766.864
0.000000	2.407836	1.410646	142	140	126	766.863
2.617994	1.367556	0.358405	14	118	123	766.709
0.261799	1.367556	0.358405	140	4	131	766.281
1.308997	1.450119	-2.739050	136	0	19	766.247
-2.617994	0.960688	-0.577532	15	127	129	765.891
2.617994	0.619654	-2.216909	134	137	13	765.728
-0.261799	1.433411	-1.035986	19	142	133	765.700
-2.617994	2.073035	2.027405	139	3	128	765.623
-1.832596	0.850607	-1.335383	21	130	129	765.287
2.879793	2.881233	-2.582574	141	120	25	764.959
-2.094395	2.455966	-0.641220	12	137	140	764.865
-0.785398	0.831641	0.616218	14	3	127	764.761
1.570796	0.297065	2.160177	22	139	118	764.688
0.785398	1.569311	-3.003978	7	17	132	764.582
1.308997	1.599406	1.426070	0	134	127	764.508
-3.141593	0.866955	-0.931351	3	103	123	764.418
1.570796	1.741644	-2.695914	1	14	16	764.405
-0.523599	1.242974	-2.977882	14	138	119	764.356
2.356194	1.617114	-1.572037	6	134	15	764.077
2.617994	2.247462	0.191623	135	132	28	764.054
-2.617994	0.619654	-2.216909	0	140	121	763.969
0.785398	1.658653	-2.409879	6	139	22	763.927
-0.261799	1.325504	-1.671296	18	141	128	763.596
-2.094395	1.510910	-0.740472	15	132	133	763.595
1.047198	1.658653	-2.409879	3	138	21	763.550
2.094395	1.696674	-1.253233	5	121	4	763.424
1.570796	1.194549	-0.801900	120	130	134	763.262
0.000000	1.184361	0.625864	3	4	128	762.960
1.308997	1.870545	-2.976234	6	143	11	762.898
1.832596	2.704512	1.488683	133	130	139	762.559
-2.094395	2.979456	-1.009304	143	122	27	762.536
1.570796	0.992645	-1.723759	135	125	12	762.486
1.570796	0.615174	-0.666022	131	113	7	762.483
0.000000	0.929350	-2.910676	12	136	9	762.397
2.879793	1.998705	2.370472	129	124	128	762.206
-2.094395	1.554776	0.100351	6	129	130	762.180
-0.523599	2.478122	2.609777	141	140	129	762.033
1.047198	2.073035	2.027405	122	1	17	761.884
2.094395	1.741644	-2.695914	142	3	17	761.584
-2.356194	2.881233	-2.582574	133	123	140	761.575
0.000000	1.134497	-1.109631	15	0	128	761.423
2.356194	0.458961	-0.107937	12	134	5	761.411
2.879793	1.741644	-2.695914	142	115	15	761.394
2.094395	2.299159	2.264663	122	136	133	760.846
1.047198	0.866955	-0.931351	126	140	126	760.508
-2.356194	1.194549	-0.801900	19	128	132	760.388
-0.261799	0.290380	-0.796960	133	13	8	760.221
1.570796	0.960688	-0.577532	143	112	138	759.920
2.617994	2.724429	-0.348782	18	132	5	759.600
0.785398	0.850607	-1.335383	131	133	13	759.533
-1.308997	0.640596	-2.797608	9	118	6	759.392
0.000000	1.256302	0.062705	0	7	132	759.303
-1.308997	1.504028	0.636812	1	127	126	759.156
-2.617994	1.194549	-0.801900	19	126	135	759.139
-1.308997	2.592629	0.909713	15	140	131	759.127
-1.308997	1.301460	-0.509251	16	138	128	759.092
1.832596	2.760637	2.781135	129	134	28	758.942
0.261799	1.045978	0.343692	142	3	127	758.783
1.570796	1.824694	1.850876	140	137	127	758.117
2.617994	1.506530	1.988858	131	127	116	758.107
-0.523599	2.719179	-1.780644	134	122	6	757.996
-1.832596	0.379747	-1.713059	13	140	11	757.868
2.617994	2.664082	-1.071402	12	139	4	757.815
0.261799	1.909857	-0.381669	129	141	139	757.688
0.000000	1.982574	-1.115518	131	135	2	757.611
1.047198	1.736875	3.023612	8	22	6	757.599
0.523599	2.393226	1.857173	141	26	137	757.561
-1.047198	0.929350	-2.910676	0	139	121	757.510
0.261799	2.247462	0.191623	135	0	139	757.432
-2.879793	0.290380	-0.796960	4	133	121	757.429
-3.141593	1.168678	2.108595	6	129	116	757.102
-2.879793	2.393226	1.857173	143	116	132	757.037
-2.879793	1.658653	-2.409879	6	127	21	757.016
2.356194	1.506530	1.988858	132	131	116	757.013
1.047198	2.881233	-2.582574	6	136	30	756.954
2.617994	1.433411	-1.035986	10	116	0	756.865
-1.308997	0.685216	-1.712745	19	135	125	756.848
1.832596	2.579248	-2.364801	12	0	10	756.812
0.000000	1.242974	-2.977882	2	1	122	756.755
1.570796	1.948085	-2.363031	4	10	21	756.488
1.832596	2.001437	0.381215	137	117	129	756.451
2.356194	1.658653	-2.409879	143	134	123	756.399
-2.617994	1.310100	1.488307	3	121	109	756.287
-0.785398	0.866395	-2.492918	23	130	13	756.153
-0.523599	0.866395	-2.492918	15	140	121	755.996
-1.047198	2.664082	-1.071402	134	129	143	755.759
1.047198	2.664082	-1.071402	2	111	142	755.730
1.047198	0.864993	2.278281	127	130	121	755.645
0.261799	1.699788	2.452890	11	9	12	755.544
-2.356194	0.571433	-1.188419	16	129	127	755.381
0.000000	0.571433	-1.188419	3	139	117	755.339
-1.047198	1.128190	-2.288622	21	127	19	755.285
0.785398	1.256302	0.062705	132	139	127	755.157
1.308997	1.875281	0.107086	134	122	129	755.132
-2.617994	2.251330	-2.330739	10	112	16	755.034
1.832596	0.864993	2.278281	6	142	114	755.022
2.617994	1.824694	1.850876	137	124	121	754.839
2.356194	1.766067	2.153843	129	135	124	754.724
2.356194	0.899350	-2.069907	127	0	18	754.472
0.261799	1.374601	-2.456031	3	4	125	754.251
2.356194	0.619654	-2.216909	131	140	13	754.126
-2.879793	1.135834	-1.431087	15	118	140	753.997
0.261799	1.809167	1.213774	10	140	141	753.965
0.000000	0.419640	2.974122	17	124	142	753.815
-2.356194	1.367556	0.358405	5	129	130	753.808
-1.308997	1.417623	-0.202254	12	136	127	753.672
-2.879793	2.863997	0.549740	16	116	136	753.618
1.570796	0.458961	-0.107937	1	141	125	753.424
2.879793	0.080730	-2.622036	131	119	1	753.401
-0.523599	0.733948	3.021411	8	134	113	753.303
-0.523599	0.370812	-2.547742	16	0	9	753.155
-0.261799	1.374601	-2.456031	143	134	119	752.937
-1.308997	2.299159	2.264663	19	127	17	752.870
1.832596	2.379497	0.561089	134	120	134	752.739
-1.832596	0.419640	2.974122	7	141	120	752.531
-1.308997	2.704512	1.488683	27	1	140	752.497
-1.047198	2.587733	0.232235	5	137	31	752.484
-0.785398	1.184361	0.625864	17	1	132	752.466
0.261799	0.496451	0.593859	140	140	117	752.272
-1.832596	1.766067	2.153843	0	111	133	752.121
0.785398	1.025536	1.576859	8	132	140	752.098
2.879793	1.504028	0.636812	143	121	23	752.001
2.094395	1.301460	-0.509251	118	141	3	751.863
-0.785398	1.510910	-0.740472	13	1	132	751.792
0.523599	1.569311	-3.003978	12	14	131	751.624
1.308997	1.721184	-0.153948	130	118	130	751.438
2.094395	1.846342	-1.796954	5	124	11	751.412
2.356194	2.664082	-1.071402	9	18	5	751.023
1.308997	0.850607	-1.335383	125	138	125	750.970
0.000000	0.290380	-0.796960	136	4	10	750.830
-1.308997	1.413347	-1.339188	27	143	143	750.629
2.094395	0.370812	-2.547742	133	0	9	750.504
-0.523599	1.335669	0.897240	13	2	131	750.328
2.879793	1.413347	-1.339188	10	118	3	750.294
0.000000	0.615174	-0.666022	135	140	9	750.140
-0.261799	0.203748	0.590255	132	121	143	750.127
-1.308997	1.014500	0.906702	135	134	123	750.063
0.000000	0.618092	2.539118	13	122	141	749.777
-1.570796	0.899350	-2.069907	138	129	119	749.689
-2.617994	0.961715	0.014085	7	130	127	749.661
1.308997	0.866955	-0.931351	125	136	126	749.531
2.356194	1.214854	-1.966664	141	118	10	749.297
-0.261799	1.450119	-2.739050	143	0	123	749.049
2.356194	0.615174	-0.666022	11	130	5	749.023
1.047198	1.242974	-2.977882	140	5	15	748.959
-2.879793	0.619654	-2.216909	1	132	13	748.766
0.785398	0.674054	1.013609	5	117	135	748.744
-1.832596	2.984978	1.954446	11	119	135	748.560
-1.570796	1.875281	0.107086	7	131	130	748.339
-1.308997	1.846342	-1.796954	140	139	21	748.278
0.785398	1.699788	2.452890	13	4	141	748.260
2.356194	0.709924	0.218797	8	118	117	748.050
0.785398	0.914445	2.687814	130	136	120	747.937
-2.879793	0.419640	2.974122	134	130	7	747.909
-2.356194	1.440580	2.260026	25	126	139	747.849
-1.570796	0.906588	1.252948	133	4	131	747.810
-1.308997	1.606104	-0.451151	11	137	131	747.495
-2.617994	1.025536	1.576859	141	125	108	747.474
-0.261799	1.135834	-1.431087	143	2	21	747.070
1.047198	1.756530	-2.105156	5	135	22	746.946
2.356194	1.872854	1.543456	126	6	143	746.864
0.785398	2.247462	0.191623	131	116	135	746.626
-2.094395	0.864993	2.278281	129	139	136	746.504
-1.570796	1.721184	-0.153948	6	132	131	746.019
-0.523599	0.419640	2.974122	0	127	113	746.018
-3.141593	1.184361	0.625864	1	117	19	745.941
-2.879793	2.247462	0.191623	17	118	131	745.882
0.523599	0.674054	1.013609	1	135	115	745.708
-1.832596	1.134796	2.434290	25	135	132	745.461
1.832596	0.370812	-2.547742	4	143	121	745.445
2.617994	2.180315	-1.357379	12	133	10	745.417
2.356194	1.662363	0.915448	6	119	124	745.411
-1.308997	2.760637	2.781135	17	109	136	745.379
0.523599	1.812176	0.656819	142	2	136	745.336
1.570796	1.113094	-0.272241	0	111	137	745.326
-0.261799	1.391910	3.030322	12	134	8	745.311
-1.047198	0.615174	-0.666022	8	1	120	745.307
-0.785398	2.637879	2.121598	27	2	138	745.048
0.000000	0.640596	-2.797608	9	2	11	745.007
1.047198	1.301460	-0.509251	137	114	139	744.849
0.261799	1.617114	-1.572037	5	135	119	744.729
-1.047198	1.168678	2.108595	2	111	126	744.657
2.617994	2.349581	-2.702517	136	121	24	744.424
2.094395	1.488617	1.159546	3	124	121	744.394
1.047198	1.982574	-1.115518	6	128	18	744.373
2.094395	1.554776	0.100351	2	114	126	744.280
-1.047198	0.080730	-2.622036	19	127	118	744.257
2.879793	1.450119	-2.739050	11	139	125	744.241
0.523599	0.961715	0.014085	135	2	127	743.974
1.308997	1.658653	-2.409879	0	137	21	743.848
2.356194	1.824694	1.850876	132	130	123	743.837
-2.356194	1.812176	0.656819	1	124	24	743.664
-0.523599	1.569311	-3.003978	6	132	13	743.509
-3.141593	1.135834	-1.431087	12	117	142	743.474
-3.141593	1.683268	0.374177	25	108	7	743.383
-1.570796	2.108018	1.311430	17	130	122	743.165
-0.785398	0.866955	-0.931351	19	12	132	742.972
-0.261799	1.998705	2.370472	16	136	8	742.935
1.832596	2.984978	1.954446	132	124	136	742.858
-2.356194	2.587733	0.232235	19	140	141	742.740
-2.356194	2.760637	2.781135	140	116	136	742.673
1.308997	1.488617	1.159546	0	132	123	742.623
-0.261799	1.606104	-0.451151	1	138	127	742.577
-0.785398	2.719179	-1.780644	143	117	34	742.365
-0.261799	1.194549	-0.801900	19	143	131	742.309
-1.308997	1.391910	3.030322	6	130	13	742.307
1.832596	2.979456	-1.009304	139	13	28	742.175
-2.356194	1.256302	0.062705	8	129	129	742.156
-0.523599	2.587733	0.232235	5	119	22	742.076
-1.047198	2.393226	1.857173	27	1	131	742.028
-0.785398	2.587733	0.232235	6	137	31	741.815
-1.832596	0.674054	1.013609	137	10	143	741.780
-1.570796	0.619654	-2.216909	15	134	123	741.733
0.785398	2.033014	2.977192	4	16	132	741.659
0.000000	1.756530	-2.105156	6	140	121	741.492
-2.356194	1.128190	-2.288622	0	1	124	741.255
2.617994	1.135813	-2.658866	137	119	8	741.192
-3.141593	2.164094	-2.991358	142	109	17	741.109
0.261799	2.587733	0.232235	135	0	143	741.019
1.570796	1.195355	1.200319	7	135	133	740.973
-1.308997	1.450119	-2.739050	5	141	17	740.431
-0.523599	2.164094	-2.991358	7	115	1	740.351
-2.879793	0.203748	0.590255	142	126	118	740.288
1.570796	1.135834	-1.431087	136	140	123	740.210
0.261799	1.870545	-2.976234	9	124	1	740.180
-2.094395	0.615174	-0.666022	14	131	122	740.170
-0.523599	1.113094	-0.272241	134	129	137	739.960
1.047198	0.290380	-0.796960	127	125	5	739.837
-1.570796	0.685216	-1.712745	21	131	125	739.793
2.879793	2.719179	-1.780644	11	1	9	739.669
0.785398	1.450119	-2.739050	5	0	18	739.604
-2.617994	0.379747	-1.713059	9	103	4	739.545
2.094395	1.367556	0.358405	133	113	124	739.506
1.570796	0.619654	-2.216909	131	131	8	739.466
1.308997	1.510910	-0.740472	124	116	135	739.463
-1.308997	1.135813	-2.658866	3	141	123	739.220
0.261799	2.379497	0.561089	132	126	133	739.182
2.879793	2.001437	0.381215	11	115	127	739.126
0.261799	0.640596	-2.797608	9	1	11	738.870
2.879793	2.180315	-1.357379	13	135	11	738.823
1.570796	2.588535	-2.976617	10	1	11	738.486
1.570796	1.699788	2.452890	140	2	125	738.404
2.094395	1.904882	-1.478089	7	125	10	738.400
1.570796	1.391910	3.030322	126	5	123	738.393
0.261799	1.606104	-0.451151	128	143	137	738.245
2.094395	1.875281	0.107086	2	112	128	738.242
-0.261799	0.960688	-0.577532	133	127	137	738.190
2.879793	0.864993	2.278281	2	136	114	738.104
-2.356194	1.658653	-2.409879	21	124	133	738.044
-1.570796	0.850607	-1.335383	22	140	132	737.930
-1.308997	0.960688	-0.577532	14	137	123	737.647
-1.832596	1.869911	2.701025	11	124	17	737.480
-2.879793	1.555207	1.708892	137	4	134	737.281
-1.570796	2.033014	2.977192	143	114	1	737.244
-3.141593	2.089241	-0.114193	17	129	142	737.212
1.308997	1.741644	-2.695914	6	143	11	737.148
-2.879793	0.685216	-1.712745	6	119	17	737.050
-2.617994	0.571433	-1.188419	12	135	13	737.031
1.047198	1.606104	-0.451151	123	120	134	737.013
-0.523599	0.640596	-2.797608	18	122	2	736.934
-1.570796	1.014500	0.906702	137	134	123	736.925
-2.617994	0.929350	-2.910676	2	139	122	736.682
-0.261799	1.809167	1.213774	14	143	132	736.674
-0.261799	1.413347	-1.339188	19	142	132	736.656
1.832596	1.335669	0.897240	6	137	138	736.639
2.356194	1.904882	-1.478089	8	124	10	736.609
2.094395	1.809167	1.213774	142	122	125	736.470
-0.523599	1.325504	-1.671296	19	143	130	736.385
1.047198	1.450119	-2.739050	137	132	13	736.283
2.356194	1.809167	1.213774	13	6	139	736.037
-1.570796	1.506530	1.988858	16	133	115	735.860
1.570796	0.203748	0.590255	10	107	138	735.790
1.832596	2.063651	-2.044600	6	4	24	735.375
1.570796	0.080730	-2.622036	130	136	0	735.144
-1.308997	1.247695	1.809890	12	136	109	735.104
2.879793	2.247462	0.191623	12	113	131	735.100
-3.141593	2.724429	-0.348782	19	139	5	734.994
2.094395	2.404280	-0.174044	142	108	138	734.926
0.000000	0.961715	0.014085	126	143	121	734.820
-2.094395	0.685216	-1.712745	22	123	127	734.797
-1.832596	1.875281	0.107086	2	129	133	734.697
-3.141593	1.909857	-0.381669	17	128	143	734.623
2.879793	0.685216	-1.712745	138	137	122	734.608
-0.261799	0.379747	-1.713059	8	7	121	734.570
2.356194	1.440580	2.260026	135	101	129	734.469
1.308997	2.704512	1.488683	137	124	27	734.455
2.617994	2.379497	0.561089	4	111	130	734.451
-1.047198	0.571433	-1.188419	15	9	127	734.098
-0.523599	2.001437	0.381215	143	130	131	734.054
0.000000	0.700570	1.559208	6	118	136	734.030
-2.879793	0.571433	-1.188419	0	107	118	733.988
2.879793	2.724429	-0.348782	18	134	4	733.940
2.094395	1.247695	1.809890	11	116	17	733.898
1.308997	1.756530	-2.105156	5	124	4	733.806
-0.523599	1.721184	-0.153948	143	135	129	733.708
0.785398	0.290380	-0.796960	126	131	6	733.639
-1.047198	1.135834	-1.431087	2	18	17	733.620
-1.047198	1.450119	-2.739050	6	0	17	733.561
-1.308997	1.662363	0.915448	11	142	117	733.513
-1.570796	1.824694	1.850876	23	135	120	733.436
0.261799	0.960688	-0.577532	134	138	14	733.435
0.785398	1.135834	-1.431087	143	1	124	733.430
-0.261799	1.413430	2.550734	14	133	4	733.328
-3.141593	0.379747	-1.713059	5	128	11	733.192
0.523599	1.488617	1.159546	5	1	135	732.769
2.879793	0.929350	-2.910676	136	134	12	732.706
2.356194	0.080730	-2.622036	132	139	7	732.559
0.523599	2.180315	-1.357379	134	116	4	732.233
1.570796	1.875281	0.107086	128	21	16	732.043
-2.617994	2.299159	2.264663	12	143	132	732.031
-0.785398	1.374601	-2.456031	5	140	122	731.909
-1.570796	1.488617	1.159546	2	120	124	731.895
-2.617994	2.664082	-1.071402	13	1	7	731.892
-2.094395	2.637879	2.121598	14	105	131	731.769
2.094395	0.685216	-1.712745	127	127	118	731.505
2.617994	1.440580	2.260026	140	99	130	731.460
2.617994	0.571433	-1.188419	6	128	12	731.433
1.308997	1.367556	0.358405	139	140	131	731.411
-0.261799	0.640596	-2.797608	12	138	115	731.321
0.523599	0.297065	2.160177	141	126	112	731.207
1.832596	2.356369	3.005869	3	116	13	731.119
-1.570796	0.992645	-1.723759	27	131	132	730.957
2.879793	1.721184	-0.153948	13	123	136	730.923
2.879793	0.290380	-0.796960	12	139	5	730.923
-0.523599	1.391910	3.030322	9	132	10	730.921
-2.879793	1.045978	0.343692	5	125	124	730.795
0.000000	0.733948	3.021411	141	132	114	730.675
0.261799	0.618092	2.539118	14	125	140	730.649
1.832596	1.766067	2.153843	129	141	122	730.312
-0.785398	2.379497	0.561089	6	142	30	730.311
-1.832596	1.658653	-2.409879	142	3	13	730.205
-1.308997	2.881233	-2.582574	3	109	29	730.156
1.832596	1.135834	-1.431087	136	137	122	729.990
-2.356194	0.619654	-2.216909	143	128	13	729.748
0.000000	1.736875	3.023612	10	124	143	729.485
2.356194	1.488617	1.159546	5	123	120	729.470
1.832596	1.214854	-1.966664	138	125	12	729.463
2.617994	0.458961	-0.107937	1	114	115	729.449
-0.261799	1.050534	3.042579	1	137	116	729.382
2.617994	1.488617	1.159546	7	122	119	729.262
-1.832596	1.662363	0.915448	5	121	126	729.256
2.879793	1.555207	1.708892	131	7	134	729.217
2.356194	2.041297	-2.664597	135	122	20	729.028
-1.832596	2.299159	2.264663	16	118	18	728.993
-2.879793	1.025536	1.576859	141	126	108	728.990
-0.523599	1.417623	-0.202254	135	128	137	728.885
-1.308997	1.555207	1.708892	3	116	126	728.698
-0.523599	0.864993	2.278281	7	118	139	728.693
-2.094395	0.899350	-2.069907	12	3	12	728.360
-2.356194	2.455966	-0.641220	12	138	143	728.209
0.261799	0.866955	-0.931351	134	2	18	728.070
2.094395	1.450119	-2.739050	139	2	16	727.956
-1.832596	0.685216	-1.712745	142	126	117	727.919
-2.879793	0.831641	0.616218	6	114	15	727.800
-1.570796	0.914445	2.687814	8	122	7	727.660
-0.523599	1.870545	-2.976234	6	131	15	727.477
1.570796	0.910508	1.903534	11	127	126	727.430
1.832596	0.496451	0.593859	7	123	114	727.368
0.261799	0.458961	-0.107937	0	4	124	727.215
0.785398	1.113094	-0.272241	127	141	129	727.121
0.000000	1.510910	-0.740472	1	138	125	727.037
-2.879793	1.909857	-0.381669	13	126	137	726.903
0.261799	0.419640	2.974122	13	2	6	726.883
-0.785398	0.864993	2.278281	7	117	140	726.870
2.094395	0.619654	-2.216909	137	125	6	726.826
0.000000	1.391910	3.030322	140	4	125	726.596
2.094395	1.872854	1.543456	139	126	124	726.566
1.832596	1.433411	-1.035986	1	111	3	726.495
-2.617994	0.685216	-1.712745	140	138	122	726.331
1.570796	0.733948	3.021411	142	21	6	726.137
-1.308997	0.379747	-1.713059	14	140	11	726.061
-0.523599	0.290380	-0.796960	134	7	6	725.904
-0.261799	1.242974	-2.977882	18	138	15	725.653
1.570796	0.850607	-1.335383	139	125	8	725.318
0.785398	0.080730	-2.622036	0	26	3	725.285
-1.570796	1.050534	3.042579	3	130	11	725.243
0.523599	0.831641	0.616218	139	139	119	725.156
1.308997	1.569311	-3.003978	4	18	10	725.043
1.047198	1.998705	2.370472	3	26	141	725.015
-0.785398	1.050534	3.042579	7	138	117	724.861
-1.832596	1.128190	-2.288622	4	139	17	724.796
-0.261799	0.864993	2.278281	14	127	140	724.781
-2.356194	1.872854	1.543456	8	117	119	724.766
0.000000	2.153910	-1.714959	138	119	6	724.737
-2.356194	1.134796	2.434290	1	127	115	724.630
1.832596	1.756530	-2.105156	1	129	20	724.600
-1.308997	0.914445	2.687814	16	132	116	724.555
1.308997	0.709924	0.218797	131	129	119	724.485
2.879793	1.218453	2.777284	129	120	5	724.476
-2.617994	2.863997	0.549740	17	117	136	724.294
-2.879793	1.812176	0.656819	20	122	124	724.279
0.523599	2.979456	-1.009304	1	111	139	724.231
0.000000	1.696674	-1.253233	132	138	0	724.008
2.094395	0.640596	-2.797608	143	140	121	723.862
-2.879793	0.418037	1.360082	135	12	142	723.822
-1.047198	0.866955	-0.931351	18	137	122	723.819
-1.047198	1.195355	1.200319	138	124	123	723.746
-2.879793	2.664082	-1.071402	13	143	5	723.725
0.523599	1.168678	2.108595	10	134	139	723.684
-0.523599	1.134497	-1.109631	22	9	138	723.592
2.879793	1.134497	-1.109631	12	116	141	723.435
-0.785398	0.496451	0.593859	11	2	124	723.242
1.570796	1.135813	-2.658866	134	138	14	723.152
-1.570796	2.407836	1.410646	19	126	127	723.139
2.617994	1.732874	-0.951685	12	119	2	723.011
1.047198	1.134497	-1.109631	0	0	125	722.764
-2.617994	1.135813	-2.658866	141	141	14	722.609
1.047198	0.762244	-0.273349	126	137	124	722.518
1.308997	2.356369	3.005869	120	126	143	722.443
1.570796	0.709924	0.218797	5	111	138	722.401
0.000000	1.699788	2.452890	11	124	133	722.187
-2.879793	1.128190	-2.288622	8	142	123	721.800
-2.617994	1.374601	-2.456031	1	6	123	721.739
-0.785398	2.863997	0.549740	0	126	27	721.542
2.094395	0.762244	-0.273349	139	137	125	721.471
2.356194	1.367556	0.358405	11	116	124	721.215
1.308997	0.615174	-0.666022	126	133	121	721.212
-1.570796	1.846342	-1.796954	16	134	129	721.198
0.000000	1.869911	2.701025	12	125	142	721.129
-0.523599	0.615174	-0.666022	143	12	124	721.087
-0.261799	1.134796	2.434290	15	130	143	721.036
-0.523599	2.115563	0.685730	6	3	28	720.998
-1.047198	1.506530	1.988858	5	115	127	720.976
0.785398	1.433411	-1.035986	128	121	137	720.907
-1.570796	1.256302	0.062705	12	129	123	720.674
0.000000	0.762244	-0.273349	1	10	127	720.596
1.570796	0.961715	0.014085	3	112	136	720.490
-1.570796	1.809167	1.213774	18	128	114	720.461
2.356194	1.510910	-0.740472	10	130	6	720.431
2.094395	0.709924	0.218797	137	115	117	720.245
-0.523599	2.407836	1.410646	0	133	27	720.047
2.879793	2.187132	-0.479875	15	129	2	720.039
0.000000	2.704512	1.488683	140	13	29	719.951
-0.261799	0.591903	2.010408	5	116	138	719.943
-3.141593	1.335669	0.897240	5	119	21	719.939
1.832596	0.615174	-0.666022	134	109	7	719.873
0.261799	0.591903	2.010408	12	124	138	719.610
-2.879793	2.299159	2.264663	137	115	132	719.567
-2.617994	2.104282	-0.813972	13	130	139	719.319
-3.141593	2.343981	-1.040456	14	135	5	719.306
-1.308997	0.080730	-2.622036	4	135	118	719.236
1.570796	1.184361	0.625864	5	136	134	719.232
-1.047198	1.504028	0.636812	139	132	128	719.215
-2.094395	0.619654	-2.216909	4	130	13	719.176
2.356194	2.863997	0.549740	143	110	137	719.167
1.047198	2.001437	0.381215	132	130	130	718.982
2.879793	1.606104	-0.451151	12	123	139	718.936
1.832596	1.128190	-2.288622	135	130	13	718.651
2.094395	1.599406	1.426070	143	126	121	718.576
-2.617994	2.588535	-2.976617	129	120	143	718.456
1.308997	1.696674	-1.253233	131	137	127	718.425
-1.308997	2.404280	-0.174044	138	117	117	718.398
2.879793	2.404280	-0.174044	15	115	135	718.380
-2.094395	1.194549	-0.801900	3	129	127	718.356
-1.832596	1.683268	0.374177	8	126	127	718.314
-2.879793	1.721184	-0.153948	10	126	134	718.264
-2.617994	2.349581	-2.702517	8	108	17	718.026
0.261799	2.704512	1.488683	130	138	26	717.921
-0.261799	1.875281	0.107086	7	133	25	717.852
-2.094395	1.367556	0.358405	6	122	125	717.724
-0.261799	1.683268	0.374177	140	129	128	717.585
1.047198	0.379747	-1.713059	135	12	123	717.499
2.094395	2.115563	0.685730	138	118	129	717.382
0.785398	1.998705	2.370472	9	12	135	717.318
1.832596	1.617114	-1.572037	118	129	139	717.253
-1.570796	2.592629	0.909713	17	8	140	717.223
-1.308997	1.869911	2.701025	9	128	16	717.143
-2.617994	2.637879	2.121598	5	104	131	717.093
2.356194	1.135834	-1.431087	3	116	4	717.014
0.261799	1.756530	-2.105156	137	30	9	716.827
-0.785398	1.242974	-2.977882	3	142	122	716.727
1.832596	2.073035	2.027405	142	132	132	716.708
-1.570796	1.433411	-1.035986	14	134	129	716.657
-0.785398	1.756530	-2.105156	14	142	126	716.526
-1.570796	0.203748	0.590255	8	124	113	716.450
2.879793	2.456751	-1.503343	14	136	11	716.416
-1.570796	2.356369	3.005869	141	115	3	716.272
-1.047198	1.606104	-0.451151	135	14	7	716.106
0.000000	1.545873	-1.877082	142	140	123	716.096
1.832596	1.374601	-2.456031	5	135	123	716.080
0.261799	0.297065	2.160177	139	126	113	716.049
-1.832596	1.506530	1.988858	16	129	115	716.019
-2.617994	1.870545	-2.976234	9	104	9	716.018
-1.308997	0.290380	-0.796960	7	25	5	716.009
0.523599	0.762244	-0.273349	133	2	124	715.820
0.785398	1.335669	0.897240	3	142	133	715.800
-1.832596	1.870545	-2.976234	139	123	16	715.798
-3.141593	2.979456	-1.009304	4	134	32	715.721
0.523599	1.606104	-0.451151	125	138	136	715.694
2.879793	1.766067	2.153843	133	125	123	715.635
-3.141593	1.134796	2.434290	0	129	116	715.566
-3.141593	0.929350	-2.910676	12	138	123	715.430
-0.261799	0.866395	-2.492918	13	142	14	715.410
2.879793	0.961715	0.014085	24	116	129	715.355
0.523599	1.367556	0.358405	138	6	133	715.346
-1.832596	1.836682	-0.676006	17	133	136	715.118
-1.308997	2.041297	-2.664597	26	129	139	715.098
-2.879793	1.606104	-0.451151	13	126	136	715.089
1.308997	1.606104	-0.451151	124	116	134	714.977
2.879793	1.184361	0.625864	20	120	121	714.911
-0.523599	0.418037	1.360082	141	140	114	714.780
-3.141593	2.664082	-1.071402	14	142	6	714.746
-0.261799	0.615174	-0.666022	133	127	135	714.728
2.094395	0.961715	0.014085	133	133	127	714.456
-1.832596	1.440580	2.260026	13	126	115	714.414
0.523599	2.033014	2.977192	8	17	135	714.386
2.617994	2.984978	1.954446	130	126	142	714.347
-0.261799	1.545873	-1.877082	19	142	130	714.265
1.308997	1.413347	-1.339188	139	116	6	714.175
0.785398	2.984978	1.954446	132	125	24	714.046
1.570796	2.579248	-2.364801	15	142	11	713.772
1.308997	0.370812	-2.547742	136	18	8	713.745
1.570796	1.812176	0.656819	138	124	126	713.676
0.785398	1.869911	2.701025	11	136	133	713.647
-1.047198	0.910508	1.903534	12	142	114	713.626
1.308997	1.824694	1.850876	0	136	131	713.605
2.356194	0.203748	0.590255	16	128	114	713.564
1.047198	1.135813	-2.658866	132	134	119	713.296
2.356194	2.247462	0.191623	4	111	131	713.239
0.785398	1.194549	-0.801900	125	124	131	713.040
-1.570796	2.404280	-0.174044	8	133	31	712.963
-0.523599	1.875281	0.107086	7	131	25	712.958
0.523599	1.617114	-1.572037	140	121	7	712.812
0.785398	2.138223	1.678323	133	129	24	712.782
1.832596	0.640596	-2.797608	138	122	114	712.653
1.832596	2.153910	-1.714959	9	130	15	712.395
-1.832596	1.025536	1.576859	12	136	108	712.377
2.617994	1.982574	-1.115518	12	134	10	712.289
2.094395	0.203748	0.590255	14	126	116	712.234
-0.785398	1.545873	-1.877082	9	136	29	712.198
2.094395	1.168678	2.108595	143	137	113	712.099
1.308997	0.571433	-1.188419	125	124	9	712.096
2.879793	1.488617	1.159546	9	122	117	712.029
0.000000	2.343981	-1.040456	131	131	3	711.991
-3.141593	1.555207	1.708892	138	116	113	711.957
0.785398	1.134796	2.434290	126	136	124	711.827
-2.356194	1.683268	0.374177	8	129	130	711.788
-2.094395	1.242974	-2.977882	23	123	143	711.700
1.832596	2.719179	-1.780644	18	142	11	711.667
-1.308997	2.180315	-1.357379	134	126	17	711.601
2.356194	0.640596	-2.797608	133	4	9	711.589
-2.879793	1.824694	1.850876	140	110	117	711.517
0.785398	1.875281	0.107086	132	116	132	711.211
-0.785398	1.574060	2.783565	12	113	138	711.016
-1.308997	1.824694	1.850876	23	138	118	710.637
0.523599	2.164094	-2.991358	13	128	143	710.542
1.308997	0.080730	-2.622036	132	7	5	710.498
2.617994	0.370812	-2.547742	132	139	9	710.450
-0.523599	1.310100	1.488307	17	133	122	710.439
0.785398	2.393226	1.857173	126	6	23	710.401
2.356194	0.685216	-1.712745	1	121	7	710.340
1.570796	1.433411	-1.035986	119	131	139	710.010
0.000000	2.115563	0.685730	1	4	29	709.963
1.308997	0.733948	3.021411	1	21	7	709.887
-1.047198	1.325504	-1.671296	1	8	15	709.486
2.617994	0.992645	-1.723759	3	112	5	709.219
2.356194	1.732874	-0.951685	8	122	4	709.133
2.094395	1.998705	2.370472	125	138	128	708.919
0.000000	1.113094	-0.272241	126	3	128	708.860
-2.356194	0.297065	2.160177	14	140	123	708.786
2.356194	2.343981	-1.040456	13	133	9	708.774
-1.047198	1.998705	2.370472	18	129	13	708.736
-1.047198	1.045978	0.343692	132	14	139	708.689
-0.785398	2.033014	2.977192	9	113	142	708.638
0.785398	1.242974	-2.977882	130	134	121	708.618
-1.308997	1.128190	-2.288622	26	130	129	708.198
0.000000	1.683268	0.374177	0	9	137	708.135
1.308997	0.929350	-2.910676	4	13	9	708.109
-0.523599	2.153910	-1.714959	138	119	7	708.038
-2.879793	2.089241	-0.114193	13	126	135	707.904
1.832596	0.571433	-1.188419	127	137	126	707.802
1.832596	2.299159	2.264663	128	140	130	707.595
-1.047198	1.699788	2.452890	9	111	135	707.556
0.785398	1.836682	-0.676006	124	133	142	707.533
-1.308997	0.899350	-2.069907	20	130	18	707.436
1.570796	1.214854	-1.966664	137	129	15	707.334
2.879793	1.135813	-2.658866	141	115	8	707.303
1.308997	1.982574	-1.115518	6	128	19	707.028
0.785398	1.218453	2.777284	14	1	0	707.017
-2.094395	0.914445	2.687814	142	111	2	706.999
-1.047198	1.014500	0.906702	132	132	124	706.986
2.617994	0.685216	-1.712745	141	138	121	706.857
-1.832596	1.050534	3.042579	0	126	11	706.800
1.832596	2.251330	-2.330739	8	140	11	706.639
-2.094395	1.310100	1.488307	138	141	137	706.622
-0.785398	0.418037	1.360082	4	140	115	706.611
-0.523599	2.063651	-2.044600	11	127	32	706.548
-0.261799	1.135813	-2.658866	9	0	122	706.536
-0.523599	0.080730	-2.622036	13	3	6	706.268
0.261799	2.979456	-1.009304	141	111	30	706.257
2.617994	0.419640	2.974122	133	1	7	706.151
-1.570796	1.599406	1.426070	14	124	111	706.141
-1.570796	1.335669	0.897240	142	134	124	706.132
-2.617994	1.824694	1.850876	143	112	119	706.102
-2.356194	0.961715	0.014085	6	135	129	706.099
1.570796	1.450119	-2.739050	16	127	131	705.996
-1.832596	1.488617	1.159546	26	125	2	705.954
-3.141593	0.910508	1.903534	9	134	114	705.947
2.356194	1.504028	0.636812	7	118	121	705.942
2.356194	2.396274	-1.959260	11	138	13	705.936
1.570796	1.025536	1.576859	142	131	107	705.776
-1.308997	1.045978	0.343692	136	14	139	705.739
0.785398	0.571433	-1.188419	124	134	9	705.630
2.879793	0.458961	-0.107937	15	123	119	705.540
2.879793	1.569311	-3.003978	14	139	126	705.474
-3.141593	1.214854	-1.966664	4	10	125	705.441
1.570796	1.335669	0.897240	6	138	139	705.426
-1.308997	1.433411	-1.035986	8	128	124	705.192
-1.832596	2.863997	0.549740	15	9	2	704.834
-0.523599	1.696674	-1.253233	140	122	9	704.834
0.261799	0.615174	-0.666022	130	137	9	704.752
2.094395	2.104282	-0.813972	13	138	20	704.673
-2.094395	1.872854	1.543456	23	123	12	704.519
-0.785398	2.704512	1.488683	9	128	21	704.505
2.094395	1.440580	2.260026	131	103	129	704.278
-2.617994	1.510910	-0.740472	19	126	135	704.181
-2.879793	1.948085	-2.363031	6	111	15	704.171
-0.261799	1.510910	-0.740472	8	129	123	704.047
0.785398	2.478122	2.609777	123	0	19	703.965
1.570796	0.864993	2.278281	11	133	126	703.783
-2.617994	1.045978	0.343692	4	126	125	703.643
-1.570796	2.881233	-2.582574	23	133	141	703.639
-0.261799	1.014500	0.906702	7	2	123	703.588
-0.523599	1.448123	-2.163292	1	136	120	703.266
-1.308997	2.637879	2.121598	17	128	23	703.201
0.000000	1.809167	1.213774	8	143	132	703.113
0.000000	1.014500	0.906702	134	143	114	703.039
-1.308997	2.724429	-0.348782	2	131	32	702.996
-1.047198	0.961715	0.014085	137	131	137	702.927
-2.356194	1.135813	-2.658866	20	120	139	702.926
0.523599	0.379747	-1.713059	0	134	114	702.641
1.832596	1.875281	0.107086	139	115	129	702.556
2.356194	1.574060	2.783565	122	131	11	702.529
0.261799	1.168678	2.108595	11	131	139	702.474
-2.094395	1.450119	-2.739050	3	0	124	702.438
0.261799	2.760637	2.781135	16	138	22	702.295
1.308997	1.504028	0.636812	141	139	133	702.195
1.308997	0.618092	2.539118	16	0	117	702.161
0.261799	2.393226	1.857173	3	15	134	701.986
-2.617994	0.419640	2.974122	126	12	135	701.789
0.523599	1.242974	-2.977882	133	136	121	701.737
-0.785398	1.506530	1.988858	12	139	111	701.683
-2.617994	1.555207	1.708892	143	117	115	701.680
1.832596	1.683268	0.374177	142	135	133	701.613
-2.356194	0.640596	-2.797608	3	129	10	701.512
0.261799	2.001437	0.381215	133	125	130	701.497
1.047198	1.948085	-2.363031	11	140	16	701.423
-1.308997	0.910508	1.903534	14	140	115	701.387
2.094395	1.194549	-0.801900	7	124	8	701.376
-1.308997	1.836682	-0.676006	17	138	136	701.317
1.308997	2.588535	-2.976617	139	140	28	701.253
-0.785398	1.417623	-0.202254	135	130	137	701.085
-2.617994	1.134796	2.434290	2	126	115	700.985
-0.261799	2.041297	-2.664597	24	130	23	700.885
2.094395	1.413430	2.550734	130	5	121	700.814
2.356194	1.256302	0.062705	138	108	124	700.493
1.047198	2.863997	0.549740	136	119	135	700.346
0.000000	1.218453	2.777284	11	134	5	700.337
-1.308997	2.579248	-2.364801	139	118	139	700.297
0.523599	1.741644	-2.695914	138	143	123	700.212
1.047198	0.906588	1.252948	9	124	130	700.177
0.523599	2.863997	0.549740	132	130	135	699.988
1.308997	0.419640	2.974122	143	26	3	699.980
-1.047198	1.904882	-1.478089	15	137	128	699.969
-3.141593	0.370812	-2.547742	1	138	120	699.933
-0.785398	2.393226	1.857173	23	6	131	699.904
2.356194	0.850607	-1.335383	126	112	123	699.839
-1.832596	1.168678	2.108595	9	129	111	699.789
1.047198	1.617114	-1.572037	133	134	123	699.691
1.047198	1.741644	-2.695914	8	143	16	699.574
1.047198	0.571433	-1.188419	132	126	6	699.457
1.832596	0.960688	-0.577532	121	130	132	699.454
-2.094395	0.674054	1.013609	136	11	140	699.434
1.832596	1.998705	2.370472	134	141	128	699.356
1.832596	0.674054	1.013609	4	126	111	699.307
1.832596	2.349581	-2.702517	130	135	27	699.299
0.000000	1.909857	-0.381669	132	1	140	699.222
2.617994	2.089241	-0.114193	11	112	132	699.082
-1.308997	1.184361	0.625864	137	12	136	699.059
1.308997	2.760637	2.781135	140	36	143	698.977
-1.832596	2.108018	1.311430	16	124	122	698.914
-1.308997	1.699788	2.452890	141	141	129	698.728
-1.570796	1.135813	-2.658866	5	140	122	698.458
-2.617994	2.174483	2.653697	21	119	12	698.407
-2.879793	0.379747	-1.713059	1	138	120	698.360
-1.832596	1.606104	-0.451151	17	133	131	698.335
1.308997	2.863997	0.549740	0	138	32	698.322
-1.832596	0.831641	0.616218	137	11	136	698.218
-1.570796	1.756530	-2.105156	143	138	25	698.146
-2.356194	2.063651	-2.044600	16	112	13	698.055
-2.879793	2.104282	-0.813972	12	128	139	697.874
0.523599	1.504028	0.636812	15	0	0	697.863
0.785398	1.506530	1.988858	7	135	141	697.804
-0.523599	2.579248	-2.364801	139	117	6	697.762
2.617994	0.080730	-2.622036	132	136	7	697.708
0.523599	2.138223	1.678323	136	136	26	697.691
0.523599	0.419640	2.974122	13	143	114	697.650
-1.047198	1.617114	-1.572037	13	137	126	697.568
1.047198	1.732874	-0.951685	128	117	140	697.560
2.879793	1.301460	-0.509251	12	109	128	697.502
-0.785398	1.391910	3.030322	10	133	12	697.431
-0.261799	2.404280	-0.174044	135	133	136	697.427
2.356194	0.960688	-0.577532	138	133	123	697.393
1.570796	0.929350	-2.910676	142	11	10	697.371
-3.141593	0.685216	-1.712745	142	134	15	697.222
1.570796	2.356369	3.005869	118	121	143	697.116
-2.617994	0.709924	0.218797	3	133	126	697.087
-1.047198	0.290380	-0.796960	10	12	122	697.076
-2.094395	0.418037	1.360082	132	28	131	697.063
2.879793	0.899350	-2.069907	2	111	4	696.830
-1.832596	2.979456	-1.009304	0	125	29	696.782
-2.617994	2.984978	1.954446	0	109	137	696.754
-2.094395	1.134497	-1.109631	4	130	125	696.737
-1.570796	1.448123	-2.163292	26	129	137	696.664
2.617994	1.554776	0.100351	18	113	133	696.642
1.308997	2.393226	1.857173	140	137	136	696.339
0.523599	1.574060	2.783565	7	10	14	696.145
1.832596	2.247462	0.191623	138	115	132	696.108
-1.832596	1.195355	1.200319	27	128	138	696.056
2.617994	1.050534	3.042579	126	133	118	696.000
2.879793	0.709924	0.218797	25	121	124	695.939
-0.785398	1.766067	2.153843	11	137	117	695.923
-1.308997	1.872854	1.543456	19	126	115	695.870
-1.047198	0.866395	-2.492918	136	129	119	695.761
0.785398	1.606104	-0.451151	122	134	137	695.371
-2.879793	2.588535	-2.976617	127	118	141	695.237
1.047198	0.619654	-2.216909	130	0	11	695.179
0.261799	2.407836	1.410646	140	135	28	695.124
-1.570796	1.367556	0.358405	0	140	131	695.010
-1.832596	1.413430	2.550734	13	122	10	694.978
-1.308997	0.929350	-2.910676	2	138	121	694.963
-2.617994	0.762244	-0.273349	12	130	125	694.895
0.785398	2.343981	-1.040456	4	120	32	694.763
-0.523599	2.637879	2.121598	23	7	138	694.750
2.879793	2.343981	-1.040456	14	132	5	694.664
-0.785398	2.724429	-0.348782	7	118	22	694.417
1.570796	2.164094	-2.991358	118	124	140	694.400
0.523599	0.290380	-0.796960	125	131	3	694.393
-1.047198	2.456751	-1.503343	136	129	3	694.299
-2.094395	1.218453	2.777284	8	122	11	694.247
0.261799	2.153910	-1.714959	137	118	6	694.117
0.261799	0.910508	1.903534	11	128	137	694.050
2.617994	0.733948	3.021411	128	0	8	693.804
-0.261799	2.073035	2.027405	9	8	123	693.761
2.617994	1.569311	-3.003978	136	118	13	693.745
2.879793	0.619654	-2.216909	136	138	12	693.636
-1.308997	1.374601	-2.456031	28	129	132	693.507
0.261799	1.510910	-0.740472	0	137	125	693.483
-1.308997	1.875281	0.107086	25	1	4	693.452
-0.523599	1.732874	-0.951685	135	126	9	693.375
2.094395	1.214854	-1.966664	131	123	119	693.295
0.523599	1.025536	1.576859	9	133	140	693.155
2.617994	2.863997	0.549740	1	110	137	693.096
2.617994	2.396274	-1.959260	12	135	11	693.095
-2.617994	1.168678	2.108595	134	131	2	693.080
2.879793	2.349581	-2.702517	143	2	23	693.077
-2.094395	0.591903	2.010408	18	140	126	693.058
-0.261799	2.108018	1.311430	3	143	120	692.958
-1.832596	0.914445	2.687814	5	133	116	692.946
0.785398	2.664082	-1.071402	0	112	142	692.780
-2.617994	1.699788	2.452890	9	116	14	692.729
1.832596	1.045978	0.343692	7	14	0	692.619
-2.094395	2.108018	1.311430	20	123	121	692.258
-0.261799	1.721184	-0.153948	3	138	128	692.206
-2.094395	1.391910	3.030322	21	109	139	692.173
-2.879793	0.960688	-0.577532	18	124	129	692.163
-1.570796	1.998705	2.370472	25	3	13	692.149
1.570796	1.014500	0.906702	9	121	125	692.098
2.356194	0.831641	0.616218	19	118	121	692.084
2.879793	2.979456	-1.009304	14	3	5	692.016
0.000000	0.906588	1.252948	124	127	123	691.965
-2.094395	2.719179	-1.780644	8	119	25	691.703
2.094395	1.869911	2.701025	123	141	16	691.686
1.047198	0.203748	0.590255	139	127	113	691.485
1.570796	1.413347	-1.339188	135	139	125	691.478
-2.356194	1.450119	-2.739050	20	118	3	691.451
-2.879793	1.836682	-0.676006	13	126	138	691.189
-1.570796	1.413347	-1.339188	26	143	1	691.113
-0.785398	1.168678	2.108595	16	131	4	690.976
0.261799	0.864993	2.278281	12	128	140	690.970
-0.523599	1.194549	-0.801900	22	8	141	690.693
-1.047198	0.379747	-1.713059	16	6	11	689.949
1.308997	0.203748	0.590255	6	106	138	689.943
-1.047198	1.242974	-2.977882	5	141	122	689.820
-1.047198	1.554776	0.100351	9	135	126	689.782
-0.785398	1.014500	0.906702	15	0	128	689.711
-2.879793	1.194549	-0.801900	19	122	134	689.703
0.000000	0.709924	0.218797	0	4	124	689.565
-0.785398	1.195355	1.200319	137	123	122	689.462
-2.617994	0.618092	2.539118	16	138	125	689.360
1.832596	1.413347	-1.339188	119	129	137	689.259
-3.141593	1.812176	0.656819	15	121	125	689.242
-1.570796	2.704512	1.488683	30	139	141	689.166
0.000000	1.824694	1.850876	13	139	143	688.926
-1.570796	1.869911	2.701025	11	127	17	688.822
-1.570796	0.418037	1.360082	123	3	135	688.663
2.617994	1.256302	0.062705	131	101	143	688.638
-1.308997	0.674054	1.013609	128	9	133	688.581
-2.094395	1.168678	2.108595	9	128	111	688.420
0.523599	1.846342	-1.796954	4	132	116	688.293
2.617994	2.587733	0.232235	2	109	137	688.281
0.000000	2.164094	-2.991358	133	119	120	688.263
0.261799	0.674054	1.013609	1	138	116	688.137
2.617994	0.850607	-1.335383	136	128	119	688.120
-1.308997	2.247462	0.191623	3	129	133	687.880
-1.832596	0.619654	-2.216909	15	132	123	687.809
0.785398	1.948085	-2.363031	14	133	10	687.796
2.094395	1.982574	-1.115518	9	125	8	687.777
2.617994	1.310100	1.488307	2	128	113	687.699
-1.570796	2.073035	2.027405	24	5	15	687.646
-0.785398	0.615174	-0.666022	13	136	117	687.522
1.047198	1.218453	2.777284	13	12	0	687.320
-1.047198	2.407836	1.410646	21	8	133	687.273
-2.094395	1.135813	-2.658866	139	138	12	687.143
2.356194	0.929350	-2.910676	128	125	9	687.138
-2.879793	1.325504	-1.671296	141	99	130	687.127
0.785398	1.168678	2.108595	8	10	1	687.120
0.523599	1.113094	-0.272241	13	1	134	687.120
2.879793	2.089241	-0.114193	14	114	132	687.059
-2.879793	1.134796	2.434290	1	128	116	687.006
-0.785398	2.295480	1.008277	8	0	125	687.001
-2.879793	2.984978	1.954446	139	108	137	686.889
2.356194	1.134497	-1.109631	134	136	124	686.849
2.356194	1.391910	3.030322	127	107	136	686.713
2.879793	0.866955	-0.931351	137	126	120	686.627
-3.141593	2.579248	-2.364801	16	118	1	686.583
1.308997	1.554776	0.100351	135	121	125	686.531
1.832596	1.256302	0.062705	0	116	123	686.494
-2.617994	2.478122	2.609777	134	112	136	686.271
-0.261799	1.977582	0.969896	3	125	131	686.228
0.785398	2.724429	-0.348782	137	115	138	686.223
2.879793	1.836682	-0.676006	18	121	143	686.206
1.308997	1.135813	-2.658866	137	135	116	686.188
0.523599	1.413347	-1.339188	133	138	27	686.068
1.832596	2.174483	2.653697	129	0	131	685.990
1.047198	1.195355	1.200319	117	9	143	685.960
2.094395	2.592629	0.909713	139	116	132	685.795
1.570796	2.153910	-1.714959	10	130	14	685.794
1.570796	0.866955	-0.931351	140	112	139	685.757
-1.047198	1.812176	0.656819	7	4	121	685.680
2.617994	0.615174	-0.666022	139	110	118	685.455
-0.523599	2.138223	1.678323	142	28	19	685.400
-0.261799	1.696674	-1.253233	139	122	9	685.314
-0.785398	1.045978	0.343692	5	12	123	685.261
-2.617994	0.899350	-2.069907	143	0	124	685.167
-0.785398	0.960688	-0.577532	137	8	12	685.135
-0.523599	1.374601	-2.456031	0	134	119	685.041
-3.141593	1.504028	0.636812	0	116	125	684.986
2.094395	0.418037	1.360082	23	126	122	684.886
1.047198	0.591903	2.010408	8	139	112	684.879
0.261799	2.881233	-2.582574	13	116	142	684.821
-0.785398	1.448123	-2.163292	2	133	13	684.737
0.000000	2.063651	-2.044600	137	129	114	684.646
-1.832596	1.872854	1.543456	24	126	11	684.626
0.523599	1.450119	-2.739050	12	14	132	684.583
-0.523599	2.041297	-2.664597	5	116	7	684.531
1.832596	1.194549	-0.801900	119	125	136	684.482
-1.832596	2.455966	-0.641220	13	134	139	684.455
0.523599	2.407836	1.410646	136	132	27	684.386
-3.141593	0.961715	0.014085	0	130	128	684.269
-1.047198	0.674054	1.013609	127	128	122	684.025
-0.261799	1.574060	2.783565	11	133	9	683.876
-1.308997	2.138223	1.678323	26	142	125	683.815
-1.570796	0.370812	-2.547742	134	134	122	683.734
0.785398	1.766067	2.153843	120	5	12	683.679
0.000000	1.506530	1.988858	14	136	141	683.667
2.879793	1.683268	0.374177	16	118	125	683.619
-1.047198	1.836682	-0.676006	1	140	30	683.606
0.523599	2.587733	0.232235	140	124	26	683.546
-1.047198	0.458961	-0.107937	134	140	0	683.520
-2.356194	1.218453	2.777284	9	117	8	683.398
0.523599	1.440580	2.260026	8	136	142	683.375
0.523599	1.256302	0.062705	124	137	124	683.305
-2.879793	1.135813	-2.658866	14	141	126	683.272
2.356194	0.961715	0.014085	137	109	121	683.221
-2.094395	1.824694	1.850876	143	111	131	683.124
-0.785398	2.760637	2.781135	15	114	138	683.103
0.523599	1.809167	1.213774	2	141	127	683.095
-0.261799	2.456751	-1.503343	134	127	7	683.058
-1.570796	1.325504	-1.671296	29	132	140	683.033
-0.785398	1.948085	-2.363031	18	123	28	682.999
1.570796	0.379747	-1.713059	130	123	4	682.987
1.832596	0.762244	-0.273349	132	119	119	682.831
0.523599	1.325504	-1.671296	143	127	11	682.823
0.000000	2.393226	1.857173	140	17	133	682.742
1.047198	1.904882	-1.478089	3	118	10	682.722
-0.261799	0.929350	-2.910676	10	135	114	682.633
0.000000	2.041297	-2.664597	13	5	134	682.555
-2.879793	0.733948	3.021411	14	140	125	682.520
-1.832596	1.448123	-2.163292	7	8	17	682.520
2.356194	1.555207	1.708892	140	129	117	682.500
1.308997	2.153910	-1.714959	125	22	12	682.409
1.308997	0.297065	2.160177	25	132	123	682.402
0.523599	0.080730	-2.622036	8	2	114	682.379
-3.141593	0.419640	2.974122	135	109	131	682.336
-3.141593	0.992645	-1.723759	134	4	127	682.307
-1.047198	2.063651	-2.044600	23	120	25	682.294
-3.141593	1.998705	2.370472	136	116	123	682.187
-3.141593	2.041297	-2.664597	1	132	23	682.185
-0.785398	0.762244	-0.273349	132	1	3	682.143
-1.308997	2.001437	0.381215	25	142	14	681.995
-2.879793	0.591903	2.010408	131	128	138	681.808
0.523599	0.866955	-0.931351	126	139	16	681.732
-1.832596	1.417623	-0.202254	9	130	128	681.696
-3.141593	0.203748	0.590255	143	130	119	681.643
2.094395	0.458961	-0.107937	138	118	115	681.640
-2.356194	1.214854	-1.966664	0	13	10	681.637
-1.832596	1.824694	1.850876	2	111	133	681.573
0.785398	1.599406	1.426070	7	135	141	681.534
-0.785398	2.001437	0.381215	136	136	130	681.525
1.308997	1.184361	0.625864	134	130	120	681.492
2.879793	1.325504	-1.671296	9	116	4	681.347
1.570796	1.325504	-1.671296	138	135	120	681.251
2.094395	0.866955	-0.931351	124	114	124	681.168
0.785398	0.370812	-2.547742	2	21	8	681.000
0.261799	1.506530	1.988858	12	139	141	680.902
1.570796	0.762244	-0.273349	2	143	128	680.834
1.308997	0.458961	-0.107937	143	111	141	680.720
1.308997	1.242974	-2.977882	143	2	15	680.612
-2.356194	0.591903	2.010408	143	134	107	680.553
1.308997	1.545873	-1.877082	2	125	7	680.422
0.785398	2.407836	1.410646	0	120	22	680.413
-2.094395	1.736875	3.023612	11	123	18	680.353
-0.523599	2.704512	1.488683	15	15	141	680.326
-2.094395	2.984978	1.954446	28	115	10	680.230
-2.356194	0.203748	0.590255	2	31	140	680.215
2.617994	0.203748	0.590255	28	122	127	680.010
2.617994	1.448123	-2.163292	142	118	14	679.950
-0.523599	2.592629	0.909713	136	3	30	679.941
-3.141593	0.899350	-2.069907	138	0	14	679.919
1.308997	1.555207	1.708892	3	2	138	679.904
-0.261799	2.719179	-1.780644	134	121	7	679.828
0.523599	0.733948	3.021411	9	4	116	679.749
-0.523599	2.299159	2.264663	14	0	127	679.702
0.000000	1.448123	-2.163292	143	133	119	679.668
-1.047198	1.574060	2.783565	9	110	138	679.652
2.879793	1.732874	-0.951685	15	121	1	679.618
-1.570796	1.184361	0.625864	0	125	124	679.593
-0.523599	2.404280	-0.174044	135	133	137	679.493
1.308997	0.619654	-2.216909	134	126	4	679.458
-0.523599	1.948085	-2.363031	19	127	28	679.347
-0.785398	2.984978	1.954446	27	2	5	679.285
0.261799	0.762244	-0.273349	132	137	10	679.164
-2.617994	0.914445	2.687814	134	140	5	679.135
2.879793	1.699788	2.452890	129	136	11	679.131
1.570796	1.869911	2.701025	138	5	130	679.060
-2.879793	1.875281	0.107086	26	125	132	678.974
0.000000	2.979456	-1.009304	137	118	139	678.943
0.785398	0.733948	3.021411	5	4	115	678.782
-3.141593	0.733948	3.021411	16	137	126	678.777
-2.617994	2.393226	1.857173	6	112	127	678.771
-1.308997	0.831641	0.616218	22	142	129	678.696
-2.094395	2.033014	2.977192	27	124	7	678.668
1.047198	1.870545	-2.976234	10	143	10	678.536
-0.261799	1.948085	-2.363031	0	132	17	678.525
-3.141593	1.756530	-2.105156	6	139	18	678.486
-0.261799	0.297065	2.160177	142	132	113	678.305
-0.261799	0.914445	2.687814	139	135	116	678.293
0.261799	1.218453	2.777284	134	0	123	678.265
2.094395	1.510910	-0.740472	117	1	9	678.126
2.356194	2.001437	0.381215	4	115	128	677.956
0.261799	1.545873	-1.877082	2	134	119	677.843
-0.785398	1.135834	-1.431087	21	140	127	677.785
-2.094395	1.195355	1.200319	139	142	132	677.768
-3.141593	0.850607	-1.335383	140	126	118	677.675
0.000000	0.297065	2.160177	139	128	113	677.669
0.523599	2.001437	0.381215	138	140	134	677.648
-0.785398	1.658653	-2.409879	5	138	121	677.559
2.356194	0.370812	-2.547742	128	1	9	677.549
2.617994	2.579248	-2.364801	131	128	30	677.476
2.094395	0.379747	-1.713059	141	132	115	677.403
-1.308997	0.992645	-1.723759	25	136	131	677.370
-2.356194	1.310100	1.488307	10	125	108	677.323
0.000000	2.579248	-2.364801	142	1	28	677.267
0.261799	2.592629	0.909713	0	119	22	677.229
0.261799	0.290380	-0.796960	129	134	3	677.221
2.879793	0.591903	2.010408	131	10	143	677.220
-1.570796	1.025536	1.576859	11	138	108	677.210
-1.832596	0.418037	1.360082	124	6	135	677.094
-2.094395	2.073035	2.027405	143	14	134	677.057
-3.141593	0.762244	-0.273349	135	125	18	677.039
0.523599	1.554776	0.100351	132	119	130	676.947
1.308997	2.247462	0.191623	134	122	133	676.784
-0.785398	0.961715	0.014085	128	21	142	676.603
-2.094395	2.164094	-2.991358	24	143	6	676.579
0.000000	1.812176	0.656819	5	3	136	676.483
0.261799	2.174483	2.653697	23	5	143	676.412
-1.308997	1.195355	1.200319	139	124	123	676.393
-2.356194	2.979456	-1.009304	141	120	26	676.344
-1.832596	2.393226	1.857173	18	122	18	676.281
1.308997	0.910508	1.903534	12	126	125	676.281
0.785398	2.587733	0.232235	131	116	137	676.188
1.047198	1.025536	1.576859	10	129	129	676.185
-2.879793	1.113094	-0.272241	16	111	123	676.181
1.308997	2.299159	2.264663	131	6	131	676.160
2.356194	0.618092	2.539118	139	29	141	676.146
-1.570796	1.135834	-1.431087	26	138	137	676.106
-1.570796	1.812176	0.656819	6	126	127	676.085
-1.570796	1.554776	0.100351	5	130	128	676.073
0.523599	2.984978	1.954446	142	37	143	675.706
-2.617994	0.910508	1.903534	137	9	1	675.657
-2.094395	2.343981	-1.040456	16	114	16	675.471
-3.141593	0.831641	0.616218	142	121	121	675.417
-1.570796	0.961715	0.014085	8	129	121	675.374
-1.832596	0.700570	1.559208	129	1	132	675.374
-1.047198	0.640596	-2.797608	20	130	117	675.172
2.356194	0.733948	3.021411	140	115	114	675.082
0.000000	1.045978	0.343692	4	3	127	675.027
0.785398	0.591903	2.010408	9	138	112	675.002
2.094395	1.506530	1.988858	132	136	116	674.966
1.832596	0.910508	1.903534	127	112	122	674.941
0.261799	1.741644	-2.695914	13	126	1	674.813
-2.617994	0.850607	-1.335383	140	125	118	674.663
1.308997	2.881233	-2.582574	15	6	6	674.652
-1.308997	1.134497	-1.109631	6	128	122	674.645
2.879793	2.863997	0.549740	8	111	136	674.621
-2.356194	1.948085	-2.363031	22	123	137	674.617
2.617994	0.709924	0.218797	23	117	125	674.505
1.570796	1.417623	-0.202254	132	113	126	674.443
-1.308997	1.909857	-0.381669	23	124	12	674.374
-1.308997	0.850607	-1.335383	19	136	125	674.313
2.617994	0.762244	-0.273349	142	109	119	674.177
0.785398	0.929350	-2.910676	139	132	114	674.175
0.785398	1.872854	1.543456	7	135	141	674.162
2.356194	0.290380	-0.796960	130	120	118	674.082
-0.785398	2.455966	-0.641220	14	143	29	674.060
-2.879793	1.574060	2.783565	9	134	18	674.059
-3.141593	0.571433	-1.188419	6	133	13	673.971
-2.617994	1.869911	2.701025	11	117	16	673.881
-1.308997	0.866395	-2.492918	1	135	119	673.725
2.094395	0.960688	-0.577532	7	125	6	673.698
-2.879793	1.683268	0.374177	23	125	126	673.682
1.047198	0.458961	-0.107937	129	134	118	673.680
1.832596	1.696674	-1.253233	4	115	8	673.608
0.785398	1.721184	-0.153948	122	134	136	673.542
1.570796	2.478122	2.609777	131	3	134	673.526
-2.356194	2.299159	2.264663	7	110	126	673.467
0.261799	1.134497	-1.109631	131	143	21	673.448
-0.261799	2.089241	-0.114193	12	125	126	673.394
2.879793	2.104282	-0.813972	15	128	4	673.148
-0.261799	0.700570	1.559208	13	127	116	673.070
0.000000	2.174483	2.653697	11	1	126	672.920
-3.141593	1.721184	-0.153948	12	124	134	672.911
2.094395	1.256302	0.062705	4	115	123	672.860
-1.047198	2.041297	-2.664597	27	133	137	672.482
0.261799	2.108018	1.311430	139	141	28	672.347
-2.879793	0.674054	1.013609	1	111	118	672.320
-1.308997	2.478122	2.609777	14	109	134	672.292
-1.832596	1.247695	1.809890	17	134	112	672.259
-0.785398	2.073035	2.027405	18	2	123	672.195
-0.261799	2.138223	1.678323	140	27	19	672.048
-1.308997	1.569311	-3.003978	124	1	134	671.813
-1.308997	1.310100	1.488307	142	120	122	671.789
-0.785398	2.115563	0.685730	10	5	27	671.594
-1.047198	2.881233	-2.582574	136	116	4	671.586
-2.356194	0.615174	-0.666022	22	129	121	671.510
1.047198	1.335669	0.897240	133	129	21	671.468
1.832596	2.180315	-1.357379	11	124	14	671.395
0.785398	2.164094	-2.991358	131	129	125	671.386
-1.832596	1.998705	2.370472	1	108	137	671.363
-2.617994	0.906588	1.252948	24	122	143	671.347
0.261799	1.413430	2.550734	16	128	126	671.326
-2.356194	1.510910	-0.740472	15	129	133	671.155
0.523599	1.732874	-0.951685	136	132	30	671.134
0.785398	2.073035	2.027405	122	5	17	671.113
1.570796	2.455966	-0.641220	13	121	14	671.052
0.523599	0.864993	2.278281	11	128	139	670.710
1.832596	0.866955	-0.931351	140	142	125	670.617
-2.356194	1.014500	0.906702	26	123	143	670.586
0.523599	2.356369	3.005869	11	12	137	670.443
