112	1.2	0
-2.617994	1.554776	0.100351
-0.631839	2.348550	0.171032
../6s44_monomer_m.pdb	-305.353	125.278	185.491
../6s44_monomer_m.pdb	223.533	160.777	261.895
-2.094395	1.050534	3.042579	93	110	103	1026.288
2.879793	1.134497	-1.109631	101	2	99	962.978
-1.832596	0.914445	2.687814	93	111	103	953.824
-1.308997	2.396274	-1.959260	97	105	5	942.434
0.785398	0.640596	-2.797608	101	0	99	931.372
-2.094395	2.704512	1.488683	19	111	96	928.008
2.094395	2.174483	2.653697	101	106	94	921.454
-2.356194	2.349581	-2.702517	96	106	110	909.728
-3.141593	2.164094	-2.991358	97	106	100	901.511
2.356194	2.174483	2.653697	101	105	98	886.063
-2.356194	0.929350	-2.910676	92	110	107	885.794
2.617994	1.617114	-1.572037	99	4	97	884.250
-3.141593	2.033014	2.977192	101	105	100	880.274
-1.308997	2.153910	-1.714959	96	106	9	875.706
-1.570796	2.153910	-1.714959	93	109	9	867.569
-2.094395	2.407836	1.410646	16	1	94	864.312
-2.356194	1.374601	-2.456031	91	110	5	863.341
1.047198	1.168678	2.108595	14	1	93	860.463
-2.356194	2.041297	-2.664597	95	106	0	856.635
0.000000	1.194549	-0.801900	84	16	103	853.335
-1.570796	2.393226	1.857173	16	0	94	850.442
-2.094395	1.218453	2.777284	95	0	100	850.300
1.047198	1.617114	-1.572037	10	5	15	849.031
-1.308997	2.063651	-2.044600	98	105	8	847.076
-2.356194	1.809167	1.213774	100	103	99	837.794
0.000000	0.960688	-0.577532	84	12	99	836.116
-3.141593	2.356369	3.005869	100	104	102	833.835
-1.832596	2.138223	1.678323	14	2	94	832.966
0.261799	1.134497	-1.109631	97	102	108	829.893
-2.094395	2.251330	-2.330739	94	106	3	827.675
2.617994	2.033014	2.977192	101	108	94	822.754
0.785398	1.440580	2.260026	14	89	96	822.730
2.879793	1.948085	-2.363031	94	21	8	819.024
-0.261799	2.187132	-0.479875	94	4	12	816.212
-0.523599	0.080730	-2.622036	101	110	99	814.213
-0.785398	1.504028	0.636812	102	103	103	813.338
2.356194	1.732874	-0.951685	90	13	109	812.553
-2.356194	1.569311	-3.003978	95	108	107	810.178
-1.832596	1.599406	1.426070	99	101	106	808.904
0.000000	1.510910	-0.740472	98	106	103	806.989
2.879793	2.164094	-2.991358	96	108	99	806.229
2.617994	1.836682	-0.676006	3	16	19	804.000
1.570796	1.766067	2.153843	106	100	97	803.548
2.356194	2.033014	2.977192	99	109	94	801.699
2.879793	1.836682	-0.676006	89	6	1	801.580
-2.094395	2.041297	-2.664597	96	105	0	800.228
-1.832596	2.393226	1.857173	18	111	95	798.498
-1.047198	2.456751	-1.503343	95	107	6	795.878
-2.094395	0.733948	3.021411	92	111	106	793.796
-1.832596	1.134796	2.434290	95	1	100	791.193
-0.261799	1.872854	1.543456	110	9	93	790.984
2.356194	1.869911	2.701025	102	108	95	790.820
-1.308997	2.456751	-1.503343	92	110	6	790.751
-2.879793	2.164094	-2.991358	100	104	102	790.639
-2.617994	2.588535	-2.976617	96	106	110	785.033
0.523599	0.640596	-2.797608	99	2	99	784.644
0.000000	1.413430	2.550734	12	90	96	783.876
0.523599	2.108018	1.311430	25	1	100	783.478
2.617994	1.869911	2.701025	104	107	95	782.829
-2.879793	1.134497	-1.109631	1	11	18	782.059
-2.094395	1.756530	-2.105156	92	109	9	781.390
-3.141593	2.295480	1.008277	94	106	100	781.052
0.261799	2.001437	0.381215	88	2	2	780.334
-1.570796	2.396274	-1.959260	95	107	6	779.917
-1.832596	1.872854	1.543456	99	101	107	778.889
-2.617994	1.574060	2.783565	100	3	94	777.681
1.308997	0.866395	-2.492918	22	25	0	777.332
-3.141593	1.658653	-2.409879	92	18	9	776.704
0.261799	1.135813	-2.658866	90	1	103	776.601
2.094395	1.869911	2.701025	100	109	95	776.376
-0.261799	0.960688	-0.577532	86	15	100	776.061
-1.832596	1.256302	0.062705	4	11	88	775.578
2.094395	1.998705	2.370472	104	105	95	775.476
0.785398	1.301460	-0.509251	104	110	18	774.756
0.785398	1.617114	-1.572037	9	7	16	773.493
1.832596	0.906588	1.252948	20	92	105	773.011
-2.356194	1.391910	3.030322	96	109	100	772.555
-1.308997	2.180315	-1.357379	91	0	10	772.473
0.261799	1.812176	0.656819	87	3	0	772.457
0.261799	1.256302	0.062705	98	106	16	771.920
-1.832596	2.251330	-2.330739	97	104	3	771.440
2.617994	2.356369	3.005869	97	105	100	770.404
-0.785398	1.824694	1.850876	8	10	92	769.513
2.617994	1.045978	0.343692	92	2	1	768.798
1.047198	2.343981	-1.040456	90	103	5	767.498
-3.141593	1.870545	-2.976234	96	109	98	766.608
2.617994	0.203748	0.590255	101	109	102	766.048
-2.879793	1.736875	3.023612	99	111	96	765.411
1.308997	1.310100	1.488307	94	111	102	764.355
-0.261799	1.218453	2.777284	13	90	99	764.144
-0.523599	2.343981	-1.040456	96	106	8	763.022
0.785398	1.977582	0.969896	20	97	102	762.653
2.617994	2.164094	-2.991358	96	109	95	762.502
0.000000	2.379497	0.561089	91	109	13	762.346
-0.261799	2.104282	-0.813972	95	0	12	762.296
-2.094395	2.089241	-0.114193	6	27	0	761.805
-2.356194	1.599406	1.426070	98	102	101	761.261
0.000000	1.875281	0.107086	11	12	90	760.755
-3.141593	1.417623	-0.202254	93	0	5	759.789
2.879793	1.433411	-1.035986	100	111	100	759.699
2.617994	2.174483	2.653697	103	104	98	759.632
-0.261799	2.455966	-0.641220	95	111	11	758.442
-1.047198	0.290380	-0.796960	18	21	4	758.117
-2.356194	1.128190	-2.288622	91	109	8	757.681
1.047198	1.732874	-0.951685	86	105	111	757.548
-2.879793	1.135813	-2.658866	93	2	99	757.405
-1.570796	2.063651	-2.044600	95	107	8	756.619
1.047198	0.080730	-2.622036	19	19	12	756.461
-0.523599	0.899350	-2.069907	86	2	106	755.667
0.261799	0.866955	-0.931351	82	10	103	754.862
-1.570796	0.458961	-0.107937	13	24	5	754.461
-0.523599	2.187132	-0.479875	93	6	12	754.446
-1.308997	1.195355	1.200319	102	98	0	753.678
2.879793	0.850607	-1.335383	4	9	18	753.438
-2.617994	1.736875	3.023612	97	0	97	752.256
-2.356194	1.948085	-2.363031	93	108	2	752.068
-2.356194	1.242974	-2.977882	95	106	105	752.035
0.785398	1.134796	2.434290	18	88	99	751.653
-2.617994	1.699788	2.452890	104	3	93	751.554
-2.356194	1.574060	2.783565	100	110	97	751.550
-2.094395	2.579248	-2.364801	96	104	1	750.634
2.879793	2.356369	3.005869	100	102	103	750.472
-2.356194	1.554776	0.100351	111	16	24	750.426
0.000000	1.301460	-0.509251	104	109	20	749.584
-2.094395	1.335669	0.897240	111	108	86	748.954
1.308997	1.168678	2.108595	93	0	4	748.771
0.523599	1.870545	-2.976234	95	101	110	748.410
1.570796	1.599406	1.426070	24	95	103	748.156
-3.141593	1.325504	-1.671296	16	22	3	748.012
-0.261799	2.379497	0.561089	88	111	12	747.843
-0.785398	0.290380	-0.796960	17	23	4	746.951
-0.261799	0.762244	-0.273349	89	7	94	746.096
0.523599	1.812176	0.656819	89	1	0	745.397
1.308997	1.135813	-2.658866	23	24	108	744.867
0.261799	1.554776	0.100351	99	102	14	744.517
-0.261799	1.555207	1.708892	109	6	93	743.836
-1.832596	1.809167	1.213774	100	101	103	743.727
-2.617994	1.569311	-3.003978	94	110	103	743.564
-2.094395	2.881233	-2.582574	97	105	0	743.562
1.047198	2.881233	-2.582574	89	12	4	742.514
-2.094395	2.138223	1.678323	19	7	95	742.240
1.047198	2.104282	-0.813972	87	103	1	742.232
-1.570796	2.456751	-1.503343	92	111	9	741.850
0.785398	2.588535	-2.976617	19	101	101	741.592
-0.523599	2.455966	-0.641220	93	3	11	740.627
2.094395	1.824694	1.850876	17	9	92	739.902
0.261799	1.134796	2.434290	14	90	98	739.855
2.094395	0.674054	1.013609	21	93	109	739.772
-1.047198	2.719179	-1.780644	97	105	3	739.748
0.523599	1.168678	2.108595	13	91	98	739.441
0.261799	1.367556	0.358405	96	104	13	737.991
-1.832596	2.063651	-2.044600	92	111	8	737.925
-2.617994	1.766067	2.153843	20	111	94	737.797
-2.617994	1.128190	-2.288622	90	1	8	737.650
1.570796	1.195355	1.200319	94	108	103	737.585
-2.617994	1.506530	1.988858	20	2	96	737.543
-1.832596	2.579248	-2.364801	98	103	1	737.325
1.570796	1.247695	1.809890	22	95	100	737.030
-1.308997	0.496451	0.593859	93	2	91	736.941
0.261799	1.374601	-2.456031	91	1	100	736.336
-2.879793	2.592629	0.909713	23	111	99	736.322
-2.356194	2.164094	-2.991358	96	106	106	736.134
0.785398	1.488617	1.159546	91	111	107	735.920
0.000000	0.615174	-0.666022	84	9	97	734.799
-3.141593	1.606104	-0.451151	92	1	0	734.772
0.000000	1.574060	2.783565	15	92	96	734.613
-2.356194	1.050534	3.042579	96	109	101	734.143
2.356194	2.299159	2.264663	104	102	99	732.340
-3.141593	1.506530	1.988858	24	108	97	732.335
-1.047198	2.180315	-1.357379	93	109	9	732.272
1.308997	1.510910	-0.740472	0	110	18	731.819
-1.832596	0.458961	-0.107937	17	23	3	731.660
2.356194	1.014500	0.906702	21	94	107	730.478
-2.617994	1.998705	2.370472	108	0	92	730.380
1.047198	1.809167	1.213774	103	93	1	730.274
2.356194	0.419640	2.974122	6	7	91	729.762
2.617994	1.448123	-2.163292	95	22	12	729.598
-2.094395	2.349581	-2.702517	97	105	0	729.267
-1.832596	2.396274	-1.959260	96	105	8	728.062
-2.356194	2.704512	1.488683	21	109	96	727.560
-3.141593	2.041297	-2.664597	94	109	100	727.392
-0.785398	2.456751	-1.503343	97	105	6	727.379
-0.523599	0.458961	-0.107937	88	5	94	727.121
-2.094395	1.554776	0.100351	111	12	24	726.734
-2.879793	1.450119	-2.739050	97	0	94	726.083
-2.094395	1.736875	3.023612	97	106	104	725.811
1.308997	1.555207	1.708892	94	1	100	725.644
-2.356194	2.108018	1.311430	100	101	101	725.458
0.523599	1.569311	-3.003978	94	102	1	725.046
0.785398	1.732874	-0.951685	85	109	111	724.471
-1.047198	2.153910	-1.714959	99	104	9	723.616
-3.141593	1.374601	-2.456031	92	1	100	723.385
-2.094395	1.135813	-2.658866	92	108	4	723.285
1.047198	0.864993	2.278281	17	1	94	722.365
0.261799	2.104282	-0.813972	85	10	108	722.307
-2.879793	1.374601	-2.456031	92	0	99	721.962
-2.617994	2.108018	1.311430	96	101	104	721.831
1.570796	2.073035	2.027405	103	97	102	721.395
-1.832596	2.073035	2.027405	17	4	93	721.094
-1.570796	0.762244	-0.273349	15	23	5	720.814
0.261799	1.875281	0.107086	89	2	5	720.750
0.785398	0.866395	-2.492918	18	20	5	720.707
0.523599	1.310100	1.488307	89	1	103	720.669
-1.047198	0.850607	-1.335383	101	96	6	720.364
0.523599	2.379497	0.561089	105	92	106	719.212
-2.356194	0.992645	-1.723759	86	110	100	718.709
-1.308997	1.168678	2.108595	111	16	93	717.920
1.308997	1.325504	-1.671296	8	8	16	717.810
0.523599	1.134796	2.434290	15	86	99	717.389
2.879793	2.033014	2.977192	99	107	98	717.302
-2.879793	2.356369	3.005869	101	103	102	717.263
1.308997	0.733948	3.021411	104	1	95	717.256
1.047198	1.510910	-0.740472	111	108	18	717.138
-1.308997	0.618092	2.539118	89	109	109	717.101
0.261799	2.063651	-2.044600	90	2	14	716.709
-2.617994	2.407836	1.410646	22	111	96	716.259
2.356194	1.998705	2.370472	105	105	96	715.720
-1.570796	2.033014	2.977192	99	108	16	715.663
-1.570796	0.864993	2.278281	98	0	15	714.725
-1.832596	1.310100	1.488307	99	101	107	713.996
-2.094395	2.063651	-2.044600	94	106	6	713.879
1.570796	1.450119	-2.739050	19	26	104	713.738
2.094395	1.872854	1.543456	18	7	93	713.626
0.785398	1.809167	1.213774	98	95	109	713.521
-1.308997	2.637879	2.121598	20	110	96	713.429
0.785398	1.846342	-1.796954	21	13	9	712.968
0.785398	1.662363	0.915448	91	111	110	712.776
-3.141593	1.510910	-0.740472	92	1	107	712.092
-2.094395	0.992645	-1.723759	89	104	102	711.694
-2.356194	1.904882	-1.478089	85	14	9	711.495
0.523599	1.741644	-2.695914	96	100	107	711.128
2.879793	2.664082	-1.071402	99	106	95	710.516
2.617994	1.756530	-2.105156	97	23	11	709.893
1.047198	1.325504	-1.671296	8	6	16	709.443
0.261799	1.909857	-0.381669	108	99	14	709.166
0.261799	1.948085	-2.363031	89	104	103	709.066
-0.261799	1.335669	0.897240	17	13	13	708.977
1.047198	1.599406	1.426070	103	92	109	708.752
-2.094395	1.948085	-2.363031	93	107	5	707.753
2.356194	2.979456	-1.009304	90	15	6	707.258
-0.785398	2.343981	-1.040456	93	109	9	707.117
-2.879793	1.870545	-2.976234	97	107	100	707.047
-2.617994	1.870545	-2.976234	97	106	105	706.996
-0.261799	1.574060	2.783565	14	93	97	706.987
-2.617994	1.658653	-2.409879	97	0	89	706.772
-2.356194	2.579248	-2.364801	95	106	5	706.610
2.879793	1.870545	-2.976234	97	109	97	706.166
2.879793	1.606104	-0.451151	91	3	1	705.855
0.785398	2.108018	1.311430	96	97	105	704.768
-1.570796	2.138223	1.678323	14	7	93	704.493
2.879793	1.417623	-0.202254	92	2	3	704.260
0.523599	1.721184	-0.153948	104	102	13	703.976
2.617994	0.700570	1.559208	27	104	104	703.823
-2.879793	1.574060	2.783565	100	4	94	703.711
2.094395	1.756530	-2.105156	98	111	102	703.000
0.785398	2.724429	-0.348782	99	10	94	702.915
-1.570796	2.356369	3.005869	96	108	16	702.690
2.879793	1.569311	-3.003978	98	0	95	702.662
-1.570796	1.809167	1.213774	103	100	103	702.525
0.261799	1.741644	-2.695914	90	103	108	702.444
-3.141593	2.588535	-2.976617	99	100	106	702.224
0.261799	1.836682	-0.676006	101	111	92	702.167
1.308997	1.617114	-1.572037	10	6	16	702.119
-2.617994	2.164094	-2.991358	95	108	106	701.436
0.000000	1.134796	2.434290	11	89	98	701.231
-2.879793	2.251330	-2.330739	92	105	107	701.075
0.523599	1.374601	-2.456031	96	102	103	700.946
-0.261799	0.458961	-0.107937	89	1	94	700.165
-0.523599	2.174483	2.653697	15	101	94	699.897
1.047198	1.301460	-0.509251	104	109	17	698.955
-1.308997	0.379747	-1.713059	103	110	98	698.466
-2.617994	0.866395	-2.492918	106	91	0	698.441
2.879793	2.104282	-0.813972	88	8	111	698.271
0.000000	1.218453	2.777284	15	89	99	698.104
0.785398	1.741644	-2.695914	95	106	100	697.878
-0.523599	1.045978	0.343692	99	104	108	697.706
0.785398	1.113094	-0.272241	104	106	18	696.940
-1.047198	1.872854	1.543456	5	11	92	696.413
-2.094395	2.108018	1.311430	103	101	101	696.203
0.261799	2.379497	0.561089	95	105	14	696.100
-0.261799	0.370812	-2.547742	5	16	14	696.031
1.570796	1.310100	1.488307	21	3	97	695.999
-2.356194	1.448123	-2.163292	91	109	8	695.894
-0.261799	1.617114	-1.572037	3	104	17	695.873
-2.356194	2.407836	1.410646	19	0	95	695.665
0.261799	1.824694	1.850876	2	5	91	695.641
-0.523599	2.637879	2.121598	94	109	100	695.243
-2.617994	0.685216	-1.712745	102	10	96	695.200
2.617994	1.736875	3.023612	102	109	93	695.006
0.261799	1.417623	-0.202254	90	8	10	694.999
-2.094395	1.809167	1.213774	103	101	99	694.869
-3.141593	1.128190	-2.288622	90	4	101	694.853
-2.617994	1.135813	-2.658866	104	93	0	694.765
1.308997	2.393226	1.857173	100	96	104	694.632
1.570796	1.741644	-2.695914	15	26	106	694.605
0.523599	1.836682	-0.676006	102	111	92	694.187
-2.879793	1.448123	-2.163292	89	6	8	694.141
0.785398	0.618092	2.539118	100	0	96	693.924
-1.047198	2.393226	1.857173	92	111	103	693.839
0.261799	1.721184	-0.153948	90	6	9	693.554
-2.356194	1.741644	-2.695914	94	107	111	693.152
-1.832596	1.301460	-0.509251	5	20	15	692.809
-2.879793	1.658653	-2.409879	90	15	9	692.798
-2.617994	1.977582	0.969896	94	104	102	692.766
-0.785398	2.664082	-1.071402	93	108	5	692.717
1.308997	2.592629	0.909713	6	11	93	692.371
0.000000	1.256302	0.062705	96	107	16	692.144
0.785398	2.379497	0.561089	90	111	1	691.926
2.617994	1.214854	-1.966664	97	23	16	691.794
1.832596	1.998705	2.370472	101	105	95	691.450
-0.261799	1.732874	-0.951685	94	5	13	691.322
2.617994	0.914445	2.687814	0	8	92	691.239
-2.094395	1.872854	1.543456	100	101	105	690.819
0.785398	1.310100	1.488307	92	109	103	690.166
-1.308997	0.850607	-1.335383	87	3	102	690.036
-1.832596	1.335669	0.897240	111	111	85	689.111
-2.879793	2.588535	-2.976617	93	108	109	688.990
-2.094395	0.685216	-1.712745	8	0	16	688.959
-2.094395	1.113094	-0.272241	12	20	13	688.713
0.261799	1.510910	-0.740472	88	7	99	688.622
-1.832596	1.242974	-2.977882	93	106	1	688.355
-2.356194	2.089241	-0.114193	9	28	0	688.148
-1.047198	0.709924	0.218797	94	8	90	688.055
-3.141593	0.762244	-0.273349	93	1	110	687.957
-1.570796	1.184361	0.625864	111	5	84	687.776
-1.308997	1.824694	1.850876	11	6	93	687.710
-2.617994	1.374601	-2.456031	90	1	5	687.677
0.261799	2.592629	0.909713	90	107	8	687.149
0.000000	0.866955	-0.931351	83	14	103	687.068
2.879793	2.478122	2.609777	103	102	100	687.032
1.047198	2.108018	1.311430	92	5	100	686.760
-2.094395	1.599406	1.426070	97	101	107	686.532
-0.523599	2.664082	-1.071402	96	106	4	686.476
-0.261799	1.836682	-0.676006	98	108	99	686.456
1.570796	1.699788	2.452890	107	103	93	686.431
0.523599	1.025536	1.576859	90	111	103	686.428
1.832596	1.247695	1.809890	24	99	99	686.386
1.570796	2.299159	2.264663	101	98	99	685.749
1.570796	1.696674	-1.253233	2	10	90	685.444
0.523599	1.194549	-0.801900	90	0	98	684.775
-0.261799	1.301460	-0.509251	87	19	99	684.634
1.570796	0.297065	2.160177	93	106	111	684.454
-2.617994	1.869911	2.701025	103	110	95	684.203
-2.356194	1.658653	-2.409879	91	111	7	684.118
2.094395	2.299159	2.264663	103	102	98	683.487
-3.141593	1.736875	3.023612	101	107	99	683.438
-0.261799	1.325504	-1.671296	4	107	17	683.400
2.617994	2.478122	2.609777	100	102	106	683.058
-2.879793	1.766067	2.153843	22	110	93	682.956
-2.617994	0.571433	-1.188419	93	6	101	682.901
0.523599	1.450119	-2.739050	94	101	110	682.508
0.785398	1.413430	2.550734	104	97	94	681.943
2.879793	1.617114	-1.572037	101	2	94	681.889
-2.094395	0.914445	2.687814	93	1	103	681.612
1.570796	2.407836	1.410646	94	110	101	681.508
1.832596	2.393226	1.857173	92	111	105	681.418
-0.785398	1.766067	2.153843	10	7	91	681.297
-1.570796	2.637879	2.121598	20	109	96	681.175
-2.879793	1.128190	-2.288622	89	3	101	681.139
-2.356194	2.588535	-2.976617	98	104	109	681.135
2.094395	1.195355	1.200319	21	92	103	680.991
0.523599	0.960688	-0.577532	93	110	94	680.762
-1.570796	1.599406	1.426070	102	99	107	680.586
0.000000	1.045978	0.343692	93	110	16	680.215
-2.617994	0.762244	-0.273349	109	9	27	680.066
-0.785398	2.180315	-1.357379	100	103	11	680.000
-1.832596	1.135813	-2.658866	94	105	4	679.990
1.047198	0.297065	2.160177	100	110	99	679.963
-2.094395	1.374601	-2.456031	93	106	4	679.830
2.879793	0.762244	-0.273349	93	3	106	679.300
0.785398	1.721184	-0.153948	107	101	13	679.298
0.523599	0.850607	-1.335383	81	10	107	679.122
1.570796	1.440580	2.260026	109	102	95	679.106
-1.308997	2.719179	-1.780644	97	105	3	679.066
-1.308997	0.762244	-0.273349	12	22	8	679.047
1.308997	2.349581	-2.702517	98	104	100	678.526
0.261799	2.115563	0.685730	93	108	15	678.504
0.785398	2.104282	-0.813972	84	107	2	678.427
0.523599	1.875281	0.107086	90	1	6	678.258
1.308997	1.599406	1.426070	93	111	102	677.730
1.308997	1.696674	-1.253233	2	11	90	677.716
-2.094395	1.391910	3.030322	96	107	103	677.481
-2.879793	1.977582	0.969896	93	105	100	677.239
-2.356194	0.203748	0.590255	19	24	1	677.229
-0.523599	1.696674	-1.253233	98	2	14	677.118
-0.261799	0.080730	-2.622036	102	109	99	676.993
-0.523599	1.869911	2.701025	14	98	95	676.937
-1.308997	2.984978	1.954446	24	8	100	676.606
-0.785398	0.458961	-0.107937	89	8	93	676.385
-1.047198	1.134796	2.434290	108	10	91	675.992
-3.141593	2.592629	0.909713	22	110	96	675.982
-2.094395	1.658653	-2.409879	93	108	7	675.932
-2.356194	1.510910	-0.740472	8	2	18	675.871
-0.261799	0.619654	-2.216909	86	0	109	675.590
-3.141593	1.135834	-1.431087	16	22	3	675.486
1.308997	1.214854	-1.966664	8	10	16	675.374
1.308997	1.824694	1.850876	103	97	100	675.275
2.617994	1.998705	2.370472	109	107	94	675.263
0.785398	1.194549	-0.801900	90	107	101	675.094
2.617994	1.982574	-1.115518	88	10	107	674.988
-2.356194	2.251330	-2.330739	91	109	3	674.968
0.523599	2.164094	-2.991358	96	99	108	673.986
-0.523599	2.104282	-0.813972	95	4	14	673.585
1.047198	1.135813	-2.658866	98	6	99	673.525
0.261799	1.732874	-0.951685	85	8	108	673.393
-1.570796	1.846342	-1.796954	94	109	12	673.323
-2.617994	0.290380	-0.796960	0	99	98	673.264
-0.523599	0.762244	-0.273349	90	11	94	673.146
0.785398	1.433411	-1.035986	87	109	107	672.928
-0.523599	1.256302	0.062705	99	104	104	672.564
-2.879793	1.413347	-1.339188	14	24	1	672.535
-1.832596	0.992645	-1.723759	89	101	105	672.446
-2.617994	1.440580	2.260026	17	1	93	672.332
1.832596	2.180315	-1.357379	3	18	16	672.309
0.261799	1.433411	-1.035986	111	109	20	672.251
1.308997	1.766067	2.153843	8	6	90	672.194
0.523599	2.115563	0.685730	95	107	15	672.146
-2.356194	1.617114	-1.572037	86	13	11	671.767
0.785398	1.214854	-1.966664	8	13	16	671.651
2.617994	1.510910	-0.740472	0	13	22	671.370
-1.570796	1.195355	1.200319	98	101	109	670.980
1.832596	2.719179	-1.780644	87	11	0	670.925
-2.094395	1.310100	1.488307	96	102	106	670.832
2.879793	1.736875	3.023612	104	109	93	670.734
-2.094395	1.301460	-0.509251	7	20	14	670.640
2.356194	2.356369	3.005869	98	106	93	670.505
0.785398	1.195355	1.200319	89	111	108	670.266
2.617994	0.297065	2.160177	20	26	110	670.246
0.523599	2.455966	-0.641220	100	6	92	670.210
2.617994	2.979456	-1.009304	87	11	4	669.975
-2.094395	1.014500	0.906702	100	107	93	669.593
2.617994	1.325504	-1.671296	102	5	95	669.592
2.879793	2.349581	-2.702517	93	108	100	669.591
0.785398	1.824694	1.850876	1	4	92	669.565
-0.261799	0.866395	-2.492918	108	104	16	669.440
1.308997	1.247695	1.809890	21	4	96	669.419
0.261799	1.683268	0.374177	87	4	4	669.383
0.523599	1.440580	2.260026	13	94	94	669.278
1.570796	1.555207	1.708892	20	4	94	669.198
0.261799	2.033014	2.977192	94	102	110	669.057
0.261799	1.391910	3.030322	10	5	19	668.936
-1.047198	2.343981	-1.040456	91	0	10	668.906
2.879793	1.756530	-2.105156	95	21	12	668.902
0.523599	0.619654	-2.216909	22	14	11	668.800
0.785398	2.881233	-2.582574	90	15	4	668.789
2.879793	0.419640	2.974122	0	19	95	668.786
-1.308997	2.073035	2.027405	13	4	92	668.685
1.570796	1.025536	1.576859	22	94	103	668.469
1.570796	1.658653	-2.409879	18	27	107	668.367
-2.879793	1.301460	-0.509251	94	106	0	668.323
-2.356194	1.417623	-0.202254	10	24	11	668.273
0.261799	1.982574	-1.115518	85	8	111	668.188
2.879793	2.588535	-2.976617	94	104	105	668.098
1.570796	0.419640	2.974122	22	18	8	668.089
1.047198	1.606104	-0.451151	111	105	17	668.083
2.617994	0.496451	0.593859	100	106	103	668.068
-1.570796	0.866955	-0.931351	96	100	11	667.881
-0.523599	1.504028	0.636812	102	104	104	667.669
-1.832596	0.619654	-2.216909	87	108	101	667.542
2.617994	1.433411	-1.035986	111	11	20	667.497
0.261799	1.335669	0.897240	5	16	18	667.374
0.785398	1.658653	-2.409879	97	107	98	667.255
1.308997	0.906588	1.252948	97	103	106	667.023
0.523599	1.433411	-1.035986	6	108	20	666.813
2.094395	1.699788	2.452890	106	107	93	666.789
0.261799	1.450119	-2.739050	89	2	103	666.772
2.879793	1.301460	-0.509251	91	3	110	666.410
-1.308997	0.203748	0.590255	90	0	94	666.220
0.523599	1.977582	0.969896	95	97	0	665.998
0.523599	1.606104	-0.451151	110	101	17	665.580
-1.832596	2.343981	-1.040456	88	14	10	665.539
-2.879793	2.295480	1.008277	97	102	100	665.526
-2.356194	1.310100	1.488307	4	24	98	665.488
0.785398	0.960688	-0.577532	103	1	20	665.338
1.047198	1.506530	1.988858	9	1	92	665.020
0.785398	2.115563	0.685730	97	105	14	664.904
-3.141593	1.741644	-2.695914	95	111	95	664.680
-1.832596	1.194549	-0.801900	5	17	17	664.556
0.000000	1.683268	0.374177	14	10	90	664.385
0.000000	2.001437	0.381215	14	13	91	664.274
-2.356194	2.063651	-2.044600	92	109	6	664.200
-0.785398	2.393226	1.857173	93	108	103	664.195
-1.047198	1.998705	2.370472	8	93	95	663.940
-2.356194	2.180315	-1.357379	85	16	7	663.875
-1.047198	0.203748	0.590255	90	109	94	663.819
2.879793	0.961715	0.014085	93	1	0	663.764
0.523599	1.113094	-0.272241	101	110	19	663.439
-1.047198	0.685216	-1.712745	86	6	104	662.854
-2.094395	2.033014	2.977192	97	108	103	662.780
-1.308997	0.591903	2.010408	89	6	104	662.604
0.523599	1.732874	-0.951685	85	4	107	662.387
-2.356194	1.872854	1.543456	98	100	105	662.342
-1.308997	2.164094	-2.991358	98	0	18	661.993
2.617994	1.870545	-2.976234	98	1	92	661.794
-0.523599	1.218453	2.777284	11	89	99	661.738
1.570796	0.700570	1.559208	97	108	101	661.651
2.617994	2.299159	2.264663	11	13	89	661.527
0.523599	2.592629	0.909713	93	105	9	661.504
1.308997	2.579248	-2.364801	96	107	98	661.335
-2.879793	1.214854	-1.966664	106	94	6	661.044
2.617994	1.732874	-0.951685	3	13	17	660.863
-0.261799	1.391910	3.030322	16	91	101	660.825
0.523599	1.335669	0.897240	94	99	8	660.739
-0.261799	1.413430	2.550734	11	91	97	660.377
-0.523599	2.478122	2.609777	16	97	97	660.297
1.832596	1.555207	1.708892	22	97	98	660.270
1.832596	1.310100	1.488307	23	5	98	660.065
-1.308997	1.599406	1.426070	100	99	110	660.062
0.785398	2.041297	-2.664597	99	98	105	659.725
-1.570796	0.709924	0.218797	11	26	5	659.383
1.047198	0.960688	-0.577532	104	111	20	659.242
-2.356194	1.870545	-2.976234	95	107	104	659.175
2.356194	2.104282	-0.813972	4	17	17	659.114
-1.832596	0.899350	-2.069907	89	104	100	659.031
1.047198	0.618092	2.539118	102	111	95	658.791
0.785398	0.370812	-2.547742	21	16	11	658.782
0.261799	1.194549	-0.801900	89	5	97	658.658
0.523599	1.301460	-0.509251	102	110	17	658.655
-2.356194	1.325504	-1.671296	89	106	100	658.611
-2.094395	1.870545	-2.976234	95	107	107	658.556
-0.261799	1.875281	0.107086	12	11	89	658.470
1.832596	1.904882	-1.478089	16	18	11	658.468
2.617994	2.456751	-1.503343	15	21	6	658.383
2.879793	0.709924	0.218797	92	1	110	658.100
0.261799	2.187132	-0.479875	109	96	12	657.797
1.047198	1.982574	-1.115518	0	15	91	657.487
-1.308997	0.615174	-0.666022	21	17	7	657.346
1.832596	1.413347	-1.339188	7	16	16	657.248
-3.141593	2.863997	0.549740	21	101	101	657.016
-0.523599	1.135813	-2.658866	109	107	17	656.952
-2.356194	2.174483	2.653697	98	111	98	656.925
-2.356194	1.909857	-0.381669	7	26	6	656.867
0.523599	1.824694	1.850876	0	2	91	656.852
2.617994	1.812176	0.656819	21	101	102	656.747
-3.141593	1.488617	1.159546	90	0	97	656.629
-2.356194	1.506530	1.988858	1	20	18	656.625
0.000000	1.824694	1.850876	2	7	91	656.390
-0.261799	1.504028	0.636812	18	11	11	656.106
-3.141593	1.301460	-0.509251	92	2	110	655.498
0.261799	2.108018	1.311430	24	110	100	655.322
0.261799	1.606104	-0.451151	81	9	105	655.164
2.879793	1.135834	-1.431087	102	5	95	654.849
0.261799	1.506530	1.988858	111	9	93	654.780
2.356194	1.195355	1.200319	23	96	104	654.624
-2.356194	1.450119	-2.739050	95	105	109	654.567
0.000000	0.080730	-2.622036	92	107	110	654.252
-0.785398	2.299159	2.264663	12	96	96	654.229
-2.094395	1.128190	-2.288622	93	106	8	654.133
1.570796	1.870545	-2.976234	103	102	102	654.027
1.832596	0.418037	1.360082	99	108	101	653.971
-0.261799	1.545873	-1.877082	98	108	95	653.780
-2.879793	2.033014	2.977192	100	108	98	653.627
-3.141593	2.174483	2.653697	104	106	96	653.514
0.261799	1.301460	-0.509251	88	4	98	653.476
-2.356194	1.555207	1.708892	4	22	95	653.397
-1.570796	1.998705	2.370472	16	0	92	653.333
1.047198	1.696674	-1.253233	2	11	90	652.931
0.000000	2.115563	0.685730	90	110	15	652.742
-2.356194	1.335669	0.897240	109	106	87	652.684
-0.785398	0.571433	-1.188419	14	15	15	652.675
2.094395	1.256302	0.062705	95	105	3	652.477
2.879793	2.379497	0.561089	94	102	104	652.425
-2.617994	2.349581	-2.702517	94	108	111	652.423
1.308997	0.591903	2.010408	98	110	98	652.170
0.000000	1.909857	-0.381669	91	2	9	651.989
0.785398	0.700570	1.559208	93	107	103	651.893
2.617994	1.545873	-1.877082	98	23	15	651.749
0.523599	1.662363	0.915448	95	97	4	651.559
-0.523599	2.299159	2.264663	13	97	96	651.488
2.094395	0.700570	1.559208	100	104	109	651.422
2.617994	1.417623	-0.202254	18	99	12	651.356
-2.356194	1.545873	-1.877082	91	107	96	651.320
-3.141593	1.569311	-3.003978	100	111	95	651.168
0.261799	0.379747	-1.713059	19	17	14	650.884
-2.879793	0.929350	-2.910676	95	5	97	650.825
2.356194	1.374601	-2.456031	96	26	7	650.752
1.308997	1.417623	-0.202254	109	102	15	650.730
1.047198	1.766067	2.153843	92	9	9	650.666
-0.523599	0.700570	1.559208	96	108	103	650.401
1.832596	1.732874	-0.951685	6	15	19	650.292
-1.832596	2.174483	2.653697	97	105	13	650.204
0.523599	0.866955	-0.931351	90	0	97	650.100
2.879793	2.343981	-1.040456	101	108	92	649.669
0.785398	1.168678	2.108595	14	86	99	649.543
-0.785398	1.367556	0.358405	99	105	104	649.500
2.094395	2.478122	2.609777	95	104	105	649.444
1.047198	0.591903	2.010408	96	0	99	649.415
-1.832596	0.615174	-0.666022	89	111	106	649.328
-2.094395	1.448123	-2.163292	94	106	9	649.190
1.832596	1.195355	1.200319	19	88	103	648.935
0.261799	1.113094	-0.272241	99	111	18	648.849
-2.356194	1.756530	-2.105156	92	109	8	648.718
-1.047198	1.948085	-2.363031	99	105	6	648.531
-2.879793	1.948085	-2.363031	92	107	104	648.256
-2.356194	1.488617	1.159546	106	104	88	648.198
1.308997	1.242974	-2.977882	95	4	100	648.033
1.308997	1.506530	1.988858	95	110	101	647.715
1.047198	0.733948	3.021411	98	1	100	647.577
-0.785398	1.413430	2.550734	111	9	89	647.410
0.785398	0.571433	-1.188419	102	20	19	647.401
2.879793	1.732874	-0.951685	1	14	18	647.380
-0.785398	2.478122	2.609777	15	95	96	647.232
2.879793	0.458961	-0.107937	93	3	106	647.181
-0.785398	0.906588	1.252948	94	111	104	647.118
-1.308997	0.370812	-2.547742	87	107	102	646.935
1.308997	2.407836	1.410646	109	94	97	646.892
-1.570796	0.961715	0.014085	10	24	7	646.805
-0.785398	1.184361	0.625864	100	104	106	646.682
-2.617994	2.724429	-0.348782	97	105	96	646.636
-1.047198	1.218453	2.777284	111	7	89	646.419
0.523599	1.658653	-2.409879	96	102	101	646.387
-1.570796	1.948085	-2.363031	97	106	8	646.303
0.261799	1.504028	0.636812	86	4	2	646.136
1.308997	1.948085	-2.363031	17	25	109	646.078
1.570796	2.251330	-2.330739	101	105	96	645.922
0.000000	2.063651	-2.044600	89	5	13	645.795
-2.356194	1.113094	-0.272241	11	21	12	645.743
1.308997	1.374601	-2.456031	23	24	108	645.632
-1.047198	1.135834	-1.431087	89	1	98	645.627
-2.879793	1.809167	1.213774	92	107	99	645.583
0.785398	1.606104	-0.451151	0	101	16	645.541
-2.094395	1.417623	-0.202254	7	24	12	645.533
1.832596	2.343981	-1.040456	6	15	15	645.530
1.832596	1.014500	0.906702	97	104	107	645.376
1.570796	2.396274	-1.959260	96	109	97	645.334
1.308997	1.335669	0.897240	95	106	108	645.294
2.356194	2.396274	-1.959260	99	104	2	645.205
2.356194	1.128190	-2.288622	95	23	11	645.019
1.308997	2.104282	-0.813972	91	99	1	644.984
-0.523599	1.367556	0.358405	101	104	103	644.974
-0.261799	1.194549	-0.801900	95	13	15	644.741
-1.308997	1.846342	-1.796954	97	107	12	644.561
1.570796	1.998705	2.370472	103	99	96	644.510
2.094395	1.450119	-2.739050	21	15	5	644.098
2.617994	1.846342	-1.796954	99	24	14	644.095
0.261799	0.290380	-0.796960	86	1	97	643.844
2.094395	2.724429	-0.348782	94	102	108	643.799
-0.523599	0.733948	3.021411	87	107	100	643.785
0.000000	0.290380	-0.796960	85	6	97	643.775
0.785398	2.295480	1.008277	90	7	103	643.647
-1.832596	0.591903	2.010408	97	0	13	643.375
1.570796	2.180315	-1.357379	5	17	15	643.229
1.570796	1.184361	0.625864	95	106	109	643.219
-0.261799	0.615174	-0.666022	88	14	93	643.208
2.094395	1.448123	-2.163292	104	105	100	643.181
-2.879793	2.041297	-2.664597	95	105	103	643.072
-2.617994	1.194549	-0.801900	111	14	20	642.988
-3.141593	2.349581	-2.702517	94	104	102	642.960
1.570796	1.904882	-1.478089	111	7	90	642.846
-3.141593	1.135813	-2.658866	93	4	99	642.833
-0.785398	2.174483	2.653697	93	108	105	642.636
2.617994	2.881233	-2.582574	91	104	97	642.516
1.570796	1.809167	1.213774	99	102	5	642.229
2.879793	2.979456	-1.009304	85	9	5	642.081
-0.785398	2.760637	2.781135	24	110	98	641.961
-2.094395	1.824694	1.850876	16	7	94	641.954
-3.141593	1.113094	-0.272241	92	0	2	641.808
0.261799	1.977582	0.969896	23	111	98	641.691
-2.617994	1.247695	1.809890	4	23	96	641.643
0.000000	2.104282	-0.813972	98	4	92	641.635
0.785398	2.592629	0.909713	97	103	10	641.611
-1.047198	1.904882	-1.478089	99	106	14	641.252
1.570796	1.824694	1.850876	17	5	92	641.109
-1.308997	0.458961	-0.107937	11	25	5	641.059
0.261799	1.658653	-2.409879	89	104	105	641.058
1.047198	1.025536	1.576859	96	104	104	640.701
2.617994	2.343981	-1.040456	97	0	94	640.641
2.879793	2.115563	0.685730	26	107	105	640.634
-1.570796	1.824694	1.850876	12	5	92	640.579
-2.879793	1.433411	-1.035986	107	14	21	640.492
0.785398	1.836682	-0.676006	4	102	17	640.450
0.261799	1.247695	1.809890	90	3	100	640.410
0.000000	1.391910	3.030322	18	90	100	639.929
-2.356194	1.135813	-2.658866	91	110	5	639.841
0.785398	0.419640	2.974122	94	105	109	639.720
-1.832596	1.184361	0.625864	110	4	85	639.648
-2.094395	1.195355	1.200319	105	107	86	639.399
1.308997	1.732874	-0.951685	3	0	18	639.381
-2.094395	2.164094	-2.991358	99	104	111	639.373
0.523599	1.736875	3.023612	20	94	99	639.307
-2.094395	0.674054	1.013609	95	111	92	639.219
2.879793	0.203748	0.590255	92	109	111	639.092
1.308997	0.910508	1.903534	95	111	101	638.777
-2.094395	2.174483	2.653697	98	109	101	638.757
0.000000	2.187132	-0.479875	96	0	13	638.677
-2.356194	1.135834	-1.431087	87	107	103	638.562
-0.785398	0.685216	-1.712745	86	2	104	638.560
1.832596	2.456751	-1.503343	89	14	0	638.393
0.261799	2.760637	2.781135	17	101	100	638.386
2.356194	0.297065	2.160177	21	19	10	637.807
1.047198	1.504028	0.636812	14	26	6	637.676
-3.141593	1.256302	0.062705	98	107	6	637.666
-2.094395	0.850607	-1.335383	10	3	17	637.602
1.308997	2.396274	-1.959260	95	111	96	637.531
0.000000	1.836682	-0.676006	100	0	92	637.487
-0.523599	1.872854	1.543456	111	10	93	637.470
0.785398	2.760637	2.781135	14	23	95	636.986
-3.141593	2.115563	0.685730	96	105	97	636.811
1.308997	2.073035	2.027405	101	97	102	636.710
-1.832596	2.704512	1.488683	19	0	96	636.639
0.261799	1.310100	1.488307	87	4	104	636.498
-1.570796	0.290380	-0.796960	17	20	5	636.455
0.523599	2.089241	-0.114193	107	95	9	636.432
1.047198	1.194549	-0.801900	109	111	19	636.404
0.523599	2.001437	0.381215	105	21	93	636.377
1.308997	1.050534	3.042579	96	3	99	636.232
-1.570796	1.194549	-0.801900	5	16	17	635.924
0.523599	1.134497	-1.109631	4	111	21	635.910
0.785398	1.872854	1.543456	96	97	103	635.908
-0.261799	0.379747	-1.713059	18	19	7	635.598
-1.047198	1.025536	1.576859	103	103	101	635.538
0.261799	1.413430	2.550734	14	91	96	635.404
-2.094395	1.214854	-1.966664	91	106	97	635.257
-2.617994	1.450119	-2.739050	92	109	109	635.029
-2.879793	0.615174	-0.666022	93	3	104	634.899
-1.570796	0.496451	0.593859	93	4	91	634.898
-0.785398	1.683268	0.374177	103	102	99	634.812
-1.308997	1.134796	2.434290	0	12	91	634.736
-2.356194	0.674054	1.013609	92	105	105	634.707
0.000000	1.696674	-1.253233	16	2	16	634.634
-2.879793	2.349581	-2.702517	96	102	104	634.453
-1.832596	0.419640	2.974122	91	108	2	634.433
-2.094395	1.875281	0.107086	7	28	111	634.414
-2.879793	1.617114	-1.572037	6	15	90	634.411
-2.094395	1.325504	-1.671296	89	103	101	634.383
0.523599	1.417623	-0.202254	103	104	17	634.141
-2.617994	2.455966	-0.641220	9	27	111	634.098
1.047198	1.948085	-2.363031	97	106	99	634.086
-2.879793	1.732874	-0.951685	108	17	19	633.848
-2.617994	1.448123	-2.163292	91	0	8	633.802
-0.261799	2.115563	0.685730	87	2	15	633.698
2.356194	1.904882	-1.478089	95	10	97	633.684
2.617994	2.379497	0.561089	91	104	104	633.619
1.570796	1.982574	-1.115518	7	13	17	633.473
-1.832596	1.617114	-1.572037	8	96	94	633.298
2.617994	2.760637	2.781135	98	100	109	633.245
1.832596	1.756530	-2.105156	106	108	93	633.025
-1.570796	2.579248	-2.364801	99	103	2	632.955
-2.879793	1.741644	-2.695914	94	110	100	632.892
0.000000	1.367556	0.358405	93	106	12	632.381
1.047198	1.433411	-1.035986	86	107	106	632.279
-1.308997	0.864993	2.278281	108	16	93	632.260
-2.879793	1.869911	2.701025	101	0	95	632.219
1.832596	2.299159	2.264663	100	101	98	632.180
1.047198	1.448123	-2.163292	15	21	8	632.076
-2.094395	0.203748	0.590255	17	25	2	632.023
2.879793	1.696674	-1.253233	106	15	91	631.917
-2.617994	0.080730	-2.622036	96	108	13	631.859
-0.785398	2.637879	2.121598	93	111	100	631.778
-0.523599	1.184361	0.625864	101	104	107	631.700
-0.785398	1.194549	-0.801900	94	14	14	631.625
1.047198	1.741644	-2.695914	97	105	100	631.577
-2.094395	2.396274	-1.959260	88	7	5	631.451
-1.570796	2.719179	-1.780644	98	103	7	631.450
-0.523599	0.992645	-1.723759	9	106	18	631.297
-3.141593	1.450119	-2.739050	94	0	98	631.202
-1.570796	1.168678	2.108595	96	109	13	631.158
-1.832596	1.325504	-1.671296	91	100	102	631.146
2.617994	2.664082	-1.071402	95	109	96	631.084
-0.523599	1.488617	1.159546	92	104	110	631.059
1.832596	1.184361	0.625864	97	104	109	630.895
2.356194	0.370812	-2.547742	98	26	14	630.819
-3.141593	1.242974	-2.977882	95	7	96	630.637
2.094395	2.396274	-1.959260	14	24	3	630.498
-2.356194	0.290380	-0.796960	103	110	98	630.210
0.261799	2.407836	1.410646	23	110	98	630.107
1.047198	0.571433	-1.188419	101	18	21	629.999
-1.047198	0.910508	1.903534	108	100	98	629.542
-2.617994	0.203748	0.590255	17	20	10	629.537
-2.879793	1.440580	2.260026	19	111	93	629.392
0.261799	1.870545	-2.976234	91	104	109	629.333
-0.523599	2.979456	-1.009304	105	94	109	629.267
-1.832596	1.721184	-0.153948	6	20	14	629.097
0.000000	1.374601	-2.456031	87	108	106	629.087
-2.617994	1.756530	-2.105156	94	110	91	628.952
2.617994	1.014500	0.906702	23	98	108	628.938
-2.879793	1.113094	-0.272241	95	104	4	628.764
-0.785398	2.104282	-0.813972	94	6	14	628.616
-2.617994	0.674054	1.013609	90	107	105	628.409
0.000000	2.724429	-0.348782	89	4	110	628.365
-1.308997	1.488617	1.159546	100	102	105	628.021
-2.094395	1.869911	2.701025	96	111	102	628.018
-2.356194	1.869911	2.701025	103	0	92	627.984
1.308997	2.299159	2.264663	98	99	99	627.871
-1.832596	1.113094	-0.272241	12	20	11	627.841
-1.832596	1.195355	1.200319	107	107	85	627.698
-0.523599	0.960688	-0.577532	95	18	14	627.533
1.570796	0.929350	-2.910676	22	25	107	627.518
-1.570796	1.134796	2.434290	95	110	100	627.485
-1.308997	1.135834	-1.431087	6	8	17	627.288
0.785398	0.080730	-2.622036	21	22	2	627.285
1.308997	1.413347	-1.339188	15	9	16	627.144
-1.832596	2.760637	2.781135	88	10	104	626.894
-2.617994	1.909857	-0.381669	11	27	4	626.836
2.356194	1.433411	-1.035986	14	12	17	626.563
0.523599	1.554776	0.100351	92	13	90	626.552
1.308997	1.872854	1.543456	92	0	104	626.342
-3.141593	0.615174	-0.666022	91	6	106	626.330
2.356194	1.214854	-1.966664	97	21	15	626.240
2.879793	2.063651	-2.044600	8	26	111	626.172
-2.094395	0.458961	-0.107937	18	22	3	626.154
-2.879793	2.001437	0.381215	99	5	16	626.143
1.570796	0.370812	-2.547742	5	11	91	626.102
-2.094395	0.762244	-0.273349	89	109	107	626.030
-1.570796	1.325504	-1.671296	96	98	101	625.944
2.356194	2.164094	-2.991358	97	0	91	625.725
-2.356194	0.685216	-1.712745	85	111	102	625.637
-2.094395	1.135834	-1.431087	89	102	106	625.626
0.261799	1.569311	-3.003978	91	104	1	625.487
2.094395	0.080730	-2.622036	86	108	100	625.479
-1.047198	0.370812	-2.547742	89	104	102	625.429
0.000000	1.658653	-2.409879	87	108	105	625.146
-2.617994	1.555207	1.708892	6	22	95	625.121
-0.261799	1.699788	2.452890	11	94	94	624.897
2.094395	1.599406	1.426070	20	7	95	624.850
1.047198	2.295480	1.008277	103	94	110	624.718
2.879793	1.510910	-0.740472	88	5	111	624.443
-2.617994	1.606104	-0.451151	3	7	20	624.331
2.356194	0.899350	-2.069907	96	20	16	624.249
1.308997	1.569311	-3.003978	111	9	22	624.126
0.261799	0.640596	-2.797608	91	109	106	624.057
1.308997	1.504028	0.636812	20	100	103	623.990
-0.785398	2.033014	2.977192	18	99	98	623.920
-1.832596	0.961715	0.014085	12	24	8	623.857
2.356194	2.343981	-1.040456	95	2	94	623.819
-0.785398	1.242974	-2.977882	98	105	9	623.775
0.785398	0.619654	-2.216909	20	18	11	623.755
0.261799	2.724429	-0.348782	108	91	108	623.387
2.617994	1.128190	-2.288622	97	23	14	623.258
1.308997	1.025536	1.576859	15	88	100	623.070
0.523599	0.864993	2.278281	20	95	104	623.053
-2.617994	1.134497	-1.109631	1	12	18	623.041
-1.047198	2.637879	2.121598	19	111	96	622.943
1.047198	1.242974	-2.977882	96	3	100	622.872
-2.356194	1.134497	-1.109631	3	12	18	622.789
0.523599	1.510910	-0.740472	103	107	92	622.641
0.785398	1.510910	-0.740472	99	108	94	622.421
0.523599	1.413347	-1.339188	8	110	19	622.244
-0.523599	0.685216	-1.712745	10	109	18	622.102
0.000000	1.982574	-1.115518	85	11	111	622.057
-1.047198	0.496451	0.593859	94	111	91	621.985
-2.094395	0.899350	-2.069907	88	111	97	621.983
0.785398	0.762244	-0.273349	100	110	19	621.898
1.047198	0.910508	1.903534	22	95	104	621.894
0.523599	0.866395	-2.492918	102	2	97	621.850
-1.308997	0.290380	-0.796960	16	17	14	621.694
1.308997	0.297065	2.160177	8	111	19	621.628
-2.356194	2.033014	2.977192	96	109	102	621.233
-2.356194	1.736875	3.023612	97	108	100	621.140
1.832596	1.948085	-2.363031	19	103	94	621.056
1.832596	1.870545	-2.976234	93	109	4	620.987
1.308997	1.870545	-2.976234	108	2	85	620.948
-2.879793	0.866395	-2.492918	90	5	101	620.886
0.785398	2.356369	3.005869	100	98	110	620.638
1.047198	1.417623	-0.202254	107	103	15	620.624
-2.094395	1.504028	0.636812	3	111	87	620.309
1.308997	1.195355	1.200319	93	110	103	620.240
0.523599	1.135813	-2.658866	96	102	106	620.229
2.094395	0.618092	2.539118	23	24	105	620.223
-0.785398	1.256302	0.062705	104	8	89	620.218
-1.570796	0.899350	-2.069907	91	101	101	620.216
-1.308997	0.619654	-2.216909	90	100	106	620.159
1.047198	1.736875	3.023612	108	107	86	620.144
2.879793	1.450119	-2.739050	96	2	95	620.025
0.523599	1.195355	1.200319	88	1	108	620.013
-1.570796	0.370812	-2.547742	87	108	103	619.909
0.785398	2.349581	-2.702517	95	103	102	619.838
-2.094395	0.831641	0.616218	95	6	92	619.727
0.261799	2.089241	-0.114193	104	96	9	619.521
-2.879793	1.391910	3.030322	8	19	87	619.462
-0.261799	1.113094	-0.272241	100	104	96	619.371
0.261799	1.025536	1.576859	89	2	104	619.310
2.879793	1.982574	-1.115518	90	3	105	619.280
1.832596	0.419640	2.974122	87	11	95	619.242
-1.570796	1.555207	1.708892	102	99	109	619.129
1.570796	0.866395	-2.492918	8	4	15	618.988
-1.832596	1.662363	0.915448	110	27	105	618.973
2.094395	2.456751	-1.503343	97	110	95	618.972
-1.047198	1.504028	0.636812	98	104	104	618.869
0.785398	0.864993	2.278281	18	93	99	618.771
2.356194	2.478122	2.609777	99	104	99	618.546
-1.047198	2.174483	2.653697	91	111	105	618.390
-1.308997	2.455966	-0.641220	88	14	8	618.360
0.000000	1.025536	1.576859	87	6	104	618.232
-2.356194	1.699788	2.452890	104	3	93	617.889
0.000000	2.760637	2.781135	89	14	5	617.866
2.879793	0.080730	-2.622036	9	10	19	617.812
2.094395	2.592629	0.909713	2	15	93	617.786
2.879793	1.391910	3.030322	102	1	94	617.780
-0.785398	1.218453	2.777284	110	5	89	617.673
-1.832596	1.247695	1.809890	106	99	91	617.525
-1.308997	1.998705	2.370472	15	0	92	617.378
-1.832596	2.033014	2.977192	97	107	102	617.255
1.308997	0.674054	1.013609	94	107	105	617.163
0.000000	0.370812	-2.547742	93	105	108	617.136
2.879793	0.496451	0.593859	99	99	3	617.115
0.785398	0.906588	1.252948	90	110	107	617.068
2.356194	1.658653	-2.409879	96	26	6	616.962
-1.570796	2.299159	2.264663	91	2	103	616.959
0.785398	1.417623	-0.202254	105	103	16	616.949
-0.785398	1.617114	-1.572037	109	102	17	616.842
2.879793	2.592629	0.909713	92	107	103	616.835
0.000000	1.433411	-1.035986	109	108	20	616.777
1.832596	1.413430	2.550734	97	108	99	616.765
0.261799	1.440580	2.260026	14	100	95	616.719
1.308997	1.736875	3.023612	109	108	86	616.698
-1.570796	1.756530	-2.105156	97	107	11	616.619
-1.832596	0.929350	-2.910676	107	104	14	616.312
-1.832596	2.407836	1.410646	16	2	94	616.287
-0.785398	1.168678	2.108595	108	16	93	616.241
1.047198	1.310100	1.488307	93	108	103	616.158
-1.832596	1.450119	-2.739050	93	105	0	616.099
1.047198	2.456751	-1.503343	23	26	111	615.966
-1.832596	1.824694	1.850876	15	9	93	615.964
-1.570796	1.391910	3.030322	105	9	86	615.797
-1.570796	0.910508	1.903534	96	110	11	615.782
2.094395	1.904882	-1.478089	6	23	12	615.717
-2.356194	0.906588	1.252948	96	109	93	615.506
2.356194	1.824694	1.850876	16	10	92	615.498
-1.570796	0.203748	0.590255	90	3	94	615.452
2.617994	0.831641	0.616218	22	96	0	615.228
0.523599	2.724429	-0.348782	101	11	94	615.208
0.785398	0.591903	2.010408	20	93	107	615.179
-2.617994	2.251330	-2.330739	94	102	104	615.100
1.570796	0.674054	1.013609	96	106	105	614.957
-0.785398	0.700570	1.559208	17	18	12	614.880
1.047198	0.370812	-2.547742	22	23	2	614.795
-0.523599	1.374601	-2.456031	104	104	13	614.750
2.879793	0.674054	1.013609	88	1	107	614.704
-0.261799	0.992645	-1.723759	98	103	98	614.647
-1.047198	2.760637	2.781135	16	99	92	614.623
-0.785398	1.045978	0.343692	104	3	88	614.530
-2.356194	0.297065	2.160177	90	103	106	614.459
0.000000	1.555207	1.708892	111	4	93	614.142
-1.832596	0.864993	2.278281	96	1	13	614.119
-1.832596	1.948085	-2.363031	95	104	4	614.013
-2.356194	1.977582	0.969896	104	103	96	613.530
0.261799	0.899350	-2.069907	14	4	14	613.519
-1.832596	0.866955	-0.931351	94	100	12	613.462
2.879793	2.579248	-2.364801	92	108	94	613.344
-0.785398	1.025536	1.576859	96	109	102	613.329
2.879793	1.128190	-2.288622	90	6	101	613.287
1.570796	0.906588	1.252948	97	106	104	613.274
2.356194	1.448123	-2.163292	98	24	12	613.242
-0.261799	1.510910	-0.740472	94	11	14	612.999
-0.523599	1.569311	-3.003978	17	90	103	612.955
1.308997	2.153910	-1.714959	5	20	15	612.856
1.308997	1.448123	-2.163292	2	110	92	612.855
-0.523599	0.419640	2.974122	87	107	102	612.824
-2.094395	2.187132	-0.479875	87	107	11	612.709
-2.356194	1.413347	-1.339188	88	105	105	612.612
0.785398	1.128190	-2.288622	17	20	6	612.574
-1.047198	1.982574	-1.115518	19	103	95	612.544
2.356194	0.733948	3.021411	111	11	92	612.502
1.570796	2.393226	1.857173	101	98	108	612.231
-2.617994	1.809167	1.213774	97	103	99	612.061
-1.832596	2.881233	-2.582574	97	104	1	612.059
-2.879793	0.418037	1.360082	19	27	111	611.930
-2.879793	1.699788	2.452890	104	4	93	611.893
0.523599	2.187132	-0.479875	102	4	91	611.872
0.523599	0.899350	-2.069907	2	14	94	611.866
-2.356194	0.379747	-1.713059	100	9	97	611.851
0.000000	2.478122	2.609777	92	104	107	611.727
1.308997	1.433411	-1.035986	89	103	106	611.594
-0.261799	2.138223	1.678323	1	12	92	611.410
1.308997	0.640596	-2.797608	22	24	109	611.332
-0.261799	1.869911	2.701025	14	100	93	611.135
-1.047198	0.831641	0.616218	98	4	86	610.952
-0.261799	1.766067	2.153843	14	97	97	610.875
2.356194	1.756530	-2.105156	99	25	11	610.800
-0.523599	1.982574	-1.115518	96	2	14	610.419
-3.141593	1.134497	-1.109631	15	23	2	610.059
1.570796	2.041297	-2.664597	102	103	99	610.029
-2.879793	0.619654	-2.216909	104	95	7	609.939
2.617994	0.850607	-1.335383	104	8	95	609.881
2.356194	1.335669	0.897240	22	95	106	609.831
-1.832596	1.766067	2.153843	98	102	5	609.716
-2.094395	1.506530	1.988858	0	20	17	609.678
0.261799	1.128190	-2.288622	93	110	99	609.631
0.523599	2.104282	-0.813972	85	10	104	609.624
1.308997	1.450119	-2.739050	21	25	104	609.535
2.879793	1.977582	0.969896	21	102	99	609.409
0.523599	1.135834	-1.431087	81	11	111	609.272
0.000000	1.732874	-0.951685	13	1	18	609.137
0.523599	2.407836	1.410646	24	1	98	609.093
-1.308997	1.134497	-1.109631	89	2	97	609.061
0.785398	0.290380	-0.796960	97	18	20	608.943
0.523599	1.909857	-0.381669	110	99	15	608.809
1.832596	1.599406	1.426070	20	5	95	608.775
0.261799	0.866395	-2.492918	92	110	101	608.710
-3.141593	1.433411	-1.035986	109	15	20	608.675
-1.832596	1.218453	2.777284	95	109	100	608.664
-1.047198	1.824694	1.850876	8	12	92	608.558
-2.617994	1.135834	-1.431087	87	108	104	608.546
0.261799	0.961715	0.014085	97	0	18	608.526
2.356194	1.545873	-1.877082	103	108	97	608.478
0.785398	2.343981	-1.040456	87	106	5	608.334
-1.047198	1.194549	-0.801900	94	16	13	608.300
-1.832596	1.014500	0.906702	105	0	84	608.229
-0.261799	1.128190	-2.288622	86	110	107	608.155
-2.356194	0.571433	-1.188419	88	105	106	607.848
0.523599	1.683268	0.374177	100	100	10	607.825
-0.785398	1.662363	0.915448	101	104	103	607.691
-1.308997	1.218453	2.777284	7	8	89	607.611
1.570796	0.571433	-1.188419	96	15	20	607.426
-0.523599	1.025536	1.576859	97	109	100	607.376
-1.047198	1.168678	2.108595	109	14	93	607.257
1.047198	1.555207	1.708892	100	96	104	607.235
1.047198	1.683268	0.374177	21	21	6	607.124
-0.261799	1.195355	1.200319	15	14	15	607.094
2.617994	0.591903	2.010408	20	22	6	607.072
-1.570796	2.984978	1.954446	19	100	98	607.028
-2.094395	1.367556	0.358405	3	15	24	606.873
0.000000	1.766067	2.153843	13	99	96	606.838
-2.356194	1.301460	-0.509251	16	18	9	606.739
-3.141593	1.413347	-1.339188	15	23	0	606.656
-2.617994	1.488617	1.159546	100	109	89	606.629
2.094395	2.579248	-2.364801	97	109	5	606.356
-0.523599	2.180315	-1.357379	99	104	9	606.328
-2.879793	1.872854	1.543456	12	89	96	606.231
0.000000	0.961715	0.014085	96	0	17	606.183
0.000000	1.741644	-2.695914	87	107	108	606.171
1.570796	1.948085	-2.363031	100	29	111	606.056
1.832596	2.104282	-0.813972	7	12	18	605.968
-2.617994	1.662363	0.915448	93	106	101	605.847
0.261799	0.960688	-0.577532	92	2	94	605.834
-0.261799	0.914445	2.687814	11	87	101	605.775
1.308997	1.488617	1.159546	95	106	106	605.753
2.094395	0.685216	-1.712745	4	14	18	605.488
1.832596	1.574060	2.783565	96	111	97	605.450
0.523599	1.367556	0.358405	22	17	8	605.193
2.617994	1.450119	-2.739050	95	4	95	605.159
0.785398	0.910508	1.903534	19	94	104	605.015
-3.141593	0.960688	-0.577532	95	2	102	605.008
-2.879793	1.506530	1.988858	22	111	96	605.002
1.570796	1.214854	-1.966664	7	12	16	604.995
2.356194	1.488617	1.159546	22	96	103	604.931
-1.570796	1.134497	-1.109631	91	1	98	604.724
2.617994	1.374601	-2.456031	95	23	9	604.723
1.832596	0.674054	1.013609	99	105	105	604.417
0.000000	2.089241	-0.114193	89	1	5	604.326
-3.141593	1.194549	-0.801900	95	0	105	604.306
-2.094395	0.866395	-2.492918	91	107	8	604.271
-1.308997	2.138223	1.678323	13	8	94	604.055
1.047198	1.872854	1.543456	100	96	103	603.953
-0.261799	2.356369	3.005869	18	94	99	603.943
0.000000	1.554776	0.100351	96	104	13	603.709
-1.570796	2.073035	2.027405	15	4	93	603.522
0.785398	1.569311	-3.003978	6	3	85	603.519
-2.879793	2.404280	-0.174044	12	26	7	603.463
1.308997	2.063651	-2.044600	98	109	95	602.972
1.308997	2.251330	-2.330739	96	105	100	602.842
2.094395	1.696674	-1.253233	2	4	18	602.660
1.570796	0.992645	-1.723759	106	22	19	602.660
0.523599	2.587733	0.232235	89	4	107	602.384
-2.094395	1.574060	2.783565	100	108	97	602.373
2.617994	1.574060	2.783565	105	110	93	602.121
1.047198	1.756530	-2.105156	16	19	9	602.082
-0.785398	0.419640	2.974122	85	0	102	602.013
1.832596	0.831641	0.616218	96	106	108	601.918
-1.047198	1.014500	0.906702	102	98	110	601.868
1.047198	1.374601	-2.456031	25	22	108	601.843
-2.094395	2.356369	3.005869	98	107	101	601.719
2.617994	1.875281	0.107086	107	105	91	601.714
1.047198	1.488617	1.159546	94	107	107	601.606
2.356194	1.510910	-0.740472	0	12	23	601.606
2.617994	2.719179	-1.780644	92	22	9	601.459
-1.570796	0.418037	1.360082	96	110	11	601.390
-2.879793	1.242974	-2.977882	97	2	96	601.374
1.047198	1.247695	1.809890	16	93	98	601.191
1.308997	1.809167	1.213774	92	109	106	601.175
0.000000	1.662363	0.915448	106	109	97	601.087
-2.879793	0.866955	-0.931351	103	103	101	601.031
-2.094395	0.591903	2.010408	96	0	13	601.003
-1.047198	1.391910	3.030322	3	5	87	600.824
2.094395	0.591903	2.010408	27	102	103	600.668
2.356194	1.982574	-1.115518	89	13	107	600.629
2.879793	1.741644	-2.695914	94	0	97	600.545
2.879793	2.174483	2.653697	102	105	100	600.457
-2.356194	2.719179	-1.780644	92	101	1	600.452
-1.832596	0.685216	-1.712745	89	100	108	600.448
1.308997	1.977582	0.969896	98	104	9	600.328
-1.047198	2.104282	-0.813972	93	9	14	600.124
1.570796	1.488617	1.159546	93	108	105	600.001
0.261799	2.356369	3.005869	93	103	107	599.980
0.261799	2.295480	1.008277	88	110	10	599.906
-1.047198	1.242974	-2.977882	96	107	9	599.770
-1.047198	2.664082	-1.071402	91	1	8	599.602
1.570796	1.242974	-2.977882	21	25	103	599.602
1.570796	2.579248	-2.364801	97	105	99	599.583
2.094395	1.658653	-2.409879	99	27	6	599.512
-0.523599	0.866955	-0.931351	98	17	15	599.507
1.308997	1.741644	-2.695914	20	25	103	599.457
-2.094395	2.404280	-0.174044	6	27	109	599.367
-2.094395	2.073035	2.027405	9	28	7	599.203
0.261799	0.618092	2.539118	107	104	18	599.086
-0.785398	0.709924	0.218797	92	7	90	599.064
1.832596	1.696674	-1.253233	10	15	16	599.039
-2.617994	1.050534	3.042579	98	4	95	598.933
0.785398	0.866955	-0.931351	91	107	97	598.561
-1.832596	1.135834	-1.431087	92	99	107	598.449
-0.785398	1.128190	-2.288622	2	12	95	598.415
-2.356194	1.824694	1.850876	5	19	92	598.231
-2.356194	2.356369	3.005869	97	105	108	598.165
1.570796	1.872854	1.543456	92	108	108	598.087
1.570796	1.168678	2.108595	95	111	100	597.833
-0.785398	1.869911	2.701025	12	97	94	597.696
2.617994	1.741644	-2.695914	109	12	23	597.523
-2.094395	1.569311	-3.003978	94	107	106	597.497
1.047198	1.413347	-1.339188	7	6	90	597.495
2.879793	1.256302	0.062705	92	0	110	597.254
1.832596	1.982574	-1.115518	8	17	16	597.135
-2.094395	2.180315	-1.357379	88	13	10	597.038
2.617994	2.089241	-0.114193	94	111	97	596.967
1.570796	1.335669	0.897240	94	106	107	596.875
1.832596	2.396274	-1.959260	99	108	96	596.660
0.523599	0.370812	-2.547742	18	20	6	596.582
0.523599	2.063651	-2.044600	91	111	14	596.491
2.356194	0.831641	0.616218	20	93	111	596.427
2.356194	1.696674	-1.253233	5	16	16	596.422
0.785398	1.506530	1.988858	18	4	94	596.317
-1.832596	1.998705	2.370472	7	29	2	596.233
-0.261799	2.033014	2.977192	18	99	96	596.177
-1.832596	0.762244	-0.273349	16	22	4	596.062
-2.356194	0.080730	-2.622036	93	2	99	595.949
-1.832596	0.850607	-1.335383	19	14	11	595.877
1.047198	1.545873	-1.877082	107	104	93	595.868
2.094395	2.138223	1.678323	15	7	92	595.852
2.879793	1.846342	-1.796954	97	22	15	595.844
0.523599	1.696674	-1.253233	10	107	18	595.819
-0.261799	1.417623	-0.202254	100	103	106	595.781
-2.356194	1.014500	0.906702	92	105	103	595.764
-0.261799	0.685216	-1.712745	11	111	18	595.694
2.617994	1.413347	-1.339188	8	12	90	595.686
-2.356194	1.195355	1.200319	97	104	96	595.639
1.570796	0.203748	0.590255	106	105	96	595.587
-2.094395	1.488617	1.159546	97	103	103	595.363
-1.570796	0.850607	-1.335383	87	8	102	595.178
0.785398	1.909857	-0.381669	1	99	15	595.135
0.523599	1.488617	1.159546	89	2	107	595.030
2.356194	2.760637	2.781135	97	100	103	594.914
0.261799	1.413347	-1.339188	2	109	19	594.850
-0.785398	0.619654	-2.216909	2	109	17	594.713
0.785398	1.545873	-1.877082	17	17	11	594.570
1.832596	1.450119	-2.739050	16	28	104	594.539
2.879793	1.448123	-2.163292	95	20	13	594.457
-1.047198	2.299159	2.264663	17	3	93	594.442
1.832596	0.992645	-1.723759	102	21	19	594.225
2.617994	2.041297	-2.664597	11	25	108	594.172
-1.308997	0.906588	1.252948	97	105	7	594.138
2.356194	1.417623	-0.202254	18	97	11	594.124
-0.261799	1.256302	0.062705	103	100	111	594.016
1.308997	2.041297	-2.664597	101	27	107	593.933
-0.523599	0.618092	2.539118	84	3	102	593.779
0.000000	0.899350	-2.069907	96	103	101	593.768
2.356194	2.379497	0.561089	88	106	104	593.667
-1.308997	2.174483	2.653697	90	2	105	593.442
1.047198	1.836682	-0.676006	8	103	17	593.357
-2.879793	1.998705	2.370472	107	0	92	593.302
-0.785398	2.984978	1.954446	86	13	4	593.210
0.261799	1.218453	2.777284	17	88	99	593.138
-2.356194	2.724429	-0.348782	99	104	96	593.112
-2.094395	1.256302	0.062705	10	26	6	593.086
-2.094395	0.418037	1.360082	93	108	92	593.051
-1.570796	1.014500	0.906702	100	1	88	592.935
-0.785398	2.073035	2.027405	92	107	106	592.783
1.047198	1.214854	-1.966664	106	13	96	592.774
2.356194	0.496451	0.593859	14	20	8	592.424
-1.047198	0.615174	-0.666022	16	21	6	592.350
-2.094395	0.709924	0.218797	17	25	0	592.260
-1.047198	0.591903	2.010408	106	98	99	592.125
-1.832596	1.555207	1.708892	99	100	111	592.039
-2.094395	1.450119	-2.739050	91	108	1	592.037
2.356194	1.736875	3.023612	101	110	93	592.021
1.832596	1.545873	-1.877082	109	25	16	591.997
1.047198	1.870545	-2.976234	108	0	85	591.954
-2.356194	0.850607	-1.335383	87	106	105	591.745
-2.617994	1.335669	0.897240	95	106	96	591.690
-1.832596	0.290380	-0.796960	92	107	108	591.665
2.094395	0.864993	2.278281	15	24	107	591.648
-1.832596	0.960688	-0.577532	8	18	16	591.636
-0.523599	1.128190	-2.288622	85	5	106	591.630
2.617994	2.704512	1.488683	13	15	13	591.524
-2.617994	1.683268	0.374177	0	18	24	591.518
-3.141593	1.617114	-1.572037	7	15	90	591.481
-0.785398	1.904882	-1.478089	107	101	14	591.453
1.832596	2.863997	0.549740	87	9	106	591.342
-1.570796	0.929350	-2.910676	109	104	14	591.325
-2.879793	2.108018	1.311430	99	98	97	591.298
-0.785398	0.379747	-1.713059	93	105	106	591.285
-2.617994	1.599406	1.426070	97	105	93	591.271
0.523599	1.555207	1.708892	83	111	111	591.110
-1.570796	1.574060	2.783565	101	108	15	591.012
-1.047198	0.571433	-1.188419	14	13	15	590.777
1.308997	1.904882	-1.478089	5	16	18	590.758
1.570796	1.325504	-1.671296	108	110	19	590.707
0.785398	2.164094	-2.991358	98	100	106	590.703
-1.570796	2.180315	-1.357379	89	4	11	590.695
-0.261799	1.982574	-1.115518	98	111	15	590.636
1.832596	1.658653	-2.409879	15	29	107	590.303
1.570796	2.592629	0.909713	10	12	93	590.202
0.785398	1.736875	3.023612	98	100	7	590.188
-1.308997	0.831641	0.616218	97	3	89	590.104
-0.523599	2.456751	-1.503343	13	10	90	589.927
0.261799	0.914445	2.687814	16	85	102	589.904
-0.261799	1.599406	1.426070	108	6	94	589.882
0.261799	1.448123	-2.163292	93	2	97	589.832
-0.523599	1.134796	2.434290	107	4	91	589.587
-1.047198	1.184361	0.625864	99	101	106	589.568
-2.356194	0.866395	-2.492918	90	111	8	589.502
-0.261799	0.419640	2.974122	13	82	110	589.434
-1.832596	2.299159	2.264663	91	6	103	589.400
-2.356194	0.831641	0.616218	91	108	101	589.396
0.000000	1.247695	1.809890	89	6	100	589.381
0.785398	1.335669	0.897240	14	23	11	589.255
1.047198	2.349581	-2.702517	95	106	100	589.239
-2.094395	0.571433	-1.188419	3	97	97	589.056
2.356194	1.574060	2.783565	104	110	93	589.052
2.356194	1.721184	-0.153948	21	99	10	588.947
2.356194	1.699788	2.452890	108	108	93	588.822
0.785398	1.391910	3.030322	99	101	13	588.795
-2.094395	1.741644	-2.695914	94	106	111	588.793
2.879793	1.812176	0.656819	26	110	107	588.747
1.047198	2.251330	-2.330739	97	100	102	588.669
-1.570796	2.455966	-0.641220	88	16	9	588.612
1.832596	2.187132	-0.479875	95	106	97	588.612
1.047198	2.455966	-0.641220	86	105	1	588.263
1.570796	2.588535	-2.976617	103	99	2	588.262
1.570796	1.135834	-1.431087	10	14	17	588.210
2.094395	2.251330	-2.330739	97	106	3	588.064
1.832596	1.846342	-1.796954	14	21	10	588.029
-2.879793	1.325504	-1.671296	14	24	4	587.855
-2.617994	1.433411	-1.035986	12	26	102	587.814
1.308997	1.440580	2.260026	108	99	94	587.721
0.523599	0.961715	0.014085	100	106	18	587.698
-1.832596	1.875281	0.107086	1	28	0	587.672
1.047198	1.195355	1.200319	90	108	108	587.667
-1.308997	2.187132	-0.479875	90	15	12	587.549
-1.308997	1.809167	1.213774	8	3	18	587.533
2.617994	0.618092	2.539118	6	6	90	587.505
-2.094395	0.961715	0.014085	14	23	8	587.443
-1.832596	0.831641	0.616218	96	3	92	587.385
-3.141593	1.732874	-0.951685	5	21	15	587.315
2.879793	2.180315	-1.357379	88	3	103	587.266
1.308997	0.571433	-1.188419	99	17	21	587.214
-2.356194	2.393226	1.857173	14	98	94	587.172
0.523599	2.247462	0.191623	102	97	5	587.114
-0.261799	1.134796	2.434290	106	2	91	587.054
0.523599	1.256302	0.062705	100	105	17	586.945
-1.047198	2.063651	-2.044600	101	103	8	586.779
-1.308997	2.299159	2.264663	17	109	94	586.670
0.261799	0.619654	-2.216909	19	18	6	586.652
2.094395	1.510910	-0.740472	1	11	23	586.643
0.000000	1.448123	-2.163292	87	108	103	586.614
2.617994	2.984978	1.954446	102	20	97	586.609
-0.523599	2.033014	2.977192	17	98	96	586.604
2.356194	0.591903	2.010408	28	106	102	586.522
-2.879793	0.458961	-0.107937	9	20	10	586.340
-1.570796	1.310100	1.488307	100	99	2	586.250
1.308997	2.108018	1.311430	91	110	107	586.115
-1.570796	0.571433	-1.188419	86	5	105	586.012
2.879793	0.379747	-1.713059	103	95	2	586.005
-0.523599	1.766067	2.153843	10	8	92	585.926
-2.617994	1.904882	-1.478089	86	18	9	585.913
-2.879793	1.510910	-0.740472	93	110	107	585.905
-0.785398	1.134796	2.434290	107	8	91	585.805
-2.094395	1.617114	-1.572037	108	11	90	585.805
-1.308997	1.766067	2.153843	11	2	92	585.796
0.000000	1.948085	-2.363031	86	108	103	585.780
-2.356194	2.455966	-0.641220	4	13	92	585.756
-1.832596	1.982574	-1.115518	88	12	12	585.717
-2.356194	1.766067	2.153843	107	2	93	585.696
-0.523599	1.554776	0.100351	100	106	101	585.648
2.617994	1.218453	2.777284	110	5	91	585.515
-2.879793	0.571433	-1.188419	101	106	99	585.459
0.000000	2.247462	0.191623	12	16	91	585.278
-0.261799	1.045978	0.343692	93	111	17	585.225
-2.617994	2.187132	-0.479875	10	28	1	585.219
-1.047198	2.984978	1.954446	18	101	100	585.193
-2.094395	2.456751	-1.503343	88	13	7	585.190
0.000000	2.349581	-2.702517	27	5	106	585.162
2.879793	1.574060	2.783565	0	109	91	585.057
2.356194	0.910508	1.903534	27	104	100	585.026
0.261799	1.488617	1.159546	87	4	107	584.914
0.000000	1.545873	-1.877082	99	104	95	584.801
-1.832596	1.214854	-1.966664	90	103	98	584.687
-2.617994	0.850607	-1.335383	87	107	105	584.667
-2.879793	2.979456	-1.009304	92	21	10	584.570
-1.570796	1.301460	-0.509251	4	20	15	584.535
-2.356194	2.138223	1.678323	96	100	108	584.431
-1.570796	0.618092	2.539118	92	110	107	584.413
-2.617994	1.510910	-0.740472	91	2	99	584.366
-2.356194	1.875281	0.107086	11	29	111	584.360
1.832596	1.617114	-1.572037	7	12	16	584.356
-0.261799	2.001437	0.381215	16	11	91	584.352
0.523599	0.618092	2.539118	92	3	16	584.306
1.570796	0.685216	-1.712745	103	22	19	584.263
-1.047198	0.080730	-2.622036	95	8	100	584.132
-2.094395	0.496451	0.593859	16	27	3	584.113
1.047198	0.906588	1.252948	92	108	104	584.086
-0.523599	1.699788	2.452890	8	92	94	584.060
0.785398	2.455966	-0.641220	88	3	103	584.013
2.879793	2.041297	-2.664597	93	111	97	584.009
0.785398	1.247695	1.809890	91	0	103	583.995
-0.261799	1.736875	3.023612	18	96	98	583.752
2.879793	1.367556	0.358405	98	109	9	583.735
0.785398	0.850607	-1.335383	80	5	106	583.716
-2.617994	2.063651	-2.044600	90	0	6	583.516
-2.617994	1.732874	-0.951685	93	0	98	583.500
1.832596	1.025536	1.576859	95	108	103	583.332
2.879793	1.413347	-1.339188	108	19	93	583.306
-1.570796	2.349581	-2.702517	17	102	86	583.232
-3.141593	0.203748	0.590255	110	92	102	583.199
0.261799	0.762244	-0.273349	98	3	19	583.039
0.261799	0.615174	-0.666022	94	110	93	582.913
-2.617994	1.617114	-1.572037	87	108	100	582.905
1.832596	2.073035	2.027405	91	2	102	582.791
2.356194	1.617114	-1.572037	98	5	97	582.729
-0.523599	1.683268	0.374177	106	103	99	582.706
-2.094395	1.134497	-1.109631	12	4	15	582.604
-2.879793	1.606104	-0.451151	108	19	21	582.475
-2.879793	0.960688	-0.577532	13	94	12	582.286
-0.785398	0.831641	0.616218	98	2	86	582.226
-0.785398	1.134497	-1.109631	20	106	100	582.206
-2.094395	1.194549	-0.801900	99	107	96	582.203
-1.832596	2.719179	-1.780644	91	111	6	582.181
0.785398	1.025536	1.576859	92	108	103	582.173
-0.261799	2.478122	2.609777	16	98	97	582.056
0.523599	2.295480	1.008277	91	108	9	581.958
0.000000	2.664082	-1.071402	96	8	95	581.899
-1.832596	0.379747	-1.713059	89	103	104	581.744
-2.879793	0.297065	2.160177	88	108	96	581.671
-1.047198	1.766067	2.153843	5	93	95	581.542
2.356194	1.606104	-0.451151	99	96	104	581.483
0.261799	1.555207	1.708892	108	4	93	581.429
-0.523599	1.391910	3.030322	15	89	101	581.406
-1.570796	0.619654	-2.216909	88	108	98	581.391
-2.094395	1.732874	-0.951685	96	109	96	581.305
0.000000	1.113094	-0.272241	89	6	94	581.130
2.094395	2.001437	0.381215	9	16	91	581.056
2.094395	0.733948	3.021411	2	9	91	581.030
-0.523599	1.506530	1.988858	7	8	92	580.983
-0.261799	1.606104	-0.451151	11	108	21	580.737
-3.141593	0.866395	-2.492918	91	7	100	580.705
-2.879793	2.455966	-0.641220	101	105	93	580.703
-3.141593	1.948085	-2.363031	92	20	8	580.653
1.308997	2.164094	-2.991358	98	103	103	580.493
-1.047198	1.433411	-1.035986	93	12	13	580.426
1.047198	2.115563	0.685730	102	102	12	580.422
-1.832596	1.025536	1.576859	99	102	104	580.385
2.356194	2.587733	0.232235	96	98	105	580.380
1.047198	0.929350	-2.910676	98	5	98	580.379
-0.523599	0.866395	-2.492918	99	17	99	580.221
-2.094395	0.290380	-0.796960	98	99	109	580.129
0.000000	0.640596	-2.797608	97	11	99	580.073
2.094395	1.417623	-0.202254	94	106	7	580.001
2.356194	2.089241	-0.114193	92	1	97	579.875
-2.356194	0.709924	0.218797	22	21	4	579.848
-1.047198	0.864993	2.278281	106	14	93	579.808
2.094395	0.418037	1.360082	101	106	101	579.792
-3.141593	1.756530	-2.105156	93	19	12	579.748
-2.356194	0.961715	0.014085	13	22	12	579.633
1.832596	1.741644	-2.695914	15	21	4	579.434
-1.308997	0.297065	2.160177	88	4	107	579.292
0.785398	2.089241	-0.114193	110	97	12	579.258
-2.356194	2.153910	-1.714959	88	13	9	579.107
0.785398	1.134497	-1.109631	4	2	21	578.877
0.261799	1.736875	3.023612	18	92	98	578.834
-0.523599	1.325504	-1.671296	7	103	17	578.792
0.785398	0.418037	1.360082	93	109	101	578.704
0.523599	0.762244	-0.273349	99	2	20	578.702
1.047198	0.700570	1.559208	95	107	101	578.693
-2.617994	1.721184	-0.153948	15	25	5	578.618
-0.261799	1.824694	1.850876	5	8	91	578.484
1.047198	0.418037	1.360082	95	107	101	578.378
2.094395	1.732874	-0.951685	9	13	18	578.370
-3.141593	1.168678	2.108595	22	0	95	578.326
-1.570796	1.025536	1.576859	105	103	88	578.286
0.785398	1.325504	-1.671296	106	18	98	578.199
-2.094395	1.836682	-0.676006	5	4	18	578.177
-1.047198	1.506530	1.988858	10	7	92	578.011
1.308997	1.545873	-1.877082	8	15	15	577.977
2.094395	1.617114	-1.572037	103	21	19	577.878
0.785398	1.948085	-2.363031	95	110	97	577.863
-0.523599	1.809167	1.213774	107	9	94	577.838
-1.047198	2.396274	-1.959260	100	103	5	577.777
-0.261799	1.374601	-2.456031	85	1	107	577.624
0.000000	2.174483	2.653697	94	103	0	577.568
2.094395	1.374601	-2.456031	100	27	6	577.531
1.047198	1.367556	0.358405	20	22	7	577.527
1.570796	2.719179	-1.780644	89	15	2	577.463
2.094395	1.982574	-1.115518	2	17	18	577.376
-0.523599	2.379497	0.561089	85	3	12	577.310
0.261799	1.809167	1.213774	24	110	101	577.286
0.000000	2.295480	1.008277	85	0	10	577.140
-0.523599	2.760637	2.781135	24	5	97	577.069
-1.570796	1.214854	-1.966664	94	100	98	576.919
-2.617994	2.138223	1.678323	14	99	95	576.728
-0.785398	0.992645	-1.723759	86	3	101	576.638
-2.617994	1.391910	3.030322	94	1	101	576.621
-1.308997	2.407836	1.410646	92	111	102	576.552
1.308997	0.864993	2.278281	91	0	1	576.491
0.261799	0.080730	-2.622036	94	104	108	576.490
-3.141593	2.760637	2.781135	95	107	109	576.416
-2.879793	1.256302	0.062705	7	9	88	576.416
-2.617994	2.174483	2.653697	103	110	93	576.314
-3.141593	0.700570	1.559208	22	105	100	576.082
-2.094395	0.906588	1.252948	97	107	93	575.927
0.785398	2.001437	0.381215	103	98	6	575.883
-1.832596	2.456751	-1.503343	88	9	7	575.866
1.570796	1.391910	3.030322	93	1	103	575.843
2.879793	1.014500	0.906702	87	9	11	575.752
-0.785398	2.455966	-0.641220	91	5	10	575.643
-1.570796	1.606104	-0.451151	95	109	91	575.559
-2.617994	2.396274	-1.959260	90	0	8	575.536
-1.832596	0.674054	1.013609	95	103	103	575.376
0.000000	1.488617	1.159546	13	13	16	575.295
-0.523599	1.440580	2.260026	5	89	97	575.220
-2.356194	1.025536	1.576859	97	101	99	575.204
-3.141593	2.153910	-1.714959	86	25	2	575.158
-2.356194	2.881233	-2.582574	98	103	3	574.897
1.308997	0.914445	2.687814	93	108	111	574.817
2.617994	1.696674	-1.253233	104	19	21	574.633
0.523599	1.413430	2.550734	100	97	94	574.613
-2.356194	1.846342	-1.796954	93	104	96	574.484
2.879793	2.760637	2.781135	100	101	109	574.391
2.617994	0.709924	0.218797	99	105	104	574.361
-2.094395	1.555207	1.708892	97	101	111	574.333
2.879793	2.704512	1.488683	13	15	13	574.329
1.832596	1.325504	-1.671296	7	20	15	574.287
-2.094395	1.683268	0.374177	10	29	110	574.274
-1.570796	1.135813	-2.658866	92	103	2	574.229
2.356194	1.846342	-1.796954	100	22	16	574.218
0.261799	2.164094	-2.991358	21	104	94	573.779
0.523599	2.033014	2.977192	97	100	110	573.572
0.261799	1.168678	2.108595	10	90	97	573.555
0.785398	0.297065	2.160177	110	108	21	573.325
-2.617994	1.256302	0.062705	3	11	26	573.213
0.523599	0.914445	2.687814	17	2	93	573.129
-1.570796	1.218453	2.777284	8	8	89	573.125
0.000000	1.872854	1.543456	107	7	93	573.119
0.000000	0.619654	-2.216909	6	9	16	573.086
-2.356194	2.979456	-1.009304	86	107	102	573.014
-1.308997	1.904882	-1.478089	94	107	12	572.885
1.570796	1.134796	2.434290	99	109	98	572.794
1.570796	2.349581	-2.702517	16	26	101	572.775
1.047198	1.904882	-1.478089	19	14	12	572.656
-1.570796	1.135834	-1.431087	91	9	98	572.619
1.570796	1.846342	-1.796954	1	21	15	572.482
-1.832596	0.709924	0.218797	15	25	1	572.465
-1.308997	2.343981	-1.040456	21	101	98	572.221
-2.879793	2.089241	-0.114193	89	6	8	572.175
1.832596	1.417623	-0.202254	111	104	19	572.155
2.094395	0.297065	2.160177	22	17	9	572.121
1.047198	1.135834	-1.431087	6	5	19	572.100
2.617994	1.948085	-2.363031	96	23	8	571.979
2.617994	1.658653	-2.409879	96	23	9	571.887
0.261799	1.545873	-1.877082	102	101	95	571.856
1.308997	1.982574	-1.115518	91	101	4	571.756
-3.141593	0.458961	-0.107937	92	1	107	571.742
-1.047198	0.458961	-0.107937	90	11	93	571.656
-1.308997	2.592629	0.909713	94	106	101	571.652
0.785398	1.982574	-1.115518	86	107	6	571.630
1.047198	2.164094	-2.991358	100	102	100	571.579
-2.879793	0.762244	-0.273349	94	106	0	571.491
-2.617994	1.195355	1.200319	101	107	86	571.467
1.308997	2.138223	1.678323	101	96	107	571.453
0.785398	2.180315	-1.357379	90	105	9	571.386
2.094395	1.545873	-1.877082	103	106	99	571.384
-0.261799	0.709924	0.218797	94	5	17	571.355
0.523599	0.929350	-2.910676	89	108	2	571.228
-2.617994	1.504028	0.636812	95	106	98	571.059
-2.617994	1.836682	-0.676006	92	111	100	570.862
-1.308997	1.948085	-2.363031	99	108	11	570.782
0.523599	2.588535	-2.976617	94	103	102	570.608
2.094395	0.992645	-1.723759	99	20	19	570.556
2.094395	0.290380	-0.796960	104	94	108	570.466
-0.785398	2.153910	-1.714959	99	104	8	570.387
0.523599	1.247695	1.809890	16	96	100	570.175
2.879793	1.168678	2.108595	21	108	94	570.013
-1.832596	2.153910	-1.714959	90	0	9	569.838
0.261799	1.045978	0.343692	94	109	16	569.800
-1.047198	1.450119	-2.739050	104	104	12	569.761
2.617994	1.662363	0.915448	21	102	101	569.713
0.261799	0.370812	-2.547742	94	104	108	569.658
2.356194	2.407836	1.410646	18	24	6	569.522
-0.785398	0.640596	-2.797608	89	104	99	569.517
-2.094395	2.760637	2.781135	90	13	104	569.391
-0.785398	0.297065	2.160177	95	3	98	569.363
1.308997	0.850607	-1.335383	103	18	22	569.070
1.832596	0.618092	2.539118	15	24	109	569.062
-0.523599	2.356369	3.005869	24	3	99	568.944
-1.832596	0.203748	0.590255	91	8	92	568.770
-2.617994	1.025536	1.576859	6	25	100	568.719
-2.879793	1.812176	0.656819	101	111	92	568.683
-0.261799	0.591903	2.010408	84	5	106	568.625
-2.879793	0.370812	-2.547742	95	0	11	568.405
1.570796	1.218453	2.777284	94	0	101	568.403
2.356194	1.134497	-1.109631	11	11	19	568.324
-0.523599	2.115563	0.685730	85	6	15	568.275
1.570796	1.506530	1.988858	97	107	101	568.181
-0.523599	1.194549	-0.801900	95	13	15	568.159
-1.832596	0.906588	1.252948	98	101	105	568.146
2.617994	1.335669	0.897240	28	111	106	568.119
0.000000	2.592629	0.909713	87	109	7	567.879
-1.047198	2.164094	-2.991358	94	1	16	567.797
1.570796	0.910508	1.903534	96	110	101	567.685
-2.617994	0.960688	-0.577532	91	111	108	567.656
-0.785398	0.866955	-0.931351	98	17	15	567.617
2.617994	2.180315	-1.357379	106	102	95	567.590
1.570796	0.640596	-2.797608	1	12	93	567.575
1.832596	2.455966	-0.641220	94	104	101	567.574
2.356194	1.836682	-0.676006	5	15	20	567.552
1.832596	0.929350	-2.910676	107	28	1	567.539
-0.523599	1.732874	-0.951685	94	6	13	567.532
0.785398	1.135834	-1.431087	5	2	20	567.484
1.047198	2.001437	0.381215	23	20	5	567.436
-1.047198	1.617114	-1.572037	110	102	17	567.429
-0.261799	2.174483	2.653697	92	107	106	567.409
1.047198	2.073035	2.027405	2	6	90	567.354
-0.785398	1.506530	1.988858	9	10	92	567.351
-3.141593	0.850607	-1.335383	3	8	19	567.224
-2.094395	1.510910	-0.740472	1	18	17	566.979
2.094395	1.014500	0.906702	99	102	108	566.852
-1.047198	1.247695	1.809890	108	108	93	566.822
-2.617994	1.242974	-2.977882	94	110	103	566.714
1.047198	1.335669	0.897240	92	109	109	566.713
0.523599	0.910508	1.903534	93	109	100	566.688
1.047198	2.592629	0.909713	14	11	93	566.624
1.047198	1.554776	0.100351	102	4	89	566.579
-3.141593	2.187132	-0.479875	90	4	3	566.573
-3.141593	1.683268	0.374177	94	109	97	566.442
-0.261799	1.554776	0.100351	101	105	102	566.391
0.000000	1.606104	-0.451151	95	4	15	566.387
-1.308997	0.899350	-2.069907	91	101	102	566.366
0.261799	2.247462	0.191623	102	96	111	566.268
-1.308997	0.080730	-2.622036	1	1	19	566.141
-2.094395	2.984978	1.954446	24	107	96	566.098
-1.832596	1.696674	-1.253233	104	6	89	566.061
1.308997	0.929350	-2.910676	17	24	1	566.020
0.785398	1.448123	-2.163292	101	101	98	566.001
-1.832596	1.413430	2.550734	97	111	97	565.911
-0.785398	2.187132	-0.479875	91	9	12	565.801
-1.308997	1.247695	1.809890	111	21	95	565.735
0.000000	0.297065	2.160177	86	108	107	565.709
-0.785398	0.591903	2.010408	96	6	96	565.619
2.094395	2.063651	-2.044600	100	111	96	565.443
1.570796	2.164094	-2.991358	93	111	6	565.403
-3.141593	0.290380	-0.796960	101	106	98	565.402
-2.617994	2.033014	2.977192	100	109	96	565.292
-1.570796	1.113094	-0.272241	12	22	9	565.254
0.261799	2.979456	-1.009304	96	10	96	565.241
0.261799	1.872854	1.543456	107	8	93	565.171
2.094395	2.455966	-0.641220	97	100	105	565.081
-2.617994	0.458961	-0.107937	92	108	108	564.865
0.000000	2.863997	0.549740	91	108	9	564.776
1.047198	1.450119	-2.739050	98	2	98	564.715
-0.261799	1.696674	-1.253233	0	104	17	564.588
0.000000	1.977582	0.969896	92	10	102	564.406
-2.356194	0.899350	-2.069907	85	111	103	564.348
2.094395	2.637879	2.121598	100	99	108	564.209
1.047198	1.134497	-1.109631	91	103	104	564.170
-1.308997	0.992645	-1.723759	96	97	105	563.787
-1.570796	2.478122	2.609777	100	100	12	563.771
-0.523599	1.574060	2.783565	13	92	97	563.748
1.570796	2.478122	2.609777	97	101	96	563.658
1.832596	1.374601	-2.456031	103	28	5	563.648
0.523599	1.214854	-1.966664	8	10	17	563.460
2.356194	2.719179	-1.780644	102	103	8	563.411
-2.879793	0.290380	-0.796960	96	7	99	563.288
1.832596	1.391910	3.030322	95	111	100	563.052
-2.879793	1.721184	-0.153948	14	27	7	563.020
-3.141593	2.104282	-0.813972	88	2	110	562.981
1.308997	1.194549	-0.801900	106	0	19	562.937
-2.356194	1.721184	-0.153948	11	26	5	562.822
2.617994	2.063651	-2.044600	98	24	10	562.820
2.879793	0.866955	-0.931351	99	7	95	562.560
0.523599	0.418037	1.360082	104	108	94	562.557
-1.308997	0.709924	0.218797	98	5	91	562.521
1.308997	1.135834	-1.431087	110	17	23	562.493
2.356194	1.184361	0.625864	91	4	4	562.402
2.617994	1.904882	-1.478089	103	20	19	562.194
1.308997	2.588535	-2.976617	16	25	97	562.145
1.570796	2.104282	-0.813972	15	11	16	562.048
-1.047198	2.187132	-0.479875	90	13	11	561.818
-2.879793	0.850607	-1.335383	100	107	98	561.680
0.785398	1.413347	-1.339188	7	0	19	561.386
1.308997	1.658653	-2.409879	23	24	108	561.316
2.094395	1.909857	-0.381669	93	97	108	561.293
-0.785398	1.135834	-1.431087	7	105	19	561.235
-0.523599	1.998705	2.370472	9	97	92	561.014
0.261799	0.929350	-2.910676	89	1	106	561.009
1.570796	0.618092	2.539118	17	23	108	560.969
1.832596	2.478122	2.609777	99	100	96	560.919
2.356194	1.135834	-1.431087	96	10	99	560.841
0.000000	2.356369	3.005869	18	105	93	560.503
-2.617994	1.134796	2.434290	14	3	92	560.479
-0.785398	0.850607	-1.335383	97	111	94	560.427
0.785398	1.599406	1.426070	98	93	109	560.411
0.785398	1.875281	0.107086	105	100	10	560.373
-2.356194	1.504028	0.636812	3	107	87	560.293
-2.094395	0.619654	-2.216909	84	110	104	560.231
0.523599	1.872854	1.543456	21	100	104	560.228
0.000000	1.184361	0.625864	90	108	12	560.220
-2.094395	2.393226	1.857173	91	5	102	560.208
0.785398	1.374601	-2.456031	97	106	99	559.956
1.308997	2.455966	-0.641220	90	102	1	559.933
0.785398	2.138223	1.678323	94	99	99	559.908
0.785398	1.904882	-1.478089	25	7	11	559.906
0.785398	0.914445	2.687814	23	89	101	559.841
-2.617994	1.417623	-0.202254	13	23	11	559.833
1.047198	1.440580	2.260026	105	95	98	559.759
0.261799	0.910508	1.903534	91	0	100	559.743
-3.141593	1.836682	-0.676006	110	18	19	559.520
0.523599	2.073035	2.027405	14	92	99	559.492
1.832596	1.699788	2.452890	103	108	93	559.461
2.879793	0.571433	-1.188419	103	10	94	559.431
2.617994	2.637879	2.121598	95	107	106	559.336
-1.308997	0.866395	-2.492918	87	107	98	559.328
2.356194	1.367556	0.358405	24	98	5	559.259
1.308997	0.700570	1.559208	19	93	105	559.256
-0.523599	0.640596	-2.797608	100	14	98	559.007
-0.523599	1.617114	-1.572037	1	104	17	558.986
-1.832596	1.699788	2.452890	7	29	3	558.956
1.570796	1.545873	-1.877082	20	102	94	558.914
-1.832596	1.440580	2.260026	111	93	98	558.902
0.523599	1.506530	1.988858	9	87	96	558.849
-2.094395	0.379747	-1.713059	87	105	105	558.748
1.308997	1.128190	-2.288622	105	9	95	558.621
-0.523599	0.418037	1.360082	91	2	105	558.601
-2.617994	0.379747	-1.713059	2	3	18	558.565
-3.141593	2.984978	1.954446	14	15	11	558.552
0.523599	1.504028	0.636812	96	99	11	558.482
1.047198	0.674054	1.013609	92	109	104	558.410
-1.308997	1.662363	0.915448	101	102	101	558.375
-2.094395	1.025536	1.576859	99	104	87	558.306
0.261799	2.404280	-0.174044	93	110	9	558.237
2.617994	1.113094	-0.272241	16	97	13	558.218
2.617994	2.588535	-2.976617	94	105	100	558.034
-0.523599	0.619654	-2.216909	85	2	110	557.747
2.094395	0.831641	0.616218	98	104	108	557.712
1.570796	1.574060	2.783565	91	0	2	557.654
1.832596	1.448123	-2.163292	110	109	93	557.431
1.832596	0.591903	2.010408	14	1	92	557.367
1.570796	1.050534	3.042579	104	109	95	557.299
-0.785398	1.310100	1.488307	97	12	97	557.292
0.000000	1.440580	2.260026	11	93	96	557.110
-2.094395	2.719179	-1.780644	91	109	7	557.105
-1.570796	1.736875	3.023612	15	5	88	557.099
2.879793	1.045978	0.343692	96	108	6	557.088
-1.832596	2.356369	3.005869	100	106	101	557.062
0.785398	0.899350	-2.069907	23	21	4	557.010
-2.094395	0.866955	-0.931351	90	103	13	556.965
-2.879793	0.961715	0.014085	98	103	5	556.856
-1.832596	1.134497	-1.109631	98	110	95	556.856
0.523599	0.080730	-2.622036	21	15	12	556.839
0.261799	2.174483	2.653697	97	100	0	556.753
-1.308997	1.433411	-1.035986	95	96	2	556.675
0.261799	2.863997	0.549740	94	102	6	556.635
-2.879793	1.168678	2.108595	18	1	93	556.346
-1.308997	0.700570	1.559208	99	108	13	556.297
1.047198	1.050534	3.042579	98	102	13	556.172
-1.308997	0.910508	1.903534	98	108	13	556.170
0.000000	1.128190	-2.288622	87	108	106	556.059
-2.879793	1.756530	-2.105156	89	6	7	555.984
-0.261799	1.214854	-1.966664	87	109	102	555.882
2.617994	2.455966	-0.641220	15	1	92	555.864
-0.785398	1.335669	0.897240	101	103	105	555.833
2.094395	1.836682	-0.676006	95	97	109	555.767
-0.261799	0.618092	2.539118	86	110	102	555.757
-3.141593	0.571433	-1.188419	101	9	96	555.667
2.094395	0.619654	-2.216909	99	26	14	555.610
0.785398	1.812176	0.656819	92	110	0	555.554
1.570796	2.724429	-0.348782	94	100	108	555.517
2.356194	1.325504	-1.671296	101	19	20	555.504
2.094395	2.104282	-0.813972	14	13	15	555.473
1.570796	2.063651	-2.044600	16	21	7	555.257
-2.879793	2.153910	-1.714959	84	4	97	555.255
0.785398	1.014500	0.906702	100	105	101	555.253
2.879793	1.545873	-1.877082	96	20	16	555.163
2.356194	2.349581	-2.702517	93	2	90	555.130
-0.785398	0.080730	-2.622036	90	102	107	555.045
-1.308997	0.571433	-1.188419	100	98	11	555.026
0.261799	2.138223	1.678323	5	10	92	555.005
1.570796	1.014500	0.906702	23	103	104	554.693
-3.141593	1.982574	-1.115518	15	19	8	554.562
2.356194	0.619654	-2.216909	95	20	15	554.562
2.879793	1.909857	-0.381669	91	5	3	554.525
2.356194	2.153910	-1.714959	108	94	108	554.512
-0.261799	1.050534	3.042579	16	88	102	554.504
0.785398	0.379747	-1.713059	94	103	103	554.327
-0.523599	2.588535	-2.976617	16	95	93	554.155
-1.832596	1.732874	-0.951685	102	0	90	554.018
-2.356194	0.640596	-2.797608	105	95	101	554.010
-0.261799	0.899350	-2.069907	94	106	102	553.911
2.094395	1.766067	2.153843	108	104	95	553.890
1.570796	2.456751	-1.503343	18	31	109	553.823
0.785398	1.696674	-1.253233	85	111	110	553.788
-1.047198	1.134497	-1.109631	96	14	15	553.735
0.000000	0.914445	2.687814	15	88	101	553.672
0.261799	1.195355	1.200319	87	4	109	553.637
1.047198	2.356369	3.005869	99	99	108	553.564
-0.523599	0.961715	0.014085	100	4	90	553.514
-0.785398	1.982574	-1.115518	95	4	15	553.440
1.570796	2.881233	-2.582574	15	26	98	553.160
2.879793	1.658653	-2.409879	93	20	9	553.120
0.785398	1.184361	0.625864	21	19	10	553.017
2.879793	2.719179	-1.780644	89	17	10	552.982
2.879793	0.960688	-0.577532	17	6	16	552.956
-0.523599	1.214854	-1.966664	90	110	100	552.926
-2.617994	2.579248	-2.364801	90	110	4	552.863
0.523599	1.982574	-1.115518	84	4	110	552.842
-0.523599	1.417623	-0.202254	100	108	93	552.720
2.617994	2.138223	1.678323	7	10	18	552.601
1.570796	1.617114	-1.572037	0	19	19	552.534
1.047198	1.658653	-2.409879	99	106	97	552.532
-2.094395	2.343981	-1.040456	89	18	10	552.421
-0.523599	0.709924	0.218797	95	110	8	552.372
2.094395	1.214854	-1.966664	105	107	97	552.277
-2.879793	2.407836	1.410646	16	100	95	552.266
-1.832596	1.736875	3.023612	95	107	105	552.214
2.356194	2.404280	-0.174044	8	12	18	552.167
-2.356194	1.433411	-1.035986	6	111	18	552.101
2.356194	1.662363	0.915448	22	95	103	552.095
2.617994	0.961715	0.014085	91	2	1	552.006
-3.141593	0.866955	-0.931351	104	104	99	551.983
-2.094395	0.700570	1.559208	94	105	96	551.881
-1.832596	0.496451	0.593859	91	8	93	551.721
-1.308997	2.393226	1.857173	16	0	94	551.714
-2.356194	0.591903	2.010408	94	2	13	551.677
2.617994	0.418037	1.360082	27	102	107	551.662
2.094395	1.135813	-2.658866	104	29	5	551.656
-2.356194	0.762244	-0.273349	14	18	14	551.651
-2.094395	0.864993	2.278281	95	3	13	551.579
0.000000	1.504028	0.636812	18	13	12	551.456
-1.570796	2.187132	-0.479875	90	17	12	551.399
-1.047198	2.138223	1.678323	13	9	94	551.338
-2.356194	0.496451	0.593859	92	10	93	551.273
-0.785398	1.448123	-2.163292	91	2	98	551.198
1.570796	0.496451	0.593859	93	107	107	551.096
0.000000	1.699788	2.452890	18	1	93	551.046
-0.785398	1.488617	1.159546	91	107	110	550.760
-3.141593	1.662363	0.915448	91	110	97	550.686
0.785398	1.756530	-2.105156	96	110	96	550.654
0.523599	1.242974	-2.977882	90	111	105	550.506
2.356194	1.948085	-2.363031	98	25	7	550.461
2.879793	0.914445	2.687814	82	110	2	550.188
-1.308997	1.194549	-0.801900	97	99	8	550.158
-1.047198	0.379747	-1.713059	92	108	105	550.118
-0.523599	0.379747	-1.713059	18	110	96	550.004
-1.570796	0.700570	1.559208	97	108	11	549.981
2.356194	2.724429	-0.348782	28	5	107	549.912
1.047198	1.824694	1.850876	100	97	99	549.897
-2.356194	1.662363	0.915448	111	105	89	549.892
0.000000	2.033014	2.977192	92	107	103	549.855
0.000000	2.138223	1.678323	3	12	91	549.759
1.047198	2.579248	-2.364801	95	106	97	549.744
2.356194	1.504028	0.636812	27	108	106	549.558
-2.617994	2.153910	-1.714959	84	17	4	549.515
-1.832596	0.418037	1.360082	93	0	10	549.513
-3.141593	0.618092	2.539118	85	107	110	549.509
2.094395	0.203748	0.590255	94	7	102	549.490
0.523599	2.041297	-2.664597	93	101	105	549.476
-1.832596	1.741644	-2.695914	93	105	109	549.340
1.832596	0.379747	-1.713059	97	20	19	549.250
-1.832596	1.488617	1.159546	99	102	103	549.054
-2.879793	1.135834	-1.431087	1	12	18	549.003
1.832596	1.135813	-2.658866	99	27	3	548.906
0.000000	2.164094	-2.991358	22	102	95	548.788
1.570796	1.413347	-1.339188	9	14	16	548.760
-2.094395	1.998705	2.370472	11	28	3	548.758
-1.570796	0.831641	0.616218	96	105	99	548.756
-3.141593	1.440580	2.260026	7	3	91	548.740
2.094395	0.906588	1.252948	21	94	105	548.734
-1.570796	0.674054	1.013609	96	0	87	548.730
-0.785398	1.247695	1.809890	98	110	97	548.639
1.832596	1.488617	1.159546	18	88	101	548.568
-0.261799	2.407836	1.410646	6	110	17	548.335
2.617994	1.413430	2.550734	0	1	91	548.265
1.832596	2.174483	2.653697	6	25	15	548.120
-1.308997	2.664082	-1.071402	90	2	8	548.111
-2.094395	1.247695	1.809890	97	101	110	548.071
-1.308997	2.251330	-2.330739	97	109	10	548.065
-1.308997	1.025536	1.576859	97	107	9	548.051
2.094395	1.948085	-2.363031	19	105	94	548.049
0.261799	2.251330	-2.330739	28	5	109	548.010
-1.047198	2.478122	2.609777	14	94	95	547.969
2.094395	1.846342	-1.796954	97	8	96	547.858
0.785398	0.615174	-0.666022	98	14	22	547.799
1.308997	0.615174	-0.666022	97	105	90	547.777
2.617994	1.134497	-1.109631	8	8	18	547.581
-0.785398	0.418037	1.360082	90	9	17	547.571
-0.523599	1.658653	-2.409879	103	103	11	547.544
0.000000	1.736875	3.023612	18	95	97	547.542
-2.617994	1.184361	0.625864	96	109	94	547.428
1.832596	1.218453	2.777284	95	110	100	547.417
2.094395	2.295480	1.008277	25	104	98	547.397
2.356194	2.455966	-0.641220	11	105	19	547.253
-1.832596	1.504028	0.636812	110	27	109	547.203
0.000000	1.756530	-2.105156	87	108	101	547.089
-0.785398	0.961715	0.014085	100	6	89	546.999
-0.523599	1.836682	-0.676006	96	109	100	546.959
-2.094395	1.242974	-2.977882	96	104	108	546.957
0.261799	1.662363	0.915448	86	4	110	546.913
2.356194	1.413430	2.550734	110	0	91	546.894
-0.785398	1.135813	-2.658866	109	109	17	546.834
1.832596	1.766067	2.153843	108	100	96	546.734
-1.832596	0.866395	-2.492918	95	103	9	546.704
0.523599	0.419640	2.974122	104	111	95	546.644
0.523599	2.180315	-1.357379	10	4	18	546.613
-2.356194	1.367556	0.358405	4	14	24	546.585
1.047198	1.977582	0.969896	95	105	9	546.525
1.570796	0.850607	-1.335383	107	19	99	546.492
-0.785398	1.554776	0.100351	107	11	90	546.450
-0.785398	0.733948	3.021411	85	0	100	546.377
1.047198	2.063651	-2.044600	96	111	95	546.283
-1.570796	0.591903	2.010408	99	111	14	546.278
1.832596	2.592629	0.909713	3	17	93	546.258
-2.879793	0.899350	-2.069907	90	3	101	546.225
1.832596	2.251330	-2.330739	15	28	105	546.178
1.308997	0.685216	-1.712745	104	21	19	546.121
-1.308997	2.478122	2.609777	12	98	91	545.989
1.570796	0.914445	2.687814	102	110	96	545.860
-0.523599	1.113094	-0.272241	98	106	96	545.849
0.000000	2.404280	-0.174044	101	96	109	545.727
0.523599	0.591903	2.010408	19	93	107	545.623
-1.832596	2.637879	2.121598	15	102	92	545.606
-2.094395	2.478122	2.609777	101	107	100	545.569
-3.141593	1.812176	0.656819	103	100	94	545.531
1.308997	1.812176	0.656819	11	29	4	545.397
2.094395	2.073035	2.027405	91	111	102	545.290
-0.261799	1.433411	-1.035986	95	6	14	545.272
2.094395	0.640596	-2.797608	110	15	92	545.238
-3.141593	1.050534	3.042579	96	12	97	545.223
1.047198	0.914445	2.687814	91	111	111	545.201
2.356194	2.247462	0.191623	103	94	99	545.116
-1.308997	1.756530	-2.105156	100	104	11	545.028
-2.356194	0.458961	-0.107937	16	18	13	544.996
1.308997	2.001437	0.381215	20	23	4	544.762
2.617994	1.025536	1.576859	0	110	23	544.741
-1.570796	2.108018	1.311430	12	10	93	544.661
-2.617994	1.812176	0.656819	104	107	93	544.633
-2.879793	2.579248	-2.364801	91	104	108	544.627
0.000000	1.325504	-1.671296	85	13	6	544.528
0.523599	1.766067	2.153843	15	3	91	544.526
1.047198	2.588535	-2.976617	18	24	97	544.487
-1.047198	1.335669	0.897240	102	97	108	544.483
2.617994	2.587733	0.232235	94	102	106	544.427
1.308997	1.554776	0.100351	97	111	89	544.425
-1.570796	0.379747	-1.713059	92	101	104	544.348
-2.617994	0.929350	-2.910676	95	3	97	544.281
-2.617994	1.554776	0.100351	2	15	24	544.266
-0.261799	0.640596	-2.797608	8	14	16	544.253
2.094395	1.574060	2.783565	97	109	97	544.186
-2.879793	0.618092	2.539118	11	17	16	544.133
-2.879793	1.909857	-0.381669	1	16	19	544.122
-1.047198	0.700570	1.559208	89	8	104	543.931
2.094395	2.719179	-1.780644	96	107	97	543.930
-3.141593	1.025536	1.576859	23	105	100	543.885
0.523599	1.948085	-2.363031	93	101	102	543.882
-1.570796	1.050534	3.042579	91	106	108	543.818
-3.141593	2.001437	0.381215	5	17	21	543.796
-2.356194	1.194549	-0.801900	9	10	17	543.765
-2.617994	1.413430	2.550734	95	5	19	543.598
-0.523599	1.135834	-1.431087	8	106	19	543.574
2.094395	2.379497	0.561089	4	13	92	543.507
1.047198	1.662363	0.915448	103	93	3	543.406
1.308997	1.699788	2.452890	107	100	92	543.387
-1.570796	1.488617	1.159546	107	25	101	543.241
-2.617994	1.014500	0.906702	91	106	105	543.216
1.832596	0.914445	2.687814	17	24	107	543.211
-2.356194	0.910508	1.903534	96	100	0	543.194
2.356194	1.218453	2.777284	110	4	90	543.141
-1.832596	1.574060	2.783565	97	106	111	543.011
-1.047198	0.419640	2.974122	86	0	102	542.965
-1.570796	0.615174	-0.666022	12	17	15	542.942
-3.141593	0.961715	0.014085	95	106	4	542.924
1.047198	0.850607	-1.335383	105	17	22	542.811
-2.356194	0.733948	3.021411	91	6	100	542.782
0.523599	1.448123	-2.163292	101	6	94	542.580
-0.261799	1.662363	0.915448	16	10	14	542.565
2.617994	2.001437	0.381215	98	7	15	542.507
-0.523599	1.510910	-0.740472	97	17	93	542.475
1.832596	1.869911	2.701025	92	110	5	542.425
-2.617994	0.961715	0.014085	15	20	12	542.400
1.308997	2.881233	-2.582574	95	105	102	542.389
-0.523599	1.721184	-0.153948	103	111	92	542.297
-1.047198	1.413347	-1.339188	94	11	13	542.249
1.570796	2.455966	-0.641220	91	107	102	542.183
-0.261799	2.760637	2.781135	90	16	6	542.136
-2.356194	2.187132	-0.479875	100	107	92	542.135
-1.047198	1.658653	-2.409879	99	105	8	542.128
-2.356194	0.960688	-0.577532	19	16	8	542.022
-2.617994	1.824694	1.850876	21	109	95	542.015
1.570796	2.187132	-0.479875	92	109	97	542.008
1.047198	1.869911	2.701025	104	103	88	541.981
-2.617994	0.906588	1.252948	98	109	88	541.962
-0.261799	2.588535	-2.976617	20	94	101	541.876
1.047198	2.407836	1.410646	92	3	101	541.873
1.832596	1.836682	-0.676006	9	12	20	541.814
-1.308997	1.256302	0.062705	7	25	8	541.805
-1.832596	1.606104	-0.451151	6	16	17	541.796
0.000000	0.458961	-0.107937	98	108	10	541.771
2.356194	1.569311	-3.003978	96	111	95	541.637
-1.308997	1.545873	-1.877082	104	103	16	541.622
2.094395	2.393226	1.857173	89	110	105	541.613
-1.832596	2.724429	-0.348782	4	9	91	541.605
-0.261799	1.569311	-3.003978	19	90	103	541.542
2.879793	0.418037	1.360082	28	105	107	541.443
-1.047198	1.574060	2.783565	14	105	94	541.355
-3.141593	1.045978	0.343692	102	102	12	541.351
-0.261799	1.977582	0.969896	91	12	102	541.209
-2.356194	1.184361	0.625864	14	29	2	541.191
1.832596	0.496451	0.593859	96	106	105	541.188
2.356194	2.881233	-2.582574	88	107	98	541.004
0.785398	1.450119	-2.739050	94	100	0	540.980
2.094395	2.704512	1.488683	3	19	95	540.960
2.879793	0.866395	-2.492918	92	9	99	540.946
2.356194	0.700570	1.559208	15	109	92	540.915
-0.523599	2.407836	1.410646	5	108	17	540.908
-0.523599	0.203748	0.590255	96	1	12	540.860
2.879793	1.113094	-0.272241	94	4	96	540.788
-1.832596	2.455966	-0.641220	89	19	8	540.773
0.785398	2.251330	-2.330739	93	100	102	540.671
2.617994	1.367556	0.358405	24	100	5	540.664
-1.832596	1.045978	0.343692	109	8	85	540.635
2.879793	1.809167	1.213774	18	102	97	540.630
-0.785398	1.599406	1.426070	98	14	96	540.462
1.570796	1.135813	-2.658866	12	4	14	540.435
-1.308997	2.979456	-1.009304	93	107	9	540.431
-3.141593	0.899350	-2.069907	88	5	104	540.117
2.879793	2.089241	-0.114193	9	9	89	540.089
0.785398	2.407836	1.410646	18	96	98	540.066
-2.094395	1.045978	0.343692	15	27	1	539.951
-1.832596	1.510910	-0.740472	94	0	93	539.910
-1.047198	0.929350	-2.910676	87	111	96	539.881
1.047198	2.138223	1.678323	99	97	100	539.878
-2.879793	2.396274	-1.959260	89	4	8	539.865
-1.570796	1.766067	2.153843	7	22	10	539.771
-2.617994	0.899350	-2.069907	95	111	14	539.717
-3.141593	2.719179	-1.780644	87	110	98	539.651
-2.617994	1.413347	-1.339188	87	107	105	539.606
-1.047198	1.846342	-1.796954	101	105	13	539.604
1.570796	2.704512	1.488683	103	94	108	539.452
2.094395	0.419640	2.974122	6	10	91	539.436
2.094395	1.128190	-2.288622	100	28	10	539.395
-2.356194	2.396274	-1.959260	92	108	7	539.384
-0.523599	0.591903	2.010408	86	12	103	539.380
-1.832596	2.104282	-0.813972	89	16	13	539.293
-1.570796	1.413430	2.550734	2	19	90	539.283
-2.094395	0.419640	2.974122	105	92	0	539.209
-2.094395	1.440580	2.260026	109	3	92	539.187
-1.832596	1.846342	-1.796954	11	97	93	538.897
0.785398	1.683268	0.374177	90	111	2	538.834
2.094395	0.899350	-2.069907	100	22	17	538.791
0.523599	1.809167	1.213774	25	0	101	538.775
1.047198	2.180315	-1.357379	93	103	9	538.767
-2.094395	1.766067	2.153843	15	4	92	538.744
-0.523599	1.301460	-0.509251	94	9	17	538.714
1.570796	2.138223	1.678323	94	1	99	538.659
-0.261799	2.295480	1.008277	83	4	10	538.643
-0.785398	0.615174	-0.666022	17	0	95	538.550
-2.617994	0.700570	1.559208	95	106	91	538.546
-2.094395	1.413347	-1.339188	110	6	90	538.527
1.308997	2.187132	-0.479875	91	110	99	538.500
1.832596	2.724429	-0.348782	91	103	0	538.469
0.261799	1.214854	-1.966664	9	4	91	538.332
-2.356194	1.998705	2.370472	107	0	92	538.310
0.523599	1.599406	1.426070	89	1	104	538.187
-1.570796	2.881233	-2.582574	19	16	6	538.045
2.356194	2.115563	0.685730	88	108	99	537.949
-2.094395	2.588535	-2.976617	97	105	110	537.932
-0.523599	1.050534	3.042579	13	87	101	537.929
-1.570796	2.115563	0.685730	12	17	93	537.919
0.785398	1.050534	3.042579	91	110	109	537.897
-2.617994	0.709924	0.218797	24	19	4	537.811
0.261799	1.766067	2.153843	15	100	96	537.793
-0.261799	2.041297	-2.664597	104	111	21	537.621
2.617994	0.899350	-2.069907	90	18	11	537.617
1.832596	1.569311	-3.003978	13	27	106	537.586
-2.094395	0.297065	2.160177	10	12	18	537.475
-3.141593	1.696674	-1.253233	2	21	15	537.451
2.356194	2.456751	-1.503343	102	102	97	537.426
1.832596	1.256302	0.062705	93	106	3	537.420
-2.617994	1.545873	-1.877082	90	109	96	537.324
1.308997	1.606104	-0.451151	111	104	17	537.310
-2.879793	2.343981	-1.040456	9	26	0	537.258
-1.308997	1.510910	-0.740472	95	110	91	537.227
1.308997	0.960688	-0.577532	104	110	19	537.226
1.308997	1.683268	0.374177	96	3	88	537.168
2.879793	1.135813	-2.658866	93	6	99	537.122
-1.832596	1.413347	-1.339188	99	110	94	537.121
2.094395	2.187132	-0.479875	97	104	97	537.119
-3.141593	2.881233	-2.582574	91	103	109	537.089
-0.785398	0.370812	-2.547742	87	10	11	537.078
1.832596	1.050534	3.042579	15	26	107	537.004
-1.832596	1.417623	-0.202254	3	23	13	536.941
-0.785398	1.374601	-2.456031	101	103	11	536.923
-2.879793	1.696674	-1.253233	89	107	104	536.855
-2.356194	1.256302	0.062705	11	25	10	536.639
