112	1.2	0
-2.617994	1.554776	0.100351
2.840814	0.103905	-1.063421
../6s44_monomer_m.pdb	-305.353	125.278	185.491
../6s44_monomer_m.pdb	223.533	160.777	261.895
0.785398	0.992645	-1.723759	91	110	6	947.746
2.879793	0.419640	2.974122	95	108	8	941.799
-2.094395	1.741644	-2.695914	96	102	108	925.352
-0.785398	0.762244	-0.273349	102	104	100	917.488
-1.832596	0.961715	0.014085	100	107	96	898.134
0.785398	1.184361	0.625864	16	110	94	895.255
-1.570796	0.961715	0.014085	102	106	96	894.295
0.523599	1.335669	0.897240	17	111	94	888.360
-1.047198	0.762244	-0.273349	99	108	97	880.467
0.523599	1.510910	-0.740472	95	110	101	871.527
2.879793	1.909857	-0.381669	14	86	99	867.221
-2.617994	1.617114	-1.572037	102	1	97	863.708
-1.308997	0.203748	0.590255	95	106	111	862.481
2.617994	0.419640	2.974122	92	111	8	859.067
-1.832596	0.709924	0.218797	99	105	97	856.540
1.308997	2.592629	0.909713	99	101	106	849.547
-1.308997	0.458961	-0.107937	96	106	100	849.329
-3.141593	1.721184	-0.153948	15	89	96	846.711
0.523599	0.571433	-1.188419	94	107	111	837.690
0.523599	1.732874	-0.951685	93	110	104	836.303
-2.356194	0.297065	2.160177	99	105	5	835.760
-3.141593	0.419640	2.974122	97	105	7	834.796
-0.261799	1.113094	-0.272241	102	111	95	834.274
0.785398	1.135834	-1.431087	92	108	4	830.903
-2.356194	1.736875	3.023612	98	106	103	829.112
1.308997	2.704512	1.488683	111	1	85	827.259
-2.356194	1.599406	1.426070	107	92	103	825.121
-2.094395	1.766067	2.153843	103	100	9	823.440
0.523599	1.836682	-0.676006	94	0	102	823.149
2.094395	0.080730	-2.622036	96	105	3	822.188
0.261799	1.510910	-0.740472	94	111	102	821.689
1.047198	1.977582	0.969896	102	101	102	821.064
0.261799	1.194549	-0.801900	97	108	100	820.585
-1.570796	0.762244	-0.273349	99	109	94	819.454
0.261799	1.977582	0.969896	99	102	99	817.985
0.261799	0.290380	-0.796960	96	105	111	816.591
0.523599	1.977582	0.969896	102	102	99	815.581
-1.570796	1.045978	0.343692	104	104	98	810.780
-1.047198	0.458961	-0.107937	101	102	103	808.407
-2.356194	1.506530	1.988858	103	95	111	808.364
0.261799	2.115563	0.685730	98	102	102	807.229
-0.261799	0.914445	2.687814	5	15	16	806.788
-2.356194	2.299159	2.264663	97	103	13	805.030
-2.356194	1.554776	0.100351	107	100	96	801.704
-0.261799	0.379747	-1.713059	94	21	8	801.323
-1.047198	0.203748	0.590255	98	104	110	799.730
-2.094395	2.478122	2.609777	97	107	17	799.585
-1.308997	0.709924	0.218797	100	104	101	795.386
-0.523599	0.615174	-0.666022	97	107	100	794.803
-0.523599	0.960688	-0.577532	99	111	98	793.598
2.356194	2.704512	1.488683	100	104	107	789.239
-1.308997	1.128190	-2.288622	8	10	16	786.927
0.785398	1.736875	3.023612	91	2	108	784.258
-2.356194	2.247462	0.191623	22	4	97	783.508
0.000000	1.135834	-1.431087	93	2	99	782.204
-2.094395	1.504028	0.636812	95	1	99	781.830
1.308997	0.910508	1.903534	98	105	96	781.659
-2.617994	2.396274	-1.959260	18	23	3	781.594
0.523599	1.135813	-2.658866	8	12	90	780.116
-2.879793	0.297065	2.160177	96	106	7	779.669
-1.570796	2.863997	0.549740	21	94	106	778.664
-2.617994	0.960688	-0.577532	2	10	21	777.000
-1.570796	1.113094	-0.272241	103	109	94	775.896
-0.785398	1.875281	0.107086	24	108	97	775.891
-2.617994	1.696674	-1.253233	99	0	100	775.729
2.617994	1.909857	-0.381669	13	91	97	775.135
-2.094395	2.174483	2.653697	100	105	16	774.289
1.832596	0.080730	-2.622036	93	107	4	774.238
-1.570796	2.396274	-1.959260	87	2	96	773.810
1.570796	0.370812	-2.547742	93	108	6	770.771
-2.879793	0.618092	2.539118	94	108	7	769.704
-2.094395	2.041297	-2.664597	83	12	101	768.938
0.000000	1.488617	1.159546	18	101	98	768.340
0.785398	0.379747	-1.713059	93	108	2	766.736
-2.617994	2.138223	1.678323	88	2	1	765.862
0.523599	2.108018	1.311430	103	105	95	764.259
0.261799	1.218453	2.777284	89	13	109	763.101
2.094395	2.001437	0.381215	110	7	93	762.316
-2.879793	2.379497	0.561089	100	94	1	760.599
-2.617994	0.618092	2.539118	97	105	7	760.569
2.879793	1.545873	-1.877082	86	1	108	760.169
-0.523599	0.992645	-1.723759	95	22	11	759.968
-3.141593	0.914445	2.687814	92	111	10	758.606
-2.094395	1.045978	0.343692	101	103	96	758.437
0.000000	0.290380	-0.796960	94	107	0	758.227
0.523599	2.760637	2.781135	92	2	0	758.136
-2.879793	2.579248	-2.364801	16	24	5	758.082
0.785398	1.335669	0.897240	17	1	95	757.995
0.523599	2.187132	-0.479875	97	110	12	757.816
2.094395	0.496451	0.593859	19	100	101	757.336
0.261799	2.108018	1.311430	106	100	94	756.484
0.000000	0.850607	-1.335383	96	111	95	755.892
0.523599	1.218453	2.777284	88	9	110	755.781
-3.141593	0.618092	2.539118	94	109	9	755.243
0.785398	1.325504	-1.671296	91	110	8	754.608
0.261799	0.992645	-1.723759	92	111	100	754.483
1.570796	2.251330	-2.330739	93	4	104	754.475
-1.832596	1.045978	0.343692	102	104	98	754.452
1.047198	0.992645	-1.723759	93	106	6	753.971
0.261799	1.433411	-1.035986	93	111	105	753.703
-2.094395	1.998705	2.370472	90	5	9	753.078
-1.570796	1.574060	2.783565	3	102	17	753.057
0.785398	2.478122	2.609777	97	107	7	752.686
0.000000	1.194549	-0.801900	95	111	101	752.600
-2.879793	1.875281	0.107086	9	1	92	752.479
0.261799	1.135834	-1.431087	93	0	98	752.268
-2.094395	0.591903	2.010408	97	105	3	751.534
-2.617994	2.108018	1.311430	97	96	2	750.366
-0.523599	0.458961	-0.107937	96	106	106	749.943
-1.570796	0.418037	1.360082	97	105	1	749.657
2.356194	2.396274	-1.959260	102	108	99	749.450
-2.617994	1.599406	1.426070	94	107	12	749.412
-0.523599	1.721184	-0.153948	19	111	94	749.355
-2.356194	2.033014	2.977192	103	109	20	748.698
-2.094395	1.218453	2.777284	85	11	108	748.507
1.570796	1.766067	2.153843	7	28	111	747.484
0.523599	1.504028	0.636812	19	6	94	746.068
-3.141593	1.599406	1.426070	89	110	11	745.786
0.261799	1.732874	-0.951685	92	1	104	745.783
2.879793	0.615174	-0.666022	94	102	109	744.611
-3.141593	2.637879	2.121598	101	104	107	744.446
-1.570796	1.128190	-2.288622	9	8	15	744.084
0.523599	1.574060	2.783565	89	6	1	743.948
-1.570796	1.374601	-2.456031	7	6	18	743.776
-3.141593	0.850607	-1.335383	90	104	109	743.105
-2.879793	0.850607	-1.335383	95	101	107	742.827
-1.570796	0.929350	-2.910676	10	6	16	742.673
2.879793	1.599406	1.426070	86	1	11	742.636
-0.523599	1.256302	0.062705	104	2	93	742.144
-1.832596	1.184361	0.625864	104	101	99	742.056
2.617994	0.370812	-2.547742	99	104	8	741.875
-1.832596	0.496451	0.593859	99	101	105	741.628
0.785398	1.909857	-0.381669	97	110	12	740.973
-2.094395	2.579248	-2.364801	90	7	92	740.478
0.000000	0.619654	-2.216909	96	22	12	739.653
2.356194	1.301460	-0.509251	15	91	97	739.161
0.523599	2.033014	2.977192	2	13	23	738.947
0.261799	1.658653	-2.409879	103	7	95	738.693
0.523599	0.685216	-1.712745	96	0	90	738.434
-0.785398	0.615174	-0.666022	97	108	97	737.854
1.570796	2.299159	2.264663	0	13	24	737.485
2.094395	0.203748	0.590255	97	101	103	736.910
-1.308997	2.704512	1.488683	96	104	109	736.328
-2.879793	2.251330	-2.330739	17	21	6	735.598
-1.308997	1.391910	3.030322	86	106	110	735.449
-2.617994	1.168678	2.108595	93	2	11	735.061
-2.879793	1.310100	1.488307	93	105	10	734.942
1.308997	1.662363	0.915448	13	9	94	734.856
1.047198	0.700570	1.559208	87	13	2	734.689
1.047198	1.391910	3.030322	108	17	20	734.459
-1.570796	1.904882	-1.478089	5	9	91	734.372
0.261799	0.615174	-0.666022	95	107	107	734.052
-1.832596	1.256302	0.062705	105	106	94	733.028
-2.617994	1.218453	2.777284	95	1	12	732.874
-2.879793	0.419640	2.974122	100	103	7	731.889
0.523599	2.115563	0.685730	101	102	100	731.295
-0.261799	1.417623	-0.202254	103	4	93	730.709
2.094395	1.870545	-2.976234	6	18	16	730.707
-2.617994	0.297065	2.160177	95	106	4	730.666
-2.356194	2.881233	-2.582574	95	5	91	730.455
-2.356194	0.290380	-0.796960	100	104	99	729.895
-2.879793	0.571433	-1.188419	97	99	106	729.809
2.617994	1.658653	-2.409879	87	3	102	729.748
-2.617994	1.134796	2.434290	95	2	13	729.144
1.832596	0.370812	-2.547742	91	0	8	728.448
2.356194	1.812176	0.656819	110	9	93	728.196
-2.356194	2.164094	-2.991358	86	15	98	726.631
2.879793	2.153910	-1.714959	92	107	109	726.514
-2.879793	1.599406	1.426070	91	109	12	726.082
-1.570796	1.450119	-2.739050	6	2	19	725.908
0.523599	1.812176	0.656819	101	101	105	725.826
-0.523599	0.762244	-0.273349	99	108	98	724.636
0.523599	1.413347	-1.339188	92	108	107	724.266
-2.879793	1.617114	-1.572037	100	2	98	724.122
-2.617994	1.824694	1.850876	88	1	3	723.732
2.879793	2.587733	0.232235	89	0	106	721.998
-2.094395	2.164094	-2.991358	88	6	97	721.518
-2.356194	2.153910	-1.714959	19	18	13	721.483
0.523599	1.391910	3.030322	1	13	18	721.472
-1.832596	1.367556	0.358405	107	104	96	721.243
-2.094395	1.870545	-2.976234	97	103	104	721.193
-2.617994	1.310100	1.488307	97	103	11	720.905
2.356194	1.606104	-0.451151	12	90	97	720.711
-0.785398	0.992645	-1.723759	97	24	10	720.609
0.523599	1.214854	-1.966664	106	94	5	720.115
-2.356194	1.846342	-1.796954	21	16	11	719.667
-1.308997	1.218453	2.777284	85	105	2	719.515
1.570796	0.961715	0.014085	15	100	95	719.093
0.523599	1.325504	-1.671296	106	92	1	718.839
0.261799	1.488617	1.159546	20	1	96	717.032
2.356194	0.370812	-2.547742	97	106	8	716.423
-2.094395	1.367556	0.358405	102	103	97	716.198
2.094395	1.417623	-0.202254	11	93	95	716.189
-0.261799	1.875281	0.107086	21	2	97	715.874
1.570796	2.579248	-2.364801	91	4	109	715.761
-2.094395	2.456751	-1.503343	19	26	0	715.631
1.047198	1.812176	0.656819	12	8	93	715.498
-1.308997	2.719179	-1.780644	93	111	91	715.275
-0.261799	1.554776	0.100351	107	4	93	715.029
-2.356194	2.115563	0.685730	93	111	103	714.971
-1.570796	1.569311	-3.003978	87	109	106	714.946
-1.832596	1.569311	-3.003978	5	108	20	714.924
2.094395	1.194549	-0.801900	15	90	101	714.204
-2.356194	1.247695	1.809890	88	5	109	714.184
-3.141593	0.866955	-0.931351	95	101	111	713.895
-2.617994	1.977582	0.969896	100	95	108	713.862
-2.094395	1.413430	2.550734	110	98	14	713.639
-2.617994	1.555207	1.708892	98	105	14	713.520
0.523599	1.869911	2.701025	92	3	3	713.496
-0.261799	0.619654	-2.216909	98	25	11	713.234
-3.141593	1.909857	-0.381669	18	88	100	712.707
2.094395	1.606104	-0.451151	11	91	98	712.209
-0.523599	1.242974	-2.977882	9	15	16	712.168
-0.261799	1.256302	0.062705	106	1	92	712.118
-2.879793	1.555207	1.708892	94	107	14	711.990
-0.261799	0.762244	-0.273349	95	110	102	711.689
-2.879793	1.128190	-2.288622	5	107	17	710.689
-2.356194	1.870545	-2.976234	85	16	103	710.587
0.261799	0.866955	-0.931351	95	106	104	710.532
-2.356194	0.370812	-2.547742	90	3	14	710.244
-1.832596	0.418037	1.360082	96	105	0	709.296
2.356194	2.001437	0.381215	110	5	93	709.240
-3.141593	1.135834	-1.431087	90	1	103	709.217
-1.570796	1.736875	3.023612	90	109	101	709.187
0.261799	1.683268	0.374177	16	6	93	709.136
-2.094395	2.455966	-0.641220	27	103	103	708.712
-3.141593	0.733948	3.021411	99	105	12	708.164
2.879793	2.393226	1.857173	101	104	104	708.093
0.523599	1.658653	-2.409879	4	9	18	707.914
-1.047198	0.685216	-1.712745	11	30	107	707.879
-2.356194	1.555207	1.708892	106	91	107	707.301
-2.617994	0.864993	2.278281	94	108	7	706.916
-1.570796	2.979456	-1.009304	92	106	105	706.839
-0.523599	0.290380	-0.796960	95	105	103	706.693
1.570796	1.812176	0.656819	6	10	92	706.463
-2.617994	2.247462	0.191623	21	2	97	706.162
-1.047198	0.080730	-2.622036	96	107	98	705.916
-2.356194	1.977582	0.969896	104	92	0	705.738
2.356194	0.640596	-2.797608	94	109	12	705.576
-2.879793	0.864993	2.278281	91	111	8	705.173
0.785398	1.014500	0.906702	21	111	97	705.012
-2.617994	1.391910	3.030322	94	5	13	705.000
-2.356194	1.310100	1.488307	89	6	106	704.731
-1.308997	0.929350	-2.910676	10	3	16	704.471
-0.523599	1.113094	-0.272241	102	111	95	704.107
2.879793	1.756530	-2.105156	86	1	105	703.843
-1.832596	2.579248	-2.364801	89	4	93	703.102
-2.617994	1.846342	-1.796954	17	20	7	702.969
1.047198	0.379747	-1.713059	95	105	2	702.905
1.832596	1.683268	0.374177	8	10	92	702.506
2.617994	0.640596	-2.797608	97	107	12	702.430
-0.785398	0.290380	-0.796960	93	108	103	702.288
0.523599	2.295480	1.008277	100	104	97	702.266
2.356194	2.407836	1.410646	101	103	104	702.185
-3.141593	1.904882	-1.478089	102	104	99	702.145
2.617994	2.456751	-1.503343	100	109	101	701.976
-2.617994	1.809167	1.213774	98	96	109	701.933
0.785398	2.115563	0.685730	100	101	105	701.583
-1.832596	1.391910	3.030322	1	108	19	701.563
-1.832596	1.574060	2.783565	103	110	92	701.456
-2.879793	1.134796	2.434290	93	4	12	701.082
2.094395	2.356369	3.005869	14	21	10	700.662
-2.094395	1.569311	-3.003978	111	109	20	700.621
-2.879793	1.824694	1.850876	14	14	91	700.601
1.047198	1.367556	0.358405	13	3	92	700.557
0.785398	1.504028	0.636812	14	1	94	700.555
-0.261799	0.899350	-2.069907	96	22	13	700.233
-3.141593	0.297065	2.160177	92	108	6	700.192
-1.308997	0.496451	0.593859	96	106	109	700.007
-2.094395	2.349581	-2.702517	88	6	95	699.917
0.523599	1.450119	-2.739050	5	10	16	699.673
-0.261799	0.458961	-0.107937	98	104	110	699.338
2.879793	2.588535	-2.976617	12	24	7	699.172
2.094395	1.510910	-0.740472	12	89	100	698.784
-2.094395	2.115563	0.685730	24	95	103	698.630
-1.047198	1.335669	0.897240	8	14	16	698.420
2.879793	2.187132	-0.479875	19	94	103	698.342
-0.261799	1.599406	1.426070	92	103	105	698.065
1.308997	1.450119	-2.739050	111	12	18	697.908
2.617994	2.588535	-2.976617	15	24	4	697.635
2.356194	1.510910	-0.740472	15	89	100	697.595
-3.141593	2.251330	-2.330739	13	18	15	697.233
0.785398	1.135813	-2.658866	15	23	2	697.086
0.261799	1.391910	3.030322	2	12	18	697.083
2.356194	2.115563	0.685730	108	7	94	696.547
-2.617994	1.872854	1.543456	94	108	15	696.217
0.785398	0.864993	2.278281	96	110	95	696.127
0.523599	1.014500	0.906702	22	110	97	696.034
-0.785398	0.899350	-2.069907	103	106	99	695.861
-0.523599	0.571433	-1.188419	94	111	97	695.735
0.785398	1.869911	2.701025	92	1	1	695.335
-1.832596	2.592629	0.909713	94	106	106	695.327
-1.570796	2.588535	-2.976617	99	105	4	694.339
1.047198	2.724429	-0.348782	95	109	105	694.309
2.617994	1.875281	0.107086	111	9	93	694.197
-1.047198	0.615174	-0.666022	95	111	97	693.747
-1.308997	0.762244	-0.273349	97	110	97	693.617
-0.261799	0.961715	0.014085	105	109	93	693.584
-2.356194	0.864993	2.278281	97	105	6	693.392
-0.261799	2.343981	-1.040456	98	0	13	692.854
-1.832596	1.450119	-2.739050	7	111	19	692.752
1.308997	1.413430	2.550734	12	25	4	692.516
-1.832596	0.203748	0.590255	96	101	105	692.373
-1.308997	1.135813	-2.658866	8	6	16	692.367
-1.047198	1.569311	-3.003978	0	1	19	691.771
0.261799	2.379497	0.561089	105	103	88	691.296
-3.141593	1.872854	1.543456	90	111	16	690.896
2.356194	2.404280	-0.174044	89	2	103	690.845
-2.356194	0.591903	2.010408	95	106	4	690.771
0.523599	1.606104	-0.451151	96	111	99	690.448
2.617994	1.721184	-0.153948	14	100	95	690.085
-1.570796	0.458961	-0.107937	96	108	95	689.987
0.000000	1.325504	-1.671296	91	5	100	689.895
-1.570796	0.709924	0.218797	101	103	99	689.850
2.356194	0.203748	0.590255	97	105	99	689.820
-3.141593	1.662363	0.915448	25	1	101	689.656
0.523599	1.683268	0.374177	16	7	93	689.079
-2.879793	0.379747	-1.713059	89	104	103	688.840
0.523599	2.379497	0.561089	97	102	105	688.466
-3.141593	2.299159	2.264663	100	105	102	688.381
0.261799	1.195355	1.200319	21	110	96	688.261
-0.523599	0.733948	3.021411	4	18	15	687.977
-0.261799	1.214854	-1.966664	97	22	16	687.398
-2.094395	2.592629	0.909713	93	109	105	686.713
-2.879793	2.295480	1.008277	95	96	2	686.652
-0.261799	0.960688	-0.577532	99	109	98	686.299
-2.356194	2.379497	0.561089	93	110	103	685.966
1.047198	1.450119	-2.739050	2	14	17	685.877
-2.356194	2.073035	2.027405	89	2	4	685.800
-0.261799	0.850607	-1.335383	95	0	95	685.704
1.047198	1.909857	-0.381669	111	14	92	685.695
0.000000	0.685216	-1.712745	92	18	10	685.685
-2.617994	1.184361	0.625864	100	97	101	685.380
0.785398	2.404280	-0.174044	97	107	10	685.171
0.785398	1.450119	-2.739050	15	23	1	685.086
-0.785398	1.050534	3.042579	7	13	17	684.993
-2.617994	2.073035	2.027405	12	11	90	684.795
-0.523599	0.899350	-2.069907	98	23	14	684.271
-2.879793	1.696674	-1.253233	98	1	100	684.265
-2.617994	1.766067	2.153843	89	2	7	684.239
2.879793	2.343981	-1.040456	98	111	99	684.193
0.785398	1.134497	-1.109631	93	106	1	683.953
-2.094395	0.496451	0.593859	96	102	105	683.747
-2.094395	1.214854	-1.966664	8	14	16	683.377
0.000000	1.545873	-1.877082	89	8	102	683.282
0.261799	1.134497	-1.109631	93	108	106	683.081
-0.785398	0.458961	-0.107937	94	108	106	682.550
-2.617994	2.404280	-0.174044	22	94	103	682.502
-0.785398	2.979456	-1.009304	96	2	87	682.384
0.000000	1.391910	3.030322	90	14	109	682.085
0.523599	0.992645	-1.723759	90	2	7	681.722
-3.141593	2.455966	-0.641220	21	94	104	681.537
0.523599	1.256302	0.062705	6	29	2	681.534
-2.617994	0.914445	2.687814	97	106	9	681.490
0.523599	1.433411	-1.035986	94	108	103	681.178
0.523599	1.741644	-2.695914	101	3	98	680.667
1.047198	0.864993	2.278281	101	107	93	680.661
-2.356194	2.478122	2.609777	95	108	16	680.640
-3.141593	2.089241	-0.114193	15	93	97	679.900
1.832596	1.574060	2.783565	6	4	18	679.879
0.523599	2.592629	0.909713	107	108	86	679.474
-0.523599	0.685216	-1.712745	96	23	9	679.384
-1.047198	1.218453	2.777284	89	101	2	679.329
-2.356194	1.134497	-1.109631	96	4	100	679.068
-3.141593	2.180315	-1.357379	93	106	111	678.674
2.094395	1.977582	0.969896	109	11	94	678.213
-1.832596	1.413430	2.550734	86	12	102	678.071
2.356194	1.977582	0.969896	107	10	94	677.678
1.047198	1.504028	0.636812	14	7	93	677.652
-2.879793	2.478122	2.609777	99	104	105	677.592
0.261799	0.618092	2.539118	97	110	95	677.556
-1.047198	2.251330	-2.330739	97	15	21	677.470
1.570796	1.846342	-1.796954	87	107	102	677.455
-2.879793	2.089241	-0.114193	13	1	93	677.008
2.617994	0.080730	-2.622036	97	109	10	676.612
2.094395	0.370812	-2.547742	94	110	9	676.513
-1.832596	2.455966	-0.641220	28	107	103	676.204
2.879793	0.733948	3.021411	96	108	12	676.124
0.785398	0.297065	2.160177	98	107	96	675.830
-2.094395	0.709924	0.218797	98	107	93	675.803
-2.879793	2.187132	-0.479875	95	0	100	675.550
2.617994	1.756530	-2.105156	86	5	104	675.425
-2.617994	1.869911	2.701025	10	109	22	675.412
-2.094395	0.370812	-2.547742	91	0	14	674.821
2.617994	1.606104	-0.451151	17	100	96	674.223
-1.832596	1.736875	3.023612	82	5	103	673.790
-1.308997	2.592629	0.909713	22	94	105	673.051
0.785398	2.247462	0.191623	101	99	3	672.812
0.523599	1.135834	-1.431087	91	111	5	672.669
-0.523599	2.153910	-1.714959	10	11	18	672.599
-2.094395	0.961715	0.014085	100	108	92	672.471
1.047198	0.831641	0.616218	21	107	97	672.138
-0.523599	2.724429	-0.348782	95	107	94	671.966
1.570796	1.374601	-2.456031	88	103	105	671.727
1.570796	1.128190	-2.288622	90	104	99	671.620
0.785398	2.033014	2.977192	93	0	111	671.402
-1.047198	1.134796	2.434290	88	103	1	671.388
0.261799	1.135813	-2.658866	101	4	95	671.199
-2.094395	2.247462	0.191623	24	97	101	670.970
2.879793	0.864993	2.278281	88	11	7	670.940
-2.617994	0.992645	-1.723759	97	102	101	670.858
-1.570796	1.812176	0.656819	18	8	93	670.838
-2.356194	2.587733	0.232235	95	108	102	670.753
-3.141593	1.741644	-2.695914	19	106	100	670.345
0.785398	0.458961	-0.107937	98	111	18	670.032
-2.094395	2.881233	-2.582574	96	2	89	669.641
1.308997	2.251330	-2.330739	92	6	104	669.618
0.261799	0.370812	-2.547742	10	26	111	669.586
0.261799	0.709924	0.218797	96	108	16	669.517
0.261799	1.325504	-1.671296	91	2	100	669.449
1.047198	1.256302	0.062705	7	92	95	669.255
0.261799	1.413430	2.550734	4	16	18	669.251
-2.356194	2.664082	-1.071402	28	104	107	668.936
1.047198	1.045978	0.343692	11	94	94	668.909
-2.879793	2.108018	1.311430	87	3	109	668.808
0.785398	2.001437	0.381215	100	99	2	668.551
0.261799	0.929350	-2.910676	98	3	98	668.547
-0.785398	0.960688	-0.577532	100	110	95	668.419
0.261799	0.685216	-1.712745	90	15	10	668.217
1.047198	0.619654	-2.216909	94	108	93	668.190
-2.879793	1.977582	0.969896	94	97	109	668.010
0.785398	0.618092	2.539118	15	21	6	667.477
0.785398	1.045978	0.343692	91	1	104	667.354
0.000000	1.417623	-0.202254	103	3	93	667.287
0.785398	1.977582	0.969896	99	102	102	667.235
1.308997	1.606104	-0.451151	110	10	89	667.207
-2.879793	1.812176	0.656819	97	97	102	667.104
-2.617994	2.881233	-2.582574	95	7	91	667.074
-2.879793	1.135813	-2.658866	3	105	18	667.018
-0.785398	1.218453	2.777284	14	12	16	666.747
1.570796	1.606104	-0.451151	109	8	90	666.580
1.308997	2.588535	-2.976617	95	107	2	666.521
0.523599	1.195355	1.200319	19	111	96	666.458
1.570796	0.674054	1.013609	89	13	4	666.238
2.356194	2.979456	-1.009304	96	106	105	666.158
2.617994	2.247462	0.191623	89	3	102	666.142
0.523599	2.001437	0.381215	98	101	109	666.031
-2.879793	2.073035	2.027405	13	10	90	665.928
0.261799	0.619654	-2.216909	94	20	12	665.522
0.523599	0.899350	-2.069907	89	6	9	665.508
2.617994	2.979456	-1.009304	98	105	106	665.358
-0.261799	1.218453	2.777284	7	16	17	665.261
2.617994	0.762244	-0.273349	95	102	110	665.152
-1.570796	0.831641	0.616218	102	102	101	665.131
0.000000	0.961715	0.014085	97	110	102	664.801
-2.356194	1.683268	0.374177	17	5	91	664.798
1.308997	0.866395	-2.492918	91	106	97	664.713
-3.141593	0.571433	-1.188419	91	102	107	664.562
-1.308997	1.113094	-0.272241	104	108	94	664.502
-3.141593	2.587733	0.232235	90	109	106	664.225
-0.523599	1.247695	1.809890	96	98	105	664.026
-3.141593	2.187132	-0.479875	94	2	100	663.946
-2.094395	2.863997	0.549740	97	104	106	663.802
-2.356194	1.662363	0.915448	94	3	100	663.666
0.523599	0.458961	-0.107937	96	0	18	663.430
0.785398	2.407836	1.410646	2	104	88	662.958
1.570796	1.448123	-2.163292	89	103	102	662.695
1.308997	1.904882	-1.478089	108	21	99	662.669
-1.832596	0.700570	1.559208	100	16	96	662.531
0.000000	2.001437	0.381215	5	21	95	662.260
1.308997	0.709924	0.218797	20	103	98	661.848
2.617994	0.458961	-0.107937	96	101	106	661.808
-2.094395	1.135834	-1.431087	24	23	108	661.705
0.000000	1.809167	1.213774	103	98	96	661.628
-1.047198	0.929350	-2.910676	12	3	16	661.549
0.261799	1.301460	-0.509251	99	109	98	661.338
-3.141593	2.396274	-1.959260	17	17	13	661.293
1.047198	1.325504	-1.671296	92	106	8	661.264
1.832596	2.356369	3.005869	12	21	13	660.729
1.570796	2.704512	1.488683	111	3	85	660.614
-1.308997	2.396274	-1.959260	88	109	97	660.223
-1.832596	2.174483	2.653697	90	5	9	660.174
-1.570796	2.041297	-2.664597	92	109	96	660.167
0.261799	2.247462	0.191623	104	100	90	660.077
-2.356194	2.180315	-1.357379	21	18	9	659.966
-1.570796	1.696674	-1.253233	111	12	92	659.826
2.356194	0.850607	-1.335383	106	104	15	659.615
-2.094395	1.391910	3.030322	111	106	19	659.613
1.047198	2.881233	-2.582574	98	105	108	659.609
-2.356194	0.615174	-0.666022	102	103	102	659.540
0.000000	0.615174	-0.666022	94	108	105	659.435
2.356194	0.914445	2.687814	88	12	10	659.175
0.000000	2.104282	-0.813972	96	2	13	658.895
1.832596	1.766067	2.153843	1	28	0	658.820
1.832596	1.904882	-1.478089	87	107	101	658.694
2.879793	2.637879	2.121598	99	104	105	658.332
2.879793	2.180315	-1.357379	101	110	99	658.275
-2.356194	1.417623	-0.202254	108	104	92	658.254
0.000000	0.866955	-0.931351	94	109	104	658.227
2.617994	0.709924	0.218797	21	100	104	658.179
-1.570796	1.218453	2.777284	84	111	1	658.178
-1.832596	1.617114	-1.572037	0	15	93	658.088
-0.785398	0.866955	-0.931351	97	0	95	658.000
-2.617994	2.637879	2.121598	92	107	13	657.685
-0.523599	0.080730	-2.622036	100	105	97	657.590
-1.832596	2.073035	2.027405	23	19	5	657.585
-2.617994	1.875281	0.107086	106	97	98	657.381
2.356194	2.089241	-0.114193	90	4	99	657.180
0.000000	1.872854	1.543456	96	105	97	657.059
0.785398	1.413430	2.550734	89	5	2	657.023
-2.617994	1.413430	2.550734	95	4	14	657.013
0.523599	0.419640	2.974122	98	105	0	656.999
-1.570796	1.135813	-2.658866	8	3	17	656.952
1.308997	0.619654	-2.216909	93	107	7	656.791
1.308997	1.135813	-2.658866	88	107	101	656.725
2.617994	0.615174	-0.666022	91	104	109	656.533
-2.617994	0.571433	-1.188419	96	106	100	656.483
0.785398	2.174483	2.653697	93	0	6	656.405
2.094395	1.113094	-0.272241	14	95	94	656.132
0.000000	2.108018	1.311430	92	107	99	655.992
-2.094395	1.574060	2.783565	102	110	92	655.779
0.523599	1.736875	3.023612	90	3	111	655.756
-1.832596	2.251330	-2.330739	96	103	98	655.646
-1.047198	0.961715	0.014085	103	108	96	655.539
2.617994	2.704512	1.488683	102	103	106	655.441
-2.356194	2.001437	0.381215	19	4	94	655.283
0.785398	2.356369	3.005869	92	1	2	655.174
0.523599	2.174483	2.653697	92	2	4	655.168
-1.570796	1.325504	-1.671296	8	4	15	654.982
1.308997	0.418037	1.360082	95	107	99	654.965
-2.356194	2.588535	-2.976617	91	8	91	654.860
-2.356194	2.089241	-0.114193	23	97	99	654.749
-2.617994	2.393226	1.857173	94	102	10	654.586
-1.570796	2.719179	-1.780644	92	1	92	654.565
-2.879793	2.760637	2.781135	103	2	88	654.427
0.000000	0.960688	-0.577532	96	108	101	654.339
1.832596	2.153910	-1.714959	88	104	106	654.329
2.879793	1.721184	-0.153948	5	6	91	653.983
-0.523599	1.846342	-1.796954	11	12	16	653.899
-1.308997	0.866395	-2.492918	2	19	17	653.792
-2.356194	2.138223	1.678323	89	1	1	653.694
2.094395	1.658653	-2.409879	89	10	101	653.611
2.879793	2.724429	-0.348782	95	104	106	653.523
0.523599	1.662363	0.915448	97	103	105	653.411
-2.094395	2.153910	-1.714959	17	26	1	653.410
0.523599	1.569311	-3.003978	99	0	100	653.386
-2.356194	1.194549	-0.801900	93	3	103	653.265
2.094395	1.301460	-0.509251	13	91	97	653.248
-0.261799	1.135834	-1.431087	93	5	99	653.192
-0.523599	1.450119	-2.739050	11	15	18	653.068
-1.570796	2.033014	2.977192	103	110	18	652.994
1.047198	0.899350	-2.069907	92	109	94	652.711
-1.047198	1.391910	3.030322	88	103	108	652.406
1.047198	2.704512	1.488683	111	110	86	652.288
1.047198	1.135834	-1.431087	94	105	4	652.170
-2.356194	1.184361	0.625864	101	98	100	652.154
1.308997	2.349581	-2.702517	93	2	105	652.145
-2.356194	2.396274	-1.959260	16	25	3	651.980
0.523599	2.343981	-1.040456	89	4	105	651.890
-2.094395	2.760637	2.781135	93	0	16	651.828
2.617994	1.836682	-0.676006	15	85	101	651.745
0.261799	1.836682	-0.676006	94	2	101	651.543
-1.047198	2.592629	0.909713	23	97	105	651.524
-2.879793	0.992645	-1.723759	92	1	99	651.327
2.356194	2.719179	-1.780644	100	107	103	651.325
-1.570796	0.910508	1.903534	97	9	95	650.760
1.570796	1.554776	0.100351	10	6	91	650.733
1.047198	0.685216	-1.712745	93	108	8	650.669
0.785398	1.569311	-3.003978	94	2	103	650.395
-3.141593	1.617114	-1.572037	0	107	18	650.384
2.879793	2.251330	-2.330739	14	16	15	650.175
2.617994	2.396274	-1.959260	92	108	109	650.090
-3.141593	2.104282	-0.813972	98	1	97	649.980
2.617994	2.587733	0.232235	87	3	106	649.778
0.000000	1.310100	1.488307	22	102	102	649.712
-1.832596	0.831641	0.616218	100	101	106	649.710
-1.308997	1.732874	-0.951685	0	9	92	649.511
0.523599	0.297065	2.160177	95	108	97	649.268
-2.879793	1.113094	-0.272241	106	104	88	649.204
-0.523599	0.866955	-0.931351	97	1	94	649.056
1.570796	1.135813	-2.658866	90	103	101	648.619
-2.617994	0.850607	-1.335383	96	106	100	648.618
1.047198	2.588535	-2.976617	93	1	111	648.561
-2.094395	0.899350	-2.069907	17	18	9	648.358
-2.617994	2.115563	0.685730	103	92	109	648.185
-0.523599	0.640596	-2.797608	15	20	9	647.843
2.617994	0.992645	-1.723759	104	104	13	647.809
-1.308997	0.960688	-0.577532	101	110	93	647.803
1.832596	1.875281	0.107086	7	9	92	647.780
1.308997	0.961715	0.014085	16	101	97	647.537
-2.617994	2.153910	-1.714959	22	21	2	647.250
1.832596	0.458961	-0.107937	25	3	100	646.804
2.617994	1.325504	-1.671296	106	104	15	646.771
2.879793	1.836682	-0.676006	17	86	101	646.769
1.047198	1.736875	3.023612	92	111	108	646.765
-3.141593	2.588535	-2.976617	9	25	7	646.406
1.832596	2.073035	2.027405	0	28	0	646.367
-3.141593	0.929350	-2.910676	108	101	15	646.268
-1.308997	2.164094	-2.991358	102	0	20	646.122
-1.570796	2.164094	-2.991358	102	0	20	646.097
-0.261799	1.045978	0.343692	98	110	100	645.830
0.261799	1.367556	0.358405	96	102	7	645.734
-2.879793	1.872854	1.543456	92	109	16	645.361
-3.141593	2.379497	0.561089	89	2	105	645.337
-1.832596	1.113094	-0.272241	101	109	94	645.130
2.356194	2.153910	-1.714959	101	110	98	645.120
-1.832596	2.356369	3.005869	99	111	19	644.854
1.570796	1.545873	-1.877082	88	104	103	644.782
2.356194	2.041297	-2.664597	90	111	103	644.700
-0.523599	1.617114	-1.572037	20	4	97	644.555
1.308997	1.699788	2.452890	11	26	4	644.543
-1.308997	0.615174	-0.666022	97	1	93	644.540
0.261799	1.812176	0.656819	94	103	110	644.519
2.617994	0.733948	3.021411	90	2	10	644.388
-0.523599	1.218453	2.777284	14	13	16	644.327
-2.617994	1.554776	0.100351	103	100	96	644.170
0.261799	0.571433	-1.188419	93	108	111	644.112
-1.832596	0.850607	-1.335383	18	27	106	643.836
0.523599	2.587733	0.232235	100	100	106	643.530
1.570796	2.295480	1.008277	101	100	105	643.477
1.832596	1.741644	-2.695914	1	13	18	643.162
-1.570796	2.356369	3.005869	100	109	19	643.132
1.308997	1.128190	-2.288622	90	106	98	642.827
-2.356194	1.824694	1.850876	11	18	92	642.702
0.261799	1.413347	-1.339188	91	111	108	642.366
1.308997	0.674054	1.013609	90	15	5	642.190
1.570796	2.592629	0.909713	102	100	106	641.870
0.523599	2.407836	1.410646	93	106	100	641.825
0.000000	0.866395	-2.492918	101	3	94	641.760
-1.832596	1.870545	-2.976234	88	2	98	641.641
1.570796	1.301460	-0.509251	2	7	87	641.390
1.308997	0.370812	-2.547742	91	111	6	641.380
-2.617994	0.674054	1.013609	95	101	102	641.312
2.094395	2.579248	-2.364801	98	100	1	641.295
-0.261799	1.135813	-2.658866	2	5	19	641.134
0.261799	1.025536	1.576859	21	102	102	640.877
-2.356194	2.108018	1.311430	21	98	103	640.748
-2.879793	2.407836	1.410646	86	4	0	640.716
-2.879793	1.218453	2.777284	95	4	15	640.616
0.000000	1.113094	-0.272241	102	0	93	640.582
-2.094395	1.134497	-1.109631	95	3	100	640.204
0.261799	0.961715	0.014085	98	109	101	639.990
-2.356194	2.343981	-1.040456	27	103	103	639.851
0.000000	1.335669	0.897240	15	98	95	639.829
-2.356194	1.766067	2.153843	90	1	5	639.748
-2.617994	1.050534	3.042579	110	102	16	639.742
1.047198	1.683268	0.374177	11	5	92	639.736
-2.617994	0.458961	-0.107937	95	110	7	639.726
2.094395	2.033014	2.977192	9	19	13	639.700
2.094395	2.979456	-1.009304	93	108	105	639.671
-0.523599	1.214854	-1.966664	96	21	14	639.638
1.308997	1.448123	-2.163292	87	109	99	639.577
-1.047198	0.899350	-2.069907	109	110	93	639.553
-2.094395	1.869911	2.701025	105	105	19	639.489
1.308997	2.295480	1.008277	98	103	103	639.471
-2.094395	1.184361	0.625864	91	1	104	639.424
0.261799	2.104282	-0.813972	99	0	15	639.140
-2.617994	1.662363	0.915448	91	8	101	638.856
-2.356194	1.875281	0.107086	20	96	95	638.849
1.832596	0.709924	0.218797	17	105	92	638.564
-1.308997	0.685216	-1.712745	15	29	107	638.430
-2.094395	1.450119	-2.739050	7	109	20	638.372
-1.308997	1.050534	3.042579	0	14	91	638.331
1.308997	2.041297	-2.664597	11	92	12	638.253
1.832596	1.413430	2.550734	88	105	11	638.251
2.356194	1.504028	0.636812	3	11	92	638.219
-3.141593	2.664082	-1.071402	94	2	105	638.192
2.617994	1.374601	-2.456031	88	5	99	637.947
2.879793	0.866955	-0.931351	91	104	0	637.944
0.261799	1.809167	1.213774	94	103	103	637.841
1.047198	2.379497	0.561089	103	99	106	637.799
1.832596	2.579248	-2.364801	92	0	108	637.772
0.261799	2.180315	-1.357379	88	5	107	637.762
0.523599	1.374601	-2.456031	9	16	92	637.619
-1.570796	2.115563	0.685730	20	7	95	637.562
1.570796	1.741644	-2.695914	12	4	15	637.543
-2.094395	2.299159	2.264663	100	102	14	637.530
-2.356194	1.413430	2.550734	100	4	91	637.458
-2.879793	0.866955	-0.931351	6	4	85	637.374
-1.570796	0.203748	0.590255	94	108	0	637.301
1.308997	0.831641	0.616218	17	97	99	637.289
2.879793	2.881233	-2.582574	18	25	110	637.281
2.356194	2.455966	-0.641220	92	109	102	637.187
1.047198	0.080730	-2.622036	91	106	107	637.157
1.308997	2.407836	1.410646	110	27	107	637.137
-2.356194	2.637879	2.121598	94	105	14	637.092
-1.832596	0.379747	-1.713059	17	25	110	636.963
0.000000	1.504028	0.636812	92	9	103	636.911
-2.879793	1.662363	0.915448	25	3	101	636.833
-2.617994	2.587733	0.232235	95	110	102	636.831
-2.094395	2.180315	-1.357379	22	25	110	636.717
1.570796	0.929350	-2.910676	90	104	101	636.640
-2.879793	2.587733	0.232235	96	104	107	636.599
-2.617994	0.685216	-1.712745	97	102	100	636.584
-2.617994	1.683268	0.374177	102	98	99	636.317
-2.094395	1.256302	0.062705	102	107	94	636.113
2.879793	1.683268	0.374177	0	2	91	635.887
-2.879793	2.247462	0.191623	11	86	98	635.727
-1.570796	1.242974	-2.977882	7	111	18	635.518
2.617994	2.393226	1.857173	102	103	101	635.499
2.617994	2.592629	0.909713	16	13	14	635.477
-1.570796	1.998705	2.370472	107	100	12	635.384
-2.094395	2.343981	-1.040456	20	20	7	635.238
1.308997	2.299159	2.264663	1	15	24	635.147
0.785398	0.762244	-0.273349	101	109	17	635.128
-0.261799	0.929350	-2.910676	5	23	13	635.119
0.523599	1.721184	-0.153948	111	93	98	635.034
0.000000	0.992645	-1.723759	91	3	102	635.014
-0.261799	2.984978	1.954446	21	94	109	635.004
-0.261799	0.615174	-0.666022	98	106	101	634.933
1.570796	1.214854	-1.966664	91	104	97	634.865
-0.261799	1.050534	3.042579	4	19	16	634.760
-2.617994	1.870545	-2.976234	95	14	15	634.626
0.000000	0.899350	-2.069907	95	20	14	634.510
-2.356194	1.050534	3.042579	0	100	15	634.455
0.000000	0.370812	-2.547742	99	25	10	634.349
-0.523599	1.301460	-0.509251	101	2	96	634.174
0.000000	0.080730	-2.622036	96	108	3	634.165
1.570796	0.619654	-2.216909	93	107	9	634.152
1.047198	2.073035	2.027405	111	17	23	633.946
-2.617994	2.299159	2.264663	94	107	14	633.866
-1.308997	2.863997	0.549740	23	98	107	633.853
-2.094395	0.379747	-1.713059	97	106	99	633.524
2.617994	2.349581	-2.702517	17	21	5	633.456
-2.094395	2.379497	0.561089	25	95	106	633.397
1.832596	1.440580	2.260026	87	109	13	633.345
-2.094395	0.571433	-1.188419	93	2	106	633.257
0.523599	0.591903	2.010408	93	0	97	633.211
2.356194	2.356369	3.005869	13	22	9	633.176
0.785398	1.683268	0.374177	11	1	93	633.150
-2.617994	1.417623	-0.202254	110	100	91	633.048
-2.356194	0.992645	-1.723759	18	19	6	632.973
-1.570796	1.982574	-1.115518	5	8	90	632.896
-1.570796	1.391910	3.030322	5	107	19	632.889
-2.617994	2.295480	1.008277	100	94	0	632.826
-0.523599	1.606104	-0.451151	96	8	19	632.698
1.308997	1.045978	0.343692	17	105	96	632.630
0.261799	1.310100	1.488307	20	106	99	632.542
1.832596	2.984978	1.954446	106	4	84	632.490
0.000000	1.977582	0.969896	93	105	101	632.322
0.523599	2.247462	0.191623	100	100	109	632.219
-2.094395	0.700570	1.559208	99	102	4	631.967
-0.261799	2.247462	0.191623	6	23	97	631.875
-1.308997	0.899350	-2.069907	21	100	97	631.874
-1.047198	0.496451	0.593859	99	104	108	631.615
-1.570796	1.869911	2.701025	0	100	16	631.579
-2.356194	2.456751	-1.503343	22	24	111	631.518
-0.261799	1.301460	-0.509251	100	1	97	631.460
0.000000	0.864993	2.278281	27	8	111	631.167
-2.094395	0.850607	-1.335383	21	25	105	630.980
0.000000	0.762244	-0.273349	97	106	104	630.774
2.879793	1.448123	-2.163292	86	2	102	630.740
-0.261799	1.325504	-1.671296	91	8	100	630.657
0.785398	0.685216	-1.712745	91	111	8	630.600
-2.879793	2.396274	-1.959260	16	23	4	630.426
-1.047198	2.138223	1.678323	104	108	88	630.423
2.879793	1.872854	1.543456	87	3	16	630.387
-1.570796	1.168678	2.108595	100	7	92	630.288
-0.523599	1.599406	1.426070	91	110	100	630.282
-2.617994	1.433411	-1.035986	96	3	100	630.219
-2.879793	1.683268	0.374177	4	3	91	630.139
-2.879793	2.724429	-0.348782	20	90	106	629.973
-1.308997	2.456751	-1.503343	89	110	94	629.849
0.785398	1.128190	-2.288622	108	94	8	629.846
-0.785398	0.961715	0.014085	105	104	97	629.840
-1.832596	2.396274	-1.959260	87	7	94	629.668
0.785398	0.591903	2.010408	88	11	1	629.571
-0.261799	0.866955	-0.931351	96	0	98	629.562
-3.141593	2.724429	-0.348782	96	106	103	629.488
2.356194	1.658653	-2.409879	87	7	102	629.435
-2.094395	1.335669	0.897240	105	94	104	629.397
-3.141593	1.756530	-2.105156	11	109	18	629.383
1.308997	1.374601	-2.456031	86	108	102	629.173
-2.617994	1.574060	2.783565	97	108	100	629.108
-0.261799	1.184361	0.625864	13	25	6	629.050
-1.832596	0.866395	-2.492918	20	14	10	628.992
-0.523599	1.875281	0.107086	22	110	97	628.969
0.000000	1.135813	-2.658866	99	6	97	628.870
1.308997	2.456751	-1.503343	106	106	95	628.767
-2.094395	1.325504	-1.671296	24	22	0	628.497
-3.141593	1.982574	-1.115518	93	106	110	628.266
-2.356194	1.545873	-1.877082	3	13	94	628.211
1.047198	1.756530	-2.105156	102	9	96	628.048
1.570796	0.379747	-1.713059	97	106	8	628.019
-1.047198	0.914445	2.687814	91	102	6	627.937
-3.141593	1.413430	2.550734	93	9	14	627.713
-1.832596	1.683268	0.374177	16	9	92	627.613
-3.141593	2.247462	0.191623	90	111	104	627.445
-0.523599	1.184361	0.625864	11	21	12	627.431
-2.617994	0.290380	-0.796960	98	105	99	627.366
2.617994	1.741644	-2.695914	89	1	98	627.351
-2.879793	1.325504	-1.671296	15	3	13	627.188
-0.785398	1.721184	-0.153948	20	109	93	627.145
-2.356194	2.295480	1.008277	94	107	108	627.136
-1.832596	2.863997	0.549740	20	90	106	627.105
-2.617994	2.089241	-0.114193	21	94	99	626.987
1.308997	2.115563	0.685730	100	99	109	626.949
-2.617994	2.863997	0.549740	95	104	110	626.649
2.617994	1.948085	-2.363031	86	2	104	626.513
-1.308997	1.870545	-2.976234	107	0	20	626.280
-1.308997	1.736875	3.023612	111	108	19	626.239
2.617994	2.724429	-0.348782	92	110	103	626.049
2.356194	0.458961	-0.107937	94	100	107	626.034
2.617994	0.700570	1.559208	88	105	100	625.987
1.832596	1.374601	-2.456031	90	100	106	625.891
1.308997	1.554776	0.100351	5	93	95	625.815
2.356194	1.194549	-0.801900	17	91	101	625.721
-0.785398	1.242974	-2.977882	4	10	90	625.679
1.570796	1.014500	0.906702	94	109	99	625.627
-1.047198	0.709924	0.218797	101	104	101	625.216
0.523599	0.618092	2.539118	103	100	98	625.164
-2.356194	0.496451	0.593859	95	105	95	625.146
0.261799	1.696674	-1.253233	91	111	107	625.055
1.832596	2.164094	-2.991358	19	17	7	624.959
-1.308997	2.979456	-1.009304	96	0	92	624.916
0.785398	0.850607	-1.335383	91	107	1	624.892
0.523599	2.704512	1.488683	95	108	95	624.859
0.261799	2.295480	1.008277	106	102	90	624.858
2.094395	1.836682	-0.676006	10	88	100	624.772
0.000000	0.496451	0.593859	93	111	16	624.754
0.523599	0.615174	-0.666022	95	106	106	624.586
-2.356194	1.872854	1.543456	97	106	15	624.493
0.523599	2.073035	2.027405	110	92	4	624.332
1.570796	2.984978	1.954446	105	4	84	624.117
0.785398	1.214854	-1.966664	90	0	97	623.996
0.523599	0.709924	0.218797	98	107	15	623.887
-2.094395	1.812176	0.656819	92	108	109	623.757
-2.356194	2.863997	0.549740	23	104	104	623.686
2.617994	2.404280	-0.174044	91	111	103	623.632
1.047198	2.187132	-0.479875	108	103	95	623.596
2.094395	1.391910	3.030322	1	110	18	623.536
-1.047198	2.637879	2.121598	94	106	111	623.529
0.261799	0.960688	-0.577532	97	106	105	623.488
-1.570796	1.413430	2.550734	82	110	110	623.401
-3.141593	1.134497	-1.109631	89	0	106	623.376
1.308997	1.545873	-1.877082	87	111	98	623.346
-3.141593	1.977582	0.969896	24	111	101	623.328
0.261799	1.662363	0.915448	94	102	107	623.300
1.047198	1.836682	-0.676006	110	11	91	623.194
2.617994	1.113094	-0.272241	17	92	97	623.176
-1.570796	2.456751	-1.503343	89	1	95	623.153
2.356194	1.870545	-2.976234	5	16	17	623.114
1.308997	1.367556	0.358405	13	4	91	622.995
-1.570796	2.579248	-2.364801	90	0	93	622.970
-1.308997	1.448123	-2.163292	107	22	19	622.969
-2.356194	1.574060	2.783565	99	108	100	622.807
1.570796	2.174483	2.653697	110	13	26	622.664
-2.879793	1.135834	-1.431087	95	103	105	622.591
-2.094395	1.699788	2.452890	81	9	105	622.584
-2.879793	0.914445	2.687814	95	107	10	622.514
-2.879793	0.960688	-0.577532	109	107	86	622.488
-2.094395	2.001437	0.381215	21	5	94	622.334
-2.356194	2.760637	2.781135	93	1	16	622.227
-3.141593	2.153910	-1.714959	94	104	109	622.174
-0.261799	1.809167	1.213774	18	102	97	621.981
2.617994	2.001437	0.381215	108	6	93	621.964
0.000000	1.662363	0.915448	102	95	100	621.852
0.785398	1.218453	2.777284	87	5	110	621.702
-2.617994	1.721184	-0.153948	109	99	94	621.429
1.832596	1.128190	-2.288622	92	101	99	621.273
-2.879793	1.545873	-1.877082	96	103	102	621.131
-2.879793	2.704512	1.488683	6	17	17	620.906
2.094395	2.719179	-1.780644	93	5	103	620.896
2.094395	1.904882	-1.478089	14	26	6	620.866
-2.879793	2.455966	-0.641220	97	110	100	620.685
1.570796	1.045978	0.343692	14	95	97	620.623
-1.047198	1.756530	-2.105156	102	21	19	620.565
-1.570796	2.704512	1.488683	94	106	109	620.307
1.308997	1.812176	0.656819	13	11	93	620.159
-0.523599	1.413430	2.550734	97	105	96	620.094
-2.617994	0.591903	2.010408	94	108	7	620.037
0.261799	2.455966	-0.641220	99	106	11	619.928
2.094395	2.251330	-2.330739	12	29	103	619.911
2.617994	2.455966	-0.641220	19	94	105	619.613
2.094395	2.760637	2.781135	15	26	1	619.512
-2.356194	2.719179	-1.780644	17	26	3	619.508
0.785398	2.180315	-1.357379	95	2	97	619.505
2.094395	1.812176	0.656819	1	9	93	619.280
-2.617994	2.251330	-2.330739	16	111	95	619.222
1.832596	1.736875	3.023612	98	109	95	619.203
0.523599	1.909857	-0.381669	3	18	92	619.176
-2.356194	1.168678	2.108595	93	110	9	619.007
2.094395	2.588535	-2.976617	15	20	12	618.951
0.000000	2.587733	0.232235	98	103	97	618.771
-0.261799	0.866395	-2.492918	99	21	16	618.696
-0.523599	0.674054	1.013609	89	11	103	618.599
-2.094395	1.836682	-0.676006	15	24	107	618.523
0.000000	2.115563	0.685730	94	104	102	618.472
2.879793	1.606104	-0.451151	101	96	95	618.368
-2.617994	2.180315	-1.357379	22	15	9	618.353
1.570796	1.658653	-2.409879	8	3	17	618.251
-2.094395	1.134796	2.434290	98	6	92	618.222
-1.570796	0.571433	-1.188419	14	21	3	618.217
2.094395	0.379747	-1.713059	99	105	6	617.910
-3.141593	2.343981	-1.040456	18	1	92	617.604
-1.308997	2.033014	2.977192	103	108	16	617.508
-2.094395	1.736875	3.023612	83	9	103	617.493
-2.879793	0.685216	-1.712745	89	104	105	617.337
-0.785398	0.929350	-2.910676	1	7	90	617.299
-1.308997	1.569311	-3.003978	0	0	19	616.735
1.570796	1.699788	2.452890	8	26	4	616.711
0.785398	0.709924	0.218797	91	2	103	616.312
1.832596	2.033014	2.977192	8	21	13	616.278
1.308997	1.168678	2.108595	97	108	93	616.259
-0.261799	1.128190	-2.288622	100	23	18	616.204
1.308997	2.881233	-2.582574	98	106	103	616.202
-0.261799	1.413347	-1.339188	95	6	98	616.124
-1.832596	1.948085	-2.363031	82	8	102	615.873
-2.094395	0.418037	1.360082	96	104	1	615.847
1.832596	0.591903	2.010408	89	16	10	615.558
-0.261799	1.606104	-0.451151	95	3	18	615.372
0.785398	2.379497	0.561089	100	101	106	615.195
-1.832596	0.458961	-0.107937	95	109	95	615.070
0.261799	1.606104	-0.451151	95	2	99	615.022
-2.094395	2.033014	2.977192	84	8	99	615.003
0.785398	2.760637	2.781135	96	108	5	614.996
-2.879793	2.001437	0.381215	92	110	102	614.974
-3.141593	1.683268	0.374177	2	3	91	614.783
-0.523599	1.128190	-2.288622	105	106	97	614.745
2.356194	1.325504	-1.671296	102	18	98	614.735
2.356194	1.134796	2.434290	88	15	10	614.535
-2.617994	2.478122	2.609777	103	100	111	614.502
2.356194	1.662363	0.915448	0	13	93	614.380
2.356194	2.592629	0.909713	16	12	14	614.351
-2.356194	1.869911	2.701025	100	102	111	614.285
-0.261799	0.992645	-1.723759	93	19	11	613.823
2.356194	1.545873	-1.877082	102	16	96	613.725
2.356194	1.741644	-2.695914	7	15	16	613.709
2.356194	1.836682	-0.676006	13	89	100	613.625
0.785398	0.899350	-2.069907	91	0	94	613.418
-2.356194	1.391910	3.030322	108	105	18	613.367
-2.879793	0.733948	3.021411	101	103	11	613.342
-2.617994	2.592629	0.909713	92	110	108	613.274
-3.141593	0.615174	-0.666022	96	99	1	613.169
-0.785398	1.135813	-2.658866	9	18	15	612.725
2.617994	2.089241	-0.114193	91	1	99	612.584
-2.879793	1.870545	-2.976234	95	14	15	612.575
-2.356194	1.433411	-1.035986	96	3	99	612.549
0.261799	0.379747	-1.713059	92	107	104	612.505
0.785398	0.960688	-0.577532	14	4	87	612.505
0.785398	2.704512	1.488683	110	108	86	612.473
-2.094395	1.440580	2.260026	108	96	11	612.423
-2.356194	1.504028	0.636812	103	96	104	612.389
-0.261799	1.555207	1.708892	93	102	104	612.168
-1.570796	0.685216	-1.712745	18	28	107	612.145
-2.356194	0.618092	2.539118	13	9	90	612.138
-1.570796	1.256302	0.062705	105	106	95	612.100
2.356194	0.961715	0.014085	95	102	1	611.975
-2.617994	2.379497	0.561089	95	106	105	611.882
-2.617994	2.407836	1.410646	96	98	7	611.865
2.356194	2.033014	2.977192	4	20	15	611.805
0.261799	1.045978	0.343692	100	109	100	611.669
0.523599	1.184361	0.625864	18	108	94	611.648
2.879793	1.904882	-1.478089	92	107	107	611.611
-1.308997	1.574060	2.783565	1	106	18	611.602
-1.570796	2.592629	0.909713	19	90	103	611.591
0.261799	2.153910	-1.714959	96	108	13	611.587
-2.356194	0.831641	0.616218	97	101	101	611.417
-0.523599	0.929350	-2.910676	14	19	13	611.378
-0.261799	0.709924	0.218797	98	108	100	611.355
0.261799	2.863997	0.549740	104	109	86	611.283
2.094395	2.664082	-1.071402	93	106	104	611.137
-1.570796	0.899350	-2.069907	2	111	92	611.107
-1.832596	2.115563	0.685730	20	5	95	611.071
0.261799	0.640596	-2.797608	99	24	14	611.029
1.570796	1.433411	-1.035986	95	108	11	610.976
-3.141593	0.685216	-1.712745	91	6	99	610.955
-1.047198	0.850607	-1.335383	97	26	4	610.874
0.000000	1.045978	0.343692	99	109	100	610.841
0.523599	1.554776	0.100351	98	102	6	610.754
2.879793	1.658653	-2.409879	102	95	5	610.431
1.570796	1.134796	2.434290	8	26	0	610.379
0.523599	2.153910	-1.714959	93	1	100	610.260
-1.570796	0.674054	1.013609	97	105	110	610.206
1.308997	1.683268	0.374177	11	6	93	610.169
2.879793	2.979456	-1.009304	21	93	110	610.135
-1.570796	0.496451	0.593859	99	102	103	610.069
-2.617994	1.135813	-2.658866	3	106	17	610.051
1.570796	1.510910	-0.740472	111	4	89	609.910
0.261799	0.733948	3.021411	94	8	97	609.897
-0.261799	1.134796	2.434290	7	13	17	609.699
-2.879793	0.929350	-2.910676	0	102	16	609.611
-2.617994	2.001437	0.381215	93	1	101	609.388
0.523599	1.134497	-1.109631	95	105	107	609.262
2.879793	2.089241	-0.114193	13	91	97	609.225
1.570796	0.733948	3.021411	85	18	7	609.156
-2.094395	1.683268	0.374177	17	7	92	609.136
0.785398	1.870545	-2.976234	94	1	106	609.071
1.832596	2.063651	-2.044600	1	1	19	608.979
-0.261799	1.488617	1.159546	92	106	102	608.883
1.047198	0.618092	2.539118	14	21	7	608.828
1.308997	2.063651	-2.044600	99	8	98	608.655
0.261799	0.866395	-2.492918	96	20	16	608.599
1.570796	1.683268	0.374177	8	9	92	608.531
-1.047198	1.870545	-2.976234	105	0	19	608.474
0.000000	0.929350	-2.910676	97	11	96	608.466
-2.356194	2.579248	-2.364801	91	10	92	608.411
-1.047198	2.063651	-2.044600	99	20	20	607.899
-1.832596	1.869911	2.701025	80	4	103	607.886
-0.523599	2.108018	1.311430	20	101	99	607.751
1.570796	0.080730	-2.622036	90	110	4	607.740
1.308997	1.736875	3.023612	2	4	20	607.710
-1.832596	2.719179	-1.780644	91	4	93	607.574
1.047198	0.850607	-1.335383	92	105	1	607.457
1.308997	0.700570	1.559208	86	9	2	607.415
-0.785398	0.379747	-1.713059	14	24	0	607.301
-0.261799	1.699788	2.452890	94	97	106	607.282
2.617994	1.683268	0.374177	2	6	91	607.259
2.879793	1.982574	-1.115518	21	0	96	607.135
-0.523599	2.664082	-1.071402	95	110	10	607.032
1.047198	2.115563	0.685730	103	99	105	606.961
2.879793	1.194549	-0.801900	9	5	20	606.788
0.000000	1.875281	0.107086	1	21	18	606.666
2.356194	1.417623	-0.202254	19	1	94	606.568
-0.785398	1.599406	1.426070	4	14	93	606.504
0.785398	2.863997	0.549740	101	111	87	606.478
0.523599	0.929350	-2.910676	8	9	89	606.292
-1.570796	1.214854	-1.966664	105	10	96	606.290
-1.308997	0.866955	-0.931351	96	4	96	606.279
1.570796	0.418037	1.360082	96	105	100	606.057
-2.356194	1.134796	2.434290	98	7	92	605.737
2.356194	0.762244	-0.273349	93	106	103	605.716
-1.047198	0.571433	-1.188419	110	12	23	605.691
-0.785398	1.756530	-2.105156	98	19	19	605.459
-1.570796	0.379747	-1.713059	101	29	110	605.440
0.523599	0.906588	1.252948	19	100	99	605.368
-2.617994	1.325504	-1.671296	16	4	13	605.363
-2.879793	1.554776	0.100351	92	8	8	605.354
-2.617994	1.904882	-1.478089	18	21	5	605.225
0.000000	1.134497	-1.109631	95	109	103	605.179
-2.094395	1.128190	-2.288622	8	10	17	605.131
-0.785398	2.001437	0.381215	27	106	101	605.120
2.879793	1.325504	-1.671296	108	104	15	605.111
-2.879793	1.391910	3.030322	93	8	13	605.111
-2.094395	1.904882	-1.478089	22	24	0	605.078
2.094395	2.115563	0.685730	107	8	93	604.834
-1.047198	0.290380	-0.796960	93	0	95	604.828
0.261799	2.138223	1.678323	106	100	94	604.723
-1.832596	1.128190	-2.288622	15	20	11	604.645
-2.356194	2.592629	0.909713	94	107	107	604.631
2.879793	0.297065	2.160177	90	0	7	604.521
0.261799	1.569311	-3.003978	109	13	22	604.235
0.523599	2.478122	2.609777	96	109	6	604.229
0.000000	1.214854	-1.966664	89	18	10	604.216
1.047198	1.214854	-1.966664	92	108	11	604.198
2.356194	2.349581	-2.702517	89	110	106	604.196
1.308997	2.404280	-0.174044	96	110	100	603.875
2.879793	2.404280	-0.174044	94	105	103	603.847
-0.261799	2.456751	-1.503343	10	9	19	603.826
-2.617994	1.948085	-2.363031	87	5	101	603.678
0.261799	1.504028	0.636812	20	5	94	603.601
-3.141593	1.870545	-2.976234	95	15	15	603.383
1.832596	1.045978	0.343692	15	96	97	603.375
-1.047198	0.960688	-0.577532	100	110	95	603.340
-2.879793	2.343981	-1.040456	94	106	3	603.275
-3.141593	1.846342	-1.796954	94	104	106	603.194
-2.617994	2.704512	1.488683	87	4	1	603.113
-1.047198	1.448123	-2.163292	105	23	19	602.863
2.879793	0.960688	-0.577532	20	93	99	602.863
2.617994	2.153910	-1.714959	102	109	99	602.849
-0.261799	2.587733	0.232235	96	104	97	602.822
-3.141593	0.290380	-0.796960	96	101	104	602.775
2.879793	2.247462	0.191623	90	0	102	602.721
-1.047198	1.450119	-2.739050	13	10	17	602.704
-2.879793	1.846342	-1.796954	20	17	6	602.498
-1.570796	1.545873	-1.877082	97	104	12	602.490
2.879793	2.349581	-2.702517	16	21	7	602.393
0.000000	2.863997	0.549740	93	104	105	602.340
0.523599	0.914445	2.687814	96	108	0	601.979
-0.523599	1.134796	2.434290	94	105	100	601.925
-0.523599	0.961715	0.014085	102	111	93	601.896
-0.261799	0.080730	-2.622036	95	108	3	601.816
2.356194	1.135834	-1.431087	108	107	17	601.652
0.785398	0.906588	1.252948	24	8	100	601.616
-2.879793	0.458961	-0.107937	16	25	100	601.610
-2.094395	1.824694	1.850876	103	98	6	601.576
0.523599	2.104282	-0.813972	99	0	15	601.497
-0.785398	1.448123	-2.163292	103	24	19	601.425
-2.094395	2.664082	-1.071402	23	24	108	601.282
-2.356194	0.910508	1.903534	103	94	111	601.238
-1.308997	1.134796	2.434290	85	106	2	601.197
-2.879793	1.025536	1.576859	93	103	6	600.930
0.785398	2.592629	0.909713	110	108	85	600.806
1.308997	1.440580	2.260026	11	28	0	600.781
-0.261799	1.440580	2.260026	92	111	98	600.737
0.523599	1.045978	0.343692	90	4	104	600.691
-2.094395	0.831641	0.616218	99	101	102	600.500
-2.617994	0.615174	-0.666022	108	3	85	600.477
0.523599	0.733948	3.021411	90	4	102	600.283
0.523599	1.488617	1.159546	22	10	97	600.275
-2.356194	0.418037	1.360082	95	107	5	600.077
-0.261799	1.872854	1.543456	94	108	96	600.065
1.570796	1.450119	-2.739050	110	13	18	599.948
1.570796	1.168678	2.108595	99	106	94	599.672
-2.617994	2.174483	2.653697	101	102	106	599.650
-1.570796	1.134796	2.434290	99	3	92	599.594
1.570796	1.982574	-1.115518	84	3	101	599.398
-2.356194	0.914445	2.687814	1	13	21	599.062
1.308997	1.301460	-0.509251	3	9	87	599.050
-2.879793	2.404280	-0.174044	99	103	102	599.018
1.570796	1.574060	2.783565	92	110	100	599.017
-1.047198	1.599406	1.426070	3	15	93	598.891
-0.261799	2.174483	2.653697	95	106	6	598.747
-1.047198	0.864993	2.278281	89	104	5	598.614
2.879793	1.218453	2.777284	93	9	15	598.508
-2.356194	1.488617	1.159546	108	93	99	598.428
2.356194	0.419640	2.974122	88	8	7	598.376
-2.356194	1.335669	0.897240	103	94	107	598.333
0.523599	1.050534	3.042579	90	4	104	598.232
-2.356194	2.393226	1.857173	88	3	4	598.132
1.308997	0.906588	1.252948	86	13	4	598.036
-0.785398	1.128190	-2.288622	107	24	18	597.812
-1.832596	1.413347	-1.339188	21	27	108	597.771
1.047198	2.164094	-2.991358	95	1	102	597.762
0.261799	1.050534	3.042579	106	20	20	597.694
-2.879793	2.174483	2.653697	102	107	93	597.529
2.617994	2.104282	-0.813972	15	83	105	597.339
2.094395	2.180315	-1.357379	89	104	105	597.282
2.617994	1.168678	2.108595	88	15	8	597.264
0.785398	0.700570	1.559208	90	15	4	597.192
0.523599	1.617114	-1.572037	104	94	4	597.121
-2.094395	2.073035	2.027405	90	0	4	597.054
-2.356194	2.104282	-0.813972	27	102	100	596.918
2.617994	2.180315	-1.357379	100	111	98	596.879
0.785398	0.914445	2.687814	103	109	92	596.874
-1.832596	0.571433	-1.188419	13	27	107	596.809
1.047198	0.929350	-2.910676	11	26	108	596.750
0.000000	1.569311	-3.003978	100	2	93	596.729
-2.617994	1.440580	2.260026	93	4	12	596.574
-2.094395	1.413347	-1.339188	23	24	108	596.365
2.094395	0.674054	1.013609	15	24	96	596.308
-1.832596	0.762244	-0.273349	98	110	94	596.035
2.094395	0.297065	2.160177	89	110	95	596.018
1.308997	2.719179	-1.780644	93	107	106	595.931
-0.523599	1.417623	-0.202254	103	4	93	595.778
-1.308997	1.195355	1.200319	9	15	93	595.734
-1.308997	0.914445	2.687814	87	107	6	595.699
-3.141593	1.374601	-2.456031	9	105	18	595.643
2.094395	0.762244	-0.273349	19	99	97	595.576
1.047198	2.349581	-2.702517	93	4	105	595.567
1.570796	0.640596	-2.797608	93	104	95	595.386
0.261799	1.242974	-2.977882	2	15	17	595.238
1.832596	0.961715	0.014085	16	100	95	595.146
1.570796	2.881233	-2.582574	22	96	2	595.013
-1.047198	1.440580	2.260026	88	103	106	594.947
-2.617994	1.812176	0.656819	91	8	100	594.779
1.570796	1.335669	0.897240	93	108	102	594.755
-1.832596	1.433411	-1.035986	14	27	107	594.578
0.785398	0.619654	-2.216909	92	110	93	594.492
1.308997	1.948085	-2.363031	93	6	101	594.238
2.094395	0.640596	-2.797608	12	97	93	594.136
2.879793	1.374601	-2.456031	4	105	19	594.104
0.785398	1.812176	0.656819	100	101	106	594.020
0.523599	1.417623	-0.202254	88	12	100	593.938
1.832596	0.929350	-2.910676	93	100	101	593.737
2.879793	2.063651	-2.044600	95	104	104	593.609
-1.832596	2.001437	0.381215	19	8	94	593.454
0.261799	1.741644	-2.695914	100	7	95	593.385
1.832596	1.113094	-0.272241	14	98	95	593.345
2.356194	1.948085	-2.363031	86	6	104	593.233
2.094395	2.478122	2.609777	3	11	88	593.104
0.523599	1.367556	0.358405	17	2	92	593.104
-3.141593	2.592629	0.909713	87	3	110	593.101
-1.308997	1.606104	-0.451151	0	2	91	593.081
-0.261799	1.721184	-0.153948	17	1	94	593.026
-1.570796	1.824694	1.850876	21	22	4	592.742
0.000000	2.138223	1.678323	26	111	108	592.697
-2.094395	1.014500	0.906702	100	99	108	592.652
2.879793	0.850607	-1.335383	21	89	111	592.553
2.356194	2.063651	-2.044600	0	96	98	592.318
2.617994	1.367556	0.358405	14	102	95	592.222
-3.141593	2.404280	-0.174044	14	85	101	592.088
2.879793	2.379497	0.561089	87	3	106	592.021
-2.617994	0.831641	0.616218	98	100	97	592.005
-1.832596	2.033014	2.977192	100	110	92	591.949
1.832596	0.571433	-1.188419	101	103	8	591.944
-1.047198	1.242974	-2.977882	12	14	16	591.813
1.570796	1.756530	-2.105156	9	111	16	591.664
0.523599	0.640596	-2.797608	97	23	14	591.595
-3.141593	2.456751	-1.503343	93	106	111	591.583
-1.832596	1.699788	2.452890	107	3	90	591.569
2.356194	2.724429	-0.348782	89	111	106	591.525
1.308997	1.909857	-0.381669	109	15	93	591.510
-2.617994	2.063651	-2.044600	19	21	5	591.422
-2.094395	1.696674	-1.253233	22	25	105	591.414
-1.832596	1.218453	2.777284	84	7	108	591.369
-1.047198	2.349581	-2.702517	101	111	19	591.243
-2.356194	1.909857	-0.381669	95	109	4	591.239
-0.523599	1.909857	-0.381669	17	2	93	591.163
-2.094395	1.194549	-0.801900	95	0	100	591.137
-2.356194	1.325504	-1.671296	17	21	6	590.904
-1.832596	1.766067	2.153843	109	7	90	590.762
-1.832596	2.041297	-2.664597	85	6	97	590.692
1.308997	0.080730	-2.622036	93	103	107	590.667
2.879793	1.504028	0.636812	7	9	91	590.653
-2.356194	2.349581	-2.702517	90	14	91	590.645
2.879793	2.407836	1.410646	17	11	13	590.624
0.000000	1.869911	2.701025	99	96	103	590.549
-3.141593	0.762244	-0.273349	103	110	86	590.529
1.308997	1.214854	-1.966664	91	107	96	590.386
2.879793	1.948085	-2.363031	103	97	10	590.285
1.308997	1.113094	-0.272241	17	108	94	590.279
2.356194	2.760637	2.781135	13	26	1	590.139
-2.879793	0.762244	-0.273349	105	110	85	590.069
0.261799	1.574060	2.783565	3	15	21	590.064
2.356194	1.374601	-2.456031	90	8	98	589.872
-0.523599	1.554776	0.100351	107	4	93	589.851
-1.570796	1.699788	2.452890	111	101	15	589.772
-2.356194	1.569311	-3.003978	108	108	20	589.624
-1.832596	0.992645	-1.723759	23	24	111	589.607
-1.832596	2.104282	-0.813972	23	25	103	589.580
-2.617994	1.413347	-1.339188	98	7	99	589.567
-2.094395	0.914445	2.687814	99	110	96	589.563
-1.570796	1.367556	0.358405	109	105	95	589.498
-1.308997	0.379747	-1.713059	19	102	94	589.448
0.523599	1.545873	-1.877082	88	3	103	589.002
-2.094395	2.396274	-1.959260	89	12	92	588.957
-1.832596	0.910508	1.903534	99	10	94	588.820
-3.141593	2.349581	-2.702517	13	22	9	588.744
-0.523599	1.869911	2.701025	1	107	19	588.741
-2.094395	2.251330	-2.330739	87	12	94	588.675
-1.047198	1.135813	-2.658866	1	18	20	588.652
-2.094395	1.417623	-0.202254	0	105	92	588.607
-2.356194	1.721184	-0.153948	107	102	95	588.584
-2.094395	1.247695	1.809890	104	95	107	588.489
1.308997	1.977582	0.969896	105	100	102	588.067
0.523599	1.242974	-2.977882	106	16	92	588.055
-0.261799	1.433411	-1.035986	97	5	96	587.972
2.879793	1.809167	1.213774	85	3	12	587.743
-0.261799	1.310100	1.488307	93	102	108	587.680
-1.832596	1.417623	-0.202254	108	108	92	587.591
1.308997	1.982574	-1.115518	84	8	101	587.553
-2.356194	1.045978	0.343692	98	104	96	587.382
-3.141593	1.310100	1.488307	88	109	8	587.361
-0.785398	0.864993	2.278281	23	7	10	587.266
1.832596	2.180315	-1.357379	87	104	109	587.115
-2.617994	2.588535	-2.976617	93	11	91	587.021
2.356194	2.456751	-1.503343	94	4	105	587.004
-1.832596	1.168678	2.108595	100	8	92	586.990
0.000000	2.637879	2.121598	27	111	110	586.980
0.000000	1.168678	2.108595	28	6	111	586.950
0.785398	1.545873	-1.877082	88	111	104	586.938
0.523599	0.850607	-1.335383	95	104	110	586.884
2.617994	2.719179	-1.780644	100	107	102	586.845
-0.523599	1.448123	-2.163292	97	19	17	586.844
-2.094395	0.992645	-1.723759	104	7	94	586.793
1.308997	1.741644	-2.695914	0	10	20	586.778
0.000000	1.510910	-0.740472	4	25	91	586.625
2.617994	1.812176	0.656819	110	6	93	586.622
-1.308997	1.247695	1.809890	88	9	102	586.620
0.523599	1.194549	-0.801900	95	108	103	586.599
-1.570796	0.960688	-0.577532	96	108	101	586.170
-1.570796	1.417623	-0.202254	109	109	92	586.162
1.047198	0.591903	2.010408	96	107	97	586.137
-0.523599	1.194549	-0.801900	97	5	95	586.022
1.308997	1.335669	0.897240	91	111	103	585.968
1.570796	1.904882	-1.478089	85	0	101	585.902
2.617994	0.960688	-0.577532	92	104	2	585.785
1.308997	0.379747	-1.713059	96	103	4	585.680
0.523599	2.863997	0.549740	100	109	92	585.568
-1.047198	1.736875	3.023612	111	109	19	585.488
1.832596	1.812176	0.656819	7	12	93	585.458
0.523599	0.674054	1.013609	17	100	93	585.369
1.832596	1.658653	-2.409879	89	13	101	585.342
1.047198	1.948085	-2.363031	101	106	99	585.144
-0.261799	2.295480	1.008277	90	110	99	584.908
1.047198	1.545873	-1.877082	85	110	105	584.860
-0.261799	0.290380	-0.796960	91	111	111	584.851
2.356194	0.080730	-2.622036	98	103	3	584.809
-2.356194	1.732874	-0.951685	103	111	95	584.808
1.570796	2.587733	0.232235	10	5	18	584.562
-2.094395	2.356369	3.005869	97	0	18	584.557
1.047198	1.741644	-2.695914	2	10	18	584.435
-1.570796	1.617114	-1.572037	104	28	6	584.422
2.094395	2.153910	-1.714959	90	102	105	584.392
1.308997	2.984978	1.954446	92	107	101	584.339
-2.094395	1.872854	1.543456	101	103	13	584.319
0.785398	1.554776	0.100351	12	2	92	584.176
1.570796	1.194549	-0.801900	10	95	93	584.168
1.832596	2.104282	-0.813972	99	0	94	584.076
-0.785398	2.579248	-2.364801	93	10	19	584.017
-1.308997	1.599406	1.426070	5	16	93	583.913
-1.832596	1.440580	2.260026	87	14	102	583.850
0.261799	0.762244	-0.273349	96	108	103	583.823
-1.308997	1.510910	-0.740472	110	6	91	583.756
-0.261799	0.419640	2.974122	97	107	97	583.740
0.523599	1.904882	-1.478089	104	99	98	583.685
1.047198	2.041297	-2.664597	97	4	100	583.640
-3.141593	1.824694	1.850876	15	12	91	583.640
0.785398	1.256302	0.062705	15	111	91	583.577
1.570796	0.831641	0.616218	17	98	99	583.337
1.832596	0.866395	-2.492918	9	98	93	583.296
-0.261799	0.571433	-1.188419	96	110	94	583.207
-2.356194	0.379747	-1.713059	95	110	97	583.156
-0.261799	2.724429	-0.348782	96	107	94	582.893
0.000000	0.419640	2.974122	100	108	95	582.884
0.000000	0.733948	3.021411	15	20	9	582.865
1.308997	2.863997	0.549740	102	98	0	582.847
-2.094395	2.587733	0.232235	20	93	103	582.841
1.308997	0.899350	-2.069907	94	106	9	582.788
1.832596	2.637879	2.121598	1	6	86	582.757
2.094395	1.448123	-2.163292	6	107	93	582.679
2.879793	2.455966	-0.641220	18	87	106	582.646
-1.832596	1.242974	-2.977882	9	108	18	582.612
1.832596	1.417623	-0.202254	8	90	95	582.532
1.308997	2.393226	1.857173	5	0	88	582.382
1.832596	1.699788	2.452890	95	110	91	582.318
-1.308997	2.588535	-2.976617	99	108	17	582.295
-1.047198	0.370812	-2.547742	99	108	95	582.213
2.879793	1.569311	-3.003978	93	13	13	582.031
0.000000	0.379747	-1.713059	92	20	8	581.977
1.047198	1.168678	2.108595	94	110	95	581.974
-1.308997	1.982574	-1.115518	5	7	90	581.841
0.523599	2.664082	-1.071402	91	3	105	581.777
-2.094395	1.168678	2.108595	101	9	92	581.711
1.308997	2.356369	3.005869	2	6	26	581.694
-0.523599	1.948085	-2.363031	103	0	17	581.594
2.094395	2.637879	2.121598	0	8	85	581.444
0.000000	1.413347	-1.339188	94	4	98	581.356
0.261799	2.456751	-1.503343	96	107	12	581.318
-3.141593	1.809167	1.213774	87	0	12	581.240
-2.879793	1.168678	2.108595	91	5	10	581.089
2.879793	1.875281	0.107086	2	6	92	580.956
-0.785398	2.719179	-1.780644	97	109	10	580.913
-2.617994	1.045978	0.343692	100	100	96	580.885
2.094395	2.187132	-0.479875	85	1	105	580.863
2.617994	2.579248	-2.364801	16	19	12	580.854
-1.047198	1.574060	2.783565	1	107	18	580.809
-0.261799	2.379497	0.561089	95	109	90	580.681
-2.617994	0.762244	-0.273349	106	110	85	580.644
0.261799	2.592629	0.909713	105	107	86	580.618
2.094395	1.617114	-1.572037	103	14	98	580.483
2.094395	1.696674	-1.253233	89	105	99	580.447
2.356194	1.909857	-0.381669	10	89	98	580.446
-0.523599	1.025536	1.576859	96	98	110	580.412
0.785398	0.831641	0.616218	13	99	91	580.392
1.832596	1.846342	-1.796954	88	105	101	580.361
2.356194	1.846342	-1.796954	2	110	18	580.350
-2.879793	0.591903	2.010408	91	111	7	580.338
-1.308997	1.904882	-1.478089	4	8	91	580.130
0.785398	1.374601	-2.456031	110	94	10	580.106
-1.047198	1.168678	2.108595	87	104	111	579.951
0.000000	1.599406	1.426070	95	103	100	579.905
-2.879793	1.699788	2.452890	98	108	100	579.815
-1.047198	1.413430	2.550734	86	110	103	579.479
-0.785398	1.824694	1.850876	8	13	90	579.424
0.261799	1.256302	0.062705	9	29	2	579.268
1.832596	0.762244	-0.273349	94	105	106	578.900
1.047198	2.407836	1.410646	1	29	107	578.899
0.000000	1.812176	0.656819	8	19	93	578.815
2.356194	1.413347	-1.339188	110	109	19	578.811
2.879793	1.870545	-2.976234	94	17	13	578.807
2.617994	2.760637	2.781135	8	27	5	578.742
0.523599	0.864993	2.278281	94	0	95	578.716
-2.617994	0.418037	1.360082	95	99	108	578.660
1.308997	1.506530	1.988858	16	104	92	578.623
2.356194	0.700570	1.559208	86	109	100	578.603
-3.141593	1.448123	-2.163292	10	107	17	578.362
1.570796	1.218453	2.777284	95	111	96	578.312
-2.617994	1.732874	-0.951685	98	110	102	578.251
2.617994	1.301460	-0.509251	17	89	99	578.182
1.308997	2.478122	2.609777	13	6	86	578.133
2.094395	1.736875	3.023612	93	0	94	578.006
2.879793	2.456751	-1.503343	92	109	111	577.907
1.047198	1.569311	-3.003978	3	4	20	577.757
1.047198	0.910508	1.903534	96	105	96	577.648
-1.832596	2.349581	-2.702517	86	2	98	577.646
-0.785398	2.396274	-1.959260	94	17	19	577.600
0.000000	2.247462	0.191623	3	23	97	577.541
-0.261799	2.478122	2.609777	95	105	3	577.495
-2.879793	1.413430	2.550734	94	6	14	577.337
-1.308997	0.850607	-1.335383	100	27	4	577.236
0.000000	1.683268	0.374177	111	22	17	577.164
-1.308997	1.168678	2.108595	88	4	102	577.099
1.832596	0.733948	3.021411	85	14	7	577.097
1.570796	0.591903	2.010408	92	21	11	577.033
-2.094395	1.658653	-2.409879	81	13	108	577.020
-1.832596	1.134796	2.434290	99	3	93	577.010
-3.141593	2.063651	-2.044600	16	14	14	576.951
-0.523599	0.379747	-1.713059	96	23	8	576.947
-2.094395	1.617114	-1.572037	15	24	6	576.832
0.261799	0.850607	-1.335383	90	12	9	576.687
1.832596	2.664082	-1.071402	92	110	102	576.607
1.570796	2.407836	1.410646	107	26	106	576.602
2.617994	2.063651	-2.044600	85	5	108	576.583
-3.141593	2.579248	-2.364801	16	24	2	576.471
-1.047198	1.195355	1.200319	15	14	12	576.416
-2.094395	1.301460	-0.509251	96	111	97	576.349
1.570796	1.836682	-0.676006	106	5	91	576.338
1.570796	2.180315	-1.357379	87	108	105	576.246
2.879793	1.335669	0.897240	23	110	99	576.190
-2.879793	2.115563	0.685730	16	87	104	576.181
-2.617994	1.909857	-0.381669	110	101	94	576.153
0.523599	2.356369	3.005869	90	3	2	576.113
2.617994	1.510910	-0.740472	17	88	100	576.109
-3.141593	1.658653	-2.409879	8	111	19	576.095
0.261799	1.721184	-0.153948	98	110	99	575.860
2.094395	1.869911	2.701025	93	110	92	575.849
-0.261799	0.733948	3.021411	3	17	16	575.791
1.570796	2.637879	2.121598	11	28	3	575.773
-1.047198	1.135834	-1.431087	98	25	7	575.727
-1.832596	1.374601	-2.456031	7	2	19	575.626
1.308997	1.756530	-2.105156	85	110	102	575.589
2.094395	0.850607	-1.335383	85	8	108	575.516
-2.617994	1.488617	1.159546	93	106	7	575.417
1.832596	1.569311	-3.003978	5	110	19	575.337
0.261799	1.766067	2.153843	8	10	89	575.250
-3.141593	2.108018	1.311430	87	1	15	575.226
2.356194	1.875281	0.107086	1	3	92	575.219
1.832596	2.174483	2.653697	110	11	26	575.164
-0.261799	1.812176	0.656819	13	89	97	575.067
1.308997	0.864993	2.278281	11	27	110	574.953
-2.356194	2.356369	3.005869	88	11	94	574.934
-2.879793	0.290380	-0.796960	96	106	99	574.853
0.000000	0.709924	0.218797	99	106	102	574.812
1.047198	0.418037	1.360082	93	107	98	574.795
-1.308997	1.948085	-2.363031	102	17	22	574.779
-0.261799	0.864993	2.278281	94	103	104	574.718
-1.832596	2.637879	2.121598	22	20	7	574.711
-3.141593	2.979456	-1.009304	14	20	10	574.631
0.261799	2.174483	2.653697	18	98	12	574.627
-2.356194	0.850607	-1.335383	25	16	1	574.557
-2.094395	0.297065	2.160177	99	104	4	574.543
0.000000	0.458961	-0.107937	100	103	111	574.301
-3.141593	1.569311	-3.003978	94	12	14	574.265
-0.261799	1.168678	2.108595	95	102	105	574.148
1.570796	1.569311	-3.003978	9	27	102	574.145
2.879793	0.640596	-2.797608	100	105	12	574.141
1.308997	1.998705	2.370472	106	14	26	574.140
1.832596	1.606104	-0.451151	9	90	98	574.126
-0.785398	0.496451	0.593859	98	104	110	574.047
-0.523599	2.984978	1.954446	98	103	109	574.004
-2.879793	1.448123	-2.163292	12	109	17	573.905
0.785398	2.089241	-0.114193	96	107	11	573.626
2.617994	2.984978	1.954446	102	100	106	573.609
-3.141593	2.407836	1.410646	17	13	13	573.456
1.832596	1.948085	-2.363031	10	12	15	573.334
0.785398	1.574060	2.783565	89	2	2	573.167
0.785398	1.836682	-0.676006	0	12	91	573.119
1.832596	0.619654	-2.216909	96	108	12	573.117
2.879793	0.591903	2.010408	92	101	2	573.040
1.047198	2.104282	-0.813972	89	108	108	572.959
-1.832596	2.704512	1.488683	20	98	105	572.896
-1.308997	1.869911	2.701025	110	103	17	572.801
-0.523599	1.134497	-1.109631	95	7	96	572.688
-3.141593	1.214854	-1.966664	86	109	105	572.275
-0.523599	0.370812	-2.547742	100	1	94	572.132
-3.141593	2.760637	2.781135	103	3	89	572.027
2.617994	1.417623	-0.202254	13	93	94	571.976
0.000000	1.301460	-0.509251	100	110	97	571.970
1.570796	2.033014	2.977192	17	18	8	571.930
-1.832596	2.393226	1.857173	15	26	4	571.883
1.570796	1.809167	1.213774	13	14	93	571.856
1.832596	1.982574	-1.115518	85	111	101	571.771
-0.785398	2.704512	1.488683	26	106	108	571.659
-0.523599	1.977582	0.969896	18	104	96	571.648
-2.617994	0.866955	-0.931351	94	3	103	571.641
-1.308997	1.242974	-2.977882	8	1	18	571.537
-2.356194	1.510910	-0.740472	94	1	100	571.480
-2.617994	1.545873	-1.877082	22	12	11	571.393
1.047198	1.194549	-0.801900	104	7	86	571.360
1.832596	1.554776	0.100351	6	92	94	571.194
1.047198	1.014500	0.906702	19	111	96	571.155
2.879793	0.914445	2.687814	90	2	11	571.127
-1.570796	1.948085	-2.363031	103	19	20	570.977
0.000000	1.824694	1.850876	99	4	15	570.961
-1.570796	0.866395	-2.492918	107	107	92	570.815
1.570796	0.866395	-2.492918	109	18	92	570.790
0.261799	1.214854	-1.966664	90	2	103	570.691
-0.523599	1.756530	-2.105156	95	16	17	570.633
1.047198	1.658653	-2.409879	0	8	19	570.487
-2.094395	0.615174	-0.666022	100	27	106	570.458
2.879793	2.664082	-1.071402	98	108	102	570.430
-1.570796	1.870545	-2.976234	90	110	97	570.254
2.617994	2.251330	-2.330739	16	19	7	570.244
-0.785398	2.637879	2.121598	96	104	111	570.055
0.523599	0.866395	-2.492918	14	25	111	569.938
0.261799	1.168678	2.108595	13	105	18	569.935
0.261799	2.719179	-1.780644	102	99	104	569.877
2.094395	1.374601	-2.456031	94	98	104	569.776
1.832596	1.134497	-1.109631	97	105	9	569.774
0.785398	0.496451	0.593859	15	94	93	569.755
0.523599	0.290380	-0.796960	97	103	0	569.746
2.094395	0.709924	0.218797	93	103	109	569.711
-1.308997	1.310100	1.488307	88	11	104	569.677
0.523599	2.724429	-0.348782	98	107	11	569.518
-1.308997	0.370812	-2.547742	98	100	100	569.513
1.570796	2.393226	1.857173	110	28	110	569.496
-0.523599	1.374601	-2.456031	105	21	21	569.403
-2.879793	2.153910	-1.714959	19	20	5	569.402
-2.879793	1.488617	1.159546	90	107	6	569.388
2.617994	0.290380	-0.796960	89	105	103	569.376
0.000000	1.736875	3.023612	90	12	107	569.369
0.523599	0.370812	-2.547742	95	22	10	569.308
-2.617994	2.041297	-2.664597	97	18	14	569.229
-0.261799	1.195355	1.200319	92	106	106	569.095
1.832596	2.704512	1.488683	100	108	98	569.082
-0.523599	0.850607	-1.335383	94	2	95	569.062
-2.879793	2.592629	0.909713	96	97	5	569.033
0.261799	1.374601	-2.456031	102	6	94	569.008
2.617994	0.571433	-1.188419	86	109	107	568.996
2.094395	2.063651	-2.044600	14	29	107	568.914
0.261799	1.335669	0.897240	19	110	95	568.898
-0.261799	2.407836	1.410646	27	111	107	568.793
-0.261799	2.664082	-1.071402	97	108	10	568.743
-1.308997	0.961715	0.014085	103	106	97	568.634
2.879793	0.458961	-0.107937	98	103	100	568.622
0.000000	1.374601	-2.456031	102	8	95	568.569
0.785398	1.391910	3.030322	87	2	109	568.552
-2.879793	0.203748	0.590255	92	2	91	568.319
-3.141593	0.960688	-0.577532	97	100	7	568.209
-1.832596	1.214854	-1.966664	14	24	9	568.192
-2.356194	1.014500	0.906702	97	101	109	568.117
-0.523599	1.135834	-1.431087	95	6	95	568.107
2.094395	1.554776	0.100351	14	97	97	568.033
-2.356194	0.899350	-2.069907	98	104	97	568.002
-3.141593	1.325504	-1.671296	0	105	16	567.977
-0.261799	1.242974	-2.977882	0	2	18	567.834
1.047198	1.440580	2.260026	91	109	103	567.828
1.570796	1.736875	3.023612	11	2	18	567.790
-0.261799	0.831641	0.616218	101	107	100	567.775
-1.047198	2.153910	-1.714959	98	25	15	567.746
-2.617994	0.203748	0.590255	92	111	92	567.583
2.617994	2.187132	-0.479875	12	83	102	567.554
2.356194	1.554776	0.100351	14	99	96	567.547
0.523599	2.455966	-0.641220	99	109	15	567.430
1.047198	2.033014	2.977192	93	107	2	567.265
-2.094395	0.685216	-1.712745	19	20	6	567.231
-0.785398	1.391910	3.030322	3	2	19	567.161
-3.141593	1.875281	0.107086	12	87	97	567.158
2.094395	0.733948	3.021411	88	12	10	567.117
1.570796	1.824694	1.850876	11	27	108	567.070
1.047198	1.134497	-1.109631	95	104	1	566.938
1.570796	1.025536	1.576859	100	100	98	566.905
-2.356194	1.440580	2.260026	104	96	9	566.866
-0.785398	0.080730	-2.622036	98	106	97	566.851
0.785398	2.164094	-2.991358	96	4	97	566.708
-2.094395	1.555207	1.708892	90	109	2	566.592
1.832596	1.545873	-1.877082	88	103	102	566.560
1.570796	0.709924	0.218797	18	101	95	566.468
-0.523599	1.440580	2.260026	92	100	107	566.270
-2.094395	1.113094	-0.272241	92	109	4	566.086
1.832596	1.870545	-2.976234	8	19	14	566.017
-0.523599	0.496451	0.593859	99	105	103	565.879
-0.261799	0.910508	1.903534	93	103	110	565.816
2.094395	2.704512	1.488683	101	101	104	565.680
-2.356194	1.606104	-0.451151	98	109	98	565.676
0.785398	0.866955	-0.931351	92	16	11	565.552
-1.047198	1.846342	-1.796954	26	106	103	565.386
-1.047198	1.247695	1.809890	88	4	102	565.273
-1.570796	1.134497	-1.109631	14	9	16	565.252
2.879793	1.824694	1.850876	14	11	91	565.227
0.261799	2.984978	1.954446	86	10	8	565.070
1.308997	1.869911	2.701025	18	18	9	565.045
-2.356194	1.367556	0.358405	100	104	96	564.899
-2.356194	1.904882	-1.478089	24	22	111	564.867
1.308997	1.574060	2.783565	6	22	14	564.799
-1.047198	2.979456	-1.009304	94	104	101	564.771
-1.570796	1.184361	0.625864	12	10	89	564.741
2.879793	0.571433	-1.188419	88	105	107	564.645
1.832596	2.587733	0.232235	9	5	19	564.617
2.356194	2.984978	1.954446	105	110	88	564.578
1.308997	1.658653	-2.409879	85	109	104	564.554
1.570796	1.721184	-0.153948	9	8	92	564.521
-2.094395	1.025536	1.576859	105	95	108	564.465
-2.617994	1.128190	-2.288622	86	12	8	564.422
-1.832596	1.488617	1.159546	7	12	94	564.411
0.785398	0.910508	1.903534	20	19	4	564.361
-0.785398	1.135834	-1.431087	96	7	95	564.345
2.879793	0.418037	1.360082	91	107	95	564.206
-1.570796	1.732874	-0.951685	1	7	91	564.186
-0.785398	1.699788	2.452890	97	104	96	564.092
-1.047198	1.050534	3.042579	89	104	2	564.030
2.094395	1.128190	-2.288622	96	98	99	563.998
-0.785398	1.134796	2.434290	91	100	1	563.992
0.000000	0.640596	-2.797608	100	3	95	563.944
0.261799	1.875281	0.107086	111	20	17	563.901
2.879793	1.135813	-2.658866	1	103	18	563.894
0.785398	2.299159	2.264663	98	109	15	563.852
-2.617994	2.724429	-0.348782	21	93	105	563.817
1.047198	2.108018	1.311430	100	103	99	563.813
-0.261799	1.450119	-2.739050	12	11	17	563.773
-1.570796	0.992645	-1.723759	21	26	0	563.731
-1.308997	2.356369	3.005869	103	105	18	563.647
-1.832596	1.506530	1.988858	107	104	15	563.545
0.523599	1.699788	2.452890	91	5	4	563.495
1.570796	1.948085	-2.363031	93	3	101	563.482
2.879793	1.846342	-1.796954	4	16	15	563.477
-0.523599	1.683268	0.374177	23	107	96	563.333
-1.832596	2.180315	-1.357379	87	7	92	563.333
-1.308997	1.045978	0.343692	107	105	95	563.287
2.356194	0.709924	0.218797	97	100	108	563.260
-0.523599	0.914445	2.687814	95	103	102	563.255
-0.261799	1.756530	-2.105156	108	9	94	563.219
-2.094395	1.488617	1.159546	107	103	96	562.995
2.879793	2.984978	1.954446	100	103	109	562.936
-1.832596	2.187132	-0.479875	28	106	99	562.899
0.261799	2.001437	0.381215	95	101	110	562.819
2.617994	0.864993	2.278281	88	14	8	562.686
-1.832596	1.301460	-0.509251	98	110	96	562.641
-2.356194	1.135834	-1.431087	26	20	108	562.467
-2.094395	1.599406	1.426070	98	105	11	562.414
-2.356194	1.809167	1.213774	91	3	101	562.301
1.047198	2.356369	3.005869	94	106	5	562.168
-2.094395	2.407836	1.410646	14	26	8	562.119
1.047198	2.863997	0.549740	100	99	110	562.031
0.523599	2.138223	1.678323	97	106	96	561.990
-0.785398	0.685216	-1.712745	98	25	8	561.971
1.570796	2.153910	-1.714959	85	108	106	561.808
-0.785398	1.256302	0.062705	104	1	93	561.769
2.879793	2.579248	-2.364801	14	20	14	561.742
-3.141593	1.836682	-0.676006	17	3	93	561.724
-1.832596	1.812176	0.656819	16	6	93	561.709
1.570796	2.063651	-2.044600	88	105	105	561.694
-1.832596	1.554776	0.100351	108	105	95	561.680
-2.617994	2.579248	-2.364801	10	25	5	561.668
0.785398	0.674054	1.013609	24	111	99	561.635
0.523599	2.164094	-2.991358	1	9	25	561.616
1.308997	1.184361	0.625864	12	97	95	561.613
1.308997	1.875281	0.107086	10	8	92	561.580
0.000000	2.592629	0.909713	94	109	95	561.575
-3.141593	1.504028	0.636812	24	111	101	561.515
2.356194	1.683268	0.374177	2	8	91	561.502
1.308997	1.134796	2.434290	99	0	92	561.441
-0.785398	1.374601	-2.456031	105	19	21	561.398
-1.308997	0.992645	-1.723759	103	28	6	561.238
1.047198	2.592629	0.909713	0	109	85	561.106
1.832596	2.719179	-1.780644	98	105	104	561.089
-1.832596	2.760637	2.781135	94	110	16	561.017
0.523599	1.870545	-2.976234	98	4	95	561.012
0.261799	1.128190	-2.288622	101	98	110	560.989
0.000000	1.766067	2.153843	93	0	96	560.915
-2.356194	2.407836	1.410646	89	0	10	560.703
-1.308997	0.619654	-2.216909	17	99	93	560.685
-0.523599	1.555207	1.708892	24	107	100	560.650
-2.356194	0.619654	-2.216909	90	3	14	560.610
-2.094395	1.374601	-2.456031	5	0	19	560.549
2.617994	0.850607	-1.335383	85	2	108	560.543
1.832596	1.256302	0.062705	10	96	92	560.407
-2.094395	1.310100	1.488307	5	9	93	560.391
-1.308997	0.910508	1.903534	96	9	93	560.311
-3.141593	0.992645	-1.723759	87	108	106	560.305
-0.261799	0.640596	-2.797608	98	10	94	560.243
0.000000	2.174483	2.653697	19	97	10	560.177
1.832596	1.448123	-2.163292	91	99	103	559.941
1.570796	2.104282	-0.813972	84	7	103	559.433
-1.047198	0.906588	1.252948	14	16	11	559.294
2.356194	0.960688	-0.577532	18	94	97	559.286
2.356194	1.982574	-1.115518	90	102	103	559.126
-3.141593	0.379747	-1.713059	91	8	98	559.123
-0.785398	2.724429	-0.348782	6	26	105	559.078
-0.523599	1.545873	-1.877082	95	19	15	559.055
2.094395	0.458961	-0.107937	22	104	95	559.052
-2.094395	1.433411	-1.035986	103	109	96	558.998
0.523599	1.413430	2.550734	2	17	17	558.796
2.094395	0.961715	0.014085	92	104	1	558.760
2.094395	1.218453	2.777284	88	16	12	558.673
0.261799	2.587733	0.232235	103	106	86	558.635
2.879793	0.370812	-2.547742	102	102	8	558.621
-0.523599	2.174483	2.653697	111	103	19	558.603
0.785398	1.242974	-2.977882	16	23	111	558.508
0.261799	2.407836	1.410646	105	104	89	558.481
1.047198	1.128190	-2.288622	88	110	97	558.272
-2.356194	1.413347	-1.339188	19	22	2	558.236
2.617994	0.899350	-2.069907	92	2	98	558.207
-1.047198	2.719179	-1.780644	90	109	94	558.078
-0.785398	1.504028	0.636812	18	12	91	558.004
0.000000	1.128190	-2.288622	97	20	18	557.901
-2.356194	1.812176	0.656819	103	95	107	557.883
-0.523599	2.343981	-1.040456	96	0	13	557.830
0.523599	1.696674	-1.253233	92	109	107	557.825
0.261799	0.906588	1.252948	22	106	96	557.748
-2.094395	1.554776	0.100351	104	105	95	557.687
2.094395	0.619654	-2.216909	99	105	12	557.634
0.000000	0.591903	2.010408	25	12	3	557.625
1.047198	1.510910	-0.740472	6	8	90	557.592
1.832596	0.910508	1.903534	110	28	110	557.469
0.000000	1.218453	2.777284	4	17	18	557.446
-0.523599	2.407836	1.410646	29	0	106	557.434
2.617994	1.554776	0.100351	16	100	97	557.393
-3.141593	2.881233	-2.582574	15	26	110	557.316
2.356194	0.733948	3.021411	88	8	10	557.214
-0.785398	0.618092	2.539118	25	24	111	557.176
-0.261799	1.194549	-0.801900	98	3	95	557.103
-2.094395	2.138223	1.678323	90	111	1	557.096
2.617994	1.450119	-2.739050	97	94	1	557.083
2.879793	1.413430	2.550734	92	12	14	557.033
1.832596	2.115563	0.685730	99	15	96	556.906
2.617994	1.846342	-1.796954	3	110	18	556.894
-2.617994	1.504028	0.636812	100	96	105	556.874
-0.261799	0.685216	-1.712745	94	20	10	556.729
2.879793	1.617114	-1.572037	99	12	98	556.598
1.308997	0.419640	2.974122	84	6	96	556.535
1.570796	2.356369	3.005869	14	20	13	556.413
1.308997	0.297065	2.160177	100	104	4	556.281
-2.879793	0.619654	-2.216909	86	110	101	556.106
0.785398	0.571433	-1.188419	92	106	109	556.103
1.047198	2.089241	-0.114193	111	18	94	556.029
0.000000	1.413430	2.550734	7	15	18	556.008
-2.879793	2.104282	-0.813972	101	108	96	555.982
-3.141593	2.041297	-2.664597	19	17	9	555.973
1.047198	0.866395	-2.492918	89	109	97	555.945
2.617994	0.618092	2.539118	88	10	7	555.831
1.047198	1.870545	-2.976234	10	96	14	555.804
-0.523599	1.732874	-0.951685	110	22	93	555.730
1.832596	2.379497	0.561089	96	13	98	555.727
-3.141593	1.948085	-2.363031	13	14	16	555.664
1.308997	2.379497	0.561089	95	106	111	555.638
0.785398	2.587733	0.232235	101	99	1	555.613
-1.832596	2.979456	-1.009304	90	108	105	555.584
-0.261799	1.977582	0.969896	96	101	96	555.415
-2.094395	1.977582	0.969896	92	108	108	555.406
0.000000	2.089241	-0.114193	95	101	0	555.381
2.879793	0.290380	-0.796960	93	102	103	555.354
0.261799	2.478122	2.609777	92	2	4	555.174
-0.261799	1.909857	-0.381669	17	4	93	554.904
-2.094395	1.662363	0.915448	93	0	100	554.719
-1.832596	1.741644	-2.695914	81	8	105	554.578
1.832596	2.979456	-1.009304	91	110	105	554.577
2.879793	2.760637	2.781135	101	5	90	554.571
-1.308997	0.700570	1.559208	94	16	96	554.442
1.308997	1.766067	2.153843	10	29	110	554.260
-2.094395	1.982574	-1.115518	24	23	105	554.225
2.879793	2.104282	-0.813972	19	84	105	554.116
1.308997	2.396274	-1.959260	107	104	96	554.093
-0.785398	0.640596	-2.797608	94	21	99	554.049
0.000000	1.617114	-1.572037	91	8	100	554.004
-3.141593	1.545873	-1.877082	94	104	103	553.696
1.308997	1.134497	-1.109631	89	2	7	553.491
-2.617994	1.448123	-2.163292	12	4	16	553.481
-2.617994	2.356369	3.005869	100	105	96	553.462
2.094395	1.948085	-2.363031	10	13	15	553.428
1.570796	2.719179	-1.780644	96	106	104	553.389
0.523599	1.948085	-2.363031	102	9	95	553.348
2.356194	2.588535	-2.976617	20	21	5	553.271
-1.832596	1.982574	-1.115518	20	27	106	553.262
1.047198	2.455966	-0.641220	108	101	96	553.205
0.261799	2.637879	2.121598	27	1	111	553.163
0.523599	0.866955	-0.931351	93	107	106	553.120
-1.570796	0.591903	2.010408	94	7	97	553.068
2.094395	2.041297	-2.664597	9	29	102	553.063
-1.308997	1.413430	2.550734	85	104	110	553.028
2.094395	2.089241	-0.114193	89	7	99	553.019
-2.879793	1.504028	0.636812	96	99	98	552.952
-0.523599	2.456751	-1.503343	95	3	12	552.931
-0.523599	2.251330	-2.330739	106	100	11	552.910
-2.094395	0.203748	0.590255	94	103	104	552.836
-3.141593	0.458961	-0.107937	100	101	101	552.748
-0.523599	1.506530	1.988858	26	99	111	552.733
-2.617994	2.456751	-1.503343	20	18	11	552.710
2.094395	0.419640	2.974122	6	9	88	552.652
-1.047198	2.404280	-0.174044	22	105	99	552.566
-1.308997	2.343981	-1.040456	89	109	95	552.508
-2.094395	2.637879	2.121598	88	4	4	552.452
-1.047198	1.545873	-1.877082	0	8	93	552.388
2.356194	0.866955	-0.931351	8	2	84	552.296
1.832596	1.756530	-2.105156	90	99	109	552.255
-0.261799	1.247695	1.809890	93	103	106	552.164
-0.261799	0.370812	-2.547742	96	105	0	552.091
0.000000	1.836682	-0.676006	94	12	14	552.010
0.000000	2.295480	1.008277	94	108	97	552.003
-1.832596	1.998705	2.370472	104	101	12	551.998
-1.308997	2.251330	-2.330739	98	17	20	551.936
1.832596	1.824694	1.850876	110	28	108	551.887
-0.261799	2.863997	0.549740	92	104	107	551.846
-0.785398	0.906588	1.252948	91	14	99	551.844
2.879793	1.662363	0.915448	25	110	101	551.743
-2.617994	1.014500	0.906702	98	97	102	551.697
-2.356194	0.685216	-1.712745	96	108	97	551.617
1.047198	2.393226	1.857173	4	17	23	551.399
2.617994	1.617114	-1.572037	99	16	99	551.348
0.261799	2.164094	-2.991358	2	10	24	551.338
0.261799	1.869911	2.701025	25	2	3	551.337
1.570796	0.762244	-0.273349	19	98	99	551.331
-0.523599	2.063651	-2.044600	93	14	17	551.326
1.832596	2.251330	-2.330739	92	1	104	551.316
1.570796	2.073035	2.027405	7	28	111	551.273
2.094395	1.741644	-2.695914	5	15	18	551.191
1.832596	1.836682	-0.676006	106	2	91	551.189
-2.356194	2.704512	1.488683	15	23	9	551.186
-0.261799	2.979456	-1.009304	103	99	1	551.113
-2.617994	1.699788	2.452890	89	4	8	551.089
0.785398	1.025536	1.576859	20	109	18	551.047
-2.356194	2.404280	-0.174044	25	98	103	551.020
0.523599	2.393226	1.857173	93	108	98	550.976
2.094395	0.914445	2.687814	89	16	11	550.766
-0.523599	1.050534	3.042579	92	99	7	550.676
2.617994	1.247695	1.809890	110	10	93	550.650
2.617994	1.440580	2.260026	90	16	11	550.646
0.785398	2.104282	-0.813972	106	13	93	550.555
-3.141593	2.478122	2.609777	104	7	89	550.380
-2.094395	0.910508	1.903534	106	93	111	550.308
-0.523599	1.510910	-0.740472	2	25	91	550.224
-0.523599	2.404280	-0.174044	5	24	99	550.186
1.832596	0.674054	1.013609	89	10	5	550.123
1.047198	1.448123	-2.163292	86	3	99	550.047
1.570796	0.866955	-0.931351	12	92	93	550.041
-0.785398	1.214854	-1.966664	96	24	12	550.031
-0.523599	1.872854	1.543456	94	111	95	549.919
-2.617994	0.496451	0.593859	93	107	95	549.885
1.308997	1.569311	-3.003978	88	103	1	549.881
-2.094395	2.393226	1.857173	98	105	19	549.745
2.617994	2.295480	1.008277	8	7	18	549.741
-3.141593	1.218453	2.777284	94	7	15	549.738
-1.047198	1.699788	2.452890	94	0	95	549.696
0.000000	1.658653	-2.409879	104	8	95	549.630
2.879793	2.396274	-1.959260	18	20	4	549.592
2.617994	1.214854	-1.966664	85	4	105	549.549
0.000000	1.050534	3.042579	4	21	15	549.543
-1.570796	2.349581	-2.702517	99	108	11	549.454
-0.261799	1.683268	0.374177	23	111	97	549.416
2.094395	1.050534	3.042579	88	12	13	549.227
-1.570796	0.906588	1.252948	102	20	97	549.170
-0.785398	1.904882	-1.478089	97	26	12	549.155
-0.785398	1.440580	2.260026	95	104	99	549.076
1.832596	1.025536	1.576859	96	103	100	549.013
2.094395	2.984978	1.954446	100	6	86	548.988
1.308997	1.870545	-2.976234	109	17	20	548.966
2.617994	1.870545	-2.976234	90	110	96	548.947
-1.308997	0.080730	-2.622036	95	109	97	548.921
1.832596	0.418037	1.360082	16	26	99	548.894
-2.879793	2.393226	1.857173	19	13	10	548.870
1.832596	1.696674	-1.253233	87	109	99	548.770
0.785398	1.756530	-2.105156	111	5	19	548.745
-0.261799	1.998705	2.370472	26	109	110	548.726
1.308997	2.174483	2.653697	12	24	11	548.717
-1.570796	0.619654	-2.216909	16	20	9	548.656
0.785398	1.367556	0.358405	8	24	6	548.605
1.047198	2.984978	1.954446	91	107	102	548.569
-0.261799	1.766067	2.153843	92	3	97	548.563
2.617994	2.164094	-2.991358	5	22	13	548.559
-1.047198	2.456751	-1.503343	88	107	104	548.440
1.570796	1.875281	0.107086	8	11	92	548.360
2.356194	1.448123	-2.163292	11	110	16	548.295
-0.785398	2.247462	0.191623	25	1	98	548.293
1.308997	1.135834	-1.431087	92	104	2	548.261
-2.617994	0.899350	-2.069907	94	2	96	548.259
0.000000	0.914445	2.687814	4	19	15	547.974
2.356194	2.247462	0.191623	87	7	102	547.962
-0.261799	1.134497	-1.109631	96	2	97	547.802
-0.523599	1.135813	-2.658866	12	18	15	547.785
1.308997	1.846342	-1.796954	85	110	103	547.768
-0.785398	1.325504	-1.671296	95	23	11	547.760
0.000000	2.724429	-0.348782	98	105	94	547.757
-0.261799	1.736875	3.023612	1	11	23	547.744
1.570796	1.869911	2.701025	99	104	97	547.734
-2.879793	2.881233	-2.582574	4	27	5	547.684
-2.356194	0.080730	-2.622036	94	0	17	547.659
-2.879793	1.050534	3.042579	93	6	11	547.613
0.261799	2.724429	-0.348782	100	107	86	547.576
1.308997	2.164094	-2.991358	91	0	109	547.478
1.570796	1.870545	-2.976234	92	109	105	547.453
0.785398	2.295480	1.008277	103	102	97	547.447
-2.356194	0.929350	-2.910676	3	101	16	547.357
-2.879793	0.899350	-2.069907	86	107	104	547.350
1.832596	2.478122	2.609777	10	27	6	547.326
-2.617994	1.367556	0.358405	4	8	89	547.324
-3.141593	1.135813	-2.658866	111	103	18	547.311
-0.261799	2.404280	-0.174044	97	100	100	547.256
2.879793	2.041297	-2.664597	98	18	15	547.172
-3.141593	1.433411	-1.035986	89	111	108	547.142
-3.141593	1.050534	3.042579	99	106	15	547.057
0.000000	1.025536	1.576859	27	0	101	547.021
-1.308997	1.301460	-0.509251	108	2	90	547.018
1.570796	2.041297	-2.664597	15	94	10	546.925
-3.141593	1.134796	2.434290	92	8	12	546.913
-1.570796	0.419640	2.974122	89	111	12	546.876
2.879793	1.450119	-2.739050	2	106	20	546.619
-1.047198	1.128190	-2.288622	108	23	18	546.508
-2.094395	1.875281	0.107086	4	28	11	546.471
0.785398	1.741644	-2.695914	15	23	3	546.465
-2.879793	1.869911	2.701025	6	109	22	546.463
1.570796	1.050534	3.042579	107	4	89	546.407
2.617994	2.041297	-2.664597	5	7	20	546.383
-0.785398	2.063651	-2.044600	97	19	20	546.371
0.261799	1.450119	-2.739050	6	9	16	546.362
-1.570796	2.251330	-2.330739	86	0	97	546.341
1.047198	0.960688	-0.577532	12	7	86	546.315
0.785398	1.606104	-0.451151	107	15	89	546.308
2.879793	0.618092	2.539118	88	7	7	546.151
2.356194	2.637879	2.121598	0	9	85	545.989
2.356194	0.864993	2.278281	89	17	8	545.957
-2.356194	0.866955	-0.931351	111	8	23	545.786
1.570796	1.998705	2.370472	107	16	25	545.777
-1.047198	1.214854	-1.966664	100	26	11	545.676
0.785398	2.455966	-0.641220	103	98	103	545.641
-1.832596	2.407836	1.410646	95	106	110	545.543
2.617994	0.297065	2.160177	88	2	7	545.422
-2.879793	0.674054	1.013609	95	101	95	545.407
0.785398	1.617114	-1.572037	90	110	9	545.405
-1.832596	2.379497	0.561089	23	5	98	545.319
0.000000	1.134796	2.434290	4	15	17	545.228
0.000000	1.699788	2.452890	102	106	93	545.198
-0.785398	1.872854	1.543456	28	99	108	545.144
2.879793	2.108018	1.311430	86	4	16	545.057
-0.261799	1.374601	-2.456031	97	10	98	545.038
-1.047198	0.866395	-2.492918	1	21	17	544.913
-2.879793	2.138223	1.678323	16	12	92	544.902
-1.832596	2.724429	-0.348782	27	103	106	544.866
2.356194	0.831641	0.616218	21	101	102	544.861
2.617994	2.174483	2.653697	7	13	88	544.802
-0.523599	2.704512	1.488683	28	110	108	544.603
-2.356194	2.174483	2.653697	99	6	91	544.555
-2.094395	2.104282	-0.813972	28	105	100	544.510
1.308997	1.247695	1.809890	95	106	96	544.488
-2.617994	1.836682	-0.676006	93	109	1	544.442
1.047198	0.961715	0.014085	17	100	97	544.271
0.261799	1.545873	-1.877082	88	5	103	544.213
-0.523599	1.433411	-1.035986	95	12	97	544.151
2.356194	2.881233	-2.582574	25	19	2	544.125
-1.570796	2.153910	-1.714959	14	108	96	544.091
-0.785398	1.766067	2.153843	86	110	101	544.083
-1.832596	1.135813	-2.658866	15	16	14	544.031
-0.261799	1.367556	0.358405	110	0	92	543.996
-1.832596	1.658653	-2.409879	81	8	108	543.887
-0.523599	2.393226	1.857173	24	97	1	543.802
0.000000	1.433411	-1.035986	95	110	101	543.715
-2.617994	1.242974	-2.977882	0	105	18	543.630
0.785398	1.134796	2.434290	94	110	2	543.626
0.261799	0.831641	0.616218	91	5	101	543.585
0.261799	0.914445	2.687814	97	2	93	543.399
-2.879793	2.299159	2.264663	101	102	107	543.359
-2.879793	1.195355	1.200319	91	105	3	543.279
0.261799	1.417623	-0.202254	104	110	94	543.145
1.832596	1.617114	-1.572037	105	16	98	543.121
-0.261799	1.335669	0.897240	90	10	103	543.112
-0.261799	1.025536	1.576859	92	104	111	543.077
0.261799	1.554776	0.100351	14	4	91	542.851
1.832596	0.379747	-1.713059	17	106	88	542.834
-3.141593	0.619654	-2.216909	96	111	95	542.805
1.308997	0.203748	0.590255	27	7	106	542.595
2.879793	1.128190	-2.288622	2	105	17	542.519
-2.617994	1.506530	1.988858	102	93	111	542.502
2.617994	2.343981	-1.040456	111	107	21	542.440
-2.617994	0.929350	-2.910676	3	100	16	542.233
0.000000	2.404280	-0.174044	97	99	110	542.198
1.308997	0.591903	2.010408	10	25	2	542.145
-1.047198	1.904882	-1.478089	110	19	94	542.098
-3.141593	1.413347	-1.339188	89	0	106	541.960
-2.356194	1.982574	-1.115518	26	20	105	541.946
-1.832596	1.335669	0.897240	96	109	101	541.820
2.879793	1.134796	2.434290	91	11	12	541.690
-1.047198	0.733948	3.021411	26	10	9	541.653
-1.832596	2.984978	1.954446	85	6	8	541.621
2.356194	2.664082	-1.071402	97	107	102	541.538
2.879793	0.906588	1.252948	90	102	101	541.152
-2.879793	1.736875	3.023612	11	108	21	541.118
-2.356194	2.455966	-0.641220	13	109	92	541.114
0.000000	1.242974	-2.977882	89	13	105	541.002
2.617994	0.914445	2.687814	88	8	10	540.896
2.617994	1.025536	1.576859	0	8	91	540.809
0.785398	1.658653	-2.409879	105	110	19	540.731
-1.570796	2.637879	2.121598	101	106	23	540.545
-2.617994	2.455966	-0.641220	14	110	92	540.463
-3.141593	0.418037	1.360082	93	103	95	540.446
2.879793	1.214854	-1.966664	92	109	100	540.361
0.523599	1.301460	-0.509251	12	12	88	540.342
0.000000	2.379497	0.561089	95	105	99	540.286
-0.785398	1.948085	-2.363031	97	15	19	540.141
-0.261799	1.448123	-2.163292	4	14	16	540.098
-0.523599	0.419640	2.974122	96	111	95	540.049
2.617994	1.194549	-0.801900	9	5	20	539.951
-0.785398	0.733948	3.021411	4	18	17	539.902
0.261799	1.617114	-1.572037	90	6	101	539.888
1.570796	0.700570	1.559208	14	27	98	539.845
1.570796	2.979456	-1.009304	90	1	105	539.779
-2.356194	1.218453	2.777284	109	99	14	539.585
0.785398	1.510910	-0.740472	8	8	89	539.581
-0.785398	0.203748	0.590255	98	104	1	539.541
-1.308997	0.831641	0.616218	97	105	107	539.403
1.047198	2.404280	-0.174044	102	110	95	539.401
1.047198	1.413430	2.550734	7	24	13	539.354
0.000000	0.618092	2.539118	90	15	0	539.294
0.261799	1.736875	3.023612	1	12	23	539.258
-2.879793	0.700570	1.559208	9	16	92	539.252
-3.141593	1.812176	0.656819	22	102	104	539.131
2.617994	0.685216	-1.712745	103	103	11	539.094
-0.261799	1.506530	1.988858	90	1	99	539.092
2.356194	1.113094	-0.272241	20	2	94	539.043
-2.879793	1.904882	-1.478089	20	18	4	539.040
2.094395	2.164094	-2.991358	18	19	7	538.985
-1.832596	2.881233	-2.582574	95	1	88	538.941
0.000000	1.554776	0.100351	1	24	16	538.928
2.356194	0.618092	2.539118	88	14	7	538.846
-0.523599	1.391910	3.030322	7	14	19	538.844
1.047198	1.554776	0.100351	4	94	95	538.771
-1.047198	1.374601	-2.456031	107	20	21	538.680
0.000000	2.579248	-2.364801	103	96	107	538.519
1.047198	0.709924	0.218797	11	92	92	538.439
-1.308997	2.349581	-2.702517	86	106	100	538.433
1.047198	2.343981	-1.040456	95	4	97	538.411
0.000000	2.455966	-0.641220	110	30	103	538.382
2.356194	1.135813	-2.658866	25	106	105	538.373
-0.261799	1.545873	-1.877082	90	18	12	538.245
-2.356194	0.571433	-1.188419	99	104	99	538.163
1.308997	1.824694	1.850876	90	107	96	538.149
-1.832596	0.370812	-2.547742	28	8	2	538.068
-1.047198	2.174483	2.653697	108	102	15	537.969
2.094395	2.863997	0.549740	17	16	12	537.815
2.356194	0.685216	-1.712745	101	103	9	537.791
-1.570796	0.864993	2.278281	6	24	6	537.686
0.000000	1.247695	1.809890	22	1	98	537.601
2.356194	2.187132	-0.479875	104	110	94	537.577
-3.141593	2.174483	2.653697	103	12	90	537.434
-2.617994	1.982574	-1.115518	17	23	110	537.297
2.356194	1.128190	-2.288622	107	104	18	537.277
-0.523599	1.325504	-1.671296	92	10	100	537.130
-0.785398	0.370812	-2.547742	15	22	7	537.121
1.047198	1.606104	-0.451151	109	12	89	537.026
-1.570796	2.073035	2.027405	21	22	4	537.020
