112	1.2	0
-2.617994	1.554776	0.100351
1.428267	2.530652	2.513764
../6s44_monomer_m.pdb	-305.353	125.278	185.491
../6s44_monomer_m.pdb	223.533	160.777	261.895
1.047198	1.998705	2.370472	100	109	94	991.294
1.832596	2.393226	1.857173	96	106	110	976.775
-3.141593	1.569311	-3.003978	94	111	102	973.417
2.094395	2.637879	2.121598	94	106	0	945.786
-0.523599	1.218453	2.777284	15	89	96	920.889
1.308997	2.592629	0.909713	95	107	6	912.178
1.047198	1.766067	2.153843	101	105	98	899.953
1.308997	2.863997	0.549740	99	105	9	897.198
-0.523599	1.050534	3.042579	14	1	93	895.811
-1.832596	1.982574	-1.115518	1	10	18	885.099
-3.141593	1.391910	3.030322	95	0	100	883.598
-1.047198	1.214854	-1.966664	101	110	101	882.875
-2.617994	1.310100	1.488307	18	110	95	881.995
2.879793	1.870545	-2.976234	93	110	105	868.686
-2.356194	1.310100	1.488307	17	0	95	865.501
-2.617994	0.700570	1.559208	101	101	102	864.269
1.047198	2.863997	0.549740	96	107	9	860.120
-2.879793	2.664082	-1.071402	101	4	95	854.300
1.832596	2.456751	-1.503343	8	9	16	853.626
2.879793	1.569311	-3.003978	93	0	103	853.095
1.308997	1.982574	-1.115518	97	101	108	847.871
2.356194	2.637879	2.121598	96	104	1	845.961
-2.094395	1.836682	-0.676006	94	0	107	844.198
1.308997	1.732874	-0.951685	97	103	105	838.898
1.570796	2.073035	2.027405	100	104	101	837.035
1.570796	2.299159	2.264663	97	106	100	831.520
1.570796	0.960688	-0.577532	98	106	15	830.302
1.047198	2.379497	0.561089	93	109	6	829.163
1.570796	2.704512	1.488683	95	106	3	824.626
-1.570796	1.574060	2.783565	12	92	96	822.982
-2.094395	2.343981	-1.040456	15	23	2	821.512
-2.879793	0.700570	1.559208	97	102	102	821.241
-3.141593	0.591903	2.010408	98	101	103	819.841
1.308997	1.766067	2.153843	103	105	97	818.310
1.308997	2.379497	0.561089	96	106	6	816.328
1.570796	2.456751	-1.503343	8	7	16	814.520
0.261799	1.325504	-1.671296	18	22	5	813.564
1.308997	1.836682	-0.676006	98	105	104	811.654
2.617994	2.349581	-2.702517	93	1	98	811.151
-1.047198	2.299159	2.264663	97	99	108	808.904
-2.879793	2.247462	0.191623	7	14	15	808.680
0.000000	0.297065	2.160177	101	93	1	808.275
2.094395	2.664082	-1.071402	10	7	15	806.149
1.570796	2.592629	0.909713	99	104	6	804.944
-2.617994	0.674054	1.013609	105	99	95	804.891
-3.141593	2.251330	-2.330739	105	93	1	802.980
1.570796	1.998705	2.370472	99	108	97	802.323
1.832596	2.984978	1.954446	94	106	5	800.741
0.785398	1.766067	2.153843	101	106	93	800.568
-2.094395	1.391910	3.030322	109	7	90	800.367
1.047198	1.699788	2.452890	102	108	95	799.232
0.785398	2.863997	0.549740	93	110	9	797.770
1.570796	2.407836	1.410646	97	104	1	797.512
-2.356194	1.982574	-1.115518	102	2	99	797.366
-0.785398	1.242974	-2.977882	16	0	93	797.261
0.000000	1.948085	-2.363031	101	2	98	796.972
1.047198	2.299159	2.264663	96	111	94	793.815
0.785398	1.014500	0.906702	93	108	13	793.582
0.523599	1.247695	1.809890	101	96	104	793.445
-0.785398	2.588535	-2.976617	90	4	101	792.685
1.570796	2.174483	2.653697	98	110	96	792.020
-2.617994	1.247695	1.809890	16	111	94	790.451
1.308997	1.506530	1.988858	105	103	98	790.293
1.047198	1.875281	0.107086	95	3	13	789.167
1.308997	1.998705	2.370472	101	107	96	788.348
2.094395	1.869911	2.701025	100	0	96	785.173
0.785398	1.440580	2.260026	103	105	95	784.943
1.308997	2.073035	2.027405	100	102	102	784.689
1.308997	2.299159	2.264663	96	109	98	783.739
1.308997	2.115563	0.685730	95	106	5	782.847
2.879793	1.736875	3.023612	96	110	100	782.432
2.094395	2.393226	1.857173	97	105	0	781.555
-3.141593	1.741644	-2.695914	92	110	106	780.845
1.047198	1.045978	0.343692	88	2	3	779.008
0.785398	1.875281	0.107086	94	6	13	778.965
1.308997	1.699788	2.452890	104	107	95	778.906
0.523599	0.591903	2.010408	93	0	102	777.055
-1.832596	0.864993	2.278281	8	11	92	776.252
1.308997	1.869911	2.701025	103	110	93	775.730
1.832596	1.998705	2.370472	102	104	100	774.516
-0.785398	1.050534	3.042579	14	86	99	774.057
1.570796	2.138223	1.678323	95	107	109	774.055
1.047198	0.290380	-0.796960	100	103	108	773.992
0.785398	0.674054	1.013609	97	96	0	772.841
-1.832596	1.606104	-0.451151	109	18	21	771.916
-2.879793	2.349581	-2.702517	92	108	5	770.340
-1.832596	1.134497	-1.109631	93	3	106	769.898
0.523599	1.168678	2.108595	104	97	101	769.711
-2.879793	2.579248	-2.364801	91	111	7	769.243
2.617994	2.455966	-0.641220	2	8	90	769.172
0.261799	0.866395	-2.492918	27	104	103	768.899
0.785398	1.335669	0.897240	95	105	11	766.591
1.047198	2.073035	2.027405	98	106	96	766.193
1.308997	2.704512	1.488683	91	109	3	764.483
-1.047198	0.992645	-1.723759	101	107	102	761.460
1.047198	0.960688	-0.577532	102	101	111	760.322
-2.879793	1.195355	1.200319	18	101	98	760.225
-2.356194	1.247695	1.809890	14	111	93	760.042
0.785398	2.587733	0.232235	93	109	9	759.978
1.570796	2.089241	-0.114193	85	10	109	759.333
1.047198	1.506530	1.988858	103	103	97	759.205
1.308997	1.440580	2.260026	108	107	94	758.470
-1.832596	1.025536	1.576859	13	9	94	758.234
-2.617994	2.251330	-2.330739	91	108	8	758.114
0.261799	1.135834	-1.431087	15	23	6	756.738
-0.785398	2.356369	3.005869	93	102	110	756.395
1.308997	2.396274	-1.959260	106	11	96	753.968
2.094395	2.984978	1.954446	92	111	8	753.790
1.570796	1.113094	-0.272241	100	103	13	753.220
-1.308997	1.574060	2.783565	13	91	96	752.910
1.570796	2.104282	-0.813972	6	108	20	752.411
2.094395	1.721184	-0.153948	3	101	16	752.122
1.308997	1.433411	-1.035986	84	11	98	750.803
-2.094395	1.909857	-0.381669	88	6	111	750.791
-2.617994	0.591903	2.010408	100	100	107	750.574
-1.570796	1.391910	3.030322	11	90	98	750.218
1.570796	2.295480	1.008277	98	104	3	750.016
2.356194	1.413430	2.550734	104	4	93	749.502
0.785398	1.699788	2.452890	100	109	95	749.415
-2.617994	1.909857	-0.381669	90	13	110	749.324
1.832596	0.914445	2.687814	24	109	97	748.799
0.261799	1.014500	0.906702	88	111	12	748.695
-2.094395	1.301460	-0.509251	92	2	2	748.552
2.356194	2.984978	1.954446	95	108	8	748.455
-2.617994	1.025536	1.576859	15	1	94	748.096
-0.261799	0.914445	2.687814	10	1	92	748.041
1.047198	1.440580	2.260026	105	105	95	746.656
2.617994	0.618092	2.539118	4	23	96	745.988
2.356194	2.588535	-2.976617	94	111	96	745.617
1.832596	0.960688	-0.577532	99	106	17	745.268
1.047198	2.396274	-1.959260	6	0	92	744.498
2.617994	2.033014	2.977192	95	109	102	742.063
1.832596	1.510910	-0.740472	103	111	18	741.915
1.308997	0.960688	-0.577532	96	108	16	741.357
-1.047198	1.998705	2.370472	96	101	111	739.369
-0.261799	0.080730	-2.622036	22	94	105	739.322
1.832596	2.174483	2.653697	98	109	97	739.098
-2.356194	0.674054	1.013609	102	104	96	738.764
-2.617994	1.904882	-1.478089	4	9	18	737.426
2.617994	1.869911	2.701025	100	108	97	737.185
2.094395	2.174483	2.653697	98	109	98	736.926
1.308997	2.174483	2.653697	99	1	92	736.679
1.047198	1.732874	-0.951685	85	17	103	736.410
0.000000	0.290380	-0.796960	109	1	85	736.338
-3.141593	1.242974	-2.977882	94	0	101	736.136
0.261799	1.134796	2.434290	105	100	97	735.629
-2.094395	1.606104	-0.451151	91	3	111	735.611
-1.308997	0.496451	0.593859	110	27	105	735.555
0.000000	1.014500	0.906702	85	3	12	735.070
1.308997	2.407836	1.410646	95	107	5	734.574
-1.570796	1.135834	-1.431087	93	2	106	734.546
1.308997	2.637879	2.121598	93	106	104	733.896
-0.523599	2.063651	-2.044600	86	1	108	733.615
1.832596	0.080730	-2.622036	107	108	85	733.571
2.879793	2.343981	-1.040456	6	19	16	733.476
2.879793	2.033014	2.977192	96	106	105	733.261
-2.879793	0.618092	2.539118	3	18	95	732.643
1.570796	2.664082	-1.071402	9	8	16	732.311
2.356194	2.719179	-1.780644	104	106	99	732.078
-1.570796	2.108018	1.311430	88	12	3	731.162
-0.261799	0.419640	2.974122	21	2	98	730.793
-0.785398	1.448123	-2.163292	5	111	18	730.121
-1.570796	0.850607	-1.335383	92	2	111	730.080
2.356194	1.440580	2.260026	107	1	92	729.286
1.308997	1.696674	-1.253233	82	10	103	728.867
-1.832596	2.153910	-1.714959	87	106	102	728.787
-0.785398	1.218453	2.777284	12	88	95	728.241
1.832596	1.836682	-0.676006	87	111	104	728.011
2.094395	1.510910	-0.740472	104	110	18	726.838
0.785398	1.247695	1.809890	101	98	106	726.765
-1.308997	0.419640	2.974122	88	2	104	726.092
-1.570796	1.310100	1.488307	93	109	102	725.887
1.047198	1.014500	0.906702	90	5	104	725.070
-1.832596	1.836682	-0.676006	93	0	105	724.840
-2.356194	1.168678	2.108595	12	4	92	724.728
-2.356194	0.700570	1.559208	99	102	104	724.619
-1.047198	2.174483	2.653697	95	103	108	724.526
0.785398	2.984978	1.954446	93	21	9	724.459
1.308997	1.413347	-1.339188	84	9	96	723.069
1.570796	0.080730	-2.622036	105	107	86	722.856
2.617994	2.760637	2.781135	94	107	1	722.100
0.261799	0.618092	2.539118	21	4	96	721.974
-0.523599	2.349581	-2.702517	90	2	102	721.895
-2.879793	0.906588	1.252948	96	102	102	721.254
0.000000	1.135834	-1.431087	16	23	3	721.078
-3.141593	2.579248	-2.364801	90	111	102	720.448
-2.094395	1.721184	-0.153948	90	6	3	720.409
1.047198	2.592629	0.909713	93	110	7	719.803
-2.617994	2.247462	0.191623	4	16	16	719.312
-2.617994	0.418037	1.360082	94	103	104	718.791
-0.785398	2.180315	-1.357379	89	9	99	718.281
1.308997	0.910508	1.903534	16	7	92	718.208
-1.047198	0.379747	-1.713059	22	95	108	717.839
2.617994	2.247462	0.191623	89	104	6	717.825
0.261799	1.756530	-2.105156	18	20	6	717.734
0.523599	0.458961	-0.107937	101	103	106	717.664
1.047198	0.615174	-0.666022	100	104	106	717.644
0.785398	2.379497	0.561089	91	0	7	717.581
-0.523599	1.510910	-0.740472	5	20	15	717.073
0.523599	1.545873	-1.877082	19	17	14	716.652
1.047198	2.295480	1.008277	96	105	7	716.009
2.617994	2.343981	-1.040456	9	16	15	715.404
-0.261799	2.349581	-2.702517	95	103	105	714.996
-2.356194	2.104282	-0.813972	100	111	100	714.990
-2.879793	0.297065	2.160177	98	102	104	714.901
2.879793	2.719179	-1.780644	97	21	15	714.854
2.356194	1.869911	2.701025	100	111	96	714.832
2.094395	1.909857	-0.381669	5	104	18	714.718
-1.570796	2.379497	0.561089	97	108	2	713.547
1.832596	2.073035	2.027405	101	104	100	713.499
-1.832596	1.413347	-1.339188	91	5	106	713.370
-1.570796	2.456751	-1.503343	90	103	101	713.267
-2.879793	2.251330	-2.330739	91	0	8	713.120
0.785398	2.396274	-1.959260	8	13	16	712.195
1.308997	1.014500	0.906702	101	101	11	712.138
1.047198	1.335669	0.897240	105	93	103	711.986
0.785398	1.732874	-0.951685	96	14	15	710.941
-2.356194	2.089241	-0.114193	89	12	109	710.557
2.356194	2.455966	-0.641220	9	4	16	709.656
1.832596	2.704512	1.488683	98	103	3	709.011
-2.356194	2.187132	-0.479875	2	13	17	708.906
-2.356194	1.391910	3.030322	109	10	90	708.753
1.570796	1.301460	-0.509251	90	8	11	708.343
2.617994	2.174483	2.653697	95	107	105	708.271
0.523599	0.618092	2.539118	23	97	99	708.263
1.832596	2.138223	1.678323	97	105	109	708.073
-2.879793	1.050534	3.042579	97	110	12	707.966
-2.879793	2.881233	-2.582574	92	109	7	707.832
0.523599	1.014500	0.906702	90	110	13	707.437
-1.570796	0.618092	2.539118	109	5	93	707.175
2.094395	2.356369	3.005869	97	110	95	707.145
-2.617994	2.979456	-1.009304	97	23	13	707.124
1.570796	1.554776	0.100351	108	96	10	706.685
0.523599	0.762244	-0.273349	99	104	103	706.578
2.879793	1.766067	2.153843	98	109	100	706.316
1.570796	1.836682	-0.676006	88	5	100	706.201
-3.141593	0.297065	2.160177	106	103	88	705.914
-1.308997	1.391910	3.030322	13	89	99	705.881
2.094395	1.812176	0.656819	99	9	93	705.799
1.047198	1.134497	-1.109631	91	10	93	705.788
2.617994	2.478122	2.609777	96	105	110	705.753
-1.047198	0.762244	-0.273349	2	14	24	705.443
-1.570796	2.033014	2.977192	17	90	102	705.371
2.879793	2.588535	-2.976617	97	1	89	705.033
2.356194	0.080730	-2.622036	99	101	108	704.892
-0.785398	2.393226	1.857173	98	104	100	704.739
0.785398	1.045978	0.343692	14	13	91	704.693
0.785398	2.592629	0.909713	93	108	8	704.069
0.261799	2.164094	-2.991358	96	4	100	704.033
-0.785398	0.910508	1.903534	1	8	92	703.926
1.832596	2.637879	2.121598	93	108	1	703.604
1.047198	0.992645	-1.723759	95	102	105	703.601
-1.832596	1.301460	-0.509251	92	0	4	703.537
-0.261799	1.134497	-1.109631	16	23	4	703.250
1.308997	1.135834	-1.431087	89	5	93	703.214
-2.617994	2.579248	-2.364801	92	108	7	703.068
0.000000	0.080730	-2.622036	23	97	105	702.787
-0.523599	2.704512	1.488683	96	108	3	702.604
0.523599	2.984978	1.954446	95	21	10	702.167
2.356194	2.299159	2.264663	95	107	104	702.041
-1.570796	2.115563	0.685730	96	108	96	702.019
1.570796	1.555207	1.708892	11	10	89	701.912
1.047198	2.001437	0.381215	94	1	11	701.603
-0.785398	0.370812	-2.547742	19	90	104	700.850
1.832596	2.407836	1.410646	99	103	1	700.827
2.094395	1.433411	-1.035986	103	0	20	700.562
-2.094395	2.089241	-0.114193	88	10	109	700.531
0.785398	2.704512	1.488683	92	104	108	700.505
2.356194	2.187132	-0.479875	87	105	0	700.111
1.047198	0.685216	-1.712745	95	104	101	699.930
2.356194	2.478122	2.609777	94	107	110	699.749
-2.879793	1.014500	0.906702	96	105	98	699.566
0.523599	2.587733	0.232235	94	110	11	699.495
-1.570796	0.866955	-0.931351	96	107	5	699.338
0.523599	1.214854	-1.966664	19	25	2	699.104
-3.141593	1.450119	-2.739050	92	111	104	698.922
0.523599	1.335669	0.897240	91	107	11	698.606
1.308997	0.992645	-1.723759	92	1	92	697.821
0.000000	1.134497	-1.109631	12	23	8	697.418
1.047198	1.683268	0.374177	93	3	11	697.138
2.094395	2.579248	-2.364801	96	22	12	696.390
0.523599	1.555207	1.708892	99	98	100	696.384
-1.308997	2.041297	-2.664597	110	109	18	696.219
-2.356194	1.025536	1.576859	14	2	94	695.772
0.261799	0.906588	1.252948	24	0	99	695.708
-2.879793	0.591903	2.010408	97	101	108	695.176
-2.356194	2.760637	2.781135	100	104	6	694.974
1.047198	2.138223	1.678323	98	101	106	694.458
2.879793	2.164094	-2.991358	96	105	105	694.408
1.832596	2.108018	1.311430	97	105	0	694.055
-1.832596	1.721184	-0.153948	111	18	19	693.965
1.047198	1.909857	-0.381669	107	102	17	693.780
2.356194	1.134796	2.434290	20	110	94	693.756
-2.879793	0.674054	1.013609	94	105	100	693.489
-0.785398	0.080730	-2.622036	95	107	104	693.448
1.308997	2.104282	-0.813972	0	108	19	693.369
-0.785398	1.904882	-1.478089	87	7	102	693.309
2.617994	2.187132	-0.479875	89	102	111	692.968
-1.570796	2.153910	-1.714959	89	101	104	692.594
0.261799	1.335669	0.897240	88	109	9	692.356
-0.785398	0.929350	-2.910676	22	95	104	692.260
-1.832596	0.960688	-0.577532	97	108	6	691.902
-1.832596	1.766067	2.153843	15	101	94	691.784
0.523599	0.700570	1.559208	99	96	106	691.414
0.785398	1.506530	1.988858	100	104	97	691.023
1.047198	1.135834	-1.431087	89	8	93	690.206
-0.261799	2.247462	0.191623	88	14	10	690.105
1.308997	0.709924	0.218797	97	99	8	689.692
-3.141593	2.073035	2.027405	96	109	16	689.529
-0.523599	2.180315	-1.357379	88	5	99	689.527
-2.617994	2.724429	-0.348782	96	9	97	689.492
2.356194	1.836682	-0.676006	111	110	19	688.980
-2.094395	1.766067	2.153843	18	103	97	688.379
-2.617994	1.195355	1.200319	20	1	96	688.191
1.047198	0.203748	0.590255	94	98	6	687.910
-2.879793	0.831641	0.616218	26	107	106	687.753
2.879793	2.063651	-2.044600	89	8	102	687.532
0.785398	0.906588	1.252948	93	4	101	687.388
0.000000	2.251330	-2.330739	15	3	13	687.371
-3.141593	1.168678	2.108595	97	101	6	687.347
-3.141593	1.195355	1.200319	93	105	102	687.117
-0.523599	0.640596	-2.797608	22	94	104	687.095
0.261799	0.864993	2.278281	105	97	100	687.081
-3.141593	2.349581	-2.702517	90	0	5	686.824
1.308997	2.588535	-2.976617	98	27	5	686.672
0.000000	0.733948	3.021411	23	96	100	686.648
1.832596	2.299159	2.264663	99	105	102	686.578
1.047198	0.674054	1.013609	21	99	102	686.493
1.832596	2.356369	3.005869	96	1	95	686.248
-2.356194	0.418037	1.360082	103	104	97	686.138
1.308997	1.824694	1.850876	100	102	105	685.797
2.617994	2.984978	1.954446	99	104	8	685.784
1.047198	1.195355	1.200319	108	93	99	685.680
-1.832596	1.506530	1.988858	12	95	96	685.503
1.832596	1.721184	-0.153948	0	100	16	685.370
0.261799	1.948085	-2.363031	102	0	98	685.184
-1.832596	2.588535	-2.976617	101	104	9	684.902
-0.523599	2.356369	3.005869	96	100	110	684.827
-2.879793	1.504028	0.636812	94	102	105	684.534
-3.141593	0.419640	2.974122	102	99	3	684.430
-0.523599	1.904882	-1.478089	87	2	103	683.734
0.785398	0.418037	1.360082	102	93	1	683.696
0.523599	0.992645	-1.723759	16	26	3	683.600
-1.308997	2.456751	-1.503343	91	101	101	683.295
-1.308997	0.733948	3.021411	90	2	100	683.138
0.261799	1.413430	2.550734	106	103	93	683.004
1.570796	1.875281	0.107086	100	5	91	682.956
-0.785398	1.732874	-0.951685	7	17	16	682.885
0.523599	1.440580	2.260026	105	99	96	682.674
-2.356194	0.910508	1.903534	12	7	93	682.089
-1.832596	1.194549	-0.801900	92	0	2	681.660
1.832596	1.766067	2.153843	104	106	97	681.497
-1.047198	1.732874	-0.951685	2	14	18	681.460
0.261799	2.456751	-1.503343	5	107	17	681.419
0.785398	0.591903	2.010408	24	96	101	681.388
-1.047198	1.574060	2.783565	14	92	94	681.296
-3.141593	2.041297	-2.664597	92	108	107	681.181
-1.832596	0.866955	-0.931351	92	1	0	681.177
-1.570796	1.506530	1.988858	14	96	97	681.140
2.879793	2.041297	-2.664597	94	1	98	681.035
1.308997	1.325504	-1.671296	86	4	97	680.846
2.617994	0.910508	1.903534	13	97	96	680.800
1.047198	1.113094	-0.272241	96	106	14	680.695
-1.047198	1.391910	3.030322	21	110	97	680.691
-1.047198	2.592629	0.909713	99	104	2	680.594
1.047198	2.984978	1.954446	92	19	9	679.985
1.570796	2.379497	0.561089	98	105	6	679.826
2.094395	1.606104	-0.451151	1	102	17	679.675
-2.879793	1.904882	-1.478089	103	8	95	679.597
1.047198	1.836682	-0.676006	95	11	15	679.583
-0.785398	2.251330	-2.330739	106	104	15	679.468
2.617994	2.588535	-2.976617	97	3	89	679.197
-0.523599	0.929350	-2.910676	96	0	99	679.159
2.617994	1.998705	2.370472	97	108	103	678.967
2.356194	2.396274	-1.959260	97	22	15	678.893
1.832596	0.615174	-0.666022	94	106	14	678.839
2.617994	1.413430	2.550734	104	3	93	678.757
-0.785398	0.866395	-2.492918	97	110	100	678.534
0.523599	2.349581	-2.702517	24	23	108	678.390
1.570796	2.396274	-1.959260	104	10	96	678.356
2.356194	2.089241	-0.114193	86	107	1	678.049
-1.047198	0.929350	-2.910676	19	94	104	677.574
1.570796	1.417623	-0.202254	82	8	103	677.381
1.570796	2.478122	2.609777	95	110	97	677.323
2.356194	2.881233	-2.582574	94	20	11	677.267
-2.879793	0.910508	1.903534	95	102	0	677.150
1.570796	2.984978	1.954446	92	109	5	677.147
-2.356194	1.555207	1.708892	19	110	96	677.115
2.617994	0.419640	2.974122	104	103	88	676.728
0.785398	2.455966	-0.641220	1	104	17	676.593
-1.832596	0.914445	2.687814	7	8	92	676.451
0.523599	1.875281	0.107086	92	8	13	676.338
-1.047198	1.218453	2.777284	19	110	95	676.320
0.261799	0.458961	-0.107937	101	103	103	676.120
2.094395	2.881233	-2.582574	96	23	11	675.803
-1.047198	0.419640	2.974122	90	111	104	675.745
0.523599	2.164094	-2.991358	21	25	103	675.148
1.047198	2.587733	0.232235	98	104	10	675.139
0.785398	1.824694	1.850876	98	102	100	675.046
0.523599	0.906588	1.252948	25	3	99	674.903
0.523599	2.863997	0.549740	90	0	8	674.099
1.570796	0.458961	-0.107937	87	3	2	674.092
1.832596	2.343981	-1.040456	8	3	17	673.992
-1.832596	0.203748	0.590255	108	107	87	673.940
0.785398	2.073035	2.027405	98	107	92	673.901
2.356194	1.875281	0.107086	85	105	0	673.602
1.832596	1.875281	0.107086	85	12	104	673.594
-1.047198	1.554776	0.100351	10	26	2	673.457
-0.523599	1.214854	-1.966664	93	106	111	673.401
1.832596	2.295480	1.008277	98	104	3	673.067
2.879793	2.251330	-2.330739	90	4	101	672.862
-1.308997	0.370812	-2.547742	95	104	107	672.415
0.523599	1.756530	-2.105156	21	17	11	672.003
-3.141593	1.948085	-2.363031	91	111	110	671.464
-1.308997	0.866395	-2.492918	19	94	106	671.227
1.308997	2.295480	1.008277	95	106	3	670.967
0.785398	2.041297	-2.664597	21	26	107	670.873
2.094395	0.864993	2.278281	25	106	98	670.790
2.094395	2.089241	-0.114193	85	111	1	670.518
1.308997	1.310100	1.488307	95	110	102	670.483
1.570796	2.393226	1.857173	95	107	111	670.270
-0.785398	2.478122	2.609777	96	100	107	670.080
-1.047198	1.113094	-0.272241	109	15	25	669.795
-1.570796	2.343981	-1.040456	87	107	103	669.635
1.047198	1.696674	-1.253233	83	14	104	669.635
1.832596	2.187132	-0.479875	8	106	18	669.542
-1.570796	1.448123	-2.163292	88	105	104	669.232
1.047198	1.310100	1.488307	110	96	95	669.180
-1.832596	1.977582	0.969896	90	13	6	668.996
0.000000	2.356369	3.005869	97	2	101	668.814
-2.094395	1.506530	1.988858	11	95	95	668.781
0.523599	1.448123	-2.163292	20	19	11	668.661
1.047198	0.496451	0.593859	88	2	110	668.488
-2.356194	2.455966	-0.641220	92	5	101	668.404
0.000000	1.732874	-0.951685	95	16	14	668.298
2.094395	2.456751	-1.503343	109	23	19	667.105
2.356194	1.574060	2.783565	101	4	94	667.074
0.785398	2.247462	0.191623	93	110	10	666.461
-1.308997	1.736875	3.023612	15	88	100	666.222
-0.785398	1.135813	-2.658866	98	0	97	666.172
-2.617994	2.187132	-0.479875	90	13	107	666.038
-0.261799	1.134796	2.434290	92	10	8	665.899
0.000000	1.325504	-1.671296	18	21	4	665.668
2.617994	2.001437	0.381215	88	104	3	665.621
-1.308997	0.992645	-1.723759	92	2	109	665.582
-1.570796	0.619654	-2.216909	95	104	106	665.447
1.570796	0.992645	-1.723759	91	111	92	665.354
2.356194	2.579248	-2.364801	94	20	12	665.077
0.000000	0.700570	1.559208	25	0	102	665.061
-2.879793	0.418037	1.360082	95	106	98	665.057
-0.523599	2.637879	2.121598	102	104	96	665.024
-0.523599	2.760637	2.781135	96	107	98	664.778
2.094395	0.961715	0.014085	22	21	4	664.159
0.261799	1.870545	-2.976234	95	3	100	664.119
-1.047198	1.545873	-1.877082	103	110	99	664.066
1.047198	2.247462	0.191623	96	106	9	663.886
-2.356194	1.506530	1.988858	10	95	94	663.869
-0.785398	1.128190	-2.288622	100	110	100	663.784
-0.523599	0.960688	-0.577532	5	10	88	663.532
-3.141593	1.870545	-2.976234	94	108	103	663.452
0.523599	1.242974	-2.977882	15	24	107	663.441
2.879793	1.391910	3.030322	95	2	99	663.399
-3.141593	2.881233	-2.582574	94	110	92	663.120
2.617994	0.914445	2.687814	2	20	18	663.027
2.356194	1.510910	-0.740472	104	110	17	662.998
2.879793	2.863997	0.549740	89	0	12	662.964
0.785398	0.496451	0.593859	86	4	111	662.745
0.000000	1.025536	1.576859	26	1	102	662.568
-0.523599	1.194549	-0.801900	13	21	10	662.412
2.356194	0.615174	-0.666022	20	20	9	662.027
-0.261799	0.290380	-0.796960	108	0	85	661.810
1.308997	1.909857	-0.381669	107	105	18	661.599
1.832596	2.760637	2.781135	92	109	103	661.594
-1.047198	1.050534	3.042579	13	91	97	661.506
-2.094395	0.910508	1.903534	11	12	14	661.495
0.261799	2.724429	-0.348782	97	107	13	661.385
1.047198	0.831641	0.616218	97	105	17	661.181
1.832596	2.664082	-1.071402	109	5	21	661.147
-1.308997	0.685216	-1.712745	21	94	111	661.129
-2.094395	2.724429	-0.348782	98	1	97	660.791
-1.047198	1.242974	-2.977882	15	85	101	660.719
1.570796	2.356369	3.005869	95	2	95	660.717
2.879793	2.349581	-2.702517	93	111	98	660.405
1.832596	1.909857	-0.381669	101	108	93	660.167
-0.261799	2.063651	-2.044600	94	105	103	660.122
-2.094395	1.736875	3.023612	1	5	88	659.993
-0.523599	1.696674	-1.253233	90	111	102	659.860
-1.832596	1.433411	-1.035986	95	2	102	659.860
-1.570796	2.979456	-1.009304	92	107	95	659.786
-1.832596	2.063651	-2.044600	88	104	102	659.411
-1.047198	0.640596	-2.797608	14	85	103	659.164
1.570796	2.108018	1.311430	96	105	0	658.836
2.356194	1.732874	-0.951685	108	0	20	658.703
-1.570796	1.413347	-1.339188	93	1	107	658.551
1.570796	1.256302	0.062705	102	101	10	658.454
0.523599	1.506530	1.988858	103	98	98	658.163
-0.785398	2.174483	2.653697	95	101	111	658.064
1.047198	1.555207	1.708892	91	0	106	658.018
1.570796	0.615174	-0.666022	92	108	14	657.595
1.047198	1.025536	1.576859	93	1	100	657.499
-0.523599	0.419640	2.974122	12	85	100	657.464
0.523599	1.325504	-1.671296	16	24	5	657.430
-2.879793	1.168678	2.108595	17	4	93	657.429
-1.832596	1.756530	-2.105156	87	107	101	657.329
-1.308997	2.115563	0.685730	99	106	95	657.318
1.047198	0.866955	-0.931351	102	3	88	657.188
-0.261799	2.153910	-1.714959	86	0	102	657.034
0.000000	1.545873	-1.877082	18	19	7	656.762
1.832596	1.606104	-0.451151	105	109	91	656.650
-2.356194	2.343981	-1.040456	7	13	90	656.551
-1.570796	1.904882	-1.478089	12	1	15	656.547
2.879793	1.450119	-2.739050	92	1	104	656.305
2.094395	2.407836	1.410646	98	104	2	656.224
0.785398	0.709924	0.218797	16	9	91	656.097
2.356194	1.606104	-0.451151	111	106	17	656.016
1.832596	2.089241	-0.114193	85	7	109	655.784
-0.523599	1.545873	-1.877082	93	106	107	655.763
-0.261799	0.733948	3.021411	22	5	97	655.731
-2.617994	1.488617	1.159546	19	102	99	655.570
-0.261799	0.618092	2.539118	101	94	107	655.391
2.879793	1.699788	2.452890	96	111	101	655.361
0.523599	0.418037	1.360082	97	95	0	655.171
2.617994	0.080730	-2.622036	102	98	110	654.907
-2.879793	1.417623	-0.202254	94	98	104	654.903
-1.308997	2.407836	1.410646	97	106	98	654.896
1.570796	1.214854	-1.966664	88	109	97	654.728
0.000000	1.741644	-2.695914	99	111	100	654.711
-0.523599	1.025536	1.576859	2	12	92	654.556
-1.308997	2.379497	0.561089	14	21	7	654.332
0.000000	1.617114	-1.572037	14	15	15	654.140
-1.047198	0.961715	0.014085	108	20	23	654.137
-0.785398	0.203748	0.590255	100	101	104	654.020
0.523599	2.247462	0.191623	90	1	10	653.926
0.785398	0.850607	-1.335383	95	7	91	653.511
0.785398	0.762244	-0.273349	99	103	107	653.496
1.570796	1.606104	-0.451151	107	106	19	653.455
0.261799	1.545873	-1.877082	20	20	4	653.438
-3.141593	1.310100	1.488307	101	94	107	653.422
-2.879793	1.812176	0.656819	94	102	107	653.338
2.094395	0.419640	2.974122	96	102	99	652.977
1.308997	0.685216	-1.712745	95	0	91	652.973
0.261799	1.134497	-1.109631	10	23	8	652.832
-2.094395	0.290380	-0.796960	26	106	108	651.929
0.785398	1.998705	2.370472	101	111	90	651.902
-2.617994	1.836682	-0.676006	0	12	23	651.860
-2.879793	1.488617	1.159546	25	111	98	651.579
-1.832596	1.699788	2.452890	14	98	95	651.491
-0.261799	2.588535	-2.976617	94	108	100	651.431
0.785398	1.025536	1.576859	94	3	100	651.431
-2.094395	0.685216	-1.712745	94	107	106	651.417
0.000000	0.618092	2.539118	19	3	95	651.369
-0.785398	0.700570	1.559208	108	10	94	651.101
1.570796	1.824694	1.850876	103	102	100	651.047
1.832596	2.478122	2.609777	95	108	102	650.944
-1.047198	2.704512	1.488683	99	106	97	650.753
-2.879793	2.588535	-2.976617	91	106	2	650.744
-0.785398	1.301460	-0.509251	7	23	12	650.734
1.570796	1.909857	-0.381669	110	105	18	650.706
0.785398	0.831641	0.616218	92	111	16	650.689
2.617994	1.872854	1.543456	90	13	104	650.584
-2.356194	2.724429	-0.348782	96	8	96	650.562
-3.141593	1.766067	2.153843	97	105	13	650.358
-0.523599	0.618092	2.539118	89	0	104	650.350
1.832596	1.194549	-0.801900	100	109	19	649.998
-1.047198	1.948085	-2.363031	100	16	99	649.990
2.879793	2.881233	-2.582574	91	108	103	649.928
-2.879793	2.073035	2.027405	98	108	16	649.824
2.356194	1.699788	2.452890	102	111	94	649.589
2.094395	1.846342	-1.796954	100	21	19	649.504
-3.141593	1.504028	0.636812	98	97	103	649.341
0.523599	1.846342	-1.796954	20	14	14	649.325
1.570796	1.732874	-0.951685	1	110	22	649.309
1.047198	2.089241	-0.114193	95	1	12	649.295
1.308997	1.195355	1.200319	7	10	94	649.006
2.879793	1.242974	-2.977882	93	2	101	648.942
-1.570796	1.736875	3.023612	14	90	99	648.796
0.523599	0.910508	1.903534	103	96	101	648.701
-1.832596	1.134796	2.434290	10	7	92	648.514
1.570796	0.762244	-0.273349	97	102	13	648.490
1.570796	1.325504	-1.671296	87	111	97	648.431
-1.047198	0.080730	-2.622036	93	109	104	648.236
1.832596	2.719179	-1.780644	21	101	96	648.057
-1.308997	1.554776	0.100351	10	28	2	647.625
-0.261799	1.194549	-0.801900	12	22	9	647.438
2.094395	1.417623	-0.202254	0	99	15	647.303
2.094395	1.310100	1.488307	9	14	16	647.251
-1.570796	1.982574	-1.115518	11	28	105	647.125
-0.523599	1.448123	-2.163292	92	106	109	647.124
-1.570796	1.569311	-3.003978	12	88	99	647.039
-2.094395	1.904882	-1.478089	100	107	98	647.019
1.832596	1.732874	-0.951685	90	110	98	646.917
-3.141593	0.910508	1.903534	95	100	2	646.879
0.785398	0.910508	1.903534	16	4	92	646.753
1.047198	0.418037	1.360082	94	107	107	646.701
-2.094395	2.592629	0.909713	95	111	96	646.634
-1.047198	0.370812	-2.547742	23	106	102	646.611
0.261799	0.379747	-1.713059	91	106	104	646.576
-2.356194	1.599406	1.426070	21	111	96	646.418
0.785398	2.138223	1.678323	96	103	100	646.376
-1.832596	1.875281	0.107086	90	4	1	646.177
-1.570796	0.640596	-2.797608	90	111	103	645.928
-2.617994	1.872854	1.543456	16	99	93	645.880
1.047198	1.433411	-1.035986	86	15	99	645.676
2.356194	1.218453	2.777284	17	1	93	645.535
-1.570796	2.664082	-1.071402	89	107	98	645.170
-2.879793	1.448123	-2.163292	94	1	99	645.013
2.094395	2.164094	-2.991358	94	7	97	644.527
-1.047198	2.455966	-0.641220	106	9	90	643.929
1.570796	2.588535	-2.976617	95	25	5	643.912
1.047198	2.393226	1.857173	94	106	101	643.779
1.047198	0.379747	-1.713059	97	102	102	643.715
0.000000	1.982574	-1.115518	19	109	99	643.459
-1.308997	2.760637	2.781135	87	105	106	643.101
-1.047198	2.180315	-1.357379	90	11	99	642.175
-1.308997	1.325504	-1.671296	111	97	99	642.114
-2.879793	2.089241	-0.114193	7	16	17	642.060
0.261799	1.448123	-2.163292	21	16	11	642.057
2.617994	1.134796	2.434290	107	5	93	642.037
2.617994	1.440580	2.260026	107	1	92	641.949
2.356194	1.909857	-0.381669	86	105	108	641.780
-3.141593	2.588535	-2.976617	92	110	7	641.757
2.879793	1.134796	2.434290	0	24	16	641.636
-1.308997	1.869911	2.701025	17	94	97	641.566
0.000000	2.164094	-2.991358	96	7	100	641.476
-2.617994	2.881233	-2.582574	92	108	9	641.460
-1.308997	0.864993	2.278281	0	7	92	641.425
1.308997	1.606104	-0.451151	103	107	92	641.172
-1.570796	1.413430	2.550734	9	91	95	640.943
1.832596	0.866955	-0.931351	95	111	17	640.924
-2.094395	2.396274	-1.959260	89	111	95	640.890
1.832596	1.554776	0.100351	110	97	13	640.754
-1.832596	2.456751	-1.503343	88	106	101	640.673
-1.570796	2.396274	-1.959260	93	101	98	640.578
2.094395	2.299159	2.264663	95	107	106	640.405
-2.094395	0.496451	0.593859	94	105	101	640.360
-2.094395	1.846342	-1.796954	102	8	96	640.330
-1.308997	2.478122	2.609777	89	105	107	640.279
2.094395	1.699788	2.452890	105	109	95	640.278
-2.356194	2.719179	-1.780644	91	110	95	639.925
1.047198	1.367556	0.358405	100	96	0	639.662
0.261799	1.569311	-3.003978	101	0	96	639.597
0.261799	0.700570	1.559208	25	2	102	639.474
-1.047198	1.846342	-1.796954	6	107	17	639.468
1.308997	0.850607	-1.335383	95	2	90	639.438
1.047198	1.325504	-1.671296	86	9	95	639.384
-1.047198	0.899350	-2.069907	99	108	101	639.231
0.785398	1.756530	-2.105156	9	12	93	639.222
2.617994	0.866395	-2.492918	97	110	12	639.200
1.570796	1.662363	0.915448	105	96	105	639.195
1.308997	1.721184	-0.153948	93	1	10	638.976
-0.261799	0.496451	0.593859	102	104	102	638.963
1.047198	1.824694	1.850876	100	102	101	638.929
-0.523599	1.846342	-1.796954	85	4	106	638.607
2.617994	2.041297	-2.664597	94	4	98	638.341
-0.785398	2.760637	2.781135	94	110	98	638.327
-3.141593	2.343981	-1.040456	1	4	19	637.949
2.356194	0.419640	2.974122	2	25	99	637.887
0.523599	0.297065	2.160177	93	109	104	637.833
-0.785398	1.909857	-0.381669	5	2	18	637.755
1.570796	2.180315	-1.357379	6	5	19	637.552
1.308997	1.301460	-0.509251	101	107	19	637.438
-2.094395	0.615174	-0.666022	92	1	3	637.228
-2.879793	1.836682	-0.676006	91	14	107	637.123
1.308997	0.899350	-2.069907	92	110	93	636.816
-0.261799	0.297065	2.160177	90	0	105	636.615
-1.832596	1.510910	-0.740472	92	1	110	636.549
0.261799	1.732874	-0.951685	95	15	14	636.489
2.617994	0.864993	2.278281	22	1	97	636.396
2.617994	1.301460	-0.509251	109	103	16	636.324
2.879793	2.174483	2.653697	96	107	106	636.165
-2.617994	0.290380	-0.796960	96	104	108	635.951
2.356194	2.041297	-2.664597	95	6	98	635.942
-0.261799	1.948085	-2.363031	1	107	17	635.874
-2.094395	1.510910	-0.740472	0	13	24	635.738
1.047198	0.961715	0.014085	12	10	90	635.690
1.308997	1.128190	-2.288622	88	110	95	635.680
-1.047198	2.664082	-1.071402	8	97	94	635.629
-0.523599	2.984978	1.954446	98	29	0	635.483
0.261799	1.168678	2.108595	101	97	101	635.373
1.832596	1.417623	-0.202254	101	2	91	635.175
1.308997	1.510910	-0.740472	105	110	20	635.140
0.785398	0.866955	-0.931351	102	5	89	635.136
0.523599	2.041297	-2.664597	22	24	105	635.084
-0.523599	1.374601	-2.456031	93	106	109	635.083
-2.094395	1.574060	2.783565	1	9	87	635.018
-0.523599	0.914445	2.687814	13	87	97	634.953
2.094395	2.455966	-0.641220	8	0	17	634.834
0.785398	0.379747	-1.713059	96	111	93	634.790
-0.523599	1.135813	-2.658866	98	0	97	634.701
-2.617994	2.396274	-1.959260	108	100	14	634.587
-1.570796	0.733948	3.021411	89	5	101	634.378
2.617994	2.719179	-1.780644	97	21	15	634.345
0.785398	1.413430	2.550734	106	107	93	634.236
-2.617994	1.599406	1.426070	17	98	97	634.101
1.047198	0.640596	-2.797608	22	105	100	633.981
2.094395	1.617114	-1.572037	99	18	21	633.962
-1.308997	0.379747	-1.713059	22	92	108	633.958
1.570796	1.510910	-0.740472	83	6	100	633.850
0.261799	0.297065	2.160177	11	83	101	633.774
0.523599	1.045978	0.343692	15	11	91	633.713
-1.047198	0.619654	-2.216909	22	95	108	633.369
1.832596	2.592629	0.909713	99	104	6	633.367
1.047198	2.407836	1.410646	91	110	4	632.983
-2.879793	2.979456	-1.009304	101	2	94	632.800
-1.832596	0.080730	-2.622036	88	1	109	632.745
0.785398	1.736875	3.023612	99	111	95	632.653
-2.094395	0.080730	-2.622036	87	3	109	632.552
-1.570796	0.866395	-2.492918	7	84	103	632.533
-2.879793	0.496451	0.593859	27	110	106	632.450
0.523599	0.379747	-1.713059	102	0	85	632.288
-0.523599	0.297065	2.160177	88	2	105	632.186
1.308997	2.063651	-2.044600	97	104	12	632.153
2.617994	2.356369	3.005869	94	108	109	631.941
-0.261799	2.174483	2.653697	109	110	85	631.873
0.785398	1.135813	-2.658866	22	26	105	631.824
0.000000	0.419640	2.974122	22	4	98	631.722
-1.570796	2.295480	1.008277	95	107	98	631.611
0.000000	0.850607	-1.335383	16	25	0	631.543
-1.308997	2.108018	1.311430	89	9	4	631.491
0.523599	1.128190	-2.288622	22	25	109	631.467
-0.523599	2.881233	-2.582574	87	107	103	631.403
-1.047198	2.637879	2.121598	97	98	106	631.218
1.570796	0.370812	-2.547742	98	104	96	631.146
-3.141593	1.440580	2.260026	9	29	3	631.138
-1.308997	0.961715	0.014085	111	17	23	631.120
-0.785398	1.510910	-0.740472	7	20	14	630.940
2.094395	1.440580	2.260026	105	1	93	630.939
1.308997	1.569311	-3.003978	110	6	91	630.834
-1.308997	0.591903	2.010408	109	8	93	630.760
2.356194	2.174483	2.653697	97	106	104	630.691
2.879793	2.356369	3.005869	93	108	108	630.654
-1.308997	1.982574	-1.115518	2	11	18	630.516
-2.094395	1.699788	2.452890	12	97	94	630.509
0.000000	0.709924	0.218797	102	105	100	630.482
-2.094395	2.455966	-0.641220	7	10	89	630.420
-1.832596	2.379497	0.561089	97	110	95	630.203
2.094395	2.760637	2.781135	94	108	96	630.113
1.570796	1.045978	0.343692	102	98	6	630.024
-1.308997	1.872854	1.543456	17	101	100	629.935
0.000000	1.134796	2.434290	9	5	90	629.888
1.832596	1.134497	-1.109631	98	1	19	629.829
0.785398	1.948085	-2.363031	23	24	0	629.676
0.785398	0.700570	1.559208	104	92	110	629.513
-2.879793	1.128190	-2.288622	94	4	98	629.511
-2.879793	0.960688	-0.577532	94	106	4	629.497
-0.785398	1.113094	-0.272241	110	11	24	629.434
-3.141593	0.700570	1.559208	93	104	103	629.389
-1.047198	0.864993	2.278281	111	6	92	629.315
-1.047198	1.134796	2.434290	14	98	97	629.312
-1.308997	1.766067	2.153843	94	103	0	628.834
-1.570796	2.104282	-0.813972	13	26	102	628.746
-1.308997	2.393226	1.857173	95	103	102	628.674
2.094395	1.218453	2.777284	18	111	93	628.619
-3.141593	0.640596	-2.797608	103	101	102	628.552
-1.832596	0.685216	-1.712745	96	105	105	628.547
-2.094395	1.440580	2.260026	15	1	93	628.479
0.000000	2.881233	-2.582574	94	111	97	628.133
0.261799	0.685216	-1.712745	91	108	103	627.779
-3.141593	2.664082	-1.071402	95	98	8	627.725
-1.047198	1.256302	0.062705	7	28	0	627.496
-1.832596	1.545873	-1.877082	99	9	98	627.154
1.832596	0.203748	0.590255	95	106	108	627.110
-0.523599	2.396274	-1.959260	93	109	100	627.071
-0.261799	2.579248	-2.364801	88	106	105	626.966
1.570796	2.001437	0.381215	98	8	93	626.905
-2.094395	2.719179	-1.780644	92	107	95	626.748
-1.570796	1.194549	-0.801900	94	106	5	626.648
-1.047198	1.417623	-0.202254	8	27	3	626.547
1.570796	0.961715	0.014085	100	101	10	626.063
0.000000	0.619654	-2.216909	27	104	107	626.050
0.000000	2.104282	-0.813972	94	12	13	625.924
0.785398	1.113094	-0.272241	99	106	102	625.914
-2.356194	1.050534	3.042579	109	15	93	625.877
0.523599	1.374601	-2.456031	22	19	7	625.822
2.879793	1.998705	2.370472	96	108	102	625.813
0.000000	0.615174	-0.666022	0	8	85	625.663
2.356194	1.998705	2.370472	96	110	102	625.656
1.047198	2.349581	-2.702517	104	28	4	625.605
-1.832596	0.910508	1.903534	6	10	92	625.520
-2.094395	0.618092	2.539118	99	12	95	625.387
0.000000	2.001437	0.381215	88	14	9	625.348
-1.047198	2.393226	1.857173	95	106	100	625.191
0.261799	1.875281	0.107086	91	11	13	624.999
-2.094395	1.732874	-0.951685	94	1	105	624.881
-1.832596	0.619654	-2.216909	93	107	106	624.687
0.523599	0.864993	2.278281	19	5	93	624.560
-2.617994	2.063651	-2.044600	91	111	13	624.547
-3.141593	2.404280	-0.174044	6	15	17	624.540
2.094395	1.194549	-0.801900	103	106	18	624.508
-0.785398	0.640596	-2.797608	19	87	104	624.378
2.617994	1.699788	2.452890	103	0	92	624.370
-2.094395	1.025536	1.576859	15	9	94	624.365
1.308997	0.961715	0.014085	1	16	90	624.323
-2.356194	1.909857	-0.381669	111	15	21	624.200
0.785398	2.115563	0.685730	92	0	9	624.150
2.617994	2.396274	-1.959260	97	22	16	624.095
-1.047198	0.733948	3.021411	92	0	100	624.045
-1.570796	0.418037	1.360082	100	102	104	624.029
1.047198	2.704512	1.488683	90	110	4	623.913
1.047198	0.709924	0.218797	86	4	3	623.909
-3.141593	2.187132	-0.479875	11	14	16	623.643
1.047198	2.588535	-2.976617	101	27	5	623.627
-2.094395	0.864993	2.278281	10	10	92	623.578
-0.261799	2.299159	2.264663	99	103	103	623.535
1.832596	1.812176	0.656819	101	10	93	623.457
2.617994	1.875281	0.107086	87	103	111	623.416
-1.047198	1.325504	-1.671296	95	99	110	623.406
2.879793	2.579248	-2.364801	90	2	102	623.313
2.617994	1.766067	2.153843	98	108	101	623.216
-1.047198	2.760637	2.781135	90	102	105	623.211
-2.094395	1.417623	-0.202254	92	3	5	623.131
-2.094395	2.073035	2.027405	21	102	99	622.845
0.523599	1.662363	0.915448	92	104	7	622.776
-2.617994	2.180315	-1.357379	103	5	94	622.769
1.308997	2.404280	-0.174044	0	102	16	622.709
-1.308997	1.875281	0.107086	99	111	91	622.669
0.261799	1.214854	-1.966664	20	23	1	622.412
2.094395	1.325504	-1.671296	96	17	20	622.279
-2.094395	0.418037	1.360082	99	102	103	622.203
-0.523599	2.407836	1.410646	97	109	5	621.700
-0.261799	1.982574	-1.115518	89	1	97	621.646
1.832596	2.153910	-1.714959	106	22	19	621.623
1.832596	2.104282	-0.813972	6	110	19	621.521
-0.523599	2.587733	0.232235	85	17	5	621.478
-2.879793	2.164094	-2.991358	93	106	1	621.469
0.261799	1.391910	3.030322	98	110	98	621.398
2.617994	0.290380	-0.796960	98	106	102	621.317
-1.570796	2.704512	1.488683	95	107	99	621.287
0.261799	1.218453	2.777284	109	103	94	621.177
-0.785398	0.992645	-1.723759	100	99	1	620.969
0.261799	2.001437	0.381215	88	12	9	620.966
2.617994	1.450119	-2.739050	93	9	99	620.897
-0.785398	0.619654	-2.216909	99	106	103	620.716
0.523599	1.135813	-2.658866	24	23	105	620.613
-1.308997	0.640596	-2.797608	92	109	102	620.603
1.832596	1.433411	-1.035986	101	2	19	620.478
-0.785398	0.762244	-0.273349	1	15	24	620.428
-2.356194	1.440580	2.260026	7	93	94	620.368
1.047198	1.247695	1.809890	95	1	99	620.327
2.879793	0.619654	-2.216909	95	108	107	620.283
-3.141593	0.418037	1.360082	91	108	98	620.086
-2.879793	1.440580	2.260026	16	0	92	619.725
-3.141593	0.992645	-1.723759	103	97	105	619.587
-2.879793	2.396274	-1.959260	95	4	14	619.503
1.308997	1.450119	-2.739050	0	10	92	619.425
-2.617994	1.391910	3.030322	109	11	90	619.287
2.617994	2.251330	-2.330739	91	6	100	618.886
2.356194	2.349581	-2.702517	92	4	99	618.867
-1.832596	1.374601	-2.456031	85	110	102	618.855
-3.141593	0.906588	1.252948	93	107	99	618.642
1.308997	2.393226	1.857173	96	102	103	618.487
2.094395	1.998705	2.370472	102	104	100	618.227
-0.523599	2.588535	-2.976617	92	102	106	618.148
-2.356194	1.696674	-1.253233	100	7	95	618.128
-0.785398	1.617114	-1.572037	6	17	13	618.049
-1.308997	2.174483	2.653697	92	105	108	618.041
-2.094395	2.984978	1.954446	89	106	100	617.891
-2.879793	1.310100	1.488307	20	109	95	617.718
-3.141593	0.290380	-0.796960	20	98	106	617.696
1.308997	1.134497	-1.109631	90	6	93	617.510
1.047198	1.184361	0.625864	4	18	93	617.456
-3.141593	1.869911	2.701025	14	9	87	617.449
-0.523599	0.080730	-2.622036	19	90	103	617.375
-2.879793	1.721184	-0.153948	94	97	109	617.373
0.785398	1.872854	1.543456	98	99	103	617.355
0.785398	1.195355	1.200319	19	0	94	617.248
1.308997	1.367556	0.358405	103	95	1	617.236
-2.879793	2.587733	0.232235	4	19	16	617.114
0.523599	2.588535	-2.976617	19	27	106	617.109
1.570796	2.033014	2.977192	100	1	95	617.024
1.047198	2.104282	-0.813972	109	108	20	616.757
0.261799	2.984978	1.954446	97	24	9	616.708
1.047198	0.850607	-1.335383	95	5	90	616.676
0.785398	1.683268	0.374177	91	6	10	616.647
2.617994	1.574060	2.783565	100	3	94	616.569
-0.523599	1.732874	-0.951685	6	16	17	616.280
-2.617994	2.104282	-0.813972	0	11	19	616.232
1.570796	1.721184	-0.153948	110	100	16	616.173
-0.261799	1.756530	-2.105156	94	105	106	616.025
0.785398	1.135834	-1.431087	91	11	93	615.901
-3.141593	1.014500	0.906702	23	111	98	615.708
1.047198	1.869911	2.701025	102	110	93	615.705
-2.879793	2.404280	-0.174044	6	19	15	615.660
-1.308997	2.664082	-1.071402	92	103	99	615.478
-1.308997	1.732874	-0.951685	6	14	18	615.464
1.047198	2.187132	-0.479875	95	4	13	615.363
2.356194	2.979456	-1.009304	17	100	93	615.320
-2.617994	1.506530	1.988858	91	2	104	615.287
1.570796	0.910508	1.903534	16	9	92	615.147
0.785398	2.089241	-0.114193	95	4	15	615.141
-2.617994	1.242974	-2.977882	108	11	92	615.103
-1.047198	2.478122	2.609777	92	102	107	615.100
1.308997	1.875281	0.107086	100	5	92	614.943
1.047198	0.458961	-0.107937	18	13	11	614.888
2.879793	0.864993	2.278281	4	20	93	614.744
-3.141593	0.370812	-2.547742	95	110	103	614.590
-2.879793	2.343981	-1.040456	4	4	18	614.569
2.879793	2.247462	0.191623	92	101	6	614.512
-1.570796	1.909857	-0.381669	110	17	20	614.472
0.785398	2.001437	0.381215	92	4	11	614.345
1.047198	2.478122	2.609777	108	14	24	614.321
1.047198	1.510910	-0.740472	93	13	14	614.273
-0.261799	0.370812	-2.547742	100	103	1	614.184
0.523599	0.674054	1.013609	92	98	0	614.114
2.879793	0.929350	-2.910676	95	0	12	614.075
-0.523599	2.164094	-2.991358	90	111	105	614.070
-0.261799	0.866955	-0.931351	12	25	7	614.027
0.000000	0.914445	2.687814	96	110	101	613.996
-3.141593	1.247695	1.809890	92	8	103	613.882
0.523599	2.063651	-2.044600	3	13	94	613.830
1.047198	1.256302	0.062705	88	3	7	613.792
-0.785398	1.721184	-0.153948	89	105	12	613.788
-1.047198	1.683268	0.374177	5	28	111	613.574
-3.141593	1.545873	-1.877082	102	96	1	613.496
2.617994	0.297065	2.160177	96	108	90	613.397
-0.261799	2.180315	-1.357379	88	1	100	613.389
2.879793	1.869911	2.701025	97	106	103	613.101
1.570796	1.194549	-0.801900	98	111	18	613.087
-1.832596	0.379747	-1.713059	96	105	106	612.976
-2.356194	1.836682	-0.676006	89	5	110	612.918
0.261799	2.588535	-2.976617	22	24	106	612.883
0.000000	2.724429	-0.348782	94	110	13	612.865
1.832596	2.247462	0.191623	85	9	0	612.781
0.000000	2.637879	2.121598	94	111	108	612.681
-0.785398	1.948085	-2.363031	109	104	17	612.480
-0.785398	1.134497	-1.109631	89	111	106	612.356
-2.617994	1.050534	3.042579	111	14	92	612.311
-1.308997	0.619654	-2.216909	97	106	103	612.248
0.523599	1.696674	-1.253233	98	17	15	612.152
-1.308997	1.977582	0.969896	99	104	95	612.043
-2.094395	2.379497	0.561089	96	110	95	611.974
2.879793	0.640596	-2.797608	98	107	12	611.804
2.356194	1.846342	-1.796954	95	17	17	611.741
-0.523599	0.370812	-2.547742	21	93	105	611.637
-1.047198	0.831641	0.616218	11	17	92	611.636
0.785398	1.555207	1.708892	101	98	100	611.586
0.261799	2.579248	-2.364801	99	101	100	611.524
-1.047198	0.866955	-0.931351	16	21	11	611.355
0.261799	2.587733	0.232235	88	4	9	611.341
1.047198	2.115563	0.685730	95	110	11	611.303
-2.617994	0.910508	1.903534	99	101	108	611.152
-0.785398	0.899350	-2.069907	102	106	101	611.149
2.094395	2.187132	-0.479875	85	109	1	611.033
-2.879793	2.063651	-2.044600	88	3	103	610.940
1.832596	1.301460	-0.509251	103	105	17	610.932
-0.523599	1.909857	-0.381669	1	111	18	610.817
1.570796	1.812176	0.656819	105	95	108	610.798
-0.261799	1.658653	-2.409879	89	109	3	610.750
-0.261799	0.831641	0.616218	13	9	12	610.647
1.047198	1.413347	-1.339188	86	12	97	610.643
-1.308997	2.033014	2.977192	18	90	101	610.512
2.094395	1.128190	-2.288622	10	12	18	610.502
0.785398	0.960688	-0.577532	103	8	90	610.502
1.570796	1.982574	-1.115518	3	0	21	610.378
-1.308997	1.134796	2.434290	14	97	97	610.352
2.356194	2.073035	2.027405	98	104	108	610.275
1.570796	1.869911	2.701025	105	110	92	610.248
-2.617994	1.440580	2.260026	15	0	92	610.167
2.617994	0.458961	-0.107937	92	107	110	610.044
2.879793	1.574060	2.783565	108	92	103	609.857
0.000000	2.588535	-2.976617	98	105	99	609.782
0.261799	1.982574	-1.115518	20	106	99	609.734
-0.261799	1.448123	-2.163292	94	104	109	609.600
-0.261799	2.041297	-2.664597	91	110	105	609.573
-2.617994	0.906588	1.252948	95	102	104	609.478
2.356194	0.290380	-0.796960	17	22	9	609.317
0.785398	1.184361	0.625864	5	20	93	609.222
2.094395	0.866395	-2.492918	95	111	12	609.132
0.000000	2.108018	1.311430	90	106	97	608.978
-2.617994	0.640596	-2.797608	97	108	101	608.908
1.047198	2.356369	3.005869	1	106	22	608.731
1.047198	1.721184	-0.153948	98	108	99	608.664
1.047198	1.194549	-0.801900	102	104	94	608.550
-0.523599	1.756530	-2.105156	86	1	110	608.364
-1.047198	1.301460	-0.509251	9	23	12	608.319
0.523599	1.736875	3.023612	98	0	95	608.204
-0.785398	1.256302	0.062705	2	28	2	608.148
-1.570796	1.809167	1.213774	86	12	3	607.927
1.047198	0.571433	-1.188419	99	6	86	607.836
-1.570796	0.203748	0.590255	111	107	86	607.765
1.570796	1.488617	1.159546	95	108	104	607.760
2.356194	0.914445	2.687814	20	2	95	606.872
-2.094395	0.992645	-1.723759	94	106	106	606.813
-1.047198	0.618092	2.539118	89	5	101	606.804
2.617994	1.846342	-1.796954	94	16	18	606.768
0.523599	1.184361	0.625864	92	110	15	606.729
2.094395	1.870545	-2.976234	97	8	96	606.708
1.308997	1.045978	0.343692	90	0	3	606.700
0.261799	0.914445	2.687814	93	111	102	606.684
-2.356194	2.251330	-2.330739	94	105	8	606.656
-3.141593	0.929350	-2.910676	98	111	14	606.580
-1.832596	2.295480	1.008277	88	13	0	606.573
-1.832596	2.404280	-0.174044	91	1	103	606.557
2.879793	1.741644	-2.695914	95	3	97	606.490
-1.308997	1.218453	2.777284	12	92	97	606.263
-1.832596	0.418037	1.360082	102	101	103	606.173
1.047198	1.658653	-2.409879	1	12	92	606.088
2.879793	2.760637	2.781135	94	105	4	606.075
0.261799	2.760637	2.781135	104	105	96	606.018
0.785398	2.407836	1.410646	93	102	107	606.012
1.308997	2.587733	0.232235	99	105	9	605.618
2.356194	2.153910	-1.714959	99	20	18	605.554
-0.261799	1.846342	-1.796954	86	0	106	605.410
0.785398	2.719179	-1.780644	19	16	10	605.316
-1.308997	1.904882	-1.478089	11	2	17	605.263
0.261799	2.349581	-2.702517	26	20	108	605.247
2.356194	1.766067	2.153843	103	110	93	605.202
-1.047198	1.869911	2.701025	18	91	98	605.005
-2.617994	1.168678	2.108595	14	4	92	604.829
-1.047198	0.910508	1.903534	1	10	92	604.810
1.047198	1.554776	0.100351	89	3	6	604.772
0.261799	0.591903	2.010408	102	93	108	604.633
-2.356194	1.766067	2.153843	17	101	96	604.595
1.570796	0.685216	-1.712745	97	110	89	604.556
1.308997	1.812176	0.656819	102	95	108	604.503
2.617994	2.153910	-1.714959	96	18	18	604.457
-0.261799	1.569311	-3.003978	92	110	111	604.211
1.308997	1.555207	1.708892	104	100	100	604.004
-1.832596	0.290380	-0.796960	23	98	109	603.805
1.308997	2.001437	0.381215	94	110	10	603.785
-1.308997	1.417623	-0.202254	9	26	9	603.783
-1.047198	1.135813	-2.658866	22	98	106	603.770
-1.308997	2.299159	2.264663	93	101	108	603.767
-2.356194	2.180315	-1.357379	109	105	96	603.758
-0.261799	2.251330	-2.330739	92	0	100	603.749
2.617994	1.736875	3.023612	96	1	99	603.732
1.832596	2.881233	-2.582574	98	25	10	603.650
2.617994	2.089241	-0.114193	88	102	2	603.573
-2.094395	0.709924	0.218797	94	107	98	603.506
2.356194	1.433411	-1.035986	104	110	20	603.504
-0.785398	1.214854	-1.966664	91	110	109	603.474
-2.356194	2.664082	-1.071402	15	25	111	603.469
-1.047198	0.591903	2.010408	109	7	94	603.360
-1.308997	2.455966	-0.641220	106	9	90	603.225
0.000000	2.760637	2.781135	16	26	110	603.219
-1.570796	1.766067	2.153843	92	107	106	603.172
2.094395	1.545873	-1.877082	97	20	19	603.160
-2.879793	1.242974	-2.977882	110	14	92	602.912
-1.832596	2.396274	-1.959260	91	104	98	602.619
-1.570796	1.869911	2.701025	16	93	98	602.604
-1.570796	0.379747	-1.713059	20	90	108	602.574
-1.570796	2.724429	-0.348782	8	12	89	602.562
0.000000	2.063651	-2.044600	96	103	102	602.543
1.832596	2.349581	-2.702517	95	7	95	602.470
2.356194	0.866395	-2.492918	95	0	11	602.414
-0.785398	1.846342	-1.796954	86	7	104	602.396
-2.617994	1.113094	-0.272241	20	98	10	602.337
1.308997	0.290380	-0.796960	102	103	106	602.190
2.356194	1.662363	0.915448	87	8	105	602.139
0.785398	2.295480	1.008277	90	1	6	601.900
-3.141593	0.864993	2.278281	96	101	1	601.872
0.785398	1.168678	2.108595	91	4	100	601.783
1.570796	1.335669	0.897240	5	10	93	601.750
-1.308997	1.448123	-2.163292	91	102	104	601.583
2.617994	1.948085	-2.363031	91	9	100	601.538
0.523599	1.134796	2.434290	107	99	97	601.485
2.094395	1.045978	0.343692	21	22	4	601.482
-1.832596	2.247462	0.191623	101	110	92	601.410
1.047198	1.301460	-0.509251	9	0	24	601.365
-0.785398	1.696674	-1.253233	94	99	12	601.293
0.261799	0.290380	-0.796960	110	2	84	601.283
-2.617994	1.662363	0.915448	22	102	103	601.202
0.000000	0.674054	1.013609	92	11	101	601.134
2.356194	2.343981	-1.040456	0	17	22	601.050
-1.832596	1.824694	1.850876	17	96	98	600.946
-1.047198	2.724429	-0.348782	85	16	8	600.943
1.570796	0.674054	1.013609	99	103	8	600.918
2.356194	2.356369	3.005869	94	109	106	600.834
2.879793	0.618092	2.539118	96	101	110	600.816
-1.570796	2.180315	-1.357379	87	106	103	600.729
-1.047198	1.433411	-1.035986	19	16	7	600.723
-2.879793	1.391910	3.030322	111	13	90	600.662
-1.047198	1.696674	-1.253233	10	14	16	600.650
-1.308997	1.721184	-0.153948	11	25	5	600.648
-2.094395	0.379747	-1.713059	96	108	101	600.589
2.617994	1.836682	-0.676006	111	0	19	600.554
-1.047198	1.836682	-0.676006	3	16	18	600.427
1.308997	1.256302	0.062705	8	13	89	600.419
-1.308997	1.836682	-0.676006	7	2	19	600.416
-0.523599	2.478122	2.609777	96	105	101	600.294
-2.617994	1.766067	2.153843	91	1	105	600.256
2.094395	1.195355	1.200319	6	15	94	600.206
-2.094395	2.104282	-0.813972	101	111	100	599.856
2.617994	2.073035	2.027405	97	107	101	599.783
1.047198	1.413430	2.550734	108	108	93	599.741
-0.785398	2.349581	-2.702517	86	111	109	599.726
1.308997	1.554776	0.100351	91	0	7	599.717
2.094395	1.574060	2.783565	101	5	94	599.582
-2.879793	0.640596	-2.797608	95	109	102	599.534
1.047198	2.719179	-1.780644	16	20	9	599.452
1.832596	1.904882	-1.478089	104	18	21	599.374
2.356194	1.325504	-1.671296	94	15	20	599.258
0.785398	2.356369	3.005869	12	22	5	599.250
-2.617994	1.824694	1.850876	12	97	91	599.181
-1.308997	1.569311	-3.003978	15	87	101	599.143
-1.308997	2.138223	1.678323	19	100	101	599.059
-1.308997	1.606104	-0.451151	2	6	20	598.990
-0.785398	0.685216	-1.712745	101	99	6	598.953
1.308997	2.108018	1.311430	96	104	1	598.882
1.570796	1.872854	1.543456	95	107	109	598.682
-2.094395	1.870545	-2.976234	95	108	10	598.568
1.832596	1.869911	2.701025	102	107	98	598.317
-1.570796	2.138223	1.678323	92	105	103	597.792
-0.523599	2.041297	-2.664597	89	0	105	597.753
-2.879793	1.998705	2.370472	100	108	16	597.752
1.570796	1.367556	0.358405	109	9	91	597.655
-3.141593	2.719179	-1.780644	95	19	15	597.653
-1.570796	1.374601	-2.456031	88	106	102	597.565
-1.047198	2.356369	3.005869	89	106	111	597.527
-2.356194	2.396274	-1.959260	87	111	98	597.361
-1.832596	1.904882	-1.478089	9	3	17	597.347
-2.879793	2.724429	-0.348782	7	24	11	597.334
-0.523599	1.325504	-1.671296	94	105	106	597.153
-1.308997	1.812176	0.656819	97	106	95	596.983
1.308997	0.591903	2.010408	20	8	94	596.947
2.094395	0.914445	2.687814	22	111	96	596.886
-1.832596	0.618092	2.539118	98	11	95	596.830
-1.570796	1.545873	-1.877082	88	104	106	596.625
-0.523599	0.733948	3.021411	21	95	101	596.418
0.785398	2.588535	-2.976617	17	28	106	596.418
2.356194	1.113094	-0.272241	102	2	90	596.318
2.094395	2.704512	1.488683	98	105	5	596.225
-2.879793	2.719179	-1.780644	89	9	10	596.189
-0.785398	2.033014	2.977192	21	91	102	596.140
1.308997	1.683268	0.374177	92	110	7	596.098
0.523599	2.664082	-1.071402	4	105	17	595.921
1.047198	1.214854	-1.966664	88	4	95	595.838
2.617994	2.881233	-2.582574	92	18	11	595.829
-3.141593	1.875281	0.107086	95	106	98	595.814
0.261799	1.872854	1.543456	95	101	98	595.805
-1.570796	2.407836	1.410646	94	108	99	595.796
-0.261799	1.128190	-2.288622	18	2	93	595.794
1.308997	2.881233	-2.582574	107	108	93	595.752
-3.141593	1.335669	0.897240	91	103	107	595.517
2.879793	0.866395	-2.492918	89	8	104	595.456
-3.141593	1.658653	-2.409879	104	97	99	595.416
0.261799	0.418037	1.360082	89	2	106	595.415
-2.356194	2.456751	-1.503343	109	94	9	595.364
-2.617994	2.041297	-2.664597	107	105	14	595.299
-2.617994	0.496451	0.593859	92	109	97	595.195
1.570796	1.135834	-1.431087	97	110	10	595.191
2.879793	2.187132	-0.479875	2	12	90	595.169
-2.617994	1.721184	-0.153948	103	104	94	595.151
2.879793	1.135813	-2.658866	100	111	15	595.145
-0.261799	2.396274	-1.959260	86	110	104	594.958
-2.094395	2.404280	-0.174044	95	108	107	594.730
0.261799	2.180315	-1.357379	8	106	19	594.626
-2.879793	1.247695	1.809890	20	4	94	594.607
1.832596	2.001437	0.381215	98	5	93	594.556
2.094395	2.349581	-2.702517	94	6	95	594.423
-2.617994	2.349581	-2.702517	94	105	4	594.190
-0.523599	1.413347	-1.339188	89	110	105	594.156
-1.570796	1.836682	-0.676006	3	5	20	594.141
1.570796	2.881233	-2.582574	11	31	108	593.972
-1.832596	1.391910	3.030322	109	5	90	593.909
2.879793	1.218453	2.777284	97	110	100	593.824
-0.785398	2.295480	1.008277	91	20	10	593.470
-0.261799	1.450119	-2.739050	91	111	109	593.454
-2.356194	1.809167	1.213774	26	7	100	593.325
-2.617994	0.297065	2.160177	101	100	105	593.265
-1.308997	2.343981	-1.040456	89	103	103	593.185
-1.832596	1.696674	-1.253233	102	104	101	593.177
-1.832596	1.998705	2.370472	17	98	96	593.029
0.523599	2.356369	3.005869	15	27	105	593.012
-1.308997	1.909857	-0.381669	106	17	20	592.899
-0.261799	1.617114	-1.572037	14	14	15	592.802
1.832596	1.367556	0.358405	106	105	16	592.770
-2.356194	1.904882	-1.478089	2	7	19	592.750
0.000000	1.869911	2.701025	110	106	87	592.737
2.094395	1.050534	3.042579	17	3	93	592.733
-0.785398	0.733948	3.021411	14	91	99	592.615
-2.617994	0.831641	0.616218	98	106	95	592.584
-1.570796	0.571433	-1.188419	92	0	3	592.579
-2.617994	2.455966	-0.641220	104	20	20	592.547
-1.047198	0.685216	-1.712745	92	111	2	592.525
-2.617994	1.045978	0.343692	98	107	94	592.397
-2.617994	2.404280	-0.174044	1	17	18	592.049
0.523599	0.685216	-1.712745	92	106	103	592.027
-1.570796	1.554776	0.100351	1	17	18	592.011
-1.832596	1.440580	2.260026	8	94	93	591.970
-0.785398	0.419640	2.974122	99	93	111	591.878
-1.570796	1.699788	2.452890	15	101	95	591.871
-0.785398	0.960688	-0.577532	11	26	6	591.834
-2.879793	1.335669	0.897240	95	100	107	591.689
-2.879793	1.025536	1.576859	21	4	95	591.628
0.785398	0.615174	-0.666022	98	103	107	591.602
-1.308997	1.545873	-1.877082	91	101	105	591.536
0.000000	1.218453	2.777284	110	99	93	591.447
0.261799	0.203748	0.590255	16	12	14	591.404
-1.832596	1.846342	-1.796954	9	0	16	591.358
1.570796	1.766067	2.153843	103	104	98	591.192
0.523599	1.948085	-2.363031	24	22	110	591.188
-2.617994	2.719179	-1.780644	88	110	105	591.019
-1.570796	2.073035	2.027405	19	105	93	590.991
0.261799	1.374601	-2.456031	26	20	106	590.971
2.094395	2.138223	1.678323	97	104	111	590.938
1.570796	0.866955	-0.931351	95	0	17	590.930
1.570796	1.506530	1.988858	108	104	95	590.877
0.000000	1.870545	-2.976234	95	5	100	590.876
-2.617994	0.864993	2.278281	99	100	3	590.867
-1.832596	1.909857	-0.381669	111	17	19	590.791
2.094395	1.904882	-1.478089	103	19	22	590.777
2.879793	0.297065	2.160177	99	107	90	590.748
-1.570796	1.658653	-2.409879	87	106	101	590.721
-3.141593	1.045978	0.343692	18	95	103	590.698
2.094395	2.588535	-2.976617	93	1	96	590.660
-0.785398	2.073035	2.027405	22	101	104	590.657
-0.523599	1.982574	-1.115518	95	16	13	590.640
1.308997	1.756530	-2.105156	4	11	91	590.539
0.523599	2.379497	0.561089	88	8	7	590.425
-2.094395	1.824694	1.850876	20	106	97	590.361
2.617994	1.732874	-0.951685	106	1	20	590.247
-0.785398	2.299159	2.264663	99	99	107	590.152
1.047198	1.812176	0.656819	92	1	9	590.125
1.832596	2.579248	-2.364801	97	25	10	590.051
-3.141593	1.506530	1.988858	91	8	104	590.050
-1.047198	1.194549	-0.801900	13	20	13	590.048
-2.094395	2.063651	-2.044600	86	109	100	589.775
2.094395	1.025536	1.576859	7	13	18	589.634
-2.617994	1.812176	0.656819	28	5	108	589.494
2.879793	1.045978	0.343692	10	15	90	589.213
2.094395	2.073035	2.027405	98	105	105	589.198
0.785398	2.724429	-0.348782	109	100	14	589.020
0.785398	0.992645	-1.723759	93	7	90	588.890
-1.570796	0.906588	1.252948	13	11	93	588.837
0.000000	1.310100	1.488307	23	0	98	588.699
1.832596	2.033014	2.977192	99	0	95	588.404
1.570796	2.637879	2.121598	95	104	101	588.243
1.047198	2.455966	-0.641220	2	105	17	588.195
2.094395	1.134796	2.434290	23	109	94	588.193
-0.523599	1.128190	-2.288622	93	107	1	588.132
-1.308997	1.998705	2.370472	93	106	103	588.131
-2.879793	1.301460	-0.509251	111	104	19	588.096
2.356194	0.961715	0.014085	95	2	90	588.066
1.308997	0.370812	-2.547742	95	105	96	588.005
-1.570796	1.872854	1.543456	90	14	6	587.946
-0.261799	0.929350	-2.910676	96	111	99	587.910
-2.879793	1.824694	1.850876	91	4	102	587.881
-1.570796	1.756530	-2.105156	99	9	97	587.877
-1.832596	2.033014	2.977192	15	89	102	587.791
1.308997	1.184361	0.625864	97	107	13	587.787
1.308997	1.504028	0.636812	88	5	108	587.675
1.570796	1.014500	0.906702	101	104	12	587.623
-3.141593	0.496451	0.593859	22	101	102	587.613
-0.523599	0.910508	1.903534	0	6	92	587.564
0.000000	1.872854	1.543456	92	103	98	587.448
1.047198	1.450119	-2.739050	3	7	91	587.422
-0.785398	2.863997	0.549740	7	26	0	587.375
2.356194	1.310100	1.488307	13	12	14	587.364
-0.523599	1.134497	-1.109631	14	19	13	587.316
0.261799	0.992645	-1.723759	18	25	2	587.232
0.785398	1.574060	2.783565	99	109	97	587.228
-1.308997	2.349581	-2.702517	105	103	13	587.227
-2.617994	2.587733	0.232235	4	18	15	587.199
0.785398	0.866395	-2.492918	21	107	98	587.098
0.785398	2.251330	-2.330739	22	24	111	587.082
-1.570796	0.080730	-2.622036	100	94	5	586.946
-2.356194	1.195355	1.200319	17	1	95	586.914
-0.261799	1.325504	-1.671296	17	21	5	586.910
-0.785398	1.374601	-2.456031	101	0	96	586.880
-0.261799	1.904882	-1.478089	102	96	7	586.857
-3.141593	1.218453	2.777284	111	93	98	586.855
-3.141593	2.393226	1.857173	95	0	18	586.850
-2.094395	0.571433	-1.188419	97	104	109	586.822
-1.047198	2.404280	-0.174044	4	100	16	586.755
1.570796	2.343981	-1.040456	9	0	18	586.727
0.261799	1.836682	-0.676006	5	12	18	586.706
2.094395	2.033014	2.977192	96	4	95	586.553
-3.141593	1.025536	1.576859	101	95	102	586.476
2.879793	1.554776	0.100351	96	104	98	586.260
-1.047198	1.617114	-1.572037	13	29	106	586.237
-3.141593	1.662363	0.915448	98	96	109	586.198
0.523599	2.404280	-0.174044	98	107	14	586.059
2.356194	0.618092	2.539118	6	23	96	586.022
-3.141593	1.904882	-1.478089	6	10	19	586.005
-3.141593	0.618092	2.539118	99	100	110	585.980
-0.261799	0.910508	1.903534	7	6	91	585.973
1.308997	2.138223	1.678323	101	100	106	585.836
-1.832596	0.297065	2.160177	91	108	109	585.797
1.832596	0.370812	-2.547742	98	106	93	585.648
1.832596	1.696674	-1.253233	92	106	98	585.615
0.261799	1.506530	1.988858	99	99	98	585.542
-0.261799	2.407836	1.410646	88	4	93	585.315
0.000000	2.478122	2.609777	93	1	108	585.185
0.261799	2.356369	3.005869	94	2	104	584.806
-0.261799	1.050534	3.042579	14	3	93	584.734
1.308997	2.247462	0.191623	98	104	9	584.604
-2.094395	2.187132	-0.479875	94	7	97	584.573
1.832596	1.113094	-0.272241	91	4	9	584.522
0.785398	2.108018	1.311430	95	99	110	584.394
1.570796	1.242974	-2.977882	3	5	90	584.369
-1.308997	1.367556	0.358405	10	29	109	584.235
2.094395	1.113094	-0.272241	106	101	14	584.204
1.308997	1.574060	2.783565	110	1	90	584.129
-2.879793	2.187132	-0.479875	8	15	17	584.003
-1.570796	2.592629	0.909713	99	108	95	583.913
-2.879793	1.413430	2.550734	88	11	99	583.902
-0.785398	2.455966	-0.641220	106	8	90	583.840
1.832596	1.128190	-2.288622	89	105	106	583.716
2.094395	2.115563	0.685730	96	6	96	583.689
0.523599	0.961715	0.014085	106	104	97	583.567
1.308997	1.374601	-2.456031	6	6	91	583.553
-1.047198	2.456751	-1.503343	23	105	101	583.498
-2.879793	1.374601	-2.456031	89	109	0	583.344
-1.832596	2.073035	2.027405	18	94	99	583.282
1.047198	1.904882	-1.478089	81	13	107	583.242
2.879793	2.455966	-0.641220	11	15	15	583.190
0.523599	2.579248	-2.364801	104	106	18	582.981
-0.785398	1.194549	-0.801900	10	22	13	582.940
-1.570796	1.433411	-1.035986	91	1	108	582.889
-1.570796	1.417623	-0.202254	13	26	7	582.714
1.047198	0.906588	1.252948	91	111	107	582.600
-2.094395	2.863997	0.549740	22	21	2	582.539
0.523599	0.640596	-2.797608	28	105	103	582.453
1.308997	0.831641	0.616218	95	107	13	582.279
0.523599	0.850607	-1.335383	111	5	84	582.181
-2.356194	1.301460	-0.509251	18	99	11	582.152
-2.617994	1.555207	1.708892	19	108	95	581.957
2.617994	1.014500	0.906702	27	98	104	581.906
1.308997	1.214854	-1.966664	88	0	95	581.736
1.308997	0.379747	-1.713059	100	2	85	581.715
-2.094395	1.998705	2.370472	18	99	98	581.701
-3.141593	2.089241	-0.114193	14	14	16	581.631
-1.308997	1.050534	3.042579	105	0	93	581.529
-1.047198	1.606104	-0.451151	7	16	17	581.456
-1.308997	2.704512	1.488683	97	105	99	581.435
0.523599	0.571433	-1.188419	97	106	97	581.429
-2.094395	2.153910	-1.714959	85	1	100	581.338
0.000000	1.242974	-2.977882	93	109	1	581.309
2.094395	2.180315	-1.357379	105	16	97	581.285
-2.356194	0.496451	0.593859	105	101	91	581.222
0.261799	0.571433	-1.188419	98	5	91	581.082
2.094395	2.001437	0.381215	5	24	5	581.078
1.047198	1.569311	-3.003978	110	7	91	580.911
-2.879793	1.506530	1.988858	90	5	104	580.703
1.047198	2.979456	-1.009304	89	6	13	580.572
-2.879793	1.184361	0.625864	102	102	96	580.535
2.879793	0.370812	-2.547742	94	0	103	580.286
-2.356194	2.984978	1.954446	86	110	100	580.275
-0.523599	1.658653	-2.409879	93	106	106	580.174
-2.094395	0.762244	-0.273349	98	109	10	580.136
0.000000	1.904882	-1.478089	97	110	95	580.070
-1.832596	1.809167	1.213774	18	102	100	580.049
0.261799	1.413347	-1.339188	98	22	93	579.971
0.785398	2.393226	1.857173	93	107	100	579.867
0.785398	0.961715	0.014085	102	105	102	579.416
-0.261799	2.001437	0.381215	89	18	9	579.365
2.879793	1.506530	1.988858	101	108	99	579.197
-1.047198	0.960688	-0.577532	2	13	26	579.150
-1.308997	0.960688	-0.577532	3	11	26	579.010
-1.832596	2.104282	-0.813972	14	24	111	578.867
2.356194	2.104282	-0.813972	88	104	107	578.758
0.000000	0.571433	-1.188419	106	5	84	578.740
-1.570796	2.349581	-2.702517	101	104	12	578.619
0.000000	1.050534	3.042579	93	111	3	578.545
0.000000	2.180315	-1.357379	98	2	93	578.463
1.047198	1.574060	2.783565	99	108	97	578.463
-0.785398	2.704512	1.488683	94	110	3	578.347
0.000000	2.407836	1.410646	90	111	93	578.277
1.047198	2.637879	2.121598	92	0	95	578.251
1.308997	2.979456	-1.009304	88	4	12	578.179
-1.832596	2.180315	-1.357379	85	110	103	578.066
1.047198	2.456751	-1.503343	16	16	13	578.023
2.617994	2.404280	-0.174044	90	103	7	577.985
-3.141593	2.001437	0.381215	92	106	102	577.959
-2.356194	1.045978	0.343692	27	3	2	577.936
2.879793	1.168678	2.108595	111	24	16	577.825
1.047198	2.404280	-0.174044	109	101	15	577.818
-3.141593	1.909857	-0.381669	7	13	20	577.779
-0.261799	1.606104	-0.451151	95	110	91	577.642
-2.356194	0.297065	2.160177	99	99	111	577.602
2.356194	2.456751	-1.503343	6	20	15	577.599
2.094395	0.203748	0.590255	93	107	107	577.559
-0.261799	2.356369	3.005869	96	104	102	577.481
-1.308997	1.194549	-0.801900	15	19	12	577.429
-1.832596	1.658653	-2.409879	86	106	103	577.229
-2.879793	1.909857	-0.381669	6	14	20	577.173
-1.308997	0.850607	-1.335383	96	106	2	577.135
1.832596	1.846342	-1.796954	102	21	19	577.080
-0.261799	1.869911	2.701025	108	105	87	577.069
-2.356194	1.732874	-0.951685	15	8	17	576.992
2.094395	2.153910	-1.714959	102	21	19	576.942
-3.141593	2.379497	0.561089	25	24	0	576.774
-1.047198	2.588535	-2.976617	20	88	0	576.648
0.785398	1.310100	1.488307	101	95	106	576.439
-1.308997	1.135834	-1.431087	92	0	108	576.412
2.094395	1.391910	3.030322	96	8	19	576.371
-1.832596	1.247695	1.809890	91	110	105	576.319
-2.617994	0.080730	-2.622036	15	14	14	576.126
0.523599	1.413430	2.550734	109	102	93	576.066
0.261799	1.128190	-2.288622	21	18	9	576.051
-1.047198	1.134497	-1.109631	110	11	27	576.048
1.308997	1.391910	3.030322	0	4	91	575.730
-3.141593	2.299159	2.264663	96	107	4	575.549
0.523599	2.455966	-0.641220	109	103	17	575.529
0.000000	1.214854	-1.966664	20	17	12	575.438
2.094395	0.866955	-0.931351	96	109	17	575.419
-2.094395	1.113094	-0.272241	95	111	96	575.265
1.832596	0.961715	0.014085	24	18	5	575.170
-2.094395	1.658653	-2.409879	108	20	100	575.081
-2.356194	1.510910	-0.740472	89	4	111	575.067
-2.094395	1.756530	-2.105156	85	110	102	574.952
0.261799	2.637879	2.121598	17	103	92	574.907
2.356194	2.001437	0.381215	85	108	3	574.793
0.000000	1.413347	-1.339188	21	18	7	574.764
0.523599	0.831641	0.616218	89	2	17	574.682
-2.879793	1.662363	0.915448	93	102	110	574.657
2.356194	0.762244	-0.273349	20	22	6	574.447
2.617994	2.164094	-2.991358	95	109	104	574.437
-1.047198	1.904882	-1.478089	88	11	102	574.346
-0.785398	0.864993	2.278281	110	10	93	574.338
0.261799	1.450119	-2.739050	90	109	110	574.306
-2.094395	0.906588	1.252948	9	111	16	574.275
1.308997	2.164094	-2.991358	21	16	6	574.146
-1.308997	2.592629	0.909713	14	24	3	574.021
-3.141593	1.214854	-1.966664	97	105	13	573.930
-1.570796	0.297065	2.160177	96	12	98	573.889
1.832596	2.588535	-2.976617	95	22	9	573.866
2.617994	1.909857	-0.381669	3	111	19	573.760
1.047198	2.174483	2.653697	96	1	97	573.750
-1.308997	0.458961	-0.107937	95	106	98	573.716
2.094395	1.736875	3.023612	98	6	94	573.669
0.261799	1.869911	2.701025	91	0	3	573.655
-2.617994	0.960688	-0.577532	96	105	4	573.624
-1.047198	1.736875	3.023612	18	89	100	573.571
1.308997	0.080730	-2.622036	103	107	86	573.457
-1.570796	1.247695	1.809890	93	106	104	573.325
2.094395	2.251330	-2.330739	95	23	11	573.303
0.523599	2.724429	-0.348782	100	105	13	573.122
-1.570796	0.370812	-2.547742	91	108	106	573.117
-0.261799	1.214854	-1.966664	19	16	11	573.082
0.261799	2.153910	-1.714959	5	111	92	573.081
-2.617994	1.875281	0.107086	26	9	6	573.004
2.879793	0.203748	0.590255	22	95	104	572.960
-1.047198	0.458961	-0.107937	2	110	87	572.920
-3.141593	2.455966	-0.641220	92	98	7	572.903
1.308997	2.456751	-1.503343	8	3	18	572.876
-2.356194	2.404280	-0.174044	89	12	105	572.833
2.094395	1.301460	-0.509251	106	105	18	572.791
-1.308997	2.180315	-1.357379	89	101	106	572.783
0.261799	2.407836	1.410646	92	107	94	572.777
0.523599	0.866395	-2.492918	20	22	6	572.770
1.047198	1.168678	2.108595	91	0	100	572.766
0.000000	0.866955	-0.931351	10	26	6	572.641
-1.570796	1.846342	-1.796954	89	101	109	572.537
-1.047198	1.367556	0.358405	6	28	109	572.352
0.000000	2.153910	-1.714959	4	0	92	572.287
-1.308997	1.809167	1.213774	95	105	98	571.833
1.047198	2.881233	-2.582574	19	27	110	571.791
-1.570796	2.247462	0.191623	105	107	92	571.760
0.000000	0.864993	2.278281	100	97	100	571.759
0.785398	1.870545	-2.976234	14	27	107	571.711
0.261799	0.910508	1.903534	99	97	101	571.630
1.832596	1.683268	0.374177	102	7	91	571.610
1.308997	2.719179	-1.780644	100	17	99	571.587
0.785398	2.187132	-0.479875	93	6	13	571.379
-1.308997	1.413430	2.550734	16	98	97	571.355
-1.832596	0.496451	0.593859	104	106	93	571.217
1.570796	1.134497	-1.109631	97	3	19	571.006
1.047198	1.374601	-2.456031	6	8	90	570.921
-1.047198	2.396274	-1.959260	4	11	93	570.894
1.047198	1.872854	1.543456	97	101	109	570.816
1.832596	0.992645	-1.723759	97	110	10	570.786
1.308997	2.180315	-1.357379	5	1	20	570.732
0.261799	2.396274	-1.959260	100	103	98	570.680
2.879793	2.404280	-0.174044	8	12	17	570.571
2.094395	0.762244	-0.273349	22	20	6	570.508
-1.570796	2.299159	2.264663	22	102	95	570.357
0.523599	2.251330	-2.330739	25	20	0	570.321
-0.261799	2.379497	0.561089	85	17	4	570.212
-2.356194	0.864993	2.278281	10	6	92	570.174
-1.047198	1.982574	-1.115518	11	4	16	570.011
-2.879793	2.104282	-0.813972	101	1	93	569.939
1.308997	0.674054	1.013609	95	106	110	569.834
-2.094395	0.619654	-2.216909	92	111	102	569.774
1.047198	1.741644	-2.695914	106	28	0	569.727
1.308997	2.478122	2.609777	97	1	91	569.657
-2.094395	2.637879	2.121598	103	110	20	569.610
-0.785398	0.914445	2.687814	18	2	93	569.582
-2.356194	2.979456	-1.009304	95	21	14	569.562
2.094395	1.450119	-2.739050	110	23	95	569.499
-2.094395	0.370812	-2.547742	87	2	108	569.484
1.047198	0.591903	2.010408	20	5	94	569.407
0.785398	0.685216	-1.712745	95	103	103	569.380
-2.879793	2.760637	2.781135	14	107	87	569.335
-2.356194	2.247462	0.191623	3	20	15	569.324
-1.832596	2.592629	0.909713	96	109	96	569.306
0.785398	1.836682	-0.676006	95	12	15	569.004
1.832596	1.247695	1.809890	16	12	90	568.848
1.308997	1.662363	0.915448	89	4	108	568.847
-1.308997	2.073035	2.027405	94	102	107	568.781
1.832596	1.756530	-2.105156	100	26	14	568.702
-2.356194	0.831641	0.616218	106	101	94	568.698
-3.141593	1.413430	2.550734	8	29	3	568.415
-0.523599	1.242974	-2.977882	17	2	93	568.389
-3.141593	1.113094	-0.272241	3	104	21	568.021
0.785398	0.733948	3.021411	7	109	23	568.004
-0.523599	2.251330	-2.330739	92	107	102	567.937
0.261799	0.733948	3.021411	25	99	100	567.925
-2.617994	1.982574	-1.115518	7	8	17	567.919
-2.094395	2.247462	0.191623	98	1	93	567.870
1.308997	0.496451	0.593859	105	94	107	567.653
0.261799	2.719179	-1.780644	99	103	97	567.625
-0.523599	0.866395	-2.492918	98	109	100	567.537
-0.523599	2.455966	-0.641220	104	8	89	567.398
-2.356194	0.419640	2.974122	96	10	98	567.365
2.617994	0.619654	-2.216909	90	7	104	567.213
-2.617994	2.164094	-2.991358	95	103	1	567.115
-1.570796	0.290380	-0.796960	104	104	13	567.031
0.261799	2.063651	-2.044600	22	12	11	567.026
-1.308997	1.846342	-1.796954	9	10	16	567.004
-3.141593	1.184361	0.625864	95	109	97	566.812
0.261799	1.025536	1.576859	25	3	101	566.651
1.570796	1.617114	-1.572037	111	24	102	566.609
-1.832596	2.587733	0.232235	96	107	111	566.602
0.000000	2.587733	0.232235	87	9	9	566.580
-1.047198	2.984978	1.954446	23	18	4	566.493
0.785398	1.374601	-2.456031	86	8	94	566.423
0.261799	2.251330	-2.330739	19	18	6	566.416
-0.261799	0.850607	-1.335383	18	24	111	566.348
1.308997	1.977582	0.969896	98	103	5	566.215
1.308997	0.762244	-0.273349	94	104	12	566.211
-1.570796	1.998705	2.370472	19	102	95	566.142
-2.617994	1.948085	-2.363031	90	108	8	566.051
0.523599	1.658653	-2.409879	23	23	110	566.043
0.261799	2.108018	1.311430	92	103	97	565.811
0.261799	1.194549	-0.801900	17	21	5	565.673
-0.785398	1.325504	-1.671296	99	98	110	565.650
1.570796	2.719179	-1.780644	7	16	15	565.417
-1.570796	0.458961	-0.107937	93	109	98	565.398
2.879793	1.247695	1.809890	2	24	14	565.377
2.094395	2.104282	-0.813972	86	108	107	565.192
-1.570796	1.301460	-0.509251	93	109	4	564.995
-0.523599	0.864993	2.278281	83	111	109	564.923
-2.617994	1.301460	-0.509251	17	98	13	564.835
2.094395	1.555207	1.708892	18	24	4	564.822
-1.047198	1.766067	2.153843	97	100	0	564.792
-2.356194	1.134796	2.434290	12	8	92	564.772
-3.141593	2.104282	-0.813972	0	2	19	564.694
0.523599	2.033014	2.977192	94	1	101	564.641
-2.879793	1.658653	-2.409879	8	0	19	564.599
-0.785398	1.417623	-0.202254	93	111	91	564.587
-0.785398	0.618092	2.539118	91	3	101	564.340
-0.261799	1.545873	-1.877082	18	109	95	564.230
-1.570796	2.001437	0.381215	99	109	92	564.171
2.356194	2.164094	-2.991358	95	2	97	564.092
-0.261799	2.637879	2.121598	16	27	104	564.086
-2.356194	2.379497	0.561089	16	32	110	563.905
-0.785398	2.637879	2.121598	97	106	98	563.880
1.832596	1.218453	2.777284	6	3	91	563.849
-1.570796	2.588535	-2.976617	103	104	13	563.788
-1.308997	1.374601	-2.456031	91	102	102	563.644
1.832596	1.256302	0.062705	106	100	11	563.641
2.094395	0.418037	1.360082	27	107	101	563.549
-2.879793	1.555207	1.708892	91	5	101	563.462
2.356194	1.904882	-1.478089	107	19	99	563.441
2.617994	1.135813	-2.658866	103	107	16	563.341
-0.785398	1.433411	-1.035986	89	0	103	563.330
-2.879793	1.214854	-1.966664	93	2	99	563.209
1.308997	1.658653	-2.409879	4	7	91	563.205
2.617994	2.724429	-0.348782	4	17	18	563.172
2.879793	1.014500	0.906702	3	15	94	563.149
1.570796	1.809167	1.213774	108	91	105	563.100
-3.141593	1.050534	3.042579	95	0	13	563.020
-2.094395	2.138223	1.678323	26	6	101	563.006
-2.094395	1.617114	-1.572037	101	106	99	562.997
2.356194	2.063651	-2.044600	95	19	15	562.993
0.523599	2.295480	1.008277	93	100	0	562.871
1.047198	1.606104	-0.451151	102	107	92	562.816
-0.261799	0.866395	-2.492918	15	111	92	562.810
1.832596	1.184361	0.625864	106	102	14	562.795
-0.523599	1.812176	0.656819	3	10	91	562.795
-1.047198	0.914445	2.687814	0	8	92	562.782
2.094395	1.836682	-0.676006	90	106	103	562.727
2.617994	2.299159	2.264663	96	106	104	562.724
1.832596	1.982574	-1.115518	83	0	104	562.721
2.356194	2.247462	0.191623	9	2	18	562.243
0.785398	0.571433	-1.188419	99	6	87	562.017
1.832596	1.870545	-2.976234	96	12	97	562.014
-1.832596	1.168678	2.108595	10	9	91	561.986
1.832596	1.662363	0.915448	102	14	95	561.918
-3.141593	2.863997	0.549740	28	8	3	561.875
2.094395	1.554776	0.100351	0	100	15	561.750
1.308997	1.417623	-0.202254	104	2	90	561.725
2.617994	2.863997	0.549740	88	3	12	561.621
-1.570796	0.685216	-1.712745	98	104	105	561.616
2.094395	0.370812	-2.547742	101	108	86	561.564
0.000000	0.866395	-2.492918	27	101	104	561.504
-0.785398	1.025536	1.576859	1	13	93	561.300
0.785398	2.153910	-1.714959	19	15	14	561.141
2.879793	0.700570	1.559208	13	89	96	561.120
-0.523599	1.574060	2.783565	104	98	92	561.064
0.785398	1.214854	-1.966664	91	9	89	561.024
-2.356194	2.063651	-2.044600	85	110	105	560.989
2.879793	1.872854	1.543456	88	9	104	560.917
-1.308997	0.203748	0.590255	1	109	86	560.893
-1.308997	1.824694	1.850876	93	103	107	560.822
0.523599	2.393226	1.857173	93	111	92	560.798
-0.523599	1.135834	-1.431087	17	17	13	560.792
1.047198	1.488617	1.159546	17	10	12	560.728
-3.141593	0.866395	-2.492918	106	98	101	560.726
-0.261799	1.909857	-0.381669	7	111	18	560.719
-2.094395	2.295480	1.008277	91	1	98	560.719
-1.832596	0.762244	-0.273349	95	111	95	560.576
-1.308997	1.617114	-1.572037	2	97	97	560.509
1.570796	2.115563	0.685730	108	91	0	560.329
-0.261799	0.591903	2.010408	84	110	2	560.225
-2.879793	1.574060	2.783565	3	18	88	559.921
0.000000	2.343981	-1.040456	99	108	93	559.811
-1.570796	0.961715	0.014085	1	17	23	559.788
2.094395	1.732874	-0.951685	107	0	20	559.786
0.000000	2.247462	0.191623	87	11	9	559.699
2.094395	2.478122	2.609777	96	106	101	559.693
-2.094395	0.960688	-0.577532	92	2	1	559.638
1.570796	1.736875	3.023612	98	12	21	559.334
-2.094395	0.700570	1.559208	102	100	103	559.334
-2.879793	1.875281	0.107086	97	103	98	559.239
-1.832596	1.413430	2.550734	7	89	95	559.228
2.879793	1.875281	0.107086	93	107	98	559.226
-0.523599	2.153910	-1.714959	86	3	104	559.082
2.094395	1.335669	0.897240	88	12	102	559.070
-0.261799	1.510910	-0.740472	4	20	15	558.907
0.000000	0.992645	-1.723759	19	24	1	558.836
-0.785398	2.153910	-1.714959	87	8	101	558.832
1.832596	0.571433	-1.188419	91	1	15	558.789
2.356194	2.138223	1.678323	98	105	108	558.735
-0.261799	1.135834	-1.431087	17	23	3	558.699
1.832596	1.374601	-2.456031	87	104	111	558.654
2.879793	0.419640	2.974122	99	100	2	558.605
0.523599	2.478122	2.609777	94	107	4	558.530
-0.523599	2.299159	2.264663	101	101	100	558.525
-2.094395	1.134796	2.434290	11	8	92	558.470
-1.570796	1.218453	2.777284	9	92	96	558.424
-0.785398	2.724429	-0.348782	85	12	7	558.409
-2.879793	2.138223	1.678323	93	108	12	558.398
1.570796	2.760637	2.781135	92	4	94	558.390
2.617994	1.506530	1.988858	98	111	100	558.376
1.570796	1.433411	-1.035986	84	3	99	558.225
2.879793	1.184361	0.625864	87	107	103	558.165
2.879793	0.458961	-0.107937	2	2	84	558.119
-2.879793	1.554776	0.100351	97	106	95	558.119
-2.356194	1.488617	1.159546	19	1	96	558.105
1.308997	1.413430	2.550734	110	110	92	557.852
2.356194	1.741644	-2.695914	96	7	96	557.760
2.094395	0.899350	-2.069907	97	110	11	557.671
-0.785398	2.041297	-2.664597	90	109	105	557.632
2.617994	1.683268	0.374177	88	103	108	557.560
1.308997	1.113094	-0.272241	97	104	13	557.276
2.356194	1.301460	-0.509251	107	103	15	557.271
-1.047198	2.719179	-1.780644	110	19	94	557.270
0.261799	2.343981	-1.040456	6	103	18	557.218
2.356194	1.870545	-2.976234	96	6	95	557.010
-1.570796	1.606104	-0.451151	92	109	111	556.998
-1.570796	0.910508	1.903534	6	9	92	556.916
-2.879793	2.299159	2.264663	99	0	19	556.880
0.261799	1.050534	3.042579	99	108	97	556.645
1.570796	1.696674	-1.253233	90	111	98	556.642
1.308997	1.335669	0.897240	10	16	93	556.551
-2.356194	0.733948	3.021411	98	109	98	556.547
-0.261799	0.640596	-2.797608	25	97	104	556.335
-1.308997	2.153910	-1.714959	92	98	104	556.325
2.879793	2.724429	-0.348782	4	17	17	556.207
0.785398	1.606104	-0.451151	10	108	21	556.194
-1.832596	1.310100	1.488307	91	0	102	555.977
0.000000	2.033014	2.977192	111	10	21	555.968
-3.141593	1.836682	-0.676006	1	13	23	555.967
-2.356194	2.704512	1.488683	28	6	111	555.791
1.570796	1.128190	-2.288622	89	106	96	555.786
0.000000	2.349581	-2.702517	96	106	100	555.747
-3.141593	0.831641	0.616218	26	103	106	555.617
-1.047198	2.295480	1.008277	102	102	7	555.514
-2.094395	1.374601	-2.456031	84	3	102	555.505
2.617994	0.961715	0.014085	16	95	100	555.504
1.570796	0.709924	0.218797	89	1	1	555.459
-0.261799	1.242974	-2.977882	100	111	95	555.392
-1.832596	2.343981	-1.040456	86	110	104	555.319
-2.356194	0.591903	2.010408	103	99	106	555.316
2.356194	1.617114	-1.572037	96	15	20	555.275
0.261799	0.831641	0.616218	87	3	17	555.218
-0.785398	2.984978	1.954446	102	30	0	555.155
-2.356194	1.872854	1.543456	23	109	97	555.016
1.570796	0.379747	-1.713059	101	0	85	554.924
0.000000	2.041297	-2.664597	98	7	98	554.892
-1.832596	1.870545	-2.976234	98	105	11	554.830
0.261799	1.135813	-2.658866	28	103	101	554.813
-1.832596	1.662363	0.915448	89	13	9	554.773
1.570796	0.700570	1.559208	19	6	94	554.711
2.356194	0.370812	-2.547742	102	99	1	554.652
-2.356194	2.579248	-2.364801	94	107	11	554.576
0.523599	0.290380	-0.796960	99	107	99	554.493
2.617994	0.700570	1.559208	17	104	95	554.477
1.570796	0.831641	0.616218	98	107	13	554.468
-1.308997	1.256302	0.062705	12	28	2	554.453
-1.832596	1.736875	3.023612	12	89	100	554.422
1.308997	0.418037	1.360082	93	106	108	554.324
-0.785398	1.413430	2.550734	97	107	15	554.068
0.000000	2.299159	2.264663	94	111	6	554.007
-0.261799	1.721184	-0.153948	8	13	17	554.003
-1.047198	1.569311	-3.003978	17	86	101	553.968
-2.094395	1.599406	1.426070	21	1	97	553.931
-1.832596	0.370812	-2.547742	89	111	107	553.876
1.308997	1.617114	-1.572037	96	102	99	553.836
0.261799	1.184361	0.625864	88	1	14	553.702
2.094395	2.979456	-1.009304	106	104	93	553.647
-0.785398	1.683268	0.374177	86	109	11	553.528
-0.261799	1.413347	-1.339188	12	17	16	553.511
1.832596	1.617114	-1.572037	100	18	21	553.437
2.356194	2.393226	1.857173	99	103	0	553.340
0.523599	1.574060	2.783565	93	110	104	553.317
0.785398	2.299159	2.264663	97	1	90	553.242
-0.523599	0.866955	-0.931351	14	25	7	553.234
1.832596	0.297065	2.160177	17	103	97	553.097
-2.094395	2.356369	3.005869	13	90	94	553.090
2.617994	2.456751	-1.503343	105	23	19	553.053
-1.570796	1.721184	-0.153948	1	12	19	553.025
-3.141593	1.374601	-2.456031	106	92	107	552.979
-2.356194	0.961715	0.014085	28	9	2	552.944
0.523599	1.367556	0.358405	11	15	91	552.934
1.570796	1.413347	-1.339188	87	110	100	552.826
-1.047198	2.115563	0.685730	1	29	0	552.718
0.000000	1.413430	2.550734	103	104	93	552.593
1.308997	2.187132	-0.479875	15	111	17	552.528
-3.141593	2.180315	-1.357379	104	6	94	552.509
1.570796	1.683268	0.374177	103	8	91	552.473
-2.094395	2.041297	-2.664597	87	1	95	552.460
-1.047198	1.128190	-2.288622	98	111	99	552.454
0.261799	1.617114	-1.572037	19	20	6	552.445
-0.523599	1.301460	-0.509251	2	23	14	552.426
2.617994	0.370812	-2.547742	97	106	10	552.395
0.523599	1.732874	-0.951685	95	14	15	552.344
-2.879793	1.766067	2.153843	90	5	105	552.298
2.617994	0.418037	1.360082	18	101	98	552.242
-0.261799	1.696674	-1.253233	88	109	102	552.235
-1.308997	2.001437	0.381215	12	27	111	552.219
2.356194	1.809167	1.213774	93	16	98	552.217
2.356194	1.391910	3.030322	96	2	19	552.182
0.261799	2.881233	-2.582574	18	18	8	552.109
-2.879793	2.041297	-2.664597	93	108	5	552.104
-1.308997	0.618092	2.539118	108	5	93	552.069
-0.523599	2.719179	-1.780644	91	2	98	552.016
-2.356194	1.721184	-0.153948	4	16	19	551.951
-1.570796	1.977582	0.969896	86	10	4	551.869
2.094395	0.571433	-1.188419	95	107	13	551.864
-1.832596	1.574060	2.783565	88	0	7	551.841
-1.832596	0.571433	-1.188419	99	103	109	551.756
1.308997	2.343981	-1.040456	8	109	19	551.709
2.879793	2.664082	-1.071402	99	10	97	551.630
-1.047198	1.870545	-2.976234	19	87	105	551.627
-1.570796	0.992645	-1.723759	94	5	103	551.479
-2.879793	1.809167	1.213774	25	107	97	551.441
0.523599	2.001437	0.381215	90	8	11	551.356
-3.141593	1.736875	3.023612	89	14	9	551.322
-2.879793	1.367556	0.358405	91	1	98	551.317
2.356194	1.599406	1.426070	13	15	13	551.280
0.523599	1.256302	0.062705	8	12	89	551.213
2.879793	1.824694	1.850876	101	107	101	551.147
0.785398	2.637879	2.121598	10	25	107	551.020
0.785398	0.203748	0.590255	86	4	110	551.014
-0.261799	2.984978	1.954446	18	105	92	550.959
0.261799	0.674054	1.013609	92	9	101	550.923
1.570796	2.063651	-2.044600	101	27	9	550.874
0.000000	1.699788	2.452890	102	100	1	550.859
-2.094395	1.982574	-1.115518	1	12	18	550.693
-1.047198	1.721184	-0.153948	94	3	92	550.615
-0.261799	1.374601	-2.456031	94	105	111	550.562
-1.832596	1.448123	-2.163292	88	105	105	550.451
-2.879793	1.135813	-2.658866	105	13	93	550.442
0.261799	2.295480	1.008277	88	105	0	550.340
0.261799	2.379497	0.561089	88	11	7	550.307
-1.570796	1.617114	-1.572037	93	3	102	550.253
-2.617994	0.914445	2.687814	3	17	92	550.146
-0.523599	1.948085	-2.363031	99	12	98	550.136
1.047198	1.756530	-2.105156	5	12	92	550.026
-1.832596	0.992645	-1.723759	97	106	104	550.014
2.617994	1.809167	1.213774	91	13	98	549.982
-0.785398	1.872854	1.543456	14	23	95	549.965
0.785398	2.404280	-0.174044	101	105	14	549.900
0.000000	2.174483	2.653697	104	100	103	549.860
-1.570796	0.864993	2.278281	7	11	91	549.853
0.785398	0.297065	2.160177	22	4	98	549.678
2.879793	0.591903	2.010408	97	103	94	549.664
1.308997	1.247695	1.809890	13	8	91	549.612
-2.356194	0.992645	-1.723759	92	109	106	549.575
-2.879793	0.733948	3.021411	110	20	95	549.470
0.000000	1.683268	0.374177	89	16	9	549.454
-0.785398	1.756530	-2.105156	4	109	17	549.263
-2.094395	1.168678	2.108595	13	4	92	549.185
-1.308997	0.914445	2.687814	9	87	98	549.043
2.879793	2.456751	-1.503343	101	23	19	549.031
-1.308997	2.979456	-1.009304	92	110	10	549.018
2.879793	2.180315	-1.357379	111	2	19	548.945
-2.879793	2.153910	-1.714959	111	3	94	548.911
-2.879793	0.709924	0.218797	22	101	103	548.806
0.000000	1.128190	-2.288622	27	103	104	548.760
-1.570796	1.732874	-0.951685	109	16	20	548.642
0.523599	1.488617	1.159546	91	105	5	548.592
-1.832596	2.001437	0.381215	94	0	95	548.568
2.356194	1.721184	-0.153948	2	103	17	548.387
-1.832596	2.187132	-0.479875	96	2	97	548.367
1.832596	0.899350	-2.069907	96	110	11	548.208
-2.094395	1.247695	1.809890	15	6	93	548.027
-1.047198	1.135834	-1.431087	97	100	1	547.996
-2.094395	1.545873	-1.877082	2	5	18	547.971
-2.094395	1.450119	-2.739050	85	6	98	547.918
0.261799	1.846342	-1.796954	19	12	15	547.775
-0.785398	2.404280	-0.174044	107	5	89	547.754
-1.308997	1.242974	-2.977882	13	89	99	547.720
-1.832596	1.555207	1.708892	14	97	97	547.720
1.570796	2.455966	-0.641220	20	0	14	547.624
-2.617994	1.736875	3.023612	9	8	89	547.604
-0.785398	1.413347	-1.339188	88	1	106	547.589
1.047198	2.760637	2.781135	97	24	7	547.538
1.832596	0.496451	0.593859	12	26	9	547.090
-2.617994	1.545873	-1.877082	85	8	104	547.018
-0.785398	2.104282	-0.813972	96	109	96	547.003
-1.047198	2.138223	1.678323	94	106	101	546.796
-1.047198	0.571433	-1.188419	89	111	105	546.740
-1.570796	1.325504	-1.671296	93	3	104	546.714
-2.356194	1.374601	-2.456031	83	7	102	546.692
-1.570796	2.587733	0.232235	2	28	7	546.668
2.356194	1.504028	0.636812	88	7	101	546.613
-2.879793	2.455966	-0.641220	97	96	6	546.533
-1.047198	2.579248	-2.364801	84	10	105	546.531
1.832596	0.700570	1.559208	24	106	97	546.367
-3.141593	2.138223	1.678323	94	110	16	546.289
-1.308997	1.450119	-2.739050	90	103	101	546.164
-1.570796	2.760637	2.781135	86	110	104	546.153
2.879793	2.073035	2.027405	100	105	102	545.979
-2.356194	2.587733	0.232235	8	24	10	545.941
1.308997	0.458961	-0.107937	92	103	9	545.800
0.000000	0.591903	2.010408	99	94	104	545.791
-0.261799	2.664082	-1.071402	106	103	18	545.686
-1.047198	2.108018	1.311430	14	27	97	545.667
1.832596	1.809167	1.213774	101	18	97	545.653
2.094395	2.108018	1.311430	95	17	98	545.637
-1.832596	1.732874	-0.951685	14	27	104	545.625
-2.879793	1.599406	1.426070	22	109	94	545.487
-0.261799	0.203748	0.590255	101	104	104	545.442
-1.570796	1.242974	-2.977882	86	109	102	545.343
-0.261799	1.732874	-0.951685	96	99	10	545.321
-2.879793	2.393226	1.857173	96	110	17	545.302
2.094395	2.396274	-1.959260	97	24	12	545.278
-3.141593	2.724429	-0.348782	16	19	11	545.245
1.308997	0.866955	-0.931351	99	104	108	544.875
-3.141593	1.301460	-0.509251	111	105	19	544.735
0.785398	1.367556	0.358405	86	3	3	544.684
-3.141593	1.367556	0.358405	96	108	96	544.674
2.617994	1.870545	-2.976234	95	110	101	544.660
-2.617994	1.134796	2.434290	92	0	109	544.621
1.570796	1.195355	1.200319	7	13	94	544.513
-1.832596	1.242974	-2.977882	106	1	92	544.499
-0.261799	2.979456	-1.009304	99	105	12	544.403
-1.570796	1.599406	1.426070	94	110	98	544.367
1.570796	2.349581	-2.702517	97	25	8	544.234
2.617994	1.554776	0.100351	92	0	97	544.232
0.523599	1.870545	-2.976234	96	1	98	544.160
-2.356194	1.367556	0.358405	7	8	90	544.127
0.261799	0.850607	-1.335383	13	26	5	544.105
1.047198	1.545873	-1.877082	84	10	97	543.819
-1.832596	0.615174	-0.666022	97	108	7	543.809
0.261799	2.863997	0.549740	93	108	9	543.797
-1.570796	0.709924	0.218797	106	109	91	543.763
-2.356194	0.290380	-0.796960	90	6	3	543.740
0.000000	2.592629	0.909713	89	3	8	543.655
-1.047198	1.909857	-0.381669	93	111	98	543.629
-0.785398	0.458961	-0.107937	3	1	86	543.472
-2.617994	2.089241	-0.114193	4	17	18	543.432
2.617994	1.904882	-1.478089	104	12	96	543.267
0.000000	2.579248	-2.364801	95	101	102	543.250
2.356194	2.664082	-1.071402	1	22	18	543.187
-2.094395	1.325504	-1.671296	99	107	99	543.180
-1.047198	2.001437	0.381215	5	14	92	543.171
-1.832596	1.128190	-2.288622	86	108	107	543.090
-2.617994	2.664082	-1.071402	103	3	92	543.063
-0.523599	0.899350	-2.069907	109	93	104	543.006
-1.047198	2.863997	0.549740	10	26	0	542.980
-2.879793	2.174483	2.653697	16	2	87	542.928
-0.523599	2.456751	-1.503343	110	104	19	542.917
-3.141593	1.998705	2.370472	100	102	111	542.750
-1.832596	2.979456	-1.009304	90	108	5	542.691
0.261799	1.555207	1.708892	93	107	94	542.515
1.832596	1.450119	-2.739050	0	21	94	542.494
-0.261799	2.881233	-2.582574	93	3	97	542.457
-1.832596	1.417623	-0.202254	90	4	6	542.449
-1.570796	2.063651	-2.044600	88	103	102	542.409
2.356194	1.247695	1.809890	2	11	18	542.393
-3.141593	2.456751	-1.503343	98	18	19	542.363
1.308997	1.599406	1.426070	105	93	107	542.262
0.261799	1.741644	-2.695914	25	21	105	542.199
2.356194	2.033014	2.977192	96	111	99	542.187
1.570796	2.863997	0.549740	98	105	8	541.912
-1.570796	0.929350	-2.910676	104	110	94	541.720
2.356194	2.404280	-0.174044	92	105	108	541.672
1.047198	2.579248	-2.364801	1	111	92	541.608
-1.570796	1.510910	-0.740472	94	105	0	541.533
2.879793	1.617114	-1.572037	106	17	98	541.532
0.785398	0.080730	-2.622036	90	107	0	541.451
2.617994	1.721184	-0.153948	93	109	97	541.425
1.832596	0.418037	1.360082	24	103	100	541.265
2.617994	1.247695	1.809890	3	24	14	541.197
-3.141593	1.699788	2.452890	86	13	4	540.911
-1.047198	2.063651	-2.044600	0	109	17	540.900
1.570796	1.574060	2.783565	2	109	91	540.836
-0.785398	0.866955	-0.931351	14	23	11	540.754
-2.356194	2.407836	1.410646	27	8	109	540.585
-2.617994	0.733948	3.021411	108	107	94	540.559
2.094395	2.063651	-2.044600	101	25	17	540.505
1.308997	0.571433	-1.188419	99	3	86	540.472
-1.570796	0.615174	-0.666022	27	5	0	540.455
-0.523599	1.741644	-2.695914	92	106	108	540.447
-1.832596	0.899350	-2.069907	94	105	104	540.442
0.523599	2.881233	-2.582574	98	15	99	540.393
1.308997	2.251330	-2.330739	99	27	6	540.312
0.261799	0.496451	0.593859	92	103	111	540.178
-2.617994	0.929350	-2.910676	106	16	94	540.169
-0.261799	1.301460	-0.509251	93	106	94	539.969
2.094395	2.343981	-1.040456	7	6	90	539.893
0.000000	1.696674	-1.253233	97	17	16	539.845
0.523599	2.760637	2.781135	14	21	5	539.824
1.832596	1.699788	2.452890	104	109	95	539.632
-0.261799	1.045978	0.343692	15	7	13	539.530
-1.308997	0.866955	-0.931351	100	101	10	539.383
-0.523599	0.203748	0.590255	104	99	105	539.311
-3.141593	1.128190	-2.288622	105	96	103	539.268
-1.570796	0.674054	1.013609	110	25	101	539.245
2.356194	1.736875	3.023612	98	4	94	539.229
-2.356194	1.545873	-1.877082	100	110	96	539.145
-1.308997	1.699788	2.452890	92	104	3	539.076
0.785398	2.104282	-0.813972	96	6	15	539.068
1.832596	1.135834	-1.431087	98	108	9	538.980
-0.261799	2.592629	0.909713	88	10	9	538.940
-0.523599	2.579248	-2.364801	86	109	105	538.834
1.832596	1.448123	-2.163292	110	22	97	538.791
-2.094395	1.310100	1.488307	17	0	95	538.629
0.785398	1.741644	-2.695914	19	27	104	538.535
0.261799	2.404280	-0.174044	96	17	15	538.510
0.000000	0.899350	-2.069907	28	104	107	538.439
0.785398	0.290380	-0.796960	101	100	106	538.379
-3.141593	2.164094	-2.991358	92	109	1	538.378
-3.141593	2.356369	3.005869	92	107	110	538.318
-0.785398	2.164094	-2.991358	8	0	87	538.237
2.879793	2.089241	-0.114193	14	11	16	538.230
1.047198	1.809167	1.213774	98	100	2	538.145
2.617994	1.218453	2.777284	103	6	93	537.987
0.261799	2.393226	1.857173	93	2	90	537.948
-1.832596	1.450119	-2.739050	85	111	101	537.893
2.356194	0.458961	-0.107937	18	20	11	537.877
-2.617994	1.683268	0.374177	28	7	1	537.812
-2.617994	2.704512	1.488683	95	110	17	537.802
0.785398	0.864993	2.278281	21	98	95	537.801
-2.617994	0.961715	0.014085	29	6	2	537.727
1.308997	1.904882	-1.478089	81	8	107	537.707
-1.832596	2.719179	-1.780644	95	106	11	537.706
0.000000	0.203748	0.590255	92	104	2	537.683
-1.832596	1.113094	-0.272241	110	91	0	537.566
-1.047198	2.587733	0.232235	110	98	14	537.558
-2.356194	2.863997	0.549740	99	110	94	537.422
-1.570796	2.393226	1.857173	94	100	104	537.364
-1.047198	1.824694	1.850876	17	98	102	537.320
1.308997	0.203748	0.590255	98	95	6	537.275
-2.879793	0.914445	2.687814	111	97	95	537.251
-2.879793	2.295480	1.008277	26	8	3	537.187
-0.261799	0.960688	-0.577532	13	24	5	537.182
-1.308997	1.134497	-1.109631	96	102	3	537.150
0.261799	2.041297	-2.664597	19	21	2	537.141
2.356194	1.450119	-2.739050	108	24	94	537.070
-3.141593	2.396274	-1.959260	92	12	15	537.026
2.356194	1.812176	0.656819	87	5	104	536.772
0.261799	0.866955	-0.931351	8	26	5	536.527
1.832596	2.164094	-2.991358	98	3	95	536.491
-1.570796	1.135813	-2.658866	87	107	103	536.363
-0.261799	1.247695	1.809890	8	10	90	536.337
-3.141593	1.134796	2.434290	111	92	99	536.289
-1.308997	1.433411	-1.035986	97	101	111	536.285
-0.523599	2.033014	2.977192	4	0	86	536.251
0.000000	1.135813	-2.658866	93	110	13	536.125
-1.570796	1.812176	0.656819	95	107	96	536.124
1.832596	0.762244	-0.273349	22	17	7	536.070
-2.356194	2.356369	3.005869	96	108	5	536.020
-1.047198	0.866395	-2.492918	96	111	100	535.965
-2.356194	0.709924	0.218797	92	110	98	535.924
0.261799	2.592629	0.909713	91	103	0	535.859
0.523599	1.195355	1.200319	92	105	6	535.747
1.832596	2.063651	-2.044600	111	8	94	535.670
2.094395	1.982574	-1.115518	91	102	104	535.601
-1.570796	1.555207	1.708892	93	108	101	535.596
1.832596	2.396274	-1.959260	100	26	11	535.438
-2.879793	0.929350	-2.910676	108	99	98	535.406
1.570796	1.599406	1.426070	101	105	99	535.315
0.000000	1.846342	-1.796954	11	5	17	535.265
1.832596	1.195355	1.200319	12	15	94	535.251
-2.879793	0.290380	-0.796960	96	106	108	535.229
1.832596	1.948085	-2.363031	99	28	10	535.167
0.000000	2.456751	-1.503343	3	0	19	535.124
0.000000	2.984978	1.954446	100	26	9	534.966
2.094395	1.875281	0.107086	82	111	0	534.937
-3.141593	2.247462	0.191623	94	103	104	534.924
-1.832596	1.325504	-1.671296	95	8	100	534.891
1.832596	0.619654	-2.216909	96	108	88	534.874
1.832596	1.325504	-1.671296	97	18	19	534.859
