112	1.2	0
-2.356194	2.174483	2.653697
1.510374	1.690256	0.375503
../1vb4_monomer_m.pdb	17.234	27.542	-66.724
../1vb4_monomer_m.pdb	4.190	58.220	44.328
-2.617994	1.836682	-0.676006	106	9	24	1276.839
2.617994	0.960688	-0.577532	107	102	87	1207.184
2.879793	1.433411	-1.035986	10	92	98	1174.636
2.617994	1.014500	0.906702	109	98	93	1158.245
-3.141593	1.510910	-0.740472	109	4	25	1147.213
-1.308997	1.168678	2.108595	2	4	87	1144.711
-2.617994	2.579248	-2.364801	5	91	103	1139.119
2.617994	0.961715	0.014085	102	104	87	1131.176
-2.879793	2.356369	3.005869	2	90	98	1124.086
0.000000	1.904882	-1.478089	94	104	93	1123.864
1.308997	0.914445	2.687814	26	97	104	1115.441
-2.879793	1.510910	-0.740472	108	2	24	1113.302
2.617994	2.033014	2.977192	2	96	95	1112.409
-2.617994	2.104282	-0.813972	104	6	21	1101.421
0.000000	0.370812	-2.547742	12	92	105	1100.555
-1.832596	2.456751	-1.503343	110	91	104	1100.276
-2.879793	2.349581	-2.702517	93	98	90	1093.663
-0.261799	1.982574	-1.115518	96	107	90	1093.341
0.000000	1.982574	-1.115518	99	104	91	1092.261
-1.047198	0.866395	-2.492918	101	88	100	1085.441
1.832596	2.393226	1.857173	1	90	95	1083.171
1.570796	1.617114	-1.572037	11	11	99	1079.811
-1.047198	0.379747	-1.713059	13	90	109	1078.357
0.000000	2.153910	-1.714959	95	104	94	1075.762
1.308997	1.218453	2.777284	24	98	101	1075.468
1.570796	0.297065	2.160177	110	90	106	1072.142
-3.141593	2.343981	-1.040456	111	3	89	1064.631
-2.094395	2.719179	-1.780644	111	91	103	1063.503
-1.308997	1.982574	-1.115518	109	89	2	1060.261
0.261799	2.180315	-1.357379	97	104	91	1051.268
1.047198	1.050534	3.042579	25	97	103	1050.371
2.094395	0.619654	-2.216909	12	17	106	1047.328
0.785398	0.618092	2.539118	2	95	91	1044.992
0.000000	0.640596	-2.797608	103	98	92	1043.146
2.356194	1.195355	1.200319	104	98	92	1041.953
-2.879793	2.881233	-2.582574	0	91	101	1037.656
0.000000	0.419640	2.974122	107	87	104	1028.551
2.617994	1.113094	-0.272241	102	101	88	1025.994
-1.570796	1.128190	-2.288622	99	90	98	1020.423
2.094395	2.033014	2.977192	101	99	91	1019.253
-1.832596	2.180315	-1.357379	109	91	104	1016.380
-0.523599	0.619654	-2.216909	11	89	109	1016.345
0.785398	0.419640	2.974122	109	91	103	1014.997
0.523599	2.664082	-1.071402	21	14	7	1014.516
2.094395	1.214854	-1.966664	11	16	104	1013.984
-2.356194	2.579248	-2.364801	108	89	104	1013.723
0.261799	0.419640	2.974122	110	94	93	1012.171
-3.141593	2.407836	1.410646	105	94	2	1009.501
1.047198	1.128190	-2.288622	15	13	99	1007.604
-2.356194	0.910508	1.903534	16	88	111	1007.383
1.308997	0.864993	2.278281	91	95	102	1007.302
0.000000	0.850607	-1.335383	100	95	109	1007.277
1.047198	0.866395	-2.492918	15	12	98	1006.565
2.094395	0.418037	1.360082	22	92	106	1006.080
2.356194	2.001437	0.381215	106	93	2	1004.635
1.832596	1.998705	2.370472	105	101	83	1003.077
-2.356194	1.948085	-2.363031	96	93	96	1002.135
-3.141593	0.640596	-2.797608	103	96	96	1001.924
1.832596	1.766067	2.153843	101	96	91	1001.830
-2.356194	2.979456	-1.009304	109	102	92	999.438
-1.832596	1.214854	-1.966664	98	90	103	998.568
-3.141593	1.909857	-0.381669	2	90	99	997.691
-2.094395	1.904882	-1.478089	111	92	96	997.345
1.570796	0.864993	2.278281	92	92	102	996.572
-0.261799	2.104282	-0.813972	99	109	88	996.222
-1.308997	1.050534	3.042579	25	14	12	994.941
0.523599	1.545873	-1.877082	26	12	4	994.919
-1.308997	2.153910	-1.714959	11	88	108	994.146
0.000000	0.080730	-2.622036	109	91	100	993.571
1.570796	1.545873	-1.877082	10	11	97	993.354
-1.047198	2.379497	0.561089	1	98	91	992.897
0.000000	0.899350	-2.069907	4	91	0	992.390
-0.523599	0.640596	-2.797608	109	95	91	990.843
1.570796	1.168678	2.108595	9	92	100	990.832
0.523599	0.914445	2.687814	2	92	92	990.261
-2.879793	1.374601	-2.456031	1	92	111	989.276
0.523599	2.579248	-2.364801	98	9	20	987.864
-2.356194	1.846342	-1.796954	111	93	94	987.282
2.094395	1.545873	-1.877082	11	16	102	984.309
-1.570796	2.664082	-1.071402	109	91	107	982.495
-0.523599	0.370812	-2.547742	11	88	107	980.613
2.617994	1.195355	1.200319	109	98	92	980.316
1.832596	1.247695	1.809890	9	92	98	979.912
1.047198	1.134796	2.434290	0	95	90	979.008
1.570796	1.134796	2.434290	25	96	103	978.491
0.785398	1.050534	3.042579	104	99	90	977.616
-0.785398	2.592629	0.909713	2	98	93	975.954
1.832596	2.299159	2.264663	100	98	85	975.893
2.094395	2.478122	2.609777	10	90	108	975.802
-3.141593	1.184361	0.625864	105	99	90	975.232
0.261799	0.914445	2.687814	109	90	92	974.271
-1.570796	1.448123	-2.163292	100	90	99	973.444
2.094395	2.073035	2.027405	3	93	91	973.220
1.570796	1.488617	1.159546	93	107	16	972.457
0.261799	2.588535	-2.976617	96	94	102	972.292
1.832596	2.073035	2.027405	5	92	95	971.560
1.570796	0.910508	1.903534	10	91	101	970.749
1.308997	1.391910	3.030322	106	101	89	970.640
-2.617994	1.168678	2.108595	17	15	104	970.062
-1.570796	1.617114	-1.572037	2	89	107	968.950
-0.785398	0.866395	-2.492918	104	89	99	967.135
2.879793	2.033014	2.977192	104	100	87	966.820
2.356194	2.174483	2.653697	94	99	89	966.469
-0.523599	0.866955	-0.931351	95	97	108	964.983
-3.141593	2.588535	-2.976617	90	97	91	964.971
-2.879793	1.050534	3.042579	8	91	109	963.843
-1.570796	2.180315	-1.357379	0	90	107	963.440
2.879793	0.961715	0.014085	103	103	87	961.331
-2.094395	1.736875	3.023612	8	6	91	961.207
-2.879793	0.733948	3.021411	106	94	98	961.120
0.000000	0.733948	3.021411	1	92	92	961.120
2.879793	2.456751	-1.503343	111	2	89	959.347
-2.879793	0.640596	-2.797608	105	96	96	958.436
-0.785398	2.001437	0.381215	31	0	6	956.452
-3.141593	2.579248	-2.364801	98	98	93	956.353
-3.141593	2.164094	-2.991358	92	99	90	955.367
2.879793	0.203748	0.590255	24	93	110	955.257
1.308997	1.168678	2.108595	105	94	92	953.380
0.523599	0.419640	2.974122	13	90	104	953.198
1.308997	1.135813	-2.658866	13	14	95	952.789
-1.570796	1.325504	-1.671296	2	88	110	951.861
-2.617994	0.297065	2.160177	111	94	92	950.962
1.047198	1.413430	2.550734	110	97	88	950.531
-1.832596	1.904882	-1.478089	104	93	99	949.843
-2.356194	1.242974	-2.977882	1	92	101	949.030
-0.261799	0.640596	-2.797608	5	93	95	948.170
-2.617994	1.872854	1.543456	27	9	110	948.095
-2.094395	1.948085	-2.363031	99	95	92	947.594
-1.570796	2.153910	-1.714959	109	88	106	946.879
-1.308997	1.128190	-2.288622	101	90	98	946.562
-2.356194	2.251330	-2.330739	92	96	92	945.922
0.000000	2.001437	0.381215	103	1	21	944.553
-1.832596	1.448123	-2.163292	96	91	99	944.315
1.047198	0.914445	2.687814	23	93	104	944.242
-0.785398	1.134796	2.434290	24	14	12	944.021
0.785398	0.914445	2.687814	5	95	91	943.029
-1.308997	2.664082	-1.071402	1	90	104	942.752
2.094395	2.174483	2.653697	97	103	85	940.944
-1.047198	2.863997	0.549740	6	101	92	940.654
2.094395	2.393226	1.857173	3	89	95	940.383
1.308997	1.440580	2.260026	106	95	90	940.202
-3.141593	2.041297	-2.664597	111	99	90	939.970
2.879793	2.356369	3.005869	99	100	85	939.872
0.523599	0.618092	2.539118	108	93	92	939.828
-1.832596	2.089241	-0.114193	0	96	13	939.568
0.261799	2.251330	-2.330739	92	96	102	939.135
0.000000	1.846342	-1.796954	94	102	96	938.961
-1.832596	2.396274	-1.959260	110	88	105	938.430
-2.879793	2.588535	-2.976617	111	89	101	938.251
-1.047198	2.592629	0.909713	0	97	93	936.913
-2.879793	2.579248	-2.364801	108	91	101	936.473
-0.261799	1.555207	1.708892	106	100	9	935.848
1.047198	0.618092	2.539118	18	91	105	935.676
-3.141593	1.194549	-0.801900	108	111	25	935.474
2.356194	2.588535	-2.976617	96	96	96	935.448
0.523599	1.335669	0.897240	103	96	12	935.189
1.570796	1.699788	2.452890	110	104	82	935.164
-2.356194	2.396274	-1.959260	0	92	99	935.036
0.261799	1.904882	-1.478089	96	101	93	934.096
-3.141593	1.310100	1.488307	96	97	97	934.058
2.094395	2.396274	-1.959260	2	110	91	933.617
-2.617994	0.910508	1.903534	20	16	109	933.518
2.617994	2.456751	-1.503343	2	0	90	932.269
-2.094395	0.674054	1.013609	22	17	5	932.021
0.523599	1.846342	-1.796954	26	11	3	931.972
-0.785398	0.619654	-2.216909	8	87	109	931.867
2.356194	2.760637	2.781135	7	88	2	931.859
-2.617994	2.349581	-2.702517	93	93	94	930.454
-2.617994	1.510910	-0.740472	107	2	24	929.715
-1.308997	1.134497	-1.109631	17	13	104	929.191
-1.047198	1.050534	3.042579	23	15	6	928.662
1.308997	1.050534	3.042579	26	101	102	927.961
-3.141593	0.370812	-2.547742	2	97	92	927.737
-0.785398	1.128190	-2.288622	6	89	100	927.715
-2.617994	1.135813	-2.658866	106	93	102	926.843
-2.356194	1.909857	-0.381669	107	11	24	926.731
0.261799	0.080730	-2.622036	28	99	108	925.950
0.000000	2.180315	-1.357379	95	106	91	925.759
2.879793	0.640596	-2.797608	10	91	96	925.717
0.000000	0.929350	-2.910676	7	95	92	925.006
2.617994	2.295480	1.008277	103	93	1	924.752
1.047198	2.089241	-0.114193	4	86	102	924.166
1.308997	0.591903	2.010408	11	89	102	922.330
1.308997	0.297065	2.160177	105	91	108	921.511
-2.879793	2.001437	0.381215	107	89	107	921.117
-1.308997	1.812176	0.656819	110	8	23	920.507
-2.879793	2.343981	-1.040456	110	4	89	919.587
-1.308997	0.685216	-1.712745	8	89	108	918.951
-1.308997	1.545873	-1.877082	1	84	1	918.938
1.832596	1.506530	1.988858	7	93	93	918.722
0.785398	2.138223	1.678323	96	92	98	918.662
-3.141593	0.733948	3.021411	103	94	98	918.639
1.570796	1.998705	2.370472	101	102	83	918.186
0.785398	2.407836	1.410646	94	92	100	918.038
1.047198	2.299159	2.264663	98	98	90	917.439
1.832596	1.869911	2.701025	0	107	82	917.007
0.785398	1.545873	-1.877082	5	10	91	916.843
0.261799	0.733948	3.021411	5	94	92	916.546
-1.308997	1.909857	-0.381669	28	4	110	916.246
-2.879793	1.554776	0.100351	91	94	93	915.773
1.832596	1.982574	-1.115518	5	24	5	915.289
-3.141593	2.881233	-2.582574	1	91	105	915.220
-2.617994	2.881233	-2.582574	103	89	101	915.205
-2.094395	2.033014	2.977192	7	4	90	915.110
2.356194	0.762244	-0.273349	0	109	27	914.910
2.094395	2.164094	-2.991358	98	101	91	914.904
-2.356194	2.138223	1.678323	27	7	3	914.841
-0.785398	0.914445	2.687814	24	14	6	914.470
-2.356194	1.836682	-0.676006	104	7	24	914.433
1.570796	2.478122	2.609777	99	100	88	913.270
0.000000	1.732874	-0.951685	101	101	91	913.158
-1.832596	2.164094	-2.991358	8	3	91	912.823
-2.356194	1.247695	1.809890	19	15	106	912.715
2.617994	0.685216	-1.712745	109	94	94	912.445
1.047198	1.836682	-0.676006	26	4	9	912.227
-1.308997	0.866395	-2.492918	96	93	95	912.156
0.785398	1.134796	2.434290	108	95	88	910.907
1.570796	1.766067	2.153843	102	99	84	910.746
-2.617994	1.732874	-0.951685	104	6	25	910.515
-3.141593	1.812176	0.656819	1	92	103	910.477
-0.523599	1.982574	-1.115518	96	108	90	910.243
-1.570796	0.899350	-2.069907	99	89	104	910.078
0.261799	0.571433	-1.188419	23	11	18	909.810
-2.617994	1.184361	0.625864	95	92	96	909.564
-2.356194	1.998705	2.370472	13	9	93	909.222
-1.570796	1.756530	-2.105156	100	91	96	908.460
2.617994	0.496451	0.593859	21	90	109	907.645
-1.308997	0.379747	-1.713059	10	89	109	907.310
-3.141593	2.349581	-2.702517	109	96	93	906.478
-2.617994	0.591903	2.010408	110	91	96	906.451
2.879793	1.256302	0.062705	102	100	89	906.400
-2.879793	1.194549	-0.801900	108	109	24	906.328
2.617994	1.335669	0.897240	107	96	96	906.086
0.261799	1.113094	-0.272241	20	10	89	905.691
-1.047198	1.242974	-2.977882	22	13	11	905.434
1.047198	0.831641	0.616218	108	100	21	905.095
2.094395	2.041297	-2.664597	111	107	20	904.949
0.261799	2.396274	-1.959260	28	8	1	904.762
2.617994	2.174483	2.653697	3	93	98	904.105
1.570796	1.218453	2.777284	26	101	101	903.672
0.523599	0.733948	3.021411	98	98	92	903.622
0.261799	1.948085	-2.363031	92	96	105	903.537
-0.261799	1.836682	-0.676006	98	105	88	902.910
1.832596	1.168678	2.108595	94	90	108	902.707
-0.261799	0.929350	-2.910676	4	93	92	901.675
1.308997	2.164094	-2.991358	22	100	102	901.246
-2.356194	1.766067	2.153843	15	12	97	901.054
2.879793	2.588535	-2.976617	94	102	86	900.975
-0.785398	2.456751	-1.503343	18	89	108	898.844
-2.356194	1.310100	1.488307	23	15	109	898.712
-1.047198	2.153910	-1.714959	15	88	109	898.705
0.785398	0.733948	3.021411	98	96	93	898.187
1.832596	0.700570	1.559208	12	90	101	898.133
-3.141593	1.025536	1.576859	94	96	97	897.995
-2.356194	1.904882	-1.478089	108	90	96	897.311
2.879793	1.113094	-0.272241	105	103	85	897.125
1.570796	1.391910	3.030322	28	106	101	897.077
-3.141593	1.606104	-0.451151	1	6	26	895.978
-0.523599	0.899350	-2.069907	11	90	106	895.788
2.617994	0.370812	-2.547742	0	95	91	895.657
2.356194	1.506530	1.988858	8	96	93	895.618
-2.356194	0.700570	1.559208	5	86	105	895.211
0.000000	2.396274	-1.959260	28	5	1	894.571
2.617994	0.762244	-0.273349	0	109	26	894.231
1.832596	2.984978	1.954446	3	89	101	893.960
2.617994	0.674054	1.013609	22	93	107	893.649
0.000000	2.637879	2.121598	102	97	100	893.452
1.570796	0.591903	2.010408	93	93	101	893.331
-1.832596	0.685216	-1.712745	101	93	99	893.023
-2.094395	2.396274	-1.959260	2	90	102	892.620
0.523599	2.104282	-0.813972	22	12	11	892.591
1.308997	1.413430	2.550734	12	93	100	892.348
0.523599	0.850607	-1.335383	24	9	19	892.211
0.261799	0.866395	-2.492918	104	106	84	891.437
1.570796	2.637879	2.121598	97	93	95	890.694
2.879793	1.045978	0.343692	101	103	88	890.311
2.356194	1.433411	-1.035986	104	92	101	890.246
-1.308997	1.413347	-1.339188	18	93	104	890.133
2.356194	0.619654	-2.216909	108	94	92	889.856
2.879793	1.836682	-0.676006	111	6	24	889.767
-2.879793	0.618092	2.539118	107	93	96	889.243
2.094395	0.899350	-2.069907	11	17	106	889.238
-2.879793	2.407836	1.410646	30	4	0	889.109
1.832596	1.617114	-1.572037	12	13	101	889.057
2.617994	0.906588	1.252948	110	102	90	888.743
-1.570796	2.724429	-0.348782	108	103	91	888.523
-3.141593	2.108018	1.311430	107	92	109	888.254
2.094395	1.417623	-0.202254	2	97	93	887.809
1.832596	2.041297	-2.664597	111	107	21	887.531
1.832596	2.033014	2.977192	110	2	24	887.300
1.832596	1.574060	2.783565	108	93	96	886.413
-1.308997	0.992645	-1.723759	9	87	4	884.945
0.000000	2.104282	-0.813972	103	106	89	884.779
2.617994	0.866955	-0.931351	108	101	87	883.545
2.356194	2.456751	-1.503343	1	109	89	882.883
1.832596	2.138223	1.678323	11	90	94	882.484
-1.832596	1.756530	-2.105156	92	89	102	881.558
2.617994	1.413347	-1.339188	86	9	0	881.450
2.879793	2.349581	-2.702517	101	100	90	881.414
-0.523599	0.929350	-2.910676	108	90	93	881.068
-2.879793	1.242974	-2.977882	111	91	111	880.674
2.356194	2.164094	-2.991358	100	99	91	880.469
-1.308997	2.396274	-1.959260	15	89	105	880.295
0.785398	2.104282	-0.813972	27	3	7	879.578
1.832596	1.699788	2.452890	103	98	89	879.491
-1.308997	0.899350	-2.069907	101	88	105	879.316
-1.308997	1.904882	-1.478089	9	88	0	879.230
-2.617994	1.025536	1.576859	25	13	1	878.391
-0.261799	1.904882	-1.478089	97	104	93	878.167
0.785398	2.174483	2.653697	102	99	90	877.474
-1.047198	1.128190	-2.288622	104	89	98	877.183
0.000000	2.356369	3.005869	96	95	106	877.127
0.261799	1.982574	-1.115518	98	104	89	876.834
2.356194	0.906588	1.252948	107	101	90	876.199
-0.261799	1.721184	-0.153948	15	95	108	876.041
-0.261799	1.732874	-0.951685	102	101	93	875.854
-2.356194	0.906588	1.252948	24	14	6	875.520
0.785398	0.899350	-2.069907	24	18	5	875.042
-3.141593	1.045978	0.343692	103	101	88	873.990
-1.308997	1.214854	-1.966664	100	89	103	873.375
0.785398	2.881233	-2.582574	98	94	97	873.166
2.356194	0.370812	-2.547742	108	93	92	873.145
-2.879793	1.875281	0.107086	106	88	104	872.963
1.832596	0.910508	1.903534	93	91	106	872.657
1.308997	0.910508	1.903534	105	91	97	872.228
0.261799	1.134497	-1.109631	24	3	23	871.897
-0.523599	0.379747	-1.713059	14	95	95	871.621
-1.308997	0.866955	-0.931351	14	12	102	871.482
-0.785398	1.374601	-2.456031	5	90	96	870.924
1.308997	2.393226	1.857173	97	92	96	870.832
-2.617994	0.619654	-2.216909	105	95	97	870.810
-1.047198	2.001437	0.381215	109	97	90	870.586
-1.570796	1.982574	-1.115518	105	92	104	870.538
-1.570796	1.214854	-1.966664	105	88	105	870.227
-2.879793	1.413430	2.550734	22	7	108	870.159
1.047198	0.864993	2.278281	108	96	89	870.099
1.308997	0.866395	-2.492918	13	14	97	869.935
2.617994	1.194549	-0.801900	106	98	88	869.651
-3.141593	0.419640	2.974122	108	93	94	869.600
-1.570796	0.290380	-0.796960	14	91	98	869.466
-1.308997	2.343981	-1.040456	0	90	109	868.932
1.832596	1.555207	1.708892	6	90	97	868.117
1.570796	0.700570	1.559208	9	87	105	867.275
2.094395	1.998705	2.370472	111	101	83	866.866
1.832596	2.637879	2.121598	110	92	94	866.672
2.356194	1.998705	2.370472	0	97	88	866.449
1.308997	1.574060	2.783565	93	97	95	866.213
-0.785398	0.571433	-1.188419	22	97	99	865.913
2.879793	1.184361	0.625864	101	100	90	865.721
0.261799	0.370812	-2.547742	104	100	85	865.591
1.570796	2.984978	1.954446	3	89	107	865.542
0.000000	2.588535	-2.976617	92	96	102	865.531
0.000000	1.836682	-0.676006	100	103	88	865.402
-2.617994	2.138223	1.678323	27	7	110	865.318
1.047198	1.135813	-2.658866	16	11	95	865.210
-1.570796	0.685216	-1.712745	104	92	99	865.010
-2.879793	2.251330	-2.330739	0	93	94	864.554
-0.523599	0.733948	3.021411	17	18	0	864.363
1.308997	1.699788	2.452890	105	101	84	864.302
2.094395	0.080730	-2.622036	0	91	92	863.812
0.261799	2.063651	-2.044600	27	8	0	863.787
-2.617994	1.310100	1.488307	26	10	5	863.532
-1.047198	0.685216	-1.712745	110	93	97	862.828
-1.308997	0.619654	-2.216909	102	93	95	862.724
2.617994	1.256302	0.062705	101	100	90	862.533
2.617994	1.433411	-1.035986	109	95	88	862.044
1.570796	1.135813	-2.658866	10	14	93	861.677
-2.617994	2.033014	2.977192	1	90	96	861.367
-1.047198	0.899350	-2.069907	103	88	106	861.293
-3.141593	1.875281	0.107086	103	90	103	861.245
2.879793	2.760637	2.781135	106	89	98	861.073
0.523599	0.640596	-2.797608	11	93	103	860.813
1.570796	2.073035	2.027405	2	92	94	860.510
-2.094395	1.756530	-2.105156	93	92	100	860.185
-2.094395	1.846342	-1.796954	98	95	96	860.070
1.832596	2.108018	1.311430	14	17	3	859.199
-1.047198	1.998705	2.370472	26	2	111	859.048
1.047198	2.138223	1.678323	98	91	97	859.024
2.617994	2.478122	2.609777	1	91	99	858.681
-0.785398	0.899350	-2.069907	8	90	104	858.661
2.094395	2.760637	2.781135	93	100	88	858.615
-0.785398	0.992645	-1.723759	22	94	105	858.541
2.356194	2.478122	2.609777	94	99	86	858.329
2.617994	1.510910	-0.740472	97	98	87	858.288
-1.308997	2.356369	3.005869	11	2	89	857.971
2.094395	1.869911	2.701025	98	102	87	857.677
-1.832596	0.992645	-1.723759	102	102	85	857.486
-1.308997	2.455966	-0.641220	106	91	111	857.468
1.832596	2.174483	2.653697	96	104	85	857.127
2.094395	2.356369	3.005869	98	97	94	856.446
-0.523599	1.812176	0.656819	30	5	7	856.239
-2.617994	1.367556	0.358405	94	92	95	856.042
-2.094395	0.615174	-0.666022	111	89	94	855.857
1.832596	2.407836	1.410646	13	18	111	855.844
0.523599	0.080730	-2.622036	29	102	108	855.669
0.523599	0.960688	-0.577532	17	9	85	855.437
2.879793	1.374601	-2.456031	107	91	110	855.385
2.617994	0.640596	-2.797608	7	89	96	855.144
2.879793	1.450119	-2.739050	105	92	2	854.891
-2.094395	2.456751	-1.503343	107	91	105	854.857
0.261799	0.929350	-2.910676	106	101	88	854.244
-1.832596	1.135834	-1.431087	10	13	92	854.207
-0.261799	2.063651	-2.044600	93	104	96	854.156
2.879793	0.419640	2.974122	107	90	97	853.947
-2.094395	2.251330	-2.330739	111	87	108	853.754
2.356194	0.571433	-1.188419	110	97	91	853.479
1.308997	2.478122	2.609777	97	102	88	853.453
1.570796	1.128190	-2.288622	0	7	88	853.372
1.570796	1.413430	2.550734	23	99	98	853.252
-2.879793	1.134796	2.434290	0	89	0	853.222
1.832596	1.025536	1.576859	11	90	101	852.958
-3.141593	0.929350	-2.910676	104	93	101	852.445
-2.617994	2.041297	-2.664597	92	99	90	852.066
-2.356194	1.025536	1.576859	21	16	111	851.832
2.356194	2.115563	0.685730	107	93	1	851.096
2.879793	0.379747	-1.713059	1	98	92	850.276
-2.617994	1.699788	2.452890	22	9	110	850.098
-0.785398	1.683268	0.374177	103	8	22	849.956
-1.832596	2.664082	-1.071402	105	91	110	848.987
2.617994	1.135834	-1.431087	8	94	92	848.833
2.356194	1.699788	2.452890	2	101	86	848.615
-2.879793	1.045978	0.343692	0	4	21	848.478
-2.617994	1.824694	1.850876	28	4	3	848.337
0.785398	2.393226	1.857173	96	95	94	848.336
1.570796	1.247695	1.809890	7	89	102	848.318
1.832596	2.187132	-0.479875	104	91	102	848.249
-2.617994	1.440580	2.260026	16	13	100	847.800
2.356194	2.153910	-1.714959	88	14	1	847.359
2.617994	1.045978	0.343692	101	102	90	847.021
1.047198	1.506530	1.988858	97	95	110	846.972
1.308997	2.637879	2.121598	97	95	94	846.959
2.356194	0.961715	0.014085	102	103	88	846.510
-2.617994	2.393226	1.857173	15	92	97	846.024
-1.832596	1.982574	-1.115518	102	92	104	846.022
-1.308997	1.448123	-2.163292	104	89	98	845.816
2.356194	1.325504	-1.671296	6	91	94	845.740
0.785398	0.864993	2.278281	108	91	93	845.214
-1.047198	2.180315	-1.357379	11	88	110	844.451
0.523599	2.456751	-1.503343	34	109	7	844.382
-1.570796	1.846342	-1.796954	7	88	109	844.377
1.047198	1.574060	2.783565	110	100	87	844.338
-0.523599	0.866395	-2.492918	102	98	91	844.076
-2.879793	0.929350	-2.910676	107	93	101	843.909
-2.617994	2.984978	1.954446	26	5	10	843.740
0.785398	1.732874	-0.951685	24	7	6	843.728
1.570796	0.370812	-2.547742	24	17	7	843.350
1.047198	2.637879	2.121598	96	98	91	843.272
2.094395	2.587733	0.232235	7	93	92	842.820
-2.356194	2.719179	-1.780644	107	91	103	842.737
-2.356194	1.135813	-2.658866	107	90	105	841.811
-2.617994	1.247695	1.809890	20	16	106	841.340
-0.261799	0.733948	3.021411	15	19	0	841.203
1.308997	2.187132	-0.479875	108	111	86	841.117
2.094395	0.379747	-1.713059	8	98	89	840.788
0.785398	2.343981	-1.040456	103	107	88	840.461
-1.570796	1.135834	-1.431087	6	89	110	840.377
-2.094395	0.571433	-1.188419	100	92	103	839.592
1.308997	1.134796	2.434290	100	92	102	839.546
2.356194	2.033014	2.977192	101	101	88	839.213
-2.094395	2.153910	-1.714959	105	94	96	839.172
-0.261799	0.866395	-2.492918	103	104	86	838.838
2.617994	2.349581	-2.702517	97	99	92	838.542
1.832596	1.824694	1.850876	4	91	94	838.280
0.000000	1.555207	1.708892	106	99	7	837.316
-3.141593	1.683268	0.374177	95	93	99	836.990
-1.570796	1.904882	-1.478089	108	89	111	836.546
2.617994	0.866395	-2.492918	109	7	86	836.515
0.785398	2.719179	-1.780644	101	10	21	836.299
-1.308997	2.001437	0.381215	108	5	24	836.089
-3.141593	2.299159	2.264663	21	6	104	835.868
1.047198	1.699788	2.452890	7	93	99	835.507
-1.308997	1.134796	2.434290	2	111	86	835.064
-2.617994	1.696674	-1.253233	103	89	96	835.030
1.570796	1.310100	1.488307	91	101	11	834.666
1.832596	1.413430	2.550734	105	89	103	834.603
0.000000	2.984978	1.954446	2	99	94	834.571
2.879793	1.242974	-2.977882	105	90	111	834.097
2.879793	0.960688	-0.577532	110	110	26	833.960
-0.785398	1.413347	-1.339188	23	5	15	833.876
-2.356194	1.168678	2.108595	17	15	105	833.840
-1.047198	0.733948	3.021411	22	17	3	833.777
2.094395	2.637879	2.121598	110	90	94	833.427
0.523599	1.448123	-2.163292	25	12	109	833.069
-2.356194	1.617114	-1.572037	108	93	92	833.052
-3.141593	1.721184	-0.153948	111	91	98	832.917
-1.832596	1.325504	-1.671296	106	100	87	832.915
1.308997	1.256302	0.062705	2	105	27	832.892
-2.617994	2.073035	2.027405	20	14	104	832.754
2.617994	2.356369	3.005869	97	103	84	832.445
0.523599	1.812176	0.656819	102	106	16	831.896
-0.523599	1.367556	0.358405	6	92	97	831.670
1.047198	0.929350	-2.910676	27	100	105	831.518
0.523599	1.214854	-1.966664	23	13	110	831.462
1.047198	2.724429	-0.348782	1	88	95	831.259
2.356194	2.356369	3.005869	107	92	99	831.210
-0.785398	2.115563	0.685730	30	0	9	831.020
-2.356194	1.184361	0.625864	97	86	101	830.456
-3.141593	0.685216	-1.712745	100	95	100	830.306
-0.261799	0.418037	1.360082	14	15	95	830.221
2.094395	1.247695	1.809890	91	91	1	829.538
-1.570796	0.992645	-1.723759	100	89	110	829.141
2.617994	1.301460	-0.509251	103	99	87	829.078
-1.047198	2.724429	-0.348782	106	91	109	829.010
-2.879793	1.247695	1.809890	97	94	100	829.008
-2.879793	2.108018	1.311430	110	91	110	828.996
2.617994	1.812176	0.656819	24	7	18	828.635
0.261799	0.640596	-2.797608	7	91	105	828.303
2.879793	1.982574	-1.115518	110	86	98	828.299
0.523599	2.979456	-1.009304	25	9	11	827.989
1.047198	2.247462	0.191623	105	98	14	827.755
-0.523599	1.506530	1.988858	85	5	103	827.510
-0.785398	1.194549	-0.801900	105	95	105	827.473
2.094395	0.700570	1.559208	104	90	111	827.318
2.356194	1.214854	-1.966664	105	90	97	827.230
-0.523599	1.683268	0.374177	101	5	22	826.388
-2.879793	1.218453	2.777284	5	90	111	826.374
-0.785398	0.929350	-2.910676	18	18	3	826.277
-2.879793	0.914445	2.687814	108	92	100	826.169
2.356194	1.413347	-1.339188	106	93	91	826.090
-2.356194	0.591903	2.010408	2	93	95	825.720
-2.094395	2.164094	-2.991358	5	2	89	825.683
-2.617994	1.128190	-2.288622	108	91	107	825.558
-2.617994	0.864993	2.278281	16	89	0	825.527
2.094395	1.413430	2.550734	1	99	89	825.212
1.308997	1.506530	1.988858	99	93	110	825.170
0.000000	2.719179	-1.780644	28	1	2	825.109
-1.570796	2.979456	-1.009304	108	93	99	824.968
-1.308997	2.863997	0.549740	110	101	91	824.641
2.617994	0.615174	-0.666022	110	107	85	824.579
-0.261799	2.637879	2.121598	107	94	101	824.285
-2.617994	1.555207	1.708892	24	13	110	824.235
-2.356194	2.001437	0.381215	28	103	13	823.833
-1.570796	2.115563	0.685730	21	11	9	823.821
2.879793	0.850607	-1.335383	20	96	100	823.250
2.356194	1.617114	-1.572037	107	89	95	822.860
2.617994	1.836682	-0.676006	0	6	25	822.749
-1.570796	0.496451	0.593859	24	9	14	822.652
-0.785398	1.766067	2.153843	27	111	17	822.600
-2.356194	2.041297	-2.664597	99	95	90	822.322
1.570796	1.506530	1.988858	16	92	95	822.285
-2.356194	1.195355	1.200319	24	13	9	822.277
-1.832596	1.256302	0.062705	106	102	13	821.527
0.261799	2.664082	-1.071402	5	103	87	821.522
1.308997	0.619654	-2.216909	24	17	8	821.280
-1.047198	1.545873	-1.877082	21	7	13	821.222
0.785398	1.766067	2.153843	104	91	95	820.987
1.308997	2.299159	2.264663	4	93	99	820.880
1.570796	1.574060	2.783565	104	100	89	820.675
1.570796	2.724429	-0.348782	32	110	10	820.630
2.356194	0.685216	-1.712745	105	95	93	820.613
-1.570796	0.960688	-0.577532	2	4	86	820.501
0.785398	2.247462	0.191623	102	99	15	820.448
0.261799	1.545873	-1.877082	28	8	5	820.048
-1.308997	1.135813	-2.658866	101	87	96	819.988
-1.832596	1.683268	0.374177	22	14	12	819.914
-2.879793	0.370812	-2.547742	3	98	92	819.650
2.617994	2.760637	2.781135	92	95	91	819.500
-0.785398	1.050534	3.042579	20	16	5	819.307
-0.261799	0.370812	-2.547742	14	90	107	819.086
-0.785398	2.153910	-1.714959	20	89	109	819.008
-0.523599	0.992645	-1.723759	24	96	104	818.971
-3.141593	1.488617	1.159546	92	94	103	818.242
-2.094395	2.180315	-1.357379	105	91	103	817.940
0.261799	1.135834	-1.431087	100	92	107	817.932
-2.879793	1.872854	1.543456	109	91	106	817.747
-2.094395	2.579248	-2.364801	1	87	105	817.352
2.617994	0.619654	-2.216909	109	93	94	817.267
-3.141593	1.301460	-0.509251	1	3	27	817.179
2.356194	1.836682	-0.676006	1	4	24	816.944
2.617994	0.379747	-1.713059	109	98	91	816.941
0.523599	2.180315	-1.357379	33	109	10	816.892
1.570796	1.440580	2.260026	109	100	84	816.354
1.308997	1.617114	-1.572037	14	11	100	816.197
-0.785398	1.448123	-2.163292	7	90	99	816.139
-3.141593	2.704512	1.488683	27	6	109	815.394
-1.047198	1.736875	3.023612	27	110	14	814.558
-1.832596	1.545873	-1.877082	97	90	103	814.500
-0.785398	1.872854	1.543456	28	1	8	814.465
2.879793	1.510910	-0.740472	109	1	25	814.391
2.094395	0.591903	2.010408	31	103	103	814.069
-1.308997	2.041297	-2.664597	3	99	87	813.957
-2.356194	0.297065	2.160177	1	95	92	813.380
-0.261799	1.256302	0.062705	14	5	89	813.183
-2.617994	0.618092	2.539118	1	93	96	813.180
1.047198	1.168678	2.108595	111	90	93	812.911
-1.308997	1.325504	-1.671296	1	95	94	812.420
-2.617994	1.374601	-2.456031	104	91	107	811.672
0.523599	0.899350	-2.069907	21	15	109	811.649
-2.617994	1.113094	-0.272241	106	86	96	810.768
1.832596	1.214854	-1.966664	11	16	103	810.754
0.523599	1.756530	-2.105156	26	13	0	810.351
0.785398	1.134497	-1.109631	23	10	5	810.111
-1.308997	1.247695	1.809890	0	8	87	809.993
-1.308997	0.910508	1.903534	110	3	86	809.904
-2.879793	1.025536	1.576859	98	95	96	809.808
-2.617994	1.413347	-1.339188	103	92	90	809.707
0.261799	1.812176	0.656819	103	111	19	809.185
2.617994	2.164094	-2.991358	108	87	102	808.936
-0.261799	2.579248	-2.364801	27	5	109	808.744
-3.141593	1.247695	1.809890	94	96	99	808.068
-2.879793	2.138223	1.678323	108	92	110	807.892
2.879793	0.762244	-0.273349	1	109	26	807.629
-1.570796	0.571433	-1.188419	1	93	90	807.453
-2.617994	0.866395	-2.492918	92	96	96	807.393
2.356194	0.992645	-1.723759	104	93	95	806.148
-1.570796	2.356369	3.005869	12	2	90	805.945
2.617994	1.367556	0.358405	10	90	109	805.873
2.356194	2.379497	0.561089	103	95	4	805.847
1.308997	1.045978	0.343692	0	102	24	805.749
-1.570796	1.696674	-1.253233	0	90	110	805.707
2.617994	1.998705	2.370472	6	93	97	805.295
1.308997	1.545873	-1.877082	96	89	99	805.265
-1.832596	2.719179	-1.780644	100	88	106	804.992
0.261799	2.579248	-2.364801	88	100	98	804.913
-2.094395	0.992645	-1.723759	100	89	108	804.814
1.832596	0.379747	-1.713059	6	96	89	804.802
-2.094395	2.073035	2.027405	24	9	106	804.773
2.879793	0.618092	2.539118	16	22	107	804.688
1.570796	2.174483	2.653697	98	96	97	804.673
-3.141593	2.180315	-1.357379	109	7	90	804.463
0.785398	1.998705	2.370472	102	96	91	804.023
-1.832596	1.658653	-2.409879	100	94	92	803.984
2.879793	1.367556	0.358405	97	99	91	803.776
-2.879793	1.335669	0.897240	93	92	100	803.677
-0.523599	0.080730	-2.622036	10	88	108	803.658
-0.261799	0.080730	-2.622036	100	93	99	803.641
-1.832596	1.846342	-1.796954	109	95	94	803.602
1.047198	0.733948	3.021411	14	93	106	803.588
1.832596	2.478122	2.609777	98	93	101	803.136
0.523599	1.696674	-1.253233	30	0	13	803.049
1.570796	0.709924	0.218797	111	105	26	802.833
2.879793	2.478122	2.609777	4	90	99	802.666
-1.047198	0.929350	-2.910676	21	16	3	802.595
-2.094395	0.418037	1.360082	24	9	9	802.470
-0.785398	1.504028	0.636812	103	11	21	802.318
-0.261799	1.545873	-1.877082	2	8	83	801.711
0.261799	2.115563	0.685730	103	108	18	801.275
-0.785398	0.640596	-2.797608	105	93	92	801.175
1.047198	2.393226	1.857173	96	94	95	801.114
0.000000	2.760637	2.781135	99	93	101	801.092
2.879793	0.906588	1.252948	1	102	90	800.620
2.617994	1.869911	2.701025	108	100	87	800.548
-1.047198	1.247695	1.809890	1	8	89	800.408
-3.141593	1.256302	0.062705	99	100	87	800.204
-1.047198	2.115563	0.685730	109	95	93	799.847
-2.879793	1.998705	2.370472	18	11	102	799.457
0.523599	1.218453	2.777284	103	96	90	799.448
-0.261799	2.760637	2.781135	93	97	100	799.439
2.879793	1.869911	2.701025	109	100	87	799.330
1.047198	1.872854	1.543456	98	90	101	798.978
2.879793	0.370812	-2.547742	4	97	91	798.436
2.094395	2.984978	1.954446	106	87	101	798.053
-2.094395	2.063651	-2.044600	85	97	95	797.995
-2.879793	0.864993	2.278281	22	12	2	797.951
-3.141593	2.251330	-2.330739	2	85	107	797.938
0.000000	2.251330	-2.330739	26	8	108	797.638
0.523599	2.881233	-2.582574	94	95	98	797.308
-1.047198	1.683268	0.374177	102	8	22	797.013
-1.308997	2.104282	-0.813972	4	92	110	796.947
-2.356194	1.756530	-2.105156	95	96	95	796.273
-1.047198	0.619654	-2.216909	105	93	96	796.073
-1.308997	1.135834	-1.431087	6	90	109	796.026
-2.356194	2.063651	-2.044600	107	97	92	795.922
-2.617994	0.709924	0.218797	1	8	24	795.259
2.356194	1.869911	2.701025	2	97	94	794.911
-2.094395	1.741644	-2.695914	101	99	87	794.900
0.785398	1.555207	1.708892	98	90	103	794.835
0.000000	1.367556	0.358405	18	8	93	794.783
1.832596	1.134796	2.434290	106	89	102	794.775
-2.094395	1.658653	-2.409879	99	93	94	794.581
2.617994	1.662363	0.915448	25	5	17	794.545
0.000000	2.187132	-0.479875	107	108	88	794.470
-2.879793	1.301460	-0.509251	0	1	26	794.310
-1.832596	2.033014	2.977192	2	109	83	793.883
1.570796	2.704512	1.488683	110	87	98	793.869
-0.261799	0.850607	-1.335383	93	98	109	793.795
-3.141593	2.153910	-1.714959	102	86	104	793.793
2.094395	1.683268	0.374177	106	91	4	793.600
-2.879793	1.836682	-0.676006	108	8	24	793.578
2.356194	0.419640	2.974122	19	22	0	793.531
0.261799	1.301460	-0.509251	19	11	88	793.032
-1.047198	1.846342	-1.796954	20	7	17	793.027
0.785398	1.128190	-2.288622	17	12	99	793.025
1.308997	0.618092	2.539118	111	92	100	792.870
-2.617994	1.599406	1.426070	27	9	5	792.831
-0.523599	1.194549	-0.801900	95	98	100	792.666
0.000000	2.063651	-2.044600	93	101	98	792.662
0.523599	1.194549	-0.801900	14	10	84	792.146
-2.879793	1.766067	2.153843	20	14	104	791.571
2.879793	2.108018	1.311430	102	3	27	791.128
-1.832596	1.113094	-0.272241	110	103	16	790.943
-3.141593	0.961715	0.014085	105	103	86	790.918
2.617994	0.992645	-1.723759	10	95	91	790.864
-1.570796	1.135813	-2.658866	24	15	6	790.468
-2.617994	1.256302	0.062705	107	111	19	790.265
-1.047198	1.374601	-2.456031	20	15	9	790.070
2.879793	1.335669	0.897240	109	96	95	789.325
0.785398	0.866395	-2.492918	17	11	98	789.263
-2.617994	0.700570	1.559208	25	13	6	789.246
0.261799	0.992645	-1.723759	98	94	110	789.023
2.356194	0.418037	1.360082	25	95	107	788.710
0.785398	1.218453	2.777284	0	96	89	788.559
0.523599	1.301460	-0.509251	18	99	96	788.502
0.523599	1.050534	3.042579	100	105	86	788.397
-1.308997	2.180315	-1.357379	111	87	110	788.312
-2.356194	2.104282	-0.813972	103	3	21	788.123
1.047198	0.910508	1.903534	111	87	98	788.094
2.356194	0.080730	-2.622036	3	93	91	787.756
-1.832596	0.850607	-1.335383	110	97	86	787.682
-2.617994	1.506530	1.988858	18	15	101	787.657
-2.356194	0.864993	2.278281	21	90	0	787.551
1.047198	1.599406	1.426070	101	88	106	787.115
0.523599	2.343981	-1.040456	27	4	6	786.957
0.785398	2.637879	2.121598	94	100	91	786.912
-2.617994	0.640596	-2.797608	20	92	110	786.655
-2.356194	0.961715	0.014085	110	2	21	786.528
1.832596	2.396274	-1.959260	111	107	91	786.398
-2.094395	0.709924	0.218797	110	111	86	786.012
2.879793	2.187132	-0.479875	101	89	106	785.971
2.617994	2.588535	-2.976617	107	90	102	785.779
2.094395	2.299159	2.264663	0	94	92	785.463
2.879793	2.295480	1.008277	104	93	0	785.252
-2.879793	2.104282	-0.813972	105	7	89	785.217
-2.879793	2.704512	1.488683	29	5	111	785.111
0.523599	1.135813	-2.658866	10	94	101	785.028
-1.308997	0.850607	-1.335383	16	14	106	784.994
-3.141593	0.960688	-0.577532	111	109	25	784.851
-0.785398	0.379747	-1.713059	16	91	105	784.753
-2.094395	1.214854	-1.966664	97	90	105	784.677
2.356194	1.736875	3.023612	1	100	90	784.475
2.356194	1.448123	-2.163292	110	87	103	784.295
-1.570796	2.456751	-1.503343	1	89	105	784.222
-1.047198	2.455966	-0.641220	111	90	108	784.219
-3.141593	1.977582	0.969896	110	92	106	784.086
-1.570796	2.478122	2.609777	21	12	104	783.945
0.261799	2.001437	0.381215	101	107	19	783.868
-0.261799	1.214854	-1.966664	8	97	97	783.828
2.356194	1.335669	0.897240	1	94	94	783.695
-2.617994	2.247462	0.191623	109	86	105	783.660
-0.261799	0.379747	-1.713059	17	96	96	783.600
2.356194	1.683268	0.374177	22	4	22	782.840
2.879793	1.218453	2.777284	104	89	2	782.778
2.617994	1.732874	-0.951685	106	90	99	782.586
1.308997	0.419640	2.974122	100	98	86	782.509
-0.261799	2.153910	-1.714959	19	20	110	782.480
0.523599	2.153910	-1.714959	27	10	4	782.278
-0.261799	1.367556	0.358405	16	7	93	782.177
-1.308997	1.194549	-0.801900	16	14	104	781.906
-0.785398	1.721184	-0.153948	111	92	106	781.793
-1.047198	1.025536	1.576859	110	6	88	781.765
-0.785398	2.379497	0.561089	9	98	92	781.513
-0.785398	0.864993	2.278281	28	12	8	781.439
2.094395	2.379497	0.561089	29	0	9	781.350
2.879793	1.736875	3.023612	106	104	86	781.133
-2.879793	1.662363	0.915448	107	90	102	780.761
-2.617994	1.504028	0.636812	94	90	101	780.629
-2.094395	1.014500	0.906702	2	87	100	780.447
-2.356194	1.812176	0.656819	103	84	2	780.439
0.523599	1.948085	-2.363031	8	6	88	780.387
2.356194	2.073035	2.027405	21	96	95	780.259
-1.047198	2.187132	-0.479875	107	91	0	780.255
1.047198	0.297065	2.160177	17	89	104	780.044
-0.523599	2.587733	0.232235	111	92	103	779.859
-3.141593	1.450119	-2.739050	110	92	1	779.615
-2.094395	1.325504	-1.671296	98	90	109	779.538
2.879793	0.929350	-2.910676	98	14	88	779.536
2.356194	1.113094	-0.272241	0	105	24	779.371
2.356194	0.733948	3.021411	7	16	92	779.343
-1.832596	1.617114	-1.572037	96	90	1	779.258
-2.094395	0.685216	-1.712745	98	93	99	778.698
1.570796	1.025536	1.576859	105	89	101	778.663
-2.356194	0.640596	-2.797608	96	97	94	778.628
0.523599	2.404280	-0.174044	104	101	16	778.510
1.047198	1.391910	3.030322	6	101	88	778.287
1.570796	0.914445	2.687814	28	100	104	777.732
1.832596	0.674054	1.013609	107	90	97	777.427
2.879793	1.732874	-0.951685	8	89	101	777.419
-2.617994	0.370812	-2.547742	103	99	91	777.005
-0.261799	2.349581	-2.702517	107	13	91	776.758
-1.047198	2.456751	-1.503343	15	88	109	776.680
-1.308997	0.864993	2.278281	94	94	91	776.608
0.785398	0.370812	-2.547742	109	16	93	776.555
1.047198	0.591903	2.010408	2	87	103	776.531
-2.617994	1.809167	1.213774	26	11	9	776.445
2.879793	1.310100	1.488307	1	19	13	776.320
-1.047198	0.992645	-1.723759	0	95	95	776.177
1.047198	1.218453	2.777284	6	97	90	776.153
0.000000	0.866395	-2.492918	16	91	105	776.094
-2.617994	2.396274	-1.959260	97	99	92	775.663
2.617994	0.899350	-2.069907	11	95	89	775.616
1.308997	0.640596	-2.797608	14	11	96	775.506
0.000000	0.866955	-0.931351	22	6	23	775.478
-2.617994	1.766067	2.153843	17	12	97	775.287
2.617994	1.982574	-1.115518	106	88	99	775.242
-1.832596	1.504028	0.636812	22	15	8	775.078
1.570796	0.850607	-1.335383	25	3	16	775.062
-2.879793	0.297065	2.160177	109	88	97	774.748
2.356194	0.674054	1.013609	20	91	106	774.135
-1.308997	1.948085	-2.363031	0	95	90	774.129
1.832596	1.545873	-1.877082	10	12	97	774.123
2.879793	1.195355	1.200319	1	99	92	773.986
-2.356194	1.113094	-0.272241	0	106	19	773.869
1.570796	0.379747	-1.713059	0	93	90	773.601
-1.570796	2.396274	-1.959260	10	88	105	773.045
-1.308997	1.869911	2.701025	9	3	87	772.919
-1.832596	0.733948	3.021411	105	88	103	772.684
2.356194	2.299159	2.264663	0	93	91	772.577
2.094395	1.310100	1.488307	11	90	101	772.514
-2.879793	1.367556	0.358405	90	94	95	772.430
-1.308997	1.574060	2.783565	103	14	91	772.307
1.832596	1.218453	2.777284	107	90	97	772.200
-1.832596	2.153910	-1.714959	3	90	102	772.197
-2.879793	1.504028	0.636812	94	92	98	772.143
-1.308997	1.374601	-2.456031	107	88	96	772.033
-1.047198	1.824694	1.850876	15	15	101	771.949
1.308997	2.881233	-2.582574	15	86	0	771.701
-1.832596	1.555207	1.708892	109	91	100	771.573
2.617994	2.104282	-0.813972	99	90	104	771.479
1.308997	1.766067	2.153843	107	98	83	771.474
-2.617994	0.203748	0.590255	13	89	100	771.026
0.261799	2.104282	-0.813972	105	105	89	771.019
2.617994	0.831641	0.616218	108	100	91	770.850
-2.356194	1.374601	-2.456031	8	106	86	770.778
0.523599	1.766067	2.153843	95	96	107	770.404
-2.356194	1.134796	2.434290	0	11	87	770.307
0.523599	1.617114	-1.572037	28	7	10	770.305
2.356194	1.050534	3.042579	6	14	89	770.297
2.879793	1.417623	-0.202254	99	97	91	770.148
-1.570796	2.343981	-1.040456	108	91	105	769.592
0.785398	1.413430	2.550734	103	96	89	769.540
-1.570796	0.379747	-1.713059	101	93	99	769.337
-1.570796	1.977582	0.969896	22	12	5	769.124
-0.523599	1.554776	0.100351	4	94	93	769.054
-1.047198	1.836682	-0.676006	104	91	3	768.598
-2.094395	0.831641	0.616218	105	87	95	768.431
-0.785398	2.180315	-1.357379	16	88	111	768.395
1.570796	2.108018	1.311430	17	17	1	768.346
-2.879793	1.606104	-0.451151	2	6	27	768.187
1.570796	2.033014	2.977192	0	104	86	767.985
0.785398	1.824694	1.850876	98	91	101	767.981
-3.141593	0.866395	-2.492918	102	94	100	767.743
-2.094395	2.637879	2.121598	7	90	100	767.728
0.523599	1.413347	-1.339188	29	1	20	767.684
2.356194	1.574060	2.783565	111	85	104	767.672
2.879793	0.733948	3.021411	19	14	110	767.613
-1.047198	1.214854	-1.966664	103	89	102	767.403
-2.879793	2.299159	2.264663	19	8	101	767.396
-2.617994	2.588535	-2.976617	3	87	103	767.346
1.832596	0.906588	1.252948	110	88	104	767.273
-1.308997	1.875281	0.107086	25	7	3	767.026
-1.308997	2.478122	2.609777	20	13	104	766.977
2.879793	0.619654	-2.216909	107	93	98	766.791
2.879793	2.407836	1.410646	104	93	0	766.579
0.523599	1.982574	-1.115518	103	102	89	766.338
2.356194	1.846342	-1.796954	92	22	0	766.217
2.356194	1.732874	-0.951685	95	96	89	766.072
-1.832596	1.374601	-2.456031	103	93	92	765.947
0.000000	1.504028	0.636812	102	0	20	765.859
-2.356194	1.413347	-1.339188	104	93	91	765.854
-1.047198	0.571433	-1.188419	16	94	94	765.500
1.047198	2.478122	2.609777	110	101	87	765.311
2.094395	1.448123	-2.163292	104	87	105	765.227
-1.047198	1.135813	-2.658866	20	16	7	765.195
-1.047198	0.290380	-0.796960	21	93	101	764.998
1.832596	0.864993	2.278281	95	89	101	764.990
-1.047198	0.370812	-2.547742	104	92	95	764.796
2.879793	1.909857	-0.381669	103	90	102	764.774
1.832596	1.391910	3.030322	109	105	87	764.744
-1.308997	0.418037	1.360082	0	24	5	764.602
2.094395	1.977582	0.969896	103	91	109	764.536
0.261799	2.456751	-1.503343	28	4	6	764.382
-0.785398	0.370812	-2.547742	104	93	96	764.275
1.570796	2.164094	-2.991358	111	109	23	764.216
-2.356194	1.696674	-1.253233	106	90	96	764.107
2.094395	1.766067	2.153843	4	97	88	763.831
0.000000	2.164094	-2.991358	2	12	88	763.703
0.261799	1.662363	0.915448	101	105	14	763.594
-2.617994	1.413430	2.550734	20	11	108	763.511
-1.047198	1.812176	0.656819	108	93	93	763.376
-1.308997	1.413430	2.550734	101	16	93	763.258
-2.094395	1.870545	-2.976234	6	3	90	763.151
-0.523599	2.724429	-0.348782	101	98	14	763.074
1.047198	1.440580	2.260026	105	95	88	763.003
2.356194	1.545873	-1.877082	108	88	100	762.768
-2.879793	1.699788	2.452890	1	6	83	762.738
-0.785398	1.214854	-1.966664	6	89	104	762.721
-0.523599	2.115563	0.685730	30	3	10	762.566
1.047198	2.455966	-0.641220	101	108	85	762.555
2.617994	1.977582	0.969896	96	4	25	762.052
1.570796	1.869911	2.701025	110	104	83	761.821
-2.617994	2.174483	2.653697	17	9	101	761.713
0.000000	1.510910	-0.740472	26	110	16	761.528
-1.570796	1.545873	-1.877082	97	90	103	761.481
-2.879793	0.203748	0.590255	29	99	110	761.461
-2.617994	2.251330	-2.330739	108	97	91	761.135
0.261799	1.488617	1.159546	105	100	14	761.090
2.094395	1.413347	-1.339188	101	97	85	760.988
0.785398	2.073035	2.027405	8	6	85	760.913
2.094395	1.135813	-2.658866	7	15	94	760.842
2.356194	2.863997	0.549740	12	87	105	760.691
-2.617994	2.108018	1.311430	27	9	7	760.688
0.261799	1.846342	-1.796954	28	8	9	760.645
2.356194	2.637879	2.121598	111	88	96	760.620
2.617994	2.115563	0.685730	95	95	110	760.603
-1.047198	1.184361	0.625864	11	88	99	760.377
2.356194	1.440580	2.260026	7	97	91	760.128
0.523599	1.135834	-1.431087	29	3	19	760.094
-0.523599	2.407836	1.410646	108	94	102	759.969
-0.523599	1.301460	-0.509251	9	93	3	759.912
-3.141593	2.187132	-0.479875	109	9	22	759.898
2.617994	0.419640	2.974122	15	23	111	759.223
2.094395	1.391910	3.030322	111	104	87	759.167
-1.570796	2.104282	-0.813972	31	0	5	758.955
-0.523599	1.128190	-2.288622	9	89	101	758.905
-2.879793	1.417623	-0.202254	102	85	101	758.857
0.523599	0.591903	2.010408	111	96	14	758.537
0.785398	2.478122	2.609777	104	101	88	758.504
0.785398	2.299159	2.264663	98	98	91	758.446
-0.523599	0.591903	2.010408	22	21	3	758.303
-0.785398	1.218453	2.777284	21	15	10	758.287
2.356194	0.899350	-2.069907	107	92	94	758.101
1.570796	0.961715	0.014085	2	107	28	757.964
-2.094395	0.379747	-1.713059	102	89	102	757.887
-1.308997	0.640596	-2.797608	22	16	111	757.839
0.261799	2.719179	-1.780644	29	5	5	757.770
-0.261799	2.001437	0.381215	108	5	23	757.690
1.308997	1.846342	-1.796954	95	89	98	757.558
2.617994	0.709924	0.218797	104	107	86	757.432
0.785398	0.379747	-1.713059	24	13	14	756.975
-0.785398	1.982574	-1.115518	12	90	110	756.934
-1.047198	1.504028	0.636812	108	8	22	756.930
1.308997	0.290380	-0.796960	108	91	101	756.828
2.094395	0.370812	-2.547742	3	88	93	756.817
1.570796	1.736875	3.023612	91	97	95	756.558
-1.832596	1.948085	-2.363031	102	90	95	756.469
2.617994	1.554776	0.100351	8	91	111	756.446
0.000000	1.391910	3.030322	95	100	3	756.420
-2.094395	0.458961	-0.107937	12	88	99	756.356
-3.141593	2.089241	-0.114193	104	88	105	756.289
0.261799	1.310100	1.488307	17	10	98	756.257
1.047198	2.033014	2.977192	22	96	103	756.202
2.617994	1.310100	1.488307	108	99	90	756.196
0.785398	2.455966	-0.641220	27	2	10	755.983
1.832596	0.929350	-2.910676	8	15	92	755.887
2.879793	1.569311	-3.003978	107	91	3	755.860
-2.356194	2.456751	-1.503343	89	99	4	755.573
1.832596	1.736875	3.023612	103	102	88	755.548
-2.356194	1.732874	-0.951685	102	3	24	755.545
-0.523599	1.045978	0.343692	11	0	88	755.401
-2.094395	1.617114	-1.572037	110	94	92	755.170
2.617994	1.134497	-1.109631	109	102	83	754.946
1.832596	0.709924	0.218797	1	103	25	754.832
-2.094395	2.001437	0.381215	28	106	13	754.685
1.047198	1.242974	-2.977882	26	100	102	754.329
-2.617994	1.756530	-2.105156	6	94	91	754.263
-1.832596	2.979456	-1.009304	111	90	8	754.209
1.570796	0.929350	-2.910676	12	14	93	754.183
0.785398	2.295480	1.008277	100	17	95	753.973
1.832596	0.640596	-2.797608	23	20	2	753.961
1.047198	0.899350	-2.069907	16	15	102	753.727
-2.356194	2.073035	2.027405	17	14	98	753.694
-2.094395	1.417623	-0.202254	107	6	23	753.655
1.570796	0.418037	1.360082	111	89	96	753.561
2.094395	1.699788	2.452890	101	100	87	753.043
0.000000	2.041297	-2.664597	105	10	88	753.033
-1.308997	0.290380	-0.796960	17	93	98	752.983
0.523599	2.760637	2.781135	92	20	107	752.713
-2.879793	1.014500	0.906702	93	93	96	752.205
2.617994	2.187132	-0.479875	97	91	106	752.202
-0.785398	2.704512	1.488683	110	91	101	752.107
-1.308997	1.696674	-1.253233	110	89	2	752.054
-1.570796	1.168678	2.108595	111	4	85	752.032
2.094395	1.506530	1.988858	12	92	100	752.002
1.047198	2.001437	0.381215	104	97	14	751.907
-2.094395	1.448123	-2.163292	93	92	99	751.789
-3.141593	1.998705	2.370472	20	9	103	751.710
-2.617994	1.658653	-2.409879	9	101	87	751.618
0.261799	1.756530	-2.105156	94	96	103	751.616
2.617994	1.846342	-1.796954	89	20	0	751.426
-2.094395	1.128190	-2.288622	5	111	82	751.361
-0.785398	1.699788	2.452890	25	2	17	751.336
1.832596	0.685216	-1.712745	1	95	88	751.227
0.785398	1.506530	1.988858	98	94	110	751.161
-2.879793	2.164094	-2.991358	100	99	87	750.688
2.094395	1.440580	2.260026	4	98	90	750.504
1.308997	2.704512	1.488683	102	88	102	750.375
0.261799	2.379497	0.561089	101	99	11	750.372
-2.356194	1.555207	1.708892	21	15	106	750.271
1.832596	2.164094	-2.991358	0	110	23	750.255
0.785398	1.504028	0.636812	108	26	103	750.119
-1.832596	2.073035	2.027405	100	96	88	750.108
2.356194	2.104282	-0.813972	97	91	106	750.052
-2.356194	0.674054	1.013609	103	92	92	749.956
-1.047198	1.168678	2.108595	1	1	86	749.914
0.785398	2.396274	-1.959260	96	94	97	749.844
-1.570796	2.063651	-2.044600	10	88	106	749.799
-1.308997	0.929350	-2.910676	22	18	4	749.435
-2.879793	1.391910	3.030322	7	91	1	749.422
2.356194	2.349581	-2.702517	94	103	91	749.395
0.000000	2.456751	-1.503343	23	14	4	749.389
-0.785398	2.407836	1.410646	110	91	102	749.302
1.832596	1.242974	-2.977882	110	109	86	749.292
-1.832596	2.404280	-0.174044	111	94	14	749.251
-2.879793	1.506530	1.988858	105	90	1	749.140
-0.523599	2.664082	-1.071402	20	91	106	748.900
2.094395	1.135834	-1.431087	100	96	89	748.737
-2.879793	1.809167	1.213774	109	90	106	748.652
-1.308997	0.960688	-0.577532	1	5	85	748.646
1.308997	1.247695	1.809890	105	90	97	748.587
-1.832596	2.063651	-2.044600	107	88	103	748.422
-0.785398	0.615174	-0.666022	88	101	111	748.142
-0.785398	1.256302	0.062705	9	111	86	748.129
-1.308997	2.174483	2.653697	17	11	100	747.919
1.047198	1.732874	-0.951685	26	6	8	747.835
0.261799	1.050534	3.042579	104	96	91	747.781
-1.047198	1.909857	-0.381669	27	8	109	747.780
2.879793	1.606104	-0.451151	93	100	86	747.672
-0.523599	1.214854	-1.966664	10	90	104	747.409
2.094395	1.433411	-1.035986	101	92	101	747.356
-2.617994	1.909857	-0.381669	108	7	23	747.281
0.785398	2.664082	-1.071402	109	4	21	747.232
2.356194	1.982574	-1.115518	110	6	23	747.141
2.879793	1.025536	1.576859	90	99	97	746.900
1.308997	0.831641	0.616218	29	6	1	746.855
-3.141593	1.836682	-0.676006	111	9	25	746.829
-2.617994	1.662363	0.915448	10	90	104	746.703
-2.356194	0.418037	1.360082	110	86	98	746.693
2.617994	1.617114	-1.572037	5	89	94	746.466
2.356194	1.904882	-1.478089	88	13	0	746.438
2.879793	2.881233	-2.582574	90	102	90	746.435
2.094395	1.134796	2.434290	19	97	99	746.430
-2.094395	1.450119	-2.739050	104	96	89	746.402
-0.261799	2.984978	1.954446	14	6	22	746.359
2.094395	1.736875	3.023612	103	103	87	746.266
2.094395	1.025536	1.576859	22	95	98	746.218
-3.141593	1.662363	0.915448	110	93	100	745.999
-1.832596	1.391910	3.030322	109	9	87	745.841
0.785398	0.297065	2.160177	104	91	96	745.819
-2.356194	2.115563	0.685730	29	105	13	745.733
-2.356194	0.866395	-2.492918	95	95	95	745.598
1.308997	1.184361	0.625864	27	94	104	745.571
-0.523599	2.104282	-0.813972	99	110	88	745.107
-1.047198	1.218453	2.777284	24	15	10	745.074
-2.356194	0.370812	-2.547742	93	93	98	744.628
-3.141593	1.433411	-1.035986	106	3	27	744.612
-2.094395	2.174483	2.653697	2	89	95	744.368
-1.308997	2.379497	0.561089	107	99	88	744.023
1.308997	2.247462	0.191623	108	100	15	744.014
2.617994	2.343981	-1.040456	108	87	95	743.940
-0.785398	0.591903	2.010408	82	2	107	743.756
2.094395	2.115563	0.685730	103	92	2	743.747
-1.047198	2.881233	-2.582574	23	14	5	743.530
-2.617994	0.458961	-0.107937	33	2	11	743.157
-1.832596	0.419640	2.974122	106	102	89	743.074
1.047198	0.619654	-2.216909	19	20	111	742.992
-2.094395	1.168678	2.108595	2	12	88	742.970
1.308997	2.984978	1.954446	104	92	109	742.862
-3.141593	1.417623	-0.202254	100	99	87	742.817
1.832596	1.440580	2.260026	95	90	108	742.757
2.094395	0.992645	-1.723759	110	94	89	742.715
-1.308997	0.203748	0.590255	23	12	5	742.623
-2.094395	0.864993	2.278281	26	94	111	742.557
-0.785398	0.458961	-0.107937	23	12	10	742.347
1.047198	2.104282	-0.813972	26	6	5	742.344
-2.879793	1.846342	-1.796954	110	13	95	742.232
1.047198	2.407836	1.410646	97	90	100	741.728
2.617994	1.025536	1.576859	2	19	16	741.574
2.879793	2.164094	-2.991358	94	102	88	741.507
1.570796	2.587733	0.232235	2	95	88	741.439
2.094395	0.709924	0.218797	28	8	107	741.244
-1.047198	1.756530	-2.105156	110	93	93	741.140
1.570796	2.299159	2.264663	99	96	90	740.973
-1.832596	0.203748	0.590255	89	106	12	740.856
-1.047198	0.914445	2.687814	28	11	7	740.839
2.879793	2.343981	-1.040456	0	1	88	740.694
0.785398	1.214854	-1.966664	22	16	111	740.643
0.000000	1.417623	-0.202254	24	11	93	740.498
-1.570796	1.574060	2.783565	105	15	91	740.396
-1.570796	1.741644	-2.695914	106	99	86	740.232
-1.570796	0.615174	-0.666022	17	92	96	740.123
-0.261799	0.615174	-0.666022	22	14	10	740.046
1.832596	1.872854	1.543456	17	89	97	740.018
-0.785398	1.301460	-0.509251	4	5	84	739.883
-3.141593	1.504028	0.636812	2	93	100	739.602
2.617994	1.325504	-1.671296	8	91	95	739.541
0.000000	1.696674	-1.253233	97	101	93	739.492
2.879793	1.050534	3.042579	103	89	109	739.315
2.617994	1.247695	1.809890	105	102	88	739.290
-0.261799	0.866955	-0.931351	1	92	5	739.286
1.570796	1.904882	-1.478089	98	90	94	739.108
2.356194	1.510910	-0.740472	92	101	87	739.063
-1.047198	1.134796	2.434290	2	88	99	739.031
-2.094395	0.910508	1.903534	20	90	110	739.027
-2.879793	0.910508	1.903534	97	97	94	738.797
1.570796	2.404280	-0.174044	31	110	13	738.740
-3.141593	0.866955	-0.931351	106	106	24	738.716
-1.308997	2.164094	-2.991358	9	111	89	738.710
-0.785398	1.846342	-1.796954	24	91	110	738.356
0.523599	1.662363	0.915448	102	96	9	738.354
1.832596	1.756530	-2.105156	10	10	93	738.133
-2.879793	0.685216	-1.712745	102	93	102	738.128
-1.570796	1.374601	-2.456031	110	95	91	737.999
-2.617994	0.960688	-0.577532	23	100	102	737.868
2.356194	0.850607	-1.335383	3	106	81	737.749
2.879793	1.301460	-0.509251	1	0	27	737.657
-1.308997	2.979456	-1.009304	14	92	106	737.599
2.094395	1.846342	-1.796954	101	87	101	737.541
2.356194	1.870545	-2.976234	100	89	97	737.540
-2.617994	1.846342	-1.796954	108	15	97	737.473
-3.141593	0.992645	-1.723759	100	93	105	737.180
1.570796	1.555207	1.708892	8	89	93	737.085
-2.094395	2.393226	1.857173	108	92	96	736.979
-1.047198	1.699788	2.452890	100	92	91	736.881
0.261799	1.242974	-2.977882	105	96	93	736.800
-2.617994	1.433411	-1.035986	98	91	93	736.762
-2.617994	0.674054	1.013609	96	96	91	736.487
2.094395	2.001437	0.381215	14	89	103	736.342
-0.261799	0.992645	-1.723759	2	90	0	736.241
-2.356194	0.762244	-0.273349	111	86	98	736.184
-2.094395	1.504028	0.636812	7	83	111	736.150
-3.141593	2.104282	-0.813972	107	7	22	736.099
1.570796	2.187132	-0.479875	108	111	86	736.007
-0.261799	2.664082	-1.071402	106	103	18	735.951
0.785398	1.846342	-1.796954	105	92	99	735.832
-2.094395	0.961715	0.014085	107	8	24	735.652
2.094395	1.168678	2.108595	19	95	101	735.631
-3.141593	0.619654	-2.216909	14	91	106	735.615
-1.308997	1.756530	-2.105156	105	90	95	735.581
0.785398	1.184361	0.625864	110	26	99	735.435
-3.141593	0.618092	2.539118	103	92	97	735.328
2.617994	1.909857	-0.381669	98	92	102	735.305
0.785398	0.929350	-2.910676	13	94	103	735.263
1.570796	2.393226	1.857173	103	90	95	734.997
-0.261799	2.041297	-2.664597	107	10	88	734.978
1.832596	1.113094	-0.272241	27	2	104	734.869
2.617994	1.736875	3.023612	104	104	86	734.729
1.308997	2.104282	-0.813972	108	105	87	734.619
0.000000	1.812176	0.656819	99	111	18	734.565
0.261799	1.214854	-1.966664	24	12	111	734.378
1.308997	1.135834	-1.431087	16	11	97	734.349
2.617994	1.184361	0.625864	14	91	107	734.080
0.000000	0.418037	1.360082	96	91	95	734.068
0.000000	1.413347	-1.339188	31	105	1	734.024
0.261799	1.683268	0.374177	100	108	20	733.966
2.094395	2.180315	-1.357379	111	10	22	733.958
2.356194	0.960688	-0.577532	105	101	87	733.889
0.523599	1.904882	-1.478089	32	0	12	733.719
-3.141593	2.664082	-1.071402	110	111	87	733.708
1.570796	2.349581	-2.702517	4	109	25	733.633
-1.047198	1.574060	2.783565	105	22	98	733.625
-0.785398	2.349581	-2.702517	11	110	89	733.567
-0.523599	2.704512	1.488683	110	95	98	733.566
-1.570796	1.134796	2.434290	95	96	88	733.517
1.308997	2.174483	2.653697	105	100	87	733.385
-0.523599	1.135813	-2.658866	1	95	90	733.234
1.570796	1.050534	3.042579	15	12	90	732.712
-0.261799	2.588535	-2.976617	98	25	5	732.687
0.000000	1.433411	-1.035986	95	98	94	732.490
-2.879793	2.041297	-2.664597	91	101	90	732.385
2.617994	2.041297	-2.664597	99	103	88	732.352
2.356194	1.184361	0.625864	103	95	96	732.204
-1.308997	1.617114	-1.572037	101	91	101	732.188
-2.356194	1.824694	1.850876	23	11	106	732.080
0.523599	0.992645	-1.723759	21	16	1	732.041
-1.047198	2.164094	-2.991358	9	111	88	732.038
0.000000	0.910508	1.903534	109	8	88	731.982
-2.094395	0.762244	-0.273349	14	87	100	731.974
-0.261799	1.554776	0.100351	12	93	101	731.927
-2.094395	2.187132	-0.479875	100	3	87	731.921
-0.523599	0.906588	1.252948	7	5	91	731.833
-2.094395	1.335669	0.897240	1	83	111	731.744
-3.141593	1.050534	3.042579	105	90	108	731.726
-1.047198	1.448123	-2.163292	105	90	96	731.704
-2.617994	1.488617	1.159546	110	89	103	731.693
-2.617994	1.869911	2.701025	15	12	101	731.626
0.523599	1.134497	-1.109631	24	10	6	731.391
2.879793	1.554776	0.100351	96	97	93	731.382
1.570796	0.640596	-2.797608	12	13	95	731.250
-1.570796	2.033014	2.977192	8	1	88	731.177
2.879793	0.709924	0.218797	103	93	4	731.070
0.000000	1.948085	-2.363031	25	7	106	731.057
-2.617994	1.214854	-1.966664	108	91	108	731.027
-1.308997	1.025536	1.576859	109	10	87	730.986
-2.356194	1.721184	-0.153948	111	85	97	730.978
0.523599	2.115563	0.685730	102	105	15	730.972
-0.785398	0.866955	-0.931351	93	99	109	730.869
-1.570796	1.413347	-1.339188	109	90	5	730.757
-3.141593	1.741644	-2.695914	0	101	87	730.723
2.879793	2.592629	0.909713	31	0	9	730.423
0.523599	2.247462	0.191623	102	103	18	730.396
1.832596	0.961715	0.014085	28	4	107	730.190
0.523599	1.488617	1.159546	103	95	7	730.064
0.261799	1.824694	1.850876	8	21	6	730.031
1.832596	1.135834	-1.431087	101	102	80	729.988
0.523599	1.836682	-0.676006	110	102	89	729.702
-2.879793	1.134497	-1.109631	23	99	100	729.419
-1.832596	2.343981	-1.040456	106	91	107	729.409
-0.261799	0.290380	-0.796960	20	19	16	729.402
-2.356194	1.448123	-2.163292	92	99	93	729.220
-1.832596	1.128190	-2.288622	6	2	82	729.214
-2.879793	0.906588	1.252948	94	93	97	729.125
2.879793	2.174483	2.653697	7	92	99	728.966
-0.261799	1.948085	-2.363031	110	9	87	728.915
-1.047198	1.301460	-0.509251	3	3	83	728.895
1.832596	1.256302	0.062705	2	108	26	728.874
-0.261799	2.187132	-0.479875	105	109	87	728.806
0.261799	2.153910	-1.714959	96	102	93	728.785
-1.308997	2.760637	2.781135	23	11	104	728.656
1.570796	1.809167	1.213774	97	107	18	728.650
0.000000	0.906588	1.252948	105	86	101	728.344
-0.523599	1.247695	1.809890	99	89	96	728.338
-2.617994	2.001437	0.381215	28	100	13	728.312
2.356194	0.203748	0.590255	18	87	109	728.207
-3.141593	2.592629	0.909713	30	3	10	728.067
-2.094395	1.998705	2.370472	12	9	92	727.980
0.261799	0.619654	-2.216909	24	97	105	727.869
-2.879793	2.174483	2.653697	17	8	102	727.753
-3.141593	0.297065	2.160177	19	22	2	727.582
0.785398	0.850607	-1.335383	19	16	0	727.558
2.094395	0.733948	3.021411	10	15	93	727.536
-3.141593	0.700570	1.559208	93	99	93	727.359
-2.094395	1.242974	-2.977882	109	89	101	727.281
-2.356194	2.349581	-2.702517	0	86	105	727.223
2.879793	1.721184	-0.153948	107	91	102	727.136
1.047198	1.045978	0.343692	15	87	105	727.064
-0.261799	0.571433	-1.188419	88	100	1	727.060
-2.356194	1.367556	0.358405	98	91	93	727.022
-1.832596	1.699788	2.452890	108	9	83	727.000
0.785398	1.135834	-1.431087	25	11	11	726.936
-1.308997	1.658653	-2.409879	105	95	89	726.711
0.000000	0.290380	-0.796960	21	11	20	726.696
-1.832596	2.174483	2.653697	11	5	91	726.456
-1.832596	0.864993	2.278281	108	91	103	726.447
2.617994	0.733948	3.021411	23	13	111	726.434
-2.356194	2.295480	1.008277	94	89	110	726.431
-1.832596	2.041297	-2.664597	105	90	91	726.306
-0.785398	1.909857	-0.381669	110	93	103	726.261
-1.570796	1.014500	0.906702	1	100	18	726.040
-3.141593	1.554776	0.100351	97	95	92	726.033
2.356194	2.295480	1.008277	103	92	1	726.000
-1.047198	0.418037	1.360082	109	23	4	725.984
-2.879793	1.870545	-2.976234	30	93	111	725.872
2.879793	2.115563	0.685730	99	93	109	725.718
1.308997	2.404280	-0.174044	20	4	22	725.705
-1.308997	1.699788	2.452890	28	107	111	725.600
1.047198	1.736875	3.023612	21	96	103	725.572
1.308997	2.041297	-2.664597	22	99	103	725.317
2.879793	1.247695	1.809890	106	102	88	725.244
0.261799	1.417623	-0.202254	19	100	97	724.973
1.570796	2.760637	2.781135	110	102	88	724.914
-0.261799	0.899350	-2.069907	97	99	86	724.795
2.094395	2.588535	-2.976617	96	101	91	724.786
-2.094395	1.413347	-1.339188	15	11	91	724.759
1.308997	1.214854	-1.966664	97	88	100	724.508
0.261799	2.984978	1.954446	4	100	95	724.484
-0.261799	2.704512	1.488683	18	2	24	724.357
2.356194	1.812176	0.656819	11	90	99	724.039
-1.570796	1.658653	-2.409879	101	91	93	723.866
1.308997	2.724429	-0.348782	29	2	8	723.726
0.785398	2.579248	-2.364801	100	89	102	723.616
-1.308997	2.588535	-2.976617	12	1	90	723.594
-1.047198	2.295480	1.008277	108	93	97	723.587
2.617994	2.299159	2.264663	2	91	93	723.501
-2.879793	2.979456	-1.009304	104	103	92	723.383
-0.785398	2.299159	2.264663	14	7	85	723.343
-3.141593	1.014500	0.906702	101	102	89	723.314
-2.879793	0.961715	0.014085	5	5	26	723.221
-2.356194	1.599406	1.426070	27	9	0	723.202
0.000000	1.014500	0.906702	90	10	95	723.184
-0.523599	0.571433	-1.188419	24	98	99	723.059
-0.523599	1.168678	2.108595	85	6	106	723.030
-0.261799	1.335669	0.897240	26	14	1	722.859
2.094395	1.870545	-2.976234	91	92	98	722.642
2.879793	2.299159	2.264663	19	9	102	722.604
0.785398	1.699788	2.452890	5	91	100	722.546
1.832596	1.448123	-2.163292	9	11	95	722.399
2.617994	1.555207	1.708892	11	95	94	722.357
-0.261799	1.194549	-0.801900	32	0	103	722.334
1.308997	2.001437	0.381215	109	96	13	722.137
2.879793	1.413430	2.550734	100	104	86	722.132
-0.261799	1.696674	-1.253233	97	103	93	722.087
-3.141593	1.413430	2.550734	21	12	109	722.073
-1.832596	2.863997	0.549740	109	99	88	721.787
-1.047198	2.587733	0.232235	108	100	92	721.618
1.047198	1.214854	-1.966664	94	89	102	721.491
-3.141593	0.906588	1.252948	90	95	97	721.429
-2.356194	1.450119	-2.739050	108	90	104	721.384
-2.617994	1.545873	-1.877082	89	99	97	721.295
2.617994	1.504028	0.636812	23	5	21	721.247
2.094395	0.961715	0.014085	102	91	104	721.136
-1.570796	2.299159	2.264663	2	88	100	721.113
0.000000	2.587733	0.232235	101	99	13	721.088
0.261799	1.721184	-0.153948	108	23	97	721.008
-0.785398	0.850607	-1.335383	101	10	84	720.917
0.785398	0.290380	-0.796960	104	104	22	720.569
-2.879793	1.310100	1.488307	102	88	111	720.500
-3.141593	0.203748	0.590255	27	95	110	720.414
-2.879793	1.683268	0.374177	106	89	102	720.411
-2.879793	1.256302	0.062705	109	5	23	720.343
-1.570796	2.393226	1.857173	3	24	110	720.328
-2.094395	2.299159	2.264663	15	8	92	720.179
-1.570796	1.683268	0.374177	18	16	12	720.111
2.617994	1.214854	-1.966664	91	18	101	720.100
2.879793	2.104282	-0.813972	105	87	102	720.045
2.879793	1.413347	-1.339188	85	6	111	720.012
1.308997	1.696674	-1.253233	4	89	100	719.960
-0.785398	1.113094	-0.272241	5	2	85	719.895
-2.356194	1.214854	-1.966664	98	91	102	719.886
2.356194	1.135813	-2.658866	5	9	91	719.761
-1.832596	0.571433	-1.188419	102	92	103	719.651
1.308997	0.370812	-2.547742	27	15	8	719.620
-0.785398	2.979456	-1.009304	17	93	101	719.598
2.879793	2.704512	1.488683	106	13	26	719.589
2.356194	0.709924	0.218797	3	108	25	719.555
-0.523599	0.960688	-0.577532	5	93	5	719.514
2.617994	1.168678	2.108595	97	104	90	719.508
1.047198	1.658653	-2.409879	7	13	90	719.475
-2.094395	2.247462	0.191623	2	106	24	719.384
-0.785398	2.174483	2.653697	109	15	88	719.325
2.094395	1.824694	1.850876	6	92	93	719.248
1.047198	2.984978	1.954446	93	97	94	719.245
-2.617994	1.870545	-2.976234	32	99	109	719.197
0.785398	0.496451	0.593859	101	0	86	719.181
-1.570796	2.379497	0.561089	19	11	16	719.178
-1.308997	1.045978	0.343692	5	109	86	719.113
0.261799	2.187132	-0.479875	104	105	20	719.112
-2.356194	1.658653	-2.409879	95	98	91	718.943
1.047198	2.719179	-1.780644	99	6	21	718.834
1.047198	0.850607	-1.335383	22	93	10	718.773
2.356194	1.134796	2.434290	28	106	102	718.343
-0.261799	1.128190	-2.288622	110	95	95	718.338
2.617994	2.407836	1.410646	27	2	5	718.214
1.047198	1.809167	1.213774	97	90	110	718.087
1.047198	2.404280	-0.174044	0	89	95	717.997
-1.832596	1.554776	0.100351	21	15	10	717.944
0.785398	2.456751	-1.503343	35	110	8	717.939
-2.356194	1.014500	0.906702	97	88	100	717.860
2.356194	2.247462	0.191623	108	94	7	717.799
0.785398	1.658653	-2.409879	5	12	90	717.730
-2.094395	1.721184	-0.153948	23	11	14	717.488
-0.523599	0.700570	1.559208	6	1	88	717.282
0.261799	0.674054	1.013609	108	86	105	717.266
-0.785398	1.135813	-2.658866	110	94	90	717.195
2.356194	1.696674	-1.253233	104	90	106	717.104
-1.308997	1.242974	-2.977882	22	17	9	717.067
1.832596	1.310100	1.488307	8	89	100	716.946
1.308997	1.809167	1.213774	96	108	18	716.906
2.094395	0.640596	-2.797608	19	22	2	716.863
-0.785398	0.733948	3.021411	21	16	2	716.810
-2.617994	1.736875	3.023612	103	108	81	716.749
-0.785398	0.685216	-1.712745	5	92	101	716.647
2.879793	2.041297	-2.664597	100	102	88	716.636
-1.047198	0.850607	-1.335383	102	12	84	716.593
2.356194	1.977582	0.969896	106	91	109	716.489
1.047198	1.569311	-3.003978	2	104	87	716.217
-1.570796	2.587733	0.232235	109	102	88	716.146
-1.308997	2.724429	-0.348782	102	93	5	716.132
2.094395	0.906588	1.252948	99	94	5	716.123
0.785398	2.760637	2.781135	89	17	108	716.044
-2.617994	0.899350	-2.069907	105	89	111	715.772
-2.094395	1.699788	2.452890	108	10	83	715.688
1.308997	2.073035	2.027405	101	92	109	715.673
2.879793	0.297065	2.160177	23	20	2	715.579
-1.308997	1.433411	-1.035986	20	14	108	715.564
0.261799	0.850607	-1.335383	24	12	17	715.325
-1.308997	2.456751	-1.503343	106	86	102	715.312
1.308997	1.998705	2.370472	5	93	97	715.296
2.879793	1.135813	-2.658866	107	90	108	715.097
-2.617994	1.948085	-2.363031	93	97	94	715.002
-2.094395	1.045978	0.343692	109	95	88	715.000
-1.570796	0.864993	2.278281	91	98	90	714.912
-1.832596	1.450119	-2.739050	111	97	88	714.842
-1.047198	0.640596	-2.797608	95	93	95	714.696
-0.261799	2.343981	-1.040456	7	7	22	714.626
-2.617994	2.719179	-1.780644	105	7	20	714.570
-3.141593	2.138223	1.678323	13	92	97	714.493
-1.570796	0.203748	0.590255	25	10	13	714.455
1.047198	0.571433	-1.188419	107	104	23	714.385
2.356194	0.910508	1.903534	105	86	105	714.361
0.785398	2.704512	1.488683	93	93	98	714.278
2.617994	1.870545	-2.976234	107	101	88	714.094
-2.094395	1.135834	-1.431087	102	97	87	714.054
2.094395	1.756530	-2.105156	8	12	94	714.034
0.785398	1.812176	0.656819	110	91	91	714.023
2.094395	2.108018	1.311430	11	19	3	713.922
-2.356194	2.704512	1.488683	27	6	11	713.888
0.523599	1.391910	3.030322	105	98	89	713.729
-2.356194	1.569311	-3.003978	108	90	99	713.677
-0.261799	1.683268	0.374177	104	4	23	713.652
1.047198	2.343981	-1.040456	104	106	88	713.591
0.523599	2.349581	-2.702517	97	14	18	713.421
0.000000	2.478122	2.609777	99	94	104	713.232
-1.832596	1.413430	2.550734	98	92	94	712.961
-2.879793	0.619654	-2.216909	22	94	107	712.903
2.617994	1.766067	2.153843	5	96	91	712.862
2.356194	0.831641	0.616218	101	93	4	712.593
1.047198	2.664082	-1.071402	23	12	110	712.553
-0.785398	1.184361	0.625864	14	90	99	712.444
1.047198	1.846342	-1.796954	1	88	104	712.355
-0.261799	1.247695	1.809890	108	84	101	712.191
-0.785398	1.812176	0.656819	0	8	24	712.047
2.617994	0.929350	-2.910676	102	16	88	711.965
-2.879793	1.168678	2.108595	20	15	105	711.944
-1.047198	0.910508	1.903534	111	2	88	711.936
0.785398	1.982574	-1.115518	32	110	13	711.828
1.570796	1.045978	0.343692	2	109	26	711.808
2.617994	2.881233	-2.582574	110	7	21	711.763
0.785398	0.640596	-2.797608	104	99	86	711.628
1.832596	2.724429	-0.348782	107	12	93	711.598
2.617994	1.696674	-1.253233	9	89	101	711.568
-3.141593	0.910508	1.903534	91	95	100	711.300
2.356194	0.458961	-0.107937	100	91	101	711.250
-1.832596	1.134796	2.434290	93	99	88	711.173
-2.356194	1.699788	2.452890	20	13	111	711.164
-3.141593	1.870545	-2.976234	92	100	90	711.108
2.094395	0.496451	0.593859	111	89	98	711.080
-2.094395	1.824694	1.850876	102	91	104	710.895
1.047198	1.870545	-2.976234	23	96	106	710.846
2.356194	1.756530	-2.105156	107	87	107	710.828
0.000000	1.683268	0.374177	101	2	21	710.814
-3.141593	0.762244	-0.273349	2	108	25	710.789
1.308997	0.080730	-2.622036	26	16	9	710.677
2.356194	1.194549	-0.801900	100	103	84	710.657
2.617994	1.050534	3.042579	2	14	89	710.554
1.570796	2.247462	0.191623	20	1	93	710.520
1.570796	1.870545	-2.976234	4	0	85	710.510
-3.141593	0.080730	-2.622036	6	102	88	710.479
2.879793	1.168678	2.108595	105	105	86	710.444
-3.141593	2.456751	-1.503343	106	29	2	710.276
1.832596	0.914445	2.687814	31	106	104	710.141
-1.832596	2.299159	2.264663	23	10	104	710.024
2.356194	0.914445	2.687814	14	17	93	709.944
-1.047198	0.203748	0.590255	30	2	103	709.942
-1.047198	0.864993	2.278281	4	3	20	709.935
-1.832596	0.080730	-2.622036	4	6	86	709.932
-2.879793	1.812176	0.656819	99	89	106	709.865
0.785398	1.195355	1.200319	103	26	108	709.779
-2.356194	0.899350	-2.069907	97	93	98	709.738
-2.094395	0.733948	3.021411	100	15	94	709.707
-0.523599	1.658653	-2.409879	5	98	89	709.706
-1.832596	1.869911	2.701025	1	2	83	709.665
0.000000	0.203748	0.590255	108	92	98	709.393
-1.832596	1.417623	-0.202254	106	97	9	709.365
-0.523599	0.615174	-0.666022	25	2	23	709.338
-0.261799	1.374601	-2.456031	30	3	1	709.043
-3.141593	1.335669	0.897240	91	95	99	708.947
-0.785398	1.998705	2.370472	10	2	83	708.909
-3.141593	1.218453	2.777284	96	104	89	708.811
-0.785398	1.367556	0.358405	2	90	96	708.777
2.094395	1.982574	-1.115518	111	8	24	708.479
0.523599	2.704512	1.488683	1	89	2	707.927
2.094395	1.134497	-1.109631	102	103	82	707.825
-1.047198	1.982574	-1.115518	4	89	109	707.818
0.523599	0.929350	-2.910676	8	92	103	707.811
-2.617994	2.115563	0.685730	16	92	106	707.729
-0.261799	2.251330	-2.330739	29	3	111	707.718
-2.617994	1.448123	-2.163292	90	100	94	707.682
-2.879793	1.741644	-2.695914	111	105	86	707.644
2.094395	1.113094	-0.272241	4	98	93	707.643
0.000000	1.247695	1.809890	83	3	1	707.476
1.832596	2.760637	2.781135	96	100	90	707.474
-0.523599	2.001437	0.381215	105	6	23	707.327
-2.356194	0.685216	-1.712745	1	87	110	707.037
-0.261799	0.700570	1.559208	24	19	4	706.887
-0.785398	1.904882	-1.478089	103	94	96	706.598
0.523599	1.242974	-2.977882	108	98	91	706.596
1.832596	0.591903	2.010408	30	99	103	706.351
-1.832596	2.349581	-2.702517	108	90	90	706.305
0.000000	0.992645	-1.723759	93	11	89	706.156
0.523599	0.615174	-0.666022	14	11	25	706.152
2.617994	1.606104	-0.451151	5	2	28	705.954
0.000000	2.349581	-2.702517	88	100	102	705.809
2.356194	1.168678	2.108595	21	96	102	705.753
-2.879793	1.433411	-1.035986	105	3	27	705.728
-1.832596	0.297065	2.160177	109	23	2	705.695
-0.785398	0.418037	1.360082	0	91	99	705.609
-0.785398	0.700570	1.559208	7	1	89	705.253
-2.617994	1.242974	-2.977882	89	99	91	705.201
2.617994	2.455966	-0.641220	95	91	111	705.170
-0.523599	0.850607	-1.335383	25	102	97	705.152
-0.261799	2.180315	-1.357379	95	109	90	704.989
-1.570796	1.870545	-2.976234	109	102	84	704.930
1.308997	1.736875	3.023612	92	102	91	704.875
1.047198	1.374601	-2.456031	14	13	95	704.851
1.047198	1.134497	-1.109631	9	7	81	704.825
-2.356194	0.733948	3.021411	93	99	92	704.762
-3.141593	2.356369	3.005869	101	99	84	704.715
-1.047198	2.979456	-1.009304	14	93	101	704.704
-3.141593	0.496451	0.593859	105	87	101	704.574
-2.094395	0.850607	-1.335383	98	99	86	704.494
0.000000	0.960688	-0.577532	26	110	18	704.338
0.261799	1.413347	-1.339188	31	110	14	704.337
2.094395	0.615174	-0.666022	110	99	89	704.318
2.879793	1.135834	-1.431087	19	93	102	704.189
-2.094395	1.696674	-1.253233	109	90	96	704.011
1.832596	0.733948	3.021411	97	111	19	703.922
-1.047198	2.299159	2.264663	18	11	91	703.840
-2.879793	2.719179	-1.780644	102	6	20	703.806
-3.141593	1.195355	1.200319	92	97	96	703.591
2.879793	0.496451	0.593859	24	93	110	703.569
1.832596	1.846342	-1.796954	93	8	89	703.552
-1.570796	1.025536	1.576859	90	108	12	703.414
1.308997	1.948085	-2.363031	20	94	110	703.366
-2.879793	2.073035	2.027405	22	11	104	703.365
-1.832596	0.615174	-0.666022	11	90	95	703.341
2.617994	1.391910	3.030322	3	85	100	703.319
1.832596	0.418037	1.360082	20	89	106	703.259
-1.047198	1.194549	-0.801900	20	13	11	703.068
-1.570796	0.850607	-1.335383	6	90	108	702.867
2.879793	1.977582	0.969896	98	93	107	702.689
-2.356194	2.033014	2.977192	6	6	90	702.644
1.308997	1.195355	1.200319	97	93	3	702.644
1.308997	2.455966	-0.641220	32	0	12	702.554
0.785398	2.033014	2.977192	3	98	90	702.387
2.879793	1.391910	3.030322	3	89	5	702.328
-2.617994	1.904882	-1.478089	106	12	93	702.314
-2.617994	1.875281	0.107086	27	16	8	702.056
-2.094395	1.869911	2.701025	106	2	79	702.051
0.523599	1.599406	1.426070	84	109	6	701.984
-0.261799	1.195355	1.200319	23	17	1	701.875
0.785398	1.736875	3.023612	19	93	104	701.754
1.308997	0.992645	-1.723759	21	17	6	701.750
0.261799	1.998705	2.370472	105	95	111	701.661
-1.047198	1.433411	-1.035986	100	91	0	701.610
2.094395	2.349581	-2.702517	2	110	22	701.521
-0.785398	1.545873	-1.877082	21	87	1	701.492
0.785398	2.187132	-0.479875	22	3	21	701.435
0.261799	1.325504	-1.671296	27	9	8	701.393
0.261799	1.617114	-1.572037	34	107	9	701.388
0.785398	2.063651	-2.044600	99	91	101	701.244
-0.785398	2.356369	3.005869	105	15	92	701.148
2.879793	1.998705	2.370472	5	94	92	701.114
-0.523599	1.824694	1.850876	27	4	6	701.060
1.047198	2.979456	-1.009304	33	111	6	701.026
-1.047198	1.904882	-1.478089	13	88	111	700.902
0.785398	1.433411	-1.035986	24	8	7	700.811
1.308997	1.242974	-2.977882	30	104	105	700.661
1.308997	1.310100	1.488307	90	104	11	700.435
1.047198	2.588535	-2.976617	21	97	97	700.327
1.308997	1.606104	-0.451151	30	109	11	700.319
1.570796	0.899350	-2.069907	109	5	83	700.265
2.094395	1.617114	-1.572037	94	14	97	700.201
0.000000	2.393226	1.857173	107	95	105	700.170
-0.261799	1.134497	-1.109631	106	96	101	700.139
0.000000	1.134497	-1.109631	29	111	15	699.993
2.356194	1.766067	2.153843	5	95	92	699.969
0.261799	2.587733	0.232235	101	96	11	699.733
-2.356194	1.335669	0.897240	111	87	103	699.643
0.785398	0.960688	-0.577532	16	12	85	699.378
-0.785398	1.440580	2.260026	100	90	94	699.345
-3.141593	0.831641	0.616218	101	105	86	699.278
1.832596	0.297065	2.160177	108	87	103	699.230
-1.570796	1.824694	1.850876	17	13	96	699.014
-3.141593	1.872854	1.543456	98	93	105	699.000
0.523599	2.251330	-2.330739	96	93	102	698.889
0.261799	1.741644	-2.695914	9	2	86	698.797
1.047198	2.396274	-1.959260	103	90	99	698.698
1.047198	1.256302	0.062705	111	106	27	698.544
0.785398	0.685216	-1.712745	25	13	13	698.500
-3.141593	1.599406	1.426070	92	94	105	698.357
-2.617994	0.929350	-2.910676	92	97	96	698.241
-2.094395	1.982574	-1.115518	109	88	100	698.227
1.308997	1.756530	-2.105156	8	3	90	698.183
-1.047198	1.135834	-1.431087	104	90	0	698.169
0.261799	1.732874	-0.951685	100	103	87	698.104
0.523599	1.998705	2.370472	27	8	109	698.005
-2.094395	2.349581	-2.702517	105	91	90	698.004
0.785398	1.391910	3.030322	1	100	87	697.997
0.261799	2.760637	2.781135	14	4	24	697.976
0.523599	1.555207	1.708892	106	89	108	697.969
-2.617994	1.574060	2.783565	111	13	88	697.691
0.261799	1.606104	-0.451151	17	102	95	697.601
-1.047198	1.325504	-1.671296	23	95	105	697.594
2.356194	0.615174	-0.666022	0	87	2	697.473
-1.570796	1.194549	-0.801900	6	7	87	697.419
-2.879793	0.080730	-2.622036	102	22	111	697.398
-2.356194	1.872854	1.543456	26	11	109	697.396
-3.141593	1.904882	-1.478089	100	88	100	697.182
2.879793	1.696674	-1.253233	9	91	91	696.959
-0.523599	1.325504	-1.671296	28	98	109	696.903
-2.094395	1.310100	1.488307	16	89	109	696.696
1.832596	2.356369	3.005869	97	98	94	696.667
1.570796	1.846342	-1.796954	102	17	94	696.574
-1.047198	0.866955	-0.931351	22	13	8	696.488
-2.356194	1.741644	-2.695914	101	94	91	696.467
1.047198	0.640596	-2.797608	16	10	95	696.460
1.570796	0.866395	-2.492918	10	14	95	696.439
-1.047198	2.349581	-2.702517	11	110	90	696.129
1.570796	1.812176	0.656819	105	90	92	696.125
2.356194	1.824694	1.850876	25	98	96	695.851
-2.356194	2.299159	2.264663	18	11	100	695.845
-0.523599	1.909857	-0.381669	104	107	85	695.800
-1.308997	1.440580	2.260026	3	1	84	695.694
-2.094395	1.569311	-3.003978	1	5	87	695.656
1.308997	2.089241	-0.114193	111	5	87	695.652
-3.141593	1.440580	2.260026	107	101	87	695.637
0.261799	2.863997	0.549740	96	91	110	695.423
-1.570796	0.733948	3.021411	7	87	105	695.422
2.617994	0.571433	-1.188419	1	95	94	695.124
-2.356194	0.290380	-0.796960	16	87	14	695.029
0.785398	2.979456	-1.009304	29	2	4	695.014
0.261799	1.194549	-0.801900	15	7	84	695.008
1.832596	1.658653	-2.409879	8	9	91	694.999
0.785398	1.242974	-2.977882	105	102	88	694.804
0.523599	2.396274	-1.959260	97	101	93	694.763
0.785398	2.180315	-1.357379	104	101	90	694.647
1.047198	1.504028	0.636812	82	111	103	694.621
-0.785398	1.554776	0.100351	22	8	101	694.528
0.523599	1.504028	0.636812	104	109	19	694.321
0.000000	1.194549	-0.801900	104	94	99	694.312
0.261799	1.014500	0.906702	87	6	96	694.263
-1.570796	1.134497	-1.109631	100	93	4	694.263
-1.832596	1.870545	-2.976234	20	94	102	694.237
2.356194	1.504028	0.636812	11	91	99	693.866
-0.261799	1.736875	3.023612	93	26	3	693.774
-2.879793	0.700570	1.559208	91	95	96	693.757
0.000000	2.299159	2.264663	103	94	108	693.667
0.523599	2.863997	0.549740	16	8	28	693.651
-2.879793	0.419640	2.974122	0	93	95	693.635
-0.785398	2.108018	1.311430	29	111	10	693.543
2.094395	1.335669	0.897240	109	91	95	693.521
0.523599	2.073035	2.027405	95	96	105	693.496
-0.261799	1.242974	-2.977882	102	97	89	693.455
0.785398	1.948085	-2.363031	7	9	88	693.453
0.261799	2.407836	1.410646	9	93	94	693.418
1.047198	1.450119	-2.739050	16	98	102	693.380
-2.094395	1.732874	-0.951685	101	5	27	693.304
2.617994	1.417623	-0.202254	10	4	28	693.260
0.261799	2.343981	-1.040456	97	107	87	693.255
-1.570796	1.909857	-0.381669	91	109	91	693.251
0.785398	1.869911	2.701025	107	96	91	693.237
2.094395	0.203748	0.590255	110	88	100	693.184
0.000000	1.050534	3.042579	101	95	91	692.963
-0.261799	0.910508	1.903534	84	6	110	692.931
-3.141593	1.113094	-0.272241	102	103	85	692.919
2.879793	0.615174	-0.666022	108	104	24	692.858
-0.785398	1.325504	-1.671296	22	9	12	692.689
0.785398	2.108018	1.311430	95	89	100	692.547
1.308997	2.396274	-1.959260	107	88	99	692.527
-0.261799	2.356369	3.005869	0	15	88	692.512
-3.141593	0.290380	-0.796960	101	88	104	692.490
-1.832596	0.910508	1.903534	6	110	24	692.321
0.785398	1.872854	1.543456	97	90	101	692.230
1.308997	1.367556	0.358405	82	108	102	692.164
-1.832596	0.640596	-2.797608	2	86	105	692.098
1.570796	1.824694	1.850876	101	92	94	692.035
1.047198	1.869911	2.701025	12	95	100	691.935
-2.356194	1.045978	0.343692	95	87	95	691.914
1.308997	2.979456	-1.009304	34	2	2	691.909
1.308997	2.251330	-2.330739	106	22	95	691.786
-1.570796	2.041297	-2.664597	109	99	86	691.578
-1.308997	1.846342	-1.796954	23	93	109	691.399
-2.094395	0.290380	-0.796960	3	89	2	691.327
1.047198	0.419640	2.974122	16	91	108	691.192
0.785398	0.762244	-0.273349	18	13	87	691.192
-2.879793	2.153910	-1.714959	106	86	104	691.135
2.879793	1.440580	2.260026	104	101	87	691.068
-1.570796	0.619654	-2.216909	103	89	99	690.963
-1.047198	2.089241	-0.114193	27	7	1	690.884
-2.879793	0.960688	-0.577532	22	97	104	690.749
0.000000	2.455966	-0.641220	103	102	18	690.749
1.308997	1.488617	1.159546	97	93	3	690.691
2.094395	1.045978	0.343692	107	7	22	690.679
-1.832596	0.379747	-1.713059	99	93	98	690.509
2.356194	1.301460	-0.509251	91	105	86	690.411
0.785398	1.741644	-2.695914	5	90	108	690.388
-1.832596	2.251330	-2.330739	104	89	95	690.360
-0.785398	0.709924	0.218797	10	12	25	690.332
-2.617994	1.195355	1.200319	24	17	10	690.317
-2.094395	2.356369	3.005869	96	16	103	690.270
-2.356194	1.545873	-1.877082	91	97	97	690.269
2.879793	1.488617	1.159546	24	7	17	690.265
0.785398	1.574060	2.783565	104	99	87	690.214
1.832596	2.295480	1.008277	9	19	107	689.984
2.094395	1.242974	-2.977882	0	108	86	689.842
0.785398	1.325504	-1.671296	0	89	107	689.793
0.000000	1.135813	-2.658866	107	97	92	689.732
1.308997	2.108018	1.311430	109	8	28	689.615
1.570796	1.184361	0.625864	30	98	104	689.497
0.000000	1.875281	0.107086	16	24	6	689.441
0.000000	1.662363	0.915448	26	97	9	689.396
2.094395	0.831641	0.616218	106	89	101	689.383
-2.617994	0.762244	-0.273349	101	97	9	689.364
-1.832596	0.496451	0.593859	24	16	10	689.278
-2.356194	1.256302	0.062705	98	91	89	689.148
2.879793	1.506530	1.988858	104	99	90	689.148
-1.832596	1.736875	3.023612	2	8	89	689.062
0.261799	2.349581	-2.702517	93	95	103	688.979
-1.308997	0.831641	0.616218	4	106	87	688.937
0.523599	1.574060	2.783565	102	99	87	688.726
-2.356194	0.379747	-1.713059	99	89	102	688.366
-0.785398	0.960688	-0.577532	22	91	95	688.361
0.523599	0.370812	-2.547742	106	98	85	688.277
2.356194	2.404280	-0.174044	108	90	102	688.236
-2.879793	0.866395	-2.492918	104	94	100	688.162
-2.879793	2.393226	1.857173	24	10	107	687.928
1.308997	1.025536	1.576859	89	20	2	687.907
-0.785398	2.164094	-2.991358	9	0	87	687.543
2.356194	1.606104	-0.451151	99	94	97	687.537
0.785398	2.984978	1.954446	93	101	90	687.516
2.094395	2.063651	-2.044600	107	0	19	687.201
-1.832596	1.696674	-1.253233	4	91	98	687.191
0.523599	1.325504	-1.671296	25	12	7	687.094
2.356194	0.290380	-0.796960	108	86	0	687.082
1.308997	0.929350	-2.910676	6	8	87	687.044
1.308997	1.599406	1.426070	93	106	17	687.031
-3.141593	2.174483	2.653697	5	92	95	686.954
-1.308997	1.736875	3.023612	109	14	90	686.926
1.570796	0.685216	-1.712745	14	16	107	686.914
0.523599	0.379747	-1.713059	24	18	10	686.767
-2.094395	1.683268	0.374177	109	81	107	686.722
-1.047198	2.104282	-0.813972	109	89	1	686.625
-0.523599	1.256302	0.062705	13	4	89	686.578
0.785398	0.080730	-2.622036	30	105	108	686.403
-2.879793	1.569311	-3.003978	92	95	99	686.395
-3.141593	0.914445	2.687814	21	12	0	686.347
0.785398	1.014500	0.906702	107	98	17	686.244
2.617994	0.418037	1.360082	27	98	107	686.199
-3.141593	2.295480	1.008277	88	9	99	686.141
-3.141593	1.242974	-2.977882	108	91	111	686.017
-0.785398	0.910508	1.903534	1	3	88	685.976
-2.879793	1.904882	-1.478089	108	11	92	685.946
2.094395	0.850607	-1.335383	5	101	84	685.872
-0.785398	2.247462	0.191623	33	109	9	685.845
1.570796	2.343981	-1.040456	7	13	95	685.728
-2.879793	2.089241	-0.114193	103	87	101	685.629
-1.047198	2.041297	-2.664597	3	101	86	685.545
1.832596	2.349581	-2.702517	3	109	24	685.463
0.523599	0.864993	2.278281	108	89	92	685.448
0.523599	2.407836	1.410646	93	103	15	685.226
-2.094395	0.370812	-2.547742	1	86	108	685.221
1.047198	1.998705	2.370472	4	93	99	685.211
0.000000	2.704512	1.488683	111	96	99	685.207
-2.356194	1.506530	1.988858	19	14	104	685.200
0.523599	2.063651	-2.044600	26	12	111	685.147
-3.141593	0.899350	-2.069907	100	94	102	684.969
-1.832596	1.050534	3.042579	109	89	97	684.877
0.000000	2.863997	0.549740	13	92	104	684.871
2.879793	2.138223	1.678323	26	7	111	684.867
-0.261799	1.846342	-1.796954	91	104	97	684.865
-3.141593	1.766067	2.153843	13	96	94	684.856
1.047198	0.906588	1.252948	10	12	94	684.689
-1.570796	0.591903	2.010408	109	90	102	684.670
-2.879793	1.982574	-1.115518	106	9	90	684.668
0.261799	0.960688	-0.577532	18	91	6	684.651
-1.570796	1.413430	2.550734	92	7	84	684.525
0.000000	0.379747	-1.713059	102	98	6	684.513
0.000000	1.554776	0.100351	16	9	90	684.511
-1.308997	0.914445	2.687814	110	87	99	684.492
1.832596	2.001437	0.381215	15	85	110	684.451
-2.356194	1.574060	2.783565	105	111	80	684.412
-1.570796	0.914445	2.687814	106	89	98	684.410
2.094395	0.864993	2.278281	106	86	102	684.256
0.261799	1.135813	-2.658866	110	98	92	684.189
-2.094395	2.138223	1.678323	6	23	111	684.188
0.523599	2.637879	2.121598	0	7	82	684.179
2.879793	0.899350	-2.069907	97	10	90	683.984
-2.617994	2.187132	-0.479875	0	6	25	683.982
-2.879793	1.184361	0.625864	93	97	92	683.964
2.356194	1.128190	-2.288622	97	21	97	683.938
-0.261799	1.998705	2.370472	109	93	5	683.877
1.308997	2.033014	2.977192	100	86	105	683.738
-2.879793	2.664082	-1.071402	107	1	86	683.727
2.617994	1.135813	-2.658866	6	8	90	683.712
1.308997	2.356369	3.005869	20	100	100	683.620
-1.570796	1.699788	2.452890	28	104	111	683.600
0.523599	2.295480	1.008277	102	99	10	683.598
-2.879793	1.824694	1.850876	23	13	105	683.544
-1.832596	0.899350	-2.069907	97	90	101	683.418
-1.308997	1.184361	0.625864	1	97	14	683.392
-0.523599	0.910508	1.903534	83	3	106	683.329
-2.617994	1.134796	2.434290	4	89	111	683.259
1.308997	0.571433	-1.188419	2	98	86	683.249
-3.141593	1.732874	-0.951685	106	8	26	683.239
1.308997	1.448123	-2.163292	108	15	91	683.161
-2.356194	1.128190	-2.288622	95	92	99	683.147
-2.356194	1.736875	3.023612	8	8	92	683.114
0.000000	0.618092	2.539118	103	6	19	682.833
-2.879793	0.674054	1.013609	93	96	92	682.826
0.523599	0.866395	-2.492918	19	9	98	682.776
-2.879793	1.732874	-0.951685	109	109	24	682.656
2.879793	2.089241	-0.114193	96	91	101	682.656
2.356194	1.555207	1.708892	9	94	94	682.552
-2.094395	1.374601	-2.456031	86	99	93	682.533
-1.832596	1.242974	-2.977882	109	100	86	682.447
1.047198	1.448123	-2.163292	17	14	101	682.376
-1.047198	0.762244	-0.273349	109	96	7	682.363
-1.570796	1.554776	0.100351	19	15	14	682.345
0.785398	1.662363	0.915448	105	94	9	682.314
0.261799	2.637879	2.121598	87	14	105	682.214
-2.094395	0.640596	-2.797608	106	87	106	682.205
-2.094395	0.899350	-2.069907	100	92	98	682.001
-3.141593	2.033014	2.977192	105	97	88	681.953
-1.047198	1.569311	-3.003978	27	0	15	681.859
0.000000	1.488617	1.159546	106	103	17	681.740
-1.047198	1.413347	-1.339188	104	89	110	681.477
-1.570796	2.164094	-2.991358	8	0	89	681.398
-0.523599	0.961715	0.014085	7	109	84	681.394
1.570796	1.599406	1.426070	12	87	97	681.335
-0.261799	1.301460	-0.509251	27	109	16	681.316
-1.308997	2.592629	0.909713	11	97	91	681.306
0.523599	1.721184	-0.153948	104	22	94	681.164
-3.141593	0.615174	-0.666022	110	103	24	681.164
2.879793	1.875281	0.107086	106	91	105	681.146
0.000000	1.256302	0.062705	24	10	94	681.138
-1.047198	1.870545	-2.976234	25	109	18	681.013
-0.523599	1.134497	-1.109631	105	96	104	680.946
0.000000	2.592629	0.909713	1	91	7	680.912
0.261799	2.356369	3.005869	104	89	2	680.879
-2.094395	2.587733	0.232235	24	16	2	680.343
-0.261799	0.914445	2.687814	16	18	0	680.320
2.879793	2.579248	-2.364801	107	86	2	680.295
1.570796	2.104282	-0.813972	106	23	9	680.182
-2.094395	0.080730	-2.622036	6	8	87	680.090
2.094395	1.836682	-0.676006	3	3	26	679.979
-1.832596	1.824694	1.850876	109	91	100	679.949
0.261799	0.866955	-0.931351	21	7	23	679.878
-0.523599	0.914445	2.687814	21	17	4	679.871
1.308997	0.733948	3.021411	28	100	105	679.783
2.879793	0.290380	-0.796960	1	14	86	679.759
-2.094395	1.050534	3.042579	101	14	92	679.748
2.094395	2.247462	0.191623	14	89	104	679.393
-1.570796	1.998705	2.370472	18	11	99	679.343
2.094395	0.762244	-0.273349	28	5	111	679.047
1.047198	1.195355	1.200319	99	25	108	679.033
-1.308997	0.762244	-0.273349	111	6	87	679.028
-3.141593	2.001437	0.381215	96	91	105	678.890
-0.785398	2.073035	2.027405	5	2	80	678.706
-2.879793	2.984978	1.954446	23	12	10	678.667
2.617994	0.203748	0.590255	4	88	0	678.457
-0.523599	1.904882	-1.478089	96	106	92	678.399
-2.879793	0.992645	-1.723759	103	91	105	678.302
-2.617994	1.721184	-0.153948	105	86	96	678.236
-1.570796	1.812176	0.656819	0	2	85	678.081
0.000000	1.135834	-1.431087	104	94	105	678.044
0.000000	1.310100	1.488307	18	20	1	677.938
1.047198	2.153910	-1.714959	8	9	92	677.715
2.094395	0.910508	1.903534	24	97	100	677.658
-2.617994	2.455966	-0.641220	107	1	86	677.596
1.047198	1.184361	0.625864	23	90	103	677.591
1.047198	1.617114	-1.572037	1	87	105	677.586
0.000000	1.335669	0.897240	0	0	85	677.027
-2.356194	1.662363	0.915448	105	85	4	676.902
1.047198	2.174483	2.653697	103	100	88	676.741
1.308997	0.866955	-0.931351	25	0	17	676.712
0.261799	2.174483	2.653697	104	94	109	676.673
-0.785398	1.135834	-1.431087	17	91	1	676.647
-2.879793	1.909857	-0.381669	110	9	24	676.405
2.617994	2.393226	1.857173	23	96	94	676.400
-1.570796	1.836682	-0.676006	30	0	2	676.367
-3.141593	0.458961	-0.107937	21	90	111	676.260
-1.570796	1.875281	0.107086	16	15	16	676.127
2.356194	1.134497	-1.109631	102	103	82	676.050
2.356194	1.310100	1.488307	107	97	90	675.885
-1.047198	1.869911	2.701025	27	111	16	675.844
-2.356194	2.187132	-0.479875	101	4	87	675.730
1.832596	1.301460	-0.509251	101	92	7	675.712
-1.308997	1.836682	-0.676006	29	4	106	675.688
-0.261799	1.824694	1.850876	22	4	24	675.660
-1.832596	1.247695	1.809890	102	94	96	675.573
0.523599	1.606104	-0.451151	21	7	18	675.566
2.617994	0.080730	-2.622036	1	97	89	675.540
-2.356194	0.615174	-0.666022	0	90	0	675.472
1.047198	1.875281	0.107086	2	86	103	675.301
0.523599	1.433411	-1.035986	109	95	94	675.283
1.570796	1.325504	-1.671296	19	16	111	675.189
-2.879793	1.113094	-0.272241	5	1	28	675.100
2.094395	0.960688	-0.577532	28	2	105	675.080
-1.570796	1.247695	1.809890	110	24	109	675.078
1.570796	1.741644	-2.695914	5	3	87	674.866
1.047198	1.310100	1.488307	96	25	7	674.704
-0.785398	1.836682	-0.676006	94	109	88	674.662
2.356194	1.135834	-1.431087	0	100	82	674.565
-2.617994	0.418037	1.360082	95	93	94	674.483
2.879793	0.866395	-2.492918	108	91	102	674.397
1.570796	0.496451	0.593859	111	103	24	674.292
0.523599	1.367556	0.358405	0	22	94	674.223
0.785398	0.866955	-0.931351	10	89	98	674.195
2.879793	0.831641	0.616218	23	92	111	674.048
-1.832596	0.674054	1.013609	6	86	101	674.039
-0.261799	1.506530	1.988858	0	85	97	673.994
0.000000	1.301460	-0.509251	20	8	88	673.912
2.356194	1.875281	0.107086	28	95	106	673.795
-1.832596	0.418037	1.360082	28	5	0	673.648
-2.617994	2.637879	2.121598	31	110	7	673.609
-0.261799	2.164094	-2.991358	4	10	88	673.470
0.523599	1.732874	-0.951685	109	99	91	673.341
1.308997	1.433411	-1.035986	26	7	11	673.265
-1.570796	1.555207	1.708892	0	24	108	673.250
0.785398	1.448123	-2.163292	0	4	86	673.202
-0.523599	2.138223	1.678323	111	24	104	672.602
-0.785398	2.587733	0.232235	109	98	94	672.592
-2.094395	1.391910	3.030322	111	9	88	672.563
-0.261799	0.419640	2.974122	103	93	93	672.552
-1.308997	1.766067	2.153843	28	108	0	672.522
-1.047198	1.658653	-2.409879	0	95	90	672.272
1.047198	1.766067	2.153843	5	91	100	672.260
0.000000	0.685216	-1.712745	2	108	82	672.228
-0.523599	1.135834	-1.431087	110	90	0	672.198
-2.617994	2.704512	1.488683	28	4	11	672.114
2.094395	1.195355	1.200319	107	94	92	672.103
-2.356194	1.050534	3.042579	91	100	89	672.096
2.356194	2.592629	0.909713	28	2	6	672.056
-0.261799	0.619654	-2.216909	2	93	98	672.031
0.000000	1.736875	3.023612	95	97	1	672.027
2.879793	1.014500	0.906702	98	103	89	671.943
2.094395	2.724429	-0.348782	105	90	107	671.926
-0.785398	1.574060	2.783565	25	3	16	671.833
-0.523599	2.984978	1.954446	27	10	3	671.774
-0.261799	1.045978	0.343692	13	4	90	671.763
1.047198	2.356369	3.005869	2	102	87	671.713
1.570796	1.683268	0.374177	105	89	97	671.701
0.523599	1.554776	0.100351	100	110	23	671.602
2.356194	1.045978	0.343692	94	108	87	671.448
0.785398	1.135813	-2.658866	104	107	84	671.336
-0.523599	0.458961	-0.107937	13	13	24	671.323
-0.785398	1.658653	-2.409879	6	90	94	671.290
-1.047198	2.138223	1.678323	5	8	83	671.260
-1.047198	1.440580	2.260026	100	20	103	671.223
-0.785398	2.295480	1.008277	5	90	102	671.178
0.785398	1.683268	0.374177	107	25	99	671.166
0.785398	1.413347	-1.339188	26	9	11	671.057
1.308997	0.685216	-1.712745	18	17	111	671.051
2.094395	1.510910	-0.740472	101	93	99	671.013
1.832596	2.247462	0.191623	100	95	7	670.994
2.094395	0.914445	2.687814	1	90	95	670.949
-1.308997	2.187132	-0.479875	105	92	0	670.940
1.832596	0.960688	-0.577532	17	91	106	670.929
-0.261799	0.906588	1.252948	6	6	89	670.775
-1.832596	2.356369	3.005869	102	5	22	670.749
1.570796	2.138223	1.678323	7	89	94	670.657
-2.879793	0.379747	-1.713059	109	86	0	670.543
1.308997	0.700570	1.559208	111	86	106	670.477
-1.832596	1.134497	-1.109631	12	89	100	670.385
-2.617994	1.606104	-0.451151	90	107	13	670.333
-1.308997	1.450119	-2.739050	102	88	92	670.255
1.308997	2.349581	-2.702517	21	97	102	670.188
-1.047198	2.719179	-1.780644	104	96	11	670.147
1.308997	0.496451	0.593859	107	90	96	669.963
-1.832596	1.194549	-0.801900	4	0	83	669.916
-0.785398	1.569311	-3.003978	14	84	100	669.899
-1.047198	2.343981	-1.040456	9	89	111	669.895
2.094395	1.504028	0.636812	106	89	0	669.815
-0.261799	1.325504	-1.671296	14	14	93	669.765
-3.141593	1.809167	1.213774	24	97	101	669.695
-0.261799	2.478122	2.609777	90	18	7	669.543
2.879793	1.809167	1.213774	22	94	101	669.380
-3.141593	0.850607	-1.335383	22	98	101	669.267
1.047198	2.187132	-0.479875	1	106	23	669.241
1.570796	2.407836	1.410646	109	86	99	669.230
2.617994	1.128190	-2.288622	27	109	12	669.188
1.832596	1.050534	3.042579	103	95	88	669.068
2.617994	1.374601	-2.456031	27	109	13	668.928
1.308997	1.870545	-2.976234	18	99	102	668.735
-0.785398	1.417623	-0.202254	8	3	85	668.672
-2.356194	0.960688	-0.577532	109	89	91	668.243
2.617994	1.448123	-2.163292	29	110	10	668.220
-1.308997	0.615174	-0.666022	108	9	87	668.053
0.000000	1.128190	-2.288622	1	96	95	668.021
1.047198	1.824694	1.850876	105	89	96	667.976
-3.141593	2.393226	1.857173	109	7	27	667.944
-1.570796	0.762244	-0.273349	111	2	85	667.715
-3.141593	0.864993	2.278281	92	94	101	667.699
-0.523599	2.180315	-1.357379	94	111	90	667.437
-0.523599	2.379497	0.561089	15	19	111	667.398
-3.141593	2.979456	-1.009304	101	103	92	667.376
-2.879793	2.295480	1.008277	28	7	11	667.333
-2.879793	1.448123	-2.163292	11	19	6	667.125
-1.570796	1.506530	1.988858	10	89	108	667.124
-2.617994	1.391910	3.030322	98	94	98	667.045
2.094395	1.574060	2.783565	106	102	87	666.944
-1.308997	1.510910	-0.740472	27	6	104	666.859
0.000000	0.615174	-0.666022	29	6	106	666.755
2.617994	1.488617	1.159546	12	93	98	666.705
-1.308997	1.741644	-2.695914	109	99	86	666.626
1.047198	1.683268	0.374177	6	15	24	666.371
-2.617994	1.569311	-3.003978	95	97	89	666.329
-1.047198	0.618092	2.539118	31	8	3	666.133
1.570796	1.417623	-0.202254	26	110	101	666.098
2.879793	1.683268	0.374177	95	95	95	666.070
0.785398	1.836682	-0.676006	26	2	9	665.988
-2.356194	2.153910	-1.714959	94	94	100	665.985
-2.617994	2.164094	-2.991358	109	89	97	665.970
-2.356194	1.134497	-1.109631	98	94	90	665.961
2.356194	2.984978	1.954446	22	95	103	665.897
-2.094395	0.700570	1.559208	5	102	22	665.865
2.879793	0.591903	2.010408	12	13	92	665.820
-0.523599	1.025536	1.576859	95	96	88	665.783
2.356194	1.025536	1.576859	24	97	98	665.783
2.356194	1.741644	-2.695914	95	92	94	665.687
0.785398	0.418037	1.360082	31	97	2	665.661
1.832596	1.554776	0.100351	3	2	25	665.606
1.308997	2.588535	-2.976617	109	100	95	665.594
-1.308997	2.115563	0.685730	31	103	10	665.391
2.356194	1.554776	0.100351	0	3	24	665.316
-1.570796	0.297065	2.160177	1	103	88	665.260
1.308997	1.374601	-2.456031	11	17	95	665.213
1.832596	1.662363	0.915448	103	93	90	665.137
0.523599	0.685216	-1.712745	26	14	14	665.129
1.832596	2.587733	0.232235	29	1	9	665.085
