80	1.2	0
-3.141593	1.413430	2.550734
1.278613	0.254898	-1.598538
../2m99_monomer_m.pdb	-1.802	-0.776	0.114
../2m99_monomer_m.pdb	-1.209	0.253	-1.721
-0.523599	1.134497	-1.109631	6	6	5	1660.609
0.000000	1.448123	-2.163292	5	5	11	1656.229
-0.261799	1.325504	-1.671296	7	4	10	1618.104
0.261799	2.299159	2.264663	4	7	4	1580.524
0.000000	1.214854	-1.966664	10	6	6	1548.628
-0.261799	0.992645	-1.723759	8	6	8	1521.303
0.261799	1.998705	2.370472	6	7	0	1496.178
-0.523599	2.592629	0.909713	0	8	6	1493.524
-0.261799	1.135834	-1.431087	5	6	10	1483.176
-0.261799	2.108018	1.311430	6	6	76	1458.877
-0.785398	2.001437	0.381215	1	8	2	1457.993
0.261799	1.756530	-2.105156	11	5	11	1454.333
-0.261799	1.214854	-1.966664	7	5	11	1451.763
-3.141593	1.242974	-2.977882	3	9	9	1449.207
-0.523599	2.108018	1.311430	0	10	77	1441.123
0.000000	2.393226	1.857173	2	9	1	1426.903
-0.523599	1.135834	-1.431087	7	6	9	1425.327
0.000000	1.998705	2.370472	5	7	78	1422.421
-0.261799	2.073035	2.027405	3	8	78	1417.767
-0.261799	0.899350	-2.069907	4	8	2	1414.925
0.000000	1.374601	-2.456031	12	4	8	1407.268
-0.523599	1.413347	-1.339188	1	5	10	1403.668
-0.261799	2.407836	1.410646	77	9	3	1385.614
0.261799	1.869911	2.701025	9	5	4	1378.779
-0.261799	2.863997	0.549740	76	3	11	1372.213
-0.785398	0.850607	-1.335383	7	6	79	1339.152
-0.261799	2.393226	1.857173	1	10	1	1325.177
0.000000	2.579248	-2.364801	7	0	15	1323.427
0.000000	1.617114	-1.572037	6	5	11	1322.665
-1.308997	1.310100	1.488307	3	10	3	1320.981
-2.617994	1.699788	2.452890	1	71	74	1320.814
2.879793	1.301460	-0.509251	7	71	2	1316.101
-0.785398	1.134497	-1.109631	5	7	7	1315.642
0.000000	2.073035	2.027405	2	8	77	1313.472
-2.356194	1.413430	2.550734	3	71	74	1306.844
-0.523599	2.407836	1.410646	3	10	3	1306.251
-0.785398	2.724429	-0.348782	79	4	12	1294.335
-2.094395	2.979456	-1.009304	5	79	15	1288.208
0.261799	1.846342	-1.796954	4	4	13	1286.928
0.000000	1.135813	-2.658866	13	4	6	1283.509
-0.523599	2.115563	0.685730	78	9	2	1280.005
-2.617994	1.766067	2.153843	0	71	73	1279.924
1.308997	2.984978	1.954446	74	6	9	1271.968
0.261799	2.033014	2.977192	10	4	11	1271.104
2.617994	1.574060	2.783565	2	12	4	1270.785
-0.785398	1.135834	-1.431087	1	8	6	1269.655
2.879793	1.736875	3.023612	3	11	6	1268.329
-0.785398	1.433411	-1.035986	2	5	17	1266.811
-0.261799	1.545873	-1.877082	7	5	11	1263.622
-0.261799	1.510910	-0.740472	4	2	21	1259.877
0.261799	2.637879	2.121598	2	8	7	1259.526
-0.785398	1.683268	0.374177	2	8	2	1255.887
0.523599	2.063651	-2.044600	4	5	12	1255.195
1.308997	2.180315	-1.357379	78	79	14	1254.710
-2.617994	2.719179	-1.780644	5	79	15	1248.641
2.879793	1.574060	2.783565	3	10	8	1245.311
-2.356194	2.063651	-2.044600	3	77	15	1244.077
-0.261799	1.448123	-2.163292	7	5	11	1243.074
-2.356194	2.153910	-1.714959	4	79	16	1241.987
0.261799	2.174483	2.653697	8	6	4	1241.850
0.261799	2.073035	2.027405	8	7	1	1239.653
-0.785398	1.554776	0.100351	2	8	5	1237.254
-0.785398	2.760637	2.781135	16	77	7	1236.311
1.047198	2.984978	1.954446	74	6	9	1234.391
0.785398	2.153910	-1.714959	3	3	14	1231.632
2.617994	2.863997	0.549740	12	72	9	1229.703
-2.617994	2.881233	-2.582574	73	76	11	1228.094
-0.785398	1.510910	-0.740472	8	4	13	1227.072
-0.261799	1.846342	-1.796954	7	5	12	1226.446
-2.617994	1.948085	-2.363031	1	76	14	1226.278
-1.832596	2.979456	-1.009304	0	6	12	1225.041
-0.523599	1.433411	-1.035986	79	7	8	1221.451
-0.523599	2.587733	0.232235	79	5	11	1221.404
0.261799	1.391910	3.030322	10	5	9	1220.326
2.617994	1.699788	2.452890	5	10	7	1218.947
0.000000	1.756530	-2.105156	5	4	12	1217.764
0.000000	1.846342	-1.796954	6	5	12	1216.526
-0.785398	0.992645	-1.723759	2	9	7	1216.363
-0.785398	2.587733	0.232235	1	6	10	1216.173
2.356194	0.929350	-2.910676	77	16	2	1214.867
-3.141593	1.325504	-1.671296	4	9	9	1214.461
-0.785398	1.413347	-1.339188	78	9	3	1214.272
-0.523599	1.977582	0.969896	78	10	2	1214.222
-2.356194	1.574060	2.783565	4	71	77	1213.671
0.261799	1.658653	-2.409879	5	6	10	1212.803
2.617994	1.194549	-0.801900	5	70	5	1211.100
-0.261799	1.617114	-1.572037	4	1	17	1210.883
-0.261799	2.063651	-2.044600	16	72	16	1210.461
-0.261799	1.756530	-2.105156	7	5	12	1210.448
2.879793	1.194549	-0.801900	4	70	5	1210.028
0.523599	2.153910	-1.714959	4	4	13	1210.023
1.832596	1.325504	-1.671296	7	10	14	1209.908
-2.617994	1.025536	1.576859	7	13	78	1209.713
2.879793	1.569311	-3.003978	9	8	5	1207.175
1.047198	2.153910	-1.714959	78	0	13	1205.519
-2.617994	2.153910	-1.714959	3	1	17	1204.925
-1.308997	2.104282	-0.813972	0	79	19	1204.873
0.000000	1.699788	2.452890	6	5	75	1204.461
0.261799	1.736875	3.023612	14	5	2	1203.281
-0.261799	1.128190	-2.288622	7	6	11	1202.595
0.000000	1.128190	-2.288622	11	6	9	1201.091
2.617994	1.554776	0.100351	12	7	2	1200.958
0.000000	1.325504	-1.671296	6	6	9	1199.333
0.000000	2.704512	1.488683	76	9	5	1195.760
2.356194	2.455966	-0.641220	11	79	15	1195.013
1.047198	1.904882	-1.478089	10	9	7	1194.797
-0.785398	1.812176	0.656819	9	6	0	1193.072
0.261799	2.251330	-2.330739	7	1	15	1192.853
0.523599	1.741644	-2.695914	11	7	8	1192.775
0.000000	1.869911	2.701025	9	5	77	1191.789
-2.879793	2.719179	-1.780644	5	78	15	1191.575
-0.785398	1.875281	0.107086	75	10	0	1190.441
-0.261799	2.881233	-2.582574	8	79	14	1190.292
-2.356194	1.948085	-2.363031	9	76	14	1189.873
2.617994	1.683268	0.374177	10	8	2	1189.390
-0.261799	1.413347	-1.339188	5	7	7	1189.383
-0.523599	1.756530	-2.105156	8	5	12	1188.893
-0.523599	2.251330	-2.330739	16	70	12	1188.327
0.261799	2.138223	1.678323	9	6	79	1188.121
0.523599	2.393226	1.857173	9	7	1	1187.834
-0.261799	2.138223	1.678323	9	6	3	1187.655
2.617994	1.510910	-0.740472	7	71	6	1187.089
-0.523599	2.379497	0.561089	1	6	9	1186.576
-1.047198	1.872854	1.543456	3	10	0	1186.137
-0.261799	1.134497	-1.109631	5	7	6	1185.930
-3.141593	1.391910	3.030322	2	9	8	1185.538
1.832596	1.413347	-1.339188	3	10	8	1184.872
0.785398	2.396274	-1.959260	6	0	14	1182.880
-0.523599	2.063651	-2.044600	13	70	16	1181.545
2.879793	1.417623	-0.202254	7	9	4	1181.193
0.785398	2.041297	-2.664597	10	9	9	1180.899
-0.523599	2.041297	-2.664597	8	3	15	1179.922
0.523599	2.299159	2.264663	3	8	5	1179.864
-1.308997	2.187132	-0.479875	79	3	17	1179.219
0.523599	1.948085	-2.363031	12	5	12	1177.999
-0.523599	0.850607	-1.335383	10	6	4	1177.972
1.832596	1.617114	-1.572037	8	10	14	1177.354
-3.141593	1.134497	-1.109631	2	71	0	1177.278
-0.523599	2.295480	1.008277	78	11	0	1177.205
-0.785398	2.108018	1.311430	3	9	1	1177.017
-1.047198	2.247462	0.191623	11	4	9	1175.699
0.523599	2.033014	2.977192	9	5	11	1175.022
1.308997	1.756530	-2.105156	6	15	4	1174.788
0.523599	1.756530	-2.105156	3	6	11	1174.344
-1.308997	1.982574	-1.115518	0	0	20	1173.912
-0.523599	0.866395	-2.492918	8	66	1	1173.662
-2.094395	2.041297	-2.664597	7	73	11	1173.631
-0.261799	1.836682	-0.676006	3	79	20	1173.232
0.000000	1.545873	-1.877082	5	5	12	1172.689
-0.523599	1.325504	-1.671296	7	5	11	1172.448
-3.141593	1.194549	-0.801900	9	9	6	1171.496
-0.523599	2.404280	-0.174044	74	2	13	1170.958
1.832596	2.343981	-1.040456	9	78	16	1170.864
2.356194	1.450119	-2.739050	77	16	2	1169.885
-0.523599	1.194549	-0.801900	8	6	13	1169.759
0.261799	1.242974	-2.977882	14	5	5	1169.541
-1.047198	2.760637	2.781135	15	75	7	1169.401
-0.785398	0.866955	-0.931351	4	7	77	1168.954
-0.261799	1.766067	2.153843	5	6	76	1168.775
-0.785398	1.809167	1.213774	8	6	77	1168.108
-1.308997	2.724429	-0.348782	3	5	12	1167.573
-0.785398	1.606104	-0.451151	2	7	10	1167.316
0.000000	0.992645	-1.723759	8	9	8	1164.813
-2.356194	0.910508	1.903534	6	11	6	1164.373
-2.879793	0.910508	1.903534	1	15	74	1163.888
0.261799	2.579248	-2.364801	7	0	15	1163.870
-0.523599	2.138223	1.678323	1	10	0	1163.259
-0.523599	2.356369	3.005869	16	77	8	1163.143
0.261799	1.448123	-2.163292	4	6	12	1163.125
-2.356194	2.343981	-1.040456	6	3	15	1162.765
-3.141593	1.569311	-3.003978	3	10	7	1162.703
2.879793	1.658653	-2.409879	11	8	1	1162.318
2.356194	2.104282	-0.813972	11	8	13	1161.165
2.879793	2.404280	-0.174044	15	78	12	1160.778
0.000000	1.766067	2.153843	5	6	75	1160.065
2.617994	0.914445	2.687814	78	17	76	1160.050
-0.785398	2.247462	0.191623	1	9	3	1158.407
0.523599	1.998705	2.370472	5	8	1	1157.906
2.094395	2.104282	-0.813972	12	7	13	1157.658
1.308997	1.904882	-1.478089	9	10	7	1157.106
-1.047198	2.587733	0.232235	4	6	12	1157.018
-2.356194	2.579248	-2.364801	3	1	16	1156.912
0.261799	1.450119	-2.739050	12	5	8	1156.426
-0.261799	1.824694	1.850876	5	6	76	1155.584
-1.570796	1.555207	1.708892	5	10	5	1154.826
2.879793	1.128190	-2.288622	8	8	10	1153.893
-1.047198	1.875281	0.107086	77	12	0	1152.728
0.261799	1.870545	-2.976234	12	5	5	1151.946
-0.785398	1.194549	-0.801900	6	6	6	1151.774
0.000000	2.153910	-1.714959	6	4	13	1151.611
0.261799	0.618092	2.539118	9	76	16	1150.785
-2.356194	2.180315	-1.357379	5	1	16	1150.400
-0.523599	0.992645	-1.723759	10	6	5	1149.660
-1.047198	2.089241	-0.114193	11	4	10	1149.377
0.523599	2.164094	-2.991358	9	4	12	1149.295
-0.785398	2.592629	0.909713	1	10	6	1148.880
0.261799	2.180315	-1.357379	5	76	16	1148.778
2.879793	1.391910	3.030322	7	8	10	1148.635
-1.832596	2.396274	-1.959260	8	0	15	1148.297
-1.832596	2.164094	-2.991358	10	75	12	1147.125
-0.523599	1.545873	-1.877082	8	5	11	1147.063
-0.261799	1.433411	-1.035986	7	5	12	1146.926
1.832596	2.760637	2.781135	72	6	7	1146.309
0.261799	1.545873	-1.877082	8	8	7	1146.063
-1.047198	0.866955	-0.931351	6	7	0	1145.941
-1.047198	1.732874	-0.951685	11	5	8	1145.819
-0.785398	2.138223	1.678323	3	10	0	1144.380
0.261799	2.153910	-1.714959	4	2	14	1144.101
-1.047198	0.571433	-1.188419	8	6	78	1143.564
-0.523599	2.863997	0.549740	0	7	10	1141.915
-1.047198	2.724429	-0.348782	0	5	11	1141.643
0.261799	1.872854	1.543456	5	69	74	1141.429
0.000000	1.242974	-2.977882	15	2	4	1141.318
0.000000	2.251330	-2.330739	7	1	15	1141.281
2.094395	2.343981	-1.040456	9	79	16	1140.997
0.261799	1.948085	-2.363031	6	2	14	1140.455
-0.785398	2.187132	-0.479875	75	3	15	1140.237
0.523599	2.478122	2.609777	8	3	13	1140.101
-0.523599	0.899350	-2.069907	9	6	10	1140.002
0.785398	2.180315	-1.357379	0	79	15	1139.251
-2.879793	2.881233	-2.582574	72	79	10	1138.936
0.000000	1.824694	1.850876	7	4	73	1138.319
-2.617994	2.456751	-1.503343	4	3	15	1138.222
-0.261799	2.295480	1.008277	77	9	3	1138.130
-0.785398	1.662363	0.915448	1	7	72	1137.973
-3.141593	1.135834	-1.431087	4	8	11	1136.290
-1.832596	1.025536	1.576859	3	10	7	1136.074
-0.523599	0.685216	-1.712745	9	5	79	1135.317
-3.141593	2.579248	-2.364801	4	78	16	1134.442
-0.523599	1.510910	-0.740472	79	6	15	1133.210
2.356194	1.050534	3.042579	79	17	78	1132.646
0.261799	1.569311	-3.003978	12	5	5	1132.600
1.570796	2.979456	-1.009304	7	76	14	1132.267
0.261799	1.374601	-2.456031	6	7	8	1131.689
0.523599	2.719179	-1.780644	6	79	15	1131.353
-0.261799	1.872854	1.543456	6	5	73	1131.312
-1.308997	1.721184	-0.153948	2	7	18	1130.764
-3.141593	1.433411	-1.035986	8	9	2	1130.438
-0.523599	1.732874	-0.951685	4	79	21	1130.110
2.094395	2.455966	-0.641220	11	76	14	1129.532
0.000000	2.407836	1.410646	7	8	2	1128.242
-0.523599	0.379747	-1.713059	9	6	77	1128.161
-1.308997	1.195355	1.200319	0	11	4	1128.024
-2.879793	2.396274	-1.959260	5	78	15	1128.020
-0.785398	2.379497	0.561089	4	6	10	1127.660
-0.261799	2.592629	0.909713	0	8	8	1127.577
0.523599	2.356369	3.005869	2	3	14	1127.110
-1.047198	0.850607	-1.335383	1	10	4	1126.985
-1.570796	2.247462	0.191623	3	11	12	1125.738
-2.617994	1.574060	2.783565	76	71	72	1125.493
-1.047198	2.455966	-0.641220	75	2	15	1125.457
1.570796	2.180315	-1.357379	9	11	7	1123.907
-0.523599	2.001437	0.381215	79	9	2	1123.762
-2.617994	2.180315	-1.357379	6	2	16	1123.471
0.523599	2.396274	-1.959260	14	0	15	1122.883
2.879793	1.870545	-2.976234	9	9	3	1122.526
0.000000	2.138223	1.678323	10	6	79	1122.353
-1.832596	0.700570	1.559208	4	11	6	1122.135
2.879793	1.721184	-0.153948	10	72	6	1121.900
-2.879793	0.591903	2.010408	0	16	77	1121.394
-1.308997	1.836682	-0.676006	3	1	20	1121.295
-2.879793	2.579248	-2.364801	4	79	16	1121.247
-1.047198	1.433411	-1.035986	11	5	6	1121.183
0.785398	2.393226	1.857173	7	10	0	1119.964
0.523599	1.846342	-1.796954	7	9	8	1119.908
-0.785398	0.762244	-0.273349	7	10	15	1119.854
-1.570796	2.979456	-1.009304	77	1	13	1119.824
-1.308997	1.909857	-0.381669	1	4	19	1119.539
0.261799	2.393226	1.857173	5	8	2	1119.190
2.094395	1.904882	-1.478089	5	12	7	1118.838
1.308997	1.134497	-1.109631	4	9	9	1118.438
0.523599	2.041297	-2.664597	11	7	9	1118.393
2.617994	2.404280	-0.174044	15	76	12	1118.146
0.261799	2.164094	-2.991358	10	2	12	1118.061
-2.617994	1.662363	0.915448	7	14	75	1117.643
-1.570796	2.724429	-0.348782	4	5	13	1116.848
2.356194	2.863997	0.549740	10	70	9	1116.744
-0.785398	2.089241	-0.114193	77	3	17	1116.694
-1.047198	0.762244	-0.273349	10	10	15	1116.613
-2.094395	2.153910	-1.714959	4	78	16	1116.552
-0.523599	1.846342	-1.796954	12	72	19	1116.500
2.094395	1.214854	-1.966664	5	11	11	1116.349
-0.785398	2.041297	-2.664597	9	3	15	1116.253
0.000000	2.396274	-1.959260	17	72	14	1116.221
-1.047198	1.696674	-1.253233	11	5	8	1116.211
-0.261799	2.704512	1.488683	78	10	4	1116.176
-2.094395	0.700570	1.559208	0	15	76	1116.087
-0.785398	2.295480	1.008277	2	10	5	1115.996
-2.094395	2.456751	-1.503343	4	0	15	1115.780
-2.356194	1.699788	2.452890	5	71	74	1115.752
1.308997	2.979456	-1.009304	6	77	14	1115.706
-2.356194	1.391910	3.030322	0	71	73	1115.608
-2.617994	0.910508	1.903534	2	14	74	1115.321
2.617994	1.417623	-0.202254	4	70	79	1115.290
-1.570796	1.732874	-0.951685	12	4	8	1115.089
-2.617994	2.579248	-2.364801	4	0	16	1115.012
2.094395	1.617114	-1.572037	6	10	14	1114.887
1.832596	1.696674	-1.253233	12	4	22	1114.543
-0.785398	2.404280	-0.174044	0	5	12	1114.260
0.785398	1.214854	-1.966664	16	7	17	1113.978
-2.879793	1.809167	1.213774	7	10	72	1113.716
0.785398	2.719179	-1.780644	6	78	15	1112.777
-0.523599	1.696674	-1.253233	2	1	17	1112.397
-2.356194	0.700570	1.559208	3	15	0	1112.321
2.879793	1.450119	-2.739050	9	8	7	1111.756
2.617994	2.187132	-0.479875	11	10	6	1111.231
-0.785398	1.417623	-0.202254	77	9	6	1110.892
-2.094395	1.948085	-2.363031	9	77	14	1110.790
-1.832596	1.310100	1.488307	79	14	75	1110.695
0.000000	1.658653	-2.409879	10	6	2	1110.684
-2.879793	1.617114	-1.572037	11	75	11	1110.231
-2.356194	2.396274	-1.959260	5	0	15	1109.886
1.570796	1.846342	-1.796954	10	12	13	1109.404
1.308997	1.846342	-1.796954	12	10	13	1108.698
2.879793	1.374601	-2.456031	9	8	8	1108.459
-2.094395	2.251330	-2.330739	8	78	15	1108.281
-1.047198	1.135834	-1.431087	3	8	11	1107.878
-0.785398	2.396274	-1.959260	8	4	14	1107.707
0.785398	2.063651	-2.044600	78	1	14	1107.478
-1.570796	2.396274	-1.959260	8	0	15	1107.267
0.785398	2.984978	1.954446	0	8	9	1107.092
-0.785398	1.977582	0.969896	0	10	4	1107.074
-2.094395	2.164094	-2.991358	10	75	12	1106.721
0.785398	1.948085	-2.363031	11	7	12	1105.280
0.523599	0.618092	2.539118	11	77	16	1104.405
-1.047198	1.606104	-0.451151	3	3	20	1104.106
-0.261799	2.579248	-2.364801	7	1	15	1103.932
0.000000	0.866395	-2.492918	13	4	0	1103.673
-1.047198	0.992645	-1.723759	4	9	7	1103.628
-1.047198	1.413347	-1.339188	0	9	3	1103.510
-1.308997	0.906588	1.252948	2	11	7	1103.091
1.570796	1.545873	-1.877082	3	14	7	1102.436
-0.523599	1.214854	-1.966664	8	5	11	1101.447
-1.047198	1.301460	-0.509251	77	12	8	1101.309
0.261799	2.063651	-2.044600	19	79	15	1101.262
2.617994	2.033014	2.977192	3	12	4	1101.215
2.356194	0.866395	-2.492918	76	14	4	1100.977
-2.094395	2.760637	2.781135	6	74	12	1099.838
-2.879793	1.699788	2.452890	0	71	75	1099.519
0.000000	1.948085	-2.363031	20	78	12	1099.442
0.261799	2.396274	-1.959260	6	0	15	1099.414
-1.308997	1.606104	-0.451151	4	4	20	1099.276
-1.308997	2.979456	-1.009304	73	79	11	1099.081
-3.141593	1.374601	-2.456031	9	9	4	1099.062
1.047198	2.251330	-2.330739	9	9	12	1098.427
-1.308997	1.696674	-1.253233	12	5	8	1097.803
2.617994	1.875281	0.107086	9	8	0	1097.748
-2.879793	0.864993	2.278281	1	13	72	1097.225
1.570796	1.904882	-1.478089	8	11	8	1096.926
-1.047198	1.194549	-0.801900	11	5	4	1096.559
-0.785398	2.115563	0.685730	5	7	8	1096.445
0.785398	2.456751	-1.503343	18	77	16	1096.248
-0.261799	1.998705	2.370472	7	6	77	1096.230
2.879793	2.247462	0.191623	16	75	9	1095.577
2.617994	0.733948	3.021411	76	16	0	1095.574
-2.617994	2.063651	-2.044600	2	79	16	1095.542
-0.785398	2.863997	0.549740	1	8	8	1095.182
-1.047198	2.588535	-2.976617	7	0	16	1095.179
-0.785398	1.948085	-2.363031	9	4	13	1094.879
1.570796	1.374601	-2.456031	2	18	0	1094.728
1.570796	1.696674	-1.253233	6	10	9	1094.294
-1.047198	1.809167	1.213774	2	11	2	1094.179
2.617994	2.455966	-0.641220	8	76	13	1093.977
1.047198	2.063651	-2.044600	15	10	11	1093.939
-1.047198	1.510910	-0.740472	11	5	6	1093.863
1.308997	2.063651	-2.044600	8	14	4	1093.713
0.000000	1.836682	-0.676006	4	78	20	1093.616
-0.785398	1.555207	1.708892	7	2	72	1093.298
2.879793	1.256302	0.062705	7	10	3	1093.253
2.094395	0.929350	-2.910676	0	17	2	1092.967
-1.047198	1.195355	1.200319	3	11	3	1092.920
2.879793	1.113094	-0.272241	9	9	7	1092.886
2.094395	0.866395	-2.492918	78	16	4	1092.746
-0.261799	2.396274	-1.959260	7	3	14	1091.239
-2.094395	2.396274	-1.959260	3	77	14	1091.010
0.261799	2.719179	-1.780644	6	79	15	1090.590
0.000000	2.719179	-1.780644	5	0	15	1090.576
-2.356194	2.984978	1.954446	12	72	9	1090.517
0.261799	0.992645	-1.723759	6	11	8	1090.360
2.094395	1.325504	-1.671296	5	10	14	1089.997
0.000000	2.174483	2.653697	4	6	14	1089.830
-2.094395	2.356369	3.005869	8	74	12	1089.527
2.879793	1.134497	-1.109631	4	71	8	1089.052
-2.356194	1.218453	2.777284	76	69	79	1089.037
2.617994	1.135834	-1.431087	16	4	9	1088.829
-2.879793	1.977582	0.969896	8	10	70	1088.631
-2.094395	2.664082	-1.071402	4	5	14	1088.408
-0.523599	2.349581	-2.702517	14	74	10	1087.889
-1.570796	0.709924	0.218797	12	11	12	1087.160
-2.617994	1.904882	-1.478089	12	77	13	1087.065
2.879793	1.504028	0.636812	8	9	5	1086.862
2.879793	2.719179	-1.780644	9	0	14	1086.637
-2.617994	1.617114	-1.572037	12	75	11	1086.557
-2.356194	1.982574	-1.115518	13	76	11	1086.342
2.879793	1.699788	2.452890	4	10	9	1086.166
-1.832596	1.870545	-2.976234	12	75	11	1085.726
-1.047198	2.592629	0.909713	4	12	7	1085.718
-2.356194	2.456751	-1.503343	3	3	15	1085.673
0.523599	2.180315	-1.357379	6	78	16	1084.890
-0.261799	1.732874	-0.951685	5	79	21	1084.534
1.832596	1.846342	-1.796954	2	15	7	1084.533
2.094395	1.982574	-1.115518	10	9	11	1084.192
0.785398	1.756530	-2.105156	15	9	11	1083.963
0.000000	2.863997	0.549740	74	6	9	1083.949
0.261799	0.914445	2.687814	9	75	16	1083.602
1.308997	1.617114	-1.572037	13	6	20	1083.218
1.570796	2.343981	-1.040456	18	79	17	1083.113
-0.785398	1.732874	-0.951685	0	3	16	1082.772
1.047198	2.664082	-1.071402	18	74	14	1082.485
2.879793	1.433411	-1.035986	12	7	4	1082.245
-2.094395	2.719179	-1.780644	4	2	15	1082.129
-0.261799	1.194549	-0.801900	7	5	13	1081.929
0.261799	1.214854	-1.966664	9	9	6	1081.921
-0.261799	2.153910	-1.714959	12	71	18	1081.729
-2.617994	0.591903	2.010408	1	15	75	1081.532
0.523599	2.456751	-1.503343	17	74	16	1081.385
-2.094395	1.870545	-2.976234	11	74	10	1081.218
-1.832596	2.343981	-1.040456	78	1	17	1080.522
0.785398	2.349581	-2.702517	5	2	13	1080.212
0.000000	0.370812	-2.547742	3	77	17	1080.169
-1.047198	2.187132	-0.479875	79	1	18	1080.009
0.261799	2.041297	-2.664597	13	4	9	1079.671
2.879793	1.741644	-2.695914	8	9	5	1079.534
-1.308997	2.379497	0.561089	3	12	9	1078.182
-2.356194	1.025536	1.576859	3	14	74	1078.063
-3.141593	2.587733	0.232235	13	10	3	1077.963
-0.523599	2.881233	-2.582574	7	78	15	1077.935
0.785398	1.658653	-2.409879	78	2	15	1077.732
0.261799	2.356369	3.005869	10	4	12	1077.549
-2.356194	1.846342	-1.796954	5	77	16	1077.374
0.000000	1.135834	-1.431087	12	6	11	1077.364
0.785398	1.696674	-1.253233	13	79	22	1077.349
2.356194	1.135813	-2.658866	77	15	3	1077.313
-1.047198	1.683268	0.374177	79	10	13	1076.634
-0.261799	0.080730	-2.622036	3	0	17	1076.082
-1.308997	2.343981	-1.040456	76	0	17	1075.793
1.832596	2.719179	-1.780644	10	8	14	1075.651
-1.832596	2.033014	2.977192	11	75	10	1075.357
-1.047198	1.554776	0.100351	77	12	0	1075.339
-1.570796	1.909857	-0.381669	2	6	19	1075.133
2.879793	1.510910	-0.740472	11	8	0	1075.027
-2.094395	2.174483	2.653697	10	74	9	1074.635
2.617994	2.719179	-1.780644	9	0	14	1074.226
-0.261799	0.850607	-1.335383	5	7	0	1074.068
-3.141593	1.413430	2.550734	0	10	10	1074.009
2.879793	2.881233	-2.582574	4	79	16	1073.644
0.000000	2.637879	2.121598	10	2	13	1073.539
0.000000	2.041297	-2.664597	15	4	6	1073.236
-2.094395	2.984978	1.954446	14	74	9	1073.197
-2.879793	0.297065	2.160177	78	17	0	1073.100
-2.879793	1.662363	0.915448	8	12	75	1072.923
2.879793	1.554776	0.100351	10	72	79	1072.755
-0.261799	1.904882	-1.478089	1	4	11	1072.664
2.617994	2.881233	-2.582574	76	5	10	1071.875
-3.141593	1.812176	0.656819	10	74	73	1071.367
2.356194	1.214854	-1.966664	3	10	12	1070.975
0.785398	1.569311	-3.003978	79	4	15	1070.671
-1.308997	2.456751	-1.503343	7	0	15	1070.287
-2.094395	2.343981	-1.040456	13	79	14	1070.213
2.879793	1.812176	0.656819	14	72	75	1070.104
2.617994	2.343981	-1.040456	9	79	15	1070.067
-2.094395	1.025536	1.576859	0	14	74	1070.009
-0.785398	2.251330	-2.330739	8	3	14	1069.832
0.785398	2.637879	2.121598	70	11	79	1069.698
-0.261799	2.251330	-2.330739	18	73	12	1069.315
-3.141593	2.704512	1.488683	8	69	5	1069.273
2.617994	1.504028	0.636812	3	11	78	1068.815
-1.047198	0.674054	1.013609	1	11	7	1068.577
-2.617994	1.824694	1.850876	2	72	71	1068.497
-2.094395	2.579248	-2.364801	3	1	16	1068.268
1.570796	1.128190	-2.288622	0	17	3	1068.159
2.879793	2.579248	-2.364801	76	4	11	1067.797
2.094395	2.719179	-1.780644	8	1	14	1067.161
0.261799	1.554776	0.100351	4	69	75	1066.709
1.047198	2.180315	-1.357379	78	77	14	1066.609
-1.047198	1.721184	-0.153948	76	11	2	1066.312
2.617994	2.587733	0.232235	12	75	11	1066.224
-2.094395	2.478122	2.609777	9	74	11	1066.185
0.261799	0.733948	3.021411	7	75	16	1066.057
-2.617994	1.488617	1.159546	8	13	72	1065.835
1.570796	2.187132	-0.479875	17	72	17	1065.823
-1.570796	1.721184	-0.153948	4	8	18	1065.706
-3.141593	2.719179	-1.780644	5	77	15	1065.306
2.094395	2.180315	-1.357379	8	4	19	1065.295
-0.261799	2.299159	2.264663	11	4	12	1064.081
-2.617994	1.391910	3.030322	79	71	73	1063.224
-1.308997	1.256302	0.062705	3	10	17	1063.036
-0.785398	2.455966	-0.641220	75	0	15	1063.030
-3.141593	1.809167	1.213774	8	72	77	1062.440
-1.047198	0.203748	0.590255	4	78	17	1061.771
0.523599	0.914445	2.687814	12	74	14	1060.832
0.261799	1.741644	-2.695914	12	4	8	1060.703
-1.832596	2.719179	-1.780644	0	79	14	1060.527
-1.832596	1.875281	0.107086	6	11	15	1060.511
1.047198	1.846342	-1.796954	17	6	18	1060.211
-2.356194	1.904882	-1.478089	6	78	16	1059.904
-0.523599	1.948085	-2.363031	8	4	13	1059.502
0.785398	0.618092	2.539118	12	78	16	1059.438
-2.094395	1.335669	0.897240	9	15	2	1059.307
-2.879793	2.456751	-1.503343	10	78	14	1059.077
2.617994	1.836682	-0.676006	12	7	14	1059.065
0.785398	1.904882	-1.478089	11	8	7	1059.054
-2.879793	1.335669	0.897240	9	14	76	1058.688
-2.879793	1.025536	1.576859	2	16	74	1058.464
-2.094395	1.014500	0.906702	7	13	8	1058.212
-2.094395	2.180315	-1.357379	5	0	16	1058.081
0.000000	1.904882	-1.478089	0	4	11	1058.006
2.879793	1.875281	0.107086	11	72	5	1057.969
-1.308997	0.762244	-0.273349	13	9	16	1057.896
0.523599	1.870545	-2.976234	8	5	11	1057.817
2.356194	2.343981	-1.040456	8	76	13	1057.808
-2.094395	1.391910	3.030322	5	71	77	1057.684
-1.570796	1.875281	0.107086	4	11	15	1057.542
-2.617994	2.251330	-2.330739	0	77	14	1057.271
-2.879793	1.488617	1.159546	8	12	73	1057.089
-3.141593	1.450119	-2.739050	6	10	7	1056.949
1.308997	1.545873	-1.877082	5	14	7	1056.845
0.261799	1.325504	-1.671296	8	8	3	1056.457
-2.879793	2.979456	-1.009304	4	79	15	1056.089
-0.523599	1.617114	-1.572037	4	1	17	1056.072
-1.047198	2.073035	2.027405	1	11	75	1055.960
1.308997	1.696674	-1.253233	9	9	9	1055.957
-2.356194	2.251330	-2.330739	7	77	14	1055.558
2.879793	1.683268	0.374177	10	72	76	1055.472
1.047198	1.756530	-2.105156	9	13	4	1054.913
1.832596	0.370812	-2.547742	8	12	11	1054.848
-1.047198	2.881233	-2.582574	6	78	15	1054.769
-0.785398	1.721184	-0.153948	11	5	8	1054.726
-2.879793	1.904882	-1.478089	11	75	12	1054.688
1.047198	2.396274	-1.959260	6	79	15	1054.602
1.047198	1.617114	-1.572037	14	5	20	1054.422
2.094395	2.588535	-2.976617	71	5	8	1054.262
-2.356194	1.658653	-2.409879	9	75	13	1053.972
-2.094395	1.741644	-2.695914	13	75	10	1053.685
0.000000	2.299159	2.264663	10	5	12	1053.639
2.879793	0.618092	2.539118	0	16	78	1053.236
-2.356194	1.617114	-1.572037	14	76	10	1053.006
1.570796	2.153910	-1.714959	9	13	5	1052.808
0.523599	0.992645	-1.723759	4	13	8	1052.770
-1.308997	1.433411	-1.035986	13	5	6	1052.683
-2.879793	1.846342	-1.796954	11	76	13	1052.143
2.617994	1.301460	-0.509251	12	7	5	1051.750
0.523599	2.349581	-2.702517	5	3	13	1051.731
-2.094395	1.904882	-1.478089	6	78	17	1051.576
2.356194	1.732874	-0.951685	6	10	9	1051.413
1.570796	1.824694	1.850876	79	68	72	1051.170
0.000000	1.736875	3.023612	11	4	74	1050.960
0.000000	1.134497	-1.109631	3	8	6	1050.805
-2.879793	1.696674	-1.253233	12	75	11	1050.701
1.832596	2.664082	-1.071402	7	76	14	1050.514
-0.523599	2.478122	2.609777	17	79	5	1050.101
-2.356194	2.719179	-1.780644	5	0	15	1049.548
-2.879793	1.247695	1.809890	3	12	67	1049.529
0.000000	2.881233	-2.582574	7	79	15	1049.402
0.000000	0.685216	-1.712745	2	73	14	1049.256
0.261799	0.762244	-0.273349	9	72	13	1049.179
1.570796	2.456751	-1.503343	9	1	15	1048.656
-3.141593	2.863997	0.549740	9	73	10	1048.613
2.617994	1.113094	-0.272241	4	12	78	1048.578
-1.047198	1.836682	-0.676006	2	0	20	1048.576
1.570796	1.836682	-0.676006	15	74	20	1048.354
0.785398	2.979456	-1.009304	5	78	15	1048.226
-0.523599	1.301460	-0.509251	8	5	18	1048.224
2.879793	2.343981	-1.040456	10	78	14	1048.054
1.570796	2.455966	-0.641220	5	75	14	1047.959
1.308997	2.104282	-0.813972	16	74	19	1047.745
1.308997	2.153910	-1.714959	15	9	13	1047.664
-1.308997	2.073035	2.027405	2	10	74	1047.225
-0.261799	1.606104	-0.451151	1	2	19	1047.185
-2.094395	1.413430	2.550734	3	72	72	1046.743
2.094395	1.696674	-1.253233	12	5	22	1046.740
-1.047198	0.591903	2.010408	1	77	16	1046.728
-1.570796	2.587733	0.232235	3	12	11	1046.469
0.261799	2.478122	2.609777	9	3	14	1046.189
2.094395	2.724429	-0.348782	7	75	13	1046.013
0.000000	2.033014	2.977192	11	4	11	1045.589
-0.261799	0.674054	1.013609	5	73	15	1045.369
-2.879793	0.618092	2.539118	1	3	16	1044.617
0.261799	1.699788	2.452890	8	5	1	1044.427
-2.617994	0.297065	2.160177	79	15	77	1044.151
-2.879793	1.310100	1.488307	6	12	69	1044.136
-2.094395	2.724429	-0.348782	2	10	13	1043.965
-3.141593	0.864993	2.278281	7	11	6	1043.817
-1.308997	0.203748	0.590255	77	17	3	1042.984
-1.570796	1.683268	0.374177	5	12	13	1042.815
-1.047198	1.417623	-0.202254	8	7	16	1042.784
-2.356194	2.979456	-1.009304	5	79	15	1042.632
0.785398	2.588535	-2.976617	9	9	9	1042.338
-2.879793	1.134497	-1.109631	2	10	9	1042.309
-1.570796	2.343981	-1.040456	78	79	17	1042.184
-1.570796	2.104282	-0.813972	0	1	19	1041.744
0.000000	0.379747	-1.713059	2	75	16	1041.674
-1.832596	1.569311	-3.003978	13	75	9	1041.071
2.617994	1.050534	3.042579	76	16	78	1040.982
-1.308997	2.863997	0.549740	3	11	9	1040.637
-1.832596	2.180315	-1.357379	16	5	10	1040.528
-2.356194	1.242974	-2.977882	78	70	76	1040.504
2.879793	2.396274	-1.959260	4	79	14	1040.124
-2.356194	1.766067	2.153843	79	70	72	1040.079
-3.141593	0.910508	1.903534	4	15	73	1039.770
1.047198	2.456751	-1.503343	19	0	16	1039.628
1.047198	0.899350	-2.069907	2	16	5	1039.144
-0.523599	2.760637	2.781135	17	79	7	1038.949
-1.832596	1.824694	1.850876	3	10	73	1038.679
-1.047198	1.909857	-0.381669	0	3	19	1038.575
-2.617994	1.736875	3.023612	2	69	79	1038.571
2.617994	1.766067	2.153843	79	13	76	1038.390
2.879793	1.617114	-1.572037	5	10	1	1038.301
-0.523599	2.396274	-1.959260	7	3	14	1038.264
0.523599	2.579248	-2.364801	7	79	16	1038.009
-2.356194	1.756530	-2.105156	11	75	12	1037.710
2.617994	1.662363	0.915448	7	8	76	1037.469
-2.617994	1.721184	-0.153948	13	13	9	1037.289
-0.785398	1.909857	-0.381669	10	6	9	1037.202
-1.570796	2.579248	-2.364801	8	79	15	1037.080
-3.141593	2.881233	-2.582574	4	0	16	1036.917
-2.617994	1.335669	0.897240	7	15	76	1036.857
-2.617994	2.863997	0.549740	11	12	0	1035.632
-2.094395	1.050534	3.042579	79	70	74	1035.466
2.617994	1.606104	-0.451151	12	7	1	1035.351
-2.617994	2.396274	-1.959260	1	1	15	1035.239
2.356194	1.510910	-0.740472	6	70	5	1035.067
-1.570796	1.982574	-1.115518	0	2	20	1035.059
-0.523599	0.370812	-2.547742	0	78	17	1034.881
-0.261799	0.370812	-2.547742	4	77	17	1034.824
1.047198	1.134497	-1.109631	5	9	9	1034.076
-1.832596	2.724429	-0.348782	5	7	13	1034.055
-0.785398	1.836682	-0.676006	77	3	20	1034.037
0.523599	2.115563	0.685730	75	66	76	1034.036
1.047198	2.588535	-2.976617	7	10	9	1033.904
2.094395	2.404280	-0.174044	9	71	11	1033.840
-1.570796	1.554776	0.100351	5	10	16	1033.553
1.308997	2.760637	2.781135	79	8	8	1033.456
1.832596	1.391910	3.030322	4	17	76	1033.438
-1.308997	1.510910	-0.740472	12	4	7	1032.904
1.570796	2.984978	1.954446	67	1	6	1032.843
-2.094395	1.982574	-1.115518	14	78	11	1032.604
-1.570796	1.977582	0.969896	7	13	6	1032.394
-1.047198	1.904882	-1.478089	11	6	10	1032.253
-1.570796	1.195355	1.200319	77	16	77	1032.172
0.000000	1.450119	-2.739050	8	6	2	1032.135
-2.879793	0.960688	-0.577532	9	10	6	1032.107
1.308997	2.456751	-1.503343	19	3	15	1032.022
0.000000	2.356369	3.005869	11	2	12	1031.723
1.047198	2.979456	-1.009304	12	73	12	1031.520
-0.523599	1.836682	-0.676006	77	1	20	1031.342
-1.047198	2.343981	-1.040456	77	78	17	1031.231
-1.832596	2.478122	2.609777	10	74	11	1031.212
0.000000	2.349581	-2.702517	16	79	12	1031.188
-2.356194	0.906588	1.252948	7	15	1	1031.095
-2.094395	0.910508	1.903534	4	11	6	1031.086
0.785398	2.760637	2.781135	3	3	14	1030.987
-0.785398	0.685216	-1.712745	4	10	2	1030.876
1.832596	2.153910	-1.714959	6	14	5	1030.768
2.617994	1.869911	2.701025	4	11	2	1030.573
0.523599	2.251330	-2.330739	20	4	11	1030.408
-2.879793	1.909857	-0.381669	17	1	12	1030.366
2.356194	1.982574	-1.115518	6	11	6	1030.201
-1.832596	2.251330	-2.330739	8	78	15	1030.169
1.308997	0.619654	-2.216909	79	18	2	1030.104
-1.308997	2.881233	-2.582574	5	76	14	1030.031
-1.570796	1.045978	0.343692	5	12	14	1029.894
1.570796	2.138223	1.678323	78	67	72	1029.521
-1.047198	2.379497	0.561089	0	11	9	1029.392
-3.141593	1.982574	-1.115518	6	1	17	1029.216
-2.879793	1.824694	1.850876	78	71	72	1029.141
0.523599	2.637879	2.121598	0	8	7	1029.138
-1.308997	0.961715	0.014085	9	10	14	1029.068
-3.141593	2.180315	-1.357379	10	78	14	1029.066
-1.308997	0.709924	0.218797	9	11	12	1028.871
2.356194	1.875281	0.107086	10	5	73	1028.720
-1.047198	2.104282	-0.813972	77	2	19	1028.676
-2.356194	1.870545	-2.976234	6	72	9	1028.478
1.047198	2.719179	-1.780644	7	77	15	1028.432
-1.308997	0.591903	2.010408	0	77	16	1028.394
2.617994	0.929350	-2.910676	76	14	0	1028.314
-2.094395	1.301460	-0.509251	16	2	12	1027.650
2.879793	1.335669	0.897240	5	9	8	1027.363
-1.047198	1.325504	-1.671296	2	66	6	1027.184
0.261799	0.640596	-2.797608	7	75	16	1027.091
1.832596	0.080730	-2.622036	8	13	11	1027.066
-2.617994	2.984978	1.954446	9	69	8	1026.958
0.000000	1.872854	1.543456	6	4	72	1026.925
-0.261799	0.733948	3.021411	10	64	77	1026.891
-1.570796	1.025536	1.576859	5	10	1	1026.861
-1.832596	0.831641	0.616218	7	13	12	1026.724
-2.879793	2.863997	0.549740	15	8	7	1026.414
-1.570796	2.089241	-0.114193	2	9	16	1026.302
-1.832596	2.579248	-2.364801	8	79	15	1026.276
0.000000	2.592629	0.909713	74	7	7	1025.381
0.785398	0.591903	2.010408	12	78	16	1025.261
0.523599	0.864993	2.278281	11	75	15	1023.842
2.879793	2.180315	-1.357379	10	78	14	1023.834
-0.523599	2.393226	1.857173	12	2	12	1023.793
-2.356194	1.195355	1.200319	9	12	5	1022.617
-1.308997	1.045978	0.343692	3	12	14	1022.496
-1.832596	1.218453	2.777284	6	70	77	1022.263
-0.523599	2.104282	-0.813972	77	77	19	1022.079
-1.308997	1.741644	-2.695914	13	66	7	1021.847
0.000000	2.984978	1.954446	10	2	14	1021.318
0.261799	2.881233	-2.582574	8	77	15	1020.929
-2.356194	1.335669	0.897240	5	17	76	1020.893
2.356194	2.664082	-1.071402	9	1	15	1020.808
-1.570796	1.417623	-0.202254	6	8	19	1020.255
0.523599	2.073035	2.027405	11	6	2	1019.985
-2.617994	2.664082	-1.071402	0	8	15	1019.672
0.000000	2.063651	-2.044600	6	4	13	1019.522
0.000000	0.899350	-2.069907	10	7	5	1019.416
-1.308997	2.984978	1.954446	17	1	8	1018.939
-1.047198	2.979456	-1.009304	74	79	12	1018.811
-0.785398	1.301460	-0.509251	2	8	0	1018.804
-1.570796	2.001437	0.381215	4	12	11	1018.792
2.094395	1.135813	-2.658866	79	17	4	1018.782
1.047198	2.478122	2.609777	7	4	14	1018.633
1.832596	2.180315	-1.357379	8	12	7	1018.230
1.570796	2.063651	-2.044600	6	16	3	1017.921
-2.356194	2.187132	-0.479875	11	8	16	1017.389
0.000000	1.870545	-2.976234	17	79	10	1017.316
-3.141593	1.904882	-1.478089	13	73	9	1017.142
0.523599	1.569311	-3.003978	1	8	6	1017.102
-1.308997	2.396274	-1.959260	8	0	15	1017.091
2.879793	2.863997	0.549740	14	74	10	1017.035
2.879793	1.413430	2.550734	2	9	10	1016.841
1.570796	2.664082	-1.071402	6	77	14	1016.799
2.094395	1.545873	-1.877082	6	12	12	1016.723
0.785398	2.343981	-1.040456	15	72	18	1016.210
2.879793	2.089241	-0.114193	14	76	12	1016.182
2.617994	1.982574	-1.115518	7	77	15	1016.173
-0.785398	2.588535	-2.976617	14	74	9	1015.816
-1.047198	2.404280	-0.174044	1	5	13	1015.712
-2.879793	1.134796	2.434290	78	8	11	1015.697
1.570796	2.588535	-2.976617	0	2	13	1015.651
1.570796	2.579248	-2.364801	7	10	12	1015.550
-2.617994	0.960688	-0.577532	8	11	7	1015.508
-0.523599	1.555207	1.708892	6	2	71	1015.322
-3.141593	1.025536	1.576859	4	15	74	1015.175
0.000000	2.164094	-2.991358	17	79	10	1015.170
0.000000	1.909857	-0.381669	1	78	19	1015.117
-1.832596	2.455966	-0.641220	5	6	15	1014.967
-1.570796	1.824694	1.850876	2	11	74	1014.762
-1.832596	2.174483	2.653697	11	74	9	1014.388
-0.523599	2.073035	2.027405	5	8	78	1014.208
2.356194	2.724429	-0.348782	8	75	13	1014.136
0.000000	1.510910	-0.740472	5	1	21	1013.955
-2.356194	2.174483	2.653697	9	73	9	1013.469
0.000000	2.180315	-1.357379	9	71	20	1013.059
0.261799	2.760637	2.781135	7	78	17	1013.048
-2.879793	1.506530	1.988858	76	72	70	1013.030
1.570796	2.760637	2.781135	72	6	7	1012.922
-0.523599	2.089241	-0.114193	74	4	13	1012.832
-2.356194	0.591903	2.010408	5	11	5	1012.822
-2.356194	1.310100	1.488307	4	13	69	1012.721
-2.879793	1.599406	1.426070	71	71	72	1012.573
-1.570796	2.187132	-0.479875	6	4	16	1012.422
-1.832596	1.335669	0.897240	7	15	2	1012.268
-2.617994	2.979456	-1.009304	0	10	12	1012.036
2.356194	1.836682	-0.676006	8	3	20	1011.823
0.261799	1.904882	-1.478089	79	4	12	1011.326
1.832596	1.904882	-1.478089	6	12	7	1011.310
2.617994	1.433411	-1.035986	4	71	6	1011.182
-0.261799	2.349581	-2.702517	9	6	72	1011.046
1.047198	2.881233	-2.582574	11	9	11	1011.038
1.047198	2.349581	-2.702517	9	9	10	1010.977
-1.308997	1.134796	2.434290	8	72	75	1010.802
-0.261799	0.866395	-2.492918	7	7	11	1010.642
2.356194	2.187132	-0.479875	10	76	15	1010.585
1.308997	2.579248	-2.364801	9	9	12	1010.409
-2.879793	2.138223	1.678323	4	71	4	1009.949
-1.308997	1.875281	0.107086	1	10	16	1009.944
0.261799	2.404280	-0.174044	76	64	0	1009.834
-1.047198	1.134497	-1.109631	1	10	5	1009.674
0.785398	2.251330	-2.330739	11	6	12	1009.620
2.617994	1.809167	1.213774	6	8	74	1009.295
-2.879793	2.704512	1.488683	11	70	5	1009.289
2.617994	1.440580	2.260026	6	9	10	1009.224
-3.141593	1.658653	-2.409879	9	10	3	1009.222
2.094395	1.242974	-2.977882	0	17	0	1009.135
0.000000	0.831641	0.616218	8	71	13	1009.114
-3.141593	1.683268	0.374177	8	74	75	1009.079
1.832596	2.455966	-0.641220	9	74	14	1008.994
-0.261799	2.478122	2.609777	10	2	12	1008.748
1.047198	1.696674	-1.253233	8	9	7	1008.701
2.094395	2.760637	2.781135	72	5	9	1008.440
0.523599	0.370812	-2.547742	3	76	17	1007.955
-1.570796	2.349581	-2.702517	10	77	13	1007.692
2.879793	1.242974	-2.977882	7	7	12	1007.505
0.785398	2.164094	-2.991358	4	3	13	1007.443
-2.617994	1.599406	1.426070	5	12	70	1007.412
0.000000	1.662363	0.915448	6	69	71	1007.276
-1.308997	1.683268	0.374177	2	11	13	1007.197
2.879793	1.606104	-0.451151	11	72	6	1007.078
-1.047198	1.335669	0.897240	3	11	6	1006.916
2.879793	2.478122	2.609777	74	67	72	1006.865
-1.047198	2.153910	-1.714959	2	70	19	1006.823
-1.047198	0.960688	-0.577532	0	13	7	1006.538
-0.523599	2.637879	2.121598	11	1	12	1006.449
1.308997	1.732874	-0.951685	13	77	22	1006.405
1.047198	2.033014	2.977192	4	2	18	1006.261
1.308997	2.251330	-2.330739	8	16	79	1006.056
-1.047198	1.504028	0.636812	5	8	0	1005.950
-0.785398	2.478122	2.609777	16	77	6	1005.871
-0.785398	1.504028	0.636812	78	11	4	1005.680
-2.094395	1.310100	1.488307	0	15	75	1005.244
-0.785398	0.619654	-2.216909	9	66	3	1005.188
-1.047198	1.977582	0.969896	3	9	2	1005.031
-0.523599	1.554776	0.100351	1	6	13	1004.792
-1.570796	1.310100	1.488307	4	11	2	1004.372
2.617994	1.721184	-0.153948	11	71	7	1004.035
-2.356194	1.440580	2.260026	2	72	72	1004.026
2.094395	1.998705	2.370472	3	12	75	1003.915
-3.141593	1.909857	-0.381669	13	5	21	1003.760
2.356194	1.696674	-1.253233	11	5	22	1003.750
-0.261799	0.640596	-2.797608	6	4	73	1003.443
-2.094395	0.906588	1.252948	4	15	1	1003.208
2.617994	1.569311	-3.003978	8	8	12	1003.191
0.261799	2.349581	-2.702517	8	1	16	1003.158
1.570796	1.617114	-1.572037	11	7	21	1003.138
-2.094395	0.418037	1.360082	78	17	79	1003.018
0.000000	1.184361	0.625864	7	69	9	1002.940
0.261799	1.135813	-2.658866	14	6	10	1002.584
1.308997	2.881233	-2.582574	13	10	10	1002.492
-2.617994	1.195355	1.200319	13	11	5	1002.419
2.617994	2.664082	-1.071402	9	0	14	1002.366
1.570796	1.732874	-0.951685	14	78	22	1002.325
-2.879793	1.135834	-1.431087	3	10	8	1001.563
2.094395	2.456751	-1.503343	9	6	16	1001.476
2.879793	1.555207	1.708892	9	9	0	1001.126
1.832596	2.396274	-1.959260	7	9	15	1000.976
0.523599	1.696674	-1.253233	13	78	22	1000.509
1.308997	2.343981	-1.040456	79	75	13	1000.470
-3.141593	0.203748	0.590255	2	3	17	1000.244
1.570796	1.247695	1.809890	2	67	73	1000.215
-0.785398	2.984978	1.954446	17	8	8	1000.065
2.879793	1.367556	0.358405	6	72	74	999.917
0.785398	1.982574	-1.115518	14	75	21	999.805
-0.523599	0.866955	-0.931351	11	6	11	999.755
-0.785398	1.545873	-1.877082	12	73	20	999.597
-2.617994	0.700570	1.559208	6	15	1	999.541
0.000000	0.929350	-2.910676	5	72	14	999.395
1.832596	2.724429	-0.348782	4	73	12	999.358
-0.261799	1.870545	-2.976234	9	2	15	999.321
0.000000	1.977582	0.969896	10	69	78	999.199
0.523599	1.869911	2.701025	7	7	5	999.186
-2.617994	2.704512	1.488683	13	74	8	999.176
1.308997	2.396274	-1.959260	9	4	15	999.037
2.617994	0.419640	2.974122	77	17	0	998.832
-1.570796	0.961715	0.014085	12	10	14	998.744
0.261799	0.419640	2.974122	4	79	18	998.711
-0.261799	1.504028	0.636812	7	67	78	998.624
-2.617994	0.906588	1.252948	10	14	1	998.580
2.617994	1.909857	-0.381669	77	3	16	998.373
1.570796	1.982574	-1.115518	16	0	20	998.333
-2.879793	1.836682	-0.676006	10	0	18	997.712
-2.094395	1.574060	2.783565	6	70	77	997.409
-1.308997	1.555207	1.708892	4	10	5	997.255
2.356194	2.247462	0.191623	2	74	12	997.223
2.094395	0.640596	-2.797608	79	17	3	997.186
-1.832596	0.906588	1.252948	4	14	79	997.167
-2.356194	2.724429	-0.348782	5	11	14	997.013
-3.141593	1.135813	-2.658866	6	8	12	996.933
-2.879793	1.756530	-2.105156	17	76	12	996.548
0.261799	0.961715	0.014085	5	4	18	996.303
-2.617994	1.569311	-3.003978	79	70	75	996.282
-0.523599	1.448123	-2.163292	8	5	11	996.096
-1.570796	2.719179	-1.780644	6	0	15	995.958
-2.356194	2.664082	-1.071402	5	79	15	995.922
-2.356194	2.478122	2.609777	7	73	11	995.859
2.356194	1.413347	-1.339188	8	4	23	995.777
1.570796	1.909857	-0.381669	15	71	18	995.776
-1.308997	2.719179	-1.780644	78	70	13	995.612
2.879793	2.587733	0.232235	7	73	10	995.581
1.832596	2.579248	-2.364801	4	10	12	994.883
-0.523599	1.872854	1.543456	5	6	72	994.824
0.261799	0.290380	-0.796960	6	77	17	994.538
-0.261799	1.948085	-2.363031	14	77	14	994.338
0.523599	1.658653	-2.409879	12	5	13	994.300
0.261799	1.696674	-1.253233	4	6	13	994.204
-3.141593	1.218453	2.777284	79	11	6	993.746
-0.261799	2.164094	-2.991358	16	77	10	993.604
0.261799	0.709924	0.218797	10	73	14	993.183
-1.570796	2.073035	2.027405	3	10	75	993.105
0.785398	2.478122	2.609777	8	4	13	993.038
2.617994	1.998705	2.370472	6	11	4	993.000
-0.261799	0.379747	-1.713059	1	75	16	992.880
2.879793	1.413347	-1.339188	13	7	5	992.602
-2.879793	2.153910	-1.714959	11	78	14	992.539
0.523599	1.214854	-1.966664	7	12	6	992.489
-1.047198	2.295480	1.008277	5	12	5	992.471
-1.570796	2.455966	-0.641220	5	3	14	992.194
-1.047198	2.579248	-2.364801	7	1	16	992.052
-1.308997	2.247462	0.191623	0	10	13	991.777
-1.570796	2.108018	1.311430	3	14	71	991.359
-1.832596	2.404280	-0.174044	2	10	15	991.266
-2.617994	1.545873	-1.877082	11	74	11	990.886
-1.832596	1.184361	0.625864	79	20	79	990.818
-2.617994	1.872854	1.543456	4	72	74	990.776
-1.570796	0.615174	-0.666022	13	4	1	990.772
-2.879793	1.194549	-0.801900	8	10	6	990.719
1.832596	0.899350	-2.069907	78	15	7	990.712
-0.523599	2.704512	1.488683	12	2	11	990.034
-1.047198	1.488617	1.159546	2	10	4	989.977
2.879793	1.545873	-1.877082	7	9	2	989.915
2.356194	1.242974	-2.977882	78	16	79	989.757
-3.141593	2.592629	0.909713	8	72	8	989.523
-1.570796	1.836682	-0.676006	1	9	20	989.499
1.047198	2.343981	-1.040456	77	2	12	989.431
1.047198	0.866955	-0.931351	7	7	15	988.779
-0.261799	1.135813	-2.658866	10	67	79	988.714
1.308997	1.836682	-0.676006	13	73	20	988.476
-1.570796	0.906588	1.252948	3	10	10	988.476
2.617994	1.256302	0.062705	1	71	73	988.465
-1.832596	1.812176	0.656819	8	13	10	988.234
1.047198	0.379747	-1.713059	8	11	15	988.085
-2.617994	1.310100	1.488307	3	14	74	988.050
-1.308997	1.554776	0.100351	3	10	16	987.894
-2.356194	2.760637	2.781135	5	75	13	987.794
-1.047198	2.138223	1.678323	1	12	69	987.697
-1.047198	2.115563	0.685730	7	3	15	987.604
-1.047198	2.984978	1.954446	13	11	6	987.552
0.785398	1.135834	-1.431087	11	8	20	987.533
-0.785398	0.203748	0.590255	4	77	17	987.477
1.832596	2.393226	1.857173	77	67	73	987.364
-1.047198	1.812176	0.656819	78	13	4	987.267
0.261799	1.766067	2.153843	6	69	79	987.196
2.617994	2.104282	-0.813972	11	0	18	987.168
-3.141593	1.545873	-1.877082	5	9	7	987.042
-0.523599	2.164094	-2.991358	70	72	69	987.008
-0.785398	1.872854	1.543456	0	11	76	986.994
-2.879793	2.180315	-1.357379	6	2	16	986.907
1.047198	1.448123	-2.163292	7	15	4	986.871
2.094395	0.370812	-2.547742	79	15	1	986.816
1.832596	1.545873	-1.877082	7	12	12	986.704
-1.047198	0.961715	0.014085	7	10	14	986.479
-1.047198	1.982574	-1.115518	0	79	20	986.140
-1.308997	2.180315	-1.357379	78	77	19	986.033
-3.141593	1.846342	-1.796954	9	74	12	985.905
-1.832596	2.089241	-0.114193	4	10	16	985.781
0.785398	1.025536	1.576859	3	64	69	985.739
-3.141593	1.247695	1.809890	4	12	67	985.735
0.523599	1.736875	3.023612	9	5	11	985.708
-2.879793	2.108018	1.311430	3	71	76	985.530
-0.785398	0.591903	2.010408	1	77	16	985.496
-1.832596	2.349581	-2.702517	10	76	13	985.431
-2.879793	1.374601	-2.456031	7	11	4	985.348
1.570796	2.396274	-1.959260	2	1	14	985.140
-2.617994	1.448123	-2.163292	18	78	11	984.823
-2.879793	2.001437	0.381215	14	10	8	984.684
-2.094395	2.349581	-2.702517	6	76	14	984.582
-0.523599	1.658653	-2.409879	8	5	13	984.560
-1.832596	1.683268	0.374177	8	12	13	984.348
-0.785398	0.899350	-2.069907	10	67	3	984.226
2.356194	2.719179	-1.780644	9	0	14	984.209
-3.141593	0.850607	-1.335383	1	70	79	984.160
2.617994	0.960688	-0.577532	7	12	76	984.074
2.879793	0.906588	1.252948	2	6	16	984.045
0.000000	1.391910	3.030322	11	3	75	983.884
-1.832596	2.588535	-2.976617	7	76	14	983.724
2.356194	1.699788	2.452890	4	11	3	983.630
-2.356194	2.001437	0.381215	15	13	8	983.618
1.308997	2.664082	-1.071402	20	77	14	983.445
0.785398	0.370812	-2.547742	6	0	18	983.436
2.356194	2.881233	-2.582574	78	6	11	983.342
-2.617994	2.343981	-1.040456	7	4	16	983.334
2.879793	1.135834	-1.431087	6	7	12	983.217
-2.879793	1.325504	-1.671296	2	9	10	983.196
1.047198	1.836682	-0.676006	11	72	20	983.085
0.261799	2.704512	1.488683	74	8	6	982.609
-2.094395	1.440580	2.260026	4	73	72	982.562
1.832596	2.881233	-2.582574	3	1	15	982.456
-2.879793	1.195355	1.200319	6	15	74	982.447
-1.832596	0.961715	0.014085	16	9	14	982.131
-3.141593	1.662363	0.915448	9	73	79	981.849
-2.356194	2.592629	0.909713	11	11	77	981.813
-2.094395	1.218453	2.777284	0	70	76	981.751
-2.094395	2.455966	-0.641220	12	79	14	981.660
2.356194	1.904882	-1.478089	6	12	12	981.479
0.261799	0.370812	-2.547742	7	77	17	981.430
0.785398	2.455966	-0.641220	79	76	13	981.418
2.617994	1.214854	-1.966664	17	3	10	981.150
-3.141593	1.256302	0.062705	10	76	74	980.994
-1.308997	1.113094	-0.272241	10	8	17	980.846
2.356194	1.869911	2.701025	4	12	2	980.747
-2.094395	1.846342	-1.796954	6	76	16	980.481
1.832596	1.732874	-0.951685	14	0	22	980.444
1.570796	1.413347	-1.339188	10	4	22	980.260
-2.094395	2.104282	-0.813972	16	1	7	980.235
0.785398	0.615174	-0.666022	6	7	15	980.224
-2.356194	1.736875	3.023612	4	70	79	979.983
1.308997	0.866955	-0.931351	6	7	14	979.064
-1.047198	1.599406	1.426070	8	3	74	978.441
2.879793	0.914445	2.687814	75	16	77	978.370
-2.879793	1.875281	0.107086	16	11	6	978.251
1.832596	2.979456	-1.009304	8	76	14	977.977
2.617994	1.325504	-1.671296	16	4	9	977.888
0.785398	0.379747	-1.713059	11	11	15	977.866
1.047198	1.870545	-2.976234	1	1	17	977.666
-1.308997	2.404280	-0.174044	11	4	10	977.445
2.617994	1.824694	1.850876	78	14	6	977.046
0.785398	1.846342	-1.796954	17	4	18	976.980
-2.356194	1.545873	-1.877082	12	75	11	976.886
0.261799	1.824694	1.850876	6	69	79	976.872
-1.832596	1.301460	-0.509251	15	4	12	976.633
-2.356194	0.866955	-0.931351	7	11	8	976.626
-1.832596	2.108018	1.311430	5	13	71	976.578
0.000000	0.640596	-2.797608	1	74	15	976.536
-2.356194	2.455966	-0.641220	8	8	15	976.534
-2.356194	0.929350	-2.910676	8	71	79	976.472
-1.047198	1.113094	-0.272241	8	8	17	976.424
2.879793	2.455966	-0.641220	10	78	14	976.412
-1.570796	2.033014	2.977192	12	75	10	976.408
0.261799	1.574060	2.783565	10	5	8	976.184
1.832596	2.187132	-0.479875	19	74	17	976.064
-1.832596	2.760637	2.781135	8	74	12	975.968
-1.832596	1.904882	-1.478089	7	77	17	975.838
0.000000	0.080730	-2.622036	2	2	18	975.800
1.308997	0.297065	2.160177	6	68	78	975.640
1.308997	1.488617	1.159546	1	63	70	975.496
-1.308997	2.001437	0.381215	2	12	12	975.463
0.523599	1.617114	-1.572037	15	2	21	975.456
0.785398	0.899350	-2.069907	13	74	13	974.802
2.617994	2.724429	-0.348782	15	9	9	974.731
-2.356194	2.041297	-2.664597	6	73	11	974.611
-0.261799	1.909857	-0.381669	6	79	18	974.338
0.000000	2.664082	-1.071402	75	4	11	974.129
-2.879793	2.984978	1.954446	5	75	13	974.081
-1.832596	0.418037	1.360082	79	15	78	974.034
1.308997	2.349581	-2.702517	6	10	10	973.772
0.785398	2.664082	-1.071402	16	71	15	973.671
0.000000	2.478122	2.609777	12	2	11	973.481
0.000000	1.569311	-3.003978	12	4	3	973.173
-3.141593	1.488617	1.159546	8	73	77	973.119
-1.832596	2.356369	3.005869	10	74	11	972.921
-2.879793	1.872854	1.543456	77	71	69	972.799
-1.832596	1.134497	-1.109631	6	10	10	972.797
0.000000	1.014500	0.906702	7	71	12	972.758
2.356194	1.766067	2.153843	0	13	77	972.631
-1.047198	1.662363	0.915448	10	4	79	972.511
-2.617994	0.733948	3.021411	4	5	16	972.470
1.047198	1.741644	-2.695914	78	0	15	972.268
0.523599	0.418037	1.360082	13	0	17	972.260
-1.570796	0.418037	1.360082	3	11	9	972.241
-1.308997	0.618092	2.539118	0	0	17	972.074
0.523599	2.174483	2.653697	6	7	4	972.002
-2.617994	0.866955	-0.931351	10	8	11	971.830
-0.785398	1.325504	-1.671296	0	7	8	971.803
-1.308997	0.850607	-1.335383	4	10	4	971.738
-0.785398	0.571433	-1.188419	7	6	77	971.630
-2.356194	2.349581	-2.702517	76	71	10	971.614
-0.523599	1.824694	1.850876	6	6	76	971.466
0.523599	0.929350	-2.910676	10	74	15	971.346
0.523599	0.290380	-0.796960	7	76	17	971.243
2.879793	2.592629	0.909713	7	72	8	971.204
0.523599	2.704512	1.488683	73	7	7	971.163
-2.356194	1.606104	-0.451151	16	3	12	971.131
0.000000	0.733948	3.021411	9	66	77	971.121
-0.785398	0.961715	0.014085	5	10	14	971.085
-1.308997	0.379747	-1.713059	4	66	1	970.784
-3.141593	0.618092	2.539118	0	15	75	970.644
1.308997	2.187132	-0.479875	15	70	17	970.533
-0.785398	2.579248	-2.364801	7	1	16	970.412
1.570796	1.433411	-1.035986	10	0	23	970.264
-0.785398	1.696674	-1.253233	10	7	8	970.105
2.356194	2.404280	-0.174044	5	72	10	970.046
-0.523599	2.984978	1.954446	15	10	8	970.005
-1.308997	2.587733	0.232235	6	1	15	969.874
1.570796	0.929350	-2.910676	12	14	12	969.618
-1.308997	1.732874	-0.951685	12	5	8	969.610
0.523599	0.850607	-1.335383	11	8	19	969.607
-0.785398	0.379747	-1.713059	2	1	18	969.530
0.000000	2.455966	-0.641220	77	63	2	969.501
2.356194	2.456751	-1.503343	7	7	16	969.402
-1.832596	2.187132	-0.479875	1	7	18	969.197
1.570796	2.881233	-2.582574	11	10	9	968.872
2.879793	1.135813	-2.658866	79	10	8	968.599
0.261799	1.662363	0.915448	9	71	71	968.515
-3.141593	1.301460	-0.509251	12	73	4	968.330
-2.879793	1.168678	2.108595	7	11	3	968.242
-2.879793	1.812176	0.656819	9	12	77	968.220
2.879793	2.979456	-1.009304	10	0	14	968.053
2.617994	1.872854	1.543456	5	8	73	967.913
-2.617994	2.115563	0.685730	11	12	78	967.867
2.879793	1.168678	2.108595	4	13	70	967.859
-0.261799	0.619654	-2.216909	10	4	76	967.764
1.047198	1.433411	-1.035986	10	0	23	967.691
-2.356194	2.637879	2.121598	9	73	10	967.413
-2.617994	1.554776	0.100351	14	13	7	967.359
-2.879793	1.413347	-1.339188	12	73	8	967.337
0.261799	0.418037	1.360082	13	79	17	967.147
2.094395	2.579248	-2.364801	2	0	14	967.082
-1.832596	2.393226	1.857173	7	9	75	967.004
-1.832596	2.664082	-1.071402	8	5	13	966.937
2.879793	1.836682	-0.676006	6	7	72	966.926
0.261799	1.433411	-1.035986	1	9	7	966.701
2.356194	2.153910	-1.714959	5	15	9	966.685
0.523599	0.906588	1.252948	15	76	14	966.642
-3.141593	2.979456	-1.009304	4	0	15	966.422
1.308997	1.413347	-1.339188	11	4	22	966.359
-0.261799	1.658653	-2.409879	8	4	13	966.100
2.356194	2.979456	-1.009304	10	1	14	965.728
-1.047198	1.741644	-2.695914	16	67	7	965.517
-0.523599	0.618092	2.539118	2	16	79	965.271
-1.047198	1.214854	-1.966664	2	64	3	965.041
0.785398	0.080730	-2.622036	2	77	17	965.015
-2.617994	1.756530	-2.105156	9	73	11	964.911
-1.308997	0.960688	-0.577532	2	14	7	964.638
-1.308997	1.658653	-2.409879	3	10	14	964.623
-2.356194	1.417623	-0.202254	11	14	11	964.371
-1.832596	1.488617	1.159546	0	16	78	964.327
-0.523599	2.153910	-1.714959	10	70	18	964.232
0.785398	0.866395	-2.492918	13	75	14	964.141
-2.356194	2.863997	0.549740	18	6	9	964.125
1.570796	0.899350	-2.069907	79	16	6	964.007
-3.141593	2.456751	-1.503343	10	79	14	963.955
-2.094395	2.863997	0.549740	17	9	9	963.843
-1.570796	1.367556	0.358405	5	12	14	963.777
1.308997	0.899350	-2.069907	0	17	5	963.735
2.617994	1.488617	1.159546	6	10	77	963.598
-1.047198	2.863997	0.549740	4	1	15	963.479
-0.785398	1.982574	-1.115518	4	6	10	963.174
-0.785398	1.367556	0.358405	3	9	12	963.108
-2.094395	1.194549	-0.801900	16	0	13	962.714
0.261799	0.615174	-0.666022	7	72	14	962.703
2.356194	2.587733	0.232235	21	73	10	962.668
-3.141593	1.606104	-0.451151	12	3	22	962.464
-1.570796	0.762244	-0.273349	4	16	4	961.781
2.879793	1.869911	2.701025	8	9	8	961.607
1.570796	2.104282	-0.813972	18	76	19	961.457
1.047198	1.310100	1.488307	2	65	68	961.349
2.617994	1.413347	-1.339188	8	8	14	961.201
-3.141593	0.700570	1.559208	13	12	7	961.173
-0.785398	1.214854	-1.966664	5	66	4	961.104
-2.879793	1.545873	-1.877082	2	74	14	960.973
-2.617994	1.413430	2.550734	75	72	70	960.945
1.047198	1.569311	-3.003978	18	11	9	960.895
-0.523599	2.180315	-1.357379	0	64	5	960.886
-1.047198	1.256302	0.062705	1	10	17	960.879
0.000000	1.683268	0.374177	75	2	14	960.767
0.523599	0.866395	-2.492918	12	73	13	960.747
0.261799	2.343981	-1.040456	73	3	9	960.676
-3.141593	2.664082	-1.071402	4	79	15	960.590
1.047198	2.637879	2.121598	6	11	1	960.479
1.570796	2.349581	-2.702517	3	10	10	960.473
0.523599	2.138223	1.678323	9	7	0	960.441
1.308997	2.164094	-2.991358	4	79	18	960.407
0.000000	1.433411	-1.035986	2	8	8	960.137
2.879793	2.104282	-0.813972	10	77	13	960.132
-2.617994	1.606104	-0.451151	16	1	12	959.971
1.570796	1.662363	0.915448	0	61	72	959.839
-1.570796	1.488617	1.159546	78	16	78	959.806
-0.261799	1.488617	1.159546	77	67	73	959.805
-2.617994	1.242974	-2.977882	79	71	73	959.654
2.879793	2.724429	-0.348782	13	11	11	959.549
1.570796	2.719179	-1.780644	9	1	15	959.348
0.261799	1.617114	-1.572037	11	6	10	959.307
0.000000	1.413347	-1.339188	5	6	12	959.222
-2.617994	1.875281	0.107086	17	12	11	959.000
1.308997	1.128190	-2.288622	3	17	3	958.971
-1.570796	2.984978	1.954446	17	79	8	958.933
2.094395	2.587733	0.232235	6	71	10	958.902
1.832596	1.982574	-1.115518	16	3	20	958.602
2.094395	1.374601	-2.456031	0	16	5	958.590
0.000000	0.619654	-2.216909	10	6	76	958.564
2.094395	2.664082	-1.071402	8	77	14	958.332
-1.570796	2.153910	-1.714959	78	75	20	958.276
2.617994	2.456751	-1.503343	9	0	15	958.245
-2.617994	1.869911	2.701025	0	69	77	958.237
-0.523599	2.588535	-2.976617	15	76	10	957.870
-2.617994	0.618092	2.539118	1	1	16	957.584
1.047198	2.104282	-0.813972	14	72	19	957.393
0.261799	2.863997	0.549740	72	0	11	957.229
-3.141593	2.407836	1.410646	10	70	3	957.089
-2.356194	2.881233	-2.582574	74	73	10	957.001
1.308997	1.569311	-3.003978	16	12	10	956.937
0.523599	0.733948	3.021411	9	76	17	956.846
0.000000	1.696674	-1.253233	1	7	9	956.532
0.261799	1.982574	-1.115518	73	3	9	956.443
-0.523599	1.982574	-1.115518	2	3	13	956.349
-1.047198	2.396274	-1.959260	8	3	15	956.251
1.832596	0.619654	-2.216909	79	15	5	956.245
-0.261799	1.741644	-2.695914	8	3	14	955.993
0.523599	1.904882	-1.478089	11	5	12	955.830
-1.570796	2.356369	3.005869	15	71	5	955.662
0.523599	2.760637	2.781135	11	9	7	955.213
0.523599	2.984978	1.954446	79	8	9	954.840
2.617994	1.367556	0.358405	2	11	0	954.711
-1.570796	1.736875	3.023612	13	75	10	954.613
-3.141593	1.555207	1.708892	74	74	67	954.258
2.879793	1.325504	-1.671296	15	6	9	954.228
-1.570796	1.504028	0.636812	3	16	5	954.217
-0.523599	2.299159	2.264663	0	12	74	954.150
-0.785398	1.256302	0.062705	5	8	15	954.131
1.047198	2.108018	1.311430	77	66	73	954.015
1.570796	2.587733	0.232235	2	68	10	954.006
1.570796	1.741644	-2.695914	13	13	13	953.958
1.047198	0.591903	2.010408	13	79	16	953.903
1.308997	1.214854	-1.966664	3	15	6	953.727
2.617994	2.979456	-1.009304	16	8	11	953.545
-1.570796	1.184361	0.625864	77	18	74	953.474
0.000000	1.606104	-0.451151	1	1	20	953.297
-3.141593	2.153910	-1.714959	10	79	14	953.281
-3.141593	2.404280	-0.174044	15	79	12	953.262
-1.308997	1.194549	-0.801900	5	10	16	953.248
1.308997	2.138223	1.678323	76	67	73	953.087
2.094395	1.869911	2.701025	6	13	2	952.918
2.356194	0.992645	-1.723759	17	2	10	952.867
-2.617994	2.089241	-0.114193	15	13	12	952.670
-2.094395	1.417623	-0.202254	16	5	10	952.599
-1.047198	0.615174	-0.666022	16	7	17	952.591
-1.570796	2.404280	-0.174044	13	0	14	952.215
0.000000	1.732874	-0.951685	7	79	20	952.143
-1.047198	2.456751	-1.503343	8	1	15	952.066
1.832596	1.433411	-1.035986	10	0	23	951.978
1.047198	2.041297	-2.664597	4	3	13	951.952
0.523599	1.391910	3.030322	11	8	76	951.684
1.570796	1.658653	-2.409879	3	18	79	951.619
1.832596	0.992645	-1.723759	6	10	13	951.617
-2.094395	0.831641	0.616218	10	13	12	951.481
-0.785398	1.599406	1.426070	5	7	73	951.454
2.879793	2.456751	-1.503343	9	79	14	951.379
2.879793	0.960688	-0.577532	4	71	76	951.237
-2.356194	1.135813	-2.658866	77	68	79	951.117
-0.523599	1.870545	-2.976234	10	3	15	950.959
2.356194	2.041297	-2.664597	79	0	13	950.893
0.785398	1.450119	-2.739050	9	11	71	950.857
-1.570796	0.960688	-0.577532	16	3	18	950.826
2.356194	1.909857	-0.381669	20	78	19	950.716
2.879793	1.448123	-2.163292	8	8	8	950.547
-1.832596	1.599406	1.426070	1	14	75	950.211
1.570796	1.325504	-1.671296	1	13	9	950.072
0.261799	0.685216	-1.712745	4	72	14	949.802
-2.879793	2.664082	-1.071402	3	10	15	949.404
-3.141593	1.113094	-0.272241	9	72	79	949.363
-2.617994	0.866395	-2.492918	0	71	71	949.324
-1.308997	1.301460	-0.509251	3	8	78	949.142
0.261799	0.458961	-0.107937	9	75	16	949.128
-1.308997	1.335669	0.897240	78	15	76	948.945
1.308997	1.909857	-0.381669	12	70	18	948.880
-2.617994	1.247695	1.809890	4	12	72	948.830
1.832596	1.756530	-2.105156	6	14	3	948.637
2.094395	1.391910	3.030322	1	17	76	948.559
2.094395	2.881233	-2.582574	9	2	14	948.407
-0.523599	1.741644	-2.695914	9	4	14	948.096
-3.141593	0.685216	-1.712745	7	71	0	948.071
-1.047198	2.033014	2.977192	17	71	79	948.067
-1.832596	1.982574	-1.115518	16	4	7	947.987
1.832596	0.866395	-2.492918	0	17	5	947.977
-0.523599	0.203748	0.590255	6	77	17	947.806
-2.356194	0.866395	-2.492918	1	72	71	947.790
2.356194	1.809167	1.213774	6	7	72	947.775
-2.879793	2.587733	0.232235	11	12	2	947.709
-1.047198	0.685216	-1.712745	11	68	5	947.418
0.785398	0.496451	0.593859	15	0	16	947.388
-3.141593	1.050534	3.042579	2	9	9	947.209
2.094395	2.187132	-0.479875	17	2	17	947.200
-1.308997	0.700570	1.559208	6	10	5	947.126
2.617994	2.299159	2.264663	77	67	71	947.123
1.570796	2.724429	-0.348782	2	74	12	946.839
-0.261799	2.180315	-1.357379	2	4	11	946.483
0.261799	1.413347	-1.339188	7	8	0	946.473
0.261799	1.977582	0.969896	12	71	78	946.305
1.308997	0.929350	-2.910676	15	13	12	946.059
-1.832596	1.195355	1.200319	4	12	5	945.952
0.523599	0.899350	-2.069907	11	73	13	945.951
-0.785398	1.756530	-2.105156	11	71	17	945.665
-1.308997	2.393226	1.857173	11	9	2	945.646
-0.785398	2.063651	-2.044600	8	4	13	945.612
1.308997	1.510910	-0.740472	10	76	22	945.557
-3.141593	1.732874	-0.951685	10	76	14	945.417
-1.570796	2.760637	2.781135	17	72	7	945.352
2.879793	0.419640	2.974122	4	12	8	945.231
0.523599	1.836682	-0.676006	67	79	7	945.168
2.879793	0.864993	2.278281	3	15	74	945.112
1.047198	2.356369	3.005869	6	0	17	945.068
1.832596	2.404280	-0.174044	19	71	13	945.067
-1.047198	2.719179	-1.780644	7	2	15	944.900
-2.879793	1.504028	0.636812	9	14	78	944.890
-1.832596	2.984978	1.954446	15	76	9	944.817
-1.570796	1.113094	-0.272241	13	7	17	944.616
-2.094395	2.588535	-2.976617	5	76	14	944.538
1.047198	1.948085	-2.363031	10	14	1	944.435
-3.141593	2.343981	-1.040456	10	79	14	944.219
-0.523599	2.724429	-0.348782	74	0	12	944.171
-1.832596	1.014500	0.906702	76	19	78	944.076
1.570796	0.370812	-2.547742	11	12	12	944.066
-2.356194	0.618092	2.539118	1	2	17	943.990
1.047198	1.732874	-0.951685	12	77	22	943.820
0.523599	1.413347	-1.339188	6	9	0	943.673
-3.141593	1.599406	1.426070	7	10	77	943.477
-2.356194	1.599406	1.426070	5	12	69	943.346
-2.617994	1.658653	-2.409879	76	71	11	943.345
2.617994	1.134796	2.434290	79	16	73	943.330
1.308997	1.948085	-2.363031	13	12	7	943.319
-1.832596	2.104282	-0.813972	14	79	12	943.311
0.261799	0.379747	-1.713059	4	77	17	943.277
2.094395	2.637879	2.121598	77	67	73	943.158
-0.785398	2.073035	2.027405	79	12	74	943.042
-1.570796	2.456751	-1.503343	8	2	15	942.684
-0.785398	1.113094	-0.272241	8	8	17	942.573
-0.785398	2.349581	-2.702517	7	1	16	942.545
0.261799	2.984978	1.954446	1	11	8	942.451
-3.141593	1.721184	-0.153948	15	3	20	942.375
1.308997	2.592629	0.909713	76	63	74	942.372
-1.308997	1.977582	0.969896	4	12	5	942.216
-1.832596	0.733948	3.021411	10	73	78	942.065
-1.308997	2.664082	-1.071402	1	1	14	942.052
-0.785398	2.164094	-2.991358	20	71	2	942.004
-0.523599	1.450119	-2.739050	9	64	0	941.968
-2.356194	1.450119	-2.739050	10	71	5	941.804
2.094395	2.153910	-1.714959	4	16	5	941.644
-0.523599	2.664082	-1.071402	77	63	2	941.314
2.094395	1.488617	1.159546	6	12	11	941.233
-3.141593	1.756530	-2.105156	16	74	12	941.121
1.047198	1.214854	-1.966664	3	15	7	941.025
-2.879793	2.063651	-2.044600	10	79	15	940.985
1.832596	2.063651	-2.044600	4	17	4	940.924
-1.047198	2.063651	-2.044600	7	69	16	940.874
-1.047198	0.419640	2.974122	0	1	17	940.868
-2.879793	1.721184	-0.153948	19	9	13	940.814
-2.356194	0.418037	1.360082	1	18	78	940.753
1.047198	2.455966	-0.641220	14	70	17	940.686
-2.617994	1.510910	-0.740472	15	79	13	940.558
-0.785398	2.104282	-0.813972	77	79	19	940.555
0.000000	0.496451	0.593859	10	75	16	940.084
1.832596	1.488617	1.159546	9	12	11	939.997
0.000000	1.367556	0.358405	5	68	76	939.843
-1.308997	2.295480	1.008277	5	13	6	939.840
-1.570796	2.704512	1.488683	10	8	9	939.785
-2.617994	0.674054	1.013609	13	15	5	939.661
0.785398	2.579248	-2.364801	16	2	13	939.567
1.047198	0.370812	-2.547742	6	0	18	939.562
-1.308997	1.025536	1.576859	4	11	1	939.549
-2.617994	1.168678	2.108595	6	11	5	939.475
-3.141593	0.960688	-0.577532	8	10	7	939.468
1.047198	2.724429	-0.348782	79	74	11	939.285
-0.523599	1.904882	-1.478089	8	73	21	939.276
1.047198	2.760637	2.781135	9	2	15	939.075
2.617994	2.251330	-2.330739	77	5	12	938.857
-0.261799	2.760637	2.781135	20	1	5	938.680
-3.141593	1.574060	2.783565	1	10	9	938.376
-1.832596	2.704512	1.488683	13	8	5	938.309
-2.094395	2.033014	2.977192	10	74	10	938.115
0.261799	0.866955	-0.931351	7	71	12	938.067
-1.308997	1.417623	-0.202254	4	8	19	937.976
-2.617994	2.455966	-0.641220	11	9	15	937.831
0.261799	2.001437	0.381215	74	66	77	937.820
-1.570796	2.164094	-2.991358	11	75	12	937.771
-1.308997	2.455966	-0.641220	75	6	15	937.687
-1.308997	2.579248	-2.364801	8	1	16	937.640
-2.617994	1.683268	0.374177	17	11	8	937.520
-2.356194	1.875281	0.107086	14	14	11	937.496
-1.308997	0.685216	-1.712745	6	66	3	936.951
0.785398	0.700570	1.559208	0	14	71	936.817
-2.617994	1.977582	0.969896	10	11	74	936.624
-0.523599	2.343981	-1.040456	78	73	17	936.365
-0.261799	1.869911	2.701025	18	0	76	936.277
0.523599	0.591903	2.010408	10	76	16	935.759
-0.523599	0.929350	-2.910676	10	64	0	935.727
-0.261799	1.555207	1.708892	6	2	71	935.355
-1.570796	1.658653	-2.409879	5	11	14	935.271
1.308997	2.588535	-2.976617	7	78	17	935.254
-1.570796	1.134796	2.434290	7	72	75	935.239
2.356194	1.417623	-0.202254	5	11	75	935.232
-0.523599	1.417623	-0.202254	4	5	17	935.219
-2.356194	1.488617	1.159546	5	15	72	935.114
2.094395	2.863997	0.549740	7	68	9	935.106
1.308997	2.407836	1.410646	78	66	74	935.008
-3.141593	1.134796	2.434290	79	8	11	934.981
-1.570796	2.664082	-1.071402	3	0	14	934.919
-1.570796	1.696674	-1.253233	3	1	22	934.751
-1.570796	0.379747	-1.713059	78	1	16	934.612
-1.047198	2.180315	-1.357379	79	74	20	934.591
-1.832596	2.001437	0.381215	7	13	13	934.578
1.308997	2.108018	1.311430	78	65	74	934.568
-0.261799	2.356369	3.005869	11	2	12	934.523
-0.261799	1.050534	3.042579	10	65	76	934.392
1.047198	0.297065	2.160177	10	1	18	934.319
-3.141593	0.591903	2.010408	3	17	75	934.154
-3.141593	1.836682	-0.676006	15	79	15	934.083
2.879793	1.310100	1.488307	4	9	11	934.025
0.785398	1.510910	-0.740472	9	10	0	933.689
2.617994	1.134497	-1.109631	8	6	13	933.679
1.308997	1.448123	-2.163292	5	16	4	933.576
2.879793	2.379497	0.561089	6	72	10	933.413
-3.141593	1.504028	0.636812	14	76	74	933.300
-0.785398	2.180315	-1.357379	8	3	14	933.152
2.356194	1.846342	-1.796954	3	14	12	933.055
0.523599	1.113094	-0.272241	7	3	17	932.869
1.570796	1.214854	-1.966664	0	16	6	932.756
-1.047198	1.045978	0.343692	5	10	12	932.662
2.356194	1.998705	2.370472	1	13	75	932.366
0.523599	1.325504	-1.671296	5	11	9	932.323
-3.141593	2.187132	-0.479875	12	8	19	932.281
0.785398	1.812176	0.656819	75	63	73	932.036
-2.356194	1.662363	0.915448	6	16	75	931.891
-2.094395	2.637879	2.121598	17	73	4	931.881
2.879793	2.115563	0.685730	13	71	3	931.634
-1.570796	1.510910	-0.740472	5	8	21	931.578
-2.617994	1.982574	-1.115518	12	76	12	931.517
1.308997	1.194549	-0.801900	8	5	16	931.516
-3.141593	1.741644	-2.695914	7	10	5	931.170
0.785398	2.724429	-0.348782	0	68	12	931.139
-1.570796	2.180315	-1.357379	78	79	19	931.108
0.523599	1.135834	-1.431087	12	7	21	930.548
-1.308997	2.153910	-1.714959	0	72	19	930.469
-0.785398	1.904882	-1.478089	4	73	22	930.309
-3.141593	2.396274	-1.959260	10	1	15	930.218
2.356194	0.640596	-2.797608	77	16	2	930.153
1.832596	2.251330	-2.330739	1	1	14	930.098
-0.785398	2.343981	-1.040456	7	2	15	930.062
-0.785398	0.370812	-2.547742	78	79	16	929.941
2.356194	2.180315	-1.357379	7	4	18	929.929
-1.570796	1.812176	0.656819	77	16	4	929.928
-1.308997	1.904882	-1.478089	3	76	19	929.859
-2.879793	2.349581	-2.702517	72	77	11	929.856
-2.617994	1.135834	-1.431087	1	10	10	929.795
-0.261799	2.719179	-1.780644	5	0	15	929.610
0.261799	1.135834	-1.431087	11	7	11	929.445
-0.261799	1.569311	-3.003978	12	4	9	929.259
1.570796	0.619654	-2.216909	79	17	5	929.241
-2.094395	1.195355	1.200319	6	14	79	928.961
-2.094395	1.488617	1.159546	9	13	79	928.958
2.617994	1.242974	-2.977882	75	15	1	928.814
-2.879793	0.899350	-2.069907	72	68	1	928.695
-0.261799	0.685216	-1.712745	8	7	79	928.683
-2.356194	2.704512	1.488683	14	75	8	928.650
-1.570796	2.407836	1.410646	6	13	72	928.577
0.261799	1.050534	3.042579	15	4	3	928.556
-1.832596	1.113094	-0.272241	4	16	5	928.529
0.000000	2.456751	-1.503343	12	70	18	928.444
-2.879793	0.961715	0.014085	13	76	77	928.275
1.570796	2.393226	1.857173	2	66	76	928.127
-0.785398	1.824694	1.850876	7	7	10	928.064
2.879793	2.187132	-0.479875	13	7	19	927.650
1.570796	1.599406	1.426070	2	68	5	927.471
-1.570796	1.301460	-0.509251	13	6	12	927.448
-2.617994	2.001437	0.381215	18	11	8	927.313
0.785398	2.881233	-2.582574	9	2	14	927.070
-2.617994	2.349581	-2.702517	74	73	11	926.923
0.785398	0.203748	0.590255	7	79	17	926.921
-0.261799	0.458961	-0.107937	5	75	16	926.894
0.523599	1.732874	-0.951685	4	67	78	926.766
-3.141593	1.417623	-0.202254	11	75	78	926.639
-2.879793	1.214854	-1.966664	4	72	10	926.560
1.308997	1.977582	0.969896	76	62	72	926.406
1.570796	1.569311	-3.003978	12	14	10	926.372
0.261799	1.417623	-0.202254	7	1	18	926.315
-0.261799	1.301460	-0.509251	7	5	18	926.251
0.785398	0.850607	-1.335383	8	9	19	926.182
-2.879793	2.247462	0.191623	13	10	10	925.974
-0.523599	2.247462	0.191623	76	3	15	925.806
2.879793	1.982574	-1.115518	8	78	15	925.587
0.000000	0.914445	2.687814	9	65	76	925.438
-3.141593	1.736875	3.023612	7	10	9	925.381
-2.356194	2.299159	2.264663	8	73	9	925.380
2.094395	1.367556	0.358405	0	15	78	925.342
-2.617994	1.812176	0.656819	10	14	78	925.300
0.523599	1.050534	3.042579	11	73	14	925.092
2.617994	2.588535	-2.976617	72	4	10	924.913
-1.832596	0.290380	-0.796960	1	2	17	924.786
2.617994	2.396274	-1.959260	3	79	14	924.773
-2.094395	1.658653	-2.409879	13	75	10	924.714
0.785398	2.356369	3.005869	2	3	14	924.704
-0.785398	1.870545	-2.976234	19	70	3	924.548
1.832596	1.510910	-0.740472	7	75	23	924.531
2.617994	1.555207	1.708892	13	7	6	924.528
2.094395	1.836682	-0.676006	8	2	20	924.360
-2.617994	1.135813	-2.658866	79	71	72	924.207
-2.617994	1.846342	-1.796954	5	77	15	924.159
-3.141593	1.413347	-1.339188	12	8	9	924.082
-2.879793	1.948085	-2.363031	76	76	12	923.679
1.047198	1.135834	-1.431087	3	11	79	923.674
2.094395	1.413347	-1.339188	1	11	10	923.435
-0.523599	1.367556	0.358405	75	7	14	923.423
-2.356194	1.256302	0.062705	13	14	8	923.182
-1.832596	1.977582	0.969896	10	13	6	923.112
2.617994	0.992645	-1.723759	16	4	11	922.875
0.523599	0.571433	-1.188419	7	73	15	922.825
0.785398	0.910508	1.903534	13	77	15	922.529
2.094395	1.135834	-1.431087	1	10	8	922.241
-1.308997	1.014500	0.906702	1	13	2	922.185
0.523599	0.960688	-0.577532	78	9	10	921.974
-2.617994	1.218453	2.777284	73	71	73	921.854
-2.617994	2.187132	-0.479875	14	8	16	921.832
-1.570796	1.599406	1.426070	5	11	2	921.806
-2.356194	1.014500	0.906702	11	13	9	921.719
-1.308997	2.704512	1.488683	10	12	4	921.461
2.094395	1.045978	0.343692	69	75	69	921.424
-1.832596	2.115563	0.685730	8	13	8	921.394
0.261799	1.113094	-0.272241	7	3	17	921.388
-2.879793	2.724429	-0.348782	15	9	13	921.303
-3.141593	2.379497	0.561089	10	8	75	921.252
-1.047198	2.637879	2.121598	13	9	2	921.223
-0.261799	2.033014	2.977192	17	79	8	921.211
-2.617994	1.014500	0.906702	6	17	77	921.183
-0.261799	1.374601	-2.456031	8	5	13	921.087
2.356194	1.606104	-0.451151	8	69	2	921.071
0.523599	1.545873	-1.877082	7	10	8	921.065
-2.879793	2.592629	0.909713	13	74	9	920.987
-1.047198	1.014500	0.906702	78	12	3	920.955
-2.356194	1.869911	2.701025	72	67	67	920.914
2.356194	1.662363	0.915448	9	7	74	920.833
2.094395	0.992645	-1.723759	0	11	7	920.833
2.356194	2.588535	-2.976617	70	4	8	920.701
-1.570796	2.251330	-2.330739	9	79	15	920.687
0.785398	1.741644	-2.695914	79	2	16	920.654
1.570796	0.906588	1.252948	7	64	71	920.551
-0.261799	1.045978	0.343692	4	5	17	920.499
-0.523599	1.599406	1.426070	7	3	72	920.385
-2.879793	2.073035	2.027405	2	69	72	920.243
-2.879793	2.379497	0.561089	12	10	3	920.197
-1.308997	1.367556	0.358405	5	5	73	920.193
-0.785398	2.153910	-1.714959	6	70	19	919.935
-1.832596	0.203748	0.590255	14	12	10	919.872
1.570796	2.863997	0.549740	0	67	8	919.729
0.000000	1.417623	-0.202254	4	2	17	919.726
-1.832596	0.685216	-1.712745	1	64	3	919.647
-2.879793	1.658653	-2.409879	7	11	77	919.591
-2.094395	1.617114	-1.572037	14	77	10	919.407
-1.570796	1.256302	0.062705	11	10	14	919.352
-0.523599	1.606104	-0.451151	6	2	18	919.344
-1.570796	1.756530	-2.105156	11	12	4	919.332
-2.617994	2.393226	1.857173	4	71	6	919.285
1.047198	1.554776	0.100351	8	79	18	919.220
-1.308997	2.089241	-0.114193	2	7	14	919.193
0.000000	2.588535	-2.976617	17	79	9	919.137
-0.785398	2.299159	2.264663	2	11	74	919.081
0.261799	0.929350	-2.910676	5	72	14	919.053
-1.570796	0.458961	-0.107937	17	9	13	919.050
-0.523599	1.869911	2.701025	4	6	65	919.038
-0.523599	0.080730	-2.622036	2	1	17	918.987
2.094395	1.450119	-2.739050	0	17	1	918.775
2.617994	1.506530	1.988858	7	9	7	918.739
-1.832596	0.914445	2.687814	9	71	0	918.685
0.000000	2.343981	-1.040456	6	70	20	918.550
-2.356194	1.113094	-0.272241	12	12	12	918.539
2.879793	0.850607	-1.335383	7	71	2	918.524
0.000000	2.760637	2.781135	14	8	8	918.492
1.832596	2.588535	-2.976617	8	1	15	918.419
-2.617994	1.998705	2.370472	5	70	1	918.175
1.832596	1.135834	-1.431087	6	8	16	918.146
-3.141593	1.998705	2.370472	0	70	69	918.132
0.523599	1.448123	-2.163292	10	11	4	917.684
2.879793	0.866395	-2.492918	16	3	14	917.602
2.617994	2.153910	-1.714959	9	72	13	917.461
-1.832596	1.256302	0.062705	14	10	14	917.419
-2.617994	1.113094	-0.272241	12	78	76	917.330
2.879793	0.910508	1.903534	7	14	72	917.308
-1.832596	1.606104	-0.451151	15	2	6	917.246
-0.523599	1.909857	-0.381669	74	3	18	917.146
-0.785398	1.617114	-1.572037	78	9	6	917.092
-0.261799	2.588535	-2.976617	17	77	9	917.025
2.094395	0.685216	-1.712745	3	9	12	916.983
0.000000	0.615174	-0.666022	5	73	14	916.963
1.832596	1.194549	-0.801900	9	77	23	916.620
2.617994	1.391910	3.030322	15	3	15	916.453
2.356194	1.194549	-0.801900	9	5	14	916.419
-0.261799	1.683268	0.374177	75	4	14	916.410
-1.570796	0.203748	0.590255	11	13	10	916.352
-0.261799	2.979456	-1.009304	1	78	14	916.259
2.094395	0.762244	-0.273349	76	72	70	916.207
-2.356194	1.569311	-3.003978	4	70	79	916.108
-1.832596	0.960688	-0.577532	17	3	10	915.978
1.308997	2.478122	2.609777	69	10	79	915.950
1.047198	0.929350	-2.910676	19	11	12	915.833
0.785398	2.104282	-0.813972	12	71	20	915.829
0.785398	0.960688	-0.577532	7	5	16	915.760
-0.523599	0.700570	1.559208	2	75	16	915.694
-1.832596	1.909857	-0.381669	4	8	20	915.549
-2.879793	2.343981	-1.040456	9	8	18	915.502
2.879793	1.909857	-0.381669	13	4	21	915.477
-1.570796	1.335669	0.897240	4	15	2	915.155
0.261799	0.080730	-2.622036	2	1	18	915.114
-0.523599	2.033014	2.977192	21	76	79	915.080
-1.570796	0.618092	2.539118	78	78	16	914.949
0.523599	0.619654	-2.216909	4	73	16	914.672
0.261799	0.619654	-2.216909	3	74	16	914.599
0.785398	1.732874	-0.951685	11	76	22	914.391
-1.832596	1.367556	0.358405	9	12	14	914.324
-2.356194	2.104282	-0.813972	13	77	12	914.053
-2.094395	1.184361	0.625864	3	19	79	913.830
2.879793	1.025536	1.576859	3	7	12	913.654
0.785398	1.128190	-2.288622	8	14	3	913.617
1.832596	1.184361	0.625864	68	77	70	913.541
2.879793	1.732874	-0.951685	8	76	14	913.473
-0.261799	1.599406	1.426070	1	67	74	913.460
0.523599	1.982574	-1.115518	12	74	21	913.356
1.570796	1.488617	1.159546	2	63	69	913.262
2.094395	2.073035	2.027405	3	68	73	913.239
2.094395	1.335669	0.897240	7	12	9	913.221
-1.047198	0.906588	1.252948	6	9	9	913.104
-2.617994	1.696674	-1.253233	13	75	10	913.011
-0.523599	2.579248	-2.364801	16	70	10	912.967
1.832596	1.836682	-0.676006	16	76	20	912.850
2.356194	1.218453	2.777284	0	17	75	912.646
-2.617994	1.809167	1.213774	6	12	72	912.587
-2.356194	0.419640	2.974122	78	0	16	912.568
-1.570796	1.134497	-1.109631	5	10	10	912.441
1.308997	0.370812	-2.547742	6	79	18	912.394
2.879793	1.247695	1.809890	5	9	8	912.265
-1.570796	1.433411	-1.035986	14	4	6	912.191
-1.308997	1.809167	1.213774	4	12	3	911.748
-3.141593	1.617114	-1.572037	5	76	14	911.692
1.570796	2.251330	-2.330739	1	3	14	911.420
0.785398	0.864993	2.278281	13	76	15	911.335
2.617994	1.413430	2.550734	6	8	12	911.329
1.570796	1.510910	-0.740472	12	76	22	911.240
2.094395	1.448123	-2.163292	4	13	16	911.225
-3.141593	2.455966	-0.641220	11	78	13	911.155
-2.879793	1.555207	1.708892	0	11	62	911.032
-0.785398	0.960688	-0.577532	9	7	18	910.956
-1.047198	1.184361	0.625864	4	11	9	910.643
-0.523599	1.374601	-2.456031	22	73	12	910.527
-3.141593	2.104282	-0.813972	11	77	13	910.417
-0.261799	2.041297	-2.664597	15	77	12	910.333
-1.832596	1.809167	1.213774	9	12	4	910.120
-1.832596	1.504028	0.636812	8	13	10	910.115
0.523599	0.615174	-0.666022	10	73	14	910.061
2.094395	1.846342	-1.796954	7	13	12	910.037
-1.570796	2.379497	0.561089	6	12	9	909.830
2.617994	1.812176	0.656819	9	7	77	909.701
0.785398	0.914445	2.687814	14	75	13	909.671
-0.523599	0.418037	1.360082	4	77	17	909.663
0.785398	0.992645	-1.723759	15	74	12	909.439
0.523599	1.433411	-1.035986	5	10	3	909.319
-1.832596	1.247695	1.809890	6	10	1	909.313
-0.261799	2.404280	-0.174044	73	79	14	909.290
-0.261799	2.984978	1.954446	7	12	8	908.993
-2.356194	1.696674	-1.253233	14	75	8	908.943
-3.141593	2.724429	-0.348782	18	6	12	908.737
0.523599	0.910508	1.903534	13	76	15	908.693
0.523599	0.379747	-1.713059	5	76	17	908.681
-0.261799	1.242974	-2.977882	11	66	78	908.622
-0.523599	2.719179	-1.780644	9	68	14	908.500
0.523599	1.824694	1.850876	8	69	79	908.398
-0.261799	1.450119	-2.739050	3	5	16	908.243
-2.879793	1.448123	-2.163292	3	72	10	908.203
-3.141593	1.214854	-1.966664	5	8	12	908.139
-0.785398	0.615174	-0.666022	1	15	5	908.049
-2.094395	1.113094	-0.272241	10	14	12	908.048
-0.523599	1.809167	1.213774	8	7	3	907.944
-0.523599	0.961715	0.014085	4	9	14	907.865
-0.261799	2.174483	2.653697	18	1	3	907.811
-1.047198	0.709924	0.218797	6	11	12	907.399
0.523599	0.203748	0.590255	15	1	17	907.384
0.261799	2.588535	-2.976617	11	1	12	907.336
1.047198	1.450119	-2.739050	18	10	13	907.331
2.356194	1.433411	-1.035986	9	7	13	907.309
-2.617994	1.870545	-2.976234	79	69	76	907.204
-1.308997	2.588535	-2.976617	7	0	16	907.204
-2.879793	0.709924	0.218797	0	5	14	907.130
0.523599	0.419640	2.974122	4	77	18	907.110
-1.832596	2.247462	0.191623	6	12	12	906.977
-2.094395	2.063651	-2.044600	5	75	14	906.929
-2.617994	2.592629	0.909713	14	75	9	906.905
-1.570796	2.115563	0.685730	6	13	8	906.901
-0.261799	0.906588	1.252948	5	71	13	906.858
-2.617994	0.458961	-0.107937	1	4	16	906.846
-0.523599	0.619654	-2.216909	7	8	10	906.781
-2.617994	1.325504	-1.671296	12	74	9	906.250
-2.094395	2.592629	0.909713	9	14	77	905.887
-2.094395	1.606104	-0.451151	9	12	19	905.804
1.832596	2.104282	-0.813972	13	6	13	905.786
1.047198	2.295480	1.008277	77	65	75	905.700
1.832596	0.733948	3.021411	12	14	10	905.563
-1.832596	2.153910	-1.714959	6	77	16	905.487
2.879793	2.001437	0.381215	6	71	7	905.439
2.617994	2.115563	0.685730	10	69	3	905.406
-3.141593	0.297065	2.160177	11	13	8	905.359
-0.785398	2.637879	2.121598	11	1	13	905.355
0.785398	0.571433	-1.188419	0	12	0	905.169
0.000000	0.419640	2.974122	11	65	78	905.163
1.047198	2.579248	-2.364801	5	1	14	905.162
1.047198	0.203748	0.590255	14	3	17	905.059
-2.094395	1.756530	-2.105156	14	76	10	905.039
-2.094395	1.134796	2.434290	4	73	71	905.035
-0.523599	1.113094	-0.272241	7	7	17	905.012
2.879793	0.674054	1.013609	2	5	16	904.806
1.832596	2.349581	-2.702517	78	1	13	904.779
2.879793	2.704512	1.488683	6	68	5	904.766
1.570796	1.450119	-2.739050	2	19	76	904.744
2.617994	0.418037	1.360082	3	2	18	904.744
-2.879793	1.135813	-2.658866	14	7	14	904.586
0.523599	0.866955	-0.931351	11	70	10	904.481
-2.094395	1.545873	-1.877082	14	76	10	904.414
-2.617994	1.504028	0.636812	10	15	78	904.337
-1.308997	2.041297	-2.664597	13	66	7	904.172
0.261799	1.134497	-1.109631	7	8	12	903.973
1.047198	1.875281	0.107086	10	77	17	903.871
-1.570796	0.831641	0.616218	79	10	70	903.871
-0.261799	2.104282	-0.813972	4	76	19	903.695
2.617994	2.089241	-0.114193	10	71	7	903.593
-2.617994	0.850607	-1.335383	3	8	13	903.367
-2.356194	1.741644	-2.695914	8	75	14	903.277
0.523599	1.134497	-1.109631	9	5	22	903.224
1.047198	1.194549	-0.801900	7	6	15	903.218
-2.356194	1.812176	0.656819	15	13	5	903.007
2.356194	1.135834	-1.431087	17	3	9	902.984
-0.261799	0.929350	-2.910676	3	72	14	902.960
-0.261799	0.419640	2.974122	9	63	79	902.663
-1.308997	1.599406	1.426070	4	11	0	902.401
-1.308997	1.488617	1.159546	75	13	4	901.905
-2.356194	2.033014	2.977192	5	71	7	901.873
-2.879793	1.510910	-0.740472	13	73	6	901.849
0.000000	1.168678	2.108595	8	70	10	901.827
-1.308997	1.134497	-1.109631	3	10	10	901.717
0.261799	2.456751	-1.503343	4	2	14	901.664
-1.047198	2.041297	-2.664597	16	67	7	901.525
-3.141593	0.370812	-2.547742	72	74	70	901.292
2.879793	1.904882	-1.478089	12	72	10	901.052
0.523599	1.168678	2.108595	76	11	71	901.049
-2.356194	0.850607	-1.335383	79	66	5	901.026
-3.141593	2.247462	0.191623	15	8	10	901.008
2.617994	0.571433	-1.188419	15	6	13	900.999
2.879793	1.184361	0.625864	6	70	0	900.970
0.261799	0.496451	0.593859	15	79	16	900.931
0.785398	1.242974	-2.977882	21	8	10	900.869
-0.785398	1.184361	0.625864	77	11	5	900.839
0.785398	1.194549	-0.801900	9	10	79	900.705
-0.261799	0.709924	0.218797	5	7	16	900.687
-2.617994	1.413347	-1.339188	14	75	8	900.668
1.308997	0.203748	0.590255	13	4	17	900.658
-2.879793	1.113094	-0.272241	12	77	76	900.525
0.523599	0.762244	-0.273349	11	73	13	900.390
0.261799	2.455966	-0.641220	0	1	13	900.251
-0.785398	1.869911	2.701025	17	76	3	900.048
0.523599	2.588535	-2.976617	8	2	14	900.020
-1.308997	2.592629	0.909713	6	13	7	899.931
-2.356194	1.301460	-0.509251	17	1	12	899.794
1.308997	1.870545	-2.976234	15	12	9	899.729
2.356194	0.899350	-2.069907	3	10	11	899.725
0.000000	1.218453	2.777284	9	2	74	899.701
-1.832596	1.510910	-0.740472	15	3	6	899.658
1.047198	0.618092	2.539118	13	78	15	899.612
2.094395	1.195355	1.200319	6	11	12	899.455
-1.570796	1.741644	-2.695914	10	66	7	899.436
2.356194	1.367556	0.358405	78	72	69	899.430
1.047198	1.545873	-1.877082	15	8	18	899.357
-0.523599	1.875281	0.107086	77	4	16	899.264
-2.094395	0.640596	-2.797608	79	5	15	899.251
2.879793	0.866955	-0.931351	2	71	75	899.160
1.570796	0.297065	2.160177	4	1	19	899.074
0.785398	1.417623	-0.202254	8	1	18	899.025
1.047198	0.992645	-1.723759	10	11	18	899.013
2.356194	0.203748	0.590255	5	4	17	898.976
-0.523599	2.174483	2.653697	3	8	71	898.940
2.617994	1.732874	-0.951685	10	8	16	898.655
0.261799	1.128190	-2.288622	19	5	15	898.642
-1.047198	1.617114	-1.572037	0	10	6	898.584
-3.141593	0.709924	0.218797	2	7	14	898.341
1.047198	1.488617	1.159546	79	63	70	898.333
2.879793	2.664082	-1.071402	9	79	14	898.311
2.094395	2.407836	1.410646	3	15	5	898.209
0.261799	0.591903	2.010408	9	77	17	898.156
0.785398	2.299159	2.264663	4	9	4	897.911
-1.832596	2.863997	0.549740	5	2	16	897.840
2.094395	1.433411	-1.035986	0	10	10	897.797
-0.261799	2.587733	0.232235	79	4	11	897.684
-3.141593	2.760637	2.781135	74	65	74	897.291
-1.047198	2.478122	2.609777	2	10	75	897.276
2.617994	1.736875	3.023612	5	10	8	897.261
0.000000	0.290380	-0.796960	8	11	15	897.117
-2.879793	2.041297	-2.664597	72	72	8	897.027
-0.785398	1.128190	-2.288622	4	9	12	896.994
-1.308997	2.138223	1.678323	1	11	68	896.850
-1.047198	1.367556	0.358405	0	11	14	896.730
-1.047198	1.948085	-2.363031	14	67	11	896.681
-0.523599	2.456751	-1.503343	5	70	18	896.678
-1.308997	2.356369	3.005869	16	73	6	896.618
-3.141593	0.992645	-1.723759	6	70	2	896.287
0.000000	1.982574	-1.115518	6	74	23	896.104
-3.141593	1.448123	-2.163292	15	7	9	896.084
-2.094395	2.001437	0.381215	12	15	8	896.058
-0.785398	1.658653	-2.409879	7	62	5	896.034
2.617994	1.335669	0.897240	5	10	8	895.874
2.094395	2.063651	-2.044600	5	16	9	895.827
-2.356194	2.138223	1.678323	7	8	75	895.708
-2.094395	1.977582	0.969896	6	15	75	895.674
-2.094395	2.404280	-0.174044	4	11	16	895.620
1.047198	1.721184	-0.153948	10	79	16	895.562
2.094395	1.658653	-2.409879	5	15	11	895.529
-2.356194	1.809167	1.213774	7	12	71	895.528
1.047198	1.736875	3.023612	76	14	72	895.439
-2.617994	2.247462	0.191623	17	12	9	895.411
-3.141593	1.977582	0.969896	4	71	77	895.367
0.261799	1.256302	0.062705	5	1	18	895.313
-2.094395	1.732874	-0.951685	15	76	8	895.058
-2.879793	0.496451	0.593859	0	3	16	894.906
-2.617994	2.295480	1.008277	8	11	71	894.834
-2.094395	0.961715	0.014085	19	7	14	894.805
-2.356194	2.407836	1.410646	9	9	77	894.670
0.523599	2.724429	-0.348782	0	79	14	894.638
1.832596	2.863997	0.549740	3	69	9	894.632
2.356194	2.579248	-2.364801	79	9	12	894.600
-2.879793	2.404280	-0.174044	16	12	12	894.553
0.523599	2.001437	0.381215	76	64	78	894.435
-0.261799	1.696674	-1.253233	1	5	10	894.390
-2.356194	2.356369	3.005869	6	74	12	894.359
-0.261799	1.875281	0.107086	4	79	18	894.308
-3.141593	1.168678	2.108595	8	11	3	894.304
1.308997	1.433411	-1.035986	10	0	23	894.284
-2.356194	1.909857	-0.381669	14	8	17	894.234
0.261799	1.218453	2.777284	10	6	7	894.138
-3.141593	0.762244	-0.273349	5	67	6	893.975
1.308997	1.736875	3.023612	12	14	0	893.964
0.523599	1.699788	2.452890	12	4	16	893.905
-2.094395	1.662363	0.915448	11	12	7	893.893
2.617994	2.180315	-1.357379	8	78	15	893.784
2.617994	1.218453	2.777284	10	5	14	893.767
-2.617994	1.555207	1.708892	4	11	73	893.758
-3.141593	2.108018	1.311430	9	70	67	893.721
-2.094395	1.599406	1.426070	1	15	75	893.457
1.308997	2.719179	-1.780644	7	78	15	893.423
2.356194	1.721184	-0.153948	12	7	0	893.196
-2.879793	2.455966	-0.641220	14	9	15	893.185
-3.141593	1.699788	2.452890	78	11	9	893.121
2.094395	2.247462	0.191623	8	68	9	893.108
2.356194	0.419640	2.974122	10	13	8	893.099
-2.094395	1.824694	1.850876	5	9	74	892.987
2.879793	1.488617	1.159546	7	71	77	892.824
0.261799	0.864993	2.278281	6	64	73	892.723
2.356194	0.619654	-2.216909	5	9	11	892.603
0.785398	2.033014	2.977192	4	3	18	892.413
-2.356194	1.721184	-0.153948	11	15	9	892.265
1.570796	1.872854	1.543456	12	10	15	892.252
0.523599	0.458961	-0.107937	11	75	16	892.243
2.356194	2.089241	-0.114193	18	0	17	892.229
-2.617994	1.184361	0.625864	9	16	79	892.178
2.879793	1.214854	-1.966664	7	8	9	892.062
-3.141593	1.948085	-2.363031	79	77	13	892.015
-0.261799	1.506530	1.988858	4	1	67	891.837
2.094395	1.134497	-1.109631	7	79	23	891.810
-0.261799	1.982574	-1.115518	8	76	19	891.514
0.785398	0.906588	1.252948	3	16	75	891.409
2.356194	1.256302	0.062705	0	14	77	891.267
0.261799	2.115563	0.685730	3	71	70	891.202
0.000000	1.440580	2.260026	8	1	68	891.173
-1.308997	0.866955	-0.931351	13	4	3	890.899
-2.617994	2.033014	2.977192	4	71	6	890.886
-2.094395	1.242974	-2.977882	6	73	73	890.814
-1.570796	1.617114	-1.572037	9	76	20	890.751
-2.617994	1.194549	-0.801900	9	10	5	890.607
-0.261799	2.456751	-1.503343	9	69	18	890.604
2.617994	2.393226	1.857173	2	15	6	890.588
-0.261799	2.343981	-1.040456	77	6	10	890.512
2.879793	1.696674	-1.253233	5	78	18	890.475
1.308997	2.455966	-0.641220	4	74	14	890.286
-2.617994	2.041297	-2.664597	4	78	16	890.228
0.000000	1.050534	3.042579	12	67	77	890.200
-3.141593	2.349581	-2.702517	77	1	14	890.141
-1.308997	0.899350	-2.069907	2	63	2	890.135
-1.047198	1.545873	-1.877082	2	64	3	890.051
-2.879793	1.050534	3.042579	5	8	13	889.831
0.000000	1.809167	1.213774	7	68	74	889.707
-2.356194	1.247695	1.809890	5	11	75	889.601
-0.785398	2.664082	-1.071402	6	1	15	889.560
2.356194	2.396274	-1.959260	2	0	14	889.460
-2.879793	2.187132	-0.479875	11	4	15	889.198
-1.832596	0.379747	-1.713059	79	1	16	889.180
-1.047198	2.393226	1.857173	9	10	1	889.140
0.523599	0.685216	-1.712745	11	74	15	888.883
-0.523599	1.721184	-0.153948	1	5	15	888.795
-1.047198	1.736875	3.023612	16	73	5	888.770
-0.785398	2.881233	-2.582574	7	78	15	888.445
2.879793	0.700570	1.559208	2	4	18	888.045
0.523599	1.417623	-0.202254	7	1	18	887.875
-1.570796	1.662363	0.915448	5	15	1	887.851
-1.047198	0.619654	-2.216909	6	64	3	887.809
-0.261799	1.113094	-0.272241	5	7	17	887.782
0.785398	0.685216	-1.712745	8	74	16	887.770
2.094395	1.732874	-0.951685	6	9	9	887.641
1.832596	2.478122	2.609777	67	4	3	887.641
-0.261799	0.700570	1.559208	6	73	15	887.635
-2.094395	0.674054	1.013609	6	16	4	887.603
0.785398	0.929350	-2.910676	12	75	14	887.557
2.356194	1.374601	-2.456031	78	15	4	887.533
-2.094395	1.247695	1.809890	5	11	5	887.410
2.094395	2.349581	-2.702517	79	1	13	887.273
1.308997	2.295480	1.008277	75	63	73	886.968
-1.832596	1.948085	-2.363031	8	75	13	886.910
0.785398	0.733948	3.021411	13	77	16	886.821
-2.094395	1.872854	1.543456	2	12	79	886.679
-3.141593	0.831641	0.616218	2	6	14	886.664
2.617994	1.904882	-1.478089	8	71	10	886.589
-1.308997	2.115563	0.685730	3	13	9	886.581
2.879793	1.506530	1.988858	11	8	6	886.472
-2.094395	2.115563	0.685730	12	12	8	886.469
0.785398	1.448123	-2.163292	14	11	11	886.214
1.832596	1.242974	-2.977882	7	16	7	886.198
-2.094395	2.295480	1.008277	0	9	9	886.043
0.523599	2.587733	0.232235	71	70	11	885.978
-1.570796	2.478122	2.609777	17	73	4	885.808
-1.308997	1.846342	-1.796954	3	72	21	885.765
0.261799	0.910508	1.903534	1	63	70	885.311
1.832596	1.214854	-1.966664	79	15	8	885.309
0.785398	1.617114	-1.572037	11	8	11	885.309
-2.879793	2.393226	1.857173	7	70	3	885.149
-2.094395	0.290380	-0.796960	4	67	2	885.000
-1.047198	0.899350	-2.069907	9	65	3	884.881
-2.356194	0.458961	-0.107937	0	3	16	884.863
-0.261799	1.574060	2.783565	5	7	20	884.750
0.261799	0.571433	-1.188419	5	74	16	884.541
-1.832596	0.674054	1.013609	0	17	0	884.436
0.523599	1.374601	-2.456031	9	9	75	884.347
1.832596	1.909857	-0.381669	17	73	19	884.315
-2.879793	0.906588	1.252948	8	16	74	884.265
1.832596	1.450119	-2.739050	6	16	9	884.238
-1.047198	2.001437	0.381215	11	5	1	884.210
1.570796	1.977582	0.969896	77	62	70	884.192
-0.785398	2.719179	-1.780644	5	69	15	884.175
-2.617994	1.732874	-0.951685	12	73	8	884.097
-0.523599	1.998705	2.370472	1	9	1	883.801
0.785398	1.134796	2.434290	4	68	73	883.671
-2.356194	2.404280	-0.174044	14	10	13	883.635
2.356194	0.733948	3.021411	3	15	72	883.585
0.523599	1.025536	1.576859	15	76	14	883.567
-2.356194	2.587733	0.232235	15	14	8	883.556
2.879793	0.571433	-1.188419	75	68	78	883.511
1.308997	1.982574	-1.115518	16	78	20	883.314
0.785398	1.998705	2.370472	13	5	9	883.216
-2.356194	1.374601	-2.456031	11	75	13	883.201
2.094395	1.218453	2.777284	2	17	75	883.068
0.000000	0.203748	0.590255	9	77	17	882.977
-1.308997	2.760637	2.781135	14	75	8	882.885
-2.879793	0.850607	-1.335383	5	72	73	882.842
2.879793	1.977582	0.969896	10	70	70	882.822
-2.094395	2.587733	0.232235	8	13	13	882.759
2.879793	2.349581	-2.702517	73	3	11	882.684
0.785398	1.168678	2.108595	74	10	71	882.654
-0.785398	0.290380	-0.796960	16	9	14	882.598
0.785398	1.301460	-0.509251	8	4	16	882.547
-2.879793	1.433411	-1.035986	14	73	6	882.502
-2.617994	2.073035	2.027405	1	70	2	882.466
-1.570796	0.850607	-1.335383	8	68	7	882.441
-3.141593	0.418037	1.360082	16	14	7	882.307
1.832596	0.709924	0.218797	0	17	79	882.242
-2.879793	1.982574	-1.115518	12	78	13	882.175
-1.832596	1.721184	-0.153948	6	9	18	882.013
-2.617994	1.909857	-0.381669	16	2	12	881.651
-0.785398	2.456751	-1.503343	0	63	2	881.589
-1.832596	1.417623	-0.202254	13	8	16	881.497
-1.308997	0.458961	-0.107937	13	11	13	881.396
-2.617994	1.741644	-2.695914	76	70	8	881.082
-0.785398	2.704512	1.488683	7	12	6	881.050
2.617994	1.045978	0.343692	8	10	9	881.045
1.308997	2.587733	0.232235	0	69	11	880.892
-2.879793	1.998705	2.370472	1	69	75	880.864
2.094395	0.080730	-2.622036	6	12	11	880.857
-0.785398	2.356369	3.005869	21	75	0	880.655
0.523599	0.080730	-2.622036	2	0	18	880.609
-0.785398	0.080730	-2.622036	5	3	18	880.557
0.261799	1.809167	1.213774	8	70	74	880.547
2.617994	2.592629	0.909713	9	69	6	880.503
2.879793	0.831641	0.616218	3	7	14	880.342
-1.832596	1.662363	0.915448	8	13	7	880.230
-1.308997	1.756530	-2.105156	11	4	13	880.169
-1.832596	2.456751	-1.503343	16	6	12	880.117
2.356194	2.349581	-2.702517	0	1	13	879.803
1.047198	1.025536	1.576859	4	64	69	879.652
1.047198	1.128190	-2.288622	6	16	3	879.647
-2.879793	1.391910	3.030322	0	10	9	879.638
1.570796	1.998705	2.370472	8	11	79	879.586
-1.570796	1.904882	-1.478089	1	77	19	879.564
1.832596	1.448123	-2.163292	7	14	16	879.369
-2.356194	1.050534	3.042579	76	70	74	879.266
2.617994	0.297065	2.160177	75	12	69	879.193
2.094395	2.115563	0.685730	78	14	71	879.119
-3.141593	1.367556	0.358405	15	75	0	878.883
-2.094395	0.297065	2.160177	5	0	18	878.565
0.523599	2.108018	1.311430	13	73	76	878.534
-3.141593	1.554776	0.100351	11	8	12	878.495
2.094395	0.418037	1.360082	11	3	17	878.365
-2.094395	1.909857	-0.381669	11	8	17	878.349
-2.879793	2.251330	-2.330739	76	77	11	878.217
-2.617994	2.724429	-0.348782	5	0	16	878.135
-1.308997	1.736875	3.023612	14	72	5	878.105
-0.785398	2.033014	2.977192	19	74	79	877.827
1.047198	1.301460	-0.509251	9	3	16	877.801
2.617994	0.203748	0.590255	4	3	17	877.794
-1.832596	2.138223	1.678323	5	11	75	877.743
1.047198	1.413347	-1.339188	12	4	22	877.730
2.617994	2.704512	1.488683	2	69	6	877.686
-3.141593	2.251330	-2.330739	76	1	12	877.684
-2.879793	1.128190	-2.288622	15	8	10	877.471
0.523599	0.700570	1.559208	13	78	16	877.466
-1.570796	2.863997	0.549740	6	12	9	877.424
-0.261799	1.218453	2.777284	6	9	17	877.382
-2.356194	1.448123	-2.163292	18	1	11	877.336
0.523599	1.242974	-2.977882	12	9	0	877.313
1.832596	1.135813	-2.658866	1	18	4	877.298
-3.141593	0.458961	-0.107937	3	6	16	877.278
-2.617994	2.379497	0.561089	12	13	0	876.990
-2.094395	2.187132	-0.479875	3	8	19	876.656
0.261799	0.203748	0.590255	15	0	17	876.645
1.047198	1.168678	2.108595	72	10	71	876.574
0.000000	1.506530	1.988858	11	69	5	876.518
2.094395	2.979456	-1.009304	14	10	8	876.505
-3.141593	0.674054	1.013609	1	4	16	876.311
-0.523599	1.128190	-2.288622	22	75	15	876.247
1.308997	1.374601	-2.456031	5	17	0	876.211
0.785398	1.870545	-2.976234	79	14	74	875.921
