144	1.2	0
-2.879793	0.992645	-1.723759
0.341049	2.612091	-1.069946
../3r0r_monomer_m.pdb	-34.676	70.065	22.656
../3r0r_monomer_m.pdb	21.039	16.775	83.151
0.785398	2.379497	0.561089	121	141	126	2380.441
2.356194	0.370812	-2.547742	0	2	31	1933.447
-2.356194	0.615174	-0.666022	1	16	9	1907.900
2.617994	0.640596	-2.797608	0	3	30	1871.767
2.617994	1.504028	0.636812	0	6	129	1871.625
-2.879793	1.050534	3.042579	143	23	127	1867.705
-1.570796	1.218453	2.777284	1	125	16	1863.171
2.879793	1.875281	0.107086	140	12	133	1860.684
2.094395	1.367556	0.358405	139	141	130	1859.878
1.047198	2.379497	0.561089	124	140	127	1848.095
2.356194	0.640596	-2.797608	2	4	29	1844.171
2.617994	0.929350	-2.910676	2	7	27	1795.827
-2.356194	0.914445	2.687814	141	26	133	1794.502
-0.523599	1.045978	0.343692	103	5	136	1782.436
-2.879793	2.089241	-0.114193	138	18	133	1768.553
0.785398	2.115563	0.685730	124	140	125	1764.208
0.785398	2.041297	-2.664597	4	11	121	1756.157
-0.261799	0.700570	1.559208	117	16	143	1746.207
0.000000	2.247462	0.191623	3	2	134	1735.718
1.047198	2.592629	0.909713	139	4	129	1735.532
2.094395	1.662363	0.915448	139	2	125	1729.826
-3.141593	1.256302	0.062705	1	13	139	1722.720
-2.356194	0.618092	2.539118	141	29	139	1718.597
-1.308997	0.866955	-0.931351	122	3	138	1718.230
-1.832596	1.194549	-0.801900	120	5	136	1716.640
2.879793	1.554776	0.100351	3	8	136	1707.669
0.261799	2.001437	0.381215	5	142	133	1706.357
-2.094395	0.864993	2.278281	137	30	142	1706.109
-0.785398	1.569311	-3.003978	136	137	20	1700.761
-2.879793	2.404280	-0.174044	137	18	131	1700.113
0.000000	2.863997	0.549740	1	138	125	1699.332
-2.879793	1.134497	-1.109631	106	1	13	1697.338
-1.832596	2.379497	0.561089	8	13	127	1695.233
2.879793	1.391910	3.030322	6	6	23	1694.647
2.094395	0.733948	3.021411	0	16	23	1692.649
2.356194	2.637879	2.121598	7	10	128	1692.344
2.356194	2.393226	1.857173	143	10	126	1687.876
2.094395	1.195355	1.200319	143	11	130	1686.871
-1.832596	2.587733	0.232235	9	16	131	1671.195
2.356194	2.138223	1.678323	139	11	128	1669.048
-3.141593	1.391910	3.030322	5	18	123	1666.523
-0.261799	1.050534	3.042579	6	124	22	1665.055
1.570796	2.295480	1.008277	128	0	123	1648.846
0.523599	2.247462	0.191623	120	138	129	1648.588
-3.141593	0.961715	0.014085	1	13	141	1644.562
-2.617994	1.569311	-3.003978	128	137	24	1641.950
-1.570796	1.721184	-0.153948	114	28	137	1640.732
-2.617994	1.766067	2.153843	115	142	137	1639.421
-3.141593	1.554776	0.100351	0	12	135	1636.939
-0.523599	1.367556	0.358405	103	6	132	1635.307
2.094395	1.683268	0.374177	143	135	127	1628.079
0.000000	1.870545	-2.976234	121	3	116	1622.317
1.047198	1.870545	-2.976234	137	11	118	1619.047
2.094395	2.108018	1.311430	139	7	127	1617.229
-3.141593	2.404280	-0.174044	139	18	130	1616.483
2.617994	2.760637	2.781135	4	10	127	1612.292
2.879793	1.504028	0.636812	143	10	129	1610.996
1.832596	0.370812	-2.547742	2	5	31	1610.709
-2.879793	1.391910	3.030322	9	16	123	1610.543
0.000000	0.370812	-2.547742	1	132	31	1609.515
-1.570796	1.554776	0.100351	114	28	133	1608.875
1.570796	1.128190	-2.288622	143	9	119	1608.715
-0.785398	1.242974	-2.977882	137	138	23	1603.402
1.308997	1.128190	-2.288622	142	4	119	1603.098
-3.141593	0.419640	2.974122	15	4	33	1602.986
2.356194	2.115563	0.685730	142	143	125	1602.454
0.000000	1.569311	-3.003978	22	135	23	1599.213
-1.832596	1.247695	1.809890	121	19	125	1596.141
1.832596	2.108018	1.311430	141	11	136	1593.840
-1.570796	1.413430	2.550734	1	124	11	1591.830
-0.523599	0.640596	-2.797608	5	130	30	1589.691
1.832596	2.984978	1.954446	4	7	126	1589.454
-0.523599	2.041297	-2.664597	122	14	113	1588.245
-0.785398	0.370812	-2.547742	5	132	32	1586.592
-2.094395	0.961715	0.014085	135	28	143	1585.620
0.523599	2.379497	0.561089	6	3	131	1583.773
-0.261799	1.870545	-2.976234	122	6	116	1580.724
-3.141593	1.417623	-0.202254	22	8	141	1578.500
-0.785398	1.045978	0.343692	103	11	136	1576.273
-0.523599	0.929350	-2.910676	137	132	26	1575.032
2.617994	1.875281	0.107086	140	9	132	1573.067
2.879793	1.050534	3.042579	0	12	25	1572.882
-1.570796	2.187132	-0.479875	110	26	139	1571.622
0.000000	2.379497	0.561089	2	132	131	1570.578
-2.356194	2.115563	0.685730	128	19	30	1568.005
-2.617994	1.391910	3.030322	138	23	123	1567.699
-2.617994	0.733948	3.021411	140	26	131	1567.036
1.047198	2.295480	1.008277	125	0	123	1562.324
2.617994	1.812176	0.656819	143	4	127	1560.813
-1.832596	0.910508	1.903534	117	19	128	1557.634
1.832596	2.138223	1.678323	5	13	1	1555.644
2.617994	2.247462	0.191623	139	6	127	1555.149
2.879793	0.961715	0.014085	9	10	142	1553.525
-0.261799	2.404280	-0.174044	2	8	139	1552.632
1.832596	1.662363	0.915448	137	6	133	1551.230
2.879793	1.732874	-0.951685	4	9	37	1549.061
1.832596	0.640596	-2.797608	142	11	28	1545.655
-2.879793	1.909857	-0.381669	135	22	140	1542.388
2.094395	1.554776	0.100351	2	134	132	1541.848
2.879793	2.089241	-0.114193	138	10	129	1541.487
2.617994	2.478122	2.609777	7	15	130	1539.220
-3.141593	1.134497	-1.109631	107	6	13	1538.296
2.879793	1.367556	0.358405	1	6	131	1537.857
2.094395	0.370812	-2.547742	2	4	32	1534.614
2.094395	1.128190	-2.288622	140	20	123	1532.988
-0.261799	2.349581	-2.702517	128	16	116	1532.774
2.879793	1.683268	0.374177	1	7	131	1532.456
-1.308997	1.413430	2.550734	119	23	131	1529.951
-1.308997	1.741644	-2.695914	128	131	23	1529.443
-2.879793	1.510910	-0.740472	136	23	4	1524.992
0.261799	0.290380	-0.796960	1	1	34	1521.899
0.785398	1.391910	3.030322	142	12	127	1520.668
-2.094395	1.617114	-1.572037	3	16	20	1520.382
-2.879793	0.733948	3.021411	143	27	131	1518.985
1.832596	1.504028	0.636812	140	142	128	1516.832
-1.570796	1.194549	-0.801900	121	4	137	1516.460
-1.047198	1.741644	-2.695914	132	130	23	1516.067
2.617994	2.138223	1.678323	138	11	127	1515.668
2.356194	0.831641	0.616218	10	8	136	1515.386
-1.047198	0.571433	-1.188419	123	2	138	1515.154
-1.832596	1.904882	-1.478089	138	16	15	1513.627
-2.356194	1.301460	-0.509251	141	14	140	1512.212
-2.094395	2.187132	-0.479875	7	22	142	1510.016
1.832596	1.218453	2.777284	138	10	120	1508.250
2.879793	2.456751	-1.503343	123	8	118	1503.092
2.356194	2.299159	2.264663	5	17	140	1502.719
-3.141593	1.242974	-2.977882	143	21	122	1500.163
2.617994	1.391910	3.030322	1	15	21	1499.506
2.879793	1.824694	1.850876	137	18	130	1498.051
2.879793	0.709924	0.218797	15	12	141	1497.128
-1.832596	2.104282	-0.813972	112	27	1	1496.076
1.047198	1.948085	-2.363031	134	11	117	1494.151
-0.523599	0.961715	0.014085	103	8	141	1493.650
-1.832596	1.732874	-0.951685	116	130	21	1493.434
2.617994	2.115563	0.685730	141	1	124	1493.190
-0.523599	1.870545	-2.976234	137	138	18	1493.159
-0.261799	0.733948	3.021411	7	125	25	1492.974
1.832596	1.128190	-2.288622	143	16	123	1491.821
-2.094395	1.413430	2.550734	130	23	127	1490.490
1.047198	2.164094	-2.991358	132	13	118	1490.050
2.617994	1.554776	0.100351	1	3	37	1489.625
1.308997	2.164094	-2.991358	123	13	118	1488.452
2.617994	0.709924	0.218797	9	9	143	1486.886
0.261799	1.195355	1.200319	109	133	13	1486.526
1.047198	1.736875	3.023612	139	17	126	1484.854
-3.141593	2.455966	-0.641220	115	10	122	1484.528
2.094395	0.080730	-2.622036	0	6	31	1484.432
-1.832596	0.864993	2.278281	134	28	140	1483.125
-1.308997	1.504028	0.636812	110	21	124	1482.758
2.879793	1.433411	-1.035986	0	3	38	1481.945
0.261799	1.391910	3.030322	27	139	21	1481.124
1.047198	2.115563	0.685730	0	9	136	1480.497
2.617994	1.569311	-3.003978	128	12	117	1479.602
-1.570796	0.370812	-2.547742	129	141	134	1479.253
-2.617994	2.404280	-0.174044	142	8	128	1479.114
-2.094395	0.850607	-1.335383	20	12	22	1477.084
-2.879793	2.343981	-1.040456	121	10	123	1476.810
-2.094395	2.115563	0.685730	126	18	124	1476.604
-1.308997	1.050534	3.042579	11	122	23	1473.784
-2.094395	2.247462	0.191623	8	17	131	1473.453
1.308997	2.295480	1.008277	127	143	122	1472.766
-1.832596	2.456751	-1.503343	1	16	6	1472.625
-0.523599	2.724429	-0.348782	1	10	138	1471.747
-1.832596	2.180315	-1.357379	4	18	11	1471.238
0.523599	1.870545	-2.976234	3	2	119	1468.443
1.308997	2.063651	-2.044600	133	20	125	1467.346
-0.785398	1.184361	0.625864	104	8	129	1466.939
-2.617994	1.113094	-0.272241	14	20	3	1466.772
0.261799	1.836682	-0.676006	135	137	33	1465.396
0.261799	1.488617	1.159546	111	130	12	1465.290
2.617994	2.881233	-2.582574	136	136	118	1465.156
1.047198	1.128190	-2.288622	15	2	32	1464.524
2.879793	2.247462	0.191623	138	10	128	1463.945
-0.523599	0.419640	2.974122	15	129	29	1463.041
-1.308997	1.721184	-0.153948	109	24	137	1462.964
0.523599	1.836682	-0.676006	138	134	34	1462.551
2.617994	1.736875	3.023612	143	8	118	1461.273
2.356194	1.242974	-2.977882	5	15	26	1460.496
2.094395	1.504028	0.636812	137	143	125	1460.416
1.308997	0.866395	-2.492918	1	0	123	1460.412
-1.570796	0.866955	-0.931351	122	4	138	1460.388
-3.141593	1.367556	0.358405	143	11	131	1459.790
-2.094395	1.134796	2.434290	136	27	135	1459.641
-1.832596	1.510910	-0.740472	121	5	132	1459.173
0.000000	0.906588	1.252948	118	15	5	1458.623
-1.047198	0.203748	0.590255	140	4	33	1458.136
-1.570796	1.440580	2.260026	113	15	123	1457.764
2.094395	1.335669	0.897240	142	4	129	1454.064
-1.832596	1.721184	-0.153948	119	30	137	1453.793
2.356194	1.135813	-2.658866	0	16	121	1452.965
-2.617994	1.510910	-0.740472	125	19	140	1451.223
-0.261799	2.587733	0.232235	143	136	127	1450.951
1.308997	0.733948	3.021411	2	10	129	1449.935
-0.523599	2.187132	-0.479875	0	8	141	1449.591
1.308997	1.870545	-2.976234	133	12	117	1449.528
2.356194	1.569311	-3.003978	134	4	115	1448.798
2.617994	1.256302	0.062705	6	4	138	1448.172
-2.356194	0.910508	1.903534	128	20	127	1447.997
-3.141593	1.683268	0.374177	143	11	130	1447.619
0.523599	2.251330	-2.330739	140	22	128	1447.490
-3.141593	1.050534	3.042579	2	24	127	1447.270
-0.261799	1.256302	0.062705	137	142	137	1446.887
2.617994	1.045978	0.343692	10	8	137	1445.265
0.523599	2.579248	-2.364801	138	26	132	1444.719
2.094395	1.736875	3.023612	8	142	20	1444.683
-1.047198	2.089241	-0.114193	112	18	131	1443.553
-1.308997	2.404280	-0.174044	109	25	130	1442.602
1.832596	2.295480	1.008277	3	2	128	1441.721
1.047198	2.251330	-2.330739	137	17	123	1441.193
-3.141593	2.719179	-1.780644	128	4	120	1440.306
2.356194	1.869911	2.701025	122	9	115	1440.181
2.617994	1.824694	1.850876	139	18	131	1439.709
-0.261799	0.640596	-2.797608	143	134	30	1439.564
-2.617994	0.960688	-0.577532	142	20	10	1439.062
-0.261799	0.685216	-1.712745	135	12	138	1438.736
-3.141593	1.569311	-3.003978	0	15	118	1438.672
-1.570796	0.700570	1.559208	139	28	13	1438.500
2.879793	1.242974	-2.977882	1	8	25	1438.007
1.047198	1.569311	-3.003978	140	19	130	1437.695
-2.094395	1.440580	2.260026	131	25	132	1437.500
2.617994	1.335669	0.897240	142	10	128	1437.136
-2.094395	0.618092	2.539118	136	28	138	1435.160
2.356194	1.367556	0.358405	142	0	130	1433.863
2.094395	2.180315	-1.357379	125	22	121	1433.486
2.094395	1.812176	0.656819	143	142	127	1432.762
-1.308997	1.909857	-0.381669	108	23	140	1432.569
-1.832596	2.153910	-1.714959	133	13	11	1431.985
-1.570796	0.418037	1.360082	102	11	140	1431.855
-1.570796	2.455966	-0.641220	108	25	136	1430.115
2.356194	1.504028	0.636812	0	2	129	1429.453
-1.570796	2.404280	-0.174044	126	12	25	1429.090
-1.570796	1.050534	3.042579	4	124	23	1428.628
-2.094395	2.343981	-1.040456	111	27	143	1428.129
0.523599	2.001437	0.381215	126	139	128	1428.082
0.785398	2.247462	0.191623	124	140	130	1427.797
2.356194	2.295480	1.008277	139	15	131	1426.285
2.879793	2.724429	-0.348782	121	11	121	1426.231
2.879793	0.929350	-2.910676	0	6	28	1426.106
-0.785398	0.992645	-1.723759	137	8	142	1425.274
0.261799	2.164094	-2.991358	2	11	120	1425.152
-2.879793	1.732874	-0.951685	138	8	37	1424.043
2.356194	0.674054	1.013609	7	15	4	1423.806
-1.832596	1.982574	-1.115518	8	22	12	1423.109
1.832596	2.001437	0.381215	6	136	130	1422.860
-0.523599	1.256302	0.062705	102	8	139	1422.738
1.570796	2.704512	1.488683	9	7	129	1422.621
-2.356194	1.433411	-1.035986	123	17	141	1421.707
-2.356194	0.733948	3.021411	134	27	131	1420.987
2.356194	1.812176	0.656819	143	0	126	1420.759
2.879793	2.719179	-1.780644	129	1	118	1420.617
2.617994	1.417623	-0.202254	138	14	36	1419.752
-2.879793	0.419640	2.974122	101	8	2	1418.568
0.523599	1.569311	-3.003978	6	139	120	1418.040
-0.261799	0.929350	-2.910676	6	129	28	1417.927
0.523599	1.135813	-2.658866	7	128	23	1416.891
-1.832596	1.168678	2.108595	118	16	123	1415.979
-2.617994	0.618092	2.539118	21	30	1	1415.821
-3.141593	1.875281	0.107086	0	11	132	1415.417
-1.047198	0.929350	-2.910676	4	128	27	1414.901
0.785398	2.587733	0.232235	121	140	127	1414.643
-2.617994	2.104282	-0.813972	118	11	125	1413.495
-3.141593	1.870545	-2.976234	10	23	134	1412.986
2.356194	1.977582	0.969896	137	1	122	1411.255
-2.094395	1.998705	2.370472	121	132	143	1409.630
2.356194	1.554776	0.100351	142	1	133	1408.999
0.261799	1.869911	2.701025	133	4	116	1407.657
2.617994	2.001437	0.381215	138	5	126	1407.342
2.879793	2.174483	2.653697	4	19	132	1407.209
-1.832596	1.909857	-0.381669	117	30	140	1406.934
1.308997	2.719179	-1.780644	134	28	137	1406.391
2.879793	1.812176	0.656819	142	8	126	1405.609
1.832596	1.335669	0.897240	137	7	137	1404.711
-0.785398	2.724429	-0.348782	104	15	129	1403.862
-2.617994	2.664082	-1.071402	124	4	122	1403.651
-3.141593	0.290380	-0.796960	135	5	139	1403.060
-1.832596	2.455966	-0.641220	113	29	136	1402.540
2.094395	0.640596	-2.797608	0	6	29	1402.380
1.047198	1.134497	-1.109631	4	127	28	1401.320
0.261799	0.370812	-2.547742	5	131	31	1400.870
-1.047198	1.025536	1.576859	118	142	25	1400.778
0.000000	2.588535	-2.976617	135	24	126	1400.549
2.094395	1.977582	0.969896	136	0	122	1399.166
2.879793	1.256302	0.062705	4	9	139	1398.492
-2.617994	2.343981	-1.040456	121	10	123	1398.449
2.879793	1.870545	-2.976234	2	14	20	1398.168
-2.094395	1.218453	2.777284	140	130	18	1397.331
0.523599	1.242974	-2.977882	143	10	131	1397.222
2.356194	0.080730	-2.622036	142	2	33	1397.057
2.617994	2.089241	-0.114193	143	9	131	1396.905
1.570796	1.450119	-2.739050	140	2	116	1396.510
-1.047198	1.721184	-0.153948	110	16	135	1396.250
-2.356194	0.709924	0.218797	16	143	38	1395.868
-3.141593	2.187132	-0.479875	140	22	136	1395.060
-0.523599	0.850607	-1.335383	135	11	141	1394.822
-1.308997	2.187132	-0.479875	107	23	138	1394.635
-0.261799	2.033014	2.977192	3	123	0	1394.614
-1.832596	1.440580	2.260026	128	23	132	1394.562
-0.261799	2.104282	-0.813972	137	132	32	1394.501
-2.617994	0.914445	2.687814	141	27	133	1394.495
-0.523599	2.247462	0.191623	139	131	129	1393.952
-0.523599	1.736875	3.023612	112	9	119	1392.877
-2.356194	1.391910	3.030322	134	25	123	1392.708
0.261799	2.588535	-2.976617	137	21	124	1392.451
-1.570796	2.587733	0.232235	5	17	130	1391.773
-1.570796	2.104282	-0.813972	5	22	6	1391.211
0.000000	0.961715	0.014085	102	142	143	1391.117
-0.785398	0.640596	-2.797608	138	135	28	1390.831
1.308997	1.448123	-2.163292	136	8	114	1390.150
1.308997	2.299159	2.264663	124	22	127	1390.133
-0.785398	1.824694	1.850876	123	4	116	1389.259
1.570796	1.756530	-2.105156	135	21	128	1387.969
-2.356194	1.218453	2.777284	136	28	129	1386.513
0.000000	1.242974	-2.977882	5	133	25	1386.420
2.094395	1.488617	1.159546	139	8	128	1386.330
2.879793	1.450119	-2.739050	3	11	27	1386.299
-2.094395	2.164094	-2.991358	8	142	120	1386.276
-1.047198	0.370812	-2.547742	141	135	31	1385.685
-2.879793	0.640596	-2.797608	137	0	32	1385.456
1.570796	0.929350	-2.910676	5	12	26	1385.419
-3.141593	2.587733	0.232235	140	22	132	1385.375
-1.570796	1.025536	1.576859	117	20	130	1385.233
1.832596	2.407836	1.410646	141	7	127	1385.077
-1.308997	2.664082	-1.071402	0	14	0	1384.926
2.356194	0.496451	0.593859	12	11	1	1383.256
-3.141593	2.343981	-1.040456	120	10	120	1383.220
0.000000	2.356369	3.005869	137	16	121	1382.927
1.570796	2.984978	1.954446	139	141	122	1382.916
1.570796	1.374601	-2.456031	140	7	117	1382.514
-1.570796	1.367556	0.358405	112	26	130	1381.821
1.047198	2.396274	-1.959260	136	27	134	1381.277
0.523599	2.138223	1.678323	26	3	129	1380.566
-1.570796	0.906588	1.252948	119	142	23	1380.535
1.570796	1.836682	-0.676006	137	22	120	1380.523
2.617994	1.367556	0.358405	1	4	131	1380.064
-1.308997	1.134497	-1.109631	122	4	136	1380.041
-1.570796	2.299159	2.264663	134	124	142	1379.620
-2.094395	1.683268	0.374177	122	19	130	1379.431
2.879793	2.587733	0.232235	132	16	126	1376.749
2.094395	0.674054	1.013609	10	12	136	1376.273
0.000000	1.050534	3.042579	136	2	126	1376.048
-2.879793	2.719179	-1.780644	133	140	117	1375.758
2.879793	1.569311	-3.003978	129	11	118	1375.525
0.261799	1.242974	-2.977882	123	139	120	1375.200
1.570796	1.184361	0.625864	137	5	138	1374.916
2.094395	2.393226	1.857173	6	15	137	1374.562
-0.523599	0.370812	-2.547742	134	135	31	1374.560
0.523599	2.863997	0.549740	142	0	123	1373.885
-3.141593	1.721184	-0.153948	21	8	139	1373.438
-0.523599	0.619654	-2.216909	2	140	33	1373.111
1.832596	1.683268	0.374177	142	138	130	1372.313
-3.141593	2.063651	-2.044600	6	18	127	1372.000
-2.356194	1.367556	0.358405	131	28	4	1371.889
-1.570796	2.343981	-1.040456	3	20	6	1371.719
2.094395	1.599406	1.426070	11	13	130	1371.340
2.617994	2.456751	-1.503343	123	9	117	1370.991
2.879793	0.297065	2.160177	123	16	15	1370.773
-3.141593	1.812176	0.656819	140	9	124	1370.606
-1.832596	1.025536	1.576859	122	22	130	1370.244
-2.094395	1.325504	-1.671296	8	12	25	1369.515
-1.570796	1.391910	3.030322	143	129	21	1369.490
2.617994	2.579248	-2.364801	135	139	115	1368.441
2.879793	2.979456	-1.009304	0	4	124	1368.348
-0.785398	2.164094	-2.991358	123	18	116	1368.169
-2.094395	1.699788	2.452890	132	22	126	1367.246
2.356194	1.450119	-2.739050	127	15	117	1366.714
-1.832596	2.724429	-0.348782	123	11	22	1365.450
-1.047198	1.014500	0.906702	2	22	1	1365.148
-1.832596	0.591903	2.010408	139	30	3	1364.303
0.785398	1.413347	-1.339188	6	128	29	1363.834
1.832596	0.914445	2.687814	143	10	124	1363.587
-2.094395	0.733948	3.021411	138	134	26	1363.233
-3.141593	2.456751	-1.503343	125	7	119	1362.916
-2.879793	1.721184	-0.153948	137	22	137	1361.329
2.094395	1.872854	1.543456	141	12	133	1361.126
-1.832596	2.343981	-1.040456	107	24	143	1360.976
-1.570796	2.456751	-1.503343	132	13	4	1360.967
-0.261799	1.998705	2.370472	127	5	115	1360.944
-3.141593	1.736875	3.023612	13	7	120	1359.924
-2.356194	1.134796	2.434290	139	28	135	1359.585
-2.879793	0.591903	2.010408	116	10	9	1359.168
-0.261799	1.756530	-2.105156	131	133	22	1358.813
-2.094395	2.979456	-1.009304	135	135	119	1358.677
0.261799	1.870545	-2.976234	23	137	21	1357.942
2.094395	2.407836	1.410646	136	6	123	1356.995
-1.832596	2.187132	-0.479875	115	30	139	1356.607
-1.832596	2.174483	2.653697	128	23	121	1356.575
2.356194	1.413430	2.550734	131	15	121	1356.565
-2.094395	0.910508	1.903534	122	5	24	1355.944
-2.879793	1.756530	-2.105156	9	24	142	1355.941
-0.523599	2.478122	2.609777	130	21	124	1355.854
-0.785398	1.367556	0.358405	104	12	131	1355.396
-0.785398	2.393226	1.857173	143	134	126	1354.920
-2.094395	1.904882	-1.478089	142	19	15	1354.891
0.000000	1.545873	-1.877082	131	139	29	1354.789
-0.261799	1.448123	-2.163292	135	141	28	1354.404
-1.047198	1.242974	-2.977882	7	129	27	1354.386
1.308997	1.977582	0.969896	1	12	141	1354.362
-2.879793	2.104282	-0.813972	6	25	1	1353.594
0.785398	2.251330	-2.330739	4	21	127	1353.568
-2.879793	1.875281	0.107086	129	15	133	1352.933
-0.785398	2.455966	-0.641220	0	10	142	1352.137
2.094395	1.696674	-1.253233	142	30	10	1352.037
-0.261799	1.569311	-3.003978	120	0	117	1351.913
-0.785398	0.929350	-2.910676	2	132	26	1351.778
-1.308997	2.033014	2.977192	134	7	116	1351.262
-1.570796	1.195355	1.200319	121	24	134	1350.995
1.308997	1.948085	-2.363031	132	11	116	1350.356
1.832596	1.488617	1.159546	139	10	136	1349.212
-1.308997	0.700570	1.559208	134	28	11	1348.781
0.523599	0.850607	-1.335383	135	21	11	1348.092
1.308997	1.242974	-2.977882	3	8	25	1347.788
-0.523599	1.741644	-2.695914	118	9	113	1347.079
-2.617994	1.218453	2.777284	142	23	128	1346.998
-2.617994	1.135834	-1.431087	105	143	8	1346.771
-3.141593	2.164094	-2.991358	2	20	131	1346.689
-0.261799	1.699788	2.452890	135	1	118	1346.378
0.523599	1.256302	0.062705	1	0	41	1345.968
-0.261799	2.247462	0.191623	2	6	134	1345.617
-2.094395	1.836682	-0.676006	119	5	128	1344.999
-2.094395	1.812176	0.656819	122	18	126	1344.904
-3.141593	0.709924	0.218797	140	17	8	1344.173
2.356194	0.929350	-2.910676	9	6	123	1344.139
-2.356194	0.458961	-0.107937	15	136	37	1344.091
2.879793	1.417623	-0.202254	21	6	141	1344.029
-2.617994	0.762244	-0.273349	137	8	135	1343.699
2.094395	0.899350	-2.069907	141	26	129	1343.547
-0.261799	1.450119	-2.739050	136	135	21	1343.480
-2.094395	1.168678	2.108595	122	17	123	1342.623
-1.570796	2.295480	1.008277	125	17	120	1342.503
1.047198	1.658653	-2.409879	136	6	114	1342.395
-2.094395	2.001437	0.381215	124	19	128	1341.474
-1.570796	0.910508	1.903534	119	5	25	1341.440
2.617994	1.683268	0.374177	1	142	127	1341.128
0.261799	2.247462	0.191623	3	0	130	1340.798
-2.094395	2.299159	2.264663	133	12	118	1340.631
1.047198	2.579248	-2.364801	132	20	123	1340.021
-2.094395	1.247695	1.809890	126	21	125	1339.756
-1.308997	1.683268	0.374177	111	25	127	1339.604
-1.570796	1.045978	0.343692	142	29	139	1339.481
-2.356194	0.419640	2.974122	135	28	136	1338.923
-2.879793	2.187132	-0.479875	135	21	136	1338.521
2.617994	2.407836	1.410646	140	14	129	1338.299
-0.261799	1.242974	-2.977882	142	132	25	1338.261
-1.570796	1.998705	2.370472	127	128	141	1336.855
-0.523599	2.863997	0.549740	118	123	11	1335.800
-3.141593	2.247462	0.191623	140	23	135	1335.522
-2.094395	2.180315	-1.357379	109	23	5	1335.217
2.094395	0.929350	-2.910676	9	0	25	1335.015
-1.308997	1.256302	0.062705	107	24	138	1334.953
0.523599	0.496451	0.593859	122	0	131	1334.888
-1.308997	0.910508	1.903534	118	2	24	1334.430
-2.879793	0.709924	0.218797	136	9	131	1334.408
-3.141593	0.370812	-2.547742	139	142	34	1334.241
-0.523599	2.587733	0.232235	138	136	127	1334.186
2.094395	1.301460	-0.509251	131	27	129	1333.871
0.785398	1.335669	0.897240	123	136	30	1333.544
-0.523599	0.709924	0.218797	103	7	141	1332.945
-1.308997	1.214854	-1.966664	114	138	13	1332.873
-2.094395	2.404280	-0.174044	7	19	135	1332.516
-0.261799	1.045978	0.343692	101	0	136	1332.099
0.523599	1.872854	1.543456	26	142	130	1331.978
0.000000	1.448123	-2.163292	132	137	20	1331.974
-1.832596	1.998705	2.370472	125	129	143	1331.832
-2.879793	1.554776	0.100351	131	143	38	1331.379
1.047198	0.899350	-2.069907	2	3	123	1331.287
-1.570796	1.134796	2.434290	0	126	13	1331.107
-1.832596	2.295480	1.008277	7	4	122	1330.889
-2.356194	2.456751	-1.503343	11	9	126	1330.563
-0.785398	2.637879	2.121598	126	25	128	1330.557
2.094395	0.297065	2.160177	0	0	31	1330.355
-1.832596	1.846342	-1.796954	139	12	20	1330.276
-2.879793	0.961715	0.014085	17	18	0	1329.555
-1.570796	1.909857	-0.381669	111	27	140	1328.544
1.570796	0.733948	3.021411	143	12	128	1328.534
1.570796	0.831641	0.616218	140	0	42	1328.437
-2.879793	1.736875	3.023612	12	8	120	1327.934
0.523599	1.732874	-0.951685	141	137	36	1327.858
-1.570796	2.089241	-0.114193	115	28	132	1327.818
1.308997	0.850607	-1.335383	129	129	15	1327.349
-2.617994	2.187132	-0.479875	113	8	123	1327.050
0.523599	0.571433	-1.188419	9	25	19	1326.746
1.308997	1.367556	0.358405	143	121	130	1326.132
2.617994	1.194549	-0.801900	111	13	16	1324.931
-1.570796	0.290380	-0.796960	123	3	139	1324.530
-1.570796	0.914445	2.687814	1	125	19	1324.497
1.570796	1.658653	-2.409879	132	5	112	1323.708
2.356194	1.683268	0.374177	2	140	127	1323.302
2.617994	1.721184	-0.153948	7	3	137	1323.268
-0.523599	1.242974	-2.977882	112	2	119	1322.396
-0.261799	2.001437	0.381215	106	8	127	1320.724
-0.785398	2.588535	-2.976617	129	24	120	1320.437
1.832596	0.733948	3.021411	4	17	23	1320.429
-1.308997	0.961715	0.014085	108	24	142	1320.256
-2.617994	1.732874	-0.951685	107	143	17	1320.058
2.617994	0.203748	0.590255	4	14	142	1319.724
-1.047198	2.719179	-1.780644	109	132	134	1319.460
-1.832596	2.299159	2.264663	17	21	128	1318.898
-1.832596	1.977582	0.969896	121	17	122	1318.695
-0.261799	0.961715	0.014085	102	3	143	1318.669
2.094395	1.184361	0.625864	139	2	129	1318.638
-1.308997	1.554776	0.100351	113	21	133	1318.584
-2.356194	1.824694	1.850876	126	134	0	1318.143
-1.832596	0.960688	-0.577532	122	7	138	1318.012
-0.523599	2.033014	2.977192	117	7	117	1317.776
-1.047198	1.135834	-1.431087	137	8	143	1317.152
-2.617994	1.909857	-0.381669	116	11	128	1316.565
1.047198	0.379747	-1.713059	8	28	14	1315.562
-2.617994	0.379747	-1.713059	134	3	31	1315.402
-2.879793	1.450119	-2.739050	136	19	117	1315.376
-2.879793	1.836682	-0.676006	139	23	0	1315.327
-1.570796	2.724429	-0.348782	129	133	119	1315.072
2.879793	2.108018	1.311430	137	8	121	1314.957
-1.047198	2.979456	-1.009304	137	13	143	1314.885
2.617994	2.251330	-2.330739	121	6	112	1314.823
-2.094395	2.104282	-0.813972	116	29	2	1314.324
-2.879793	1.606104	-0.451151	3	24	1	1313.727
-1.047198	2.138223	1.678323	138	132	125	1313.562
2.879793	1.721184	-0.153948	128	11	130	1313.239
-0.261799	2.089241	-0.114193	1	7	139	1312.324
-0.523599	2.001437	0.381215	106	13	127	1312.309
-0.523599	2.349581	-2.702517	125	20	115	1311.991
-1.308997	2.592629	0.909713	127	19	123	1311.822
2.617994	0.591903	2.010408	4	6	128	1311.748
2.617994	1.242974	-2.977882	3	11	26	1311.508
-1.570796	0.615174	-0.666022	123	5	138	1311.497
-2.879793	1.569311	-3.003978	141	16	118	1311.462
0.523599	2.349581	-2.702517	142	18	123	1311.010
0.785398	2.579248	-2.364801	1	24	130	1310.793
-0.261799	0.619654	-2.216909	1	143	33	1310.529
2.879793	1.310100	1.488307	13	22	20	1310.271
-2.879793	0.831641	0.616218	130	9	126	1310.253
-1.832596	1.050534	3.042579	142	127	23	1309.616
-1.308997	0.914445	2.687814	7	122	18	1308.660
-1.570796	1.836682	-0.676006	137	138	36	1308.351
-1.047198	2.356369	3.005869	130	23	123	1306.802
0.261799	2.349581	-2.702517	1	18	122	1306.704
-1.308997	2.724429	-0.348782	133	133	120	1305.940
2.356194	1.662363	0.915448	138	1	122	1305.159
-2.879793	1.256302	0.062705	133	138	39	1304.813
0.000000	2.164094	-2.991358	143	12	120	1303.652
0.000000	2.041297	-2.664597	128	7	114	1303.617
-1.047198	1.214854	-1.966664	116	135	13	1302.388
-1.308997	0.831641	0.616218	104	19	136	1302.000
1.308997	2.108018	1.311430	121	133	7	1301.768
2.617994	0.080730	-2.622036	9	3	34	1301.397
1.832596	0.619654	-2.216909	5	0	31	1300.996
-2.356194	2.979456	-1.009304	127	0	122	1300.971
1.308997	2.592629	0.909713	122	0	124	1300.893
-0.523599	2.588535	-2.976617	127	22	120	1300.849
-2.356194	0.297065	2.160177	11	0	36	1300.805
0.261799	2.104282	-0.813972	140	130	32	1300.084
1.047198	0.685216	-1.712745	127	12	135	1299.871
-2.094395	1.413347	-1.339188	9	18	21	1299.800
0.261799	2.863997	0.549740	3	143	125	1299.727
2.094395	1.374601	-2.456031	130	26	129	1299.534
-2.356194	2.001437	0.381215	128	19	128	1299.211
-3.141593	1.450119	-2.739050	126	3	28	1299.184
1.308997	1.554776	0.100351	124	142	133	1298.870
-2.094395	0.418037	1.360082	114	6	10	1298.858
0.523599	0.914445	2.687814	29	143	21	1298.839
-2.094395	2.174483	2.653697	120	131	4	1298.586
0.785398	1.909857	-0.381669	9	130	34	1298.236
2.356194	1.045978	0.343692	7	2	134	1298.118
-0.261799	1.367556	0.358405	103	1	133	1298.083
-0.523599	0.080730	-2.622036	130	138	34	1297.464
-1.570796	0.929350	-2.910676	10	126	29	1296.741
1.570796	2.108018	1.311430	0	12	140	1296.346
-2.617994	2.592629	0.909713	23	137	128	1296.008
-1.308997	1.574060	2.783565	120	22	126	1295.777
0.523599	2.881233	-2.582574	141	27	133	1295.773
2.356194	2.455966	-0.641220	121	17	118	1295.507
-2.356194	1.025536	1.576859	112	7	135	1293.952
-0.261799	0.418037	1.360082	122	19	141	1293.881
0.000000	0.674054	1.013609	122	18	3	1293.797
2.879793	2.588535	-2.976617	134	143	116	1293.669
-1.047198	2.187132	-0.479875	142	13	142	1293.308
-0.785398	2.187132	-0.479875	123	10	138	1293.289
2.879793	2.478122	2.609777	4	15	128	1292.914
2.356194	2.396274	-1.959260	128	6	115	1290.500
-1.308997	2.089241	-0.114193	109	24	133	1290.062
-0.261799	2.041297	-2.664597	127	9	113	1289.716
-2.879793	0.370812	-2.547742	140	139	33	1289.573
-1.570796	1.875281	0.107086	115	27	129	1289.571
-1.047198	1.134796	2.434290	115	20	135	1289.419
-1.308997	1.875281	0.107086	111	24	130	1288.931
-2.094395	2.664082	-1.071402	7	3	126	1288.804
-2.094395	2.587733	0.232235	12	15	130	1288.594
2.356194	1.301460	-0.509251	12	136	37	1288.499
2.356194	2.579248	-2.364801	126	3	115	1288.418
-1.047198	1.554776	0.100351	110	16	133	1287.551
-1.570796	1.256302	0.062705	113	27	136	1286.783
2.617994	0.961715	0.014085	140	8	140	1286.637
-1.308997	0.418037	1.360082	137	29	13	1286.628
-2.094395	1.242974	-2.977882	120	136	23	1286.622
-2.879793	1.135834	-1.431087	105	4	8	1285.934
0.785398	2.063651	-2.044600	136	19	122	1285.771
-1.047198	1.413430	2.550734	115	20	132	1285.732
-0.523599	2.164094	-2.991358	122	15	116	1285.547
-1.832596	0.850607	-1.335383	1	14	4	1285.207
-2.617994	1.506530	1.988858	114	4	138	1285.126
2.879793	0.419640	2.974122	6	6	32	1285.074
-1.308997	2.760637	2.781135	128	30	128	1284.290
-1.832596	1.699788	2.452890	128	22	126	1284.215
-2.617994	0.700570	1.559208	127	21	128	1283.491
1.308997	0.831641	0.616218	32	134	1	1283.151
-0.523599	1.554776	0.100351	103	9	135	1283.116
-1.047198	2.104282	-0.813972	140	133	32	1283.066
-1.308997	0.864993	2.278281	130	118	143	1282.894
2.356194	0.733948	3.021411	1	12	25	1281.772
-1.832596	0.899350	-2.069907	18	3	27	1281.664
2.617994	2.724429	-0.348782	130	13	122	1281.603
-3.141593	2.295480	1.008277	134	25	137	1281.465
1.832596	1.450119	-2.739050	138	4	115	1281.167
2.617994	0.370812	-2.547742	22	31	2	1280.965
2.617994	2.587733	0.232235	142	12	127	1280.791
-1.047198	1.875281	0.107086	107	23	131	1280.693
-1.570796	0.379747	-1.713059	2	135	34	1280.330
2.356194	1.335669	0.897240	143	8	129	1280.169
1.570796	2.138223	1.678323	121	11	120	1280.052
2.879793	1.998705	2.370472	4	20	135	1280.031
-0.261799	2.343981	-1.040456	143	11	118	1279.957
-1.832596	2.979456	-1.009304	138	137	120	1279.595
-3.141593	1.836682	-0.676006	141	25	140	1279.589
2.617994	2.295480	1.008277	140	2	122	1279.197
-1.832596	1.214854	-1.966664	9	7	26	1278.451
-2.094395	0.297065	2.160177	100	6	143	1278.419
2.879793	1.982574	-1.115518	1	14	33	1277.971
0.000000	2.393226	1.857173	128	16	121	1277.933
1.570796	2.379497	0.561089	12	137	129	1277.761
-0.523599	0.418037	1.360082	126	23	143	1277.645
2.356194	0.709924	0.218797	141	7	142	1277.306
0.785398	1.721184	-0.153948	6	16	133	1276.980
-2.094395	2.153910	-1.714959	3	16	12	1276.405
2.879793	2.295480	1.008277	139	3	121	1276.194
1.570796	1.554776	0.100351	15	8	39	1276.031
-2.617994	2.456751	-1.503343	113	29	142	1276.029
-1.308997	2.637879	2.121598	143	30	140	1275.812
2.094395	1.875281	0.107086	1	133	129	1275.435
-0.785398	1.135834	-1.431087	135	9	143	1275.404
0.785398	1.741644	-2.695914	8	6	121	1275.189
-1.047198	1.574060	2.783565	118	19	127	1274.836
-1.832596	1.325504	-1.671296	15	12	17	1274.743
-3.141593	2.115563	0.685730	132	9	123	1274.645
-2.879793	0.379747	-1.713059	133	8	30	1273.795
2.879793	1.045978	0.343692	2	11	136	1273.654
1.570796	0.419640	2.974122	2	11	131	1273.635
-1.308997	2.396274	-1.959260	10	127	129	1272.808
-1.047198	2.637879	2.121598	131	25	128	1272.573
-0.523599	2.356369	3.005869	121	12	116	1272.392
-2.356194	0.960688	-0.577532	4	20	9	1272.227
1.570796	0.640596	-2.797608	2	11	27	1272.043
-1.570796	2.356369	3.005869	132	26	122	1271.254
-0.261799	2.164094	-2.991358	122	12	117	1270.984
-1.308997	2.579248	-2.364801	111	128	136	1270.512
-2.356194	1.134497	-1.109631	24	17	18	1270.507
2.617994	0.831641	0.616218	10	12	133	1270.260
1.570796	2.073035	2.027405	122	17	121	1270.252
-1.308997	0.571433	-1.188419	124	2	138	1270.216
0.523599	1.574060	2.783565	130	2	115	1270.126
-1.308997	1.218453	2.777284	118	21	128	1269.975
2.617994	1.662363	0.915448	140	6	125	1269.261
-1.308997	1.417623	-0.202254	113	16	138	1269.219
-2.356194	2.180315	-1.357379	113	26	5	1269.021
-0.523599	1.450119	-2.739050	118	3	115	1268.992
-1.832596	1.134796	2.434290	131	28	136	1268.727
-1.832596	0.080730	-2.622036	130	3	136	1268.698
2.356194	2.456751	-1.503343	123	8	115	1268.197
1.308997	2.984978	1.954446	143	139	123	1267.931
-1.570796	1.683268	0.374177	115	28	126	1267.814
0.261799	1.569311	-3.003978	4	138	120	1267.747
-1.832596	2.704512	1.488683	143	31	1	1267.664
0.523599	1.736875	3.023612	132	7	115	1267.602
2.879793	1.194549	-0.801900	142	140	39	1267.402
-3.141593	0.929350	-2.910676	141	22	123	1266.712
0.000000	0.929350	-2.910676	139	4	130	1266.704
-0.785398	0.733948	3.021411	139	140	30	1266.065
-2.879793	2.724429	-0.348782	143	5	125	1265.600
2.094395	2.456751	-1.503343	124	10	115	1265.348
-1.308997	1.433411	-1.035986	122	3	133	1265.275
-3.141593	2.396274	-1.959260	133	1	114	1265.189
-2.356194	2.187132	-0.479875	114	6	123	1265.007
2.879793	1.134796	2.434290	122	16	122	1264.978
-2.356194	1.242974	-2.977882	137	139	26	1264.962
0.261799	1.998705	2.370472	128	6	117	1264.818
1.832596	1.812176	0.656819	16	141	130	1264.619
-3.141593	0.203748	0.590255	118	1	142	1264.107
-1.047198	1.683268	0.374177	108	20	127	1263.968
-0.523599	1.683268	0.374177	104	9	129	1263.960
-1.570796	2.033014	2.977192	123	130	6	1263.678
1.832596	1.756530	-2.105156	132	23	128	1263.598
0.523599	1.391910	3.030322	28	143	21	1263.566
1.570796	1.812176	0.656819	0	0	131	1263.492
-3.141593	1.504028	0.636812	140	10	126	1263.399
2.356194	1.875281	0.107086	2	138	129	1263.370
-1.832596	0.370812	-2.547742	129	143	132	1263.336
-1.308997	1.450119	-2.739050	134	126	26	1262.804
-1.570796	0.961715	0.014085	112	28	142	1262.662
-1.832596	1.135834	-1.431087	3	14	9	1262.506
-1.832596	1.218453	2.777284	140	128	18	1262.380
2.879793	1.736875	3.023612	7	7	119	1262.348
-2.617994	1.982574	-1.115518	119	12	125	1262.254
-2.356194	1.413347	-1.339188	9	17	21	1262.235
-0.785398	2.404280	-0.174044	112	135	22	1261.980
2.617994	1.135813	-2.658866	5	7	29	1261.783
-2.356194	2.153910	-1.714959	108	21	6	1261.362
2.356194	0.914445	2.687814	133	19	126	1260.772
-0.523599	1.569311	-3.003978	115	6	116	1260.580
0.785398	1.736875	3.023612	138	14	123	1260.079
0.785398	1.569311	-3.003978	21	18	134	1259.934
2.617994	0.733948	3.021411	143	12	27	1259.372
-1.570796	1.504028	0.636812	113	25	124	1258.662
-1.308997	0.640596	-2.797608	3	129	30	1258.591
1.308997	1.374601	-2.456031	19	4	30	1258.477
0.261799	2.478122	2.609777	138	21	126	1258.123
2.617994	1.998705	2.370472	5	20	139	1257.719
1.047198	1.045978	0.343692	24	130	0	1257.539
-2.094395	1.433411	-1.035986	133	20	14	1256.719
-0.523599	2.393226	1.857173	143	136	125	1256.649
-2.879793	2.455966	-0.641220	134	9	125	1256.320
0.000000	1.391910	3.030322	23	136	21	1256.044
-1.308997	0.674054	1.013609	102	12	136	1255.933
-2.879793	0.866395	-2.492918	128	7	28	1255.787
0.261799	0.866395	-2.492918	14	133	28	1255.321
-2.094395	0.615174	-0.666022	19	22	13	1255.008
2.094395	2.115563	0.685730	4	139	126	1254.987
0.523599	1.809167	1.213774	140	119	138	1254.569
-2.879793	1.242974	-2.977882	140	143	26	1254.087
-0.523599	2.404280	-0.174044	119	12	134	1253.961
2.617994	1.658653	-2.409879	136	12	114	1253.626
1.047198	2.637879	2.121598	22	17	135	1253.521
0.523599	1.488617	1.159546	119	133	28	1253.447
-1.047198	0.618092	2.539118	140	138	29	1253.352
-0.523599	1.135834	-1.431087	123	129	15	1253.035
0.523599	1.113094	-0.272241	109	1	135	1252.706
1.570796	1.113094	-0.272241	125	134	28	1252.578
0.785398	2.349581	-2.702517	134	15	120	1252.473
-2.094395	1.909857	-0.381669	135	129	28	1252.379
-2.094395	1.696674	-1.253233	135	19	13	1252.156
-3.141593	1.134796	2.434290	138	12	119	1251.988
2.879793	2.343981	-1.040456	118	7	114	1251.685
1.570796	2.063651	-2.044600	140	22	128	1251.668
-1.570796	0.591903	2.010408	132	29	3	1251.557
1.832596	1.050534	3.042579	136	18	127	1251.323
0.785398	1.574060	2.783565	143	11	124	1251.300
-2.617994	2.153910	-1.714959	111	24	6	1250.932
-2.617994	1.301460	-0.509251	136	21	6	1250.805
-1.570796	1.736875	3.023612	131	5	115	1250.595
2.879793	1.510910	-0.740472	3	141	141	1250.475
-1.047198	2.404280	-0.174044	133	135	125	1250.470
-1.047198	2.041297	-2.664597	122	127	7	1250.385
-0.785398	1.488617	1.159546	122	132	119	1250.318
-0.523599	1.875281	0.107086	104	11	131	1250.310
1.832596	1.909857	-0.381669	18	19	30	1250.120
2.356194	1.872854	1.543456	142	20	4	1250.086
-2.617994	1.836682	-0.676006	125	17	137	1249.854
2.356194	0.619654	-2.216909	139	30	136	1249.800
1.570796	2.104282	-0.813972	132	21	117	1249.762
1.308997	1.658653	-2.409879	139	8	117	1249.548
2.879793	2.001437	0.381215	142	7	127	1249.478
0.523599	0.458961	-0.107937	127	17	142	1249.434
-1.570796	1.741644	-2.695914	125	131	24	1249.133
1.570796	1.135813	-2.658866	141	0	118	1248.993
-1.832596	1.310100	1.488307	123	22	129	1248.202
1.308997	1.050534	3.042579	141	8	121	1248.063
-0.785398	1.736875	3.023612	1	138	22	1247.630
-0.785398	0.297065	2.160177	4	4	36	1247.425
1.570796	1.870545	-2.976234	125	11	115	1247.127
-3.141593	0.640596	-2.797608	139	24	127	1246.936
-2.617994	1.242974	-2.977882	139	2	26	1246.926
1.308997	1.135813	-2.658866	11	135	22	1246.924
-0.785398	1.875281	0.107086	104	17	131	1246.906
-3.141593	2.592629	0.909713	133	25	132	1245.999
-1.047198	0.961715	0.014085	104	19	142	1245.928
-3.141593	2.089241	-0.114193	138	18	132	1245.809
2.356194	2.724429	-0.348782	116	21	122	1245.243
-1.308997	1.736875	3.023612	129	4	115	1245.114
2.617994	1.050534	3.042579	0	14	24	1244.964
-2.094395	2.379497	0.561089	11	8	127	1244.945
-2.356194	2.664082	-1.071402	126	138	117	1244.879
1.832596	1.875281	0.107086	4	126	129	1244.799
2.879793	0.640596	-2.797608	104	12	6	1244.780
-0.523599	0.899350	-2.069907	141	137	35	1244.723
-1.570796	2.174483	2.653697	124	22	120	1244.380
-0.785398	2.138223	1.678323	139	133	125	1244.370
2.879793	0.866955	-0.931351	110	5	17	1243.943
-1.570796	2.979456	-1.009304	136	140	120	1243.800
-2.879793	1.433411	-1.035986	107	143	16	1243.793
2.094395	2.664082	-1.071402	131	30	0	1243.724
0.261799	2.881233	-2.582574	1	29	132	1243.650
-2.879793	1.948085	-2.363031	132	12	114	1243.650
-2.094395	1.574060	2.783565	140	138	18	1243.613
2.356194	1.574060	2.783565	135	4	18	1243.455
-0.785398	2.033014	2.977192	117	12	116	1243.164
-0.261799	1.135813	-2.658866	141	134	26	1243.035
0.785398	2.404280	-0.174044	11	122	27	1242.763
0.523599	1.741644	-2.695914	8	6	120	1242.647
2.879793	2.041297	-2.664597	137	20	26	1241.845
2.356194	2.379497	0.561089	141	142	123	1241.832
2.617994	2.393226	1.857173	10	8	127	1241.695
0.261799	1.450119	-2.739050	127	0	118	1241.657
2.879793	2.984978	1.954446	113	132	122	1241.169
1.308997	1.683268	0.374177	8	2	136	1240.908
-1.832596	2.063651	-2.044600	136	9	20	1240.856
1.047198	1.391910	3.030322	142	15	127	1240.591
-1.832596	1.869911	2.701025	120	129	2	1240.243
-1.570796	2.592629	0.909713	131	19	123	1240.235
-1.832596	2.719179	-1.780644	143	13	1	1239.746
-2.879793	2.247462	0.191623	138	15	128	1239.575
2.879793	2.592629	0.909713	138	23	131	1239.307
-3.141593	1.194549	-0.801900	107	4	18	1239.141
-1.832596	1.413430	2.550734	128	20	126	1238.995
0.785398	1.242974	-2.977882	21	11	27	1238.448
0.785398	2.592629	0.909713	140	7	128	1238.431
0.523599	0.379747	-1.713059	8	135	31	1238.125
1.308997	2.041297	-2.664597	135	18	121	1238.059
-1.570796	1.310100	1.488307	120	21	129	1237.958
-0.785398	1.741644	-2.695914	135	130	23	1237.497
-1.832596	0.615174	-0.666022	125	5	138	1237.483
1.308997	2.153910	-1.714959	5	27	134	1237.412
-1.047198	1.050534	3.042579	6	127	23	1237.403
0.785398	0.733948	3.021411	8	8	23	1237.064
0.000000	1.135813	-2.658866	19	1	30	1237.045
-1.308997	2.104282	-0.813972	105	19	0	1236.780
0.261799	2.587733	0.232235	139	142	125	1236.597
1.047198	0.733948	3.021411	142	4	124	1236.377
-2.617994	0.640596	-2.797608	139	139	32	1235.762
-2.356194	2.247462	0.191623	9	10	131	1235.627
1.047198	1.242974	-2.977882	6	7	25	1235.274
0.000000	0.496451	0.593859	124	17	143	1235.164
2.094395	1.658653	-2.409879	128	25	127	1235.119
1.570796	2.343981	-1.040456	4	0	125	1234.917
0.000000	0.640596	-2.797608	0	133	30	1234.882
1.570796	1.448123	-2.163292	137	10	113	1234.656
-1.047198	1.870545	-2.976234	125	123	8	1234.464
0.261799	1.574060	2.783565	124	5	115	1234.221
-2.094395	1.050534	3.042579	137	135	24	1234.137
2.617994	2.299159	2.264663	1	18	132	1233.586
-0.523599	2.180315	-1.357379	137	8	113	1233.371
2.094395	1.569311	-3.003978	136	3	114	1233.316
2.094395	2.164094	-2.991358	132	143	113	1233.215
1.047198	2.063651	-2.044600	135	20	124	1233.092
1.832596	2.704512	1.488683	7	7	128	1232.533
-2.617994	0.709924	0.218797	15	142	39	1232.427
1.047198	2.343981	-1.040456	142	118	19	1232.306
2.879793	0.733948	3.021411	143	8	28	1232.143
-1.308997	1.367556	0.358405	108	24	130	1231.890
-1.308997	1.135813	-2.658866	110	143	10	1231.479
-0.261799	1.599406	1.426070	118	3	117	1231.464
-1.047198	0.709924	0.218797	114	3	13	1231.188
-0.785398	0.080730	-2.622036	24	4	25	1231.084
1.570796	0.866395	-2.492918	2	2	121	1230.962
0.523599	1.555207	1.708892	140	117	8	1230.951
2.094395	2.138223	1.678323	143	14	134	1230.288
1.832596	1.135813	-2.658866	0	6	119	1230.168
2.356194	1.134796	2.434290	136	17	123	1230.002
0.000000	2.349581	-2.702517	127	15	117	1229.981
-1.047198	2.455966	-0.641220	142	13	141	1229.861
-1.832596	1.836682	-0.676006	115	28	3	1229.678
2.617994	0.866395	-2.492918	138	28	130	1229.529
2.356194	0.866955	-0.931351	119	2	33	1229.318
0.261799	1.184361	0.625864	140	12	6	1229.184
2.617994	0.419640	2.974122	141	11	30	1229.031
2.094395	1.809167	1.213774	9	8	129	1229.011
-2.356194	1.510910	-0.740472	123	15	139	1228.246
-2.617994	1.050534	3.042579	139	26	128	1227.824
-1.047198	2.724429	-0.348782	137	136	120	1227.425
-2.879793	0.203748	0.590255	133	131	37	1227.354
-0.261799	0.615174	-0.666022	106	12	11	1227.178
0.261799	1.875281	0.107086	20	127	34	1227.150
-1.570796	1.417623	-0.202254	114	28	140	1226.882
-1.832596	1.335669	0.897240	109	1	3	1226.550
-0.785398	0.831641	0.616218	0	22	4	1226.263
0.785398	1.683268	0.374177	1	6	135	1226.155
-1.308997	2.979456	-1.009304	104	15	129	1226.125
-3.141593	2.001437	0.381215	133	12	128	1225.810
1.047198	2.153910	-1.714959	137	24	126	1225.664
-0.785398	1.870545	-2.976234	119	13	115	1225.328
-3.141593	2.379497	0.561089	142	18	130	1225.094
-2.879793	2.863997	0.549740	130	14	124	1224.796
0.523599	1.128190	-2.288622	11	128	22	1224.696
0.523599	1.050534	3.042579	27	1	24	1224.535
-1.047198	0.910508	1.903534	130	120	138	1224.433
0.261799	0.899350	-2.069907	14	139	33	1224.412
0.523599	2.041297	-2.664597	4	14	122	1224.260
0.000000	2.343981	-1.040456	141	14	118	1224.218
-1.047198	1.135813	-2.658866	140	134	27	1224.155
1.570796	2.456751	-1.503343	143	29	138	1223.702
0.261799	1.014500	0.906702	134	11	4	1223.578
-1.308997	1.335669	0.897240	108	16	122	1223.290
-2.094395	0.866955	-0.931351	113	5	132	1222.861
0.000000	0.866395	-2.492918	4	139	31	1222.129
0.261799	1.872854	1.543456	26	142	130	1222.028
2.879793	2.356369	3.005869	5	15	128	1221.926
-1.308997	2.455966	-0.641220	104	22	136	1221.840
-1.047198	1.367556	0.358405	105	19	131	1221.821
-0.261799	1.766067	2.153843	122	2	116	1221.808
0.785398	1.194549	-0.801900	0	123	25	1221.433
0.000000	1.977582	0.969896	112	130	15	1221.322
-1.308997	1.134796	2.434290	3	123	12	1221.178
-2.617994	2.247462	0.191623	24	12	133	1220.800
-0.261799	1.948085	-2.363031	143	120	27	1220.758
-2.356194	1.194549	-0.801900	25	21	14	1220.719
-2.879793	2.587733	0.232235	121	14	125	1219.972
1.047198	1.135813	-2.658866	19	5	30	1219.879
-1.047198	2.664082	-1.071402	2	11	142	1219.709
1.570796	1.218453	2.777284	141	8	120	1219.643
-3.141593	2.407836	1.410646	138	22	132	1219.438
0.523599	1.554776	0.100351	117	131	21	1219.320
1.832596	2.592629	0.909713	7	142	126	1219.183
1.832596	1.721184	-0.153948	143	129	134	1218.989
-2.617994	2.089241	-0.114193	126	15	132	1218.918
-1.570796	0.496451	0.593859	125	134	22	1218.668
0.523599	0.685216	-1.712745	19	122	22	1218.459
-0.785398	1.374601	-2.456031	108	137	1	1218.260
2.356194	2.979456	-1.009304	123	14	121	1218.240
1.047198	1.574060	2.783565	141	14	124	1218.188
-0.785398	2.174483	2.653697	141	25	132	1218.188
-2.617994	1.699788	2.452890	111	1	141	1217.925
-2.617994	2.863997	0.549740	4	31	4	1217.898
-1.047198	0.733948	3.021411	114	15	130	1217.662
-0.523599	1.948085	-2.363031	135	125	26	1217.636
2.879793	2.404280	-0.174044	113	19	124	1217.367
-1.570796	1.450119	-2.739050	129	128	26	1217.204
1.308997	1.135834	-1.431087	24	27	141	1217.066
1.047198	2.299159	2.264663	2	140	18	1216.348
1.308997	2.863997	0.549740	135	117	2	1216.041
1.308997	2.115563	0.685730	142	11	136	1215.634
-3.141593	2.174483	2.653697	3	133	120	1215.553
-2.094395	1.301460	-0.509251	125	9	136	1215.436
2.094395	1.014500	0.906702	10	9	132	1215.384
-2.879793	0.619654	-2.216909	131	143	32	1215.120
0.261799	1.683268	0.374177	12	140	40	1215.075
-2.879793	1.440580	2.260026	110	3	135	1215.074
1.570796	2.979456	-1.009304	122	20	121	1214.509
-2.617994	1.948085	-2.363031	117	5	113	1214.273
-2.356194	2.343981	-1.040456	6	7	127	1214.114
1.308997	1.998705	2.370472	128	22	124	1214.088
-2.617994	0.496451	0.593859	126	14	129	1214.026
2.879793	0.674054	1.013609	2	24	133	1213.940
-1.832596	0.762244	-0.273349	133	27	6	1213.652
-1.832596	0.700570	1.559208	126	22	133	1213.226
1.308997	1.256302	0.062705	6	143	137	1213.180
2.617994	2.979456	-1.009304	141	2	123	1212.903
-1.047198	2.247462	0.191623	108	21	125	1212.903
-0.785398	0.619654	-2.216909	2	138	33	1212.863
-1.308997	2.356369	3.005869	128	123	6	1212.817
-3.141593	2.356369	3.005869	5	16	127	1212.230
-2.094395	1.766067	2.153843	120	134	143	1212.155
1.570796	1.242974	-2.977882	1	10	25	1211.606
1.832596	1.741644	-2.695914	124	16	118	1211.468
2.356194	2.251330	-2.330739	143	140	115	1211.396
1.832596	1.374601	-2.456031	138	10	116	1211.282
-1.832596	0.297065	2.160177	101	0	142	1211.125
-2.617994	0.864993	2.278281	124	6	20	1210.706
-1.308997	1.869911	2.701025	143	19	125	1210.596
2.356194	2.001437	0.381215	137	16	133	1210.471
-0.523599	2.299159	2.264663	122	21	123	1210.350
-0.785398	2.356369	3.005869	122	21	120	1210.073
2.356194	2.349581	-2.702517	126	2	112	1209.893
1.570796	1.574060	2.783565	138	11	119	1209.807
2.356194	2.588535	-2.976617	135	140	116	1209.356
0.785398	1.658653	-2.409879	127	1	112	1209.220
-2.356194	2.251330	-2.330739	5	19	141	1208.967
-1.047198	0.850607	-1.335383	122	3	137	1208.807
-2.617994	0.419640	2.974122	139	29	136	1208.423
2.356194	1.417623	-0.202254	3	13	38	1208.090
2.617994	1.184361	0.625864	1	9	133	1207.828
1.832596	0.418037	1.360082	0	13	136	1207.691
1.570796	1.440580	2.260026	135	14	120	1207.560
2.356194	2.407836	1.410646	3	4	125	1207.304
2.617994	2.379497	0.561089	141	5	125	1207.256
1.570796	1.766067	2.153843	127	20	122	1207.004
1.308997	2.456751	-1.503343	131	29	131	1206.999
-1.047198	2.984978	1.954446	129	28	134	1206.898
-1.832596	2.356369	3.005869	118	133	5	1206.753
2.617994	2.588535	-2.976617	135	141	116	1206.710
-2.879793	0.866955	-0.931351	106	143	19	1206.503
0.785398	1.134497	-1.109631	2	128	30	1206.437
2.356194	2.041297	-2.664597	130	6	112	1206.293
-2.094395	0.290380	-0.796960	114	3	138	1206.285
1.832596	1.391910	3.030322	127	29	141	1206.263
-2.356194	1.696674	-1.253233	8	22	17	1206.125
0.785398	1.488617	1.159546	122	130	27	1206.050
-3.141593	0.674054	1.013609	139	28	133	1205.617
1.308997	2.073035	2.027405	124	18	121	1205.529
-2.094395	1.977582	0.969896	125	17	120	1205.348
1.570796	0.899350	-2.069907	11	1	33	1205.257
-1.047198	0.640596	-2.797608	136	136	28	1204.721
-1.308997	2.164094	-2.991358	120	127	2	1204.614
2.356194	2.247462	0.191623	137	13	128	1204.510
-3.141593	1.168678	2.108595	127	5	17	1204.215
-0.261799	1.301460	-0.509251	118	12	138	1204.190
-2.356194	1.506530	1.988858	122	137	1	1204.105
-1.047198	1.450119	-2.739050	135	131	25	1204.070
1.047198	0.290380	-0.796960	132	128	21	1203.851
-2.617994	1.998705	2.370472	113	137	141	1203.625
0.261799	2.138223	1.678323	27	3	130	1203.588
1.308997	2.251330	-2.330739	128	18	122	1203.215
-2.617994	0.591903	2.010408	129	20	129	1202.865
0.785398	1.510910	-0.740472	7	125	10	1202.402
-2.094395	1.569311	-3.003978	136	137	23	1202.250
0.523599	2.587733	0.232235	125	142	126	1202.233
-0.261799	0.290380	-0.796960	109	19	11	1202.153
-0.785398	0.709924	0.218797	143	140	141	1201.986
1.832596	0.866395	-2.492918	130	5	33	1201.958
0.000000	0.615174	-0.666022	118	14	137	1201.488
1.047198	1.050534	3.042579	2	9	127	1201.441
1.832596	1.045978	0.343692	0	6	43	1201.278
0.261799	2.033014	2.977192	138	2	114	1201.256
-2.094395	1.736875	3.023612	3	7	120	1201.200
-2.356194	2.379497	0.561089	23	9	129	1201.031
-2.094395	0.960688	-0.577532	127	6	136	1200.952
1.832596	1.554776	0.100351	138	131	129	1200.733
-1.047198	2.180315	-1.357379	134	1	112	1200.552
0.523599	0.700570	1.559208	113	139	132	1200.474
-2.094395	1.391910	3.030322	137	136	20	1200.449
-1.047198	2.299159	2.264663	129	26	138	1200.334
2.356194	1.721184	-0.153948	12	0	138	1199.963
-1.832596	1.696674	-1.253233	5	18	13	1199.891
-0.523599	1.391910	3.030322	14	137	23	1199.696
-0.523599	1.510910	-0.740472	129	4	137	1199.361
0.000000	1.374601	-2.456031	140	8	135	1199.341
0.785398	1.872854	1.543456	26	142	129	1199.052
1.047198	1.135834	-1.431087	5	132	30	1199.049
0.000000	1.699788	2.452890	132	0	116	1198.887
-2.094395	0.762244	-0.273349	138	26	5	1198.691
2.356194	1.256302	0.062705	140	140	132	1198.646
-0.261799	1.504028	0.636812	106	4	128	1198.472
2.617994	0.379747	-1.713059	130	139	34	1198.178
-1.047198	1.045978	0.343692	104	17	136	1198.124
-0.261799	0.370812	-2.547742	0	135	32	1198.088
-0.523599	2.456751	-1.503343	137	16	115	1197.992
-2.617994	1.721184	-0.153948	135	17	135	1197.924
-1.308997	1.872854	1.543456	123	25	130	1197.438
-0.785398	1.869911	2.701025	110	11	120	1197.423
-0.261799	2.379497	0.561089	143	131	131	1197.380
1.570796	2.664082	-1.071402	133	25	123	1197.346
0.261799	1.310100	1.488307	137	9	9	1197.186
-2.356194	1.836682	-0.676006	119	9	127	1196.947
-0.523599	2.089241	-0.114193	103	11	133	1196.879
1.047198	1.256302	0.062705	122	0	134	1196.852
0.261799	1.440580	2.260026	114	1	120	1196.261
-1.832596	2.089241	-0.114193	121	30	131	1196.080
2.094395	1.904882	-1.478089	5	136	12	1195.875
1.047198	2.108018	1.311430	118	136	6	1195.737
2.617994	1.506530	1.988858	18	20	14	1195.686
1.308997	1.450119	-2.739050	5	5	27	1195.573
-0.785398	1.050534	3.042579	136	138	26	1195.197
2.356194	1.391910	3.030322	4	4	23	1194.743
1.832596	1.869911	2.701025	125	27	133	1194.582
0.261799	0.906588	1.252948	131	11	3	1194.568
0.523599	0.640596	-2.797608	5	2	30	1194.329
-2.094395	1.545873	-1.877082	12	11	16	1193.868
2.617994	0.496451	0.593859	137	137	40	1193.847
2.879793	0.960688	-0.577532	37	6	13	1193.114
-0.261799	1.391910	3.030322	6	123	19	1193.051
2.617994	2.343981	-1.040456	122	9	115	1193.002
2.356194	1.982574	-1.115518	138	13	32	1192.928
1.047198	0.992645	-1.723759	127	12	134	1192.649
1.832596	2.115563	0.685730	6	141	128	1192.127
2.617994	0.618092	2.539118	122	16	14	1192.080
-0.785398	0.961715	0.014085	105	14	140	1192.023
-1.308997	1.870545	-2.976234	131	124	21	1192.020
-1.308997	0.591903	2.010408	128	27	1	1191.891
0.523599	1.450119	-2.739050	6	126	20	1191.518
0.785398	1.870545	-2.976234	140	9	117	1191.432
0.000000	0.203748	0.590255	14	3	37	1191.409
2.094395	0.419640	2.974122	125	16	18	1190.662
0.785398	1.869911	2.701025	140	13	122	1189.970
0.261799	0.709924	0.218797	127	15	1	1189.852
-2.617994	0.458961	-0.107937	115	2	140	1189.740
-2.879793	0.914445	2.687814	1	28	133	1189.709
-0.785398	2.089241	-0.114193	103	13	132	1189.366
0.000000	1.809167	1.213774	110	132	17	1189.127
-2.094395	2.456751	-1.503343	105	23	0	1189.061
-1.570796	2.881233	-2.582574	111	129	129	1188.922
-3.141593	1.433411	-1.035986	107	8	14	1188.815
-0.785398	1.135813	-2.658866	140	137	26	1188.726
-0.523599	0.992645	-1.723759	136	10	142	1188.605
-2.094395	0.419640	2.974122	140	133	28	1188.539
0.261799	0.203748	0.590255	17	6	37	1188.492
-1.832596	1.617114	-1.572037	136	15	19	1188.123
-1.832596	1.242974	-2.977882	132	135	23	1188.016
-0.261799	1.135834	-1.431087	127	129	15	1187.936
2.617994	1.301460	-0.509251	121	28	129	1187.820
-0.785398	0.591903	2.010408	121	19	139	1187.812
-3.141593	2.478122	2.609777	130	9	121	1187.293
1.570796	1.741644	-2.695914	130	16	119	1187.248
-1.308997	0.080730	-2.622036	129	141	133	1187.010
2.879793	2.033014	2.977192	5	22	136	1186.723
0.785398	1.135813	-2.658866	18	17	138	1186.707
-2.094395	1.809167	1.213774	139	0	115	1186.510
2.356194	0.419640	2.974122	125	19	131	1186.295
2.879793	1.869911	2.701025	14	22	140	1185.891
-1.832596	1.195355	1.200319	125	15	121	1185.623
-2.094395	1.875281	0.107086	123	143	34	1185.476
-0.523599	1.504028	0.636812	106	6	126	1185.303
-2.879793	2.664082	-1.071402	126	11	124	1185.177
-1.832596	1.545873	-1.877082	8	10	19	1185.171
-2.356194	2.104282	-0.813972	9	24	2	1185.121
-1.308997	2.478122	2.609777	137	14	120	1185.080
-0.523599	1.904882	-1.478089	129	3	112	1184.910
-1.832596	0.866955	-0.931351	115	1	132	1184.862
-1.308997	2.041297	-2.664597	114	10	141	1184.718
1.047198	2.001437	0.381215	142	9	135	1184.681
-1.832596	2.664082	-1.071402	106	25	135	1184.600
-0.785398	1.448123	-2.163292	119	136	14	1184.559
-2.094395	0.914445	2.687814	11	29	137	1184.534
-2.094395	1.310100	1.488307	127	11	118	1184.275
2.356194	1.184361	0.625864	7	5	129	1184.002
-2.879793	1.113094	-0.272241	4	21	3	1183.830
-1.308997	0.906588	1.252948	113	0	14	1183.506
0.785398	1.662363	0.915448	127	132	30	1183.323
-1.308997	0.297065	2.160177	123	1	129	1182.882
1.047198	0.929350	-2.910676	7	135	26	1182.619
-0.261799	0.379747	-1.713059	5	125	29	1182.424
0.785398	1.417623	-0.202254	111	141	136	1182.167
-2.617994	2.455966	-0.641220	128	28	137	1182.133
-0.785398	2.704512	1.488683	143	141	126	1181.995
-0.785398	0.618092	2.539118	140	135	29	1181.822
-2.356194	1.135834	-1.431087	22	12	20	1181.647
0.523599	1.335669	0.897240	142	10	5	1181.640
0.785398	0.290380	-0.796960	140	2	35	1181.630
1.308997	0.496451	0.593859	32	135	5	1181.557
2.356194	1.195355	1.200319	11	20	18	1181.539
1.570796	1.569311	-3.003978	132	10	115	1181.284
-0.261799	1.617114	-1.572037	120	135	16	1181.283
-0.261799	0.899350	-2.069907	141	139	35	1181.261
0.523599	0.297065	2.160177	27	0	22	1181.193
2.617994	1.869911	2.701025	120	8	115	1181.087
-0.785398	1.195355	1.200319	107	4	122	1181.081
-2.356194	0.866955	-0.931351	139	17	13	1180.965
-1.047198	0.762244	-0.273349	109	22	5	1180.592
-2.879793	0.297065	2.160177	128	15	129	1180.278
-1.047198	2.033014	2.977192	125	13	116	1180.226
1.308997	1.218453	2.777284	142	5	120	1180.146
0.261799	0.674054	1.013609	119	17	3	1179.934
2.879793	1.184361	0.625864	0	11	130	1179.899
-2.879793	1.194549	-0.801900	1	137	39	1179.676
-1.832596	1.184361	0.625864	110	0	0	1179.666
-3.141593	0.960688	-0.577532	115	23	133	1179.618
-1.047198	2.407836	1.410646	3	27	139	1179.617
0.000000	1.195355	1.200319	139	122	20	1179.591
2.879793	2.579248	-2.364801	138	142	116	1179.512
-3.141593	1.741644	-2.695914	120	7	118	1179.252
-1.832596	0.618092	2.539118	130	28	138	1179.211
2.094395	2.174483	2.653697	0	135	119	1179.187
2.879793	1.335669	0.897240	139	9	124	1178.613
-2.879793	0.571433	-1.188419	135	4	32	1178.609
1.570796	2.153910	-1.714959	130	25	129	1178.545
2.879793	0.080730	-2.622036	135	130	22	1178.530
-2.617994	1.134497	-1.109631	110	143	23	1178.384
-2.617994	2.115563	0.685730	132	23	30	1178.200
-0.785398	1.683268	0.374177	105	15	127	1177.997
1.832596	1.367556	0.358405	137	143	132	1177.823
-2.356194	0.379747	-1.713059	133	143	32	1177.802
-2.356194	2.089241	-0.114193	129	27	134	1177.750
2.356194	1.128190	-2.288622	137	24	124	1177.511
1.832596	0.458961	-0.107937	30	136	9	1177.393
0.000000	1.869911	2.701025	136	4	117	1176.909
2.617994	2.637879	2.121598	7	8	126	1176.688
2.617994	0.960688	-0.577532	110	7	18	1176.665
0.785398	2.001437	0.381215	1	6	135	1176.588
0.000000	1.325504	-1.671296	127	1	30	1176.463
1.832596	0.831641	0.616218	6	128	35	1176.180
1.308997	1.721184	-0.153948	123	142	135	1176.178
1.832596	1.184361	0.625864	132	5	133	1176.160
-3.141593	0.297065	2.160177	119	14	15	1175.893
0.523599	0.961715	0.014085	104	132	141	1175.792
-3.141593	1.045978	0.343692	0	16	136	1175.777
0.523599	0.929350	-2.910676	1	9	132	1175.717
1.308997	1.756530	-2.105156	136	19	126	1175.561
-1.308997	1.391910	3.030322	118	18	121	1175.534
2.617994	2.404280	-0.174044	9	3	131	1175.431
0.785398	1.218453	2.777284	31	3	18	1175.348
0.523599	0.960688	-0.577532	109	3	138	1174.980
-1.308997	1.025536	1.576859	118	0	26	1174.700
0.261799	0.458961	-0.107937	130	129	17	1174.414
0.785398	1.450119	-2.739050	8	127	19	1174.402
-2.617994	1.977582	0.969896	129	14	119	1174.148
-1.308997	1.045978	0.343692	105	23	136	1174.090
0.000000	1.875281	0.107086	133	143	133	1174.072
2.879793	2.115563	0.685730	135	7	123	1174.067
-1.570796	2.760637	2.781135	123	142	3	1173.888
-2.879793	2.001437	0.381215	111	13	133	1173.873
0.785398	1.310100	1.488307	34	131	136	1173.831
-2.879793	0.762244	-0.273349	5	19	6	1173.482
-1.832596	2.579248	-2.364801	106	136	134	1173.480
2.879793	2.349581	-2.702517	130	1	113	1173.432
1.308997	0.910508	1.903534	27	12	4	1173.353
-3.141593	1.756530	-2.105156	8	24	131	1173.334
1.570796	0.914445	2.687814	2	136	30	1173.271
0.523599	1.545873	-1.877082	139	9	117	1173.216
-0.261799	2.984978	1.954446	2	8	22	1173.199
1.308997	0.370812	-2.547742	0	11	30	1172.933
-3.141593	2.393226	1.857173	143	28	138	1172.891
2.879793	1.135813	-2.658866	139	17	118	1172.805
-1.308997	1.184361	0.625864	106	20	129	1172.743
-1.047198	0.080730	-2.622036	17	133	33	1172.364
-2.356194	1.488617	1.159546	118	13	127	1172.201
1.047198	1.433411	-1.035986	8	123	27	1172.087
-2.617994	1.870545	-2.976234	131	6	20	1172.063
2.356194	0.618092	2.539118	0	10	126	1171.952
-3.141593	2.664082	-1.071402	142	12	127	1171.627
2.094395	1.113094	-0.272241	35	138	8	1171.580
-0.523599	0.685216	-1.712745	137	10	138	1171.521
1.570796	1.050534	3.042579	139	14	127	1171.467
-3.141593	0.866955	-0.931351	107	5	19	1171.328
0.523599	2.187132	-0.479875	11	126	32	1171.066
2.356194	2.881233	-2.582574	131	142	118	1170.795
-0.785398	2.478122	2.609777	142	27	134	1170.766
0.261799	1.374601	-2.456031	132	0	118	1170.291
-3.141593	1.218453	2.777284	3	18	124	1170.173
-1.047198	2.587733	0.232235	113	24	123	1169.897
-1.308997	0.370812	-2.547742	138	140	31	1169.684
1.570796	1.809167	1.213774	142	13	2	1169.437
-1.832596	0.733948	3.021411	1	127	26	1169.355
-1.308997	1.836682	-0.676006	107	22	2	1169.163
-0.785398	2.407836	1.410646	137	24	135	1168.986
-2.356194	1.417623	-0.202254	114	6	133	1168.953
1.308997	2.979456	-1.009304	134	29	127	1168.913
1.570796	1.909857	-0.381669	137	26	125	1168.754
-1.570796	2.579248	-2.364801	109	132	133	1168.574
1.832596	1.195355	1.200319	138	10	137	1168.440
0.261799	2.704512	1.488683	21	15	134	1168.178
-1.570796	1.732874	-0.951685	119	126	21	1168.060
1.308997	1.574060	2.783565	137	16	124	1167.514
0.785398	0.906588	1.252948	1	136	43	1167.495
1.832596	1.658653	-2.409879	14	15	35	1167.481
2.879793	2.407836	1.410646	137	16	129	1167.441
-0.785398	0.571433	-1.188419	11	123	30	1167.430
-2.617994	1.450119	-2.739050	130	18	116	1167.073
0.785398	2.138223	1.678323	26	4	129	1166.990
-0.785398	1.014500	0.906702	142	20	1	1166.860
-0.523599	0.733948	3.021411	3	122	25	1166.851
1.308997	2.349581	-2.702517	129	19	121	1166.736
2.617994	2.664082	-1.071402	119	8	117	1166.686
-0.261799	2.174483	2.653697	131	6	114	1166.665
-2.879793	1.982574	-1.115518	128	23	1	1166.504
-0.523599	0.910508	1.903534	117	16	141	1166.334
-0.785398	2.247462	0.191623	104	16	125	1166.318
0.523599	1.599406	1.426070	27	133	132	1166.048
-2.879793	1.812176	0.656819	0	0	119	1165.249
2.617994	1.440580	2.260026	133	12	118	1164.878
-0.785398	1.256302	0.062705	103	14	138	1164.707
0.000000	2.063651	-2.044600	141	121	27	1164.550
2.094395	0.618092	2.539118	1	11	127	1164.543
-1.570796	2.073035	2.027405	133	24	126	1164.504
-2.879793	2.456751	-1.503343	125	10	123	1164.208
-2.094395	1.846342	-1.796954	6	13	19	1163.973
0.000000	2.404280	-0.174044	121	141	129	1163.958
1.832596	1.982574	-1.115518	6	12	32	1163.497
-2.094395	0.458961	-0.107937	135	27	4	1163.379
2.094395	1.045978	0.343692	135	5	137	1163.303
-0.261799	0.203748	0.590255	12	3	37	1163.299
1.570796	0.080730	-2.622036	121	14	20	1163.234
0.785398	1.756530	-2.105156	130	7	112	1163.179
0.523599	0.899350	-2.069907	127	9	22	1163.067
2.094395	1.256302	0.062705	139	134	131	1162.654
1.308997	0.379747	-1.713059	3	0	33	1162.452
1.047198	1.450119	-2.739050	16	143	121	1161.959
-1.047198	0.619654	-2.216909	5	139	32	1161.871
-3.141593	1.545873	-1.877082	18	14	23	1161.701
-0.523599	1.214854	-1.966664	121	132	14	1161.457
2.879793	0.914445	2.687814	120	18	125	1161.268
-1.047198	1.599406	1.426070	0	22	136	1161.192
-0.785398	1.134796	2.434290	113	17	136	1161.022
2.879793	0.203748	0.590255	134	135	37	1160.967
-3.141593	2.724429	-0.348782	120	15	125	1160.912
0.000000	2.115563	0.685730	3	128	134	1160.879
0.261799	1.741644	-2.695914	139	120	134	1160.388
-1.308997	0.866395	-2.492918	142	137	29	1160.092
2.879793	0.290380	-0.796960	112	138	22	1159.916
-1.570796	1.574060	2.783565	125	18	122	1159.883
-1.832596	1.569311	-3.003978	125	125	24	1159.474
-0.261799	1.741644	-2.695914	127	2	114	1159.389
-0.261799	1.134497	-1.109631	132	120	9	1159.371
-1.570796	0.080730	-2.622036	128	140	132	1159.212
-2.356194	2.393226	1.857173	130	27	129	1159.162
-2.094395	1.135834	-1.431087	14	14	20	1158.658
-2.356194	1.045978	0.343692	137	28	135	1158.595
-2.356194	1.606104	-0.451151	138	3	38	1158.436
-2.879793	1.870545	-2.976234	129	12	114	1158.379
-2.356194	2.592629	0.909713	24	142	128	1158.374
-1.047198	0.866955	-0.931351	121	127	19	1158.207
-2.356194	2.404280	-0.174044	126	19	132	1158.069
2.094395	2.704512	1.488683	0	135	21	1157.989
-1.570796	2.664082	-1.071402	12	6	129	1157.850
-2.879793	2.407836	1.410646	135	25	133	1157.746
-3.141593	2.881233	-2.582574	0	2	121	1157.475
0.785398	0.914445	2.687814	30	3	21	1157.423
2.879793	2.379497	0.561089	142	14	129	1157.244
-1.047198	1.909857	-0.381669	110	15	136	1157.221
-2.356194	0.591903	2.010408	124	20	129	1156.861
2.356194	1.870545	-2.976234	138	5	115	1156.852
-2.617994	1.606104	-0.451151	140	17	138	1156.625
2.356194	0.960688	-0.577532	113	10	20	1156.515
-0.261799	2.063651	-2.044600	121	138	4	1156.365
-0.785398	2.251330	-2.330739	139	8	9	1156.321
-1.308997	0.290380	-0.796960	0	126	34	1156.302
-1.308997	1.310100	1.488307	134	26	16	1155.855
-1.308997	0.618092	2.539118	0	5	34	1155.495
2.356194	1.998705	2.370472	135	2	16	1155.485
-0.785398	1.450119	-2.739050	116	6	114	1155.175
-1.832596	2.115563	0.685730	123	22	124	1155.158
-2.617994	0.866395	-2.492918	128	3	28	1155.122
1.047198	2.984978	1.954446	137	137	121	1155.101
-0.785398	1.617114	-1.572037	117	139	16	1155.088
2.356194	0.850607	-1.335383	139	23	24	1155.047
-1.832596	1.391910	3.030322	140	128	21	1154.928
-2.617994	2.587733	0.232235	114	9	124	1154.859
2.094395	1.510910	-0.740472	131	24	121	1154.825
1.832596	1.977582	0.969896	8	3	129	1154.615
-1.047198	0.379747	-1.713059	120	3	137	1154.547
2.617994	2.041297	-2.664597	130	7	112	1154.367
-3.141593	0.733948	3.021411	17	8	32	1154.303
-1.570796	1.569311	-3.003978	129	124	23	1154.019
2.617994	2.356369	3.005869	131	143	114	1153.920
-2.617994	0.418037	1.360082	116	12	141	1153.844
-3.141593	0.831641	0.616218	134	8	126	1153.833
1.570796	1.606104	-0.451151	13	138	38	1153.821
-1.570796	2.251330	-2.330739	7	131	125	1153.764
1.832596	0.709924	0.218797	132	3	136	1153.657
-2.879793	2.041297	-2.664597	124	6	112	1153.495
0.261799	1.699788	2.452890	136	7	120	1153.466
2.879793	1.948085	-2.363031	138	7	113	1153.319
0.523599	2.115563	0.685730	123	143	124	1153.205
1.570796	2.041297	-2.664597	126	17	120	1152.922
2.879793	0.370812	-2.547742	140	26	132	1152.483
-2.879793	2.704512	1.488683	136	23	128	1152.475
0.000000	2.587733	0.232235	133	142	126	1151.835
-2.094395	1.025536	1.576859	125	15	122	1151.796
-0.785398	0.914445	2.687814	113	15	133	1151.670
-1.308997	2.407836	1.410646	7	29	140	1151.662
-1.570796	0.992645	-1.723759	2	13	11	1151.639
1.570796	2.592629	0.909713	11	143	128	1151.501
1.570796	1.367556	0.358405	10	3	43	1151.294
-1.308997	2.153910	-1.714959	118	139	30	1151.278
-2.879793	2.251330	-2.330739	6	19	137	1151.158
0.261799	0.914445	2.687814	28	140	21	1151.062
0.785398	1.184361	0.625864	23	128	141	1150.931
0.261799	2.592629	0.909713	5	132	129	1150.885
-2.617994	1.194549	-0.801900	140	20	9	1150.570
0.523599	0.674054	1.013609	15	12	5	1150.514
-0.785398	0.496451	0.593859	103	5	137	1150.492
2.356194	1.050534	3.042579	6	7	25	1150.371
-1.308997	2.299159	2.264663	137	126	140	1150.290
-1.570796	0.203748	0.590255	129	133	21	1150.178
-0.261799	0.866955	-0.931351	110	10	15	1150.044
1.570796	1.391910	3.030322	135	11	117	1149.923
-1.308997	2.343981	-1.040456	137	130	28	1149.905
-1.832596	2.073035	2.027405	127	130	139	1149.899
1.570796	2.478122	2.609777	122	25	131	1149.848
2.617994	1.870545	-2.976234	129	5	114	1149.780
-0.523599	2.760637	2.781135	132	28	143	1149.680
0.261799	1.050534	3.042579	26	141	24	1149.580
2.617994	0.700570	1.559208	139	28	132	1149.527
0.261799	2.174483	2.653697	2	14	122	1149.438
2.094395	2.001437	0.381215	0	134	124	1149.369
1.047198	2.704512	1.488683	115	17	128	1149.260
-0.261799	2.356369	3.005869	4	125	141	1149.193
-0.261799	0.866395	-2.492918	1	138	31	1149.020
-2.094395	2.455966	-0.641220	108	130	7	1148.997
0.261799	1.555207	1.708892	139	118	10	1148.974
1.047198	1.732874	-0.951685	11	126	11	1148.627
-0.785398	2.299159	2.264663	127	21	123	1148.621
-1.832596	0.674054	1.013609	130	27	138	1148.608
-2.356194	0.762244	-0.273349	8	138	39	1148.320
-2.879793	2.033014	2.977192	120	5	113	1148.102
2.879793	2.455966	-0.641220	15	7	129	1148.076
-0.261799	2.760637	2.781135	116	16	120	1147.990
1.308997	1.569311	-3.003978	138	22	131	1147.930
0.523599	1.696674	-1.253233	13	127	142	1147.738
-1.308997	0.496451	0.593859	115	4	13	1147.566
-0.785398	1.391910	3.030322	110	10	120	1147.459
-0.785398	0.458961	-0.107937	131	127	20	1147.448
0.000000	2.664082	-1.071402	141	21	121	1147.259
-3.141593	0.618092	2.539118	143	27	135	1147.222
-0.785398	1.554776	0.100351	103	15	134	1147.098
1.570796	2.001437	0.381215	142	132	125	1147.071
0.785398	1.050534	3.042579	24	1	24	1147.064
-3.141593	2.863997	0.549740	131	13	122	1146.901
-0.261799	1.554776	0.100351	102	2	136	1146.811
-0.785398	2.041297	-2.664597	112	141	141	1146.788
1.832596	1.904882	-1.478089	7	134	9	1146.699
1.047198	0.080730	-2.622036	136	18	133	1146.632
2.356194	2.404280	-0.174044	0	6	127	1146.608
-2.879793	1.741644	-2.695914	123	13	113	1146.450
-1.570796	1.134497	-1.109631	121	5	135	1146.034
-1.570796	1.242974	-2.977882	131	126	24	1145.955
0.000000	1.998705	2.370472	129	7	118	1145.905
-2.094395	2.073035	2.027405	118	7	17	1145.681
2.094395	1.721184	-0.153948	137	14	34	1145.574
2.356194	0.906588	1.252948	20	18	5	1145.478
0.000000	1.113094	-0.272241	102	0	3	1145.160
0.000000	2.396274	-1.959260	123	137	1	1144.996
-2.094395	0.866395	-2.492918	103	141	135	1144.947
1.308997	1.617114	-1.572037	10	26	137	1144.904
-1.047198	0.496451	0.593859	135	1	35	1144.691
0.785398	2.863997	0.549740	137	5	125	1144.584
-0.785398	0.203748	0.590255	137	4	34	1144.550
-1.570796	2.396274	-1.959260	105	138	141	1144.316
2.356194	1.741644	-2.695914	135	11	114	1144.124
0.261799	0.640596	-2.797608	2	130	30	1143.776
2.356194	2.356369	3.005869	136	0	117	1143.630
-1.832596	0.203748	0.590255	120	15	17	1143.529
0.000000	0.700570	1.559208	115	14	0	1143.407
0.785398	1.545873	-1.877082	137	7	113	1143.387
2.617994	1.699788	2.452890	114	17	138	1143.294
-1.047198	2.478122	2.609777	18	17	125	1143.278
-2.879793	1.617114	-1.572037	123	16	114	1143.094
2.356194	2.592629	0.909713	0	14	128	1142.962
-1.832596	1.766067	2.153843	123	131	143	1142.902
-2.879793	1.168678	2.108595	120	2	7	1142.859
-1.047198	2.393226	1.857173	143	131	126	1142.746
-0.261799	2.299159	2.264663	8	18	125	1142.688
1.047198	2.033014	2.977192	137	19	125	1142.664
-3.141593	0.379747	-1.713059	135	14	30	1142.240
2.617994	2.719179	-1.780644	128	141	116	1141.753
-1.832596	1.606104	-0.451151	118	29	143	1141.722
-2.879793	1.374601	-2.456031	2	6	30	1141.659
1.308997	0.619654	-2.216909	125	12	31	1141.651
1.570796	1.977582	0.969896	141	10	137	1141.541
-2.356194	1.812176	0.656819	131	15	35	1141.537
-2.617994	0.831641	0.616218	127	11	127	1141.396
-0.523599	2.251330	-2.330739	126	131	11	1141.362
1.047198	1.417623	-0.202254	135	118	141	1141.275
-1.047198	0.418037	1.360082	7	29	13	1141.214
0.261799	1.599406	1.426070	24	133	132	1141.086
1.832596	0.899350	-2.069907	1	21	128	1140.825
2.879793	1.218453	2.777284	134	19	121	1140.754
-2.879793	1.448123	-2.163292	135	21	118	1140.209
0.785398	1.504028	0.636812	140	10	142	1140.162
-0.261799	2.863997	0.549740	141	135	124	1140.001
-1.047198	1.374601	-2.456031	116	140	15	1139.936
1.570796	1.998705	2.370472	125	22	125	1139.920
0.000000	1.736875	3.023612	23	135	19	1139.857
2.094395	2.979456	-1.009304	142	31	140	1139.844
-0.261799	0.618092	2.539118	11	9	1	1139.716
-0.785398	0.910508	1.903534	131	140	123	1139.667
-2.356194	2.719179	-1.780644	117	17	135	1139.664
-1.570796	1.824694	1.850876	129	25	127	1139.393
-3.141593	1.599406	1.426070	13	26	12	1139.233
1.832596	1.135834	-1.431087	7	30	13	1138.923
-2.094395	1.741644	-2.695914	135	141	26	1138.821
2.094395	0.831641	0.616218	142	129	35	1138.542
0.785398	1.014500	0.906702	141	122	128	1138.463
-1.308997	0.419640	2.974122	140	140	31	1138.160
1.308997	2.478122	2.609777	2	140	16	1137.956
0.261799	1.128190	-2.288622	133	140	119	1137.508
1.570796	1.045978	0.343692	133	23	1	1137.488
-2.617994	2.180315	-1.357379	118	28	5	1137.426
0.523599	1.869911	2.701025	138	14	123	1137.317
2.356194	1.824694	1.850876	139	17	133	1137.312
-2.356194	1.948085	-2.363031	133	7	28	1137.149
0.261799	0.929350	-2.910676	3	130	27	1137.148
2.094395	2.881233	-2.582574	127	1	118	1136.909
-1.308997	1.014500	0.906702	118	139	23	1136.790
-2.356194	2.455966	-0.641220	125	12	26	1136.784
0.261799	2.187132	-0.479875	138	10	12	1136.779
1.570796	0.370812	-2.547742	6	8	32	1136.541
-1.047198	1.869911	2.701025	14	132	18	1136.444
0.000000	1.417623	-0.202254	30	139	36	1136.180
1.570796	1.948085	-2.363031	134	23	125	1135.883
2.094395	2.299159	2.264663	138	0	18	1135.808
-1.308997	1.195355	1.200319	0	23	138	1135.739
-2.879793	1.846342	-1.796954	1	23	15	1135.564
0.000000	2.108018	1.311430	116	123	24	1135.494
2.356194	0.591903	2.010408	6	0	128	1135.488
0.523599	1.875281	0.107086	125	129	28	1135.429
1.570796	1.824694	1.850876	125	16	118	1135.366
-1.047198	1.448123	-2.163292	115	136	10	1135.312
-2.617994	2.164094	-2.991358	132	6	17	1134.956
0.000000	1.450119	-2.739050	20	137	28	1134.711
-1.570796	1.433411	-1.035986	122	6	134	1134.708
-1.832596	1.574060	2.783565	119	13	19	1134.550
0.000000	1.599406	1.426070	119	2	117	1134.532
-2.094395	1.045978	0.343692	131	28	135	1134.525
-1.308997	2.984978	1.954446	142	30	139	1134.443
-1.308997	2.174483	2.653697	129	12	117	1134.406
-1.570796	0.864993	2.278281	108	12	125	1134.385
2.879793	2.299159	2.264663	23	20	136	1134.326
-2.094395	1.134497	-1.109631	135	16	16	1134.195
-2.879793	2.138223	1.678323	4	135	120	1134.080
-1.308997	0.379747	-1.713059	124	114	139	1134.035
-0.523599	1.050534	3.042579	136	4	128	1134.004
-2.617994	2.063651	-2.044600	107	20	6	1133.973
2.094395	2.295480	1.008277	3	2	128	1133.778
-0.523599	2.138223	1.678323	1	20	132	1133.537
-2.094395	1.982574	-1.115518	114	25	6	1133.484
1.047198	1.194549	-0.801900	131	122	9	1133.428
-0.261799	1.875281	0.107086	103	5	132	1133.156
0.785398	0.929350	-2.910676	0	12	132	1133.058
1.047198	1.374601	-2.456031	16	0	28	1132.846
-1.570796	1.184361	0.625864	110	140	3	1132.603
-1.570796	1.247695	1.809890	110	136	143	1132.500
-0.523599	1.756530	-2.105156	124	136	15	1132.309
-2.094395	1.256302	0.062705	105	139	139	1132.195
-2.879793	1.417623	-0.202254	4	22	143	1132.106
-1.308997	0.929350	-2.910676	136	137	25	1132.065
-2.094395	0.992645	-1.723759	24	140	38	1131.921
2.094395	1.450119	-2.739050	131	23	123	1131.863
-1.832596	2.164094	-2.991358	9	143	121	1131.781
-3.141593	2.108018	1.311430	124	7	118	1131.712
0.523599	1.662363	0.915448	18	134	132	1131.688
1.047198	1.214854	-1.966664	142	7	118	1131.602
1.832596	0.379747	-1.713059	21	31	6	1131.528
0.523599	1.301460	-0.509251	109	2	139	1131.429
0.523599	0.906588	1.252948	129	11	4	1131.208
2.879793	0.618092	2.539118	116	19	14	1131.208
0.000000	0.591903	2.010408	115	139	129	1131.176
-2.879793	0.080730	-2.622036	17	11	35	1130.863
-1.047198	2.153910	-1.714959	127	8	111	1130.755
1.047198	0.618092	2.539118	33	5	22	1130.708
2.879793	2.251330	-2.330739	0	24	28	1130.589
-1.047198	1.113094	-0.272241	106	19	2	1130.253
0.000000	2.579248	-2.364801	131	21	117	1130.163
1.832596	0.080730	-2.622036	129	17	134	1130.086
2.879793	1.448123	-2.163292	5	21	120	1130.021
0.785398	1.301460	-0.509251	112	142	138	1130.016
-1.047198	0.864993	2.278281	115	20	137	1129.768
-1.570796	2.393226	1.857173	143	31	1	1129.713
0.261799	2.356369	3.005869	136	17	121	1129.630
-1.047198	1.247695	1.809890	117	130	6	1129.502
1.570796	2.299159	2.264663	121	22	128	1129.360
-0.523599	1.128190	-2.288622	135	135	28	1129.271
-2.879793	1.134796	2.434290	118	0	12	1129.264
1.047198	1.335669	0.897240	125	133	30	1128.847
-0.523599	1.658653	-2.409879	133	135	23	1128.690
0.523599	1.683268	0.374177	10	137	134	1128.614
-1.308997	2.719179	-1.780644	106	135	133	1128.568
-3.141593	2.073035	2.027405	21	28	3	1128.434
-1.308997	1.658653	-2.409879	130	129	29	1128.351
-1.832596	0.685216	-1.712745	21	8	24	1128.328
-3.141593	1.448123	-2.163292	2	21	119	1127.731
-2.879793	0.910508	1.903534	133	24	126	1127.521
-2.879793	0.929350	-2.910676	137	24	124	1127.309
2.356194	2.033014	2.977192	142	143	117	1127.287
-2.094395	2.407836	1.410646	134	4	111	1126.959
-2.617994	2.407836	1.410646	132	28	134	1126.957
1.308997	1.741644	-2.695914	139	25	136	1126.766
-1.832596	0.290380	-0.796960	121	1	138	1126.724
-2.094395	0.929350	-2.910676	122	135	26	1126.603
2.617994	0.864993	2.278281	136	18	125	1126.302
2.094395	0.866395	-2.492918	7	3	30	1126.161
1.047198	1.846342	-1.796954	16	22	129	1126.138
-2.879793	0.496451	0.593859	130	135	38	1126.100
1.570796	2.180315	-1.357379	4	30	6	1125.892
-2.356194	1.195355	1.200319	116	15	132	1125.882
2.879793	0.992645	-1.723759	19	21	18	1125.578
-1.047198	1.310100	1.488307	111	4	119	1125.521
-1.047198	1.998705	2.370472	143	27	138	1125.484
0.261799	2.041297	-2.664597	138	17	121	1125.408
0.785398	0.899350	-2.069907	10	1	33	1125.360
-2.094395	2.063651	-2.044600	132	13	12	1125.177
-0.261799	1.909857	-0.381669	2	6	141	1124.908
2.356194	2.108018	1.311430	140	14	132	1124.853
0.785398	0.640596	-2.797608	3	5	30	1124.694
-0.523599	2.174483	2.653697	112	9	119	1124.649
0.523599	2.455966	-0.641220	137	14	117	1124.633
2.617994	0.297065	2.160177	3	11	131	1124.508
0.261799	0.762244	-0.273349	112	3	132	1124.319
1.832596	1.870545	-2.976234	126	15	118	1124.242
-1.832596	2.404280	-0.174044	127	13	26	1123.855
-2.617994	2.704512	1.488683	132	26	128	1123.777
-2.356194	0.418037	1.360082	113	8	1	1123.597
-2.094395	0.591903	2.010408	134	31	0	1123.168
-2.094395	2.108018	1.311430	17	31	10	1123.091
-0.523599	0.914445	2.687814	140	135	30	1122.951
1.308997	1.909857	-0.381669	141	23	125	1122.909
0.261799	0.379747	-1.713059	122	11	15	1122.859
0.000000	0.831641	0.616218	124	15	2	1122.834
0.785398	2.089241	-0.114193	5	18	132	1122.716
-2.356194	1.977582	0.969896	20	28	16	1122.196
-0.261799	1.413430	2.550734	24	123	11	1122.184
-2.879793	1.218453	2.777284	131	7	22	1122.118
1.047198	2.587733	0.232235	137	115	7	1122.098
0.523599	1.504028	0.636812	16	131	135	1121.898
0.785398	1.433411	-1.035986	6	124	28	1121.402
0.523599	1.218453	2.777284	34	142	18	1121.365
-2.094395	0.831641	0.616218	131	29	135	1121.349
-1.832596	0.458961	-0.107937	130	28	4	1121.268
1.570796	1.014500	0.906702	138	6	139	1121.188
-1.832596	1.756530	-2.105156	138	7	26	1121.106
2.356194	1.699788	2.452890	129	10	116	1120.740
0.261799	1.756530	-2.105156	133	10	115	1120.707
2.879793	2.393226	1.857173	136	12	125	1120.677
-2.094395	1.113094	-0.272241	112	129	25	1120.651
2.356194	0.864993	2.278281	2	5	123	1120.648
1.308997	0.615174	-0.666022	134	14	33	1120.644
-1.832596	2.138223	1.678323	1	30	140	1120.122
2.094395	0.619654	-2.216909	4	142	31	1120.079
-0.523599	2.592629	0.909713	107	132	8	1120.021
-0.523599	1.184361	0.625864	103	4	130	1119.942
1.832596	2.073035	2.027405	120	17	122	1119.712
1.570796	2.396274	-1.959260	138	24	128	1119.639
1.047198	1.310100	1.488307	37	135	136	1119.406
-1.832596	0.914445	2.687814	129	28	134	1119.401
-0.261799	0.910508	1.903534	115	13	141	1119.043
-0.523599	2.104282	-0.813972	135	129	33	1118.723
-2.094395	1.194549	-0.801900	141	12	140	1118.696
-0.523599	1.113094	-0.272241	27	4	4	1118.594
2.094395	2.063651	-2.044600	134	23	129	1118.373
-2.356194	2.724429	-0.348782	5	14	130	1118.282
2.094395	2.349581	-2.702517	128	2	112	1117.773
-2.879793	2.396274	-1.959260	111	27	143	1117.699
-2.617994	0.203748	0.590255	135	128	37	1117.685
0.523599	0.762244	-0.273349	133	124	18	1117.580
-2.617994	1.812176	0.656819	125	14	128	1117.523
-2.356194	1.766067	2.153843	122	133	2	1117.427
1.047198	0.674054	1.013609	34	135	1	1117.412
-3.141593	2.041297	-2.664597	125	6	111	1117.343
-0.261799	1.872854	1.543456	120	7	117	1117.305
-3.141593	1.113094	-0.272241	22	8	142	1117.302
-0.261799	0.571433	-1.188419	127	5	31	1117.266
1.047198	0.640596	-2.797608	1	12	131	1117.073
-2.617994	1.417623	-0.202254	14	20	143	1117.062
1.832596	1.574060	2.783565	127	28	135	1117.032
-0.523599	0.571433	-1.188419	130	6	32	1116.956
1.308997	0.685216	-1.712745	7	141	33	1116.861
-2.094395	2.033014	2.977192	109	136	128	1116.803
-2.094395	1.824694	1.850876	127	133	143	1116.498
0.000000	1.982574	-1.115518	140	7	115	1116.487
2.356194	1.218453	2.777284	129	16	120	1116.458
-0.523599	0.700570	1.559208	123	20	0	1116.145
-0.261799	2.180315	-1.357379	135	10	113	1115.793
-2.356194	1.569311	-3.003978	129	19	117	1115.630
1.047198	0.203748	0.590255	128	142	133	1115.486
0.261799	2.108018	1.311430	111	128	9	1115.270
1.570796	0.496451	0.593859	35	138	5	1115.177
2.356194	0.866395	-2.492918	5	3	31	1115.169
-2.617994	1.736875	3.023612	131	4	18	1115.151
0.785398	0.831641	0.616218	124	0	130	1114.871
-1.832596	1.045978	0.343692	1	30	138	1114.738
-2.356194	1.574060	2.783565	142	14	120	1114.426
2.094395	0.961715	0.014085	36	140	4	1114.361
-0.261799	1.014500	0.906702	102	142	139	1114.172
-2.617994	1.433411	-1.035986	141	21	13	1114.113
-2.879793	2.579248	-2.364801	110	134	2	1114.007
-1.047198	0.906588	1.252948	132	25	19	1113.875
1.047198	1.014500	0.906702	121	135	29	1113.872
-1.832596	2.478122	2.609777	121	6	8	1113.594
0.000000	0.910508	1.903534	134	10	1	1113.572
-2.094395	1.732874	-0.951685	0	11	134	1113.094
2.094395	2.073035	2.027405	4	15	3	1112.969
1.570796	0.290380	-0.796960	120	18	138	1112.892
-2.617994	1.741644	-2.695914	121	12	114	1112.727
1.570796	2.187132	-0.479875	133	25	121	1112.646
1.047198	2.349581	-2.702517	132	17	120	1112.434
2.356194	1.168678	2.108595	122	16	120	1112.249
2.879793	2.863997	0.549740	126	143	4	1112.242
1.832596	2.063651	-2.044600	131	26	129	1112.215
-2.617994	1.135813	-2.658866	9	139	27	1112.086
-1.832596	1.134497	-1.109631	111	140	120	1112.030
0.785398	1.025536	1.576859	115	135	132	1111.983
-1.832596	1.870545	-2.976234	119	130	17	1111.745
-0.523599	0.297065	2.160177	143	138	32	1111.549
2.094395	1.909857	-0.381669	15	20	31	1111.334
1.832596	1.872854	1.543456	2	13	138	1111.050
2.356194	1.696674	-1.253233	126	28	126	1111.012
-2.356194	1.440580	2.260026	118	142	5	1111.009
2.617994	1.374601	-2.456031	139	18	117	1111.003
-2.879793	2.063651	-2.044600	111	3	113	1110.881
1.570796	2.251330	-2.330739	131	23	125	1110.754
-1.570796	1.870545	-2.976234	126	123	21	1110.508
-0.785398	0.419640	2.974122	141	142	33	1110.357
0.523599	0.866395	-2.492918	9	123	24	1110.265
-1.832596	0.906588	1.252948	119	143	23	1110.098
-2.879793	2.108018	1.311430	124	8	117	1109.761
-1.308997	1.998705	2.370472	130	19	121	1109.701
2.617994	1.510910	-0.740472	130	11	35	1109.695
-1.832596	1.113094	-0.272241	131	28	3	1109.607
0.261799	1.732874	-0.951685	6	13	16	1109.521
-1.047198	1.569311	-3.003978	111	141	6	1109.427
0.261799	0.960688	-0.577532	113	6	136	1109.382
0.785398	2.393226	1.857173	24	13	133	1109.162
2.094395	2.863997	0.549740	129	26	124	1108.818
-2.356194	2.587733	0.232235	133	20	127	1108.794
-1.308997	2.073035	2.027405	128	24	125	1108.781
-1.570796	0.850607	-1.335383	138	13	143	1108.377
-0.261799	0.914445	2.687814	15	124	21	1108.338
2.879793	2.664082	-1.071402	137	8	123	1108.312
-0.261799	1.214854	-1.966664	10	5	138	1108.310
0.523599	0.615174	-0.666022	121	129	11	1108.292
1.832596	1.510910	-0.740472	138	23	122	1108.233
1.570796	0.203748	0.590255	34	138	10	1107.968
0.523599	2.592629	0.909713	119	11	124	1107.961
2.879793	1.909857	-0.381669	4	140	135	1107.915
2.617994	1.134796	2.434290	132	18	123	1107.850
2.879793	1.606104	-0.451151	5	140	139	1107.513
0.000000	0.992645	-1.723759	126	6	23	1107.376
-0.261799	0.458961	-0.107937	139	143	36	1106.826
0.261799	1.433411	-1.035986	7	17	13	1106.795
0.261799	2.180315	-1.357379	10	13	10	1106.718
1.570796	0.619654	-2.216909	5	3	32	1106.636
-1.047198	1.256302	0.062705	103	18	138	1106.566
1.832596	2.664082	-1.071402	128	24	123	1106.404
-1.308997	1.113094	-0.272241	109	25	1	1106.393
-1.047198	2.164094	-2.991358	125	125	3	1106.224
1.832596	2.174483	2.653697	121	26	132	1106.212
-0.785398	0.906588	1.252948	125	126	136	1106.180
-0.261799	1.025536	1.576859	103	2	5	1106.149
-1.047198	1.824694	1.850876	128	4	115	1105.923
2.879793	1.113094	-0.272241	139	143	134	1105.922
-1.832596	2.033014	2.977192	121	130	10	1105.486
1.570796	1.433411	-1.035986	143	126	9	1105.370
2.879793	1.741644	-2.695914	120	9	117	1105.118
0.785398	2.719179	-1.780644	125	16	115	1105.086
1.047198	1.554776	0.100351	122	143	133	1105.042
-2.617994	2.719179	-1.780644	14	7	126	1104.563
2.356194	1.113094	-0.272241	8	142	42	1104.556
1.047198	1.809167	1.213774	128	127	26	1104.381
-3.141593	0.864993	2.278281	5	23	130	1104.207
0.785398	1.599406	1.426070	30	135	132	1104.160
2.617994	2.033014	2.977192	114	8	116	1104.032
-1.570796	1.904882	-1.478089	138	15	16	1103.822
1.308997	2.396274	-1.959260	2	25	129	1103.668
1.047198	1.869911	2.701025	137	15	122	1103.623
1.308997	0.674054	1.013609	5	122	30	1103.610
0.785398	0.379747	-1.713059	6	6	36	1103.445
-2.617994	2.108018	1.311430	125	9	117	1103.392
0.261799	0.685216	-1.712745	10	129	27	1103.172
-2.879793	2.164094	-2.991358	122	6	116	1103.159
1.570796	0.674054	1.013609	9	122	30	1103.095
2.094395	2.588535	-2.976617	133	142	117	1103.083
2.094395	1.555207	1.708892	130	8	116	1103.075
-0.523599	1.766067	2.153843	4	6	121	1102.892
-0.785398	0.864993	2.278281	119	16	137	1102.742
0.000000	0.685216	-1.712745	135	2	34	1102.600
1.308997	0.864993	2.278281	37	20	139	1102.585
-0.523599	2.979456	-1.009304	110	137	128	1102.298
-0.261799	2.187132	-0.479875	3	8	142	1102.209
-0.261799	1.440580	2.260026	6	2	122	1101.948
0.261799	0.866955	-0.931351	127	11	139	1101.788
1.832596	0.674054	1.013609	141	8	134	1101.563
0.000000	1.904882	-1.478089	131	6	112	1101.263
-2.617994	1.168678	2.108595	118	0	7	1101.262
1.308997	0.571433	-1.188419	27	30	7	1101.066
1.832596	1.545873	-1.877082	134	25	133	1101.021
0.261799	0.615174	-0.666022	143	19	0	1100.896
0.523599	2.356369	3.005869	21	22	135	1100.684
1.308997	1.736875	3.023612	134	8	115	1100.615
-0.785398	1.310100	1.488307	112	2	119	1100.538
2.617994	1.014500	0.906702	9	15	127	1100.475
-0.261799	1.977582	0.969896	137	138	125	1100.461
-1.832596	1.504028	0.636812	109	1	139	1100.196
-0.785398	2.073035	2.027405	123	18	122	1100.176
1.570796	1.506530	1.988858	140	18	1	1100.141
2.879793	2.396274	-1.959260	131	0	113	1100.019
0.785398	1.045978	0.343692	132	118	135	1100.019
0.785398	1.256302	0.062705	143	143	41	1099.929
-3.141593	2.588535	-2.976617	2	17	137	1099.914
-1.047198	1.335669	0.897240	108	9	122	1099.883
-2.879793	2.349581	-2.702517	132	6	115	1099.719
-1.308997	0.992645	-1.723759	136	12	1	1099.593
-1.832596	1.413347	-1.339188	5	16	13	1099.570
2.879793	2.073035	2.027405	136	16	127	1099.485
0.000000	2.984978	1.954446	142	11	22	1099.374
0.000000	1.045978	0.343692	103	139	136	1099.347
0.000000	2.180315	-1.357379	134	12	113	1099.346
2.879793	1.617114	-1.572037	27	13	23	1099.199
1.047198	0.418037	1.360082	37	140	6	1099.163
2.879793	1.374601	-2.456031	6	5	32	1099.162
-0.523599	0.960688	-0.577532	130	122	13	1099.149
1.832596	1.824694	1.850876	125	134	1	1099.100
0.523599	2.295480	1.008277	115	4	114	1099.097
-0.785398	0.850607	-1.335383	135	11	140	1098.715
2.094395	0.906588	1.252948	4	14	136	1098.601
-1.570796	1.617114	-1.572037	123	1	111	1098.399
-0.523599	2.153910	-1.714959	128	11	111	1098.399
0.000000	2.104282	-0.813972	1	7	119	1097.917
-1.047198	2.073035	2.027405	124	21	123	1097.861
-0.261799	1.417623	-0.202254	28	135	36	1097.775
-1.570796	1.325504	-1.671296	0	13	15	1097.734
0.523599	1.413430	2.550734	1	4	121	1097.711
0.785398	2.187132	-0.479875	13	128	31	1097.645
1.832596	0.700570	1.559208	30	8	18	1097.480
-0.261799	0.960688	-0.577532	118	11	135	1097.371
0.000000	1.128190	-2.288622	13	4	34	1097.295
-1.832596	2.349581	-2.702517	10	137	123	1097.205
0.785398	1.732874	-0.951685	12	128	4	1097.169
-1.832596	2.760637	2.781135	137	22	122	1096.845
-3.141593	1.732874	-0.951685	0	10	37	1096.838
2.617994	2.863997	0.549740	138	32	134	1096.810
-1.308997	2.108018	1.311430	133	19	25	1096.515
1.570796	1.617114	-1.572037	5	28	137	1096.250
2.356194	1.606104	-0.451151	122	26	125	1096.247
0.523599	0.910508	1.903534	115	136	127	1096.217
-2.094395	1.606104	-0.451151	123	27	142	1095.898
1.047198	1.982574	-1.115518	142	120	23	1095.822
2.094395	1.391910	3.030322	4	1	23	1095.659
-0.261799	1.184361	0.625864	13	143	45	1095.658
2.879793	0.864993	2.278281	140	18	126	1095.639
1.047198	1.824694	1.850876	32	4	131	1095.634
-1.047198	0.866395	-2.492918	139	140	28	1095.422
0.785398	0.685216	-1.712745	11	25	14	1095.328
-2.356194	2.174483	2.653697	115	142	0	1095.292
-1.047198	1.301460	-0.509251	132	133	131	1095.267
-2.356194	1.909857	-0.381669	116	7	128	1095.228
1.047198	1.301460	-0.509251	133	119	3	1094.925
-2.094395	1.367556	0.358405	106	139	142	1094.896
-1.047198	2.456751	-1.503343	138	8	113	1094.759
-2.879793	0.290380	-0.796960	32	6	15	1094.496
-3.141593	1.617114	-1.572037	24	15	23	1094.327
2.094395	1.982574	-1.115518	141	30	10	1094.254
1.047198	1.606104	-0.451151	122	143	138	1094.144
-1.570796	0.618092	2.539118	4	5	34	1093.749
-2.094395	2.396274	-1.959260	1	14	12	1093.625
2.356194	0.910508	1.903534	137	28	127	1093.596
0.261799	1.736875	3.023612	34	137	17	1093.304
0.523599	1.948085	-2.363031	4	123	6	1093.207
1.570796	2.115563	0.685730	6	143	130	1092.985
-0.785398	1.504028	0.636812	107	10	124	1092.947
-2.094395	1.195355	1.200319	128	17	121	1092.754
2.094395	1.413347	-1.339188	143	29	12	1092.751
0.261799	1.809167	1.213774	20	135	130	1092.679
-0.785398	2.587733	0.232235	136	135	127	1092.424
2.879793	1.658653	-2.409879	135	14	114	1092.273
2.356194	2.063651	-2.044600	133	5	112	1092.066
-0.523599	1.909857	-0.381669	103	3	137	1091.898
-2.617994	1.875281	0.107086	123	15	131	1091.750
0.000000	1.741644	-2.695914	127	0	114	1091.647
0.785398	2.396274	-1.959260	133	25	126	1091.619
-1.570796	1.948085	-2.363031	123	131	30	1091.525
-2.094395	1.658653	-2.409879	131	6	19	1091.520
2.617994	1.325504	-1.671296	7	30	130	1091.511
-2.617994	2.041297	-2.664597	1	9	114	1091.446
1.570796	1.510910	-0.740472	143	21	122	1091.431
-2.617994	1.367556	0.358405	136	25	3	1091.412
2.356194	1.506530	1.988858	21	17	15	1090.926
-1.047198	2.343981	-1.040456	141	129	29	1090.913
1.308997	0.080730	-2.622036	133	18	133	1090.750
-1.308997	0.203748	0.590255	5	30	6	1090.600
-0.785398	1.325504	-1.671296	114	133	4	1090.572
-1.047198	1.391910	3.030322	117	15	122	1090.549
-0.523599	1.325504	-1.671296	117	128	2	1090.430
2.094395	1.448123	-2.163292	137	8	110	1090.258
-1.570796	0.866395	-2.492918	137	140	28	1090.229
0.785398	1.113094	-0.272241	111	141	135	1090.054
0.261799	0.831641	0.616218	119	118	129	1090.017
1.308997	2.379497	0.561089	123	138	125	1089.908
-2.617994	0.615174	-0.666022	31	15	15	1089.734
2.094395	0.762244	-0.273349	33	137	9	1089.566
-0.523599	0.290380	-0.796960	8	137	34	1089.522
-0.523599	1.977582	0.969896	137	142	124	1089.463
2.617994	2.108018	1.311430	137	6	121	1089.322
2.617994	0.906588	1.252948	2	22	126	1088.785
-3.141593	0.496451	0.593859	15	0	36	1088.770
0.261799	1.135813	-2.658866	5	123	22	1088.658
-1.570796	1.977582	0.969896	119	17	122	1088.097
-2.879793	1.766067	2.153843	115	3	137	1087.915
2.617994	1.450119	-2.739050	110	14	130	1087.900
-3.141593	0.762244	-0.273349	0	0	135	1087.857
-3.141593	1.977582	0.969896	132	139	10	1087.623
-1.570796	2.704512	1.488683	10	2	20	1087.505
1.832596	1.606104	-0.451151	10	128	143	1087.483
-0.523599	1.662363	0.915448	122	134	119	1087.408
-1.570796	1.014500	0.906702	140	28	2	1087.347
-2.356194	0.929350	-2.910676	138	138	28	1087.328
0.785398	2.164094	-2.991358	133	12	117	1087.289
-0.785398	1.904882	-1.478089	129	2	111	1087.264
1.047198	2.356369	3.005869	119	10	117	1087.118
-2.617994	2.295480	1.008277	18	142	125	1087.005
-1.047198	0.674054	1.013609	137	27	19	1086.961
-2.356194	0.864993	2.278281	20	29	0	1086.927
1.047198	1.756530	-2.105156	23	137	26	1086.630
1.308997	1.904882	-1.478089	29	8	32	1086.553
-0.523599	0.591903	2.010408	141	134	30	1086.523
2.879793	2.138223	1.678323	0	26	0	1086.379
-1.308997	1.448123	-2.163292	114	136	10	1086.159
-1.047198	0.297065	2.160177	8	4	36	1085.770
0.785398	2.295480	1.008277	125	4	121	1085.713
-0.785398	1.025536	1.576859	114	129	4	1085.588
-0.523599	1.555207	1.708892	101	1	140	1085.489
0.785398	1.554776	0.100351	6	16	140	1085.446
-2.617994	0.961715	0.014085	132	8	131	1085.365
1.047198	0.709924	0.218797	123	0	132	1085.337
-1.832596	1.450119	-2.739050	134	137	26	1085.276
1.832596	1.256302	0.062705	138	133	131	1085.258
-3.141593	2.104282	-0.813972	9	25	142	1085.178
2.094395	1.025536	1.576859	15	18	3	1085.051
0.000000	0.290380	-0.796960	4	2	34	1085.031
0.261799	0.297065	2.160177	11	9	1	1084.737
0.523599	2.089241	-0.114193	7	122	31	1084.618
0.000000	1.440580	2.260026	136	4	121	1084.613
-2.617994	0.290380	-0.796960	32	11	15	1084.539
0.261799	1.658653	-2.409879	140	14	136	1084.439
-0.785398	1.545873	-1.877082	117	125	0	1084.319
2.356194	1.194549	-0.801900	4	140	39	1084.218
1.308997	1.846342	-1.796954	7	25	132	1084.195
-0.261799	2.724429	-0.348782	5	11	0	1084.005
-0.785398	2.592629	0.909713	112	12	122	1083.792
2.617994	1.741644	-2.695914	14	14	23	1083.779
1.570796	0.709924	0.218797	117	6	30	1083.715
-0.261799	0.496451	0.593859	127	17	143	1083.510
-3.141593	1.510910	-0.740472	108	4	20	1083.430
2.617994	2.180315	-1.357379	127	8	113	1083.410
0.261799	0.591903	2.010408	1	123	25	1083.348
1.047198	1.721184	-0.153948	3	22	133	1083.333
-1.047198	1.504028	0.636812	108	15	123	1083.331
2.094395	0.418037	1.360082	139	17	138	1083.328
-1.047198	1.699788	2.452890	134	23	134	1083.309
-3.141593	2.637879	2.121598	2	24	132	1083.145
1.047198	0.762244	-0.273349	135	8	36	1082.924
-2.094395	1.948085	-2.363031	133	4	29	1082.815
2.356194	1.488617	1.159546	15	23	13	1082.793
-1.047198	1.606104	-0.451151	11	126	33	1082.693
-0.785398	1.721184	-0.153948	101	12	137	1082.359
-1.832596	1.554776	0.100351	127	138	38	1082.263
1.832596	1.599406	1.426070	11	12	139	1082.169
2.356194	2.719179	-1.780644	129	138	115	1081.795
2.094395	1.606104	-0.451151	11	19	33	1081.721
-3.141593	2.033014	2.977192	125	6	114	1081.673
-1.308997	0.709924	0.218797	107	22	141	1081.665
2.879793	0.762244	-0.273349	111	136	19	1081.658
2.617994	1.809167	1.213774	129	2	118	1081.450
-2.094395	2.719179	-1.780644	0	17	143	1081.430
-0.261799	1.194549	-0.801900	131	4	138	1081.378
0.523599	0.290380	-0.796960	15	138	33	1081.291
1.832596	1.569311	-3.003978	139	7	116	1081.146
-2.617994	0.910508	1.903534	132	19	125	1081.092
2.617994	0.458961	-0.107937	118	23	1	1081.091
-0.261799	1.982574	-1.115518	140	3	114	1081.090
2.617994	1.606104	-0.451151	7	135	139	1081.041
-2.879793	1.904882	-1.478089	123	11	112	1080.800
-2.356194	2.579248	-2.364801	136	13	14	1080.753
-1.308997	1.555207	1.708892	121	22	128	1080.699
1.308997	0.899350	-2.069907	2	7	124	1080.615
-1.832596	1.128190	-2.288622	134	0	27	1080.496
-1.570796	0.733948	3.021411	7	124	26	1080.390
0.785398	0.850607	-1.335383	127	12	138	1080.337
-1.308997	1.374601	-2.456031	132	135	28	1080.073
-1.570796	0.709924	0.218797	111	27	141	1080.066
1.832596	1.506530	1.988858	132	13	118	1079.958
1.047198	0.866955	-0.931351	2	127	28	1079.647
-3.141593	2.579248	-2.364801	5	10	126	1079.559
-2.094395	1.510910	-0.740472	12	27	11	1079.543
1.308997	2.664082	-1.071402	125	19	116	1079.482
-3.141593	2.251330	-2.330739	8	15	126	1079.389
-1.308997	1.128190	-2.288622	108	3	9	1079.338
0.785398	0.618092	2.539118	6	9	15	1079.324
-2.617994	2.979456	-1.009304	128	143	120	1079.243
-2.356194	2.588535	-2.976617	136	4	16	1079.102
0.261799	1.025536	1.576859	127	9	4	1079.085
-0.785398	1.555207	1.708892	117	3	117	1078.996
0.523599	2.393226	1.857173	27	11	132	1078.988
0.523599	0.370812	-2.547742	0	138	31	1078.921
1.570796	2.587733	0.232235	130	19	124	1078.838
-1.570796	0.297065	2.160177	12	8	37	1078.769
0.000000	0.080730	-2.622036	117	0	140	1078.576
-1.047198	2.588535	-2.976617	133	24	120	1078.511
2.356194	1.025536	1.576859	15	21	3	1078.445
1.570796	0.379747	-1.713059	3	141	33	1078.245
-1.832596	0.961715	0.014085	13	143	39	1077.844
-2.356194	1.732874	-0.951685	140	1	37	1077.768
1.047198	1.998705	2.370472	130	20	123	1077.667
0.000000	0.571433	-1.188419	6	132	31	1077.604
-2.617994	2.138223	1.678323	134	26	134	1077.520
2.094395	2.153910	-1.714959	127	15	116	1077.384
-2.094395	2.356369	3.005869	14	2	121	1077.239
-2.617994	1.413430	2.550734	120	17	117	1077.201
-2.879793	2.180315	-1.357379	123	13	123	1077.102
-3.141593	1.948085	-2.363031	139	17	33	1077.010
-1.047198	0.914445	2.687814	114	18	132	1076.995
-2.356194	1.113094	-0.272241	115	4	135	1076.922
-3.141593	2.349581	-2.702517	131	4	114	1076.895
-1.570796	1.869911	2.701025	132	11	117	1076.709
-0.261799	1.545873	-1.877082	123	139	12	1076.572
0.261799	0.571433	-1.188419	135	25	7	1076.262
1.570796	2.407836	1.410646	4	14	136	1076.223
-1.308997	2.393226	1.857173	129	26	129	1076.201
-2.879793	1.301460	-0.509251	10	23	12	1075.841
-2.617994	2.393226	1.857173	140	33	143	1075.768
-0.261799	1.683268	0.374177	105	5	130	1075.744
-2.617994	1.662363	0.915448	139	3	115	1075.680
1.047198	1.909857	-0.381669	5	125	140	1075.397
-1.308997	1.168678	2.108595	113	6	25	1075.101
0.000000	1.554776	0.100351	4	138	39	1075.074
2.094395	2.760637	2.781135	127	11	124	1075.051
0.785398	2.153910	-1.714959	33	8	23	1075.022
1.570796	0.618092	2.539118	17	20	22	1075.004
2.094395	1.846342	-1.796954	0	12	34	1074.553
-1.570796	1.766067	2.153843	129	21	122	1074.031
1.308997	1.045978	0.343692	29	132	0	1073.933
1.047198	1.741644	-2.695914	24	1	24	1073.509
0.261799	2.579248	-2.364801	142	123	132	1073.462
1.570796	1.869911	2.701025	5	141	19	1073.405
-0.261799	1.128190	-2.288622	12	1	34	1073.346
-0.261799	2.637879	2.121598	142	24	130	1073.312
2.356194	0.418037	1.360082	119	1	0	1073.043
-1.570796	1.113094	-0.272241	19	12	34	1072.975
-0.785398	2.456751	-1.503343	138	9	113	1072.804
-3.141593	1.440580	2.260026	9	25	13	1072.785
1.308997	1.391910	3.030322	24	128	25	1072.449
-1.047198	1.872854	1.543456	118	23	131	1072.448
-1.047198	0.899350	-2.069907	13	118	142	1072.325
-3.141593	1.846342	-1.796954	20	19	20	1072.306
-3.141593	2.180315	-1.357379	103	5	138	1072.293
-2.617994	1.658653	-2.409879	5	6	27	1072.200
-0.523599	0.203748	0.590255	133	5	34	1071.965
