128	1.2	0
-3.141593	1.756530	-2.105156
-0.230603	1.195398	-0.060641
../4v4m_monomer_m.pdb	87.039	83.669	-87.715
../4v4m_monomer_m.pdb	113.163	-32.780	96.836
0.000000	1.699788	2.452890	23	121	113	1144.534
0.785398	1.025536	1.576859	14	117	103	1030.110
1.047198	1.756530	-2.105156	122	11	122	1022.560
2.879793	1.113094	-0.272241	127	9	112	991.046
-0.261799	1.599406	1.426070	104	0	115	987.755
2.617994	2.299159	2.264663	113	112	21	967.749
-2.094395	1.696674	-1.253233	4	119	26	920.649
-2.356194	2.404280	-0.174044	116	21	113	917.483
2.879793	0.591903	2.010408	12	125	113	912.069
-3.141593	0.297065	2.160177	11	123	112	907.933
-1.308997	2.251330	-2.330739	29	123	21	900.360
2.356194	1.488617	1.159546	18	123	108	893.382
0.785398	1.448123	-2.163292	124	21	6	891.316
-0.785398	2.456751	-1.503343	104	9	122	887.351
-1.570796	1.658653	-2.409879	35	124	11	886.815
-0.523599	1.335669	0.897240	9	19	111	885.357
-1.308997	2.587733	0.232235	104	13	113	878.146
2.617994	0.733948	3.021411	108	19	0	873.969
-1.047198	2.115563	0.685730	109	15	114	873.332
0.785398	1.904882	-1.478089	103	115	3	872.823
-2.617994	1.301460	-0.509251	5	117	19	863.221
-0.261799	0.618092	2.539118	20	16	115	862.044
2.094395	1.014500	0.906702	119	13	112	861.140
-2.879793	0.080730	-2.622036	105	4	121	858.031
2.617994	1.433411	-1.035986	14	119	112	857.680
-2.617994	0.960688	-0.577532	123	11	113	856.389
0.261799	1.872854	1.543456	105	127	115	856.104
-2.356194	0.960688	-0.577532	125	9	107	853.156
1.570796	1.555207	1.708892	117	113	118	852.635
2.617994	1.045978	0.343692	121	10	111	851.364
1.832596	2.407836	1.410646	107	116	15	847.831
2.879793	0.961715	0.014085	123	11	113	847.041
-3.141593	1.824694	1.850876	22	120	127	846.811
-0.261799	0.864993	2.278281	21	17	117	845.959
0.261799	1.247695	1.809890	107	121	120	843.661
-2.879793	1.599406	1.426070	29	0	125	842.438
2.094395	1.195355	1.200319	109	10	109	840.552
-0.785398	1.875281	0.107086	121	18	18	840.283
-1.570796	2.041297	-2.664597	31	120	16	840.234
-1.570796	1.948085	-2.363031	33	125	15	839.523
-0.261799	1.809167	1.213774	103	3	115	836.266
0.000000	1.310100	1.488307	104	122	116	836.260
2.356194	2.637879	2.121598	109	115	19	834.951
0.000000	1.247695	1.809890	2	21	111	832.281
2.879793	2.404280	-0.174044	6	118	27	832.172
-1.308997	0.290380	-0.796960	33	17	124	830.319
-3.141593	1.168678	2.108595	111	22	123	828.621
0.785398	1.417623	-0.202254	125	104	16	825.034
0.523599	1.310100	1.488307	120	29	125	824.320
-3.141593	0.910508	1.903534	14	122	114	824.119
1.308997	1.184361	0.625864	10	3	109	823.926
0.000000	1.440580	2.260026	21	119	110	822.602
-0.523599	0.733948	3.021411	22	17	118	817.811
-1.047198	2.396274	-1.959260	25	126	23	817.145
-2.094395	2.379497	0.561089	9	17	116	816.935
1.047198	1.413347	-1.339188	19	126	29	816.647
0.261799	1.310100	1.488307	126	29	126	815.637
-0.523599	1.809167	1.213774	104	7	115	814.345
0.000000	1.242974	-2.977882	120	25	122	813.384
-1.308997	2.180315	-1.357379	6	23	125	811.224
-2.094395	1.732874	-0.951685	4	124	27	810.947
2.094395	0.379747	-1.713059	106	125	109	810.586
-2.879793	0.961715	0.014085	119	8	110	810.244
-2.879793	2.881233	-2.582574	115	120	26	808.846
-1.308997	2.456751	-1.503343	110	15	119	806.299
-0.261799	1.184361	0.625864	8	17	108	806.213
-0.523599	2.295480	1.008277	28	127	127	805.737
1.832596	1.325504	-1.671296	13	117	119	804.997
-1.047198	1.658653	-2.409879	28	127	4	804.775
-2.356194	2.180315	-1.357379	114	119	22	802.510
2.356194	1.014500	0.906702	112	9	108	801.797
2.094395	1.194549	-0.801900	25	121	124	801.455
1.570796	1.135834	-1.431087	30	127	5	800.247
2.094395	1.488617	1.159546	107	10	112	799.998
2.879793	1.184361	0.625864	110	7	114	799.906
0.000000	2.356369	3.005869	120	14	0	799.345
-2.356194	1.325504	-1.671296	122	110	2	798.922
-1.308997	2.579248	-2.364801	25	122	21	797.971
2.356194	2.247462	0.191623	34	120	1	797.300
-1.832596	0.419640	2.974122	109	121	114	794.698
1.832596	2.295480	1.008277	109	111	14	794.442
0.000000	1.869911	2.701025	116	20	2	793.109
-1.047198	2.073035	2.027405	123	112	13	792.181
2.094395	1.128190	-2.288622	97	1	122	791.899
-2.356194	2.041297	-2.664597	124	18	15	790.619
-0.785398	2.478122	2.609777	123	113	20	790.564
0.000000	0.960688	-0.577532	114	20	111	789.919
-2.094395	1.194549	-0.801900	123	11	111	789.910
-0.523599	2.404280	-0.174044	124	25	127	789.240
2.879793	0.618092	2.539118	112	20	126	788.969
1.832596	1.488617	1.159546	108	112	126	786.428
2.356194	0.831641	0.616218	120	14	113	785.183
-3.141593	1.506530	1.988858	16	118	119	784.924
1.832596	2.393226	1.857173	117	118	25	784.404
-1.570796	2.637879	2.121598	127	103	4	780.677
1.570796	1.904882	-1.478089	110	107	14	780.385
-1.570796	2.349581	-2.702517	28	120	18	780.210
1.570796	2.108018	1.311430	114	20	1	779.656
-3.141593	1.510910	-0.740472	8	102	14	779.265
-3.141593	1.113094	-0.272241	124	10	112	777.814
-0.523599	0.618092	2.539118	23	13	114	777.167
2.879793	2.396274	-1.959260	126	22	116	776.993
1.047198	1.696674	-1.253233	22	123	27	776.759
1.570796	0.615174	-0.666022	103	1	109	775.988
2.094395	1.113094	-0.272241	113	7	104	775.159
2.879793	0.685216	-1.712745	105	116	118	773.542
-2.356194	2.881233	-2.582574	127	18	127	773.237
-2.356194	1.413347	-1.339188	113	1	29	772.924
0.785398	2.979456	-1.009304	116	7	117	772.633
1.832596	0.992645	-1.723759	29	127	9	772.583
-1.047198	1.998705	2.370472	120	114	17	771.881
0.000000	0.910508	1.903534	114	5	107	771.696
-1.047198	2.456751	-1.503343	106	12	122	771.381
0.785398	0.762244	-0.273349	103	10	111	771.364
-0.261799	1.335669	0.897240	5	21	111	771.205
1.047198	1.168678	2.108595	96	17	120	770.802
2.094395	1.658653	-2.409879	98	3	1	770.428
-0.523599	0.864993	2.278281	24	13	116	770.236
0.523599	2.041297	-2.664597	119	15	125	770.054
-0.785398	0.618092	2.539118	25	9	114	769.371
-2.617994	2.187132	-0.479875	26	120	122	768.997
-2.879793	0.370812	-2.547742	103	126	122	767.889
1.308997	0.992645	-1.723759	27	126	8	766.952
-0.785398	2.174483	2.653697	127	116	23	766.844
0.000000	0.640596	-2.797608	123	25	117	766.477
-2.356194	1.504028	0.636812	122	24	122	766.008
-2.617994	0.906588	1.252948	110	21	120	765.869
-3.141593	0.685216	-1.712745	109	115	118	765.276
1.047198	2.379497	0.561089	111	119	18	764.889
-2.617994	2.349581	-2.702517	94	120	5	764.249
2.356194	2.393226	1.857173	111	115	21	763.978
1.832596	1.195355	1.200319	116	15	113	762.776
-1.570796	0.419640	2.974122	111	120	114	761.331
1.570796	1.417623	-0.202254	4	122	105	761.179
0.785398	1.545873	-1.877082	123	19	8	760.731
0.261799	1.050534	3.042579	126	23	112	760.436
-2.094395	2.456751	-1.503343	110	122	24	760.395
1.832596	2.379497	0.561089	105	13	123	760.050
-1.570796	0.618092	2.539118	97	118	126	759.895
-1.570796	1.374601	-2.456031	36	124	5	758.733
-0.261799	1.014500	0.906702	4	16	105	758.391
-0.523599	0.906588	1.252948	8	12	104	757.693
-2.356194	2.478122	2.609777	126	111	107	756.850
2.617994	1.367556	0.358405	115	10	115	756.823
2.356194	1.128190	-2.288622	98	124	122	756.236
1.832596	1.809167	1.213774	108	113	5	755.850
1.047198	2.180315	-1.357379	109	111	125	755.224
-2.094395	2.180315	-1.357379	113	121	23	755.020
-1.308997	2.041297	-2.664597	25	121	6	754.703
-0.785398	2.299159	2.264663	121	112	13	753.862
-3.141593	0.914445	2.687814	103	17	124	753.810
1.047198	0.615174	-0.666022	103	6	110	753.758
-1.308997	0.929350	-2.910676	29	5	119	753.273
-2.094395	2.664082	-1.071402	118	3	32	752.927
1.308997	2.592629	0.909713	111	118	19	752.524
0.261799	1.413430	2.550734	28	118	118	752.433
-2.879793	1.574060	2.783565	121	101	17	751.971
-2.094395	1.325504	-1.671296	3	19	8	751.946
1.832596	2.108018	1.311430	106	114	9	751.859
2.094395	1.433411	-1.035986	29	2	126	751.819
2.094395	0.640596	-2.797608	112	119	20	751.325
2.094395	2.041297	-2.664597	98	7	5	751.204
-2.617994	1.662363	0.915448	0	26	121	750.949
-0.261799	2.187132	-0.479875	111	11	113	750.343
-3.141593	0.618092	2.539118	107	18	127	750.339
0.785398	0.571433	-1.188419	120	17	5	750.183
-1.832596	2.299159	2.264663	125	103	11	750.152
-2.617994	0.961715	0.014085	116	7	111	749.710
1.047198	1.846342	-1.796954	122	11	123	749.626
0.261799	1.194549	-0.801900	9	117	35	749.069
0.523599	1.948085	-2.363031	118	15	125	748.842
0.000000	2.089241	-0.114193	18	15	119	748.681
1.832596	0.906588	1.252948	110	115	116	748.665
1.570796	0.370812	-2.547742	119	109	7	747.893
-1.570796	1.450119	-2.739050	124	7	25	747.698
-2.356194	1.113094	-0.272241	123	6	106	747.616
-0.785398	1.977582	0.969896	108	11	111	747.383
0.000000	1.195355	1.200319	32	7	125	747.226
1.308997	2.164094	-2.991358	108	12	123	747.079
0.785398	1.721184	-0.153948	125	102	14	747.072
2.356194	0.899350	-2.069907	104	123	115	746.177
-1.832596	2.404280	-0.174044	113	9	22	745.606
0.000000	1.555207	1.708892	107	126	115	745.602
-2.094395	2.407836	1.410646	120	106	124	745.428
-1.308997	2.407836	1.410646	2	9	106	745.343
2.094395	1.599406	1.426070	103	112	123	745.188
0.785398	2.396274	-1.959260	105	113	16	745.162
-0.523599	2.760637	2.781135	117	110	14	744.689
0.261799	1.440580	2.260026	0	24	115	744.445
-2.094395	2.001437	0.381215	113	21	116	743.525
1.570796	1.325504	-1.671296	30	127	5	743.299
-1.308997	1.113094	-0.272241	19	11	110	742.678
-1.047198	2.299159	2.264663	114	112	12	742.633
-0.523599	0.992645	-1.723759	0	24	113	742.473
2.094395	1.875281	0.107086	112	112	18	741.598
-2.094395	2.404280	-0.174044	111	19	114	741.596
0.261799	1.824694	1.850876	108	0	114	741.410
-1.832596	2.379497	0.561089	8	14	111	740.881
-2.879793	1.998705	2.370472	22	119	4	740.491
-2.356194	1.433411	-1.035986	5	117	23	740.359
1.570796	2.164094	-2.991358	105	11	126	739.626
-0.785398	2.579248	-2.364801	119	104	18	739.093
-1.308997	0.733948	3.021411	28	3	115	739.028
2.356194	1.310100	1.488307	11	126	104	738.970
-0.785398	1.128190	-2.288622	33	6	2	738.690
-0.261799	0.290380	-0.796960	118	111	2	738.343
0.261799	1.998705	2.370472	26	124	114	738.178
0.785398	1.135834	-1.431087	18	125	31	737.976
2.617994	0.864993	2.278281	124	21	118	737.365
-0.523599	2.115563	0.685730	26	2	119	737.112
-0.261799	1.488617	1.159546	1	22	110	737.039
-0.261799	1.870545	-2.976234	5	22	5	736.512
2.879793	2.760637	2.781135	112	116	23	736.413
0.000000	0.914445	2.687814	25	109	125	736.147
-0.523599	2.478122	2.609777	121	112	16	736.118
2.879793	1.045978	0.343692	117	9	110	736.026
-3.141593	0.571433	-1.188419	2	8	102	735.595
-3.141593	1.948085	-2.363031	117	104	17	735.494
1.570796	1.683268	0.374177	103	118	13	735.427
-1.570796	2.356369	3.005869	21	118	126	735.182
-0.785398	2.187132	-0.479875	105	127	19	735.090
1.832596	0.929350	-2.910676	111	123	22	735.000
-2.617994	1.812176	0.656819	5	26	123	734.852
-2.617994	1.367556	0.358405	104	5	119	734.823
-2.356194	1.869911	2.701025	25	115	3	734.676
-1.047198	0.733948	3.021411	27	7	116	734.499
0.261799	0.910508	1.903534	14	23	120	734.174
-0.785398	2.760637	2.781135	118	110	19	734.033
0.000000	1.599406	1.426070	104	125	116	733.828
1.308997	1.325504	-1.671296	21	4	29	733.805
0.785398	1.836682	-0.676006	12	109	25	733.736
-2.879793	1.335669	0.897240	7	24	125	733.449
2.094395	1.448123	-2.163292	98	1	0	733.237
-1.832596	2.456751	-1.503343	5	13	118	732.832
-0.785398	2.379497	0.561089	102	6	112	732.774
-2.617994	1.335669	0.897240	1	25	126	732.621
-1.832596	1.134796	2.434290	5	8	121	732.132
2.879793	0.733948	3.021411	116	116	21	731.321
1.308997	1.413347	-1.339188	28	125	2	730.735
-1.308997	2.404280	-0.174044	122	11	26	729.891
0.000000	1.218453	2.777284	123	29	1	729.828
-0.261799	1.413430	2.550734	10	27	7	729.641
-2.879793	1.510910	-0.740472	11	103	14	729.484
-0.261799	1.247695	1.809890	7	26	127	729.457
-2.094395	1.214854	-1.966664	43	0	3	729.355
-2.879793	0.899350	-2.069907	109	112	123	729.326
-1.047198	1.135813	-2.658866	3	10	23	729.313
0.785398	1.683268	0.374177	94	5	12	729.251
-1.047198	0.914445	2.687814	27	6	116	729.249
-0.523599	2.664082	-1.071402	108	10	116	729.006
-2.879793	1.846342	-1.796954	126	105	17	728.585
-1.308997	2.247462	0.191623	114	19	19	728.483
-1.308997	1.658653	-2.409879	36	1	10	728.391
-3.141593	1.417623	-0.202254	3	109	15	728.340
1.570796	1.025536	1.576859	96	2	112	727.729
0.000000	1.413430	2.550734	24	119	114	727.654
1.570796	1.504028	0.636812	120	104	2	727.609
0.261799	1.433411	-1.035986	13	113	31	727.562
-0.523599	0.914445	2.687814	23	18	120	727.308
-2.094395	2.724429	-0.348782	108	19	114	727.070
1.308997	1.135834	-1.431087	126	10	121	726.805
-1.570796	2.164094	-2.991358	17	110	0	726.717
2.094395	2.407836	1.410646	109	111	15	726.684
-1.832596	2.393226	1.857173	124	103	4	726.162
-0.261799	2.153910	-1.714959	103	125	121	726.079
-1.047198	1.617114	-1.572037	34	10	15	726.046
-1.832596	0.831641	0.616218	108	122	110	725.606
-1.570796	0.929350	-2.910676	31	127	119	725.477
1.047198	1.184361	0.625864	12	1	110	725.315
1.570796	2.587733	0.232235	107	14	123	725.247
0.000000	2.033014	2.977192	120	18	0	724.950
0.000000	1.050534	3.042579	123	27	122	724.914
1.308997	0.290380	-0.796960	107	2	107	724.740
2.617994	1.113094	-0.272241	0	9	112	724.650
0.261799	0.866955	-0.931351	105	20	115	724.598
-2.094395	1.504028	0.636812	116	23	123	724.484
-1.570796	2.001437	0.381215	4	5	20	724.411
0.000000	1.569311	-3.003978	120	25	1	724.387
-3.141593	1.909857	-0.381669	120	121	22	724.058
2.879793	1.872854	1.543456	109	102	7	724.036
-2.094395	0.418037	1.360082	18	123	110	723.729
-1.570796	0.910508	1.903534	30	119	116	723.728
1.308997	2.455966	-0.641220	25	113	17	723.563
2.879793	1.488617	1.159546	17	126	109	723.531
1.832596	1.135834	-1.431087	31	0	5	723.505
-1.308997	2.153910	-1.714959	109	14	124	723.324
1.832596	1.870545	-2.976234	94	11	5	723.248
0.785398	0.906588	1.252948	106	14	109	722.679
2.879793	1.909857	-0.381669	116	119	22	722.578
-1.308997	1.998705	2.370472	106	116	15	722.240
-1.570796	1.870545	-2.976234	24	122	0	722.123
2.356194	0.379747	-1.713059	107	124	109	722.109
-2.356194	0.700570	1.559208	21	118	114	721.801
1.832596	1.554776	0.100351	127	109	16	721.796
0.261799	2.704512	1.488683	123	115	9	721.421
2.094395	1.325504	-1.671296	32	5	5	721.234
-1.047198	0.618092	2.539118	119	123	106	721.197
-1.832596	1.391910	3.030322	122	0	26	721.135
-3.141593	1.050534	3.042579	117	116	23	721.020
2.617994	0.831641	0.616218	118	12	112	720.915
-2.879793	2.108018	1.311430	110	101	12	720.888
2.879793	2.104282	-0.813972	2	103	20	720.647
1.832596	1.872854	1.543456	99	116	0	719.797
0.000000	1.872854	1.543456	106	2	114	719.528
0.000000	1.335669	0.897240	123	20	106	719.438
-3.141593	1.045978	0.343692	116	7	110	719.122
-2.879793	2.153910	-1.714959	1	108	24	719.075
-1.570796	0.203748	0.590255	120	110	7	718.844
1.570796	1.194549	-0.801900	23	123	125	718.830
-1.570796	0.906588	1.252948	29	119	115	718.627
0.523599	0.458961	-0.107937	108	8	107	718.604
2.356194	1.658653	-2.409879	93	127	9	718.593
-1.308997	1.982574	-1.115518	118	19	121	718.518
-2.094395	0.906588	1.252948	26	118	115	718.500
2.617994	2.456751	-1.503343	4	110	30	718.496
0.261799	1.025536	1.576859	113	19	112	718.473
-2.356194	0.866955	-0.931351	30	126	114	718.464
2.617994	1.134796	2.434290	117	21	118	718.443
-2.879793	1.367556	0.358405	106	6	119	718.431
0.000000	2.588535	-2.976617	116	113	19	717.927
1.308997	0.615174	-0.666022	103	3	109	717.916
-2.356194	1.128190	-2.288622	4	9	117	717.668
1.308997	1.168678	2.108595	93	14	120	717.582
-2.617994	0.615174	-0.666022	1	11	104	717.561
-3.141593	0.700570	1.559208	17	124	112	717.331
-0.261799	1.569311	-3.003978	5	23	0	717.320
1.832596	1.184361	0.625864	1	13	115	717.091
1.308997	0.850607	-1.335383	26	121	10	716.971
-0.523599	1.488617	1.159546	31	7	118	716.595
-1.570796	1.050534	3.042579	29	125	118	716.469
-1.832596	2.396274	-1.959260	2	14	120	716.156
-0.785398	1.998705	2.370472	0	114	17	716.098
-0.261799	0.992645	-1.723759	123	23	113	715.659
2.879793	0.960688	-0.577532	4	10	114	715.615
0.000000	0.992645	-1.723759	123	25	118	715.471
0.523599	1.506530	1.988858	31	0	117	715.436
2.879793	0.709924	0.218797	117	17	124	715.285
-0.523599	1.836682	-0.676006	120	125	24	715.174
0.261799	0.850607	-1.335383	112	20	112	714.695
2.356194	1.374601	-2.456031	105	13	2	714.687
-2.617994	1.134497	-1.109631	2	11	114	714.543
0.261799	2.164094	-2.991358	9	107	16	714.457
-1.047198	2.247462	0.191623	1	115	15	714.285
-3.141593	0.762244	-0.273349	119	112	4	714.145
-2.879793	0.674054	1.013609	30	6	120	714.095
-2.356194	0.685216	-1.712745	32	2	113	713.908
1.832596	0.700570	1.559208	5	20	114	713.570
-2.879793	1.836682	-0.676006	12	105	19	713.329
1.832596	2.001437	0.381215	101	13	121	713.201
-2.094395	1.433411	-1.035986	2	11	112	712.992
-1.832596	1.824694	1.850876	102	116	10	712.777
2.356194	1.812176	0.656819	30	117	123	712.763
2.879793	2.455966	-0.641220	11	110	118	712.762
-1.832596	1.977582	0.969896	5	19	118	712.672
-1.832596	1.448123	-2.163292	2	14	117	712.461
2.356194	1.113094	-0.272241	113	5	105	712.151
-2.356194	1.256302	0.062705	121	2	104	712.122
-0.785398	1.195355	1.200319	13	13	107	711.913
-0.523599	1.301460	-0.509251	125	25	116	711.892
-2.879793	0.960688	-0.577532	126	12	114	711.452
2.356194	1.218453	2.777284	24	125	6	711.155
2.879793	0.831641	0.616218	115	10	112	711.135
-2.094395	1.256302	0.062705	121	3	104	710.999
0.785398	2.456751	-1.503343	102	115	3	710.859
0.523599	0.850607	-1.335383	124	123	32	710.800
-0.523599	1.909857	-0.381669	123	25	118	710.592
-1.832596	1.904882	-1.478089	14	15	121	710.424
-2.879793	1.699788	2.452890	122	101	18	709.957
0.785398	2.724429	-0.348782	117	21	1	709.918
2.879793	2.299159	2.264663	120	112	29	709.871
0.261799	1.335669	0.897240	119	20	106	709.692
-0.785398	0.914445	2.687814	26	11	118	709.679
1.832596	1.045978	0.343692	9	6	110	709.622
-3.141593	2.089241	-0.114193	9	115	24	709.617
2.094395	0.929350	-2.910676	104	122	20	709.609
0.523599	1.433411	-1.035986	16	116	32	709.596
-2.356194	1.242974	-2.977882	9	10	126	709.317
1.047198	1.025536	1.576859	114	112	125	709.069
2.879793	1.433411	-1.035986	9	125	28	708.699
1.832596	2.984978	1.954446	106	121	22	708.256
-1.308997	0.864993	2.278281	26	119	110	708.189
-1.832596	2.180315	-1.357379	121	120	23	708.076
0.261799	1.599406	1.426070	105	124	116	708.063
-1.308997	1.836682	-0.676006	4	21	120	708.029
1.047198	1.766067	2.153843	98	5	127	707.911
0.523599	2.180315	-1.357379	100	118	1	707.866
0.523599	1.998705	2.370472	105	14	0	707.722
-1.832596	0.866395	-2.492918	115	107	18	707.273
-2.617994	1.732874	-0.951685	14	107	20	707.009
2.879793	1.256302	0.062705	120	7	109	706.993
1.570796	1.256302	0.062705	5	125	105	706.984
2.617994	2.041297	-2.664597	99	121	4	706.971
0.523599	1.732874	-0.951685	17	110	28	706.766
-2.356194	2.164094	-2.991358	100	114	125	706.750
1.832596	1.214854	-1.966664	31	2	8	706.130
-1.570796	0.571433	-1.188419	24	3	109	705.876
1.832596	0.960688	-0.577532	24	118	124	705.740
-0.261799	2.407836	1.410646	125	115	10	705.637
1.308997	1.875281	0.107086	103	121	18	705.543
1.047198	1.869911	2.701025	99	8	1	705.508
2.094395	1.367556	0.358405	125	110	11	705.460
1.047198	1.135834	-1.431087	118	16	11	705.365
-3.141593	0.591903	2.010408	11	121	113	705.216
-2.879793	1.301460	-0.509251	0	110	13	704.985
0.785398	1.168678	2.108595	95	22	2	704.946
-0.523599	1.195355	1.200319	5	16	106	704.860
2.356194	1.325504	-1.671296	32	6	5	704.726
1.570796	1.488617	1.159546	100	116	125	704.715
-1.832596	1.812176	0.656819	110	19	115	704.670
-0.261799	0.419640	2.974122	17	16	112	704.648
-3.141593	1.545873	-1.877082	117	101	9	704.446
2.879793	1.599406	1.426070	12	126	108	704.284
-1.308997	0.700570	1.559208	127	5	105	704.242
0.000000	1.574060	2.783565	28	114	124	704.151
-0.785398	2.247462	0.191623	118	16	23	704.013
-0.261799	2.455966	-0.641220	112	10	114	703.787
-2.356194	0.379747	-1.713059	28	6	111	703.455
0.261799	1.168678	2.108595	20	118	108	702.930
1.832596	1.662363	0.915448	109	111	4	702.854
1.570796	0.685216	-1.712745	127	9	120	702.750
0.785398	0.496451	0.593859	103	123	108	702.721
2.617994	2.108018	1.311430	11	14	110	702.531
-2.356194	1.836682	-0.676006	1	123	25	702.359
-2.356194	2.979456	-1.009304	102	14	113	702.322
0.261799	1.836682	-0.676006	108	117	24	701.923
-2.094395	1.014500	0.906702	104	120	119	701.893
-2.356194	0.850607	-1.335383	1	18	4	701.768
-3.141593	1.766067	2.153843	20	120	127	701.587
1.047198	1.325504	-1.671296	28	126	2	701.345
-1.832596	1.545873	-1.877082	1	13	115	701.311
0.261799	0.619654	-2.216909	2	28	121	701.303
-1.308997	1.504028	0.636812	124	20	7	701.170
0.000000	1.504028	0.636812	127	23	112	701.170
1.570796	1.812176	0.656819	1	12	117	701.117
-0.261799	1.766067	2.153843	4	115	17	701.085
-0.785398	1.836682	-0.676006	113	16	115	701.084
-2.879793	0.700570	1.559208	16	117	114	701.065
0.523599	1.569311	-3.003978	23	4	124	700.913
-1.570796	0.640596	-2.797608	27	127	113	700.627
-2.094395	2.704512	1.488683	124	104	125	700.539
2.879793	1.310100	1.488307	12	3	108	700.368
2.356194	1.391910	3.030322	109	14	115	700.161
0.000000	1.683268	0.374177	121	25	116	699.957
1.047198	0.290380	-0.796960	107	4	107	699.639
-2.356194	1.982574	-1.115518	7	111	19	699.363
-2.617994	1.128190	-2.288622	122	109	115	699.359
-2.356194	2.001437	0.381215	32	3	118	699.356
-2.879793	2.393226	1.857173	28	124	6	699.241
0.523599	2.343981	-1.040456	102	123	121	699.130
0.000000	0.929350	-2.910676	119	25	116	698.910
-1.047198	2.001437	0.381215	26	9	118	698.847
1.570796	0.992645	-1.723759	29	127	9	698.745
2.356194	1.045978	0.343692	125	13	115	698.729
2.356194	0.929350	-2.910676	117	120	23	698.661
-2.879793	1.872854	1.543456	30	126	126	698.602
-2.879793	1.014500	0.906702	105	2	112	698.531
1.570796	2.704512	1.488683	117	20	5	698.496
1.047198	0.961715	0.014085	125	103	14	698.357
2.356194	1.184361	0.625864	116	10	111	698.285
-0.261799	0.379747	-1.713059	106	22	116	698.002
1.570796	0.762244	-0.273349	100	0	110	697.902
-1.308997	1.948085	-2.363031	33	125	16	697.872
-0.261799	0.910508	1.903534	113	1	108	697.707
-2.094395	1.113094	-0.272241	118	7	109	697.706
1.308997	1.696674	-1.253233	21	127	27	697.631
-1.570796	1.741644	-2.695914	33	125	6	697.488
2.617994	0.591903	2.010408	11	122	113	697.422
-0.261799	2.063651	-2.044600	103	123	123	697.343
2.879793	1.766067	2.153843	109	103	8	696.971
2.356194	1.134796	2.434290	120	21	119	696.804
1.832596	1.194549	-0.801900	27	126	125	696.693
-0.523599	0.615174	-0.666022	11	10	108	696.631
-0.261799	1.417623	-0.202254	117	25	117	696.604
-1.308997	1.756530	-2.105156	34	2	13	696.496
-0.261799	1.554776	0.100351	0	23	113	696.456
-1.570796	1.569311	-3.003978	112	4	24	696.336
2.879793	0.080730	-2.622036	116	0	103	696.238
0.261799	0.640596	-2.797608	113	26	120	695.866
-1.832596	2.356369	3.005869	115	6	108	695.797
-0.785398	1.310100	1.488307	10	14	107	695.780
-1.308997	1.025536	1.576859	1	6	19	695.691
-0.261799	0.370812	-2.547742	125	23	112	695.560
0.785398	1.134497	-1.109631	13	121	33	695.188
-0.261799	1.367556	0.358405	6	22	113	695.162
-2.094395	0.709924	0.218797	21	123	107	694.971
-2.879793	2.187132	-0.479875	123	24	118	694.968
-1.570796	1.014500	0.906702	31	120	116	694.797
-2.617994	0.864993	2.278281	101	16	123	694.675
-0.523599	1.736875	3.023612	3	123	26	694.628
2.356194	1.545873	-1.877082	32	6	6	694.314
-0.785398	1.909857	-0.381669	0	24	118	694.017
-0.785398	0.906588	1.252948	29	3	111	694.017
2.879793	0.899350	-2.069907	106	116	117	694.007
-2.356194	1.134497	-1.109631	0	12	114	693.950
-1.308997	0.496451	0.593859	122	107	126	693.776
2.617994	1.014500	0.906702	110	6	107	693.442
2.094395	0.899350	-2.069907	102	127	116	693.305
0.000000	2.001437	0.381215	100	12	16	692.865
1.308997	2.174483	2.653697	100	5	0	692.779
1.832596	2.247462	0.191623	111	11	119	692.604
0.523599	1.025536	1.576859	13	114	103	692.583
1.832596	1.417623	-0.202254	122	9	112	692.181
0.785398	1.433411	-1.035986	15	117	31	691.784
1.570796	0.571433	-1.188419	102	3	112	691.744
2.617994	2.073035	2.027405	111	109	17	691.680
-0.523599	1.014500	0.906702	6	15	106	691.628
-3.141593	0.961715	0.014085	119	9	111	691.616
0.000000	1.741644	-2.695914	2	21	1	691.570
-0.261799	1.045978	0.343692	6	19	112	691.505
-0.261799	0.762244	-0.273349	118	18	106	691.503
-1.047198	0.929350	-2.910676	10	100	2	691.409
2.356194	2.455966	-0.641220	23	12	117	691.337
-1.308997	2.455966	-0.641220	4	123	24	690.935
1.047198	2.174483	2.653697	100	14	4	690.835
-0.261799	1.113094	-0.272241	29	8	115	690.751
2.356194	1.417623	-0.202254	25	0	116	690.514
0.000000	2.863997	0.549740	113	10	30	690.492
-0.785398	2.455966	-0.641220	115	24	4	690.416
-2.617994	2.073035	2.027405	122	103	21	690.407
-2.879793	2.104282	-0.813972	9	106	20	690.265
1.047198	1.545873	-1.877082	119	17	10	690.059
-1.832596	0.458961	-0.107937	34	15	123	689.643
2.356194	1.256302	0.062705	3	114	17	689.584
1.047198	1.617114	-1.572037	106	112	4	689.365
-0.261799	0.866955	-0.931351	8	17	112	689.312
1.570796	1.413347	-1.339188	30	0	2	689.305
-0.523599	2.247462	0.191623	127	19	23	689.085
0.785398	0.866395	-2.492918	100	127	18	688.703
1.832596	1.374601	-2.456031	94	117	122	688.692
-1.832596	1.134497	-1.109631	6	12	103	688.649
-1.308997	2.001437	0.381215	27	9	118	688.548
1.047198	2.001437	0.381215	95	0	16	688.454
2.094395	1.574060	2.783565	125	19	112	688.431
-2.879793	1.909857	-0.381669	123	124	23	688.430
-2.094395	1.184361	0.625864	103	122	121	688.373
0.000000	2.984978	1.954446	2	17	112	688.360
-2.094395	1.836682	-0.676006	5	127	26	688.360
2.094395	2.247462	0.191623	109	8	118	688.302
2.617994	0.619654	-2.216909	107	122	111	688.170
-1.570796	0.591903	2.010408	127	9	117	688.158
0.261799	2.356369	3.005869	118	15	0	688.106
-1.832596	1.450119	-2.739050	109	107	1	687.823
-1.832596	2.349581	-2.702517	104	109	0	687.778
2.094395	0.992645	-1.723759	31	1	9	687.762
-1.047198	0.864993	2.278281	119	126	105	687.756
-0.261799	2.001437	0.381215	24	9	117	687.717
-0.261799	1.440580	2.260026	9	27	7	687.652
-1.570796	0.850607	-1.335383	17	0	101	687.619
-2.879793	0.591903	2.010408	12	121	113	687.575
2.094395	1.721184	-0.153948	105	118	18	687.496
0.785398	2.343981	-1.040456	100	118	126	687.406
0.000000	0.899350	-2.069907	116	20	108	687.217
0.000000	1.045978	0.343692	1	22	114	686.872
0.523599	1.824694	1.850876	109	0	113	686.825
2.879793	1.134497	-1.109631	114	123	26	686.616
-2.356194	1.488617	1.159546	9	11	111	686.609
-3.141593	2.063651	-2.044600	123	105	21	686.497
0.523599	0.762244	-0.273349	105	13	110	686.464
2.356194	0.866395	-2.492918	103	126	112	686.046
1.570796	0.850607	-1.335383	29	127	7	685.973
-3.141593	1.135834	-1.431087	123	4	111	685.923
0.261799	0.571433	-1.188419	112	20	112	685.825
0.261799	2.138223	1.678323	106	3	114	685.769
2.094395	2.001437	0.381215	110	10	118	685.740
-2.094395	0.700570	1.559208	24	120	114	685.688
-2.617994	1.606104	-0.451151	4	120	21	685.376
1.570796	1.977582	0.969896	111	20	124	685.359
-2.094395	2.356369	3.005869	26	118	10	685.283
0.523599	2.724429	-0.348782	121	23	0	685.258
-0.523599	1.367556	0.358405	12	17	110	685.254
-0.261799	1.195355	1.200319	6	18	108	685.233
2.879793	2.984978	1.954446	100	4	32	684.901
-1.832596	1.683268	0.374177	33	118	120	684.865
1.832596	2.180315	-1.357379	115	104	17	684.735
2.094395	0.674054	1.013609	6	16	110	684.407
-0.523599	1.977582	0.969896	101	7	116	684.400
2.094395	2.174483	2.653697	106	13	112	684.398
1.570796	2.724429	-0.348782	26	112	12	684.353
-1.308997	0.866955	-0.931351	28	126	9	684.335
2.879793	1.606104	-0.451151	114	118	19	684.138
0.261799	2.187132	-0.479875	106	113	18	684.057
0.261799	2.760637	2.781135	25	0	114	683.815
0.000000	1.184361	0.625864	1	26	119	683.684
-2.617994	2.637879	2.121598	27	122	6	683.546
0.000000	2.247462	0.191623	112	15	23	683.494
0.000000	0.591903	2.010408	106	6	120	683.477
-3.141593	0.418037	1.360082	17	124	112	683.405
-1.832596	1.218453	2.777284	31	115	123	683.297
1.308997	1.214854	-1.966664	124	13	125	683.133
-1.308997	2.979456	-1.009304	111	124	25	682.969
2.879793	1.448123	-2.163292	114	99	3	682.930
-1.832596	2.251330	-2.330739	1	15	124	682.797
2.617994	0.379747	-1.713059	102	0	123	682.633
-2.879793	1.045978	0.343692	110	7	116	682.494
1.570796	1.310100	1.488307	27	7	114	682.468
-3.141593	1.440580	2.260026	20	119	127	682.384
2.094395	1.417623	-0.202254	116	10	116	682.377
0.785398	2.719179	-1.780644	98	127	31	682.329
-0.785398	2.356369	3.005869	114	117	24	682.288
-3.141593	1.756530	-2.105156	22	123	125	682.199
-3.141593	1.247695	1.809890	23	124	123	682.130
-3.141593	2.180315	-1.357379	33	11	2	682.070
2.879793	1.732874	-0.951685	122	99	4	682.068
2.617994	1.194549	-0.801900	13	124	108	682.067
-1.047198	1.014500	0.906702	126	116	103	681.640
-2.094395	1.569311	-3.003978	15	12	18	681.636
-2.356194	0.419640	2.974122	104	1	119	681.589
1.570796	2.295480	1.008277	112	19	127	681.578
1.832596	1.242974	-2.977882	102	1	23	681.468
-3.141593	2.349581	-2.702517	119	108	8	681.409
-1.570796	2.063651	-2.044600	15	21	1	681.372
-0.261799	1.025536	1.576859	11	24	120	681.324
1.308997	2.407836	1.410646	120	22	4	681.281
-2.094395	2.719179	-1.780644	115	120	25	681.188
2.094395	2.984978	1.954446	112	119	24	681.161
2.617994	0.685216	-1.712745	102	118	118	681.158
1.047198	0.866395	-2.492918	100	126	19	681.127
0.000000	1.135834	-1.431087	112	26	121	681.101
-0.785398	1.766067	2.153843	15	8	107	681.017
0.261799	0.914445	2.687814	119	26	118	680.988
1.570796	2.407836	1.410646	113	20	3	680.879
-0.261799	2.760637	2.781135	118	111	22	680.732
0.261799	0.899350	-2.069907	102	21	118	680.702
0.261799	2.089241	-0.114193	12	17	119	680.639
-1.570796	1.909857	-0.381669	4	5	106	680.270
-1.047198	2.180315	-1.357379	109	14	122	680.005
2.094395	0.961715	0.014085	10	4	109	679.880
-1.832596	1.510910	-0.740472	12	18	122	679.691
-1.832596	2.587733	0.232235	13	19	114	679.570
-2.094395	1.756530	-2.105156	9	13	123	679.545
-1.308997	1.741644	-2.695914	26	126	0	679.397
0.523599	0.700570	1.559208	102	6	121	679.236
-3.141593	2.704512	1.488683	27	122	8	679.200
2.617994	1.909857	-0.381669	112	119	21	679.198
0.261799	1.554776	0.100351	17	118	119	679.176
2.356194	1.721184	-0.153948	107	117	17	679.156
1.570796	2.664082	-1.071402	109	3	118	679.119
1.832596	1.014500	0.906702	114	15	108	678.953
0.000000	0.866955	-0.931351	115	21	111	678.929
-3.141593	2.478122	2.609777	110	106	17	678.801
2.094395	1.736875	3.023612	98	114	3	678.799
-2.094395	2.089241	-0.114193	29	123	121	678.777
-0.261799	0.733948	3.021411	18	19	117	678.594
0.785398	2.180315	-1.357379	103	116	1	678.246
0.785398	0.458961	-0.107937	107	6	107	678.163
-2.617994	1.045978	0.343692	108	5	115	678.130
-2.617994	1.113094	-0.272241	122	8	110	677.841
-1.047198	2.760637	2.781135	25	116	122	677.639
-1.047198	2.379497	0.561089	111	20	117	677.607
1.308997	1.417623	-0.202254	112	104	12	677.505
-2.617994	1.998705	2.370472	23	115	1	677.483
-1.570796	1.135813	-2.658866	126	10	21	677.420
0.785398	0.709924	0.218797	106	15	113	677.358
0.523599	1.335669	0.897240	12	3	109	677.151
1.832596	1.413347	-1.339188	31	1	2	677.020
-0.523599	2.455966	-0.641220	114	13	114	676.856
2.879793	1.242974	-2.977882	99	10	126	676.730
-1.047198	0.297065	2.160177	107	123	112	676.690
-2.356194	1.510910	-0.740472	7	120	23	676.537
1.308997	2.724429	-0.348782	14	1	112	676.410
1.570796	2.001437	0.381215	115	19	125	676.143
-0.261799	0.899350	-2.069907	1	25	117	676.094
0.000000	0.618092	2.539118	16	19	115	676.074
0.000000	1.128190	-2.288622	126	26	121	676.066
-2.094395	1.510910	-0.740472	1	8	109	675.996
-0.785398	2.881233	-2.582574	116	7	118	675.860
2.356194	1.875281	0.107086	110	110	17	675.785
1.832596	1.982574	-1.115518	27	4	121	675.409
1.047198	0.850607	-1.335383	117	16	10	675.396
-0.261799	1.699788	2.452890	23	116	114	675.313
-2.356194	2.247462	0.191623	120	25	119	675.146
1.047198	1.606104	-0.451151	9	110	27	675.094
-1.047198	1.766067	2.153843	1	114	17	674.919
0.785398	1.218453	2.777284	41	123	123	674.611
2.356194	0.615174	-0.666022	123	9	102	674.603
2.879793	1.374601	-2.456031	111	101	13	674.544
2.617994	1.554776	0.100351	114	107	11	674.530
2.617994	0.458961	-0.107937	2	13	105	674.384
-0.261799	2.343981	-1.040456	104	6	119	674.203
-2.879793	2.073035	2.027405	24	118	4	674.189
1.308997	1.948085	-2.363031	99	7	2	674.118
-3.141593	1.617114	-1.572037	122	100	3	674.018
-1.832596	1.128190	-2.288622	28	118	118	673.969
-1.308997	1.135813	-2.658866	8	101	3	673.957
-1.570796	2.579248	-2.364801	124	17	126	673.334
-1.308997	0.619654	-2.216909	13	4	100	673.287
-1.832596	1.413347	-1.339188	116	6	30	673.168
-2.356194	0.992645	-1.723759	117	9	116	673.078
-2.356194	1.732874	-0.951685	15	110	20	672.773
-3.141593	0.864993	2.278281	11	123	114	672.747
-2.356194	1.948085	-2.363031	1	101	10	672.682
0.000000	2.979456	-1.009304	122	20	3	672.531
1.570796	1.440580	2.260026	123	124	105	672.432
-2.094395	0.571433	-1.188419	28	4	113	672.415
-3.141593	0.080730	-2.622036	117	127	103	672.370
2.094395	1.184361	0.625864	121	13	113	672.297
-2.356194	1.391910	3.030322	110	14	109	672.290
-1.832596	2.247462	0.191623	109	18	115	672.176
0.523599	2.979456	-1.009304	116	9	116	672.053
-1.308997	0.618092	2.539118	117	123	106	672.029
-0.261799	1.218453	2.777284	9	28	2	671.965
2.356194	0.960688	-0.577532	1	8	112	671.763
2.879793	0.370812	-2.547742	110	124	107	671.697
-0.785398	1.662363	0.915448	101	9	116	671.641
2.617994	2.664082	-1.071402	12	109	120	671.612
0.000000	1.732874	-0.951685	109	118	25	671.450
1.570796	1.510910	-0.740472	24	0	124	671.240
-3.141593	0.370812	-2.547742	102	0	122	671.229
1.832596	1.824694	1.850876	98	119	127	671.176
-0.785398	1.014500	0.906702	9	14	107	670.832
-0.261799	1.391910	3.030322	7	28	6	670.559
-0.523599	1.025536	1.576859	8	14	107	670.250
1.308997	2.587733	0.232235	110	4	110	670.242
1.832596	2.588535	-2.976617	0	21	118	670.142
-1.832596	1.569311	-3.003978	28	117	127	670.041
-2.094395	1.025536	1.576859	28	117	118	670.003
-1.570796	1.982574	-1.115518	12	16	117	669.963
-2.617994	1.982574	-1.115518	9	108	21	669.735
-0.261799	2.587733	0.232235	127	121	19	669.731
-1.832596	1.504028	0.636812	112	23	123	669.641
0.523599	0.379747	-1.713059	112	111	123	669.572
2.094395	1.256302	0.062705	116	10	110	669.562
-0.785398	2.251330	-2.330739	122	107	24	669.280
2.356194	1.134497	-1.109631	28	119	1	669.275
-1.832596	1.045978	0.343692	104	124	117	668.955
0.785398	2.637879	2.121598	114	6	103	668.953
-1.570796	2.343981	-1.040456	4	14	117	668.918
2.094395	1.869911	2.701025	108	15	112	668.748
0.523599	0.080730	-2.622036	10	9	103	668.511
-0.261799	2.588535	-2.976617	117	114	23	668.391
2.879793	2.637879	2.121598	115	116	104	668.337
1.832596	1.135813	-2.658866	103	122	22	668.222
0.523599	0.370812	-2.547742	7	13	105	668.197
1.308997	1.982574	-1.115518	123	11	122	668.123
0.261799	1.875281	0.107086	15	121	116	668.063
2.879793	1.168678	2.108595	9	21	111	667.964
-0.261799	2.356369	3.005869	116	115	19	667.893
1.047198	1.998705	2.370472	100	5	127	667.825
2.617994	0.961715	0.014085	127	10	111	667.806
-3.141593	1.977582	0.969896	110	102	14	667.665
1.047198	0.866955	-0.931351	8	120	32	667.587
2.617994	1.732874	-0.951685	115	99	127	667.571
-1.570796	2.719179	-1.780644	127	16	121	667.343
-2.879793	1.050534	3.042579	118	113	23	667.263
-0.261799	1.135813	-2.658866	6	26	124	667.205
0.523599	1.982574	-1.115518	97	121	1	667.115
2.879793	1.836682	-0.676006	118	99	6	667.027
-1.832596	1.617114	-1.572037	113	16	121	667.010
-0.523599	1.998705	2.370472	111	114	13	666.970
-2.356194	2.456751	-1.503343	110	122	24	666.943
-0.523599	0.960688	-0.577532	106	2	109	666.903
0.261799	2.724429	-0.348782	110	9	114	666.769
-3.141593	0.709924	0.218797	115	15	118	666.764
-1.832596	1.696674	-1.253233	15	13	115	666.692
-1.308997	2.295480	1.008277	1	107	4	666.665
-2.356194	0.418037	1.360082	16	122	110	666.598
0.523599	1.135834	-1.431087	18	122	31	666.594
0.523599	0.914445	2.687814	112	20	109	666.556
1.308997	1.869911	2.701025	101	5	124	666.421
-0.261799	1.836682	-0.676006	101	18	122	666.391
-0.261799	0.674054	1.013609	116	12	107	666.390
-0.785398	2.404280	-0.174044	91	120	123	666.273
2.879793	2.153910	-1.714959	34	11	5	666.052
-0.785398	2.724429	-0.348782	26	7	126	665.991
0.785398	2.153910	-1.714959	104	114	5	665.783
-1.308997	1.050534	3.042579	30	4	120	665.774
-2.094395	0.297065	2.160177	114	3	108	665.689
0.261799	1.184361	0.625864	116	25	118	665.660
0.000000	2.379497	0.561089	94	122	124	665.657
-1.047198	2.063651	-2.044600	31	1	20	665.642
-0.523599	1.310100	1.488307	7	16	107	665.599
-1.832596	0.961715	0.014085	105	1	113	665.582
-1.047198	0.866395	-2.492918	5	15	18	665.432
-1.047198	0.591903	2.010408	110	126	109	665.419
0.261799	1.135813	-2.658866	107	25	124	665.411
2.356194	1.433411	-1.035986	27	123	124	665.278
-2.879793	1.242974	-2.977882	121	107	24	665.275
-2.879793	1.606104	-0.451151	121	119	20	664.960
-3.141593	1.606104	-0.451151	117	118	19	664.625
-0.523599	1.417623	-0.202254	7	25	120	664.431
-1.832596	2.719179	-1.780644	1	18	123	664.150
-2.617994	0.370812	-2.547742	101	121	125	663.702
2.356194	0.685216	-1.712745	103	123	115	663.424
-0.785398	0.866395	-2.492918	27	111	17	663.052
2.094395	1.504028	0.636812	8	108	104	663.046
-2.356194	1.195355	1.200319	108	26	3	662.800
-2.094395	1.417623	-0.202254	23	121	107	662.688
-2.617994	1.699788	2.452890	16	112	122	662.400
-0.261799	1.168678	2.108595	118	7	109	662.367
-1.047198	0.960688	-0.577532	18	11	108	662.199
1.047198	0.906588	1.252948	13	113	103	662.189
-1.308997	1.904882	-1.478089	111	15	123	661.838
-2.617994	0.203748	0.590255	24	0	119	661.814
2.617994	1.256302	0.062705	114	108	7	661.781
0.523599	0.496451	0.593859	102	126	108	661.681
2.617994	0.899350	-2.069907	102	120	119	661.625
-1.308997	1.909857	-0.381669	5	21	117	661.490
0.000000	0.615174	-0.666022	106	21	115	661.326
1.308997	1.195355	1.200319	10	117	101	661.279
-2.879793	0.762244	-0.273349	126	10	108	661.192
-1.570796	0.674054	1.013609	25	120	112	661.031
-1.308997	1.732874	-0.951685	118	22	124	660.915
-0.785398	1.214854	-1.966664	32	7	6	660.734
0.000000	0.685216	-1.712745	103	23	119	660.668
1.308997	1.374601	-2.456031	104	111	10	660.649
-2.094395	1.904882	-1.478089	10	13	122	660.607
-2.356194	1.194549	-0.801900	122	10	112	660.574
-0.785398	0.379747	-1.713059	19	9	108	660.482
-2.879793	1.413430	2.550734	114	100	5	660.477
-2.356194	1.699788	2.452890	11	8	17	660.362
-0.523599	2.379497	0.561089	25	2	122	660.283
2.094395	1.413347	-1.339188	33	5	2	660.280
-2.094395	2.579248	-2.364801	26	0	3	660.186
1.832596	1.736875	3.023612	112	4	111	659.934
2.356194	0.419640	2.974122	117	121	23	659.917
-0.785398	0.762244	-0.273349	15	9	107	659.908
-2.879793	1.413347	-1.339188	3	103	15	659.887
2.356194	1.662363	0.915448	19	119	109	659.668
-2.094395	2.033014	2.977192	28	113	11	659.648
-2.879793	0.379747	-1.713059	111	116	116	659.605
0.000000	1.168678	2.108595	116	8	109	659.575
-1.570796	0.831641	0.616218	26	122	111	659.529
2.617994	0.850607	-1.335383	5	111	28	659.512
-0.523599	2.356369	3.005869	122	116	23	659.402
0.000000	1.025536	1.576859	5	19	107	659.209
0.785398	1.606104	-0.451151	6	108	27	659.187
-2.617994	1.195355	1.200319	125	22	117	659.145
0.785398	0.615174	-0.666022	23	119	10	659.030
0.785398	0.619654	-2.216909	107	114	123	658.942
-0.261799	1.504028	0.636812	4	23	114	658.855
0.000000	0.762244	-0.273349	110	18	111	658.821
-0.523599	0.419640	2.974122	20	14	112	658.806
0.523599	2.863997	0.549740	111	123	22	658.779
0.261799	1.510910	-0.740472	10	110	32	658.728
1.832596	2.174483	2.653697	104	20	122	658.685
1.308997	1.135813	-2.658866	106	111	10	658.645
-1.832596	2.153910	-1.714959	0	20	2	658.524
-2.617994	2.407836	1.410646	120	105	26	658.486
1.832596	1.574060	2.783565	112	19	111	658.406
-2.879793	0.850607	-1.335383	121	7	110	658.350
1.570796	0.591903	2.010408	10	18	108	658.293
1.308997	1.301460	-0.509251	8	119	108	658.161
2.094395	1.391910	3.030322	112	18	116	658.064
-0.261799	2.104282	-0.813972	108	6	113	657.973
-0.785398	0.685216	-1.712745	1	22	110	657.822
-0.785398	1.301460	-0.509251	112	14	109	657.768
0.000000	0.496451	0.593859	112	10	106	657.625
-2.617994	1.836682	-0.676006	0	120	24	657.608
-2.356194	2.089241	-0.114193	113	23	119	657.478
-3.141593	2.719179	-1.780644	109	17	110	657.393
0.261799	2.001437	0.381215	96	10	15	657.378
-0.785398	1.168678	2.108595	123	4	105	657.358
-1.047198	1.510910	-0.740472	116	18	113	657.220
2.617994	2.984978	1.954446	124	16	125	657.219
0.000000	2.164094	-2.991358	30	118	122	657.021
0.261799	0.618092	2.539118	23	109	125	656.865
1.047198	0.910508	1.903534	32	3	118	656.864
0.523599	0.685216	-1.712745	112	22	116	656.781
-1.570796	2.379497	0.561089	120	20	118	656.638
2.617994	2.343981	-1.040456	127	105	25	656.593
2.879793	2.001437	0.381215	29	122	14	656.585
-2.879793	1.869911	2.701025	20	126	125	656.567
1.570796	2.356369	3.005869	103	10	125	656.537
-2.356194	0.899350	-2.069907	109	114	24	656.477
2.617994	2.033014	2.977192	111	16	109	656.381
-2.879793	1.732874	-0.951685	19	18	122	656.064
0.785398	1.195355	1.200319	103	17	113	656.036
-2.879793	0.619654	-2.216909	108	114	118	655.959
-1.047198	0.850607	-1.335383	28	125	9	655.865
-0.523599	2.174483	2.653697	4	122	33	655.833
-0.785398	0.640596	-2.797608	15	102	5	655.469
-3.141593	0.733948	3.021411	113	112	18	655.393
2.617994	1.948085	-2.363031	20	123	126	655.210
0.785398	1.113094	-0.272241	99	9	108	655.198
1.047198	1.875281	0.107086	103	122	18	655.176
-1.832596	2.588535	-2.976617	25	119	18	655.143
-1.047198	1.504028	0.636812	30	7	117	654.986
-1.832596	1.756530	-2.105156	4	18	127	654.833
1.570796	0.640596	-2.797608	116	111	11	654.657
-0.785398	1.617114	-1.572037	32	13	15	654.606
1.832596	1.977582	0.969896	108	111	9	654.601
-1.047198	1.870545	-2.976234	26	120	127	654.478
2.879793	1.869911	2.701025	100	9	114	654.430
0.785398	1.756530	-2.105156	125	20	12	654.212
2.094395	1.045978	0.343692	24	123	111	654.012
-2.094395	2.349581	-2.702517	101	112	0	653.904
0.000000	1.391910	3.030322	123	26	125	653.740
2.879793	0.379747	-1.713059	103	127	122	653.398
-0.523599	1.194549	-0.801900	125	26	118	653.397
-1.047198	1.025536	1.576859	26	3	109	652.915
-3.141593	2.588535	-2.976617	113	114	24	652.740
0.785398	0.700570	1.559208	107	13	107	652.699
1.832596	1.599406	1.426070	4	13	21	652.662
-0.523599	2.592629	0.909713	29	2	126	652.653
1.047198	2.041297	-2.664597	112	19	6	652.615
1.570796	1.128190	-2.288622	113	115	19	652.540
-2.356194	0.619654	-2.216909	110	111	21	652.388
1.308997	0.571433	-1.188419	25	121	12	652.218
-2.879793	1.025536	1.576859	121	21	117	652.191
-2.617994	1.846342	-1.796954	0	105	17	652.057
-0.523599	1.510910	-0.740472	124	23	109	652.022
1.308997	1.025536	1.576859	96	13	115	651.985
1.047198	1.195355	1.200319	8	115	101	651.878
-0.261799	2.664082	-1.071402	8	27	10	651.848
0.261799	1.506530	1.988858	26	8	114	651.828
-1.308997	2.719179	-1.780644	108	14	119	651.767
0.261799	0.591903	2.010408	105	5	119	651.655
2.356194	2.033014	2.977192	124	13	99	651.636
-0.261799	1.135834	-1.431087	125	26	119	651.593
1.832596	0.591903	2.010408	93	13	118	651.566
-2.879793	2.724429	-0.348782	11	110	117	651.476
-2.094395	1.134497	-1.109631	0	13	112	651.446
0.000000	0.850607	-1.335383	4	18	113	651.372
-0.523599	2.704512	1.488683	123	15	110	651.340
-1.047198	0.685216	-1.712745	23	7	112	651.203
-1.308997	2.063651	-2.044600	31	127	19	651.172
-1.308997	0.685216	-1.712745	25	3	111	651.018
-0.523599	1.413430	2.550734	5	119	22	650.933
1.308997	1.113094	-0.272241	94	0	111	650.930
-1.570796	2.664082	-1.071402	6	12	116	650.859
-1.832596	2.724429	-0.348782	106	16	114	650.688
-2.094395	1.909857	-0.381669	5	1	24	650.608
1.308997	1.617114	-1.572037	29	3	126	650.598
2.879793	1.417623	-0.202254	5	99	7	650.479
-2.356194	1.168678	2.108595	101	23	118	650.436
2.617994	2.760637	2.781135	101	117	10	650.037
2.879793	1.367556	0.358405	108	10	120	650.002
2.094395	0.960688	-0.577532	25	118	122	649.957
0.261799	1.869911	2.701025	21	117	111	649.705
1.832596	2.356369	3.005869	108	23	127	649.620
-2.094395	1.128190	-2.288622	3	12	116	649.611
-1.308997	2.187132	-0.479875	5	21	118	649.528
-1.308997	2.164094	-2.991358	19	116	125	649.407
2.879793	1.450119	-2.739050	112	100	1	649.359
0.261799	1.135834	-1.431087	116	23	120	649.353
2.094395	2.760637	2.781135	94	18	3	649.134
0.523599	1.194549	-0.801900	115	116	29	648.967
2.356194	1.214854	-1.966664	32	7	8	648.938
-2.879793	1.662363	0.915448	28	115	8	648.924
1.308997	2.153910	-1.714959	110	110	19	648.901
2.617994	1.374601	-2.456031	101	11	2	648.588
-2.094395	0.618092	2.539118	15	108	105	648.538
-2.617994	1.325504	-1.671296	118	109	3	648.536
-1.570796	1.194549	-0.801900	125	23	123	648.453
-1.832596	2.033014	2.977192	18	123	123	648.401
-1.832596	1.256302	0.062705	114	1	107	648.380
1.570796	1.168678	2.108595	92	9	117	648.362
2.356194	2.587733	0.232235	31	113	7	648.350
-1.047198	1.732874	-0.951685	114	17	117	648.324
-0.261799	0.591903	2.010408	22	11	111	648.287
-0.785398	0.297065	2.160177	113	121	106	648.027
-0.523599	2.979456	-1.009304	110	14	117	647.923
-0.785398	0.910508	1.903534	115	2	108	647.855
-2.094395	2.187132	-0.479875	0	2	26	647.847
1.832596	2.704512	1.488683	109	116	20	647.760
-1.570796	1.904882	-1.478089	10	19	120	647.606
-2.879793	1.440580	2.260026	111	100	4	647.591
-1.570796	2.251330	-2.330739	5	21	7	647.504
0.523599	0.864993	2.278281	22	105	123	647.468
-0.261799	1.977582	0.969896	101	6	116	647.455
-1.832596	1.982574	-1.115518	14	14	120	647.454
0.523599	0.571433	-1.188419	115	110	121	647.452
2.094395	2.478122	2.609777	103	12	114	647.375
-2.094395	2.396274	-1.959260	3	13	117	647.361
-1.308997	2.033014	2.977192	26	118	0	647.331
-0.261799	1.736875	3.023612	27	115	122	647.297
-3.141593	0.615174	-0.666022	8	17	2	647.264
1.047198	1.113094	-0.272241	98	5	108	647.142
-2.094395	1.301460	-0.509251	125	7	107	647.097
-1.570796	2.393226	1.857173	102	116	5	647.027
-2.356194	2.174483	2.653697	26	115	8	647.026
-3.141593	2.724429	-0.348782	9	108	119	646.907
-1.570796	1.824694	1.850876	125	105	8	646.905
-3.141593	1.488617	1.159546	106	120	108	646.901
2.094395	1.135834	-1.431087	21	116	120	646.881
1.047198	1.683268	0.374177	94	1	12	646.868
0.523599	0.866955	-0.931351	20	6	112	646.732
1.570796	2.041297	-2.664597	101	16	9	646.713
2.094395	2.587733	0.232235	15	8	113	646.466
-2.879793	1.870545	-2.976234	117	104	22	646.347
0.785398	2.001437	0.381215	95	5	16	646.307
2.617994	1.128190	-2.288622	102	123	120	646.072
-0.785398	1.510910	-0.740472	112	17	114	645.993
-2.617994	0.762244	-0.273349	120	12	111	645.820
-1.047198	1.824694	1.850876	126	113	15	645.636
-2.617994	1.510910	-0.740472	14	105	14	645.537
-1.308997	2.637879	2.121598	2	103	4	645.473
-2.617994	2.180315	-1.357379	112	118	22	645.420
1.047198	0.685216	-1.712745	118	12	116	645.395
0.785398	1.256302	0.062705	100	12	108	645.392
1.570796	1.218453	2.777284	88	127	127	645.341
2.094395	2.592629	0.909713	96	10	2	645.303
-0.523599	0.591903	2.010408	105	3	122	645.266
-1.832596	1.301460	-0.509251	13	18	119	645.053
0.785398	0.290380	-0.796960	107	6	107	644.933
1.570796	1.696674	-1.253233	29	0	126	644.903
1.570796	1.721184	-0.153948	6	6	115	644.797
1.832596	2.164094	-2.991358	99	8	2	644.686
-1.047198	1.194549	-0.801900	123	110	29	644.208
2.617994	1.545873	-1.877082	16	1	120	644.101
0.000000	1.875281	0.107086	20	14	117	644.088
-0.785398	0.864993	2.278281	120	127	105	644.020
1.047198	1.134796	2.434290	22	3	115	643.895
-1.570796	1.242974	-2.977882	29	121	121	643.838
-2.094395	0.899350	-2.069907	10	106	24	643.774
2.356194	1.909857	-0.381669	13	17	121	643.734
-2.617994	2.455966	-0.641220	115	22	116	643.715
-1.047198	2.863997	0.549740	108	15	111	643.681
0.785398	1.510910	-0.740472	118	114	27	643.617
0.523599	1.554776	0.100351	15	120	117	643.606
1.832596	0.640596	-2.797608	111	120	21	643.454
-1.570796	0.866395	-2.492918	36	9	120	643.394
1.047198	1.554776	0.100351	94	1	13	643.212
-3.141593	0.866955	-0.931351	2	11	115	643.192
0.523599	1.195355	1.200319	33	7	4	643.130
-2.356194	0.080730	-2.622036	105	3	120	643.072
-2.617994	1.545873	-1.877082	115	109	5	642.982
2.094395	0.831641	0.616218	6	11	110	642.942
-0.785398	1.599406	1.426070	25	0	109	642.926
1.832596	1.335669	0.897240	7	113	101	642.916
-2.879793	2.456751	-1.503343	31	14	1	642.871
0.523599	0.203748	0.590255	100	114	19	642.871
-1.047198	2.174483	2.653697	117	115	21	642.858
1.308997	2.108018	1.311430	120	21	125	642.822
-2.879793	1.325504	-1.671296	109	0	30	642.399
-0.523599	0.762244	-0.273349	15	9	107	642.315
0.000000	0.674054	1.013609	114	12	107	642.265
1.832596	1.025536	1.576859	113	117	109	641.984
-1.832596	2.760637	2.781135	122	5	104	641.943
0.523599	2.881233	-2.582574	118	125	35	641.857
-3.141593	1.732874	-0.951685	126	99	5	641.725
1.047198	2.115563	0.685730	96	2	17	641.685
2.617994	1.699788	2.452890	2	18	108	641.676
1.308997	2.001437	0.381215	112	115	16	641.671
-3.141593	1.391910	3.030322	112	100	9	641.652
2.356194	1.450119	-2.739050	19	8	121	641.600
-1.047198	2.881233	-2.582574	116	9	118	641.588
2.617994	1.450119	-2.739050	119	95	5	641.558
-0.261799	0.960688	-0.577532	119	23	112	641.508
-2.879793	1.195355	1.200319	3	21	117	641.508
1.308997	1.658653	-2.409879	103	20	11	641.493
0.261799	1.134796	2.434290	27	112	123	641.447
1.570796	2.349581	-2.702517	102	126	33	641.382
2.617994	1.662363	0.915448	111	101	125	641.291
2.617994	1.658653	-2.409879	106	104	19	641.271
1.570796	1.998705	2.370472	98	125	2	641.243
-1.832596	2.164094	-2.991358	117	106	116	641.201
-2.356194	0.496451	0.593859	31	11	121	640.985
-1.832596	0.906588	1.252948	105	113	0	640.833
1.308997	2.104282	-0.813972	118	116	110	640.766
-0.785398	2.033014	2.977192	1	118	26	640.757
-2.617994	2.299159	2.264663	26	121	2	640.505
-3.141593	1.836682	-0.676006	108	6	20	640.400
-1.047198	1.242974	-2.977882	3	4	24	640.398
1.047198	2.637879	2.121598	99	24	127	640.233
1.832596	0.619654	-2.216909	0	10	119	640.107
-2.617994	2.979456	-1.009304	105	18	113	639.940
0.261799	0.960688	-0.577532	113	17	106	639.870
-0.261799	2.247462	0.191623	110	13	22	639.828
-0.261799	2.592629	0.909713	29	4	127	639.661
2.879793	1.214854	-1.966664	99	114	4	639.632
-2.617994	1.599406	1.426070	31	124	0	639.501
1.570796	0.290380	-0.796960	107	0	108	639.373
0.523599	1.683268	0.374177	12	15	113	639.367
0.523599	1.168678	2.108595	113	25	117	639.201
-2.094395	2.247462	0.191623	115	21	114	639.124
-2.094395	0.910508	1.903534	28	116	120	638.917
-2.094395	0.850607	-1.335383	14	17	2	638.889
-1.047198	0.910508	1.903534	30	124	113	638.854
-2.617994	1.869911	2.701025	2	112	112	638.814
1.570796	1.699788	2.452890	93	125	5	638.602
-2.094395	2.063651	-2.044600	4	104	14	638.548
-1.570796	2.407836	1.410646	9	14	8	638.498
-1.570796	0.685216	-1.712745	23	112	20	638.449
2.094395	1.870545	-2.976234	99	114	3	638.428
0.261799	0.992645	-1.723759	114	22	115	638.374
-1.832596	2.108018	1.311430	105	23	115	638.148
0.523599	0.899350	-2.069907	96	21	124	638.029
0.261799	2.073035	2.027405	25	127	112	637.845
-1.047198	0.571433	-1.188419	36	19	0	637.666
-3.141593	0.419640	2.974122	110	106	7	637.556
0.261799	1.699788	2.452890	28	120	118	637.485
2.879793	2.180315	-1.357379	111	105	19	637.048
0.523599	2.138223	1.678323	105	1	115	637.029
-2.879793	2.247462	0.191623	4	126	21	636.882
0.261799	0.700570	1.559208	109	125	109	636.860
-1.308997	0.418037	1.360082	122	6	105	636.814
2.094395	2.295480	1.008277	114	111	19	636.776
1.570796	1.869911	2.701025	98	126	1	636.734
2.356194	1.741644	-2.695914	91	127	8	636.644
0.000000	2.760637	2.781135	118	110	22	636.420
0.261799	1.488617	1.159546	102	121	117	636.398
1.308997	1.555207	1.708892	24	10	113	636.350
-3.141593	1.870545	-2.976234	118	104	24	636.225
-0.523599	2.138223	1.678323	35	23	18	636.200
0.261799	0.458961	-0.107937	108	10	107	636.010
1.047198	1.128190	-2.288622	100	122	18	635.875
-3.141593	1.433411	-1.035986	5	102	15	635.768
-2.879793	1.766067	2.153843	23	119	127	635.687
-1.832596	0.762244	-0.273349	22	126	107	635.682
2.356194	2.187132	-0.479875	24	8	117	635.638
-2.094395	0.992645	-1.723759	5	13	110	635.559
1.570796	1.948085	-2.363031	106	11	1	635.511
1.570796	0.906588	1.252948	8	18	11	635.430
2.617994	2.349581	-2.702517	21	13	118	635.371
-2.879793	2.356369	3.005869	94	117	126	635.361
0.000000	1.809167	1.213774	103	0	115	635.119
-1.832596	2.343981	-1.040456	114	124	23	635.096
2.879793	1.555207	1.708892	97	10	9	635.089
0.785398	0.929350	-2.910676	103	1	21	635.068
0.785398	1.599406	1.426070	124	24	114	634.972
-1.047198	1.335669	0.897240	34	127	119	634.933
-2.094395	0.080730	-2.622036	105	2	121	634.919
2.879793	0.619654	-2.216909	106	119	113	634.896
-0.785398	2.295480	1.008277	28	123	126	634.835
2.879793	1.554776	0.100351	118	5	108	634.783
-1.832596	1.658653	-2.409879	15	14	120	634.751
0.261799	2.404280	-0.174044	112	23	24	634.628
-0.261799	2.724429	-0.348782	14	15	30	634.551
1.047198	1.301460	-0.509251	2	112	26	634.548
2.617994	1.736875	3.023612	124	19	103	634.491
0.785398	2.033014	2.977192	18	121	102	634.450
-0.523599	2.108018	1.311430	110	13	116	634.214
-2.617994	1.555207	1.708892	30	124	127	634.127
0.261799	2.115563	0.685730	97	117	125	634.060
-2.356194	1.599406	1.426070	34	127	0	634.004
1.308997	1.872854	1.543456	28	5	115	633.839
1.047198	0.379747	-1.713059	106	112	8	633.799
-1.308997	2.073035	2.027405	114	112	11	633.772
-3.141593	0.899350	-2.069907	110	114	116	633.756
-0.785398	0.733948	3.021411	25	14	117	633.728
-1.308997	0.910508	1.903534	22	118	106	633.707
-0.261799	0.914445	2.687814	20	20	120	633.580
1.308997	1.756530	-2.105156	119	12	123	633.539
-2.094395	0.866955	-0.931351	31	0	114	633.460
1.308997	2.760637	2.781135	113	19	118	633.446
2.356194	2.349581	-2.702517	23	13	118	633.303
1.570796	1.433411	-1.035986	19	121	29	633.228
0.261799	1.504028	0.636812	122	22	110	633.180
1.570796	1.554776	0.100351	3	126	105	633.130
-2.356194	0.910508	1.903534	27	113	122	633.005
-1.047198	1.872854	1.543456	3	112	15	632.930
1.308997	1.310100	1.488307	0	117	17	632.890
2.879793	0.910508	1.903534	4	22	120	632.833
2.617994	0.615174	-0.666022	121	9	102	632.661
1.047198	0.992645	-1.723759	120	11	115	632.613
-2.617994	1.218453	2.777284	122	101	14	632.454
2.094395	1.545873	-1.877082	32	4	5	632.445
2.356194	1.606104	-0.451151	105	118	18	632.430
1.832596	1.440580	2.260026	90	121	4	632.428
0.785398	1.134796	2.434290	100	21	121	632.341
-1.570796	0.458961	-0.107937	104	12	113	632.175
-1.570796	2.587733	0.232235	115	13	22	632.167
-1.570796	1.025536	1.576859	31	121	117	632.121
-0.523599	2.187132	-0.479875	23	9	119	632.078
1.308997	1.247695	1.809890	25	4	115	632.064
1.832596	1.545873	-1.877082	31	2	4	632.055
0.523599	1.510910	-0.740472	117	111	25	631.938
-1.832596	1.836682	-0.676006	4	0	27	631.765
0.000000	1.367556	0.358405	121	22	110	631.579
-0.523599	0.619654	-2.216909	5	24	116	631.536
-1.570796	2.404280	-0.174044	14	3	28	631.528
-0.523599	2.089241	-0.114193	124	25	120	631.486
2.356194	2.138223	1.678323	109	112	15	631.419
0.523599	2.104282	-0.813972	18	105	23	631.331
2.617994	2.089241	-0.114193	22	11	117	631.306
0.000000	1.488617	1.159546	5	22	112	631.178
0.523599	1.904882	-1.478089	100	118	4	631.074
-2.879793	1.134796	2.434290	102	15	119	631.057
1.570796	0.700570	1.559208	8	15	110	631.038
2.356194	1.413347	-1.339188	34	8	2	630.983
-0.523599	0.910508	1.903534	106	6	122	630.913
-2.617994	2.041297	-2.664597	120	108	125	630.764
-2.879793	0.618092	2.539118	102	16	127	630.759
0.523599	1.872854	1.543456	105	126	115	630.664
-3.141593	1.218453	2.777284	93	10	0	630.641
-0.523599	1.606104	-0.451151	121	24	113	630.511
2.356194	2.984978	1.954446	127	17	124	630.483
-0.523599	1.569311	-3.003978	11	27	6	630.430
-2.617994	0.685216	-1.712745	8	8	104	630.372
-0.785398	1.554776	0.100351	122	26	115	630.344
-2.617994	0.992645	-1.723759	118	108	125	630.317
-2.879793	1.247695	1.809890	109	21	121	630.260
1.047198	1.214854	-1.966664	124	18	4	630.194
-2.879793	0.571433	-1.188419	118	12	110	630.151
-1.832596	0.864993	2.278281	20	110	108	630.138
0.000000	1.134497	-1.109631	93	5	0	630.137
-1.047198	1.488617	1.159546	99	5	113	630.118
-0.785398	1.699788	2.452890	1	116	19	630.077
-0.261799	0.906588	1.252948	4	14	103	630.047
2.094395	0.864993	2.278281	19	12	116	629.946
-1.570796	2.984978	1.954446	126	103	1	629.935
-2.879793	2.587733	0.232235	40	123	8	629.869
0.000000	1.433411	-1.035986	9	110	30	629.766
0.785398	2.704512	1.488683	121	114	5	629.691
1.308997	0.640596	-2.797608	106	111	127	629.661
-1.047198	1.433411	-1.035986	110	16	117	629.636
-1.832596	1.335669	0.897240	108	116	119	629.607
1.570796	2.760637	2.781135	113	10	104	629.493
-0.785398	1.194549	-0.801900	116	5	27	629.492
-1.308997	1.391910	3.030322	95	123	114	629.423
0.785398	0.370812	-2.547742	95	12	116	629.384
2.617994	1.391910	3.030322	121	127	25	629.324
0.523599	1.367556	0.358405	108	20	113	629.249
-2.356194	0.864993	2.278281	95	9	125	629.237
-0.261799	1.998705	2.370472	1	114	16	629.232
-1.570796	0.961715	0.014085	21	2	107	629.221
2.617994	0.709924	0.218797	118	10	103	629.207
-0.523599	1.574060	2.783565	14	114	110	629.198
1.832596	1.256302	0.062705	109	12	106	629.163
-3.141593	0.850607	-1.335383	112	118	25	629.161
0.261799	0.831641	0.616218	119	12	99	629.130
-0.523599	1.504028	0.636812	7	23	114	629.090
-0.523599	2.104282	-0.813972	109	11	115	629.041
1.570796	1.824694	1.850876	20	14	113	628.964
-1.308997	0.640596	-2.797608	26	5	113	628.936
-1.308997	0.960688	-0.577532	105	5	113	628.864
-2.356194	1.135834	-1.431087	116	8	115	628.821
-2.094395	2.587733	0.232235	12	14	112	628.782
1.308997	0.370812	-2.547742	106	108	117	628.726
2.094395	1.214854	-1.966664	31	4	8	628.676
-1.570796	1.506530	1.988858	122	127	25	628.651
0.523599	1.448123	-2.163292	113	16	115	628.624
1.047198	1.506530	1.988858	99	3	123	628.502
1.047198	1.433411	-1.035986	27	118	3	628.485
1.570796	2.073035	2.027405	0	22	114	628.470
2.356194	2.724429	-0.348782	10	125	28	628.399
1.308997	1.506530	1.988858	23	7	114	628.394
2.617994	1.756530	-2.105156	103	122	127	628.242
2.356194	0.591903	2.010408	11	122	112	628.198
-2.094395	2.153910	-1.714959	115	116	18	628.140
-0.523599	0.640596	-2.797608	30	112	13	628.004
1.570796	2.637879	2.121598	91	15	126	628.002
2.879793	0.864993	2.278281	11	121	115	627.995
0.523599	0.910508	1.903534	105	1	119	627.948
-1.832596	1.736875	3.023612	112	110	113	627.915
1.570796	2.089241	-0.114193	107	15	121	627.909
1.832596	1.134497	-1.109631	18	120	116	627.905
-0.261799	2.108018	1.311430	105	7	114	627.903
-1.308997	2.108018	1.311430	6	109	19	627.836
-0.785398	0.899350	-2.069907	34	11	0	627.787
2.617994	1.869911	2.701025	113	118	111	627.727
-2.356194	0.674054	1.013609	119	19	107	627.629
0.261799	1.374601	-2.456031	121	25	126	627.555
2.356194	0.762244	-0.273349	116	9	102	627.522
0.261799	1.128190	-2.288622	120	25	121	627.364
-1.047198	1.756530	-2.105156	28	127	6	627.168
-2.617994	0.674054	1.013609	0	16	101	627.055
-0.261799	0.850607	-1.335383	120	11	29	627.014
-0.785398	1.506530	1.988858	14	12	111	626.971
1.047198	2.247462	0.191623	114	118	21	626.963
-3.141593	1.555207	1.708892	96	7	9	626.931
-2.617994	1.440580	2.260026	12	115	114	626.918
2.356194	1.301460	-0.509251	7	109	107	626.858
-1.308997	1.374601	-2.456031	36	1	4	626.816
-0.785398	2.637879	2.121598	118	109	5	626.714
1.047198	1.732874	-0.951685	26	119	124	626.599
-2.094395	1.374601	-2.456031	4	12	121	626.338
2.617994	1.050534	3.042579	100	17	1	626.332
-1.308997	0.961715	0.014085	105	120	118	626.284
0.261799	2.349581	-2.702517	32	119	124	626.241
-2.879793	1.391910	3.030322	110	100	8	626.037
0.000000	0.458961	-0.107937	110	11	106	626.032
0.523599	0.906588	1.252948	108	16	109	625.974
2.879793	1.756530	-2.105156	18	114	121	625.950
-2.356194	2.073035	2.027405	98	120	11	625.925
-0.523599	1.128190	-2.288622	31	5	3	625.908
0.523599	0.709924	0.218797	110	17	112	625.854
-1.832596	1.242974	-2.977882	28	116	121	625.782
-1.047198	0.906588	1.252948	100	126	109	625.755
-1.047198	1.195355	1.200319	104	8	110	625.706
-0.785398	1.448123	-2.163292	25	127	1	625.700
1.047198	0.080730	-2.622036	9	15	28	625.652
-2.879793	1.135813	-2.658866	99	124	0	625.617
1.832596	2.187132	-0.479875	117	10	122	625.562
-2.617994	2.724429	-0.348782	14	112	117	625.515
-3.141593	2.984978	1.954446	101	1	32	625.473
1.570796	2.187132	-0.479875	117	0	23	625.403
-2.094395	0.379747	-1.713059	28	8	111	625.367
-0.261799	2.073035	2.027405	23	7	111	625.318
0.785398	1.824694	1.850876	108	127	114	625.213
-1.570796	1.128190	-2.288622	3	14	20	625.159
-1.047198	0.899350	-2.069907	26	6	116	625.113
1.832596	2.592629	0.909713	94	12	6	625.038
0.000000	0.419640	2.974122	12	19	112	625.027
1.570796	1.506530	1.988858	120	117	110	625.002
1.832596	1.433411	-1.035986	32	3	127	624.807
-0.523599	2.299159	2.264663	125	113	14	624.760
2.094395	1.310100	1.488307	1	8	19	624.663
1.047198	1.510910	-0.740472	7	114	27	624.648
-0.523599	0.496451	0.593859	9	10	108	624.598
-1.308997	2.356369	3.005869	24	117	0	624.540
2.617994	2.724429	-0.348782	23	2	113	624.385
-0.261799	1.812176	0.656819	12	26	10	624.349
2.617994	0.370812	-2.547742	107	106	5	624.269
1.308997	1.045978	0.343692	119	104	4	624.257
-1.570796	1.809167	1.213774	126	104	0	624.117
-0.785398	2.704512	1.488683	2	15	111	624.099
0.261799	0.961715	0.014085	107	17	112	624.043
1.308997	0.929350	-2.910676	89	6	124	624.037
-1.308997	2.343981	-1.040456	2	19	123	623.976
1.308997	1.433411	-1.035986	24	125	126	623.974
-0.523599	1.134497	-1.109631	125	27	120	623.947
-0.785398	0.619654	-2.216909	33	10	123	623.869
0.261799	1.014500	0.906702	30	7	122	623.633
0.523599	2.404280	-0.174044	115	3	107	623.513
0.261799	0.864993	2.278281	18	102	123	623.478
1.832596	0.866395	-2.492918	114	117	20	623.471
1.308997	2.089241	-0.114193	110	121	22	623.130
2.356194	2.001437	0.381215	31	115	1	623.127
0.000000	2.187132	-0.479875	110	6	111	623.040
0.261799	2.104282	-0.813972	11	125	118	622.980
-3.141593	0.458961	-0.107937	123	12	102	622.967
2.094395	2.637879	2.121598	100	118	17	622.941
1.570796	1.599406	1.426070	117	110	121	622.757
-1.570796	1.696674	-1.253233	121	21	125	622.735
-0.785398	2.153910	-1.714959	28	5	22	622.705
-0.785398	1.948085	-2.363031	111	103	6	622.600
-1.047198	1.325504	-1.671296	108	111	25	622.555
-0.261799	0.700570	1.559208	118	13	108	622.503
-1.308997	0.831641	0.616218	124	107	124	622.500
0.000000	1.554776	0.100351	118	25	116	622.402
-2.094395	1.168678	2.108595	28	112	121	622.356
0.261799	0.080730	-2.622036	32	15	121	622.327
1.570796	1.448123	-2.163292	101	18	12	622.246
-3.141593	1.504028	0.636812	111	0	108	622.240
-2.094395	0.960688	-0.577532	119	10	110	622.238
-1.047198	0.700570	1.559208	93	123	127	622.190
-1.570796	2.863997	0.549740	0	19	115	622.029
2.879793	1.506530	1.988858	97	10	12	621.892
2.879793	1.736875	3.023612	108	103	11	621.790
2.094395	1.683268	0.374177	99	114	11	621.744
0.785398	2.187132	-0.479875	116	123	107	621.716
-0.261799	0.615174	-0.666022	115	22	111	621.690
1.047198	2.073035	2.027405	26	10	113	621.492
1.570796	1.134497	-1.109631	31	0	2	621.431
-2.356194	1.184361	0.625864	103	126	118	621.390
1.308997	2.180315	-1.357379	123	10	21	621.352
-1.047198	1.417623	-0.202254	22	16	115	621.327
0.785398	1.869911	2.701025	113	15	116	621.243
1.308997	0.685216	-1.712745	116	10	116	621.169
-0.261799	2.164094	-2.991358	5	20	9	621.166
2.879793	1.545873	-1.877082	118	99	7	621.166
1.832596	1.504028	0.636812	5	107	104	621.122
2.094395	1.617114	-1.572037	34	5	2	621.109
2.094395	1.741644	-2.695914	91	4	9	621.099
2.879793	2.478122	2.609777	106	110	16	621.075
-2.879793	2.174483	2.653697	21	126	127	620.888
1.047198	0.762244	-0.273349	101	8	110	620.874
-2.356194	2.153910	-1.714959	124	111	14	620.845
-2.879793	1.569311	-3.003978	120	112	28	620.800
1.570796	2.592629	0.909713	113	115	20	620.769
-1.308997	1.872854	1.543456	6	109	17	620.743
-0.785398	2.396274	-1.959260	102	6	125	620.632
-2.094395	1.335669	0.897240	119	19	116	620.573
0.261799	0.709924	0.218797	113	12	105	620.565
-2.356194	2.104282	-0.813972	12	113	22	620.559
-1.570796	2.456751	-1.503343	114	18	119	620.555
1.832596	2.343981	-1.040456	26	7	117	620.525
0.261799	1.195355	1.200319	32	10	125	620.359
0.000000	0.866395	-2.492918	2	26	119	620.330
0.523599	1.440580	2.260026	29	8	16	620.120
-1.832596	1.417623	-0.202254	24	125	108	620.101
2.879793	1.335669	0.897240	108	1	108	619.984
-2.879793	1.555207	1.708892	28	127	124	619.931
-0.785398	0.850607	-1.335383	127	23	112	619.838
0.785398	2.863997	0.549740	0	23	6	619.782
-3.141593	1.736875	3.023612	97	3	120	619.775
2.356194	0.864993	2.278281	124	23	120	619.736
-2.879793	2.979456	-1.009304	121	22	117	619.705
2.356194	1.696674	-1.253233	34	9	126	619.643
1.308997	1.134796	2.434290	93	15	122	619.629
-2.356194	1.683268	0.374177	125	25	125	619.625
1.308997	2.379497	0.561089	112	115	18	619.591
2.094395	0.496451	0.593859	115	112	120	619.566
2.356194	2.164094	-2.991358	2	23	119	619.536
-1.308997	2.724429	-0.348782	116	10	30	619.512
1.308997	1.699788	2.452890	94	1	4	619.240
-0.785398	0.709924	0.218797	94	12	118	619.187
1.308997	1.554776	0.100351	93	123	12	618.964
-0.261799	1.194549	-0.801900	119	25	117	618.895
1.832596	2.115563	0.685730	106	15	123	618.893
2.879793	2.456751	-1.503343	6	110	30	618.881
-1.570796	1.335669	0.897240	3	108	11	618.863
-0.785398	0.961715	0.014085	21	27	1	618.814
2.356194	0.418037	1.360082	2	22	115	618.595
-2.094395	1.948085	-2.363031	125	19	13	618.584
0.000000	2.104282	-0.813972	95	12	3	618.489
2.094395	1.872854	1.543456	101	112	1	618.471
0.785398	0.419640	2.974122	105	22	117	618.455
-2.356194	0.615174	-0.666022	122	13	106	618.372
-1.308997	0.709924	0.218797	19	3	107	618.360
1.308997	0.960688	-0.577532	91	123	118	618.339
-3.141593	0.379747	-1.713059	108	115	116	618.324
-1.047198	1.809167	1.213774	26	0	110	618.250
-1.308997	1.736875	3.023612	112	125	24	618.235
0.523599	2.396274	-1.959260	101	116	12	618.126
-2.094395	1.218453	2.777284	6	6	119	617.995
-1.570796	2.115563	0.685730	32	5	119	617.892
-2.356194	1.310100	1.488307	7	98	16	617.859
0.261799	1.134497	-1.109631	12	118	33	617.844
-0.785398	1.025536	1.576859	100	119	115	617.834
-0.261799	1.909857	-0.381669	20	116	11	617.810
1.308997	2.664082	-1.071402	120	125	33	617.733
-1.047198	2.719179	-1.780644	8	22	7	617.695
-1.570796	0.418037	1.360082	124	103	117	617.694
-1.832596	1.310100	1.488307	41	126	126	617.654
-1.047198	0.370812	-2.547742	21	14	112	617.652
-2.617994	1.904882	-1.478089	3	108	18	617.642
-2.094395	1.135813	-2.658866	40	121	2	617.474
2.094395	0.762244	-0.273349	118	10	101	617.462
-2.094395	0.419640	2.974122	107	123	114	617.392
-2.617994	1.824694	1.850876	95	2	10	617.303
-1.308997	1.448123	-2.163292	35	2	6	617.248
1.047198	1.134497	-1.109631	26	118	7	617.241
2.879793	2.089241	-0.114193	116	101	17	617.240
-0.261799	2.881233	-2.582574	126	101	11	617.167
-1.308997	2.863997	0.549740	120	19	114	617.148
0.523599	1.721184	-0.153948	20	119	119	617.111
0.000000	0.290380	-0.796960	119	109	1	617.023
1.047198	1.448123	-2.163292	117	111	18	616.998
2.356194	0.866955	-0.931351	9	112	26	616.896
1.308997	1.569311	-3.003978	93	7	0	616.868
0.261799	2.299159	2.264663	26	1	114	616.867
2.879793	1.247695	1.809890	18	120	120	616.828
-0.785398	2.592629	0.909713	107	15	115	616.746
-1.047198	1.741644	-2.695914	29	127	3	616.689
1.308997	1.998705	2.370472	100	4	123	616.686
-1.832596	0.866955	-0.931351	25	126	108	616.639
2.094395	0.685216	-1.712745	113	106	17	616.548
0.523599	0.831641	0.616218	108	19	115	616.406
2.094395	2.588535	-2.976617	115	15	106	616.378
2.879793	0.290380	-0.796960	126	14	102	616.292
-0.261799	2.719179	-1.780644	117	105	16	616.280
2.356194	2.299159	2.264663	119	110	25	616.219
-1.832596	2.407836	1.410646	124	106	124	616.140
-2.617994	1.909857	-0.381669	27	116	119	616.126
1.832596	1.606104	-0.451151	125	8	115	616.019
-2.879793	1.433411	-1.035986	8	104	15	615.964
-2.356194	1.214854	-1.966664	41	122	3	615.929
-1.308997	1.555207	1.708892	127	126	25	615.906
-2.879793	2.063651	-2.044600	122	107	19	615.899
2.617994	2.247462	0.191623	27	123	18	615.884
-1.832596	0.571433	-1.188419	12	0	97	615.737
-2.617994	2.478122	2.609777	21	117	7	615.699
1.047198	0.619654	-2.216909	115	112	6	615.668
-0.261799	1.128190	-2.288622	4	26	122	615.652
1.308997	2.863997	0.549740	102	14	0	615.557
-2.094395	1.367556	0.358405	38	122	124	615.527
-2.094395	1.448123	-2.163292	43	127	8	615.517
-0.785398	2.115563	0.685730	105	15	115	615.402
-1.570796	1.756530	-2.105156	110	11	121	615.351
1.047198	2.724429	-0.348782	113	19	1	615.332
2.094395	1.662363	0.915448	17	105	122	615.324
1.047198	0.709924	0.218797	98	123	110	615.234
0.261799	2.455966	-0.641220	97	9	127	615.222
0.785398	1.948085	-2.363031	116	13	125	615.217
1.570796	0.929350	-2.910676	100	0	20	615.159
-2.617994	2.001437	0.381215	0	27	124	615.152
2.879793	0.906588	1.252948	123	20	108	615.091
-3.141593	1.846342	-1.796954	125	104	20	614.982
-1.047198	1.545873	-1.877082	36	9	14	614.888
-0.523599	0.700570	1.559208	26	1	109	614.809
-2.617994	1.247695	1.809890	105	19	121	614.553
0.523599	2.033014	2.977192	109	18	4	614.390
1.047198	1.247695	1.809890	101	0	119	614.389
-2.094395	1.875281	0.107086	126	19	110	614.302
-2.094395	2.478122	2.609777	0	111	107	614.114
-1.832596	2.979456	-1.009304	123	22	114	614.035
0.785398	1.909857	-0.381669	0	103	17	613.991
0.785398	1.413347	-1.339188	20	121	29	613.908
-1.832596	0.899350	-2.069907	36	6	119	613.901
-3.141593	2.153910	-1.714959	32	14	4	613.785
2.879793	2.349581	-2.702517	19	13	118	613.741
1.832596	0.910508	1.903534	118	18	107	613.585
-0.523599	0.571433	-1.188419	118	14	100	613.577
-0.523599	0.203748	0.590255	108	7	108	613.513
2.879793	1.325504	-1.671296	116	99	126	613.218
0.000000	2.174483	2.653697	26	123	116	613.137
-3.141593	1.256302	0.062705	119	6	109	613.117
-1.570796	1.510910	-0.740472	124	23	121	613.063
1.570796	1.301460	-0.509251	22	126	121	613.026
-2.094395	0.831641	0.616218	107	125	110	612.908
-2.879793	2.251330	-2.330739	122	107	11	612.904
0.261799	1.870545	-2.976234	110	20	2	612.872
1.308997	0.709924	0.218797	120	104	9	612.795
1.047198	2.587733	0.232235	110	6	110	612.787
0.261799	0.419640	2.974122	37	2	7	612.769
-1.047198	0.419640	2.974122	125	103	125	612.767
2.356194	1.732874	-0.951685	33	9	123	612.742
-3.141593	1.875281	0.107086	98	113	123	612.741
2.356194	2.041297	-2.664597	99	1	1	612.504
-2.617994	1.504028	0.636812	101	0	124	612.474
-0.261799	1.869911	2.701025	109	7	122	612.450
-1.308997	1.214854	-1.966664	37	10	1	612.371
0.523599	0.419640	2.974122	114	23	115	612.347
1.570796	1.870545	-2.976234	97	15	6	612.316
1.047198	2.979456	-1.009304	120	8	117	612.089
-0.261799	2.033014	2.977192	32	123	123	612.034
0.261799	0.203748	0.590255	112	3	106	611.991
-2.617994	2.089241	-0.114193	125	123	22	611.972
-1.570796	2.153910	-1.714959	112	16	124	611.943
-2.617994	1.134796	2.434290	99	13	119	611.933
-0.785398	0.419640	2.974122	104	121	0	611.925
1.308997	2.187132	-0.479875	1	1	25	611.903
-0.523599	0.709924	0.218797	13	11	108	611.832
0.785398	1.875281	0.107086	94	4	17	611.768
2.617994	2.295480	1.008277	98	8	1	611.762
0.261799	1.218453	2.777284	114	26	123	611.656
-0.261799	2.251330	-2.330739	30	120	16	611.603
-1.047198	2.138223	1.678323	2	111	16	611.499
2.879793	1.948085	-2.363031	101	121	4	611.437
0.785398	2.664082	-1.071402	28	118	15	611.415
1.832596	0.418037	1.360082	6	16	110	611.325
-2.879793	2.455966	-0.641220	112	122	24	611.307
-2.356194	2.187132	-0.479875	112	0	21	611.269
-2.356194	1.904882	-1.478089	127	110	15	611.262
2.356194	2.719179	-1.780644	107	4	122	611.229
2.879793	2.863997	0.549740	34	119	1	611.166
-2.879793	0.640596	-2.797608	7	105	106	611.159
-1.570796	2.033014	2.977192	112	111	108	611.070
1.308997	0.910508	1.903534	34	10	118	611.004
-1.832596	1.872854	1.543456	8	103	21	610.957
-3.141593	2.404280	-0.174044	9	119	27	610.955
-2.879793	1.721184	-0.153948	104	110	119	610.833
0.000000	1.194549	-0.801900	97	17	116	610.798
0.523599	2.073035	2.027405	23	1	110	610.774
-1.832596	1.247695	1.809890	38	117	3	610.773
-0.785398	1.134497	-1.109631	2	25	115	610.764
-1.570796	1.599406	1.426070	43	0	3	610.753
2.356194	1.135834	-1.431087	26	117	6	610.732
2.879793	1.658653	-2.409879	103	120	125	610.674
-2.879793	1.812176	0.656819	9	25	125	610.652
-1.832596	2.637879	2.121598	126	101	8	610.594
2.356194	2.356369	3.005869	126	22	115	610.502
-2.094395	1.135834	-1.431087	123	20	5	610.478
0.261799	2.247462	0.191623	103	4	21	610.471
-1.832596	0.619654	-2.216909	33	6	116	610.455
2.356194	0.640596	-2.797608	111	115	18	610.381
1.308997	1.736875	3.023612	112	117	27	610.328
-2.617994	1.766067	2.153843	29	115	12	610.303
-1.047198	2.478122	2.609777	114	113	20	610.292
-2.617994	0.619654	-2.216909	109	113	121	610.254
1.047198	0.419640	2.974122	101	19	116	610.234
-1.047198	1.134497	-1.109631	7	24	116	610.185
-1.832596	2.174483	2.653697	20	123	120	610.167
2.617994	0.762244	-0.273349	9	16	0	610.163
-0.261799	2.089241	-0.114193	116	18	22	610.136
-2.094395	1.812176	0.656819	115	24	119	610.130
-1.570796	0.762244	-0.273349	109	10	109	610.114
-0.523599	0.685216	-1.712745	125	26	118	610.076
-3.141593	1.134497	-1.109631	109	1	115	609.959
-2.879793	1.875281	0.107086	102	111	123	609.931
0.523599	1.699788	2.452890	28	118	116	609.890
-2.617994	2.404280	-0.174044	122	8	24	609.832
1.832596	1.658653	-2.409879	102	8	126	609.819
-2.617994	2.174483	2.653697	21	116	3	609.801
1.570796	1.195355	1.200319	29	2	115	609.761
-1.308997	2.664082	-1.071402	3	15	118	609.720
-1.570796	1.683268	0.374177	34	122	120	609.579
2.617994	2.138223	1.678323	109	104	8	609.516
0.261799	2.984978	1.954446	120	19	114	609.499
2.879793	1.809167	1.213774	104	103	10	609.421
1.308997	2.984978	1.954446	110	5	32	609.390
-0.261799	1.256302	0.062705	124	21	108	609.331
-0.261799	0.297065	2.160177	107	126	118	609.321
-2.094395	0.591903	2.010408	106	107	126	609.136
1.047198	0.458961	-0.107937	106	4	107	609.059
1.047198	2.104282	-0.813972	116	118	110	609.013
2.617994	1.325504	-1.671296	32	4	8	608.945
-0.261799	1.574060	2.783565	9	27	9	608.895
0.261799	1.982574	-1.115518	95	127	0	608.885
2.617994	1.335669	0.897240	17	12	111	608.884
-0.785398	2.863997	0.549740	16	12	111	608.877
-1.832596	2.089241	-0.114193	27	1	120	608.802
-0.523599	1.168678	2.108595	120	109	108	608.794
0.523599	2.174483	2.653697	108	18	4	608.766
0.785398	1.242974	-2.977882	114	114	11	608.754
-0.523599	1.554776	0.100351	117	26	116	608.660
-1.047198	0.831641	0.616218	28	0	110	608.612
2.094395	1.812176	0.656819	118	12	112	608.542
-1.308997	1.310100	1.488307	114	0	18	608.471
-2.617994	2.115563	0.685730	18	110	109	608.432
2.094395	1.696674	-1.253233	33	5	126	608.292
0.785398	2.587733	0.232235	112	10	113	608.273
1.570796	1.662363	0.915448	6	102	117	608.264
0.261799	2.881233	-2.582574	117	125	35	608.167
-3.141593	2.033014	2.977192	105	106	20	608.132
-1.570796	0.899350	-2.069907	26	126	112	607.983
1.308997	0.961715	0.014085	97	5	113	607.973
1.308997	2.404280	-0.174044	22	106	16	607.835
0.785398	0.685216	-1.712745	106	113	9	607.771
2.094395	0.866395	-2.492918	107	115	19	607.771
0.261799	1.732874	-0.951685	15	107	29	607.638
1.832596	0.899350	-2.069907	104	13	2	607.559
-3.141593	1.135813	-2.658866	3	100	114	607.541
0.000000	2.704512	1.488683	124	114	9	607.539
-0.523599	2.033014	2.977192	106	118	17	607.535
1.570796	2.379497	0.561089	108	17	123	607.509
1.570796	1.050534	3.042579	12	21	21	607.414
-2.879793	0.864993	2.278281	105	19	123	607.404
-1.570796	2.455966	-0.641220	122	21	113	607.398
2.094395	0.615174	-0.666022	12	113	30	607.382
1.308997	1.194549	-0.801900	112	109	23	607.221
1.832596	2.251330	-2.330739	102	120	31	607.185
2.617994	1.606104	-0.451151	110	118	19	607.149
2.094395	0.910508	1.903534	91	2	115	607.092
1.832596	2.664082	-1.071402	91	119	7	607.063
1.047198	1.872854	1.543456	31	15	4	607.034
1.832596	1.367556	0.358405	95	125	111	606.941
2.356194	2.760637	2.781135	95	8	122	606.886
-2.879793	0.709924	0.218797	112	14	118	606.844
-0.523599	1.732874	-0.951685	102	124	24	606.755
-2.094395	1.195355	1.200319	114	13	107	606.745
-2.617994	1.721184	-0.153948	37	120	125	606.712
1.570796	2.455966	-0.641220	127	126	28	606.681
-1.308997	1.545873	-1.877082	103	10	0	606.576
0.000000	2.115563	0.685730	94	19	11	606.407
0.000000	2.295480	1.008277	96	126	118	606.357
0.785398	1.617114	-1.572037	107	113	126	606.297
-0.785398	1.247695	1.809890	11	12	107	606.257
-2.879793	2.180315	-1.357379	31	14	1	606.200
-1.832596	0.850607	-1.335383	27	123	112	606.128
-1.832596	2.592629	0.909713	6	13	111	605.966
1.570796	1.214854	-1.966664	27	1	3	605.964
1.832596	1.683268	0.374177	124	14	119	605.947
2.879793	1.904882	-1.478089	34	9	4	605.929
1.308997	1.256302	0.062705	98	6	107	605.881
-1.047198	0.961715	0.014085	114	113	118	605.873
-2.879793	2.637879	2.121598	24	121	6	605.725
0.523599	1.256302	0.062705	21	6	117	605.644
-1.832596	2.001437	0.381215	112	23	121	605.585
-3.141593	2.295480	1.008277	103	105	19	605.451
-1.832596	1.367556	0.358405	8	22	114	605.305
0.785398	1.846342	-1.796954	107	112	6	605.296
0.523599	1.909857	-0.381669	17	120	118	605.104
-2.617994	1.617114	-1.572037	89	3	2	605.029
-2.356194	1.812176	0.656819	127	27	123	605.000
-1.047198	1.184361	0.625864	124	16	13	604.982
-0.785398	1.325504	-1.671296	36	18	7	604.946
-3.141593	1.869911	2.701025	116	104	21	604.882
-2.879793	1.218453	2.777284	115	99	3	604.855
-1.832596	2.984978	1.954446	33	122	123	604.782
2.094395	2.089241	-0.114193	118	4	109	604.707
-2.879793	0.906588	1.252948	29	3	120	604.690
-3.141593	2.579248	-2.364801	127	114	32	604.650
0.261799	1.367556	0.358405	16	124	112	604.642
0.261799	2.478122	2.609777	25	126	114	604.585
2.617994	1.696674	-1.253233	126	9	27	604.476
-3.141593	0.619654	-2.216909	103	116	118	604.459
-1.047198	0.619654	-2.216909	9	19	13	604.412
-3.141593	2.456751	-1.503343	33	12	2	604.374
0.000000	2.881233	-2.582574	106	1	120	604.221
2.617994	2.881233	-2.582574	2	23	117	604.210
-2.879793	1.310100	1.488307	3	26	121	604.195
1.308997	1.599406	1.426070	114	113	119	604.153
-2.879793	1.617114	-1.572037	1	103	16	604.147
-2.879793	2.588535	-2.976617	110	112	23	604.118
-3.141593	2.164094	-2.991358	111	111	124	604.020
-2.617994	1.310100	1.488307	96	124	5	604.017
0.261799	1.555207	1.708892	126	30	4	603.977
1.832596	0.496451	0.593859	15	101	10	603.961
0.261799	1.721184	-0.153948	10	115	115	603.947
-2.879793	0.297065	2.160177	12	123	112	603.893
-2.094395	2.760637	2.781135	27	123	11	603.830
-3.141593	2.299159	2.264663	122	108	28	603.825
-1.832596	1.374601	-2.456031	14	14	116	603.805
0.523599	0.866395	-2.492918	101	21	119	603.690
-2.356194	0.914445	2.687814	93	3	0	603.676
-0.261799	1.450119	-2.739050	28	112	11	603.675
1.832596	1.168678	2.108595	91	4	117	603.569
1.832596	1.699788	2.452890	126	24	121	603.371
-1.570796	1.256302	0.062705	113	126	107	603.346
-2.879793	1.696674	-1.253233	126	104	11	603.344
-2.094395	1.413430	2.550734	32	113	2	603.258
-0.261799	1.545873	-1.877082	99	122	5	603.160
-2.879793	2.664082	-1.071402	114	21	111	603.058
-2.879793	1.982574	-1.115518	9	6	109	603.020
2.094395	2.881233	-2.582574	113	127	34	603.018
1.570796	1.247695	1.809890	23	6	114	602.968
1.047198	0.591903	2.010408	115	23	112	602.927
-0.785398	0.591903	2.010408	115	126	105	602.927
0.000000	1.506530	1.988858	3	24	116	602.816
-2.879793	2.760637	2.781135	109	115	106	602.782
2.879793	0.458961	-0.107937	0	13	105	602.759
-2.356194	2.724429	-0.348782	12	117	30	602.734
-1.047198	1.554776	0.100351	124	13	17	602.633
1.832596	1.413430	2.550734	89	119	5	602.617
0.000000	1.417623	-0.202254	92	4	122	602.490
0.261799	2.979456	-1.009304	11	0	112	602.388
-2.094395	1.683268	0.374177	123	19	111	602.372
2.094395	2.349581	-2.702517	124	19	105	602.352
-2.094395	1.998705	2.370472	16	120	117	602.340
-3.141593	2.396274	-1.959260	1	22	117	602.193
0.000000	0.906588	1.252948	115	17	110	602.187
-2.356194	2.356369	3.005869	110	110	113	602.059
0.523599	1.599406	1.426070	105	119	120	602.026
-0.261799	1.506530	1.988858	12	20	116	602.010
-1.832596	0.297065	2.160177	123	0	101	601.990
-1.570796	1.433411	-1.035986	124	21	122	601.987
-2.094395	1.247695	1.809890	112	125	99	601.985
-1.570796	0.864993	2.278281	96	122	122	601.974
2.879793	1.413347	-1.339188	18	114	112	601.954
0.523599	1.247695	1.809890	119	23	112	601.928
-2.094395	1.736875	3.023612	27	120	0	601.921
-2.617994	0.899350	-2.069907	4	103	23	601.888
-1.047198	0.290380	-0.796960	31	19	124	601.880
1.570796	1.569311	-3.003978	90	124	4	601.835
-0.523599	1.256302	0.062705	17	28	4	601.810
1.832596	2.104282	-0.813972	28	2	118	601.772
2.356194	1.574060	2.783565	124	7	24	601.763
-1.047198	1.699788	2.452890	12	1	108	601.762
1.047198	2.407836	1.410646	118	19	112	601.670
1.308997	1.488617	1.159546	1	119	19	601.570
-2.617994	0.290380	-0.796960	9	18	0	601.515
2.094395	2.187132	-0.479875	26	4	116	601.498
0.523599	1.836682	-0.676006	9	106	25	601.476
0.261799	1.214854	-1.966664	119	25	123	601.365
-2.356194	1.413430	2.550734	19	115	118	601.203
-2.094395	1.488617	1.159546	103	24	125	601.142
-1.570796	1.977582	0.969896	16	120	104	601.107
2.356194	1.766067	2.153843	20	117	1	601.106
-1.047198	1.310100	1.488307	116	127	19	601.092
0.785398	1.391910	3.030322	124	121	25	601.066
2.617994	0.960688	-0.577532	22	122	112	601.034
2.617994	1.168678	2.108595	120	20	114	600.984
0.261799	2.174483	2.653697	114	19	2	600.980
0.523599	1.977582	0.969896	100	115	122	600.902
0.523599	2.587733	0.232235	108	107	117	600.821
1.832596	0.674054	1.013609	9	13	110	600.791
-2.094395	2.104282	-0.813972	7	24	122	600.535
-2.617994	0.914445	2.687814	94	9	127	600.533
0.000000	2.456751	-1.503343	102	127	121	600.528
-0.523599	1.699788	2.452890	3	116	20	600.505
0.785398	0.864993	2.278281	9	101	11	600.501
2.356194	2.115563	0.685730	103	122	111	600.464
0.000000	1.662363	0.915448	30	0	0	600.344
-1.832596	0.929350	-2.910676	124	98	1	600.293
0.523599	2.719179	-1.780644	97	3	31	600.274
2.879793	2.033014	2.977192	96	8	120	600.212
-0.261799	1.872854	1.543456	107	4	112	600.158
-2.617994	1.488617	1.159546	0	26	119	600.082
-0.785398	2.180315	-1.357379	105	11	123	600.072
-2.094395	0.864993	2.278281	93	5	125	600.034
2.094395	1.335669	0.897240	114	12	110	599.952
-3.141593	1.699788	2.452890	115	101	13	599.925
1.308997	1.870545	-2.976234	101	18	6	599.820
-0.261799	1.310100	1.488307	3	18	106	599.816
-0.261799	0.831641	0.616218	6	18	111	599.793
0.261799	1.045978	0.343692	25	9	113	599.766
2.879793	1.721184	-0.153948	116	100	8	599.759
-1.308997	0.762244	-0.273349	109	9	107	599.742
1.832596	1.948085	-2.363031	105	9	0	599.689
-0.261799	2.174483	2.653697	8	20	25	599.600
1.047198	0.496451	0.593859	119	104	7	599.523
1.570796	2.863997	0.549740	115	14	120	599.377
2.617994	1.195355	1.200319	33	6	126	599.359
1.308997	2.704512	1.488683	98	122	13	599.317
-2.879793	1.113094	-0.272241	126	8	108	599.301
-3.141593	1.310100	1.488307	118	99	14	599.217
-3.141593	1.809167	1.213774	22	114	10	599.162
0.261799	0.496451	0.593859	111	9	106	599.142
0.785398	1.554776	0.100351	121	102	7	599.140
-0.261799	0.685216	-1.712745	107	25	120	598.951
2.094395	0.733948	3.021411	108	125	22	598.879
-0.523599	2.073035	2.027405	2	112	14	598.694
-2.879793	1.554776	0.100351	107	6	118	598.650
0.000000	2.343981	-1.040456	97	9	1	598.649
-3.141593	1.569311	-3.003978	96	5	124	598.647
2.094395	1.732874	-0.951685	32	5	124	598.640
2.094395	1.510910	-0.740472	29	3	123	598.304
2.094395	2.356369	3.005869	96	2	3	598.274
-3.141593	2.108018	1.311430	106	102	12	598.230
1.570796	1.875281	0.107086	96	3	17	598.228
-0.523599	0.297065	2.160177	114	121	106	598.202
2.094395	1.168678	2.108595	1	22	116	598.114
0.785398	1.194549	-0.801900	24	116	5	598.104
1.308997	2.295480	1.008277	103	118	13	598.075
-0.785398	0.831641	0.616218	10	15	109	598.004
0.261799	0.685216	-1.712745	116	24	115	597.985
-1.308997	1.875281	0.107086	116	19	17	597.856
-3.141593	1.721184	-0.153948	4	111	19	597.840
-3.141593	1.025536	1.576859	23	121	125	597.672
-1.570796	1.218453	2.777284	27	2	118	597.602
-1.570796	0.496451	0.593859	120	109	4	597.602
-2.094395	2.393226	1.857173	127	108	30	597.544
2.879793	1.696674	-1.253233	15	126	114	597.496
1.047198	1.194549	-0.801900	27	117	5	597.460
0.785398	0.866955	-0.931351	7	118	32	597.381
0.523599	2.356369	3.005869	115	16	127	597.273
-0.261799	1.325504	-1.671296	121	30	1	597.266
1.047198	0.960688	-0.577532	102	2	103	597.264
0.785398	1.506530	1.988858	31	3	117	597.235
1.832596	0.203748	0.590255	4	105	31	597.226
2.617994	1.184361	0.625864	110	9	115	597.213
-2.879793	1.214854	-1.966664	112	110	124	597.185
-1.570796	2.104282	-0.813972	1	126	26	597.161
-2.879793	1.506530	1.988858	108	20	117	597.132
-0.523599	2.456751	-1.503343	104	5	122	597.035
-3.141593	2.379497	0.561089	116	105	25	597.009
-0.523599	2.407836	1.410646	124	114	8	597.001
1.308997	1.977582	0.969896	96	119	7	596.971
-0.523599	1.135834	-1.431087	126	27	121	596.969
2.617994	2.396274	-1.959260	111	24	113	596.925
-2.879793	1.168678	2.108595	111	25	119	596.902
2.094395	1.374601	-2.456031	102	2	120	596.750
-1.047198	0.458961	-0.107937	14	4	106	596.646
-1.308997	2.592629	0.909713	126	108	127	596.591
-3.141593	2.393226	1.857173	22	117	7	596.570
0.523599	1.135813	-2.658866	2	26	123	596.482
0.261799	1.606104	-0.451151	96	120	19	596.275
-1.832596	1.025536	1.576859	95	13	125	596.265
-0.261799	1.606104	-0.451151	111	1	24	596.262
-1.832596	2.115563	0.685730	2	21	121	596.234
2.617994	2.104282	-0.813972	10	109	116	596.212
-3.141593	1.413347	-1.339188	0	101	13	596.209
1.047198	0.618092	2.539118	102	22	119	596.064
2.356194	1.413430	2.550734	126	22	116	596.019
1.047198	2.138223	1.678323	105	124	116	595.779
1.570796	1.809167	1.213774	96	116	0	595.759
2.617994	0.992645	-1.723759	29	125	13	595.712
-2.356194	1.824694	1.850876	125	100	15	595.675
1.832596	1.721184	-0.153948	127	114	20	595.667
-1.570796	2.724429	-0.348782	120	0	28	595.528
-2.879793	2.299159	2.264663	21	118	3	595.523
2.879793	1.413430	2.550734	123	112	110	595.501
-0.523599	0.961715	0.014085	14	17	111	595.462
0.785398	1.367556	0.358405	12	12	111	595.461
0.523599	2.393226	1.857173	106	7	113	595.370
0.785398	0.733948	3.021411	104	15	109	595.341
-0.261799	2.299159	2.264663	125	112	11	594.807
2.094395	1.134497	-1.109631	30	0	0	594.767
2.094395	1.135813	-2.658866	107	119	23	594.500
1.308997	0.831641	0.616218	101	8	109	594.468
-2.617994	2.153910	-1.714959	127	110	20	594.463
2.617994	0.929350	-2.910676	116	117	23	594.291
-0.261799	0.709924	0.218797	5	17	111	594.265
2.356194	0.571433	-1.188419	30	122	2	594.221
2.617994	2.115563	0.685730	30	124	117	594.111
0.261799	0.762244	-0.273349	107	16	111	594.010
-3.141593	2.592629	0.909713	114	106	25	593.961
2.617994	1.413430	2.550734	8	19	105	593.956
0.000000	2.138223	1.678323	22	127	109	593.875
2.617994	0.203748	0.590255	1	21	125	593.833
0.785398	2.760637	2.781135	23	6	113	593.805
-2.094395	1.982574	-1.115518	127	116	19	593.742
-2.094395	0.674054	1.013609	22	122	111	593.680
-0.785398	1.135834	-1.431087	126	104	23	593.680
0.785398	0.960688	-0.577532	23	118	2	593.656
-0.785398	2.343981	-1.040456	27	27	20	593.605
-1.047198	1.050534	3.042579	9	99	125	593.601
-1.832596	2.579248	-2.364801	26	2	3	593.596
-1.047198	2.664082	-1.071402	2	17	118	593.562
-1.570796	1.195355	1.200319	4	109	13	593.525
1.570796	1.574060	2.783565	93	125	1	593.487
-2.879793	0.458961	-0.107937	5	12	108	593.472
2.356194	2.073035	2.027405	90	0	118	593.431
-0.261799	1.875281	0.107086	99	10	17	593.319
1.308997	2.247462	0.191623	114	22	1	593.125
0.785398	1.440580	2.260026	109	9	112	593.064
-2.617994	2.108018	1.311430	122	101	21	593.059
0.523599	0.619654	-2.216909	110	115	127	593.010
1.570796	1.134796	2.434290	111	13	21	593.007
0.523599	0.674054	1.013609	108	17	114	592.967
1.570796	2.984978	1.954446	103	124	20	592.939
2.617994	1.977582	0.969896	101	121	113	592.889
-1.570796	2.247462	0.191623	105	16	114	592.788
1.832596	1.875281	0.107086	106	118	18	592.765
-3.141593	2.115563	0.685730	109	101	13	592.719
0.261799	1.756530	-2.105156	92	7	127	592.611
-0.785398	2.073035	2.027405	125	112	13	592.325
1.570796	0.866395	-2.492918	112	118	21	592.316
-2.617994	1.184361	0.625864	109	0	110	592.290
1.570796	1.736875	3.023612	117	23	117	592.259
1.047198	1.335669	0.897240	100	20	118	592.255
0.523599	0.733948	3.021411	107	26	122	592.127
-3.141593	1.242974	-2.977882	117	99	13	592.111
-1.047198	1.134796	2.434290	27	10	117	592.022
-0.261799	1.050534	3.042579	6	27	126	592.000
1.570796	1.617114	-1.572037	27	1	126	591.991
-0.261799	2.984978	1.954446	35	127	17	591.973
1.832596	1.617114	-1.572037	31	2	1	591.875
2.617994	1.448123	-2.163292	110	101	13	591.862
2.356194	1.948085	-2.363031	24	116	7	591.758
-3.141593	2.881233	-2.582574	98	125	22	591.753
-0.523599	0.850607	-1.335383	121	28	121	591.740
1.570796	1.135813	-2.658866	100	127	22	591.701
1.047198	1.440580	2.260026	101	18	116	591.673
-1.047198	2.637879	2.121598	120	109	19	591.668
1.308997	1.904882	-1.478089	122	9	120	591.636
0.000000	1.766067	2.153843	30	3	14	591.610
-2.617994	0.866395	-2.492918	123	112	108	591.569
-0.785398	1.756530	-2.105156	25	119	12	591.539
-2.879793	2.001437	0.381215	6	25	124	591.535
1.570796	2.104282	-0.813972	120	105	24	591.420
-2.879793	1.741644	-2.695914	126	108	119	591.405
-1.570796	1.488617	1.159546	126	104	0	591.335
2.617994	1.569311	-3.003978	106	104	1	591.280
-2.356194	1.606104	-0.451151	6	120	21	591.211
-2.617994	0.733948	3.021411	92	4	4	591.183
-1.832596	2.138223	1.678323	101	117	5	591.135
0.523599	1.134497	-1.109631	14	121	34	591.118
2.879793	0.992645	-1.723759	32	11	7	591.034
1.047198	2.089241	-0.114193	4	100	11	590.978
-2.356194	1.617114	-1.572037	89	125	2	590.976
1.308997	0.906588	1.252948	15	116	103	590.974
-2.617994	0.910508	1.903534	28	119	120	590.949
1.570796	0.379747	-1.713059	113	5	108	590.945
-2.356194	2.455966	-0.641220	113	5	25	590.788
0.785398	2.592629	0.909713	120	22	126	590.774
1.047198	1.045978	0.343692	12	127	108	590.708
-0.261799	1.683268	0.374177	3	24	114	590.697
-1.047198	1.875281	0.107086	22	14	118	590.695
1.832596	2.299159	2.264663	103	120	125	590.580
-3.141593	1.413430	2.550734	110	101	6	590.558
-1.047198	1.869911	2.701025	120	118	22	590.483
-2.617994	2.104282	-0.813972	12	108	21	590.409
-2.356194	1.335669	0.897240	99	125	125	590.161
0.785398	2.299159	2.264663	22	126	108	590.151
0.785398	2.164094	-2.991358	117	18	127	590.127
-2.879793	0.685216	-1.712745	108	115	23	590.089
-2.617994	0.496451	0.593859	26	125	120	590.025
-0.523599	1.812176	0.656819	25	1	114	590.003
0.785398	0.640596	-2.797608	94	17	121	589.977
-1.570796	0.615174	-0.666022	31	6	117	589.960
2.356194	1.504028	0.636812	114	8	109	589.934
-1.047198	2.251330	-2.330739	102	7	125	589.912
-0.785398	1.982574	-1.115518	107	12	119	589.812
0.000000	0.961715	0.014085	116	19	108	589.691
1.047198	2.863997	0.549740	112	5	31	589.571
-1.047198	2.033014	2.977192	27	121	126	589.565
-1.570796	1.875281	0.107086	45	12	4	589.495
-2.879793	1.736875	3.023612	124	103	23	589.453
-2.617994	0.700570	1.559208	19	119	114	589.434
1.047198	1.699788	2.452890	98	6	127	589.433
-3.141593	0.960688	-0.577532	2	11	114	589.416
0.000000	2.396274	-1.959260	5	16	27	589.375
-0.523599	1.982574	-1.115518	106	6	115	589.350
-1.308997	1.242974	-2.977882	7	2	25	589.261
0.261799	1.242974	-2.977882	1	25	121	589.234
-0.785398	2.719179	-1.780644	22	124	23	589.217
2.617994	2.404280	-0.174044	21	8	113	589.137
2.617994	1.721184	-0.153948	115	11	120	589.068
2.094395	1.606104	-0.451151	0	98	19	589.036
1.047198	0.700570	1.559208	11	97	21	589.012
-1.308997	2.104282	-0.813972	2	21	124	588.958
2.617994	1.301460	-0.509251	11	110	107	588.812
-1.308997	1.870545	-2.976234	21	112	125	588.811
-3.141593	0.866395	-2.492918	4	103	108	588.764
-2.617994	0.850607	-1.335383	120	9	111	588.623
-0.785398	0.960688	-0.577532	16	12	108	588.587
-2.094395	0.961715	0.014085	31	121	117	588.433
0.523599	1.736875	3.023612	127	25	123	588.400
2.094395	2.138223	1.678323	110	114	15	588.345
-1.047198	2.979456	-1.009304	127	21	1	588.275
-2.617994	2.247462	0.191623	10	20	119	588.271
0.000000	0.864993	2.278281	5	105	116	588.253
2.094395	1.909857	-0.381669	104	121	21	588.238
2.879793	1.135813	-2.658866	98	9	2	588.222
1.832596	1.448123	-2.163292	31	3	6	588.221
-2.356194	1.662363	0.915448	102	121	123	588.151
2.356194	2.592629	0.909713	95	7	2	588.144
-0.523599	1.869911	2.701025	38	1	123	588.134
-2.879793	1.417623	-0.202254	4	117	18	588.104
2.356194	2.104282	-0.813972	117	99	12	588.038
0.000000	0.370812	-2.547742	120	24	113	588.005
-1.047198	1.214854	-1.966664	37	9	7	587.965
-1.308997	0.203748	0.590255	121	107	2	587.903
0.785398	1.732874	-0.951685	18	113	28	587.874
2.617994	0.297065	2.160177	121	116	13	587.871
0.000000	2.455966	-0.641220	104	113	16	587.825
0.785398	2.073035	2.027405	26	9	113	587.793
1.832596	2.760637	2.781135	105	17	117	587.767
-1.047198	2.588535	-2.976617	27	119	0	587.485
1.832596	0.080730	-2.622036	10	127	110	587.374
2.879793	0.203748	0.590255	2	22	121	587.249
1.832596	1.506530	1.988858	120	113	115	587.246
2.617994	0.910508	1.903534	9	117	113	587.245
-1.308997	1.168678	2.108595	33	122	116	587.196
2.617994	1.506530	1.988858	12	17	111	587.154
-2.356194	2.592629	0.909713	127	106	118	587.121
-0.523599	1.721184	-0.153948	100	16	118	587.099
-2.617994	1.506530	1.988858	29	114	8	587.097
-0.523599	2.587733	0.232235	108	9	23	587.030
1.047198	2.984978	1.954446	112	7	33	587.011
1.832596	2.724429	-0.348782	106	118	115	586.979
-0.261799	1.756530	-2.105156	4	28	14	586.941
0.261799	2.863997	0.549740	96	119	118	586.917
-1.832596	1.741644	-2.695914	27	117	1	586.914
0.523599	0.961715	0.014085	104	15	111	586.823
-1.832596	0.992645	-1.723759	44	3	2	586.803
2.356194	1.448123	-2.163292	101	124	124	586.759
1.047198	2.393226	1.857173	21	4	108	586.682
-1.832596	1.488617	1.159546	98	21	125	586.673
-1.570796	2.108018	1.311430	100	21	115	586.617
-0.785398	2.393226	1.857173	125	110	8	586.588
-1.570796	0.379747	-1.713059	24	111	15	586.547
2.617994	1.135834	-1.431087	109	102	118	586.525
-0.785398	1.658653	-2.409879	28	122	7	586.502
-1.308997	2.299159	2.264663	124	109	17	586.481
