144	1.2	0
-2.879793	0.992645	-1.723759
-1.514259	2.462213	-0.047591
../3r0r_monomer_m.pdb	-34.676	70.065	22.656
../3r0r_monomer_m.pdb	21.039	16.775	83.151
1.047198	1.870545	-2.976234	120	139	127	2094.492
1.047198	1.741644	-2.695914	123	142	124	1959.418
2.879793	0.929350	-2.910676	143	8	128	1889.154
1.832596	1.756530	-2.105156	138	9	127	1854.279
-2.356194	2.033014	2.977192	137	16	130	1845.089
1.570796	0.831641	0.616218	1	4	32	1832.429
1.308997	1.948085	-2.363031	7	11	135	1825.012
1.308997	1.741644	-2.695914	127	142	124	1823.518
0.000000	0.914445	2.687814	102	7	136	1814.754
2.094395	1.135813	-2.658866	138	1	124	1812.995
1.308997	1.683268	0.374177	142	5	119	1787.983
-2.356194	1.869911	2.701025	136	21	136	1781.564
0.000000	0.618092	2.539118	103	8	138	1780.198
1.047198	1.569311	-3.003978	123	137	126	1775.977
-1.570796	2.033014	2.977192	8	18	135	1763.013
-2.879793	1.218453	2.777284	2	9	135	1756.162
2.094395	1.045978	0.343692	1	1	31	1747.668
2.879793	1.113094	-0.272241	143	28	133	1737.071
2.094395	1.545873	-1.877082	139	14	129	1736.690
-2.094395	1.301460	-0.509251	3	124	18	1733.872
-2.356194	0.591903	2.010408	9	12	143	1733.834
2.617994	1.606104	-0.451151	4	19	123	1724.046
2.094395	2.180315	-1.357379	5	18	133	1702.658
-1.570796	0.290380	-0.796960	117	16	143	1701.889
2.356194	1.450119	-2.739050	139	0	124	1698.254
2.094395	1.256302	0.062705	3	5	28	1697.225
2.094395	1.374601	-2.456031	134	2	121	1696.787
-3.141593	0.762244	-0.273349	138	29	139	1690.569
-3.141593	1.301460	-0.509251	143	23	128	1683.005
-1.308997	1.506530	1.988858	121	6	134	1681.447
-2.879793	1.824694	1.850876	3	6	37	1679.552
1.832596	1.045978	0.343692	2	3	30	1670.233
-3.141593	1.574060	2.783565	141	9	133	1670.155
-3.141593	1.050534	3.042579	1	7	131	1649.164
-3.141593	1.113094	-0.272241	140	26	131	1648.596
-1.047198	1.218453	2.777284	113	27	132	1647.205
0.261799	2.724429	-0.348782	1	15	122	1641.792
2.356194	1.256302	0.062705	0	4	29	1633.199
-2.617994	0.866955	-0.931351	134	29	141	1625.553
0.523599	2.588535	-2.976617	1	12	139	1619.419
-2.879793	0.960688	-0.577532	138	27	136	1617.193
0.785398	1.870545	-2.976234	4	2	130	1614.526
-3.141593	1.909857	-0.381669	137	18	118	1613.727
-3.141593	1.247695	1.809890	111	11	17	1613.527
-1.570796	1.870545	-2.976234	8	15	129	1609.990
-2.879793	1.050534	3.042579	143	8	128	1608.570
2.879793	1.606104	-0.451151	0	21	123	1608.325
1.308997	1.599406	1.426070	3	129	29	1607.597
-2.879793	1.574060	2.783565	134	12	131	1606.681
0.261799	2.404280	-0.174044	5	9	120	1597.798
2.617994	0.929350	-2.910676	143	4	128	1597.695
-1.308997	2.760637	2.781135	125	9	124	1595.287
0.261799	2.356369	3.005869	0	11	140	1594.264
1.570796	1.113094	-0.272241	0	16	22	1593.659
-1.308997	1.909857	-0.381669	135	137	20	1591.952
1.832596	2.153910	-1.714959	7	16	133	1591.109
2.356194	1.545873	-1.877082	138	14	128	1585.784
2.879793	1.242974	-2.977882	0	4	128	1582.921
2.356194	0.080730	-2.622036	8	14	4	1581.570
-2.879793	0.615174	-0.666022	137	30	2	1579.606
0.785398	1.113094	-0.272241	142	7	124	1578.218
-0.785398	2.664082	-1.071402	141	18	123	1577.402
-0.523599	1.909857	-0.381669	22	135	22	1574.702
-1.308997	1.247695	1.809890	122	6	137	1573.855
1.570796	1.741644	-2.695914	128	142	124	1573.574
0.261799	2.349581	-2.702517	143	137	124	1571.917
-3.141593	2.033014	2.977192	141	9	128	1569.948
-0.523599	0.906588	1.252948	123	3	139	1569.390
-2.879793	0.914445	2.687814	3	9	135	1568.224
-2.094395	0.571433	-1.188419	119	3	26	1566.700
2.356194	1.417623	-0.202254	1	11	26	1565.513
2.094395	0.866395	-2.492918	141	7	128	1564.537
-3.141593	1.218453	2.777284	1	143	132	1563.479
-2.617994	1.433411	-1.035986	130	24	128	1562.676
2.617994	1.836682	-0.676006	13	10	121	1561.980
-0.785398	1.025536	1.576859	122	4	139	1561.511
1.047198	1.113094	-0.272241	143	13	127	1560.270
0.523599	2.349581	-2.702517	2	142	125	1559.831
0.261799	0.618092	2.539118	102	3	138	1557.533
1.047198	2.041297	-2.664597	139	3	129	1556.618
-0.523599	2.187132	-0.479875	121	3	116	1556.284
-3.141593	0.929350	-2.910676	140	7	124	1555.635
-2.356194	1.599406	1.426070	105	1	10	1553.859
-0.785398	2.979456	-1.009304	136	25	130	1553.598
1.308997	1.869911	2.701025	9	126	31	1549.450
0.000000	2.187132	-0.479875	4	2	119	1548.927
2.356194	1.606104	-0.451151	7	5	24	1543.900
-1.047198	1.555207	1.708892	121	4	135	1543.254
2.617994	1.218453	2.777284	2	135	131	1543.165
2.617994	1.909857	-0.381669	0	14	118	1541.465
-0.261799	1.909857	-0.381669	23	138	23	1537.545
-1.047198	1.247695	1.809890	121	5	137	1537.181
1.047198	1.683268	0.374177	14	4	32	1534.075
-1.047198	1.554776	0.100351	2	134	27	1531.420
-2.617994	1.134796	2.434290	22	8	140	1526.949
-2.617994	1.218453	2.777284	0	13	134	1526.911
-1.047198	0.571433	-1.188419	115	14	142	1525.888
-1.047198	1.256302	0.062705	137	133	27	1524.411
-0.261799	1.875281	0.107086	140	8	133	1523.778
-0.523599	2.455966	-0.641220	0	12	120	1522.298
1.570796	1.683268	0.374177	143	9	119	1521.081
-2.617994	1.325504	-1.671296	126	134	0	1520.270
-1.047198	0.370812	-2.547742	1	22	143	1519.264
2.356194	2.104282	-0.813972	5	23	139	1518.957
1.308997	1.569311	-3.003978	6	137	129	1518.686
2.617994	1.417623	-0.202254	1	23	127	1518.555
2.094395	0.961715	0.014085	0	9	29	1518.092
-2.879793	0.618092	2.539118	5	9	139	1517.065
-1.570796	2.719179	-1.780644	142	26	130	1514.938
1.570796	2.063651	-2.044600	5	14	137	1514.254
-3.141593	0.733948	3.021411	2	10	135	1514.020
-1.047198	2.174483	2.653697	113	28	138	1513.827
-1.047198	2.104282	-0.813972	18	124	13	1513.342
1.308997	1.256302	0.062705	2	12	27	1513.300
1.047198	2.719179	-1.780644	1	0	122	1512.211
2.094395	0.418037	1.360082	122	16	142	1509.980
0.523599	2.455966	-0.641220	132	15	119	1509.716
0.785398	0.961715	0.014085	1	11	130	1508.393
1.047198	0.914445	2.687814	142	142	41	1507.564
-2.094395	0.685216	-1.712745	119	21	129	1505.718
2.617994	1.741644	-2.695914	140	143	123	1505.420
-1.308997	2.138223	1.678323	142	19	14	1504.506
-2.356194	2.174483	2.653697	139	21	134	1502.941
-0.785398	2.174483	2.653697	108	25	137	1501.116
-0.785398	2.187132	-0.479875	122	5	116	1500.714
2.094395	1.909857	-0.381669	133	8	116	1500.445
-2.879793	1.606104	-0.451151	133	25	123	1500.188
0.523599	2.187132	-0.479875	138	11	118	1499.389
-1.832596	1.450119	-2.739050	123	18	124	1495.677
-1.570796	2.089241	-0.114193	131	130	24	1495.280
0.261799	2.033014	2.977192	2	8	139	1494.898
-2.094395	2.881233	-2.582574	143	27	133	1493.430
-0.523599	2.881233	-2.582574	132	142	119	1491.880
-1.047198	2.063651	-2.044600	0	138	126	1491.094
2.094395	1.242974	-2.977882	139	140	126	1490.962
-1.047198	1.721184	-0.153948	138	136	22	1490.355
-1.570796	1.741644	-2.695914	6	10	124	1489.963
-1.308997	2.299159	2.264663	113	28	1	1489.914
-2.094395	2.356369	3.005869	139	7	125	1487.674
-1.308997	1.766067	2.153843	119	3	129	1487.071
-1.047198	2.033014	2.977192	128	13	25	1485.291
1.570796	2.455966	-0.641220	132	1	113	1484.735
1.308997	2.041297	-2.664597	121	143	125	1483.381
-3.141593	1.242974	-2.977882	143	8	128	1482.372
-0.785398	1.721184	-0.153948	141	132	24	1482.282
-1.832596	1.510910	-0.740472	118	21	127	1481.275
1.832596	0.619654	-2.216909	143	11	130	1481.023
1.308997	1.875281	0.107086	141	5	118	1481.017
-2.356194	1.301460	-0.509251	142	127	19	1481.002
-0.785398	1.045978	0.343692	142	135	31	1480.329
-0.523599	0.379747	-1.713059	116	14	4	1478.061
2.094395	0.709924	0.218797	15	142	34	1477.992
2.617994	0.914445	2.687814	140	140	132	1475.681
0.000000	1.870545	-2.976234	129	143	128	1475.015
-0.785398	1.310100	1.488307	121	3	137	1472.550
-3.141593	1.606104	-0.451151	138	23	123	1472.135
-1.832596	2.108018	1.311430	3	17	20	1472.125
-2.617994	0.850607	-1.335383	123	20	126	1471.981
2.094395	0.929350	-2.910676	134	0	126	1470.514
-1.047198	1.310100	1.488307	121	4	137	1470.293
1.570796	1.045978	0.343692	3	6	31	1469.520
-2.617994	1.555207	1.708892	107	6	16	1469.110
0.523599	1.909857	-0.381669	140	18	130	1468.645
-0.261799	0.733948	3.021411	104	7	130	1467.042
-3.141593	1.413430	2.550734	10	2	138	1466.889
0.785398	2.455966	-0.641220	123	14	118	1466.839
-2.617994	1.736875	3.023612	131	16	130	1466.699
-1.832596	2.089241	-0.114193	129	128	25	1466.481
-1.047198	1.998705	2.370472	111	27	143	1465.520
2.094395	1.606104	-0.451151	1	15	22	1464.798
-2.617994	0.914445	2.687814	0	12	135	1464.115
-2.356194	0.297065	2.160177	11	14	139	1463.783
1.308997	1.301460	-0.509251	139	13	122	1463.758
-3.141593	1.736875	3.023612	139	8	129	1462.692
-1.308997	1.721184	-0.153948	134	139	22	1461.818
-0.785398	1.256302	0.062705	6	129	29	1461.559
-0.261799	1.606104	-0.451151	27	139	22	1461.400
-1.832596	1.242974	-2.977882	122	18	128	1461.218
2.356194	1.135813	-2.658866	140	4	128	1460.533
-0.523599	2.979456	-1.009304	133	20	124	1460.184
-1.308997	1.998705	2.370472	137	125	23	1460.108
-2.617994	2.637879	2.121598	122	9	117	1459.104
-1.570796	1.869911	2.701025	6	20	138	1458.665
-1.570796	2.407836	1.410646	140	17	15	1457.484
0.785398	2.187132	-0.479875	130	12	117	1456.948
-1.308997	2.041297	-2.664597	10	11	127	1456.423
-1.047198	1.413430	2.550734	114	28	137	1456.318
-1.047198	2.455966	-0.641220	124	13	116	1456.229
0.523599	1.256302	0.062705	1	11	131	1455.923
0.261799	1.870545	-2.976234	1	133	130	1455.825
2.879793	0.618092	2.539118	135	6	138	1455.444
-1.308997	1.417623	-0.202254	6	127	24	1454.909
-0.261799	2.379497	0.561089	132	133	22	1452.945
-2.094395	1.904882	-1.478089	129	128	140	1452.328
2.879793	1.218453	2.777284	141	3	133	1452.084
0.000000	2.760637	2.781135	143	13	1	1452.067
1.832596	1.448123	-2.163292	140	9	131	1451.561
1.308997	2.001437	0.381215	137	5	113	1450.743
2.879793	1.909857	-0.381669	142	16	118	1450.664
2.879793	1.417623	-0.202254	141	22	126	1450.572
-0.785398	2.033014	2.977192	111	26	129	1450.183
2.356194	0.929350	-2.910676	141	3	130	1449.993
-2.094395	2.033014	2.977192	133	18	130	1449.766
-0.261799	2.881233	-2.582574	130	4	122	1449.646
-1.047198	1.050534	3.042579	111	25	127	1449.627
2.356194	2.089241	-0.114193	122	10	117	1449.314
-2.094395	1.194549	-0.801900	1	124	13	1447.989
1.308997	1.450119	-2.739050	1	10	138	1447.921
2.879793	0.762244	-0.273349	0	30	140	1447.489
2.617994	0.709924	0.218797	101	5	3	1447.333
1.047198	1.998705	2.370472	137	133	32	1445.572
1.832596	0.961715	0.014085	0	11	28	1444.685
2.094395	2.153910	-1.714959	4	14	129	1444.016
-1.308997	0.864993	2.278281	133	28	143	1443.615
-2.356194	2.180315	-1.357379	127	22	120	1442.885
2.094395	1.658653	-2.409879	140	13	131	1442.842
-2.879793	1.391910	3.030322	0	9	130	1441.488
-2.879793	0.866955	-0.931351	137	30	141	1441.405
-1.832596	1.301460	-0.509251	10	121	19	1441.090
-1.047198	1.699788	2.452890	113	28	141	1440.562
1.832596	1.433411	-1.035986	130	13	118	1440.266
-2.879793	1.555207	1.708892	1	0	39	1440.177
2.879793	1.836682	-0.676006	11	10	121	1439.830
2.356194	2.187132	-0.479875	126	6	116	1439.082
1.308997	1.870545	-2.976234	123	139	128	1438.946
2.617994	1.721184	-0.153948	143	19	121	1437.974
-2.094395	1.998705	2.370472	6	24	143	1437.783
0.000000	1.721184	-0.153948	20	4	27	1436.399
-1.308997	1.554776	0.100351	141	135	27	1434.578
-1.308997	0.961715	0.014085	139	135	29	1433.781
1.308997	0.961715	0.014085	1	15	26	1433.242
2.617994	2.138223	1.678323	141	29	8	1433.006
-3.141593	0.914445	2.687814	1	0	132	1432.909
-2.617994	2.033014	2.977192	138	15	128	1432.671
-0.785398	1.113094	-0.272241	7	125	24	1432.611
-2.356194	1.766067	2.153843	142	24	4	1431.512
-2.094395	1.247695	1.809890	141	20	11	1430.812
-1.832596	2.299159	2.264663	119	10	125	1430.699
-2.356194	1.699788	2.452890	137	22	141	1429.994
2.356194	1.325504	-1.671296	137	19	132	1429.764
2.094395	1.417623	-0.202254	3	8	26	1429.341
-0.261799	1.488617	1.159546	135	10	142	1428.521
1.047198	1.554776	0.100351	9	8	28	1427.689
2.879793	1.301460	-0.509251	2	26	130	1426.959
-0.785398	2.299159	2.264663	3	20	6	1426.773
0.785398	1.569311	-3.003978	8	141	132	1426.065
0.785398	2.579248	-2.364801	3	3	124	1425.802
-3.141593	0.618092	2.539118	6	4	136	1425.296
2.356194	1.846342	-1.796954	135	12	125	1424.971
-0.523599	1.184361	0.625864	140	115	138	1424.365
-2.356194	1.904882	-1.478089	130	123	1	1424.099
0.523599	1.391910	3.030322	5	141	135	1423.632
2.617994	1.450119	-2.739050	140	1	124	1423.550
2.356194	0.709924	0.218797	15	3	34	1423.260
-2.094395	0.831641	0.616218	110	136	15	1422.979
-2.879793	1.736875	3.023612	139	12	130	1422.273
2.879793	0.961715	0.014085	139	28	135	1419.854
1.832596	1.683268	0.374177	143	16	123	1418.320
-2.356194	1.433411	-1.035986	128	21	128	1417.902
0.261799	2.041297	-2.664597	5	131	129	1417.562
-2.617994	1.194549	-0.801900	126	24	130	1417.395
-0.523599	1.574060	2.783565	111	17	132	1417.212
-1.832596	1.555207	1.708892	123	17	143	1416.078
1.308997	2.247462	0.191623	133	19	123	1415.709
1.047198	2.404280	-0.174044	129	17	120	1414.730
-1.570796	2.664082	-1.071402	127	20	118	1414.491
-1.832596	1.194549	-0.801900	8	121	13	1413.695
-3.141593	1.569311	-3.003978	136	6	124	1412.489
2.356194	1.741644	-2.695914	2	141	124	1411.820
-1.832596	1.809167	1.213774	9	14	23	1411.589
0.261799	0.914445	2.687814	102	2	137	1411.359
-0.785398	1.998705	2.370472	107	24	143	1411.296
0.785398	1.741644	-2.695914	122	2	123	1409.957
0.785398	2.247462	0.191623	136	5	114	1409.649
2.356194	0.961715	0.014085	142	7	30	1408.997
-3.141593	1.870545	-2.976234	138	7	125	1408.425
-0.785398	2.455966	-0.641220	123	10	117	1408.004
-2.617994	1.134497	-1.109631	129	26	135	1407.227
-2.617994	1.310100	1.488307	106	4	14	1405.830
-0.523599	1.662363	0.915448	136	8	142	1404.836
-1.308997	0.591903	2.010408	14	141	39	1403.582
2.094395	1.836682	-0.676006	1	8	119	1403.429
0.523599	2.719179	-1.780644	136	137	118	1402.717
0.261799	0.864993	2.278281	103	6	142	1402.559
1.570796	0.700570	1.559208	132	127	20	1402.494
-0.785398	1.417623	-0.202254	6	125	25	1401.706
-1.047198	2.478122	2.609777	112	28	138	1400.440
2.094395	2.579248	-2.364801	112	131	124	1400.279
-1.570796	1.998705	2.370472	133	128	23	1399.848
-2.356194	0.864993	2.278281	1	14	141	1399.376
1.308997	0.674054	1.013609	0	2	34	1398.888
-2.356194	1.998705	2.370472	134	24	141	1398.820
-0.261799	2.187132	-0.479875	23	137	21	1398.697
1.832596	0.496451	0.593859	141	7	33	1398.526
-2.094395	1.869911	2.701025	136	10	129	1397.780
1.570796	1.658653	-2.409879	130	1	121	1396.990
1.832596	2.063651	-2.044600	3	9	127	1396.832
2.879793	1.391910	3.030322	140	3	128	1396.832
1.047198	1.450119	-2.739050	129	139	123	1396.515
-1.047198	1.869911	2.701025	113	28	135	1395.287
1.832596	1.256302	0.062705	4	6	28	1394.956
-0.785398	2.356369	3.005869	113	28	131	1393.532
-2.617994	0.297065	2.160177	13	12	1	1391.197
1.047198	1.504028	0.636812	9	2	33	1389.664
-1.308997	2.164094	-2.991358	9	16	131	1389.240
-2.617994	0.864993	2.278281	21	8	140	1388.676
-0.523599	1.417623	-0.202254	0	3	129	1388.562
-2.094395	2.299159	2.264663	120	12	124	1388.049
2.356194	1.658653	-2.409879	139	15	132	1387.941
1.832596	2.724429	-0.348782	125	4	113	1386.428
-2.617994	1.113094	-0.272241	138	134	24	1385.940
2.356194	2.984978	1.954446	143	27	135	1385.355
1.832596	1.194549	-0.801900	132	18	123	1384.369
-2.356194	1.310100	1.488307	106	0	16	1383.749
2.356194	1.050534	3.042579	137	139	128	1383.544
-1.308997	0.370812	-2.547742	123	22	138	1383.459
-3.141593	1.658653	-2.409879	135	25	138	1383.396
1.832596	0.831641	0.616218	1	1	32	1383.099
2.879793	1.870545	-2.976234	135	14	127	1382.755
-3.141593	0.960688	-0.577532	141	30	139	1382.188
-1.832596	2.104282	-0.813972	132	6	116	1381.317
1.047198	2.979456	-1.009304	134	139	115	1379.924
-2.356194	0.850607	-1.335383	118	18	126	1379.216
-2.356194	1.617114	-1.572037	125	131	141	1378.352
-2.356194	2.164094	-2.991358	121	13	125	1376.654
2.879793	0.914445	2.687814	7	143	134	1376.197
-2.356194	1.606104	-0.451151	140	128	22	1375.709
0.000000	0.619654	-2.216909	108	135	12	1374.927
1.832596	0.709924	0.218797	0	8	30	1374.517
0.785398	1.391910	3.030322	8	142	135	1374.379
1.570796	0.615174	-0.666022	4	7	127	1374.169
-1.832596	1.247695	1.809890	114	7	131	1374.091
-1.570796	2.153910	-1.714959	130	22	125	1374.061
-1.047198	1.574060	2.783565	114	28	133	1373.231
2.356194	0.914445	2.687814	137	138	132	1373.204
1.570796	2.001437	0.381215	136	9	115	1372.802
-2.094395	1.510910	-0.740472	123	24	127	1372.369
-2.094395	1.766067	2.153843	125	19	138	1371.799
-0.785398	1.699788	2.452890	109	24	140	1371.573
1.570796	1.545873	-1.877082	4	14	3	1371.545
-2.879793	1.870545	-2.976234	142	18	131	1371.311
0.000000	2.174483	2.653697	0	9	141	1371.229
-2.617994	1.574060	2.783565	0	12	133	1371.175
-0.261799	2.455966	-0.641220	1	10	120	1371.013
-1.047198	2.187132	-0.479875	137	138	18	1370.636
-0.261799	0.419640	2.974122	104	5	131	1370.018
0.785398	0.866395	-2.492918	123	132	28	1369.664
-1.832596	2.704512	1.488683	108	23	4	1369.577
0.785398	2.587733	0.232235	133	14	119	1369.383
2.617994	1.113094	-0.272241	137	8	27	1368.495
-1.570796	2.760637	2.781135	126	12	125	1368.358
0.785398	2.393226	1.857173	12	11	10	1367.901
0.785398	2.349581	-2.702517	4	3	126	1367.380
-1.832596	1.872854	1.543456	6	20	19	1366.867
-0.785398	2.588535	-2.976617	126	0	121	1365.968
-1.570796	1.824694	1.850876	7	19	6	1365.309
-1.832596	1.045978	0.343692	130	140	132	1365.280
-1.308997	1.756530	-2.105156	140	135	124	1364.579
-2.879793	2.164094	-2.991358	132	16	126	1364.185
-0.785398	1.574060	2.783565	110	24	132	1364.119
0.261799	1.606104	-0.451151	143	12	128	1363.860
-2.879793	2.174483	2.653697	117	18	120	1363.596
-2.356194	2.637879	2.121598	123	9	119	1362.779
-2.356194	1.982574	-1.115518	124	23	121	1362.520
1.570796	0.496451	0.593859	143	6	33	1362.420
-1.047198	0.961715	0.014085	6	126	28	1360.235
-2.356194	2.343981	-1.040456	123	130	6	1359.922
2.094395	1.998705	2.370472	136	22	120	1359.350
2.356194	1.391910	3.030322	142	132	125	1359.010
-2.094395	1.450119	-2.739050	129	17	33	1358.459
-2.879793	1.766067	2.153843	4	141	142	1358.345
-2.094395	1.168678	2.108595	1	22	6	1358.230
1.308997	1.113094	-0.272241	3	17	22	1357.666
-1.308997	1.699788	2.452890	119	30	141	1356.576
-3.141593	2.164094	-2.991358	1	139	123	1356.206
0.261799	1.448123	-2.163292	23	142	129	1355.698
-2.879793	0.571433	-1.188419	125	20	128	1355.682
1.832596	0.929350	-2.910676	131	143	126	1355.194
0.523599	2.579248	-2.364801	0	141	123	1355.100
2.879793	1.569311	-3.003978	138	4	124	1354.909
-0.523599	2.174483	2.653697	105	21	137	1354.665
-0.261799	2.724429	-0.348782	138	21	125	1354.188
1.308997	1.555207	1.708892	3	125	28	1353.882
-2.356194	0.831641	0.616218	130	1	135	1353.556
2.356194	0.866955	-0.931351	143	12	123	1353.438
-2.879793	1.301460	-0.509251	133	28	129	1353.378
0.261799	2.089241	-0.114193	4	140	116	1353.064
0.261799	1.545873	-1.877082	28	2	130	1352.793
1.832596	0.418037	1.360082	127	17	142	1352.697
-1.308997	0.831641	0.616218	4	133	33	1352.488
0.000000	2.724429	-0.348782	138	17	121	1351.720
-2.094395	2.984978	1.954446	128	8	120	1351.524
-0.261799	2.174483	2.653697	140	12	142	1351.215
2.356194	0.733948	3.021411	139	142	128	1350.999
1.832596	1.545873	-1.877082	2	17	3	1350.781
-0.261799	1.045978	0.343692	1	131	30	1350.522
-2.356194	0.379747	-1.713059	120	0	24	1350.449
-2.617994	1.599406	1.426070	106	6	11	1350.378
-0.785398	0.906588	1.252948	124	3	138	1350.344
2.617994	0.961715	0.014085	102	10	2	1350.247
-1.570796	0.591903	2.010408	12	141	39	1349.762
-1.047198	2.299159	2.264663	109	25	0	1349.585
-2.356194	1.574060	2.783565	129	16	132	1349.563
-2.617994	2.073035	2.027405	2	12	35	1349.379
2.617994	1.242974	-2.977882	1	1	128	1349.350
1.570796	1.450119	-2.739050	2	5	134	1349.297
-1.570796	2.343981	-1.040456	122	14	116	1349.270
2.617994	2.187132	-0.479875	11	23	134	1348.932
0.785398	2.180315	-1.357379	4	140	17	1348.635
-0.785398	2.478122	2.609777	107	25	138	1348.414
1.047198	2.863997	0.549740	130	21	123	1348.176
-1.570796	2.180315	-1.357379	0	26	131	1347.793
-0.785398	1.413430	2.550734	110	24	137	1346.128
1.832596	1.504028	0.636812	1	21	128	1345.743
2.094395	1.721184	-0.153948	3	14	27	1344.977
-1.832596	1.732874	-0.951685	120	23	128	1344.714
0.261799	0.080730	-2.622036	120	17	3	1343.600
-2.879793	0.733948	3.021411	143	11	130	1343.495
1.308997	2.863997	0.549740	133	21	126	1342.711
-1.308997	2.393226	1.857173	6	21	12	1342.506
-1.832596	1.766067	2.153843	3	23	4	1342.127
-0.261799	2.033014	2.977192	135	135	127	1341.411
1.308997	1.128190	-2.288622	141	11	3	1341.379
-1.832596	1.721184	-0.153948	133	125	25	1340.963
2.617994	1.050534	3.042579	139	141	128	1340.855
-2.356194	0.685216	-1.712745	125	22	129	1340.780
1.047198	1.812176	0.656819	141	5	117	1340.488
2.879793	1.050534	3.042579	0	1	128	1340.165
-2.094395	0.591903	2.010408	4	20	14	1339.715
-3.141593	2.979456	-1.009304	107	134	134	1339.581
-0.261799	1.335669	0.897240	136	10	139	1338.749
-1.570796	2.164094	-2.991358	12	15	131	1338.225
1.047198	0.297065	2.160177	127	16	0	1337.535
-2.617994	2.984978	1.954446	126	6	117	1336.938
-1.308997	1.413430	2.550734	119	30	137	1336.841
-1.308997	2.343981	-1.040456	121	10	116	1336.653
-2.879793	1.569311	-3.003978	134	11	126	1336.244
2.617994	1.256302	0.062705	142	22	125	1335.984
0.000000	1.875281	0.107086	130	142	118	1335.592
-1.570796	1.310100	1.488307	0	15	3	1334.711
-0.523599	2.356369	3.005869	108	24	131	1333.895
1.570796	0.914445	2.687814	136	118	134	1333.564
0.785398	1.736875	3.023612	125	141	130	1333.164
1.570796	1.875281	0.107086	139	7	116	1332.606
1.832596	1.374601	-2.456031	136	6	128	1332.335
-1.832596	1.440580	2.260026	2	15	139	1332.178
-2.617994	1.696674	-1.253233	132	22	126	1331.871
0.000000	1.510910	-0.740472	143	8	124	1331.141
1.832596	0.203748	0.590255	102	12	142	1331.002
2.879793	1.450119	-2.739050	140	4	125	1330.923
-0.785398	2.637879	2.121598	2	16	7	1330.840
-0.785398	2.724429	-0.348782	128	14	114	1330.839
-2.356194	1.506530	1.988858	143	24	5	1330.820
1.832596	2.881233	-2.582574	110	130	132	1330.805
-0.261799	1.014500	0.906702	123	2	138	1330.238
-1.832596	2.881233	-2.582574	127	23	129	1330.176
1.570796	1.391910	3.030322	122	141	129	1329.880
1.308997	1.335669	0.897240	126	12	135	1328.844
0.523599	0.700570	1.559208	133	126	18	1328.409
0.261799	1.736875	3.023612	1	136	130	1328.104
-1.308997	1.050534	3.042579	116	26	126	1327.959
1.308997	2.456751	-1.503343	137	140	117	1327.921
1.570796	1.256302	0.062705	143	13	28	1327.912
2.094395	1.683268	0.374177	140	21	124	1326.939
-2.356194	2.984978	1.954446	131	0	115	1326.880
-2.356194	2.588535	-2.976617	124	15	122	1326.800
2.617994	0.733948	3.021411	141	1	128	1326.796
-1.308997	2.456751	-1.503343	135	19	121	1326.712
-0.785398	0.864993	2.278281	110	26	142	1325.856
0.523599	1.736875	3.023612	3	141	131	1325.422
-1.832596	1.391910	3.030322	124	19	131	1325.339
0.261799	1.869911	2.701025	2	7	140	1325.269
-1.308997	2.637879	2.121598	109	25	0	1325.171
-1.570796	1.025536	1.576859	113	5	135	1324.715
-1.832596	1.741644	-2.695914	130	18	122	1324.530
-2.879793	2.637879	2.121598	122	11	116	1323.825
1.570796	0.458961	-0.107937	121	16	14	1323.326
-2.094395	2.579248	-2.364801	7	30	140	1323.196
-1.832596	2.478122	2.609777	119	6	119	1322.842
1.832596	1.948085	-2.363031	6	2	125	1322.805
-0.785398	1.134796	2.434290	108	25	140	1322.409
-2.617994	2.164094	-2.991358	130	17	127	1321.990
2.879793	1.721184	-0.153948	140	21	120	1321.757
-1.570796	2.455966	-0.641220	128	123	5	1321.749
-1.570796	2.396274	-1.959260	129	25	129	1321.385
-0.785398	1.050534	3.042579	107	22	128	1320.869
-2.094395	0.910508	1.903534	135	20	0	1320.395
-2.356194	1.736875	3.023612	137	17	130	1319.456
-2.356194	1.696674	-1.253233	124	13	116	1319.118
-0.785398	1.301460	-0.509251	6	124	21	1318.871
-2.094395	2.174483	2.653697	115	9	122	1318.385
1.570796	1.555207	1.708892	6	123	26	1318.059
1.832596	0.640596	-2.797608	137	6	138	1317.998
-2.094395	1.599406	1.426070	106	140	11	1317.350
0.523599	0.618092	2.539118	101	142	138	1316.905
-1.308997	0.674054	1.013609	137	13	6	1316.580
2.094395	0.419640	2.974122	142	0	43	1316.368
-1.570796	0.906588	1.252948	23	15	15	1316.287
2.094395	1.450119	-2.739050	0	141	125	1315.691
0.000000	1.256302	0.062705	4	129	28	1315.520
0.000000	1.433411	-1.035986	6	2	121	1314.985
-0.261799	0.914445	2.687814	103	12	135	1314.765
-1.047198	2.180315	-1.357379	133	15	120	1314.648
2.879793	1.658653	-2.409879	136	5	121	1314.639
-1.308997	1.325504	-1.671296	121	3	117	1314.551
-2.617994	0.960688	-0.577532	132	28	137	1314.508
-0.261799	2.588535	-2.976617	136	136	119	1313.837
2.356194	1.367556	0.358405	138	28	131	1313.834
1.832596	0.866395	-2.492918	138	8	135	1313.510
0.785398	2.379497	0.561089	128	8	112	1313.312
-1.047198	2.724429	-0.348782	126	17	114	1312.815
-1.570796	2.478122	2.609777	124	14	129	1312.776
1.570796	2.396274	-1.959260	4	14	129	1312.664
-2.879793	1.242974	-2.977882	140	10	126	1312.658
1.832596	0.297065	2.160177	122	143	131	1311.469
-2.356194	1.134796	2.434290	2	24	9	1310.842
0.523599	2.637879	2.121598	138	13	115	1309.632
-2.356194	1.134497	-1.109631	125	25	134	1309.617
-2.094395	2.251330	-2.330739	142	31	0	1309.483
-1.047198	1.113094	-0.272241	4	121	23	1309.319
-1.570796	0.700570	1.559208	113	4	139	1309.067
1.047198	1.721184	-0.153948	2	9	26	1308.747
-1.570796	1.374601	-2.456031	119	15	121	1308.292
2.356194	1.721184	-0.153948	2	11	26	1308.260
-1.047198	1.909857	-0.381669	114	7	117	1308.201
-3.141593	1.374601	-2.456031	135	25	142	1308.141
-1.832596	1.569311	-3.003978	126	18	127	1308.069
-2.879793	2.587733	0.232235	118	4	112	1307.799
2.094395	2.108018	1.311430	8	134	12	1307.455
-0.523599	0.618092	2.539118	104	21	138	1307.277
1.308997	2.251330	-2.330739	6	8	127	1307.249
1.570796	2.379497	0.561089	129	11	112	1306.065
-1.832596	1.998705	2.370472	113	4	120	1305.889
2.356194	1.756530	-2.105156	141	8	125	1305.285
0.785398	2.404280	-0.174044	138	17	121	1304.770
0.523599	1.836682	-0.676006	140	16	126	1304.728
-1.832596	0.700570	1.559208	6	18	8	1304.344
-2.879793	1.367556	0.358405	128	3	29	1304.059
-1.570796	2.295480	1.008277	140	11	21	1303.759
0.000000	1.045978	0.343692	5	129	30	1303.436
1.832596	1.721184	-0.153948	12	139	21	1303.321
1.308997	1.367556	0.358405	3	2	122	1302.476
0.000000	1.050534	3.042579	104	4	130	1301.855
2.094395	2.063651	-2.044600	9	6	127	1301.701
-1.047198	1.045978	0.343692	4	130	31	1301.619
2.356194	1.569311	-3.003978	7	138	128	1301.210
-2.356194	1.909857	-0.381669	138	135	23	1301.165
0.000000	2.478122	2.609777	0	11	143	1300.731
-1.047198	1.948085	-2.363031	126	16	119	1300.340
-0.523599	1.998705	2.370472	104	20	143	1300.312
-0.523599	1.134796	2.434290	104	20	140	1300.229
-1.308997	2.704512	1.488683	2	15	14	1300.129
0.000000	1.506530	1.988858	128	4	136	1300.022
-0.523599	1.696674	-1.253233	130	3	117	1299.763
-2.094395	1.824694	1.850876	107	143	17	1299.564
-0.523599	1.413430	2.550734	109	17	136	1299.554
-0.261799	1.301460	-0.509251	27	140	21	1299.496
-1.570796	1.214854	-1.966664	121	24	131	1298.856
-1.047198	0.929350	-2.910676	109	19	123	1298.603
0.261799	0.370812	-2.547742	120	14	6	1298.186
-2.879793	0.290380	-0.796960	140	29	13	1297.956
-0.261799	1.256302	0.062705	8	135	29	1297.926
-0.261799	1.732874	-0.951685	122	6	116	1297.072
-1.832596	1.488617	1.159546	18	11	25	1297.052
0.523599	1.545873	-1.877082	28	3	129	1297.032
-0.261799	1.696674	-1.253233	130	4	117	1297.016
-1.832596	2.455966	-0.641220	123	126	4	1296.956
-2.356194	2.356369	3.005869	143	18	128	1296.808
-3.141593	2.587733	0.232235	8	7	115	1296.688
-0.261799	2.478122	2.609777	0	15	1	1296.422
-1.047198	2.393226	1.857173	136	17	10	1296.404
-2.617994	1.617114	-1.572037	120	7	18	1296.146
2.879793	1.413430	2.550734	10	142	138	1295.427
0.785398	2.063651	-2.044600	117	19	126	1295.339
-0.261799	1.869911	2.701025	142	12	140	1294.384
1.047198	2.592629	0.909713	137	20	123	1294.105
0.000000	0.733948	3.021411	103	2	132	1293.819
2.094395	0.496451	0.593859	13	143	35	1293.356
0.261799	2.588535	-2.976617	112	131	12	1292.834
-0.523599	1.869911	2.701025	111	18	134	1292.383
-1.832596	0.831641	0.616218	129	140	134	1292.303
-1.047198	2.664082	-1.071402	140	19	122	1292.048
1.308997	1.554776	0.100351	8	7	28	1292.038
-0.261799	1.367556	0.358405	3	139	32	1291.823
-2.617994	1.766067	2.153843	141	26	142	1291.763
0.785398	2.719179	-1.780644	134	143	118	1291.392
-1.570796	2.637879	2.121598	114	28	0	1291.312
1.832596	1.128190	-2.288622	9	9	130	1291.282
-2.617994	1.168678	2.108595	141	143	136	1290.355
-1.832596	0.762244	-0.273349	140	137	30	1290.318
-1.047198	1.134796	2.434290	115	28	138	1290.110
1.570796	1.846342	-1.796954	136	17	131	1289.957
2.356194	1.909857	-0.381669	129	11	118	1289.679
-0.523599	1.195355	1.200319	122	2	137	1289.517
0.523599	0.864993	2.278281	101	1	143	1289.301
-0.523599	0.864993	2.278281	106	23	142	1288.875
-3.141593	1.696674	-1.253233	113	142	139	1288.423
2.879793	0.615174	-0.666022	124	20	128	1288.008
-1.832596	2.407836	1.410646	143	20	15	1287.775
2.617994	0.458961	-0.107937	20	29	8	1286.700
-1.047198	1.766067	2.153843	139	137	37	1286.585
-0.785398	0.419640	2.974122	104	18	134	1286.141
-2.356194	2.041297	-2.664597	25	142	129	1285.956
-1.832596	0.379747	-1.713059	134	26	17	1285.883
-2.094395	2.637879	2.121598	124	11	123	1285.699
2.094395	1.699788	2.452890	139	25	126	1285.692
-0.785398	1.904882	-1.478089	127	8	116	1285.594
0.000000	1.736875	3.023612	105	12	129	1284.917
-2.094395	2.404280	-0.174044	120	133	22	1284.511
-0.785398	2.881233	-2.582574	127	10	121	1284.274
2.094395	0.762244	-0.273349	2	26	136	1283.377
-2.617994	2.478122	2.609777	119	8	116	1283.187
2.617994	1.506530	1.988858	133	25	125	1283.036
2.094395	0.080730	-2.622036	10	11	136	1282.983
-2.879793	1.325504	-1.671296	124	137	0	1282.323
0.000000	1.606104	-0.451151	28	143	22	1282.269
-0.785398	0.700570	1.559208	132	27	7	1281.852
1.570796	0.960688	-0.577532	137	18	127	1281.698
2.879793	1.741644	-2.695914	139	3	123	1281.654
-3.141593	0.419640	2.974122	10	12	131	1281.492
-1.832596	2.174483	2.653697	122	15	131	1280.812
-1.308997	2.001437	0.381215	115	134	9	1280.661
1.832596	0.899350	-2.069907	138	13	137	1280.580
-1.308997	1.824694	1.850876	117	130	22	1280.099
-2.356194	2.299159	2.264663	117	7	115	1279.955
-0.785398	0.914445	2.687814	106	23	134	1279.952
-2.094395	1.617114	-1.572037	131	22	124	1279.631
-0.785398	2.984978	1.954446	141	14	11	1279.555
2.879793	0.866955	-0.931351	124	7	18	1279.146
-2.356194	1.555207	1.708892	106	142	15	1279.052
-3.141593	1.256302	0.062705	136	0	31	1278.697
2.879793	1.134497	-1.109631	120	143	8	1278.554
-2.879793	2.343981	-1.040456	11	3	121	1277.831
1.308997	1.242974	-2.977882	141	8	138	1277.534
-1.832596	2.295480	1.008277	11	13	14	1277.487
-2.617994	0.571433	-1.188419	120	143	19	1277.448
-1.047198	0.914445	2.687814	112	27	133	1276.976
1.308997	1.374601	-2.456031	0	11	143	1276.729
2.356194	2.863997	0.549740	129	18	126	1276.252
2.617994	1.391910	3.030322	1	137	127	1276.106
1.570796	1.836682	-0.676006	7	143	22	1276.063
1.308997	2.104282	-0.813972	8	140	18	1275.982
0.523599	2.153910	-1.714959	3	140	18	1275.931
-0.523599	1.045978	0.343692	7	136	32	1275.288
-0.523599	2.587733	0.232235	138	125	25	1275.092
0.000000	0.864993	2.278281	104	12	141	1274.910
1.047198	2.063651	-2.044600	117	17	127	1274.513
-0.523599	1.256302	0.062705	7	131	29	1274.476
1.308997	1.812176	0.656819	141	8	118	1274.356
-0.261799	0.618092	2.539118	103	15	138	1274.220
0.523599	2.033014	2.977192	121	141	129	1274.009
-1.308997	1.113094	-0.272241	138	139	30	1273.605
-1.832596	2.033014	2.977192	128	19	131	1273.366
-2.617994	1.606104	-0.451151	137	136	21	1272.783
2.879793	1.574060	2.783565	3	8	35	1272.675
1.047198	1.301460	-0.509251	140	9	121	1272.294
-0.523599	0.203748	0.590255	118	2	143	1272.279
0.000000	2.356369	3.005869	103	15	131	1272.016
-1.832596	0.591903	2.010408	137	9	132	1271.874
-3.141593	1.134796	2.434290	2	141	136	1271.350
2.356194	1.184361	0.625864	137	30	137	1270.760
1.832596	1.218453	2.777284	125	143	133	1270.558
0.261799	1.554776	0.100351	6	128	24	1270.509
-0.523599	1.875281	0.107086	118	0	116	1270.467
-2.617994	1.301460	-0.509251	140	131	19	1270.386
1.308997	0.203748	0.590255	6	30	4	1270.129
-2.617994	2.041297	-2.664597	24	137	129	1269.653
-0.523599	0.674054	1.013609	123	3	140	1269.329
0.000000	1.301460	-0.509251	29	0	21	1268.789
-2.094395	1.699788	2.452890	130	16	134	1268.783
-1.308997	2.104282	-0.813972	142	17	124	1268.562
1.570796	2.592629	0.909713	133	21	126	1268.471
2.617994	1.135813	-2.658866	139	4	125	1268.469
1.570796	0.379747	-1.713059	21	17	5	1268.326
-1.308997	2.455966	-0.641220	124	16	115	1268.115
-3.141593	2.404280	-0.174044	122	6	27	1267.788
-2.617994	2.180315	-1.357379	132	22	120	1267.567
2.094395	1.504028	0.636812	141	25	128	1267.431
-2.094395	1.872854	1.543456	11	19	19	1267.296
-1.570796	1.247695	1.809890	135	12	140	1266.781
2.356194	2.407836	1.410646	5	135	12	1266.766
-1.308997	2.089241	-0.114193	135	131	24	1266.650
1.308997	1.168678	2.108595	110	143	137	1266.339
-2.879793	1.194549	-0.801900	137	27	133	1266.271
1.308997	1.045978	0.343692	142	10	30	1266.195
-2.617994	1.448123	-2.163292	122	9	117	1264.705
1.570796	1.869911	2.701025	11	128	31	1264.652
1.570796	1.367556	0.358405	4	8	124	1264.184
-1.308997	1.948085	-2.363031	129	15	119	1264.127
-2.879793	1.721184	-0.153948	129	22	119	1264.060
-1.308997	0.709924	0.218797	17	130	30	1263.981
-1.308997	0.418037	1.360082	116	2	141	1263.577
-2.094395	0.379747	-1.713059	120	142	25	1263.300
2.356194	1.736875	3.023612	9	134	132	1263.237
1.308997	2.089241	-0.114193	130	15	117	1262.809
2.879793	1.168678	2.108595	127	28	133	1262.746
1.832596	1.450119	-2.739050	7	0	130	1262.734
1.308997	1.998705	2.370472	140	131	32	1262.638
2.094395	1.756530	-2.105156	138	10	126	1262.489
0.523599	1.569311	-3.003978	11	132	36	1262.406
-1.832596	2.393226	1.857173	5	13	128	1262.403
0.261799	1.025536	1.576859	131	123	15	1262.261
-2.879793	0.961715	0.014085	139	135	28	1262.259
-2.879793	1.134796	2.434290	1	2	136	1261.783
1.308997	2.379497	0.561089	135	19	125	1261.695
0.261799	2.104282	-0.813972	134	8	115	1261.677
-1.047198	0.700570	1.559208	138	25	6	1261.656
-1.047198	1.025536	1.576859	122	5	138	1261.631
0.261799	2.592629	0.909713	141	120	29	1261.559
-0.523599	1.721184	-0.153948	7	127	25	1261.221
0.000000	1.374601	-2.456031	111	131	13	1260.960
1.308997	1.504028	0.636812	2	7	123	1260.926
-0.523599	1.214854	-1.966664	121	4	116	1260.762
1.047198	2.247462	0.191623	137	8	116	1260.592
-0.261799	2.115563	0.685730	132	139	28	1260.576
2.094395	0.674054	1.013609	138	128	23	1260.458
-0.523599	2.033014	2.977192	107	21	129	1260.230
2.094395	1.050534	3.042579	142	139	131	1259.963
2.879793	2.704512	1.488683	123	14	116	1259.935
-1.308997	2.719179	-1.780644	141	24	128	1259.639
-0.523599	0.496451	0.593859	117	1	141	1259.008
2.879793	2.393226	1.857173	124	24	122	1258.544
-0.261799	0.496451	0.593859	135	26	1	1258.074
0.261799	1.977582	0.969896	129	142	29	1257.631
1.832596	0.615174	-0.666022	0	9	126	1257.488
-0.785398	1.869911	2.701025	109	25	135	1257.191
-1.047198	1.756530	-2.105156	138	23	133	1257.113
1.570796	1.948085	-2.363031	139	7	129	1257.045
2.356194	1.242974	-2.977882	143	142	127	1256.618
-1.308997	1.574060	2.783565	120	30	132	1256.594
1.047198	1.606104	-0.451151	135	11	118	1256.537
1.047198	0.496451	0.593859	119	14	18	1256.525
2.879793	1.736875	3.023612	140	5	127	1256.504
1.047198	0.203748	0.590255	126	137	23	1256.483
-1.570796	1.194549	-0.801900	114	19	134	1256.091
0.523599	1.301460	-0.509251	21	16	20	1255.771
-2.094395	1.836682	-0.676006	129	6	116	1255.729
1.832596	1.699788	2.452890	10	135	35	1255.688
-1.570796	2.108018	1.311430	11	15	17	1255.676
1.570796	2.251330	-2.330739	138	8	126	1255.309
1.047198	1.014500	0.906702	134	24	6	1255.143
0.261799	1.367556	0.358405	9	125	25	1254.991
-2.617994	1.904882	-1.478089	119	10	14	1254.477
-1.570796	2.138223	1.678323	133	20	12	1254.426
-2.094395	1.113094	-0.272241	7	123	23	1254.367
-2.879793	2.724429	-0.348782	134	6	21	1253.868
0.000000	1.836682	-0.676006	133	4	115	1253.627
-1.047198	2.637879	2.121598	3	20	8	1253.508
-1.308997	2.153910	-1.714959	126	22	125	1253.361
-1.047198	0.618092	2.539118	0	30	140	1253.324
2.617994	2.089241	-0.114193	122	9	117	1253.136
-0.261799	1.433411	-1.035986	118	1	118	1252.765
1.832596	1.417623	-0.202254	135	23	126	1252.499
-2.094395	1.417623	-0.202254	6	125	26	1252.453
-2.094395	1.506530	1.988858	137	22	5	1252.191
0.000000	1.367556	0.358405	12	131	29	1251.987
-3.141593	0.866955	-0.931351	122	5	18	1251.950
-0.261799	1.809167	1.213774	120	126	4	1251.800
-1.047198	2.704512	1.488683	132	11	11	1251.720
-1.047198	2.089241	-0.114193	116	9	114	1251.642
2.356194	0.419640	2.974122	141	143	43	1251.614
0.000000	2.379497	0.561089	133	133	21	1251.456
0.261799	2.393226	1.857173	137	6	113	1251.430
-2.879793	2.379497	0.561089	9	24	142	1250.820
1.308997	2.719179	-1.780644	141	3	122	1250.612
-1.570796	1.606104	-0.451151	8	126	23	1250.455
-2.879793	2.033014	2.977192	115	21	125	1250.453
2.094395	0.831641	0.616218	104	8	9	1250.423
-1.047198	0.831641	0.616218	6	134	33	1250.371
-0.785398	0.458961	-0.107937	9	11	3	1249.922
-2.617994	1.135813	-2.658866	140	2	116	1249.839
-2.094395	1.870545	-2.976234	113	10	128	1249.791
1.308997	2.295480	1.008277	22	134	26	1249.772
-0.261799	1.504028	0.636812	141	138	35	1249.751
0.523599	1.554776	0.100351	0	127	119	1249.605
2.879793	0.733948	3.021411	0	4	130	1249.394
1.047198	0.370812	-2.547742	2	124	30	1249.164
-0.785398	2.153910	-1.714959	141	20	126	1248.923
-1.047198	2.404280	-0.174044	122	13	113	1248.732
-0.523599	2.588535	-2.976617	132	135	119	1248.525
1.832596	1.732874	-0.951685	124	11	116	1248.477
1.308997	1.413430	2.550734	6	16	134	1247.901
0.261799	1.721184	-0.153948	143	13	132	1247.448
-1.832596	1.824694	1.850876	109	139	19	1247.149
-2.356194	0.914445	2.687814	138	22	6	1247.111
2.879793	1.045978	0.343692	139	0	34	1246.884
1.832596	2.456751	-1.503343	6	13	127	1246.812
-2.356194	0.866955	-0.931351	130	28	142	1246.262
2.879793	0.419640	2.974122	10	8	134	1246.028
2.356194	0.674054	1.013609	123	17	138	1245.803
-1.308997	2.407836	1.410646	129	15	15	1245.773
-1.832596	1.904882	-1.478089	1	29	138	1245.558
2.356194	1.218453	2.777284	0	132	131	1245.309
0.785398	1.301460	-0.509251	2	7	122	1245.278
-1.832596	1.506530	1.988858	133	16	139	1245.253
-2.356194	2.478122	2.609777	117	9	119	1245.138
-1.570796	1.555207	1.708892	142	17	5	1244.961
1.832596	1.606104	-0.451151	4	4	24	1244.450
1.570796	0.733948	3.021411	143	122	129	1244.414
1.570796	2.115563	0.685730	135	13	114	1244.395
1.047198	2.587733	0.232235	135	17	122	1244.365
0.000000	2.164094	-2.991358	120	4	125	1244.286
0.000000	1.998705	2.370472	126	6	138	1243.990
-1.308997	2.174483	2.653697	119	31	137	1243.792
-1.570796	2.863997	0.549740	7	128	127	1243.530
1.832596	2.108018	1.311430	7	28	138	1243.133
-2.356194	1.824694	1.850876	141	23	2	1243.001
0.523599	1.870545	-2.976234	6	141	130	1242.645
-0.261799	2.041297	-2.664597	116	125	16	1242.591
1.308997	1.194549	-0.801900	141	8	120	1242.542
1.832596	0.290380	-0.796960	135	28	132	1242.094
-1.047198	1.606104	-0.451151	14	138	23	1241.926
-3.141593	2.174483	2.653697	120	20	120	1241.690
1.832596	1.135813	-2.658866	135	3	128	1241.517
-3.141593	1.391910	3.030322	139	10	131	1241.503
-1.047198	2.343981	-1.040456	5	124	2	1241.315
1.047198	1.617114	-1.572037	124	19	121	1240.891
1.570796	1.433411	-1.035986	133	8	115	1240.856
0.000000	1.732874	-0.951685	127	4	115	1240.734
-1.832596	2.637879	2.121598	123	10	123	1240.469
2.094395	1.766067	2.153843	140	22	122	1240.240
0.000000	2.033014	2.977192	1	11	138	1240.199
-2.617994	1.982574	-1.115518	120	128	5	1239.721
-1.832596	2.592629	0.909713	3	12	19	1239.680
-2.879793	1.904882	-1.478089	120	133	143	1239.404
-0.523599	1.218453	2.777284	105	20	133	1239.380
-3.141593	2.041297	-2.664597	135	22	129	1239.245
-3.141593	2.089241	-0.114193	136	16	115	1239.172
0.261799	1.836682	-0.676006	142	14	126	1238.994
-0.261799	1.904882	-1.478089	133	14	122	1238.749
-1.308997	2.664082	-1.071402	125	18	119	1238.585
-1.832596	2.396274	-1.959260	142	29	138	1238.160
-1.832596	0.571433	-1.188419	7	29	12	1237.582
-2.617994	1.413430	2.550734	126	11	132	1237.226
0.000000	1.909857	-0.381669	27	142	23	1236.553
1.047198	1.218453	2.777284	117	130	20	1236.527
1.308997	2.164094	-2.991358	121	140	127	1236.365
-1.832596	2.664082	-1.071402	129	21	118	1235.967
1.570796	1.824694	1.850876	10	127	12	1235.958
-1.308997	2.587733	0.232235	118	131	9	1235.912
1.570796	1.756530	-2.105156	5	14	143	1235.644
2.356194	1.699788	2.452890	143	18	29	1235.496
-2.094395	2.704512	1.488683	112	26	4	1235.175
-2.094395	1.732874	-0.951685	125	19	123	1234.805
0.261799	1.909857	-0.381669	28	3	24	1234.688
2.617994	1.569311	-3.003978	136	14	130	1234.675
-2.617994	1.413347	-1.339188	132	25	132	1234.461
-0.261799	1.417623	-0.202254	138	6	128	1233.987
-2.094395	1.606104	-0.451151	143	129	21	1233.982
-2.356194	1.948085	-2.363031	138	4	113	1233.965
-2.879793	1.417623	-0.202254	137	139	26	1233.821
-2.617994	0.615174	-0.666022	133	29	0	1233.818
2.879793	2.863997	0.549740	131	14	125	1233.792
2.879793	0.297065	2.160177	0	131	34	1233.616
-1.570796	1.256302	0.062705	3	128	28	1233.602
-3.141593	1.367556	0.358405	128	6	29	1233.469
2.617994	0.297065	2.160177	33	135	4	1233.356
1.308997	1.574060	2.783565	6	17	136	1233.330
-2.617994	1.417623	-0.202254	137	135	26	1233.019
-3.141593	1.554776	0.100351	8	141	26	1232.991
-1.832596	1.025536	1.576859	141	18	12	1232.684
0.523599	2.115563	0.685730	136	7	116	1232.490
2.879793	2.041297	-2.664597	140	3	123	1232.432
-0.523599	2.637879	2.121598	139	127	25	1232.278
0.523599	1.025536	1.576859	106	8	12	1231.355
-1.832596	1.310100	1.488307	26	16	17	1231.126
-1.570796	2.979456	-1.009304	133	20	116	1230.131
2.356194	1.982574	-1.115518	4	21	134	1230.021
-1.832596	1.168678	2.108595	131	7	134	1229.748
-1.570796	0.418037	1.360082	140	15	10	1229.727
-2.617994	0.290380	-0.796960	136	29	9	1229.625
-1.832596	1.869911	2.701025	142	14	134	1229.370
1.832596	1.909857	-0.381669	13	140	20	1228.648
-2.617994	0.618092	2.539118	0	9	132	1228.615
-2.094395	1.433411	-1.035986	123	21	129	1228.607
1.832596	1.658653	-2.409879	130	2	121	1228.535
1.047198	2.579248	-2.364801	2	13	134	1228.246
2.356194	1.045978	0.343692	104	10	7	1228.130
-1.570796	0.929350	-2.910676	108	1	141	1227.863
-2.094395	0.864993	2.278281	15	19	0	1227.239
2.617994	0.992645	-1.723759	13	24	16	1227.076
2.356194	0.618092	2.539118	0	132	37	1227.008
0.000000	1.569311	-3.003978	0	130	35	1226.973
2.879793	0.910508	1.903534	33	137	10	1226.960
-0.523599	1.433411	-1.035986	135	1	118	1226.823
-2.879793	0.910508	1.903534	112	142	19	1226.433
-1.832596	1.599406	1.426070	6	17	21	1226.219
-1.308997	0.906588	1.252948	21	19	15	1226.105
2.094395	1.218453	2.777284	15	8	40	1226.062
-0.261799	2.984978	1.954446	106	136	139	1225.389
-1.047198	0.899350	-2.069907	112	5	118	1225.260
1.047198	1.824694	1.850876	140	138	37	1225.237
0.000000	1.391910	3.030322	105	8	128	1225.209
1.047198	1.766067	2.153843	136	135	35	1225.101
-2.356194	0.992645	-1.723759	125	20	124	1224.818
-1.570796	1.696674	-1.253233	135	24	135	1224.812
0.785398	0.370812	-2.547742	142	124	30	1224.775
1.308997	1.766067	2.153843	7	124	7	1224.598
0.523599	1.014500	0.906702	7	132	30	1223.810
-2.879793	2.138223	1.678323	141	12	36	1223.797
1.047198	1.756530	-2.105156	118	13	120	1223.502
1.570796	2.881233	-2.582574	108	134	130	1223.215
1.308997	0.762244	-0.273349	5	143	31	1223.091
-2.356194	1.450119	-2.739050	133	21	32	1223.060
-1.832596	0.910508	1.903534	0	19	5	1223.002
0.785398	2.863997	0.549740	137	25	131	1222.945
1.832596	1.184361	0.625864	27	134	23	1222.912
-1.308997	1.310100	1.488307	134	11	141	1222.655
2.356194	1.440580	2.260026	139	16	32	1222.479
-2.879793	2.115563	0.685730	133	19	116	1222.440
2.356194	1.836682	-0.676006	10	9	121	1222.370
-1.308997	2.404280	-0.174044	131	128	22	1222.259
-0.785398	2.760637	2.781135	109	27	136	1221.491
-0.785398	2.089241	-0.114193	116	6	114	1221.151
1.047198	0.674054	1.013609	2	1	34	1221.022
-2.094395	2.478122	2.609777	122	6	118	1220.989
1.832596	0.419640	2.974122	142	0	43	1220.163
-1.832596	1.846342	-1.796954	130	25	127	1220.052
0.000000	2.984978	1.954446	133	14	113	1219.714
-1.308997	0.733948	3.021411	109	142	0	1219.481
1.047198	1.736875	3.023612	123	140	131	1219.369
2.879793	0.960688	-0.577532	0	28	134	1218.967
-1.047198	2.760637	2.781135	129	139	117	1218.742
0.523599	1.448123	-2.163292	23	142	129	1218.596
-3.141593	2.637879	2.121598	123	13	116	1217.885
0.523599	0.370812	-2.547742	132	10	3	1217.769
2.094395	1.367556	0.358405	5	2	31	1217.617
-1.047198	1.812176	0.656819	115	136	13	1217.586
-1.308997	1.846342	-1.796954	142	130	126	1217.540
0.785398	1.050534	3.042579	140	141	40	1217.264
1.308997	1.658653	-2.409879	129	1	121	1217.043
-2.356194	1.014500	0.906702	134	4	31	1216.722
-1.308997	1.195355	1.200319	142	14	143	1216.611
1.570796	0.864993	2.278281	131	118	142	1216.541
1.832596	0.458961	-0.107937	132	14	128	1216.438
-0.523599	0.733948	3.021411	104	12	130	1216.219
-0.785398	2.104282	-0.813972	4	123	1	1216.214
-3.141593	1.836682	-0.676006	141	20	121	1215.951
-2.356194	1.194549	-0.801900	143	126	14	1215.649
-1.570796	1.904882	-1.478089	138	27	140	1215.406
2.879793	2.104282	-0.813972	132	5	17	1215.229
1.570796	1.135813	-2.658866	138	8	137	1214.928
2.094395	1.194549	-0.801900	123	16	121	1214.728
-3.141593	1.025536	1.576859	111	9	18	1214.604
0.261799	0.619654	-2.216909	111	130	12	1214.421
-2.617994	1.135834	-1.431087	127	17	121	1214.132
-1.570796	1.599406	1.426070	1	16	9	1213.789
-0.261799	1.128190	-2.288622	115	4	117	1213.775
-1.832596	1.335669	0.897240	19	6	26	1213.612
2.356194	1.554776	0.100351	3	6	29	1213.570
-0.523599	1.504028	0.636812	141	136	35	1213.068
2.617994	0.419640	2.974122	141	8	139	1212.987
-0.261799	1.050534	3.042579	104	9	128	1212.922
2.356194	2.592629	0.909713	130	13	115	1212.672
-1.570796	1.658653	-2.409879	125	15	118	1212.550
-0.785398	2.587733	0.232235	133	124	25	1212.498
1.308997	0.864993	2.278281	110	141	132	1212.044
1.047198	1.875281	0.107086	19	6	29	1211.527
0.261799	0.418037	1.360082	118	13	17	1211.388
0.523599	0.418037	1.360082	117	5	16	1211.290
-0.785398	0.379747	-1.713059	118	17	3	1211.211
-2.879793	1.433411	-1.035986	131	13	117	1211.174
-0.785398	0.674054	1.013609	117	0	139	1210.819
0.261799	1.732874	-0.951685	123	6	116	1210.464
1.832596	2.396274	-1.959260	130	6	122	1210.403
2.356194	2.247462	0.191623	136	11	113	1209.917
0.523599	1.869911	2.701025	4	8	141	1209.893
2.879793	0.203748	0.590255	127	23	0	1209.586
-0.261799	0.379747	-1.713059	128	10	3	1209.578
0.523599	2.299159	2.264663	140	129	31	1209.437
-2.356194	0.571433	-1.188419	120	5	26	1209.243
-0.785398	1.606104	-0.451151	6	123	20	1209.139
-1.832596	2.153910	-1.714959	2	30	137	1208.825
0.523599	0.496451	0.593859	123	18	11	1208.701
-3.141593	1.948085	-2.363031	135	25	132	1208.609
-2.879793	2.089241	-0.114193	134	20	116	1208.484
-1.308997	1.134497	-1.109631	129	2	122	1208.406
-1.570796	2.299159	2.264663	119	30	1	1208.313
2.617994	2.637879	2.121598	139	30	1	1208.130
-1.308997	1.256302	0.062705	1	132	27	1207.919
-1.047198	2.356369	3.005869	123	10	23	1207.802
0.000000	1.554776	0.100351	4	127	25	1207.793
2.617994	1.658653	-2.409879	18	26	143	1207.539
-1.832596	2.251330	-2.330739	10	2	20	1207.382
1.570796	1.374601	-2.456031	143	15	143	1207.352
-3.141593	1.417623	-0.202254	140	16	25	1207.253
0.000000	1.218453	2.777284	103	8	134	1207.218
0.000000	2.881233	-2.582574	131	6	123	1207.034
-1.570796	1.545873	-1.877082	123	24	128	1206.850
0.261799	1.247695	1.809890	119	15	139	1206.825
0.261799	2.187132	-0.479875	140	10	117	1206.668
2.617994	1.301460	-0.509251	138	22	125	1206.135
-2.617994	1.014500	0.906702	133	9	30	1206.055
1.832596	2.379497	0.561089	131	23	127	1206.000
-1.570796	1.836682	-0.676006	138	143	22	1205.991
1.047198	0.709924	0.218797	132	19	132	1205.918
2.617994	1.948085	-2.363031	1	0	121	1205.865
2.617994	1.045978	0.343692	140	25	129	1205.719
-2.879793	2.984978	1.954446	127	5	115	1205.589
-1.570796	0.864993	2.278281	138	27	143	1205.354
-2.617994	2.356369	3.005869	126	16	124	1205.261
-0.785398	2.343981	-1.040456	138	14	119	1205.193
-1.570796	1.417623	-0.202254	6	128	25	1205.085
-1.570796	2.187132	-0.479875	125	123	8	1205.075
0.261799	1.128190	-2.288622	112	127	11	1204.809
-1.832596	0.992645	-1.723759	139	29	7	1204.795
-2.094395	1.045978	0.343692	129	143	132	1204.442
-2.879793	2.180315	-1.357379	118	129	4	1203.903
2.879793	1.335669	0.897240	138	24	20	1203.883
-1.570796	1.506530	1.988858	134	13	140	1203.745
1.832596	0.571433	-1.188419	133	26	125	1203.726
-2.356194	2.349581	-2.702517	129	15	124	1203.542
0.785398	1.683268	0.374177	17	2	32	1203.477
-0.261799	2.356369	3.005869	136	140	124	1202.827
-0.523599	2.478122	2.609777	105	21	139	1202.436
-2.356194	2.881233	-2.582574	136	29	138	1202.431
-1.308997	0.496451	0.593859	26	4	23	1202.390
-0.523599	2.299159	2.264663	125	15	1	1202.230
2.617994	1.870545	-2.976234	138	16	128	1202.160
-2.094395	1.569311	-3.003978	126	16	31	1202.155
0.523599	1.374601	-2.456031	19	138	130	1202.112
-2.094395	2.104282	-0.813972	134	6	116	1201.749
-1.570796	1.413347	-1.339188	125	143	115	1201.508
-1.832596	1.736875	3.023612	127	19	130	1201.386
2.356194	1.194549	-0.801900	138	11	118	1201.251
-1.047198	1.824694	1.850876	123	5	132	1201.152
2.879793	2.299159	2.264663	123	19	117	1201.015
-1.570796	0.640596	-2.797608	110	143	4	1200.950
-1.308997	0.910508	1.903534	137	26	5	1200.656
1.832596	2.299159	2.264663	143	117	17	1200.453
-1.570796	1.699788	2.452890	118	139	30	1200.447
-1.832596	2.588535	-2.976617	137	0	121	1200.044
0.523599	0.591903	2.010408	103	7	0	1199.902
-1.570796	1.875281	0.107086	111	141	5	1199.861
-1.308997	2.984978	1.954446	11	13	129	1199.777
0.785398	1.909857	-0.381669	139	21	131	1199.418
-2.879793	1.413430	2.550734	128	11	131	1199.353
-2.356194	1.870545	-2.976234	137	14	126	1199.325
0.785398	2.115563	0.685730	134	4	113	1198.966
1.832596	2.115563	0.685730	133	14	114	1198.839
0.523599	1.998705	2.370472	135	133	33	1198.760
0.261799	0.591903	2.010408	132	125	18	1198.586
1.047198	1.904882	-1.478089	123	21	126	1198.582
-1.832596	1.433411	-1.035986	118	23	132	1198.502
-0.261799	1.218453	2.777284	103	13	133	1198.461
2.094395	0.203748	0.590255	132	6	33	1198.048
-2.356194	1.872854	1.543456	142	22	13	1197.859
2.356194	1.766067	2.153843	9	128	2	1197.699
1.047198	1.732874	-0.951685	136	11	116	1197.682
-1.832596	0.619654	-2.216909	123	24	133	1197.602
0.523599	1.699788	2.452890	5	8	142	1197.534
2.094395	2.404280	-0.174044	131	9	113	1197.506
-1.570796	0.618092	2.539118	134	29	137	1197.469
2.094395	2.704512	1.488683	1	27	135	1197.414
-1.832596	1.134796	2.434290	140	141	41	1197.394
-1.308997	2.478122	2.609777	4	4	126	1197.366
2.617994	2.393226	1.857173	142	30	6	1197.297
1.570796	2.664082	-1.071402	132	142	113	1196.880
0.523599	0.674054	1.013609	4	135	34	1196.749
0.000000	1.658653	-2.409879	110	132	13	1196.193
-0.261799	0.831641	0.616218	8	135	34	1196.099
-2.617994	0.458961	-0.107937	125	23	139	1195.906
2.356194	2.637879	2.121598	132	30	133	1195.816
2.617994	2.104282	-0.813972	13	2	120	1195.484
-0.261799	1.721184	-0.153948	123	141	119	1195.438
1.308997	1.545873	-1.877082	122	13	119	1195.112
-1.570796	2.393226	1.857173	5	11	128	1194.102
-1.832596	1.504028	0.636812	17	3	27	1194.011
-0.785398	0.866395	-2.492918	121	132	120	1193.595
-1.570796	1.195355	1.200319	21	14	21	1193.092
-1.047198	1.836682	-0.676006	111	8	119	1192.882
-3.141593	1.617114	-1.572037	136	23	130	1192.871
-3.141593	0.080730	-2.622036	143	25	132	1192.783
1.570796	1.699788	2.452890	8	133	35	1192.664
0.000000	2.579248	-2.364801	130	143	121	1192.085
-1.047198	0.733948	3.021411	108	23	129	1192.030
0.261799	0.733948	3.021411	16	142	45	1191.802
0.000000	2.063651	-2.044600	25	14	133	1191.473
0.785398	0.864993	2.278281	102	140	143	1191.381
2.879793	0.080730	-2.622036	3	23	134	1191.160
1.308997	2.979456	-1.009304	137	140	115	1190.944
-2.356194	0.615174	-0.666022	128	27	0	1190.887
1.832596	0.960688	-0.577532	141	17	125	1190.765
1.047198	1.367556	0.358405	2	143	124	1190.558
2.356194	1.998705	2.370472	132	24	121	1190.489
-3.141593	1.440580	2.260026	120	27	128	1190.464
-0.261799	1.391910	3.030322	105	14	128	1190.321
1.570796	0.674054	1.013609	142	28	18	1190.273
-2.879793	0.762244	-0.273349	132	28	138	1190.164
2.356194	2.299159	2.264663	129	19	115	1190.123
2.617994	2.704512	1.488683	128	16	117	1190.000
-3.141593	1.824694	1.850876	6	3	38	1189.857
2.879793	2.174483	2.653697	2	6	127	1189.749
-1.047198	1.872854	1.543456	108	137	143	1189.726
2.356194	1.904882	-1.478089	4	19	133	1189.686
-0.785398	1.433411	-1.035986	136	141	119	1189.571
-1.570796	0.899350	-2.069907	135	25	18	1189.547
-3.141593	0.961715	0.014085	136	27	132	1188.956
0.261799	1.045978	0.343692	1	5	31	1188.567
1.570796	1.417623	-0.202254	9	143	25	1188.559
-1.832596	0.615174	-0.666022	120	19	138	1188.342
-2.356194	0.762244	-0.273349	3	5	34	1188.310
2.879793	2.404280	-0.174044	124	8	112	1188.267
2.879793	1.194549	-0.801900	117	5	12	1188.113
-0.261799	2.393226	1.857173	133	143	112	1188.043
-2.356194	0.618092	2.539118	137	6	128	1187.156
-1.832596	1.617114	-1.572037	127	23	124	1187.141
-2.094395	0.899350	-2.069907	125	23	129	1187.093
-2.879793	1.413347	-1.339188	119	135	2	1187.037
1.047198	2.187132	-0.479875	125	11	115	1186.770
2.356194	1.506530	1.988858	141	23	125	1186.706
1.832596	2.664082	-1.071402	133	2	116	1186.497
-0.523599	1.488617	1.159546	118	127	13	1186.302
2.879793	1.506530	1.988858	7	139	37	1185.863
-0.523599	1.310100	1.488307	119	127	16	1185.714
0.261799	0.674054	1.013609	9	134	34	1185.670
-0.523599	2.295480	1.008277	118	133	15	1185.574
-0.785398	1.599406	1.426070	121	3	135	1185.283
0.000000	2.104282	-0.813972	137	122	19	1184.694
-0.523599	1.606104	-0.451151	23	136	22	1184.667
0.261799	1.218453	2.777284	143	138	136	1184.634
1.047198	1.545873	-1.877082	123	15	118	1184.426
2.617994	2.760637	2.781135	128	18	116	1184.408
-0.261799	2.760637	2.781135	142	18	4	1184.363
-1.047198	0.203748	0.590255	133	136	39	1184.358
-0.523599	1.982574	-1.115518	134	7	117	1184.286
1.308997	1.836682	-0.676006	7	139	22	1184.045
0.261799	1.417623	-0.202254	3	8	129	1184.015
1.570796	0.899350	-2.069907	139	11	136	1183.908
1.047198	2.455966	-0.641220	123	15	118	1183.651
-0.523599	1.050534	3.042579	105	14	127	1183.298
-3.141593	1.506530	1.988858	10	140	38	1183.221
1.047198	0.618092	2.539118	117	119	132	1182.857
-1.308997	1.812176	0.656819	109	1	6	1182.776
0.261799	0.866395	-2.492918	111	130	14	1182.462
-2.617994	1.741644	-2.695914	21	143	127	1182.256
2.879793	1.256302	0.062705	139	24	125	1182.219
-1.832596	2.579248	-2.364801	129	28	134	1182.191
0.523599	0.080730	-2.622036	15	12	5	1182.057
-3.141593	2.247462	0.191623	9	16	117	1181.976
2.094395	0.370812	-2.547742	8	11	137	1181.892
0.523599	0.961715	0.014085	0	5	127	1181.881
-2.094395	1.413430	2.550734	125	0	35	1181.879
-0.523599	2.404280	-0.174044	127	6	113	1181.870
2.617994	0.615174	-0.666022	114	4	7	1181.775
0.261799	1.134796	2.434290	102	3	141	1181.603
-1.308997	1.218453	2.777284	118	29	131	1181.543
1.308997	0.914445	2.687814	141	143	41	1181.335
-1.832596	2.984978	1.954446	114	30	140	1181.272
1.047198	2.180315	-1.357379	121	25	131	1181.001
-2.356194	1.135813	-2.658866	139	4	116	1180.817
1.308997	0.700570	1.559208	130	130	19	1180.796
2.094395	0.733948	3.021411	137	0	132	1180.745
-2.879793	0.591903	2.010408	120	24	0	1180.734
2.617994	1.699788	2.452890	15	20	31	1180.710
-2.356194	1.569311	-3.003978	130	21	30	1180.647
-2.094395	1.555207	1.708892	140	21	14	1180.500
1.570796	1.050534	3.042579	123	140	126	1180.372
2.617994	1.872854	1.543456	141	29	13	1180.018
-2.879793	2.104282	-0.813972	10	6	120	1179.615
-0.785398	1.218453	2.777284	109	25	132	1179.606
-0.523599	2.063651	-2.044600	129	18	122	1179.547
1.308997	1.872854	1.543456	8	125	28	1179.487
0.785398	1.014500	0.906702	8	134	30	1179.300
-2.617994	0.496451	0.593859	128	140	132	1178.936
2.094395	1.128190	-2.288622	10	10	130	1178.863
-1.047198	2.251330	-2.330739	0	142	127	1178.659
0.261799	0.297065	2.160177	104	9	137	1178.317
-2.356194	1.413430	2.550734	136	21	137	1178.178
-1.308997	1.869911	2.701025	120	31	135	1177.727
0.523599	0.866395	-2.492918	120	134	29	1177.532
-2.879793	1.014500	0.906702	135	12	29	1176.885
1.832596	1.875281	0.107086	131	25	127	1176.486
-2.094395	0.297065	2.160177	9	19	140	1176.450
-1.047198	1.417623	-0.202254	137	131	24	1176.325
-2.094395	0.762244	-0.273349	143	4	34	1176.148
1.308997	0.709924	0.218797	136	27	139	1175.965
1.832596	1.510910	-0.740472	128	18	122	1175.551
-2.617994	2.104282	-0.813972	109	135	129	1175.374
0.523599	2.104282	-0.813972	138	19	126	1175.354
2.617994	0.762244	-0.273349	24	29	2	1175.327
0.785398	1.875281	0.107086	18	23	142	1174.996
0.000000	2.115563	0.685730	130	135	19	1174.904
2.356194	2.138223	1.678323	8	134	6	1174.504
1.308997	1.606104	-0.451151	127	29	142	1174.249
1.308997	0.496451	0.593859	130	16	132	1174.062
0.785398	2.153910	-1.714959	120	23	128	1173.906
-1.570796	0.961715	0.014085	139	142	31	1173.859
-1.832596	2.356369	3.005869	140	6	126	1173.845
0.785398	1.977582	0.969896	126	133	3	1173.711
1.308997	0.297065	2.160177	140	15	1	1173.680
-2.094395	1.741644	-2.695914	131	14	120	1173.389
2.094395	1.812176	0.656819	137	23	122	1173.380
0.785398	2.164094	-2.991358	136	1	126	1173.370
1.047198	1.242974	-2.977882	140	10	139	1173.148
0.261799	1.301460	-0.509251	29	5	21	1173.032
2.617994	2.180315	-1.357379	4	134	120	1172.872
-1.570796	1.045978	0.343692	136	139	29	1172.764
2.879793	2.587733	0.232235	141	12	116	1172.601
-2.879793	1.310100	1.488307	108	4	16	1172.486
-2.879793	1.617114	-1.572037	124	10	20	1172.327
0.785398	1.504028	0.636812	10	1	33	1172.022
-2.094395	2.592629	0.909713	4	15	17	1171.817
1.832596	2.041297	-2.664597	7	141	126	1171.696
0.785398	1.846342	-1.796954	121	18	121	1171.507
-1.832596	2.404280	-0.174044	127	124	26	1171.217
2.617994	1.194549	-0.801900	135	13	118	1170.979
-2.879793	1.510910	-0.740472	140	16	122	1170.873
0.785398	1.256302	0.062705	0	9	28	1170.806
-2.617994	0.419640	2.974122	133	7	125	1169.887
0.261799	1.683268	0.374177	10	125	21	1169.677
-0.261799	1.113094	-0.272241	27	142	25	1169.392
-1.832596	0.290380	-0.796960	123	21	0	1169.379
-0.261799	0.619654	-2.216909	138	123	20	1169.246
-1.308997	0.080730	-2.622036	102	14	135	1169.187
-0.785398	2.115563	0.685730	119	131	14	1169.092
0.000000	1.555207	1.708892	126	5	137	1168.997
0.785398	1.510910	-0.740472	0	8	120	1168.912
0.000000	2.404280	-0.174044	27	136	26	1168.883
1.308997	2.664082	-1.071402	133	140	114	1168.857
1.308997	1.134796	2.434290	111	142	134	1168.697
-0.785398	1.732874	-0.951685	141	142	118	1168.630
-0.785398	0.640596	-2.797608	106	7	125	1168.583
-0.523599	1.683268	0.374177	137	135	28	1168.531
-2.356194	1.113094	-0.272241	1	126	23	1168.526
0.000000	1.184361	0.625864	136	11	135	1168.254
2.356194	0.290380	-0.796960	127	22	129	1168.146
-2.617994	1.721184	-0.153948	120	139	24	1168.023
-1.047198	2.041297	-2.664597	7	13	127	1168.000
2.094395	1.014500	0.906702	16	32	4	1167.992
2.356194	2.404280	-0.174044	138	20	27	1167.910
2.617994	1.574060	2.783565	5	10	33	1167.776
-2.094395	1.909857	-0.381669	129	125	23	1167.555
-3.141593	1.756530	-2.105156	136	24	133	1167.137
-2.356194	0.419640	2.974122	130	9	125	1167.037
0.523599	1.721184	-0.153948	18	13	29	1167.022
0.785398	1.721184	-0.153948	5	7	26	1166.991
2.879793	0.458961	-0.107937	140	30	5	1166.708
2.356194	0.203748	0.590255	129	5	33	1166.598
1.047198	0.418037	1.360082	138	0	35	1166.464
-1.047198	1.413347	-1.339188	124	1	116	1166.167
2.617994	2.001437	0.381215	135	19	116	1166.110
-2.094395	0.458961	-0.107937	3	2	37	1165.953
0.523599	1.732874	-0.951685	138	14	122	1165.795
-2.094395	1.574060	2.783565	122	15	132	1165.533
-2.094395	1.134497	-1.109631	124	28	139	1165.246
-0.261799	1.134796	2.434290	103	15	139	1165.245
-0.785398	0.733948	3.021411	105	19	130	1165.062
1.832596	1.846342	-1.796954	4	18	0	1164.859
2.094395	1.335669	0.897240	141	29	136	1164.845
-1.047198	1.617114	-1.572037	4	11	122	1164.468
-2.094395	1.554776	0.100351	7	129	32	1164.425
1.308997	0.831641	0.616218	10	29	11	1164.348
2.356194	0.615174	-0.666022	127	142	18	1164.149
-0.261799	0.297065	2.160177	123	133	21	1164.120
-2.356194	2.073035	2.027405	130	23	1	1164.102
-2.617994	2.174483	2.653697	115	14	120	1164.094
1.047198	1.135834	-1.431087	141	18	0	1163.684
-2.617994	1.510910	-0.740472	116	134	11	1163.578
1.570796	2.089241	-0.114193	139	11	119	1163.492
1.047198	0.831641	0.616218	136	27	0	1163.449
2.879793	2.089241	-0.114193	119	8	119	1162.959
0.000000	2.588535	-2.976617	135	138	120	1162.890
2.094395	0.640596	-2.797608	138	8	138	1162.823
-0.261799	1.554776	0.100351	137	6	132	1162.794
2.617994	1.325504	-1.671296	135	20	131	1162.750
-0.261799	1.683268	0.374177	14	2	33	1162.626
2.094395	1.948085	-2.363031	8	1	125	1162.623
2.094395	2.343981	-1.040456	5	21	136	1162.547
-0.785398	0.571433	-1.188419	133	10	1	1162.335
1.047198	0.864993	2.278281	110	2	132	1162.089
-1.832596	2.187132	-0.479875	121	126	5	1161.668
-2.356194	2.247462	0.191623	131	7	18	1161.272
0.523599	1.134796	2.434290	29	140	38	1161.247
-1.570796	2.104282	-0.813972	118	12	116	1161.176
-2.094395	0.674054	1.013609	136	5	139	1161.162
0.000000	2.089241	-0.114193	26	140	28	1160.628
1.308997	1.699788	2.452890	7	130	34	1160.179
0.000000	0.992645	-1.723759	141	118	12	1160.144
-2.356194	1.135834	-1.431087	3	29	141	1159.907
1.570796	1.488617	1.159546	26	25	141	1159.361
2.879793	0.831641	0.616218	142	139	34	1159.335
-2.356194	1.721184	-0.153948	133	138	24	1159.219
-0.785398	1.413347	-1.339188	122	143	116	1159.165
0.523599	0.709924	0.218797	143	142	31	1158.687
1.047198	0.640596	-2.797608	123	136	30	1158.637
-2.879793	1.256302	0.062705	138	139	30	1158.545
-0.261799	2.979456	-1.009304	132	20	123	1157.915
2.617994	0.591903	2.010408	31	135	6	1157.879
-2.094395	1.134796	2.434290	14	136	7	1157.452
0.000000	0.571433	-1.188419	117	133	129	1157.306
-2.617994	1.569311	-3.003978	129	13	127	1157.119
-0.785398	0.961715	0.014085	7	128	29	1157.017
-1.832596	1.836682	-0.676006	121	20	121	1157.005
-0.523599	1.554776	0.100351	141	135	27	1156.949
-1.832596	1.982574	-1.115518	123	24	126	1156.943
2.617994	0.866955	-0.931351	140	16	123	1156.478
-2.879793	2.001437	0.381215	3	6	31	1156.447
2.094395	1.554776	0.100351	2	16	122	1156.389
2.356194	1.732874	-0.951685	11	23	0	1156.385
0.523599	2.863997	0.549740	134	22	124	1156.195
-0.523599	1.809167	1.213774	135	8	143	1156.183
0.000000	1.809167	1.213774	124	125	5	1156.106
-0.261799	1.599406	1.426070	121	130	14	1156.080
-1.047198	2.073035	2.027405	116	127	19	1155.993
-1.308997	1.606104	-0.451151	135	138	23	1155.967
-2.879793	2.455966	-0.641220	9	141	120	1155.838
-1.308997	2.108018	1.311430	107	139	137	1155.738
-2.617994	1.732874	-0.951685	3	17	124	1155.649
0.785398	0.203748	0.590255	121	20	12	1155.646
-2.617994	2.379497	0.561089	13	15	13	1155.646
1.308997	1.732874	-0.951685	126	28	135	1155.262
-0.785398	0.992645	-1.723759	102	0	142	1155.170
-2.617994	1.836682	-0.676006	110	2	118	1155.143
2.879793	1.699788	2.452890	136	23	28	1154.916
2.617994	1.766067	2.153843	10	132	1	1154.211
-1.570796	2.456751	-1.503343	135	22	124	1154.125
-2.879793	1.506530	1.988858	118	25	125	1154.071
-2.617994	2.588535	-2.976617	133	31	1	1153.946
-0.261799	2.073035	2.027405	139	137	36	1153.893
0.261799	1.184361	0.625864	7	123	25	1153.874
-2.356194	1.732874	-0.951685	122	27	125	1153.826
-2.879793	0.850607	-1.335383	128	17	122	1153.804
0.523599	1.113094	-0.272241	21	15	25	1153.770
1.047198	2.664082	-1.071402	130	142	114	1153.628
1.570796	0.961715	0.014085	4	7	28	1153.299
-1.308997	1.025536	1.576859	115	2	135	1153.229
1.308997	0.290380	-0.796960	140	28	135	1153.190
2.094395	1.325504	-1.671296	139	19	134	1153.133
-1.832596	2.063651	-2.044600	137	1	113	1153.068
0.261799	2.299159	2.264663	137	126	31	1153.066
-1.570796	0.379747	-1.713059	120	0	28	1152.617
0.000000	2.349581	-2.702517	140	136	124	1152.476
2.617994	2.979456	-1.009304	134	12	12	1152.463
2.094395	2.187132	-0.479875	138	8	115	1152.383
-1.570796	1.982574	-1.115518	141	22	128	1152.061
1.047198	2.299159	2.264663	142	18	120	1152.020
1.570796	1.325504	-1.671296	125	134	0	1151.950
-0.785398	0.831641	0.616218	132	134	32	1151.923
-2.094395	1.846342	-1.796954	1	28	134	1151.863
-1.570796	1.510910	-0.740472	116	18	128	1151.514
1.570796	1.554776	0.100351	10	142	24	1151.465
1.832596	2.704512	1.488683	7	28	134	1151.277
0.000000	1.488617	1.159546	11	2	139	1151.270
-0.785398	1.391910	3.030322	110	21	126	1151.266
-0.261799	1.574060	2.783565	104	16	133	1151.192
2.617994	1.846342	-1.796954	20	28	0	1151.160
2.094395	0.619654	-2.216909	12	20	18	1150.934
1.832596	1.325504	-1.671296	22	18	12	1150.934
2.094395	0.864993	2.278281	122	131	24	1150.865
-1.308997	0.419640	2.974122	143	28	136	1150.795
2.879793	1.869911	2.701025	10	143	136	1150.658
1.570796	0.080730	-2.622036	8	122	30	1150.373
-2.356194	1.325504	-1.671296	118	134	130	1150.209
-1.570796	1.113094	-0.272241	113	15	131	1150.163
2.879793	1.014500	0.906702	133	139	36	1150.051
-2.356194	1.168678	2.108595	125	12	134	1149.954
0.000000	1.756530	-2.105156	25	5	129	1149.778
-0.261799	2.138223	1.678323	131	141	113	1149.647
-2.879793	1.134497	-1.109631	134	28	135	1149.570
2.094395	1.448123	-2.163292	18	10	128	1149.520
-2.356194	1.218453	2.777284	143	24	4	1149.102
1.832596	1.413430	2.550734	17	126	142	1148.980
2.356194	1.135834	-1.431087	16	22	16	1148.803
1.308997	1.417623	-0.202254	136	20	129	1148.569
-0.523599	0.591903	2.010408	111	26	0	1148.540
-3.141593	2.349581	-2.702517	134	33	134	1148.066
-1.047198	1.391910	3.030322	114	28	127	1147.709
-1.047198	0.674054	1.013609	115	2	138	1147.532
2.356194	1.413430	2.550734	16	14	37	1147.508
0.523599	0.458961	-0.107937	123	1	141	1147.451
0.523599	0.419640	2.974122	116	121	127	1147.275
-2.879793	0.685216	-1.712745	113	7	133	1146.932
-2.879793	2.393226	1.857173	1	16	32	1146.660
-3.141593	1.510910	-0.740472	137	23	125	1146.524
-2.617994	2.404280	-0.174044	133	0	26	1146.274
1.832596	0.674054	1.013609	139	1	35	1146.143
2.094395	0.379747	-1.713059	0	24	127	1146.132
-0.523599	0.762244	-0.273349	33	4	15	1146.095
-2.094395	1.982574	-1.115518	121	22	120	1146.091
-3.141593	0.864993	2.278281	140	8	139	1145.947
-2.617994	2.587733	0.232235	134	10	27	1145.925
1.308997	1.014500	0.906702	7	28	15	1145.828
-1.047198	1.242974	-2.977882	113	23	123	1145.744
2.879793	1.756530	-2.105156	139	21	132	1145.656
-2.879793	0.864993	2.278281	7	142	41	1145.644
1.308997	0.615174	-0.666022	6	0	126	1145.470
2.879793	1.134796	2.434290	142	14	38	1145.465
0.261799	2.073035	2.027405	16	133	36	1145.089
0.000000	0.496451	0.593859	122	1	139	1145.039
-1.570796	1.617114	-1.572037	119	24	140	1145.004
-1.047198	2.863997	0.549740	113	126	143	1144.863
-1.308997	1.335669	0.897240	6	14	7	1144.779
-2.617994	2.979456	-1.009304	113	127	136	1144.582
2.356194	0.640596	-2.797608	143	7	132	1144.236
-3.141593	0.203748	0.590255	122	21	0	1144.191
-1.570796	1.721184	-0.153948	110	0	9	1144.185
-0.785398	1.184361	0.625864	0	138	34	1143.992
0.785398	1.135813	-2.658866	21	133	133	1143.981
-1.832596	2.138223	1.678323	3	23	15	1143.891
0.000000	1.413430	2.550734	136	136	132	1143.645
-3.141593	0.910508	1.903534	37	141	9	1143.404
-1.047198	2.164094	-2.991358	5	16	130	1143.302
-1.047198	0.496451	0.593859	19	14	9	1142.943
2.356194	1.574060	2.783565	22	13	35	1142.728
0.000000	1.128190	-2.288622	20	134	131	1142.628
0.785398	0.700570	1.559208	127	23	13	1142.542
2.356194	2.153910	-1.714959	132	8	119	1142.534
-2.094395	0.866955	-0.931351	123	27	142	1142.383
-2.879793	1.214854	-1.966664	118	10	126	1142.161
-1.308997	2.724429	-0.348782	125	128	4	1141.996
-1.570796	1.766067	2.153843	118	7	129	1141.949
2.356194	0.496451	0.593859	13	4	36	1141.716
-1.308997	1.194549	-0.801900	21	122	12	1141.698
2.879793	2.033014	2.977192	4	138	128	1141.626
1.832596	1.367556	0.358405	7	3	30	1141.402
2.356194	1.113094	-0.272241	17	6	32	1141.333
-0.523599	0.831641	0.616218	143	134	33	1141.320
2.879793	1.440580	2.260026	125	27	128	1141.305
-0.261799	2.001437	0.381215	137	141	27	1141.107
-1.832596	1.909857	-0.381669	118	19	117	1140.945
2.356194	1.696674	-1.253233	4	22	137	1140.869
0.261799	2.455966	-0.641220	134	13	118	1140.849
-1.047198	1.599406	1.426070	121	6	136	1140.754
-1.832596	1.662363	0.915448	12	10	21	1140.696
-1.570796	1.872854	1.543456	6	17	10	1140.621
-0.523599	0.419640	2.974122	106	11	130	1140.392
2.356194	2.343981	-1.040456	142	8	116	1140.171
-0.261799	2.299159	2.264663	142	130	31	1140.094
1.832596	1.214854	-1.966664	129	4	116	1139.870
-3.141593	2.379497	0.561089	8	23	130	1139.276
-1.308997	2.073035	2.027405	114	26	5	1139.136
-3.141593	2.187132	-0.479875	131	6	20	1139.041
-2.617994	0.910508	1.903534	111	138	18	1138.865
-1.832596	1.374601	-2.456031	121	16	119	1138.829
0.523599	1.696674	-1.253233	133	21	125	1138.826
-2.094395	1.374601	-2.456031	142	0	116	1138.687
-1.570796	1.168678	2.108595	127	9	136	1138.654
-1.308997	1.168678	2.108595	132	27	4	1138.605
0.261799	1.504028	0.636812	15	138	33	1138.505
0.000000	0.297065	2.160177	103	17	140	1138.462
0.785398	1.045978	0.343692	137	9	30	1138.316
1.308997	0.080730	-2.622036	36	138	0	1137.912
-1.047198	1.846342	-1.796954	142	133	127	1137.808
0.261799	1.374601	-2.456031	18	138	130	1137.760
0.000000	1.448123	-2.163292	24	0	130	1137.728
1.047198	1.045978	0.343692	2	11	30	1137.647
-1.570796	1.554776	0.100351	142	132	28	1137.244
2.879793	1.310100	1.488307	121	5	34	1137.238
-2.617994	0.379747	-1.713059	120	2	23	1137.036
1.832596	0.379747	-1.713059	18	20	5	1136.803
-0.523599	1.824694	1.850876	127	132	117	1136.700
-3.141593	2.063651	-2.044600	140	10	121	1136.524
1.570796	2.979456	-1.009304	140	143	116	1136.475
0.523599	2.073035	2.027405	143	5	118	1136.353
2.617994	1.756530	-2.105156	17	26	141	1136.203
0.000000	1.214854	-1.966664	27	139	130	1136.148
-2.094395	2.180315	-1.357379	131	124	0	1136.051
-1.308997	0.571433	-1.188419	117	18	143	1135.859
1.308997	0.910508	1.903534	5	126	12	1135.802
-2.356194	1.658653	-2.409879	19	30	11	1135.594
1.570796	2.108018	1.311430	12	26	138	1135.586
-2.617994	2.664082	-1.071402	118	134	9	1135.515
2.356194	2.724429	-0.348782	13	15	126	1135.393
0.000000	0.080730	-2.622036	124	20	3	1135.355
2.617994	0.370812	-2.547742	15	132	142	1135.338
-0.523599	1.374601	-2.456031	118	11	120	1135.261
2.617994	2.863997	0.549740	134	1	113	1135.244
0.523599	1.045978	0.343692	141	8	31	1135.137
-2.617994	0.080730	-2.622036	135	27	132	1134.854
-1.832596	0.866955	-0.931351	134	117	139	1134.803
-0.261799	1.413347	-1.339188	141	120	141	1134.799
0.785398	0.709924	0.218797	137	20	133	1134.638
2.356194	1.301460	-0.509251	133	21	123	1134.549
-2.356194	0.458961	-0.107937	7	2	36	1134.411
-2.356194	2.456751	-1.503343	131	19	118	1134.276
-1.308997	2.579248	-2.364801	3	1	124	1134.259
0.000000	0.960688	-0.577532	30	1	20	1134.206
-3.141593	1.135834	-1.431087	114	5	139	1134.141
-3.141593	0.866395	-2.492918	8	25	18	1134.015
-1.047198	0.591903	2.010408	16	141	38	1133.875
-2.879793	2.760637	2.781135	137	30	139	1133.624
1.832596	1.870545	-2.976234	12	136	130	1133.575
0.523599	2.760637	2.781135	7	124	24	1133.436
-0.523599	0.914445	2.687814	131	7	38	1133.415
-1.308997	1.134796	2.434290	5	0	40	1133.369
1.832596	1.554776	0.100351	6	5	119	1133.309
2.356194	1.869911	2.701025	23	17	30	1133.159
1.570796	1.766067	2.153843	122	143	140	1133.158
-2.879793	0.418037	1.360082	33	136	8	1133.104
-1.570796	0.496451	0.593859	37	1	12	1133.032
-2.356194	0.700570	1.559208	115	24	143	1132.905
-1.570796	2.041297	-2.664597	12	9	126	1132.812
-1.832596	2.343981	-1.040456	125	15	115	1132.780
0.261799	1.113094	-0.272241	8	8	21	1132.659
1.047198	1.195355	1.200319	127	12	138	1132.142
-1.832596	0.906588	1.252948	31	11	17	1132.116
0.523599	1.504028	0.636812	127	8	22	1132.093
-0.261799	0.203748	0.590255	119	1	0	1131.868
0.523599	2.164094	-2.991358	138	10	136	1131.628
1.832596	1.242974	-2.977882	126	0	126	1131.510
-1.832596	0.960688	-0.577532	9	121	17	1131.385
-2.617994	0.762244	-0.273349	127	28	139	1131.309
-1.832596	1.413430	2.550734	114	7	130	1131.223
1.308997	0.640596	-2.797608	30	135	134	1131.078
-1.047198	0.906588	1.252948	115	1	136	1130.979
2.617994	2.299159	2.264663	126	19	116	1130.883
2.879793	1.510910	-0.740472	117	5	14	1130.728
0.261799	2.664082	-1.071402	125	17	119	1130.575
1.047198	2.164094	-2.991358	118	141	127	1130.387
-1.308997	0.700570	1.559208	142	22	5	1130.344
1.570796	2.579248	-2.364801	111	139	123	1130.235
-0.785398	1.554776	0.100351	140	134	27	1130.163
0.523599	1.606104	-0.451151	20	15	23	1130.051
1.570796	1.184361	0.625864	5	0	32	1129.909
-3.141593	1.335669	0.897240	18	21	21	1129.134
-0.261799	1.824694	1.850876	126	2	134	1129.057
0.000000	1.417623	-0.202254	6	129	27	1128.526
0.523599	1.194549	-0.801900	29	9	15	1128.416
-2.879793	1.948085	-2.363031	132	28	133	1128.348
0.785398	1.696674	-1.253233	130	22	125	1128.203
1.832596	1.982574	-1.115518	120	8	115	1128.193
-2.356194	2.664082	-1.071402	120	128	0	1128.183
-1.308997	1.545873	-1.877082	130	8	116	1128.016
-1.047198	2.456751	-1.503343	136	20	123	1127.997
1.308997	1.617114	-1.572037	123	19	122	1127.849
-2.617994	1.025536	1.576859	110	139	18	1127.816
-0.785398	1.736875	3.023612	111	24	126	1127.662
-2.879793	0.496451	0.593859	119	1	131	1127.657
-2.094395	2.343981	-1.040456	113	7	3	1127.575
0.261799	2.174483	2.653697	4	9	142	1127.189
-1.308997	1.045978	0.343692	138	137	29	1127.047
-2.879793	2.407836	1.410646	117	11	22	1127.036
1.570796	2.349581	-2.702517	113	133	122	1126.913
0.000000	0.906588	1.252948	127	8	29	1126.681
2.094395	1.875281	0.107086	139	15	118	1126.324
1.047198	1.982574	-1.115518	5	142	18	1126.167
-1.308997	1.872854	1.543456	124	10	137	1126.148
-0.523599	0.961715	0.014085	3	134	33	1126.050
-3.141593	0.615174	-0.666022	133	5	33	1125.983
-0.785398	0.370812	-2.547742	142	19	143	1125.564
1.308997	2.396274	-1.959260	7	7	126	1125.555
0.000000	1.683268	0.374177	13	129	26	1125.553
-1.047198	2.984978	1.954446	1	16	5	1125.510
-3.141593	1.904882	-1.478089	116	0	141	1125.286
-2.094395	0.929350	-2.910676	121	17	128	1125.283
-1.308997	1.128190	-2.288622	119	25	138	1125.260
-1.832596	0.203748	0.590255	37	139	6	1125.197
-2.879793	1.836682	-0.676006	119	140	17	1125.055
-2.094395	2.719179	-1.780644	127	25	122	1124.953
-0.523599	2.760637	2.781135	11	8	129	1124.847
-1.570796	0.297065	2.160177	19	0	38	1124.846
2.356194	0.866395	-2.492918	140	7	126	1124.396
2.879793	1.875281	0.107086	17	28	0	1124.268
1.308997	2.587733	0.232235	134	23	126	1124.195
-2.356194	0.960688	-0.577532	126	28	137	1124.176
0.523599	1.310100	1.488307	110	4	17	1123.984
2.356194	1.977582	0.969896	127	29	140	1123.891
2.617994	1.413430	2.550734	11	15	37	1123.140
1.570796	0.762244	-0.273349	131	15	126	1123.076
-1.047198	2.247462	0.191623	23	139	124	1123.036
-2.617994	1.256302	0.062705	141	134	31	1122.986
-1.047198	2.138223	1.678323	141	18	13	1122.887
-1.570796	1.413430	2.550734	130	22	135	1122.825
0.261799	1.982574	-1.115518	133	14	120	1122.808
-2.356194	2.592629	0.909713	108	20	7	1122.772
2.879793	2.379497	0.561089	18	17	20	1122.555
-0.523599	2.180315	-1.357379	141	18	124	1122.332
-2.356194	1.247695	1.809890	3	136	40	1122.082
-3.141593	0.297065	2.160177	136	142	40	1121.945
-0.261799	2.343981	-1.040456	136	16	120	1121.928
1.047198	1.510910	-0.740472	138	8	118	1121.682
-2.879793	2.719179	-1.780644	136	24	121	1121.538
-1.832596	1.545873	-1.877082	0	29	8	1121.481
0.785398	0.929350	-2.910676	19	130	136	1121.308
-2.879793	2.063651	-2.044600	132	26	127	1121.268
-1.570796	0.419640	2.974122	130	28	132	1121.075
-2.094395	1.014500	0.906702	20	0	31	1120.968
-1.832596	1.134497	-1.109631	119	23	137	1120.934
2.094395	2.664082	-1.071402	135	4	116	1120.922
0.261799	2.579248	-2.364801	137	136	120	1120.751
1.570796	0.709924	0.218797	5	28	143	1120.715
-2.617994	2.343981	-1.040456	117	134	6	1120.627
-2.617994	2.349581	-2.702517	129	14	122	1120.260
2.617994	1.554776	0.100351	1	3	30	1120.162
-1.832596	1.658653	-2.409879	6	2	121	1119.987
0.785398	0.674054	1.013609	131	129	18	1119.930
-1.570796	1.440580	2.260026	138	2	38	1119.860
1.832596	2.579248	-2.364801	110	136	125	1119.809
1.047198	1.310100	1.488307	127	11	140	1119.717
-0.785398	1.014500	0.906702	116	0	134	1119.676
-2.879793	1.113094	-0.272241	134	27	131	1118.893
-3.141593	1.555207	1.708892	125	9	34	1118.758
0.523599	1.741644	-2.695914	113	3	116	1118.719
-0.785398	1.909857	-0.381669	120	1	117	1118.662
-1.308997	1.488617	1.159546	139	14	3	1118.505
2.094395	1.113094	-0.272241	16	4	31	1118.448
-1.570796	2.592629	0.909713	138	11	17	1118.414
0.523599	2.724429	-0.348782	134	17	121	1117.921
0.261799	0.709924	0.218797	0	141	31	1117.840
-0.261799	1.184361	0.625864	0	0	34	1117.810
0.000000	2.251330	-2.330739	114	128	9	1117.763
1.832596	2.001437	0.381215	132	13	34	1117.590
0.785398	1.824694	1.850876	138	140	37	1117.502
0.523599	1.875281	0.107086	17	142	121	1117.402
-3.141593	1.721184	-0.153948	136	22	119	1117.240
1.308997	2.455966	-0.641220	132	1	113	1117.239
1.047198	1.869911	2.701025	6	13	130	1117.218
0.261799	1.875281	0.107086	8	127	20	1116.701
-2.094395	2.407836	1.410646	114	22	8	1116.531
0.785398	2.033014	2.977192	123	141	129	1116.391
-2.617994	2.108018	1.311430	123	16	114	1116.275
-0.785398	0.418037	1.360082	19	138	36	1116.202
2.617994	0.496451	0.593859	14	4	36	1116.176
-2.879793	1.909857	-0.381669	132	143	23	1115.954
-2.879793	1.982574	-1.115518	133	24	121	1115.825
1.832596	2.089241	-0.114193	138	17	122	1115.638
-1.832596	1.977582	0.969896	9	11	22	1115.486
1.832596	1.134796	2.434290	139	118	139	1115.458
-2.617994	1.909857	-0.381669	135	138	23	1115.399
-2.356194	1.812176	0.656819	133	19	12	1115.141
-1.570796	2.247462	0.191623	129	129	28	1115.086
-0.785398	0.203748	0.590255	6	16	10	1115.039
2.094395	1.617114	-1.572037	3	20	1	1114.500
-1.047198	2.881233	-2.582574	131	139	117	1114.239
0.000000	1.869911	2.701025	1	8	140	1114.160
0.261799	0.910508	1.903534	105	13	2	1114.140
2.617994	0.418037	1.360082	121	23	142	1114.018
-3.141593	2.138223	1.678323	2	10	36	1113.870
1.308997	0.418037	1.360082	140	27	21	1113.855
-1.832596	1.870545	-2.976234	129	20	126	1113.767
0.785398	1.367556	0.358405	11	129	25	1113.693
-1.832596	2.379497	0.561089	137	6	25	1113.667
2.094395	2.724429	-0.348782	126	24	23	1113.514
-2.094395	2.393226	1.857173	119	4	111	1113.498
-2.879793	1.025536	1.576859	110	0	18	1113.437
1.832596	2.104282	-0.813972	13	142	20	1113.365
-1.308997	2.592629	0.909713	120	138	32	1113.186
-1.832596	1.699788	2.452890	116	7	128	1113.090
1.308997	1.510910	-0.740472	135	10	118	1113.005
1.570796	1.448123	-2.163292	142	11	139	1112.668
-1.308997	1.683268	0.374177	138	138	30	1112.654
-1.570796	2.704512	1.488683	105	19	5	1112.573
-0.261799	0.899350	-2.069907	105	135	7	1112.392
-2.094395	2.187132	-0.479875	126	123	22	1112.288
2.617994	1.869911	2.701025	36	139	141	1112.242
-2.879793	2.073035	2.027405	6	12	36	1112.152
-2.617994	2.455966	-0.641220	7	141	121	1111.905
1.047198	0.906588	1.252948	23	126	26	1111.722
-1.832596	0.418037	1.360082	5	12	0	1111.701
-1.570796	1.732874	-0.951685	118	20	128	1111.651
1.570796	2.343981	-1.040456	138	141	116	1111.645
2.879793	1.696674	-1.253233	112	3	139	1111.564
1.047198	2.379497	0.561089	23	137	26	1111.208
-2.879793	1.977582	0.969896	129	21	117	1111.199
1.832596	1.195355	1.200319	129	127	14	1111.170
-1.832596	0.914445	2.687814	2	25	135	1111.155
1.308997	2.478122	2.609777	134	14	114	1111.125
2.879793	1.904882	-1.478089	112	139	141	1111.123
0.261799	2.164094	-2.991358	119	1	124	1111.123
-1.570796	2.073035	2.027405	138	23	7	1111.039
-2.879793	0.831641	0.616218	135	13	31	1110.995
1.570796	1.909857	-0.381669	137	2	114	1110.967
-3.141593	2.863997	0.549740	7	14	126	1110.670
1.047198	1.168678	2.108595	109	3	136	1110.664
1.832596	1.696674	-1.253233	134	2	16	1110.600
1.308997	0.960688	-0.577532	142	13	125	1110.311
-2.879793	2.592629	0.909713	3	19	128	1110.227
-2.356194	2.153910	-1.714959	126	26	124	1110.149
-3.141593	1.168678	2.108595	110	10	18	1109.991
0.785398	2.881233	-2.582574	0	15	141	1109.961
0.785398	0.640596	-2.797608	121	140	30	1109.902
0.785398	1.194549	-0.801900	139	14	123	1109.725
-2.879793	2.108018	1.311430	26	15	22	1109.222
2.879793	1.554776	0.100351	0	143	30	1108.994
-1.570796	1.909857	-0.381669	111	141	6	1108.837
-2.617994	2.396274	-1.959260	128	31	131	1108.729
-0.523599	2.153910	-1.714959	5	25	137	1108.543
2.617994	2.247462	0.191623	136	12	114	1108.535
0.261799	1.766067	2.153843	136	140	35	1108.260
1.570796	1.134796	2.434290	121	0	135	1108.172
2.356194	0.992645	-1.723759	14	22	18	1108.054
-0.785398	0.618092	2.539118	108	24	137	1107.831
0.000000	0.458961	-0.107937	14	20	6	1107.633
1.570796	1.335669	0.897240	8	139	33	1107.095
2.879793	2.115563	0.685730	19	15	23	1106.857
-0.523599	2.704512	1.488683	129	8	111	1106.615
-0.785398	1.367556	0.358405	142	136	31	1106.389
1.047198	2.251330	-2.330739	137	12	129	1106.265
1.308997	2.592629	0.909713	12	22	128	1106.254
1.047198	0.929350	-2.910676	137	9	140	1106.207
0.000000	1.504028	0.636812	141	140	35	1106.074
2.356194	1.195355	1.200319	122	26	8	1106.033
-2.094395	1.721184	-0.153948	136	135	24	1105.923
-1.308997	1.367556	0.358405	139	141	29	1105.830
0.785398	2.979456	-1.009304	141	135	117	1105.782
2.094395	0.914445	2.687814	8	6	42	1105.782
1.308997	0.379747	-1.713059	9	14	138	1105.694
-2.094395	2.073035	2.027405	107	3	16	1105.553
1.308997	1.247695	1.809890	110	1	140	1105.535
-3.141593	1.450119	-2.739050	130	9	122	1105.510
0.261799	2.881233	-2.582574	14	7	126	1105.491
-3.141593	2.153910	-1.714959	138	24	125	1105.488
-1.308997	2.063651	-2.044600	1	135	126	1104.928
-1.308997	1.904882	-1.478089	125	19	121	1104.916
-1.570796	2.349581	-2.702517	10	6	126	1104.870
-2.356194	1.440580	2.260026	137	24	142	1104.792
2.094395	1.904882	-1.478089	4	19	137	1104.691
1.047198	0.960688	-0.577532	27	8	130	1104.472
-2.879793	2.153910	-1.714959	136	9	116	1104.347
-3.141593	1.875281	0.107086	133	20	116	1104.292
-0.261799	1.812176	0.656819	136	7	139	1104.106
0.523599	2.041297	-2.664597	120	13	127	1103.899
-1.570796	2.356369	3.005869	6	17	132	1103.818
-3.141593	0.571433	-1.188419	128	14	124	1103.651
1.832596	0.733948	3.021411	139	5	137	1103.437
-1.832596	0.850607	-1.335383	116	132	7	1103.413
1.308997	1.184361	0.625864	10	28	9	1103.285
-2.094395	0.850607	-1.335383	111	6	11	1103.233
1.570796	2.164094	-2.991358	138	115	7	1103.003
-0.523599	1.367556	0.358405	1	138	31	1102.777
-1.832596	1.413347	-1.339188	126	1	116	1102.578
-0.523599	2.089241	-0.114193	126	143	114	1102.564
2.617994	2.719179	-1.780644	109	132	128	1102.462
2.879793	0.864993	2.278281	140	9	40	1102.380
0.785398	1.128190	-2.288622	125	127	26	1102.274
2.356194	1.812176	0.656819	131	28	138	1102.029
0.261799	2.984978	1.954446	135	16	113	1101.917
0.261799	2.247462	0.191623	141	139	113	1101.674
-2.094395	0.866395	-2.492918	110	5	0	1101.636
1.832596	2.979456	-1.009304	113	141	11	1101.629
0.523599	2.404280	-0.174044	10	11	122	1101.622
-2.094395	0.080730	-2.622036	114	12	138	1101.599
1.832596	1.574060	2.783565	124	143	133	1101.591
1.570796	0.418037	1.360082	21	142	37	1101.507
0.523599	1.214854	-1.966664	30	138	131	1101.467
-2.617994	1.195355	1.200319	105	143	10	1101.183
-0.261799	0.591903	2.010408	107	22	143	1100.862
2.879793	1.948085	-2.363031	139	21	130	1100.844
2.356194	1.683268	0.374177	3	13	117	1100.690
1.570796	1.599406	1.426070	6	128	31	1100.547
0.000000	1.135813	-2.658866	110	4	120	1100.512
-2.617994	1.045978	0.343692	135	20	28	1100.326
2.356194	1.870545	-2.976234	5	136	127	1100.292
1.047198	1.417623	-0.202254	139	16	129	1100.191
-2.094395	2.456751	-1.503343	123	30	126	1100.065
1.570796	2.295480	1.008277	7	24	132	1099.986
-2.356194	1.391910	3.030322	109	10	134	1099.924
-0.523599	1.732874	-0.951685	135	0	116	1099.831
1.832596	2.587733	0.232235	132	20	125	1099.805
0.523599	0.910508	1.903534	102	7	4	1099.798
0.000000	1.545873	-1.877082	30	2	131	1099.740
-0.523599	2.719179	-1.780644	1	28	137	1099.676
-0.785398	2.396274	-1.959260	9	26	132	1099.631
1.832596	1.301460	-0.509251	143	18	20	1099.606
-2.356194	2.587733	0.232235	136	7	24	1099.600
0.785398	0.419640	2.974122	120	118	127	1099.525
1.308997	1.135834	-1.431087	133	13	118	1099.462
-0.261799	2.104282	-0.813972	34	139	15	1099.442
-2.879793	1.135834	-1.431087	121	137	1	1099.388
0.785398	1.606104	-0.451151	135	10	119	1099.386
-1.570796	0.370812	-2.547742	118	140	22	1099.282
-2.356194	2.719179	-1.780644	131	26	122	1098.996
-1.308997	0.929350	-2.910676	112	23	122	1098.897
-2.356194	2.138223	1.678323	117	11	114	1098.778
0.000000	1.247695	1.809890	130	119	12	1098.721
-1.570796	0.685216	-1.712745	116	141	24	1098.708
2.879793	2.187132	-0.479875	129	13	114	1098.561
-0.261799	2.108018	1.311430	117	138	15	1098.493
0.261799	1.756530	-2.105156	23	5	129	1098.438
2.879793	0.496451	0.593859	17	8	37	1098.324
2.094395	2.979456	-1.009304	113	136	10	1098.194
-2.356194	0.674054	1.013609	112	136	22	1098.149
-1.047198	0.080730	-2.622036	128	2	34	1097.942
2.617994	1.128190	-2.288622	131	4	116	1097.936
-3.141593	2.592629	0.909713	114	8	18	1097.561
-2.356194	2.104282	-0.813972	122	125	13	1097.499
2.094395	0.290380	-0.796960	117	12	141	1097.384
2.617994	1.545873	-1.877082	143	26	3	1097.182
2.879793	2.001437	0.381215	8	21	119	1097.167
-2.617994	2.295480	1.008277	1	22	17	1097.153
-2.094395	1.310100	1.488307	105	138	16	1096.912
2.879793	2.396274	-1.959260	116	131	131	1096.643
1.570796	1.662363	0.915448	25	24	136	1096.621
-0.261799	1.247695	1.809890	130	140	134	1096.593
0.000000	1.574060	2.783565	103	11	133	1096.477
2.094395	2.001437	0.381215	136	18	118	1096.461
1.570796	2.393226	1.857173	143	121	23	1096.434
0.000000	1.335669	0.897240	135	12	139	1096.414
1.308997	2.180315	-1.357379	143	135	119	1096.321
0.523599	0.290380	-0.796960	139	16	135	1095.971
-0.523599	0.685216	-1.712745	115	12	4	1095.709
-0.523599	1.168678	2.108595	107	21	4	1095.689
0.785398	2.299159	2.264663	143	10	118	1095.633
-0.261799	1.413430	2.550734	101	13	137	1095.524
0.523599	1.510910	-0.740472	142	13	124	1095.163
-2.617994	1.450119	-2.739050	132	13	120	1095.154
-1.832596	1.417623	-0.202254	11	123	26	1094.783
2.094395	1.391910	3.030322	138	128	123	1094.636
0.261799	2.343981	-1.040456	128	11	116	1094.625
-1.832596	1.184361	0.625864	17	143	30	1094.615
-1.047198	0.458961	-0.107937	136	135	36	1094.543
1.047198	1.335669	0.897240	11	25	14	1094.469
-2.094395	0.961715	0.014085	139	141	30	1094.421
2.094395	1.433411	-1.035986	125	12	117	1094.386
0.785398	2.724429	-0.348782	131	21	122	1094.289
2.879793	0.866395	-2.492918	135	9	120	1094.283
-2.879793	2.295480	1.008277	20	16	22	1094.250
-2.094395	2.041297	-2.664597	24	1	128	1094.226
-0.523599	1.870545	-2.976234	110	20	121	1094.082
-0.785398	0.080730	-2.622036	125	0	32	1094.031
-2.356194	2.393226	1.857173	127	22	142	1093.982
1.308997	0.929350	-2.910676	138	9	140	1093.973
-1.047198	2.588535	-2.976617	143	31	7	1093.914
0.523599	2.247462	0.191623	125	0	111	1093.613
0.000000	2.041297	-2.664597	1	127	129	1093.581
2.356194	0.910508	1.903534	123	132	26	1093.443
-1.570796	2.984978	1.954446	109	27	140	1093.438
-2.879793	0.419640	2.974122	136	6	125	1093.371
-1.308997	0.618092	2.539118	5	30	139	1093.255
0.261799	1.194549	-0.801900	117	132	130	1093.104
1.570796	1.977582	0.969896	139	16	116	1093.100
2.617994	0.831641	0.616218	140	142	34	1093.047
0.261799	2.587733	0.232235	141	19	126	1092.889
-2.879793	1.247695	1.809890	127	1	37	1092.735
-2.617994	1.809167	1.213774	121	22	118	1092.545
-2.094395	2.455966	-0.641220	122	129	13	1092.478
-0.785398	2.247462	0.191623	133	134	23	1092.264
1.832596	0.762244	-0.273349	118	21	15	1092.158
-1.570796	0.914445	2.687814	106	139	141	1092.021
-2.356194	2.187132	-0.479875	119	130	17	1091.995
2.879793	1.824694	1.850876	3	0	37	1091.912
0.523599	2.356369	3.005869	5	10	141	1091.745
-1.832596	2.760637	2.781135	126	139	114	1091.685
0.000000	1.812176	0.656819	134	2	29	1091.451
-0.523599	1.736875	3.023612	105	18	127	1091.373
-1.308997	2.187132	-0.479875	120	12	114	1091.200
-2.617994	1.824694	1.850876	0	7	39	1091.160
1.308997	1.391910	3.030322	4	10	135	1091.104
1.832596	2.251330	-2.330739	137	14	127	1091.019
1.047198	1.050534	3.042579	138	8	137	1091.017
1.308997	0.733948	3.021411	138	10	142	1090.999
2.356194	2.579248	-2.364801	141	21	122	1090.836
-2.356194	1.554776	0.100351	122	136	27	1090.836
1.832596	0.914445	2.687814	125	143	132	1090.770
-2.094395	1.488617	1.159546	106	139	9	1090.726
0.000000	0.419640	2.974122	101	0	133	1090.500
0.785398	1.184361	0.625864	19	123	25	1090.427
0.785398	1.450119	-2.739050	125	141	123	1090.048
2.617994	0.864993	2.278281	34	137	4	1089.963
2.879793	2.760637	2.781135	122	18	116	1089.743
-2.094395	2.115563	0.685730	12	10	16	1089.642
-2.356194	1.488617	1.159546	105	143	9	1089.586
0.785398	0.591903	2.010408	101	3	143	1089.493
-3.141593	0.290380	-0.796960	124	21	134	1089.477
2.879793	1.555207	1.708892	125	24	120	1089.262
-1.570796	2.251330	-2.330739	124	28	135	1089.023
0.261799	1.699788	2.452890	130	6	139	1088.982
-0.785398	1.809167	1.213774	133	8	142	1088.862
0.261799	1.506530	1.988858	130	5	138	1088.831
1.570796	1.809167	1.213774	24	26	139	1088.781
2.879793	1.846342	-1.796954	141	18	128	1088.681
2.356194	0.831641	0.616218	137	31	1	1088.624
0.000000	1.662363	0.915448	121	132	9	1088.591
0.523599	1.413430	2.550734	16	127	35	1088.590
0.261799	2.719179	-1.780644	129	0	117	1088.522
1.047198	2.001437	0.381215	135	3	114	1088.467
2.356194	2.174483	2.653697	129	24	120	1088.449
-1.308997	1.301460	-0.509251	137	137	27	1088.408
-1.308997	0.685216	-1.712745	115	128	1	1088.237
-2.617994	1.545873	-1.877082	11	27	139	1087.998
-0.261799	1.982574	-1.115518	133	9	118	1087.973
-1.832596	1.214854	-1.966664	117	11	116	1087.963
-0.785398	1.875281	0.107086	116	1	114	1087.921
0.261799	2.115563	0.685730	131	135	18	1087.723
-2.356194	0.910508	1.903534	142	0	134	1087.647
2.617994	0.080730	-2.622036	33	21	138	1087.615
-2.617994	0.591903	2.010408	9	9	143	1087.584
1.308997	1.218453	2.777284	5	17	141	1087.539
2.094395	0.458961	-0.107937	13	31	1	1087.313
-0.523599	1.756530	-2.105156	125	13	119	1087.070
0.261799	0.290380	-0.796960	141	13	134	1087.011
-0.523599	2.247462	0.191623	136	130	23	1086.870
1.832596	2.247462	0.191623	127	24	125	1086.684
2.094395	0.960688	-0.577532	12	20	129	1086.428
1.308997	2.404280	-0.174044	127	19	120	1085.938
-3.141593	2.664082	-1.071402	108	136	128	1085.930
-2.617994	1.374601	-2.456031	126	12	118	1085.919
0.523599	1.846342	-1.796954	26	14	133	1085.820
-1.832596	0.709924	0.218797	143	135	31	1085.744
-1.047198	1.504028	0.636812	115	137	18	1085.528
-3.141593	1.310100	1.488307	120	3	33	1085.406
-2.094395	1.050534	3.042579	133	28	1	1084.996
-0.261799	1.569311	-3.003978	108	15	123	1084.837
2.094395	2.863997	0.549740	131	6	114	1084.781
-2.094395	0.619654	-2.216909	125	16	121	1084.742
0.261799	1.014500	0.906702	6	128	29	1084.735
-0.261799	1.662363	0.915448	120	129	10	1084.658
1.047198	1.256302	0.062705	136	19	27	1084.591
-3.141593	0.496451	0.593859	122	1	131	1083.966
-1.570796	1.367556	0.358405	137	141	29	1083.755
-3.141593	1.869911	2.701025	132	9	124	1083.599
-1.832596	1.218453	2.777284	104	143	135	1083.190
2.094395	0.700570	1.559208	132	12	34	1083.162
-0.261799	0.674054	1.013609	2	126	34	1083.154
-1.570796	1.391910	3.030322	125	0	36	1083.153
-1.570796	1.184361	0.625864	137	22	0	1083.035
-1.308997	1.391910	3.030322	120	27	125	1082.915
-1.308997	2.180315	-1.357379	13	16	123	1082.801
1.570796	1.194549	-0.801900	136	16	123	1082.781
-0.523599	1.977582	0.969896	114	133	2	1082.682
-0.261799	1.440580	2.260026	14	128	35	1082.590
1.047198	0.910508	1.903534	109	4	134	1081.794
-0.261799	1.836682	-0.676006	133	4	115	1081.659
-1.308997	0.379747	-1.713059	106	142	123	1081.599
0.000000	0.591903	2.010408	103	19	0	1081.514
-3.141593	1.977582	0.969896	113	3	22	1081.492
2.094395	2.089241	-0.114193	7	15	26	1081.452
1.570796	1.721184	-0.153948	134	22	123	1081.410
0.261799	1.310100	1.488307	132	120	11	1081.385
-1.047198	0.615174	-0.666022	114	140	127	1081.312
2.617994	2.396274	-1.959260	143	24	128	1081.262
-1.570796	2.174483	2.653697	128	13	28	1081.104
1.047198	2.033014	2.977192	129	9	142	1081.071
0.261799	1.741644	-2.695914	5	129	132	1080.962
0.523599	1.195355	1.200319	134	124	14	1080.803
2.094395	1.135834	-1.431087	18	20	15	1080.635
0.261799	2.637879	2.121598	140	11	115	1080.558
-2.356194	2.379497	0.561089	104	140	127	1080.545
-1.570796	1.433411	-1.035986	131	21	135	1080.402
-1.832596	1.574060	2.783565	125	19	134	1080.333
1.570796	1.440580	2.260026	113	140	139	1080.310
2.617994	1.736875	3.023612	7	140	130	1080.281
-1.047198	0.864993	2.278281	2	3	39	1080.271
1.047198	0.615174	-0.666022	14	22	16	1080.219
-1.047198	0.619654	-2.216909	118	138	27	1080.125
-2.356194	1.374601	-2.456031	138	142	113	1079.646
1.832596	2.180315	-1.357379	133	1	20	1079.369
2.094395	1.440580	2.260026	139	18	30	1079.359
-2.879793	1.448123	-2.163292	122	10	117	1079.356
-2.094395	1.736875	3.023612	109	9	128	1079.344
-2.094395	2.138223	1.678323	8	24	15	1079.314
-2.356194	0.866395	-2.492918	118	15	127	1079.297
1.047198	2.138223	1.678323	12	128	140	1079.296
-2.879793	2.979456	-1.009304	13	133	125	1079.234
-2.356194	2.760637	2.781135	123	10	118	1079.110
-1.308997	2.033014	2.977192	4	20	134	1078.974
2.617994	0.899350	-2.069907	12	23	18	1078.824
2.617994	1.440580	2.260026	10	18	34	1078.697
-2.879793	2.041297	-2.664597	142	22	132	1078.529
1.832596	1.113094	-0.272241	20	25	133	1078.479
0.261799	2.153910	-1.714959	27	20	134	1078.423
-0.785398	0.297065	2.160177	4	31	142	1078.289
1.308997	1.440580	2.260026	110	142	138	1078.260
1.832596	0.591903	2.010408	131	4	35	1078.084
0.523599	2.393226	1.857173	136	8	113	1078.065
-0.523599	2.379497	0.561089	128	132	21	1078.018
-1.308997	1.413347	-1.339188	124	143	115	1077.972
0.000000	2.343981	-1.040456	13	23	132	1077.926
0.785398	0.418037	1.360082	134	27	12	1077.730
-1.047198	0.960688	-0.577532	136	7	135	1077.703
-3.141593	1.433411	-1.035986	122	17	117	1077.697
-1.570796	1.325504	-1.671296	126	3	115	1077.498
1.832596	2.138223	1.678323	0	124	26	1077.442
-3.141593	2.180315	-1.357379	115	142	0	1077.234
2.879793	2.664082	-1.071402	136	5	16	1077.152
1.570796	0.419640	2.974122	29	132	143	1077.145
-3.141593	2.719179	-1.780644	16	21	123	1076.753
2.094395	2.379497	0.561089	129	24	128	1076.548
-1.832596	1.113094	-0.272241	13	122	23	1076.497
0.785398	1.214854	-1.966664	31	142	130	1076.275
1.832596	1.836682	-0.676006	124	24	14	1076.099
1.570796	0.618092	2.539118	122	0	133	1076.071
-2.356194	1.417623	-0.202254	143	128	26	1076.015
1.832596	2.407836	1.410646	29	11	30	1075.936
0.523599	0.640596	-2.797608	142	11	5	1075.901
2.879793	0.899350	-2.069907	124	6	114	1075.884
1.570796	1.195355	1.200319	1	133	32	1075.569
-3.141593	1.766067	2.153843	12	141	35	1075.550
0.785398	1.554776	0.100351	9	134	24	1075.292
-2.094395	1.683268	0.374177	133	1	25	1075.271
0.261799	1.195355	1.200319	128	126	16	1074.849
0.523599	1.809167	1.213774	123	143	29	1074.715
-0.523599	1.128190	-2.288622	115	6	117	1074.708
-0.523599	2.164094	-2.991358	112	24	123	1074.613
2.879793	0.709924	0.218797	15	9	35	1074.599
1.308997	0.866955	-0.931351	10	127	40	1074.593
-0.261799	0.418037	1.360082	121	10	134	1074.547
-2.094395	2.760637	2.781135	127	4	117	1074.410
1.047198	2.349581	-2.702517	141	3	123	1074.160
-1.308997	2.356369	3.005869	125	14	24	1074.133
-1.832596	2.180315	-1.357379	132	13	118	1074.112
-0.785398	2.404280	-0.174044	121	12	113	1074.024
-0.261799	0.910508	1.903534	108	21	5	1073.878
-1.308997	1.555207	1.708892	130	9	138	1073.866
-1.570796	1.809167	1.213774	16	14	17	1073.443
2.094395	1.846342	-1.796954	10	13	129	1073.389
2.617994	1.247695	1.809890	9	133	37	1073.274
1.832596	2.187132	-0.479875	138	6	115	1073.066
1.308997	1.824694	1.850876	12	128	5	1072.529
