80	1.2	0
-3.141593	1.413430	2.550734
-0.796054	0.887748	-1.835632
../2m99_monomer_m.pdb	-1.802	-0.776	0.114
../2m99_monomer_m.pdb	-1.209	0.253	-1.721
-0.261799	0.496451	0.593859	8	5	9	1753.141
1.047198	2.664082	-1.071402	5	7	4	1563.548
0.523599	0.762244	-0.273349	6	6	10	1480.201
0.261799	0.458961	-0.107937	4	7	3	1478.526
0.261799	2.719179	-1.780644	2	8	78	1464.413
-1.308997	2.174483	2.653697	2	8	3	1450.395
0.000000	2.719179	-1.780644	3	8	79	1431.785
0.000000	0.496451	0.593859	7	7	9	1431.631
0.261799	0.961715	0.014085	6	5	11	1421.416
-1.308997	2.478122	2.609777	78	10	2	1418.993
-0.523599	2.881233	-2.582574	79	9	1	1417.027
0.523599	0.961715	0.014085	11	5	10	1401.021
-0.785398	0.418037	1.360082	7	6	5	1397.925
1.047198	2.343981	-1.040456	7	6	4	1397.444
0.523599	2.456751	-1.503343	6	6	79	1385.220
-0.523599	0.496451	0.593859	7	6	10	1381.305
0.261799	1.045978	0.343692	5	5	12	1377.394
-0.785398	0.674054	1.013609	2	6	9	1369.138
1.047198	1.504028	0.636812	78	0	13	1367.504
0.785398	0.960688	-0.577532	7	7	6	1362.028
0.523599	2.180315	-1.357379	6	6	78	1360.738
-1.047198	0.700570	1.559208	5	6	6	1352.273
-0.261799	0.831641	0.616218	7	5	10	1351.946
-2.879793	2.587733	0.232235	73	6	8	1349.537
0.261799	2.456751	-1.503343	4	7	77	1348.901
-2.879793	1.836682	-0.676006	4	11	5	1344.345
-1.308997	0.700570	1.559208	4	7	7	1343.184
1.047198	2.979456	-1.009304	1	10	1	1341.288
-1.832596	1.904882	-1.478089	3	72	73	1337.050
-2.617994	1.510910	-0.740472	3	10	7	1334.399
1.308997	2.664082	-1.071402	3	9	1	1318.335
-0.523599	0.674054	1.013609	5	7	6	1317.716
2.356194	1.025536	1.576859	11	7	2	1317.063
-1.308997	2.299159	2.264663	79	8	4	1311.627
-2.617994	1.433411	-1.035986	3	10	7	1308.920
-1.570796	1.766067	2.153843	75	11	1	1307.266
-2.094395	2.984978	1.954446	3	10	4	1305.318
2.094395	1.699788	2.452890	8	9	2	1303.795
-1.047198	2.349581	-2.702517	8	5	76	1303.222
-1.570796	2.174483	2.653697	10	5	0	1300.784
0.785398	2.456751	-1.503343	5	7	0	1296.214
0.785398	1.256302	0.062705	4	5	12	1293.051
-2.356194	2.592629	0.909713	76	3	11	1286.972
-2.094395	1.554776	0.100351	2	76	14	1285.627
-0.785398	2.881233	-2.582574	2	10	1	1282.404
-2.617994	1.658653	-2.409879	7	13	78	1279.115
1.047198	1.836682	-0.676006	9	4	11	1278.907
-1.832596	1.732874	-0.951685	3	70	78	1275.796
0.000000	0.458961	-0.107937	7	6	9	1273.702
0.523599	1.256302	0.062705	12	4	11	1271.017
2.617994	0.080730	-2.622036	9	5	79	1270.525
-1.308997	2.760637	2.781135	6	7	6	1268.836
-1.570796	2.073035	2.027405	2	7	9	1268.537
-2.094395	2.153910	-1.714959	1	71	73	1264.737
-2.356194	2.704512	1.488683	2	8	6	1264.730
-1.047198	2.760637	2.781135	78	10	1	1264.531
0.000000	0.709924	0.218797	7	5	12	1263.997
-0.261799	1.367556	0.358405	13	71	17	1261.896
0.523599	1.045978	0.343692	4	6	12	1259.480
-1.832596	2.295480	1.008277	79	3	13	1259.266
-1.832596	1.696674	-1.253233	0	71	75	1259.019
0.000000	0.831641	0.616218	7	5	10	1258.841
0.523599	1.113094	-0.272241	12	4	9	1255.136
-2.617994	2.115563	0.685730	5	79	15	1253.450
1.832596	2.979456	-1.009304	7	9	79	1249.488
1.047198	2.104282	-0.813972	9	6	5	1249.199
0.785398	1.433411	-1.035986	15	3	3	1247.503
0.261799	0.709924	0.218797	10	5	8	1247.202
-1.047198	0.906588	1.252948	1	6	9	1246.400
-2.617994	1.335669	0.897240	6	79	16	1245.809
2.356194	0.910508	1.903534	6	10	0	1245.432
-2.879793	1.732874	-0.951685	0	12	5	1245.053
-0.785398	1.247695	1.809890	2	2	20	1242.657
-1.832596	2.637879	2.121598	0	8	5	1241.776
-0.261799	2.881233	-2.582574	7	6	3	1241.327
0.785398	1.367556	0.358405	3	5	13	1241.208
1.832596	1.809167	1.213774	10	79	16	1240.292
0.785398	2.343981	-1.040456	6	7	78	1239.281
-0.261799	2.579248	-2.364801	5	6	73	1235.859
-2.617994	2.001437	0.381215	5	78	15	1235.317
0.000000	1.045978	0.343692	7	5	11	1235.102
-1.570796	2.393226	1.857173	1	7	9	1234.818
0.785398	2.180315	-1.357379	6	7	0	1233.324
2.094395	1.168678	2.108595	10	8	4	1232.427
2.356194	1.699788	2.452890	9	74	75	1232.414
-1.570796	2.637879	2.121598	1	8	7	1230.232
1.047198	1.982574	-1.115518	8	6	4	1225.373
0.785398	1.982574	-1.115518	10	5	3	1225.299
1.308997	1.721184	-0.153948	10	8	9	1223.943
-1.308997	1.836682	-0.676006	11	74	10	1223.686
-1.832596	2.379497	0.561089	73	77	11	1221.506
-1.308997	1.998705	2.370472	2	8	2	1220.915
-2.617994	1.732874	-0.951685	7	9	9	1220.727
-2.094395	2.592629	0.909713	74	6	8	1216.573
-2.094395	1.367556	0.358405	4	77	16	1215.849
-1.308997	1.025536	1.576859	79	8	2	1215.017
2.094395	1.440580	2.260026	9	9	3	1211.692
-1.308997	1.909857	-0.381669	10	75	12	1211.437
-1.832596	2.393226	1.857173	4	6	11	1210.752
-0.785398	2.588535	-2.976617	7	5	76	1209.195
1.832596	2.724429	-0.348782	4	8	6	1208.439
-2.617994	1.301460	-0.509251	6	10	5	1206.553
-3.141593	1.134497	-1.109631	77	16	0	1206.268
-1.570796	0.418037	1.360082	2	9	5	1204.618
0.785398	1.732874	-0.951685	14	3	3	1203.598
-0.785398	0.496451	0.593859	2	9	7	1203.565
-1.047198	0.418037	1.360082	6	7	79	1203.326
-2.356194	2.001437	0.381215	5	79	15	1203.150
0.523599	1.367556	0.358405	4	3	13	1203.123
-1.832596	1.824694	1.850876	12	3	10	1202.742
-2.879793	1.335669	0.897240	6	0	16	1201.907
1.308997	1.367556	0.358405	14	10	12	1197.999
0.523599	0.615174	-0.666022	7	6	11	1197.623
0.523599	1.504028	0.636812	4	4	13	1196.394
-2.617994	2.396274	-1.959260	77	71	72	1196.206
0.000000	1.184361	0.625864	6	5	12	1195.560
-3.141593	2.164094	-2.991358	8	12	73	1194.097
0.261799	0.762244	-0.273349	7	5	11	1193.532
1.047198	1.554776	0.100351	12	5	13	1193.093
0.000000	1.683268	0.374177	7	4	14	1190.592
-1.570796	1.869911	2.701025	4	8	1	1188.958
0.523599	2.001437	0.381215	7	0	15	1188.809
-1.832596	1.554776	0.100351	4	75	14	1188.174
-2.617994	1.113094	-0.272241	10	9	2	1187.275
-2.356194	1.448123	-2.163292	1	14	74	1184.615
-1.832596	1.433411	-1.035986	0	71	73	1182.389
-1.832596	2.704512	1.488683	75	7	8	1181.828
-3.141593	2.180315	-1.357379	6	10	6	1181.418
-1.308997	1.870545	-2.976234	3	10	4	1180.296
0.785398	1.504028	0.636812	8	9	2	1178.956
0.523599	1.014500	0.906702	11	5	12	1178.752
-1.570796	1.721184	-0.153948	6	74	12	1178.271
0.261799	1.335669	0.897240	5	79	16	1178.201
0.000000	1.367556	0.358405	6	4	12	1178.148
1.047198	1.812176	0.656819	11	0	15	1177.303
0.000000	2.396274	-1.959260	5	6	76	1177.237
0.785398	1.510910	-0.740472	14	4	4	1177.040
2.094395	1.998705	2.370472	8	8	1	1176.924
1.047198	1.335669	0.897240	9	9	8	1174.579
-0.785398	0.906588	1.252948	0	6	8	1174.231
1.308997	1.554776	0.100351	10	8	13	1173.720
-2.094395	0.297065	2.160177	7	6	0	1173.247
-1.047198	1.617114	-1.572037	7	72	74	1173.100
-3.141593	1.982574	-1.115518	3	12	2	1173.083
-0.261799	1.256302	0.062705	9	4	12	1172.667
1.832596	1.367556	0.358405	5	15	5	1172.662
1.832596	1.488617	1.159546	10	9	13	1171.301
0.785398	1.554776	0.100351	6	1	15	1170.321
2.094395	0.910508	1.903534	8	71	5	1170.269
-1.832596	0.914445	2.687814	8	10	15	1170.223
-2.617994	1.504028	0.636812	4	2	17	1169.396
0.785398	1.836682	-0.676006	15	4	4	1168.962
1.832596	2.407836	1.410646	16	78	11	1168.805
-2.356194	1.504028	0.636812	4	0	16	1167.808
2.094395	1.134796	2.434290	5	10	4	1166.857
-1.047198	1.025536	1.576859	0	5	15	1165.774
0.785398	2.379497	0.561089	8	77	14	1165.044
1.308997	1.335669	0.897240	9	10	8	1162.985
-3.141593	0.866955	-0.931351	77	15	2	1162.861
-2.356194	2.295480	1.008277	6	0	15	1162.088
-2.617994	2.247462	0.191623	73	3	10	1161.846
1.832596	0.831641	0.616218	8	10	14	1159.905
-2.094395	2.001437	0.381215	4	1	15	1158.712
-2.356194	2.396274	-1.959260	2	72	71	1158.327
-0.261799	1.045978	0.343692	14	74	19	1158.320
-1.570796	1.998705	2.370472	3	8	2	1158.128
-2.094395	1.683268	0.374177	2	78	15	1157.136
1.047198	2.719179	-1.780644	10	7	1	1156.979
-1.570796	2.295480	1.008277	74	0	12	1156.937
-2.617994	1.812176	0.656819	3	3	15	1156.742
1.047198	1.367556	0.358405	78	1	14	1156.627
-1.570796	0.910508	1.903534	78	11	9	1156.497
-0.785398	0.910508	1.903534	3	5	20	1156.325
1.047198	2.187132	-0.479875	10	4	12	1156.078
0.523599	2.719179	-1.780644	4	7	0	1156.053
-1.570796	1.948085	-2.363031	5	10	2	1154.703
-0.785398	2.579248	-2.364801	2	10	0	1153.127
0.261799	2.001437	0.381215	7	0	15	1153.124
-3.141593	1.325504	-1.671296	79	17	75	1152.315
2.094395	0.591903	2.010408	2	71	76	1151.558
-2.094395	1.128190	-2.288622	79	15	76	1151.424
-1.832596	1.658653	-2.409879	3	10	7	1151.277
-2.094395	2.637879	2.121598	2	11	7	1150.712
2.356194	0.864993	2.278281	8	10	6	1150.676
1.570796	1.256302	0.062705	7	15	3	1149.701
0.523599	2.379497	0.561089	7	78	15	1149.415
-1.570796	2.407836	1.410646	79	4	11	1149.374
-1.832596	0.297065	2.160177	5	6	79	1148.510
-0.261799	0.709924	0.218797	8	5	10	1148.452
1.308997	1.875281	0.107086	4	2	13	1148.381
0.261799	2.396274	-1.959260	7	4	73	1147.704
-2.879793	1.113094	-0.272241	11	8	2	1147.224
-1.832596	1.683268	0.374177	4	76	14	1146.917
2.879793	1.134497	-1.109631	0	17	0	1146.873
-2.879793	1.510910	-0.740472	9	8	5	1146.013
-1.308997	0.418037	1.360082	0	9	5	1145.008
0.261799	0.831641	0.616218	8	7	4	1143.966
1.570796	1.367556	0.358405	12	12	12	1142.778
0.523599	1.554776	0.100351	20	79	13	1142.516
-1.308997	0.910508	1.903534	8	6	12	1142.494
1.047198	1.214854	-1.966664	11	76	15	1142.272
-1.308997	0.591903	2.010408	9	7	12	1140.269
-1.047198	2.588535	-2.976617	2	10	1	1140.236
-2.356194	1.134497	-1.109631	2	8	10	1140.143
-1.047198	0.674054	1.013609	78	9	4	1139.448
0.785398	2.592629	0.909713	7	77	14	1138.619
-0.261799	1.554776	0.100351	8	4	13	1138.600
-1.047198	1.195355	1.200319	1	2	16	1138.557
0.000000	0.961715	0.014085	8	5	11	1137.661
-2.094395	2.295480	1.008277	78	2	12	1137.310
-1.570796	2.760637	2.781135	3	11	4	1136.819
-2.617994	1.413347	-1.339188	79	11	7	1135.489
-2.356194	1.658653	-2.409879	3	14	74	1135.079
-1.047198	1.184361	0.625864	10	5	10	1133.586
-1.832596	1.413347	-1.339188	74	71	73	1133.335
-0.785398	1.488617	1.159546	6	75	19	1133.275
-2.356194	1.335669	0.897240	6	79	16	1132.796
-1.047198	2.356369	3.005869	2	8	5	1132.379
0.785398	1.194549	-0.801900	14	3	6	1132.231
-1.570796	2.299159	2.264663	79	10	76	1132.071
-0.523599	0.203748	0.590255	5	9	2	1131.703
-0.785398	0.700570	1.559208	4	7	6	1131.346
0.261799	2.404280	-0.174044	15	75	7	1131.289
-3.141593	1.135834	-1.431087	79	17	78	1130.959
-0.785398	1.310100	1.488307	4	79	20	1130.901
-1.047198	2.089241	-0.114193	9	76	13	1130.125
-2.356194	2.115563	0.685730	6	79	15	1129.920
0.785398	1.875281	0.107086	7	1	15	1129.559
0.523599	1.488617	1.159546	14	74	20	1128.142
0.261799	1.683268	0.374177	6	3	14	1127.709
0.523599	1.335669	0.897240	5	1	17	1127.683
-2.094395	2.704512	1.488683	79	8	8	1126.727
-1.308997	1.247695	1.809890	6	6	5	1126.293
-2.094395	2.379497	0.561089	72	0	11	1126.238
-0.523599	2.251330	-2.330739	7	3	73	1125.926
0.523599	1.977582	0.969896	17	72	15	1125.539
0.785398	2.719179	-1.780644	8	8	0	1125.463
-1.047198	2.455966	-0.641220	10	74	10	1124.684
2.356194	0.709924	0.218797	5	11	12	1123.294
0.523599	2.592629	0.909713	12	71	9	1122.440
0.785398	1.683268	0.374177	13	1	15	1120.971
-2.879793	1.696674	-1.253233	4	9	9	1120.711
2.617994	1.662363	0.915448	9	78	14	1120.609
-1.832596	1.741644	-2.695914	2	12	4	1120.356
0.261799	1.367556	0.358405	5	4	13	1120.312
-2.356194	2.247462	0.191623	72	0	11	1119.648
-0.523599	1.683268	0.374177	8	4	14	1119.303
-1.832596	2.407836	1.410646	0	6	11	1119.187
-2.094395	1.504028	0.636812	4	79	17	1119.036
0.261799	1.875281	0.107086	14	76	12	1118.976
-1.832596	1.599406	1.426070	0	1	19	1118.665
-2.094395	1.904882	-1.478089	78	72	70	1118.658
0.523599	1.875281	0.107086	7	1	15	1118.015
1.047198	1.909857	-0.381669	9	4	11	1117.734
-2.094395	1.256302	0.062705	10	75	13	1116.999
-2.617994	2.295480	1.008277	5	0	15	1116.982
1.308997	1.014500	0.906702	8	10	8	1116.620
-0.261799	0.674054	1.013609	12	4	12	1116.608
1.308997	2.979456	-1.009304	5	8	2	1115.988
-0.261799	2.251330	-2.330739	6	2	71	1115.905
-1.832596	1.440580	2.260026	2	8	18	1115.867
-2.617994	2.379497	0.561089	76	3	11	1114.815
-0.261799	1.184361	0.625864	12	74	20	1114.432
-3.141593	2.033014	2.977192	8	14	76	1113.980
-0.785398	2.349581	-2.702517	3	8	74	1113.876
0.785398	0.290380	-0.796960	10	4	78	1113.042
1.832596	2.108018	1.311430	12	10	3	1112.584
-2.094395	2.180315	-1.357379	1	71	75	1112.574
2.879793	1.812176	0.656819	9	79	14	1112.264
0.261799	0.496451	0.593859	6	9	9	1112.249
-3.141593	0.850607	-1.335383	78	17	2	1111.998
-0.523599	1.014500	0.906702	4	1	17	1111.866
-2.617994	1.756530	-2.105156	7	11	76	1111.763
-2.356194	2.073035	2.027405	3	11	14	1110.616
-2.879793	1.184361	0.625864	11	76	12	1110.528
-0.261799	1.440580	2.260026	7	0	18	1109.911
2.617994	0.709924	0.218797	4	10	12	1109.686
-2.617994	2.587733	0.232235	72	5	9	1109.286
2.094395	2.719179	-1.780644	78	68	72	1109.073
-0.523599	0.418037	1.360082	5	8	5	1108.844
-1.832596	1.875281	0.107086	4	0	16	1108.487
-2.094395	1.812176	0.656819	4	79	15	1108.427
1.047198	0.709924	0.218797	5	13	7	1108.381
-1.308997	1.824694	1.850876	75	5	14	1107.725
2.617994	0.864993	2.278281	9	10	5	1107.709
-1.832596	1.766067	2.153843	0	8	17	1107.161
0.523599	2.247462	0.191623	8	79	15	1107.109
-1.047198	0.910508	1.903534	7	6	13	1106.781
-1.308997	2.001437	0.381215	8	0	15	1106.694
2.356194	2.164094	-2.991358	5	10	76	1105.241
-1.308997	1.872854	1.543456	75	2	15	1104.995
-1.570796	1.310100	1.488307	0	4	21	1104.970
-0.261799	0.203748	0.590255	9	8	7	1104.537
-2.094395	1.696674	-1.253233	75	72	71	1104.203
1.047198	1.417623	-0.202254	12	6	11	1103.978
1.308997	2.187132	-0.479875	2	4	14	1103.566
1.570796	2.108018	1.311430	11	76	13	1103.561
0.523599	1.683268	0.374177	13	78	15	1103.501
2.094395	1.766067	2.153843	11	71	5	1103.051
-1.570796	1.875281	0.107086	7	77	14	1102.855
0.785398	1.417623	-0.202254	7	3	15	1102.572
-0.523599	0.906588	1.252948	3	7	7	1102.425
2.356194	1.168678	2.108595	7	72	2	1101.940
-1.832596	0.418037	1.360082	5	9	10	1101.779
-1.308997	2.187132	-0.479875	9	74	11	1101.644
0.523599	0.458961	-0.107937	10	7	5	1101.630
-3.141593	1.045978	0.343692	7	9	1	1101.370
0.261799	2.579248	-2.364801	10	5	78	1100.297
0.785398	1.113094	-0.272241	5	6	9	1099.481
2.356194	1.440580	2.260026	9	71	4	1099.119
-1.047198	2.404280	-0.174044	6	75	13	1099.106
2.094395	1.809167	1.213774	8	76	13	1098.885
1.308997	1.812176	0.656819	5	78	15	1098.712
1.047198	2.592629	0.909713	7	76	14	1098.697
1.308997	1.662363	0.915448	18	2	17	1098.592
1.570796	1.662363	0.915448	8	1	17	1098.015
-0.785398	0.203748	0.590255	1	10	4	1097.353
1.047198	0.850607	-1.335383	7	68	77	1097.265
0.523599	1.812176	0.656819	12	76	16	1096.890
-2.617994	1.450119	-2.739050	8	15	2	1096.443
0.785398	1.812176	0.656819	12	78	16	1096.399
0.785398	2.115563	0.685730	13	77	14	1096.197
-1.832596	1.413430	2.550734	2	10	16	1095.685
-2.356194	1.812176	0.656819	77	0	15	1095.676
2.617994	1.050534	3.042579	0	5	14	1095.629
-1.570796	2.108018	1.311430	74	2	14	1095.430
-2.617994	1.014500	0.906702	14	76	10	1095.430
2.094395	1.367556	0.358405	3	16	5	1095.193
1.047198	1.683268	0.374177	19	4	15	1094.789
2.094395	1.599406	1.426070	11	9	13	1094.626
0.523599	2.115563	0.685730	13	74	14	1094.520
-1.570796	1.195355	1.200319	11	4	8	1094.393
0.000000	1.875281	0.107086	17	71	11	1094.344
-2.356194	0.899350	-2.069907	0	15	76	1094.089
-2.356194	2.379497	0.561089	4	1	16	1093.904
0.000000	1.014500	0.906702	5	5	11	1093.676
-1.832596	1.948085	-2.363031	6	10	1	1093.557
-1.570796	1.824694	1.850876	11	5	9	1092.324
0.785398	2.001437	0.381215	6	0	15	1091.750
-1.570796	1.809167	1.213774	76	1	17	1091.672
0.523599	0.709924	0.218797	9	9	7	1091.618
-2.094395	1.506530	1.988858	3	7	19	1091.506
0.523599	1.184361	0.625864	77	5	11	1091.395
0.785398	1.214854	-1.966664	10	76	16	1091.354
0.785398	1.599406	1.426070	15	73	19	1091.305
1.047198	2.404280	-0.174044	11	2	12	1091.163
-1.570796	1.506530	1.988858	8	6	4	1090.541
2.094395	2.115563	0.685730	9	8	14	1090.505
1.047198	1.662363	0.915448	7	10	5	1089.904
-0.261799	2.349581	-2.702517	3	68	73	1089.894
2.094395	1.824694	1.850876	11	8	7	1089.664
-1.832596	2.041297	-2.664597	78	15	76	1089.597
-2.879793	2.001437	0.381215	77	4	12	1089.496
-2.356194	1.367556	0.358405	3	78	16	1089.398
-2.094395	0.914445	2.687814	11	10	15	1088.443
-1.832596	0.864993	2.278281	79	14	7	1088.369
0.785398	2.664082	-1.071402	4	9	79	1088.102
1.570796	0.831641	0.616218	10	8	20	1088.086
0.785398	0.615174	-0.666022	7	8	6	1087.876
-1.047198	0.203748	0.590255	4	9	7	1087.817
-2.879793	2.164094	-2.991358	8	13	73	1087.579
-2.879793	0.496451	0.593859	2	8	11	1087.282
1.570796	1.809167	1.213774	9	78	16	1086.200
0.261799	1.014500	0.906702	11	4	12	1085.999
-2.356194	1.809167	1.213774	13	79	13	1085.952
2.094395	1.869911	2.701025	2	11	78	1085.854
0.785398	2.247462	0.191623	8	79	15	1084.930
2.356194	2.115563	0.685730	8	1	14	1084.557
-0.523599	2.356369	3.005869	9	69	79	1084.533
2.879793	2.033014	2.977192	9	13	76	1084.178
-1.308997	1.014500	0.906702	11	5	8	1083.878
-1.308997	1.741644	-2.695914	3	10	3	1083.636
-1.570796	1.696674	-1.253233	1	70	75	1083.593
-1.570796	1.025536	1.576859	11	5	6	1083.410
-1.308997	1.606104	-0.451151	12	76	11	1083.149
-1.570796	1.741644	-2.695914	1	10	9	1082.821
1.047198	1.809167	1.213774	18	76	17	1082.660
0.785398	0.709924	0.218797	7	11	7	1082.355
-2.617994	1.977582	0.969896	4	6	15	1082.346
-1.570796	1.247695	1.809890	7	5	13	1082.073
-2.094395	2.407836	1.410646	6	0	15	1081.974
-2.094395	1.658653	-2.409879	79	15	75	1081.219
-2.617994	0.899350	-2.069907	79	17	0	1080.988
2.094395	1.662363	0.915448	8	4	18	1080.900
-0.785398	1.168678	2.108595	0	4	19	1080.698
-3.141593	1.014500	0.906702	10	73	10	1080.315
0.785398	0.866955	-0.931351	14	4	6	1080.153
-1.832596	2.984978	1.954446	77	11	0	1079.977
-1.308997	2.041297	-2.664597	3	10	4	1079.523
-1.047198	2.187132	-0.479875	10	75	11	1079.241
0.785398	1.325504	-1.671296	10	75	16	1079.117
-1.308997	2.251330	-2.330739	3	10	5	1079.112
0.785398	1.301460	-0.509251	12	4	8	1078.867
1.832596	2.001437	0.381215	9	8	13	1078.739
-2.879793	1.301460	-0.509251	9	8	6	1078.697
0.523599	0.960688	-0.577532	14	3	7	1078.554
-1.308997	1.766067	2.153843	79	8	6	1078.516
0.785398	2.104282	-0.813972	10	5	11	1078.508
1.047198	1.977582	0.969896	5	76	14	1078.206
-2.617994	2.393226	1.857173	5	12	10	1078.174
2.617994	2.356369	3.005869	8	72	79	1077.772
-1.570796	1.662363	0.915448	77	78	18	1077.425
-1.570796	2.001437	0.381215	7	79	15	1077.341
1.570796	1.977582	0.969896	7	76	14	1077.158
-2.879793	2.247462	0.191623	74	5	10	1076.658
2.879793	0.674054	1.013609	4	9	11	1076.574
1.308997	1.977582	0.969896	5	77	15	1076.369
2.094395	1.872854	1.543456	11	10	6	1076.240
1.308997	1.195355	1.200319	14	0	22	1075.990
1.047198	2.089241	-0.114193	10	2	12	1075.706
-1.570796	1.554776	0.100351	8	77	14	1075.605
-1.047198	2.719179	-1.780644	3	11	75	1075.583
-2.356194	1.766067	2.153843	5	10	17	1075.479
-1.570796	2.704512	1.488683	74	6	8	1075.084
1.832596	1.683268	0.374177	8	15	2	1074.613
0.000000	2.089241	-0.114193	14	74	10	1074.608
-3.141593	2.588535	-2.976617	3	72	75	1074.178
0.000000	1.256302	0.062705	8	5	12	1073.880
-1.308997	1.195355	1.200319	11	5	8	1073.597
2.617994	0.906588	1.252948	13	7	4	1073.559
-1.832596	1.310100	1.488307	1	6	21	1072.349
-1.570796	1.555207	1.708892	11	5	8	1072.344
-1.570796	2.138223	1.678323	1	5	12	1071.354
0.785398	1.977582	0.969896	18	75	15	1070.912
0.000000	2.579248	-2.364801	6	5	72	1070.521
1.570796	1.812176	0.656819	9	2	15	1070.435
1.570796	0.685216	-1.712745	6	76	17	1070.000
-3.141593	1.904882	-1.478089	5	9	8	1068.907
2.356194	0.700570	1.559208	12	8	6	1068.596
-0.523599	1.247695	1.809890	3	0	20	1068.585
-1.570796	1.699788	2.452890	79	9	15	1068.220
-0.261799	1.683268	0.374177	7	3	14	1068.136
1.570796	2.089241	-0.114193	9	9	9	1067.954
-0.523599	1.367556	0.358405	10	70	17	1067.942
2.094395	2.407836	1.410646	12	11	4	1067.924
-2.356194	1.554776	0.100351	1	76	14	1067.722
-2.879793	1.870545	-2.976234	6	16	75	1067.491
1.047198	2.108018	1.311430	2	76	14	1067.211
1.308997	2.455966	-0.641220	9	4	13	1067.159
-2.094395	1.374601	-2.456031	79	15	76	1066.281
2.094395	0.831641	0.616218	5	10	14	1066.143
1.832596	1.506530	1.988858	8	69	0	1066.063
-1.047198	1.335669	0.897240	10	6	10	1065.893
-2.879793	1.904882	-1.478089	1	10	9	1065.785
-3.141593	1.870545	-2.976234	8	14	75	1065.552
-2.617994	1.948085	-2.363031	3	13	73	1065.400
1.570796	1.045978	0.343692	5	14	7	1065.062
-3.141593	2.295480	1.008277	2	11	13	1064.987
1.047198	2.379497	0.561089	8	77	14	1064.711
1.047198	2.295480	1.008277	6	76	14	1064.544
2.094395	2.724429	-0.348782	9	4	14	1064.436
0.261799	2.089241	-0.114193	15	75	10	1064.125
1.047198	1.014500	0.906702	10	9	8	1063.874
2.094395	1.025536	1.576859	5	71	6	1063.168
2.094395	2.138223	1.678323	15	77	12	1062.916
-1.832596	1.374601	-2.456031	5	11	6	1062.534
0.785398	2.187132	-0.479875	11	2	12	1062.476
-2.617994	2.704512	1.488683	3	11	7	1062.280
-2.094395	2.456751	-1.503343	2	70	1	1061.875
-1.047198	1.836682	-0.676006	12	75	10	1061.765
-0.785398	2.456751	-1.503343	2	10	74	1061.461
-2.356194	1.870545	-2.976234	9	14	0	1060.866
2.094395	1.045978	0.343692	1	15	7	1060.609
-2.094395	1.875281	0.107086	4	79	16	1060.605
2.094395	1.812176	0.656819	8	7	16	1060.542
-2.879793	1.325504	-1.671296	76	17	76	1060.464
2.356194	0.906588	1.252948	14	6	4	1060.291
0.785398	1.184361	0.625864	77	2	13	1059.873
-1.570796	1.683268	0.374177	8	79	15	1059.785
-2.356194	1.214854	-1.966664	0	14	73	1059.519
-1.570796	0.297065	2.160177	4	7	79	1059.033
1.832596	1.599406	1.426070	11	8	13	1058.630
-0.785398	1.025536	1.576859	4	2	21	1058.235
-0.261799	1.335669	0.897240	1	4	11	1057.893
2.879793	2.115563	0.685730	10	0	14	1057.759
-2.356194	1.134796	2.434290	13	8	16	1057.486
-3.141593	2.153910	-1.714959	79	12	7	1057.255
0.523599	2.089241	-0.114193	16	77	10	1056.647
1.832596	1.766067	2.153843	13	6	0	1056.274
1.308997	2.138223	1.678323	1	75	13	1056.189
-2.094395	0.864993	2.278281	1	14	7	1055.862
-2.356194	1.374601	-2.456031	3	15	0	1055.811
1.832596	0.906588	1.252948	1	10	10	1055.414
-1.308997	0.419640	2.974122	7	76	17	1055.385
0.785398	2.587733	0.232235	17	77	7	1054.920
1.308997	1.256302	0.062705	10	13	3	1054.906
-1.308997	1.875281	0.107086	8	78	15	1054.856
1.570796	1.014500	0.906702	5	11	8	1054.705
1.832596	2.592629	0.909713	13	11	7	1054.693
2.094395	2.073035	2.027405	16	75	10	1054.480
2.094395	1.488617	1.159546	6	11	5	1054.422
-2.617994	1.488617	1.159546	13	77	12	1053.827
2.617994	1.025536	1.576859	9	9	1	1053.680
-2.879793	1.168678	2.108595	10	13	13	1053.623
0.523599	1.194549	-0.801900	16	1	4	1053.094
-0.523599	1.569311	-3.003978	6	70	11	1052.760
-1.832596	1.134796	2.434290	8	9	16	1052.739
1.047198	2.455966	-0.641220	4	5	15	1052.354
-2.879793	1.545873	-1.877082	1	14	72	1051.740
2.879793	2.587733	0.232235	9	3	14	1051.298
1.570796	1.875281	0.107086	5	2	13	1051.232
2.094395	1.113094	-0.272241	2	18	0	1051.177
0.261799	1.504028	0.636812	4	3	14	1051.138
-2.617994	1.448123	-2.163292	0	16	74	1051.037
-2.617994	1.194549	-0.801900	7	8	11	1050.836
2.617994	0.700570	1.559208	3	9	8	1050.785
-1.570796	1.599406	1.426070	77	4	18	1049.975
2.094395	0.418037	1.360082	16	4	9	1049.747
-1.308997	0.906588	1.252948	11	6	7	1049.713
1.308997	0.674054	1.013609	9	5	22	1049.692
-2.094395	1.184361	0.625864	6	77	16	1049.512
-1.832596	1.195355	1.200319	12	4	9	1049.511
1.047198	1.606104	-0.451151	12	6	6	1049.253
0.785398	2.295480	1.008277	12	74	12	1048.967
2.094395	1.504028	0.636812	5	15	5	1048.849
0.000000	2.863997	0.549740	9	70	6	1048.567
-2.094395	1.417623	-0.202254	0	75	14	1048.243
2.879793	2.863997	0.549740	1	8	8	1048.176
0.523599	1.721184	-0.153948	15	3	6	1048.123
2.617994	2.089241	-0.114193	79	1	13	1047.857
-0.261799	1.721184	-0.153948	9	3	15	1047.831
-1.832596	2.247462	0.191623	74	74	11	1047.699
-2.094395	1.218453	2.777284	10	11	13	1047.682
-2.356194	1.128190	-2.288622	77	17	77	1047.512
-1.047198	1.504028	0.636812	2	71	19	1047.246
-2.094395	1.662363	0.915448	13	0	14	1047.206
-2.356194	2.407836	1.410646	4	7	12	1047.006
0.785398	1.195355	1.200319	13	78	22	1046.778
0.523599	1.301460	-0.509251	8	4	14	1046.778
-2.879793	1.977582	0.969896	0	7	16	1046.702
0.261799	1.184361	0.625864	3	3	14	1046.626
-2.356194	2.164094	-2.991358	3	16	73	1046.516
-3.141593	0.418037	1.360082	1	10	10	1046.443
1.047198	1.194549	-0.801900	13	6	7	1046.190
-2.617994	2.863997	0.549740	72	6	7	1046.071
2.356194	1.977582	0.969896	9	0	15	1045.884
1.308997	1.504028	0.636812	17	5	18	1045.867
2.617994	1.824694	1.850876	14	7	19	1045.809
-1.308997	1.310100	1.488307	0	2	21	1045.791
0.261799	1.554776	0.100351	19	75	13	1045.563
1.832596	1.045978	0.343692	3	15	7	1045.183
0.000000	1.417623	-0.202254	8	4	14	1045.149
2.356194	1.310100	1.488307	7	7	73	1045.003
1.308997	1.488617	1.159546	17	0	19	1044.791
-0.523599	2.001437	0.381215	7	2	15	1044.571
-0.261799	0.906588	1.252948	2	8	7	1044.550
0.261799	1.812176	0.656819	16	72	16	1044.522
1.047198	0.458961	-0.107937	6	12	6	1044.490
0.523599	1.662363	0.915448	16	74	18	1044.366
-2.617994	1.128190	-2.288622	1	17	77	1044.169
-2.617994	1.662363	0.915448	12	78	14	1043.785
-2.879793	1.756530	-2.105156	2	14	73	1043.744
2.356194	0.290380	-0.796960	79	17	4	1043.575
-1.570796	2.478122	2.609777	0	10	7	1043.441
-2.617994	1.904882	-1.478089	79	10	9	1042.873
0.261799	1.195355	1.200319	5	10	2	1042.659
-2.617994	0.831641	0.616218	12	74	10	1041.530
0.523599	1.417623	-0.202254	12	4	9	1041.439
-2.356194	1.662363	0.915448	13	79	14	1041.436
-1.832596	1.417623	-0.202254	9	76	14	1041.364
1.308997	2.295480	1.008277	7	76	14	1041.232
-1.570796	2.089241	-0.114193	78	69	9	1041.231
-1.570796	1.904882	-1.478089	4	72	73	1040.878
-1.047198	1.310100	1.488307	79	3	15	1040.850
-1.570796	1.433411	-1.035986	3	70	79	1040.505
-1.570796	1.846342	-1.796954	4	73	72	1040.379
-3.141593	2.863997	0.549740	0	8	7	1040.314
-1.308997	1.948085	-2.363031	4	11	3	1040.124
-2.094395	1.448123	-2.163292	6	11	6	1040.107
-1.570796	0.591903	2.010408	5	7	78	1040.073
2.094395	2.001437	0.381215	7	10	13	1039.978
-2.094395	2.115563	0.685730	0	3	14	1039.798
0.785398	1.721184	-0.153948	7	2	15	1039.679
-1.308997	1.488617	1.159546	0	79	19	1039.331
-0.785398	1.977582	0.969896	78	63	3	1039.179
1.570796	1.195355	1.200319	6	6	20	1038.379
-2.879793	1.982574	-1.115518	3	11	7	1038.289
0.000000	1.504028	0.636812	14	72	18	1038.098
2.094395	1.310100	1.488307	12	7	15	1037.767
-3.141593	1.812176	0.656819	10	0	14	1037.401
-2.879793	1.014500	0.906702	12	75	11	1037.308
2.617994	0.418037	1.360082	2	71	79	1037.234
0.523599	2.404280	-0.174044	17	77	7	1037.233
1.308997	2.881233	-2.582574	77	66	74	1036.680
1.308997	1.417623	-0.202254	10	8	11	1036.673
1.832596	1.977582	0.969896	9	1	15	1036.575
2.094395	0.762244	-0.273349	1	17	3	1036.438
1.047198	2.407836	1.410646	4	74	12	1036.313
-1.308997	1.506530	1.988858	0	7	10	1036.296
-2.879793	2.407836	1.410646	3	11	11	1036.272
0.785398	0.906588	1.252948	11	1	22	1036.118
2.094395	0.379747	-1.713059	3	74	16	1036.108
-0.523599	2.587733	0.232235	6	74	12	1035.974
-1.308997	2.393226	1.857173	79	5	11	1035.857
-3.141593	0.591903	2.010408	7	11	7	1035.767
-2.094395	1.982574	-1.115518	77	70	71	1035.758
0.523599	1.195355	1.200319	12	77	22	1035.729
-0.261799	1.504028	0.636812	11	71	18	1035.729
-2.879793	2.592629	0.909713	5	7	10	1035.711
2.094395	0.960688	-0.577532	3	18	79	1035.356
1.832596	1.134796	2.434290	76	71	73	1035.165
0.785398	1.488617	1.159546	16	76	20	1035.120
1.047198	1.325504	-1.671296	10	75	16	1035.079
-2.094395	1.488617	1.159546	16	4	7	1035.076
2.356194	1.809167	1.213774	9	79	15	1034.996
0.261799	1.256302	0.062705	19	77	14	1034.871
-2.094395	1.766067	2.153843	2	9	17	1034.734
0.261799	2.379497	0.561089	6	78	15	1034.614
2.094395	2.704512	1.488683	12	11	79	1034.599
-2.094395	1.134796	2.434290	10	9	16	1034.506
1.832596	1.872854	1.543456	12	8	6	1034.435
0.261799	0.290380	-0.796960	10	67	3	1033.997
-0.523599	1.045978	0.343692	12	72	19	1033.937
1.570796	1.335669	0.897240	15	5	20	1033.701
2.356194	1.488617	1.159546	8	78	15	1033.580
2.094395	2.089241	-0.114193	4	10	9	1033.385
2.094395	1.247695	1.809890	11	7	1	1033.142
2.879793	1.662363	0.915448	10	78	14	1033.103
-2.879793	0.685216	-1.712745	8	13	9	1033.075
2.094395	1.977582	0.969896	9	0	15	1032.998
-3.141593	1.658653	-2.409879	4	15	74	1032.681
1.832596	0.709924	0.218797	2	15	7	1032.520
0.785398	1.909857	-0.381669	10	2	12	1032.411
-0.785398	0.733948	3.021411	9	74	15	1032.386
-2.617994	1.184361	0.625864	12	77	13	1032.386
1.570796	1.554776	0.100351	9	9	13	1032.272
2.879793	1.194549	-0.801900	79	17	0	1032.158
-2.356194	1.488617	1.159546	14	79	12	1032.127
-3.141593	1.809167	1.213774	9	8	17	1032.105
-1.308997	1.413347	-1.339188	5	70	77	1032.006
1.047198	1.599406	1.426070	17	75	19	1031.993
1.832596	2.247462	0.191623	10	10	10	1031.887
1.570796	0.709924	0.218797	3	15	7	1031.802
-2.094395	2.041297	-2.664597	1	15	76	1031.617
-2.617994	1.617114	-1.572037	79	9	11	1031.492
1.308997	2.407836	1.410646	6	74	12	1031.393
-2.879793	2.115563	0.685730	6	77	15	1031.230
-0.261799	2.001437	0.381215	7	1	15	1030.898
1.570796	0.899350	-2.069907	10	0	18	1030.503
-3.141593	1.872854	1.543456	13	8	15	1030.485
-1.047198	1.014500	0.906702	10	6	8	1030.412
-0.523599	1.554776	0.100351	9	3	14	1030.248
0.261799	2.247462	0.191623	14	75	10	1030.225
1.570796	0.379747	-1.713059	3	79	18	1029.832
1.570796	1.504028	0.636812	7	3	17	1029.045
-2.356194	0.914445	2.687814	14	9	15	1029.041
-1.308997	2.138223	1.678323	73	3	13	1028.967
-1.832596	1.025536	1.576859	13	4	6	1028.803
2.094395	0.864993	2.278281	5	71	78	1028.574
2.879793	2.404280	-0.174044	71	6	7	1028.571
2.617994	0.910508	1.903534	8	10	5	1028.505
-1.308997	1.599406	1.426070	77	1	18	1027.771
-1.570796	1.134796	2.434290	8	8	16	1027.367
-1.308997	2.404280	-0.174044	5	75	13	1027.298
2.879793	0.866955	-0.931351	79	17	3	1027.261
-2.879793	1.417623	-0.202254	9	9	4	1027.180
-1.308997	1.812176	0.656819	8	0	15	1027.016
1.308997	0.899350	-2.069907	10	0	18	1026.892
-0.785398	1.555207	1.708892	1	79	19	1026.876
1.047198	1.195355	1.200319	14	79	22	1026.806
-0.785398	1.195355	1.200319	8	78	20	1026.763
-3.141593	1.440580	2.260026	13	13	9	1026.435
-1.832596	2.115563	0.685730	79	2	14	1026.237
1.570796	2.187132	-0.479875	1	4	14	1026.183
-2.094395	2.108018	1.311430	4	4	14	1026.093
-1.308997	1.696674	-1.253233	7	71	76	1026.034
-1.570796	1.870545	-2.976234	1	12	0	1025.636
-1.570796	0.906588	1.252948	12	5	7	1025.629
2.356194	1.662363	0.915448	8	78	14	1025.615
-2.617994	2.592629	0.909713	79	8	10	1025.563
1.570796	2.724429	-0.348782	9	3	13	1025.187
2.094395	1.413430	2.550734	8	9	7	1025.067
-1.308997	1.555207	1.708892	5	6	8	1025.034
1.047198	1.433411	-1.035986	14	5	4	1024.994
2.879793	2.396274	-1.959260	78	14	6	1024.747
-2.617994	1.982574	-1.115518	7	10	8	1024.707
2.094395	2.404280	-0.174044	1	3	14	1024.519
0.523599	1.809167	1.213774	79	79	13	1024.449
0.261799	2.115563	0.685730	5	79	15	1024.434
1.308997	1.809167	1.213774	7	8	13	1024.235
2.356194	1.812176	0.656819	8	79	14	1023.957
-2.617994	0.960688	-0.577532	7	8	10	1023.634
-0.785398	2.001437	0.381215	7	2	16	1023.561
0.000000	2.001437	0.381215	7	2	15	1023.384
1.570796	1.417623	-0.202254	79	0	15	1023.322
1.570796	1.574060	2.783565	0	15	78	1023.278
-1.570796	1.413347	-1.339188	0	71	73	1023.121
-2.094395	0.640596	-2.797608	79	17	5	1023.002
-2.617994	1.374601	-2.456031	6	15	1	1022.967
-2.094395	2.073035	2.027405	1	10	14	1022.931
-2.879793	0.591903	2.010408	7	11	9	1022.903
-2.356194	1.824694	1.850876	3	9	17	1022.852
-2.094395	1.050534	3.042579	8	11	12	1022.845
-2.617994	2.164094	-2.991358	5	15	73	1022.632
1.570796	2.295480	1.008277	9	76	13	1021.930
2.879793	2.153910	-1.714959	5	11	5	1021.627
-2.356194	1.977582	0.969896	77	2	15	1021.305
-2.356194	1.256302	0.062705	2	74	13	1021.205
0.785398	1.658653	-2.409879	0	63	70	1020.648
-2.094395	1.809167	1.213774	79	1	17	1020.518
-3.141593	2.115563	0.685730	10	1	14	1020.415
0.523599	0.866955	-0.931351	6	66	79	1020.234
1.832596	0.674054	1.013609	2	10	8	1020.126
2.617994	0.674054	1.013609	6	9	10	1020.065
-0.523599	1.875281	0.107086	8	3	15	1020.064
2.617994	2.863997	0.549740	11	2	13	1020.021
-0.785398	2.404280	-0.174044	8	74	12	1019.894
1.832596	2.404280	-0.174044	11	9	7	1019.560
-0.261799	1.195355	1.200319	1	7	9	1019.268
-1.570796	1.872854	1.543456	75	4	16	1019.205
0.000000	1.335669	0.897240	4	78	16	1019.094
-2.879793	0.297065	2.160177	8	68	7	1019.084
0.261799	2.592629	0.909713	4	77	15	1018.872
2.094395	1.574060	2.783565	3	11	79	1018.785
2.879793	2.164094	-2.991358	8	73	77	1018.734
1.832596	1.184361	0.625864	5	13	7	1018.721
1.047198	1.301460	-0.509251	12	7	9	1018.646
-1.832596	2.001437	0.381215	79	79	15	1018.534
1.570796	2.407836	1.410646	16	76	11	1018.498
1.308997	0.831641	0.616218	12	8	20	1018.367
-0.523599	0.700570	1.559208	3	8	6	1018.182
1.047198	1.721184	-0.153948	12	6	10	1017.918
-1.570796	2.033014	2.977192	76	15	77	1017.618
-1.047198	1.909857	-0.381669	11	75	12	1017.415
-1.308997	0.674054	1.013609	0	10	4	1017.287
1.832596	1.195355	1.200319	8	8	15	1017.287
-1.570796	1.617114	-1.572037	5	73	72	1017.132
2.879793	0.615174	-0.666022	79	15	5	1017.085
-2.356194	1.683268	0.374177	2	0	15	1016.918
-0.523599	1.025536	1.576859	5	2	21	1016.663
1.832596	1.335669	0.897240	6	12	8	1016.476
-2.356194	1.184361	0.625864	6	76	15	1016.433
-1.832596	1.506530	1.988858	1	6	19	1016.398
1.047198	2.001437	0.381215	7	79	15	1016.147
-3.141593	2.881233	-2.582574	3	71	5	1015.790
-2.879793	1.135834	-1.431087	76	16	78	1015.748
2.879793	1.555207	1.708892	16	1	13	1015.618
-1.308997	1.168678	2.108595	7	6	18	1015.591
-1.308997	2.356369	3.005869	1	8	71	1015.578
-0.523599	1.736875	3.023612	6	69	9	1015.066
0.785398	0.961715	0.014085	4	7	12	1014.706
-0.785398	2.108018	1.311430	76	64	4	1014.419
-1.308997	1.335669	0.897240	11	5	10	1014.398
-2.094395	2.393226	1.857173	7	1	15	1014.185
-2.356194	0.961715	0.014085	18	77	11	1014.131
-1.570796	1.812176	0.656819	7	1	15	1014.074
1.570796	2.404280	-0.174044	8	2	13	1013.816
-1.308997	2.637879	2.121598	75	8	4	1013.473
2.094395	2.478122	2.609777	12	70	1	1013.382
-2.617994	1.696674	-1.253233	0	9	10	1013.329
-1.570796	1.417623	-0.202254	13	76	11	1013.147
-2.879793	1.448123	-2.163292	3	15	74	1013.114
0.785398	2.979456	-1.009304	12	2	11	1012.953
-2.094395	1.824694	1.850876	0	7	18	1012.865
-2.879793	1.658653	-2.409879	2	16	74	1012.786
-2.879793	1.812176	0.656819	5	76	14	1012.635
-1.308997	0.733948	3.021411	5	75	16	1012.590
1.570796	0.906588	1.252948	10	2	23	1012.511
0.523599	1.909857	-0.381669	17	78	10	1012.333
-1.832596	1.218453	2.777284	7	11	13	1012.272
1.308997	2.724429	-0.348782	11	2	12	1012.119
2.356194	2.404280	-0.174044	8	2	15	1011.961
-1.047198	1.128190	-2.288622	1	77	16	1011.362
1.047198	2.704512	1.488683	11	71	8	1011.264
1.308997	1.599406	1.426070	18	77	19	1010.951
2.879793	2.379497	0.561089	9	2	14	1010.947
-2.356194	1.998705	2.370472	6	12	12	1010.170
-0.523599	1.195355	1.200319	3	6	9	1010.108
-1.308997	1.242974	-2.977882	1	10	7	1010.047
-1.047198	1.812176	0.656819	8	1	15	1009.695
-1.832596	1.450119	-2.739050	2	14	0	1009.479
1.570796	2.587733	0.232235	13	8	8	1009.390
-2.879793	0.831641	0.616218	3	10	9	1009.386
1.308997	1.194549	-0.801900	10	8	70	1009.305
2.879793	0.960688	-0.577532	78	16	4	1009.146
2.356194	0.615174	-0.666022	79	18	2	1009.072
-0.261799	2.379497	0.561089	5	76	14	1009.015
-1.308997	2.455966	-0.641220	8	73	10	1008.964
1.308997	1.184361	0.625864	15	6	19	1008.879
2.617994	2.299159	2.264663	13	11	0	1008.598
-1.832596	1.982574	-1.115518	5	71	77	1008.438
1.047198	0.203748	0.590255	9	11	18	1008.331
-1.832596	1.809167	1.213774	76	4	17	1008.126
1.308997	2.115563	0.685730	6	8	12	1007.934
-0.261799	1.014500	0.906702	2	7	10	1007.913
1.308997	0.850607	-1.335383	9	74	15	1007.793
0.523599	2.587733	0.232235	15	76	8	1007.738
-0.523599	0.831641	0.616218	8	5	10	1007.677
2.617994	2.404280	-0.174044	73	8	6	1007.575
-1.047198	2.001437	0.381215	8	79	15	1007.555
-2.617994	2.041297	-2.664597	6	13	71	1007.443
-0.785398	1.504028	0.636812	5	70	19	1007.354
1.832596	1.504028	0.636812	7	14	6	1007.292
-1.570796	1.134497	-1.109631	78	70	76	1007.288
-2.617994	1.214854	-1.966664	0	15	76	1007.209
-2.356194	0.370812	-2.547742	10	11	14	1007.167
-2.356194	2.180315	-1.357379	1	71	68	1007.154
-2.356194	1.741644	-2.695914	7	14	79	1007.028
-2.356194	0.619654	-2.216909	76	17	3	1006.812
-2.094395	1.599406	1.426070	12	3	10	1006.764
2.356194	1.184361	0.625864	4	13	12	1006.324
-2.879793	0.709924	0.218797	5	9	8	1006.056
-1.832596	1.872854	1.543456	11	4	11	1005.956
1.047198	1.545873	-1.877082	12	75	15	1005.948
1.047198	1.310100	1.488307	14	76	21	1005.925
-0.523599	1.998705	2.370472	1	69	72	1005.601
2.356194	2.033014	2.977192	2	10	0	1005.566
-2.094395	0.370812	-2.547742	7	12	14	1005.495
1.570796	0.992645	-1.723759	13	78	16	1005.169
-1.570796	0.640596	-2.797608	5	77	17	1004.998
-2.879793	2.579248	-2.364801	5	72	71	1004.701
1.570796	1.184361	0.625864	11	10	15	1004.450
-2.356194	1.045978	0.343692	10	74	11	1004.439
-1.832596	0.992645	-1.723759	3	3	17	1004.112
2.879793	1.948085	-2.363031	4	9	11	1004.102
-3.141593	0.203748	0.590255	6	71	0	1003.671
1.832596	0.619654	-2.216909	3	0	18	1003.097
0.785398	1.134497	-1.109631	15	3	4	1003.059
-2.879793	2.108018	1.311430	3	10	15	1003.013
-0.523599	1.977582	0.969896	76	5	11	1003.004
0.785398	1.809167	1.213774	17	73	17	1002.719
-1.308997	2.089241	-0.114193	1	68	9	1002.580
-1.047198	0.864993	2.278281	7	7	17	1002.414
-1.570796	1.135813	-2.658866	3	11	6	1002.380
0.261799	2.863997	0.549740	12	71	6	1002.345
0.261799	1.662363	0.915448	14	72	19	1002.235
1.832596	1.440580	2.260026	0	70	74	1002.085
-0.785398	2.247462	0.191623	5	76	14	1001.785
-2.356194	1.736875	3.023612	0	20	78	1001.773
2.356194	0.458961	-0.107937	79	14	7	1001.535
0.261799	1.113094	-0.272241	8	4	12	1001.465
0.785398	0.379747	-1.713059	78	0	16	1001.330
-2.356194	1.569311	-3.003978	7	13	8	1001.246
-1.570796	1.488617	1.159546	78	1	20	1001.161
0.523599	0.571433	-1.188419	8	65	1	1001.141
2.879793	1.310100	1.488307	14	79	15	1001.079
-1.832596	2.138223	1.678323	79	12	77	1000.802
1.047198	1.732874	-0.951685	9	6	9	1000.629
1.308997	2.592629	0.909713	8	75	14	1000.547
0.000000	2.404280	-0.174044	14	74	7	1000.542
-2.617994	1.569311	-3.003978	3	19	77	1000.441
2.879793	1.809167	1.213774	8	4	16	1000.379
-0.261799	1.662363	0.915448	8	70	20	1000.189
2.879793	2.343981	-1.040456	3	12	75	1000.146
2.617994	1.812176	0.656819	9	0	15	1000.123
-1.047198	1.247695	1.809890	77	4	20	1000.097
2.617994	1.134796	2.434290	11	77	76	1000.068
1.832596	0.910508	1.903534	7	69	6	1000.052
1.047198	0.674054	1.013609	10	5	22	999.933
2.094395	1.875281	0.107086	5	10	12	999.031
2.879793	1.488617	1.159546	11	77	13	998.209
-2.094395	1.135813	-2.658866	77	17	0	997.678
-1.570796	0.866955	-0.931351	76	68	79	997.524
0.785398	0.762244	-0.273349	19	4	15	997.507
2.356194	1.766067	2.153843	10	72	6	997.437
-1.308997	2.396274	-1.959260	2	10	73	997.311
1.047198	0.571433	-1.188419	6	7	75	997.307
2.094395	2.295480	1.008277	10	1	14	997.186
2.356194	2.001437	0.381215	4	10	13	997.179
-2.356194	2.041297	-2.664597	4	14	70	996.954
-1.308997	2.719179	-1.780644	5	10	75	996.728
-1.308997	1.809167	1.213774	6	2	15	996.642
2.094395	0.080730	-2.622036	10	68	5	996.542
-2.879793	0.571433	-1.188419	77	14	2	996.471
1.047198	2.115563	0.685730	16	0	15	996.259
0.785398	2.089241	-0.114193	13	6	5	996.174
2.356194	2.138223	1.678323	13	10	12	995.892
0.000000	2.664082	-1.071402	10	8	0	995.751
0.785398	1.335669	0.897240	17	79	20	995.578
2.879793	2.063651	-2.044600	7	9	7	994.920
-1.047198	1.168678	2.108595	6	5	18	994.776
-0.261799	2.033014	2.977192	8	70	72	994.553
0.785398	2.455966	-0.641220	11	3	12	994.514
1.047198	0.685216	-1.712745	1	77	17	994.411
-2.356194	2.393226	1.857173	2	11	11	994.333
-1.832596	1.721184	-0.153948	4	78	16	994.192
-1.308997	1.869911	2.701025	77	10	6	993.989
0.261799	0.418037	1.360082	4	9	79	993.872
-2.356194	0.831641	0.616218	14	76	10	993.433
-2.879793	2.033014	2.977192	6	16	77	992.811
0.000000	0.674054	1.013609	11	6	12	992.771
-2.879793	2.063651	-2.044600	3	10	66	992.543
0.785398	2.724429	-0.348782	11	1	12	992.413
1.570796	2.863997	0.549740	12	11	4	992.342
-2.094395	0.591903	2.010408	15	4	11	992.104
-2.094395	0.733948	3.021411	9	11	13	991.878
-1.832596	2.478122	2.609777	2	11	6	991.549
0.261799	2.407836	1.410646	2	69	11	991.137
0.785398	1.135834	-1.431087	10	67	74	990.976
-0.261799	2.587733	0.232235	8	74	12	990.641
2.356194	0.674054	1.013609	7	7	13	990.242
-2.617994	0.992645	-1.723759	5	12	6	989.964
-3.141593	0.080730	-2.622036	6	6	77	989.079
-0.785398	1.417623	-0.202254	2	9	15	989.066
2.356194	1.413430	2.550734	2	11	5	989.016
0.523599	0.831641	0.616218	16	4	19	988.928
2.879793	1.766067	2.153843	18	11	12	988.842
-1.832596	1.488617	1.159546	1	78	20	988.500
1.570796	1.683268	0.374177	10	14	2	988.487
2.617994	0.960688	-0.577532	1	17	4	988.405
-1.570796	2.881233	-2.582574	5	13	71	987.915
1.832596	2.393226	1.857173	12	73	8	987.913
2.356194	2.349581	-2.702517	5	9	73	987.855
-2.879793	2.295480	1.008277	0	9	13	987.407
1.308997	2.343981	-1.040456	4	8	4	987.070
1.308997	1.135834	-1.431087	13	75	14	986.938
-2.617994	2.637879	2.121598	7	13	8	986.789
-0.523599	1.184361	0.625864	10	73	20	986.641
-0.523599	2.579248	-2.364801	8	7	0	986.577
1.570796	2.138223	1.678323	10	73	11	986.502
-0.261799	2.356369	3.005869	11	70	79	986.431
-0.261799	1.875281	0.107086	14	69	11	986.288
2.356194	2.587733	0.232235	9	2	14	986.272
0.000000	0.203748	0.590255	6	6	79	986.219
0.785398	1.413347	-1.339188	11	3	75	986.198
2.879793	0.418037	1.360082	2	9	10	986.076
0.000000	1.113094	-0.272241	8	5	13	985.892
0.785398	0.458961	-0.107937	9	10	6	985.831
-1.308997	1.413430	2.550734	3	8	13	985.641
0.785398	1.448123	-2.163292	11	74	14	985.521
-1.832596	2.089241	-0.114193	76	71	9	985.332
1.308997	2.108018	1.311430	20	77	14	985.078
-2.094395	1.977582	0.969896	4	1	15	984.828
-1.570796	1.450119	-2.739050	3	11	7	984.534
-3.141593	1.998705	2.370472	16	13	9	984.433
0.000000	2.407836	1.410646	79	68	11	984.099
-1.308997	1.736875	3.023612	78	11	4	984.057
0.000000	1.909857	-0.381669	9	2	16	984.053
1.047198	1.413347	-1.339188	9	6	7	983.545
-1.832596	1.256302	0.062705	13	75	10	983.406
-1.570796	0.831641	0.616218	6	75	20	983.394
-2.879793	1.488617	1.159546	12	76	12	983.132
-2.879793	1.504028	0.636812	11	79	14	983.093
-2.356194	2.174483	2.653697	7	13	9	983.034
0.523599	0.496451	0.593859	4	12	9	982.743
-3.141593	1.545873	-1.877082	4	14	72	982.704
-1.308997	2.033014	2.977192	2	10	7	982.684
2.094395	1.195355	1.200319	6	11	8	982.603
-2.356194	2.637879	2.121598	5	12	7	982.591
-1.570796	1.909857	-0.381669	10	75	12	982.476
-0.785398	2.587733	0.232235	5	75	13	982.355
-1.570796	0.864993	2.278281	7	5	75	982.312
0.523599	1.510910	-0.740472	9	3	15	982.148
1.308997	1.909857	-0.381669	0	4	13	982.074
-2.356194	1.450119	-2.739050	5	15	2	982.011
-2.617994	1.741644	-2.695914	9	13	79	981.857
1.047198	0.906588	1.252948	11	2	23	981.800
-2.094395	1.413430	2.550734	5	11	16	981.577
1.308997	2.863997	0.549740	14	9	4	981.427
-2.879793	2.704512	1.488683	4	12	8	981.348
0.000000	1.721184	-0.153948	7	3	15	981.085
-2.617994	2.033014	2.977192	4	18	77	981.077
0.000000	0.591903	2.010408	79	10	9	980.940
-0.523599	2.164094	-2.991358	77	68	72	980.854
1.832596	1.662363	0.915448	8	13	6	980.804
-1.047198	2.478122	2.609777	6	7	72	980.603
-2.879793	2.379497	0.561089	4	79	16	980.504
-1.570796	1.335669	0.897240	1	78	19	980.423
0.261799	2.153910	-1.714959	7	1	67	980.332
0.261799	2.108018	1.311430	79	75	12	980.277
-0.785398	1.812176	0.656819	3	69	17	980.256
-2.879793	2.349581	-2.702517	73	70	72	979.992
-2.879793	2.104282	-0.813972	9	9	79	979.879
-2.879793	1.948085	-2.363031	5	12	68	979.860
2.094395	2.247462	0.191623	6	10	10	979.779
-2.879793	2.041297	-2.664597	6	13	70	979.724
-2.094395	1.555207	1.708892	2	5	20	979.618
0.785398	1.662363	0.915448	3	78	16	979.468
-2.617994	2.356369	3.005869	5	16	74	979.275
-1.570796	1.658653	-2.409879	2	11	8	979.190
2.617994	2.174483	2.653697	10	75	73	979.030
-2.617994	1.809167	1.213774	6	5	16	978.720
2.094395	0.700570	1.559208	13	7	6	978.681
1.308997	2.089241	-0.114193	11	8	9	978.548
-2.879793	2.863997	0.549740	74	8	6	978.514
0.523599	0.418037	1.360082	3	11	0	978.488
-2.094395	1.391910	3.030322	5	12	11	978.076
-1.570796	0.700570	1.559208	4	8	17	978.054
-2.879793	0.762244	-0.273349	8	8	9	978.029
1.308997	0.685216	-1.712745	6	77	17	977.820
-3.141593	1.247695	1.809890	16	0	13	977.576
-2.094395	2.033014	2.977192	5	15	3	977.414
2.094395	1.014500	0.906702	3	11	9	977.185
-1.832596	1.184361	0.625864	7	76	16	977.056
-0.261799	0.591903	2.010408	1	10	9	976.946
1.832596	2.073035	2.027405	11	7	79	976.629
-1.832596	1.977582	0.969896	75	2	15	976.532
1.047198	1.256302	0.062705	78	2	14	976.532
1.308997	1.218453	2.777284	0	16	77	976.521
2.094395	1.555207	1.708892	9	73	11	976.496
-0.785398	1.335669	0.897240	9	7	10	976.398
0.785398	0.571433	-1.188419	6	67	79	976.289
0.785398	2.407836	1.410646	11	70	11	976.258
1.308997	0.992645	-1.723759	10	77	17	976.251
1.832596	1.574060	2.783565	78	14	0	975.970
-0.785398	1.014500	0.906702	9	7	8	975.945
-2.617994	1.872854	1.543456	13	78	12	975.786
-2.356194	2.719179	-1.780644	4	69	73	975.699
-0.785398	2.187132	-0.479875	14	71	5	975.529
-2.617994	1.256302	0.062705	0	76	13	975.525
-2.879793	0.379747	-1.713059	77	17	4	975.406
-0.523599	2.404280	-0.174044	15	70	6	975.200
-2.356194	1.391910	3.030322	7	13	12	975.137
0.523599	1.135834	-1.431087	10	65	77	975.108
2.094395	2.592629	0.909713	17	8	9	975.009
1.832596	1.875281	0.107086	8	10	12	975.002
2.356194	2.174483	2.653697	10	73	72	974.979
2.879793	2.180315	-1.357379	5	11	0	974.918
1.832596	2.299159	2.264663	11	70	5	974.786
2.879793	1.450119	-2.739050	1	5	16	974.777
1.832596	1.555207	1.708892	10	2	20	974.638
-1.308997	2.588535	-2.976617	1	11	3	974.586
-3.141593	0.961715	0.014085	16	5	10	974.530
2.617994	0.496451	0.593859	16	4	10	974.477
-2.094395	1.569311	-3.003978	3	13	9	974.461
1.047198	1.872854	1.543456	18	72	16	974.330
-1.832596	2.073035	2.027405	12	4	9	974.279
-1.047198	2.396274	-1.959260	1	11	74	974.077
0.000000	2.379497	0.561089	5	78	15	974.059
1.047198	1.875281	0.107086	7	0	15	973.824
0.785398	1.014500	0.906702	14	2	22	973.812
1.832596	2.115563	0.685730	9	2	15	973.634
-2.617994	2.407836	1.410646	1	10	12	973.613
-0.261799	2.089241	-0.114193	8	1	16	973.524
0.261799	1.417623	-0.202254	20	76	10	973.451
-3.141593	1.413347	-1.339188	78	16	76	973.390
0.523599	2.343981	-1.040456	7	6	78	973.376
1.832596	1.909857	-0.381669	1	2	13	973.363
1.047198	1.113094	-0.272241	12	10	0	973.257
-1.832596	2.592629	0.909713	72	1	10	973.124
2.356194	1.875281	0.107086	2	10	12	972.901
2.094395	2.108018	1.311430	11	12	7	972.751
1.308997	2.404280	-0.174044	8	2	14	972.714
-2.617994	1.836682	-0.676006	8	10	4	972.700
-2.094395	1.335669	0.897240	6	0	18	972.657
-0.523599	1.310100	1.488307	5	79	20	972.554
-1.570796	1.504028	0.636812	78	76	20	972.264
0.523599	1.904882	-1.478089	9	2	69	972.119
0.261799	1.194549	-0.801900	5	6	17	972.068
1.308997	2.704512	1.488683	13	74	9	972.021
-2.094395	1.247695	1.809890	14	4	6	972.013
-1.832596	1.662363	0.915448	77	1	18	971.763
-2.094395	1.310100	1.488307	2	8	20	971.684
-2.094395	1.870545	-2.976234	1	16	73	971.636
-0.261799	0.458961	-0.107937	3	9	9	970.974
2.617994	2.379497	0.561089	3	0	15	970.926
-2.617994	1.683268	0.374177	5	77	15	970.601
-2.879793	1.662363	0.915448	11	77	14	970.503
-1.308997	1.977582	0.969896	6	1	15	970.497
-1.570796	1.977582	0.969896	75	79	15	970.456
0.785398	1.741644	-2.695914	79	62	70	970.417
0.523599	1.310100	1.488307	11	74	21	970.364
-2.879793	0.850607	-1.335383	77	16	1	970.352
2.094395	0.458961	-0.107937	79	16	6	970.276
0.000000	2.637879	2.121598	75	63	75	970.223
1.047198	0.418037	1.360082	3	10	8	970.151
-2.879793	1.606104	-0.451151	10	9	4	970.106
-1.308997	1.391910	3.030322	2	10	10	970.087
-1.832596	1.301460	-0.509251	77	68	8	970.073
1.308997	0.458961	-0.107937	4	15	6	970.022
-2.356194	1.014500	0.906702	14	77	10	969.935
1.308997	1.310100	1.488307	15	78	21	969.860
-1.570796	2.396274	-1.959260	4	10	73	969.744
1.047198	2.180315	-1.357379	4	8	2	969.690
-0.261799	0.961715	0.014085	9	4	11	969.630
0.261799	1.488617	1.159546	13	73	20	969.243
1.047198	1.184361	0.625864	16	5	19	969.232
-2.094395	1.998705	2.370472	3	12	13	969.223
-0.523599	2.033014	2.977192	7	68	0	968.754
-2.356194	0.591903	2.010408	16	2	11	968.632
-2.094395	1.574060	2.783565	5	12	13	968.362
2.879793	0.496451	0.593859	7	7	12	968.340
0.000000	1.554776	0.100351	17	71	13	968.237
2.879793	1.301460	-0.509251	79	16	1	968.087
2.617994	2.001437	0.381215	2	1	14	967.916
-1.570796	2.115563	0.685730	6	1	15	967.715
2.356194	2.379497	0.561089	11	9	9	967.270
1.570796	1.545873	-1.877082	70	9	72	967.173
0.523599	2.455966	-0.641220	12	2	12	967.160
-3.141593	0.496451	0.593859	4	8	11	966.999
-2.879793	0.992645	-1.723759	78	17	77	966.711
1.832596	0.899350	-2.069907	12	0	17	966.711
1.832596	1.413430	2.550734	78	71	72	966.457
2.356194	2.704512	1.488683	10	13	79	966.283
-0.785398	1.599406	1.426070	3	76	19	966.269
-2.094395	1.168678	2.108595	77	16	6	966.262
-3.141593	2.247462	0.191623	72	5	8	966.213
-2.617994	2.299159	2.264663	7	13	11	966.070
1.570796	1.872854	1.543456	12	1	18	965.984
-1.308997	1.683268	0.374177	9	79	15	965.914
1.047198	1.135834	-1.431087	9	75	16	965.729
2.094395	1.335669	0.897240	5	12	7	965.653
1.308997	1.128190	-2.288622	13	0	16	965.539
-0.785398	1.506530	1.988858	6	1	18	965.388
2.879793	2.592629	0.909713	4	12	9	965.351
-1.308997	1.662363	0.915448	7	1	14	965.169
-0.523599	1.555207	1.708892	2	78	19	965.109
1.832596	1.014500	0.906702	4	11	9	965.020
2.879793	0.591903	2.010408	10	9	11	964.918
2.094395	0.618092	2.539118	11	71	1	964.851
2.617994	1.977582	0.969896	10	0	14	964.834
-3.141593	0.674054	1.013609	12	73	8	964.603
2.617994	1.488617	1.159546	10	77	14	964.544
-2.617994	1.870545	-2.976234	3	17	75	964.515
-0.261799	2.299159	2.264663	75	65	77	964.435
-2.356194	2.153910	-1.714959	78	71	72	964.258
2.356194	1.869911	2.701025	15	74	76	964.018
-1.832596	2.108018	1.311430	75	5	14	963.996
1.308997	2.393226	1.857173	2	73	11	963.932
-1.832596	0.866395	-2.492918	3	79	17	963.680
-0.785398	2.251330	-2.330739	8	2	73	963.614
2.356194	1.998705	2.370472	8	73	75	963.451
1.047198	2.247462	0.191623	17	0	10	963.283
1.832596	0.370812	-2.547742	77	1	16	962.956
-3.141593	1.448123	-2.163292	2	17	75	962.918
0.523599	2.979456	-1.009304	12	1	12	962.802
-2.879793	2.251330	-2.330739	75	73	68	962.746
1.308997	1.683268	0.374177	4	1	14	962.678
-0.261799	1.909857	-0.381669	10	1	16	962.670
2.356194	1.506530	1.988858	11	72	6	962.410
-2.356194	1.168678	2.108595	12	6	18	962.310
-1.832596	1.555207	1.708892	12	4	9	962.298
2.617994	1.391910	3.030322	1	7	13	962.251
0.523599	0.290380	-0.796960	5	9	8	962.221
2.879793	0.850607	-1.335383	4	15	73	962.179
-3.141593	2.343981	-1.040456	1	12	74	962.130
2.356194	0.418037	1.360082	6	70	3	962.034
-1.570796	1.168678	2.108595	79	10	5	962.008
-1.832596	1.367556	0.358405	5	75	15	961.988
2.094395	1.184361	0.625864	6	12	7	961.819
-1.832596	1.135813	-2.658866	79	15	78	961.711
2.356194	1.736875	3.023612	6	10	6	961.705
-1.832596	0.899350	-2.069907	5	1	18	961.565
-2.356194	1.756530	-2.105156	2	13	73	961.524
-2.356194	2.108018	1.311430	4	6	14	961.469
0.785398	1.904882	-1.478089	9	4	69	961.181
-1.308997	1.721184	-0.153948	8	75	13	961.073
-0.785398	1.617114	-1.572037	9	72	75	961.036
0.523599	0.674054	1.013609	4	10	5	960.972
-3.141593	0.615174	-0.666022	76	14	5	960.937
2.879793	0.906588	1.252948	11	9	6	960.771
0.261799	0.297065	2.160177	6	8	14	960.547
1.832596	2.138223	1.678323	15	75	12	960.481
-0.261799	2.396274	-1.959260	6	6	76	960.163
1.047198	0.992645	-1.723759	9	77	17	960.017
-2.617994	2.108018	1.311430	6	6	14	959.961
-0.523599	2.456751	-1.503343	1	10	74	959.950
-1.832596	1.134497	-1.109631	74	70	74	959.844
2.879793	1.135813	-2.658866	1	3	17	959.755
2.879793	1.721184	-0.153948	79	0	13	959.755
2.879793	1.014500	0.906702	12	8	4	959.715
-3.141593	0.866395	-2.492918	76	12	70	959.574
1.047198	1.510910	-0.740472	9	5	11	959.534
-3.141593	0.571433	-1.188419	77	17	4	959.521
1.047198	1.488617	1.159546	17	78	19	959.359
-1.570796	1.218453	2.777284	6	10	13	959.286
-0.523599	0.458961	-0.107937	4	65	4	959.264
-3.141593	2.251330	-2.330739	5	10	74	959.184
-1.832596	1.812176	0.656819	8	0	15	958.962
2.879793	1.982574	-1.115518	5	12	2	958.778
-2.094395	0.866395	-2.492918	3	79	17	958.579
-1.570796	1.413430	2.550734	5	9	14	958.549
1.570796	2.455966	-0.641220	8	4	13	958.539
1.570796	1.510910	-0.740472	79	3	16	958.400
-0.261799	1.417623	-0.202254	10	4	13	958.003
1.047198	2.456751	-1.503343	5	8	2	957.851
-0.785398	0.929350	-2.910676	9	75	16	957.837
-1.308997	1.218453	2.777284	4	9	13	957.832
-2.094395	0.618092	2.539118	2	14	6	957.736
-2.356194	1.875281	0.107086	4	78	16	957.719
-1.832596	0.591903	2.010408	14	5	11	957.666
1.308997	0.615174	-0.666022	12	73	13	957.342
-2.617994	1.367556	0.358405	77	78	16	957.323
-2.094395	1.195355	1.200319	9	79	15	957.244
2.356194	0.866395	-2.492918	2	2	18	957.237
-0.261799	2.588535	-2.976617	9	69	0	957.196
2.617994	2.295480	1.008277	10	0	14	956.852
-0.523599	1.050534	3.042579	10	73	14	956.668
2.356194	1.367556	0.358405	5	15	10	956.562
-3.141593	2.001437	0.381215	4	76	15	956.102
2.094395	2.393226	1.857173	16	77	9	956.031
-2.617994	2.138223	1.678323	7	1	15	955.947
-2.879793	1.809167	1.213774	7	7	17	955.662
-2.356194	2.478122	2.609777	7	13	7	955.603
-1.570796	2.592629	0.909713	72	79	10	955.487
1.832596	2.396274	-1.959260	79	68	71	955.389
-1.570796	1.569311	-3.003978	0	12	2	955.379
-2.356194	0.910508	1.903534	15	4	13	955.251
1.570796	0.674054	1.013609	7	8	16	955.166
0.785398	2.108018	1.311430	4	73	13	955.116
-3.141593	1.506530	1.988858	15	12	15	954.933
2.356194	2.724429	-0.348782	70	11	79	954.864
-2.356194	0.960688	-0.577532	15	7	13	954.695
-1.047198	1.875281	0.107086	3	67	12	954.666
0.261799	2.104282	-0.813972	4	7	71	954.592
-2.356194	1.699788	2.452890	7	11	15	954.528
-2.879793	1.247695	1.809890	15	2	13	954.458
1.832596	1.168678	2.108595	5	11	76	954.221
-2.879793	1.045978	0.343692	16	74	10	954.216
1.832596	0.700570	1.559208	8	6	14	954.210
-3.141593	2.073035	2.027405	14	14	10	954.118
-2.617994	0.619654	-2.216909	79	18	3	954.107
-2.356194	0.864993	2.278281	15	5	18	954.098
2.879793	0.992645	-1.723759	10	15	9	954.075
-3.141593	2.063651	-2.044600	5	10	7	954.028
0.785398	1.025536	1.576859	10	77	22	953.692
-3.141593	1.736875	3.023612	7	16	78	953.682
0.000000	1.195355	1.200319	79	8	9	953.630
-3.141593	2.587733	0.232235	79	8	10	953.596
-1.832596	1.574060	2.783565	2	12	13	953.374
0.000000	1.662363	0.915448	11	71	20	953.323
-1.570796	1.606104	-0.451151	12	74	10	952.949
0.000000	1.812176	0.656819	13	71	17	952.866
0.523599	2.295480	1.008277	17	70	12	952.778
1.570796	2.664082	-1.071402	4	9	4	952.736
1.047198	1.448123	-2.163292	7	65	72	952.646
-1.308997	2.108018	1.311430	74	0	14	952.497
-1.047198	1.662363	0.915448	8	2	15	952.425
0.785398	1.045978	0.343692	7	10	7	952.073
-2.356194	1.433411	-1.035986	1	9	8	951.822
1.570796	0.458961	-0.107937	2	16	6	951.765
-1.047198	1.417623	-0.202254	9	66	10	951.759
-2.094395	1.741644	-2.695914	1	15	72	951.745
2.617994	0.591903	2.010408	10	7	12	951.716
2.879793	1.050534	3.042579	79	4	14	951.714
2.879793	2.349581	-2.702517	78	72	69	951.621
1.832596	2.089241	-0.114193	6	9	9	951.534
0.261799	0.960688	-0.577532	10	66	2	951.452
-1.308997	1.699788	2.452890	2	8	13	951.317
1.047198	2.587733	0.232235	17	0	7	951.315
2.617994	2.033014	2.977192	7	72	78	951.314
2.094395	0.619654	-2.216909	2	1	18	951.200
-1.047198	2.104282	-0.813972	11	74	10	951.154
-2.617994	1.168678	2.108595	15	4	11	951.129
2.356194	2.295480	1.008277	10	0	14	951.125
2.356194	2.108018	1.311430	17	12	12	951.011
-2.617994	0.496451	0.593859	1	9	11	950.794
1.570796	2.979456	-1.009304	1	11	79	950.770
-2.094395	0.080730	-2.622036	9	11	16	950.624
-0.523599	1.391910	3.030322	8	70	11	950.521
0.785398	0.850607	-1.335383	10	67	79	950.520
-2.617994	1.195355	1.200319	14	76	9	950.465
-0.785398	0.914445	2.687814	8	72	13	950.447
-2.617994	0.910508	1.903534	16	2	13	950.408
-1.832596	1.699788	2.452890	1	10	15	950.328
-0.785398	1.256302	0.062705	1	10	12	950.237
1.047198	0.831641	0.616218	14	5	20	949.824
1.047198	1.904882	-1.478089	7	70	72	949.730
1.832596	0.379747	-1.713059	5	77	17	949.691
2.617994	2.115563	0.685730	10	10	12	949.365
0.261799	0.615174	-0.666022	9	66	2	949.062
-2.356194	1.510910	-0.740472	13	8	12	949.061
-2.356194	1.948085	-2.363031	2	13	74	949.032
-2.617994	2.478122	2.609777	10	13	8	949.019
-0.261799	2.478122	2.609777	75	67	76	948.884
-1.570796	0.899350	-2.069907	5	1	18	948.761
-2.356194	1.218453	2.777284	12	11	13	948.726
-0.523599	1.417623	-0.202254	15	67	10	948.533
0.523599	1.374601	-2.456031	13	78	16	948.518
-1.832596	0.910508	1.903534	12	4	4	948.440
-2.094395	1.440580	2.260026	4	8	18	948.388
0.785398	0.831641	0.616218	15	6	20	948.382
-1.047198	1.599406	1.426070	2	78	19	948.243
-2.879793	1.683268	0.374177	10	0	15	948.157
0.000000	1.977582	0.969896	73	2	10	948.003
2.356194	2.393226	1.857173	12	11	2	947.878
-2.094395	2.349581	-2.702517	0	15	75	947.768
-2.094395	0.619654	-2.216909	0	14	2	947.735
-3.141593	1.662363	0.915448	11	78	13	947.429
2.879793	2.979456	-1.009304	77	67	73	947.367
-0.785398	2.724429	-0.348782	9	73	10	947.357
-2.094395	1.736875	3.023612	76	20	78	947.295
-1.832596	1.504028	0.636812	8	78	14	947.070
2.879793	0.370812	-2.547742	2	76	16	947.040
2.879793	2.724429	-0.348782	5	12	2	947.021
2.094395	0.615174	-0.666022	2	17	2	947.001
-3.141593	1.846342	-1.796954	76	12	6	946.887
2.879793	1.413347	-1.339188	1	17	75	946.869
1.308997	1.325504	-1.671296	14	77	15	946.868
-2.094395	1.699788	2.452890	4	11	15	946.723
1.308997	2.587733	0.232235	13	10	4	946.650
-2.094395	0.899350	-2.069907	2	0	17	946.618
2.356194	1.599406	1.426070	10	75	12	946.593
-3.141593	0.960688	-0.577532	76	14	3	946.574
-2.356194	2.349581	-2.702517	5	13	75	946.513
1.570796	2.637879	2.121598	7	72	8	946.436
2.617994	1.809167	1.213774	9	4	16	946.371
-1.570796	1.014500	0.906702	13	5	9	946.348
-3.141593	2.404280	-0.174044	70	6	7	946.207
1.832596	0.591903	2.010408	1	71	76	946.109
2.617994	2.041297	-2.664597	6	9	10	945.606
-2.356194	1.872854	1.543456	13	79	12	945.606
2.094395	2.588535	-2.976617	7	6	72	945.355
2.094395	2.164094	-2.991358	7	8	75	945.197
2.617994	1.599406	1.426070	11	77	13	944.985
-1.570796	1.440580	2.260026	5	8	16	944.823
-1.308997	2.349581	-2.702517	3	11	1	944.458
-1.308997	2.073035	2.027405	77	3	16	944.372
1.570796	2.592629	0.909713	9	74	14	944.216
-0.523599	2.108018	1.311430	77	63	0	944.113
-0.261799	2.719179	-1.780644	1	11	68	943.966
0.000000	2.478122	2.609777	76	65	76	943.794
-2.879793	1.195355	1.200319	13	74	9	943.652
-2.879793	2.180315	-1.357379	5	10	8	943.414
-1.832596	2.180315	-1.357379	78	69	74	943.386
0.523599	1.870545	-2.976234	78	62	72	943.365
0.261799	2.760637	2.781135	77	66	74	942.991
-3.141593	1.977582	0.969896	11	79	14	942.925
2.356194	0.762244	-0.273349	78	17	3	942.790
1.832596	2.719179	-1.780644	76	68	72	942.749
0.261799	1.301460	-0.509251	8	4	14	942.603
-1.047198	1.218453	2.777284	2	8	13	942.516
-0.523599	2.247462	0.191623	5	76	14	942.417
-2.617994	1.134796	2.434290	5	16	4	942.385
1.832596	0.961715	0.014085	4	16	5	942.321
-2.094395	2.356369	3.005869	79	18	74	942.245
2.617994	1.134497	-1.109631	3	18	0	942.186
-1.308997	1.574060	2.783565	2	9	12	942.179
-0.523599	1.506530	1.988858	0	79	19	942.030
-1.308997	1.301460	-0.509251	13	75	10	941.928
-1.308997	0.992645	-1.723759	77	79	16	941.831
-2.094395	0.910508	1.903534	13	4	4	941.818
-3.141593	1.741644	-2.695914	6	15	75	941.792
0.261799	1.721184	-0.153948	15	76	12	941.618
2.094395	1.506530	1.988858	11	71	4	941.565
0.261799	1.696674	-1.253233	6	8	19	941.553
1.832596	0.418037	1.360082	17	3	10	941.390
-1.047198	1.683268	0.374177	2	68	16	941.248
1.570796	1.606104	-0.451151	0	1	16	941.192
-1.832596	1.335669	0.897240	6	79	18	941.155
-2.879793	1.134796	2.434290	11	14	11	940.867
0.261799	2.187132	-0.479875	16	77	8	940.812
-1.832596	0.419640	2.974122	11	10	17	940.710
-3.141593	1.335669	0.897240	11	78	14	940.423
-2.879793	0.203748	0.590255	7	72	0	940.389
-2.356194	2.984978	1.954446	3	11	5	940.317
-1.832596	2.104282	-0.813972	5	71	6	940.212
0.261799	1.809167	1.213774	78	77	13	940.174
-0.523599	1.374601	-2.456031	4	73	15	940.054
2.356194	1.242974	-2.977882	3	6	15	939.940
0.785398	2.704512	1.488683	10	69	7	939.914
-0.785398	0.709924	0.218797	2	64	4	939.833
-1.570796	1.736875	3.023612	4	11	8	939.649
-0.785398	1.998705	2.370472	75	2	14	939.368
2.356194	0.591903	2.010408	6	72	77	939.336
-0.785398	1.683268	0.374177	8	3	15	939.306
1.308997	0.379747	-1.713059	3	78	17	938.950
1.570796	0.619654	-2.216909	3	0	17	938.827
2.879793	0.831641	0.616218	7	9	3	938.781
1.570796	1.599406	1.426070	19	79	19	938.775
-1.308997	1.128190	-2.288622	77	78	16	938.410
2.356194	2.089241	-0.114193	78	1	13	938.380
2.879793	1.599406	1.426070	9	3	17	938.345
0.000000	1.488617	1.159546	8	73	22	938.327
0.261799	0.674054	1.013609	13	5	22	938.277
1.570796	1.555207	1.708892	15	1	19	938.203
-1.570796	1.374601	-2.456031	8	9	6	938.072
-3.141593	2.356369	3.005869	8	13	74	938.068
1.308997	0.866955	-0.931351	22	6	13	937.928
-0.523599	2.979456	-1.009304	7	10	76	937.856
2.356194	1.433411	-1.035986	6	17	77	937.823
2.094395	2.174483	2.653697	12	70	3	937.781
-2.617994	1.440580	2.260026	4	17	3	937.731
2.094395	0.914445	2.687814	1	9	9	937.540
-3.141593	2.349581	-2.702517	6	10	70	937.469
-2.617994	2.760637	2.781135	6	14	73	937.213
0.523599	0.591903	2.010408	6	6	15	937.146
-2.356194	1.194549	-0.801900	5	8	14	937.129
0.000000	2.153910	-1.714959	6	5	75	936.828
-2.356194	1.247695	1.809890	15	3	5	936.695
-3.141593	1.194549	-0.801900	76	16	1	936.633
0.523599	2.664082	-1.071402	79	13	74	936.583
-2.094395	1.872854	1.543456	11	4	10	936.457
-0.261799	1.812176	0.656819	10	69	17	936.287
-2.879793	0.910508	1.903534	16	0	12	936.251
-2.617994	0.640596	-2.797608	15	11	12	936.177
-1.308997	1.510910	-0.740472	13	74	9	936.039
-2.094395	2.104282	-0.813972	76	68	73	935.662
-0.523599	1.135813	-2.658866	5	74	16	935.622
2.356194	1.872854	1.543456	10	12	1	935.512
-2.356194	1.413347	-1.339188	4	8	13	935.500
2.617994	1.875281	0.107086	1	1	14	935.296
-1.047198	1.488617	1.159546	79	77	20	935.249
0.523599	1.836682	-0.676006	17	79	9	935.130
-0.523599	0.709924	0.218797	8	66	6	935.099
-2.879793	1.413347	-1.339188	0	14	79	934.969
0.261799	0.591903	2.010408	7	7	15	934.925
-1.832596	0.640596	-2.797608	5	78	17	934.692
-1.570796	0.992645	-1.723759	3	4	17	934.540
1.308997	2.104282	-0.813972	10	4	11	934.468
-2.356194	1.050534	3.042579	12	11	11	934.001
1.832596	0.458961	-0.107937	1	16	6	933.903
1.047198	2.174483	2.653697	12	75	15	933.863
-2.617994	0.850607	-1.335383	75	14	0	933.831
1.570796	1.214854	-1.966664	75	8	69	933.791
0.000000	0.640596	-2.797608	15	3	16	933.768
-0.261799	1.450119	-2.739050	6	73	14	933.477
-1.308997	1.658653	-2.409879	4	11	1	933.382
0.261799	1.982574	-1.115518	18	78	76	933.257
-0.523599	1.134796	2.434290	7	3	17	933.169
-1.570796	2.247462	0.191623	76	71	9	932.838
-1.308997	0.370812	-2.547742	15	79	15	932.613
0.261799	1.134497	-1.109631	10	64	78	932.499
-0.523599	0.929350	-2.910676	15	78	16	932.314
0.785398	2.588535	-2.976617	77	65	74	931.996
-1.570796	2.984978	1.954446	6	9	2	931.972
1.570796	2.393226	1.857173	4	73	12	931.971
-2.094395	0.961715	0.014085	11	73	9	931.921
1.047198	0.961715	0.014085	15	9	11	931.797
-0.785398	1.128190	-2.288622	2	77	16	931.643
-0.523599	1.450119	-2.739050	5	71	13	931.589
-1.308997	2.115563	0.685730	75	72	13	931.584
1.832596	1.699788	2.452890	2	12	78	931.487
-0.523599	2.295480	1.008277	1	79	14	931.486
2.094395	0.866395	-2.492918	3	3	18	931.343
1.047198	0.379747	-1.713059	77	79	16	931.256
-2.617994	1.242974	-2.977882	9	16	6	931.240
-2.617994	1.554776	0.100351	76	78	13	931.129
-1.047198	2.247462	0.191623	5	76	14	931.101
2.094395	2.396274	-1.959260	0	68	72	930.682
-2.879793	1.214854	-1.966664	2	16	76	930.651
0.000000	2.456751	-1.503343	2	9	69	930.324
2.356194	2.247462	0.191623	9	11	10	930.157
1.308997	0.914445	2.687814	75	73	70	930.048
1.832596	1.256302	0.062705	5	17	3	929.950
-1.308997	1.504028	0.636812	79	73	20	929.930
-1.570796	1.113094	-0.272241	13	75	10	929.851
2.879793	1.554776	0.100351	0	79	13	929.811
-2.879793	1.367556	0.358405	10	78	14	929.761
-0.523599	1.242974	-2.977882	7	72	14	929.675
2.617994	2.704512	1.488683	17	8	8	929.631
0.000000	2.592629	0.909713	4	76	14	929.580
-2.094395	2.247462	0.191623	72	76	10	929.481
-2.617994	1.721184	-0.153948	78	78	13	929.411
-1.832596	1.391910	3.030322	2	12	12	929.287
2.617994	1.194549	-0.801900	5	16	8	928.976
-2.617994	0.733948	3.021411	17	9	14	928.703
-1.047198	0.866395	-2.492918	5	79	18	928.616
-1.570796	2.041297	-2.664597	2	11	3	928.431
2.617994	2.138223	1.678323	14	9	16	928.372
-0.261799	0.618092	2.539118	6	6	15	928.182
-1.832596	1.168678	2.108595	77	13	7	928.101
1.832596	2.637879	2.121598	12	71	4	928.067
1.308997	2.579248	-2.364801	79	67	72	928.066
1.832596	2.587733	0.232235	13	9	7	927.859
1.308997	0.709924	0.218797	14	7	18	927.830
-2.356194	0.080730	-2.622036	6	75	17	927.827
1.570796	0.762244	-0.273349	16	75	10	927.730
-1.832596	2.760637	2.781135	6	12	4	927.707
-1.047198	1.998705	2.370472	2	0	18	927.698
-0.523599	1.214854	-1.966664	79	78	16	927.661
-2.094395	2.299159	2.264663	2	12	10	927.373
2.356194	2.073035	2.027405	16	77	10	927.048
1.047198	1.134497	-1.109631	12	6	79	927.030
-2.617994	1.045978	0.343692	17	76	10	926.918
-3.141593	1.683268	0.374177	4	79	15	926.872
1.047198	2.153910	-1.714959	13	6	14	926.752
-1.832596	0.700570	1.559208	5	8	18	926.693
0.523599	2.396274	-1.959260	6	68	78	926.483
2.879793	2.356369	3.005869	8	11	74	926.464
1.308997	2.001437	0.381215	5	8	10	926.312
0.000000	2.881233	-2.582574	9	7	78	926.249
2.617994	2.073035	2.027405	19	10	10	926.232
-2.356194	1.617114	-1.572037	78	8	11	926.218
-2.879793	1.741644	-2.695914	4	16	75	926.214
-0.523599	2.187132	-0.479875	16	72	4	926.105
1.832596	0.864993	2.278281	78	71	73	926.070
-2.356194	1.606104	-0.451151	7	11	1	925.996
-2.617994	1.736875	3.023612	3	19	78	925.807
-1.832596	1.870545	-2.976234	79	15	74	925.807
-2.094395	2.138223	1.678323	5	6	14	925.717
-1.047198	0.733948	3.021411	77	11	8	925.526
-3.141593	2.592629	0.909713	2	11	9	925.458
0.261799	1.450119	-2.739050	15	76	14	925.155
0.523599	1.128190	-2.288622	9	79	18	925.089
-2.094395	2.478122	2.609777	5	13	7	925.080
1.832596	1.870545	-2.976234	6	12	10	925.066
1.832596	0.866395	-2.492918	5	67	0	925.035
2.094395	2.455966	-0.641220	71	11	78	924.881
0.261799	2.180315	-1.357379	6	6	77	924.723
2.356194	1.247695	1.809890	9	10	8	924.584
1.832596	2.379497	0.561089	13	8	11	924.581
-1.570796	1.732874	-0.951685	5	70	78	924.496
-0.523599	1.218453	2.777284	4	3	18	924.428
2.356194	1.504028	0.636812	6	15	9	924.306
2.879793	0.458961	-0.107937	17	1	11	924.212
-2.094395	2.174483	2.653697	4	13	9	924.185
0.523599	2.187132	-0.479875	17	78	8	924.163
-2.617994	2.349581	-2.702517	7	11	69	924.148
1.308997	1.606104	-0.451151	4	5	12	924.099
0.261799	1.310100	1.488307	6	11	2	923.917
0.523599	1.134497	-1.109631	12	66	78	923.640
-3.141593	1.504028	0.636812	5	78	15	923.588
-0.523599	0.910508	1.903534	4	4	20	923.432
-3.141593	1.135813	-2.658866	1	2	17	923.394
2.356194	1.335669	0.897240	6	12	12	923.287
0.523599	1.982574	-1.115518	12	4	3	923.271
-2.356194	0.709924	0.218797	11	73	9	923.199
-1.570796	0.866395	-2.492918	4	78	17	923.095
2.879793	2.138223	1.678323	15	14	10	923.017
-1.832596	2.299159	2.264663	79	13	74	922.935
0.523599	1.599406	1.426070	12	72	20	922.717
-1.570796	0.733948	3.021411	76	15	8	922.714
-3.141593	0.297065	2.160177	5	67	5	922.676
-0.785398	1.214854	-1.966664	0	79	17	922.576
1.570796	2.396274	-1.959260	77	68	71	922.362
1.047198	2.138223	1.678323	18	71	14	922.289
-3.141593	1.875281	0.107086	77	5	11	922.233
0.785398	1.872854	1.543456	16	70	17	922.183
0.523599	2.760637	2.781135	77	64	75	922.100
2.617994	0.929350	-2.910676	1	4	16	922.047
-1.570796	2.379497	0.561089	73	77	11	922.026
-2.879793	0.080730	-2.622036	3	74	15	921.626
1.308997	1.214854	-1.966664	13	78	16	921.609
-2.879793	0.866395	-2.492918	74	12	70	921.603
-3.141593	2.138223	1.678323	15	10	13	921.552
-1.570796	0.370812	-2.547742	76	13	5	921.547
-2.356194	1.135813	-2.658866	0	18	78	921.456
1.308997	0.960688	-0.577532	9	10	74	921.376
2.879793	0.700570	1.559208	10	8	11	921.374
-2.094395	1.948085	-2.363031	1	14	74	921.366
1.047198	0.899350	-2.069907	5	1	19	921.356
-1.308997	2.407836	1.410646	74	1	11	921.320
0.523599	1.732874	-0.951685	14	3	3	921.042
-2.356194	2.138223	1.678323	1	9	15	920.963
-2.356194	1.113094	-0.272241	7	12	3	920.904
-1.832596	0.866955	-0.931351	74	69	79	920.837
1.570796	1.488617	1.159546	17	2	20	920.777
0.000000	2.588535	-2.976617	11	70	79	920.770
1.570796	1.301460	-0.509251	78	2	15	920.628
0.000000	0.992645	-1.723759	2	16	79	920.401
2.879793	2.588535	-2.976617	2	71	75	919.909
-2.879793	1.736875	3.023612	5	18	78	919.882
-2.356194	2.299159	2.264663	4	12	11	919.876
2.879793	1.977582	0.969896	10	0	14	919.778
0.785398	1.310100	1.488307	13	75	21	919.685
2.356194	2.396274	-1.959260	3	68	1	919.685
-1.832596	1.128190	-2.288622	3	12	5	919.461
-0.261799	0.297065	2.160177	0	12	1	919.396
-0.261799	1.824694	1.850876	9	77	17	919.353
2.879793	1.870545	-2.976234	9	13	75	919.298
-3.141593	0.290380	-0.796960	76	14	7	919.123
2.617994	1.301460	-0.509251	5	16	8	919.069
-1.832596	0.960688	-0.577532	76	69	0	918.725
-3.141593	0.370812	-2.547742	2	75	16	918.688
-2.617994	0.700570	1.559208	6	11	7	918.639
-3.141593	1.374601	-2.456031	14	12	7	918.589
1.308997	0.700570	1.559208	7	79	23	918.557
-0.785398	2.295480	1.008277	1	79	14	918.555
-0.261799	0.864993	2.278281	8	4	17	918.463
-1.047198	1.506530	1.988858	5	2	18	918.436
-0.523599	0.914445	2.687814	10	72	13	918.386
0.785398	0.418037	1.360082	5	10	8	918.311
0.261799	0.850607	-1.335383	0	76	15	918.257
-1.832596	1.510910	-0.740472	77	68	3	918.105
-1.832596	0.290380	-0.796960	9	71	3	918.079
2.094395	2.356369	3.005869	8	7	74	917.884
2.617994	0.615174	-0.666022	1	15	79	917.836
1.570796	2.115563	0.685730	4	9	11	917.725
0.261799	2.881233	-2.582574	8	9	77	917.691
0.000000	0.929350	-2.910676	14	79	16	917.606
2.094395	0.674054	1.013609	7	3	23	917.566
0.000000	1.242974	-2.977882	14	78	16	917.436
-1.832596	1.569311	-3.003978	3	14	2	917.312
1.047198	1.128190	-2.288622	12	78	16	917.092
-2.879793	1.506530	1.988858	12	13	16	917.087
0.785398	0.992645	-1.723759	8	76	17	916.969
-1.832596	0.906588	1.252948	14	5	7	916.840
-2.617994	0.685216	-1.712745	78	16	1	916.762
-2.617994	2.251330	-2.330739	5	11	74	916.406
-3.141593	2.760637	2.781135	8	11	78	916.345
0.261799	1.977582	0.969896	15	69	15	916.159
1.047198	0.290380	-0.796960	9	6	0	916.115
2.356194	0.929350	-2.910676	2	5	16	916.052
-1.832596	1.998705	2.370472	0	11	14	916.018
1.308997	2.247462	0.191623	10	1	13	915.927
-1.570796	1.194549	-0.801900	6	72	74	915.821
0.000000	1.870545	-2.976234	12	70	8	915.771
-0.523599	1.301460	-0.509251	16	67	7	915.684
-0.261799	2.393226	1.857173	75	63	77	915.667
-0.785398	1.367556	0.358405	11	6	12	915.640
-0.261799	1.134796	2.434290	6	3	17	915.559
-1.570796	0.419640	2.974122	5	75	16	915.312
-0.523599	2.138223	1.678323	74	64	1	915.295
1.832596	2.863997	0.549740	10	12	5	915.000
1.832596	1.128190	-2.288622	13	1	16	914.930
1.832596	2.664082	-1.071402	9	10	0	914.839
-0.261799	0.929350	-2.910676	15	0	16	914.740
1.308997	1.113094	-0.272241	10	13	1	914.649
1.570796	0.961715	0.014085	6	15	5	914.355
-1.047198	0.992645	-1.723759	77	78	16	914.343
-0.523599	0.640596	-2.797608	15	0	16	914.227
2.356194	1.824694	1.850876	15	5	18	914.100
2.094395	2.979456	-1.009304	6	10	79	913.997
1.308997	2.456751	-1.503343	13	6	7	913.846
0.523599	1.448123	-2.163292	13	76	15	913.690
-2.617994	1.545873	-1.877082	3	13	72	913.661
1.832596	1.247695	1.809890	8	69	4	913.648
2.617994	0.762244	-0.273349	79	15	7	913.647
2.094395	0.640596	-2.797608	2	3	17	913.640
-2.617994	0.370812	-2.547742	4	77	17	913.613
-0.523599	1.335669	0.897240	1	5	11	913.571
0.523599	1.846342	-1.796954	9	70	9	913.535
-3.141593	2.174483	2.653697	9	15	78	913.389
-1.047198	2.115563	0.685730	78	71	13	913.375
-3.141593	1.488617	1.159546	11	76	13	913.344
2.617994	1.413430	2.550734	15	76	0	913.235
-0.523599	1.812176	0.656819	7	68	17	913.060
-1.832596	1.606104	-0.451151	4	76	16	912.996
-0.523599	1.869911	2.701025	8	69	77	912.984
0.261799	0.992645	-1.723759	0	16	78	912.923
-1.570796	0.379747	-1.713059	7	79	17	912.849
0.785398	2.041297	-2.664597	79	64	68	912.774
-3.141593	2.478122	2.609777	10	13	77	912.714
-0.523599	1.662363	0.915448	5	70	20	912.646
-0.523599	0.733948	3.021411	11	73	15	912.630
-2.356194	2.033014	2.977192	1	19	77	912.274
-1.832596	2.343981	-1.040456	3	70	1	912.212
2.617994	2.587733	0.232235	9	3	14	912.105
1.570796	1.721184	-0.153948	1	78	16	912.044
-1.570796	2.063651	-2.044600	2	10	72	912.020
-2.879793	1.555207	1.708892	13	7	17	911.994
-1.308997	2.592629	0.909713	75	65	79	911.687
2.356194	2.863997	0.549740	11	1	13	911.428
2.094395	0.709924	0.218797	7	11	18	911.262
2.356194	0.496451	0.593859	4	8	14	911.212
1.047198	1.658653	-2.409879	5	65	69	911.185
0.785398	2.404280	-0.174044	11	1	12	911.179
2.094395	1.510910	-0.740472	14	13	10	911.178
1.832596	2.295480	1.008277	11	12	4	911.134
-2.094395	2.760637	2.781135	6	12	5	911.002
1.832596	2.187132	-0.479875	5	1	18	910.973
1.570796	2.704512	1.488683	14	75	9	910.938
1.308997	1.025536	1.576859	12	78	23	910.919
-0.261799	0.960688	-0.577532	7	9	15	910.911
2.356194	0.379747	-1.713059	3	75	17	910.885
2.094395	0.733948	3.021411	3	6	15	910.813
1.308997	2.356369	3.005869	8	13	9	910.780
0.261799	1.909857	-0.381669	8	5	70	910.626
2.879793	1.045978	0.343692	8	8	1	910.417
0.785398	0.419640	2.974122	73	67	77	910.122
0.785398	1.696674	-1.253233	10	4	73	910.007
2.879793	1.617114	-1.572037	1	16	73	909.957
-3.141593	1.195355	1.200319	12	75	11	909.882
1.570796	0.850607	-1.335383	11	75	15	909.821
1.832596	0.080730	-2.622036	7	66	3	909.757
1.570796	2.247462	0.191623	8	1	14	909.695
-0.523599	2.724429	-0.348782	9	73	10	909.576
-2.356194	1.599406	1.426070	14	79	12	909.377
-0.261799	1.574060	2.783565	9	70	9	909.357
-2.617994	0.615174	-0.666022	15	4	13	909.294
-0.785398	0.899350	-2.069907	2	0	17	909.283
-1.832596	2.881233	-2.582574	4	13	76	909.154
2.879793	1.506530	1.988858	14	12	11	909.040
-1.832596	1.045978	0.343692	14	77	10	908.878
-1.047198	1.413347	-1.339188	7	71	77	908.875
1.308997	1.555207	1.708892	17	74	19	908.855
-0.523599	1.256302	0.062705	11	70	16	908.745
-3.141593	1.766067	2.153843	15	13	12	908.695
1.570796	1.025536	1.576859	10	6	14	908.652
2.356194	1.134796	2.434290	10	72	78	908.629
1.570796	0.615174	-0.666022	13	74	13	908.629
-1.570796	2.251330	-2.330739	5	10	6	908.262
-0.261799	1.606104	-0.451151	19	69	5	908.200
-1.047198	1.809167	1.213774	76	76	17	908.135
-1.047198	2.724429	-0.348782	7	73	11	907.822
2.879793	2.089241	-0.114193	71	5	8	907.639
-1.308997	1.184361	0.625864	2	74	22	907.543
-1.047198	2.979456	-1.009304	14	74	7	907.541
-0.261799	1.506530	1.988858	9	79	17	907.380
-2.879793	1.569311	-3.003978	6	17	77	907.312
-0.785398	1.184361	0.625864	10	7	10	907.304
1.570796	1.836682	-0.676006	18	9	7	907.271
-1.047198	0.831641	0.616218	12	76	20	907.182
2.356194	2.637879	2.121598	9	10	73	907.017
-2.617994	1.506530	1.988858	13	8	17	906.866
-2.356194	0.866955	-0.931351	6	7	13	906.798
-2.356194	1.440580	2.260026	7	9	19	906.737
2.617994	0.370812	-2.547742	10	12	9	906.679
-1.832596	0.370812	-2.547742	79	14	5	906.468
1.047198	2.724429	-0.348782	7	13	67	906.349
0.000000	2.979456	-1.009304	11	10	2	906.323
2.356194	0.370812	-2.547742	2	1	18	906.266
2.617994	2.724429	-0.348782	7	11	1	906.233
0.523599	2.724429	-0.348782	13	8	2	906.230
-3.141593	1.569311	-3.003978	8	16	77	906.221
-2.094395	0.831641	0.616218	14	77	10	905.968
2.879793	0.290380	-0.796960	79	14	6	905.837
-1.047198	2.164094	-2.991358	4	9	3	905.758
-2.879793	1.872854	1.543456	10	9	16	905.536
2.356194	2.592629	0.909713	15	10	9	905.476
0.000000	0.290380	-0.796960	7	65	5	905.228
0.523599	0.929350	-2.910676	14	2	16	905.219
-1.308997	2.247462	0.191623	1	77	14	904.745
1.047198	2.588535	-2.976617	79	64	75	904.741
0.785398	1.606104	-0.451151	12	4	5	904.700
-3.141593	1.599406	1.426070	12	6	17	904.630
-0.785398	2.455966	-0.641220	15	72	3	904.629
0.785398	0.700570	1.559208	3	9	10	904.541
2.879793	2.247462	0.191623	79	7	10	904.455
-3.141593	2.664082	-1.071402	78	68	71	904.365
2.356194	0.640596	-2.797608	1	4	17	904.348
2.356194	1.045978	0.343692	5	13	12	904.329
-2.356194	0.866395	-2.492918	79	18	1	904.135
-1.570796	2.187132	-0.479875	6	74	12	904.047
1.308997	0.906588	1.252948	10	1	23	903.931
2.617994	2.247462	0.191623	9	1	15	903.891
-2.356194	2.588535	-2.976617	5	13	71	903.650
-0.261799	0.762244	-0.273349	20	72	15	903.642
2.879793	0.379747	-1.713059	6	78	18	903.545
-3.141593	1.134796	2.434290	13	13	11	903.414
-0.523599	1.836682	-0.676006	16	69	0	903.314
0.000000	0.418037	1.360082	11	8	21	903.288
-2.094395	2.164094	-2.991358	0	16	78	903.202
-2.879793	1.134497	-1.109631	75	15	0	903.110
-3.141593	2.089241	-0.114193	1	15	79	903.059
-0.785398	2.719179	-1.780644	1	12	75	903.025
0.785398	0.685216	-1.712745	11	64	0	902.985
1.832596	0.685216	-1.712745	8	76	17	902.979
1.832596	1.025536	1.576859	8	69	0	902.824
-1.047198	2.579248	-2.364801	3	10	0	902.652
1.570796	2.001437	0.381215	4	1	14	902.429
1.308997	1.836682	-0.676006	19	6	7	902.356
2.879793	1.872854	1.543456	11	5	15	902.340
2.094395	0.850607	-1.335383	17	12	12	902.326
-0.785398	2.089241	-0.114193	10	76	13	902.192
-2.617994	2.579248	-2.364801	77	71	69	902.185
-2.094395	1.721184	-0.153948	4	78	16	902.085
-1.832596	1.247695	1.809890	9	4	12	901.925
-1.308997	1.569311	-3.003978	1	11	8	901.871
1.832596	2.063651	-2.044600	1	68	72	901.806
-1.570796	2.349581	-2.702517	77	15	75	901.783
1.308997	1.045978	0.343692	7	13	7	901.666
-2.617994	0.866395	-2.492918	12	13	9	901.604
0.261799	0.571433	-1.188419	0	15	79	901.445
-0.785398	0.618092	2.539118	8	72	13	901.347
-2.356194	2.456751	-1.503343	1	70	0	901.218
2.617994	1.736875	3.023612	15	1	16	900.810
-0.261799	1.736875	3.023612	8	70	9	900.594
1.570796	2.251330	-2.330739	1	66	71	900.557
-3.141593	0.379747	-1.713059	11	12	13	900.391
-3.141593	1.732874	-0.951685	13	7	4	900.321
-1.308997	1.134796	2.434290	6	8	16	900.277
-1.047198	1.732874	-0.951685	13	75	10	900.123
-0.261799	0.899350	-2.069907	73	76	13	900.113
-1.047198	2.295480	1.008277	0	79	14	900.033
0.261799	2.455966	-0.641220	16	78	6	899.996
-0.785398	1.374601	-2.456031	2	74	15	899.952
-3.141593	0.906588	1.252948	13	73	7	899.951
2.094395	1.218453	2.777284	10	7	12	899.849
1.832596	2.164094	-2.991358	6	12	11	899.724
-2.879793	2.637879	2.121598	9	13	8	899.658
1.832596	2.455966	-0.641220	6	4	13	899.643
-2.879793	1.025536	1.576859	15	0	14	899.642
-1.308997	2.104282	-0.813972	11	74	9	899.635
-2.094395	2.063651	-2.044600	4	11	76	899.597
-2.356194	0.640596	-2.797608	12	12	12	899.575
0.523599	2.104282	-0.813972	14	4	4	899.511
2.879793	0.709924	0.218797	0	11	5	899.388
2.617994	2.108018	1.311430	11	6	13	899.178
-0.785398	1.135813	-2.658866	3	74	16	899.168
-2.356194	2.579248	-2.364801	8	9	76	899.150
1.308997	1.134497	-1.109631	12	74	14	899.117
-0.261799	1.050534	3.042579	12	74	14	899.080
0.000000	0.864993	2.278281	7	4	16	899.011
-1.570796	2.588535	-2.976617	4	12	3	898.954
-3.141593	0.831641	0.616218	5	10	8	898.902
-1.832596	2.349581	-2.702517	78	15	75	898.822
1.570796	1.413430	2.550734	0	15	77	898.816
-0.261799	0.640596	-2.797608	15	2	16	898.793
-2.094395	0.929350	-2.910676	0	17	4	898.717
-0.523599	2.396274	-1.959260	6	8	10	898.689
2.617994	0.379747	-1.713059	6	78	18	898.598
1.308997	1.391910	3.030322	70	77	69	898.522
2.879793	2.073035	2.027405	18	12	9	898.322
1.832596	0.496451	0.593859	8	9	15	898.286
1.832596	2.356369	3.005869	78	14	73	898.098
-3.141593	0.992645	-1.723759	6	15	9	898.070
0.261799	2.164094	-2.991358	78	65	72	897.953
-2.879793	0.370812	-2.547742	3	77	17	897.578
1.308997	0.418037	1.360082	1	9	9	897.567
1.047198	1.025536	1.576859	11	78	23	897.536
2.094395	2.587733	0.232235	11	9	7	897.487
-2.879793	1.433411	-1.035986	1	12	8	897.357
-2.879793	0.700570	1.559208	4	12	8	897.079
0.523599	0.850607	-1.335383	8	64	79	897.074
0.785398	1.247695	1.809890	11	73	21	896.985
2.617994	2.984978	1.954446	10	11	74	896.869
0.785398	1.128190	-2.288622	0	14	71	896.685
-1.832596	1.194549	-0.801900	77	70	77	896.628
1.308997	0.961715	0.014085	7	14	5	896.567
-1.832596	1.050534	3.042579	7	12	12	896.548
-2.879793	2.588535	-2.976617	9	10	76	896.416
-2.879793	1.574060	2.783565	11	6	17	896.348
1.308997	0.203748	0.590255	7	11	18	896.194
-1.832596	0.618092	2.539118	11	9	17	896.133
-0.261799	1.488617	1.159546	7	73	22	896.095
2.094395	0.961715	0.014085	6	14	3	895.994
-2.356194	1.982574	-1.115518	76	71	71	895.936
-1.047198	0.591903	2.010408	4	8	21	895.899
1.308997	1.574060	2.783565	3	15	78	895.731
2.879793	0.619654	-2.216909	3	76	18	895.716
2.879793	1.683268	0.374177	2	79	14	895.642
-0.261799	2.404280	-0.174044	13	73	7	895.558
-2.356194	0.297065	2.160177	17	2	9	895.331
-0.523599	0.297065	2.160177	7	9	19	895.237
2.617994	1.113094	-0.272241	4	15	12	895.200
-2.356194	1.904882	-1.478089	76	72	70	895.188
-2.094395	2.579248	-2.364801	2	12	79	895.139
0.785398	2.164094	-2.991358	78	63	70	895.101
-0.785398	1.809167	1.213774	4	74	18	894.965
-2.094395	1.025536	1.576859	14	4	6	894.942
0.523599	2.153910	-1.714959	7	3	68	894.894
-0.523599	1.504028	0.636812	7	4	14	894.831
2.879793	1.025536	1.576859	13	73	6	894.474
-1.308997	0.866395	-2.492918	5	79	18	894.391
0.785398	1.374601	-2.456031	0	14	71	894.377
-1.570796	1.184361	0.625864	1	76	22	894.352
-2.356194	0.762244	-0.273349	16	8	9	894.335
-3.141593	0.709924	0.218797	79	11	5	894.286
-0.785398	0.961715	0.014085	14	69	16	894.183
-1.570796	0.850607	-1.335383	78	72	69	894.160
-2.617994	0.914445	2.687814	17	7	15	894.008
-2.617994	2.588535	-2.976617	7	12	76	893.940
-1.308997	2.343981	-1.040456	10	73	8	893.917
2.617994	0.831641	0.616218	6	10	12	893.836
-2.094395	1.135834	-1.431087	4	6	15	893.784
0.261799	1.374601	-2.456031	13	76	15	893.745
-0.261799	1.391910	3.030322	9	71	12	893.715
0.261799	1.766067	2.153843	9	77	17	893.565
-2.094395	2.863997	0.549740	67	1	5	893.518
1.047198	0.910508	1.903534	9	76	23	893.473
2.879793	0.866395	-2.492918	1	1	17	893.434
-1.308997	1.617114	-1.572037	6	72	73	893.347
2.094395	0.370812	-2.547742	2	1	18	893.214
-1.832596	1.836682	-0.676006	5	71	8	893.161
-1.570796	0.571433	-1.188419	10	7	15	893.130
0.000000	2.587733	0.232235	18	72	7	893.087
0.000000	1.736875	3.023612	8	14	0	892.976
-2.879793	1.875281	0.107086	76	1	12	892.830
1.570796	0.700570	1.559208	8	79	23	892.743
0.000000	2.251330	-2.330739	6	67	0	892.720
-0.261799	2.138223	1.678323	76	63	75	892.664
1.832596	0.960688	-0.577532	6	16	79	892.535
-0.261799	1.413430	2.550734	5	1	18	892.488
-2.879793	1.128190	-2.288622	3	0	18	892.418
-2.356194	0.733948	3.021411	13	10	14	892.348
0.000000	0.960688	-0.577532	4	8	15	892.292
-2.879793	1.824694	1.850876	13	9	15	892.103
-2.879793	2.299159	2.264663	13	15	6	892.029
1.047198	2.164094	-2.991358	0	63	70	891.668
-0.261799	0.418037	1.360082	6	7	22	891.618
2.879793	1.998705	2.370472	13	11	10	891.500
-0.261799	0.914445	2.687814	5	5	17	891.493
2.356194	2.478122	2.609777	13	72	1	891.356
2.356194	0.914445	2.687814	10	74	76	891.019
0.523599	1.433411	-1.035986	12	5	8	891.009
-0.785398	0.297065	2.160177	6	72	14	890.991
-0.523599	1.128190	-2.288622	2	77	16	890.821
2.617994	2.637879	2.121598	13	11	78	890.819
-0.523599	1.488617	1.159546	7	75	19	890.684
-2.879793	1.450119	-2.739050	12	14	2	890.514
-2.879793	2.393226	1.857173	14	10	6	890.111
1.570796	1.128190	-2.288622	13	79	16	889.874
-2.356194	2.724429	-0.348782	1	67	76	889.847
-2.879793	1.374601	-2.456031	11	13	7	889.611
1.308997	2.379497	0.561089	17	0	10	889.590
0.261799	1.606104	-0.451151	4	2	17	889.523
-2.094395	1.325504	-1.671296	77	6	14	889.515
-1.570796	1.242974	-2.977882	79	13	4	889.506
-3.141593	0.899350	-2.069907	10	15	10	889.387
-2.356194	2.356369	3.005869	2	17	74	889.243
1.832596	2.478122	2.609777	9	67	71	889.221
2.879793	1.391910	3.030322	78	6	12	889.167
2.879793	2.001437	0.381215	3	0	15	889.111
2.094395	0.496451	0.593859	5	9	14	888.887
0.261799	1.325504	-1.671296	3	15	3	888.843
-2.617994	1.247695	1.809890	14	3	13	888.830
1.047198	1.824694	1.850876	16	70	16	888.756
-0.785398	2.979456	-1.009304	8	8	76	888.713
2.879793	0.571433	-1.188419	79	18	2	888.619
2.356194	1.135813	-2.658866	3	4	17	888.577
-3.141593	1.699788	2.452890	13	14	5	888.576
1.570796	0.866395	-2.492918	9	2	18	888.405
-1.570796	2.455966	-0.641220	7	73	11	888.297
-3.141593	1.168678	2.108595	17	1	11	888.249
-0.261799	2.174483	2.653697	7	14	1	888.202
2.094395	2.637879	2.121598	16	6	8	887.899
0.261799	0.906588	1.252948	5	10	2	887.851
-1.832596	0.379747	-1.713059	15	1	15	887.851
2.879793	2.295480	1.008277	5	11	13	887.739
-2.879793	2.760637	2.781135	8	12	73	887.722
0.785398	0.674054	1.013609	11	5	22	887.540
-3.141593	1.128190	-2.288622	13	12	9	887.474
1.047198	0.496451	0.593859	11	10	19	887.175
-0.523599	2.174483	2.653697	78	68	73	887.122
-2.356194	0.618092	2.539118	16	6	18	886.911
-2.356194	2.587733	0.232235	70	79	9	886.790
-1.570796	1.256302	0.062705	14	77	11	886.736
2.879793	2.108018	1.311430	14	10	14	886.650
2.879793	0.618092	2.539118	0	3	17	886.617
-1.308997	1.256302	0.062705	7	68	14	886.563
-2.356194	1.545873	-1.877082	7	11	5	886.071
-0.261799	2.187132	-0.479875	19	72	0	886.052
-1.047198	2.343981	-1.040456	12	74	9	885.933
-1.832596	1.113094	-0.272241	18	0	13	885.914
0.261799	2.664082	-1.071402	6	10	64	885.691
-1.047198	1.555207	1.708892	75	2	19	885.460
-3.141593	1.184361	0.625864	14	73	10	885.440
2.094395	1.417623	-0.202254	79	76	15	885.433
-0.523599	1.599406	1.426070	71	77	16	885.427
1.832596	1.824694	1.850876	5	5	17	885.356
0.523599	0.910508	1.903534	7	5	16	885.291
-2.094395	1.433411	-1.035986	79	71	73	885.186
1.832596	1.812176	0.656819	10	6	16	885.154
-3.141593	1.824694	1.850876	13	14	13	884.945
2.879793	0.080730	-2.622036	8	5	77	884.879
1.047198	2.349581	-2.702517	0	65	73	884.742
-0.785398	1.662363	0.915448	79	64	5	884.662
2.094395	1.301460	-0.509251	13	13	14	884.596
0.261799	0.080730	-2.622036	78	70	74	884.588
-1.308997	1.450119	-2.739050	6	9	9	884.571
1.832596	1.736875	3.023612	13	76	16	884.459
-2.879793	0.961715	0.014085	78	12	4	884.445
1.570796	1.909857	-0.381669	3	0	17	884.403
0.000000	1.569311	-3.003978	13	71	10	884.337
2.879793	2.299159	2.264663	12	11	7	884.184
0.000000	1.555207	1.708892	66	78	5	884.021
1.308997	1.741644	-2.695914	5	64	70	884.019
2.879793	2.478122	2.609777	10	11	1	883.926
0.523599	0.866395	-2.492918	13	2	17	883.909
0.523599	2.349581	-2.702517	0	67	70	883.881
2.356194	0.831641	0.616218	2	11	10	883.845
1.308997	1.869911	2.701025	3	15	77	883.812
0.785398	2.153910	-1.714959	4	69	71	883.786
-2.356194	2.863997	0.549740	14	5	15	883.435
2.356194	0.619654	-2.216909	2	0	18	883.362
0.261799	1.025536	1.576859	67	2	7	883.168
-2.617994	2.174483	2.653697	11	15	4	883.091
-1.832596	1.846342	-1.796954	3	72	72	883.090
-3.141593	1.869911	2.701025	5	16	0	883.065
-3.141593	0.419640	2.974122	9	5	76	883.039
1.308997	1.617114	-1.572037	1	4	62	882.960
2.879793	1.824694	1.850876	16	12	13	882.882
-0.261799	2.863997	0.549740	6	69	6	882.791
1.308997	2.984978	1.954446	10	70	5	882.789
-1.047198	1.948085	-2.363031	7	2	72	882.749
-2.094395	2.588535	-2.976617	4	14	71	882.718
-0.261799	2.637879	2.121598	77	65	75	882.705
2.094395	2.579248	-2.364801	79	66	71	882.699
0.523599	2.478122	2.609777	77	62	74	882.400
-1.570796	1.574060	2.783565	73	16	1	882.279
0.261799	1.599406	1.426070	10	71	20	882.149
1.832596	2.174483	2.653697	76	13	73	882.138
2.879793	1.869911	2.701025	9	14	79	882.035
1.570796	2.881233	-2.582574	78	65	74	882.019
-1.832596	0.929350	-2.910676	76	16	4	881.635
-1.308997	2.164094	-2.991358	10	4	77	881.575
2.879793	2.984978	1.954446	12	11	5	881.481
-2.094395	0.458961	-0.107937	75	67	2	881.467
2.879793	0.685216	-1.712745	10	15	13	881.332
-1.570796	2.343981	-1.040456	10	73	8	881.303
0.261799	1.510910	-0.740472	13	4	9	881.252
2.617994	2.760637	2.781135	16	6	6	881.033
2.094395	0.685216	-1.712745	9	10	72	880.923
-1.047198	0.929350	-2.910676	6	76	17	880.861
0.785398	2.356369	3.005869	77	62	72	880.812
-2.879793	2.478122	2.609777	7	15	76	880.770
2.356194	1.014500	0.906702	2	12	9	880.747
1.570796	0.370812	-2.547742	78	1	16	880.536
0.000000	2.063651	-2.044600	4	0	66	880.413
1.832596	1.836682	-0.676006	2	1	18	880.404
-2.617994	1.050534	3.042579	16	10	12	880.283
1.308997	1.448123	-2.163292	6	66	71	880.209
2.094395	0.571433	-1.188419	16	12	15	880.175
0.523599	1.025536	1.576859	9	78	23	880.161
-1.570796	2.356369	3.005869	79	13	0	880.147
2.879793	0.297065	2.160177	2	67	5	880.136
-2.094395	2.587733	0.232235	67	0	6	880.117
-3.141593	0.762244	-0.273349	17	2	11	879.997
-2.617994	0.864993	2.278281	16	4	10	879.837
0.000000	0.906588	1.252948	2	9	7	879.776
-1.308997	0.899350	-2.069907	5	1	18	879.662
1.047198	0.419640	2.974122	76	67	77	879.411
-2.617994	1.824694	1.850876	5	10	17	879.359
-2.879793	0.866955	-0.931351	75	14	2	879.235
-0.523599	1.824694	1.850876	0	77	18	879.154
-1.570796	1.214854	-1.966664	77	0	16	879.141
1.570796	1.756530	-2.105156	69	9	72	879.034
1.047198	1.555207	1.708892	15	72	19	878.994
-2.879793	0.619654	-2.216909	12	12	11	878.821
1.047198	2.881233	-2.582574	76	67	72	878.702
-2.879793	0.960688	-0.577532	10	7	9	878.643
-1.047198	2.251330	-2.330739	9	1	73	878.549
-1.308997	0.619654	-2.216909	71	75	69	878.347
0.523599	1.440580	2.260026	8	1	18	878.202
1.308997	1.301460	-0.509251	79	4	15	878.069
-0.523599	1.766067	2.153843	1	69	73	878.008
-2.879793	0.929350	-2.910676	13	15	9	877.995
1.570796	2.379497	0.561089	13	11	7	877.976
