168	1.2	0
-3.141593	0.458961	-0.107937
-2.223162	0.987853	-2.435996
../7odw_monomer_m.pdb	-305.162	-67.445	220.304
../7odw_monomer_m.pdb	285.469	195.713	167.518
1.832596	1.836682	-0.676006	11	11	142	1298.608
0.523599	2.407836	1.410646	6	6	139	1276.950
-0.523599	1.756530	-2.105156	16	9	164	1272.015
0.261799	0.929350	-2.910676	22	23	146	1266.832
2.356194	0.910508	1.903534	9	17	136	1259.777
-2.356194	1.310100	1.488307	150	167	11	1218.230
-0.785398	1.374601	-2.456031	19	5	156	1213.380
-0.523599	1.658653	-2.409879	20	8	159	1203.594
1.570796	1.909857	-0.381669	7	16	137	1196.862
0.785398	1.812176	0.656819	10	159	149	1192.282
2.617994	0.910508	1.903534	6	16	135	1189.035
-0.785398	1.846342	-1.796954	151	0	158	1187.084
2.879793	0.906588	1.252948	20	15	154	1178.101
-1.047198	0.571433	-1.188419	143	154	153	1177.041
0.000000	0.685216	-1.712745	161	161	28	1175.777
-1.047198	2.592629	0.909713	167	1	140	1174.574
-2.356194	2.295480	1.008277	140	167	166	1172.421
0.000000	0.866395	-2.492918	21	23	152	1164.132
-1.832596	1.134796	2.434290	150	162	18	1160.125
-2.094395	1.824694	1.850876	149	0	164	1155.438
-0.261799	1.658653	-2.409879	20	11	160	1148.634
-3.141593	2.138223	1.678323	151	158	21	1144.677
0.261799	0.640596	-2.797608	21	24	146	1143.692
-1.047198	0.866955	-0.931351	149	153	146	1138.721
-1.308997	2.033014	2.977192	153	153	147	1130.306
-2.356194	1.824694	1.850876	151	3	163	1130.016
0.261799	0.203748	0.590255	146	167	5	1120.651
0.000000	1.135813	-2.658866	23	21	151	1120.455
2.617994	1.247695	1.809890	4	13	133	1119.916
-0.523599	2.153910	-1.714959	152	166	151	1117.478
0.261799	1.050534	3.042579	22	19	140	1116.036
-2.094395	2.587733	0.232235	1	161	141	1111.665
-0.785398	0.685216	-1.712745	141	162	154	1108.106
2.879793	0.700570	1.559208	13	20	138	1101.358
0.523599	2.001437	0.381215	9	157	148	1100.877
0.523599	1.050534	3.042579	22	25	141	1097.002
-1.308997	1.741644	-2.695914	13	7	146	1095.667
0.261799	0.899350	-2.069907	162	160	26	1095.485
-1.832596	1.014500	0.906702	148	7	3	1088.674
0.261799	0.866395	-2.492918	18	27	152	1085.511
2.356194	1.168678	2.108595	1	15	134	1084.613
-1.832596	0.700570	1.559208	148	21	5	1081.059
2.617994	0.906588	1.252948	23	13	153	1080.966
-0.261799	1.756530	-2.105156	16	11	164	1077.496
-0.785398	1.741644	-2.695914	18	0	153	1074.471
-2.356194	1.977582	0.969896	142	163	3	1074.009
0.523599	1.218453	2.777284	21	23	135	1070.698
-0.785398	2.164094	-2.991358	20	166	148	1068.550
2.879793	1.247695	1.809890	4	13	133	1067.461
2.094395	1.836682	-0.676006	8	18	139	1066.743
2.879793	1.025536	1.576859	10	15	135	1062.237
0.000000	1.242974	-2.977882	25	18	145	1061.873
1.832596	1.606104	-0.451151	9	17	140	1061.745
1.308997	1.662363	0.915448	15	167	148	1061.482
1.047198	2.984978	1.954446	147	0	163	1060.703
0.523599	1.824694	1.850876	165	145	142	1059.419
0.000000	1.696674	-1.253233	151	6	149	1058.050
-1.570796	1.367556	0.358405	157	143	156	1056.674
-2.094395	2.379497	0.561089	166	163	143	1056.089
-0.261799	1.569311	-3.003978	25	11	146	1052.296
-0.785398	0.418037	1.360082	143	3	1	1050.745
-0.523599	1.448123	-2.163292	17	11	162	1049.489
-1.047198	2.164094	-2.991358	16	3	146	1048.470
0.523599	0.929350	-2.910676	19	27	146	1046.577
-2.879793	1.168678	2.108595	15	9	146	1045.899
1.570796	0.864993	2.278281	14	10	138	1043.970
0.000000	0.619654	-2.216909	17	27	152	1042.197
-1.570796	2.295480	1.008277	160	161	143	1041.952
2.356194	0.864993	2.278281	3	18	135	1041.061
1.308997	1.812176	0.656819	16	167	150	1038.521
-0.523599	1.374601	-2.456031	21	10	156	1038.226
2.617994	1.391910	3.030322	3	30	167	1037.915
-0.261799	1.736875	3.023612	25	11	141	1037.626
-2.094395	2.299159	2.264663	152	7	144	1035.967
2.094395	0.297065	2.160177	149	7	14	1035.730
1.832596	2.104282	-0.813972	7	15	137	1035.613
1.570796	1.488617	1.159546	17	167	148	1034.834
1.570796	1.836682	-0.676006	13	12	142	1034.799
0.785398	0.914445	2.687814	18	23	133	1034.594
-2.356194	1.904882	-1.478089	153	22	18	1033.159
2.094395	1.982574	-1.115518	12	14	144	1033.076
2.879793	2.881233	-2.582574	145	5	163	1030.406
0.000000	0.899350	-2.069907	161	160	26	1030.076
-0.261799	1.135813	-2.658866	24	15	151	1027.979
-2.879793	1.448123	-2.163292	146	165	167	1026.661
-1.832596	2.174483	2.653697	153	155	156	1026.401
-2.094395	1.168678	2.108595	150	165	16	1025.967
-1.308997	1.450119	-2.739050	10	8	143	1025.417
1.308997	1.555207	1.708892	153	159	160	1021.469
2.094395	1.504028	0.636812	151	158	149	1021.350
2.617994	1.504028	0.636812	156	156	149	1019.896
-1.308997	1.374601	-2.456031	144	10	161	1017.406
-1.047198	1.846342	-1.796954	150	2	159	1016.449
-0.523599	0.866955	-0.931351	154	163	27	1015.908
2.356194	1.504028	0.636812	153	159	151	1015.486
-1.308997	1.391910	3.030322	155	4	29	1015.425
1.047198	1.599406	1.426070	20	167	167	1014.402
2.356194	2.356369	3.005869	149	165	153	1013.047
-0.523599	1.870545	-2.976234	26	4	152	1012.804
1.832596	1.909857	-0.381669	8	18	137	1010.750
-3.141593	1.214854	-1.966664	148	159	12	1010.476
2.617994	0.418037	1.360082	149	11	13	1010.163
1.308997	1.599406	1.426070	20	3	166	1010.106
-1.832596	1.506530	1.988858	146	7	149	1009.508
-1.832596	1.488617	1.159546	148	5	2	1009.377
-2.879793	0.418037	1.360082	10	3	140	1007.815
-2.617994	1.448123	-2.163292	149	155	11	1006.874
-2.094395	0.864993	2.278281	151	165	21	1006.846
-0.785398	0.866955	-0.931351	154	164	27	1006.811
-0.785398	1.448123	-2.163292	17	8	160	1004.730
1.832596	1.998705	2.370472	11	21	16	1004.201
1.570796	0.419640	2.974122	147	0	11	1003.280
-0.785398	1.569311	-3.003978	18	6	144	1002.139
-1.308997	0.700570	1.559208	144	7	166	1002.022
-0.261799	1.977582	0.969896	20	156	160	1001.606
-0.523599	0.850607	-1.335383	158	161	28	1000.207
1.570796	1.606104	-0.451151	10	16	140	999.339
-2.879793	2.724429	-0.348782	6	164	144	998.520
-0.785398	2.041297	-2.664597	152	156	158	997.332
-2.356194	1.721184	-0.153948	163	27	12	996.728
1.570796	1.662363	0.915448	18	1	149	992.767
-0.261799	1.128190	-2.288622	21	19	158	991.419
0.000000	2.984978	1.954446	167	165	138	991.158
1.047198	2.138223	1.678323	150	165	152	991.039
-2.617994	1.683268	0.374177	160	167	139	990.950
0.261799	2.407836	1.410646	5	2	138	990.791
2.617994	1.025536	1.576859	11	14	135	989.125
1.308997	1.909857	-0.381669	11	10	140	988.973
1.832596	2.089241	-0.114193	6	18	136	988.498
0.000000	0.929350	-2.910676	24	17	146	987.027
0.785398	2.637879	2.121598	4	166	138	986.913
0.261799	1.242974	-2.977882	23	23	145	986.644
-0.523599	1.569311	-3.003978	21	10	143	986.351
-0.261799	1.450119	-2.739050	24	12	151	985.937
-1.047198	2.063651	-2.044600	150	162	4	983.986
-2.879793	1.310100	1.488307	18	7	156	982.759
-0.261799	2.041297	-2.664597	24	6	159	982.748
1.832596	1.982574	-1.115518	12	13	144	982.130
-1.047198	0.961715	0.014085	150	165	24	980.576
-3.141593	1.168678	2.108595	18	7	148	979.242
0.523599	0.640596	-2.797608	18	29	147	978.841
2.094395	1.194549	-0.801900	13	13	145	976.782
-0.523599	1.736875	3.023612	23	6	140	975.184
-2.094395	0.910508	1.903534	152	167	20	974.347
-3.141593	1.134796	2.434290	14	7	142	973.643
0.785398	0.733948	3.021411	17	26	139	973.640
2.617994	1.846342	-1.796954	151	4	20	973.421
-1.047198	1.050534	3.042579	154	155	21	972.776
-0.785398	0.850607	-1.335383	147	155	147	972.544
-1.570796	0.910508	1.903534	142	8	159	969.602
1.832596	2.760637	2.781135	147	1	160	969.174
-0.523599	0.571433	-1.188419	158	162	28	968.837
0.000000	2.704512	1.488683	1	167	138	968.618
-3.141593	0.685216	-1.712745	153	152	7	968.430
0.000000	1.128190	-2.288622	19	24	157	967.979
-0.261799	0.850607	-1.335383	158	162	28	967.824
1.832596	1.510910	-0.740472	13	13	143	966.930
1.047198	0.914445	2.687814	17	27	136	965.820
2.617994	0.960688	-0.577532	4	14	134	964.751
0.785398	2.863997	0.549740	164	144	140	963.192
2.617994	1.756530	-2.105156	156	153	158	962.850
-2.617994	0.418037	1.360082	151	29	165	962.611
1.308997	1.683268	0.374177	15	4	147	962.055
-0.785398	1.599406	1.426070	151	156	147	961.827
2.356194	2.456751	-1.503343	11	14	143	961.659
-1.570796	1.574060	2.783565	151	158	16	961.053
2.356194	1.247695	1.809890	6	13	134	960.874
-1.308997	2.579248	-2.364801	151	156	147	960.185
-1.047198	2.247462	0.191623	154	33	1	959.896
-1.308997	1.218453	2.777284	153	155	19	959.296
0.261799	0.370812	-2.547742	18	27	147	958.786
1.047198	1.014500	0.906702	19	162	4	958.070
-1.570796	2.041297	-2.664597	146	163	159	957.975
0.261799	1.218453	2.777284	21	17	134	957.952
-0.785398	0.615174	-0.666022	154	166	27	957.543
2.617994	1.367556	0.358405	151	18	135	957.353
-0.523599	2.396274	-1.959260	155	151	163	957.286
1.047198	1.824694	1.850876	18	7	164	957.267
-1.308997	2.251330	-2.330739	148	158	166	957.255
2.617994	1.134796	2.434290	167	19	133	957.048
-0.523599	1.869911	2.701025	22	10	133	956.842
-0.261799	1.766067	2.153843	160	152	142	956.745
-3.141593	1.875281	0.107086	156	7	136	956.150
2.879793	2.063651	-2.044600	148	9	3	955.491
-1.308997	1.214854	-1.966664	18	12	154	954.117
-2.094395	1.736875	3.023612	9	5	145	953.457
-2.617994	1.310100	1.488307	149	2	10	952.888
2.094395	2.456751	-1.503343	18	22	150	952.650
1.832596	1.869911	2.701025	0	162	138	951.890
-2.617994	1.875281	0.107086	163	166	137	950.592
-0.523599	1.809167	1.213774	157	146	6	950.564
-2.879793	1.875281	0.107086	159	5	136	950.437
-3.141593	1.824694	1.850876	150	159	18	950.266
0.785398	2.724429	-0.348782	3	9	132	949.983
2.094395	2.089241	-0.114193	6	19	136	949.718
0.785398	2.001437	0.381215	7	0	142	948.949
-1.570796	1.766067	2.153843	148	164	162	948.860
1.308997	2.984978	1.954446	148	162	153	948.498
2.617994	0.864993	2.278281	2	4	140	948.286
-2.879793	0.685216	-1.712745	158	148	5	948.060
-3.141593	2.979456	-1.009304	5	162	142	947.256
-2.094395	1.904882	-1.478089	151	18	16	947.059
0.523599	0.203748	0.590255	147	157	156	947.046
-1.047198	1.870545	-2.976234	16	3	145	946.681
1.047198	0.864993	2.278281	23	19	137	946.663
-0.261799	1.741644	-2.695914	24	10	154	946.540
-1.047198	1.025536	1.576859	142	164	160	946.162
-0.261799	1.374601	-2.456031	22	15	156	945.320
-2.879793	1.658653	-2.409879	142	160	14	945.056
1.570796	1.766067	2.153843	21	6	158	945.046
1.047198	2.478122	2.609777	10	167	140	944.376
-0.261799	1.574060	2.783565	150	149	5	944.263
0.523599	1.721184	-0.153948	14	14	135	943.773
-0.261799	0.571433	-1.188419	158	164	28	943.531
2.617994	0.700570	1.559208	150	9	15	943.486
-0.523599	2.041297	-2.664597	21	1	157	943.461
0.523599	1.812176	0.656819	12	156	149	943.201
-1.832596	2.295480	1.008277	163	161	141	942.899
-0.523599	1.741644	-2.695914	21	5	153	942.629
1.308997	2.299159	2.264663	152	159	164	942.334
-3.141593	2.719179	-1.780644	152	20	19	941.693
-2.617994	1.736875	3.023612	23	14	147	941.619
-1.308997	2.356369	3.005869	152	11	34	940.812
-2.356194	2.587733	0.232235	3	164	142	940.589
1.832596	1.367556	0.358405	23	6	6	940.478
0.785398	1.218453	2.777284	14	27	134	940.406
-2.094395	2.478122	2.609777	160	33	27	939.455
2.879793	1.325504	-1.671296	150	166	18	939.437
2.094395	2.719179	-1.780644	150	13	2	938.615
1.047198	2.299159	2.264663	10	8	138	938.342
-2.617994	2.299159	2.264663	0	155	137	938.247
-2.879793	0.419640	2.974122	142	10	10	938.129
-0.523599	1.846342	-1.796954	152	161	2	936.701
-2.879793	1.998705	2.370472	161	7	129	936.279
-1.570796	2.724429	-0.348782	12	3	135	936.105
0.261799	1.135813	-2.658866	20	25	151	936.098
-1.570796	1.554776	0.100351	157	144	152	935.804
-0.785398	2.396274	-1.959260	150	6	147	935.533
-2.617994	2.724429	-0.348782	2	163	139	934.955
0.523599	1.194549	-0.801900	10	19	119	934.842
-1.308997	1.128190	-2.288622	7	20	134	934.814
2.094395	2.760637	2.781135	147	167	154	934.432
1.308997	2.579248	-2.364801	13	24	132	934.228
-1.832596	0.831641	0.616218	150	7	7	933.802
2.094395	1.846342	-1.796954	21	7	5	933.284
-0.785398	1.554776	0.100351	3	16	136	932.839
-0.785398	2.001437	0.381215	154	34	1	932.204
-0.261799	2.984978	1.954446	0	21	129	932.148
-0.523599	0.418037	1.360082	143	166	2	932.030
-3.141593	0.992645	-1.723759	153	153	9	931.917
0.261799	1.194549	-0.801900	10	17	119	931.794
-1.570796	1.134796	2.434290	149	161	18	931.615
-1.570796	0.929350	-2.910676	1	14	136	930.781
1.047198	2.760637	2.781135	10	4	143	930.465
-1.832596	1.872854	1.543456	161	151	141	930.357
1.570796	2.724429	-0.348782	163	160	141	928.542
-0.785398	1.756530	-2.105156	16	18	158	928.281
0.261799	2.108018	1.311430	1	3	134	928.158
-1.832596	1.256302	0.062705	149	149	154	926.817
-2.879793	1.756530	-2.105156	147	163	20	926.701
2.356194	2.863997	0.549740	18	152	18	925.759
-2.356194	2.592629	0.909713	139	164	159	925.587
1.570796	1.599406	1.426070	144	12	9	925.557
-1.570796	1.599406	1.426070	146	167	3	924.786
0.523599	2.760637	2.781135	4	19	128	924.537
-0.261799	0.619654	-2.216909	20	24	151	924.514
-1.047198	0.615174	-0.666022	150	167	167	924.446
-0.785398	2.063651	-2.044600	149	4	153	924.362
-1.570796	1.741644	-2.695914	16	6	147	924.185
-1.570796	0.700570	1.559208	145	14	6	924.057
0.000000	1.391910	3.030322	24	16	139	923.739
-1.047198	2.089241	-0.114193	158	27	32	923.341
-0.261799	1.824694	1.850876	156	154	143	923.237
1.308997	1.824694	1.850876	19	3	160	922.720
-0.523599	1.450119	-2.739050	20	11	149	921.878
2.617994	0.080730	-2.622036	155	20	14	921.118
1.308997	0.419640	2.974122	21	24	166	921.003
-0.523599	1.699788	2.452890	19	11	127	920.466
-2.094395	1.732874	-0.951685	155	22	18	919.717
0.785398	1.367556	0.358405	6	0	145	919.498
1.047198	2.393226	1.857173	10	8	139	919.243
-2.094395	2.456751	-1.503343	161	152	142	919.215
1.047198	1.510910	-0.740472	154	2	137	918.904
-1.308997	2.343981	-1.040456	27	21	132	918.883
-0.785398	2.180315	-1.357379	165	144	20	918.437
2.094395	1.014500	0.906702	18	6	129	917.377
0.000000	2.295480	1.008277	167	4	136	917.231
0.261799	2.637879	2.121598	2	14	129	917.092
2.356194	0.297065	2.160177	148	0	10	917.086
-0.785398	2.592629	0.909713	166	166	139	916.834
1.308997	0.914445	2.687814	8	28	133	916.676
-3.141593	2.396274	-1.959260	21	166	139	916.650
-1.047198	0.914445	2.687814	159	0	33	916.483
-1.832596	1.335669	0.897240	147	4	4	916.482
-0.261799	0.685216	-1.712745	160	161	28	916.088
-1.047198	1.756530	-2.105156	147	6	156	915.872
-0.785398	0.914445	2.687814	161	165	32	915.732
-1.832596	2.343981	-1.040456	147	8	26	914.309
1.308997	1.310100	1.488307	153	159	159	914.012
1.832596	2.664082	-1.071402	11	15	135	913.798
-0.523599	2.979456	-1.009304	163	13	131	913.174
-0.523599	1.135834	-1.431087	151	155	142	912.044
1.570796	1.417623	-0.202254	13	2	149	911.431
2.094395	2.349581	-2.702517	151	160	156	911.313
1.308997	2.455966	-0.641220	6	10	135	911.185
-1.570796	0.591903	2.010408	143	6	166	911.060
-1.047198	1.569311	-3.003978	13	0	144	910.877
0.523599	1.766067	2.153843	1	149	140	910.759
-1.832596	1.045978	0.343692	149	2	11	910.601
2.094395	0.700570	1.559208	21	21	135	910.446
-0.261799	2.724429	-0.348782	6	24	12	910.343
-1.570796	2.343981	-1.040456	26	14	132	910.324
1.308997	1.367556	0.358405	18	9	157	910.319
-2.879793	2.138223	1.678323	153	155	20	909.966
-2.879793	2.456751	-1.503343	18	165	135	908.983
-2.356194	2.379497	0.561089	161	31	135	908.609
-1.308997	2.104282	-0.813972	24	14	128	908.348
-0.261799	0.866395	-2.492918	24	19	151	908.266
-3.141593	1.545873	-1.877082	149	164	15	907.381
-1.047198	1.504028	0.636812	147	162	151	907.068
-1.570796	1.555207	1.708892	146	166	1	906.397
-1.047198	1.417623	-0.202254	144	166	165	905.211
-0.261799	1.909857	-0.381669	22	1	138	903.835
1.308997	2.379497	0.561089	9	150	144	903.742
1.047198	2.295480	1.008277	167	26	20	903.724
-1.047198	1.194549	-0.801900	148	2	6	903.652
-1.047198	1.824694	1.850876	149	156	162	903.576
2.094395	1.869911	2.701025	155	167	143	903.537
0.000000	0.203748	0.590255	145	4	6	903.452
-0.523599	2.063651	-2.044600	153	156	8	903.090
0.785398	2.396274	-1.959260	24	13	9	902.931
0.000000	1.982574	-1.115518	158	163	143	902.760
-1.570796	1.128190	-2.288622	9	19	133	902.740
-1.570796	1.736875	3.023612	5	166	139	902.601
0.261799	2.588535	-2.976617	135	156	3	902.400
-1.308997	2.164094	-2.991358	150	162	163	902.398
-0.261799	1.872854	1.543456	156	153	144	902.177
2.617994	1.195355	1.200319	18	6	134	902.034
0.261799	1.812176	0.656819	3	1	142	901.972
-0.785398	1.836682	-0.676006	155	0	35	901.913
-2.356194	1.732874	-0.951685	161	26	15	901.852
-2.879793	1.766067	2.153843	152	6	124	900.641
-0.261799	2.704512	1.488683	1	166	139	900.157
0.785398	1.683268	0.374177	10	2	145	900.085
-1.047198	0.709924	0.218797	152	165	25	899.888
-1.308997	1.617114	-1.572037	152	10	15	899.517
-0.785398	1.194549	-0.801900	147	12	162	899.224
-0.785398	0.831641	0.616218	146	166	22	899.220
-3.141593	1.194549	-0.801900	6	14	136	899.029
1.047198	2.089241	-0.114193	14	5	142	898.623
-2.094395	1.335669	0.897240	149	165	158	897.982
-3.141593	0.906588	1.252948	19	18	154	897.945
-0.785398	1.135834	-1.431087	155	159	26	897.290
0.785398	1.195355	1.200319	19	160	3	897.184
-1.832596	1.869911	2.701025	149	167	141	896.963
0.523599	0.290380	-0.796960	165	156	143	896.846
-0.261799	1.545873	-1.877082	150	164	136	896.703
1.047198	1.555207	1.708892	151	161	160	896.687
0.785398	2.478122	2.609777	9	19	131	896.473
1.832596	0.906588	1.252948	17	11	125	896.274
-0.261799	1.554776	0.100351	29	16	138	896.044
-1.832596	2.299159	2.264663	146	12	5	895.902
-1.308997	1.135813	-2.658866	7	10	139	895.452
-0.261799	0.899350	-2.069907	19	24	157	894.910
-0.785398	1.658653	-2.409879	18	5	157	894.612
-0.523599	2.164094	-2.991358	24	2	151	894.085
1.047198	1.875281	0.107086	23	6	151	894.046
-3.141593	2.407836	1.410646	153	155	23	893.861
-1.047198	1.256302	0.062705	151	156	1	893.715
2.094395	1.391910	3.030322	153	31	138	893.644
2.094395	1.168678	2.108595	5	15	133	893.103
-0.785398	1.721184	-0.153948	144	160	159	892.831
-1.308997	0.961715	0.014085	150	167	24	892.301
2.094395	2.174483	2.653697	153	165	145	892.068
2.356194	2.664082	-1.071402	13	15	142	892.021
-1.832596	1.870545	-2.976234	144	165	156	892.016
-1.047198	1.391910	3.030322	152	157	18	891.987
-2.356194	1.050534	3.042579	22	21	137	891.917
-0.523599	0.992645	-1.723759	158	157	26	891.870
-2.356194	1.606104	-0.451151	163	27	15	891.525
-0.523599	1.574060	2.783565	21	7	133	890.241
1.570796	1.998705	2.370472	12	20	16	890.159
-0.523599	1.824694	1.850876	18	15	124	889.767
1.570796	1.555207	1.708892	155	157	158	889.672
-0.523599	1.433411	-1.035986	153	153	2	889.568
2.617994	1.506530	1.988858	148	163	14	889.154
1.832596	1.766067	2.153843	8	14	130	888.718
-1.047198	0.418037	1.360082	142	150	144	888.706
-2.617994	0.929350	-2.910676	19	19	132	888.654
1.308997	1.194549	-0.801900	158	163	139	888.336
-2.879793	0.899350	-2.069907	151	153	164	888.331
-2.617994	1.025536	1.576859	9	9	142	888.062
2.879793	0.864993	2.278281	7	4	141	887.990
-2.094395	2.180315	-1.357379	23	12	128	887.989
1.308997	2.115563	0.685730	10	150	145	887.867
-2.356194	2.089241	-0.114193	155	31	141	887.808
-2.879793	0.203748	0.590255	149	11	8	887.414
1.047198	2.115563	0.685730	159	5	30	886.876
-2.094395	2.881233	-2.582574	153	17	134	885.969
1.570796	2.881233	-2.582574	5	3	137	885.915
2.356194	1.433411	-1.035986	19	9	4	885.756
-1.047198	2.455966	-0.641220	29	18	136	885.694
-1.570796	2.760637	2.781135	159	154	145	885.108
-0.261799	1.696674	-1.253233	155	161	150	885.105
-1.308997	1.045978	0.343692	146	4	2	885.027
2.356194	2.760637	2.781135	31	7	9	884.931
-2.879793	1.872854	1.543456	167	5	120	884.732
0.261799	1.721184	-0.153948	166	141	6	884.506
-1.308997	1.824694	1.850876	148	159	163	884.237
-3.141593	1.335669	0.897240	165	24	13	884.214
-2.094395	1.696674	-1.253233	154	21	21	884.137
-1.308997	1.606104	-0.451151	152	149	161	883.920
-2.617994	0.674054	1.013609	20	23	163	882.983
-1.832596	2.180315	-1.357379	24	17	128	882.802
-3.141593	0.700570	1.559208	10	26	136	882.645
-2.617994	1.904882	-1.478089	157	26	19	882.413
-1.832596	1.599406	1.426070	147	5	1	882.223
1.308997	0.910508	1.903534	16	17	128	881.786
-1.832596	0.591903	2.010408	148	166	21	881.574
-1.570796	2.174483	2.653697	10	165	134	881.265
-2.356194	2.001437	0.381215	165	156	146	880.869
-1.047198	2.349581	-2.702517	156	146	1	880.773
-1.308997	2.108018	1.311430	156	159	143	880.603
0.000000	2.115563	0.685730	155	164	136	879.950
-2.617994	1.998705	2.370472	161	26	21	879.612
-0.261799	0.700570	1.559208	156	147	135	879.460
0.785398	1.554776	0.100351	3	167	143	879.375
2.094395	0.290380	-0.796960	150	152	163	879.348
0.000000	0.906588	1.252948	150	151	161	879.039
-1.832596	0.864993	2.278281	148	163	19	878.938
2.617994	1.184361	0.625864	157	156	148	878.292
-1.308997	1.256302	0.062705	145	1	167	878.175
-1.047198	2.760637	2.781135	140	7	157	877.777
-0.523599	0.899350	-2.069907	139	6	139	877.600
-2.617994	1.574060	2.783565	23	14	148	877.162
-1.308997	2.393226	1.857173	22	6	132	876.981
-0.523599	1.904882	-1.478089	153	165	150	876.933
0.000000	2.592629	0.909713	146	8	160	876.903
1.308997	1.872854	1.543456	156	23	119	876.720
-1.570796	1.413430	2.550734	150	160	16	876.651
-0.261799	2.760637	2.781135	137	155	7	876.544
-2.617994	1.696674	-1.253233	159	25	19	876.476
-3.141593	2.393226	1.857173	164	156	134	876.458
0.785398	2.592629	0.909713	31	21	26	876.211
0.523599	0.914445	2.687814	24	21	135	876.179
-2.617994	1.982574	-1.115518	159	27	13	875.703
-1.308997	1.870545	-2.976234	11	167	145	875.151
-2.879793	1.909857	-0.381669	166	31	30	875.045
-0.261799	2.299159	2.264663	24	16	137	874.932
-1.047198	2.187132	-0.479875	27	13	133	874.455
1.047198	1.413430	2.550734	6	29	129	874.427
-2.094395	2.073035	2.027405	151	6	143	874.370
-1.308997	0.618092	2.539118	2	157	26	874.214
-1.308997	1.766067	2.153843	149	159	160	874.097
-1.047198	2.174483	2.653697	152	158	147	874.086
-2.879793	1.824694	1.850876	159	24	21	873.982
0.261799	1.606104	-0.451151	145	8	37	873.976
-1.570796	2.104282	-0.813972	156	148	149	873.737
-0.523599	1.909857	-0.381669	152	152	152	873.581
-1.832596	1.195355	1.200319	152	164	149	873.541
1.047198	1.812176	0.656819	12	164	147	873.063
0.785398	1.599406	1.426070	153	161	143	872.735
0.523599	1.413430	2.550734	14	23	129	872.563
2.879793	1.554776	0.100351	153	12	133	872.414
2.879793	2.592629	0.909713	6	20	129	872.147
-2.356194	1.696674	-1.253233	157	23	19	871.945
1.570796	1.113094	-0.272241	164	164	34	871.876
2.356194	1.448123	-2.163292	15	21	21	871.734
-2.094395	1.555207	1.708892	148	3	167	871.365
-1.047198	1.599406	1.426070	149	159	147	871.020
-0.261799	2.579248	-2.364801	25	161	21	870.982
0.000000	0.914445	2.687814	11	159	142	870.959
-1.308997	1.683268	0.374177	149	162	152	870.905
2.094395	1.909857	-0.381669	7	19	138	870.817
-2.094395	2.089241	-0.114193	153	30	140	870.702
-1.832596	1.555207	1.708892	147	4	165	870.688
-1.308997	1.599406	1.426070	146	162	2	870.622
-2.356194	1.555207	1.708892	0	12	117	870.602
1.308997	2.881233	-2.582574	166	7	132	870.453
-1.832596	1.696674	-1.253233	152	18	20	870.232
0.523599	0.418037	1.360082	161	147	149	870.066
-1.308997	2.041297	-2.664597	147	159	159	870.044
0.523599	2.863997	0.549740	5	23	18	869.799
-2.879793	1.050534	3.042579	21	12	137	869.656
0.785398	1.510910	-0.740472	156	2	138	869.526
1.047198	0.910508	1.903534	21	12	133	869.413
-1.832596	2.379497	0.561089	164	158	141	869.271
-2.879793	1.732874	-0.951685	11	7	141	869.248
-1.832596	0.866955	-0.931351	1	4	127	869.231
2.617994	2.180315	-1.357379	15	161	149	869.078
-1.570796	1.870545	-2.976234	144	161	156	869.021
1.832596	0.961715	0.014085	163	21	133	868.967
0.000000	1.113094	-0.272241	21	16	126	868.810
-1.832596	1.413430	2.550734	144	0	162	868.303
-1.832596	2.138223	1.678323	158	159	143	868.064
1.570796	2.407836	1.410646	0	27	31	868.013
2.879793	1.510910	-0.740472	2	13	129	867.473
2.879793	0.910508	1.903534	4	17	132	867.443
-0.523599	1.506530	1.988858	167	18	125	867.078
2.094395	2.396274	-1.959260	15	14	149	866.934
-1.047198	1.450119	-2.739050	14	2	148	866.718
-1.832596	2.664082	-1.071402	153	24	135	866.672
-3.141593	1.510910	-0.740472	5	11	137	866.572
0.261799	1.413430	2.550734	18	19	129	866.487
2.094395	2.104282	-0.813972	18	8	150	866.297
-1.047198	0.700570	1.559208	142	3	164	866.282
-1.570796	1.247695	1.809890	21	5	161	866.093
-1.570796	1.218453	2.777284	145	159	164	866.038
0.261799	2.063651	-2.044600	22	7	26	865.916
0.785398	2.089241	-0.114193	13	6	141	865.725
-0.523599	1.683268	0.374177	11	19	138	865.606
2.094395	0.618092	2.539118	148	166	15	865.086
-0.785398	1.440580	2.260026	2	11	128	865.058
1.832596	1.599406	1.426070	20	11	1	864.987
1.832596	2.979456	-1.009304	7	14	131	864.949
-2.617994	1.948085	-2.363031	142	159	10	864.510
0.523599	1.574060	2.783565	15	29	133	864.330
-2.356194	1.440580	2.260026	12	14	147	864.232
2.356194	1.134796	2.434290	0	18	133	864.028
0.000000	1.574060	2.783565	21	17	134	863.644
1.570796	2.104282	-0.813972	11	11	140	863.423
-2.617994	0.700570	1.559208	7	161	142	863.387
-0.523599	2.073035	2.027405	23	15	131	863.362
2.356194	1.135813	-2.658866	144	23	24	863.151
2.617994	1.510910	-0.740472	1	13	129	862.909
0.523599	1.134796	2.434290	20	19	130	862.868
2.356194	2.719179	-1.780644	11	15	143	862.427
-1.047198	2.001437	0.381215	160	36	1	862.293
1.832596	1.184361	0.625864	22	3	1	862.186
-1.570796	1.869911	2.701025	152	160	14	861.659
-1.047198	1.812176	0.656819	148	163	147	861.520
2.094395	0.591903	2.010408	151	10	15	861.508
1.047198	1.113094	-0.272241	147	160	30	861.237
-0.785398	1.050534	3.042579	158	152	21	860.771
0.785398	0.709924	0.218797	166	32	12	860.746
2.094395	1.335669	0.897240	151	164	149	859.971
-0.785398	0.458961	-0.107937	154	166	27	859.901
-2.356194	1.870545	-2.976234	23	17	145	859.589
1.570796	1.335669	0.897240	21	2	157	859.573
2.617994	2.063651	-2.044600	14	163	135	859.444
1.047198	1.683268	0.374177	21	5	155	859.386
-0.523599	0.615174	-0.666022	154	165	27	859.268
-2.617994	2.001437	0.381215	160	167	141	859.209
-2.617994	2.456751	-1.503343	23	3	134	859.172
1.832596	2.180315	-1.357379	13	13	142	859.009
2.617994	2.187132	-0.479875	0	21	135	858.883
1.308997	0.864993	2.278281	17	26	131	858.861
-2.617994	1.506530	1.988858	19	11	155	858.758
-2.879793	1.218453	2.777284	21	10	142	858.484
-1.832596	1.904882	-1.478089	149	15	16	858.424
-1.308997	1.025536	1.576859	141	3	162	858.285
-1.570796	1.440580	2.260026	163	5	125	858.248
-0.523599	0.618092	2.539118	164	165	34	858.218
1.570796	1.812176	0.656819	19	2	151	857.897
-0.261799	1.448123	-2.163292	138	33	136	857.843
2.094395	0.914445	2.687814	167	5	136	857.828
0.261799	0.992645	-1.723759	162	160	28	857.677
0.523599	2.393226	1.857173	8	7	139	857.483
-0.261799	1.134497	-1.109631	156	153	1	857.476
-2.356194	1.195355	1.200319	149	167	10	857.189
-1.308997	2.979456	-1.009304	145	154	163	857.121
1.570796	0.906588	1.252948	16	8	125	856.981
-1.047198	1.367556	0.358405	143	166	163	856.625
-2.356194	1.741644	-2.695914	140	1	161	856.403
-1.570796	1.113094	-0.272241	152	147	150	856.236
-0.785398	1.875281	0.107086	150	33	6	856.231
-0.523599	1.128190	-2.288622	167	166	37	856.198
-1.570796	2.138223	1.678323	16	6	125	855.926
-1.308997	0.864993	2.278281	156	3	32	855.924
-0.261799	2.115563	0.685730	9	18	139	855.841
2.094395	2.587733	0.232235	17	153	19	855.587
-0.785398	1.450119	-2.739050	18	7	148	855.483
1.047198	0.733948	3.021411	8	31	134	855.358
1.308997	1.218453	2.777284	167	26	133	855.275
-3.141593	1.247695	1.809890	9	19	136	855.157
2.617994	1.617114	-1.572037	152	2	19	854.937
-2.356194	1.617114	-1.572037	155	21	17	854.935
-2.617994	1.824694	1.850876	162	5	120	854.909
-1.047198	1.741644	-2.695914	13	3	149	854.894
1.570796	1.256302	0.062705	12	5	144	854.593
2.356194	2.984978	1.954446	166	17	129	854.527
-2.356194	0.496451	0.593859	148	146	17	854.381
-1.832596	2.863997	0.549740	0	163	141	854.314
-0.523599	1.214854	-1.966664	1	18	47	854.278
-1.832596	0.496451	0.593859	156	153	26	854.159
0.000000	0.290380	-0.796960	156	166	28	854.128
1.308997	2.187132	-0.479875	6	15	135	853.876
-0.523599	1.872854	1.543456	155	155	143	853.601
2.617994	2.592629	0.909713	16	152	12	853.468
-2.617994	1.870545	-2.976234	23	12	145	853.254
-1.570796	2.637879	2.121598	155	161	147	853.167
1.308997	0.496451	0.593859	160	147	155	852.753
-1.570796	2.579248	-2.364801	149	159	146	852.504
1.047198	2.187132	-0.479875	9	9	137	852.455
-0.523599	2.664082	-1.071402	162	141	144	852.280
-1.570796	0.709924	0.218797	149	0	2	852.260
0.261799	2.295480	1.008277	167	4	134	852.116
-0.523599	2.356369	3.005869	157	157	143	852.114
0.523599	2.063651	-2.044600	22	11	26	852.047
0.785398	2.379497	0.561089	26	28	20	851.873
-1.308997	0.831641	0.616218	145	167	165	851.551
-1.832596	2.587733	0.232235	165	25	131	851.500
0.000000	1.699788	2.452890	17	19	128	851.444
2.879793	2.407836	1.410646	1	155	134	851.421
-1.047198	1.872854	1.543456	149	163	144	851.095
2.617994	2.664082	-1.071402	10	13	141	850.568
-1.308997	1.869911	2.701025	149	157	154	850.321
-2.879793	2.089241	-0.114193	162	3	136	850.176
0.785398	0.700570	1.559208	158	42	8	850.076
-0.785398	0.762244	-0.273349	153	164	27	849.952
-0.261799	1.870545	-2.976234	28	10	152	849.875
0.523599	2.724429	-0.348782	1	9	132	849.842
-0.523599	1.417623	-0.202254	151	149	12	849.587
-1.047198	2.588535	-2.976617	156	154	146	849.525
-2.356194	2.115563	0.685730	142	158	159	849.360
1.047198	1.374601	-2.456031	147	5	0	849.258
2.617994	1.809167	1.213774	18	9	146	849.151
0.785398	1.977582	0.969896	6	1	138	848.937
2.094395	1.195355	1.200319	13	10	125	848.638
2.879793	2.349581	-2.702517	148	162	162	848.412
0.261799	2.863997	0.549740	33	14	2	848.177
2.094395	1.510910	-0.740472	13	15	144	848.115
0.261799	1.696674	-1.253233	149	4	149	848.089
-0.523599	1.545873	-1.877082	145	36	131	847.812
-2.356194	0.906588	1.252948	151	164	9	847.800
1.832596	2.174483	2.653697	13	18	16	847.702
-1.047198	0.379747	-1.713059	137	165	158	847.508
-2.617994	2.247462	0.191623	162	166	140	847.338
-1.308997	1.875281	0.107086	21	139	145	847.133
-1.047198	1.809167	1.213774	147	164	146	846.959
0.785398	2.073035	2.027405	11	5	139	846.850
1.832596	0.910508	1.903534	14	24	129	846.764
-2.094395	2.343981	-1.040456	21	3	131	846.702
-0.785398	1.617114	-1.572037	150	3	159	846.604
0.261799	2.396274	-1.959260	23	0	26	846.470
-2.094395	1.045978	0.343692	150	4	14	846.393
-2.879793	1.982574	-1.115518	163	28	14	846.112
-1.832596	2.455966	-0.641220	9	5	130	845.941
2.094395	2.478122	2.609777	157	162	139	845.665
2.879793	0.685216	-1.712745	149	157	5	845.573
1.047198	1.184361	0.625864	161	137	157	845.548
-0.785398	1.870545	-2.976234	18	2	145	845.436
0.523599	2.108018	1.311430	3	4	134	845.286
2.356194	2.724429	-0.348782	8	15	133	845.002
-1.308997	1.545873	-1.877082	8	165	132	844.697
-1.570796	2.033014	2.977192	7	167	139	844.667
-1.570796	2.247462	0.191623	165	18	136	844.516
0.523599	2.115563	0.685730	30	24	22	844.309
-0.523599	2.299159	2.264663	25	12	137	843.651
0.785398	2.393226	1.857173	9	7	139	843.477
-1.832596	2.033014	2.977192	13	7	147	843.107
2.879793	1.134796	2.434290	17	5	145	842.950
1.570796	2.187132	-0.479875	6	16	136	842.832
-0.261799	0.992645	-1.723759	161	158	28	842.670
-1.570796	0.831641	0.616218	147	8	153	842.606
1.832596	0.290380	-0.796960	148	2	5	842.482
0.000000	1.134497	-1.109631	6	21	27	842.459
-2.617994	1.413430	2.550734	23	13	148	842.378
1.047198	1.194549	-0.801900	159	164	139	842.158
2.356194	2.063651	-2.044600	19	7	4	841.844
1.832596	1.683268	0.374177	21	11	155	841.586
-2.617994	1.721184	-0.153948	167	28	12	841.417
2.356194	0.290380	-0.796960	156	150	150	841.235
1.832596	1.872854	1.543456	158	158	130	840.370
2.879793	1.168678	2.108595	16	4	150	840.245
-3.141593	2.073035	2.027405	166	11	128	840.125
1.832596	1.488617	1.159546	19	155	153	840.079
2.356194	1.025536	1.576859	13	13	135	839.877
1.308997	2.704512	1.488683	30	12	15	839.876
0.000000	2.407836	1.410646	7	35	129	839.707
0.261799	1.391910	3.030322	22	21	139	839.553
2.879793	1.555207	1.708892	6	11	135	839.530
0.000000	1.606104	-0.451151	165	143	8	839.246
-1.047198	2.104282	-0.813972	155	164	31	839.179
-1.308997	1.836682	-0.676006	155	146	153	838.781
1.832596	2.393226	1.857173	0	22	33	838.651
-2.617994	0.899350	-2.069907	156	147	13	838.523
-3.141593	1.683268	0.374177	154	9	138	838.217
-1.308997	1.574060	2.783565	153	157	17	838.175
-0.785398	1.504028	0.636812	144	161	156	838.080
-2.617994	2.404280	-0.174044	1	161	142	837.833
2.879793	2.979456	-1.009304	11	15	141	837.819
2.356194	1.194549	-0.801900	21	10	25	837.646
-2.094395	0.080730	-2.622036	158	150	146	837.542
1.047198	2.073035	2.027405	19	1	159	837.494
0.523599	1.977582	0.969896	6	2	140	837.113
0.785398	1.256302	0.062705	24	20	149	836.921
2.617994	2.041297	-2.664597	156	152	157	836.814
-1.047198	1.113094	-0.272241	148	1	10	836.733
-2.617994	1.569311	-3.003978	23	13	140	836.224
-1.308997	2.592629	0.909713	165	19	130	836.196
-2.356194	0.297065	2.160177	144	18	6	836.126
0.523599	0.733948	3.021411	21	22	138	836.031
-0.523599	1.617114	-1.572037	152	157	3	835.992
-2.617994	1.545873	-1.877082	158	148	16	835.662
1.832596	1.977582	0.969896	16	165	145	835.554
-0.523599	1.836682	-0.676006	17	167	133	835.409
-1.047198	2.637879	2.121598	32	0	150	835.019
0.785398	2.881233	-2.582574	8	10	134	834.859
-0.785398	1.824694	1.850876	18	9	125	834.813
-1.832596	1.732874	-0.951685	3	19	46	834.638
-2.094395	1.134796	2.434290	150	163	18	834.620
1.570796	1.168678	2.108595	9	6	134	834.560
0.000000	0.674054	1.013609	15	18	142	834.380
1.308997	0.618092	2.539118	13	24	133	834.331
-1.570796	2.592629	0.909713	167	160	140	834.126
-1.308997	2.187132	-0.479875	156	148	149	834.106
2.356194	1.242974	-2.977882	145	27	17	834.101
-1.570796	1.184361	0.625864	145	7	163	833.649
-2.094395	1.812176	0.656819	163	157	145	833.624
2.356194	1.766067	2.153843	13	159	141	833.551
-0.785398	0.960688	-0.577532	155	153	4	833.373
2.879793	1.391910	3.030322	166	33	166	833.324
-2.094395	1.982574	-1.115518	152	21	15	833.134
0.523599	0.458961	-0.107937	139	147	156	833.041
0.000000	2.579248	-2.364801	28	166	21	832.951
0.785398	1.413430	2.550734	10	27	129	832.724
2.356194	1.554776	0.100351	2	149	22	832.423
-1.308997	1.904882	-1.478089	145	163	9	832.338
0.785398	2.760637	2.781135	4	20	128	832.256
-0.261799	1.214854	-1.966664	139	27	131	832.245
-2.617994	1.391910	3.030322	23	15	142	832.198
2.094395	1.809167	1.213774	148	160	10	832.168
-1.570796	2.393226	1.857173	19	2	131	832.038
-0.523599	1.195355	1.200319	148	166	134	831.922
1.832596	0.914445	2.687814	165	26	132	831.799
0.785398	2.299159	2.264663	9	8	137	831.744
-0.523599	0.685216	-1.712745	142	157	154	831.320
1.047198	1.504028	0.636812	6	4	138	831.189
-2.617994	0.914445	2.687814	23	15	140	831.125
-1.047198	1.875281	0.107086	156	36	6	830.803
0.785398	1.194549	-0.801900	10	21	119	830.698
0.523599	1.872854	1.543456	152	1	139	830.685
-1.047198	2.033014	2.977192	19	163	142	830.412
-0.785398	2.379497	0.561089	155	32	1	830.288
1.832596	2.719179	-1.780644	14	23	136	830.098
-1.047198	1.683268	0.374177	144	164	154	829.965
-1.308997	2.174483	2.653697	156	153	146	829.935
0.000000	1.909857	-0.381669	145	11	38	829.870
0.523599	1.554776	0.100351	137	154	148	829.687
-0.261799	2.001437	0.381215	152	164	140	829.557
0.785398	2.115563	0.685730	25	29	22	829.499
1.308997	2.073035	2.027405	154	153	9	829.397
0.523599	1.683268	0.374177	6	1	144	829.292
-1.570796	1.256302	0.062705	154	146	153	829.243
-2.094395	1.599406	1.426070	150	160	10	829.042
2.356194	1.948085	-2.363031	19	166	141	828.854
0.000000	2.174483	2.653697	6	7	34	828.748
-1.832596	1.184361	0.625864	149	15	154	828.572
-1.308997	0.850607	-1.335383	143	165	145	828.524
2.617994	1.050534	3.042579	5	31	7	828.155
-1.570796	0.496451	0.593859	155	153	1	827.889
0.523599	1.809167	1.213774	21	10	166	827.782
1.047198	0.496451	0.593859	157	142	5	827.403
2.356194	1.870545	-2.976234	157	154	152	827.368
1.308997	2.089241	-0.114193	8	4	138	827.333
-2.094395	2.407836	1.410646	16	2	129	827.329
-2.094395	2.138223	1.678323	145	4	7	826.902
0.785398	0.910508	1.903534	150	31	16	826.844
-1.308997	2.478122	2.609777	141	9	164	826.790
-1.308997	1.736875	3.023612	151	158	14	826.629
2.094395	2.863997	0.549740	4	11	130	826.469
-2.094395	1.574060	2.783565	154	135	161	826.179
-0.785398	0.370812	-2.547742	3	23	12	826.129
2.879793	2.138223	1.678323	148	7	24	825.978
-2.617994	1.766067	2.153843	164	28	19	825.423
-0.261799	1.391910	3.030322	23	11	138	825.052
-2.094395	2.174483	2.653697	165	6	40	824.851
-0.785398	1.433411	-1.035986	151	155	2	824.582
-0.261799	2.979456	-1.009304	2	146	138	824.567
-0.785398	2.033014	2.977192	22	2	140	823.946
-2.879793	2.704512	1.488683	22	153	11	823.722
-0.785398	1.510910	-0.740472	150	155	2	823.361
2.094395	1.367556	0.358405	23	9	6	823.275
-2.617994	1.128190	-2.288622	150	152	165	823.212
-1.308997	2.637879	2.121598	140	166	163	823.138
-2.356194	2.404280	-0.174044	154	28	137	822.912
-3.141593	1.836682	-0.676006	4	8	135	822.818
1.832596	0.762244	-0.273349	149	8	162	822.646
-1.047198	1.721184	-0.153948	156	147	151	822.616
-2.617994	2.174483	2.653697	160	3	133	822.607
-0.785398	0.700570	1.559208	141	166	164	822.591
-0.523599	2.478122	2.609777	31	4	151	822.531
0.523599	2.637879	2.121598	5	165	139	822.064
0.261799	1.134497	-1.109631	4	13	118	822.054
-2.879793	0.458961	-0.107937	135	166	164	822.007
1.832596	1.506530	1.988858	154	17	26	821.863
2.617994	1.168678	2.108595	2	16	133	821.858
-2.356194	2.180315	-1.357379	21	7	128	821.791
-2.617994	1.050534	3.042579	22	17	137	821.776
-0.785398	2.356369	3.005869	140	2	163	821.461
-0.785398	1.218453	2.777284	1	12	134	821.229
-1.047198	0.831641	0.616218	148	166	23	821.202
1.570796	1.872854	1.543456	158	161	130	821.085
-0.261799	1.510910	-0.740472	13	20	120	820.988
-0.261799	1.242974	-2.977882	25	12	144	820.950
2.356194	1.875281	0.107086	6	21	137	820.903
1.570796	2.115563	0.685730	13	153	146	820.657
2.356194	1.741644	-2.695914	156	155	155	820.506
-2.879793	2.979456	-1.009304	19	157	19	820.273
0.785398	0.496451	0.593859	149	154	9	820.132
1.832596	2.187132	-0.479875	163	159	137	820.020
-1.832596	1.766067	2.153843	148	167	163	819.737
1.832596	2.379497	0.561089	15	159	145	819.559
-1.308997	1.998705	2.370472	16	16	6	819.540
2.879793	1.488617	1.159546	21	159	152	819.452
1.308997	1.721184	-0.153948	16	5	148	819.436
2.356194	2.587733	0.232235	9	18	131	819.339
0.261799	2.984978	1.954446	167	15	130	819.079
2.879793	0.960688	-0.577532	4	15	134	818.742
-0.523599	0.700570	1.559208	17	20	146	818.547
-1.308997	1.242974	-2.977882	151	156	19	818.518
0.261799	2.251330	-2.330739	26	6	8	818.362
-1.047198	0.370812	-2.547742	148	31	11	818.340
-1.047198	1.554776	0.100351	154	35	2	818.136
1.047198	1.168678	2.108595	14	21	126	817.952
0.261799	1.301460	-0.509251	16	21	121	817.815
-0.785398	2.153910	-1.714959	151	167	151	817.515
0.000000	1.872854	1.543456	10	24	122	817.493
2.094395	1.113094	-0.272241	17	13	8	817.270
0.523599	1.569311	-3.003978	18	8	144	817.238
-0.261799	1.413430	2.550734	153	3	39	817.222
-2.617994	1.440580	2.260026	14	11	148	817.059
2.094395	2.984978	1.954446	28	19	7	816.925
-2.879793	0.831641	0.616218	163	23	19	816.916
-1.570796	1.014500	0.906702	155	152	166	816.900
-3.141593	0.960688	-0.577532	13	155	31	816.845
1.570796	1.184361	0.625864	19	3	158	816.740
-1.047198	1.045978	0.343692	145	167	0	816.568
1.832596	2.299159	2.264663	143	33	133	816.373
-0.785398	2.407836	1.410646	165	15	129	816.346
-2.094395	1.135813	-2.658866	19	6	21	816.176
-1.570796	1.982574	-1.115518	21	16	124	815.923
2.356194	0.831641	0.616218	24	6	134	815.571
-0.523599	2.089241	-0.114193	1	13	136	815.548
2.094395	1.448123	-2.163292	18	20	21	815.437
-0.523599	2.115563	0.685730	163	7	135	815.429
-1.832596	1.417623	-0.202254	150	28	147	815.425
-2.356194	2.456751	-1.503343	25	7	135	815.194
-2.879793	2.579248	-2.364801	144	163	0	815.116
-1.308997	1.554776	0.100351	147	167	153	815.030
-0.785398	1.812176	0.656819	149	159	147	814.953
-1.832596	2.881233	-2.582574	152	16	135	814.735
-1.047198	1.128190	-2.288622	7	21	134	814.584
-3.141593	1.025536	1.576859	9	17	134	814.471
2.356194	1.440580	2.260026	167	15	133	814.460
1.832596	1.325504	-1.671296	152	13	26	814.283
1.832596	0.864993	2.278281	15	10	142	814.201
-2.356194	2.396274	-1.959260	146	159	9	814.000
-1.047198	1.909857	-0.381669	158	146	149	813.734
1.570796	2.984978	1.954446	32	10	6	813.555
1.570796	1.045978	0.343692	152	159	13	813.447
0.000000	1.977582	0.969896	146	4	145	813.411
-0.785398	1.301460	-0.509251	155	147	1	813.183
0.523599	2.164094	-2.991358	16	10	139	812.879
-1.570796	1.135813	-2.658866	12	7	142	812.808
1.832596	0.297065	2.160177	1	3	136	812.719
-1.308997	1.184361	0.625864	144	1	164	812.671
0.000000	0.640596	-2.797608	24	18	146	812.654
-1.308997	1.569311	-3.003978	10	27	141	812.551
-1.047198	2.138223	1.678323	20	14	126	812.367
0.261799	1.367556	0.358405	137	164	7	812.357
-2.617994	1.869911	2.701025	161	5	132	812.311
-2.879793	1.025536	1.576859	8	18	133	812.228
2.879793	1.367556	0.358405	151	14	135	812.157
0.261799	1.374601	-2.456031	133	164	150	812.128
2.879793	0.992645	-1.723759	148	162	166	812.049
-0.261799	1.367556	0.358405	30	13	142	812.018
-2.356194	1.134796	2.434290	23	18	146	811.791
0.000000	1.569311	-3.003978	26	16	147	811.772
2.356194	0.992645	-1.723759	145	2	28	811.721
1.570796	0.961715	0.014085	160	150	22	811.652
-0.261799	1.256302	0.062705	27	11	135	811.426
0.785398	2.979456	-1.009304	158	160	144	810.847
1.308997	2.295480	1.008277	158	4	30	810.759
1.570796	1.736875	3.023612	161	38	139	810.706
-1.832596	1.836682	-0.676006	3	25	42	810.566
0.000000	2.138223	1.678323	13	29	126	810.496
0.785398	1.569311	-3.003978	20	12	144	810.399
-0.785398	1.335669	0.897240	145	159	156	810.123
-1.570796	1.391910	3.030322	152	156	19	810.008
-1.308997	1.448123	-2.163292	12	21	136	809.742
2.356194	2.089241	-0.114193	6	21	136	809.735
-0.523599	1.554776	0.100351	29	10	138	809.695
0.261799	1.256302	0.062705	135	165	14	809.442
-2.879793	0.297065	2.160177	8	161	136	809.407
-1.570796	1.617114	-1.572037	152	14	17	809.394
0.000000	2.251330	-2.330739	25	2	5	808.986
-1.308997	1.812176	0.656819	148	166	148	808.921
-0.523599	1.135813	-2.658866	0	163	33	808.839
-2.356194	0.080730	-2.622036	151	151	155	808.834
0.785398	2.588535	-2.976617	9	19	130	808.806
-2.879793	1.450119	-2.739050	138	157	5	808.674
-2.617994	1.732874	-0.951685	161	27	19	808.560
-3.141593	0.910508	1.903534	152	150	164	808.448
-2.879793	2.299159	2.264663	160	158	135	808.292
1.832596	1.025536	1.576859	14	19	123	808.289
-0.785398	1.113094	-0.272241	156	150	6	807.946
2.617994	1.440580	2.260026	0	16	133	807.859
-0.785398	2.881233	-2.582574	155	161	146	807.772
-0.523599	2.984978	1.954446	2	21	128	807.721
1.832596	2.033014	2.977192	12	21	19	807.698
-2.879793	1.510910	-0.740472	7	9	138	807.535
1.570796	2.001437	0.381215	17	166	149	807.511
2.879793	2.041297	-2.664597	148	160	163	807.484
-1.308997	2.379497	0.561089	161	21	131	806.989
2.356194	2.396274	-1.959260	14	16	152	806.652
-1.047198	1.413430	2.550734	3	5	130	806.462
1.308997	1.413430	2.550734	1	30	130	806.443
-2.879793	1.391910	3.030322	21	10	141	806.331
0.785398	0.831641	0.616218	7	30	135	806.329
-2.356194	2.881233	-2.582574	153	19	133	806.314
-2.094395	0.850607	-1.335383	152	24	8	806.169
0.261799	1.440580	2.260026	167	149	143	806.168
-1.832596	1.998705	2.370472	148	9	153	806.131
1.570796	1.014500	0.906702	9	9	119	805.971
0.785398	1.134796	2.434290	19	24	129	805.938
0.785398	1.736875	3.023612	23	160	145	805.891
2.879793	1.683268	0.374177	28	2	146	805.792
-2.617994	2.115563	0.685730	138	165	165	805.620
0.261799	1.488617	1.159546	14	19	147	805.494
2.356194	0.591903	2.010408	148	4	13	805.453
0.000000	2.637879	2.121598	3	15	129	805.254
-2.879793	2.379497	0.561089	162	27	135	805.111
-2.617994	2.180315	-1.357379	18	2	128	805.109
-1.308997	1.413347	-1.339188	153	12	19	805.079
0.785398	0.290380	-0.796960	167	157	144	805.028
-0.261799	0.496451	0.593859	22	158	143	804.933
-1.570796	2.356369	3.005869	154	152	158	804.914
-0.523599	1.696674	-1.253233	150	158	2	804.877
-0.523599	1.812176	0.656819	143	11	149	804.871
-2.617994	2.108018	1.311430	28	163	166	804.475
-2.356194	1.545873	-1.877082	161	146	17	804.368
1.832596	2.396274	-1.959260	18	23	150	804.206
1.047198	1.335669	0.897240	17	5	154	804.146
-1.308997	0.709924	0.218797	148	5	7	804.110
-1.570796	1.242974	-2.977882	11	23	138	803.725
-0.785398	2.251330	-2.330739	154	154	148	803.611
-1.308997	2.299159	2.264663	152	158	152	803.596
-2.879793	0.618092	2.539118	20	166	144	803.534
-2.094395	1.247695	1.809890	151	0	17	803.498
1.047198	2.033014	2.977192	17	15	139	803.291
1.570796	1.367556	0.358405	19	13	157	803.106
-2.094395	1.413347	-1.339188	152	17	20	802.991
1.047198	1.574060	2.783565	167	28	133	802.856
1.832596	2.356369	3.005869	147	7	160	802.855
-2.094395	1.617114	-1.572037	151	17	14	802.846
-2.094395	2.664082	-1.071402	24	2	139	802.729
-2.617994	1.909857	-0.381669	5	158	143	802.676
2.094395	0.906588	1.252948	21	157	163	802.495
0.785398	2.108018	1.311430	11	1	145	802.178
1.570796	1.683268	0.374177	19	6	155	802.150
2.617994	1.555207	1.708892	6	11	135	802.121
0.523599	2.295480	1.008277	0	10	131	802.118
-2.879793	1.683268	0.374177	157	6	138	802.015
-0.261799	2.592629	0.909713	164	12	130	801.946
2.094395	1.696674	-1.253233	21	10	7	801.632
1.832596	2.984978	1.954446	9	3	39	801.300
-2.617994	1.756530	-2.105156	146	161	14	801.257
2.094395	1.050534	3.042579	163	23	134	801.057
-0.785398	1.367556	0.358405	147	158	156	800.994
0.000000	1.301460	-0.509251	17	19	121	800.956
2.356194	1.599406	1.426070	157	17	118	800.939
1.047198	1.134796	2.434290	15	25	131	800.939
0.261799	1.617114	-1.572037	25	162	26	800.731
-1.570796	1.450119	-2.739050	14	8	144	800.641
-0.261799	1.433411	-1.035986	5	20	117	800.576
2.356194	1.218453	2.777284	163	20	133	800.502
-1.832596	1.128190	-2.288622	15	19	138	800.271
-1.832596	1.367556	0.358405	150	147	158	800.250
0.000000	1.450119	-2.739050	25	18	153	800.073
-2.617994	0.591903	2.010408	10	161	142	800.053
2.879793	1.875281	0.107086	156	11	136	799.992
2.879793	2.251330	-2.330739	147	0	3	799.964
-2.617994	1.184361	0.625864	162	27	28	799.679
-2.879793	1.440580	2.260026	21	13	151	799.669
1.570796	0.379747	-1.713059	163	154	144	799.397
-0.785398	2.637879	2.121598	26	12	138	799.328
-3.141593	1.450119	-2.739050	135	163	5	799.299
0.000000	1.869911	2.701025	143	16	17	799.203
-2.094395	1.872854	1.543456	157	162	144	799.170
-2.094395	0.297065	2.160177	142	12	5	799.137
-0.785398	1.606104	-0.451151	160	147	150	798.909
-2.617994	1.242974	-2.977882	21	16	136	798.785
-2.879793	2.063651	-2.044600	145	3	13	798.761
1.308997	1.335669	0.897240	19	3	156	798.726
1.047198	2.588535	-2.976617	9	21	130	798.663
-0.523599	0.914445	2.687814	164	163	31	798.435
2.094395	0.419640	2.974122	165	4	33	798.367
2.879793	1.417623	-0.202254	159	15	129	798.341
0.000000	1.824694	1.850876	159	153	142	798.323
-2.879793	2.001437	0.381215	156	4	140	798.227
-2.879793	2.187132	-0.479875	165	31	22	798.219
1.570796	2.579248	-2.364801	14	14	143	798.036
1.832596	1.554776	0.100351	158	153	23	798.030
-2.617994	2.089241	-0.114193	165	33	26	798.024
1.308997	2.724429	-0.348782	6	8	132	797.893
-2.356194	2.704512	1.488683	159	29	135	797.870
-1.570796	1.824694	1.850876	149	161	161	797.823
-2.617994	2.379497	0.561089	138	165	159	797.789
0.785398	2.704512	1.488683	30	6	10	797.772
1.570796	1.732874	-0.951685	19	17	151	797.466
-1.832596	1.824694	1.850876	148	166	163	797.398
-0.523599	1.367556	0.358405	9	17	136	797.380
1.308997	2.104282	-0.813972	12	10	140	797.266
-0.785398	1.555207	1.708892	163	21	123	797.242
-0.785398	1.872854	1.543456	150	160	144	797.236
-1.308997	0.866955	-0.931351	145	157	146	797.222
0.785398	1.836682	-0.676006	151	24	143	797.140
0.000000	1.195355	1.200319	19	29	149	797.056
-1.308997	1.325504	-1.671296	4	160	128	796.790
-3.141593	1.721184	-0.153948	159	8	132	796.789
-2.879793	1.247695	1.809890	157	24	12	796.755
2.879793	2.153910	-1.714959	13	164	131	796.691
2.617994	1.135813	-2.658866	142	17	24	796.442
0.000000	1.214854	-1.966664	161	158	25	796.410
0.523599	2.719179	-1.780644	25	164	20	796.328
0.785398	0.866955	-0.931351	162	160	137	796.239
-1.047198	2.295480	1.008277	162	17	130	796.141
1.570796	1.554776	0.100351	157	1	29	796.114
0.000000	1.504028	0.636812	13	24	140	796.078
-2.356194	1.766067	2.153843	161	29	20	796.065
0.261799	1.909857	-0.381669	145	4	37	796.004
0.261799	0.685216	-1.712745	163	160	29	795.920
2.094395	1.256302	0.062705	20	11	9	795.654
-1.047198	0.297065	2.160177	149	159	151	795.446
-0.261799	1.113094	-0.272241	134	9	155	795.423
-1.570796	2.863997	0.549740	164	25	130	795.357
-0.785398	0.618092	2.539118	162	166	34	795.320
-2.879793	1.413430	2.550734	21	8	148	795.301
2.617994	0.640596	-2.797608	162	26	10	795.211
2.879793	2.396274	-1.959260	17	162	139	794.916
-0.261799	1.504028	0.636812	11	21	140	794.900
1.047198	1.662363	0.915448	19	6	162	794.790
-1.308997	1.662363	0.915448	147	159	8	794.656
-1.832596	2.089241	-0.114193	164	20	135	794.546
1.047198	1.836682	-0.676006	148	24	144	794.289
-2.617994	0.619654	-2.216909	153	146	167	794.251
-2.094395	0.615174	-0.666022	162	21	14	794.217
-1.308997	2.664082	-1.071402	166	151	142	794.174
-1.832596	0.458961	-0.107937	146	147	10	794.151
-2.879793	2.174483	2.653697	158	20	7	794.151
1.308997	1.014500	0.906702	21	165	4	794.135
1.047198	0.618092	2.539118	25	27	140	794.108
1.570796	2.379497	0.561089	5	9	132	794.094
-0.785398	0.080730	-2.622036	3	22	7	794.051
0.785398	0.080730	-2.622036	149	4	10	793.966
-0.785398	1.417623	-0.202254	147	5	153	793.724
-0.523599	2.592629	0.909713	167	3	137	793.723
-1.832596	1.218453	2.777284	142	167	161	793.713
-3.141593	1.014500	0.906702	163	22	16	793.311
-1.308997	1.413430	2.550734	150	158	15	793.111
-1.832596	0.961715	0.014085	149	2	12	793.090
1.832596	0.591903	2.010408	20	30	137	793.031
-2.617994	0.864993	2.278281	6	41	143	793.016
0.523599	1.184361	0.625864	8	30	138	793.016
-0.785398	1.736875	3.023612	18	6	138	793.007
-2.879793	0.700570	1.559208	151	153	158	792.791
0.000000	1.440580	2.260026	152	24	22	792.651
0.261799	2.579248	-2.364801	29	167	8	792.631
-0.261799	0.290380	-0.796960	156	167	27	792.379
1.047198	0.960688	-0.577532	163	166	137	792.326
-2.617994	1.134796	2.434290	22	13	147	791.990
-2.094395	0.591903	2.010408	149	1	22	791.800
0.000000	1.367556	0.358405	30	20	142	791.600
1.570796	1.134796	2.434290	2	28	128	791.368
2.617994	1.599406	1.426070	157	13	117	791.346
1.570796	0.910508	1.903534	18	16	135	791.002
1.570796	2.174483	2.653697	150	3	150	790.964
1.308997	0.379747	-1.713059	160	154	144	790.756
2.094395	2.588535	-2.976617	21	164	154	790.754
-2.617994	2.251330	-2.330739	139	6	163	790.683
1.570796	2.073035	2.027405	156	151	9	790.623
1.308997	1.998705	2.370472	19	6	159	790.561
0.000000	2.863997	0.549740	13	19	18	790.546
-1.308997	1.488617	1.159546	147	166	146	790.533
-2.617994	2.704512	1.488683	162	29	134	790.436
-1.047198	0.960688	-0.577532	149	7	10	790.341
2.356194	1.909857	-0.381669	162	155	136	790.333
0.523599	1.732874	-0.951685	153	3	142	790.328
2.879793	2.984978	1.954446	139	148	157	790.151
-0.261799	1.875281	0.107086	29	15	141	790.107
0.261799	1.433411	-1.035986	6	144	12	789.950
1.570796	0.850607	-1.335383	14	2	128	789.826
-2.094395	1.506530	1.988858	13	15	148	789.751
0.000000	1.875281	0.107086	9	27	8	789.713
0.523599	2.592629	0.909713	31	15	6	789.700
0.523599	2.588535	-2.976617	138	150	2	789.376
0.261799	1.113094	-0.272241	21	20	125	789.338
0.785398	2.138223	1.678323	8	6	135	789.226
2.617994	1.134497	-1.109631	14	21	158	789.072
-2.356194	1.413430	2.550734	23	18	149	788.986
0.261799	1.756530	-2.105156	22	14	26	788.838
-2.356194	1.998705	2.370472	157	26	20	788.833
-2.356194	1.846342	-1.796954	0	21	29	788.828
-0.261799	2.089241	-0.114193	10	148	144	788.699
1.570796	1.721184	-0.153948	8	16	138	788.697
-2.356194	2.863997	0.549740	9	22	131	788.684
2.356194	2.104282	-0.813972	2	13	136	788.599
2.094395	2.187132	-0.479875	6	17	136	788.539
-0.785398	1.904882	-1.478089	150	3	157	788.524
0.523599	1.846342	-1.796954	15	13	30	788.437
-1.047198	0.850607	-1.335383	144	160	147	788.406
-0.523599	2.455966	-0.641220	155	140	150	788.287
-0.261799	1.904882	-1.478089	154	160	150	788.249
-1.570796	1.134497	-1.109631	151	13	12	788.154
0.000000	0.419640	2.974122	159	18	134	787.908
1.047198	2.592629	0.909713	1	25	20	787.778
-1.308997	1.168678	2.108595	144	25	138	787.723
1.570796	1.050534	3.042579	12	160	145	787.668
1.570796	1.809167	1.213774	157	15	119	787.618
-1.832596	1.982574	-1.115518	20	12	123	787.562
1.308997	1.875281	0.107086	8	4	139	787.556
-2.879793	2.760637	2.781135	156	21	132	787.487
-2.356194	2.041297	-2.664597	23	15	140	787.476
2.617994	2.396274	-1.959260	10	163	133	787.379
1.832596	1.662363	0.915448	21	5	151	787.192
2.617994	0.618092	2.539118	153	150	166	787.062
0.523599	2.704512	1.488683	148	7	14	787.061
-0.261799	0.203748	0.590255	21	156	140	787.030
-2.879793	2.396274	-1.959260	26	7	138	786.959
-1.832596	0.618092	2.539118	165	28	17	786.798
-2.094395	0.700570	1.559208	14	163	144	786.738
-1.570796	2.073035	2.027405	150	163	158	786.700
-2.094395	1.195355	1.200319	149	13	156	786.587
0.785398	2.719179	-1.780644	27	6	2	786.553
1.832596	2.637879	2.121598	2	0	42	786.447
0.785398	0.960688	-0.577532	163	165	139	786.415
1.308997	1.809167	1.213774	156	15	119	786.346
-1.570796	1.374601	-2.456031	13	5	140	786.281
-3.141593	1.756530	-2.105156	145	0	20	786.277
-1.570796	2.478122	2.609777	17	158	143	786.138
-1.570796	2.587733	0.232235	163	23	131	786.109
-0.785398	1.214854	-1.966664	4	17	47	786.061
-1.570796	1.506530	1.988858	164	11	122	786.002
1.570796	0.914445	2.687814	6	28	134	786.001
-0.523599	2.033014	2.977192	27	6	145	785.854
1.047198	1.809167	1.213774	9	3	137	785.515
1.308997	2.592629	0.909713	163	1	31	785.469
0.785398	1.433411	-1.035986	154	164	141	785.389
-2.617994	1.218453	2.777284	23	15	142	785.358
1.047198	0.419640	2.974122	14	27	137	785.334
-3.141593	2.349581	-2.702517	149	162	155	785.311
-2.356194	1.948085	-2.363031	144	154	11	785.166
-0.523599	0.290380	-0.796960	166	159	32	785.059
1.308997	2.407836	1.410646	3	26	29	785.004
-1.047198	2.863997	0.549740	162	24	130	784.903
-2.879793	1.554776	0.100351	157	1	134	784.892
-2.617994	2.592629	0.909713	11	151	137	784.708
-1.570796	1.569311	-3.003978	13	25	140	784.707
1.570796	1.699788	2.452890	21	7	159	784.675
-2.094395	2.984978	1.954446	159	162	142	784.497
-3.141593	2.664082	-1.071402	7	164	136	784.375
2.356194	2.881233	-2.582574	16	163	145	784.189
-1.832596	2.724429	-0.348782	3	167	133	784.089
2.879793	1.310100	1.488307	162	21	28	784.028
-2.879793	1.545873	-1.877082	157	149	8	783.973
2.879793	1.045978	0.343692	156	154	144	783.917
2.617994	0.914445	2.687814	156	151	2	783.891
1.832596	1.417623	-0.202254	26	1	20	783.769
-0.261799	1.506530	1.988858	157	149	146	783.641
-2.356194	1.247695	1.809890	6	41	143	783.499
0.000000	0.458961	-0.107937	0	159	143	783.478
-2.094395	1.766067	2.153843	149	161	148	783.459
-1.832596	1.617114	-1.572037	151	14	14	783.156
-1.832596	1.050534	3.042579	164	141	25	783.079
0.261799	1.977582	0.969896	146	164	149	783.011
0.523599	1.310100	1.488307	5	13	118	782.965
2.879793	2.637879	2.121598	143	143	150	782.959
-2.879793	1.433411	-1.035986	11	11	139	782.954
-1.570796	1.696674	-1.253233	152	16	16	782.910
2.094395	1.732874	-0.951685	9	8	140	782.701
-1.570796	1.417623	-0.202254	149	26	146	782.346
1.308997	1.696674	-1.253233	0	10	125	782.340
1.570796	0.733948	3.021411	147	0	15	782.180
2.617994	2.760637	2.781135	31	13	9	782.139
-3.141593	1.242974	-2.977882	17	8	134	782.122
-1.308997	0.571433	-1.188419	141	159	153	782.008
1.570796	2.299159	2.264663	149	36	132	781.984
-1.832596	2.041297	-2.664597	144	164	160	781.864
0.785398	1.450119	-2.739050	143	8	4	781.846
1.047198	2.587733	0.232235	6	7	133	781.778
1.308997	0.960688	-0.577532	163	165	138	781.732
-1.047198	1.904882	-1.478089	147	159	4	781.666
1.308997	1.184361	0.625864	17	9	157	781.622
0.261799	1.574060	2.783565	21	22	134	781.584
-1.047198	1.869911	2.701025	145	19	32	781.573
1.047198	2.881233	-2.582574	9	23	130	781.288
1.047198	2.579248	-2.364801	159	8	127	781.127
-0.261799	2.637879	2.121598	6	17	129	781.120
0.785398	2.164094	-2.991358	17	12	138	780.950
0.785398	2.984978	1.954446	16	2	145	780.914
2.879793	0.297065	2.160177	162	5	33	780.839
-1.047198	1.662363	0.915448	145	166	148	780.690
-0.261799	0.906588	1.252948	21	26	146	780.416
-2.094395	1.391910	3.030322	22	25	142	780.189
1.308997	1.134796	2.434290	6	27	127	780.175
0.523599	0.960688	-0.577532	17	18	122	780.129
2.094395	1.242974	-2.977882	152	31	142	780.093
-1.308997	1.809167	1.213774	147	0	146	780.092
2.094395	0.831641	0.616218	24	2	137	779.882
0.261799	0.960688	-0.577532	16	14	122	779.717
-1.047198	2.356369	3.005869	19	161	147	779.322
-1.832596	1.683268	0.374177	151	147	156	779.089
-0.261799	1.195355	1.200319	22	25	150	779.083
-0.261799	1.247695	1.809890	166	32	19	779.067
-1.832596	1.574060	2.783565	144	165	158	778.969
2.879793	0.418037	1.360082	149	7	13	778.705
1.570796	2.089241	-0.114193	0	166	138	778.646
-0.785398	1.488617	1.159546	146	158	152	778.474
-0.261799	1.050534	3.042579	167	150	141	778.472
2.356194	1.195355	1.200319	15	13	124	778.441
2.094395	0.864993	2.278281	0	21	129	778.317
-1.047198	0.674054	1.013609	146	166	20	778.295
-2.356194	1.982574	-1.115518	152	10	30	778.295
1.570796	2.719179	-1.780644	20	18	145	778.217
0.261799	0.379747	-1.713059	1	158	31	778.119
-0.523599	2.247462	0.191623	30	9	147	778.085
-0.785398	2.299159	2.264663	161	18	126	778.045
-0.261799	2.164094	-2.991358	27	8	152	778.029
1.832596	1.504028	0.636812	21	12	153	777.994
-2.617994	2.033014	2.977192	140	147	154	777.961
-2.879793	1.606104	-0.451151	165	29	35	777.952
1.308997	1.113094	-0.272241	152	156	30	777.852
-2.356194	0.618092	2.539118	138	151	153	777.613
-2.617994	0.640596	-2.797608	137	13	157	777.445
-0.785398	1.909857	-0.381669	26	10	133	777.399
2.356194	1.214854	-1.966664	7	8	35	777.309
-0.785398	1.256302	0.062705	148	157	161	777.307
-1.308997	1.134497	-1.109631	151	10	13	777.306
-3.141593	1.606104	-0.451151	164	10	128	777.172
0.000000	0.762244	-0.273349	133	0	157	777.128
-1.308997	1.335669	0.897240	143	0	161	777.125
-1.047198	1.506530	1.988858	167	14	123	776.928
1.047198	1.310100	1.488307	167	13	116	776.886
-1.047198	2.587733	0.232235	156	35	6	776.869
1.308997	1.870545	-2.976234	160	11	37	776.789
-2.356194	1.683268	0.374177	167	157	144	776.782
-1.308997	0.929350	-2.910676	2	12	136	776.760
-2.617994	0.618092	2.539118	135	158	152	776.734
0.261799	1.168678	2.108595	146	31	152	776.625
0.261799	0.906588	1.252948	162	32	20	776.586
1.832596	2.456751	-1.503343	22	13	156	776.586
2.879793	1.184361	0.625864	144	15	138	776.557
0.523599	0.762244	-0.273349	24	165	138	776.439
1.308997	2.637879	2.121598	146	7	149	776.404
-1.308997	0.960688	-0.577532	150	152	147	776.213
2.094395	0.910508	1.903534	12	15	135	776.142
-2.356194	1.658653	-2.409879	147	151	9	776.011
-0.785398	1.696674	-1.253233	152	152	166	775.988
0.261799	2.404280	-0.174044	10	160	139	775.897
-1.047198	0.762244	-0.273349	153	166	27	775.843
1.570796	2.637879	2.121598	1	0	43	775.839
2.617994	2.379497	0.561089	5	20	131	775.777
-1.308997	2.984978	1.954446	32	167	157	775.736
-1.047198	1.948085	-2.363031	146	8	153	775.604
-2.094395	2.295480	1.008277	2	24	129	775.455
1.832596	1.555207	1.708892	146	159	7	775.397
-2.617994	0.831641	0.616218	160	23	19	775.339
0.523599	1.606104	-0.451151	145	1	37	775.286
1.047198	0.290380	-0.796960	16	154	135	775.235
-0.785398	1.413347	-1.339188	150	157	4	775.142
0.523599	1.168678	2.108595	152	28	23	775.020
-0.785398	1.045978	0.343692	147	158	160	774.854
-1.832596	1.391910	3.030322	143	161	157	774.854
2.094395	0.960688	-0.577532	14	18	147	774.715
2.356194	1.555207	1.708892	164	20	117	774.703
0.000000	2.041297	-2.664597	141	161	154	774.644
2.617994	2.587733	0.232235	4	21	132	774.643
-1.832596	2.984978	1.954446	162	159	142	774.590
0.523599	1.214854	-1.966664	15	22	34	774.516
-2.356194	2.588535	-2.976617	151	20	135	774.467
-2.094395	2.108018	1.311430	143	164	4	774.460
-1.308997	1.367556	0.358405	149	159	166	774.432
-1.570796	2.379497	0.561089	162	22	131	774.410
1.570796	1.506530	1.988858	156	19	27	774.296
-1.047198	1.335669	0.897240	144	163	156	774.149
-3.141593	0.914445	2.687814	162	11	32	774.038
-2.356194	2.033014	2.977192	24	19	151	773.998
-0.785398	2.089241	-0.114193	153	25	32	773.768
0.000000	0.866955	-0.931351	139	5	21	773.711
1.308997	2.404280	-0.174044	162	164	139	773.695
0.785398	0.203748	0.590255	150	155	155	773.647
2.879793	1.721184	-0.153948	155	9	131	773.610
2.617994	1.766067	2.153843	150	14	122	773.558
0.523599	1.658653	-2.409879	146	0	24	773.521
-2.356194	1.736875	3.023612	23	19	147	773.038
-1.832596	2.704512	1.488683	144	147	10	772.935
2.356194	1.014500	0.906702	21	10	129	772.748
-1.047198	2.041297	-2.664597	149	157	159	772.743
-1.047198	0.619654	-2.216909	1	5	137	772.411
-1.308997	2.760637	2.781135	19	161	149	772.401
-2.356194	1.510910	-0.740472	158	24	22	772.266
-2.879793	2.664082	-1.071402	20	156	13	772.078
-0.785398	2.187132	-0.479875	152	165	29	772.017
0.523599	1.488617	1.159546	163	12	118	771.976
-3.141593	2.455966	-0.641220	4	166	142	771.973
1.832596	0.700570	1.559208	23	17	136	771.886
-0.523599	2.001437	0.381215	6	17	137	771.874
2.617994	1.812176	0.656819	18	2	131	771.868
1.570796	1.214854	-1.966664	10	167	127	771.857
1.570796	2.863997	0.549740	141	147	153	771.628
-1.308997	0.762244	-0.273349	148	0	166	771.624
-2.356194	2.664082	-1.071402	20	165	139	771.390
2.094395	2.180315	-1.357379	1	30	23	771.321
0.785398	1.574060	2.783565	11	32	134	771.194
-0.523599	2.104282	-0.813972	157	140	153	771.157
2.356194	0.700570	1.559208	19	25	135	771.153
0.261799	0.458961	-0.107937	136	153	156	771.078
1.832596	2.579248	-2.364801	15	12	148	770.956
-1.570796	1.699788	2.452890	146	164	158	770.839
2.356194	2.588535	-2.976617	24	0	153	770.731
0.000000	2.404280	-0.174044	5	27	9	770.563
0.000000	2.588535	-2.976617	157	18	130	770.405
-1.047198	1.736875	3.023612	13	0	138	770.394
-3.141593	2.592629	0.909713	0	22	130	770.372
0.000000	2.393226	1.857173	0	13	128	770.227
-1.047198	1.440580	2.260026	0	8	127	770.155
2.356194	1.050534	3.042579	146	29	9	770.099
0.785398	2.295480	1.008277	156	7	29	770.033
0.261799	1.836682	-0.676006	150	5	43	769.971
-2.094395	1.510910	-0.740472	157	23	23	769.871
-2.356194	0.910508	1.903534	150	2	18	769.760
-0.261799	1.325504	-1.671296	144	26	126	769.666
0.523599	1.510910	-0.740472	158	3	137	769.542
-0.523599	1.194549	-0.801900	155	151	5	769.410
2.879793	2.295480	1.008277	148	162	161	769.407
2.094395	1.301460	-0.509251	24	5	23	769.350
1.832596	0.379747	-1.713059	13	146	133	769.255
0.523599	1.128190	-2.288622	21	24	28	769.254
1.047198	2.356369	3.005869	11	3	139	769.172
1.047198	1.869911	2.701025	144	164	7	769.096
-1.047198	0.591903	2.010408	158	1	34	768.941
1.570796	2.704512	1.488683	0	13	129	768.931
1.832596	1.824694	1.850876	159	19	31	768.901
0.000000	1.433411	-1.035986	4	19	117	768.325
-1.570796	1.045978	0.343692	148	1	2	768.324
2.094395	2.343981	-1.040456	2	14	134	768.293
-0.261799	0.591903	2.010408	160	151	145	768.111
-1.308997	1.948085	-2.363031	148	0	152	767.960
-2.356194	1.242974	-2.977882	145	142	163	767.815
2.356194	0.370812	-2.547742	2	8	36	767.796
1.308997	1.836682	-0.676006	16	10	142	767.692
0.523599	1.696674	-1.253233	167	20	119	767.617
-1.308997	0.914445	2.687814	157	3	33	767.615
0.000000	2.063651	-2.044600	22	4	26	767.576
0.523599	2.299159	2.264663	11	10	138	767.300
-1.047198	1.488617	1.159546	145	163	150	767.155
1.570796	2.478122	2.609777	20	7	153	767.085
-1.832596	2.407836	1.410646	20	7	129	767.074
2.356194	2.979456	-1.009304	12	21	133	766.714
-2.094395	2.863997	0.549740	7	24	131	766.695
-0.261799	1.721184	-0.153948	152	147	7	766.515
-2.094395	1.014500	0.906702	150	161	164	766.287
-0.785398	0.733948	3.021411	163	166	34	766.279
0.523599	0.992645	-1.723759	8	23	32	766.019
1.047198	1.433411	-1.035986	160	19	116	765.895
-1.570796	1.335669	0.897240	149	164	153	765.873
2.617994	2.979456	-1.009304	12	12	142	765.774
1.832596	2.724429	-0.348782	5	15	132	765.705
-1.570796	0.762244	-0.273349	150	5	5	765.608
-2.356194	1.135813	-2.658866	20	0	20	765.545
2.094395	1.756530	-2.105156	19	13	164	765.536
1.047198	1.977582	0.969896	13	150	145	765.499
1.570796	2.455966	-0.641220	162	159	138	765.472
1.308997	1.168678	2.108595	12	23	126	765.393
-3.141593	0.899350	-2.069907	154	149	38	765.343
-0.523599	0.866395	-2.492918	167	167	37	765.341
0.000000	0.961715	0.014085	26	16	130	765.300
0.785398	1.662363	0.915448	12	166	148	765.269
-3.141593	2.579248	-2.364801	140	28	161	765.224
1.570796	2.343981	-1.040456	5	13	135	765.106
-1.308997	2.456751	-1.503343	149	150	154	764.932
-2.356194	2.108018	1.311430	142	2	3	764.837
-0.785398	1.869911	2.701025	21	4	133	764.833
1.308997	0.615174	-0.666022	166	164	138	764.775
0.523599	1.699788	2.452890	1	16	34	764.623
-1.832596	2.164094	-2.991358	145	162	155	764.525
0.523599	1.869911	2.701025	14	32	133	764.414
0.000000	2.073035	2.027405	164	154	140	764.401
1.047198	1.872854	1.543456	23	167	9	764.310
-1.570796	2.108018	1.311430	159	161	141	764.168
0.523599	1.014500	0.906702	16	18	152	764.127
-2.617994	2.760637	2.781135	160	18	11	763.941
2.617994	0.591903	2.010408	2	22	131	763.858
2.094395	2.247462	0.191623	4	20	135	763.773
-3.141593	0.864993	2.278281	7	7	140	763.691
1.570796	1.824694	1.850876	154	158	160	763.660
-1.047198	2.724429	-0.348782	149	0	22	763.548
-1.308997	0.685216	-1.712745	167	164	134	763.547
1.832596	1.045978	0.343692	142	17	148	763.520
1.308997	2.033014	2.977192	16	18	139	763.520
-3.141593	0.733948	3.021411	139	11	7	763.203
-1.570796	1.872854	1.543456	149	158	164	763.104
0.261799	1.875281	0.107086	6	30	8	763.078
2.356194	1.982574	-1.115518	11	12	145	762.989
2.356194	2.164094	-2.991358	154	158	153	762.947
2.094395	2.356369	3.005869	149	2	152	762.909
-2.094395	1.870545	-2.976234	142	165	157	762.836
-1.047198	2.704512	1.488683	3	19	129	762.791
-0.785398	2.704512	1.488683	0	17	129	762.748
-1.047198	0.864993	2.278281	155	157	25	762.682
0.523599	0.866955	-0.931351	12	10	120	762.664
-1.570796	1.135834	-1.431087	149	14	7	762.327
-0.261799	2.863997	0.549740	144	9	161	762.233
2.094395	1.569311	-3.003978	152	31	143	762.154
-2.617994	1.606104	-0.451151	166	28	15	762.129
-1.308997	1.195355	1.200319	163	153	127	762.079
-1.570796	0.961715	0.014085	148	5	2	762.051
-0.523599	2.349581	-2.702517	141	6	155	761.680
-3.141593	1.555207	1.708892	161	22	26	761.574
2.879793	1.335669	0.897240	1	25	13	761.560
0.785398	2.579248	-2.364801	163	9	130	761.542
-2.617994	2.295480	1.008277	161	27	133	761.541
1.570796	1.574060	2.783565	161	36	133	761.480
-1.308997	1.872854	1.543456	150	155	164	761.419
2.617994	2.115563	0.685730	23	154	7	761.348
0.523599	1.736875	3.023612	16	7	139	761.211
-1.832596	2.073035	2.027405	149	166	161	761.130
2.356194	0.418037	1.360082	149	16	13	761.049
2.617994	0.733948	3.021411	141	25	15	761.044
0.261799	0.831641	0.616218	21	29	136	760.993
1.047198	0.571433	-1.188419	161	158	142	760.947
-1.570796	2.455966	-0.641220	158	146	143	760.880
1.570796	2.356369	3.005869	154	48	148	760.853
0.000000	2.396274	-1.959260	21	163	26	760.713
1.832596	1.168678	2.108595	4	21	129	760.712
-1.832596	1.875281	0.107086	162	25	136	760.710
-2.356194	2.719179	-1.780644	143	0	10	760.643
2.879793	2.164094	-2.991358	28	14	160	760.624
-0.523599	0.906588	1.252948	146	159	135	760.402
0.000000	1.417623	-0.202254	143	16	31	760.386
0.000000	1.721184	-0.153948	143	13	31	760.275
-1.308997	1.909857	-0.381669	152	28	144	760.266
2.617994	1.683268	0.374177	157	154	144	760.231
-0.261799	2.404280	-0.174044	160	14	134	760.151
2.356194	1.756530	-2.105156	17	16	164	760.099
-3.141593	2.001437	0.381215	154	8	140	760.007
-1.308997	2.247462	0.191623	162	18	134	759.976
1.570796	1.756530	-2.105156	150	159	21	759.906
-0.261799	2.187132	-0.479875	10	12	129	759.889
2.617994	2.588535	-2.976617	146	166	159	759.879
0.523599	1.662363	0.915448	15	156	151	759.815
1.832596	0.992645	-1.723759	147	13	20	759.775
0.261799	2.115563	0.685730	165	7	133	759.704
2.879793	0.496451	0.593859	154	153	143	759.558
-0.785398	2.404280	-0.174044	30	10	145	759.381
-0.785398	2.984978	1.954446	9	20	131	759.357
-2.879793	2.115563	0.685730	35	167	6	759.328
-0.785398	1.699788	2.452890	151	9	126	759.259
-3.141593	1.113094	-0.272241	17	159	28	759.183
0.261799	2.393226	1.857173	0	13	128	759.021
1.047198	1.741644	-2.695914	3	165	132	758.817
-1.832596	0.762244	-0.273349	150	141	156	758.753
-2.879793	1.869911	2.701025	11	31	14	758.724
0.523599	2.356369	3.005869	0	11	36	758.683
0.523599	2.138223	1.678323	7	5	136	758.611
-1.047198	2.251330	-2.330739	152	155	148	758.569
0.000000	1.870545	-2.976234	133	3	1	758.557
0.523599	1.448123	-2.163292	21	20	34	758.373
-0.785398	1.325504	-1.671296	164	20	47	758.234
-2.094395	2.455966	-0.641220	0	2	128	758.205
-2.356194	2.979456	-1.009304	151	21	16	758.200
2.094395	1.545873	-1.877082	156	19	26	758.157
2.879793	0.733948	3.021411	140	18	7	758.089
2.356194	1.335669	0.897240	145	27	146	757.919
0.261799	1.134796	2.434290	144	29	148	757.871
2.617994	2.455966	-0.641220	167	18	133	757.835
-2.094395	1.809167	1.213774	155	163	148	757.764
1.570796	0.700570	1.559208	24	15	135	757.716
2.879793	2.001437	0.381215	161	29	139	757.649
-2.879793	0.914445	2.687814	21	11	140	757.644
-1.832596	1.736875	3.023612	145	160	156	757.616
1.308997	0.619654	-2.216909	167	8	37	757.249
-3.141593	1.554776	0.100351	156	10	134	757.158
2.356194	1.574060	2.783565	164	3	39	757.063
-0.785398	1.506530	1.988858	166	16	125	757.049
-0.261799	0.762244	-0.273349	134	7	157	757.030
1.308997	1.736875	3.023612	162	12	36	756.878
-1.308997	1.113094	-0.272241	148	1	7	756.866
2.879793	1.824694	1.850876	149	167	22	756.862
-2.879793	2.251330	-2.330739	140	3	2	756.629
-3.141593	2.704512	1.488683	164	29	135	756.585
-1.570796	1.812176	0.656819	146	8	150	756.509
1.308997	2.174483	2.653697	163	42	134	756.407
-1.047198	1.218453	2.777284	152	157	20	756.405
-2.617994	2.984978	1.954446	18	152	18	756.401
0.523599	0.370812	-2.547742	21	28	22	756.369
-0.785398	2.719179	-1.780644	153	155	146	756.339
0.785398	2.455966	-0.641220	9	13	134	756.226
0.000000	0.700570	1.559208	160	146	135	755.932
-2.094395	1.606104	-0.451151	158	25	20	755.861
0.000000	1.374601	-2.456031	21	20	155	755.807
1.832596	0.618092	2.539118	165	4	135	755.668
-2.617994	2.153910	-1.714959	24	10	130	755.594
-1.570796	2.979456	-1.009304	143	3	164	755.568
0.523599	2.396274	-1.959260	24	11	9	755.497
2.356194	1.824694	1.850876	157	18	120	755.401
-2.879793	0.960688	-0.577532	16	159	31	755.380
-0.523599	1.014500	0.906702	20	19	140	755.336
-2.617994	0.762244	-0.273349	144	15	16	755.268
-2.094395	1.310100	1.488307	149	15	154	755.260
2.879793	1.256302	0.062705	154	15	130	755.041
0.000000	2.881233	-2.582574	30	167	15	754.987
-0.261799	1.417623	-0.202254	135	14	153	754.978
-1.047198	2.478122	2.609777	157	156	145	754.977
-2.094395	1.413430	2.550734	146	2	167	754.850
0.523599	1.417623	-0.202254	143	2	31	754.766
0.785398	1.872854	1.543456	161	29	119	754.754
1.047198	2.455966	-0.641220	6	10	134	754.632
-2.356194	0.591903	2.010408	16	164	143	754.500
0.261799	2.881233	-2.582574	24	25	155	754.450
-2.617994	2.979456	-1.009304	5	4	132	754.387
-3.141593	2.153910	-1.714959	17	166	131	754.359
2.356194	2.001437	0.381215	4	22	135	754.354
0.785398	2.404280	-0.174044	152	5	139	754.327
-3.141593	2.115563	0.685730	26	1	9	754.302
-2.356194	1.812176	0.656819	158	159	145	754.190
1.047198	0.709924	0.218797	11	32	130	754.112
-0.523599	1.721184	-0.153948	27	14	132	754.025
2.879793	1.050534	3.042579	154	16	135	753.956
2.356194	2.349581	-2.702517	147	1	1	753.935
-0.523599	0.929350	-2.910676	167	164	34	753.900
0.000000	2.033014	2.977192	166	6	36	753.877
-0.785398	0.866395	-2.492918	165	167	37	753.855
1.047198	1.982574	-1.115518	17	14	139	753.827
-1.047198	1.310100	1.488307	145	159	154	753.713
-0.785398	1.574060	2.783565	154	32	18	753.712
2.094395	2.041297	-2.664597	152	162	152	753.706
0.523599	2.247462	0.191623	11	160	143	753.574
-0.523599	0.496451	0.593859	138	157	144	753.401
-0.785398	2.478122	2.609777	26	3	142	753.393
2.879793	2.587733	0.232235	20	167	137	753.361
1.047198	0.866955	-0.931351	163	160	137	753.344
-0.523599	1.555207	1.708892	155	152	145	753.251
-0.523599	1.766067	2.153843	5	21	128	753.183
-2.879793	1.335669	0.897240	138	153	6	753.099
-0.261799	1.869911	2.701025	24	15	133	753.087
2.617994	1.554776	0.100351	152	16	133	753.060
-1.047198	2.393226	1.857173	23	11	132	752.892
0.523599	1.301460	-0.509251	14	25	122	752.878
-3.141593	1.448123	-2.163292	145	161	17	752.834
2.879793	1.506530	1.988858	149	157	13	752.644
0.000000	1.014500	0.906702	22	27	142	752.388
-2.094395	2.247462	0.191623	152	150	146	752.081
1.832596	0.685216	-1.712745	7	145	131	751.895
-0.261799	1.998705	2.370472	26	16	135	751.850
2.879793	2.664082	-1.071402	10	164	146	751.785
0.261799	1.310100	1.488307	22	27	32	751.697
-0.785398	2.456751	-1.503343	160	140	147	751.695
-2.356194	1.391910	3.030322	23	20	142	751.675
1.832596	1.050534	3.042579	159	28	136	751.671
-1.570796	2.180315	-1.357379	25	22	128	751.648
-1.308997	2.063651	-2.044600	148	164	4	751.570
-1.047198	1.433411	-1.035986	149	2	9	751.423
-1.832596	1.699788	2.452890	152	162	15	751.397
2.356194	0.685216	-1.712745	23	28	140	751.103
-2.356194	1.574060	2.783565	3	4	137	750.942
-2.617994	2.343981	-1.040456	13	165	129	750.915
-2.094395	0.370812	-2.547742	158	159	147	750.892
1.832596	1.809167	1.213774	146	9	15	750.775
-1.570796	2.251330	-2.330739	146	159	151	750.770
-1.308997	0.899350	-2.069907	167	20	124	750.765
2.356194	0.733948	3.021411	12	30	14	750.686
0.261799	1.846342	-1.796954	18	9	29	750.532
1.832596	2.153910	-1.714959	142	166	163	750.504
0.000000	1.741644	-2.695914	141	156	4	750.430
-1.047198	0.290380	-0.796960	21	4	163	750.340
1.570796	1.875281	0.107086	12	0	143	750.314
0.261799	2.164094	-2.991358	134	160	3	750.313
2.617994	2.153910	-1.714959	7	162	130	750.284
-2.879793	2.073035	2.027405	5	6	136	750.153
-1.308997	0.866395	-2.492918	5	20	134	750.109
-2.879793	1.194549	-0.801900	7	16	136	750.030
1.308997	1.504028	0.636812	20	1	157	749.880
2.356194	0.496451	0.593859	145	30	11	749.795
-2.094395	0.618092	2.539118	153	162	25	749.741
0.261799	1.766067	2.153843	166	151	140	749.740
-0.523599	1.875281	0.107086	12	27	2	749.606
-2.356194	0.831641	0.616218	153	10	140	749.379
-0.785398	1.732874	-0.951685	147	5	160	749.293
0.261799	2.478122	2.609777	25	24	143	749.251
-1.308997	0.619654	-2.216909	150	30	6	749.229
-2.879793	2.719179	-1.780644	148	16	166	749.224
0.261799	2.704512	1.488683	143	166	159	749.104
-1.570796	1.683268	0.374177	156	145	152	749.070
-1.047198	1.696674	-1.253233	148	164	8	749.050
-0.785398	2.138223	1.678323	20	18	126	748.881
0.261799	0.674054	1.013609	15	24	142	748.830
1.047198	0.700570	1.559208	153	41	7	748.754
-2.879793	2.404280	-0.174044	147	19	16	748.682
2.617994	1.606104	-0.451151	164	14	130	748.664
-2.356194	2.251330	-2.330739	143	156	1	748.594
-1.047198	0.458961	-0.107937	155	167	27	748.557
-2.617994	2.104282	-0.813972	161	28	12	748.394
-0.261799	1.301460	-0.509251	17	14	121	748.323
2.879793	0.615174	-0.666022	5	24	134	748.287
1.570796	2.138223	1.678323	165	23	33	748.106
-1.308997	1.247695	1.809890	158	14	121	747.970
-0.261799	1.948085	-2.363031	20	8	162	747.955
0.785398	2.180315	-1.357379	146	31	128	747.925
-1.308997	1.440580	2.260026	167	6	125	747.909
-0.785398	1.135813	-2.658866	157	155	23	747.876
-2.356194	2.247462	0.191623	164	156	143	747.837
1.047198	1.045978	0.343692	13	20	143	747.800
-1.047198	1.214854	-1.966664	18	16	155	747.605
1.570796	1.977582	0.969896	155	10	122	747.456
1.832596	2.863997	0.549740	3	14	129	747.343
0.000000	1.846342	-1.796954	18	7	29	747.212
-2.094395	0.496451	0.593859	13	4	140	747.063
-0.785398	0.961715	0.014085	143	27	9	747.023
-2.356194	0.929350	-2.910676	18	23	132	746.994
-2.879793	1.812176	0.656819	166	36	139	746.991
1.832596	1.569311	-3.003978	152	30	143	746.979
1.047198	2.108018	1.311430	15	3	149	746.937
-1.570796	1.433411	-1.035986	156	19	23	746.656
2.094395	2.063651	-2.044600	20	6	4	746.538
0.785398	1.310100	1.488307	157	159	140	746.532
-1.308997	2.863997	0.549740	166	20	130	746.445
-0.785398	1.168678	2.108595	162	8	127	746.440
1.308997	1.325504	-1.671296	164	22	29	746.267
2.094395	0.615174	-0.666022	160	146	29	746.229
-2.356194	1.875281	0.107086	164	30	12	746.184
-1.047198	2.984978	1.954446	137	0	0	746.120
2.094395	2.579248	-2.364801	8	160	140	746.089
2.094395	1.606104	-0.451151	9	19	139	745.892
-3.141593	2.251330	-2.330739	145	165	4	745.709
1.308997	0.866955	-0.931351	148	9	16	745.699
-0.261799	2.587733	0.232235	136	14	159	745.473
0.785398	0.370812	-2.547742	149	6	18	745.405
2.617994	1.014500	0.906702	144	18	141	745.370
0.000000	1.256302	0.062705	27	21	131	745.333
-0.785398	2.760637	2.781135	138	2	157	745.323
0.785398	2.587733	0.232235	0	5	133	745.313
2.617994	1.869911	2.701025	19	20	8	745.284
-0.523599	1.977582	0.969896	156	148	166	745.056
-2.356194	1.301460	-0.509251	162	25	18	745.055
-1.570796	1.998705	2.370472	160	143	142	744.976
-1.047198	1.374601	-2.456031	16	2	154	744.771
2.879793	1.812176	0.656819	24	1	140	744.686
1.832596	2.073035	2.027405	5	12	129	744.633
-0.523599	2.456751	-1.503343	10	22	123	744.529
2.356194	2.299159	2.264663	3	156	138	744.513
2.356194	1.374601	-2.456031	15	22	19	744.512
-3.141593	2.379497	0.561089	34	162	12	744.481
1.570796	2.041297	-2.664597	22	0	2	744.383
-2.356194	1.569311	-3.003978	24	18	141	744.338
-1.047198	2.579248	-2.364801	151	8	143	744.190
1.308997	2.001437	0.381215	6	7	135	744.016
-2.356194	0.733948	3.021411	20	23	135	744.012
2.356194	1.506530	1.988858	147	167	14	743.916
0.000000	1.683268	0.374177	13	144	144	743.864
1.832596	2.343981	-1.040456	15	11	143	743.847
-3.141593	1.998705	2.370472	4	29	20	743.822
-2.094395	2.979456	-1.009304	28	6	152	743.763
1.047198	2.704512	1.488683	30	10	11	743.333
-0.785398	1.195355	1.200319	20	16	146	743.259
2.094395	1.617114	-1.572037	21	16	22	743.233
-2.356194	0.850607	-1.335383	154	27	8	743.229
-1.047198	1.617114	-1.572037	147	162	165	743.194
1.047198	2.863997	0.549740	167	8	130	742.896
-2.094395	1.683268	0.374177	161	0	137	742.875
-3.141593	0.850607	-1.335383	160	147	4	742.874
0.523599	2.478122	2.609777	22	29	143	742.710
-1.570796	1.413347	-1.339188	153	15	19	742.683
1.570796	0.203748	0.590255	6	31	138	742.648
-3.141593	1.391910	3.030322	20	4	141	742.643
2.617994	2.637879	2.121598	0	17	127	742.573
-2.617994	1.433411	-1.035986	14	9	146	742.486
-2.617994	1.741644	-2.695914	21	12	135	742.415
0.523599	0.899350	-2.069907	14	27	28	742.342
0.785398	1.134497	-1.109631	157	159	140	742.179
-0.523599	2.180315	-1.357379	164	140	146	742.146
-3.141593	1.310100	1.488307	21	165	154	741.927
2.617994	2.724429	-0.348782	9	18	133	741.891
-1.047198	1.242974	-2.977882	155	154	20	741.883
2.879793	0.709924	0.218797	31	13	142	741.510
-1.308997	2.073035	2.027405	149	160	157	741.470
-1.308997	0.992645	-1.723759	5	166	134	741.396
2.094395	1.506530	1.988858	153	14	26	741.371
1.047198	0.866395	-2.492918	0	160	29	741.198
-2.356194	1.168678	2.108595	1	145	135	741.194
2.094395	1.574060	2.783565	143	8	27	741.045
-0.523599	2.760637	2.781135	135	162	7	741.019
-2.617994	2.637879	2.121598	166	150	138	740.941
2.356194	1.846342	-1.796954	19	9	4	740.773
-1.570796	2.407836	1.410646	0	29	4	740.563
-2.356194	1.599406	1.426070	8	41	149	740.469
2.356194	0.619654	-2.216909	167	22	131	740.448
1.570796	1.025536	1.576859	14	16	122	740.395
1.308997	1.554776	0.100351	14	4	144	740.337
1.832596	1.736875	3.023612	155	36	139	740.274
-1.308997	2.349581	-2.702517	150	163	157	740.261
-0.261799	2.073035	2.027405	161	155	140	740.248
-2.617994	1.555207	1.708892	150	5	167	740.115
-0.261799	2.393226	1.857173	1	11	129	740.015
2.617994	0.899350	-2.069907	24	24	141	739.880
1.308997	1.135834	-1.431087	167	3	118	739.841
-0.261799	0.929350	-2.910676	2	165	34	739.838
-2.879793	0.866955	-0.931351	7	18	135	739.599
-2.879793	2.295480	1.008277	31	161	5	739.518
-1.570796	0.864993	2.278281	155	13	34	739.393
0.785398	2.349581	-2.702517	22	160	155	739.386
0.261799	0.733948	3.021411	14	1	145	739.339
1.047198	1.870545	-2.976234	19	20	139	739.332
-0.785398	1.683268	0.374177	148	159	150	738.854
0.000000	1.135834	-1.431087	11	21	28	738.845
-0.261799	1.683268	0.374177	6	16	136	738.840
-2.879793	2.863997	0.549740	14	149	137	738.691
-1.047198	2.153910	-1.714959	145	166	7	738.683
-3.141593	1.050534	3.042579	155	13	136	738.634
-0.785398	2.174483	2.653697	167	11	127	738.614
2.879793	1.756530	-2.105156	161	149	142	738.475
0.523599	2.404280	-0.174044	3	3	136	738.453
2.879793	0.619654	-2.216909	32	5	157	738.396
-0.523599	1.599406	1.426070	152	153	147	738.337
0.523599	0.910508	1.903534	12	155	23	738.268
-0.261799	0.640596	-2.797608	13	18	137	738.240
-2.617994	0.685216	-1.712745	154	33	5	738.181
-3.141593	1.367556	0.358405	154	11	135	738.067
1.308997	2.356369	3.005869	14	4	143	738.013
2.617994	2.984978	1.954446	0	151	139	737.916
-2.094395	1.128190	-2.288622	19	29	130	737.677
1.308997	2.863997	0.549740	2	9	131	737.631
-0.523599	0.831641	0.616218	146	163	21	737.627
2.094395	1.134497	-1.109631	17	9	145	737.409
-2.879793	2.108018	1.311430	24	159	166	737.250
2.617994	0.571433	-1.188419	17	167	134	737.226
1.047198	1.135834	-1.431087	165	4	118	737.128
1.832596	0.418037	1.360082	16	147	5	737.100
2.356194	1.809167	1.213774	157	9	119	737.088
0.261799	2.138223	1.678323	0	6	131	737.000
1.308997	1.128190	-2.288622	148	163	161	736.996
0.785398	1.721184	-0.153948	13	16	136	736.971
-2.356194	1.218453	2.777284	23	20	143	736.966
0.523599	1.195355	1.200319	7	9	119	736.887
2.879793	2.456751	-1.503343	2	30	39	736.701
0.523599	0.080730	-2.622036	157	166	130	736.477
-1.832596	2.592629	0.909713	3	24	129	736.467
-0.523599	0.709924	0.218797	135	13	152	736.344
-0.261799	2.455966	-0.641220	167	151	26	736.292
-1.047198	2.343981	-1.040456	142	167	29	736.282
-2.356194	1.367556	0.358405	149	13	21	736.271
-3.141593	1.766067	2.153843	160	22	23	736.162
0.261799	1.809167	1.213774	23	7	166	736.157
-0.261799	2.104282	-0.813972	161	158	32	736.107
0.523599	2.153910	-1.714959	19	6	28	736.055
-1.570796	1.325504	-1.671296	6	160	129	736.039
-1.047198	1.301460	-0.509251	148	156	15	735.872
-0.523599	1.168678	2.108595	165	10	127	735.841
-2.356194	2.343981	-1.040456	18	1	129	735.830
1.047198	1.195355	1.200319	1	6	118	735.777
1.308997	2.478122	2.609777	7	167	139	735.768
-3.141593	0.379747	-1.713059	145	167	167	735.750
-2.617994	2.863997	0.549740	138	163	154	735.735
0.523599	1.756530	-2.105156	23	13	35	735.708
-0.523599	2.724429	-0.348782	161	16	132	735.552
2.617994	1.872854	1.543456	20	23	135	735.497
-2.356194	0.203748	0.590255	150	3	10	735.259
-0.523599	1.218453	2.777284	154	33	18	735.188
-2.356194	0.370812	-2.547742	152	159	147	735.131
0.261799	1.448123	-2.163292	135	165	142	735.055
-2.879793	2.153910	-1.714959	22	5	130	734.824
1.570796	1.696674	-1.253233	17	12	146	734.773
0.785398	1.417623	-0.202254	145	164	31	734.764
-0.523599	0.591903	2.010408	156	151	145	734.745
-2.617994	1.812176	0.656819	160	31	138	734.661
-1.047198	0.419640	2.974122	4	134	5	734.641
-1.832596	0.906588	1.252948	146	4	3	734.505
0.261799	2.587733	0.232235	6	26	16	734.380
-1.832596	1.450119	-2.739050	144	160	9	734.374
-0.261799	0.458961	-0.107937	133	0	155	734.353
-2.617994	1.872854	1.543456	7	6	119	734.328
1.832596	1.335669	0.897240	150	166	150	734.228
1.832596	2.881233	-2.582574	17	157	22	734.196
-1.570796	2.299159	2.264663	158	155	144	734.180
0.523599	1.617114	-1.572037	12	10	38	734.030
2.356194	2.478122	2.609777	136	27	142	733.919
-2.617994	2.187132	-0.479875	157	9	129	733.846
-1.308997	0.080730	-2.622036	167	20	134	733.786
0.000000	1.948085	-2.363031	148	13	27	733.716
-2.879793	0.674054	1.013609	23	20	161	733.701
-1.047198	1.184361	0.625864	144	164	165	733.660
-0.785398	2.104282	-0.813972	8	25	12	733.644
-2.879793	0.591903	2.010408	160	9	33	733.545
-2.356194	1.413347	-1.339188	4	9	49	733.463
-2.879793	1.014500	0.906702	161	23	16	733.317
2.094395	1.247695	1.809890	8	21	128	733.170
-0.523599	2.187132	-0.479875	150	150	152	733.125
-0.785398	1.391910	3.030322	0	9	133	733.111
-0.785398	1.545873	-1.877082	16	19	158	733.037
-1.832596	0.379747	-1.713059	5	23	8	733.028
0.261799	1.872854	1.543456	151	16	139	732.756
0.785398	1.045978	0.343692	6	28	133	732.700
0.523599	2.349581	-2.702517	133	156	165	732.616
1.570796	1.440580	2.260026	153	13	25	732.568
-3.141593	2.863997	0.549740	33	163	19	732.545
-0.523599	0.458961	-0.107937	134	7	155	732.513
-2.094395	2.592629	0.909713	6	23	130	732.509
0.000000	1.756530	-2.105156	148	15	22	732.427
0.261799	1.417623	-0.202254	134	160	155	732.425
-1.832596	2.579248	-2.364801	150	18	136	732.394
-2.617994	2.393226	1.857173	20	154	3	732.348
0.785398	2.174483	2.653697	14	2	142	732.297
0.523599	1.256302	0.062705	137	158	14	732.273
0.261799	1.554776	0.100351	142	4	24	732.260
2.617994	1.242974	-2.977882	166	33	1	732.243
0.000000	0.992645	-1.723759	160	161	27	732.183
-0.523599	1.050534	3.042579	164	164	32	732.122
2.356194	2.579248	-2.364801	12	158	141	732.017
0.523599	1.433411	-1.035986	23	2	43	731.901
1.308997	1.256302	0.062705	155	154	23	731.830
2.879793	1.948085	-2.363031	159	157	145	731.827
-0.785398	2.979456	-1.009304	159	15	131	731.732
-1.832596	1.554776	0.100351	151	147	152	731.334
-0.261799	0.674054	1.013609	142	162	5	731.185
1.570796	2.979456	-1.009304	138	27	143	731.127
-1.308997	0.419640	2.974122	166	133	5	731.125
1.047198	2.724429	-0.348782	4	11	131	731.009
-1.308997	1.014500	0.906702	146	164	154	730.973
2.617994	1.699788	2.452890	145	19	126	730.924
-2.879793	2.393226	1.857173	7	3	135	730.882
1.308997	1.391910	3.030322	26	7	15	730.846
2.094395	0.458961	-0.107937	0	39	4	730.846
-1.570796	1.909857	-0.381669	151	28	143	730.845
-0.785398	0.640596	-2.797608	165	23	131	730.824
1.832596	2.138223	1.678323	162	23	37	730.814
-2.879793	2.592629	0.909713	167	23	130	730.760
0.785398	0.961715	0.014085	144	162	23	730.660
1.047198	2.164094	-2.991358	166	9	37	730.628
-2.094395	2.001437	0.381215	163	167	138	730.627
2.094395	0.850607	-1.335383	20	28	136	730.599
2.617994	2.456751	-1.503343	11	16	144	730.455
-0.523599	2.174483	2.653697	1	10	128	730.348
-2.617994	2.073035	2.027405	166	167	125	730.268
-1.832596	2.393226	1.857173	152	163	153	730.229
1.832596	2.587733	0.232235	12	150	19	730.152
0.523599	0.685216	-1.712745	148	158	144	730.116
-2.617994	2.164094	-2.991358	3	15	34	730.100
2.879793	1.836682	-0.676006	157	1	28	730.022
0.785398	1.448123	-2.163292	147	164	17	729.987
-1.832596	2.356369	3.005869	149	163	145	729.962
-2.356194	2.407836	1.410646	11	40	134	729.902
-0.523599	2.704512	1.488683	0	17	129	729.897
-2.617994	0.080730	-2.622036	146	155	160	729.738
-0.523599	1.606104	-0.451151	150	156	155	729.669
0.000000	1.413430	2.550734	20	14	129	729.650
-0.523599	0.640596	-2.797608	2	23	19	729.634
0.000000	1.335669	0.897240	13	15	144	729.546
2.356194	1.256302	0.062705	156	24	130	729.494
-2.617994	1.617114	-1.572037	157	24	17	729.426
2.617994	1.875281	0.107086	6	22	136	729.421
2.356194	1.413430	2.550734	11	166	143	729.417
-2.356194	1.014500	0.906702	14	27	3	729.191
0.000000	2.979456	-1.009304	167	12	130	728.912
1.047198	0.961715	0.014085	148	158	23	728.889
-2.356194	2.174483	2.653697	163	153	138	728.844
1.570796	1.545873	-1.877082	162	22	26	728.830
0.000000	1.658653	-2.409879	21	16	160	728.823
-3.141593	1.488617	1.159546	23	167	154	728.798
0.785398	1.050534	3.042579	14	31	137	728.723
-2.879793	1.696674	-1.253233	163	162	30	728.674
-2.356194	0.674054	1.013609	13	166	144	728.550
-0.785398	0.591903	2.010408	153	141	155	728.542
2.356194	2.187132	-0.479875	146	24	130	728.521
2.356194	2.108018	1.311430	162	164	125	728.385
-1.832596	1.440580	2.260026	146	0	164	728.310
1.308997	0.866395	-2.492918	3	160	29	728.228
-0.523599	1.045978	0.343692	137	11	153	728.061
2.356194	2.041297	-2.664597	145	26	22	728.051
-1.047198	1.977582	0.969896	150	161	146	728.002
2.879793	2.760637	2.781135	159	154	141	727.969
-2.356194	1.450119	-2.739050	19	20	132	727.776
2.879793	1.242974	-2.977882	159	33	1	727.767
2.356194	1.545873	-1.877082	153	13	28	727.577
2.094395	1.977582	0.969896	9	149	141	727.509
-0.261799	0.866955	-0.931351	22	8	161	727.356
-2.879793	2.407836	1.410646	23	155	4	727.330
-1.570796	0.297065	2.160177	144	3	3	727.168
0.000000	1.050534	3.042579	24	14	138	727.049
-0.261799	0.831641	0.616218	31	15	142	726.962
-0.261799	2.063651	-2.044600	155	154	8	726.819
0.523599	1.374601	-2.456031	146	15	167	726.797
-2.094395	1.875281	0.107086	155	139	146	726.718
2.356194	0.899350	-2.069907	140	8	24	726.685
-1.570796	1.875281	0.107086	160	20	136	726.624
-0.261799	1.134796	2.434290	156	34	17	726.619
-0.523599	1.413430	2.550734	156	8	41	726.375
1.570796	1.195355	1.200319	21	9	17	726.293
-2.094395	0.203748	0.590255	156	153	26	726.244
1.832596	1.875281	0.107086	19	0	151	726.243
2.094395	2.637879	2.121598	1	19	30	726.056
-2.356194	2.073035	2.027405	151	161	1	725.967
-3.141593	1.195355	1.200319	22	10	153	725.887
2.879793	0.640596	-2.797608	138	8	13	725.845
2.094395	0.685216	-1.712745	149	151	35	725.823
2.094395	1.824694	1.850876	156	16	30	725.817
-0.523599	2.881233	-2.582574	141	25	18	725.809
-1.308997	0.733948	3.021411	158	153	27	725.778
1.832596	1.014500	0.906702	14	2	127	725.746
-2.356194	2.299159	2.264663	161	30	34	725.582
-1.047198	1.134497	-1.109631	152	162	26	725.527
-0.261799	2.356369	3.005869	31	0	156	725.442
1.570796	0.866955	-0.931351	163	161	137	725.415
2.617994	1.256302	0.062705	154	19	130	725.402
-2.356194	1.872854	1.543456	9	9	119	725.286
-1.047198	2.379497	0.561089	161	20	131	725.161
-3.141593	1.872854	1.543456	13	17	140	725.085
-1.570796	0.419640	2.974122	154	161	140	724.971
0.261799	1.506530	1.988858	20	19	130	724.941
-2.094395	2.704512	1.488683	160	159	145	724.821
0.523599	0.591903	2.010408	151	40	7	724.810
-0.523599	1.413347	-1.339188	152	156	158	724.649
-2.879793	1.741644	-2.695914	137	159	8	724.586
-3.141593	2.033014	2.977192	133	1	7	724.527
-3.141593	2.295480	1.008277	26	156	5	724.413
-2.094395	1.998705	2.370472	151	156	151	724.299
-0.261799	2.295480	1.008277	163	15	130	724.220
1.308997	0.290380	-0.796960	15	159	136	724.204
-1.047198	1.766067	2.153843	14	143	134	724.197
-1.047198	1.574060	2.783565	146	159	6	724.081
-1.832596	1.025536	1.576859	145	21	166	724.078
-2.094395	1.218453	2.777284	23	24	143	723.942
1.832596	0.458961	-0.107937	9	27	135	723.821
-1.570796	1.504028	0.636812	147	10	150	723.819
1.832596	1.134796	2.434290	3	25	132	723.765
1.832596	1.242974	-2.977882	153	30	141	723.731
2.094395	1.433411	-1.035986	13	8	142	723.699
-0.523599	2.393226	1.857173	16	4	29	723.663
-2.094395	1.836682	-0.676006	156	24	15	723.541
1.832596	1.617114	-1.572037	23	13	22	723.417
2.879793	1.998705	2.370472	6	26	20	723.412
-0.785398	0.864993	2.278281	156	156	26	723.244
1.308997	1.301460	-0.509251	17	17	141	723.230
0.523599	2.379497	0.561089	31	24	21	723.093
-0.261799	1.812176	0.656819	13	21	141	723.050
-2.094395	1.374601	-2.456031	15	20	129	722.820
-2.356194	2.455966	-0.641220	12	163	133	722.779
-1.832596	0.419640	2.974122	21	161	7	722.693
1.047198	1.998705	2.370472	15	13	141	722.692
-0.523599	1.732874	-0.951685	152	151	165	722.608
0.785398	0.591903	2.010408	146	36	8	722.602
2.879793	1.450119	-2.739050	30	8	15	722.534
-0.523599	0.370812	-2.547742	162	14	132	722.498
1.308997	1.134497	-1.109631	154	15	15	722.375
2.617994	2.349581	-2.702517	26	3	153	722.278
-3.141593	2.089241	-0.114193	159	5	135	722.249
1.047198	0.906588	1.252948	8	4	119	722.227
-0.523599	2.407836	1.410646	166	13	129	722.119
0.785398	1.374601	-2.456031	19	25	21	722.034
1.570796	2.760637	2.781135	146	29	157	721.985
-2.094395	1.909857	-0.381669	157	25	10	721.824
0.523599	1.450119	-2.739050	142	14	4	721.815
-1.570796	1.214854	-1.966664	5	166	132	721.763
-1.832596	1.168678	2.108595	143	8	155	721.670
2.879793	1.195355	1.200319	18	9	134	721.562
-2.356194	0.700570	1.559208	10	160	145	721.448
-2.617994	2.138223	1.678323	6	0	124	721.372
2.617994	0.866395	-2.492918	152	24	143	721.353
2.356194	2.379497	0.561089	18	151	13	721.351
1.047198	1.301460	-0.509251	159	28	4	721.288
0.000000	2.724429	-0.348782	163	142	143	721.287
-2.094395	2.115563	0.685730	163	163	144	721.123
1.832596	1.214854	-1.966664	14	1	128	721.002
-1.570796	0.906588	1.252948	17	167	145	720.934
-0.785398	0.674054	1.013609	141	8	166	720.915
-0.785398	1.242974	-2.977882	17	6	142	720.900
-2.094395	1.025536	1.576859	152	0	19	720.851
-0.523599	2.108018	1.311430	152	159	142	720.750
2.617994	2.719179	-1.780644	17	155	17	720.726
-2.617994	1.658653	-2.409879	145	154	15	720.659
1.047198	1.488617	1.159546	16	0	149	720.617
-2.617994	1.195355	1.200319	20	10	163	720.532
-1.047198	1.510910	-0.740472	146	160	0	720.304
-1.308997	0.370812	-2.547742	13	20	9	720.278
-2.879793	2.478122	2.609777	160	20	11	720.044
1.832596	1.870545	-2.976234	150	30	146	720.033
-2.356194	1.836682	-0.676006	158	26	16	720.002
-2.617994	2.588535	-2.976617	151	22	134	719.999
1.308997	2.587733	0.232235	4	8	132	719.946
-0.261799	0.618092	2.539118	5	151	142	719.922
0.261799	1.195355	1.200319	150	3	141	719.894
0.523599	2.033014	2.977192	14	9	137	719.733
0.261799	1.045978	0.343692	138	162	7	719.654
-1.308997	2.587733	0.232235	162	22	131	719.649
0.261799	0.496451	0.593859	142	162	13	719.637
0.261799	0.418037	1.360082	161	140	147	719.614
-3.141593	2.724429	-0.348782	14	156	141	719.614
2.879793	1.413430	2.550734	144	26	130	719.600
-2.094395	1.721184	-0.153948	151	29	144	719.462
1.570796	0.618092	2.539118	13	32	136	719.287
0.523599	0.700570	1.559208	150	152	157	719.231
-2.356194	2.164094	-2.991358	24	18	148	719.130
1.570796	2.033014	2.977192	160	41	139	719.096
2.094395	2.455966	-0.641220	10	15	136	718.984
-2.879793	2.180315	-1.357379	13	165	128	718.904
2.356194	1.904882	-1.478089	0	167	123	718.890
-2.617994	1.450119	-2.739050	140	149	1	718.691
2.617994	1.662363	0.915448	4	4	119	718.637
-0.523599	2.404280	-0.174044	159	15	134	718.631
