80	1.2	0
-3.141593	1.413430	2.550734
-2.322931	0.517881	-3.083135
../2m99_monomer_m.pdb	-1.802	-0.776	0.114
../2m99_monomer_m.pdb	-1.209	0.253	-1.721
0.261799	1.662363	0.915448	3	7	77	1579.242
0.523599	1.977582	0.969896	4	7	4	1547.853
-0.523599	1.391910	3.030322	6	5	11	1541.140
-1.308997	1.374601	-2.456031	1	8	6	1503.400
-0.785398	1.450119	-2.739050	7	5	10	1502.836
0.261799	1.488617	1.159546	6	6	78	1488.425
-1.047198	1.374601	-2.456031	6	6	5	1477.223
-1.047198	1.135813	-2.658866	8	5	9	1465.041
-0.785398	1.135813	-2.658866	8	7	9	1456.445
0.523599	1.488617	1.159546	7	6	1	1450.734
-0.785398	1.242974	-2.977882	7	4	12	1429.795
-1.047198	0.929350	-2.910676	8	5	11	1423.352
0.785398	1.809167	1.213774	5	7	5	1414.372
-0.261799	2.455966	-0.641220	0	8	2	1409.500
-0.785398	0.929350	-2.910676	2	9	3	1406.557
-0.785398	1.374601	-2.456031	3	9	0	1404.131
0.523599	1.809167	1.213774	6	7	3	1398.748
-3.141593	0.591903	2.010408	2	9	9	1389.349
-0.523599	1.050534	3.042579	5	6	11	1388.894
-0.261799	1.218453	2.777284	11	5	9	1380.968
-0.261799	0.914445	2.687814	7	7	7	1378.161
0.261799	2.115563	0.685730	79	10	1	1364.527
-2.094395	1.335669	0.897240	0	71	73	1360.183
-1.047198	1.448123	-2.163292	7	6	5	1356.153
0.523599	1.662363	0.915448	5	6	79	1353.626
0.523599	1.699788	2.452890	10	8	11	1350.431
-0.261799	2.187132	-0.479875	2	8	2	1341.047
0.523599	2.295480	1.008277	3	8	6	1332.545
-2.879793	1.869911	2.701025	3	76	14	1327.041
-0.785398	1.736875	3.023612	7	5	12	1326.766
-0.785398	1.256302	0.062705	4	10	3	1326.059
-0.523599	1.450119	-2.739050	5	6	10	1321.860
-0.785398	1.569311	-3.003978	7	5	11	1321.801
0.785398	2.295480	1.008277	1	8	7	1318.931
-0.785398	2.343981	-1.040456	76	11	0	1312.891
2.356194	1.756530	-2.105156	5	71	6	1311.578
2.617994	1.846342	-1.796954	7	71	3	1311.049
2.617994	1.904882	-1.478089	4	70	0	1309.516
-0.261799	1.391910	3.030322	9	8	6	1308.977
-2.356194	1.195355	1.200319	78	71	71	1290.964
0.261799	1.977582	0.969896	3	8	0	1284.981
2.094395	0.297065	2.160177	78	17	1	1284.324
-1.308997	1.448123	-2.163292	3	8	1	1279.744
2.617994	2.984978	1.954446	79	4	12	1279.581
2.879793	1.247695	1.809890	3	11	6	1278.869
-0.261799	1.998705	2.370472	7	0	15	1276.681
-0.261799	1.736875	3.023612	4	4	13	1276.471
0.261799	2.247462	0.191623	78	10	2	1275.850
2.356194	2.393226	1.857173	73	5	9	1274.930
0.000000	2.587733	0.232235	2	8	5	1274.520
0.785398	1.812176	0.656819	10	5	79	1273.692
1.832596	2.704512	1.488683	76	3	11	1271.473
0.523599	1.599406	1.426070	8	6	4	1270.416
-0.785398	1.448123	-2.163292	4	7	6	1267.660
-0.523599	2.299159	2.264663	7	79	15	1265.419
0.000000	1.574060	2.783565	4	5	11	1264.144
-1.047198	1.450119	-2.739050	2	5	10	1263.362
1.832596	2.407836	1.410646	73	6	8	1262.718
0.785398	1.488617	1.159546	5	7	2	1261.773
2.879793	1.025536	1.576859	1	12	5	1261.725
0.261799	2.033014	2.977192	3	4	14	1259.240
-0.261799	2.164094	-2.991358	5	77	16	1256.103
0.000000	2.115563	0.685730	2	10	1	1253.548
0.000000	1.134796	2.434290	12	5	9	1252.065
0.261799	0.700570	1.559208	10	3	75	1251.734
-2.094395	1.195355	1.200319	4	71	74	1248.943
0.523599	1.736875	3.023612	14	9	13	1246.030
2.879793	0.910508	1.903534	3	10	8	1243.316
0.785398	1.977582	0.969896	4	7	5	1242.643
-1.308997	0.866395	-2.492918	3	10	3	1239.963
0.261799	2.379497	0.561089	1	10	4	1239.266
0.261799	2.587733	0.232235	0	8	7	1238.875
0.785398	2.108018	1.311430	3	8	6	1235.363
-1.047198	1.948085	-2.363031	0	3	16	1235.151
-0.523599	1.998705	2.370472	7	1	15	1234.680
-2.617994	0.910508	1.903534	79	70	74	1234.462
2.617994	1.134796	2.434290	8	9	5	1230.619
-1.047198	1.741644	-2.695914	3	1	17	1230.004
0.000000	2.247462	0.191623	5	8	5	1229.566
2.094395	2.704512	1.488683	74	6	8	1229.256
-1.047198	1.658653	-2.409879	0	6	9	1228.329
-1.047198	2.719179	-1.780644	75	4	14	1228.285
-1.832596	0.961715	0.014085	3	14	74	1227.898
2.617994	2.637879	2.121598	76	1	12	1224.221
0.523599	2.379497	0.561089	78	11	79	1221.078
-1.308997	1.756530	-2.105156	10	5	6	1218.371
-1.047198	1.242974	-2.977882	8	5	11	1218.284
2.617994	1.756530	-2.105156	10	8	4	1217.883
1.047198	2.588535	-2.976617	10	79	16	1215.798
0.785398	2.592629	0.909713	1	9	6	1215.787
-0.785398	1.050534	3.042579	6	5	11	1215.677
-0.261799	1.367556	0.358405	7	2	72	1215.210
-0.523599	1.736875	3.023612	6	5	12	1214.702
-1.308997	1.948085	-2.363031	1	4	16	1213.232
0.000000	1.218453	2.777284	4	6	11	1212.411
0.261799	1.599406	1.426070	8	7	78	1210.108
-3.141593	1.025536	1.576859	7	9	9	1207.635
-1.570796	1.128190	-2.288622	1	9	5	1206.520
-1.308997	2.180315	-1.357379	2	8	18	1205.618
-1.047198	1.756530	-2.105156	8	4	13	1205.500
2.879793	1.982574	-1.115518	8	9	3	1204.929
-1.308997	1.128190	-2.288622	7	6	78	1204.917
2.356194	2.637879	2.121598	5	79	15	1204.640
2.879793	2.356369	3.005869	4	4	16	1204.397
0.261799	1.247695	1.809890	14	5	3	1203.630
0.261799	1.683268	0.374177	6	4	72	1202.911
-3.141593	0.910508	1.903534	2	10	8	1200.877
-0.523599	1.242974	-2.977882	9	7	6	1199.838
-1.047198	1.391910	3.030322	15	73	18	1199.319
0.261799	0.910508	1.903534	14	5	4	1199.150
-3.141593	0.700570	1.559208	79	11	7	1198.262
2.879793	0.418037	1.360082	77	17	77	1198.262
0.261799	1.869911	2.701025	19	5	14	1198.176
-1.832596	0.906588	1.252948	2	71	73	1198.147
2.356194	1.569311	-3.003978	6	9	2	1197.902
-2.094395	0.906588	1.252948	2	71	74	1197.725
0.000000	2.404280	-0.174044	79	10	2	1196.473
-0.785398	1.113094	-0.272241	3	10	6	1195.012
0.261799	1.506530	1.988858	9	4	11	1193.130
-0.523599	2.187132	-0.479875	9	5	79	1192.043
-3.141593	2.033014	2.977192	4	0	16	1191.540
0.261799	1.555207	1.708892	10	4	11	1191.200
1.832596	2.579248	-2.364801	8	74	12	1190.410
-1.308997	1.545873	-1.877082	0	11	9	1190.363
-0.523599	2.033014	2.977192	5	4	13	1187.986
2.356194	2.984978	1.954446	1	6	11	1187.577
-0.785398	0.733948	3.021411	13	4	8	1187.270
2.617994	2.073035	2.027405	73	3	10	1186.676
2.879793	1.195355	1.200319	5	10	8	1184.524
-1.308997	1.256302	0.062705	4	10	7	1183.471
0.261799	2.356369	3.005869	7	10	3	1183.000
0.785398	1.736875	3.023612	12	11	13	1182.725
-0.261799	2.033014	2.977192	4	3	14	1182.552
-0.523599	2.979456	-1.009304	1	6	10	1182.170
0.261799	1.736875	3.023612	77	1	13	1181.652
0.261799	1.310100	1.488307	9	5	77	1181.245
0.785398	2.164094	-2.991358	10	10	7	1181.228
-2.356194	1.812176	0.656819	4	71	72	1180.755
1.308997	2.588535	-2.976617	10	0	16	1180.037
-1.570796	2.704512	1.488683	11	71	9	1179.844
-0.523599	2.478122	2.609777	18	72	13	1178.928
-0.785398	1.391910	3.030322	7	5	11	1177.117
-2.094395	0.961715	0.014085	7	13	78	1176.997
-0.785398	2.164094	-2.991358	1	4	11	1175.520
-1.570796	2.664082	-1.071402	4	11	14	1175.462
-0.523599	1.870545	-2.976234	6	5	12	1175.336
-0.785398	1.756530	-2.105156	6	3	21	1174.433
-0.261799	2.153910	-1.714959	1	0	19	1173.441
0.523599	2.115563	0.685730	8	7	3	1173.430
-1.570796	1.014500	0.906702	4	72	73	1173.332
-1.047198	1.846342	-1.796954	79	9	14	1172.839
-1.308997	0.961715	0.014085	4	11	7	1171.913
-1.047198	1.736875	3.023612	8	5	12	1171.782
2.879793	2.760637	2.781135	4	4	13	1171.355
-0.261799	2.174483	2.653697	19	77	14	1171.200
0.000000	1.736875	3.023612	3	6	12	1171.133
-1.308997	0.762244	-0.273349	0	15	76	1170.070
-0.523599	2.455966	-0.641220	3	8	2	1168.676
-1.047198	2.180315	-1.357379	77	11	2	1168.082
-1.047198	1.574060	2.783565	8	5	13	1167.528
-0.785398	1.982574	-1.115518	3	8	5	1166.879
-2.094395	1.025536	1.576859	5	70	78	1166.818
-0.261799	1.869911	2.701025	14	0	15	1166.802
0.523599	2.164094	-2.991358	78	78	14	1166.467
-2.879793	2.033014	2.977192	4	78	15	1164.976
-1.308997	1.869911	2.701025	8	4	14	1164.948
-0.261799	1.875281	0.107086	8	6	77	1164.885
-2.879793	0.906588	1.252948	0	9	10	1163.558
-2.879793	2.164094	-2.991358	5	0	16	1163.190
-0.785398	2.664082	-1.071402	11	4	10	1159.272
0.523599	1.812176	0.656819	6	6	73	1158.910
0.000000	2.033014	2.977192	3	1	14	1157.866
-0.261799	1.134796	2.434290	12	4	8	1157.789
1.308997	2.881233	-2.582574	11	76	14	1157.092
2.094395	2.984978	1.954446	3	5	12	1156.336
0.523599	1.310100	1.488307	10	7	79	1156.292
2.617994	0.914445	2.687814	7	9	9	1155.125
-1.570796	0.961715	0.014085	1	14	74	1155.027
2.356194	1.846342	-1.796954	6	70	2	1154.498
0.523599	1.683268	0.374177	4	68	74	1153.250
1.308997	0.496451	0.593859	11	76	16	1153.225
0.523599	1.766067	2.153843	4	2	13	1152.735
2.879793	1.168678	2.108595	8	9	5	1152.408
0.785398	2.356369	3.005869	9	1	16	1152.335
-2.879793	1.998705	2.370472	4	0	16	1152.282
-0.261799	1.242974	-2.977882	8	9	7	1152.251
1.570796	2.349581	-2.702517	7	10	4	1151.839
-2.094395	1.506530	1.988858	11	75	11	1150.816
2.356194	2.153910	-1.714959	12	7	0	1150.643
-1.047198	2.456751	-1.503343	0	8	7	1149.738
1.308997	2.033014	2.977192	5	15	5	1149.654
-1.308997	1.450119	-2.739050	2	6	11	1149.163
-0.261799	2.299159	2.264663	7	78	15	1148.901
-1.047198	1.413430	2.550734	9	4	13	1148.898
-1.832596	2.349581	-2.702517	78	0	19	1148.108
-0.523599	2.637879	2.121598	6	77	14	1147.870
-1.832596	1.128190	-2.288622	5	9	10	1147.674
0.523599	2.587733	0.232235	77	8	3	1146.930
-1.308997	1.658653	-2.409879	78	9	3	1146.891
-1.047198	1.545873	-1.877082	9	6	12	1145.869
-3.141593	2.356369	3.005869	4	2	15	1145.689
-0.261799	1.413430	2.550734	7	2	15	1145.416
2.617994	2.180315	-1.357379	9	8	2	1145.104
-0.523599	1.218453	2.777284	12	3	9	1144.612
2.356194	2.396274	-1.959260	9	74	11	1144.453
2.879793	1.904882	-1.478089	7	10	4	1143.902
2.617994	1.218453	2.777284	10	9	1	1143.774
-0.785398	1.741644	-2.695914	1	5	10	1143.156
-1.308997	1.214854	-1.966664	5	6	77	1142.816
-1.570796	1.374601	-2.456031	2	9	5	1141.990
0.000000	1.662363	0.915448	4	7	77	1141.748
2.617994	2.299159	2.264663	4	79	16	1141.364
-0.785398	2.637879	2.121598	13	73	12	1140.323
0.000000	1.998705	2.370472	7	0	15	1140.215
-2.617994	2.349581	-2.702517	7	1	15	1139.891
-0.261799	2.478122	2.609777	12	76	14	1139.066
-0.523599	1.569311	-3.003978	4	3	14	1138.564
-3.141593	2.164094	-2.991358	5	1	16	1138.100
-2.094395	1.824694	1.850876	8	75	12	1137.781
0.785398	2.033014	2.977192	14	10	13	1137.659
1.570796	0.419640	2.974122	77	15	3	1137.238
-2.879793	2.104282	-0.813972	8	74	75	1137.154
0.261799	1.870545	-2.976234	11	8	7	1136.850
-0.523599	1.869911	2.701025	18	74	15	1136.819
1.047198	2.164094	-2.991358	8	11	7	1136.785
2.617994	2.393226	1.857173	70	78	9	1136.668
-0.785398	1.869911	2.701025	7	4	14	1136.536
-2.879793	2.349581	-2.702517	7	2	16	1134.833
-1.832596	1.766067	2.153843	10	76	12	1134.484
2.879793	2.299159	2.264663	5	79	15	1133.180
-1.832596	0.709924	0.218797	1	13	73	1132.905
-1.832596	1.014500	0.906702	3	72	73	1132.168
1.308997	1.569311	-3.003978	8	11	13	1131.420
2.879793	2.343981	-1.040456	9	71	76	1131.366
0.523599	1.555207	1.708892	9	4	11	1129.816
-1.047198	2.393226	1.857173	8	78	14	1128.857
0.523599	2.033014	2.977192	18	5	17	1127.406
2.617994	2.478122	2.609777	5	79	15	1127.314
1.570796	2.407836	1.410646	74	8	6	1126.830
-0.523599	1.135813	-2.658866	7	9	8	1125.904
-0.261799	1.766067	2.153843	14	4	5	1125.896
2.879793	2.174483	2.653697	5	78	15	1125.519
0.000000	1.247695	1.809890	11	5	75	1125.340
-0.261799	2.724429	-0.348782	4	6	11	1124.848
-0.261799	1.574060	2.783565	5	3	13	1124.661
2.356194	1.658653	-2.409879	12	7	5	1124.628
-2.356194	1.025536	1.576859	3	70	77	1124.203
0.000000	2.984978	1.954446	12	11	3	1123.023
-0.785398	2.299159	2.264663	7	79	15	1122.809
2.094395	1.812176	0.656819	78	67	73	1122.114
-1.047198	1.869911	2.701025	8	4	13	1121.953
-2.617994	2.164094	-2.991358	5	0	17	1121.907
0.261799	1.440580	2.260026	11	6	8	1121.229
-1.308997	1.413347	-1.339188	10	10	15	1120.490
2.617994	1.242974	-2.977882	5	9	9	1120.446
0.523599	2.760637	2.781135	7	76	14	1119.784
2.094395	0.591903	2.010408	0	17	79	1119.244
1.832596	2.588535	-2.976617	9	79	15	1119.106
-2.094395	2.579248	-2.364801	12	3	11	1117.941
2.356194	2.719179	-1.780644	13	76	13	1117.774
0.000000	2.174483	2.653697	20	0	14	1117.504
0.261799	2.760637	2.781135	7	75	13	1117.157
0.261799	1.812176	0.656819	2	8	75	1116.922
0.523599	2.356369	3.005869	19	2	16	1116.771
1.308997	1.741644	-2.695914	4	11	9	1116.631
1.308997	1.242974	-2.977882	7	11	12	1116.376
-0.261799	0.864993	2.278281	14	3	4	1116.225
-0.523599	0.914445	2.687814	7	5	12	1116.039
0.000000	1.699788	2.452890	6	2	14	1115.635
-0.523599	2.104282	-0.813972	3	8	1	1115.594
2.356194	0.591903	2.010408	77	16	79	1114.582
-0.261799	1.699788	2.452890	7	2	15	1113.739
-2.356194	0.591903	2.010408	78	70	75	1113.708
2.356194	1.448123	-2.163292	4	70	79	1113.285
-1.308997	1.135813	-2.658866	1	9	8	1112.999
-0.523599	1.824694	1.850876	16	76	8	1112.891
0.785398	1.574060	2.783565	7	15	3	1112.790
-1.832596	0.458961	-0.107937	79	16	77	1111.314
2.617994	1.310100	1.488307	3	12	2	1109.822
-0.785398	2.063651	-2.044600	78	2	21	1109.554
-3.141593	2.979456	-1.009304	15	77	11	1109.483
-1.832596	1.113094	-0.272241	7	14	0	1109.391
-1.047198	0.866395	-2.492918	8	6	79	1109.061
-1.308997	2.456751	-1.503343	0	6	18	1108.825
-1.308997	2.063651	-2.044600	8	4	14	1108.490
1.047198	0.496451	0.593859	11	76	16	1108.220
-1.047198	0.419640	2.974122	9	67	0	1107.924
-1.047198	0.762244	-0.273349	4	11	6	1107.781
-3.141593	1.998705	2.370472	4	79	16	1106.873
-0.261799	2.356369	3.005869	17	73	16	1106.766
-2.617994	1.869911	2.701025	5	75	14	1106.355
-2.356194	0.496451	0.593859	2	13	72	1106.099
-2.356194	1.998705	2.370472	8	79	15	1106.087
-1.570796	0.619654	-2.216909	10	4	78	1105.749
2.356194	1.977582	0.969896	77	68	72	1105.592
-0.261799	2.760637	2.781135	18	73	14	1105.252
-2.879793	2.478122	2.609777	1	79	14	1104.100
-0.785398	1.658653	-2.409879	4	7	7	1103.875
2.356194	0.297065	2.160177	76	15	0	1103.534
0.000000	1.869911	2.701025	13	2	15	1103.008
-0.261799	1.450119	-2.739050	7	8	4	1102.543
-2.356194	1.256302	0.062705	4	14	75	1102.182
0.785398	2.863997	0.549740	2	6	11	1102.169
0.000000	2.724429	-0.348782	2	8	7	1101.921
-0.785398	2.033014	2.977192	7	4	13	1101.418
1.570796	2.588535	-2.976617	9	78	14	1101.315
0.000000	2.001437	0.381215	2	9	6	1101.154
0.261799	1.195355	1.200319	7	5	76	1100.784
0.000000	1.168678	2.108595	12	4	5	1100.354
-0.785398	2.104282	-0.813972	9	5	77	1099.861
-0.523599	1.836682	-0.676006	78	11	5	1099.844
1.570796	1.242974	-2.977882	5	11	12	1099.740
2.879793	2.104282	-0.813972	10	8	2	1099.432
-0.261799	2.404280	-0.174044	1	9	0	1099.410
0.261799	1.824694	1.850876	10	2	12	1098.342
-3.141593	2.588535	-2.976617	5	5	15	1097.637
2.879793	1.617114	-1.572037	8	72	79	1097.437
0.785398	2.138223	1.678323	8	2	13	1096.806
0.000000	2.478122	2.609777	13	78	14	1096.562
-3.141593	1.736875	3.023612	4	78	16	1096.102
-3.141593	1.184361	0.625864	7	9	8	1095.994
0.523599	2.108018	1.311430	10	3	14	1095.964
1.308997	1.736875	3.023612	3	15	6	1095.942
1.308997	1.450119	-2.739050	7	9	15	1095.862
-0.523599	2.164094	-2.991358	4	76	15	1095.768
-1.832596	1.809167	1.213774	9	73	9	1095.060
1.047198	1.809167	1.213774	4	8	5	1094.773
-1.570796	0.899350	-2.069907	7	7	78	1094.677
-2.356194	1.662363	0.915448	1	70	72	1094.341
1.308997	2.356369	3.005869	9	5	17	1094.023
-2.356194	0.709924	0.218797	2	15	74	1094.006
0.000000	0.864993	2.278281	10	5	8	1093.811
2.356194	1.617114	-1.572037	5	12	77	1093.806
0.000000	1.569311	-3.003978	76	6	10	1093.633
-0.523599	0.929350	-2.910676	9	8	5	1093.233
-0.523599	2.396274	-1.959260	2	78	19	1092.804
-2.879793	2.174483	2.653697	5	0	15	1092.106
-3.141593	2.637879	2.121598	74	79	11	1091.808
1.832596	2.138223	1.678323	73	9	6	1091.753
-1.047198	1.128190	-2.288622	9	6	4	1091.575
0.261799	1.025536	1.576859	12	4	3	1091.436
-1.047198	0.961715	0.014085	3	11	7	1090.699
-2.617994	1.413430	2.550734	9	76	14	1090.394
-3.141593	2.174483	2.653697	2	2	15	1090.303
-2.094395	1.721184	-0.153948	7	14	73	1089.889
-1.047198	2.153910	-1.714959	11	5	7	1089.357
-2.356194	1.909857	-0.381669	8	14	76	1089.150
0.000000	2.760637	2.781135	12	75	14	1089.082
0.000000	0.591903	2.010408	15	3	4	1089.010
-0.261799	0.458961	-0.107937	1	79	17	1088.975
-1.832596	2.251330	-2.330739	2	0	20	1088.801
-0.261799	2.637879	2.121598	7	76	14	1088.490
-2.879793	1.736875	3.023612	5	77	16	1088.483
1.047198	2.863997	0.549740	75	7	8	1088.187
-1.047198	2.063651	-2.044600	7	4	14	1087.646
2.879793	1.998705	2.370472	4	77	15	1087.440
-0.523599	2.063651	-2.044600	3	0	20	1086.618
-0.785398	1.574060	2.783565	7	4	13	1086.174
2.879793	1.310100	1.488307	2	12	6	1085.305
2.356194	1.050534	3.042579	8	8	9	1084.800
1.570796	2.881233	-2.582574	12	10	4	1083.842
-2.356194	2.174483	2.653697	7	79	15	1083.418
2.356194	2.760637	2.781135	1	9	15	1083.330
-1.308997	0.929350	-2.910676	2	8	10	1083.297
-0.523599	2.343981	-1.040456	79	8	6	1083.031
-0.785398	1.998705	2.370472	17	72	11	1082.837
1.308997	0.709924	0.218797	11	74	14	1082.646
-2.617994	1.699788	2.452890	8	78	15	1082.180
0.523599	2.592629	0.909713	2	11	6	1082.055
-0.523599	2.138223	1.678323	16	77	7	1081.637
-0.523599	1.909857	-0.381669	78	12	2	1081.492
2.617994	2.153910	-1.714959	8	71	6	1081.373
0.261799	1.374601	-2.456031	4	10	79	1081.293
2.356194	1.904882	-1.478089	5	11	76	1081.193
2.094395	2.478122	2.609777	10	0	14	1081.079
-0.785398	2.393226	1.857173	8	79	14	1081.061
-0.523599	2.664082	-1.071402	77	4	16	1080.890
2.617994	1.545873	-1.877082	9	71	4	1080.665
-1.570796	2.251330	-2.330739	79	3	20	1080.545
1.570796	1.569311	-3.003978	5	12	13	1080.288
-3.141593	1.310100	1.488307	8	9	7	1080.222
-0.785398	1.134796	2.434290	9	4	13	1079.667
-0.261799	1.135813	-2.658866	5	11	9	1079.603
-2.094395	2.588535	-2.976617	76	0	16	1079.484
-1.308997	2.704512	1.488683	13	74	10	1079.360
-1.308997	1.433411	-1.035986	6	12	14	1078.759
2.094395	2.579248	-2.364801	9	75	12	1078.595
0.261799	2.001437	0.381215	6	6	76	1078.588
1.308997	1.977582	0.969896	9	8	1	1078.288
0.261799	1.504028	0.636812	3	3	67	1078.086
0.261799	2.174483	2.653697	20	3	13	1077.941
2.356194	2.979456	-1.009304	1	74	12	1077.469
-2.094395	1.998705	2.370472	1	68	12	1077.433
-2.356194	0.379747	-1.713059	3	78	17	1077.213
-0.785398	1.417623	-0.202254	0	11	4	1077.148
-0.523599	1.413430	2.550734	8	3	14	1077.070
-2.879793	1.870545	-2.976234	6	78	16	1075.267
-1.570796	2.579248	-2.364801	76	3	17	1075.245
0.261799	2.108018	1.311430	11	2	12	1075.234
-3.141593	0.906588	1.252948	1	11	5	1074.996
0.523599	2.863997	0.549740	1	8	7	1074.323
-3.141593	1.836682	-0.676006	3	11	0	1073.898
-2.356194	1.721184	-0.153948	8	13	73	1073.876
1.047198	1.413430	2.550734	78	76	14	1073.206
-0.523599	1.683268	0.374177	3	10	79	1073.095
0.523599	1.440580	2.260026	10	9	8	1072.748
0.785398	1.741644	-2.695914	8	9	8	1072.739
-1.832596	1.599406	1.426070	10	74	9	1072.368
-3.141593	1.195355	1.200319	2	11	8	1072.059
-0.261799	2.138223	1.678323	17	79	7	1071.592
-3.141593	2.299159	2.264663	4	1	15	1071.034
-1.308997	1.982574	-1.115518	4	10	16	1070.873
-0.785398	1.870545	-2.976234	1	4	11	1070.822
0.000000	0.910508	1.903534	15	2	3	1070.298
1.047198	1.736875	3.023612	6	14	6	1069.422
0.000000	2.164094	-2.991358	78	3	12	1069.174
-0.785398	1.662363	0.915448	2	10	74	1068.944
0.523599	1.870545	-2.976234	10	9	6	1068.769
2.094395	1.756530	-2.105156	5	70	6	1068.264
0.261799	2.295480	1.008277	12	2	12	1068.205
2.617994	1.448123	-2.163292	4	10	8	1068.190
-2.879793	1.413430	2.550734	8	75	13	1067.696
-1.047198	1.256302	0.062705	5	10	3	1066.655
-1.047198	1.569311	-3.003978	6	0	17	1066.449
0.261799	1.699788	2.452890	12	6	11	1066.020
2.356194	2.299159	2.264663	76	4	11	1065.965
-0.523599	1.417623	-0.202254	3	11	3	1065.562
-1.570796	1.214854	-1.966664	7	7	0	1065.562
0.261799	2.164094	-2.991358	16	78	19	1065.372
-1.047198	1.766067	2.153843	8	2	16	1065.285
1.047198	2.881233	-2.582574	9	74	13	1064.915
-1.308997	2.579248	-2.364801	75	0	17	1064.873
-0.523599	1.699788	2.452890	15	77	13	1064.246
-1.047198	2.637879	2.121598	11	71	12	1064.134
-1.832596	1.872854	1.543456	9	74	11	1063.751
-3.141593	2.664082	-1.071402	15	77	11	1063.614
-1.570796	2.881233	-2.582574	74	0	14	1063.051
-1.570796	0.762244	-0.273349	0	16	76	1063.031
-2.094395	2.174483	2.653697	8	0	15	1062.834
-2.617994	2.588535	-2.976617	13	1	14	1062.694
-1.832596	0.700570	1.559208	4	70	78	1062.671
-0.785398	2.251330	-2.330739	4	78	20	1062.576
0.785398	1.391910	3.030322	5	15	6	1062.512
-1.308997	2.664082	-1.071402	2	10	14	1062.238
1.832596	2.984978	1.954446	5	1	15	1062.091
-2.617994	0.674054	1.013609	79	8	11	1061.857
-2.094395	1.504028	0.636812	1	75	63	1061.801
-0.261799	2.984978	1.954446	16	78	11	1061.702
1.570796	1.948085	-2.363031	2	10	11	1061.462
0.261799	1.872854	1.543456	12	2	11	1061.183
2.879793	0.929350	-2.910676	73	68	2	1061.149
-0.785398	1.766067	2.153843	14	74	10	1061.107
-1.570796	1.256302	0.062705	0	15	75	1061.070
-0.261799	1.658653	-2.409879	2	9	7	1060.659
-1.047198	1.113094	-0.272241	78	15	77	1060.629
-1.308997	1.510910	-0.740472	5	12	11	1060.461
-1.570796	1.413347	-1.339188	13	9	15	1060.423
-2.094395	1.168678	2.108595	13	75	10	1060.366
-3.141593	1.721184	-0.153948	6	10	77	1059.994
-1.308997	2.719179	-1.780644	78	3	18	1059.857
-0.785398	0.571433	-1.188419	78	17	3	1059.266
-2.617994	2.174483	2.653697	7	0	15	1058.938
0.000000	1.766067	2.153843	14	7	5	1058.909
1.047198	2.478122	2.609777	8	1	15	1058.788
1.570796	2.164094	-2.991358	6	13	6	1058.480
0.261799	1.413430	2.550734	11	7	12	1058.428
-0.523599	1.554776	0.100351	2	10	4	1058.088
0.000000	1.413430	2.550734	12	5	11	1057.941
-1.308997	1.135834	-1.431087	12	10	14	1057.855
-2.094395	2.356369	3.005869	7	1	15	1057.542
0.523599	1.574060	2.783565	10	13	3	1057.494
-1.570796	2.979456	-1.009304	4	11	13	1057.318
-1.047198	1.699788	2.452890	8	3	15	1057.249
-1.570796	1.617114	-1.572037	1	15	6	1057.160
-2.617994	2.089241	-0.114193	9	72	79	1056.203
2.094395	2.138223	1.678323	71	6	7	1055.931
1.047198	1.741644	-2.695914	12	4	22	1055.090
1.047198	2.138223	1.678323	2	3	14	1054.681
-0.523599	1.574060	2.783565	6	4	13	1054.472
1.570796	1.658653	-2.409879	1	10	10	1054.096
0.523599	0.700570	1.559208	9	6	7	1053.959
-0.261799	2.393226	1.857173	17	79	9	1053.798
1.308997	1.948085	-2.363031	13	0	22	1053.708
1.308997	1.998705	2.370472	4	10	12	1053.702
-2.617994	2.041297	-2.664597	8	0	15	1053.558
0.785398	2.579248	-2.364801	16	72	18	1053.344
-0.261799	2.001437	0.381215	0	11	77	1053.340
-2.879793	2.356369	3.005869	3	2	16	1053.132
0.523599	1.301460	-0.509251	7	71	12	1052.809
-3.141593	1.741644	-2.695914	13	75	10	1052.462
-0.261799	0.379747	-1.713059	77	17	3	1052.414
-2.879793	1.574060	2.783565	3	76	15	1052.171
-0.785398	2.138223	1.678323	15	76	7	1051.870
-2.617994	2.299159	2.264663	2	2	15	1051.727
0.523599	1.741644	-2.695914	13	2	22	1051.640
1.308997	2.592629	0.909713	74	7	7	1051.372
-2.356194	0.700570	1.559208	74	71	74	1051.195
0.261799	1.574060	2.783565	78	2	14	1050.699
-1.570796	1.135813	-2.658866	3	9	7	1050.629
2.617994	1.168678	2.108595	10	8	4	1050.150
0.785398	1.242974	-2.977882	4	14	7	1049.846
-0.261799	0.618092	2.539118	13	5	7	1049.791
0.523599	1.247695	1.809890	9	5	11	1049.277
-0.523599	1.721184	-0.153948	2	10	4	1049.195
-1.570796	2.349581	-2.702517	78	78	19	1049.058
0.000000	2.379497	0.561089	4	11	4	1049.006
0.261799	0.640596	-2.797608	2	17	3	1048.981
-1.832596	1.374601	-2.456031	4	8	11	1048.918
0.785398	1.658653	-2.409879	4	9	9	1048.906
0.523599	2.588535	-2.976617	4	77	15	1048.805
2.617994	1.374601	-2.456031	4	10	7	1048.647
-2.356194	1.869911	2.701025	9	79	15	1048.142
-2.879793	2.979456	-1.009304	12	11	6	1047.635
2.879793	1.545873	-1.877082	9	10	6	1047.536
-2.094395	1.909857	-0.381669	8	15	76	1047.373
2.879793	1.134796	2.434290	10	9	3	1047.303
2.879793	2.478122	2.609777	6	79	15	1047.207
1.832596	0.458961	-0.107937	12	78	16	1047.127
0.785398	1.662363	0.915448	10	6	0	1046.785
2.879793	1.741644	-2.695914	12	74	10	1046.685
-1.047198	1.982574	-1.115518	1	10	16	1046.128
-3.141593	2.760637	2.781135	2	4	14	1045.955
2.879793	2.393226	1.857173	72	79	10	1045.855
-0.261799	1.741644	-2.695914	5	6	12	1045.509
1.570796	0.496451	0.593859	14	78	15	1045.178
2.879793	2.164094	-2.991358	6	1	16	1045.158
-1.047198	0.674054	1.013609	7	71	75	1045.149
1.047198	2.108018	1.311430	2	8	6	1044.990
0.000000	1.872854	1.543456	11	2	12	1044.782
-0.523599	1.741644	-2.695914	5	5	11	1044.709
-2.094395	0.709924	0.218797	3	14	73	1044.593
0.785398	1.824694	1.850876	1	3	14	1044.432
0.523599	1.335669	0.897240	7	3	68	1044.428
-1.570796	1.870545	-2.976234	11	6	10	1044.380
-0.261799	0.850607	-1.335383	5	77	17	1044.262
-0.523599	2.393226	1.857173	8	78	15	1044.123
2.879793	2.180315	-1.357379	8	71	6	1043.771
1.308997	2.041297	-2.664597	6	11	9	1043.691
-2.094395	2.164094	-2.991358	79	78	19	1043.393
-1.570796	1.948085	-2.363031	12	5	7	1042.945
-0.261799	2.587733	0.232235	4	12	7	1042.858
1.047198	1.869911	2.701025	7	16	2	1042.679
-1.570796	2.396274	-1.959260	5	5	13	1042.613
-2.356194	2.041297	-2.664597	13	3	10	1042.593
0.785398	0.418037	1.360082	12	75	15	1042.318
-1.832596	1.606104	-0.451151	4	18	76	1042.234
0.523599	1.998705	2.370472	4	1	13	1042.157
-1.570796	1.756530	-2.105156	3	9	16	1042.105
2.617994	0.700570	1.559208	78	16	76	1042.010
-1.308997	2.164094	-2.991358	7	73	17	1041.845
2.879793	1.869911	2.701025	6	76	14	1041.773
0.000000	1.683268	0.374177	6	4	72	1041.647
0.000000	1.555207	1.708892	11	4	11	1041.307
0.523599	2.349581	-2.702517	17	76	20	1041.189
1.047198	1.948085	-2.363031	13	79	22	1041.105
-3.141593	1.875281	0.107086	6	8	74	1040.959
-1.308997	2.343981	-1.040456	3	11	15	1040.821
-0.523599	1.732874	-0.951685	2	9	12	1040.784
-3.141593	1.982574	-1.115518	9	75	75	1040.307
-2.617994	1.247695	1.809890	4	70	77	1040.165
-1.570796	2.041297	-2.664597	11	6	9	1040.163
0.523599	1.872854	1.543456	8	3	13	1040.014
1.570796	2.478122	2.609777	9	0	14	1039.933
-1.570796	2.063651	-2.044600	5	2	21	1039.781
1.308997	2.349581	-2.702517	12	8	12	1039.629
-0.523599	0.379747	-1.713059	10	13	12	1039.611
-1.570796	2.719179	-1.780644	12	3	11	1039.513
0.261799	0.762244	-0.273349	2	76	16	1039.319
-1.832596	2.881233	-2.582574	74	3	14	1039.215
1.047198	0.929350	-2.910676	78	16	6	1039.014
2.617994	1.721184	-0.153948	6	12	10	1038.768
0.000000	0.379747	-1.713059	0	14	2	1038.360
0.523599	2.478122	2.609777	5	8	12	1038.297
1.308997	1.658653	-2.409879	9	2	23	1038.267
0.261799	2.588535	-2.976617	4	76	15	1038.204
0.000000	2.356369	3.005869	18	75	16	1038.170
1.047198	1.569311	-3.003978	3	14	8	1038.102
2.879793	1.335669	0.897240	5	10	5	1037.973
-2.094395	1.870545	-2.976234	2	76	19	1037.846
-0.523599	0.960688	-0.577532	1	11	6	1037.785
-1.570796	0.458961	-0.107937	0	15	75	1037.692
-0.785398	1.904882	-1.478089	77	9	6	1037.662
-1.047198	2.984978	1.954446	3	74	12	1037.550
-1.308997	2.104282	-0.813972	5	12	13	1037.510
1.047198	2.033014	2.977192	8	13	5	1037.162
-2.094395	2.251330	-2.330739	1	7	20	1036.882
-2.879793	1.909857	-0.381669	6	71	78	1036.823
-1.047198	1.367556	0.358405	5	10	4	1036.819
-1.832596	2.108018	1.311430	9	73	10	1036.695
2.356194	2.349581	-2.702517	11	78	14	1036.687
-1.832596	1.506530	1.988858	11	75	11	1036.665
-0.261799	1.440580	2.260026	13	4	5	1036.401
0.523599	2.174483	2.653697	5	9	11	1036.261
1.570796	0.458961	-0.107937	10	77	17	1036.099
0.000000	2.089241	-0.114193	2	8	5	1036.096
2.617994	1.658653	-2.409879	4	10	5	1036.036
1.308997	0.419640	2.974122	78	17	4	1036.033
2.094395	0.618092	2.539118	76	15	2	1035.787
-0.523599	2.356369	3.005869	6	75	14	1035.769
-0.785398	2.719179	-1.780644	1	1	14	1035.684
1.308997	2.164094	-2.991358	8	12	7	1035.539
-2.617994	1.736875	3.023612	5	76	16	1035.317
-1.308997	1.846342	-1.796954	13	4	4	1035.209
-0.785398	2.180315	-1.357379	3	7	7	1035.154
2.879793	1.756530	-2.105156	8	10	6	1035.119
-0.523599	1.545873	-1.877082	3	6	20	1035.067
0.523599	1.824694	1.850876	3	3	14	1035.054
-2.617994	1.998705	2.370472	4	0	16	1034.615
1.047198	2.041297	-2.664597	15	1	21	1034.574
-3.141593	2.478122	2.609777	1	4	15	1034.522
1.047198	1.662363	0.915448	12	5	7	1034.353
1.570796	1.870545	-2.976234	5	12	7	1034.312
2.879793	2.033014	2.977192	11	79	14	1034.303
-2.356194	2.089241	-0.114193	9	11	75	1034.231
-2.094395	0.866395	-2.492918	5	66	3	1033.401
-0.785398	1.545873	-1.877082	7	6	12	1033.146
0.261799	2.180315	-1.357379	7	79	18	1033.127
-0.785398	0.615174	-0.666022	4	11	8	1033.047
2.879793	0.864993	2.278281	6	8	13	1033.008
-1.047198	2.704512	1.488683	7	76	14	1032.889
2.356194	2.478122	2.609777	5	77	15	1032.319
1.047198	2.174483	2.653697	9	7	15	1031.964
0.785398	1.448123	-2.163292	4	9	10	1031.891
-0.261799	2.089241	-0.114193	1	8	71	1031.356
2.356194	2.063651	-2.044600	10	9	8	1031.203
0.523599	1.569311	-3.003978	15	7	19	1031.100
-1.047198	2.396274	-1.959260	76	3	18	1030.985
-1.570796	2.180315	-1.357379	4	9	18	1030.963
-2.356194	2.343981	-1.040456	16	13	10	1030.943
-2.356194	1.699788	2.452890	8	77	14	1030.673
0.000000	1.977582	0.969896	12	3	12	1030.462
1.832596	1.766067	2.153843	78	0	13	1030.396
-1.832596	0.866395	-2.492918	5	9	8	1030.348
1.570796	2.984978	1.954446	1	10	12	1029.902
2.879793	0.591903	2.010408	6	7	13	1029.898
-2.356194	1.504028	0.636812	77	71	71	1029.866
-1.047198	1.214854	-1.966664	4	7	77	1029.797
0.261799	1.741644	-2.695914	13	1	22	1029.671
-0.523599	2.073035	2.027405	10	79	13	1029.613
1.832596	0.914445	2.687814	78	16	4	1029.284
-1.047198	2.404280	-0.174044	7	13	8	1028.970
-2.879793	2.588535	-2.976617	13	79	14	1028.770
1.570796	2.138223	1.678323	8	3	14	1028.709
-0.523599	1.367556	0.358405	8	1	72	1028.253
-2.617994	0.496451	0.593859	1	15	0	1028.248
-2.094395	2.138223	1.678323	5	74	12	1028.228
0.785398	1.869911	2.701025	9	14	2	1028.028
-1.832596	2.356369	3.005869	7	1	15	1027.262
2.617994	1.128190	-2.288622	1	70	79	1027.054
0.785398	2.041297	-2.664597	8	9	8	1026.979
-2.879793	0.685216	-1.712745	79	1	16	1026.923
2.617994	2.760637	2.781135	5	6	14	1026.914
-3.141593	2.104282	-0.813972	7	73	74	1026.775
-1.047198	2.724429	-0.348782	6	12	10	1026.730
0.785398	2.247462	0.191623	11	70	78	1026.604
-1.832596	2.393226	1.857173	5	76	14	1026.516
2.617994	2.456751	-1.503343	9	71	7	1026.496
1.832596	2.356369	3.005869	9	79	14	1026.110
0.261799	2.863997	0.549740	1	11	9	1025.742
1.832596	0.618092	2.539118	78	16	2	1025.712
0.523599	1.134796	2.434290	78	2	15	1025.699
1.308997	2.407836	1.410646	76	9	5	1025.480
1.047198	2.356369	3.005869	9	3	16	1025.443
2.094395	2.393226	1.857173	3	0	16	1025.190
-1.308997	0.370812	-2.547742	4	76	17	1024.780
-1.308997	2.396274	-1.959260	76	6	17	1024.718
2.879793	2.588535	-2.976617	7	7	16	1024.601
2.094395	1.766067	2.153843	79	2	13	1024.502
-0.785398	2.456751	-1.503343	10	5	9	1024.413
-0.523599	2.174483	2.653697	18	73	14	1024.083
-0.785398	2.356369	3.005869	11	70	18	1024.021
-1.570796	1.606104	-0.451151	8	15	2	1023.723
-2.356194	1.045978	0.343692	9	11	3	1023.713
2.356194	0.864993	2.278281	75	15	1	1023.686
-0.523599	0.618092	2.539118	15	2	5	1023.624
-0.785398	2.979456	-1.009304	4	5	13	1023.566
1.570796	2.356369	3.005869	8	79	15	1023.361
-3.141593	2.724429	-0.348782	10	70	7	1023.332
1.308997	2.478122	2.609777	8	0	14	1023.195
0.000000	1.374601	-2.456031	12	6	21	1023.034
1.308997	2.251330	-2.330739	17	78	20	1022.554
-2.879793	0.674054	1.013609	79	14	78	1022.528
0.785398	2.588535	-2.976617	9	77	16	1022.396
0.523599	1.195355	1.200319	9	5	2	1022.360
0.785398	1.214854	-1.966664	6	7	15	1022.297
2.356194	2.356369	3.005869	10	79	14	1021.837
-0.261799	2.247462	0.191623	13	4	6	1021.737
-0.523599	1.374601	-2.456031	11	6	11	1021.703
-2.094395	2.073035	2.027405	5	76	14	1021.597
1.832596	2.478122	2.609777	10	0	14	1021.564
-0.523599	1.756530	-2.105156	5	3	21	1020.956
-3.141593	1.569311	-3.003978	12	75	11	1020.909
-1.308997	2.153910	-1.714959	79	9	18	1020.295
-2.094395	1.113094	-0.272241	11	14	1	1020.292
-2.094395	2.719179	-1.780644	2	9	17	1020.064
-0.523599	2.153910	-1.714959	5	2	18	1020.005
1.570796	0.733948	3.021411	78	15	4	1019.969
0.523599	1.413430	2.550734	79	1	15	1019.642
-1.570796	2.164094	-2.991358	11	6	11	1019.574
-2.617994	1.367556	0.358405	74	75	67	1019.562
0.785398	1.599406	1.426070	6	7	4	1019.474
2.879793	2.984978	1.954446	73	1	12	1019.234
-0.785398	2.153910	-1.714959	1	6	11	1018.787
0.000000	0.992645	-1.723759	7	74	16	1018.774
1.570796	2.704512	1.488683	79	8	9	1018.716
-2.356194	0.850607	-1.335383	0	2	16	1018.568
-2.094395	2.881233	-2.582574	75	6	14	1018.543
1.047198	2.251330	-2.330739	16	76	20	1018.225
-0.785398	2.984978	1.954446	5	73	11	1018.211
0.000000	1.440580	2.260026	13	4	9	1017.976
-1.832596	2.174483	2.653697	1	69	15	1017.917
2.617994	2.174483	2.653697	77	3	14	1017.750
-0.523599	1.977582	0.969896	2	12	75	1017.705
2.094395	0.458961	-0.107937	13	79	16	1017.404
-0.261799	2.979456	-1.009304	0	5	11	1017.294
-2.879793	2.881233	-2.582574	1	8	16	1017.263
-0.785398	1.440580	2.260026	9	3	15	1016.938
-1.308997	1.194549	-0.801900	5	13	11	1016.896
-3.141593	2.187132	-0.479875	8	8	78	1016.851
-1.570796	1.741644	-2.695914	11	6	8	1016.423
-3.141593	1.870545	-2.976234	6	78	16	1015.866
-1.570796	0.906588	1.252948	7	71	76	1015.661
-1.308997	2.863997	0.549740	12	12	0	1015.402
-1.308997	2.299159	2.264663	6	0	16	1015.154
0.785398	1.450119	-2.739050	11	7	21	1015.128
2.879793	2.396274	-1.959260	16	0	13	1014.855
-1.570796	1.658653	-2.409879	0	9	3	1014.749
-1.832596	2.704512	1.488683	9	68	8	1014.737
0.261799	1.168678	2.108595	8	5	11	1014.448
-2.617994	0.591903	2.010408	79	71	72	1014.160
-1.047198	0.640596	-2.797608	8	8	6	1014.002
-1.832596	1.301460	-0.509251	10	13	8	1013.955
-1.570796	2.456751	-1.503343	1	8	18	1013.529
-3.141593	2.349581	-2.702517	8	3	15	1013.432
-0.785398	1.367556	0.358405	9	1	73	1013.378
-1.047198	2.073035	2.027405	13	73	9	1012.869
-0.261799	0.929350	-2.910676	8	11	6	1012.539
-0.785398	1.977582	0.969896	3	11	75	1012.170
2.617994	1.555207	1.708892	4	12	4	1012.133
0.000000	2.588535	-2.976617	16	72	17	1011.880
2.617994	0.618092	2.539118	7	8	11	1011.856
-2.617994	2.187132	-0.479875	10	76	73	1011.846
0.785398	2.251330	-2.330739	14	75	20	1011.602
-0.523599	1.510910	-0.740472	78	11	4	1011.279
1.047198	2.299159	2.264663	8	1	14	1011.188
2.094395	2.637879	2.121598	5	79	15	1010.849
-1.047198	2.664082	-1.071402	12	3	9	1010.817
1.047198	1.872854	1.543456	7	4	13	1010.648
-2.094395	1.766067	2.153843	10	76	13	1010.513
2.617994	1.998705	2.370472	76	2	12	1010.450
0.000000	0.929350	-2.910676	6	14	6	1010.417
-0.523599	2.587733	0.232235	5	13	8	1010.364
2.356194	2.073035	2.027405	72	4	9	1010.181
-2.617994	1.569311	-3.003978	14	77	10	1010.040
2.356194	1.128190	-2.288622	7	71	2	1009.943
1.047198	1.870545	-2.976234	14	7	20	1009.674
2.879793	2.073035	2.027405	71	75	9	1009.561
0.000000	0.866395	-2.492918	2	15	7	1009.498
2.617994	1.569311	-3.003978	9	74	11	1009.490
-2.617994	0.379747	-1.713059	6	66	0	1009.472
1.308997	2.984978	1.954446	4	11	12	1009.376
-2.879793	0.618092	2.539118	75	69	79	1009.364
-0.785398	1.413430	2.550734	7	4	14	1009.324
-1.570796	1.545873	-1.877082	13	6	12	1009.196
1.832596	1.869911	2.701025	1	0	14	1008.975
-1.570796	2.033014	2.977192	3	70	19	1008.819
-1.570796	1.872854	1.543456	14	71	4	1008.747
-1.570796	0.674054	1.013609	4	73	72	1008.458
2.094395	2.588535	-2.976617	10	79	14	1008.391
-1.308997	1.696674	-1.253233	4	10	17	1008.369
0.523599	0.640596	-2.797608	0	17	4	1008.227
-1.308997	2.041297	-2.664597	10	7	9	1008.176
2.094395	2.349581	-2.702517	8	79	15	1008.031
-1.570796	2.153910	-1.714959	16	2	5	1007.837
-1.832596	2.033014	2.977192	1	71	19	1007.710
-2.356194	0.910508	1.903534	4	70	78	1007.494
-2.356194	2.588535	-2.976617	13	1	14	1007.365
-0.261799	2.664082	-1.071402	77	1	16	1007.172
-2.356194	1.310100	1.488307	4	70	78	1007.097
-1.308997	0.899350	-2.069907	7	6	78	1006.831
-2.356194	2.349581	-2.702517	0	79	19	1006.780
-2.094395	0.379747	-1.713059	2	0	18	1006.591
1.047198	1.555207	1.708892	5	2	18	1006.553
-2.094395	1.662363	0.915448	1	71	72	1006.411
-2.094395	1.977582	0.969896	4	71	6	1006.347
-1.047198	2.041297	-2.664597	7	76	20	1006.321
-0.261799	1.135834	-1.431087	5	75	16	1005.854
2.356194	1.374601	-2.456031	6	7	13	1005.803
-1.832596	1.417623	-0.202254	9	12	5	1005.688
1.308997	2.108018	1.311430	76	10	3	1005.488
-2.356194	2.356369	3.005869	76	78	17	1005.296
0.785398	2.881233	-2.582574	1	76	14	1004.829
-1.047198	2.379497	0.561089	7	13	73	1004.799
2.879793	1.736875	3.023612	11	78	14	1004.455
2.356194	1.545873	-1.877082	1	70	76	1004.432
-2.356194	2.455966	-0.641220	13	11	8	1004.418
0.000000	1.741644	-2.695914	11	5	13	1004.323
2.879793	1.135813	-2.658866	1	8	11	1004.322
-3.141593	1.545873	-1.877082	9	10	5	1004.213
2.617994	1.450119	-2.739050	3	10	9	1004.179
1.047198	1.450119	-2.739050	9	7	21	1003.666
-3.141593	1.391910	3.030322	18	78	11	1003.356
-1.570796	0.866395	-2.492918	8	7	79	1003.087
-2.617994	2.180315	-1.357379	13	13	9	1002.936
-0.785398	1.617114	-1.572037	8	7	17	1002.889
0.523599	1.658653	-2.409879	10	2	23	1002.867
-1.047198	1.417623	-0.202254	77	16	77	1002.855
0.785398	1.948085	-2.363031	12	78	22	1002.794
2.879793	0.700570	1.559208	7	7	11	1002.667
-1.308997	0.080730	-2.622036	6	76	17	1002.656
1.047198	0.733948	3.021411	79	18	1	1002.551
-1.047198	1.413347	-1.339188	8	10	15	1002.352
0.785398	0.929350	-2.910676	0	16	6	1002.284
-1.047198	1.662363	0.915448	3	9	73	1002.206
-1.832596	1.998705	2.370472	9	77	14	1002.182
1.308997	0.203748	0.590255	10	77	17	1002.070
-1.047198	0.290380	-0.796960	77	17	79	1001.895
-0.785398	1.606104	-0.451151	0	13	2	1001.640
-2.356194	2.592629	0.909713	8	69	6	1001.489
0.261799	1.134796	2.434290	11	7	9	1001.488
-2.617994	0.709924	0.218797	5	15	73	1001.472
-0.785398	1.301460	-0.509251	0	13	2	1001.428
-2.617994	1.134497	-1.109631	0	4	15	1001.299
-2.617994	1.440580	2.260026	6	73	11	1001.004
2.094395	1.504028	0.636812	0	68	71	1000.880
-1.832596	1.555207	1.708892	11	74	10	1000.867
-1.047198	2.979456	-1.009304	4	7	13	1000.613
-0.523599	1.658653	-2.409879	3	8	7	1000.519
-2.094395	1.256302	0.062705	9	12	77	1000.509
-1.308997	1.875281	0.107086	2	15	71	1000.428
2.094395	2.073035	2.027405	71	5	8	1000.344
2.879793	1.870545	-2.976234	5	79	16	1000.249
1.047198	2.073035	2.027405	6	10	9	1000.118
-1.832596	1.448123	-2.163292	15	1	11	999.838
-1.832596	1.721184	-0.153948	5	16	73	999.621
1.047198	0.914445	2.687814	3	18	79	999.612
-0.785398	0.458961	-0.107937	78	79	16	999.610
-0.785398	0.618092	2.539118	8	65	79	999.579
-1.832596	1.756530	-2.105156	14	4	5	999.477
0.000000	2.299159	2.264663	7	78	15	999.211
-2.879793	0.831641	0.616218	4	13	71	998.576
2.356194	0.866395	-2.492918	8	71	2	998.338
-1.832596	1.948085	-2.363031	12	4	8	998.260
0.785398	2.637879	2.121598	16	9	11	998.131
-1.832596	2.041297	-2.664597	1	0	21	998.115
0.000000	1.050534	3.042579	10	11	4	998.099
-0.261799	0.762244	-0.273349	0	76	16	998.093
1.308997	2.299159	2.264663	10	10	11	998.041
2.617994	2.979456	-1.009304	10	72	10	997.902
-0.261799	1.872854	1.543456	17	79	6	997.682
-2.094395	0.458961	-0.107937	2	17	76	997.111
-0.785398	1.948085	-2.363031	6	79	21	996.942
-1.047198	2.033014	2.977192	10	70	18	996.751
2.094395	1.374601	-2.456031	7	7	13	996.624
0.785398	2.407836	1.410646	10	2	13	996.504
0.523599	1.391910	3.030322	17	8	16	996.327
-0.261799	0.992645	-1.723759	6	75	16	996.292
-3.141593	1.909857	-0.381669	8	9	77	996.091
0.261799	2.041297	-2.664597	14	77	21	995.950
1.570796	2.637879	2.121598	5	79	15	995.431
2.094395	1.699788	2.452890	0	0	13	995.301
-3.141593	1.014500	0.906702	8	8	7	995.298
-1.047198	0.370812	-2.547742	6	76	17	995.283
-0.523599	2.984978	1.954446	7	75	13	995.203
-1.832596	1.824694	1.850876	10	74	11	995.133
1.047198	2.407836	1.410646	78	11	5	995.110
-2.356194	1.440580	2.260026	7	73	11	994.936
-2.879793	1.872854	1.543456	7	13	5	994.797
2.094395	2.356369	3.005869	10	79	14	994.755
2.356194	0.458961	-0.107937	13	0	16	994.550
-1.047198	0.685216	-1.712745	3	74	16	994.538
-2.356194	0.203748	0.590255	76	15	79	994.441
1.047198	2.704512	1.488683	2	11	9	994.425
-1.308997	1.836682	-0.676006	78	18	74	994.343
-3.141593	1.335669	0.897240	5	10	8	994.314
-0.261799	1.846342	-1.796954	2	3	20	994.313
-0.523599	1.766067	2.153843	15	77	11	994.234
-3.141593	1.869911	2.701025	2	78	15	994.156
-1.832596	2.456751	-1.503343	4	9	17	993.842
2.356194	1.450119	-2.739050	5	9	10	993.830
-1.308997	0.685216	-1.712745	2	76	16	993.708
-1.047198	2.104282	-0.813972	2	11	13	993.484
-2.356194	1.606104	-0.451151	8	15	76	993.469
-1.308997	0.290380	-0.796960	79	18	0	993.232
0.523599	1.194549	-0.801900	8	72	14	993.084
0.523599	0.418037	1.360082	8	74	16	992.646
-2.617994	2.760637	2.781135	0	2	14	992.546
0.261799	1.569311	-3.003978	16	6	19	992.528
-0.261799	2.704512	1.488683	13	11	7	992.472
-1.570796	1.242974	-2.977882	2	65	3	992.279
-1.832596	0.762244	-0.273349	4	15	1	992.240
0.523599	1.948085	-2.363031	11	77	22	992.209
0.000000	1.870545	-2.976234	1	68	74	992.014
0.261799	2.881233	-2.582574	0	76	13	991.867
-2.356194	2.115563	0.685730	3	71	4	991.764
-0.261799	1.824694	1.850876	17	78	8	991.610
-2.356194	1.875281	0.107086	8	10	72	991.532
-0.523599	1.662363	0.915448	0	11	74	991.517
0.000000	0.762244	-0.273349	1	75	16	991.512
-0.523599	1.948085	-2.363031	2	7	8	991.258
-2.094395	2.041297	-2.664597	1	1	21	991.244
2.356194	1.135813	-2.658866	6	7	12	991.164
0.785398	1.134796	2.434290	78	1	15	991.110
-2.879793	2.041297	-2.664597	14	76	10	990.956
-0.785398	2.073035	2.027405	14	75	10	990.835
1.832596	0.419640	2.974122	75	14	3	990.777
-1.047198	0.379747	-1.713059	4	10	71	990.738
-1.308997	0.419640	2.974122	7	64	0	990.671
0.523599	1.869911	2.701025	2	3	13	990.414
0.523599	1.134497	-1.109631	11	75	15	990.358
-1.570796	1.510910	-0.740472	7	13	11	990.315
-1.832596	1.617114	-1.572037	2	16	5	990.306
-1.570796	0.080730	-2.622036	2	76	17	990.295
2.617994	1.741644	-2.695914	11	8	4	990.096
0.261799	0.929350	-2.910676	3	15	6	989.574
2.617994	2.356369	3.005869	11	78	14	989.543
-0.785398	2.407836	1.410646	17	77	6	989.460
2.879793	2.664082	-1.071402	15	74	11	989.315
0.785398	1.545873	-1.877082	7	5	16	989.276
1.308997	2.396274	-1.959260	16	73	19	989.248
0.000000	1.242974	-2.977882	6	11	8	989.209
-0.261799	1.050534	3.042579	19	4	15	989.198
-0.523599	0.733948	3.021411	13	6	1	988.687
1.832596	1.948085	-2.363031	5	9	9	988.649
1.570796	2.041297	-2.664597	8	9	14	988.641
2.356194	2.164094	-2.991358	10	78	14	987.855
-2.617994	1.488617	1.159546	1	70	69	987.712
2.094395	2.251330	-2.330739	12	8	14	987.625
-1.308997	1.242974	-2.977882	14	75	20	987.208
2.094395	2.164094	-2.991358	9	78	14	987.176
0.000000	2.407836	1.410646	18	5	4	987.169
-2.356194	2.001437	0.381215	1	71	75	987.125
2.617994	0.864993	2.278281	9	8	8	987.115
-1.570796	1.417623	-0.202254	6	14	79	987.084
0.785398	1.506530	1.988858	3	1	17	987.040
-2.094395	1.606104	-0.451151	6	17	76	986.992
1.308997	2.637879	2.121598	4	0	15	986.689
-1.832596	2.588535	-2.976617	6	2	15	986.448
1.832596	2.349581	-2.702517	9	2	19	986.372
-0.785398	1.554776	0.100351	4	11	1	986.346
0.523599	2.073035	2.027405	10	8	9	986.278
0.785398	1.870545	-2.976234	15	5	20	986.230
2.617994	1.617114	-1.572037	10	8	8	986.066
1.570796	1.998705	2.370472	1	10	12	986.055
1.047198	0.203748	0.590255	8	76	17	986.040
1.832596	1.658653	-2.409879	79	10	11	985.831
1.308997	2.138223	1.678323	8	2	15	985.790
-1.832596	1.554776	0.100351	5	13	70	985.505
-1.570796	1.194549	-0.801900	8	12	11	985.162
-3.141593	2.041297	-2.664597	13	76	12	984.306
-2.356194	1.904882	-1.478089	11	14	11	984.195
2.094395	0.864993	2.278281	77	16	1	984.164
-0.785398	1.128190	-2.288622	12	7	10	983.825
0.000000	0.458961	-0.107937	1	79	17	983.682
-1.832596	1.870545	-2.976234	12	5	9	983.589
1.047198	1.050534	3.042579	1	17	3	983.575
-1.570796	1.448123	-2.163292	14	3	11	983.471
-2.356194	1.335669	0.897240	78	71	72	983.409
2.617994	1.413430	2.550734	9	9	3	983.282
-1.308997	2.979456	-1.009304	1	10	13	983.009
-2.356194	1.846342	-1.796954	16	2	12	982.897
-1.570796	1.599406	1.426070	11	74	9	982.858
0.261799	1.809167	1.213774	6	8	79	982.229
1.832596	0.203748	0.590255	13	78	16	981.990
-3.141593	1.504028	0.636812	77	13	7	981.878
1.047198	1.242974	-2.977882	1	15	7	981.780
2.879793	2.979456	-1.009304	15	74	11	981.706
2.094395	0.700570	1.559208	3	17	76	981.688
0.000000	1.658653	-2.409879	6	9	1	981.660
-2.094395	1.367556	0.358405	3	11	72	981.659
-1.570796	2.407836	1.410646	11	71	7	981.586
-2.094395	1.872854	1.543456	8	74	11	981.553
-0.523599	1.875281	0.107086	3	10	1	981.498
1.570796	0.914445	2.687814	4	15	11	981.482
0.523599	2.984978	1.954446	17	8	12	981.471
1.047198	1.977582	0.969896	9	7	1	981.415
-0.785398	1.909857	-0.381669	0	13	2	981.237
-1.308997	1.606104	-0.451151	6	15	2	981.131
-1.570796	2.174483	2.653697	5	67	15	981.103
0.523599	1.506530	1.988858	0	4	13	980.674
0.261799	1.325504	-1.671296	8	5	16	980.656
2.094395	1.242974	-2.977882	16	4	10	980.654
-1.047198	0.458961	-0.107937	78	2	16	980.647
2.356194	2.588535	-2.976617	11	79	14	980.619
-3.141593	1.574060	2.783565	77	74	14	980.593
-2.094395	1.948085	-2.363031	13	4	9	980.266
-1.308997	1.504028	0.636812	3	10	73	980.123
2.617994	2.719179	-1.780644	14	77	13	979.957
0.785398	2.063651	-2.044600	9	73	21	979.956
-1.570796	1.554776	0.100351	3	14	75	979.730
-0.785398	1.732874	-0.951685	5	10	12	979.685
1.570796	1.256302	0.062705	3	65	68	979.576
0.785398	2.478122	2.609777	9	1	15	979.109
0.523599	1.504028	0.636812	4	68	77	979.090
-1.570796	1.301460	-0.509251	6	15	3	979.049
-1.832596	2.073035	2.027405	7	76	14	978.925
0.000000	2.349581	-2.702517	12	73	21	978.882
2.617994	2.588535	-2.976617	7	6	16	978.848
-2.356194	0.906588	1.252948	75	72	70	978.749
1.308997	2.760637	2.781135	10	0	14	978.151
-2.617994	2.396274	-1.959260	12	7	17	978.142
0.785398	0.640596	-2.797608	79	17	5	977.800
-1.047198	1.977582	0.969896	5	10	75	977.782
2.617994	1.982574	-1.115518	1	12	77	977.557
-2.617994	1.574060	2.783565	10	78	14	977.265
-1.308997	1.909857	-0.381669	6	15	3	976.996
-0.523599	1.134796	2.434290	10	2	72	976.994
0.785398	2.349581	-2.702517	18	78	20	976.918
1.570796	2.579248	-2.364801	11	4	18	976.490
-1.570796	1.736875	3.023612	11	6	11	976.392
1.308997	1.135813	-2.658866	6	9	14	976.352
-0.261799	0.899350	-2.069907	7	74	15	976.298
0.523599	0.591903	2.010408	12	73	13	976.100
2.879793	0.674054	1.013609	0	17	74	975.799
-0.261799	1.569311	-3.003978	77	67	78	975.727
2.617994	2.063651	-2.044600	6	8	73	975.404
-2.356194	1.506530	1.988858	10	74	11	975.290
2.617994	2.343981	-1.040456	10	6	73	975.190
-1.832596	1.696674	-1.253233	15	9	14	975.103
2.617994	2.041297	-2.664597	10	77	14	975.005
-2.617994	2.073035	2.027405	77	70	9	974.927
1.570796	0.203748	0.590255	12	78	17	974.559
-2.617994	1.846342	-1.796954	16	1	12	974.434
2.879793	1.374601	-2.456031	2	10	9	974.151
-1.047198	2.251330	-2.330739	3	79	20	973.903
0.000000	1.812176	0.656819	2	7	75	973.854
-0.261799	1.870545	-2.976234	6	1	17	973.811
-1.308997	2.455966	-0.641220	5	13	13	973.695
-0.785398	1.846342	-1.796954	78	6	20	973.647
-1.308997	0.615174	-0.666022	79	17	0	973.488
-1.047198	2.299159	2.264663	6	0	16	973.386
0.261799	0.297065	2.160177	10	74	15	973.385
-2.879793	1.699788	2.452890	5	79	16	973.335
0.785398	0.910508	1.903534	79	5	15	973.183
0.261799	2.478122	2.609777	7	78	15	972.776
-1.308997	2.187132	-0.479875	7	13	10	972.431
-2.356194	2.881233	-2.582574	3	6	14	972.368
1.570796	2.108018	1.311430	68	9	79	972.250
1.308997	0.864993	2.278281	13	13	12	972.088
-2.094395	0.080730	-2.622036	11	64	79	971.693
-2.356194	1.683268	0.374177	76	72	69	971.624
-1.570796	0.640596	-2.797608	9	66	3	971.558
-2.094395	2.592629	0.909713	11	70	6	971.496
-0.785398	2.724429	-0.348782	3	12	10	971.016
-0.785398	0.619654	-2.216909	3	75	16	970.667
2.879793	1.569311	-3.003978	11	75	12	970.610
-1.047198	1.696674	-1.253233	7	10	15	970.551
0.523599	0.906588	1.252948	9	4	72	970.532
2.094395	1.732874	-0.951685	68	76	70	970.508
-1.047198	1.998705	2.370472	7	2	15	970.415
-0.785398	1.683268	0.374177	3	10	6	970.346
2.879793	2.089241	-0.114193	77	14	74	970.344
-2.356194	2.180315	-1.357379	11	15	8	970.196
-2.617994	1.870545	-2.976234	6	77	16	970.096
-0.785398	2.587733	0.232235	7	13	8	969.939
-1.047198	1.904882	-1.478089	5	7	79	969.691
1.047198	2.349581	-2.702517	17	1	19	969.481
-2.617994	2.356369	3.005869	12	79	14	969.466
-1.047198	2.174483	2.653697	7	3	14	969.259
0.000000	1.135834	-1.431087	7	72	14	969.163
-1.832596	2.579248	-2.364801	11	5	11	969.060
-1.570796	2.187132	-0.479875	10	13	10	968.981
-2.879793	2.760637	2.781135	0	4	14	968.897
-1.570796	0.571433	-1.188419	75	12	71	968.896
0.785398	1.998705	2.370472	9	9	12	968.849
-1.047198	2.356369	3.005869	7	68	17	968.772
2.879793	1.696674	-1.253233	8	10	5	968.771
0.785398	1.569311	-3.003978	13	8	19	968.732
-1.047198	2.592629	0.909713	11	10	76	968.388
1.047198	0.640596	-2.797608	78	15	6	968.083
-0.785398	2.455966	-0.641220	1	10	12	968.012
2.879793	2.637879	2.121598	73	1	12	967.758
-1.570796	0.685216	-1.712745	1	76	16	967.501
-0.261799	2.396274	-1.959260	2	77	19	967.387
-2.356194	1.367556	0.358405	6	11	78	967.320
-1.308997	2.588535	-2.976617	78	64	5	967.240
-2.879793	1.218453	2.777284	18	0	13	967.167
-0.261799	1.977582	0.969896	0	13	75	967.063
-2.356194	1.413430	2.550734	13	76	11	967.005
-1.308997	2.033014	2.977192	7	69	18	966.903
-0.523599	1.301460	-0.509251	1	11	8	966.871
0.261799	2.138223	1.678323	14	8	7	966.506
-3.141593	1.135834	-1.431087	2	6	15	966.410
-1.832596	1.450119	-2.739050	12	77	20	966.379
-1.570796	1.875281	0.107086	5	14	71	966.188
1.047198	1.998705	2.370472	7	10	12	966.083
-3.141593	1.413430	2.550734	1	74	13	965.579
-2.094395	1.554776	0.100351	6	12	70	965.473
-2.356194	1.554776	0.100351	71	71	71	965.268
-0.785398	0.080730	-2.622036	9	9	71	965.138
1.047198	2.393226	1.857173	9	2	14	964.876
-0.261799	1.756530	-2.105156	11	5	11	964.641
-0.785398	2.295480	1.008277	9	8	9	964.526
-0.261799	1.374601	-2.456031	4	9	6	964.510
-2.879793	2.073035	2.027405	74	73	9	964.408
-1.832596	0.685216	-1.712745	0	0	17	964.378
-1.047198	1.168678	2.108595	18	69	4	964.112
2.356194	1.218453	2.777284	16	5	10	964.042
-0.523599	1.617114	-1.572037	6	7	17	964.023
-1.047198	2.349581	-2.702517	6	75	19	963.700
1.832596	2.881233	-2.582574	9	76	13	963.587
0.523599	0.929350	-2.910676	1	16	6	963.516
1.308997	1.870545	-2.976234	13	8	20	963.465
-2.617994	0.864993	2.278281	2	71	73	963.343
-0.523599	2.724429	-0.348782	6	10	6	963.311
0.785398	0.080730	-2.622036	5	13	9	963.270
2.356194	2.295480	1.008277	77	67	74	963.201
2.617994	0.910508	1.903534	7	8	12	962.739
2.356194	1.732874	-0.951685	0	15	79	962.680
-1.308997	2.984978	1.954446	9	69	11	962.563
-1.832596	2.984978	1.954446	1	68	11	962.472
-2.617994	2.033014	2.977192	5	77	15	962.206
2.356194	0.700570	1.559208	1	17	76	961.928
0.000000	2.073035	2.027405	9	78	16	961.918
0.523599	0.203748	0.590255	0	16	79	961.918
0.000000	1.391910	3.030322	18	5	17	961.683
2.879793	0.290380	-0.796960	10	0	18	961.595
1.047198	2.063651	-2.044600	12	74	21	961.573
2.094395	1.948085	-2.363031	5	11	9	961.394
-1.832596	1.256302	0.062705	6	13	77	961.357
-0.785398	2.174483	2.653697	7	4	15	961.291
0.523599	1.510910	-0.740472	8	71	11	961.282
2.879793	2.153910	-1.714959	13	3	21	961.089
2.617994	2.033014	2.977192	5	76	14	960.985
-0.261799	1.809167	1.213774	1	11	74	960.946
-2.879793	2.299159	2.264663	3	2	15	960.829
-1.570796	1.450119	-2.739050	0	9	6	960.515
1.570796	1.450119	-2.739050	2	11	9	960.477
-2.617994	0.685216	-1.712745	4	66	1	960.391
-2.879793	1.195355	1.200319	79	11	9	960.061
0.261799	1.998705	2.370472	4	2	13	960.027
-0.523599	0.297065	2.160177	11	65	79	959.961
-0.785398	1.699788	2.452890	7	2	14	959.874
0.523599	2.299159	2.264663	10	3	14	959.782
0.261799	0.591903	2.010408	15	5	5	959.778
1.047198	2.579248	-2.364801	18	75	18	959.648
-2.879793	2.396274	-1.959260	14	6	17	959.627
-2.879793	2.187132	-0.479875	14	73	75	959.342
0.261799	1.766067	2.153843	5	3	13	959.333
-1.832596	1.741644	-2.695914	4	78	24	959.258
-1.308997	2.637879	2.121598	4	79	15	959.182
-1.308997	2.404280	-0.174044	9	13	8	959.014
1.047198	2.396274	-1.959260	14	71	19	958.718
0.000000	1.135813	-2.658866	3	13	9	958.652
-1.047198	0.899350	-2.069907	5	7	78	958.625
-1.308997	1.872854	1.543456	16	73	4	958.576
-2.094395	2.478122	2.609777	77	71	14	958.560
-1.308997	1.699788	2.452890	9	3	15	958.404
-2.094395	1.812176	0.656819	78	70	72	958.331
-1.047198	2.455966	-0.641220	3	12	12	958.158
-2.879793	1.569311	-3.003978	14	76	11	957.990
0.261799	2.349581	-2.702517	15	74	20	957.956
-1.832596	1.812176	0.656819	8	8	75	957.950
-1.047198	0.615174	-0.666022	0	15	77	957.831
0.785398	2.760637	2.781135	8	77	14	957.813
1.832596	0.864993	2.278281	0	17	2	957.586
-2.094395	2.349581	-2.702517	1	77	19	957.510
-2.094395	0.370812	-2.547742	6	64	1	957.395
0.000000	1.450119	-2.739050	6	9	5	957.263
-1.047198	0.571433	-1.188419	11	12	11	957.215
0.523599	2.251330	-2.330739	12	73	21	957.127
0.785398	1.310100	1.488307	10	5	10	957.030
0.000000	2.592629	0.909713	7	13	7	957.023
-1.570796	0.929350	-2.910676	5	65	4	956.893
0.523599	1.025536	1.576859	13	5	2	956.811
-2.617994	1.721184	-0.153948	8	73	77	956.722
-1.047198	2.001437	0.381215	3	13	70	956.562
0.523599	1.218453	2.777284	9	14	2	956.546
-2.617994	2.343981	-1.040456	19	10	10	956.462
2.094395	2.063651	-2.044600	6	70	5	956.422
-2.617994	2.881233	-2.582574	7	79	15	956.315
1.832596	1.870545	-2.976234	5	13	12	956.296
-1.570796	1.846342	-1.796954	13	4	4	956.295
0.523599	2.089241	-0.114193	10	69	78	956.285
-1.308997	1.617114	-1.572037	78	14	6	956.094
-2.094395	1.555207	1.708892	9	74	10	956.021
0.523599	2.138223	1.678323	8	1	14	955.962
-1.832596	1.875281	0.107086	7	12	71	955.899
0.000000	2.041297	-2.664597	13	76	22	955.771
2.879793	1.836682	-0.676006	3	11	79	955.617
0.261799	1.413347	-1.339188	9	72	13	955.209
0.785398	1.909857	-0.381669	9	71	72	954.867
-1.570796	1.982574	-1.115518	7	11	16	954.808
-2.356194	1.448123	-2.163292	7	10	10	954.804
0.000000	2.863997	0.549740	4	12	9	954.758
0.785398	2.299159	2.264663	8	1	14	954.636
2.879793	1.391910	3.030322	17	75	10	954.571
-0.785398	2.881233	-2.582574	77	63	1	954.450
2.094395	2.587733	0.232235	76	62	75	954.384
1.308997	0.762244	-0.273349	13	78	16	954.200
0.261799	0.418037	1.360082	11	66	76	953.902
1.047198	1.766067	2.153843	4	77	17	953.854
-1.570796	1.909857	-0.381669	2	18	77	953.846
-0.523599	1.872854	1.543456	16	77	6	953.803
1.047198	1.374601	-2.456031	8	8	16	953.697
-1.308997	2.089241	-0.114193	2	17	75	953.647
-1.047198	2.881233	-2.582574	75	65	1	953.620
-3.141593	2.455966	-0.641220	9	8	0	953.533
-1.308997	2.174483	2.653697	7	4	14	953.514
0.523599	2.041297	-2.664597	15	79	22	953.152
-1.570796	1.325504	-1.671296	15	6	18	952.940
0.785398	2.174483	2.653697	9	14	2	952.934
-2.879793	1.134497	-1.109631	2	6	15	952.651
-0.523599	0.571433	-1.188419	5	78	17	952.303
-2.356194	1.413347	-1.339188	12	1	77	952.163
-3.141593	1.218453	2.777284	17	77	13	951.920
0.523599	1.014500	0.906702	8	1	69	951.851
0.523599	2.579248	-2.364801	14	70	18	951.628
-0.261799	0.571433	-1.188419	5	78	17	951.580
-1.570796	2.104282	-0.813972	8	12	13	951.524
-2.094395	1.374601	-2.456031	6	8	11	951.465
-2.617994	0.850607	-1.335383	1	3	16	951.452
2.356194	1.242974	-2.977882	6	9	9	951.403
-1.308997	1.732874	-0.951685	5	12	14	951.242
1.047198	1.506530	1.988858	3	0	18	951.133
1.308997	1.555207	1.708892	4	1	18	951.116
-2.356194	2.299159	2.264663	7	0	16	951.082
0.000000	1.504028	0.636812	6	6	76	950.994
-0.785398	1.218453	2.777284	7	5	12	950.978
-2.356194	1.301460	-0.509251	7	16	77	950.828
-2.094395	2.984978	1.954446	0	70	12	950.564
-1.570796	1.683268	0.374177	4	12	73	950.352
-1.308997	1.134497	-1.109631	10	12	12	950.229
-1.570796	1.555207	1.708892	13	71	5	950.198
-1.570796	1.413430	2.550734	1	9	15	950.062
1.047198	1.391910	3.030322	4	15	6	950.017
1.832596	2.001437	0.381215	78	66	73	949.917
2.879793	1.450119	-2.739050	2	10	9	949.916
0.523599	1.909857	-0.381669	7	69	72	949.778
-1.047198	2.164094	-2.991358	6	72	21	949.762
-2.356194	1.766067	2.153843	7	75	13	949.703
-2.356194	1.870545	-2.976234	7	77	18	949.616
-1.308997	1.998705	2.370472	7	2	15	949.606
-2.356194	2.579248	-2.364801	12	2	10	949.540
-1.308997	1.741644	-2.695914	9	3	12	949.515
2.356194	0.914445	2.687814	9	8	9	949.404
2.879793	2.719179	-1.780644	14	7	18	949.392
-1.570796	1.135834	-1.431087	16	9	15	949.235
-2.617994	1.982574	-1.115518	15	12	7	949.225
-1.570796	2.343981	-1.040456	6	11	15	949.094
2.617994	2.251330	-2.330739	11	77	13	948.820
2.617994	2.396274	-1.959260	12	5	21	948.577
2.094395	0.640596	-2.797608	7	6	14	948.511
-1.570796	1.998705	2.370472	8	2	15	948.444
2.617994	1.696674	-1.253233	0	71	72	948.416
-2.356194	1.113094	-0.272241	14	11	6	948.287
-0.785398	1.836682	-0.676006	5	9	0	948.084
1.832596	2.396274	-1.959260	19	77	19	947.996
0.261799	2.407836	1.410646	12	1	11	947.961
1.570796	0.929350	-2.910676	4	10	11	947.845
2.094395	2.379497	0.561089	77	65	74	947.798
-1.308997	1.440580	2.260026	16	67	6	947.797
-2.356194	1.134796	2.434290	13	75	10	947.527
0.523599	0.080730	-2.622036	2	15	75	947.436
-0.523599	0.685216	-1.712745	10	12	14	947.360
2.094395	2.115563	0.685730	77	67	73	947.156
0.785398	2.073035	2.027405	9	9	10	947.130
2.617994	1.488617	1.159546	2	12	75	947.068
-0.523599	0.619654	-2.216909	5	76	17	946.985
2.879793	1.732874	-0.951685	4	11	0	946.924
-2.879793	1.741644	-2.695914	14	76	9	946.810
0.261799	0.960688	-0.577532	5	73	15	946.741
-1.570796	2.587733	0.232235	10	12	77	946.717
-0.261799	2.588535	-2.976617	13	70	18	946.700
-2.617994	0.203748	0.590255	0	16	79	946.586
-2.617994	0.418037	1.360082	4	7	14	946.558
1.047198	1.488617	1.159546	13	5	9	946.534
-2.094395	2.724429	-0.348782	13	11	7	946.522
2.094395	2.396274	-1.959260	10	2	19	946.520
0.261799	2.396274	-1.959260	66	78	5	946.465
-2.617994	2.478122	2.609777	7	1	15	946.283
0.261799	2.592629	0.909713	5	12	6	946.151
0.785398	1.699788	2.452890	7	10	11	945.964
-0.261799	1.948085	-2.363031	1	8	8	945.686
1.047198	0.831641	0.616218	75	11	71	945.651
0.261799	1.904882	-1.478089	7	2	18	945.650
-1.570796	1.721184	-0.153948	9	13	79	945.620
2.617994	1.504028	0.636812	2	12	75	945.609
-2.356194	0.297065	2.160177	0	69	76	945.501
-0.261799	0.685216	-1.712745	6	76	17	945.497
-0.261799	1.904882	-1.478089	4	4	17	945.485
-0.785398	0.960688	-0.577532	4	11	8	945.412
-1.570796	1.113094	-0.272241	4	15	0	945.354
-2.879793	1.545873	-1.877082	8	11	5	945.307
-2.094395	0.700570	1.559208	73	67	78	944.994
0.000000	1.599406	1.426070	13	5	4	944.877
0.261799	1.335669	0.897240	5	3	67	944.855
1.308997	1.168678	2.108595	14	13	10	944.818
1.832596	0.929350	-2.910676	2	9	12	944.687
-0.523599	1.168678	2.108595	9	3	15	944.604
2.356194	1.310100	1.488307	6	13	2	944.522
2.356194	0.733948	3.021411	17	4	12	944.370
0.261799	1.134497	-1.109631	9	73	15	944.310
1.832596	1.050534	3.042579	1	12	4	943.805
2.617994	1.506530	1.988858	6	11	4	943.773
1.832596	1.135813	-2.658866	79	10	7	943.604
0.000000	1.128190	-2.288622	10	9	20	943.437
0.785398	0.370812	-2.547742	79	15	3	943.411
-2.617994	1.168678	2.108595	1	69	4	943.391
-0.785398	0.685216	-1.712745	4	77	17	943.289
-2.356194	0.961715	0.014085	3	16	75	943.244
1.832596	1.242974	-2.977882	1	11	5	943.157
2.879793	1.846342	-1.796954	13	73	4	943.042
-2.356194	0.960688	-0.577532	1	3	16	943.006
0.523599	1.606104	-0.451151	6	70	10	942.834
-1.570796	2.393226	1.857173	7	76	14	942.667
0.785398	1.168678	2.108595	79	2	16	942.528
2.094395	1.050534	3.042579	16	4	11	942.433
-1.308997	0.640596	-2.797608	10	6	5	942.090
-2.617994	1.256302	0.062705	5	14	73	942.075
-0.261799	1.683268	0.374177	7	7	11	941.944
-1.308997	1.569311	-3.003978	10	73	21	941.933
-0.785398	0.419640	2.974122	6	6	74	941.926
-2.094395	2.247462	0.191623	7	10	69	941.908
2.356194	1.998705	2.370472	77	4	12	941.852
0.523599	0.864993	2.278281	9	10	70	941.676
0.523599	0.733948	3.021411	5	17	1	941.415
-0.785398	2.478122	2.609777	5	79	15	941.337
1.570796	0.709924	0.218797	13	77	15	941.249
-1.308997	2.478122	2.609777	7	66	14	940.993
-1.832596	1.846342	-1.796954	4	13	14	940.890
1.570796	2.251330	-2.330739	17	0	21	940.841
-2.094395	1.545873	-1.877082	16	2	11	940.539
-2.094395	1.809167	1.213774	8	73	9	940.380
0.523599	1.168678	2.108595	76	7	7	940.327
1.047198	2.592629	0.909713	10	6	7	940.278
0.785398	0.709924	0.218797	4	15	1	940.227
-1.308997	1.113094	-0.272241	4	14	79	940.042
1.047198	2.295480	1.008277	0	12	0	940.020
-1.570796	2.089241	-0.114193	5	16	74	939.967
1.308997	2.174483	2.653697	6	9	15	939.964
1.047198	0.418037	1.360082	13	76	15	939.840
0.523599	1.050534	3.042579	7	15	4	939.730
1.047198	2.404280	-0.174044	75	66	76	939.690
-2.617994	2.719179	-1.780644	13	9	14	939.545
-2.617994	1.391910	3.030322	14	76	10	939.443
1.047198	2.115563	0.685730	8	9	78	939.321
-2.617994	2.456751	-1.503343	14	13	13	939.252
-0.261799	1.662363	0.915448	2	9	70	939.203
-1.832596	2.407836	1.410646	8	70	7	939.051
-0.785398	2.041297	-2.664597	3	6	10	939.046
-0.785398	2.704512	1.488683	9	75	13	939.020
2.879793	1.721184	-0.153948	4	11	10	938.861
2.617994	0.290380	-0.796960	9	0	18	938.849
-2.094395	1.904882	-1.478089	15	7	16	938.823
1.308997	2.704512	1.488683	4	7	10	938.734
-1.832596	2.719179	-1.780644	0	7	17	938.667
-3.141593	1.367556	0.358405	13	7	6	938.561
-0.523599	0.864993	2.278281	4	5	17	937.960
0.261799	2.073035	2.027405	10	3	13	937.904
-0.261799	0.297065	2.160177	10	67	77	937.854
2.356194	1.741644	-2.695914	12	7	4	937.851
1.832596	2.108018	1.311430	5	12	2	937.848
-1.308997	1.555207	1.708892	15	72	4	937.829
-3.141593	2.579248	-2.364801	11	7	17	937.781
-0.261799	0.418037	1.360082	79	16	2	937.780
-1.047198	0.619654	-2.216909	2	75	16	937.635
-0.261799	2.073035	2.027405	8	0	16	937.590
2.617994	1.135813	-2.658866	3	8	11	937.423
2.879793	1.218453	2.777284	8	11	2	937.352
-1.308997	1.554776	0.100351	0	15	75	937.239
2.617994	1.732874	-0.951685	79	14	0	937.191
0.261799	1.658653	-2.409879	9	1	23	937.187
2.879793	1.809167	1.213774	76	68	72	937.116
-3.141593	2.396274	-1.959260	16	2	13	937.066
-2.879793	2.664082	-1.071402	14	9	12	937.044
-0.785398	2.396274	-1.959260	75	1	18	936.935
-2.094395	2.863997	0.549740	12	74	10	936.769
2.094395	2.174483	2.653697	9	79	14	936.683
-2.094395	1.450119	-2.739050	7	76	21	936.537
-1.047198	2.295480	1.008277	11	8	9	936.467
2.879793	1.574060	2.783565	17	76	13	936.256
0.785398	1.335669	0.897240	4	69	70	936.107
-2.879793	2.637879	2.121598	1	4	14	936.051
-1.832596	0.992645	-1.723759	8	6	76	936.014
-0.523599	2.407836	1.410646	17	0	6	935.871
1.308997	2.724429	-0.348782	75	63	76	935.848
-1.047198	1.050534	3.042579	8	5	11	935.651
-0.523599	1.448123	-2.163292	2	8	7	935.604
0.785398	1.872854	1.543456	6	8	5	935.351
-0.785398	2.404280	-0.174044	4	12	8	935.285
-1.832596	1.904882	-1.478089	12	8	16	935.268
0.261799	2.984978	1.954446	10	14	4	935.063
0.785398	2.115563	0.685730	9	7	78	934.828
-1.047198	1.870545	-2.976234	8	5	12	934.800
-2.879793	2.404280	-0.174044	13	70	74	934.750
0.785398	2.396274	-1.959260	11	70	19	934.740
2.356194	2.041297	-2.664597	12	72	8	934.665
-2.356194	1.417623	-0.202254	6	15	74	934.656
0.523599	0.496451	0.593859	3	15	3	934.641
1.570796	1.134796	2.434290	7	16	9	934.167
-3.141593	0.297065	2.160177	5	5	16	934.138
-1.047198	1.218453	2.777284	9	4	12	934.023
-1.832596	2.089241	-0.114193	7	14	74	933.930
2.094395	2.247462	0.191623	74	63	70	933.866
-2.094395	1.836682	-0.676006	7	17	0	933.747
-0.785398	0.297065	2.160177	9	63	78	933.677
1.308997	2.393226	1.857173	9	2	14	933.227
1.308997	0.733948	3.021411	1	16	4	933.205
1.570796	2.393226	1.857173	9	3	14	933.169
2.617994	2.881233	-2.582574	15	9	14	932.852
-1.570796	0.370812	-2.547742	3	77	17	932.836
0.261799	1.756530	-2.105156	10	9	79	932.393
-1.308997	1.325504	-1.671296	13	8	17	932.354
0.000000	1.506530	1.988858	10	4	11	932.321
-0.523599	2.760637	2.781135	16	70	14	932.164
-1.308997	1.301460	-0.509251	4	13	8	932.077
0.261799	1.218453	2.777284	11	12	2	931.981
-2.617994	1.218453	2.777284	13	75	10	931.901
-3.141593	1.699788	2.452890	0	76	14	931.882
0.000000	0.899350	-2.069907	8	11	17	931.735
-1.570796	2.478122	2.609777	4	67	14	931.339
-1.832596	1.195355	1.200319	2	70	77	931.277
2.094395	1.433411	-1.035986	0	16	78	931.158
0.261799	0.370812	-2.547742	11	12	12	931.126
-0.785398	2.592629	0.909713	9	13	76	931.119
-2.356194	2.187132	-0.479875	8	14	78	930.850
-2.617994	2.455966	-0.641220	15	9	8	930.750
1.570796	1.741644	-2.695914	10	6	22	930.633
0.000000	0.906588	1.252948	7	8	19	930.498
-1.570796	0.418037	1.360082	4	70	76	930.489
-0.785398	1.721184	-0.153948	75	15	79	930.449
2.094395	1.599406	1.426070	8	12	0	930.145
-2.356194	2.587733	0.232235	17	5	8	930.130
-1.308997	1.766067	2.153843	9	2	16	929.970
-1.570796	1.433411	-1.035986	13	11	12	929.721
-3.141593	1.448123	-2.163292	9	8	12	929.650
-1.308997	2.881233	-2.582574	75	78	14	929.405
-1.047198	1.504028	0.636812	5	10	4	929.377
1.832596	2.251330	-2.330739	9	7	15	929.079
-3.141593	2.393226	1.857173	73	76	11	929.033
-2.094395	1.194549	-0.801900	8	2	17	929.005
-2.094395	0.762244	-0.273349	2	1	18	928.899
1.832596	1.812176	0.656819	77	67	72	928.874
-0.523599	2.247462	0.191623	76	17	74	928.861
1.047198	1.301460	-0.509251	15	75	13	928.805
0.261799	1.948085	-2.363031	3	11	4	928.557
-0.523599	1.440580	2.260026	15	77	12	928.432
0.000000	2.108018	1.311430	11	1	12	928.367
-1.832596	1.909857	-0.381669	6	17	77	928.310
-3.141593	1.247695	1.809890	8	10	8	928.291
0.000000	1.824694	1.850876	11	2	12	928.268
-1.308997	1.417623	-0.202254	0	16	72	928.267
0.785398	0.733948	3.021411	2	18	1	928.206
-2.356194	0.619654	-2.216909	6	65	3	928.196
-0.523599	1.506530	1.988858	9	2	15	927.981
0.261799	1.113094	-0.272241	4	72	14	927.911
-0.523599	0.458961	-0.107937	0	79	17	927.757
-0.261799	0.591903	2.010408	4	70	12	927.741
-1.832596	2.164094	-2.991358	79	76	20	927.564
1.832596	2.299159	2.264663	8	1	14	927.493
2.617994	0.297065	2.160177	77	13	79	927.302
-2.879793	2.180315	-1.357379	19	9	13	927.301
-2.617994	2.404280	-0.174044	7	71	9	927.278
2.617994	2.579248	-2.364801	10	3	17	927.166
-0.523599	2.041297	-2.664597	7	76	23	927.142
-1.832596	2.180315	-1.357379	7	9	18	926.992
2.617994	0.418037	1.360082	0	18	77	926.666
-1.308997	2.356369	3.005869	4	69	18	926.527
-1.047198	1.721184	-0.153948	77	16	79	926.473
-0.785398	0.866955	-0.931351	75	16	2	926.331
2.879793	1.014500	0.906702	4	9	8	926.160
2.094395	1.683268	0.374177	12	10	16	926.086
0.785398	1.134497	-1.109631	16	78	15	925.968
0.785398	0.571433	-1.188419	14	1	17	925.908
-0.261799	2.063651	-2.044600	3	0	21	925.891
-2.356194	2.664082	-1.071402	15	13	10	925.791
-3.141593	1.617114	-1.572037	14	77	22	925.755
2.094395	2.407836	1.410646	72	5	8	925.587
2.094395	2.760637	2.781135	10	77	14	925.488
1.308997	1.756530	-2.105156	10	78	23	925.460
-1.832596	1.545873	-1.877082	15	4	11	925.382
-0.261799	2.592629	0.909713	9	13	7	925.270
-2.094395	0.685216	-1.712745	0	0	17	925.144
-1.047198	0.866955	-0.931351	78	17	3	925.059
-1.832596	2.592629	0.909713	13	74	8	925.056
2.879793	2.041297	-2.664597	11	74	11	924.693
0.523599	2.104282	-0.813972	6	70	74	924.678
-1.832596	0.370812	-2.547742	10	67	1	924.632
-2.617994	2.153910	-1.714959	16	3	11	924.615
1.308997	1.506530	1.988858	4	79	18	924.464
0.785398	1.555207	1.708892	1	5	13	924.434
-2.094395	2.704512	1.488683	5	67	8	924.366
-1.832596	2.863997	0.549740	16	76	9	924.304
2.356194	2.033014	2.977192	5	78	15	924.231
-1.570796	2.138223	1.678323	9	74	12	924.206
0.261799	0.458961	-0.107937	0	78	16	924.195
-2.617994	1.875281	0.107086	0	72	70	924.172
-1.047198	1.554776	0.100351	78	15	75	924.044
-1.832596	0.379747	-1.713059	2	79	18	923.598
-1.570796	2.592629	0.909713	22	78	6	923.513
-2.617994	2.664082	-1.071402	19	11	10	923.048
-2.617994	1.310100	1.488307	76	70	72	923.007
0.261799	1.696674	-1.253233	5	2	18	922.821
-2.094395	2.979456	-1.009304	9	12	15	922.713
-0.523599	2.704512	1.488683	12	10	79	922.661
2.879793	1.766067	2.153843	77	0	14	922.552
0.523599	0.619654	-2.216909	78	14	5	922.521
-2.617994	1.195355	1.200319	73	73	67	922.343
-2.617994	2.587733	0.232235	7	72	8	922.338
0.523599	1.904882	-1.478089	7	1	18	922.275
-2.617994	1.766067	2.153843	3	78	16	922.212
1.047198	2.760637	2.781135	10	0	15	922.184
-0.261799	2.108018	1.311430	11	9	2	921.577
0.000000	0.619654	-2.216909	79	17	4	921.507
-2.094395	2.587733	0.232235	9	9	73	921.496
1.832596	2.719179	-1.780644	18	0	17	921.444
-1.308997	1.904882	-1.478089	8	8	17	921.434
-1.047198	2.089241	-0.114193	78	18	75	921.421
-1.047198	2.138223	1.678323	14	75	8	921.255
0.000000	1.335669	0.897240	6	5	75	921.253
2.617994	1.736875	3.023612	16	74	11	921.089
-2.356194	2.033014	2.977192	14	0	13	921.089
-1.570796	0.290380	-0.796960	7	15	11	921.004
-2.617994	0.762244	-0.273349	3	3	18	920.977
1.832596	2.089241	-0.114193	77	62	72	920.875
-1.047198	1.836682	-0.676006	3	12	11	920.857
-2.356194	2.247462	0.191623	4	71	76	920.820
-1.832596	1.335669	0.897240	78	70	72	920.667
-1.047198	2.343981	-1.040456	0	10	16	920.429
1.047198	0.370812	-2.547742	76	14	2	919.894
-1.047198	1.301460	-0.509251	2	14	2	919.893
0.261799	1.617114	-1.572037	8	4	17	919.771
0.000000	2.104282	-0.813972	74	4	14	919.725
-2.617994	2.579248	-2.364801	7	5	17	919.700
-2.094395	1.391910	3.030322	11	12	3	919.615
-2.094395	1.699788	2.452890	10	77	14	919.606
0.000000	1.488617	1.159546	6	7	77	919.540
-1.308997	1.574060	2.783565	9	5	13	919.507
0.261799	2.393226	1.857173	14	7	9	919.488
-2.617994	0.960688	-0.577532	1	4	16	919.454
-1.047198	2.187132	-0.479875	4	13	10	919.410
0.523599	0.370812	-2.547742	77	18	3	919.317
0.261799	1.050534	3.042579	8	14	4	919.264
0.000000	0.685216	-1.712745	7	77	17	919.254
-2.094395	2.063651	-2.044600	5	9	20	919.164
-2.094395	2.393226	1.857173	5	76	14	919.103
-2.094395	2.396274	-1.959260	3	12	18	918.974
2.879793	1.050534	3.042579	11	11	2	918.959
-2.094395	1.599406	1.426070	9	73	9	918.909
-0.785398	1.812176	0.656819	1	10	68	918.854
1.832596	0.297065	2.160177	3	15	72	918.744
0.000000	1.310100	1.488307	6	7	76	918.518
-1.308997	2.592629	0.909713	8	10	71	918.509
-1.047198	1.433411	-1.035986	8	12	12	918.434
-0.523599	2.115563	0.685730	3	13	71	918.408
1.308997	0.458961	-0.107937	8	77	17	918.344
1.832596	1.756530	-2.105156	9	6	14	918.218
-0.523599	1.696674	-1.253233	4	8	15	918.170
-2.879793	2.063651	-2.044600	15	1	13	918.063
-1.570796	2.108018	1.311430	16	72	3	918.013
1.047198	2.247462	0.191623	12	72	78	917.990
2.617994	1.870545	-2.976234	6	76	14	917.963
-0.785398	1.696674	-1.253233	5	9	14	917.704
0.261799	1.721184	-0.153948	77	67	73	917.516
-1.570796	1.134497	-1.109631	14	11	12	917.371
2.617994	1.195355	1.200319	5	12	2	917.352
-2.617994	1.113094	-0.272241	2	8	11	917.349
-2.094395	1.756530	-2.105156	15	3	5	917.211
-2.094395	1.875281	0.107086	7	11	71	917.161
-0.785398	1.506530	1.988858	10	2	16	917.112
-1.570796	2.356369	3.005869	1	71	18	916.869
1.308997	1.256302	0.062705	0	64	68	916.695
-2.879793	2.719179	-1.780644	9	10	19	916.597
-1.047198	2.579248	-2.364801	75	77	17	916.568
-1.308997	2.349581	-2.702517	79	76	19	916.517
2.094395	0.080730	-2.622036	78	0	17	916.453
-1.308997	1.812176	0.656819	4	11	73	916.274
2.094395	1.413347	-1.339188	0	16	77	916.198
-1.832596	0.619654	-2.216909	5	10	1	916.139
-0.785398	0.864993	2.278281	5	6	17	916.084
1.570796	0.961715	0.014085	4	64	71	916.027
-2.617994	0.831641	0.616218	8	11	3	915.840
-1.832596	2.396274	-1.959260	1	4	20	915.824
-2.879793	1.836682	-0.676006	8	71	0	915.682
-2.356194	1.128190	-2.288622	4	67	6	915.576
-2.879793	1.554776	0.100351	4	10	3	915.519
-2.356194	2.164094	-2.991358	5	79	17	915.510
-1.308997	1.662363	0.915448	4	8	73	915.330
-0.785398	1.824694	1.850876	21	74	1	915.281
-0.785398	0.762244	-0.273349	8	9	6	915.146
-2.094395	1.869911	2.701025	0	70	17	914.921
0.785398	0.203748	0.590255	8	63	75	914.793
-3.141593	2.343981	-1.040456	3	72	72	914.639
1.570796	2.760637	2.781135	10	0	14	914.590
1.832596	0.370812	-2.547742	6	0	17	914.417
-3.141593	1.732874	-0.951685	6	10	6	914.215
1.308997	0.591903	2.010408	15	13	10	914.098
-1.832596	2.760637	2.781135	1	0	14	914.048
-2.617994	0.290380	-0.796960	4	78	19	913.936
-2.617994	2.724429	-0.348782	16	76	8	913.901
1.308997	0.961715	0.014085	3	63	70	913.806
-0.261799	1.812176	0.656819	7	7	10	913.725
2.879793	2.251330	-2.330739	14	1	15	913.675
1.570796	1.417623	-0.202254	79	62	70	913.535
-1.047198	1.617114	-1.572037	8	8	17	913.531
2.617994	1.699788	2.452890	79	77	13	913.416
-2.879793	0.866955	-0.931351	2	4	17	913.315
-2.879793	0.700570	1.559208	1	9	9	913.297
-1.047198	2.587733	0.232235	10	13	7	913.249
2.094395	1.982574	-1.115518	11	0	17	913.125
0.785398	1.413430	2.550734	78	79	15	912.993
1.308997	1.391910	3.030322	8	13	17	912.851
2.094395	1.450119	-2.739050	16	4	8	912.845
-0.523599	1.555207	1.708892	20	76	79	912.487
0.261799	2.104282	-0.813972	75	2	14	912.469
0.785398	0.899350	-2.069907	6	8	14	912.456
-0.261799	1.506530	1.988858	17	78	10	912.382
-1.308997	1.736875	3.023612	9	70	19	912.193
1.047198	1.135813	-2.658866	79	13	9	912.023
-0.261799	1.448123	-2.163292	4	6	21	911.840
-1.570796	1.045978	0.343692	6	11	5	911.779
1.308997	2.073035	2.027405	1	2	14	911.592
-3.141593	2.881233	-2.582574	4	10	16	911.466
2.356194	2.456751	-1.503343	8	69	78	911.349
-2.617994	1.909857	-0.381669	10	12	76	911.068
1.047198	1.824694	1.850876	4	9	7	911.023
-1.570796	2.588535	-2.976617	6	2	15	910.932
-0.523599	1.113094	-0.272241	6	9	8	910.811
2.879793	1.448123	-2.163292	2	10	9	910.811
1.832596	2.587733	0.232235	74	64	74	910.690
0.261799	1.128190	-2.288622	8	9	19	910.670
2.094395	2.979456	-1.009304	18	70	12	910.515
-1.047198	1.555207	1.708892	17	71	79	910.349
-1.832596	2.138223	1.678323	6	74	12	910.279
0.000000	0.618092	2.539118	9	73	15	910.238
-2.094395	2.407836	1.410646	5	69	7	910.238
1.308997	1.113094	-0.272241	15	77	14	910.202
-1.308997	0.850607	-1.335383	15	11	12	910.174
-1.047198	1.909857	-0.381669	4	15	3	910.092
-1.047198	1.732874	-0.951685	2	12	14	909.860
-2.094395	1.045978	0.343692	5	12	77	909.793
2.879793	2.456751	-1.503343	13	76	12	909.734
-3.141593	2.719179	-1.780644	12	9	19	909.566
-0.261799	1.555207	1.708892	17	78	7	909.561
-3.141593	0.733948	3.021411	74	68	79	909.478
-0.261799	0.866955	-0.931351	2	77	17	909.457
0.000000	1.367556	0.358405	7	4	73	909.443
-1.570796	1.569311	-3.003978	1	65	4	909.210
-2.094395	0.960688	-0.577532	13	15	5	909.209
1.308997	2.579248	-2.364801	4	0	17	909.187
-2.094395	1.310100	1.488307	7	71	2	909.178
1.570796	1.050534	3.042579	79	15	7	909.108
0.785398	2.984978	1.954446	5	0	16	908.971
-2.094395	2.089241	-0.114193	10	12	79	908.777
2.617994	1.247695	1.809890	5	10	8	908.729
1.570796	1.218453	2.777284	5	15	13	908.470
2.356194	1.812176	0.656819	0	67	72	908.465
1.570796	2.299159	2.264663	9	0	15	908.391
1.308997	1.766067	2.153843	6	77	17	908.190
1.570796	1.721184	-0.153948	79	63	70	908.106
-0.523599	1.809167	1.213774	3	10	74	908.053
-2.094395	2.455966	-0.641220	17	13	7	908.016
1.047198	1.699788	2.452890	13	13	6	908.003
-3.141593	1.766067	2.153843	72	73	8	907.935
-1.570796	2.404280	-0.174044	12	12	8	907.873
0.523599	0.910508	1.903534	14	8	4	907.853
2.094395	1.045978	0.343692	2	67	73	907.846
0.261799	2.455966	-0.641220	75	1	14	907.776
-3.141593	1.450119	-2.739050	13	74	9	907.743
2.094395	2.881233	-2.582574	13	9	17	907.376
0.523599	1.325504	-1.671296	6	6	16	907.359
-2.879793	1.391910	3.030322	11	75	11	907.105
1.570796	2.073035	2.027405	1	2	14	907.065
-0.523599	2.180315	-1.357379	1	5	15	907.045
-2.356194	2.073035	2.027405	79	69	9	907.010
2.356194	2.881233	-2.582574	16	7	15	907.005
-2.094395	2.299159	2.264663	7	1	16	906.985
2.879793	1.488617	1.159546	6	11	5	906.891
-0.523599	1.846342	-1.796954	7	4	18	906.853
0.523599	2.637879	2.121598	10	1	14	906.800
-1.832596	1.658653	-2.409879	6	2	24	906.799
-0.785398	1.872854	1.543456	15	75	6	906.570
-0.261799	1.599406	1.426070	3	8	71	906.513
-1.308997	1.218453	2.777284	18	69	13	906.479
-1.570796	1.696674	-1.253233	12	10	14	906.349
0.785398	0.866955	-0.931351	15	79	17	906.236
-0.523599	2.579248	-2.364801	76	64	0	906.195
2.356194	2.579248	-2.364801	11	8	20	906.079
2.356194	2.174483	2.653697	4	0	15	906.075
2.617994	2.664082	-1.071402	12	6	79	905.958
-2.617994	2.251330	-2.330739	14	78	11	905.736
0.785398	1.195355	1.200319	11	4	16	905.443
-3.141593	1.488617	1.159546	5	11	8	905.295
-1.308997	2.251330	-2.330739	7	3	14	905.128
0.000000	2.138223	1.678323	11	1	12	905.052
0.785398	1.846342	-1.796954	9	3	16	905.038
0.785398	0.914445	2.687814	6	16	79	904.907
1.832596	2.637879	2.121598	79	10	12	904.832
1.047198	0.591903	2.010408	18	11	10	904.752
0.785398	0.700570	1.559208	11	9	75	904.687
2.879793	2.881233	-2.582574	11	9	15	904.610
2.094395	1.741644	-2.695914	8	6	22	904.576
0.261799	1.417623	-0.202254	79	66	74	904.256
-3.141593	2.153910	-1.714959	12	5	22	904.206
-1.570796	0.960688	-0.577532	6	16	3	904.203
-2.094395	1.417623	-0.202254	7	15	73	904.123
-1.832596	0.290380	-0.796960	74	12	70	904.108
0.000000	0.297065	2.160177	7	74	16	904.091
2.094395	0.571433	-1.188419	11	4	17	903.995
0.261799	2.579248	-2.364801	11	70	19	903.855
-0.261799	0.419640	2.974122	6	71	13	903.819
-1.832596	1.982574	-1.115518	14	10	13	903.796
1.832596	2.247462	0.191623	72	64	69	903.793
1.047198	0.571433	-1.188419	14	3	17	903.750
-1.570796	0.709924	0.218797	5	11	6	903.637
0.000000	2.704512	1.488683	19	6	6	903.580
-1.047198	1.134796	2.434290	20	70	8	903.526
-1.832596	2.063651	-2.044600	3	8	20	903.445
-0.785398	2.349581	-2.702517	9	74	18	903.404
0.523599	2.393226	1.857173	14	9	9	903.365
-1.047198	1.194549	-0.801900	72	19	1	903.239
1.308997	2.719179	-1.780644	16	70	16	903.171
-0.523599	2.089241	-0.114193	14	3	5	903.070
-1.308997	0.379747	-1.713059	5	1	18	902.911
-0.785398	0.866395	-2.492918	7	6	77	902.881
-2.617994	0.571433	-1.188419	2	2	18	902.857
-1.047198	1.135834	-1.431087	9	11	14	902.786
0.261799	0.733948	3.021411	8	15	1	902.786
-0.261799	1.128190	-2.288622	7	70	12	902.784
1.047198	1.247695	1.809890	17	10	6	902.743
2.094395	1.128190	-2.288622	15	5	11	902.698
-0.785398	0.961715	0.014085	6	10	5	902.682
0.000000	1.433411	-1.035986	4	6	17	902.655
-1.832596	0.080730	-2.622036	1	77	17	902.560
0.261799	1.135834	-1.431087	9	74	15	902.365
0.785398	1.766067	2.153843	9	9	10	902.361
-0.785398	1.510910	-0.740472	79	12	11	902.102
1.570796	1.135813	-2.658866	5	8	14	901.909
2.617994	2.349581	-2.702517	11	77	13	901.756
1.570796	0.618092	2.539118	0	18	3	901.732
2.094395	1.998705	2.370472	2	0	14	901.577
0.785398	1.504028	0.636812	4	69	71	901.549
-1.570796	2.001437	0.381215	6	12	75	901.508
-1.047198	0.960688	-0.577532	75	17	79	901.469
-2.617994	1.448123	-2.163292	6	11	7	901.310
-2.617994	1.134796	2.434290	9	75	14	901.007
-3.141593	1.134497	-1.109631	5	9	12	900.862
0.000000	1.448123	-2.163292	9	5	22	900.698
-0.523599	1.247695	1.809890	6	4	68	900.544
-2.356194	2.478122	2.609777	6	1	15	900.471
-2.094395	0.619654	-2.216909	4	66	1	900.415
-2.617994	1.325504	-1.671296	0	4	17	900.407
-2.356194	2.251330	-2.330739	3	9	20	900.311
-1.308997	2.138223	1.678323	17	72	6	900.154
-2.879793	1.756530	-2.105156	15	78	14	900.056
-1.308997	1.134796	2.434290	17	67	8	899.626
-2.094395	2.343981	-1.040456	13	15	11	899.516
1.832596	2.033014	2.977192	8	72	13	899.485
-0.523599	1.904882	-1.478089	4	5	17	899.403
-2.094395	1.846342	-1.796954	14	4	12	899.368
-2.617994	2.063651	-2.044600	15	3	13	898.984
0.523599	2.407836	1.410646	10	2	14	898.980
-0.261799	2.343981	-1.040456	76	3	16	898.976
-0.523599	2.349581	-2.702517	7	72	22	898.970
0.261799	1.391910	3.030322	17	8	16	898.942
-1.308997	1.599406	1.426070	14	73	3	898.844
-0.261799	2.041297	-2.664597	73	3	9	898.651
2.094395	2.001437	0.381215	79	65	74	898.469
-2.879793	0.960688	-0.577532	3	4	17	898.379
-3.141593	1.756530	-2.105156	6	11	6	898.239
0.261799	1.014500	0.906702	7	69	9	898.229
1.308997	1.310100	1.488307	2	4	18	898.192
0.261799	1.301460	-0.509251	5	70	12	897.898
0.261799	0.850607	-1.335383	8	76	17	897.817
-3.141593	0.674054	1.013609	77	16	74	897.767
-2.879793	1.606104	-0.451151	4	9	9	897.607
-2.356194	2.153910	-1.714959	15	4	12	897.580
-1.308997	2.115563	0.685730	6	11	76	897.544
2.879793	2.704512	1.488683	75	65	79	897.335
-2.879793	2.153910	-1.714959	17	1	11	897.274
-0.261799	0.866395	-2.492918	11	74	14	897.219
0.000000	1.904882	-1.478089	4	2	17	897.184
0.785398	2.089241	-0.114193	6	71	69	897.013
-2.094395	0.418037	1.360082	76	69	75	897.007
1.308997	2.153910	-1.714959	12	71	19	896.967
0.785398	1.050534	3.042579	4	16	3	896.865
-2.356194	2.063651	-2.044600	7	10	20	896.843
-1.570796	1.904882	-1.478089	10	8	17	896.754
0.785398	1.367556	0.358405	10	69	5	896.686
-2.617994	1.450119	-2.739050	14	77	10	896.674
1.308997	0.866955	-0.931351	14	79	16	896.672
0.523599	0.960688	-0.577532	14	78	18	896.661
-0.523599	0.866395	-2.492918	9	73	14	896.573
-2.094395	2.033014	2.977192	79	74	19	896.561
0.000000	0.080730	-2.622036	11	15	12	896.503
0.261799	2.343981	-1.040456	1	69	72	896.395
0.000000	1.214854	-1.966664	9	71	12	896.378
-0.523599	0.899350	-2.069907	5	72	14	896.337
2.094395	2.299159	2.264663	4	77	16	896.334
0.000000	2.393226	1.857173	14	10	6	896.164
1.570796	0.762244	-0.273349	79	15	71	896.118
2.356194	1.870545	-2.976234	5	76	14	896.078
-2.356194	0.685216	-1.712745	3	1	17	896.031
-1.832596	2.153910	-1.714959	75	17	5	895.987
1.832596	2.115563	0.685730	76	68	72	895.912
1.047198	0.709924	0.218797	3	63	71	895.839
0.523599	1.732874	-0.951685	9	70	10	895.823
-0.523599	0.591903	2.010408	10	64	78	895.566
0.785398	2.704512	1.488683	5	12	9	895.511
-0.785398	1.214854	-1.966664	79	13	8	895.495
2.879793	1.504028	0.636812	79	13	77	895.205
-2.617994	1.135834	-1.431087	2	5	16	895.101
1.047198	1.756530	-2.105156	9	5	15	895.034
0.523599	2.180315	-1.357379	7	79	18	894.772
0.785398	1.875281	0.107086	8	70	74	894.663
0.000000	0.850607	-1.335383	7	76	17	894.632
-2.094395	1.128190	-2.288622	8	68	7	894.568
0.000000	0.640596	-2.797608	5	16	3	894.467
-2.879793	0.850607	-1.335383	3	4	17	894.303
0.785398	0.496451	0.593859	4	63	72	894.109
-0.523599	1.982574	-1.115518	2	7	13	893.945
-0.523599	2.108018	1.311430	12	8	2	893.864
1.047198	0.960688	-0.577532	14	76	15	893.849
-1.832596	1.247695	1.809890	12	74	10	893.691
-0.261799	0.640596	-2.797608	11	74	14	893.682
0.261799	1.982574	-1.115518	4	68	76	893.665
-2.879793	1.113094	-0.272241	3	6	16	893.574
1.832596	2.393226	1.857173	78	6	10	893.497
1.047198	1.658653	-2.409879	9	6	18	893.494
0.000000	2.153910	-1.714959	9	0	18	893.450
-3.141593	2.138223	1.678323	77	66	75	893.421
2.094395	1.658653	-2.409879	14	6	4	892.930
2.617994	1.391910	3.030322	15	73	10	892.802
2.617994	1.014500	0.906702	79	14	4	892.751
-0.523599	1.413347	-1.339188	5	9	14	892.619
-1.047198	0.850607	-1.335383	12	11	13	892.555
0.261799	0.864993	2.278281	12	10	1	892.459
0.523599	0.866395	-2.492918	7	12	17	892.187
-2.094395	1.448123	-2.163292	5	11	10	891.980
-0.785398	2.115563	0.685730	2	14	76	891.954
-1.047198	0.080730	-2.622036	75	9	70	891.946
-1.047198	1.510910	-0.740472	3	15	5	891.910
2.879793	2.108018	1.311430	0	66	76	891.902
1.308997	2.187132	-0.479875	76	62	75	891.832
-1.570796	2.455966	-0.641220	8	13	13	891.594
0.000000	0.571433	-1.188419	7	78	17	891.457
-0.261799	2.379497	0.561089	4	12	4	891.392
1.308997	1.875281	0.107086	79	66	70	891.180
-1.308997	2.108018	1.311430	15	76	9	891.029
-3.141593	1.413347	-1.339188	16	76	20	890.690
1.832596	2.041297	-2.664597	6	11	8	890.172
0.000000	2.664082	-1.071402	77	79	16	890.166
-2.879793	1.184361	0.625864	6	8	15	890.074
0.261799	0.496451	0.593859	5	14	2	889.975
-0.261799	1.168678	2.108595	10	5	75	889.836
-3.141593	1.168678	2.108595	6	11	5	889.732
2.356194	1.721184	-0.153948	8	12	11	889.713
-0.261799	1.488617	1.159546	1	8	65	889.662
1.832596	2.760637	2.781135	11	0	13	889.629
-3.141593	2.108018	1.311430	76	66	72	889.610
-2.094395	0.850607	-1.335383	19	4	13	889.465
-2.094395	1.440580	2.260026	11	76	13	889.388
2.879793	1.413430	2.550734	8	10	76	889.096
0.785398	1.247695	1.809890	19	8	6	889.029
0.261799	2.704512	1.488683	15	10	9	888.670
2.356194	1.736875	3.023612	2	78	15	888.585
2.094395	0.866395	-2.492918	15	5	13	888.558
-3.141593	2.089241	-0.114193	75	14	74	888.531
0.785398	2.979456	-1.009304	76	63	0	888.299
-1.308997	1.367556	0.358405	7	10	1	888.220
1.570796	2.979456	-1.009304	1	69	12	888.138
-1.832596	2.478122	2.609777	7	2	15	887.918
1.047198	0.379747	-1.713059	72	74	69	887.853
-2.617994	0.961715	0.014085	4	16	74	887.763
2.356194	2.251330	-2.330739	10	9	14	887.737
2.617994	1.869911	2.701025	77	2	14	887.651
-0.261799	0.700570	1.559208	5	2	69	887.572
0.523599	1.982574	-1.115518	5	0	19	887.567
1.832596	1.824694	1.850876	79	3	13	887.351
1.570796	1.374601	-2.456031	1	10	8	887.339
1.047198	0.910508	1.903534	18	11	8	887.286
1.570796	1.448123	-2.163292	7	79	23	887.230
2.617994	1.606104	-0.451151	6	12	9	887.226
0.000000	1.809167	1.213774	0	10	79	887.162
1.832596	2.174483	2.653697	6	15	13	887.159
-1.832596	1.413347	-1.339188	17	8	15	887.135
-2.094395	2.001437	0.381215	3	71	77	887.103
-0.261799	2.407836	1.410646	19	2	4	886.969
-1.047198	0.864993	2.278281	7	7	17	886.967
2.356194	1.869911	2.701025	4	78	15	886.861
0.261799	0.571433	-1.188419	7	79	18	886.780
-0.523599	1.606104	-0.451151	2	10	6	886.703
-2.356194	0.762244	-0.273349	4	18	76	886.702
-3.141593	2.001437	0.381215	5	7	72	886.667
2.356194	0.290380	-0.796960	10	64	79	886.351
-2.356194	0.914445	2.687814	14	76	7	886.328
0.000000	0.733948	3.021411	10	12	1	886.244
-2.617994	1.756530	-2.105156	15	79	14	886.231
-2.879793	0.914445	2.687814	10	71	5	886.230
-2.094395	0.640596	-2.797608	3	14	79	885.991
-2.356194	1.247695	1.809890	5	70	4	885.923
0.785398	1.440580	2.260026	79	0	17	885.880
-3.141593	1.696674	-1.253233	11	10	4	885.867
-2.879793	0.379747	-1.713059	0	0	17	885.696
1.047198	1.440580	2.260026	16	11	11	885.690
-2.617994	0.615174	-0.666022	3	2	18	885.481
-0.523599	1.310100	1.488307	18	75	77	885.475
1.832596	0.591903	2.010408	3	18	79	885.469
0.000000	0.290380	-0.796960	5	1	18	885.305
-0.523599	1.194549	-0.801900	2	11	8	885.207
2.617994	0.640596	-2.797608	0	69	2	885.205
-0.523599	1.433411	-1.035986	3	10	11	885.123
-1.570796	1.869911	2.701025	9	3	14	885.123
-1.570796	1.812176	0.656819	6	9	75	884.990
2.617994	1.977582	0.969896	79	67	72	884.985
2.356194	1.766067	2.153843	0	15	1	884.862
-2.356194	0.831641	0.616218	8	11	4	884.818
1.047198	0.674054	1.013609	11	74	15	884.785
-2.879793	2.456751	-1.503343	17	11	14	884.745
2.356194	0.618092	2.539118	0	11	8	884.492
1.308997	0.685216	-1.712745	14	3	15	884.488
1.047198	2.089241	-0.114193	76	66	72	884.435
-3.141593	1.301460	-0.509251	4	7	16	884.328
-1.047198	2.247462	0.191623	9	12	5	884.218
0.523599	1.545873	-1.877082	8	5	16	883.986
1.047198	0.297065	2.160177	17	12	11	883.820
-2.094395	1.683268	0.374177	9	9	77	883.721
-2.879793	1.367556	0.358405	9	10	2	883.683
2.356194	1.113094	-0.272241	9	66	70	883.658
-0.523599	2.588535	-2.976617	3	72	16	883.407
-2.094395	2.104282	-0.813972	15	14	9	883.201
0.000000	2.637879	2.121598	8	77	14	883.196
-3.141593	2.063651	-2.044600	15	79	14	883.046
-1.570796	1.134796	2.434290	14	66	8	882.828
2.356194	1.325504	-1.671296	7	13	77	882.503
-2.879793	0.290380	-0.796960	4	0	19	882.260
1.570796	2.033014	2.977192	12	13	17	882.216
-2.617994	0.618092	2.539118	78	68	78	882.207
2.617994	1.025536	1.576859	3	13	5	882.121
-0.261799	2.349581	-2.702517	79	7	11	882.078
0.785398	0.850607	-1.335383	16	0	15	882.050
-0.785398	2.379497	0.561089	1	15	78	881.996
1.308997	1.050534	3.042579	1	16	7	881.875
1.308997	2.295480	1.008277	69	9	79	881.725
-1.570796	1.504028	0.636812	3	10	71	881.689
-1.832596	2.724429	-0.348782	16	13	7	881.595
0.523599	2.153910	-1.714959	10	0	16	881.517
-2.879793	1.448123	-2.163292	9	10	8	881.448
0.261799	2.299159	2.264663	17	2	13	881.445
-2.356194	2.704512	1.488683	1	67	8	881.375
-1.832596	1.194549	-0.801900	8	2	17	881.355
-2.879793	0.203748	0.590255	1	18	77	881.156
-0.785398	1.247695	1.809890	19	72	0	881.079
1.308997	1.824694	1.850876	78	3	13	881.048
1.570796	1.824694	1.850876	78	3	12	881.010
-0.523599	0.850607	-1.335383	76	16	5	880.929
2.094395	2.041297	-2.664597	8	10	15	880.913
0.785398	2.455966	-0.641220	75	65	79	880.889
-1.832596	0.929350	-2.910676	2	64	2	880.779
-1.570796	0.203748	0.590255	4	4	17	880.710
-1.308997	1.870545	-2.976234	6	73	22	880.668
2.879793	2.349581	-2.702517	11	77	13	880.589
1.832596	0.762244	-0.273349	77	15	71	880.579
1.047198	2.984978	1.954446	6	12	13	880.560
1.832596	2.164094	-2.991358	3	15	5	880.482
0.523599	1.875281	0.107086	2	68	72	880.439
-0.523599	1.599406	1.426070	5	6	66	880.398
-1.832596	2.379497	0.561089	21	78	3	880.386
2.617994	1.050534	3.042579	16	7	10	880.349
2.356194	1.391910	3.030322	8	9	1	880.312
0.785398	2.393226	1.857173	12	15	5	880.285
1.047198	1.448123	-2.163292	6	7	14	880.241
2.356194	1.599406	1.426070	5	13	3	880.223
1.308997	1.218453	2.777284	0	18	0	880.221
-2.879793	1.875281	0.107086	4	10	75	880.160
-2.617994	0.297065	2.160177	79	72	70	880.062
-0.523599	0.866955	-0.931351	78	14	79	880.011
-1.570796	2.760637	2.781135	1	79	14	879.905
1.832596	1.214854	-1.966664	16	4	10	879.877
-2.617994	2.863997	0.549740	6	71	9	879.745
2.879793	2.115563	0.685730	3	15	5	879.580
-2.879793	0.496451	0.593859	79	18	75	879.457
0.523599	1.836682	-0.676006	8	69	8	879.415
-1.308997	0.914445	2.687814	6	9	15	879.370
0.000000	2.881233	-2.582574	2	70	14	879.299
2.879793	0.203748	0.590255	13	14	9	879.298
-2.356194	1.824694	1.850876	6	75	13	879.274
-1.308997	0.960688	-0.577532	0	17	79	879.241
-2.356194	1.374601	-2.456031	1	67	78	879.049
1.047198	1.812176	0.656819	9	7	0	878.957
0.523599	1.696674	-1.253233	13	71	9	878.581
0.000000	1.948085	-2.363031	4	67	79	878.528
-2.094395	1.301460	-0.509251	6	17	78	878.224
-0.785398	0.290380	-0.796960	78	15	76	878.059
-1.047198	1.606104	-0.451151	3	15	2	878.049
2.356194	2.407836	1.410646	67	1	5	877.974
-2.094395	1.488617	1.159546	76	69	65	877.970
1.308997	0.571433	-1.188419	3	74	17	877.918
2.356194	1.488617	1.159546	7	12	79	877.821
1.832596	1.374601	-2.456031	17	3	8	877.722
-2.879793	1.721184	-0.153948	3	11	2	877.702
-1.832596	1.135834	-1.431087	18	6	15	877.699
1.832596	1.025536	1.576859	5	16	73	877.515
1.308997	0.850607	-1.335383	14	0	16	877.382
-0.261799	1.310100	1.488307	19	78	77	877.363
1.047198	0.850607	-1.335383	16	1	15	877.238
0.523599	2.704512	1.488683	5	2	16	877.202
0.000000	1.875281	0.107086	73	11	71	877.064
-1.047198	1.440580	2.260026	19	69	6	876.658
