144	1.2	0
-1.832596	1.869911	2.701025
0.953284	2.600205	-0.720829
../6r7m_monomer_m.pdb	-79.563	310.828	-135.579
../6r7m_monomer_m.pdb	218.734	190.711	190.650
1.047198	1.617114	-1.572037	142	4	12	1671.129
0.261799	1.168678	2.108595	138	135	127	1331.705
0.523599	1.247695	1.809890	135	133	131	1267.412
1.308997	1.732874	-0.951685	7	1	124	1261.226
1.308997	1.510910	-0.740472	10	2	127	1253.988
0.785398	1.247695	1.809890	135	129	131	1249.707
1.047198	1.413347	-1.339188	141	4	13	1245.156
0.785398	1.982574	-1.115518	8	3	126	1243.945
0.261799	1.247695	1.809890	136	138	132	1217.078
0.523599	0.910508	1.903534	137	131	127	1209.890
0.785398	1.555207	1.708892	133	130	135	1197.895
-2.879793	1.606104	-0.451151	4	120	5	1191.301
0.523599	1.440580	2.260026	138	133	128	1187.158
0.523599	1.168678	2.108595	138	132	127	1163.149
0.523599	1.506530	1.988858	136	133	132	1154.797
1.570796	1.413347	-1.339188	138	141	11	1147.793
0.785398	1.506530	1.988858	135	128	132	1144.165
-2.879793	1.982574	-1.115518	142	116	10	1142.680
-2.356194	1.214854	-1.966664	2	142	122	1141.565
0.261799	1.440580	2.260026	140	136	130	1140.162
0.261799	1.025536	1.576859	136	139	133	1135.849
1.047198	1.824694	1.850876	134	126	135	1128.332
2.617994	1.134796	2.434290	12	122	116	1122.118
2.094395	1.025536	1.576859	4	116	128	1121.726
2.094395	1.506530	1.988858	4	121	130	1119.894
2.879793	1.824694	1.850876	11	113	130	1118.956
2.879793	1.168678	2.108595	17	122	121	1118.856
1.832596	1.555207	1.708892	139	120	134	1117.615
1.832596	1.413347	-1.339188	134	138	10	1114.511
1.832596	1.440580	2.260026	2	119	125	1111.482
2.356194	1.247695	1.809890	7	116	128	1110.399
0.523599	1.982574	-1.115518	13	1	126	1107.761
0.261799	1.506530	1.988858	139	136	133	1102.436
0.523599	1.025536	1.576859	134	135	132	1098.396
-1.832596	1.756530	-2.105156	5	129	9	1095.847
1.308997	1.045978	0.343692	125	137	141	1090.347
-0.523599	2.295480	1.008277	0	120	25	1087.573
0.785398	1.025536	1.576859	134	130	131	1082.987
2.879793	1.506530	1.988858	16	118	18	1080.991
0.523599	1.904882	-1.478089	10	0	15	1079.268
-1.570796	2.295480	1.008277	10	3	7	1076.565
0.261799	1.982574	-1.115518	16	143	127	1075.908
1.832596	1.872854	1.543456	140	114	135	1073.944
-1.308997	1.194549	-0.801900	19	123	135	1073.313
2.617994	1.506530	1.988858	8	121	129	1069.230
1.570796	1.134497	-1.109631	138	140	12	1066.798
-1.047198	0.866955	-0.931351	19	127	131	1066.226
0.261799	2.153910	-1.714959	4	1	122	1066.005
0.785398	1.310100	1.488307	133	131	135	1064.913
0.261799	2.299159	2.264663	131	2	133	1064.754
0.000000	1.506530	1.988858	140	140	135	1063.897
-0.261799	2.295480	1.008277	4	120	25	1061.339
2.094395	1.824694	1.850876	143	116	133	1058.579
2.094395	1.904882	-1.478089	134	134	12	1058.181
-3.141593	1.606104	-0.451151	3	121	6	1058.009
1.832596	1.699788	2.452890	141	119	122	1056.707
1.832596	1.696674	-1.253233	136	138	14	1053.092
1.570796	1.433411	-1.035986	2	0	121	1052.652
-0.261799	1.982574	-1.115518	23	136	130	1049.702
2.879793	1.247695	1.809890	11	124	130	1047.624
0.785398	2.180315	-1.357379	3	3	124	1047.623
2.094395	1.696674	-1.253233	135	135	12	1046.952
0.261799	0.910508	1.903534	137	135	127	1046.899
0.000000	1.440580	2.260026	142	139	132	1045.839
2.356194	1.555207	1.708892	7	116	131	1045.405
0.000000	0.961715	0.014085	13	142	132	1043.516
0.523599	2.180315	-1.357379	9	2	124	1042.122
0.523599	1.824694	1.850876	136	137	138	1041.931
-1.047198	1.134497	-1.109631	19	126	130	1039.486
1.832596	1.134796	2.434290	7	121	120	1038.542
-3.141593	2.180315	-1.357379	139	118	10	1037.605
0.523599	1.310100	1.488307	134	136	136	1036.932
2.879793	2.180315	-1.357379	136	123	13	1033.375
-1.570796	1.335669	0.897240	7	132	137	1031.944
-2.879793	1.301460	-0.509251	4	120	3	1030.180
-1.832596	1.335669	0.897240	15	138	139	1028.456
0.523599	1.696674	-1.253233	8	0	17	1028.331
1.047198	0.700570	1.559208	137	139	135	1026.075
1.832596	1.599406	1.426070	140	115	135	1025.159
0.785398	1.440580	2.260026	138	130	127	1021.791
-1.832596	1.014500	0.906702	7	130	135	1021.670
-0.785398	1.134497	-1.109631	19	130	129	1019.025
-2.879793	1.134796	2.434290	26	125	4	1018.288
-1.047198	1.184361	0.625864	12	136	136	1017.526
0.261799	0.864993	2.278281	141	131	123	1017.191
0.000000	0.864993	2.278281	142	134	124	1013.312
0.000000	1.168678	2.108595	140	139	128	1010.549
-1.570796	1.128190	-2.288622	142	133	114	1008.664
1.832596	1.732874	-0.951685	139	0	124	1005.026
0.523599	2.664082	-1.071402	2	134	15	1004.440
1.047198	2.073035	2.027405	136	126	134	1004.282
-1.308997	1.374601	-2.456031	12	120	140	999.069
1.832596	1.824694	1.850876	140	115	132	998.358
1.308997	1.310100	1.488307	134	122	133	996.947
1.832596	2.073035	2.027405	137	115	132	996.914
-2.617994	1.766067	2.153843	21	128	14	996.587
2.356194	1.506530	1.988858	2	122	131	996.536
0.000000	1.696674	-1.253233	18	140	125	994.728
0.523599	1.617114	-1.572037	9	0	12	992.792
-1.570796	1.869911	2.701025	18	135	1	991.482
-1.832596	1.488617	1.159546	14	141	137	990.128
0.785398	1.904882	-1.478089	6	2	15	988.215
-2.094395	0.899350	-2.069907	141	116	0	987.131
-2.094395	1.214854	-1.966664	143	118	5	986.133
1.570796	1.732874	-0.951685	9	3	126	983.899
0.785398	1.696674	-1.253233	4	2	17	983.761
1.047198	1.506530	1.988858	136	125	131	978.181
0.000000	1.247695	1.809890	138	142	132	977.964
-0.785398	0.866955	-0.931351	19	130	129	977.674
1.308997	1.982574	-1.115518	3	141	18	977.361
0.000000	1.662363	0.915448	136	133	138	977.303
-0.523599	0.929350	-2.910676	10	123	131	976.865
-2.356194	1.448123	-2.163292	7	142	122	975.746
0.261799	2.295480	1.008277	133	124	141	975.534
2.094395	1.440580	2.260026	5	121	125	974.343
1.832596	1.904882	-1.478089	135	138	13	973.377
1.832596	1.506530	1.988858	1	123	131	972.922
1.832596	1.554776	0.100351	130	118	0	971.988
0.785398	1.413347	-1.339188	6	141	119	970.685
-2.617994	1.247695	1.809890	20	133	125	969.606
-1.308997	1.696674	-1.253233	22	120	131	969.276
1.570796	1.982574	-1.115518	142	143	122	969.238
0.523599	0.709924	0.218797	0	141	129	968.817
0.785398	1.824694	1.850876	133	131	136	967.936
2.617994	2.187132	-0.479875	6	126	3	967.144
-1.570796	0.080730	-2.622036	133	136	122	965.203
-2.879793	0.685216	-1.712745	136	139	119	963.044
0.523599	2.138223	1.678323	123	122	134	963.024
0.261799	0.960688	-0.577532	12	142	128	960.916
2.617994	2.724429	-0.348782	10	140	15	959.621
2.356194	1.413347	-1.339188	132	128	8	958.714
0.523599	1.766067	2.153843	136	134	132	958.312
1.308997	2.108018	1.311430	139	117	137	958.311
-0.523599	0.866955	-0.931351	18	131	127	957.262
-3.141593	1.168678	2.108595	16	127	122	955.533
1.570796	1.696674	-1.253233	139	140	14	954.804
2.617994	1.247695	1.809890	9	122	130	953.971
1.047198	1.696674	-1.253233	3	2	122	953.077
0.261799	0.080730	-2.622036	21	116	126	953.015
2.356194	1.134796	2.434290	10	121	117	952.841
0.785398	1.766067	2.153843	136	130	131	952.783
1.832596	1.998705	2.370472	138	117	126	951.767
1.047198	2.407836	1.410646	129	117	141	951.220
-1.832596	0.831641	0.616218	11	132	135	950.842
2.617994	1.824694	1.850876	7	110	129	950.655
2.617994	1.555207	1.708892	7	112	129	950.628
2.879793	1.555207	1.708892	11	114	129	947.811
0.785398	1.599406	1.426070	132	131	138	947.784
0.261799	1.732874	-0.951685	19	141	127	947.757
-1.570796	1.214854	-1.966664	143	117	3	946.909
-0.261799	0.419640	2.974122	5	118	128	946.761
-1.570796	1.809167	1.213774	10	9	2	946.603
0.261799	2.664082	-1.071402	4	132	15	945.103
-3.141593	1.247695	1.809890	18	120	19	944.837
0.000000	1.488617	1.159546	138	131	134	944.558
-0.261799	0.864993	2.278281	143	137	124	944.394
1.832596	1.134497	-1.109631	134	138	12	944.345
-0.785398	0.961715	0.014085	16	135	133	944.138
1.047198	1.025536	1.576859	135	127	130	943.577
1.047198	1.045978	0.343692	128	140	140	943.064
2.094395	1.766067	2.153843	2	116	127	943.053
1.832596	2.343981	-1.040456	1	138	20	942.417
0.785398	0.619654	-2.216909	143	134	125	942.327
0.523599	1.599406	1.426070	138	134	137	942.077
-1.047198	1.741644	-2.695914	14	129	142	941.737
1.308997	1.433411	-1.035986	5	0	121	939.708
2.094395	1.555207	1.708892	143	116	132	939.442
0.261799	2.407836	1.410646	124	123	139	938.993
1.047198	1.134796	2.434290	0	125	122	938.842
2.094395	1.168678	2.108595	4	119	123	938.766
-1.570796	1.982574	-1.115518	1	12	11	938.467
-2.094395	0.203748	0.590255	8	127	128	938.205
1.047198	1.555207	1.708892	135	127	134	938.161
1.047198	2.138223	1.678323	134	126	139	938.049
0.785398	2.407836	1.410646	127	121	141	937.298
1.832596	1.766067	2.153843	142	116	126	936.192
-2.356194	1.545873	-1.877082	1	140	121	935.636
-1.832596	1.184361	0.625864	16	135	140	935.203
1.047198	2.299159	2.264663	125	127	131	935.177
1.047198	1.982574	-1.115518	4	2	124	934.767
2.094395	1.247695	1.809890	4	116	127	934.532
1.308997	1.766067	2.153843	137	123	129	934.237
-1.308997	1.904882	-1.478089	139	2	125	933.072
1.308997	1.696674	-1.253233	143	1	121	932.408
1.832596	1.025536	1.576859	0	117	128	932.057
-1.308997	1.014500	0.906702	7	132	134	930.852
-2.094395	1.014500	0.906702	11	131	136	930.377
1.047198	1.433411	-1.035986	8	0	121	930.335
-1.047198	1.555207	1.708892	142	139	128	928.979
0.261799	2.396274	-1.959260	142	4	124	927.956
0.785398	2.393226	1.857173	124	126	137	927.618
-1.832596	1.662363	0.915448	12	139	142	926.943
-3.141593	2.349581	-2.702517	9	140	18	926.539
2.879793	1.904882	-1.478089	135	119	8	926.022
-2.356194	0.992645	-1.723759	131	133	120	925.204
-1.570796	1.448123	-2.163292	6	129	7	923.349
2.879793	1.045978	0.343692	143	107	136	923.331
1.832596	2.138223	1.678323	140	113	135	922.851
-0.523599	0.615174	-0.666022	16	131	125	920.581
-2.356194	1.504028	0.636812	16	135	4	920.020
-2.094395	1.504028	0.636812	15	133	0	919.854
-2.617994	2.456751	-1.503343	6	0	125	918.497
1.308997	1.824694	1.850876	136	123	134	916.650
1.047198	1.440580	2.260026	138	127	126	916.452
-2.356194	0.899350	-2.069907	142	135	116	915.085
-1.308997	1.658653	-2.409879	14	120	143	914.449
0.000000	1.872854	1.543456	136	126	27	912.759
2.617994	1.599406	1.426070	8	111	133	912.644
-2.879793	1.168678	2.108595	19	129	120	912.590
1.832596	2.153910	-1.714959	134	138	14	911.903
-1.308997	0.960688	-0.577532	19	126	133	911.747
2.617994	1.413430	2.550734	8	119	115	911.418
0.523599	2.407836	1.410646	132	122	137	911.323
-2.879793	1.247695	1.809890	17	119	17	911.181
-0.261799	2.407836	1.410646	127	139	142	911.086
0.261799	0.615174	-0.666022	13	137	124	910.952
1.047198	2.393226	1.857173	125	121	137	910.884
-3.141593	1.417623	-0.202254	5	122	6	909.556
2.617994	1.168678	2.108595	16	119	121	909.169
2.356194	0.762244	-0.273349	138	113	140	908.199
2.617994	1.904882	-1.478089	134	125	10	907.951
0.000000	2.407836	1.410646	143	120	25	906.758
0.523599	1.134497	-1.109631	15	138	120	906.637
0.523599	1.413430	2.550734	143	133	127	904.981
2.617994	1.184361	0.625864	142	108	137	904.473
1.570796	1.506530	1.988858	141	125	131	904.130
1.047198	1.766067	2.153843	136	128	131	903.721
-1.047198	1.374601	-2.456031	12	121	140	903.578
-2.356194	1.195355	1.200319	13	129	133	903.318
0.785398	2.108018	1.311430	133	118	137	903.285
-1.308997	1.756530	-2.105156	7	119	3	903.032
0.785398	2.719179	-1.780644	9	14	134	902.704
-0.261799	2.073035	2.027405	125	142	22	902.672
-1.570796	1.014500	0.906702	6	132	135	902.590
1.308997	2.343981	-1.040456	142	0	123	902.582
-0.261799	2.138223	1.678323	128	2	137	902.424
-1.570796	1.756530	-2.105156	5	129	9	902.208
2.356194	1.599406	1.426070	4	111	133	901.825
-0.785398	1.168678	2.108595	6	0	133	901.236
0.523599	2.393226	1.857173	125	131	136	900.575
0.523599	1.555207	1.708892	134	134	135	899.729
-1.570796	1.948085	-2.363031	7	128	8	899.597
-2.879793	0.992645	-1.723759	135	136	117	898.906
-0.261799	1.904882	-1.478089	19	138	124	898.833
-2.356194	1.014500	0.906702	14	127	135	898.630
-1.047198	1.658653	-2.409879	14	124	143	898.571
0.523599	1.413347	-1.339188	10	140	119	898.207
2.879793	1.025536	1.576859	12	124	131	897.251
-2.617994	1.134497	-1.109631	127	112	122	897.068
1.308997	1.135834	-1.431087	137	13	12	896.715
2.094395	1.599406	1.426070	142	113	134	896.181
-0.785398	0.850607	-1.335383	15	130	126	895.997
2.617994	0.960688	-0.577532	121	134	133	895.454
-0.785398	2.404280	-0.174044	19	113	11	895.401
-2.356194	1.555207	1.708892	18	131	128	895.350
2.617994	0.831641	0.616218	141	108	132	894.493
2.356194	1.696674	-1.253233	135	130	11	893.734
0.523599	1.417623	-0.202254	139	124	9	893.717
1.308997	2.393226	1.857173	128	116	136	893.075
-0.523599	1.736875	3.023612	9	136	140	892.947
-2.879793	1.417623	-0.202254	7	119	4	891.607
-0.523599	2.104282	-0.813972	26	130	139	891.468
0.261799	1.555207	1.708892	135	140	137	891.219
-3.141593	0.910508	1.903534	20	127	122	889.898
1.832596	2.104282	-0.813972	1	137	21	889.838
0.000000	0.914445	2.687814	118	1	7	888.908
1.832596	1.869911	2.701025	137	122	121	888.763
0.000000	1.809167	1.213774	139	131	135	888.147
-2.617994	1.982574	-1.115518	2	113	9	887.811
-0.261799	1.977582	0.969896	132	131	142	887.682
2.094395	1.545873	-1.877082	2	142	121	887.538
1.047198	1.310100	1.488307	133	128	134	887.229
0.000000	1.741644	-2.695914	128	134	122	887.171
1.832596	1.982574	-1.115518	136	141	122	886.972
1.308997	1.869911	2.701025	131	131	122	886.439
2.617994	1.872854	1.543456	8	111	134	886.076
1.047198	1.904882	-1.478089	143	3	16	885.595
0.523599	0.458961	-0.107937	135	129	138	885.568
-0.523599	0.619654	-2.216909	9	123	114	885.058
0.785398	1.977582	0.969896	136	120	139	884.201
2.356194	1.982574	-1.115518	137	131	15	882.697
-3.141593	1.846342	-1.796954	10	139	123	882.491
-1.047198	1.732874	-0.951685	24	123	136	881.955
0.000000	1.113094	-0.272241	9	127	124	881.659
-0.523599	1.809167	1.213774	135	131	137	881.417
-0.523599	1.555207	1.708892	140	12	133	881.358
-0.261799	2.719179	-1.780644	6	132	13	881.125
-2.356194	1.662363	0.915448	16	143	5	879.744
-2.879793	2.180315	-1.357379	142	114	9	879.737
0.261799	1.310100	1.488307	135	140	137	879.296
-1.308997	1.214854	-1.966664	142	121	112	879.091
0.261799	1.904882	-1.478089	9	143	122	878.977
-1.832596	2.592629	0.909713	9	2	7	878.098
-0.523599	1.440580	2.260026	4	143	135	878.036
0.523599	2.295480	1.008277	129	123	1	877.606
1.570796	1.904882	-1.478089	138	141	13	877.516
2.356194	1.440580	2.260026	8	116	120	876.906
-2.879793	2.456751	-1.503343	9	142	125	876.164
0.523599	2.153910	-1.714959	5	140	14	875.609
-1.308997	0.080730	-2.622036	132	132	122	875.482
-2.617994	1.335669	0.897240	19	133	1	874.659
-1.047198	2.984978	1.954446	10	1	9	873.986
0.000000	0.762244	-0.273349	14	140	128	873.826
2.879793	1.766067	2.153843	9	113	124	873.401
2.879793	1.872854	1.543456	13	113	133	872.826
2.879793	1.310100	1.488307	12	115	130	872.740
-0.261799	1.872854	1.543456	134	129	26	872.589
0.261799	2.180315	-1.357379	11	2	125	871.962
0.000000	2.108018	1.311430	140	121	26	871.871
-2.356194	1.335669	0.897240	18	136	0	871.711
0.785398	2.138223	1.678323	125	118	134	871.612
-0.523599	1.045978	0.343692	12	138	133	871.440
-2.617994	2.164094	-2.991358	14	123	11	871.254
2.094395	2.180315	-1.357379	136	135	16	870.691
1.308997	2.073035	2.027405	130	110	127	870.688
0.523599	2.456751	-1.503343	5	3	125	869.957
-1.570796	2.588535	-2.976617	141	134	122	869.856
2.879793	0.709924	0.218797	141	108	130	869.811
1.047198	1.510910	-0.740472	13	2	127	869.647
1.832596	1.168678	2.108595	6	121	127	869.129
-0.261799	2.108018	1.311430	138	122	26	868.941
0.523599	1.732874	-0.951685	16	143	127	868.807
-1.570796	1.658653	-2.409879	11	117	0	868.633
0.261799	1.545873	-1.877082	6	9	10	868.601
-1.832596	1.025536	1.576859	6	127	130	868.369
0.785398	1.134796	2.434290	142	128	122	867.949
-0.785398	2.251330	-2.330739	12	131	7	867.903
-0.261799	1.168678	2.108595	0	140	128	867.242
-3.141593	1.836682	-0.676006	0	120	11	867.001
0.785398	2.153910	-1.714959	6	2	15	866.710
-1.047198	0.961715	0.014085	17	134	133	866.215
1.047198	0.591903	2.010408	1	135	133	866.004
0.261799	1.504028	0.636812	136	133	139	865.740
-1.832596	0.618092	2.539118	16	1	131	865.458
-0.261799	1.809167	1.213774	134	132	137	864.754
1.047198	1.134497	-1.109631	11	142	119	864.621
-1.308997	0.370812	-2.547742	136	131	117	864.169
-2.094395	1.756530	-2.105156	3	130	10	864.040
2.356194	1.168678	2.108595	7	119	123	863.581
-0.523599	2.592629	0.909713	1	116	22	863.524
-2.879793	2.073035	2.027405	18	126	19	863.468
-0.261799	1.247695	1.809890	143	0	136	863.082
1.570796	1.367556	0.358405	126	132	2	862.723
0.261799	1.413347	-1.339188	12	139	120	862.189
1.832596	0.866395	-2.492918	135	11	142	862.062
1.832596	0.910508	1.903534	3	118	124	861.820
2.356194	2.979456	-1.009304	6	143	11	861.682
-2.879793	1.846342	-1.796954	8	141	123	861.399
-0.523599	0.762244	-0.273349	14	135	129	861.268
1.047198	2.174483	2.653697	126	134	126	861.217
1.308997	1.555207	1.708892	136	123	133	861.198
2.617994	0.379747	-1.713059	6	5	127	860.343
2.879793	1.134796	2.434290	14	125	116	860.154
-2.879793	1.555207	1.708892	16	121	129	860.061
2.879793	0.992645	-1.723759	142	143	120	860.053
-3.141593	2.456751	-1.503343	140	116	11	859.839
-2.617994	1.504028	0.636812	17	133	6	859.786
-0.785398	2.455966	-0.641220	141	5	14	859.669
-2.617994	2.073035	2.027405	19	131	19	859.193
-1.832596	0.899350	-2.069907	1	113	141	859.098
-0.785398	1.045978	0.343692	10	137	135	858.900
-2.879793	2.979456	-1.009304	134	119	18	858.754
-2.617994	1.617114	-1.572037	137	136	13	858.713
-2.356194	1.247695	1.809890	17	134	124	858.692
1.047198	2.180315	-1.357379	6	143	18	858.614
-0.785398	2.104282	-0.813972	25	126	140	858.512
-2.094395	1.662363	0.915448	12	141	1	858.219
-2.356194	0.419640	2.974122	17	0	129	858.193
1.047198	1.247695	1.809890	136	126	130	857.953
-2.617994	1.310100	1.488307	19	136	136	857.721
-1.308997	1.335669	0.897240	7	136	137	857.256
-3.141593	1.555207	1.708892	14	118	129	856.997
2.879793	0.906588	1.252948	11	122	133	856.997
1.047198	0.866955	-0.931351	18	13	134	856.995
0.000000	1.134497	-1.109631	18	6	131	856.582
2.617994	0.762244	-0.273349	141	110	140	856.375
-0.785398	1.247695	1.809890	8	2	137	856.181
0.261799	1.599406	1.426070	140	136	137	855.641
2.094395	1.699788	2.452890	1	118	122	855.355
0.785398	1.134497	-1.109631	14	140	120	855.237
-1.832596	1.948085	-2.363031	6	129	9	854.811
-2.094395	1.247695	1.809890	14	138	124	854.800
2.356194	2.863997	0.549740	143	142	124	854.774
0.261799	2.719179	-1.780644	8	123	2	854.586
-2.879793	2.356369	3.005869	12	123	15	854.236
0.523599	1.569311	-3.003978	7	131	125	854.086
1.308997	2.180315	-1.357379	140	140	120	853.856
-1.832596	1.310100	1.488307	11	142	131	853.390
1.308997	1.617114	-1.572037	1	3	13	853.196
1.832596	0.762244	-0.273349	131	130	18	853.196
-1.570796	1.194549	-0.801900	17	121	136	853.166
-2.617994	2.979456	-1.009304	137	115	17	852.892
1.570796	1.555207	1.708892	139	123	27	852.869
-3.141593	0.379747	-1.713059	139	1	123	852.645
-0.785398	1.982574	-1.115518	24	129	133	852.207
0.523599	0.618092	2.539118	5	138	138	851.865
1.047198	2.664082	-1.071402	140	140	122	851.791
0.261799	1.766067	2.153843	137	143	133	851.493
-0.261799	0.762244	-0.273349	16	137	128	851.021
-0.785398	1.506530	1.988858	138	18	131	850.049
0.261799	1.617114	-1.572037	12	0	13	849.578
-2.617994	0.899350	-2.069907	141	137	115	849.034
2.094395	2.979456	-1.009304	9	143	11	848.949
0.261799	1.413430	2.550734	143	135	127	848.411
-2.094395	0.618092	2.539118	20	143	133	847.947
1.570796	1.872854	1.543456	140	115	134	847.943
-1.832596	1.195355	1.200319	15	141	133	847.600
-0.785398	0.571433	-1.188419	13	128	126	847.239
1.832596	1.433411	-1.035986	136	137	15	847.206
-3.141593	0.674054	1.013609	12	123	132	846.796
-2.617994	1.448123	-2.163292	140	112	0	846.656
1.308997	1.367556	0.358405	127	135	2	846.633
0.785398	1.433411	-1.035986	12	1	123	846.202
-0.785398	2.063651	-2.044600	12	128	8	846.024
1.570796	0.864993	2.278281	7	120	122	845.901
1.047198	2.153910	-1.714959	142	2	15	845.759
0.523599	0.866955	-0.931351	9	140	123	845.513
-2.617994	0.906588	1.252948	10	128	133	845.360
-2.356194	0.674054	1.013609	10	127	132	845.301
-0.261799	1.218453	2.777284	7	134	141	845.088
-2.617994	2.863997	0.549740	137	141	27	844.829
2.094395	1.134796	2.434290	7	120	117	844.792
-2.356194	1.506530	1.988858	17	132	123	844.778
2.879793	1.440580	2.260026	14	120	120	844.746
2.617994	1.766067	2.153843	7	115	125	844.583
-3.141593	0.992645	-1.723759	130	119	2	844.328
-0.261799	0.496451	0.593859	136	130	137	843.905
-1.308997	0.619654	-2.216909	138	127	115	843.867
-2.617994	2.153910	-1.714959	134	0	11	843.176
-2.879793	1.510910	-0.740472	3	117	5	842.970
0.785398	1.662363	0.915448	136	121	138	842.858
-2.617994	1.214854	-1.966664	136	113	1	842.610
1.308997	2.153910	-1.714959	136	1	15	842.601
-3.141593	1.812176	0.656819	15	133	7	842.207
-2.094395	0.831641	0.616218	14	128	135	842.057
-2.879793	1.050534	3.042579	25	133	134	841.209
1.047198	0.615174	-0.666022	1	137	123	841.164
2.356194	1.194549	-0.801900	124	125	17	840.984
1.832596	1.413430	2.550734	1	121	119	840.981
-1.832596	1.448123	-2.163292	0	128	112	840.958
-2.617994	1.872854	1.543456	29	140	142	840.279
-2.356194	0.700570	1.559208	8	122	127	839.997
0.523599	1.433411	-1.035986	16	143	123	839.975
-3.141593	1.325504	-1.671296	132	135	10	839.550
2.879793	0.864993	2.278281	17	128	117	839.500
-2.356194	1.310100	1.488307	17	131	130	839.456
1.047198	1.168678	2.108595	2	135	137	839.075
-3.141593	1.599406	1.426070	16	116	133	838.993
-1.308997	1.448123	-2.163292	5	118	0	838.508
-1.570796	0.370812	-2.547742	137	135	118	838.460
-2.617994	1.555207	1.708892	19	126	128	838.230
2.094395	1.732874	-0.951685	135	1	125	838.052
0.785398	1.168678	2.108595	139	128	127	837.930
-0.785398	2.579248	-2.364801	10	132	11	837.371
-0.261799	1.134497	-1.109631	19	134	125	837.305
0.785398	0.910508	1.903534	138	128	126	837.255
-3.141593	1.545873	-1.877082	132	137	9	836.573
-2.356194	1.184361	0.625864	14	132	143	836.318
-3.141593	1.218453	2.777284	26	122	142	836.122
0.261799	1.977582	0.969896	134	127	140	835.955
2.617994	1.440580	2.260026	12	117	119	835.902
1.308997	1.413347	-1.339188	134	2	12	835.662
-0.261799	1.128190	-2.288622	14	134	113	835.555
0.523599	1.128190	-2.288622	22	138	117	835.538
-2.879793	1.766067	2.153843	20	125	15	835.058
-1.047198	0.960688	-0.577532	20	129	132	834.833
1.832596	0.906588	1.252948	137	116	129	834.674
0.523599	0.864993	2.278281	142	128	123	834.596
-3.141593	0.591903	2.010408	4	127	129	834.505
0.261799	1.696674	-1.253233	11	134	14	834.212
-2.356194	1.450119	-2.739050	12	137	114	834.053
1.570796	1.824694	1.850876	139	120	133	833.875
-1.832596	2.724429	-0.348782	0	113	18	833.525
-3.141593	1.872854	1.543456	16	116	133	833.473
-2.094395	1.741644	-2.695914	6	113	142	833.328
-2.879793	1.310100	1.488307	12	127	133	833.095
-1.570796	1.184361	0.625864	14	139	140	832.860
2.879793	0.831641	0.616218	3	107	131	832.208
-2.356194	1.374601	-2.456031	6	135	113	832.155
2.879793	2.356369	3.005869	25	123	143	832.087
-0.785398	1.113094	-0.272241	15	133	132	831.940
1.832596	0.297065	2.160177	19	115	124	831.884
-2.356194	1.488617	1.159546	19	139	141	831.591
1.570796	1.599406	1.426070	136	116	134	831.456
2.617994	1.982574	-1.115518	137	127	14	831.363
-1.308997	1.662363	0.915448	1	121	26	831.104
0.523599	0.914445	2.687814	7	134	138	830.914
0.523599	1.134796	2.434290	142	130	123	830.600
2.094395	2.073035	2.027405	2	104	126	830.247
-2.094395	1.809167	1.213774	16	4	2	830.201
1.047198	0.290380	-0.796960	5	134	121	829.468
-2.879793	1.599406	1.426070	19	120	132	828.809
0.000000	1.732874	-0.951685	21	139	129	828.211
-2.356194	1.301460	-0.509251	11	117	0	828.140
2.356194	1.872854	1.543456	5	111	133	827.858
1.570796	2.138223	1.678323	140	116	135	827.725
-1.570796	1.488617	1.159546	11	135	134	827.454
2.094395	1.214854	-1.966664	9	141	121	827.347
0.000000	1.982574	-1.115518	22	140	128	827.324
-0.523599	2.247462	0.191623	17	117	16	826.849
0.523599	0.961715	0.014085	9	128	125	826.764
0.261799	1.662363	0.915448	138	130	137	826.713
1.832596	0.864993	2.278281	11	120	122	826.446
-0.523599	1.214854	-1.966664	20	132	118	826.272
-1.570796	1.045978	0.343692	14	132	137	826.247
-0.261799	2.592629	0.909713	5	116	22	825.957
2.879793	0.370812	-2.547742	18	1	129	825.955
1.047198	2.108018	1.311430	139	119	136	825.756
0.000000	0.960688	-0.577532	17	139	128	825.664
-2.094395	1.488617	1.159546	17	138	137	825.530
1.570796	2.299159	2.264663	132	120	132	825.479
1.570796	2.108018	1.311430	140	115	137	825.349
2.356194	1.766067	2.153843	6	113	124	825.231
2.617994	1.014500	0.906702	0	108	133	825.141
-2.879793	1.721184	-0.153948	8	123	8	824.933
2.879793	1.599406	1.426070	11	113	133	824.932
-1.832596	1.045978	0.343692	14	129	137	824.775
-1.308997	1.413347	-1.339188	15	127	16	824.740
2.879793	0.762244	-0.273349	1	110	141	824.466
-2.879793	2.343981	-1.040456	141	119	17	824.166
-2.617994	1.433411	-1.035986	128	109	124	823.991
1.570796	0.992645	-1.723759	135	7	8	823.897
-3.141593	1.214854	-1.966664	130	119	1	823.813
-2.094395	0.571433	-1.188419	139	138	125	823.674
1.308997	1.168678	2.108595	1	131	132	823.644
2.617994	0.906588	1.252948	9	114	128	823.513
1.308997	2.174483	2.653697	127	130	126	823.424
1.047198	2.881233	-2.582574	126	3	131	823.349
-1.047198	1.367556	0.358405	23	140	9	823.073
-0.523599	1.247695	1.809890	142	3	28	823.023
0.000000	2.396274	-1.959260	3	3	124	822.606
2.879793	2.724429	-0.348782	6	12	20	822.598
-2.617994	0.992645	-1.723759	132	135	120	822.063
2.356194	1.433411	-1.035986	133	126	12	822.059
1.047198	1.732874	-0.951685	8	3	126	821.902
1.570796	1.310100	1.488307	136	119	133	821.827
-1.570796	2.174483	2.653697	17	135	7	821.727
1.570796	1.766067	2.153843	139	118	126	821.564
-2.094395	1.413347	-1.339188	135	135	122	821.518
-2.094395	0.496451	0.593859	9	127	131	821.139
0.261799	1.870545	-2.976234	8	133	128	820.877
-2.617994	1.025536	1.576859	10	129	132	820.770
0.261799	2.343981	-1.040456	2	133	13	820.736
0.000000	2.138223	1.678323	133	123	24	820.649
-1.832596	0.619654	-2.216909	136	134	117	820.639
2.879793	1.617114	-1.572037	135	118	5	820.244
2.356194	1.214854	-1.966664	133	1	7	819.928
-2.094395	2.174483	2.653697	19	131	10	819.645
-0.785398	0.297065	2.160177	1	5	130	818.879
1.570796	2.153910	-1.714959	132	0	15	818.814
-0.523599	0.961715	0.014085	18	136	132	818.491
2.617994	2.356369	3.005869	6	116	15	818.025
-0.523599	1.904882	-1.478089	22	126	15	818.014
-3.141593	1.904882	-1.478089	138	115	8	817.855
-0.523599	1.599406	1.426070	136	132	133	817.855
-1.308997	0.866395	-2.492918	143	132	113	817.752
0.000000	1.904882	-1.478089	19	136	15	817.378
1.047198	1.184361	0.625864	127	137	142	817.373
-2.356194	2.180315	-1.357379	7	6	126	816.770
-1.047198	1.809167	1.213774	1	125	27	816.659
0.000000	0.910508	1.903534	140	137	127	816.613
2.617994	0.850607	-1.335383	125	128	7	816.607
-2.617994	1.545873	-1.877082	3	140	121	816.526
2.094395	1.812176	0.656819	1	111	142	816.523
-2.617994	1.440580	2.260026	24	128	9	816.355
-2.617994	0.418037	1.360082	8	127	129	816.137
1.570796	0.700570	1.559208	143	118	125	815.795
-1.570796	0.961715	0.014085	19	138	143	815.535
-2.617994	1.696674	-1.253233	3	111	4	815.514
1.832596	0.700570	1.559208	2	116	125	815.457
2.094395	0.961715	0.014085	124	119	135	815.444
-1.047198	0.831641	0.616218	2	129	132	814.908
-2.356194	1.510910	-0.740472	10	116	1	814.405
1.570796	1.699788	2.452890	139	121	122	814.179
0.785398	1.184361	0.625864	130	140	141	814.148
-1.047198	0.370812	-2.547742	7	116	129	813.739
2.617994	1.869911	2.701025	137	8	137	813.568
1.047198	1.756530	-2.105156	1	21	8	813.425
-1.570796	1.662363	0.915448	9	142	142	813.336
0.000000	0.418037	1.360082	142	8	135	813.279
-2.879793	1.025536	1.576859	17	132	132	812.295
1.308997	0.418037	1.360082	143	6	138	812.205
0.785398	2.456751	-1.503343	143	5	126	812.170
1.047198	2.396274	-1.959260	140	4	16	811.837
-3.141593	1.301460	-0.509251	3	120	4	811.365
-2.879793	0.379747	-1.713059	135	142	122	810.909
-1.047198	1.433411	-1.035986	22	124	132	810.841
-2.356194	1.168678	2.108595	14	135	119	810.109
-2.356194	1.658653	-2.409879	2	133	115	810.021
0.785398	2.299159	2.264663	124	133	131	809.704
0.261799	1.872854	1.543456	135	139	141	809.468
1.308997	2.138223	1.678323	132	120	137	809.434
1.308997	0.906588	1.252948	135	140	138	809.205
2.617994	0.866955	-0.931351	126	138	126	809.185
1.570796	0.910508	1.903534	143	119	124	809.118
-1.047198	1.696674	-1.253233	138	130	119	808.800
-2.617994	0.709924	0.218797	12	122	137	808.708
0.000000	1.977582	0.969896	134	130	140	808.276
-2.617994	0.864993	2.278281	4	121	125	808.190
1.308997	1.977582	0.969896	139	113	31	808.096
-0.785398	2.760637	2.781135	4	16	133	807.902
0.523599	1.872854	1.543456	138	132	138	807.806
0.261799	2.478122	2.609777	135	4	131	807.792
-1.832596	1.128190	-2.288622	2	114	140	807.745
2.617994	1.194549	-0.801900	141	0	125	807.518
0.000000	1.025536	1.576859	140	143	135	807.401
2.094395	2.343981	-1.040456	143	136	20	807.394
1.570796	2.343981	-1.040456	4	139	21	807.142
-1.832596	1.809167	1.213774	11	8	2	806.992
-1.832596	1.846342	-1.796954	6	140	122	806.740
2.356194	2.664082	-1.071402	1	12	18	806.696
-2.879793	0.910508	1.903534	20	130	121	806.614
-0.523599	1.135834	-1.431087	14	133	123	806.588
-1.047198	2.456751	-1.503343	3	140	17	806.472
-1.047198	1.756530	-2.105156	11	121	3	806.334
-0.785398	1.433411	-1.035986	23	128	131	806.189
0.261799	1.824694	1.850876	135	141	137	806.155
-1.832596	1.374601	-2.456031	4	115	140	805.826
-1.047198	1.504028	0.636812	13	135	139	805.650
-0.785398	2.164094	-2.991358	11	134	5	805.562
1.047198	1.846342	-1.796954	141	5	12	805.014
-1.832596	1.214854	-1.966664	6	111	1	804.996
1.047198	1.977582	0.969896	137	118	139	804.886
-0.261799	2.089241	-0.114193	26	127	9	804.774
-1.570796	1.374601	-2.456031	3	137	114	804.446
2.356194	1.301460	-0.509251	140	143	126	804.369
-2.356194	1.128190	-2.288622	3	135	114	803.966
1.570796	1.869911	2.701025	133	127	123	803.905
-2.617994	1.195355	1.200319	19	134	139	803.783
2.879793	1.301460	-0.509251	119	128	137	803.773
-0.261799	0.866955	-0.931351	17	133	125	803.504
2.617994	1.335669	0.897240	132	137	28	803.417
-2.356194	0.906588	1.252948	10	130	133	803.207
1.570796	1.440580	2.260026	141	120	124	802.972
1.308997	1.025536	1.576859	138	141	138	802.644
0.785398	2.478122	2.609777	132	139	132	802.324
0.000000	0.709924	0.218797	132	6	2	801.333
-1.570796	1.195355	1.200319	5	133	134	801.223
2.617994	1.699788	2.452890	1	112	120	801.059
1.570796	1.168678	2.108595	2	119	125	800.799
-0.261799	0.961715	0.014085	16	139	132	800.698
1.308997	1.440580	2.260026	141	124	126	800.411
-2.879793	0.850607	-1.335383	130	115	8	800.077
-2.094395	1.310100	1.488307	16	138	130	799.894
-1.832596	2.251330	-2.330739	21	129	119	799.568
-2.617994	1.732874	-0.951685	4	113	8	799.431
0.785398	1.606104	-0.451151	141	124	9	799.375
-0.785398	1.440580	2.260026	9	0	135	799.042
-3.141593	1.488617	1.159546	15	115	134	798.947
-2.094395	1.448123	-2.163292	142	111	0	798.918
-2.617994	1.662363	0.915448	17	137	4	798.656
0.523599	1.998705	2.370472	142	133	133	798.366
-2.094395	1.545873	-1.877082	5	141	122	798.079
-2.617994	1.812176	0.656819	13	137	5	797.678
-0.785398	2.247462	0.191623	15	116	17	797.639
-3.141593	1.134796	2.434290	25	121	5	797.479
-2.617994	1.721184	-0.153948	10	123	8	797.327
-2.617994	1.301460	-0.509251	7	119	2	797.080
-2.617994	1.413430	2.550734	4	115	126	796.873
2.094395	0.910508	1.903534	6	118	124	796.844
-0.261799	1.506530	1.988858	0	143	136	796.733
2.094395	1.413347	-1.339188	133	135	10	796.489
-3.141593	1.732874	-0.951685	142	118	9	796.474
0.785398	1.135834	-1.431087	9	136	116	796.439
1.047198	0.762244	-0.273349	141	141	127	796.157
1.570796	2.180315	-1.357379	136	5	124	796.106
2.356194	0.910508	1.903534	11	119	123	795.803
0.000000	1.128190	-2.288622	12	140	115	795.742
1.047198	2.719179	-1.780644	138	131	14	795.733
-0.261799	1.545873	-1.877082	18	125	2	795.700
1.570796	1.554776	0.100351	130	121	0	795.661
1.308997	2.164094	-2.991358	128	4	122	795.570
2.356194	1.025536	1.576859	8	116	127	795.539
-0.785398	0.370812	-2.547742	140	124	117	795.391
2.356194	1.310100	1.488307	6	112	129	794.771
-2.356194	1.683268	0.374177	14	132	6	794.692
2.617994	2.407836	1.410646	17	110	137	794.685
-1.308997	1.256302	0.062705	17	131	138	794.495
-1.047198	2.180315	-1.357379	12	7	14	794.425
-1.570796	0.831641	0.616218	10	137	136	794.331
0.261799	2.393226	1.857173	127	137	136	794.056
0.785398	2.295480	1.008277	130	121	1	793.672
-1.308997	2.063651	-2.044600	3	140	121	793.492
-2.356194	1.135813	-2.658866	5	141	114	793.437
-1.047198	1.982574	-1.115518	24	123	135	793.413
0.261799	1.195355	1.200319	135	0	139	793.354
0.785398	1.732874	-0.951685	12	1	126	793.055
-1.832596	2.041297	-2.664597	7	131	10	792.990
-2.879793	1.214854	-1.966664	135	113	0	792.930
-0.523599	1.448123	-2.163292	2	129	111	792.802
-2.356194	2.001437	0.381215	15	134	9	792.706
1.570796	1.247695	1.809890	139	121	130	792.263
-1.047198	0.615174	-0.666022	15	129	129	792.083
1.308997	1.506530	1.988858	140	131	134	791.959
1.832596	1.310100	1.488307	0	113	129	791.893
-3.141593	1.194549	-0.801900	139	140	124	791.647
-3.141593	0.906588	1.252948	11	116	128	791.576
-2.879793	1.488617	1.159546	18	119	134	791.551
0.785398	0.762244	-0.273349	134	127	141	791.273
0.785398	2.379497	0.561089	135	123	7	790.976
2.356194	0.591903	2.010408	1	120	22	790.919
1.570796	2.073035	2.027405	138	117	131	790.870
-0.261799	1.413347	-1.339188	18	136	125	790.774
-1.570796	1.977582	0.969896	140	133	31	790.711
0.000000	1.325504	-1.671296	15	5	10	790.703
1.308997	2.456751	-1.503343	3	143	19	790.380
1.047198	2.637879	2.121598	130	121	132	790.192
-2.617994	1.134796	2.434290	3	120	126	790.113
-3.141593	2.588535	-2.976617	23	2	143	790.099
0.523599	1.812176	0.656819	22	125	5	789.923
-2.094395	0.674054	1.013609	7	129	132	789.588
-0.785398	1.214854	-1.966664	19	128	118	789.444
1.308997	2.299159	2.264663	132	118	126	789.088
1.832596	2.664082	-1.071402	9	142	12	789.067
-3.141593	0.619654	-2.216909	7	1	122	788.910
1.047198	1.214854	-1.966664	0	26	3	788.830
-1.832596	2.760637	2.781135	140	142	127	788.752
2.094395	1.195355	1.200319	141	113	133	788.601
-3.141593	0.370812	-2.547742	14	3	127	788.588
0.785398	0.709924	0.218797	140	141	129	788.355
0.000000	2.393226	1.857173	126	141	136	788.281
-2.879793	1.194549	-0.801900	137	137	123	787.887
1.308997	2.478122	2.609777	131	124	127	787.720
-1.308997	2.153910	-1.714959	4	140	122	787.678
-0.261799	2.456751	-1.503343	3	143	124	787.610
2.617994	1.310100	1.488307	7	112	130	787.485
-3.141593	1.506530	1.988858	13	120	125	787.474
-2.617994	2.041297	-2.664597	10	122	9	787.338
0.261799	1.134796	2.434290	143	134	124	786.976
2.356194	2.073035	2.027405	6	106	126	786.906
-2.094395	2.379497	0.561089	7	121	14	786.711
2.879793	0.866395	-2.492918	125	6	134	786.501
-1.832596	1.504028	0.636812	13	135	142	786.202
2.617994	2.719179	-1.780644	136	119	14	786.149
-1.308997	1.168678	2.108595	5	125	130	786.140
2.094395	1.433411	-1.035986	136	134	13	785.959
-0.261799	1.696674	-1.253233	21	136	126	785.927
-2.356194	1.413347	-1.339188	138	136	121	785.630
0.261799	0.591903	2.010408	139	131	23	785.588
2.356194	1.545873	-1.877082	129	6	9	785.206
-2.094395	2.592629	0.909713	13	2	9	785.194
1.308997	2.664082	-1.071402	143	126	11	784.592
0.261799	2.104282	-0.813972	11	137	28	784.378
-1.832596	1.741644	-2.695914	8	117	143	784.148
-1.570796	0.619654	-2.216909	5	113	137	784.071
-2.356194	2.863997	0.549740	9	142	13	783.924
-2.617994	2.349581	-2.702517	23	111	139	783.916
1.047198	2.089241	-0.114193	138	121	6	783.321
1.570796	0.866955	-0.931351	135	139	12	783.279
-0.523599	1.413347	-1.339188	20	133	125	783.128
0.523599	1.504028	0.636812	134	132	139	783.089
-0.261799	0.866395	-2.492918	8	129	112	782.966
0.000000	2.295480	1.008277	7	120	26	782.889
2.879793	0.910508	1.903534	19	123	122	782.794
2.879793	0.591903	2.010408	20	128	119	782.574
0.000000	1.545873	-1.877082	11	1	10	782.263
-0.785398	1.301460	-0.509251	24	141	143	782.236
-1.570796	1.325504	-1.671296	9	104	3	782.229
2.617994	2.760637	2.781135	23	1	5	781.524
-1.308997	1.948085	-2.363031	11	120	3	781.410
2.879793	0.297065	2.160177	4	126	127	781.219
-1.832596	0.709924	0.218797	19	127	131	781.012
-0.785398	0.591903	2.010408	6	4	132	780.950
-1.047198	2.063651	-2.044600	11	122	7	780.857
2.879793	0.685216	-1.712745	0	3	123	780.790
1.308997	1.247695	1.809890	135	123	130	780.555
-0.785398	0.929350	-2.910676	10	123	131	780.399
-1.832596	1.812176	0.656819	14	142	5	780.102
2.356194	2.153910	-1.714959	132	128	12	780.007
1.832596	0.992645	-1.723759	140	12	121	779.920
-2.879793	1.506530	1.988858	16	121	123	779.877
0.785398	2.073035	2.027405	124	121	127	779.812
0.000000	1.310100	1.488307	139	0	30	779.808
-1.047198	2.579248	-2.364801	11	128	11	779.658
1.832596	0.615174	-0.666022	132	137	15	779.291
2.094395	1.872854	1.543456	143	114	135	779.137
-2.356194	2.247462	0.191623	11	135	12	779.107
2.094395	1.310100	1.488307	142	114	132	778.973
2.094395	2.251330	-2.330739	128	106	133	778.930
-0.523599	2.138223	1.678323	131	5	137	778.677
1.308997	0.709924	0.218797	124	139	134	778.122
-1.047198	1.448123	-2.163292	1	128	112	778.081
2.356194	1.617114	-1.572037	132	128	7	778.065
1.832596	1.214854	-1.966664	2	123	112	777.864
2.879793	1.413347	-1.339188	139	124	7	777.844
0.523599	0.960688	-0.577532	13	0	127	777.702
-1.047198	2.164094	-2.991358	13	134	5	777.553
-2.617994	1.736875	3.023612	15	130	113	777.541
2.094395	2.153910	-1.714959	132	132	12	777.506
1.570796	1.977582	0.969896	0	112	139	777.407
2.094395	1.510910	-0.740472	143	0	124	777.391
-2.617994	2.587733	0.232235	9	140	12	777.276
-2.617994	1.488617	1.159546	18	136	143	777.179
-2.879793	0.899350	-2.069907	1	140	118	776.777
0.261799	1.699788	2.452890	142	136	131	776.768
-0.261799	1.504028	0.636812	15	5	26	776.541
-1.570796	0.866395	-2.492918	141	135	114	776.183
-3.141593	2.073035	2.027405	18	122	19	776.180
-0.523599	0.992645	-1.723759	16	117	2	776.119
-1.308997	1.433411	-1.035986	20	122	134	775.901
2.356194	1.413430	2.550734	6	119	116	775.843
2.094395	1.998705	2.370472	142	115	125	775.792
0.785398	0.203748	0.590255	139	5	131	775.682
-1.308997	0.899350	-2.069907	7	106	138	775.619
-0.785398	1.450119	-2.739050	12	127	138	775.533
-2.879793	2.863997	0.549740	15	141	13	775.521
-1.308997	1.310100	1.488307	0	134	132	775.388
-2.879793	0.370812	-2.547742	10	4	126	775.114
-0.523599	1.872854	1.543456	132	134	27	774.964
2.617994	1.045978	0.343692	140	109	135	774.483
1.047198	0.458961	-0.107937	127	4	130	774.476
-2.617994	0.910508	1.903534	7	120	127	774.418
1.570796	1.134796	2.434290	4	122	121	774.243
2.356194	0.831641	0.616218	137	110	131	774.230
-2.879793	1.732874	-0.951685	0	116	8	773.957
-0.261799	1.488617	1.159546	134	131	136	773.925
0.000000	1.617114	-1.572037	13	141	13	773.909
2.094395	2.089241	-0.114193	12	135	21	773.745
0.523599	2.579248	-2.364801	0	4	17	773.469
-2.094395	2.407836	1.410646	14	138	23	773.351
-1.308997	0.496451	0.593859	8	129	128	773.277
1.570796	2.174483	2.653697	129	126	127	773.251
0.785398	1.836682	-0.676006	18	142	129	773.236
-0.785398	2.033014	2.977192	11	135	0	773.189
-2.094395	1.128190	-2.288622	143	135	114	773.177
1.832596	1.510910	-0.740472	141	2	126	773.059
-0.785398	1.809167	1.213774	136	133	30	772.958
-2.356194	1.574060	2.783565	3	115	126	772.939
0.523599	0.496451	0.593859	142	8	135	772.900
-0.261799	2.393226	1.857173	130	5	137	772.777
2.356194	2.104282	-0.813972	2	125	7	772.531
0.000000	1.014500	0.906702	8	129	24	772.456
-2.617994	1.506530	1.988858	17	126	123	772.217
2.356194	0.571433	-1.188419	131	137	11	772.114
0.785398	1.374601	-2.456031	14	142	115	771.697
0.261799	0.762244	-0.273349	11	142	128	771.640
-2.879793	1.836682	-0.676006	2	118	11	771.303
-2.356194	1.025536	1.576859	19	138	128	770.821
2.617994	2.138223	1.678323	15	106	132	770.753
-0.261799	1.113094	-0.272241	9	126	124	770.598
-0.523599	1.982574	-1.115518	25	133	133	770.496
1.570796	1.045978	0.343692	123	133	141	770.474
-2.617994	1.218453	2.777284	143	119	124	770.428
-2.094395	1.875281	0.107086	13	136	11	770.418
0.785398	0.297065	2.160177	2	136	132	770.267
-2.879793	1.335669	0.897240	12	134	0	769.678
-0.261799	2.356369	3.005869	13	4	138	769.603
-1.308997	2.478122	2.609777	10	1	124	769.525
2.617994	0.615174	-0.666022	124	138	130	768.938
-1.832596	2.295480	1.008277	0	135	31	768.812
2.617994	0.297065	2.160177	4	126	127	768.793
-0.523599	2.164094	-2.991358	10	9	10	768.778
-2.617994	0.850607	-1.335383	133	109	6	768.748
1.570796	1.325504	-1.671296	3	13	121	768.470
-2.094395	2.164094	-2.991358	6	130	12	768.311
2.879793	2.108018	1.311430	11	120	135	768.165
-1.047198	0.899350	-2.069907	13	135	2	767.902
0.785398	1.872854	1.543456	133	130	139	767.750
1.570796	2.719179	-1.780644	2	16	13	767.723
-3.141593	2.356369	3.005869	11	121	15	767.716
1.308997	2.104282	-0.813972	1	4	124	767.550
-2.879793	1.872854	1.543456	13	121	133	767.413
-2.617994	1.135834	-1.431087	131	110	8	767.079
2.356194	1.732874	-0.951685	134	140	123	766.869
2.094395	1.982574	-1.115518	137	134	18	766.839
-3.141593	1.413347	-1.339188	142	122	7	766.838
-0.523599	2.187132	-0.479875	142	142	26	766.804
-0.785398	2.153910	-1.714959	0	139	122	766.790
2.356194	1.824694	1.850876	3	110	129	766.736
-0.785398	1.736875	3.023612	11	135	140	766.724
2.356194	1.998705	2.370472	11	141	130	766.627
-3.141593	1.504028	0.636812	15	129	6	766.458
-2.094395	0.906588	1.252948	7	130	133	766.264
0.523599	0.080730	-2.622036	24	120	125	766.228
2.879793	1.510910	-0.740472	119	130	133	766.203
1.570796	1.998705	2.370472	134	122	128	766.123
-1.308997	1.555207	1.708892	6	2	127	766.020
2.094395	1.134497	-1.109631	140	3	123	765.974
-1.832596	1.977582	0.969896	9	5	4	765.678
0.523599	1.195355	1.200319	133	140	139	765.406
1.047198	2.251330	-2.330739	142	15	126	765.404
1.308997	0.961715	0.014085	127	142	138	765.287
-1.832596	1.555207	1.708892	18	10	135	765.220
2.879793	0.850607	-1.335383	121	129	10	765.208
-1.570796	1.904882	-1.478089	9	0	13	765.043
0.000000	2.251330	-2.330739	11	137	8	765.036
-0.523599	1.812176	0.656819	10	114	19	764.949
-1.047198	1.488617	1.159546	6	137	31	764.834
-1.308997	0.992645	-1.723759	12	105	143	764.777
-2.617994	2.356369	3.005869	2	109	137	764.688
-3.141593	1.658653	-2.409879	15	138	124	764.626
-1.047198	2.724429	-0.348782	13	109	13	764.543
-2.094395	1.450119	-2.739050	11	138	113	764.528
2.094395	0.674054	1.013609	138	130	130	764.335
2.879793	0.640596	-2.797608	134	13	141	764.115
0.261799	0.418037	1.360082	139	7	135	764.040
-2.617994	2.033014	2.977192	1	111	133	763.993
-1.832596	1.247695	1.809890	6	128	129	763.984
2.356194	2.041297	-2.664597	129	119	3	763.791
1.570796	2.478122	2.609777	133	120	127	763.491
-3.141593	1.113094	-0.272241	7	125	11	763.311
0.785398	1.617114	-1.572037	3	140	117	763.179
-0.785398	1.194549	-0.801900	23	129	132	763.102
2.617994	1.195355	1.200319	8	112	131	763.002
-3.141593	0.615174	-0.666022	0	111	138	762.996
0.523599	1.870545	-2.976234	6	134	127	762.840
1.832596	1.135834	-1.431087	133	140	9	762.772
1.047198	2.115563	0.685730	143	118	34	762.656
-2.356194	2.174483	2.653697	18	128	12	762.571
-0.261799	2.349581	-2.702517	10	134	5	762.541
1.570796	0.290380	-0.796960	130	4	123	762.397
-2.879793	1.904882	-1.478089	5	139	121	762.118
-2.617994	1.836682	-0.676006	5	116	8	762.097
-1.308997	1.504028	0.636812	13	134	139	762.095
1.047198	2.343981	-1.040456	13	140	21	761.855
-0.261799	0.615174	-0.666022	16	133	124	761.837
2.617994	1.510910	-0.740472	138	138	122	761.752
-1.047198	1.194549	-0.801900	20	127	133	761.628
0.523599	2.108018	1.311430	133	122	136	761.616
-1.832596	2.174483	2.653697	14	139	120	761.583
-3.141593	1.824694	1.850876	12	116	130	761.564
1.047198	1.699788	2.452890	1	117	20	761.513
-0.523599	1.134497	-1.109631	21	139	131	761.512
-2.879793	1.413347	-1.339188	2	121	7	761.510
0.261799	1.134497	-1.109631	17	136	120	761.401
2.879793	2.456751	-1.503343	4	127	118	761.260
-0.785398	1.756530	-2.105156	9	133	113	761.052
0.261799	2.455966	-0.641220	13	143	127	761.017
-2.094395	0.929350	-2.910676	14	4	128	760.973
1.570796	1.025536	1.576859	139	118	128	760.816
-1.308997	1.184361	0.625864	12	135	136	760.694
-0.261799	1.948085	-2.363031	135	140	121	760.685
2.094395	1.325504	-1.671296	135	11	122	760.578
-1.047198	1.214854	-1.966664	0	121	112	760.542
-1.570796	1.872854	1.543456	18	142	15	760.528
1.308997	1.194549	-0.801900	9	3	124	760.450
0.261799	1.569311	-3.003978	9	131	125	760.426
-1.570796	1.824694	1.850876	142	133	27	760.403
0.785398	0.685216	-1.712745	5	31	141	760.371
-2.356194	1.599406	1.426070	3	6	30	760.277
-2.094395	2.001437	0.381215	15	135	11	760.219
-2.617994	0.700570	1.559208	5	128	131	760.182
1.832596	1.247695	1.809890	141	120	130	759.980
-0.785398	0.910508	1.903534	8	2	136	759.908
-0.785398	1.872854	1.543456	134	5	31	759.840
-1.308997	1.869911	2.701025	16	137	1	759.790
1.308997	1.904882	-1.478089	140	1	15	759.765
0.523599	1.699788	2.452890	139	135	128	759.675
1.047198	0.910508	1.903534	143	135	135	759.403
-1.308997	1.977582	0.969896	139	119	25	759.367
2.094395	0.615174	-0.666022	130	2	129	759.218
2.356194	0.866955	-0.931351	125	131	15	759.165
1.570796	0.203748	0.590255	124	120	11	759.104
0.261799	1.113094	-0.272241	9	128	123	759.035
-2.356194	0.910508	1.903534	7	123	127	758.840
-0.261799	1.440580	2.260026	1	142	134	758.804
2.094395	1.554776	0.100351	6	128	18	758.800
1.570796	0.762244	-0.273349	133	135	19	758.798
0.523599	2.033014	2.977192	1	136	128	758.455
1.570796	2.393226	1.857173	138	116	134	758.385
-2.094395	0.379747	-1.713059	4	113	134	758.222
2.356194	0.864993	2.278281	14	122	118	758.113
2.356194	1.014500	0.906702	140	108	133	757.902
2.617994	2.455966	-0.641220	3	8	22	757.851
-2.617994	1.574060	2.783565	2	114	126	757.822
0.785398	0.864993	2.278281	3	135	136	757.808
-2.094395	2.356369	3.005869	10	110	137	757.760
0.785398	1.301460	-0.509251	20	141	131	757.524
-1.308997	1.367556	0.358405	15	135	139	757.450
2.617994	0.674054	1.013609	7	114	127	757.314
1.308997	2.407836	1.410646	139	116	137	757.300
-1.570796	0.674054	1.013609	9	129	128	757.293
1.047198	1.014500	0.906702	0	143	136	757.261
-2.879793	1.696674	-1.253233	132	139	18	757.218
0.261799	0.914445	2.687814	5	136	134	757.095
-0.261799	1.836682	-0.676006	1	5	17	756.990
-0.523599	1.574060	2.783565	10	140	135	756.956
0.785398	2.343981	-1.040456	140	136	12	756.690
2.879793	2.073035	2.027405	10	111	129	756.610
-2.879793	2.247462	0.191623	12	135	14	756.596
-2.879793	1.736875	3.023612	14	128	114	756.566
1.308997	1.184361	0.625864	125	134	0	756.528
1.308997	1.736875	3.023612	135	100	130	756.494
-1.308997	1.195355	1.200319	3	129	133	756.249
1.047198	2.863997	0.549740	26	127	143	756.143
1.308997	0.700570	1.559208	140	136	133	756.096
0.785398	1.128190	-2.288622	20	141	117	756.063
-1.832596	2.863997	0.549740	135	130	26	755.909
2.617994	0.864993	2.278281	15	124	117	755.864
-2.617994	1.168678	2.108595	20	127	116	755.697
0.523599	2.592629	0.909713	131	119	2	755.691
-1.832596	1.194549	-0.801900	15	117	137	755.627
-0.261799	2.063651	-2.044600	2	136	115	755.598
-2.356194	1.824694	1.850876	27	1	134	755.564
-2.617994	0.685216	-1.712745	132	137	120	755.536
2.356194	2.251330	-2.330739	124	129	121	755.515
1.570796	2.033014	2.977192	125	137	9	755.499
-0.261799	2.033014	2.977192	12	2	0	755.486
1.832596	1.909857	-0.381669	2	122	11	755.458
-3.141593	0.864993	2.278281	17	130	116	755.427
-3.141593	0.899350	-2.069907	6	1	122	755.273
-2.094395	1.335669	0.897240	13	130	137	754.819
2.356194	0.418037	1.360082	13	116	125	754.648
-2.094395	2.456751	-1.503343	9	12	126	754.620
1.570796	1.413430	2.550734	142	123	118	754.353
1.832596	2.180315	-1.357379	135	138	120	754.091
-0.261799	1.824694	1.850876	127	0	25	753.971
-0.785398	2.407836	1.410646	129	137	29	753.847
-1.832596	1.242974	-2.977882	19	134	132	753.816
0.000000	2.153910	-1.714959	8	0	122	753.790
-1.308997	2.396274	-1.959260	6	133	15	753.740
0.785398	0.960688	-0.577532	22	9	140	753.670
-2.356194	0.591903	2.010408	4	125	125	753.662
1.570796	1.218453	2.777284	1	127	115	753.408
-2.617994	1.417623	-0.202254	11	119	3	753.406
-2.356194	1.045978	0.343692	17	129	0	753.237
-2.879793	2.349581	-2.702517	5	141	18	753.140
1.832596	0.618092	2.539118	139	118	124	753.133
-1.832596	1.696674	-1.253233	137	2	13	753.106
0.261799	1.836682	-0.676006	22	141	132	752.976
-0.785398	0.992645	-1.723759	14	138	8	752.933
1.047198	1.194549	-0.801900	12	1	124	752.930
2.094395	2.104282	-0.813972	143	135	20	752.823
1.308997	0.571433	-1.188419	132	0	3	752.753
-1.570796	2.251330	-2.330739	7	131	12	752.698
-1.570796	2.579248	-2.364801	6	132	15	752.419
-0.785398	1.325504	-1.671296	12	140	10	752.361
0.785398	1.325504	-1.671296	6	8	121	752.019
2.356194	1.909857	-0.381669	133	135	123	752.011
-2.879793	1.909857	-0.381669	4	141	17	751.999
2.094395	1.836682	-0.676006	143	133	19	751.924
2.617994	1.836682	-0.676006	142	126	14	751.833
-3.141593	1.448123	-2.163292	131	117	0	751.797
2.356194	2.478122	2.609777	22	118	11	751.777
2.356194	0.674054	1.013609	3	114	127	751.576
-0.785398	1.870545	-2.976234	12	133	143	751.483
1.047198	1.545873	-1.877082	4	11	119	751.394
1.570796	1.135834	-1.431087	1	136	116	751.255
-1.570796	1.599406	1.426070	11	135	132	751.223
-2.879793	1.014500	0.906702	16	127	139	751.136
-2.094395	1.374601	-2.456031	3	113	140	751.042
-2.617994	1.606104	-0.451151	7	119	6	751.026
-1.047198	1.824694	1.850876	2	16	136	751.025
-2.094395	2.295480	1.008277	7	30	4	750.839
1.047198	1.658653	-2.409879	7	4	117	750.754
0.785398	2.579248	-2.364801	7	19	8	750.615
-2.094395	0.591903	2.010408	2	126	126	750.446
-1.047198	2.592629	0.909713	130	128	29	750.350
0.523599	1.809167	1.213774	132	139	1	750.256
2.617994	0.709924	0.218797	131	109	21	750.198
-1.047198	2.404280	-0.174044	15	112	13	749.912
1.047198	2.187132	-0.479875	0	137	121	749.894
-3.141593	1.310100	1.488307	16	117	129	749.889
-1.832596	2.115563	0.685730	13	124	6	749.737
-0.785398	2.180315	-1.357379	27	129	130	749.691
-2.356194	1.367556	0.358405	16	130	3	749.682
-0.785398	1.448123	-2.163292	2	128	111	749.644
-1.308997	2.343981	-1.040456	141	3	12	749.622
-2.879793	1.504028	0.636812	16	130	6	749.591
-1.308997	1.128190	-2.288622	141	133	114	749.512
2.617994	1.488617	1.159546	138	137	30	749.403
-2.094395	2.664082	-1.071402	5	127	22	749.326
-2.617994	0.379747	-1.713059	134	134	118	749.136
0.523599	1.450119	-2.739050	12	131	126	749.092
-3.141593	1.025536	1.576859	14	117	21	749.072
-0.523599	1.325504	-1.671296	18	139	10	749.002
-2.879793	0.906588	1.252948	24	125	130	748.973
-2.879793	0.496451	0.593859	12	123	132	748.953
1.832596	0.960688	-0.577532	9	2	129	748.937
2.094395	0.619654	-2.216909	135	11	1	748.768
-2.879793	1.374601	-2.456031	14	143	125	748.735
0.523599	2.187132	-0.479875	5	139	123	748.730
1.308997	1.599406	1.426070	139	137	31	748.557
-2.356194	2.138223	1.678323	26	2	139	748.463
2.617994	1.732874	-0.951685	138	125	11	748.431
2.879793	0.960688	-0.577532	120	129	133	748.365
0.000000	0.458961	-0.107937	10	11	130	748.343
-1.047198	1.617114	-1.572037	15	134	123	748.309
0.261799	2.108018	1.311430	132	128	137	748.287
-2.879793	1.195355	1.200319	7	0	143	748.037
0.000000	2.343981	-1.040456	2	131	13	747.960
1.308997	0.080730	-2.622036	5	129	126	747.727
-3.141593	0.929350	-2.910676	131	3	132	747.702
0.000000	0.866395	-2.492918	9	130	111	747.689
-2.617994	2.299159	2.264663	19	129	17	747.656
-2.879793	0.700570	1.559208	23	129	124	747.632
1.308997	1.809167	1.213774	139	119	135	747.612
-1.047198	1.168678	2.108595	3	125	130	747.383
-3.141593	2.299159	2.264663	9	1	132	747.382
1.832596	0.419640	2.974122	6	116	17	747.300
-3.141593	1.617114	-1.572037	138	113	4	747.184
-0.261799	1.998705	2.370472	142	14	131	747.169
1.832596	1.836682	-0.676006	2	126	8	747.000
-2.617994	1.869911	2.701025	4	112	131	746.790
-1.047198	2.153910	-1.714959	3	138	121	746.758
-1.308997	1.766067	2.153843	4	136	123	746.708
-1.570796	1.555207	1.708892	6	143	128	746.535
-2.356194	1.872854	1.543456	26	1	141	746.487
-1.570796	1.135834	-1.431087	10	103	6	746.474
-0.261799	2.984978	1.954446	124	132	132	746.347
-0.261799	1.658653	-2.409879	14	128	140	746.287
2.356194	1.904882	-1.478089	133	129	11	746.157
2.094395	0.762244	-0.273349	137	115	140	745.948
-0.261799	2.251330	-2.330739	142	1	121	745.934
-2.879793	0.615174	-0.666022	120	127	133	745.808
-2.617994	1.184361	0.625864	17	129	0	745.681
0.000000	2.588535	-2.976617	143	15	127	745.532
-3.141593	0.080730	-2.622036	3	12	123	745.364
1.832596	0.866955	-0.931351	136	138	14	745.351
2.879793	0.914445	2.687814	11	130	112	745.307
-1.570796	1.310100	1.488307	7	3	131	745.293
-0.261799	1.325504	-1.671296	15	142	11	745.278
0.785398	0.850607	-1.335383	7	2	120	745.129
1.570796	2.104282	-0.813972	3	143	122	744.963
-0.261799	0.850607	-1.335383	14	131	122	744.940
-2.094395	2.863997	0.549740	129	135	26	744.925
-2.879793	1.440580	2.260026	24	125	12	744.487
1.570796	1.809167	1.213774	141	115	135	744.382
2.094395	0.864993	2.278281	11	120	118	744.293
2.356194	2.180315	-1.357379	6	135	124	744.236
-2.879793	2.299159	2.264663	6	1	133	743.857
-1.047198	0.080730	-2.622036	3	114	133	743.725
-2.879793	1.824694	1.850876	22	123	127	743.439
1.308997	2.396274	-1.959260	135	1	16	743.439
-2.879793	1.554776	0.100351	11	125	8	743.158
-1.832596	1.869911	2.701025	15	143	116	743.127
-0.523599	1.824694	1.850876	131	9	133	743.006
0.261799	2.089241	-0.114193	19	125	28	742.760
-1.570796	2.724429	-0.348782	4	111	17	742.760
-2.356194	2.299159	2.264663	18	131	17	742.636
-0.785398	1.977582	0.969896	3	128	30	742.519
1.570796	1.875281	0.107086	134	117	5	742.451
-1.308997	0.685216	-1.712745	12	134	5	742.432
1.570796	0.418037	1.360082	142	137	132	742.273
0.785398	1.045978	0.343692	131	1	141	741.970
-2.617994	1.977582	0.969896	18	143	6	741.887
-1.308997	1.045978	0.343692	16	133	135	741.639
1.047198	1.836682	-0.676006	6	4	126	741.607
-1.047198	1.256302	0.062705	17	133	136	741.573
-3.141593	1.195355	1.200319	14	115	131	741.513
0.785398	1.195355	1.200319	131	116	134	741.447
-2.356194	2.396274	-1.959260	18	118	4	741.410
-2.879793	1.662363	0.915448	18	134	4	741.318
2.617994	1.214854	-1.966664	133	136	7	740.841
-1.047198	2.041297	-2.664597	10	133	6	740.827
1.832596	2.592629	0.909713	140	116	6	740.816
0.261799	1.488617	1.159546	137	130	134	740.782
-2.094395	1.301460	-0.509251	14	118	143	740.762
1.570796	0.961715	0.014085	124	136	137	740.463
0.261799	1.335669	0.897240	138	131	134	740.457
-1.308997	2.704512	1.488683	10	1	11	740.427
-0.523599	1.506530	1.988858	139	140	28	740.415
-0.261799	1.766067	2.153843	134	128	24	740.356
0.785398	2.251330	-2.330739	3	15	126	740.314
-2.879793	1.870545	-2.976234	10	123	113	740.247
1.570796	0.674054	1.013609	137	140	135	740.059
-2.617994	1.599406	1.426070	3	5	30	740.052
-2.356194	2.295480	1.008277	17	4	6	739.912
-2.617994	1.510910	-0.740472	6	117	3	739.804
2.356194	1.658653	-2.409879	129	142	4	739.671
-1.047198	2.299159	2.264663	142	17	132	739.490
-2.879793	1.450119	-2.739050	130	141	135	739.476
2.879793	1.846342	-1.796954	135	117	5	739.247
-0.261799	1.846342	-1.796954	14	140	120	739.199
-3.141593	2.724429	-0.348782	3	13	19	738.797
-0.523599	2.719179	-1.780644	7	131	14	738.604
0.785398	1.413430	2.550734	142	129	123	738.328
2.356194	0.615174	-0.666022	11	1	131	738.301
2.356194	0.700570	1.559208	12	116	126	738.278
-3.141593	1.875281	0.107086	11	125	14	738.147
1.832596	1.545873	-1.877082	139	124	114	738.136
-0.523599	1.756530	-2.105156	2	132	113	738.037
-2.356194	2.456751	-1.503343	1	13	12	737.965
-0.785398	0.640596	-2.797608	6	117	134	737.937
-2.356194	1.433411	-1.035986	138	125	118	737.865
-0.785398	1.658653	-2.409879	137	132	116	737.848
0.523599	1.606104	-0.451151	23	138	134	737.673
-0.523599	2.396274	-1.959260	1	143	122	737.274
2.617994	2.180315	-1.357379	4	136	123	737.206
-2.094395	2.637879	2.121598	140	139	127	737.152
-1.832596	0.866395	-2.492918	3	115	136	737.111
-2.617994	2.247462	0.191623	11	135	12	736.797
1.047198	1.812176	0.656819	136	122	35	736.785
-2.094395	1.506530	1.988858	15	136	123	736.725
2.356194	0.914445	2.687814	7	130	116	736.686
2.356194	1.510910	-0.740472	140	129	15	736.606
0.523599	0.379747	-1.713059	3	135	127	736.540
1.832596	0.850607	-1.335383	134	140	9	736.240
-1.570796	1.545873	-1.877082	142	134	117	736.200
-0.523599	0.899350	-2.069907	14	128	116	736.171
-0.785398	1.732874	-0.951685	7	13	10	736.099
0.785398	1.417623	-0.202254	135	123	140	736.065
1.308997	1.998705	2.370472	129	128	128	735.992
-2.879793	1.812176	0.656819	9	16	5	735.965
1.308997	1.846342	-1.796954	135	1	12	735.940
1.047198	1.374601	-2.456031	12	0	115	735.876
0.000000	1.301460	-0.509251	7	130	123	735.865
-2.879793	1.242974	-2.977882	8	134	107	735.843
-3.141593	0.960688	-0.577532	5	124	7	735.568
-2.094395	1.195355	1.200319	10	133	134	735.497
-2.094395	1.135834	-1.431087	6	130	11	735.471
-0.785398	0.619654	-2.216909	6	124	115	735.348
-2.617994	1.658653	-2.409879	143	111	0	735.204
2.094395	1.194549	-0.801900	3	2	125	735.167
-2.617994	1.413347	-1.339188	131	112	118	735.128
-3.141593	1.014500	0.906702	139	102	7	735.073
0.523599	1.325504	-1.671296	7	8	11	734.914
0.785398	0.914445	2.687814	4	127	120	734.828
1.047198	1.662363	0.915448	135	119	138	734.474
-1.570796	0.899350	-2.069907	143	127	113	734.462
0.261799	1.554776	0.100351	137	121	9	734.461
1.570796	1.617114	-1.572037	138	134	116	734.455
-2.356194	2.637879	2.121598	140	143	130	734.326
-1.570796	0.906588	1.252948	24	126	5	734.162
2.356194	1.113094	-0.272241	142	116	143	734.151
1.832596	2.251330	-2.330739	125	110	134	733.756
0.523599	0.899350	-2.069907	142	130	119	733.648
-1.308997	2.295480	1.008277	134	119	24	733.596
2.094395	1.413430	2.550734	3	119	116	733.580
1.308997	1.301460	-0.509251	133	142	25	733.569
0.523599	2.455966	-0.641220	2	119	9	733.441
1.047198	2.356369	3.005869	122	140	13	733.380
1.570796	0.906588	1.252948	135	119	129	733.347
2.356194	1.335669	0.897240	141	108	137	733.293
-1.832596	1.413347	-1.339188	7	119	17	733.074
-1.047198	1.045978	0.343692	16	134	134	732.937
-2.094395	1.824694	1.850876	23	6	134	732.832
-2.879793	0.762244	-0.273349	119	138	3	732.727
-1.047198	1.325504	-1.671296	10	133	121	732.696
0.523599	2.704512	1.488683	126	119	139	732.519
2.879793	1.545873	-1.877082	14	139	125	732.508
-2.617994	1.554776	0.100351	13	124	5	732.011
2.356194	1.574060	2.783565	139	115	114	731.880
0.785398	1.756530	-2.105156	135	125	115	731.862
0.523599	1.194549	-0.801900	18	141	124	731.446
0.261799	2.588535	-2.976617	6	23	4	731.416
1.047198	2.247462	0.191623	139	116	6	731.381
-3.141593	1.809167	1.213774	16	116	136	731.288
-1.570796	1.433411	-1.035986	19	119	135	730.821
1.047198	2.456751	-1.503343	7	143	19	730.746
-0.785398	2.863997	0.549740	1	113	18	730.677
2.356194	2.343981	-1.040456	140	134	20	730.668
-3.141593	0.961715	0.014085	143	106	133	730.651
2.617994	1.617114	-1.572037	132	123	7	730.485
-3.141593	2.089241	-0.114193	7	129	16	730.352
2.356194	2.174483	2.653697	132	142	0	730.334
-1.047198	1.872854	1.543456	141	130	28	730.281
-2.094395	1.184361	0.625864	14	128	137	730.062
-1.308997	1.982574	-1.115518	7	5	14	729.732
0.000000	0.615174	-0.666022	15	135	123	729.595
1.832596	1.948085	-2.363031	131	141	116	729.543
0.000000	1.134796	2.434290	143	136	124	729.491
-2.879793	1.113094	-0.272241	7	120	1	729.394
0.785398	2.349581	-2.702517	138	14	125	729.377
-2.094395	1.555207	1.708892	23	6	135	729.157
0.785398	0.899350	-2.069907	141	126	118	729.054
2.879793	1.756530	-2.105156	15	138	126	728.972
-1.570796	0.379747	-1.713059	137	118	117	728.916
-1.832596	1.617114	-1.572037	142	129	13	728.573
-1.832596	0.080730	-2.622036	134	140	122	728.446
-2.879793	2.587733	0.232235	11	140	12	728.426
1.832596	0.591903	2.010408	9	119	121	728.390
2.617994	1.301460	-0.509251	120	133	136	728.312
1.047198	1.872854	1.543456	133	127	138	728.293
0.785398	0.379747	-1.713059	12	10	123	728.226
1.570796	1.870545	-2.976234	137	102	126	728.089
0.000000	1.721184	-0.153948	16	135	128	727.991
-3.141593	1.335669	0.897240	12	133	1	727.902
1.308997	0.910508	1.903534	1	134	135	727.848
-2.094395	0.418037	1.360082	8	125	125	727.704
-0.785398	1.545873	-1.877082	13	140	10	727.595
1.832596	2.455966	-0.641220	4	123	6	727.271
-1.308997	2.041297	-2.664597	15	125	3	727.259
-1.308997	1.325504	-1.671296	14	106	3	727.207
2.617994	1.413347	-1.339188	135	130	115	727.183
-0.523599	1.662363	0.915448	7	117	21	727.164
-2.617994	2.881233	-2.582574	24	3	1	726.970
-1.570796	1.050534	3.042579	141	118	132	726.930
-2.356194	0.640596	-2.797608	10	8	128	726.875
-0.523599	1.948085	-2.363031	141	137	116	726.780
1.308997	0.850607	-1.335383	137	13	12	726.700
2.094395	0.297065	2.160177	23	119	124	726.601
1.308997	0.866955	-0.931351	133	127	138	726.574
-0.261799	1.756530	-2.105156	17	127	0	726.435
-3.141593	1.662363	0.915448	16	131	4	726.256
1.047198	0.906588	1.252948	132	127	130	726.162
0.785398	1.510910	-0.740472	18	142	128	726.104
2.356194	1.569311	-3.003978	8	129	115	726.035
2.617994	2.592629	0.909713	1	0	126	726.004
0.261799	1.756530	-2.105156	11	4	116	725.776
2.356194	2.396274	-1.959260	123	133	124	725.752
-0.785398	1.569311	-3.003978	13	134	139	725.627
-1.047198	0.297065	2.160177	7	4	130	725.590
-2.356194	1.440580	2.260026	20	127	116	725.524
-0.261799	0.458961	-0.107937	26	124	143	725.469
-2.356194	2.153910	-1.714959	141	141	14	725.229
-2.356194	1.875281	0.107086	12	135	11	725.079
2.617994	1.218453	2.777284	3	119	110	724.934
-2.356194	1.050534	3.042579	138	120	122	724.778
-2.617994	1.809167	1.213774	141	6	30	724.750
0.000000	0.618092	2.539118	133	130	21	724.550
-2.617994	2.664082	-1.071402	143	115	15	724.497
2.879793	0.674054	1.013609	7	112	127	724.314
-1.570796	0.864993	2.278281	18	2	136	724.312
1.308997	1.872854	1.543456	134	121	136	724.238
-2.879793	1.869911	2.701025	1	112	132	724.199
-2.879793	1.948085	-2.363031	4	122	10	724.143
1.570796	0.591903	2.010408	5	119	121	724.140
-1.047198	1.247695	1.809890	143	0	122	723.926
1.570796	0.685216	-1.712745	134	140	0	723.913
-1.570796	2.180315	-1.357379	140	2	124	723.856
2.879793	2.343981	-1.040456	0	136	123	723.543
-0.261799	2.174483	2.653697	120	3	13	723.431
-0.523599	1.374601	-2.456031	12	123	139	723.362
2.617994	2.979456	-1.009304	1	15	16	723.341
1.570796	2.187132	-0.479875	139	133	119	723.312
-1.832596	1.658653	-2.409879	13	132	114	723.302
1.308997	1.134497	-1.109631	138	141	12	723.264
-1.047198	0.379747	-1.713059	9	117	117	723.177
0.523599	1.909857	-0.381669	139	125	7	723.084
-2.617994	1.846342	-1.796954	135	137	12	723.028
-3.141593	0.914445	2.687814	26	122	143	723.027
-3.141593	0.700570	1.559208	23	125	125	722.995
0.000000	1.448123	-2.163292	13	2	6	722.976
-1.308997	2.455966	-0.641220	21	123	134	722.963
0.000000	1.599406	1.426070	18	123	123	722.897
2.356194	0.496451	0.593859	132	107	17	722.880
-1.832596	0.496451	0.593859	10	131	131	722.804
-0.523599	0.850607	-1.335383	18	134	126	722.272
-3.141593	1.909857	-0.381669	5	137	18	722.256
-1.832596	2.588535	-2.976617	22	11	13	722.181
-1.570796	2.478122	2.609777	13	134	12	722.149
-2.094395	1.658653	-2.409879	8	123	6	722.096
-2.356194	1.869911	2.701025	6	114	129	722.062
1.047198	1.325504	-1.671296	4	12	121	722.037
-1.832596	0.379747	-1.713059	135	122	117	721.893
1.308997	1.325504	-1.671296	138	13	11	721.857
1.308997	0.591903	2.010408	2	120	122	721.831
0.523599	2.881233	-2.582574	8	0	11	721.825
2.094395	1.846342	-1.796954	141	125	113	721.771
2.356194	2.456751	-1.503343	4	133	122	721.655
-2.094395	1.194549	-0.801900	12	118	139	721.648
0.785398	2.396274	-1.959260	9	15	130	721.555
-3.141593	0.685216	-1.712745	139	142	119	721.412
0.261799	0.674054	1.013609	141	10	138	721.392
2.617994	1.696674	-1.253233	136	125	9	721.332
0.785398	0.615174	-0.666022	4	136	123	721.327
1.047198	0.419640	2.974122	18	120	119	721.189
2.617994	1.662363	0.915448	135	142	30	720.931
-1.308997	1.617114	-1.572037	6	132	13	720.726
-1.832596	2.881233	-2.582574	4	132	18	720.708
1.832596	2.588535	-2.976617	125	117	12	720.682
1.570796	0.297065	2.160177	17	125	140	720.644
-2.356194	0.290380	-0.796960	10	127	5	720.550
-0.261799	1.909857	-0.381669	142	142	20	720.533
-3.141593	1.696674	-1.253233	128	143	19	720.426
-1.832596	2.153910	-1.714959	140	137	12	720.363
0.261799	2.063651	-2.044600	138	143	122	720.054
-1.832596	1.325504	-1.671296	3	139	120	719.975
1.047198	1.135834	-1.431087	6	137	116	719.900
-0.261799	1.741644	-2.695914	130	137	122	719.878
-0.261799	2.579248	-2.364801	10	124	143	719.770
-0.785398	2.379497	0.561089	7	143	26	719.757
-1.832596	1.599406	1.426070	14	8	140	719.713
1.832596	2.979456	-1.009304	13	0	11	719.707
1.047198	0.203748	0.590255	134	0	128	719.521
2.094395	0.700570	1.559208	6	17	139	719.511
-2.879793	0.674054	1.013609	19	123	129	719.295
-0.261799	0.619654	-2.216909	10	126	115	719.171
0.000000	2.073035	2.027405	133	4	133	718.858
-2.879793	1.569311	-3.003978	135	139	134	718.763
1.047198	1.599406	1.426070	138	138	31	718.721
-0.523599	1.310100	1.488307	2	0	30	718.683
0.261799	2.456751	-1.503343	143	0	123	718.680
-1.047198	2.881233	-2.582574	9	130	14	718.662
1.832596	1.809167	1.213774	141	113	136	718.658
2.356194	1.134497	-1.109631	123	129	12	718.570
2.879793	0.080730	-2.622036	8	131	120	718.533
1.832596	1.617114	-1.572037	137	129	115	718.089
-2.617994	2.063651	-2.044600	4	140	122	718.086
2.094395	2.108018	1.311430	1	110	138	718.065
-2.356194	2.379497	0.561089	14	140	12	717.973
-0.261799	2.637879	2.121598	1	117	15	717.965
0.523599	1.113094	-0.272241	8	131	123	717.958
1.832596	0.674054	1.013609	139	133	131	717.949
0.000000	0.850607	-1.335383	12	134	122	717.918
1.832596	1.488617	1.159546	140	113	134	717.678
-2.617994	1.128190	-2.288622	134	120	143	717.603
0.000000	1.335669	0.897240	134	131	136	717.235
-2.879793	0.914445	2.687814	27	130	139	717.217
-2.094395	0.619654	-2.216909	138	137	117	717.122
1.047198	1.195355	1.200319	131	127	134	717.062
1.832596	1.195355	1.200319	138	116	132	717.052
-0.785398	1.128190	-2.288622	139	125	112	717.004
0.000000	0.700570	1.559208	141	9	137	716.964
1.832596	2.587733	0.232235	5	143	124	716.820
2.879793	0.866955	-0.931351	124	135	126	716.784
1.308997	1.870545	-2.976234	133	104	126	716.677
-2.617994	2.396274	-1.959260	135	143	10	716.474
1.308997	0.929350	-2.910676	8	135	110	716.429
-1.308997	2.637879	2.121598	134	130	126	716.361
1.570796	2.664082	-1.071402	7	140	22	716.322
1.832596	0.709924	0.218797	121	129	134	716.175
-1.832596	0.640596	-2.797608	3	141	118	716.160
-2.617994	0.591903	2.010408	5	122	125	716.158
-0.785398	0.960688	-0.577532	3	129	126	716.112
0.261799	0.458961	-0.107937	7	136	124	716.056
-2.356194	0.619654	-2.216909	141	140	119	715.704
2.879793	2.153910	-1.714959	137	118	8	715.643
2.879793	2.089241	-0.114193	7	129	14	715.506
-1.570796	1.504028	0.636812	12	138	142	715.435
-1.570796	1.510910	-0.740472	1	99	130	715.428
-1.308997	1.545873	-1.877082	9	113	4	715.387
-0.523599	0.379747	-1.713059	26	121	125	715.349
-2.094395	0.992645	-1.723759	139	107	2	715.191
0.000000	0.899350	-2.069907	28	124	127	715.173
-0.261799	2.104282	-0.813972	25	134	135	715.044
-1.570796	2.456751	-1.503343	141	129	17	714.951
-2.617994	1.450119	-2.739050	13	136	115	714.885
1.832596	2.719179	-1.780644	142	15	14	714.865
-0.261799	0.929350	-2.910676	9	121	133	714.814
2.094395	0.992645	-1.723759	134	3	9	714.760
-2.094395	1.696674	-1.253233	0	142	14	714.643
2.094395	1.135834	-1.431087	134	136	9	714.550
-2.094395	1.599406	1.426070	8	1	31	714.291
2.094395	2.478122	2.609777	6	117	19	714.255
0.000000	1.218453	2.777284	6	135	139	714.248
2.879793	2.455966	-0.641220	1	6	21	714.111
-1.308997	2.033014	2.977192	18	135	3	713.914
0.261799	0.496451	0.593859	122	134	138	713.884
2.879793	0.961715	0.014085	140	108	133	713.875
0.000000	2.063651	-2.044600	142	134	115	713.803
0.261799	1.433411	-1.035986	19	139	123	713.613
-1.570796	0.419640	2.974122	3	2	124	713.437
0.261799	1.194549	-0.801900	21	139	125	713.326
1.570796	1.256302	0.062705	126	136	142	712.993
1.570796	1.846342	-1.796954	137	11	121	712.985
-2.617994	0.866955	-0.931351	123	117	127	712.962
1.832596	0.418037	1.360082	0	117	123	712.936
-2.356194	1.766067	2.153843	18	129	122	712.848
-0.523599	1.846342	-1.796954	13	141	122	712.747
2.356194	2.592629	0.909713	0	139	27	712.568
-3.141593	2.379497	0.561089	9	119	4	712.527
0.261799	0.899350	-2.069907	142	130	119	712.507
-1.570796	0.960688	-0.577532	19	123	135	712.296
-2.094395	2.073035	2.027405	25	5	132	712.169
-0.785398	2.041297	-2.664597	10	133	5	712.109
1.832596	2.579248	-2.364801	124	109	138	712.094
0.785398	0.992645	-1.723759	11	10	121	712.063
2.356194	1.741644	-2.695914	130	120	143	712.014
2.094395	1.756530	-2.105156	132	1	10	711.936
0.261799	2.579248	-2.364801	9	15	129	711.897
2.094395	1.569311	-3.003978	7	129	116	711.821
2.094395	1.617114	-1.572037	130	9	124	711.778
0.000000	2.881233	-2.582574	7	15	134	711.537
-2.879793	2.478122	2.609777	13	126	18	711.528
-2.094395	0.700570	1.559208	7	126	127	711.461
-0.785398	1.310100	1.488307	4	0	30	711.420
-2.879793	0.419640	2.974122	135	11	136	711.301
2.617994	2.456751	-1.503343	141	131	122	710.866
-1.570796	0.992645	-1.723759	139	115	114	710.858
0.261799	1.809167	1.213774	132	129	136	710.825
2.094395	1.606104	-0.451151	139	119	7	710.820
-1.047198	2.104282	-0.813972	24	120	141	710.703
-2.356194	0.379747	-1.713059	0	116	143	710.636
0.785398	0.591903	2.010408	0	135	132	710.605
-1.308997	1.599406	1.426070	6	2	133	710.583
-1.047198	0.571433	-1.188419	11	127	127	710.574
2.879793	2.393226	1.857173	17	109	132	710.572
-1.570796	1.256302	0.062705	17	129	138	710.496
1.047198	1.741644	-2.695914	1	0	115	710.414
1.308997	1.699788	2.452890	132	128	123	710.281
2.356194	1.218453	2.777284	1	119	110	710.244
-2.356194	1.998705	2.370472	20	129	12	710.216
2.879793	1.413430	2.550734	5	119	116	710.188
0.000000	1.135834	-1.431087	17	0	125	710.049
2.617994	0.910508	1.903534	17	120	122	710.039
-2.094395	1.736875	3.023612	4	113	127	710.034
-1.308997	0.866955	-0.931351	19	123	130	710.018
-1.570796	1.134497	-1.109631	139	128	119	709.943
2.879793	1.909857	-0.381669	3	126	14	709.860
-1.308997	2.881233	-2.582574	9	126	14	709.798
2.356194	0.297065	2.160177	1	118	19	709.785
-0.785398	2.984978	1.954446	118	125	140	709.742
2.356194	0.961715	0.014085	124	114	136	709.727
2.879793	1.113094	-0.272241	4	123	13	709.718
-0.785398	0.899350	-2.069907	13	125	115	709.711
-1.308997	0.615174	-0.666022	14	126	129	709.563
-0.261799	1.134796	2.434290	2	138	124	709.402
1.047198	2.984978	1.954446	1	106	16	709.317
0.000000	2.180315	-1.357379	17	137	21	709.167
-2.094395	1.135813	-2.658866	3	140	113	709.160
-1.047198	0.640596	-2.797608	8	121	130	709.076
-2.617994	1.756530	-2.105156	0	125	10	708.699
-3.141593	0.203748	0.590255	17	116	126	708.576
-1.308997	2.073035	2.027405	142	17	134	708.354
-3.141593	2.251330	-2.330739	3	133	123	708.337
2.879793	2.164094	-2.991358	0	124	121	708.322
-2.879793	1.699788	2.452890	25	2	13	708.089
2.617994	0.992645	-1.723759	2	1	122	708.049
0.523599	1.977582	0.969896	134	128	140	707.991
-0.785398	0.203748	0.590255	10	132	123	707.987
-0.523599	2.063651	-2.044600	138	132	118	707.950
-2.617994	0.914445	2.687814	26	134	139	707.927
1.047198	2.379497	0.561089	137	122	7	707.864
-2.879793	0.619654	-2.216909	5	4	125	707.806
-1.832596	1.545873	-1.877082	4	130	10	707.605
1.570796	1.574060	2.783565	136	128	117	707.532
-0.261799	1.599406	1.426070	1	121	22	707.403
-0.261799	1.135834	-1.431087	20	124	8	707.223
0.261799	0.379747	-1.713059	3	133	127	707.069
-2.356194	1.846342	-1.796954	1	139	121	707.021
-2.094395	2.299159	2.264663	17	140	126	707.015
-0.261799	2.724429	-0.348782	140	4	14	707.000
-2.879793	1.756530	-2.105156	132	139	7	706.928
-2.879793	1.448123	-2.163292	127	11	134	706.825
-1.832596	2.356369	3.005869	140	136	125	706.775
-0.261799	2.343981	-1.040456	5	140	123	706.736
0.785398	1.113094	-0.272241	7	128	122	706.692
-1.308997	1.135834	-1.431087	16	106	6	706.508
0.261799	1.448123	-2.163292	10	143	113	706.494
1.832596	2.164094	-2.991358	128	135	122	706.469
2.094395	2.138223	1.678323	5	105	132	706.396
-1.047198	1.413347	-1.339188	142	128	117	706.232
-1.308997	1.846342	-1.796954	0	140	122	706.206
-2.356194	2.407836	1.410646	16	135	24	706.073
0.785398	1.812176	0.656819	22	129	5	706.012
-1.570796	2.115563	0.685730	11	1	8	705.970
1.047198	1.135813	-2.658866	14	137	113	705.936
0.523599	2.299159	2.264663	127	138	130	705.932
-1.308997	2.180315	-1.357379	12	111	20	705.778
2.879793	1.606104	-0.451151	3	122	4	705.717
2.879793	2.719179	-1.780644	139	117	14	705.648
-2.356194	1.904882	-1.478089	0	143	14	705.629
-1.308997	0.961715	0.014085	15	130	133	705.559
0.785398	2.664082	-1.071402	143	139	121	705.537
2.879793	1.836682	-0.676006	1	122	8	705.532
-1.570796	2.153910	-1.714959	3	142	123	705.501
1.308997	2.089241	-0.114193	137	120	6	705.407
-2.356194	1.135834	-1.431087	128	120	120	705.405
0.000000	1.214854	-1.966664	14	1	6	705.358
-2.356194	1.699788	2.452890	20	122	116	705.317
0.000000	0.419640	2.974122	7	118	128	705.296
0.785398	2.063651	-2.044600	137	131	115	705.143
0.261799	2.637879	2.121598	128	140	136	705.074
0.523599	0.619654	-2.216909	143	126	119	705.068
0.785398	0.866955	-0.931351	11	140	121	705.025
-1.832596	0.203748	0.590255	8	129	128	704.835
-1.832596	0.571433	-1.188419	13	132	7	704.708
-2.094395	1.045978	0.343692	14	126	137	704.589
2.879793	1.732874	-0.951685	140	122	10	704.437
2.879793	1.488617	1.159546	141	138	31	704.374
-0.523599	2.041297	-2.664597	135	0	124	704.365
-1.047198	2.356369	3.005869	10	142	118	704.295
-2.094395	1.998705	2.370472	20	0	123	704.271
-1.047198	2.033014	2.977192	15	6	9	704.166
-2.094395	1.977582	0.969896	12	3	5	704.144
-2.879793	1.545873	-1.877082	134	134	10	704.078
2.094395	0.709924	0.218797	126	116	131	703.993
-0.785398	1.948085	-2.363031	11	129	4	703.972
-3.141593	0.850607	-1.335383	123	123	10	703.841
-0.785398	1.413347	-1.339188	142	127	117	703.790
2.617994	1.448123	-2.163292	133	111	131	703.746
2.094395	0.899350	-2.069907	8	124	113	703.739
1.570796	0.571433	-1.188419	133	127	134	703.711
-0.523599	0.960688	-0.577532	4	124	123	703.701
1.308997	0.290380	-0.796960	143	14	127	703.591
-1.308997	0.929350	-2.910676	143	114	130	703.444
2.617994	0.700570	1.559208	142	5	131	703.305
-0.523599	1.545873	-1.877082	18	121	2	702.985
-2.617994	2.984978	1.954446	139	143	127	702.836
1.570796	1.545873	-1.877082	141	19	7	702.743
0.261799	1.450119	-2.739050	127	127	120	702.544
0.261799	1.128190	-2.288622	24	134	118	702.499
2.617994	1.606104	-0.451151	141	114	7	702.457
-2.879793	2.760637	2.781135	143	115	1	702.424
-2.617994	1.948085	-2.363031	7	122	9	702.418
0.785398	1.869911	2.701025	129	139	121	702.281
2.356194	1.554776	0.100351	7	127	18	702.212
2.879793	1.433411	-1.035986	138	112	143	702.201
2.356194	2.724429	-0.348782	13	140	16	702.199
1.832596	0.685216	-1.712745	136	38	140	702.037
-1.047198	1.506530	1.988858	1	0	121	701.998
2.094395	1.741644	-2.695914	129	3	3	701.978
1.047198	1.301460	-0.509251	134	125	139	701.971
0.000000	2.664082	-1.071402	3	140	122	701.896
1.047198	2.295480	1.008277	132	118	1	701.855
2.617994	2.108018	1.311430	4	111	139	701.787
1.047198	1.450119	-2.739050	130	112	119	701.689
-0.261799	1.374601	-2.456031	13	139	112	701.668
-0.785398	1.335669	0.897240	140	116	118	701.531
0.000000	0.370812	-2.547742	131	103	130	701.450
-1.832596	1.450119	-2.739050	4	115	138	701.434
-2.879793	2.588535	-2.976617	28	126	143	701.393
-1.308997	2.863997	0.549740	136	120	23	701.324
1.047198	2.979456	-1.009304	8	7	132	701.290
-0.261799	1.574060	2.783565	7	135	141	701.257
-2.617994	2.295480	1.008277	13	121	1	701.232
2.879793	0.571433	-1.188419	129	141	124	701.214
-0.261799	1.555207	1.708892	0	142	137	701.195
-0.523599	1.696674	-1.253233	20	131	19	701.157
-0.785398	0.762244	-0.273349	16	133	129	701.149
-2.356194	1.391910	3.030322	11	138	110	701.100
-0.523599	2.588535	-2.976617	133	1	18	701.080
1.832596	1.301460	-0.509251	137	120	5	700.936
-2.356194	2.108018	1.311430	23	3	2	700.872
-2.879793	0.591903	2.010408	5	119	125	700.864
-0.261799	1.554776	0.100351	25	125	9	700.755
2.617994	2.033014	2.977192	7	125	19	700.747
-3.141593	2.041297	-2.664597	131	141	2	700.669
-0.261799	0.960688	-0.577532	7	124	122	700.652
1.570796	2.579248	-2.364801	139	7	15	700.558
1.047198	1.574060	2.783565	135	136	119	700.515
2.356194	0.290380	-0.796960	138	117	136	700.357
2.094395	0.591903	2.010408	13	120	120	700.270
1.308997	2.295480	1.008277	137	108	143	700.083
-0.785398	2.138223	1.678323	128	134	24	700.056
2.356194	0.640596	-2.797608	137	10	141	700.002
2.356194	0.850607	-1.335383	125	135	9	699.713
-1.047198	1.310100	1.488307	0	2	128	699.706
0.523599	2.073035	2.027405	123	127	127	699.630
0.000000	2.299159	2.264663	134	4	131	699.536
-2.879793	2.455966	-0.641220	1	0	18	699.347
-2.879793	2.033014	2.977192	142	110	132	699.339
0.785398	1.194549	-0.801900	16	143	124	699.158
1.832596	1.569311	-3.003978	4	131	115	699.110
-1.570796	2.407836	1.410646	9	15	4	699.108
-0.523599	1.617114	-1.572037	19	139	15	699.088
-2.094395	2.108018	1.311430	16	135	23	698.895
1.570796	0.709924	0.218797	122	134	134	698.823
2.356194	1.836682	-0.676006	7	126	4	698.789
1.308997	0.864993	2.278281	4	121	122	698.776
-1.832596	0.674054	1.013609	6	130	132	698.759
1.308997	2.041297	-2.664597	0	139	123	698.732
2.356194	1.809167	1.213774	5	112	136	698.665
2.094395	0.906588	1.252948	2	114	128	698.609
2.617994	1.134497	-1.109631	125	137	124	698.521
-0.261799	1.214854	-1.966664	17	122	143	698.498
1.047198	1.113094	-0.272241	20	141	133	698.449
2.879793	0.496451	0.593859	7	113	126	698.391
0.523599	1.135834	-1.431087	11	8	125	698.284
2.617994	0.685216	-1.712745	4	3	124	698.280
-2.356194	2.592629	0.909713	0	139	30	698.214
1.832596	0.899350	-2.069907	132	138	141	698.111
-1.570796	1.741644	-2.695914	14	120	143	698.031
-2.617994	1.014500	0.906702	18	120	131	698.027
-0.261799	2.115563	0.685730	11	142	28	698.005
-3.141593	2.979456	-1.009304	133	122	19	697.969
-0.261799	1.045978	0.343692	143	143	28	697.958
-1.047198	1.662363	0.915448	2	132	32	697.953
1.832596	2.299159	2.264663	138	116	130	697.865
-2.617994	1.904882	-1.478089	15	2	129	697.815
-0.785398	2.588535	-2.976617	138	126	122	697.735
-1.047198	1.135813	-2.658866	6	118	137	697.636
-1.832596	2.164094	-2.991358	9	111	135	697.520
2.094395	0.685216	-1.712745	132	124	132	697.422
-2.617994	1.998705	2.370472	22	128	14	697.366
-3.141593	1.982574	-1.115518	140	119	10	697.275
-0.523599	0.203748	0.590255	9	133	123	697.262
-2.617994	2.108018	1.311430	141	12	29	697.219
2.356194	2.881233	-2.582574	143	115	16	697.212
1.047198	2.455966	-0.641220	140	134	15	697.109
-0.261799	1.510910	-0.740472	26	143	139	696.990
1.570796	1.836682	-0.676006	141	123	6	696.967
-0.785398	2.587733	0.232235	9	113	17	696.922
-1.308997	2.587733	0.232235	1	117	23	696.898
2.617994	2.001437	0.381215	13	135	7	696.820
-2.356194	1.977582	0.969896	16	1	6	696.710
-1.832596	1.135813	-2.658866	5	116	136	696.639
-1.832596	1.982574	-1.115518	7	15	10	696.535
0.261799	0.961715	0.014085	10	127	124	696.531
-3.141593	2.108018	1.311430	12	122	135	696.527
2.879793	1.194549	-0.801900	138	138	122	696.521
-1.832596	0.906588	1.252948	2	129	133	696.472
-1.570796	1.025536	1.576859	11	6	126	696.086
-3.141593	0.709924	0.218797	12	127	13	696.003
2.617994	2.579248	-2.364801	137	98	137	695.845
1.047198	1.367556	0.358405	130	137	0	695.843
-2.879793	1.809167	1.213774	17	116	137	695.782
-2.617994	0.619654	-2.216909	0	142	120	695.767
-2.094395	1.904882	-1.478089	142	4	124	695.656
-1.047198	0.685216	-1.712745	1	115	114	695.565
-1.047198	2.719179	-1.780644	17	142	127	695.454
-0.523599	1.569311	-3.003978	10	133	140	695.415
2.879793	2.138223	1.678323	12	113	133	695.297
-0.523599	1.194549	-0.801900	23	135	132	695.283
0.523599	0.297065	2.160177	133	126	121	695.269
-1.570796	2.719179	-1.780644	140	128	10	695.219
1.832596	2.295480	1.008277	137	116	5	695.216
2.356194	1.448123	-2.163292	129	1	5	695.177
2.356194	1.721184	-0.153948	130	137	128	695.108
2.356194	2.356369	3.005869	9	132	20	695.077
0.261799	0.831641	0.616218	0	137	129	695.076
-2.617994	1.824694	1.850876	12	123	130	694.930
2.617994	1.325504	-1.671296	129	122	4	694.929
-2.879793	1.128190	-2.288622	133	123	143	694.908
0.785398	2.637879	2.121598	129	126	132	694.778
-3.141593	1.440580	2.260026	22	121	13	694.778
2.617994	2.073035	2.027405	2	0	132	694.683
2.617994	2.863997	0.549740	135	123	118	694.534
2.356194	2.187132	-0.479875	6	124	4	694.448
-1.832596	1.998705	2.370472	16	4	123	694.374
0.785398	1.948085	-2.363031	11	0	127	694.091
2.879793	1.696674	-1.253233	135	126	117	694.070
0.523599	0.591903	2.010408	140	127	123	693.812
-3.141593	1.050534	3.042579	137	143	137	693.752
0.785398	2.174483	2.653697	125	140	127	693.689
2.879793	0.700570	1.559208	21	121	125	693.678
2.617994	2.478122	2.609777	25	123	10	693.665
0.000000	1.413347	-1.339188	14	9	127	693.664
-2.356194	1.569311	-3.003978	19	138	116	693.528
-1.570796	1.870545	-2.976234	20	10	2	693.525
-2.356194	1.413430	2.550734	16	124	112	693.358
0.523599	1.301460	-0.509251	22	138	132	693.321
-0.261799	0.571433	-1.188419	15	129	121	693.199
-2.356194	0.866395	-2.492918	140	143	115	693.172
-0.261799	2.153910	-1.714959	16	143	124	693.141
-2.094395	0.910508	1.903534	5	125	127	693.126
-2.356194	0.864993	2.278281	3	123	125	693.065
2.879793	1.809167	1.213774	0	0	32	692.996
-1.832596	2.637879	2.121598	139	136	126	692.950
-1.308997	0.418037	1.360082	138	139	134	692.882
-1.832596	0.685216	-1.712745	1	105	143	692.812
-3.141593	1.256302	0.062705	9	131	8	692.712
-2.094395	2.393226	1.857173	12	121	2	692.692
0.261799	0.992645	-1.723759	3	135	120	692.660
2.617994	1.741644	-2.695914	142	129	114	692.620
-0.261799	0.899350	-2.069907	142	131	119	692.552
-3.141593	2.587733	0.232235	14	137	16	692.435
-0.785398	1.391910	3.030322	11	134	136	692.401
2.879793	2.664082	-1.071402	143	2	18	692.303
1.308997	0.203748	0.590255	133	139	126	692.298
2.094395	1.417623	-0.202254	128	117	141	692.258
0.523599	1.050534	3.042579	9	139	133	692.237
1.047198	0.080730	-2.622036	1	115	16	692.228
0.785398	2.881233	-2.582574	4	19	12	692.223
1.832596	0.640596	-2.797608	136	8	132	692.170
-0.785398	2.343981	-1.040456	7	9	17	692.035
0.523599	2.404280	-0.174044	142	116	7	692.000
-3.141593	1.135834	-1.431087	134	132	117	691.958
2.879793	0.619654	-2.216909	11	2	123	691.955
-1.570796	2.343981	-1.040456	137	3	12	691.855
2.356194	1.195355	1.200319	3	111	131	691.789
2.356194	1.699788	2.452890	139	113	121	691.665
-1.832596	1.732874	-0.951685	143	100	126	691.656
2.356194	1.606104	-0.451151	140	116	7	691.606
1.570796	0.615174	-0.666022	2	9	129	691.205
0.785398	1.214854	-1.966664	7	2	114	691.195
2.356194	0.906588	1.252948	5	113	128	691.149
0.785398	1.699788	2.452890	138	131	126	691.063
-1.570796	0.458961	-0.107937	14	126	127	691.009
-1.308997	1.025536	1.576859	13	5	27	690.993
2.617994	1.909857	-0.381669	2	128	15	690.928
-2.094395	1.846342	-1.796954	6	141	123	690.883
1.047198	0.850607	-1.335383	10	136	116	690.745
0.000000	1.998705	2.370472	0	137	133	690.706
-2.617994	1.699788	2.452890	26	136	120	690.684
-0.523599	1.218453	2.777284	8	136	140	690.597
-2.356194	1.982574	-1.115518	8	5	125	690.593
-1.308997	2.579248	-2.364801	8	132	14	690.566
-2.356194	1.736875	3.023612	2	112	128	690.491
0.261799	0.370812	-2.547742	22	121	121	690.404
2.879793	1.195355	1.200319	11	113	131	690.197
1.047198	2.724429	-0.348782	2	118	9	690.034
-1.047198	0.866395	-2.492918	140	135	115	690.021
2.356194	1.050534	3.042579	1	125	108	689.983
1.047198	0.674054	1.013609	1	1	136	689.971
-1.047198	1.218453	2.777284	4	123	127	689.957
-1.570796	1.812176	0.656819	13	2	6	689.896
1.308997	2.579248	-2.364801	123	5	127	689.836
0.261799	2.704512	1.488683	124	123	139	689.740
-2.356194	1.812176	0.656819	13	139	5	689.675
2.879793	1.448123	-2.163292	134	131	6	689.663
1.047198	0.709924	0.218797	128	0	134	689.654
-2.356194	2.063651	-2.044600	18	119	143	689.653
-2.356194	2.664082	-1.071402	1	109	13	689.493
-1.832596	0.615174	-0.666022	11	123	132	689.490
-2.879793	2.379497	0.561089	9	120	4	689.424
-0.523599	2.343981	-1.040456	2	143	19	689.299
-0.785398	0.831641	0.616218	7	133	131	689.276
1.570796	1.195355	1.200319	134	120	133	689.242
1.308997	1.574060	2.783565	136	132	118	689.222
-2.094395	0.685216	-1.712745	134	122	115	689.135
1.832596	0.619654	-2.216909	139	30	135	689.087
0.785398	1.450119	-2.739050	128	115	119	688.969
-3.141593	2.404280	-0.174044	7	5	23	688.929
2.356194	0.733948	3.021411	2	111	121	688.902
-0.523599	1.413430	2.550734	7	141	136	688.898
-2.094395	1.617114	-1.572037	0	118	15	688.599
0.785398	1.658653	-2.409879	11	4	118	688.584
-1.308997	0.640596	-2.797608	0	136	116	688.538
2.617994	0.618092	2.539118	31	126	127	688.486
1.832596	1.846342	-1.796954	134	124	116	688.473
0.261799	1.242974	-2.977882	0	135	107	688.455
-1.570796	2.063651	-2.044600	4	142	122	688.249
-0.261799	0.733948	3.021411	6	120	129	687.977
-2.356194	1.134497	-1.109631	139	130	118	687.890
2.094395	1.869911	2.701025	14	104	142	687.754
-1.308997	2.984978	1.954446	14	1	9	687.739
-1.832596	2.073035	2.027405	20	9	132	687.728
-0.261799	2.396274	-1.959260	2	139	119	687.728
-0.261799	0.992645	-1.723759	19	121	2	687.704
-1.832596	0.961715	0.014085	19	133	143	687.680
0.000000	1.766067	2.153843	134	30	133	687.658
-2.094395	0.866395	-2.492918	139	140	114	687.570
1.308997	2.719179	-1.780644	138	131	14	687.526
-1.047198	0.762244	-0.273349	14	131	130	687.467
1.308997	0.615174	-0.666022	142	138	123	687.082
-0.785398	1.135813	-2.658866	13	122	134	686.957
2.617994	1.504028	0.636812	12	133	6	686.898
-1.570796	1.413347	-1.339188	10	124	16	686.893
-1.047198	1.870545	-2.976234	16	7	5	686.860
1.570796	0.733948	3.021411	137	119	123	686.849
2.617994	0.571433	-1.188419	123	133	10	686.843
-0.523599	2.379497	0.561089	9	117	22	686.798
0.523599	0.203748	0.590255	0	8	132	686.724
-1.047198	2.760637	2.781135	10	125	1	686.708
-0.523599	0.700570	1.559208	140	129	128	686.612
1.308997	2.115563	0.685730	133	122	6	686.523
-1.570796	0.762244	-0.273349	19	126	133	686.515
-2.879793	0.458961	-0.107937	11	127	9	686.510
0.000000	1.450119	-2.739050	127	131	122	686.503
-0.523599	1.242974	-2.977882	11	127	132	686.480
0.523599	0.762244	-0.273349	23	139	135	686.475
-1.832596	1.872854	1.543456	19	139	18	686.443
0.000000	2.349581	-2.702517	15	1	3	686.397
-1.570796	1.617114	-1.572037	137	143	125	686.364
-2.094395	2.478122	2.609777	12	115	141	686.316
-1.832596	1.904882	-1.478089	2	0	123	686.099
-2.094395	0.080730	-2.622036	138	1	125	686.037
0.523599	1.214854	-1.966664	9	24	3	685.936
1.047198	2.033014	2.977192	122	141	10	685.895
2.094395	1.809167	1.213774	0	109	138	685.871
-2.094395	1.025536	1.576859	9	125	129	685.791
-2.356194	2.719179	-1.780644	7	123	118	685.719
-0.785398	1.696674	-1.253233	138	127	119	685.534
0.261799	1.135834	-1.431087	14	7	126	685.379
-0.523599	1.135813	-2.658866	8	129	7	685.353
0.261799	0.297065	2.160177	130	131	122	685.275
1.308997	0.831641	0.616218	122	134	138	685.245
-0.523599	0.297065	2.160177	142	3	129	685.059
0.000000	1.413430	2.550734	2	138	130	684.977
-1.308997	0.458961	-0.107937	10	130	130	684.785
0.261799	2.115563	0.685730	132	131	4	684.714
1.047198	1.554776	0.100351	131	137	2	684.592
-1.308997	1.741644	-2.695914	15	125	142	684.444
2.094395	2.719179	-1.780644	141	6	17	684.361
-2.356194	2.356369	3.005869	10	127	15	684.225
1.832596	1.194549	-0.801900	6	1	125	684.196
0.785398	0.496451	0.593859	137	5	134	684.155
-0.261799	1.617114	-1.572037	13	139	122	684.014
1.570796	2.164094	-2.991358	138	131	122	684.001
0.523599	2.396274	-1.959260	133	138	122	683.962
-1.832596	0.850607	-1.335383	140	109	117	683.856
0.000000	1.909857	-0.381669	27	133	139	683.848
0.785398	2.164094	-2.991358	130	13	122	683.715
-1.047198	1.335669	0.897240	136	118	118	683.662
-2.356194	1.870545	-2.976234	7	112	143	683.627
1.047198	0.864993	2.278281	5	136	138	683.593
-1.047198	2.587733	0.232235	5	115	22	683.379
-3.141593	0.571433	-1.188419	125	135	123	683.215
-2.094395	0.914445	2.687814	139	125	123	683.091
2.879793	2.404280	-0.174044	9	136	11	683.088
-1.570796	1.135813	-2.658866	5	138	113	683.057
-1.570796	0.618092	2.539118	12	2	130	682.900
-2.617994	0.733948	3.021411	22	141	131	682.766
-2.879793	0.618092	2.539118	142	128	131	682.750
-0.785398	1.488617	1.159546	6	136	31	682.717
2.356194	1.135813	-2.658866	133	128	137	682.660
-0.785398	1.846342	-1.796954	23	133	121	682.540
-2.094395	1.367556	0.358405	11	128	139	682.444
-1.308997	0.379747	-1.713059	137	113	117	682.384
-2.356194	2.579248	-2.364801	23	109	0	682.316
-1.047198	0.619654	-2.216909	5	123	115	682.251
-2.356194	0.831641	0.616218	13	126	134	682.250
1.308997	1.134796	2.434290	1	123	121	682.147
-0.785398	0.685216	-1.712745	15	121	116	682.086
1.570796	1.658653	-2.409879	141	1	113	682.036
-2.617994	1.242974	-2.977882	23	140	130	681.982
2.356194	0.992645	-1.723759	126	143	6	681.954
-2.617994	0.831641	0.616218	13	124	135	681.764
-1.047198	1.450119	-2.739050	9	140	112	681.731
1.832596	1.756530	-2.105156	135	2	116	681.604
-1.832596	1.870545	-2.976234	16	129	6	681.599
-2.094395	2.187132	-0.479875	7	139	18	681.497
-1.047198	1.948085	-2.363031	10	131	7	681.450
1.832596	2.187132	-0.479875	5	124	10	681.374
-2.356194	0.297065	2.160177	141	139	128	681.358
-3.141593	0.496451	0.593859	17	115	130	681.317
-2.617994	0.571433	-1.188419	142	142	126	681.313
-0.261799	1.448123	-2.163292	16	125	141	681.285
-0.523599	1.732874	-0.951685	29	133	136	681.173
-3.141593	2.407836	1.410646	3	128	23	681.102
-0.261799	2.760637	2.781135	9	3	12	681.094
-2.879793	2.115563	0.685730	15	16	12	681.055
-2.094395	1.870545	-2.976234	8	115	142	680.901
-1.832596	0.992645	-1.723759	132	119	116	680.674
0.000000	0.591903	2.010408	13	0	0	680.554
1.832596	2.174483	2.653697	134	120	124	680.535
2.356194	2.579248	-2.364801	124	118	122	680.530
1.308997	2.984978	1.954446	8	105	14	680.520
-2.617994	1.374601	-2.456031	13	0	125	680.187
1.047198	0.640596	-2.797608	139	122	119	680.139
1.047198	0.619654	-2.216909	0	123	118	679.953
1.047198	2.587733	0.232235	143	113	4	679.946
-2.617994	1.256302	0.062705	15	120	1	679.928
-0.261799	0.203748	0.590255	130	17	143	679.878
2.094395	0.929350	-2.910676	23	121	141	679.860
1.832596	1.417623	-0.202254	128	121	140	679.798
-0.523599	2.180315	-1.357379	4	138	121	679.752
-3.141593	1.870545	-2.976234	25	130	133	679.672
2.617994	0.418037	1.360082	17	118	125	679.550
-0.785398	2.719179	-1.780644	35	127	141	679.519
-2.094395	2.153910	-1.714959	20	120	138	679.511
-2.617994	0.618092	2.539118	141	135	123	679.398
-2.879793	2.153910	-1.714959	16	140	127	679.390
1.047198	1.998705	2.370472	126	127	124	679.366
-2.356194	0.418037	1.360082	6	128	129	679.320
-1.570796	0.709924	0.218797	14	131	133	679.124
2.879793	1.391910	3.030322	135	138	139	679.107
1.047198	1.869911	2.701025	129	133	120	679.088
-0.785398	1.824694	1.850876	138	21	136	679.042
2.617994	1.025536	1.576859	14	117	127	678.930
2.356194	1.417623	-0.202254	2	128	17	678.883
0.785398	1.367556	0.358405	132	142	2	678.815
1.308997	0.866395	-2.492918	20	140	115	678.797
0.261799	2.404280	-0.174044	141	115	7	678.626
-0.261799	2.180315	-1.357379	21	139	128	678.625
1.047198	0.960688	-0.577532	134	127	142	678.541
0.000000	1.194549	-0.801900	2	18	14	678.403
-0.523599	1.168678	2.108595	11	140	140	678.344
-2.879793	0.203748	0.590255	23	115	130	678.273
2.356194	1.756530	-2.105156	129	4	8	678.219
2.879793	1.134497	-1.109631	139	123	7	677.920
2.879793	2.063651	-2.044600	136	134	12	677.895
-0.785398	1.184361	0.625864	12	137	135	677.835
1.308997	1.812176	0.656819	138	120	35	677.825
1.308997	2.063651	-2.044600	133	10	121	677.786
2.094395	0.866395	-2.492918	135	10	143	677.756
1.308997	1.662363	0.915448	137	115	138	677.715
-1.832596	0.762244	-0.273349	18	122	133	677.671
-2.617994	1.045978	0.343692	15	126	0	677.621
2.879793	2.478122	2.609777	8	122	18	677.567
-0.261799	0.906588	1.252948	5	139	129	677.412
0.785398	0.906588	1.252948	132	132	130	677.371
-1.832596	0.458961	-0.107937	31	119	138	677.301
-0.523599	0.458961	-0.107937	17	133	124	677.256
-1.047198	0.496451	0.593859	26	122	4	677.183
-2.094395	0.960688	-0.577532	13	119	138	677.080
-0.785398	1.904882	-1.478089	138	131	119	676.911
2.617994	2.343981	-1.040456	139	130	19	676.859
0.261799	1.998705	2.370472	142	135	133	676.764
-1.308997	0.203748	0.590255	6	128	125	676.659
-0.785398	2.073035	2.027405	142	26	138	676.566
-0.523599	0.419640	2.974122	137	132	117	676.539
1.570796	2.455966	-0.641220	10	126	8	676.318
-1.570796	1.113094	-0.272241	19	125	137	676.235
0.000000	0.640596	-2.797608	16	119	120	676.194
-2.617994	2.393226	1.857173	142	141	130	676.181
-0.523599	1.433411	-1.035986	23	132	130	675.918
1.570796	0.458961	-0.107937	13	1	134	675.912
-0.261799	1.310100	1.488307	141	4	137	675.885
1.570796	0.080730	-2.622036	33	136	130	675.700
-1.047198	1.301460	-0.509251	6	131	128	675.565
-2.094395	2.115563	0.685730	15	139	6	675.511
1.570796	0.831641	0.616218	134	108	137	675.295
1.047198	1.948085	-2.363031	7	0	126	675.102
2.879793	1.417623	-0.202254	117	8	7	674.967
0.785398	1.809167	1.213774	135	119	136	674.950
2.617994	1.128190	-2.288622	17	138	124	674.928
2.879793	2.174483	2.653697	140	119	132	674.866
0.785398	2.724429	-0.348782	2	116	9	674.865
-3.141593	2.343981	-1.040456	0	129	118	674.861
-2.356194	2.349581	-2.702517	7	136	121	674.591
2.617994	2.664082	-1.071402	2	3	16	674.586
0.261799	2.251330	-2.330739	130	135	122	674.574
1.570796	1.214854	-1.966664	132	9	5	674.564
2.094395	1.135813	-2.658866	132	20	130	674.562
-1.570796	0.496451	0.593859	7	130	130	674.555
0.523599	2.979456	-1.009304	4	131	17	674.521
-2.094395	0.615174	-0.666022	10	110	124	674.416
2.879793	1.699788	2.452890	9	110	116	674.375
-1.308997	1.732874	-0.951685	142	6	124	674.272
2.356194	2.407836	1.410646	140	113	5	674.088
-1.047198	2.588535	-2.976617	11	122	142	673.954
-0.523599	0.571433	-1.188419	140	125	124	673.896
-3.141593	2.478122	2.609777	143	109	141	673.849
-1.047198	1.554776	0.100351	25	128	13	673.802
0.523599	1.448123	-2.163292	8	25	2	673.686
0.523599	0.370812	-2.547742	136	124	21	673.597
1.047198	0.899350	-2.069907	140	127	118	673.539
-2.094395	0.961715	0.014085	16	129	143	673.536
-2.879793	0.864993	2.278281	16	139	119	673.376
-3.141593	2.719179	-1.780644	12	136	123	673.324
0.261799	1.214854	-1.966664	143	136	119	673.228
0.261799	1.301460	-0.509251	6	130	122	673.120
-3.141593	1.736875	3.023612	14	125	114	672.938
2.094395	0.850607	-1.335383	125	136	6	672.764
-1.047198	0.203748	0.590255	11	129	123	672.541
-0.785398	1.256302	0.062705	18	137	137	672.446
