128	1.2	0
-2.094395	1.870545	-2.976234
2.494722	2.155120	-1.578964
../1stm_monomer_m.pdb	-17.901	7.594	-65.024
../1stm_monomer_m.pdb	7.580	64.357	39.635
-1.047198	1.869911	2.701025	123	107	5	1264.729
-2.356194	0.418037	1.360082	4	105	123	1210.681
0.523599	2.104282	-0.813972	105	10	121	1164.592
2.094395	1.696674	-1.253233	2	113	107	1146.342
1.570796	0.864993	2.278281	114	120	120	1129.273
2.879793	0.914445	2.687814	112	110	4	1073.486
-1.832596	1.606104	-0.451151	119	19	119	1069.363
0.785398	1.367556	0.358405	11	112	115	1065.647
-3.141593	0.914445	2.687814	115	108	6	1065.189
-2.617994	0.700570	1.559208	2	105	127	1062.436
0.000000	2.295480	1.008277	0	0	109	1060.558
2.879793	0.733948	3.021411	116	107	4	1059.763
-1.832596	2.180315	-1.357379	115	18	125	1058.868
0.523599	1.696674	-1.253233	5	110	4	1058.834
0.261799	2.108018	1.311430	3	127	110	1054.630
0.000000	1.658653	-2.409879	102	10	125	1049.476
-2.094395	2.456751	-1.503343	117	18	125	1048.857
2.356194	1.809167	1.213774	2	118	6	1045.176
2.617994	2.041297	-2.664597	20	15	8	1042.277
0.785398	2.592629	0.909713	125	10	108	1034.338
-1.047198	1.998705	2.370472	126	106	126	1030.114
1.308997	1.247695	1.809890	114	19	5	1025.394
-0.523599	1.168678	2.108595	10	109	1	1023.373
0.523599	1.184361	0.625864	12	112	115	1020.805
0.261799	1.662363	0.915448	119	10	10	1019.392
2.094395	2.295480	1.008277	111	20	7	1016.342
-1.047198	2.356369	3.005869	2	108	127	1013.764
0.785398	1.812176	0.656819	127	119	111	1011.759
-0.785398	2.063651	-2.044600	102	14	2	1010.348
-2.879793	1.448123	-2.163292	118	15	116	1007.715
0.000000	0.906588	1.252948	7	109	126	1006.713
-1.047198	1.699788	2.452890	120	108	1	1004.485
0.523599	2.001437	0.381215	120	126	105	1004.086
2.617994	1.617114	-1.572037	7	110	112	1004.075
0.785398	2.187132	-0.479875	115	113	115	1001.403
-2.879793	0.910508	1.903534	8	106	6	1001.053
2.879793	1.214854	-1.966664	118	15	122	999.624
-2.879793	0.418037	1.360082	107	11	9	995.507
-2.879793	1.721184	-0.153948	3	108	120	994.166
1.047198	1.488617	1.159546	114	16	13	992.907
1.570796	1.128190	-2.288622	8	102	3	992.846
-1.570796	0.496451	0.593859	5	104	118	992.838
2.879793	1.732874	-0.951685	127	113	108	991.999
2.094395	1.135834	-1.431087	6	116	108	991.966
-1.832596	2.456751	-1.503343	114	18	125	989.962
0.523599	1.836682	-0.676006	116	110	121	989.796
1.047198	1.599406	1.426070	115	14	16	988.882
0.523599	1.450119	-2.739050	107	8	5	987.711
-1.570796	1.948085	-2.363031	109	18	8	986.381
0.523599	2.455966	-0.641220	107	15	125	983.690
-2.879793	1.374601	-2.456031	120	15	117	981.838
-2.094395	0.906588	1.252948	107	6	125	981.785
-2.617994	0.899350	-2.069907	114	22	122	979.900
2.094395	1.977582	0.969896	3	121	7	976.164
1.308997	2.174483	2.653697	28	10	125	974.591
-3.141593	0.297065	2.160177	3	104	120	974.061
0.785398	2.404280	-0.174044	117	119	110	973.895
-2.879793	1.335669	0.897240	107	111	1	969.488
-1.047198	2.063651	-2.044600	106	18	124	968.099
-2.356194	1.128190	-2.288622	0	122	114	967.703
-3.141593	1.128190	-2.288622	120	17	120	966.566
-2.617994	1.948085	-2.363031	122	19	12	965.516
-0.261799	1.025536	1.576859	9	109	127	964.420
2.879793	1.194549	-0.801900	126	123	104	963.750
0.785398	2.089241	-0.114193	119	118	107	963.403
-2.356194	2.153910	-1.714959	14	115	127	963.243
-1.832596	0.496451	0.593859	105	6	4	963.196
-1.832596	2.393226	1.857173	119	111	115	960.890
-3.141593	1.732874	-0.951685	0	110	113	960.840
-0.785398	1.440580	2.260026	2	109	126	960.051
-3.141593	0.591903	2.010408	7	104	125	959.662
0.785398	1.554776	0.100351	3	111	117	958.715
0.000000	2.108018	1.311430	3	127	109	958.638
0.523599	0.831641	0.616218	20	110	119	958.355
-1.308997	0.419640	2.974122	121	4	115	957.752
-0.523599	1.696674	-1.253233	120	109	118	957.182
-0.523599	1.741644	-2.695914	2	113	12	956.913
2.094395	1.872854	1.543456	13	3	110	956.429
-2.356194	0.203748	0.590255	108	12	9	956.411
-0.261799	1.448123	-2.163292	2	120	15	955.769
-1.308997	1.310100	1.488307	19	9	1	955.612
0.785398	1.555207	1.708892	113	9	21	954.519
0.261799	1.450119	-2.739050	106	10	6	954.315
-3.141593	0.458961	-0.107937	108	20	4	953.266
-0.785398	1.506530	1.988858	2	108	123	953.012
0.261799	2.295480	1.008277	127	2	108	952.635
0.261799	1.335669	0.897240	13	114	113	952.540
-2.617994	1.504028	0.636812	123	112	111	952.171
-3.141593	0.864993	2.278281	9	105	3	951.895
2.617994	0.929350	-2.910676	17	105	3	951.721
-1.308997	1.948085	-2.363031	105	16	7	951.315
1.047198	1.977582	0.969896	0	124	110	950.080
0.261799	1.184361	0.625864	121	14	4	950.002
2.356194	1.982574	-1.115518	1	112	108	949.557
1.308997	1.488617	1.159546	113	18	5	949.254
0.000000	1.195355	1.200319	7	110	120	948.788
0.261799	1.904882	-1.478089	103	8	122	946.968
0.000000	1.448123	-2.163292	0	118	15	946.794
0.000000	1.756530	-2.105156	0	113	11	945.391
0.523599	1.504028	0.636812	11	115	112	945.270
0.523599	2.115563	0.685730	123	1	106	945.094
2.879793	2.704512	1.488683	127	123	109	944.796
2.617994	1.904882	-1.478089	3	108	113	944.379
-1.047198	1.128190	-2.288622	108	18	8	944.160
-2.617994	0.418037	1.360082	0	104	122	943.785
0.523599	2.343981	-1.040456	103	11	120	942.692
-2.094395	2.138223	1.678323	2	119	19	942.617
1.308997	1.025536	1.576859	110	17	3	941.937
-2.094395	0.203748	0.590255	107	10	9	941.624
2.356194	1.617114	-1.572037	5	111	111	940.980
0.000000	2.063651	-2.044600	107	16	124	940.805
1.308997	2.587733	0.232235	113	20	1	940.277
-0.523599	1.374601	-2.456031	1	117	14	939.646
1.832596	2.863997	0.549740	108	20	3	939.419
0.261799	1.977582	0.969896	0	126	108	939.334
-3.141593	1.433411	-1.035986	124	115	107	936.263
0.261799	1.982574	-1.115518	107	12	127	936.245
-3.141593	2.063651	-2.044600	17	107	120	935.545
-1.570796	2.478122	2.609777	121	115	117	934.984
0.523599	2.592629	0.909713	126	8	108	933.178
-0.785398	2.356369	3.005869	125	106	1	932.856
2.094395	2.349581	-2.702517	15	114	14	932.302
-0.261799	2.108018	1.311430	4	126	109	932.200
2.617994	2.251330	-2.330739	22	14	4	932.164
-2.879793	1.504028	0.636812	121	113	111	931.489
2.094395	0.379747	-1.713059	6	125	108	930.326
-0.785398	2.164094	-2.991358	2	108	4	929.883
-1.832596	0.674054	1.013609	6	103	123	929.783
2.356194	1.662363	0.915448	2	118	5	929.705
2.617994	1.756530	-2.105156	21	9	12	929.309
0.000000	0.961715	0.014085	3	105	116	929.240
2.617994	1.555207	1.708892	0	113	5	927.440
2.356194	2.579248	-2.364801	15	110	9	926.614
-0.261799	0.290380	-0.796960	126	113	109	926.431
1.570796	2.588535	-2.976617	15	113	14	926.249
0.785398	2.104282	-0.813972	117	108	121	925.689
-2.356194	0.674054	1.013609	126	104	124	925.510
-3.141593	1.134497	-1.109631	125	120	106	925.386
-0.785398	1.413430	2.550734	11	107	9	925.137
1.308997	1.545873	-1.877082	5	102	124	925.059
-0.261799	1.374601	-2.456031	3	120	17	924.563
1.308997	0.910508	1.903534	111	18	3	924.529
2.617994	1.025536	1.576859	125	111	126	924.363
-0.261799	2.719179	-1.780644	109	116	118	922.907
2.617994	1.413347	-1.339188	6	113	109	922.195
0.785398	2.455966	-0.641220	116	113	116	921.293
-2.617994	2.588535	-2.976617	111	20	127	920.708
0.000000	1.135813	-2.658866	105	12	1	919.543
1.308997	2.379497	0.561089	111	20	121	919.532
1.832596	0.910508	1.903534	116	118	122	918.752
-2.356194	0.899350	-2.069907	3	122	113	918.598
0.523599	1.569311	-3.003978	107	8	7	918.180
-1.832596	2.174483	2.653697	115	24	15	917.560
1.047198	2.404280	-0.174044	107	15	124	917.415
-2.879793	1.977582	0.969896	102	13	7	916.319
-0.785398	0.866955	-0.931351	114	123	106	916.213
-3.141593	0.709924	0.218797	117	118	113	915.602
-1.832596	1.872854	1.543456	118	127	112	915.383
-2.617994	1.824694	1.850876	7	119	20	914.684
1.308997	1.812176	0.656819	116	20	3	914.477
-1.308997	2.251330	-2.330739	106	18	127	913.968
-2.094395	0.866395	-2.492918	126	125	115	913.576
0.000000	1.662363	0.915448	120	9	10	912.948
0.000000	1.374601	-2.456031	104	11	1	912.660
0.523599	2.295480	1.008277	125	3	108	912.249
0.523599	1.617114	-1.572037	5	110	6	911.964
-2.094395	1.998705	2.370472	118	22	21	911.138
-2.094395	0.674054	1.013609	3	105	121	910.808
-0.261799	1.948085	-2.363031	0	111	10	910.647
-2.617994	1.904882	-1.478089	11	113	125	910.406
-2.879793	0.864993	2.278281	8	106	5	909.809
0.261799	1.374601	-2.456031	104	9	1	909.769
2.617994	1.977582	0.969896	1	118	7	909.672
2.879793	0.419640	2.974122	115	106	126	909.614
1.047198	1.736875	3.023612	4	97	122	908.579
1.832596	0.080730	-2.622036	1	109	114	907.965
2.356194	0.910508	1.903534	5	20	126	907.953
-0.785398	0.866395	-2.492918	107	17	10	906.160
-0.523599	2.164094	-2.991358	124	108	9	905.881
1.308997	1.599406	1.426070	117	20	4	905.786
1.832596	1.696674	-1.253233	127	112	107	905.784
-1.832596	2.760637	2.781135	121	116	117	905.489
0.261799	2.153910	-1.714959	107	13	0	905.479
0.785398	2.001437	0.381215	124	118	112	905.379
-2.879793	1.683268	0.374177	125	111	112	905.289
-1.308997	2.041297	-2.664597	107	21	125	904.792
1.047198	1.247695	1.809890	116	19	5	904.322
-1.047198	1.440580	2.260026	126	107	126	903.833
0.261799	1.135813	-2.658866	104	10	3	903.449
-2.879793	1.875281	0.107086	2	108	126	903.086
-0.523599	2.579248	-2.364801	106	113	126	903.005
2.094395	2.138223	1.678323	12	3	110	902.166
2.094395	1.824694	1.850876	13	5	112	901.996
2.094395	1.433411	-1.035986	0	119	104	901.514
2.879793	2.984978	1.954446	26	1	10	901.457
-2.356194	0.866395	-2.492918	127	125	114	900.252
-1.570796	1.374601	-2.456031	108	20	123	900.219
1.832596	2.295480	1.008277	116	21	9	900.019
-1.832596	1.555207	1.708892	117	127	114	899.376
-0.261799	1.014500	0.906702	124	108	122	898.866
1.047198	0.864993	2.278281	109	15	11	898.641
2.094395	1.617114	-1.572037	5	109	112	898.562
0.785398	1.977582	0.969896	1	125	109	898.332
-0.523599	1.658653	-2.409879	0	115	12	898.227
2.356194	1.413347	-1.339188	4	115	108	898.149
0.000000	1.545873	-1.877082	103	7	117	897.982
0.000000	2.356369	3.005869	3	104	4	897.238
-2.094395	2.153910	-1.714959	115	18	2	897.158
0.785398	2.108018	1.311430	2	126	110	896.927
1.570796	1.699788	2.452890	24	12	124	895.680
-1.308997	1.545873	-1.877082	110	21	126	895.290
-2.356194	1.310100	1.488307	1	107	11	894.623
0.523599	1.909857	-0.381669	108	11	119	894.327
1.047198	1.555207	1.708892	113	15	7	894.269
-2.879793	2.247462	0.191623	21	123	106	894.108
-1.047198	1.736875	3.023612	10	110	127	893.941
2.617994	1.872854	1.543456	6	116	8	893.919
-2.617994	2.984978	1.954446	122	116	114	893.220
-2.879793	2.041297	-2.664597	118	19	6	893.199
1.308997	1.869911	2.701025	29	9	0	892.723
-2.094395	2.180315	-1.357379	117	18	126	892.117
2.879793	1.050534	3.042579	115	108	8	891.844
2.356194	1.658653	-2.409879	20	9	12	891.492
-2.879793	2.138223	1.678323	4	122	19	889.559
-0.261799	1.658653	-2.409879	0	115	14	889.196
1.570796	0.080730	-2.622036	2	109	112	888.115
-1.570796	1.045978	0.343692	107	7	1	887.829
1.047198	1.168678	2.108595	114	18	7	887.643
0.785398	1.870545	-2.976234	125	101	122	887.404
2.617994	2.180315	-1.357379	127	106	116	887.174
0.785398	2.295480	1.008277	124	4	108	886.509
2.879793	2.349581	-2.702517	22	107	2	886.448
-3.141593	2.104282	-0.813972	4	107	120	886.053
0.000000	0.290380	-0.796960	1	111	110	885.955
-3.141593	1.662363	0.915448	4	9	109	885.621
-2.356194	1.904882	-1.478089	13	114	125	885.608
1.832596	0.864993	2.278281	117	118	120	884.540
-2.879793	2.588535	-2.976617	113	18	124	884.086
0.523599	2.187132	-0.479875	115	114	116	883.743
-1.570796	2.299159	2.264663	118	110	118	883.411
-2.094395	0.418037	1.360082	7	103	125	883.305
-1.570796	2.041297	-2.664597	107	16	11	883.052
-2.356194	2.579248	-2.364801	113	19	125	882.048
-1.308997	0.203748	0.590255	2	102	123	881.875
-2.617994	2.396274	-1.959260	116	16	5	881.859
2.879793	1.870545	-2.976234	14	122	19	881.701
0.000000	2.299159	2.264663	121	102	7	881.441
-1.832596	1.256302	0.062705	118	18	119	881.438
-2.617994	0.992645	-1.723759	7	118	115	881.434
-0.523599	1.242974	-2.977882	118	117	117	880.376
-2.879793	1.904882	-1.478089	8	111	125	880.080
-2.617994	2.138223	1.678323	108	18	10	879.996
0.261799	1.256302	0.062705	6	109	112	879.952
-1.832596	0.709924	0.218797	110	14	1	879.627
-0.523599	0.864993	2.278281	21	111	4	879.607
-0.523599	1.448123	-2.163292	2	122	15	879.198
0.785398	0.961715	0.014085	18	108	120	879.193
0.523599	1.721184	-0.153948	120	111	120	879.047
-1.047198	1.870545	-2.976234	1	110	7	878.751
2.356194	1.195355	1.200319	125	115	1	878.632
0.785398	2.407836	1.410646	126	4	110	878.342
0.000000	2.456751	-1.503343	116	22	0	878.254
0.261799	2.104282	-0.813972	113	113	120	878.164
0.523599	1.658653	-2.409879	114	9	16	878.031
1.832596	1.812176	0.656819	112	22	126	877.821
-0.261799	1.869911	2.701025	4	107	13	877.581
0.523599	1.732874	-0.951685	107	9	123	875.728
2.879793	2.343981	-1.040456	125	105	120	875.703
0.261799	1.846342	-1.796954	108	13	127	875.455
2.617994	1.846342	-1.796954	8	107	115	875.443
-3.141593	1.658653	-2.409879	120	16	6	875.438
0.785398	1.809167	1.213774	3	124	110	875.267
0.523599	2.588535	-2.976617	7	102	1	875.236
-1.832596	0.203748	0.590255	125	109	113	874.888
-1.308997	1.184361	0.625864	109	5	123	874.802
0.523599	1.045978	0.343692	121	17	126	874.740
-0.523599	2.343981	-1.040456	0	117	107	874.452
-2.094395	1.824694	1.850876	8	119	21	873.997
-1.047198	0.866395	-2.492918	111	20	11	873.899
1.570796	2.115563	0.685730	116	22	6	873.630
1.047198	1.809167	1.213774	3	125	110	873.340
2.617994	0.733948	3.021411	112	108	3	873.306
-3.141593	2.041297	-2.664597	120	19	4	873.260
1.308997	2.295480	1.008277	125	125	110	873.175
0.785398	1.417623	-0.202254	2	108	120	872.697
2.617994	2.104282	-0.813972	127	113	106	872.656
-1.047198	1.574060	2.783565	124	108	8	872.590
-2.617994	1.135813	-2.658866	12	123	113	871.965
2.356194	2.407836	1.410646	113	20	11	871.926
-1.047198	0.618092	2.539118	23	19	123	871.480
-3.141593	1.413430	2.550734	104	7	9	871.139
-1.308997	2.356369	3.005869	0	112	121	870.425
-2.617994	1.721184	-0.153948	109	14	125	870.391
0.523599	1.662363	0.915448	2	120	110	870.361
0.523599	1.325504	-1.671296	4	110	9	870.291
-2.356194	0.700570	1.559208	6	104	127	869.596
2.356194	1.310100	1.488307	123	115	1	869.579
-1.570796	2.637879	2.121598	122	110	116	869.565
-1.832596	0.831641	0.616218	105	6	121	868.970
-1.047198	1.756530	-2.105156	104	16	0	868.267
-1.047198	2.033014	2.977192	115	109	7	868.100
-1.570796	0.419640	2.974122	121	4	116	868.018
2.094395	0.866395	-2.492918	13	103	4	867.947
1.047198	2.247462	0.191623	120	121	107	867.404
0.261799	0.674054	1.013609	7	109	0	867.354
-0.261799	1.741644	-2.695914	125	112	13	867.344
2.879793	1.450119	-2.739050	23	109	126	867.211
-0.523599	0.914445	2.687814	12	112	8	866.834
-2.879793	0.591903	2.010408	5	105	124	866.765
2.356194	1.488617	1.159546	4	116	6	866.538
-3.141593	0.618092	2.539118	113	107	0	866.123
-3.141593	1.846342	-1.796954	14	108	115	866.046
0.523599	2.379497	0.561089	120	3	107	865.799
-0.523599	2.349581	-2.702517	123	108	1	865.299
-2.617994	1.836682	-0.676006	107	11	116	864.867
1.308997	2.041297	-2.664597	5	103	6	864.723
-1.047198	2.881233	-2.582574	121	115	118	864.486
0.785398	1.658653	-2.409879	114	8	15	864.463
0.261799	1.367556	0.358405	6	113	109	864.361
2.617994	0.619654	-2.216909	6	123	107	864.024
-0.523599	2.153910	-1.714959	100	13	124	863.993
2.094395	2.881233	-2.582574	27	11	121	863.964
-0.261799	0.831641	0.616218	120	107	123	863.460
2.356194	1.025536	1.576859	122	113	126	863.129
-3.141593	2.393226	1.857173	117	6	111	863.061
-2.617994	1.128190	-2.288622	0	120	116	862.814
2.356194	1.977582	0.969896	3	120	8	862.734
-0.785398	1.168678	2.108595	126	108	3	862.729
2.617994	2.979456	-1.009304	3	103	117	862.607
1.047198	2.587733	0.232235	116	123	110	862.321
-0.785398	1.374601	-2.456031	105	15	9	862.153
2.879793	2.138223	1.678323	108	19	9	862.055
0.261799	0.906588	1.252948	19	111	126	861.800
1.570796	0.496451	0.593859	105	23	15	861.204
0.523599	1.683268	0.374177	2	112	117	860.506
0.261799	1.736875	3.023612	119	108	121	860.354
1.047198	1.812176	0.656819	0	119	110	859.773
1.308997	1.310100	1.488307	113	18	7	859.622
-2.879793	2.164094	-2.991358	114	19	4	859.199
2.094395	0.080730	-2.622036	1	113	111	858.835
-1.047198	1.948085	-2.363031	105	16	8	858.610
2.879793	2.108018	1.311430	6	118	9	858.107
-0.261799	1.870545	-2.976234	127	109	12	858.044
-1.047198	2.588535	-2.976617	112	111	125	857.849
-2.617994	1.335669	0.897240	123	111	114	857.733
2.879793	1.433411	-1.035986	123	118	107	857.718
0.000000	1.014500	0.906702	5	108	121	857.713
2.617994	1.310100	1.488307	125	112	2	856.905
1.047198	2.704512	1.488683	121	12	113	856.903
2.879793	1.836682	-0.676006	122	114	106	856.868
-1.308997	2.760637	2.781135	116	111	119	856.855
2.356194	1.732874	-0.951685	1	115	106	856.637
-1.832596	2.138223	1.678323	6	117	18	856.306
-1.832596	1.909857	-0.381669	107	7	123	855.872
1.832596	0.591903	2.010408	115	118	118	855.401
2.879793	0.864993	2.278281	109	111	4	855.176
-2.617994	1.448123	-2.163292	115	15	116	855.176
-2.879793	2.637879	2.121598	118	121	114	855.005
-2.617994	1.168678	2.108595	17	111	16	854.745
0.523599	1.417623	-0.202254	9	110	110	854.716
-0.785398	2.349581	-2.702517	107	13	13	854.041
0.785398	1.301460	-0.509251	122	17	124	853.930
2.356194	1.135813	-2.658866	17	105	1	853.766
1.832596	2.588535	-2.976617	14	112	13	853.521
0.261799	1.872854	1.543456	4	126	110	853.382
-2.094395	2.863997	0.549740	29	122	115	853.352
-2.879793	2.760637	2.781135	2	122	13	853.316
-2.094395	2.174483	2.653697	121	26	16	852.867
1.832596	1.872854	1.543456	15	5	110	852.510
0.000000	2.153910	-1.714959	109	16	0	852.432
2.879793	1.510910	-0.740472	124	117	106	852.369
2.094395	1.025536	1.576859	119	115	126	851.851
-1.308997	1.998705	2.370472	121	110	120	851.802
-1.570796	1.555207	1.708892	18	10	1	851.625
2.356194	0.640596	-2.797608	114	106	3	851.596
1.308997	2.115563	0.685730	110	17	120	851.400
-0.523599	2.396274	-1.959260	106	115	8	851.258
-0.523599	2.251330	-2.330739	107	17	6	851.205
0.523599	1.113094	-0.272241	126	16	126	851.008
2.617994	1.325504	-1.671296	9	113	110	850.697
2.356194	1.846342	-1.796954	6	106	115	850.389
1.832596	1.977582	0.969896	114	20	9	850.385
-0.261799	1.195355	1.200319	4	108	121	850.239
1.570796	1.413430	2.550734	24	12	126	849.762
2.879793	0.618092	2.539118	5	105	124	849.673
1.832596	2.478122	2.609777	27	17	126	849.365
-2.094395	1.214854	-1.966664	109	18	120	849.277
0.523599	1.256302	0.062705	8	110	112	849.251
1.047198	0.640596	-2.797608	10	95	122	849.088
-1.832596	1.301460	-0.509251	117	20	122	849.043
1.570796	1.310100	1.488307	109	13	16	848.694
1.047198	2.724429	-0.348782	121	116	114	848.216
0.261799	1.554776	0.100351	7	114	107	848.009
-0.261799	1.599406	1.426070	0	113	115	847.895
1.308997	2.704512	1.488683	120	11	112	847.715
2.094395	0.910508	1.903534	117	117	122	847.695
0.785398	1.683268	0.374177	3	115	112	847.065
2.879793	1.872854	1.543456	7	115	8	846.982
-3.141593	2.089241	-0.114193	109	110	122	846.638
-1.570796	1.168678	2.108595	9	112	18	845.992
0.785398	0.709924	0.218797	19	109	122	845.648
-0.261799	0.700570	1.559208	8	109	2	845.320
0.261799	2.407836	1.410646	3	2	109	844.843
1.570796	1.658653	-2.409879	8	102	3	844.811
-0.261799	2.295480	1.008277	127	0	108	844.729
-0.785398	2.295480	1.008277	10	2	106	844.187
2.879793	1.440580	2.260026	4	111	0	844.176
2.617994	1.545873	-1.877082	10	109	114	844.120
2.356194	2.349581	-2.702517	24	15	5	844.094
-2.094395	1.045978	0.343692	117	18	118	843.918
0.000000	1.948085	-2.363031	103	13	126	843.896
2.617994	1.599406	1.426070	3	16	114	843.884
1.047198	2.108018	1.311430	1	0	110	843.502
1.570796	2.033014	2.977192	28	10	0	843.367
1.570796	1.025536	1.576859	109	18	0	843.215
0.261799	2.664082	-1.071402	105	116	123	843.202
2.356194	1.335669	0.897240	102	15	8	842.912
0.785398	1.184361	0.625864	13	113	117	842.874
-1.832596	1.113094	-0.272241	115	19	123	842.359
-3.141593	1.184361	0.625864	105	111	4	842.329
-0.261799	2.033014	2.977192	11	107	10	842.199
0.000000	1.574060	2.783565	114	110	125	841.838
-1.308997	2.478122	2.609777	118	109	122	841.269
2.879793	2.104282	-0.813972	122	108	118	841.154
-3.141593	1.417623	-0.202254	0	111	118	840.560
0.785398	1.218453	2.777284	113	15	11	840.500
-2.617994	2.063651	-2.044600	15	115	0	839.740
-2.617994	1.872854	1.543456	109	16	12	839.311
-0.261799	0.910508	1.903534	10	110	1	839.292
0.000000	2.164094	-2.991358	127	105	6	839.266
-0.523599	1.870545	-2.976234	124	110	12	838.971
2.617994	2.349581	-2.702517	21	17	4	838.775
-1.047198	1.374601	-2.456031	107	17	10	838.667
-2.094395	1.872854	1.543456	1	111	14	838.660
0.000000	0.700570	1.559208	11	111	2	837.988
-0.523599	1.128190	-2.288622	1	119	15	837.479
1.832596	0.379747	-1.713059	6	124	107	837.378
-1.832596	1.045978	0.343692	108	10	0	836.696
2.356194	1.756530	-2.105156	20	8	12	836.687
-0.523599	2.478122	2.609777	123	103	0	836.525
2.356194	1.872854	1.543456	112	18	14	836.377
-1.832596	2.396274	-1.959260	113	21	123	836.316
0.000000	1.977582	0.969896	0	124	108	836.296
2.356194	1.448123	-2.163292	18	7	13	836.171
-2.879793	1.545873	-1.877082	116	14	114	835.942
2.879793	1.809167	1.213774	0	9	109	835.298
-2.356194	1.875281	0.107086	106	10	123	835.055
-0.523599	1.736875	3.023612	14	110	9	834.959
2.356194	1.247695	1.809890	7	19	122	834.139
1.047198	2.881233	-2.582574	9	101	124	834.008
-2.617994	1.184361	0.625864	123	114	110	833.975
-2.879793	1.325504	-1.671296	8	116	108	833.844
-0.785398	0.674054	1.013609	36	4	124	833.521
-2.094395	0.496451	0.593859	106	10	5	833.161
-2.356194	0.619654	-2.216909	124	126	113	833.148
-1.047198	2.704512	1.488683	127	102	122	833.100
-2.879793	2.349581	-2.702517	118	21	2	832.948
0.785398	1.045978	0.343692	19	110	119	832.771
2.094395	0.615174	-0.666022	127	2	107	832.770
-0.785398	1.872854	1.543456	125	115	112	832.489
1.047198	1.310100	1.488307	110	13	18	832.426
0.261799	1.242974	-2.977882	107	11	9	832.268
-0.785398	2.033014	2.977192	6	107	4	832.229
0.785398	1.736875	3.023612	127	100	122	832.210
-2.879793	0.906588	1.252948	126	110	121	832.006
-1.570796	1.756530	-2.105156	109	18	6	831.773
0.785398	1.875281	0.107086	0	115	111	831.539
-1.832596	1.721184	-0.153948	108	9	120	831.535
-2.617994	1.374601	-2.456031	127	120	117	831.469
2.879793	1.367556	0.358405	3	115	4	831.115
-2.879793	1.440580	2.260026	10	113	16	831.099
1.832596	2.138223	1.678323	14	4	110	830.891
0.523599	0.496451	0.593859	121	112	8	830.717
0.000000	1.335669	0.897240	120	11	7	830.559
-0.785398	1.448123	-2.163292	104	16	7	830.513
-2.879793	1.168678	2.108595	17	108	8	830.467
-2.356194	2.073035	2.027405	109	18	10	830.084
-2.879793	1.809167	1.213774	106	13	14	829.917
-0.785398	1.699788	2.452890	125	107	4	829.742
2.356194	1.599406	1.426070	3	115	4	829.427
0.785398	1.721184	-0.153948	14	110	118	829.296
-1.047198	2.396274	-1.959260	106	17	122	829.272
-1.570796	0.591903	2.010408	11	108	13	829.185
0.261799	1.045978	0.343692	124	16	5	828.965
-2.094395	2.089241	-0.114193	108	6	113	828.931
2.617994	2.108018	1.311430	5	119	9	828.914
0.523599	2.407836	1.410646	127	3	110	828.884
1.047198	1.909857	-0.381669	121	27	120	828.733
0.523599	1.214854	-1.966664	105	9	5	828.546
-1.570796	2.343981	-1.040456	114	16	121	828.539
0.261799	2.063651	-2.044600	105	13	124	828.503
-2.356194	2.180315	-1.357379	13	113	0	828.488
0.523599	1.756530	-2.105156	105	9	116	828.268
-1.308997	1.756530	-2.105156	106	18	4	828.114
2.356194	2.138223	1.678323	10	6	110	827.939
1.308997	0.618092	2.539118	114	121	116	827.920
0.523599	2.863997	0.549740	120	12	110	827.677
2.617994	0.866395	-2.492918	11	114	111	827.595
-0.261799	1.756530	-2.105156	127	114	10	827.591
2.617994	1.658653	-2.409879	18	106	120	827.349
-3.141593	2.724429	-0.348782	29	125	115	827.325
-1.832596	1.168678	2.108595	6	110	17	827.257
-1.570796	0.899350	-2.069907	106	18	127	827.083
1.308997	2.760637	2.781135	30	8	119	826.848
2.617994	1.374601	-2.456031	12	108	10	826.842
-2.094395	1.510910	-0.740472	0	24	124	826.646
2.879793	2.063651	-2.044600	23	14	3	826.604
-3.141593	1.448123	-2.163292	121	16	116	826.051
0.000000	2.396274	-1.959260	5	109	124	825.352
-2.617994	2.073035	2.027405	9	123	19	825.271
-2.617994	1.488617	1.159546	121	109	118	824.510
2.356194	0.615174	-0.666022	118	10	107	824.434
1.570796	1.809167	1.213774	113	20	2	824.391
0.785398	1.504028	0.636812	12	115	113	824.338
1.308997	1.214854	-1.966664	5	102	125	824.281
-2.094395	0.899350	-2.069907	104	18	119	824.182
-2.617994	1.325504	-1.671296	6	116	120	824.178
2.094395	2.393226	1.857173	117	5	112	823.659
2.094395	1.325504	-1.671296	6	111	111	823.589
2.879793	2.719179	-1.780644	26	13	121	823.436
-2.617994	0.571433	-1.188419	107	20	3	823.352
-2.879793	2.108018	1.311430	105	16	10	823.308
2.356194	0.700570	1.559208	110	15	16	823.297
1.570796	1.599406	1.426070	117	17	18	823.295
-1.047198	1.506530	1.988858	124	108	120	823.110
-2.094395	1.195355	1.200319	2	104	6	823.041
0.523599	1.982574	-1.115518	4	110	1	822.747
-0.523599	1.450119	-2.739050	4	115	14	822.713
2.094395	1.214854	-1.966664	8	108	115	822.705
1.308997	0.615174	-0.666022	10	108	5	822.696
0.523599	2.108018	1.311430	0	1	109	822.600
-2.356194	2.396274	-1.959260	114	17	4	822.550
2.094395	1.413347	-1.339188	2	115	107	822.500
-3.141593	1.025536	1.576859	126	109	125	822.410
-2.879793	1.367556	0.358405	123	118	106	822.310
-2.617994	1.014500	0.906702	122	103	4	822.285
2.356194	1.128190	-2.288622	123	108	122	822.198
-1.047198	1.658653	-2.409879	107	17	10	822.124
-3.141593	1.488617	1.159546	114	9	28	822.063
-1.832596	2.063651	-2.044600	112	21	2	821.970
-2.617994	2.349581	-2.702517	113	19	0	821.968
0.000000	0.458961	-0.107937	113	106	5	821.801
0.523599	1.606104	-0.451151	119	109	122	821.626
-0.523599	2.089241	-0.114193	12	107	114	821.577
2.094395	2.164094	-2.991358	15	109	11	821.517
1.047198	2.115563	0.685730	125	121	111	821.512
-2.356194	1.510910	-0.740472	0	24	118	821.480
-1.570796	2.396274	-1.959260	109	19	123	821.456
2.617994	0.571433	-1.188419	123	8	105	821.387
1.047198	2.295480	1.008277	125	124	110	821.312
2.617994	0.906588	1.252948	109	17	12	821.248
2.356194	1.555207	1.708892	13	4	112	821.230
-2.356194	0.992645	-1.723759	103	15	117	821.198
-2.879793	2.089241	-0.114193	120	106	0	821.123
-1.832596	1.977582	0.969896	1	103	4	821.072
2.617994	2.164094	-2.991358	14	121	17	820.812
0.261799	0.831641	0.616218	17	108	118	820.662
-1.832596	2.478122	2.609777	122	116	117	820.505
-3.141593	0.910508	1.903534	4	104	6	820.494
-2.879793	1.872854	1.543456	2	117	20	820.359
-3.141593	0.418037	1.360082	108	14	9	820.317
-1.047198	1.448123	-2.163292	107	18	4	820.294
0.000000	2.251330	-2.330739	123	107	2	820.074
-2.356194	1.045978	0.343692	120	20	119	820.027
2.879793	1.606104	-0.451151	2	114	108	820.002
0.261799	0.496451	0.593859	23	107	126	820.002
-0.785398	1.824694	1.850876	126	112	116	819.858
-2.879793	1.948085	-2.363031	118	18	3	819.742
2.879793	2.393226	1.857173	117	8	111	819.527
-2.617994	1.766067	2.153843	7	116	17	819.318
2.094395	0.961715	0.014085	115	14	111	819.166
-1.047198	0.619654	-2.216909	110	20	10	818.925
-1.308997	0.906588	1.252948	6	103	7	818.418
-2.356194	1.555207	1.708892	1	110	14	818.339
0.261799	1.756530	-2.105156	106	12	115	818.232
-3.141593	1.256302	0.062705	102	115	121	818.217
2.617994	0.762244	-0.273349	118	10	107	818.076
-1.832596	2.637879	2.121598	119	111	116	818.067
2.879793	2.180315	-1.357379	8	105	119	818.012
-1.570796	2.073035	2.027405	120	111	115	817.620
-2.879793	2.174483	2.653697	2	117	14	817.331
0.523599	1.413347	-1.339188	5	110	6	817.158
-3.141593	2.108018	1.311430	108	19	9	817.146
-2.094395	1.256302	0.062705	119	19	117	817.105
-0.523599	1.247695	1.809890	2	109	123	817.021
0.523599	1.904882	-1.478089	107	11	124	817.015
-0.523599	0.458961	-0.107937	4	103	119	816.895
-2.356194	1.374601	-2.456031	1	121	117	816.854
-2.094395	2.396274	-1.959260	114	20	127	816.826
1.832596	1.134796	2.434290	116	118	121	816.799
0.261799	2.138223	1.678323	4	0	110	816.604
-2.879793	1.812176	0.656819	106	111	126	816.568
1.570796	1.662363	0.915448	113	20	6	816.524
-2.356194	1.184361	0.625864	121	107	119	816.434
2.356194	2.164094	-2.991358	18	115	14	816.292
-2.879793	1.413347	-1.339188	113	18	121	816.100
1.047198	2.001437	0.381215	111	15	117	815.938
-2.356194	2.637879	2.121598	121	118	114	815.800
-0.785398	1.756530	-2.105156	121	117	111	815.627
2.356194	1.696674	-1.253233	3	113	107	815.358
-2.094395	2.393226	1.857173	3	126	19	814.876
2.094395	2.579248	-2.364801	16	110	10	814.691
-2.617994	1.875281	0.107086	122	104	1	814.639
-0.523599	1.135813	-2.658866	11	119	15	814.612
-2.356194	1.998705	2.370472	122	109	12	814.327
0.261799	1.658653	-2.409879	103	8	127	814.078
-2.617994	2.393226	1.857173	4	126	18	813.948
-1.832596	1.948085	-2.363031	112	20	8	813.846
1.832596	0.961715	0.014085	26	18	118	813.802
-2.617994	0.866395	-2.492918	10	126	110	813.654
0.523599	1.977582	0.969896	2	125	109	813.598
1.570796	1.869911	2.701025	25	12	126	813.500
0.000000	1.168678	2.108595	17	18	8	813.098
-0.785398	1.242974	-2.977882	118	120	117	813.031
0.261799	1.014500	0.906702	14	110	118	812.928
-1.570796	1.506530	1.988858	6	111	17	812.890
0.000000	1.128190	-2.288622	2	124	18	812.686
-1.570796	1.824694	1.850876	3	110	16	812.615
2.356194	0.899350	-2.069907	5	104	127	812.609
-2.617994	2.153910	-1.714959	13	113	0	812.557
0.000000	2.719179	-1.780644	110	113	118	812.486
-2.617994	1.450119	-2.739050	2	121	116	812.175
0.785398	0.831641	0.616218	15	111	120	812.116
-2.617994	2.407836	1.410646	121	121	109	811.878
-3.141593	1.809167	1.213774	16	4	113	811.758
1.308997	1.977582	0.969896	113	19	121	811.497
0.261799	2.343981	-1.040456	119	23	124	811.395
-2.879793	1.699788	2.452890	19	117	15	811.283
2.356194	1.510910	-0.740472	1	119	104	811.084
0.785398	1.256302	0.062705	10	109	118	810.865
-0.261799	2.579248	-2.364801	123	108	124	810.819
-2.094395	2.637879	2.121598	121	117	113	810.674
2.617994	1.195355	1.200319	127	112	0	810.603
2.879793	1.846342	-1.796954	11	107	115	810.445
0.785398	2.115563	0.685730	111	15	125	810.266
2.356194	0.458961	-0.107937	101	22	7	810.177
0.261799	2.979456	-1.009304	113	24	127	810.112
-1.832596	1.417623	-0.202254	118	18	119	810.082
-1.047198	1.256302	0.062705	17	98	1	809.989
-2.356194	1.824694	1.850876	4	116	18	809.868
-2.094395	1.025536	1.576859	3	106	11	809.838
1.047198	2.637879	2.121598	20	13	115	809.750
2.617994	0.961715	0.014085	97	16	10	809.564
-2.879793	1.025536	1.576859	120	107	3	809.498
0.000000	1.870545	-2.976234	0	107	11	809.486
-3.141593	1.113094	-0.272241	92	7	2	809.447
-0.785398	0.419640	2.974122	12	8	112	808.901
-2.094395	2.478122	2.609777	117	27	12	808.828
2.094395	1.413430	2.550734	0	22	5	808.715
0.000000	1.256302	0.062705	4	108	113	808.498
0.000000	1.809167	1.213774	3	123	109	808.338
-1.308997	2.979456	-1.009304	117	16	115	808.152
-2.879793	1.214854	-1.966664	114	17	119	808.115
-2.879793	0.419640	2.974122	8	0	112	808.009
1.570796	1.488617	1.159546	110	15	13	807.753
1.047198	2.407836	1.410646	123	11	111	807.525
1.570796	1.977582	0.969896	117	21	9	807.322
-2.094395	1.450119	-2.739050	117	23	114	807.202
-1.047198	2.174483	2.653697	124	107	126	807.059
-0.261799	2.760637	2.781135	7	102	124	807.031
-0.785398	2.153910	-1.714959	119	120	107	806.729
-1.832596	1.904882	-1.478089	113	19	127	806.494
2.617994	2.396274	-1.959260	13	103	125	806.189
2.094395	2.396274	-1.959260	15	103	124	806.123
1.570796	2.587733	0.232235	115	116	111	806.108
-2.617994	0.615174	-0.666022	100	13	1	806.018
0.000000	0.674054	1.013609	5	108	0	806.012
-2.094395	0.379747	-1.713059	107	21	6	805.955
-0.785398	1.247695	1.809890	126	109	120	805.643
1.308997	1.506530	1.988858	117	7	24	805.397
2.617994	1.696674	-1.253233	5	109	115	804.791
-1.047198	2.349581	-2.702517	107	16	12	804.575
-1.308997	2.588535	-2.976617	122	114	120	804.526
2.879793	1.025536	1.576859	123	111	125	804.506
-1.570796	1.448123	-2.163292	108	18	119	804.439
1.832596	1.135813	-2.658866	110	6	3	804.270
-2.356194	2.108018	1.311430	126	115	18	804.220
2.617994	2.664082	-1.071402	123	103	116	804.178
2.094395	1.699788	2.452890	1	24	3	804.168
0.523599	2.478122	2.609777	115	2	18	804.131
-0.261799	1.417623	-0.202254	25	126	106	804.076
-0.785398	2.881233	-2.582574	124	113	117	803.876
-1.570796	2.251330	-2.330739	107	18	3	803.787
-0.523599	1.977582	0.969896	126	119	108	803.671
-0.785398	0.297065	2.160177	25	19	121	803.422
-3.141593	2.187132	-0.479875	8	106	117	803.322
0.261799	2.115563	0.685730	124	0	107	803.197
-2.617994	2.379497	0.561089	123	117	16	803.116
2.617994	1.214854	-1.966664	120	15	122	802.901
-2.617994	1.683268	0.374177	127	110	112	802.423
-0.523599	2.356369	3.005869	121	105	3	802.414
2.356194	2.115563	0.685730	4	121	7	802.328
2.879793	1.909857	-0.381669	110	113	118	802.310
1.047198	2.760637	2.781135	31	8	122	802.278
2.356194	0.866395	-2.492918	117	108	126	802.188
-2.879793	1.658653	-2.409879	22	113	117	802.136
-1.570796	1.247695	1.809890	10	109	15	802.126
-2.617994	0.910508	1.903534	16	107	9	802.094
1.570796	0.618092	2.539118	116	117	116	802.076
1.308997	2.592629	0.909713	0	1	107	801.861
2.617994	0.379747	-1.713059	19	116	13	801.803
0.261799	2.456751	-1.503343	5	110	116	801.689
1.570796	1.134796	2.434290	115	119	121	801.684
0.523599	1.367556	0.358405	3	110	119	801.668
-2.356194	1.014500	0.906702	124	107	119	801.650
-3.141593	1.367556	0.358405	106	116	120	801.488
0.261799	1.050534	3.042579	111	13	19	801.454
-2.356194	2.393226	1.857173	3	125	18	801.388
-2.879793	0.700570	1.559208	106	10	7	801.062
2.879793	0.961715	0.014085	95	13	5	800.949
0.785398	1.836682	-0.676006	107	9	119	800.904
-1.832596	1.824694	1.850876	118	126	113	800.723
0.523599	0.914445	2.687814	108	14	8	800.641
2.094395	1.870545	-2.976234	15	108	10	800.496
2.879793	1.242974	-2.977882	18	107	126	800.467
1.832596	2.592629	0.909713	113	22	5	800.412
2.617994	2.063651	-2.044600	15	105	123	800.395
-1.047198	1.875281	0.107086	4	103	117	800.206
-1.308997	1.658653	-2.409879	105	15	11	800.107
-2.094395	1.555207	1.708892	6	112	16	800.005
1.047198	2.592629	0.909713	122	10	108	799.843
-3.141593	2.164094	-2.991358	117	19	3	799.842
-1.047198	1.301460	-0.509251	26	120	108	799.815
-1.570796	2.579248	-2.364801	107	18	123	799.677
2.094395	1.662363	0.915448	1	119	7	799.609
0.000000	0.203748	0.590255	17	107	6	799.559
0.000000	1.488617	1.159546	8	111	117	799.535
1.832596	1.168678	2.108595	117	118	123	799.531
-0.261799	1.846342	-1.796954	99	9	127	799.095
2.356194	0.619654	-2.216909	6	121	107	798.997
-3.141593	2.396274	-1.959260	12	111	4	798.936
-0.261799	1.310100	1.488307	0	111	119	798.830
-0.785398	1.574060	2.783565	13	109	1	798.828
-2.094395	1.128190	-2.288622	111	22	122	798.784
-2.617994	2.164094	-2.991358	25	118	0	798.556
-2.617994	0.591903	2.010408	111	9	6	798.437
2.617994	1.128190	-2.288622	15	111	112	798.233
-1.832596	2.588535	-2.976617	109	20	9	798.164
-2.879793	2.404280	-0.174044	29	126	112	798.062
0.000000	1.367556	0.358405	7	110	112	798.046
0.000000	1.135834	-1.431087	15	104	112	798.030
-1.832596	1.247695	1.809890	7	108	15	798.015
-3.141593	2.138223	1.678323	5	122	19	797.950
-3.141593	1.721184	-0.153948	3	111	112	797.862
1.570796	2.863997	0.549740	1	124	108	797.345
0.785398	1.909857	-0.381669	107	10	121	797.298
0.000000	2.138223	1.678323	6	126	110	797.206
-2.094395	1.909857	-0.381669	107	8	122	797.206
0.261799	1.617114	-1.572037	111	9	108	797.136
-0.523599	0.297065	2.160177	20	21	121	796.996
2.879793	1.977582	0.969896	113	21	21	796.810
-2.879793	1.870545	-2.976234	23	114	123	796.745
0.261799	0.700570	1.559208	17	21	0	796.685
2.094395	2.356369	3.005869	27	16	1	796.602
2.617994	2.343981	-1.040456	6	106	111	796.569
0.523599	2.881233	-2.582574	0	104	119	796.422
2.879793	0.458961	-0.107937	118	10	109	796.213
-1.570796	0.458961	-0.107937	107	11	7	796.129
0.000000	2.587733	0.232235	8	117	108	795.795
-0.261799	1.545873	-1.877082	105	10	115	795.621
2.356194	2.041297	-2.664597	16	119	18	795.609
-3.141593	1.554776	0.100351	124	114	110	795.555
2.617994	1.194549	-0.801900	4	121	103	795.040
-2.879793	1.982574	-1.115518	18	17	122	794.984
2.617994	2.704512	1.488683	110	20	9	794.688
-3.141593	2.343981	-1.040456	7	104	121	794.656
1.047198	1.662363	0.915448	120	18	18	794.547
0.000000	0.831641	0.616218	121	108	1	794.371
2.356194	2.979456	-1.009304	29	122	117	794.309
-3.141593	1.391910	3.030322	8	116	21	794.164
2.094395	2.592629	0.909713	116	25	7	794.025
-3.141593	1.982574	-1.115518	2	107	115	793.980
0.785398	2.379497	0.561089	123	6	105	793.615
-2.356194	1.909857	-0.381669	109	11	116	793.568
0.785398	2.579248	-2.364801	112	2	103	793.385
2.879793	2.041297	-2.664597	22	106	126	793.336
-2.617994	2.115563	0.685730	8	4	107	793.251
-2.356194	0.910508	1.903534	19	108	13	792.945
-3.141593	1.545873	-1.877082	116	14	115	792.743
0.000000	2.984978	1.954446	18	6	113	792.681
-0.785398	1.134796	2.434290	13	108	8	792.680
0.523599	1.599406	1.426070	19	16	13	792.621
-0.523599	0.290380	-0.796960	127	111	109	792.375
2.356194	1.948085	-2.363031	10	104	127	792.348
0.000000	1.741644	-2.695914	0	111	14	791.843
-2.356194	2.251330	-2.330739	116	21	6	791.834
2.879793	1.982574	-1.115518	4	108	116	791.695
2.356194	1.824694	1.850876	110	118	10	791.662
2.879793	1.301460	-0.509251	122	122	105	791.561
0.261799	1.812176	0.656819	127	125	104	791.507
-1.308997	2.984978	1.954446	125	105	116	791.479
0.261799	2.587733	0.232235	121	8	106	791.321
-2.617994	0.906588	1.252948	120	106	127	791.242
1.308997	1.242974	-2.977882	112	124	117	791.199
0.523599	2.174483	2.653697	112	5	17	791.177
0.523599	0.961715	0.014085	6	106	119	790.883
0.523599	2.247462	0.191623	6	117	108	790.857
-2.879793	1.554776	0.100351	110	17	1	790.508
-0.785398	1.736875	3.023612	125	109	11	790.437
2.617994	1.982574	-1.115518	3	108	111	790.330
1.047198	1.872854	1.543456	116	11	18	790.266
2.617994	1.448123	-2.163292	15	108	5	790.211
2.879793	0.640596	-2.797608	9	119	111	790.091
-3.141593	1.756530	-2.105156	119	10	113	790.073
2.617994	1.488617	1.159546	104	16	3	790.038
-2.094395	2.187132	-0.479875	111	8	113	789.962
1.047198	1.732874	-0.951685	15	108	124	789.901
-0.261799	0.496451	0.593859	31	4	115	789.411
2.094395	0.899350	-2.069907	8	108	115	789.149
0.000000	2.033014	2.977192	4	105	9	789.146
0.523599	1.574060	2.783565	100	4	8	789.139
-1.308997	1.599406	1.426070	18	8	3	788.470
0.523599	0.674054	1.013609	18	111	127	788.186
-2.356194	1.809167	1.213774	1	111	17	788.113
-2.094395	1.683268	0.374177	105	8	123	787.940
1.308997	2.108018	1.311430	0	126	111	787.927
-2.879793	2.379497	0.561089	20	2	112	787.640
1.047198	0.615174	-0.666022	9	105	1	787.630
0.261799	1.448123	-2.163292	127	113	14	787.462
1.832596	1.904882	-1.478089	127	108	111	787.453
-2.879793	1.310100	1.488307	107	112	126	787.352
1.832596	1.488617	1.159546	25	8	115	787.331
-0.523599	1.488617	1.159546	14	116	26	787.298
1.308997	1.658653	-2.409879	116	6	119	786.839
-1.047198	1.310100	1.488307	19	10	0	786.184
0.523599	1.812176	0.656819	1	122	108	786.182
-0.261799	2.379497	0.561089	125	1	107	786.006
-2.879793	1.909857	-0.381669	5	107	120	785.990
-1.832596	0.899350	-2.069907	110	22	127	785.981
-0.523599	2.104282	-0.813972	126	112	111	785.735
0.785398	2.724429	-0.348782	112	20	1	785.721
2.094395	2.041297	-2.664597	16	116	17	785.582
-2.094395	0.370812	-2.547742	121	2	114	785.217
1.570796	1.872854	1.543456	120	14	21	785.157
-0.261799	2.063651	-2.044600	105	13	5	785.089
2.879793	1.413430	2.550734	5	111	124	785.057
-0.785398	0.615174	-0.666022	25	123	114	784.899
-1.308997	0.418037	1.360082	9	105	9	784.846
2.094395	1.195355	1.200319	104	14	13	784.380
-1.832596	1.506530	1.988858	4	112	18	784.289
0.261799	2.180315	-1.357379	108	15	123	784.152
2.879793	1.736875	3.023612	2	111	124	784.137
0.785398	1.113094	-0.272241	8	106	117	783.860
2.879793	2.637879	2.121598	1	121	13	783.809
-2.356194	2.704512	1.488683	120	113	112	783.695
2.356194	1.545873	-1.877082	7	108	113	783.688
2.356194	2.153910	-1.714959	2	104	118	783.629
-0.523599	2.881233	-2.582574	117	111	118	783.548
-2.356194	2.984978	1.954446	120	116	113	783.541
-2.094395	2.587733	0.232235	17	3	108	783.453
-2.356194	2.863997	0.549740	27	123	115	783.317
1.308997	2.033014	2.977192	29	8	0	783.282
0.523599	2.664082	-1.071402	114	113	117	783.232
-0.785398	1.870545	-2.976234	4	110	6	783.061
-1.570796	1.242974	-2.977882	110	25	124	782.969
-1.308997	1.555207	1.708892	17	10	1	782.917
-0.785398	1.948085	-2.363031	102	12	8	782.840
1.308997	1.948085	-2.363031	5	102	2	782.793
-3.141593	1.218453	2.777284	116	109	11	782.745
-1.832596	2.033014	2.977192	114	25	5	782.306
2.879793	1.998705	2.370472	114	127	116	782.244
0.523599	1.948085	-2.363031	100	7	122	782.199
-0.261799	0.906588	1.252948	4	107	125	782.166
1.832596	0.929350	-2.910676	9	109	15	782.140
-1.308997	1.247695	1.809890	10	109	15	782.080
0.261799	1.504028	0.636812	9	114	112	781.929
0.261799	1.325504	-1.671296	109	5	111	781.717
-2.356194	2.063651	-2.044600	115	16	10	781.703
-1.047198	2.478122	2.609777	116	106	125	781.636
-1.832596	1.836682	-0.676006	113	15	124	781.628
-0.785398	2.588535	-2.976617	116	110	123	781.592
2.094395	2.001437	0.381215	5	126	10	781.537
0.523599	2.033014	2.977192	12	110	17	781.436
-2.094395	0.685216	-1.712745	107	20	0	781.396
-1.570796	1.256302	0.062705	108	9	1	781.352
-3.141593	1.836682	-0.676006	124	110	115	781.276
-3.141593	1.909857	-0.381669	125	110	113	781.239
-0.523599	2.187132	-0.479875	27	11	111	781.220
0.785398	1.662363	0.915448	3	120	110	781.184
2.879793	1.374601	-2.456031	120	9	16	781.183
-0.785398	1.134497	-1.109631	19	125	102	780.954
1.047198	0.458961	-0.107937	11	109	4	780.850
-2.094395	1.135813	-2.658866	111	22	122	780.793
-0.523599	1.909857	-0.381669	10	107	112	780.730
-1.832596	2.343981	-1.040456	118	19	123	780.539
0.261799	2.396274	-1.959260	7	107	124	780.521
-0.523599	2.760637	2.781135	125	104	123	780.516
0.785398	1.606104	-0.451151	121	19	0	780.498
0.000000	1.413347	-1.339188	111	5	107	780.400
-1.832596	2.164094	-2.991358	111	16	17	780.134
-0.785398	0.640596	-2.797608	2	117	13	780.049
-1.047198	1.741644	-2.695914	113	17	18	780.004
2.879793	2.251330	-2.330739	17	104	124	779.826
2.879793	1.135834	-1.431087	126	124	102	779.759
2.879793	0.762244	-0.273349	123	126	106	779.503
-0.785398	0.709924	0.218797	7	103	117	779.295
0.000000	2.588535	-2.976617	124	103	126	779.090
-1.570796	2.760637	2.781135	1	6	17	778.921
-0.523599	0.640596	-2.797608	108	17	13	778.750
0.000000	1.504028	0.636812	124	12	11	778.722
1.832596	1.809167	1.213774	109	19	2	778.574
-0.261799	2.041297	-2.664597	124	109	8	778.506
-2.617994	1.214854	-1.966664	12	119	109	778.473
2.094395	0.290380	-0.796960	2	5	109	778.250
2.094395	1.904882	-1.478089	2	108	110	778.174
0.523599	1.195355	1.200319	5	114	120	777.956
-1.570796	0.831641	0.616218	107	7	125	777.868
-1.832596	0.961715	0.014085	113	16	127	777.855
0.785398	2.041297	-2.664597	124	104	115	777.742
-1.570796	1.606104	-0.451151	115	18	122	777.670
2.879793	1.391910	3.030322	18	107	3	777.611
-1.308997	1.045978	0.343692	126	104	117	777.437
-1.308997	1.128190	-2.288622	113	22	7	777.350
2.617994	2.456751	-1.503343	12	104	121	777.318
-0.523599	0.618092	2.539118	12	112	7	777.226
2.617994	2.637879	2.121598	123	8	110	777.161
-1.570796	2.108018	1.311430	0	124	108	776.729
2.879793	2.664082	-1.071402	13	106	1	776.662
-1.832596	1.510910	-0.740472	123	24	124	776.266
-2.879793	1.134796	2.434290	117	108	7	776.172
2.879793	1.696674	-1.253233	5	112	107	776.065
-0.523599	0.910508	1.903534	10	107	5	775.986
2.356194	1.374601	-2.456031	16	104	120	775.962
-2.356194	0.290380	-0.796960	108	19	5	775.961
1.832596	0.762244	-0.273349	125	4	106	775.953
2.094395	1.168678	2.108595	19	11	121	775.795
1.308997	2.588535	-2.976617	14	111	14	775.756
-0.523599	2.295480	1.008277	8	5	106	775.602
-3.141593	0.571433	-1.188419	125	0	106	775.433
2.617994	1.809167	1.213774	3	117	6	775.013
-3.141593	2.478122	2.609777	120	10	112	774.647
1.570796	0.571433	-1.188419	4	127	106	774.041
-1.570796	0.203748	0.590255	24	125	117	774.018
-2.617994	1.413347	-1.339188	7	114	120	773.914
0.523599	1.335669	0.897240	14	115	114	773.866
1.308997	0.733948	3.021411	4	105	13	773.772
0.261799	2.001437	0.381215	121	127	104	773.760
-2.356194	1.367556	0.358405	116	109	116	773.705
2.879793	1.683268	0.374177	104	18	15	773.700
2.356194	2.704512	1.488683	125	127	109	773.265
-2.356194	1.766067	2.153843	9	125	24	773.214
2.356194	2.478122	2.609777	13	12	19	773.156
-1.832596	0.591903	2.010408	9	108	14	773.111
-0.261799	2.455966	-0.641220	6	116	109	773.086
-2.094395	2.579248	-2.364801	114	22	124	773.079
0.000000	1.450119	-2.739050	109	13	11	772.972
0.523599	1.014500	0.906702	15	112	118	772.877
2.879793	2.299159	2.264663	22	120	17	772.675
-1.832596	2.356369	3.005869	119	28	10	772.491
-2.617994	2.247462	0.191623	121	105	4	772.461
-0.261799	1.135813	-2.658866	101	12	1	772.430
0.261799	2.379497	0.561089	127	5	105	772.176
-1.308997	2.063651	-2.044600	108	20	125	771.913
1.832596	1.662363	0.915448	110	20	1	771.813
-2.356194	1.195355	1.200319	107	7	120	771.783
1.047198	2.379497	0.561089	115	22	123	771.723
2.879793	1.599406	1.426070	2	15	115	771.717
-2.356194	2.478122	2.609777	109	21	5	771.543
-2.094395	0.961715	0.014085	120	20	123	771.500
-0.523599	0.591903	2.010408	119	8	119	771.484
0.000000	1.872854	1.543456	5	124	110	771.380
1.832596	0.866395	-2.492918	13	100	121	771.258
0.523599	1.741644	-2.695914	108	7	7	770.886
2.617994	1.824694	1.850876	8	113	6	770.877
2.356194	2.881233	-2.582574	25	14	121	770.820
-2.094395	1.417623	-0.202254	120	20	119	770.762
-1.047198	2.760637	2.781135	123	108	119	770.592
2.879793	1.555207	1.708892	1	112	4	770.361
-2.879793	2.979456	-1.009304	26	10	118	770.277
1.832596	0.700570	1.559208	109	15	16	770.078
0.000000	1.214854	-1.966664	4	123	15	770.065
-2.617994	2.001437	0.381215	122	106	1	770.035
-2.617994	2.587733	0.232235	27	124	112	769.877
-2.617994	1.310100	1.488307	7	107	2	769.794
-1.570796	0.370812	-2.547742	112	20	13	769.729
0.261799	1.128190	-2.288622	104	10	5	769.722
0.261799	0.961715	0.014085	8	105	117	769.701
2.094395	1.113094	-0.272241	119	11	107	769.632
-2.356194	0.906588	1.252948	105	6	121	769.482
-0.261799	0.850607	-1.335383	12	100	111	769.245
2.094395	2.063651	-2.044600	18	104	122	769.057
1.832596	0.571433	-1.188419	11	111	10	768.775
-1.308997	1.134497	-1.109631	7	7	105	768.523
2.879793	1.310100	1.488307	0	111	2	768.483
-2.356194	2.587733	0.232235	24	125	109	768.352
-2.094395	1.836682	-0.676006	107	10	123	768.158
0.261799	0.290380	-0.796960	126	116	109	768.111
-0.523599	1.050534	3.042579	10	112	7	768.081
1.570796	1.195355	1.200319	112	19	123	767.796
2.879793	0.866395	-2.492918	7	120	109	767.666
-2.617994	0.297065	2.160177	11	102	6	767.508
1.308997	1.809167	1.213774	113	18	127	767.344
2.356194	1.325504	-1.671296	8	105	125	767.264
-2.094395	1.247695	1.809890	3	109	15	767.254
-0.785398	2.478122	2.609777	0	103	126	767.244
2.617994	1.683268	0.374177	98	17	12	767.233
-1.832596	1.736875	3.023612	121	27	11	767.207
2.617994	1.870545	-2.976234	14	121	20	767.137
2.617994	0.640596	-2.797608	1	104	0	767.088
-1.047198	0.674054	1.013609	35	1	124	767.035
-2.094395	1.184361	0.625864	107	6	114	766.969
2.094395	0.591903	2.010408	117	115	118	766.799
2.879793	0.960688	-0.577532	125	126	104	766.574
-0.261799	2.984978	1.954446	122	101	120	766.505
-1.308997	2.295480	1.008277	2	126	107	766.412
-2.356194	2.404280	-0.174044	21	8	112	766.367
-0.261799	2.588535	-2.976617	120	105	126	766.170
2.879793	1.134796	2.434290	7	105	6	766.119
-2.879793	2.478122	2.609777	119	24	8	765.936
2.356194	1.168678	2.108595	8	111	122	765.839
0.785398	1.014500	0.906702	120	18	122	765.782
-1.308997	0.618092	2.539118	28	18	124	765.748
-2.617994	1.846342	-1.796954	13	114	125	765.611
-3.141593	1.741644	-2.695914	118	16	5	765.503
1.308997	0.290380	-0.796960	7	2	108	765.363
-2.879793	2.001437	0.381215	108	110	122	765.286
2.356194	2.356369	3.005869	113	13	126	765.205
-1.308997	2.174483	2.653697	2	108	124	765.188
-2.356194	1.977582	0.969896	3	106	1	765.174
-1.570796	0.297065	2.160177	15	110	13	765.126
-0.523599	2.063651	-2.044600	108	116	11	765.111
2.094395	2.456751	-1.503343	122	104	115	765.102
2.879793	1.218453	2.777284	112	111	8	765.083
-0.785398	2.174483	2.653697	108	4	115	764.775
2.356194	2.108018	1.311430	5	119	8	764.773
-0.785398	0.290380	-0.796960	121	112	109	764.738
0.000000	2.041297	-2.664597	125	106	6	764.543
2.617994	0.910508	1.903534	122	113	122	764.479
2.879793	1.948085	-2.363031	21	16	6	764.465
0.261799	1.413347	-1.339188	106	4	112	764.392
-1.832596	1.875281	0.107086	109	7	118	764.287
2.617994	0.866955	-0.931351	121	2	105	764.267
1.308997	1.662363	0.915448	115	19	4	764.092
0.261799	1.683268	0.374177	7	117	107	763.909
-2.879793	2.063651	-2.044600	20	109	120	763.863
2.879793	1.569311	-3.003978	7	108	5	763.705
-1.308997	0.496451	0.593859	3	102	122	763.664
1.570796	1.374601	-2.456031	8	102	6	763.527
-0.523599	1.214854	-1.966664	2	123	14	763.523
-1.570796	2.033014	2.977192	127	113	123	763.452
-0.785398	0.619654	-2.216909	104	16	6	763.430
-2.879793	1.696674	-1.253233	111	13	117	763.400
1.570796	0.866955	-0.931351	127	3	104	763.378
-0.785398	1.569311	-3.003978	113	15	18	763.346
-1.570796	2.456751	-1.503343	114	20	118	763.266
0.523599	1.736875	3.023612	9	114	19	763.260
-2.879793	1.413430	2.550734	11	115	19	763.232
-1.047198	1.450119	-2.739050	116	18	19	763.200
2.356194	1.135834	-1.431087	6	116	107	763.156
0.000000	2.404280	-0.174044	5	116	108	763.109
0.523599	1.374601	-2.456031	102	0	111	763.016
0.000000	0.850607	-1.335383	18	101	118	762.981
-2.617994	0.674054	1.013609	103	10	3	762.966
-0.785398	1.766067	2.153843	3	108	122	762.914
0.000000	1.242974	-2.977882	103	9	11	762.568
2.617994	2.153910	-1.714959	11	105	121	762.236
1.832596	0.906588	1.252948	117	117	0	762.103
-0.261799	2.881233	-2.582574	120	109	118	761.949
0.261799	2.041297	-2.664597	0	105	6	761.930
-2.879793	2.393226	1.857173	116	5	111	761.928
2.094395	2.979456	-1.009304	0	106	114	761.847
2.094395	1.846342	-1.796954	114	108	124	761.801
-0.523599	2.719179	-1.780644	108	118	119	761.791
1.832596	0.615174	-0.666022	22	115	7	761.609
-2.879793	2.180315	-1.357379	104	127	120	761.507
0.785398	1.335669	0.897240	118	17	127	761.221
0.261799	1.195355	1.200319	3	112	120	761.087
-1.570796	1.184361	0.625864	109	7	122	760.963
-1.308997	1.506530	1.988858	10	113	18	760.749
1.832596	0.458961	-0.107937	116	19	113	760.729
1.832596	0.709924	0.218797	25	20	122	760.643
2.617994	2.407836	1.410646	111	23	2	760.486
2.879793	1.325504	-1.671296	113	14	123	760.463
2.879793	1.662363	0.915448	7	12	110	760.390
-0.785398	1.683268	0.374177	2	102	126	760.330
-0.785398	1.658653	-2.409879	3	114	7	760.237
-3.141593	1.504028	0.636812	103	14	9	760.097
-3.141593	1.510910	-0.740472	3	112	113	760.066
-3.141593	0.762244	-0.273349	118	120	110	759.991
1.047198	0.419640	2.974122	0	108	14	759.983
2.094395	2.588535	-2.976617	29	12	122	759.979
0.000000	1.683268	0.374177	3	11	14	759.938
-2.879793	0.929350	-2.910676	11	121	113	759.903
0.261799	1.870545	-2.976234	102	10	2	759.855
-2.617994	2.251330	-2.330739	112	13	14	759.815
2.617994	2.295480	1.008277	9	126	17	759.746
2.879793	2.033014	2.977192	24	112	10	759.718
-2.094395	2.984978	1.954446	120	113	113	759.660
0.000000	1.846342	-1.796954	100	8	125	759.640
1.570796	0.906588	1.252948	112	19	122	759.542
2.094395	0.640596	-2.797608	2	101	4	759.471
-1.570796	0.762244	-0.273349	113	16	4	759.410
2.617994	1.135834	-1.431087	8	116	108	759.310
1.570796	0.591903	2.010408	113	121	118	759.288
-3.141593	2.115563	0.685730	104	19	15	759.141
2.617994	2.138223	1.678323	111	17	15	759.107
-0.261799	2.396274	-1.959260	121	110	125	759.056
-1.308997	2.456751	-1.503343	111	18	117	758.799
2.617994	0.419640	2.974122	2	101	6	758.797
-1.832596	1.756530	-2.105156	115	21	9	758.758
-2.617994	2.108018	1.311430	104	15	6	758.738
-1.570796	1.904882	-1.478089	110	18	127	758.659
2.356194	1.904882	-1.478089	0	107	113	758.635
2.356194	0.961715	0.014085	101	21	11	758.622
-1.047198	2.984978	1.954446	27	121	116	757.991
-2.094395	0.831641	0.616218	102	6	125	757.982
-3.141593	1.599406	1.426070	1	9	111	757.971
1.832596	2.407836	1.410646	11	1	108	757.598
0.000000	2.592629	0.909713	0	3	108	757.589
0.523599	1.766067	2.153843	114	10	17	757.511
1.308997	2.984978	1.954446	120	12	115	757.444
1.047198	1.683268	0.374177	122	24	7	757.417
2.356194	2.760637	2.781135	119	14	117	757.390
2.879793	1.134497	-1.109631	120	124	104	757.360
0.261799	1.569311	-3.003978	101	9	1	757.296
0.000000	2.724429	-0.348782	4	123	105	757.258
0.785398	1.766067	2.153843	2	107	22	757.240
0.000000	1.045978	0.343692	8	105	118	756.713
2.094395	1.599406	1.426070	20	8	114	756.609
-1.570796	1.721184	-0.153948	110	10	121	756.533
-2.879793	2.343981	-1.040456	13	17	119	756.445
-2.617994	1.417623	-0.202254	4	21	118	756.342
-2.617994	1.247695	1.809890	2	108	13	756.297
-0.785398	1.417623	-0.202254	22	100	122	756.232
-1.047198	1.417623	-0.202254	16	97	122	756.145
0.523599	1.870545	-2.976234	108	7	9	756.084
-2.356194	1.301460	-0.509251	126	24	116	756.006
-2.617994	1.662363	0.915448	125	108	115	755.983
-1.832596	1.554776	0.100351	106	7	127	755.940
2.617994	2.393226	1.857173	116	19	16	755.918
-2.356194	0.685216	-1.712745	100	17	122	755.874
-2.617994	1.977582	0.969896	5	5	109	755.554
-0.785398	2.041297	-2.664597	106	15	11	755.553
-1.570796	2.704512	1.488683	21	119	111	755.397
-0.523599	2.041297	-2.664597	104	12	12	755.290
2.617994	1.732874	-0.951685	124	112	110	755.258
0.523599	0.762244	-0.273349	126	16	123	755.137
0.523599	1.545873	-1.877082	105	6	122	755.078
-3.141593	1.606104	-0.451151	1	111	114	754.686
-0.261799	1.450119	-2.739050	123	113	115	754.443
-2.094395	1.301460	-0.509251	120	22	121	754.420
2.356194	0.929350	-2.910676	123	106	124	754.209
0.785398	0.866955	-0.931351	1	15	123	754.086
1.570796	2.356369	3.005869	16	118	17	754.030
-2.617994	1.812176	0.656819	6	108	3	753.972
-1.832596	1.488617	1.159546	2	104	6	753.906
-2.617994	2.180315	-1.357379	11	112	0	753.881
1.308997	1.195355	1.200319	109	16	9	753.845
1.047198	1.014500	0.906702	118	17	121	753.735
2.356194	0.370812	-2.547742	8	118	109	753.734
-2.094395	2.356369	3.005869	110	21	6	753.554
2.617994	0.899350	-2.069907	6	105	127	753.535
-2.879793	1.488617	1.159546	6	109	3	753.386
-2.879793	1.417623	-0.202254	122	117	106	753.369
2.617994	2.073035	2.027405	1	114	9	753.313
-2.094395	1.662363	0.915448	126	104	2	753.293
-2.356194	0.831641	0.616218	102	9	124	753.168
-1.570796	1.413430	2.550734	0	113	120	753.151
2.356194	1.506530	1.988858	121	17	20	753.062
0.261799	1.809167	1.213774	4	123	109	752.921
-1.308997	0.685216	-1.712745	100	13	2	752.906
-2.356194	2.456751	-1.503343	15	114	4	752.858
2.879793	1.335669	0.897240	0	112	0	752.710
-2.617994	1.195355	1.200319	121	108	123	752.689
-1.570796	0.700570	1.559208	6	105	10	752.586
-2.356194	1.846342	-1.796954	13	115	124	752.404
2.356194	0.674054	1.013609	110	16	18	752.380
1.308997	0.929350	-2.910676	114	123	114	752.079
0.000000	1.812176	0.656819	123	8	11	752.037
2.879793	0.866955	-0.931351	123	125	106	751.945
2.879793	0.906588	1.252948	123	106	3	751.938
1.832596	0.618092	2.539118	118	115	116	751.893
1.832596	1.045978	0.343692	114	16	114	751.878
0.785398	1.732874	-0.951685	117	17	126	751.836
-2.879793	0.297065	2.160177	125	109	117	751.761
2.879793	1.113094	-0.272241	95	14	3	751.631
-2.617994	0.619654	-2.216909	9	111	124	751.549
-1.832596	1.998705	2.370472	114	22	22	751.508
-2.879793	2.115563	0.685730	18	4	112	751.413
-1.308997	1.214854	-1.966664	110	22	0	751.373
-0.523599	1.433411	-1.035986	7	110	102	751.335
-3.141593	2.379497	0.561089	18	120	108	751.211
-1.570796	0.961715	0.014085	112	14	1	751.203
2.356194	1.433411	-1.035986	124	121	104	751.050
-0.261799	0.762244	-0.273349	6	105	114	750.893
1.047198	1.335669	0.897240	115	20	9	750.834
0.785398	0.906588	1.252948	117	17	123	750.828
0.000000	1.325504	-1.671296	109	7	111	750.705
1.047198	2.299159	2.264663	29	9	120	750.662
-2.617994	1.554776	0.100351	107	14	1	750.609
-2.356194	1.025536	1.576859	1	105	11	750.537
-1.308997	2.033014	2.977192	119	113	122	750.376
1.047198	2.579248	-2.364801	6	101	125	750.348
1.832596	1.128190	-2.288622	12	102	2	750.328
-3.141593	2.349581	-2.702517	115	15	127	750.309
0.785398	1.195355	1.200319	118	16	126	750.233
-1.570796	2.138223	1.678323	2	126	109	750.089
-1.047198	2.979456	-1.009304	116	16	114	750.012
0.000000	1.184361	0.625864	10	107	119	749.982
-1.047198	0.640596	-2.797608	13	119	14	749.948
-2.879793	1.662363	0.915448	4	110	4	749.908
-2.879793	2.356369	3.005869	3	121	16	749.580
-2.617994	2.724429	-0.348782	0	105	6	749.456
2.617994	1.836682	-0.676006	126	118	104	749.439
1.308997	2.073035	2.027405	19	5	113	749.383
-1.047198	0.418037	1.360082	12	106	9	749.373
-1.047198	2.299159	2.264663	120	104	125	749.181
1.570796	0.297065	2.160177	124	111	16	749.071
-0.523599	2.455966	-0.641220	0	117	107	749.028
-0.785398	1.135813	-2.658866	108	16	13	748.859
2.617994	1.134497	-1.109631	122	126	104	748.769
-1.308997	2.349581	-2.702517	110	19	12	748.727
1.832596	2.356369	3.005869	25	17	2	748.717
2.356194	0.419640	2.974122	3	112	112	748.717
-1.047198	2.247462	0.191623	8	98	124	748.701
-0.261799	1.335669	0.897240	120	9	7	748.694
1.832596	0.290380	-0.796960	20	114	9	748.511
-1.308997	0.458961	-0.107937	125	111	109	748.409
-0.785398	1.450119	-2.739050	112	16	18	748.282
-0.261799	1.256302	0.062705	127	108	112	748.251
-3.141593	2.455966	-0.641220	6	104	122	748.217
1.308997	2.164094	-2.991358	13	113	18	748.094
-0.523599	1.756530	-2.105156	126	114	10	748.048
-2.356194	1.214854	-1.966664	109	17	117	748.021
1.570796	0.709924	0.218797	114	20	117	748.001
-1.832596	0.992645	-1.723759	108	19	121	747.994
1.308997	2.247462	0.191623	110	18	1	747.845
-1.047198	1.766067	2.153843	127	107	123	747.830
-1.570796	1.732874	-0.951685	107	14	120	747.642
-1.308997	1.824694	1.850876	127	118	112	747.597
2.617994	1.135813	-2.658866	15	106	121	747.578
-2.094395	2.299159	2.264663	113	23	19	747.570
0.000000	0.379747	-1.713059	115	125	109	747.541
1.570796	0.700570	1.559208	110	19	126	747.515
0.261799	0.992645	-1.723759	110	3	111	747.472
2.879793	1.812176	0.656819	19	6	111	747.427
-1.570796	1.872854	1.543456	119	127	112	747.289
-1.308997	1.872854	1.543456	1	112	23	747.260
-1.308997	2.138223	1.678323	1	121	110	747.230
-1.832596	1.014500	0.906702	126	102	0	747.117
-1.047198	2.041297	-2.664597	103	12	12	747.094
0.785398	0.914445	2.687814	109	15	11	747.035
-2.094395	1.904882	-1.478089	12	114	125	747.012
2.356194	1.214854	-1.966664	123	15	123	746.949
-3.141593	1.045978	0.343692	102	113	124	746.943
-3.141593	0.850607	-1.335383	127	125	105	746.874
-2.617994	2.404280	-0.174044	30	0	112	746.855
-0.261799	0.685216	-1.712745	16	0	112	746.382
-1.308997	0.080730	-2.622036	121	1	111	746.230
2.879793	2.455966	-0.641220	116	106	118	746.197
0.000000	1.904882	-1.478089	103	11	0	746.195
-0.523599	1.555207	1.708892	126	112	116	746.085
2.617994	1.450119	-2.739050	20	106	126	746.064
-2.356194	1.488617	1.159546	125	106	6	745.945
1.308997	2.881233	-2.582574	7	101	1	745.809
-2.356194	0.080730	-2.622036	127	14	111	745.789
0.523599	1.809167	1.213774	123	14	17	745.770
-1.308997	1.135834	-1.431087	4	13	107	745.746
-2.094395	1.367556	0.358405	103	8	127	745.666
-2.356194	2.881233	-2.582574	111	18	120	745.604
-1.832596	1.374601	-2.456031	112	22	123	745.573
2.094395	0.370812	-2.547742	6	116	109	745.446
-3.141593	2.407836	1.410646	2	126	18	745.439
-1.047198	1.569311	-3.003978	4	111	7	745.405
-1.570796	2.063651	-2.044600	109	19	1	745.370
0.785398	1.310100	1.488307	115	15	0	745.275
-2.879793	1.014500	0.906702	118	104	4	745.262
-1.047198	0.370812	-2.547742	9	4	109	745.237
0.261799	2.984978	1.954446	25	6	114	745.224
-2.879793	1.506530	1.988858	24	115	16	745.200
-0.261799	0.866955	-0.931351	126	121	103	745.122
-2.617994	1.413430	2.550734	12	114	18	745.065
-0.785398	1.555207	1.708892	125	111	116	745.037
1.570796	2.760637	2.781135	29	11	119	745.031
-1.570796	2.295480	1.008277	4	101	3	744.711
0.785398	1.433411	-1.035986	119	104	126	744.693
2.356194	0.866955	-0.931351	122	1	105	744.686
-1.047198	2.164094	-2.991358	114	112	0	744.639
-2.879793	2.299159	2.264663	110	16	18	744.523
-0.785398	2.979456	-1.009304	115	16	113	744.324
-3.141593	0.379747	-1.713059	3	2	108	744.070
-0.523599	1.554776	0.100351	32	125	114	743.976
0.261799	0.709924	0.218797	120	107	1	743.958
-2.094395	2.407836	1.410646	2	112	109	743.892
-2.356194	2.407836	1.410646	122	118	110	743.806
2.879793	0.850607	-1.335383	126	2	103	743.737
0.000000	2.379497	0.561089	127	6	105	743.586
1.570796	1.440580	2.260026	115	3	25	743.571
1.570796	2.407836	1.410646	1	126	110	743.409
-0.785398	1.050534	3.042579	9	112	8	743.360
2.879793	1.504028	0.636812	107	15	21	743.275
-0.523599	0.929350	-2.910676	108	16	15	743.189
0.261799	1.417623	-0.202254	123	110	109	742.981
1.570796	0.419640	2.974122	12	95	2	742.972
-1.832596	1.135813	-2.658866	112	24	0	742.960
-2.094395	1.014500	0.906702	106	6	119	742.895
1.570796	1.335669	0.897240	110	17	0	742.593
-2.356194	2.379497	0.561089	11	103	118	742.212
-0.523599	1.948085	-2.363031	127	112	10	742.116
2.879793	2.187132	-0.479875	113	111	115	742.053
0.785398	0.866395	-2.492918	9	98	115	742.020
2.356194	1.836682	-0.676006	125	116	104	741.980
0.785398	1.168678	2.108595	117	19	8	741.902
-2.094395	1.658653	-2.409879	118	18	107	741.838
-1.047198	0.458961	-0.107937	14	97	127	741.799
0.000000	1.824694	1.850876	8	123	112	741.653
-2.094395	1.413430	2.550734	108	14	10	741.624
0.000000	0.571433	-1.188419	123	117	106	741.569
2.356194	0.831641	0.616218	98	10	20	741.455
0.785398	2.863997	0.549740	118	14	110	741.312
-2.094395	2.592629	0.909713	8	2	108	741.302
0.261799	1.948085	-2.363031	126	106	7	741.199
2.879793	0.370812	-2.547742	8	124	109	741.174
-1.832596	0.906588	1.252948	107	3	124	740.755
-2.617994	1.809167	1.213774	127	112	16	740.713
-2.617994	1.870545	-2.976234	111	13	17	740.351
2.879793	0.496451	0.593859	109	21	2	740.125
-0.261799	2.251330	-2.330739	121	109	2	740.108
0.000000	1.025536	1.576859	17	110	126	740.050
-3.141593	1.812176	0.656819	101	13	15	740.045
2.617994	0.615174	-0.666022	122	1	107	739.962
2.617994	0.674054	1.013609	103	14	10	739.882
-3.141593	2.881233	-2.582574	118	12	116	739.869
1.570796	2.455966	-0.641220	7	20	107	739.817
0.523599	0.080730	-2.622036	0	109	14	739.662
-0.261799	1.045978	0.343692	4	105	117	739.538
-2.879793	2.984978	1.954446	117	119	113	739.445
-0.261799	0.864993	2.278281	14	111	6	739.216
-0.523599	2.588535	-2.976617	116	106	126	739.170
-2.879793	1.574060	2.783565	112	14	1	739.085
2.356194	1.194549	-0.801900	125	127	103	739.018
-1.308997	1.195355	1.200319	19	8	0	739.005
2.617994	0.831641	0.616218	109	19	13	739.000
-2.356194	1.504028	0.636812	111	106	125	738.836
1.832596	2.041297	-2.664597	13	104	6	738.625
-0.261799	1.128190	-2.288622	103	12	124	738.614
-0.785398	2.001437	0.381215	6	104	120	738.580
0.000000	1.417623	-0.202254	0	111	108	738.422
1.047198	1.367556	0.358405	120	25	5	738.373
-0.523599	2.704512	1.488683	4	99	0	738.332
0.000000	0.496451	0.593859	122	107	3	738.174
-2.617994	2.104282	-0.813972	109	9	116	738.050
2.879793	2.588535	-2.976617	24	110	7	738.050
1.832596	1.824694	1.850876	15	5	112	738.024
-0.261799	1.433411	-1.035986	5	115	100	737.845
1.570796	1.504028	0.636812	114	20	122	737.774
0.785398	1.846342	-1.796954	106	10	114	737.653
0.523599	1.554776	0.100351	123	112	114	737.645
0.261799	0.419640	2.974122	110	20	10	737.633
2.617994	0.914445	2.687814	115	108	5	737.538
0.523599	1.872854	1.543456	4	127	110	737.495
-1.570796	1.998705	2.370472	123	116	116	737.462
-0.785398	1.741644	-2.695914	110	14	18	737.436
2.617994	1.247695	1.809890	123	112	127	737.397
-2.879793	0.960688	-0.577532	95	9	124	737.375
1.047198	1.325504	-1.671296	15	107	7	737.260
2.617994	0.700570	1.559208	107	12	16	737.213
-0.523599	1.335669	0.897240	3	105	119	737.046
0.523599	2.979456	-1.009304	110	117	115	736.975
0.785398	1.374601	-2.456031	111	11	11	736.840
2.094395	2.719179	-1.780644	2	101	125	736.742
2.617994	0.370812	-2.547742	8	121	110	736.422
-1.570796	0.619654	-2.216909	16	119	11	736.395
-2.617994	2.295480	1.008277	5	1	108	736.363
-0.785398	2.247462	0.191623	8	106	115	736.271
-3.141593	0.929350	-2.910676	10	118	113	736.218
1.832596	0.297065	2.160177	1	110	17	736.156
-2.879793	1.195355	1.200319	1	105	7	735.971
2.094395	2.407836	1.410646	125	7	108	735.954
1.308997	1.194549	-0.801900	126	126	103	735.760
-2.094395	2.251330	-2.330739	111	19	6	735.742
2.617994	1.948085	-2.363031	23	14	7	735.680
1.570796	2.396274	-1.959260	6	101	125	735.674
-3.141593	1.977582	0.969896	103	15	6	735.615
-2.094395	1.374601	-2.456031	111	19	123	735.443
-0.785398	0.418037	1.360082	15	106	8	735.433
-0.523599	0.418037	1.360082	18	108	8	735.265
1.308997	2.478122	2.609777	15	121	19	735.203
-0.785398	1.554776	0.100351	22	100	0	735.049
-2.356194	1.606104	-0.451151	1	21	113	734.813
1.308997	2.407836	1.410646	127	0	110	734.776
1.047198	1.574060	2.783565	123	98	7	734.752
-1.308997	0.700570	1.559208	9	105	10	734.741
2.094395	2.704512	1.488683	126	127	109	734.638
2.356194	0.418037	1.360082	111	17	14	734.559
-0.523599	1.875281	0.107086	11	104	119	734.514
2.094395	1.488617	1.159546	2	117	3	734.434
2.617994	1.045978	0.343692	97	14	11	734.353
-1.570796	0.733948	3.021411	123	4	116	734.319
0.523599	1.050534	3.042579	112	15	15	734.298
-0.523599	1.506530	1.988858	127	113	117	733.902
-2.617994	1.909857	-0.381669	8	105	121	733.760
1.047198	2.041297	-2.664597	11	103	6	733.739
-3.141593	1.168678	2.108595	14	107	8	733.615
-0.523599	1.824694	1.850876	127	113	115	733.483
1.047198	2.033014	2.977192	12	117	20	733.477
0.785398	0.419640	2.974122	123	109	13	733.359
1.832596	1.413347	-1.339188	26	12	104	733.325
2.356194	1.184361	0.625864	113	118	6	733.314
2.617994	1.014500	0.906702	126	114	124	733.261
-3.141593	2.984978	1.954446	117	120	114	733.243
2.094395	0.831641	0.616218	99	15	19	733.202
2.617994	1.662363	0.915448	15	7	109	733.129
-3.141593	0.906588	1.252948	127	109	123	733.079
0.261799	2.033014	2.977192	117	109	116	733.071
-3.141593	1.050534	3.042579	17	108	4	732.992
0.523599	1.440580	2.260026	111	12	15	732.758
0.785398	2.979456	-1.009304	121	116	111	732.741
2.879793	1.869911	2.701025	124	23	15	732.701
2.879793	1.256302	0.062705	95	12	4	732.653
-0.523599	1.256302	0.062705	35	125	116	732.366
0.261799	0.571433	-1.188419	114	103	127	732.354
-2.617994	0.640596	-2.797608	11	126	112	732.332
0.000000	2.407836	1.410646	2	1	109	732.229
2.356194	1.045978	0.343692	100	17	16	732.184
-1.570796	1.367556	0.358405	116	15	117	732.154
-1.570796	0.080730	-2.622036	101	20	10	732.107
1.832596	0.960688	-0.577532	10	116	7	732.003
-1.047198	2.407836	1.410646	5	125	108	731.985
-1.047198	1.721184	-0.153948	117	117	105	731.924
1.570796	0.929350	-2.910676	117	121	114	731.847
1.047198	0.961715	0.014085	19	109	121	731.754
-1.832596	0.379747	-1.713059	1	8	106	731.633
-3.141593	1.699788	2.452890	18	112	4	731.517
-2.617994	1.658653	-2.409879	124	16	17	731.437
-1.308997	1.510910	-0.740472	99	5	121	731.421
2.356194	0.992645	-1.723759	6	105	125	731.348
1.570796	1.247695	1.809890	118	22	14	731.333
0.785398	1.134796	2.434290	119	19	14	731.188
1.832596	0.831641	0.616218	103	20	19	731.111
1.047198	0.762244	-0.273349	10	108	3	730.991
2.879793	1.554776	0.100351	93	12	7	730.912
-0.523599	1.721184	-0.153948	10	104	118	730.617
-0.785398	1.510910	-0.740472	9	107	105	730.536
-3.141593	2.404280	-0.174044	28	122	111	730.481
-1.832596	1.367556	0.358405	104	5	1	730.404
2.356194	2.251330	-2.330739	19	106	2	730.387
-0.785398	0.496451	0.593859	7	102	3	730.377
2.617994	0.960688	-0.577532	2	127	103	730.247
-2.617994	0.850607	-1.335383	125	117	113	730.147
-1.832596	2.001437	0.381215	108	5	116	730.082
-2.879793	2.407836	1.410646	113	122	110	730.054
-2.617994	1.025536	1.576859	119	108	122	729.986
-2.879793	0.203748	0.590255	115	123	111	729.923
0.000000	2.115563	0.685730	125	127	106	729.823
1.832596	1.448123	-2.163292	14	102	2	729.787
0.785398	1.413430	2.550734	106	8	10	729.784
1.308997	1.448123	-2.163292	5	101	2	729.783
2.879793	1.545873	-1.877082	13	110	113	729.547
-2.617994	1.617114	-1.572037	10	114	122	729.345
-1.047198	1.599406	1.426070	18	8	2	729.229
-3.141593	0.700570	1.559208	124	112	118	729.199
-2.094395	0.619654	-2.216909	104	22	126	729.071
2.094395	0.700570	1.559208	114	119	119	729.068
-0.261799	2.164094	-2.991358	125	106	8	729.043
-1.308997	1.374601	-2.456031	106	16	13	729.035
2.094395	0.674054	1.013609	117	117	124	729.002
-3.141593	1.869911	2.701025	15	117	15	728.988
-2.617994	1.555207	1.708892	4	111	16	728.986
2.879793	0.571433	-1.188419	119	9	105	728.986
-1.832596	2.295480	1.008277	0	105	9	728.768
0.523599	2.704512	1.488683	17	12	112	728.612
-2.094395	1.242974	-2.977882	115	24	122	728.602
-1.047198	2.295480	1.008277	9	123	106	728.563
-1.308997	2.881233	-2.582574	111	24	1	728.492
1.832596	1.599406	1.426070	109	19	6	728.474
1.832596	1.335669	0.897240	110	20	0	728.432
-0.523599	0.685216	-1.712745	15	2	111	728.374
-1.570796	1.658653	-2.409879	109	19	119	728.359
2.356194	2.396274	-1.959260	9	103	125	728.264
0.785398	1.440580	2.260026	115	15	9	728.086
0.261799	2.404280	-0.174044	5	117	108	728.033
-3.141593	0.961715	0.014085	116	117	113	728.019
-2.094395	1.504028	0.636812	115	103	125	727.904
-1.047198	0.419640	2.974122	24	119	12	727.895
2.356194	2.104282	-0.813972	124	112	106	727.774
-2.094395	1.948085	-2.363031	117	22	9	727.666
0.261799	0.929350	-2.910676	106	13	11	727.654
-3.141593	0.866955	-0.931351	122	125	105	727.601
1.570796	2.073035	2.027405	17	6	112	727.584
-3.141593	1.134796	2.434290	7	107	8	727.453
1.570796	0.458961	-0.107937	33	9	115	727.389
-3.141593	2.153910	-1.714959	13	104	118	727.367
-0.523599	1.732874	-0.951685	120	109	116	727.302
2.879793	1.448123	-2.163292	16	110	112	727.250
1.047198	2.979456	-1.009304	121	113	113	727.221
-3.141593	0.992645	-1.723759	3	122	106	727.207
2.356194	2.393226	1.857173	124	10	110	727.005
-2.617994	1.506530	1.988858	3	111	15	726.965
0.261799	1.218453	2.777284	116	13	22	726.903
2.094395	0.906588	1.252948	119	116	127	726.831
-3.141593	0.290380	-0.796960	98	20	2	726.711
-1.832596	0.929350	-2.910676	112	26	126	726.700
0.000000	1.617114	-1.572037	108	8	109	726.689
-2.356194	2.138223	1.678323	112	120	112	726.655
-1.832596	2.108018	1.311430	127	106	9	726.488
-0.785398	1.413347	-1.339188	7	13	107	726.387
1.832596	1.310100	1.488307	114	19	15	726.277
-1.570796	1.113094	-0.272241	107	14	121	726.237
-1.047198	2.073035	2.027405	122	105	122	726.191
0.523599	2.138223	1.678323	122	7	20	725.964
-2.617994	2.637879	2.121598	119	120	114	725.931
1.570796	2.478122	2.609777	28	13	122	725.894
-0.261799	1.977582	0.969896	2	122	107	725.889
0.785398	0.762244	-0.273349	123	123	106	725.796
-1.570796	1.662363	0.915448	10	103	116	725.598
1.570796	1.870545	-2.976234	11	116	20	725.492
2.356194	1.242974	-2.977882	14	107	12	725.365
0.785398	2.138223	1.678323	125	126	112	725.302
2.094395	1.504028	0.636812	108	18	123	725.296
-0.261799	1.214854	-1.966664	3	120	14	725.269
1.570796	2.379497	0.561089	105	16	118	725.114
0.523599	1.242974	-2.977882	107	11	4	725.057
2.879793	1.658653	-2.409879	120	11	14	725.029
0.261799	1.699788	2.452890	3	105	4	725.006
2.617994	0.850607	-1.335383	127	1	103	724.993
1.308997	2.393226	1.857173	14	12	112	724.946
2.356194	1.301460	-0.509251	10	112	108	724.767
-1.570796	0.914445	2.687814	2	113	120	724.667
-1.832596	1.599406	1.426070	115	127	113	724.499
-3.141593	2.247462	0.191623	22	122	107	724.481
-2.094395	1.506530	1.988858	123	17	26	724.355
-3.141593	1.574060	2.783565	105	7	11	724.263
1.047198	1.256302	0.062705	12	110	125	724.176
-0.523599	1.134796	2.434290	10	110	4	724.018
0.523599	2.164094	-2.991358	120	107	115	723.967
-1.570796	1.599406	1.426070	118	0	112	723.838
1.570796	2.041297	-2.664597	9	103	6	723.709
-1.047198	1.135813	-2.658866	111	18	15	723.652
1.832596	2.115563	0.685730	113	23	0	723.366
2.879793	0.831641	0.616218	116	117	117	723.310
0.261799	1.545873	-1.877082	105	9	4	723.238
0.261799	2.455966	-0.641220	110	18	127	723.176
-0.261799	2.180315	-1.357379	98	9	10	723.154
-2.879793	1.256302	0.062705	108	114	115	723.077
0.785398	2.033014	2.977192	127	100	122	723.046
1.570796	2.295480	1.008277	119	20	11	722.861
-1.047198	2.153910	-1.714959	3	25	117	722.837
-2.356194	0.370812	-2.547742	9	112	119	722.733
-2.094395	1.113094	-0.272241	117	21	121	722.589
1.047198	1.554776	0.100351	9	111	125	722.549
2.094395	1.555207	1.708892	15	5	112	722.529
1.570796	2.592629	0.909713	119	126	109	722.418
0.523599	1.699788	2.452890	110	10	14	722.297
1.832596	2.404280	-0.174044	5	4	10	722.163
-3.141593	1.214854	-1.966664	115	15	121	722.162
-2.356194	0.733948	3.021411	8	127	113	722.032
-0.785398	1.998705	2.370472	125	111	118	722.012
0.523599	2.356369	3.005869	114	102	5	721.726
0.000000	2.393226	1.857173	2	101	16	721.718
0.785398	1.904882	-1.478089	111	16	116	721.718
-2.356194	1.545873	-1.877082	14	115	116	721.677
1.308997	1.440580	2.260026	29	9	126	721.596
-0.261799	0.458961	-0.107937	110	106	5	721.542
2.094395	2.343981	-1.040456	126	114	105	721.459
-0.785398	2.104282	-0.813972	25	12	112	721.344
-0.785398	2.407836	1.410646	4	127	109	721.324
-1.308997	1.014500	0.906702	18	109	20	721.309
0.000000	2.760637	2.781135	11	102	123	721.096
-2.356194	2.588535	-2.976617	107	18	0	721.085
2.879793	1.506530	1.988858	5	110	4	721.011
0.785398	0.080730	-2.622036	118	123	110	720.885
2.879793	1.128190	-2.288622	123	16	119	720.790
2.356194	0.618092	2.539118	121	117	116	720.694
-2.356194	0.961715	0.014085	122	22	122	720.646
-2.094395	0.762244	-0.273349	114	3	105	720.625
-0.261799	0.619654	-2.216909	105	15	123	720.621
-0.261799	0.571433	-1.188419	14	98	117	720.562
-2.356194	1.413347	-1.339188	7	114	123	720.543
-2.356194	1.812176	0.656819	5	105	119	720.096
1.047198	1.440580	2.260026	0	107	20	720.089
-2.094395	0.297065	2.160177	9	3	114	720.084
-0.523599	2.637879	2.121598	0	101	125	720.070
-2.094395	1.310100	1.488307	12	107	10	720.019
0.785398	0.899350	-2.069907	104	8	2	719.917
-2.879793	1.599406	1.426070	2	113	18	719.860
2.879793	1.488617	1.159546	5	11	110	719.753
-1.047198	2.001437	0.381215	7	101	121	719.725
2.356194	1.683268	0.374177	102	22	12	719.612
-2.879793	2.455966	-0.641220	5	105	1	719.598
1.308997	1.168678	2.108595	112	18	9	719.525
-3.141593	1.194549	-0.801900	121	117	109	719.458
0.785398	0.674054	1.013609	18	22	124	719.375
2.879793	2.724429	-0.348782	101	111	124	719.321
-0.261799	1.809167	1.213774	125	117	111	719.287
1.570796	1.242974	-2.977882	115	122	116	719.261
-1.832596	1.869911	2.701025	118	25	16	719.192
-2.356194	2.299159	2.264663	118	24	20	719.133
0.523599	1.869911	2.701025	110	8	15	719.089
-2.094395	1.977582	0.969896	2	105	4	719.021
-0.523599	1.606104	-0.451151	5	104	117	718.926
0.785398	1.510910	-0.740472	7	109	2	718.871
1.570796	1.998705	2.370472	20	16	122	718.853
-1.832596	0.297065	2.160177	13	109	13	718.702
-1.308997	0.674054	1.013609	4	102	4	718.658
0.523599	2.180315	-1.357379	0	107	1	718.538
-2.094395	2.719179	-1.780644	117	17	117	718.498
-0.785398	2.115563	0.685730	4	5	103	718.485
-1.047198	1.134796	2.434290	21	11	123	718.303
2.617994	1.433411	-1.035986	1	117	105	718.258
1.047198	1.569311	-3.003978	5	98	117	717.770
1.832596	2.881233	-2.582574	6	105	9	717.519
-0.523599	1.194549	-0.801900	9	106	106	717.482
0.261799	1.506530	1.988858	8	107	4	717.400
-2.094395	0.640596	-2.797608	116	28	1	717.338
2.094395	2.174483	2.653697	11	23	2	717.322
0.261799	2.356369	3.005869	7	103	4	717.252
1.047198	0.370812	-2.547742	17	96	124	717.244
-2.356194	2.115563	0.685730	10	104	118	716.927
1.832596	0.850607	-1.335383	5	120	106	716.889
1.570796	2.174483	2.653697	27	12	125	716.845
-1.308997	2.073035	2.027405	123	112	115	716.725
0.000000	1.218453	2.777284	116	111	0	716.663
-1.832596	1.440580	2.260026	5	114	20	716.574
1.308997	0.640596	-2.797608	5	95	126	716.568
1.832596	2.349581	-2.702517	27	9	0	716.540
0.261799	1.488617	1.159546	8	117	112	716.408
-2.879793	1.450119	-2.739050	1	119	116	716.233
0.523599	2.089241	-0.114193	112	114	123	716.224
1.832596	2.984978	1.954446	117	14	114	716.178
-3.141593	1.310100	1.488307	2	109	2	716.107
-2.356194	0.419640	2.974122	9	1	112	716.092
-3.141593	0.733948	3.021411	4	104	3	715.988
1.047198	2.478122	2.609777	30	9	123	715.806
0.523599	2.404280	-0.174044	111	19	123	715.689
-2.094395	1.809167	1.213774	8	103	124	715.684
-1.308997	2.393226	1.857173	6	114	16	715.577
-1.308997	1.741644	-2.695914	114	21	13	715.489
0.785398	1.325504	-1.671296	12	112	10	715.246
-0.785398	1.869911	2.701025	14	106	3	715.174
1.308997	1.696674	-1.253233	122	111	108	715.066
-0.785398	1.218453	2.777284	126	111	13	715.055
-1.308997	1.450119	-2.739050	2	113	8	715.038
-1.570796	1.554776	0.100351	108	8	117	714.776
-1.570796	2.001437	0.381215	126	107	112	714.627
1.570796	1.184361	0.625864	114	18	118	714.600
-1.570796	2.174483	2.653697	121	116	117	714.468
-2.879793	1.836682	-0.676006	0	110	127	714.397
-2.094395	1.617114	-1.572037	10	115	122	714.388
-2.617994	1.433411	-1.035986	17	114	120	714.351
0.261799	2.164094	-2.991358	3	104	6	714.225
-2.879793	2.153910	-1.714959	11	111	0	714.120
1.047198	0.914445	2.687814	5	112	18	714.099
-0.523599	0.866955	-0.931351	16	99	114	714.095
1.832596	2.164094	-2.991358	16	120	20	714.027
-2.356194	1.741644	-2.695914	23	120	115	713.941
1.047198	0.080730	-2.622036	108	10	13	713.905
0.523599	1.218453	2.777284	112	13	15	713.888
2.879793	0.290380	-0.796960	0	1	109	713.845
-2.094395	1.766067	2.153843	3	118	20	713.818
-3.141593	2.704512	1.488683	108	23	9	713.701
-2.879793	1.869911	2.701025	20	117	13	713.610
-3.141593	1.413347	-1.339188	127	115	108	713.578
0.261799	1.391910	3.030322	6	120	21	713.484
-1.047198	0.290380	-0.796960	109	12	11	713.475
2.879793	2.164094	-2.991358	14	123	18	713.460
1.047198	1.195355	1.200319	111	19	14	713.424
-1.570796	1.450119	-2.739050	119	122	118	713.400
2.094395	0.418037	1.360082	106	14	14	713.314
2.879793	1.617114	-1.572037	9	110	113	713.160
-0.785398	0.733948	3.021411	10	113	8	713.123
2.356194	1.812176	0.656819	107	124	15	712.931
2.356194	0.709924	0.218797	102	123	125	712.877
0.785398	2.356369	3.005869	30	4	124	712.847
0.785398	2.396274	-1.959260	108	17	126	712.822
-1.308997	1.413430	2.550734	106	115	5	712.747
0.261799	2.881233	-2.582574	124	104	120	712.712
1.570796	2.164094	-2.991358	16	117	19	712.564
1.308997	0.591903	2.010408	111	14	20	712.324
-2.879793	1.128190	-2.288622	9	121	109	712.252
-3.141593	1.374601	-2.456031	20	112	115	711.938
-1.308997	2.299159	2.264663	116	106	124	711.810
0.000000	2.180315	-1.357379	107	114	125	711.785
-2.356194	2.760637	2.781135	109	20	10	711.783
2.356194	2.063651	-2.044600	22	106	122	711.780
-1.570796	2.356369	3.005869	126	114	121	711.723
0.785398	0.850607	-1.335383	8	102	121	711.691
0.785398	2.760637	2.781135	31	5	121	711.634
-1.047198	0.615174	-0.666022	114	121	107	711.630
-0.785398	2.343981	-1.040456	9	118	103	711.576
2.094395	1.335669	0.897240	105	18	8	711.463
2.879793	2.456751	-1.503343	120	105	105	711.357
-1.832596	0.960688	-0.577532	120	0	104	711.353
0.000000	0.591903	2.010408	12	112	3	711.330
2.094395	1.134497	-1.109631	3	122	104	711.281
2.879793	2.153910	-1.714959	15	105	121	711.121
-0.785398	0.929350	-2.910676	12	9	112	711.016
-0.523599	0.674054	1.013609	36	8	125	711.012
-2.879793	0.379747	-1.713059	115	26	7	710.988
0.523599	1.194549	-0.801900	1	16	125	710.797
-2.094395	0.733948	3.021411	2	4	113	710.726
1.570796	1.450119	-2.739050	114	125	115	710.678
-1.832596	2.579248	-2.364801	110	20	124	710.443
1.570796	1.812176	0.656819	114	22	4	710.298
1.047198	2.356369	3.005869	14	113	17	710.150
-1.047198	2.456751	-1.503343	7	124	102	710.010
0.261799	0.762244	-0.273349	4	103	121	709.973
-2.094395	1.870545	-2.976234	118	20	16	709.969
0.261799	2.760637	2.781135	5	102	6	709.631
1.832596	2.033014	2.977192	26	12	0	709.553
-3.141593	1.998705	2.370472	20	21	126	709.515
2.879793	1.574060	2.783565	119	19	12	709.445
1.308997	1.050534	3.042579	6	95	125	709.377
1.308997	1.335669	0.897240	115	18	120	709.300
-1.308997	1.574060	2.783565	8	109	125	709.249
-2.879793	2.295480	1.008277	102	18	13	709.202
2.094395	1.448123	-2.163292	119	107	125	709.143
1.308997	1.128190	-2.288622	4	102	3	709.141
0.261799	0.910508	1.903534	16	21	4	709.100
-3.141593	1.325504	-1.671296	7	115	108	709.084
-1.570796	2.164094	-2.991358	110	23	1	709.062
-1.832596	1.741644	-2.695914	113	19	14	708.938
-2.879793	2.104282	-0.813972	16	15	119	708.875
1.570796	1.824694	1.850876	22	8	116	708.846
0.523599	0.418037	1.360082	14	113	4	708.736
-2.094395	0.929350	-2.910676	5	110	1	708.674
1.832596	1.135834	-1.431087	3	114	108	708.642
0.261799	2.863997	0.549740	119	14	112	708.605
-0.523599	1.766067	2.153843	127	113	116	708.577
1.832596	0.370812	-2.547742	0	101	1	708.438
-0.261799	0.640596	-2.797608	110	20	12	708.412
-0.523599	1.391910	3.030322	117	12	23	708.379
2.879793	2.407836	1.410646	119	5	108	708.308
0.523599	1.391910	3.030322	106	10	5	708.300
1.308997	0.297065	2.160177	1	123	113	708.252
-1.047198	2.719179	-1.780644	4	116	124	708.118
0.000000	1.413430	2.550734	112	111	2	708.111
-2.094395	1.335669	0.897240	116	103	2	708.037
-1.047198	0.709924	0.218797	3	104	117	708.022
2.617994	1.050534	3.042579	8	104	125	708.006
2.094395	1.809167	1.213774	113	20	10	707.920
0.000000	2.174483	2.653697	8	104	8	707.910
-0.523599	2.108018	1.311430	10	0	106	707.843
0.785398	0.700570	1.559208	106	15	127	707.689
-1.570796	0.850607	-1.335383	11	7	106	707.685
0.785398	1.741644	-2.695914	126	102	116	707.685
0.785398	1.194549	-0.801900	0	18	126	707.645
-1.570796	2.180315	-1.357379	111	18	124	707.574
-1.832596	2.455966	-0.641220	5	102	108	707.364
1.047198	1.870545	-2.976234	8	113	20	707.361
0.261799	1.869911	2.701025	119	107	122	706.944
-2.617994	1.599406	1.426070	10	111	15	706.901
2.617994	1.506530	1.988858	10	113	125	706.793
1.308997	1.736875	3.023612	10	119	22	706.762
-2.356194	2.187132	-0.479875	111	8	112	706.755
0.000000	2.664082	-1.071402	1	113	126	706.726
-2.356194	1.440580	2.260026	16	123	24	706.695
-1.047198	1.824694	1.850876	125	109	118	706.640
2.879793	2.115563	0.685730	108	23	15	706.597
-1.308997	1.488617	1.159546	19	7	3	706.557
1.047198	0.618092	2.539118	122	107	15	706.482
2.617994	1.741644	-2.695914	19	104	126	706.402
-0.785398	2.180315	-1.357379	122	117	108	706.391
0.785398	1.872854	1.543456	118	11	18	706.012
-0.785398	2.664082	-1.071402	0	122	105	705.974
-2.094395	0.709924	0.218797	111	17	0	705.859
0.785398	1.982574	-1.115518	12	107	119	705.770
-0.785398	0.203748	0.590255	14	103	4	705.732
0.523599	1.413430	2.550734	108	11	11	705.666
2.356194	0.906588	1.252948	111	16	19	705.604
0.261799	1.696674	-1.253233	102	7	125	705.566
2.094395	0.709924	0.218797	117	13	110	705.546
2.356194	0.290380	-0.796960	34	10	118	705.482
-1.570796	2.393226	1.857173	123	109	116	705.387
1.047198	1.836682	-0.676006	17	108	114	705.387
2.879793	0.700570	1.559208	127	105	126	705.327
-2.617994	0.618092	2.539118	13	3	115	705.307
0.261799	2.588535	-2.976617	2	102	0	705.268
-2.879793	0.762244	-0.273349	108	121	109	705.201
2.879793	0.910508	1.903534	125	111	122	705.188
0.785398	2.349581	-2.702517	14	103	1	705.146
1.570796	2.579248	-2.364801	7	102	1	705.107
-2.094395	2.379497	0.561089	8	102	118	705.020
-0.785398	1.662363	0.915448	17	103	7	704.974
1.047198	0.709924	0.218797	21	112	1	704.949
-2.879793	2.704512	1.488683	0	1	15	704.779
-1.570796	1.135834	-1.431087	19	127	105	704.773
1.832596	2.063651	-2.044600	116	111	100	704.715
-0.785398	1.194549	-0.801900	21	0	107	704.651
-2.356194	1.732874	-0.951685	5	24	117	704.618
1.832596	2.456751	-1.503343	127	109	108	704.576
-2.617994	2.579248	-2.364801	116	20	126	704.342
0.523599	2.760637	2.781135	30	126	118	704.111
-0.523599	2.407836	1.410646	114	104	0	704.079
0.785398	0.864993	2.278281	110	16	10	704.078
2.094395	1.545873	-1.877082	8	106	114	704.047
-1.832596	2.299159	2.264663	111	26	13	704.030
-3.141593	2.299159	2.264663	16	118	14	703.706
-2.617994	2.704512	1.488683	127	0	16	703.651
-0.523599	1.846342	-1.796954	2	115	5	703.572
-0.785398	1.391910	3.030322	15	10	118	703.419
-1.832596	1.696674	-1.253233	20	9	106	703.378
2.879793	1.766067	2.153843	8	112	5	703.339
-2.356194	1.168678	2.108595	4	112	18	703.145
-1.047198	1.846342	-1.796954	107	18	121	703.101
1.047198	1.699788	2.452890	2	102	16	703.076
-2.094395	1.448123	-2.163292	114	18	109	703.046
1.570796	0.379747	-1.713059	6	121	106	703.022
2.356194	2.379497	0.561089	6	1	14	702.917
-1.047198	2.138223	1.678323	2	123	109	702.871
2.094395	1.732874	-0.951685	127	115	105	702.776
-3.141593	2.760637	2.781135	110	17	120	702.750
-2.617994	1.045978	0.343692	123	118	107	702.746
-1.832596	2.984978	1.954446	121	111	113	702.645
-0.785398	2.637879	2.121598	104	1	117	702.632
-1.047198	0.961715	0.014085	19	101	10	702.475
0.000000	0.762244	-0.273349	126	103	119	702.465
1.570796	1.448123	-2.163292	9	101	1	702.393
1.832596	1.134497	-1.109631	4	119	105	702.284
-3.141593	1.301460	-0.509251	117	117	109	702.277
2.879793	0.203748	0.590255	106	16	11	702.174
-0.261799	2.001437	0.381215	21	104	1	702.112
-3.141593	1.904882	-1.478089	6	110	125	702.100
0.261799	2.592629	0.909713	123	4	109	701.822
-2.094395	2.033014	2.977192	114	13	22	701.813
-3.141593	1.135813	-2.658866	120	13	119	701.787
2.617994	0.203748	0.590255	109	19	11	701.775
-2.879793	1.184361	0.625864	121	117	109	701.753
1.047198	2.138223	1.678323	118	9	19	701.716
1.047198	0.929350	-2.910676	6	96	123	701.710
-3.141593	0.640596	-2.797608	9	121	111	701.669
2.094395	1.218453	2.777284	10	100	14	701.643
-3.141593	1.875281	0.107086	111	111	121	701.561
-2.094395	0.290380	-0.796960	107	20	127	701.486
-0.261799	2.456751	-1.503343	2	113	2	701.372
-0.523599	0.080730	-2.622036	108	18	11	701.359
2.356194	0.297065	2.160177	118	120	113	701.203
2.879793	0.674054	1.013609	106	109	126	701.131
-1.047198	1.391910	3.030322	11	111	127	701.006
-1.570796	2.349581	-2.702517	109	21	8	700.963
2.879793	2.579248	-2.364801	18	103	1	700.751
2.879793	2.396274	-1.959260	10	19	125	700.652
-1.047198	1.836682	-0.676006	12	104	108	700.650
-1.832596	1.658653	-2.409879	118	20	16	700.456
-0.261799	0.866395	-2.492918	106	17	10	700.295
-0.261799	2.174483	2.653697	4	104	8	700.189
-2.617994	2.299159	2.264663	121	26	15	700.149
-3.141593	0.960688	-0.577532	123	115	119	700.108
1.308997	2.251330	-2.330739	12	102	0	700.066
-1.570796	2.407836	1.410646	8	109	11	700.017
1.570796	0.615174	-0.666022	12	110	6	699.992
2.094395	2.863997	0.549740	117	113	114	699.945
-2.356194	1.450119	-2.739050	120	21	112	699.666
-1.832596	2.073035	2.027405	4	123	22	699.615
1.308997	0.866955	-0.931351	11	126	102	699.553
1.047198	1.506530	1.988858	118	18	10	699.490
-1.570796	1.809167	1.213774	120	1	110	699.488
-2.879793	2.881233	-2.582574	115	17	121	699.420
-2.879793	0.709924	0.218797	119	115	113	699.368
-2.879793	2.724429	-0.348782	6	102	120	699.131
0.261799	2.724429	-0.348782	6	115	125	699.060
-1.832596	0.370812	-2.547742	24	120	12	699.049
-3.141593	0.615174	-0.666022	98	18	127	698.938
-0.261799	1.488617	1.159546	127	112	114	698.827
-1.570796	1.504028	0.636812	118	105	117	698.751
1.570796	1.574060	2.783565	24	11	127	698.660
-0.261799	2.356369	3.005869	125	104	3	698.535
1.047198	0.831641	0.616218	17	112	125	698.512
-2.094395	0.458961	-0.107937	112	2	108	698.442
-2.356194	2.592629	0.909713	8	3	108	698.261
-3.141593	2.174483	2.653697	30	116	2	698.162
1.570796	0.831641	0.616218	118	17	115	698.122
2.356194	2.180315	-1.357379	12	105	116	698.115
0.000000	0.899350	-2.069907	15	3	112	698.051
-2.879793	2.587733	0.232235	22	1	112	698.001
2.356194	2.664082	-1.071402	2	106	112	697.993
1.308997	1.555207	1.708892	113	18	3	697.981
1.832596	1.195355	1.200319	110	19	4	697.912
1.570796	1.756530	-2.105156	112	4	124	697.852
-0.523599	1.836682	-0.676006	127	107	119	697.682
2.094395	0.864993	2.278281	119	114	120	697.660
2.094395	1.247695	1.809890	122	115	126	697.645
0.785398	0.370812	-2.547742	7	107	11	697.559
-0.261799	0.203748	0.590255	17	106	8	697.536
-0.523599	1.809167	1.213774	123	116	111	697.518
-1.570796	1.050534	3.042579	116	28	8	697.492
-0.785398	1.721184	-0.153948	16	100	122	697.475
-1.570796	1.977582	0.969896	122	0	107	697.453
2.879793	1.168678	2.108595	2	105	9	697.416
-0.785398	1.128190	-2.288622	105	16	8	697.267
-2.094395	0.850607	-1.335383	105	16	120	697.139
-2.356194	1.756530	-2.105156	123	20	13	697.111
0.000000	1.113094	-0.272241	6	1	103	697.029
2.879793	1.699788	2.452890	5	112	127	696.810
0.785398	2.164094	-2.991358	108	106	113	696.789
0.523599	2.587733	0.232235	118	7	106	696.783
-0.261799	2.349581	-2.702517	4	106	127	696.759
-1.308997	0.591903	2.010408	13	109	13	696.743
-0.261799	0.370812	-2.547742	113	15	19	696.701
1.047198	1.134497	-1.109631	125	17	122	696.688
1.047198	1.113094	-0.272241	17	108	119	696.598
1.047198	0.866395	-2.492918	9	97	118	696.518
-0.261799	2.664082	-1.071402	6	115	125	696.499
-3.141593	2.637879	2.121598	117	123	113	696.340
2.617994	1.113094	-0.272241	98	20	3	696.265
1.047198	1.135834	-1.431087	14	106	6	696.234
-2.356194	1.617114	-1.572037	11	115	122	696.038
0.000000	2.478122	2.609777	9	102	4	695.934
-1.308997	0.831641	0.616218	11	103	117	695.782
0.261799	1.113094	-0.272241	0	106	114	695.740
-2.879793	2.033014	2.977192	115	16	121	695.658
1.570796	0.733948	3.021411	3	95	4	695.658
0.523599	1.555207	1.708892	2	122	114	695.648
0.523599	1.448123	-2.163292	3	110	13	695.630
0.523599	0.929350	-2.910676	124	106	8	695.613
0.785398	2.587733	0.232235	113	22	125	695.546
-2.356194	0.458961	-0.107937	112	5	108	695.543
-2.617994	1.732874	-0.951685	18	112	123	695.494
-2.617994	0.685216	-1.712745	7	121	112	695.482
-1.308997	1.766067	2.153843	9	111	113	695.472
1.047198	1.194549	-0.801900	112	9	119	695.391
-0.785398	0.591903	2.010408	27	18	127	695.206
1.047198	1.417623	-0.202254	16	109	119	695.198
2.356194	2.187132	-0.479875	6	18	109	695.171
-0.523599	1.504028	0.636812	21	104	4	694.921
-1.570796	2.881233	-2.582574	118	26	5	694.890
0.523599	2.153910	-1.714959	109	18	122	694.771
-1.570796	2.187132	-0.479875	120	18	115	694.678
-1.832596	2.041297	-2.664597	109	19	10	694.622
-3.141593	2.180315	-1.357379	18	16	122	694.617
-0.523599	0.203748	0.590255	13	105	8	694.588
1.308997	0.864993	2.278281	114	121	120	694.516
-2.094395	1.569311	-3.003978	112	19	126	694.510
2.356194	1.440580	2.260026	122	14	23	694.400
-3.141593	0.831641	0.616218	118	114	117	694.307
-0.261799	0.591903	2.010408	18	21	126	694.049
-0.785398	0.762244	-0.273349	124	112	108	694.020
2.879793	1.045978	0.343692	100	15	126	693.998
-2.879793	0.615174	-0.666022	95	12	127	693.996
-1.308997	1.870545	-2.976234	126	110	6	693.967
-0.523599	2.664082	-1.071402	0	122	106	693.812
1.047198	0.290380	-0.796960	7	0	108	693.798
-1.308997	1.569311	-3.003978	2	110	7	693.769
0.785398	1.824694	1.850876	0	125	113	693.716
-0.523599	0.615174	-0.666022	126	117	105	693.695
-2.356194	1.872854	1.543456	105	12	15	693.585
1.832596	1.025536	1.576859	114	23	10	693.486
2.879793	0.929350	-2.910676	8	115	113	693.462
0.000000	2.637879	2.121598	18	4	113	693.357
2.094395	1.310100	1.488307	125	115	2	693.343
0.523599	0.709924	0.218797	10	106	126	693.243
-0.785398	1.696674	-1.253233	10	15	108	693.143
0.261799	1.574060	2.783565	104	10	11	693.125
-1.308997	2.108018	1.311430	127	126	108	692.959
1.832596	1.736875	3.023612	13	112	17	692.914
2.617994	1.367556	0.358405	98	16	12	692.890
-3.141593	1.736875	3.023612	111	12	9	692.833
-1.308997	1.050534	3.042579	28	12	125	692.748
-1.832596	2.719179	-1.780644	115	18	116	692.699
-0.261799	1.134497	-1.109631	7	107	104	692.617
-2.356194	2.041297	-2.664597	26	119	124	692.588
-2.879793	2.251330	-2.330739	113	13	13	692.586
-0.261799	1.555207	1.708892	127	115	114	692.521
-1.308997	1.440580	2.260026	10	117	20	692.456
-2.356194	1.662363	0.915448	122	106	2	692.441
-2.094395	2.073035	2.027405	6	124	21	692.425
-0.261799	2.153910	-1.714959	94	6	127	692.415
-2.094395	0.864993	2.278281	11	115	20	692.304
0.785398	2.180315	-1.357379	10	106	119	692.300
-2.356194	0.762244	-0.273349	116	0	106	692.231
-1.570796	1.875281	0.107086	126	110	108	692.203
-0.523599	2.247462	0.191623	10	106	116	692.070
-0.523599	1.413347	-1.339188	125	116	97	692.037
0.261799	0.733948	3.021411	110	18	13	692.018
-3.141593	0.203748	0.590255	104	116	115	691.940
-0.785398	2.760637	2.781135	121	105	122	691.771
-3.141593	2.295480	1.008277	125	123	17	691.629
-2.094395	0.960688	-0.577532	121	1	104	691.325
-3.141593	0.370812	-2.547742	8	127	109	691.224
-1.047198	1.872854	1.543456	2	112	24	691.201
-1.308997	1.391910	3.030322	9	111	0	691.191
1.047198	2.863997	0.549740	115	13	110	691.164
1.047198	1.413347	-1.339188	0	105	7	691.101
-2.879793	0.992645	-1.723759	7	117	115	691.074
-2.094395	2.104282	-0.813972	111	12	118	691.072
2.356194	2.592629	0.909713	98	11	1	691.055
1.047198	2.104282	-0.813972	13	108	112	690.977
1.570796	2.299159	2.264663	27	17	124	690.969
0.000000	1.555207	1.708892	2	122	111	690.849
1.570796	1.168678	2.108595	115	119	123	690.836
-0.261799	0.080730	-2.622036	107	20	4	690.822
-2.617994	2.456751	-1.503343	4	23	123	690.750
-2.879793	0.831641	0.616218	112	107	123	690.733
-0.523599	2.587733	0.232235	124	5	106	690.609
-2.094395	1.488617	1.159546	0	105	6	690.607
1.570796	1.214854	-1.966664	10	101	125	690.361
-2.094395	2.063651	-2.044600	117	22	5	690.319
-2.879793	0.458961	-0.107937	118	121	110	690.206
0.000000	0.929350	-2.910676	108	15	15	690.164
2.356194	1.504028	0.636812	103	19	18	690.036
-2.617994	1.510910	-0.740472	9	23	118	689.780
1.047198	2.349581	-2.702517	110	111	106	689.767
-0.261799	1.184361	0.625864	121	9	7	689.765
-3.141593	1.335669	0.897240	2	109	0	689.678
1.570796	2.393226	1.857173	122	12	112	689.674
1.047198	1.756530	-2.105156	108	5	127	689.485
0.261799	2.073035	2.027405	124	13	15	689.441
2.879793	0.591903	2.010408	125	104	124	689.413
2.617994	1.606104	-0.451151	125	123	101	689.375
-3.141593	1.569311	-3.003978	21	111	120	689.367
