128	1.2	0
-2.617994	2.115563	0.685730
-3.023474	0.261120	1.490306
../2buk_monomer_m.pdb	-21.975	20.130	62.520
../2buk_monomer_m.pdb	44.003	49.366	5.677
-2.094395	1.836682	-0.676006	25	15	122	1072.138
-2.094395	1.374601	-2.456031	4	6	28	1014.641
-1.832596	0.866955	-0.931351	123	118	110	1008.334
-1.308997	2.404280	-0.174044	20	25	1	981.618
2.617994	1.998705	2.370472	105	109	122	980.245
-3.141593	1.488617	1.159546	24	109	116	912.401
-2.879793	0.615174	-0.666022	113	118	110	907.604
-2.094395	1.766067	2.153843	126	105	117	907.226
-1.047198	1.998705	2.370472	125	15	23	903.203
-1.570796	1.242974	-2.977882	123	8	33	896.262
2.879793	1.488617	1.159546	21	108	115	878.873
1.570796	2.073035	2.027405	102	125	121	874.251
-0.785398	1.998705	2.370472	125	15	23	873.713
-2.356194	1.510910	-0.740472	26	10	117	873.323
0.000000	2.041297	-2.664597	103	16	14	869.816
1.832596	0.961715	0.014085	105	11	118	866.135
-3.141593	1.195355	1.200319	24	111	112	865.472
0.523599	2.637879	2.121598	115	23	6	864.097
-1.570796	1.450119	-2.739050	118	12	31	862.437
1.832596	1.948085	-2.363031	2	1	28	861.956
-1.308997	2.396274	-1.959260	27	10	7	861.742
2.879793	1.194549	-0.801900	122	123	16	860.664
-2.356194	1.433411	-1.035986	26	12	121	859.119
-0.261799	1.982574	-1.115518	13	16	23	851.139
-3.141593	2.404280	-0.174044	6	125	30	849.590
2.879793	1.014500	0.906702	13	2	115	848.768
2.356194	1.335669	0.897240	106	121	107	846.297
0.523599	2.138223	1.678323	20	22	126	843.796
-2.094395	1.574060	2.783565	113	109	125	841.183
-0.785398	0.960688	-0.577532	113	20	8	839.989
-2.879793	1.488617	1.159546	29	111	119	839.926
2.094395	2.863997	0.549740	113	107	125	839.799
-1.832596	1.836682	-0.676006	24	20	123	837.748
-1.047198	2.719179	-1.780644	26	9	12	837.469
-0.523599	1.450119	-2.739050	117	3	32	833.013
-0.785398	2.104282	-0.813972	33	2	5	832.985
2.617994	2.108018	1.311430	104	4	23	831.046
1.047198	1.756530	-2.105156	7	14	4	828.264
1.047198	2.041297	-2.664597	8	14	4	826.747
-1.308997	1.658653	-2.409879	120	10	30	825.367
1.308997	1.569311	-3.003978	9	12	4	824.993
1.832596	0.864993	2.278281	13	0	113	824.970
-1.308997	2.153910	-1.714959	107	15	21	824.624
-2.617994	1.998705	2.370472	7	2	22	824.571
-2.356194	1.721184	-0.153948	21	4	107	823.569
-1.832596	1.256302	0.062705	31	1	6	817.470
-1.308997	1.134796	2.434290	6	121	104	815.984
0.000000	0.831641	0.616218	25	7	118	815.839
-3.141593	1.335669	0.897240	21	120	121	814.748
-2.617994	2.863997	0.549740	27	124	9	814.745
2.094395	1.977582	0.969896	102	9	18	814.693
2.356194	1.134497	-1.109631	121	124	15	814.235
-1.570796	1.256302	0.062705	30	4	7	813.463
-1.308997	1.909857	-0.381669	9	13	27	813.304
-2.617994	1.658653	-2.409879	122	1	30	811.212
-2.879793	1.998705	2.370472	8	3	22	810.888
-1.832596	1.374601	-2.456031	1	8	28	810.446
-0.523599	1.310100	1.488307	7	13	18	809.024
2.879793	1.836682	-0.676006	115	126	26	808.885
-0.523599	1.998705	2.370472	116	10	24	807.959
-0.261799	1.555207	1.708892	127	17	21	807.676
2.094395	0.615174	-0.666022	109	115	107	807.031
-1.308997	1.998705	2.370472	5	15	22	806.908
2.879793	1.195355	1.200319	22	111	113	805.137
-2.356194	1.194549	-0.801900	6	119	17	804.730
0.785398	0.571433	-1.188419	107	18	7	802.774
1.308997	1.134497	-1.109631	127	4	13	802.626
-2.094395	1.510910	-0.740472	24	15	118	802.381
1.047198	1.846342	-1.796954	112	0	115	801.562
-2.617994	1.846342	-1.796954	112	126	21	801.172
0.523599	1.194549	-0.801900	106	18	17	801.046
-1.832596	1.134497	-1.109631	125	119	111	800.846
1.832596	0.618092	2.539118	15	2	113	800.297
-2.617994	2.979456	-1.009304	102	4	30	800.296
0.000000	2.001437	0.381215	14	20	7	799.212
1.570796	1.214854	-1.966664	106	110	118	798.769
1.047198	2.393226	1.857173	105	3	125	798.682
-2.094395	1.948085	-2.363031	33	126	2	797.078
-1.047198	0.961715	0.014085	113	17	3	796.793
0.785398	1.875281	0.107086	117	126	104	794.926
-0.261799	2.704512	1.488683	10	5	29	793.187
-2.094395	1.413430	2.550734	112	111	121	791.138
-0.523599	1.766067	2.153843	124	17	22	790.730
-1.832596	1.310100	1.488307	41	125	122	790.317
-2.094395	1.135834	-1.431087	121	126	112	788.481
1.308997	2.863997	0.549740	19	3	19	788.203
-1.832596	1.413430	2.550734	8	112	107	787.824
-0.261799	1.872854	1.543456	0	14	24	786.796
0.523599	2.393226	1.857173	115	13	28	786.425
0.261799	0.960688	-0.577532	108	20	13	785.312
0.261799	2.138223	1.678323	109	16	124	784.673
-2.617994	1.335669	0.897240	32	118	120	784.111
-1.570796	0.914445	2.687814	3	117	103	783.202
-0.261799	1.699788	2.452890	110	9	22	781.973
2.356194	0.203748	0.590255	119	6	104	781.945
-1.308997	1.982574	-1.115518	109	17	11	781.445
-0.523599	1.335669	0.897240	126	22	23	781.422
-2.094395	0.960688	-0.577532	123	113	111	781.414
-2.879793	1.504028	0.636812	24	121	123	780.927
-2.356194	0.700570	1.559208	7	3	12	779.971
-1.832596	1.510910	-0.740472	15	110	20	779.673
-0.261799	2.041297	-2.664597	104	16	11	779.399
-1.832596	1.184361	0.625864	30	7	0	779.399
-0.523599	0.080730	-2.622036	117	8	107	779.397
1.308997	1.391910	3.030322	9	11	126	779.259
-2.879793	1.367556	0.358405	22	125	119	779.241
-1.308997	1.756530	-2.105156	117	15	27	778.859
2.617994	2.455966	-0.641220	118	9	31	778.765
0.000000	1.741644	-2.695914	103	17	9	778.635
-2.617994	1.194549	-0.801900	2	116	17	777.592
-1.832596	0.640596	-2.797608	13	15	115	777.496
0.785398	1.732874	-0.951685	108	12	26	777.219
-2.356194	1.699788	2.452890	14	126	17	776.510
0.000000	1.732874	-0.951685	7	11	24	775.233
-0.785398	2.247462	0.191623	15	29	124	775.168
-0.785398	1.696674	-1.253233	11	16	25	774.927
-2.356194	0.618092	2.539118	19	127	7	774.706
2.879793	1.301460	-0.509251	125	121	18	774.175
0.785398	0.458961	-0.107937	15	14	120	774.046
-0.523599	2.588535	-2.976617	108	16	21	773.464
-1.308997	1.948085	-2.363031	114	10	31	772.128
-1.832596	1.948085	-2.363031	30	2	2	771.167
1.308997	0.866955	-0.931351	26	117	116	770.324
-2.094395	1.195355	1.200319	108	114	109	769.056
1.047198	2.587733	0.232235	15	7	20	768.744
-2.356194	0.850607	-1.335383	116	127	112	768.070
-0.261799	2.138223	1.678323	126	10	26	767.359
0.523599	1.982574	-1.115518	4	10	24	766.300
-1.570796	2.174483	2.653697	15	0	25	765.912
-2.879793	1.195355	1.200319	28	114	115	765.259
2.617994	1.658653	-2.409879	96	0	1	765.188
-2.356194	2.587733	0.232235	3	0	33	763.016
-1.570796	1.766067	2.153843	8	12	21	762.823
-2.617994	1.134497	-1.109631	124	124	16	762.244
-1.832596	2.704512	1.488683	13	5	29	762.054
2.879793	2.138223	1.678323	112	6	27	761.176
2.617994	2.187132	-0.479875	120	4	30	760.592
2.094395	2.108018	1.311430	110	13	23	760.459
-1.832596	2.724429	-0.348782	101	122	32	760.412
-1.308997	0.618092	2.539118	126	120	102	758.660
2.617994	1.050534	3.042579	107	113	106	758.057
-1.570796	2.073035	2.027405	127	8	26	757.968
-1.308997	0.419640	2.974122	10	18	115	756.741
0.000000	0.685216	-1.712745	23	14	115	756.712
-2.094395	2.104282	-0.813972	26	14	121	756.535
-1.308997	2.187132	-0.479875	4	10	31	756.412
-0.261799	1.214854	-1.966664	106	16	22	756.411
0.523599	1.870545	-2.976234	4	127	28	756.140
-2.617994	0.615174	-0.666022	116	116	110	755.669
-2.617994	0.290380	-0.796960	112	126	109	754.562
1.047198	1.875281	0.107086	115	120	104	754.556
-1.832596	0.571433	-1.188419	110	126	113	754.270
-1.570796	1.135813	-2.658866	4	3	29	754.076
-1.832596	1.045978	0.343692	31	3	1	753.945
1.832596	0.733948	3.021411	111	122	103	753.929
-2.356194	0.615174	-0.666022	119	117	109	753.580
1.832596	1.256302	0.062705	97	5	122	753.132
0.000000	1.050534	3.042579	100	13	5	753.072
-2.617994	1.310100	1.488307	5	127	19	752.974
-0.523599	0.571433	-1.188419	36	4	119	752.763
-0.261799	1.256302	0.062705	110	19	16	752.615
0.523599	1.504028	0.636812	6	27	6	752.223
1.047198	0.571433	-1.188419	105	16	7	752.156
1.832596	1.699788	2.452890	104	118	115	751.900
-0.785398	1.555207	1.708892	5	10	21	751.766
-1.832596	2.187132	-0.479875	25	17	125	751.637
1.308997	1.846342	-1.796954	110	127	115	751.299
1.047198	1.870545	-2.976234	7	127	29	750.263
0.261799	1.195355	1.200319	103	121	122	749.325
-2.879793	1.766067	2.153843	5	2	22	748.743
1.308997	1.741644	-2.695914	122	0	30	748.680
2.617994	0.906588	1.252948	8	6	111	748.511
-2.879793	1.662363	0.915448	31	111	124	748.246
-2.094395	1.184361	0.625864	0	102	2	748.010
-2.094395	1.247695	1.809890	7	114	20	747.971
-1.308997	2.041297	-2.664597	28	5	14	747.594
2.879793	1.617114	-1.572037	107	114	24	747.556
0.000000	2.138223	1.678323	123	11	27	747.371
-2.617994	1.836682	-0.676006	122	117	28	746.495
-2.356194	1.732874	-0.951685	28	9	116	746.000
1.570796	1.732874	-0.951685	9	97	114	745.781
-1.047198	2.587733	0.232235	22	24	5	745.753
2.094395	2.349581	-2.702517	114	103	17	745.348
2.094395	0.914445	2.687814	110	117	104	744.841
2.879793	1.658653	-2.409879	117	122	31	744.705
-2.356194	1.741644	-2.695914	10	9	30	744.693
-0.261799	0.850607	-1.335383	125	24	12	744.673
-0.261799	1.766067	2.153843	121	17	22	744.126
0.785398	1.310100	1.488307	27	17	1	744.072
-3.141593	1.194549	-0.801900	0	114	16	743.739
2.094395	1.113094	-0.272241	103	7	119	743.513
-0.523599	2.379497	0.561089	16	29	127	743.452
-0.261799	2.180315	-1.357379	15	15	23	743.361
1.832596	0.960688	-0.577532	124	4	13	742.963
-0.785398	0.615174	-0.666022	18	23	118	742.779
-2.094395	1.050534	3.042579	37	120	8	742.698
-1.570796	1.014500	0.906702	107	114	110	742.372
1.570796	1.836682	-0.676006	7	100	109	742.356
1.047198	2.295480	1.008277	127	23	19	742.044
0.000000	2.579248	-2.364801	104	17	17	741.919
-2.879793	0.709924	0.218797	22	2	116	741.857
2.356194	2.108018	1.311430	106	7	23	740.983
2.879793	2.041297	-2.664597	111	125	34	740.720
2.879793	1.413430	2.550734	109	5	125	740.569
-2.617994	0.674054	1.013609	23	3	114	740.478
-3.141593	1.836682	-0.676006	117	125	26	740.210
-0.261799	1.450119	-2.739050	118	3	32	740.132
-0.261799	1.869911	2.701025	106	8	22	739.730
0.523599	1.696674	-1.253233	1	16	20	739.101
1.047198	0.290380	-0.796960	32	116	125	738.686
-2.094395	0.571433	-1.188419	114	126	111	738.531
-3.141593	2.063651	-2.044600	105	0	16	738.112
1.047198	1.721184	-0.153948	108	112	110	738.052
2.879793	2.073035	2.027405	2	1	24	737.894
-0.523599	1.506530	1.988858	0	15	22	737.446
0.523599	0.615174	-0.666022	103	15	7	737.148
-2.617994	2.379497	0.561089	34	117	9	736.932
1.308997	2.881233	-2.582574	110	126	125	736.269
2.356194	2.299159	2.264663	105	113	125	736.122
-0.785398	0.080730	-2.622036	120	13	108	736.073
-3.141593	0.080730	-2.622036	34	119	127	735.935
-1.832596	1.606104	-0.451151	14	114	24	735.670
-1.308997	1.242974	-2.977882	122	7	33	734.963
0.261799	1.606104	-0.451151	109	16	24	734.896
1.832596	2.299159	2.264663	110	113	120	734.633
-1.832596	1.218453	2.777284	4	115	107	734.312
-2.356194	0.866955	-0.931351	117	118	111	733.816
-0.261799	1.374601	-2.456031	119	16	27	733.610
0.785398	1.025536	1.576859	31	11	126	733.572
2.356194	1.025536	1.576859	17	119	113	733.519
1.047198	1.417623	-0.202254	124	107	107	733.425
-1.570796	0.640596	-2.797608	11	18	115	732.032
-2.617994	1.413347	-1.339188	122	123	20	731.957
0.000000	2.073035	2.027405	118	20	24	731.551
0.000000	2.407836	1.410646	21	14	115	731.456
1.832596	2.455966	-0.641220	121	3	33	731.404
1.570796	2.041297	-2.664597	125	125	31	731.045
-2.094395	2.343981	-1.040456	30	13	125	730.095
-1.832596	1.741644	-2.695914	113	11	30	730.035
0.000000	1.025536	1.576859	109	124	112	729.426
-2.356194	1.982574	-1.115518	32	8	121	729.139
1.832596	2.349581	-2.702517	23	0	17	728.861
-2.356194	1.335669	0.897240	0	99	6	728.552
2.356194	2.478122	2.609777	123	115	26	727.714
1.308997	1.982574	-1.115518	109	9	119	727.416
1.832596	1.545873	-1.877082	106	108	121	727.122
-0.261799	1.417623	-0.202254	104	23	11	727.002
2.094395	2.115563	0.685730	101	9	16	726.826
-2.617994	0.906588	1.252948	103	3	117	726.521
1.570796	1.545873	-1.877082	105	110	120	726.321
-3.141593	2.251330	-2.330739	103	1	16	726.061
-2.879793	0.906588	1.252948	21	127	114	726.034
0.523599	1.741644	-2.695914	120	17	30	725.895
-2.617994	0.419640	2.974122	18	4	4	725.738
0.261799	1.128190	-2.288622	23	12	118	725.461
-2.094395	1.732874	-0.951685	25	16	125	725.171
-0.523599	0.203748	0.590255	33	114	127	725.091
-1.047198	1.242974	-2.977882	124	4	33	724.810
-2.879793	1.696674	-1.253233	124	1	22	724.684
-1.047198	1.113094	-0.272241	112	19	4	724.177
2.356194	0.910508	1.903534	17	123	118	723.867
1.832596	1.574060	2.783565	102	124	114	723.820
-0.785398	1.310100	1.488307	28	15	0	723.299
-1.832596	1.998705	2.370472	17	125	21	723.244
0.785398	1.218453	2.777284	25	4	127	723.227
-0.785398	1.510910	-0.740472	127	13	24	722.665
-0.261799	2.456751	-1.503343	16	11	24	722.604
-1.308997	1.824694	1.850876	34	10	3	722.124
-2.879793	1.506530	1.988858	5	124	22	722.073
2.879793	0.458961	-0.107937	109	117	108	721.787
-1.308997	0.831641	0.616218	111	13	124	721.673
1.570796	1.050534	3.042579	102	3	109	721.624
-2.617994	1.440580	2.260026	9	0	19	721.461
-0.523599	2.407836	1.410646	15	10	25	721.381
-2.879793	1.014500	0.906702	22	124	120	721.303
-1.308997	1.135813	-2.658866	16	12	21	720.987
1.570796	1.904882	-1.478089	108	127	117	720.987
-0.523599	1.732874	-0.951685	11	17	23	720.955
-0.261799	1.569311	-3.003978	103	14	11	720.807
-2.356194	1.696674	-1.253233	120	123	24	720.024
0.000000	1.045978	0.343692	21	10	118	720.004
-3.141593	2.863997	0.549740	93	120	16	719.922
1.308997	2.001437	0.381215	114	127	104	718.967
-0.785398	2.863997	0.549740	103	7	30	718.958
-3.141593	1.450119	-2.739050	100	119	14	718.945
-0.261799	1.391910	3.030322	0	2	32	718.316
-0.785398	1.413347	-1.339188	14	18	19	718.216
-1.570796	1.998705	2.370472	6	13	23	718.198
0.000000	2.984978	1.954446	11	5	30	717.901
-0.523599	1.599406	1.426070	125	123	114	717.891
-0.785398	1.256302	0.062705	114	24	5	717.891
0.785398	2.001437	0.381215	116	2	104	717.704
2.094395	1.699788	2.452890	106	113	115	717.612
-2.617994	1.195355	1.200319	16	0	18	717.539
0.785398	1.510910	-0.740472	123	102	108	717.491
-2.617994	1.025536	1.576859	102	127	119	717.430
-1.570796	2.579248	-2.364801	10	24	8	717.143
-2.356194	2.979456	-1.009304	30	6	9	717.132
2.356194	0.899350	-2.069907	14	1	116	717.021
-2.094395	1.128190	-2.288622	13	8	24	717.018
-1.832596	1.450119	-2.739050	121	12	32	716.492
2.094395	2.138223	1.678323	101	18	127	716.317
-0.261799	0.571433	-1.188419	15	25	116	716.002
-1.047198	1.824694	1.850876	2	8	24	715.922
0.523599	1.367556	0.358405	5	27	2	715.554
1.570796	0.379747	-1.713059	101	10	4	715.392
-2.879793	0.080730	-2.622036	36	123	2	715.248
1.047198	0.619654	-2.216909	103	118	112	714.817
0.523599	1.448123	-2.163292	17	16	125	714.775
0.261799	1.256302	0.062705	124	117	101	714.738
2.356194	1.977582	0.969896	102	6	17	714.202
1.308997	2.187132	-0.479875	125	103	105	714.059
-2.879793	2.588535	-2.976617	116	0	125	713.686
0.000000	1.195355	1.200319	7	16	16	713.680
-1.570796	1.391910	3.030322	28	6	127	713.627
-2.879793	1.194549	-0.801900	2	112	17	713.579
-0.785398	0.674054	1.013609	1	103	110	713.115
-2.094395	2.247462	0.191623	31	123	112	712.921
-0.785398	0.591903	2.010408	115	6	105	712.802
-2.617994	1.909857	-0.381669	1	121	29	712.587
0.000000	1.872854	1.543456	124	9	25	712.581
-2.356194	0.960688	-0.577532	123	111	111	712.581
-2.356194	2.863997	0.549740	31	126	15	712.433
1.570796	2.379497	0.561089	12	9	13	712.161
0.000000	1.367556	0.358405	23	14	1	711.648
-3.141593	1.134497	-1.109631	124	113	17	711.427
2.094395	2.588535	-2.976617	114	108	26	711.245
0.000000	1.510910	-0.740472	4	21	112	711.104
1.570796	1.301460	-0.509251	12	101	112	711.063
-0.785398	1.869911	2.701025	127	22	20	711.050
-2.617994	2.104282	-0.813972	28	120	23	710.370
0.523599	1.875281	0.107086	115	2	106	710.362
-2.356194	1.977582	0.969896	37	119	7	710.347
0.523599	0.866955	-0.931351	108	20	12	710.283
-1.047198	1.658653	-2.409879	118	12	30	710.180
-2.356194	2.760637	2.781135	4	124	31	709.950
2.617994	1.872854	1.543456	10	112	21	709.939
-0.261799	0.992645	-1.723759	2	6	14	709.737
0.261799	1.510910	-0.740472	111	18	23	709.545
-3.141593	1.982574	-1.115518	5	114	106	709.460
1.832596	0.850607	-1.335383	28	117	121	709.421
1.308997	1.214854	-1.966664	105	112	118	709.245
2.879793	2.089241	-0.114193	1	0	29	709.197
-1.570796	2.063651	-2.044600	126	121	119	708.715
0.785398	2.455966	-0.641220	114	107	107	708.546
-1.570796	0.850607	-1.335383	122	122	110	708.238
-0.261799	1.195355	1.200319	7	14	16	708.162
-0.261799	2.164094	-2.991358	106	16	18	707.674
-0.523599	1.872854	1.543456	4	13	23	707.661
-2.617994	2.174483	2.653697	10	6	22	707.212
1.570796	2.247462	0.191623	120	110	27	707.205
1.047198	1.448123	-2.163292	7	13	3	707.031
-0.261799	2.979456	-1.009304	24	4	19	707.020
-1.832596	1.135813	-2.658866	6	2	29	706.856
2.879793	2.881233	-2.582574	122	24	11	706.755
2.094395	2.251330	-2.330739	23	125	18	706.622
-2.617994	2.073035	2.027405	18	125	22	706.379
2.356194	1.440580	2.260026	101	119	112	706.295
-1.047198	1.766067	2.153843	2	14	22	706.246
2.879793	2.108018	1.311430	105	127	24	706.073
-0.523599	1.836682	-0.676006	3	22	27	706.044
0.000000	1.113094	-0.272241	109	20	15	705.960
-1.308997	1.374601	-2.456031	0	7	28	705.565
1.308997	1.721184	-0.153948	108	109	112	705.558
-2.879793	2.704512	1.488683	111	2	29	705.558
2.879793	2.295480	1.008277	114	123	102	705.210
2.879793	0.700570	1.559208	22	124	118	705.123
0.000000	0.674054	1.013609	120	123	99	704.355
-1.308997	1.699788	2.452890	15	124	28	704.136
1.570796	1.846342	-1.796954	109	123	115	703.969
1.832596	1.904882	-1.478089	109	121	117	703.956
-0.785398	1.128190	-2.288622	102	5	32	703.812
-2.094395	2.180315	-1.357379	29	15	3	703.793
-2.094395	2.592629	0.909713	35	124	11	703.792
0.523599	0.961715	0.014085	30	0	123	703.657
-1.570796	2.153910	-1.714959	110	14	21	703.534
2.879793	1.555207	1.708892	13	109	17	703.450
1.308997	2.138223	1.678323	103	126	120	703.315
-2.094395	1.606104	-0.451151	15	112	23	702.928
-0.261799	2.343981	-1.040456	2	10	32	702.866
0.785398	0.290380	-0.796960	98	7	2	702.861
1.570796	0.733948	3.021411	115	119	101	702.803
-0.523599	2.592629	0.909713	122	18	0	702.462
0.000000	1.977582	0.969896	14	18	16	702.243
2.617994	1.135834	-1.431087	110	109	20	702.157
-2.879793	1.301460	-0.509251	102	115	120	702.137
2.617994	1.904882	-1.478089	95	124	20	702.069
-1.832596	1.872854	1.543456	126	113	24	702.052
-0.523599	2.356369	3.005869	115	17	25	701.933
0.000000	1.982574	-1.115518	10	13	24	701.795
-1.047198	1.448123	-2.163292	122	19	26	701.412
-0.523599	1.417623	-0.202254	101	8	116	701.365
2.094395	2.881233	-2.582574	99	8	27	701.321
1.832596	2.592629	0.909713	111	14	24	701.248
0.785398	1.846342	-1.796954	111	6	116	701.091
2.356194	0.914445	2.687814	106	119	106	700.824
-1.308997	1.256302	0.062705	122	21	6	700.772
0.000000	1.555207	1.708892	122	12	23	700.734
0.785398	0.866955	-0.931351	19	116	111	700.670
-1.832596	2.349581	-2.702517	92	12	17	700.227
1.832596	0.914445	2.687814	112	115	104	699.973
0.523599	1.510910	-0.740472	108	16	23	699.808
1.308997	2.041297	-2.664597	5	14	3	699.107
2.094395	0.910508	1.903534	16	121	112	699.104
-1.832596	1.699788	2.452890	12	122	28	698.901
0.000000	1.875281	0.107086	108	15	26	698.896
1.308997	1.872854	1.543456	104	123	116	698.789
2.879793	1.335669	0.897240	9	126	107	698.691
1.308997	0.290380	-0.796960	33	119	124	698.670
1.308997	0.960688	-0.577532	23	126	119	698.402
0.000000	1.812176	0.656819	15	19	9	698.294
-1.308997	2.579248	-2.364801	119	106	18	698.143
-1.570796	2.295480	1.008277	22	115	108	698.126
-1.308997	2.180315	-1.357379	107	16	15	698.119
1.570796	1.809167	1.213774	117	121	26	698.049
-0.785398	2.587733	0.232235	15	29	2	697.937
1.832596	1.014500	0.906702	115	10	16	697.802
1.570796	0.370812	-2.547742	8	126	8	697.794
1.308997	1.218453	2.777284	16	3	123	697.518
-1.047198	1.301460	-0.509251	108	6	13	697.468
2.094395	0.203748	0.590255	106	2	110	697.359
-0.261799	2.073035	2.027405	122	13	25	697.298
-1.832596	0.910508	1.903534	110	98	126	697.216
-1.570796	1.413430	2.550734	11	116	106	697.143
-1.047198	2.180315	-1.357379	14	8	28	697.106
0.523599	0.080730	-2.622036	109	121	106	696.782
0.261799	1.658653	-2.409879	21	17	126	696.345
-1.570796	2.587733	0.232235	126	3	35	696.330
0.000000	1.721184	-0.153948	111	16	25	696.325
-2.356194	0.290380	-0.796960	115	123	107	696.092
0.523599	2.343981	-1.040456	29	9	10	696.038
2.356194	2.407836	1.410646	113	12	25	695.823
1.308997	0.899350	-2.069907	105	114	114	695.814
-2.617994	2.115563	0.685730	26	126	10	695.755
2.094395	1.599406	1.426070	122	120	22	695.394
1.047198	0.914445	2.687814	91	122	12	694.873
0.000000	1.766067	2.153843	114	14	22	694.753
-0.261799	2.089241	-0.114193	18	18	6	694.664
2.356194	2.187132	-0.479875	115	122	32	694.573
-2.094395	1.909857	-0.381669	24	10	113	694.229
-1.047198	2.404280	-0.174044	16	29	0	693.930
-1.308997	1.904882	-1.478089	110	16	18	693.331
-2.879793	1.909857	-0.381669	125	119	29	693.324
-1.832596	1.766067	2.153843	9	8	21	693.273
1.570796	2.704512	1.488683	118	120	120	693.234
-0.261799	1.135834	-1.431087	100	23	11	693.217
1.832596	1.606104	-0.451151	107	12	120	693.190
-1.308997	2.138223	1.678323	32	10	10	692.979
-1.832596	1.574060	2.783565	7	111	112	692.847
-2.356194	1.045978	0.343692	0	102	119	692.797
-1.832596	0.960688	-0.577532	125	112	112	692.741
-1.308997	0.700570	1.559208	110	103	122	692.716
0.523599	0.960688	-0.577532	102	16	12	692.685
-0.523599	1.413347	-1.339188	106	25	13	692.621
-1.308997	1.872854	1.543456	32	10	6	692.568
-0.785398	1.194549	-0.801900	99	16	125	692.493
1.570796	2.153910	-1.714959	111	121	119	692.263
0.523599	2.979456	-1.009304	126	6	35	691.954
2.094395	1.545873	-1.877082	97	106	0	691.943
-1.308997	1.599406	1.426070	7	117	21	691.888
0.523599	0.850607	-1.335383	105	4	16	691.743
-2.356194	1.050534	3.042579	36	116	8	691.714
-2.094395	2.456751	-1.503343	114	15	16	691.305
-1.308997	2.073035	2.027405	3	13	25	691.219
-2.356194	2.295480	1.008277	35	121	10	691.009
-1.570796	1.545873	-1.877082	122	1	116	690.940
1.832596	1.214854	-1.966664	100	109	120	690.818
-3.141593	2.407836	1.410646	109	3	26	690.795
-1.047198	1.256302	0.062705	118	23	6	690.693
0.000000	1.658653	-2.409879	108	116	31	690.674
-2.094395	1.310100	1.488307	41	119	121	690.101
-2.356194	1.662363	0.915448	111	111	110	689.980
0.523599	2.108018	1.311430	2	33	125	689.878
2.617994	2.588535	-2.976617	8	6	32	689.829
-1.047198	1.869911	2.701025	25	21	1	689.774
-2.879793	2.356369	3.005869	123	112	120	689.369
-2.879793	1.904882	-1.478089	116	2	22	689.314
-1.832596	1.247695	1.809890	112	97	1	689.289
0.261799	1.194549	-0.801900	111	20	18	689.219
2.879793	0.906588	1.252948	8	5	110	689.190
-2.094395	1.448123	-2.163292	5	11	25	689.130
-0.785398	1.699788	2.452890	36	10	127	688.960
-2.094395	0.290380	-0.796960	106	125	112	688.914
-2.094395	2.979456	-1.009304	9	118	28	688.876
-0.261799	1.721184	-0.153948	123	27	24	688.734
2.879793	1.440580	2.260026	91	125	5	688.675
-2.094395	1.488617	1.159546	26	9	122	688.663
-0.261799	1.696674	-1.253233	10	20	21	688.640
0.000000	1.554776	0.100351	32	3	2	688.450
-1.570796	1.836682	-0.676006	11	119	27	688.406
-2.617994	0.618092	2.539118	32	108	9	688.314
2.879793	1.545873	-1.877082	103	114	23	688.222
1.308997	1.732874	-0.951685	114	100	117	688.065
0.785398	1.699788	2.452890	14	21	8	687.994
-2.356194	2.396274	-1.959260	26	19	7	687.836
-1.570796	1.554776	0.100351	29	4	13	687.760
1.570796	2.407836	1.410646	105	119	123	687.375
-2.617994	2.404280	-0.174044	124	120	34	687.007
1.047198	0.615174	-0.666022	30	119	122	686.978
1.832596	2.664082	-1.071402	107	0	35	686.964
0.000000	1.214854	-1.966664	25	15	119	686.897
2.617994	0.080730	-2.622036	97	0	126	686.762
1.832596	1.504028	0.636812	105	123	107	686.642
-2.617994	2.153910	-1.714959	108	127	19	686.335
0.785398	2.138223	1.678323	112	14	27	686.313
2.617994	1.809167	1.213774	103	2	21	686.214
1.570796	1.504028	0.636812	96	13	5	686.166
-3.141593	2.174483	2.653697	106	108	127	686.162
-2.094395	0.866955	-0.931351	106	123	115	685.972
-1.308997	1.574060	2.783565	16	2	27	685.872
2.094395	2.592629	0.909713	6	14	4	685.760
1.832596	0.709924	0.218797	0	103	124	685.694
0.523599	1.732874	-0.951685	111	14	27	685.559
2.879793	1.824694	1.850876	26	118	2	685.481
-1.047198	2.863997	0.549740	24	10	120	685.438
2.617994	1.836682	-0.676006	113	0	27	685.406
-2.356194	1.504028	0.636812	1	99	4	685.356
-3.141593	1.599406	1.426070	15	118	20	685.149
-2.617994	0.866955	-0.931351	22	16	119	684.622
0.523599	1.417623	-0.202254	92	14	14	684.619
-1.308997	1.846342	-1.796954	116	18	25	684.495
-2.094395	0.615174	-0.666022	113	118	112	684.345
1.308997	1.433411	-1.035986	118	114	17	684.209
-2.879793	0.496451	0.593859	119	23	114	684.154
2.879793	2.187132	-0.479875	119	3	30	684.147
0.261799	1.504028	0.636812	8	26	6	684.136
1.832596	2.073035	2.027405	113	104	121	683.984
-1.570796	2.041297	-2.664597	115	106	21	683.074
-0.523599	1.617114	-1.572037	31	12	5	683.058
-1.832596	1.875281	0.107086	26	1	18	683.004
1.308997	2.299159	2.264663	99	8	0	682.950
1.570796	2.349581	-2.702517	21	4	17	682.899
-2.356194	2.033014	2.977192	116	97	4	682.721
1.832596	1.683268	0.374177	94	5	7	682.663
0.261799	2.089241	-0.114193	110	6	107	682.617
0.785398	0.864993	2.278281	94	5	7	682.581
2.617994	2.138223	1.678323	110	7	28	682.558
0.785398	1.417623	-0.202254	110	108	113	682.284
1.832596	2.153910	-1.714959	101	4	123	682.280
1.308997	1.977582	0.969896	121	124	28	682.266
-2.879793	2.115563	0.685730	29	114	1	682.254
-1.308997	1.836682	-0.676006	11	10	27	682.083
-2.879793	1.134497	-1.109631	127	121	17	681.912
1.047198	1.247695	1.809890	98	3	18	681.895
-2.879793	2.041297	-2.664597	115	5	32	681.838
1.832596	1.836682	-0.676006	106	10	121	681.598
-0.785398	1.450119	-2.739050	121	127	32	681.470
-0.261799	0.674054	1.013609	27	10	122	681.462
-0.523599	1.721184	-0.153948	23	19	11	681.448
0.261799	2.979456	-1.009304	126	5	35	681.217
-1.570796	1.741644	-2.695914	111	11	30	681.168
1.570796	2.588535	-2.976617	95	11	23	681.130
1.308997	1.510910	-0.740472	6	99	110	681.085
-1.832596	1.014500	0.906702	107	115	109	681.046
-2.356194	1.310100	1.488307	41	115	121	680.931
-0.261799	1.824694	1.850876	125	15	24	680.764
-0.785398	1.909857	-0.381669	4	20	28	680.697
-2.879793	1.310100	1.488307	108	0	112	680.619
-3.141593	1.756530	-2.105156	111	0	23	680.554
-1.047198	1.904882	-1.478089	107	16	20	680.427
1.047198	2.138223	1.678323	104	1	121	680.388
-1.047198	0.864993	2.278281	0	125	102	680.373
-0.261799	2.592629	0.909713	15	29	3	680.122
0.261799	1.135813	-2.658866	26	5	113	680.092
-1.308997	2.089241	-0.114193	119	18	18	679.972
2.094395	2.724429	-0.348782	127	1	33	679.807
1.570796	1.741644	-2.695914	120	126	31	679.623
2.617994	2.704512	1.488683	115	11	27	679.433
-0.261799	1.998705	2.370472	112	6	25	679.260
-2.094395	1.301460	-0.509251	0	110	112	679.244
1.570796	1.977582	0.969896	110	19	17	679.061
2.356194	1.909857	-0.381669	112	116	30	678.591
-0.523599	0.290380	-0.796960	110	15	107	678.419
2.617994	1.128190	-2.288622	93	117	13	678.404
-3.141593	1.696674	-1.253233	121	1	22	678.304
1.570796	1.574060	2.783565	101	2	114	678.227
0.523599	0.290380	-0.796960	104	14	2	678.223
0.785398	1.134796	2.434290	98	5	111	678.210
0.261799	2.343981	-1.040456	1	15	31	678.096
-1.047198	1.836682	-0.676006	14	8	26	677.849
-2.094395	1.998705	2.370472	126	101	123	677.824
-1.047198	1.014500	0.906702	11	19	17	677.709
-3.141593	0.419640	2.974122	104	4	1	677.700
0.523599	1.662363	0.915448	6	27	11	677.644
0.000000	1.617114	-1.572037	97	18	20	677.642
-2.094395	0.591903	2.010408	108	3	116	677.631
0.261799	1.977582	0.969896	15	17	15	677.584
1.570796	1.113094	-0.272241	111	104	108	677.213
1.047198	1.113094	-0.272241	24	1	121	676.960
-1.570796	1.574060	2.783565	110	110	5	676.848
-1.832596	2.478122	2.609777	10	0	28	676.761
1.047198	2.299159	2.264663	101	13	0	676.704
1.832596	1.658653	-2.409879	116	104	126	676.684
-1.832596	1.599406	1.426070	0	110	20	676.657
-1.570796	2.187132	-0.479875	5	8	31	676.558
1.047198	2.455966	-0.641220	117	104	107	676.477
0.261799	1.135834	-1.431087	116	20	17	676.387
-1.047198	0.370812	-2.547742	123	17	111	676.248
-3.141593	1.617114	-1.572037	111	112	26	676.191
-1.570796	0.906588	1.252948	108	107	115	676.156
-0.523599	1.846342	-1.796954	4	30	6	676.149
1.308997	1.606104	-0.451151	110	106	114	676.143
0.523599	1.736875	3.023612	7	3	29	676.070
1.832596	1.998705	2.370472	105	117	119	676.046
2.617994	2.073035	2.027405	0	124	25	676.030
0.000000	1.256302	0.062705	105	19	16	675.988
-1.570796	2.704512	1.488683	25	12	13	675.902
1.832596	1.809167	1.213774	118	119	27	675.883
-2.356194	1.606104	-0.451151	12	109	23	675.875
1.570796	1.998705	2.370472	123	113	22	675.857
0.261799	1.301460	-0.509251	107	18	19	675.620
2.356194	2.455966	-0.641220	127	125	32	675.493
1.832596	1.135834	-1.431087	97	114	21	675.461
-1.047198	0.960688	-0.577532	27	18	123	675.367
2.617994	1.977582	0.969896	101	3	17	675.258
1.832596	1.417623	-0.202254	102	10	123	675.227
-1.047198	1.214854	-1.966664	123	23	21	675.215
2.094395	1.812176	0.656819	100	9	13	675.208
-2.356194	0.906588	1.252948	102	126	116	675.156
-0.785398	2.164094	-2.991358	117	23	18	675.099
1.570796	0.685216	-1.712745	102	11	9	674.975
-1.832596	2.041297	-2.664597	30	6	13	674.973
-0.785398	0.866955	-0.931351	29	14	120	674.963
-2.094395	2.164094	-2.991358	93	12	21	674.864
2.094395	0.831641	0.616218	27	122	115	674.658
-2.879793	2.153910	-1.714959	110	1	20	674.632
0.785398	2.984978	1.954446	31	8	15	674.575
-0.785398	0.496451	0.593859	107	13	127	674.437
-2.617994	1.699788	2.452890	9	5	19	674.418
0.261799	2.108018	1.311430	97	18	18	674.249
-1.047198	1.846342	-1.796954	104	10	24	674.237
-2.356194	0.866395	-2.492918	113	6	15	674.156
0.785398	1.325504	-1.671296	120	5	19	674.140
1.308997	2.407836	1.410646	105	125	123	674.087
1.308997	1.488617	1.159546	108	7	23	674.051
-0.261799	0.297065	2.160177	0	107	112	673.834
-0.785398	1.982574	-1.115518	7	15	29	673.777
1.047198	1.510910	-0.740472	115	113	14	673.770
0.785398	2.637879	2.121598	119	17	30	673.691
1.308997	2.404280	-0.174044	119	110	103	673.642
0.261799	2.393226	1.857173	117	16	28	673.605
0.523599	0.709924	0.218797	26	4	121	673.536
-2.879793	1.545873	-1.877082	114	123	22	673.483
1.570796	0.866395	-2.492918	107	109	117	673.411
2.617994	0.992645	-1.723759	101	123	12	673.348
2.617994	1.846342	-1.796954	104	111	117	673.286
1.047198	2.104282	-0.813972	116	15	30	673.148
2.879793	1.448123	-2.163292	107	126	19	672.902
0.785398	1.194549	-0.801900	19	119	112	672.802
-1.570796	2.349581	-2.702517	90	7	17	672.468
-2.094395	1.134497	-1.109631	13	98	7	672.404
-1.832596	1.977582	0.969896	17	23	15	672.303
-2.094395	0.370812	-2.547742	10	15	113	672.239
-0.261799	1.606104	-0.451151	126	27	23	672.070
-1.832596	2.153910	-1.714959	16	106	21	672.039
1.832596	2.881233	-2.582574	100	11	27	671.865
1.832596	1.448123	-2.163292	112	105	122	671.844
2.617994	0.458961	-0.107937	106	121	109	671.824
-1.570796	1.909857	-0.381669	123	16	19	671.769
-0.261799	2.153910	-1.714959	25	12	14	671.516
-1.570796	0.419640	2.974122	123	116	101	671.455
-1.047198	1.555207	1.708892	5	8	22	671.314
1.308997	1.658653	-2.409879	116	122	29	671.157
-2.879793	2.187132	-0.479875	5	120	30	671.144
2.879793	1.574060	2.783565	107	4	0	671.134
-3.141593	1.433411	-1.035986	120	126	18	671.133
0.261799	1.450119	-2.739050	114	8	30	670.953
2.879793	1.168678	2.108595	123	105	18	670.819
-1.832596	1.214854	-1.966664	10	15	20	670.787
1.832596	0.685216	-1.712745	98	4	9	670.764
-1.832596	1.658653	-2.409879	117	15	29	670.599
-0.785398	1.195355	1.200319	26	15	127	670.306
-2.094395	2.455966	-0.641220	105	118	32	670.180
-1.047198	0.674054	1.013609	107	107	117	670.103
1.308997	1.367556	0.358405	116	25	2	670.042
0.261799	1.045978	0.343692	16	18	0	670.033
1.570796	0.866955	-0.931351	28	120	120	670.008
1.047198	0.458961	-0.107937	32	127	124	670.001
1.570796	1.448123	-2.163292	109	106	122	669.955
-1.832596	2.407836	1.410646	27	8	7	669.888
-2.617994	1.977582	0.969896	35	114	4	669.877
0.261799	1.812176	0.656819	96	17	17	669.845
0.523599	1.555207	1.708892	29	9	120	669.798
0.785398	1.574060	2.783565	11	6	29	669.792
0.785398	2.041297	-2.664597	13	15	4	669.677
-2.879793	1.977582	0.969896	32	112	3	669.653
-0.785398	1.766067	2.153843	2	17	22	669.612
2.879793	2.115563	0.685730	97	1	13	669.477
0.261799	1.113094	-0.272241	106	19	16	669.389
1.308997	2.396274	-1.959260	113	121	120	669.273
2.879793	1.135813	-2.658866	94	117	8	669.223
-2.356194	0.297065	2.160177	103	6	117	669.154
-2.356194	2.704512	1.488683	104	4	22	669.063
-1.570796	0.080730	-2.622036	26	10	15	669.032
-2.617994	2.760637	2.781135	124	112	123	668.330
-2.879793	0.418037	1.360082	14	102	126	668.231
-1.047198	0.910508	1.903534	0	125	103	668.188
1.308997	2.724429	-0.348782	114	106	1	668.044
0.523599	1.977582	0.969896	11	14	15	667.773
1.570796	2.760637	2.781135	118	15	127	667.626
1.047198	0.700570	1.559208	28	17	2	667.482
2.617994	2.356369	3.005869	102	6	8	667.471
-1.308997	1.766067	2.153843	1	12	22	667.361
0.000000	0.961715	0.014085	105	19	10	667.360
-3.141593	2.164094	-2.991358	98	122	31	667.348
1.570796	2.393226	1.857173	101	123	126	667.241
2.617994	1.662363	0.915448	118	113	29	667.191
2.094395	2.299159	2.264663	102	118	125	667.065
1.308997	0.733948	3.021411	7	15	121	666.894
0.523599	1.184361	0.625864	114	125	101	666.871
0.000000	1.836682	-0.676006	119	17	28	666.727
-1.832596	2.164094	-2.991358	6	105	126	666.643
-1.047198	2.984978	1.954446	31	0	14	666.549
-0.785398	1.545873	-1.877082	27	17	9	666.473
-2.617994	1.113094	-0.272241	124	105	113	666.431
2.356194	0.591903	2.010408	20	0	119	666.387
-1.832596	1.128190	-2.288622	11	9	24	666.354
2.617994	1.948085	-2.363031	116	13	19	666.236
-1.832596	2.115563	0.685730	23	117	105	666.126
-1.047198	0.615174	-0.666022	25	16	120	666.115
-3.141593	2.041297	-2.664597	100	125	15	665.977
-0.523599	1.824694	1.850876	126	14	23	665.885
-0.523599	0.899350	-2.069907	118	8	108	665.862
-2.617994	1.721184	-0.153948	12	112	24	665.751
-3.141593	1.168678	2.108595	117	5	115	665.636
-2.356194	2.984978	1.954446	114	7	30	665.479
-1.832596	2.001437	0.381215	25	3	19	665.278
-3.141593	1.242974	-2.977882	29	104	2	665.200
-1.832596	1.870545	-2.976234	111	109	7	665.195
1.570796	2.719179	-1.780644	12	12	22	664.989
2.879793	2.033014	2.977192	100	5	26	664.861
-0.785398	1.606104	-0.451151	123	15	24	664.858
0.000000	2.979456	-1.009304	127	3	34	664.837
1.832596	2.393226	1.857173	105	119	124	664.492
-2.879793	2.393226	1.857173	118	127	29	664.432
0.785398	1.545873	-1.877082	103	118	118	664.240
0.785398	2.343981	-1.040456	121	10	32	664.228
-2.356194	1.014500	0.906702	26	3	119	664.210
-2.617994	1.555207	1.708892	5	2	21	664.129
-1.832596	1.195355	1.200319	20	8	17	663.999
-0.261799	1.870545	-2.976234	106	17	14	663.841
1.308997	1.696674	-1.253233	114	126	24	663.705
-2.356194	1.599406	1.426070	4	5	23	663.699
-1.832596	2.404280	-0.174044	21	9	108	663.580
-1.570796	2.455966	-0.641220	111	12	5	663.528
-0.523599	1.184361	0.625864	112	121	110	663.514
-2.617994	2.089241	-0.114193	7	121	29	663.502
2.879793	1.741644	-2.695914	1	7	30	663.371
-2.879793	1.599406	1.426070	112	0	22	663.286
-0.261799	1.325504	-1.671296	103	23	17	663.253
0.000000	1.809167	1.213774	3	13	22	663.006
1.832596	0.571433	-1.188419	30	119	122	662.774
-3.141593	1.014500	0.906702	21	123	120	662.712
0.523599	1.374601	-2.456031	17	15	121	662.637
-1.047198	0.496451	0.593859	108	13	125	662.525
-1.832596	0.370812	-2.547742	8	17	113	662.357
0.000000	1.506530	1.988858	112	8	23	662.313
-0.523599	2.187132	-0.479875	126	18	30	662.300
-2.879793	1.683268	0.374177	24	122	120	662.221
2.094395	1.506530	1.988858	110	27	8	662.053
-1.308997	0.496451	0.593859	103	6	124	662.043
-3.141593	0.615174	-0.666022	109	120	110	661.966
-1.308997	0.906588	1.252948	108	107	118	661.963
-0.523599	1.869911	2.701025	123	23	20	661.866
0.261799	1.374601	-2.456031	23	14	121	661.814
0.261799	2.073035	2.027405	114	20	24	661.809
-0.261799	1.045978	0.343692	25	9	117	661.808
-0.523599	0.866955	-0.931351	94	9	4	661.793
0.523599	0.866395	-2.492918	17	12	109	661.649
-0.523599	0.992645	-1.723759	5	3	14	661.572
-1.047198	2.104282	-0.813972	36	127	5	661.511
-0.785398	0.864993	2.278281	118	112	120	661.475
1.832596	0.866955	-0.931351	26	126	123	661.244
-1.047198	1.741644	-2.695914	34	7	121	661.132
-1.570796	1.374601	-2.456031	127	7	29	661.040
-1.047198	1.433411	-1.035986	14	17	20	660.983
-1.308997	0.591903	2.010408	123	99	125	660.912
-1.570796	0.709924	0.218797	92	5	13	660.784
1.047198	1.014500	0.906702	113	113	106	660.637
-0.261799	1.025536	1.576859	111	118	121	660.614
1.832596	2.108018	1.311430	112	15	23	660.458
-0.523599	1.510910	-0.740472	10	20	21	660.451
2.617994	0.866395	-2.492918	92	119	7	660.414
-0.261799	2.407836	1.410646	114	17	1	660.373
0.785398	0.418037	1.360082	3	108	114	660.333
1.832596	2.379497	0.561089	123	105	25	660.329
-2.094395	0.640596	-2.797608	0	107	103	660.104
-1.570796	1.662363	0.915448	34	6	11	660.092
-2.617994	1.413430	2.550734	121	120	112	660.040
-0.523599	0.370812	-2.547742	117	13	110	659.977
-1.570796	0.297065	2.160177	110	2	12	659.870
-0.523599	0.910508	1.903534	112	117	120	659.709
0.523599	1.433411	-1.035986	117	102	113	659.606
-1.570796	0.685216	-1.712745	109	6	116	659.546
2.879793	0.203748	0.590255	95	123	122	659.462
2.094395	1.417623	-0.202254	96	1	122	659.399
1.308997	1.301460	-0.509251	20	0	122	659.294
-0.261799	2.588535	-2.976617	20	19	12	659.283
-0.785398	2.033014	2.977192	119	21	21	659.136
-2.356194	1.809167	1.213774	109	108	114	659.132
-1.047198	1.696674	-1.253233	113	24	16	658.994
2.356194	2.724429	-0.348782	1	2	33	658.978
-2.879793	2.138223	1.678323	114	127	27	658.954
-1.308997	0.899350	-2.069907	6	20	18	658.925
0.523599	2.455966	-0.641220	125	11	33	658.907
0.785398	0.866395	-2.492918	101	3	27	658.835
2.617994	2.343981	-1.040456	99	107	5	658.600
2.356194	0.674054	1.013609	21	4	119	658.484
-2.094395	0.618092	2.539118	121	119	102	658.399
-2.356194	1.756530	-2.105156	2	19	24	658.382
2.617994	1.683268	0.374177	99	6	6	658.374
1.308997	2.343981	-1.040456	119	8	33	658.258
2.356194	1.214854	-1.966664	94	6	1	658.220
-3.141593	1.301460	-0.509251	4	115	16	658.165
1.570796	1.450119	-2.739050	114	13	25	658.068
-2.617994	2.247462	0.191623	13	125	27	657.953
-1.308997	0.864993	2.278281	1	124	102	657.871
0.785398	1.374601	-2.456031	13	14	122	657.828
0.000000	2.104282	-0.813972	126	17	30	657.786
-3.141593	0.458961	-0.107937	120	1	101	657.718
0.261799	1.569311	-3.003978	25	14	125	657.697
-0.261799	0.831641	0.616218	25	6	114	657.655
2.356194	1.658653	-2.409879	111	125	31	657.617
2.617994	2.295480	1.008277	103	3	22	657.476
2.094395	1.014500	0.906702	115	10	15	657.316
-2.879793	1.433411	-1.035986	117	111	22	657.303
-0.785398	1.741644	-2.695914	14	10	29	657.292
0.000000	2.724429	-0.348782	94	120	18	657.253
-1.308997	1.014500	0.906702	106	4	120	657.239
1.047198	2.187132	-0.479875	121	104	106	657.236
-0.785398	1.301460	-0.509251	126	16	20	657.234
1.308997	1.948085	-2.363031	96	109	6	657.181
-0.523599	0.674054	1.013609	113	107	118	657.013
-0.785398	0.203748	0.590255	106	7	5	656.947
0.000000	0.762244	-0.273349	109	20	8	656.945
-1.047198	1.599406	1.426070	13	120	20	656.760
2.094395	0.685216	-1.712745	13	5	115	656.688
-2.094395	0.914445	2.687814	36	117	8	656.523
-1.832596	1.846342	-1.796954	124	125	117	656.381
0.000000	1.194549	-0.801900	121	24	17	656.226
2.356194	1.194549	-0.801900	124	127	14	656.104
-1.047198	1.909857	-0.381669	122	11	28	655.873
-3.141593	1.736875	3.023612	23	4	17	655.790
0.523599	2.984978	1.954446	29	8	10	655.724
0.000000	2.343981	-1.040456	127	11	32	655.715
-1.308997	1.662363	0.915448	31	10	12	655.631
-2.879793	1.809167	1.213774	120	114	104	655.323
1.570796	2.404280	-0.174044	120	109	103	655.220
2.617994	1.195355	1.200319	3	119	18	655.206
-1.308997	1.218453	2.777284	121	108	126	655.194
-1.832596	0.906588	1.252948	0	108	101	655.157
-0.785398	0.961715	0.014085	109	7	12	655.129
-2.356194	2.379497	0.561089	14	13	8	655.011
1.308997	2.393226	1.857173	105	0	125	655.005
-3.141593	1.448123	-2.163292	110	123	21	654.909
1.570796	2.863997	0.549740	19	7	16	654.865
-0.785398	2.180315	-1.357379	99	16	14	654.789
-2.356194	1.134796	2.434290	123	116	107	654.764
1.308997	2.108018	1.311430	119	25	116	654.685
-2.094395	2.295480	1.008277	27	7	9	654.359
0.000000	1.683268	0.374177	15	20	3	654.299
2.094395	0.379747	-1.713059	32	116	124	654.298
-1.047198	0.866395	-2.492918	110	8	34	654.183
0.000000	1.128190	-2.288622	112	21	23	654.172
-3.141593	1.545873	-1.877082	113	124	22	653.899
2.094395	0.080730	-2.622036	1	24	111	653.841
0.785398	0.618092	2.539118	93	3	4	653.663
-0.261799	1.599406	1.426070	127	123	112	653.529
2.356194	2.138223	1.678323	111	9	28	653.512
-0.785398	2.174483	2.653697	121	18	23	653.285
-2.879793	1.846342	-1.796954	106	123	18	653.136
0.785398	1.696674	-1.253233	105	11	28	653.066
2.094395	2.180315	-1.357379	96	109	4	652.964
1.570796	1.683268	0.374177	108	109	109	652.712
-2.879793	1.836682	-0.676006	8	119	25	652.697
-2.617994	1.448123	-2.163292	11	11	25	652.526
1.832596	2.587733	0.232235	104	11	22	652.522
-3.141593	0.290380	-0.796960	126	9	104	652.363
0.523599	1.301460	-0.509251	102	15	19	652.327
2.879793	2.455966	-0.641220	2	1	32	652.213
1.047198	1.194549	-0.801900	20	119	112	652.212
-1.832596	1.448123	-2.163292	2	14	25	652.174
-0.261799	0.080730	-2.622036	123	108	101	652.079
0.261799	1.662363	0.915448	117	9	106	652.056
-2.094395	2.588535	-2.976617	0	99	13	652.038
-0.785398	1.721184	-0.153948	116	19	20	652.031
1.832596	0.640596	-2.797608	109	109	111	652.027
-0.523599	0.458961	-0.107937	103	6	5	651.967
2.879793	1.128190	-2.288622	107	124	17	651.936
0.785398	1.135813	-2.658866	19	5	113	651.823
-1.570796	1.218453	2.777284	7	117	105	651.790
-0.261799	2.299159	2.264663	125	33	6	651.743
0.000000	1.909857	-0.381669	113	13	29	651.720
-2.617994	1.510910	-0.740472	124	114	23	651.698
2.879793	0.762244	-0.273349	98	126	5	651.585
-1.570796	1.050534	3.042579	6	112	105	651.569
-2.356194	2.407836	1.410646	106	0	24	651.360
-1.047198	0.831641	0.616218	111	14	0	651.356
2.879793	1.214854	-1.966664	109	124	17	651.344
0.785398	2.104282	-0.813972	118	15	31	651.195
-0.261799	2.984978	1.954446	17	8	29	651.133
-2.356194	0.831641	0.616218	26	1	126	650.914
1.047198	0.866395	-2.492918	99	2	24	650.880
-2.094395	1.218453	2.777284	1	111	107	650.842
2.617994	2.104282	-0.813972	97	109	1	650.722
0.523599	1.134497	-1.109631	15	116	111	650.685
1.570796	0.762244	-0.273349	124	3	13	650.632
-1.832596	1.569311	-3.003978	114	104	9	650.499
-1.832596	1.488617	1.159546	36	4	5	650.440
-3.141593	1.555207	1.708892	108	4	113	650.323
-1.308997	1.168678	2.108595	6	121	105	650.288
-3.141593	2.108018	1.311430	109	126	106	650.202
-3.141593	1.658653	-2.409879	118	118	31	650.138
0.523599	1.846342	-1.796954	112	11	117	650.124
2.094395	0.866395	-2.492918	101	10	114	650.119
1.047198	1.214854	-1.966664	117	122	107	649.973
1.570796	2.295480	1.008277	10	127	22	649.881
-3.141593	1.977582	0.969896	100	127	17	649.837
-1.308997	1.301460	-0.509251	126	24	12	649.735
-0.261799	1.218453	2.777284	8	124	30	649.669
1.308997	0.762244	-0.273349	24	3	123	649.632
-3.141593	1.872854	1.543456	110	125	24	649.362
-2.094395	1.741644	-2.695914	116	11	30	649.238
0.261799	1.310100	1.488307	111	125	115	649.052
0.000000	2.393226	1.857173	119	15	28	648.897
-2.879793	1.510910	-0.740472	117	118	24	648.790
0.000000	0.709924	0.218797	25	0	114	648.779
-1.308997	0.866395	-2.492918	17	16	16	648.746
1.570796	0.992645	-1.723759	100	115	115	648.685
1.832596	2.001437	0.381215	8	8	4	648.529
0.000000	2.455966	-0.641220	26	7	4	648.369
-1.308997	0.914445	2.687814	4	118	103	648.206
-2.094395	2.033014	2.977192	112	108	3	648.182
-0.785398	0.571433	-1.188419	39	0	119	648.160
1.832596	0.370812	-2.547742	127	21	109	647.954
-2.617994	2.356369	3.005869	99	107	11	647.891
-2.879793	2.089241	-0.114193	8	121	28	647.874
-1.570796	0.674054	1.013609	109	8	123	647.832
-2.094395	1.721184	-0.153948	18	7	105	647.621
1.308997	1.448123	-2.163292	111	118	26	647.541
0.785398	2.724429	-0.348782	120	8	35	647.467
-0.523599	1.134497	-1.109631	92	9	4	647.461
0.785398	1.741644	-2.695914	12	15	127	647.397
2.617994	0.370812	-2.547742	102	4	3	647.294
0.261799	1.335669	0.897240	25	19	123	647.292
1.832596	1.440580	2.260026	110	109	110	647.233
-3.141593	2.187132	-0.479875	5	123	30	647.014
2.617994	0.640596	-2.797608	102	120	107	646.985
0.523599	2.404280	-0.174044	14	15	124	646.938
0.261799	0.831641	0.616218	30	3	0	646.725
2.879793	2.404280	-0.174044	5	126	30	646.715
0.261799	0.496451	0.593859	31	1	126	646.645
-2.879793	2.407836	1.410646	111	126	28	646.645
0.000000	1.135813	-2.658866	106	20	125	646.542
-1.308997	1.450119	-2.739050	116	12	31	646.483
1.047198	2.343981	-1.040456	120	6	33	646.469
-2.617994	2.041297	-2.664597	111	17	25	646.442
2.617994	1.599406	1.426070	2	119	22	646.392
0.261799	0.203748	0.590255	36	124	1	646.295
-2.879793	2.587733	0.232235	14	11	16	646.244
-0.523599	1.683268	0.374177	121	7	108	646.236
0.785398	0.640596	-2.797608	98	4	27	646.130
1.570796	1.256302	0.062705	108	18	123	646.121
-2.879793	2.724429	-0.348782	124	127	35	646.068
2.356194	1.433411	-1.035986	120	2	18	645.938
-0.523599	1.736875	3.023612	126	11	34	645.865
-2.356194	1.195355	1.200319	26	4	118	645.793
1.832596	1.872854	1.543456	2	2	108	645.728
1.047198	0.906588	1.252948	28	15	124	645.645
2.356194	1.741644	-2.695914	96	2	126	645.600
0.000000	2.592629	0.909713	8	6	26	645.472
-0.523599	1.325504	-1.671296	107	19	20	645.407
-2.094395	1.450119	-2.739050	121	9	31	645.372
1.047198	1.545873	-1.877082	104	114	118	645.301
-2.617994	0.960688	-0.577532	119	110	112	645.286
-0.261799	2.356369	3.005869	22	20	6	645.204
0.785398	2.760637	2.781135	0	12	33	645.047
-1.308997	2.664082	-1.071402	105	18	6	645.046
-1.832596	1.433411	-1.035986	112	127	16	644.885
1.308997	1.683268	0.374177	116	25	6	644.839
0.523599	1.310100	1.488307	28	4	113	644.789
-1.570796	1.846342	-1.796954	24	21	6	644.761
-1.047198	2.089241	-0.114193	115	20	19	644.657
-1.832596	1.732874	-0.951685	111	0	16	644.653
1.308997	0.419640	2.974122	115	0	101	644.596
1.047198	1.554776	0.100351	16	7	1	644.398
-2.879793	2.164094	-2.991358	109	18	23	644.335
0.261799	1.599406	1.426070	126	18	21	644.286
0.785398	1.982574	-1.115518	112	10	30	644.201
0.785398	2.579248	-2.364801	13	15	21	644.145
0.261799	1.909857	-0.381669	110	13	29	644.106
-0.523599	1.606104	-0.451151	27	18	8	644.069
1.570796	0.496451	0.593859	3	104	119	643.935
1.570796	0.899350	-2.069907	109	108	114	643.869
1.308997	0.458961	-0.107937	26	6	0	643.691
-2.356194	2.404280	-0.174044	3	0	32	643.448
1.047198	1.569311	-3.003978	124	6	31	643.427
-1.308997	2.104282	-0.813972	8	120	30	643.385
1.047198	2.407836	1.410646	118	0	31	643.372
2.356194	1.948085	-2.363031	118	5	33	643.370
2.356194	1.998705	2.370472	103	114	121	643.268
1.047198	2.760637	2.781135	125	14	33	643.152
2.356194	2.247462	0.191623	107	111	110	643.038
-1.047198	1.982574	-1.115518	108	23	11	643.036
0.261799	1.417623	-0.202254	11	16	112	643.002
2.879793	2.164094	-2.991358	102	4	11	642.887
1.832596	1.741644	-2.695914	126	7	30	642.867
2.879793	1.599406	1.426070	101	127	117	642.796
-0.261799	0.370812	-2.547742	32	114	116	642.679
1.047198	2.001437	0.381215	113	127	104	642.613
-1.832596	2.063651	-2.044600	24	15	16	642.536
2.094395	2.455966	-0.641220	117	0	34	642.482
-2.356194	1.824694	1.850876	117	127	28	642.378
-0.261799	0.929350	-2.910676	102	14	1	642.258
-2.094395	1.214854	-1.966664	13	14	20	642.212
2.094395	1.836682	-0.676006	117	8	26	642.196
0.785398	0.619654	-2.216909	7	24	111	642.179
0.261799	0.906588	1.252948	104	118	121	642.147
1.570796	2.115563	0.685730	8	6	15	642.096
-1.308997	1.721184	-0.153948	114	14	10	642.041
1.832596	2.041297	-2.664597	0	127	31	642.022
2.617994	0.899350	-2.069907	101	123	12	642.021
-1.832596	2.455966	-0.641220	37	5	127	641.810
0.000000	1.391910	3.030322	6	122	31	641.786
-0.785398	1.050534	3.042579	3	2	32	641.780
1.570796	1.433411	-1.035986	9	11	3	641.758
0.785398	2.153910	-1.714959	90	4	20	641.694
-2.094395	1.045978	0.343692	26	2	3	641.667
-2.356194	1.247695	1.809890	89	0	13	641.622
-0.523599	1.555207	1.708892	2	13	21	641.524
0.523599	0.370812	-2.547742	94	8	23	641.428
1.832596	1.128190	-2.288622	111	105	119	641.407
-1.047198	1.374601	-2.456031	20	25	3	641.342
-0.523599	1.574060	2.783565	108	12	20	641.335
-0.261799	1.554776	0.100351	113	112	105	641.197
-3.141593	1.766067	2.153843	7	3	22	641.179
0.000000	1.450119	-2.739050	102	17	4	641.143
1.832596	0.458961	-0.107937	110	118	103	641.127
2.356194	2.404280	-0.174044	122	119	33	641.109
2.617994	2.478122	2.609777	103	18	14	641.069
0.523599	0.685216	-1.712745	100	6	112	641.067
2.617994	1.699788	2.452890	106	110	117	641.005
1.047198	0.929350	-2.910676	20	126	110	640.931
2.094395	2.579248	-2.364801	22	2	17	640.925
-0.523599	1.569311	-3.003978	2	14	30	640.849
1.570796	0.850607	-1.335383	16	0	113	640.751
1.047198	1.658653	-2.409879	7	14	1	640.572
2.356194	1.836682	-0.676006	108	119	28	640.535
1.832596	1.050534	3.042579	102	0	109	640.524
-2.094395	2.299159	2.264663	127	100	125	640.523
2.879793	1.977582	0.969896	6	7	119	640.445
-2.356194	1.218453	2.777284	125	110	107	640.439
2.617994	1.168678	2.108595	94	8	1	640.428
-1.832596	1.555207	1.708892	43	123	125	640.412
-3.141593	2.138223	1.678323	111	1	27	640.410
-3.141593	2.299159	2.264663	5	4	24	640.406
-1.308997	2.251330	-2.330739	122	107	16	640.263
-2.356194	2.637879	2.121598	120	3	31	640.152
1.832596	1.824694	1.850876	115	100	122	640.116
-2.879793	1.606104	-0.451151	5	116	22	640.062
-2.094395	1.904882	-1.478089	29	15	1	640.029
-1.832596	2.247462	0.191623	29	125	109	639.884
-1.570796	2.164094	-2.991358	3	12	33	639.595
-2.879793	2.247462	0.191623	13	126	26	639.577
0.261799	0.899350	-2.069907	14	25	118	639.524
-2.356194	1.836682	-0.676006	125	119	28	639.493
0.785398	0.700570	1.559208	33	4	119	639.481
2.879793	1.310100	1.488307	18	109	110	639.455
2.356194	0.080730	-2.622036	99	100	15	639.372
1.047198	1.488617	1.159546	109	9	23	639.338
2.094395	1.450119	-2.739050	109	8	26	639.335
1.047198	0.831641	0.616218	27	11	0	639.288
-2.617994	1.168678	2.108595	114	125	114	639.248
2.879793	0.674054	1.013609	108	26	125	639.228
2.879793	1.134497	-1.109631	120	111	18	639.224
1.047198	0.762244	-0.273349	27	0	122	639.188
0.785398	0.961715	0.014085	27	2	123	638.969
1.570796	2.001437	0.381215	112	23	9	638.844
-3.141593	1.812176	0.656819	26	109	121	638.734
-1.047198	0.929350	-2.910676	127	110	7	638.462
-1.832596	1.545873	-1.877082	122	127	116	638.340
1.570796	1.045978	0.343692	111	21	126	638.320
2.356194	2.592629	0.909713	89	113	3	638.250
-1.047198	1.417623	-0.202254	107	7	10	638.239
-1.832596	0.850607	-1.335383	119	126	111	638.113
-2.356194	2.579248	-2.364801	104	0	36	637.924
-3.141593	0.906588	1.252948	21	123	113	637.885
2.094395	0.850607	-1.335383	26	125	124	637.843
-2.879793	2.579248	-2.364801	27	13	13	637.641
2.356194	2.456751	-1.503343	26	124	7	637.531
0.261799	0.419640	2.974122	96	4	0	637.501
-1.047198	1.510910	-0.740472	20	127	21	637.474
-2.879793	2.104282	-0.813972	1	120	31	637.325
-1.308997	0.418037	1.360082	35	113	3	637.305
2.617994	1.025536	1.576859	14	118	105	637.242
-1.308997	1.050534	3.042579	0	4	33	637.012
0.000000	1.135834	-1.431087	124	6	16	636.996
-2.094395	1.417623	-0.202254	11	19	117	636.935
1.047198	1.242974	-2.977882	10	12	122	636.904
0.000000	0.850607	-1.335383	126	7	13	636.830
-2.094395	1.824694	1.850876	126	122	27	636.824
-3.141593	1.510910	-0.740472	116	121	22	636.774
2.356194	2.393226	1.857173	126	9	26	636.753
2.356194	0.379747	-1.713059	34	119	127	636.680
2.879793	0.914445	2.687814	121	12	118	636.654
2.617994	1.440580	2.260026	107	110	109	636.604
2.094395	1.846342	-1.796954	106	107	124	636.556
-3.141593	1.113094	-0.272241	98	117	120	636.493
1.832596	1.846342	-1.796954	93	109	4	636.454
-0.523599	0.960688	-0.577532	108	19	9	636.267
-0.523599	1.256302	0.062705	101	2	114	636.263
-0.261799	0.203748	0.590255	34	118	127	636.198
-1.308997	0.910508	1.903534	0	123	102	636.147
-2.356194	2.153910	-1.714959	27	17	0	636.133
-1.047198	0.899350	-2.069907	104	12	30	636.007
0.000000	2.299159	2.264663	120	34	7	635.982
-2.617994	2.187132	-0.479875	7	3	30	635.974
0.785398	2.881233	-2.582574	15	16	20	635.943
2.356194	1.824694	1.850876	124	125	24	635.903
0.785398	1.134497	-1.109631	115	28	14	635.902
2.356194	1.184361	0.625864	111	120	103	635.881
0.785398	1.448123	-2.163292	10	15	1	635.866
0.785398	1.683268	0.374177	105	127	109	635.797
-2.879793	0.762244	-0.273349	111	21	11	635.734
2.356194	0.850607	-1.335383	113	103	110	635.693
-3.141593	1.998705	2.370472	108	106	122	635.666
-0.261799	1.433411	-1.035986	13	18	18	635.620
-0.785398	1.554776	0.100351	115	10	110	635.620
-1.832596	0.914445	2.687814	0	118	104	635.598
1.570796	1.134497	-1.109631	25	117	117	635.467
-1.308997	2.455966	-0.641220	127	8	34	635.436
-0.785398	1.846342	-1.796954	8	30	6	635.417
0.785398	2.404280	-0.174044	6	20	122	635.304
-2.617994	1.741644	-2.695914	113	12	30	635.113
-1.832596	1.242974	-2.977882	124	6	33	635.013
-2.094395	1.658653	-2.409879	0	9	29	634.739
-1.047198	2.073035	2.027405	8	117	111	634.707
1.832596	0.419640	2.974122	91	2	16	634.617
0.523599	1.721184	-0.153948	103	20	24	634.436
1.570796	1.218453	2.777284	111	7	32	634.430
-2.094395	2.881233	-2.582574	103	23	10	634.375
2.617994	2.174483	2.653697	101	15	18	634.315
-1.047198	1.168678	2.108595	6	123	104	634.303
-2.356194	1.909857	-0.381669	127	123	30	634.272
-1.047198	2.478122	2.609777	116	12	27	634.191
0.785398	1.662363	0.915448	114	6	27	634.166
-2.356194	1.998705	2.370472	11	0	22	634.127
-1.832596	2.089241	-0.114193	24	6	109	633.965
1.308997	2.984978	1.954446	111	16	4	633.908
-2.879793	1.218453	2.777284	114	114	110	633.821
0.785398	1.113094	-0.272241	7	103	105	633.810
-2.879793	2.404280	-0.174044	9	0	30	633.773
-0.523599	2.104282	-0.813972	2	18	30	633.752
-1.308997	1.440580	2.260026	10	122	105	633.557
-2.356194	2.456751	-1.503343	33	9	8	633.404
2.356194	2.881233	-2.582574	123	19	6	633.338
0.523599	2.247462	0.191623	95	119	12	633.251
-2.617994	1.506530	1.988858	6	124	21	633.248
-3.141593	1.909857	-0.381669	121	110	30	633.192
-2.094395	2.041297	-2.664597	28	127	2	633.185
-2.094395	2.089241	-0.114193	11	119	29	633.172
0.523599	1.128190	-2.288622	18	14	119	632.942
0.261799	1.448123	-2.163292	99	16	24	632.920
-1.308997	0.458961	-0.107937	95	7	0	632.871
2.617994	1.448123	-2.163292	106	1	19	632.810
0.261799	1.574060	2.783565	10	125	28	632.599
0.785398	1.766067	2.153843	104	14	117	632.529
2.356194	0.615174	-0.666022	106	117	108	632.506
-2.879793	1.335669	0.897240	21	125	120	632.497
0.523599	0.618092	2.539118	96	6	4	632.437
-0.523599	2.180315	-1.357379	10	9	29	632.399
-2.879793	1.045978	0.343692	22	127	118	632.350
2.356194	0.496451	0.593859	28	3	119	632.201
1.832596	2.588535	-2.976617	116	20	9	632.111
-0.785398	1.732874	-0.951685	9	19	25	632.073
-0.785398	1.872854	1.543456	118	4	121	631.982
-2.879793	1.168678	2.108595	118	3	115	631.975
-1.570796	1.606104	-0.451151	113	3	16	631.907
-0.785398	1.413430	2.550734	35	8	121	631.881
-0.523599	1.135834	-1.431087	106	25	12	631.854
0.000000	1.335669	0.897240	121	21	22	631.842
2.879793	1.909857	-0.381669	97	109	1	631.765
1.570796	1.812176	0.656819	106	113	109	631.697
1.570796	0.960688	-0.577532	26	126	119	631.645
1.047198	1.948085	-2.363031	114	118	118	631.543
-0.785398	0.910508	1.903534	113	115	119	631.372
-2.356194	2.104282	-0.813972	29	7	114	631.200
1.047198	1.809167	1.213774	6	5	18	631.014
2.879793	0.618092	2.539118	96	0	7	631.013
-2.879793	2.664082	-1.071402	103	2	30	631.006
1.047198	2.174483	2.653697	12	21	14	630.959
-1.047198	1.574060	2.783565	12	105	126	630.913
-1.047198	0.762244	-0.273349	22	22	121	630.799
0.785398	2.063651	-2.044600	112	0	117	630.790
-0.523599	1.128190	-2.288622	101	2	32	630.594
1.570796	1.194549	-0.801900	25	122	115	630.535
-1.308997	2.299159	2.264663	18	2	24	630.385
-0.261799	1.335669	0.897240	122	23	23	630.359
2.094395	1.766067	2.153843	99	120	117	630.343
0.785398	2.115563	0.685730	104	116	3	630.282
-0.785398	1.113094	-0.272241	114	24	8	630.139
0.523599	1.812176	0.656819	5	27	9	630.125
-1.308997	1.214854	-1.966664	31	15	127	630.092
-2.879793	1.875281	0.107086	19	116	104	629.949
1.047198	2.247462	0.191623	14	14	124	629.825
0.000000	1.998705	2.370472	121	34	1	629.739
-2.879793	2.592629	0.909713	94	119	18	629.608
0.785398	1.301460	-0.509251	91	10	16	629.582
0.000000	1.846342	-1.796954	121	116	18	629.533
2.617994	1.134796	2.434290	92	5	7	629.486
2.094395	1.658653	-2.409879	120	101	127	629.452
1.047198	1.504028	0.636812	5	8	11	629.379
-3.141593	1.214854	-1.966664	98	99	125	629.286
0.785398	1.488617	1.159546	116	12	22	629.058
-0.785398	2.719179	-1.780644	3	24	1	628.982
0.785398	1.554776	0.100351	123	112	105	628.940
-3.141593	0.910508	1.903534	124	104	16	628.897
2.094395	0.899350	-2.069907	103	8	11	628.859
-1.832596	2.881233	-2.582574	8	24	7	628.836
1.570796	2.343981	-1.040456	119	0	33	628.714
0.000000	1.504028	0.636812	17	20	5	628.714
-2.094395	1.982574	-1.115518	115	127	24	628.627
0.261799	1.391910	3.030322	5	0	32	628.625
0.523599	0.379747	-1.713059	7	24	111	628.613
-1.047198	1.554776	0.100351	120	21	15	628.427
1.047198	1.741644	-2.695914	125	1	29	628.283
-0.523599	1.433411	-1.035986	13	19	18	628.231
2.617994	1.218453	2.777284	108	110	107	628.212
-2.617994	1.732874	-0.951685	125	117	27	627.826
0.785398	1.450119	-2.739050	117	121	34	627.777
0.261799	1.554776	0.100351	110	119	108	627.614
-0.523599	1.195355	1.200319	123	22	19	627.585
-1.308997	1.195355	1.200319	0	12	21	627.546
-1.308997	0.961715	0.014085	121	21	4	627.510
-2.094395	1.335669	0.897240	5	102	7	627.496
0.785398	1.756530	-2.105156	11	16	3	627.476
2.617994	0.831641	0.616218	23	1	116	627.336
2.356194	2.664082	-1.071402	12	10	21	627.320
2.617994	1.504028	0.636812	110	112	106	627.287
-0.785398	1.367556	0.358405	123	8	106	627.243
1.047198	1.606104	-0.451151	1	103	104	627.239
2.356194	2.719179	-1.780644	97	1	30	627.232
-2.879793	0.419640	2.974122	16	2	5	627.139
-1.570796	1.699788	2.452890	2	108	119	627.091
-2.879793	1.417623	-0.202254	9	115	19	627.012
-2.617994	0.080730	-2.622036	35	127	3	626.901
1.047198	1.683268	0.374177	1	115	102	626.888
-0.261799	0.961715	0.014085	111	20	11	626.855
-1.570796	2.251330	-2.330739	110	10	31	626.849
-1.308997	2.063651	-2.044600	18	21	13	626.794
1.832596	2.343981	-1.040456	101	127	33	626.722
1.047198	1.128190	-2.288622	101	124	25	626.681
2.356194	1.504028	0.636812	107	115	107	626.672
2.879793	2.251330	-2.330739	10	24	19	626.647
1.047198	1.982574	-1.115518	112	9	29	626.531
-1.047198	2.979456	-1.009304	102	16	3	626.490
-1.570796	0.910508	1.903534	126	124	103	626.465
-2.617994	0.831641	0.616218	106	0	13	626.440
0.000000	1.736875	3.023612	102	13	15	626.434
-3.141593	0.866395	-2.492918	104	127	7	626.360
-2.879793	1.128190	-2.288622	104	99	121	626.354
-2.617994	1.824694	1.850876	14	123	21	626.349
2.617994	1.812176	0.656819	98	5	12	626.323
1.047198	1.766067	2.153843	97	17	17	626.227
1.832596	2.089241	-0.114193	110	19	1	626.209
2.617994	1.574060	2.783565	109	13	30	626.155
1.308997	1.662363	0.915448	112	0	27	626.118
2.617994	1.756530	-2.105156	122	125	32	626.097
-1.047198	1.569311	-3.003978	0	28	13	626.078
-0.261799	1.809167	1.213774	29	17	2	626.032
-0.523599	0.850607	-1.335383	2	7	13	626.016
1.308997	1.812176	0.656819	117	25	10	626.008
-2.356194	1.413347	-1.339188	28	13	127	625.963
2.617994	2.299159	2.264663	102	111	126	625.868
2.879793	0.370812	-2.547742	33	114	126	625.728
1.832596	2.174483	2.653697	94	11	25	625.676
1.047198	1.696674	-1.253233	108	12	26	625.571
0.785398	2.379497	0.561089	99	119	3	625.431
-0.261799	1.875281	0.107086	20	17	2	625.428
-2.356194	1.450119	-2.739050	118	8	33	625.373
2.094395	1.741644	-2.695914	3	125	30	625.289
0.523599	2.664082	-1.071402	6	0	31	625.145
2.094395	1.998705	2.370472	101	119	122	625.076
-1.832596	0.831641	0.616218	92	5	10	624.998
2.094395	1.135834	-1.431087	102	110	21	624.925
-0.523599	1.904882	-1.478089	14	13	24	624.897
-1.832596	2.104282	-0.813972	112	6	15	624.877
1.047198	1.662363	0.915448	112	3	27	624.862
2.356194	1.617114	-1.572037	102	120	115	624.811
-2.617994	1.606104	-0.451151	26	127	108	624.811
-2.094395	1.977582	0.969896	19	19	14	624.806
-2.356194	2.343981	-1.040456	116	7	25	624.796
-1.308997	2.174483	2.653697	27	16	9	624.708
-1.308997	1.554776	0.100351	28	9	13	624.531
0.000000	0.615174	-0.666022	107	8	12	624.526
-2.879793	2.979456	-1.009304	18	6	29	624.491
2.094395	2.664082	-1.071402	107	126	35	624.432
-0.261799	1.301460	-0.509251	117	20	19	624.417
1.047198	2.153910	-1.714959	110	3	119	624.412
0.000000	0.866395	-2.492918	28	0	109	624.299
2.356194	2.295480	1.008277	105	10	22	624.295
-0.785398	1.433411	-1.035986	105	24	6	624.222
2.617994	0.674054	1.013609	16	2	114	624.005
2.356194	2.343981	-1.040456	96	109	6	623.976
-1.047198	2.760637	2.781135	118	13	30	623.914
0.785398	0.674054	1.013609	27	12	5	623.861
2.356194	1.662363	0.915448	101	6	18	623.788
2.094395	1.736875	3.023612	117	17	27	623.724
0.785398	1.135834	-1.431087	94	10	120	623.699
-0.261799	2.247462	0.191623	15	20	11	623.695
0.261799	1.836682	-0.676006	113	15	28	623.653
-2.617994	1.301460	-0.509251	104	114	120	623.637
-1.832596	1.194549	-0.801900	126	115	111	623.603
1.570796	0.571433	-1.188419	30	117	123	623.561
-2.879793	2.174483	2.653697	22	0	1	623.498
-3.141593	1.413347	-1.339188	114	110	23	623.487
-0.261799	1.909857	-0.381669	124	23	28	623.435
-2.094395	1.545873	-1.877082	4	14	23	623.427
0.261799	1.872854	1.543456	26	19	7	623.356
-2.356194	0.864993	2.278281	120	122	105	623.340
-1.308997	1.025536	1.576859	127	13	16	623.336
0.523599	1.256302	0.062705	9	23	125	623.243
2.094395	1.904882	-1.478089	96	108	1	623.201
-1.570796	1.569311	-3.003978	114	107	11	623.196
0.261799	1.736875	3.023612	7	120	28	623.136
-0.523599	1.699788	2.452890	33	13	0	623.015
2.356194	2.104282	-0.813972	121	124	30	622.987
0.000000	0.899350	-2.069907	97	2	30	622.931
-1.570796	0.899350	-2.069907	12	17	17	622.810
0.785398	2.089241	-0.114193	113	126	104	622.736
0.261799	2.180315	-1.357379	95	8	28	622.695
0.000000	1.014500	0.906702	13	22	4	622.667
-0.261799	1.812176	0.656819	123	10	109	622.652
1.308997	1.413430	2.550734	0	9	31	622.642
-1.047198	1.875281	0.107086	109	8	15	622.607
2.094395	0.733948	3.021411	91	2	12	622.581
-1.308997	2.587733	0.232235	20	12	115	622.547
-1.308997	0.762244	-0.273349	24	18	120	622.513
2.879793	0.866395	-2.492918	16	4	120	622.434
-2.879793	1.948085	-2.363031	0	19	25	622.403
-2.356194	1.766067	2.153843	21	126	16	622.291
1.308997	1.545873	-1.877082	107	111	118	622.267
-2.617994	1.809167	1.213774	108	112	114	622.255
-0.785398	2.089241	-0.114193	116	14	29	622.177
-0.261799	1.506530	1.988858	125	18	22	622.087
-3.141593	2.379497	0.561089	22	107	121	622.087
-2.094395	1.194549	-0.801900	126	115	110	622.069
-1.308997	1.128190	-2.288622	124	7	109	622.061
0.000000	1.606104	-0.451151	114	17	25	622.052
1.832596	0.615174	-0.666022	105	127	108	621.921
0.523599	0.458961	-0.107937	33	120	125	621.903
1.570796	2.089241	-0.114193	127	108	101	621.855
-2.617994	2.063651	-2.044600	28	16	6	621.840
-2.356194	1.555207	1.708892	25	124	15	621.749
-2.356194	1.574060	2.783565	127	108	112	621.699
2.879793	1.982574	-1.115518	99	121	25	621.689
-1.570796	0.203748	0.590255	95	127	3	621.643
-1.832596	0.203748	0.590255	110	8	104	621.617
-2.356194	1.135834	-1.431087	122	125	19	621.554
2.094395	1.391910	3.030322	101	8	26	621.553
1.832596	1.301460	-0.509251	100	2	119	621.528
-0.261799	2.379497	0.561089	10	32	127	621.337
0.785398	0.850607	-1.335383	16	112	113	621.311
-2.879793	1.872854	1.543456	113	4	23	621.137
-2.094395	0.831641	0.616218	26	8	119	621.129
-0.785398	0.290380	-0.796960	26	8	112	621.083
-1.570796	2.089241	-0.114193	21	124	25	621.063
-2.356194	1.367556	0.358405	1	99	125	621.028
0.261799	0.370812	-2.547742	33	119	116	621.006
0.785398	0.762244	-0.273349	16	13	122	621.004
1.570796	1.617114	-1.572037	7	121	24	620.801
-0.785398	0.929350	-2.910676	33	12	0	620.794
-2.617994	0.370812	-2.547742	121	110	102	620.785
2.356194	2.349581	-2.702517	124	103	17	620.734
-1.308997	1.325504	-1.671296	27	19	127	620.630
2.879793	0.290380	-0.796960	127	10	105	620.617
-3.141593	2.455966	-0.641220	114	7	32	620.585
-1.832596	0.709924	0.218797	94	10	13	620.564
-0.523599	2.664082	-1.071402	13	5	30	620.493
-1.832596	1.736875	3.023612	120	101	4	620.478
-0.261799	1.440580	2.260026	117	14	23	620.453
-1.047198	2.356369	3.005869	25	18	11	620.415
0.523599	1.335669	0.897240	111	9	23	620.365
0.000000	1.574060	2.783565	102	12	16	620.308
1.308997	0.674054	1.013609	91	110	121	620.250
-2.094395	1.367556	0.358405	3	101	126	620.199
2.356194	0.733948	3.021411	93	125	14	620.165
-2.879793	0.929350	-2.910676	118	1	36	620.108
1.308997	0.615174	-0.666022	13	12	119	620.009
1.308997	1.599406	1.426070	89	109	4	619.996
1.308997	2.349581	-2.702517	7	14	3	619.954
-2.356194	1.440580	2.260026	123	119	112	619.918
0.523599	1.872854	1.543456	23	21	10	619.911
0.523599	1.135834	-1.431087	121	9	16	619.890
0.785398	1.599406	1.426070	102	7	24	619.853
-0.523599	2.579248	-2.364801	23	9	20	619.711
-0.261799	0.591903	2.010408	127	111	110	619.665
1.570796	2.108018	1.311430	121	20	21	619.576
2.094395	1.504028	0.636812	10	97	10	619.537
0.261799	2.063651	-2.044600	112	13	120	619.516
-1.308997	1.606104	-0.451151	121	18	16	619.498
1.832596	1.413347	-1.339188	125	126	16	619.497
-0.523599	0.615174	-0.666022	15	27	119	619.473
1.308997	1.766067	2.153843	101	6	117	619.461
-1.832596	2.033014	2.977192	125	101	4	619.451
1.047198	0.961715	0.014085	7	106	105	619.420
-1.570796	1.310100	1.488307	10	112	17	619.414
-1.570796	0.615174	-0.666022	104	114	118	619.377
-2.094395	0.203748	0.590255	26	5	110	619.273
2.879793	2.104282	-0.813972	108	120	31	619.266
2.879793	0.960688	-0.577532	7	120	12	619.083
0.523599	2.164094	-2.991358	18	14	2	619.073
0.261799	2.407836	1.410646	109	12	126	618.986
2.879793	1.374601	-2.456031	104	127	15	618.901
-0.261799	1.741644	-2.695914	105	19	10	618.828
0.000000	2.187132	-0.479875	119	12	32	618.813
-0.261799	1.617114	-1.572037	102	21	20	618.788
2.617994	2.251330	-2.330739	95	125	26	618.651
1.308997	2.760637	2.781135	95	11	23	618.624
0.261799	1.014500	0.906702	107	12	20	618.583
2.617994	1.433411	-1.035986	125	0	18	618.578
-0.523599	2.164094	-2.991358	106	16	15	618.371
0.261799	1.134497	-1.109631	107	18	16	618.344
0.261799	0.709924	0.218797	23	4	115	618.323
-0.261799	0.709924	0.218797	125	34	123	618.246
-0.261799	1.050534	3.042579	8	2	32	618.103
-2.617994	1.218453	2.777284	120	112	108	618.037
2.094395	2.478122	2.609777	101	11	7	617.846
2.617994	1.247695	1.809890	95	9	124	617.800
2.356194	1.699788	2.452890	101	115	118	617.800
2.617994	1.413347	-1.339188	109	108	24	617.782
-0.523599	2.704512	1.488683	13	6	29	617.759
0.785398	2.478122	2.609777	19	17	15	617.755
1.308997	0.850607	-1.335383	127	2	13	617.672
1.047198	2.379497	0.561089	11	6	20	617.648
2.356194	0.419640	2.974122	8	125	7	617.579
0.523599	0.831641	0.616218	8	25	0	617.568
-0.261799	0.619654	-2.216909	124	33	121	617.568
0.261799	1.875281	0.107086	110	125	106	617.546
1.308997	2.063651	-2.044600	104	7	118	617.470
0.785398	2.393226	1.857173	111	12	29	617.465
2.356194	0.709924	0.218797	117	127	101	617.420
1.308997	1.135834	-1.431087	109	127	17	617.406
-0.523599	1.909857	-0.381669	0	22	28	617.346
-1.308997	1.506530	1.988858	39	3	122	617.330
2.356194	1.683268	0.374177	99	9	6	617.325
-2.094395	1.433411	-1.035986	25	17	121	617.319
2.356194	1.766067	2.153843	105	26	9	616.941
-1.308997	1.448123	-2.163292	37	3	1	616.860
0.261799	0.992645	-1.723759	122	21	15	616.826
2.356194	2.041297	-2.664597	117	10	32	616.785
-1.047198	1.367556	0.358405	118	23	3	616.742
-2.879793	1.247695	1.809890	127	108	19	616.677
1.308997	2.356369	3.005869	114	107	9	616.648
-2.617994	1.433411	-1.035986	121	120	20	616.629
-1.308997	2.247462	0.191623	5	105	4	616.621
0.000000	0.379747	-1.713059	19	16	116	616.588
-1.570796	2.719179	-1.780644	98	13	9	616.587
-1.832596	1.417623	-0.202254	17	116	23	616.527
0.261799	0.961715	0.014085	98	20	5	616.522
0.261799	0.619654	-2.216909	23	10	112	616.513
-0.523599	1.301460	-0.509251	122	19	20	616.416
1.308997	1.184361	0.625864	108	23	3	616.408
0.261799	1.413347	-1.339188	113	18	23	616.371
-1.047198	2.153910	-1.714959	27	13	2	616.215
-3.141593	1.662363	0.915448	26	109	120	616.199
-0.261799	2.760637	2.781135	36	123	13	616.181
-2.617994	2.587733	0.232235	36	119	12	616.109
-3.141593	0.700570	1.559208	17	1	110	616.038
-0.523599	0.618092	2.539118	5	111	111	616.011
-2.879793	1.374601	-2.456031	104	98	123	615.885
0.785398	2.664082	-1.071402	126	4	33	615.883
-1.832596	2.588535	-2.976617	89	8	13	615.869
2.617994	0.419640	2.974122	105	8	6	615.863
1.832596	1.168678	2.108595	12	125	113	615.686
-1.047198	1.135813	-2.658866	21	23	126	615.680
1.308997	1.756530	-2.105156	115	116	114	615.558
0.523599	1.135813	-2.658866	22	6	113	615.513
-3.141593	1.606104	-0.451151	1	114	23	615.498
-1.832596	2.456751	-1.503343	111	16	16	615.430
-1.047198	2.455966	-0.641220	6	11	32	615.174
-2.617994	2.637879	2.121598	119	3	31	615.160
1.047198	2.592629	0.909713	119	118	120	615.122
1.570796	2.455966	-0.641220	120	127	33	615.105
1.047198	1.184361	0.625864	120	109	120	615.004
2.617994	1.310100	1.488307	121	121	19	614.988
0.785398	2.299159	2.264663	14	24	10	614.981
0.785398	1.256302	0.062705	20	7	126	614.962
2.356194	0.619654	-2.216909	101	7	2	614.908
2.617994	2.164094	-2.991358	114	12	31	614.817
2.879793	0.709924	0.218797	114	20	12	614.766
0.261799	0.866955	-0.931351	105	5	14	614.573
-2.356194	1.506530	1.988858	6	117	22	614.565
-2.356194	0.914445	2.687814	122	114	104	614.540
1.308997	1.736875	3.023612	12	7	28	614.502
2.356194	1.413347	-1.339188	123	127	19	614.483
-1.832596	2.108018	1.311430	28	11	4	614.438
-1.570796	1.194549	-0.801900	126	17	13	614.267
2.094395	0.419640	2.974122	109	110	108	614.251
-2.356194	1.242974	-2.977882	28	121	112	614.243
1.308997	0.640596	-2.797608	23	2	117	614.242
1.570796	1.510910	-0.740472	117	111	17	614.152
-2.879793	0.290380	-0.796960	110	0	109	613.817
-3.141593	0.733948	3.021411	110	126	106	613.759
1.308997	1.045978	0.343692	119	25	126	613.692
-2.356194	0.080730	-2.622036	114	124	100	613.585
-0.523599	2.073035	2.027405	120	5	26	613.548
2.356194	1.812176	0.656819	98	6	13	613.499
2.617994	1.766067	2.153843	100	24	10	613.470
-2.617994	2.664082	-1.071402	27	9	6	613.325
-2.617994	2.001437	0.381215	32	119	2	613.314
-1.047198	1.450119	-2.739050	117	7	32	613.260
-0.261799	1.756530	-2.105156	119	19	117	613.252
-0.261799	1.683268	0.374177	122	5	107	613.241
2.879793	1.872854	1.543456	108	125	25	613.194
2.617994	1.555207	1.708892	127	126	21	613.136
-1.832596	2.299159	2.264663	2	122	30	613.059
-2.617994	1.135834	-1.431087	124	121	19	613.035
0.000000	1.374601	-2.456031	115	18	27	612.849
-0.785398	1.417623	-0.202254	114	24	11	612.819
2.356194	2.979456	-1.009304	22	2	11	612.746
-2.356194	1.617114	-1.572037	113	1	18	612.693
-2.617994	1.367556	0.358405	110	6	107	612.671
-2.879793	0.914445	2.687814	113	119	107	612.479
1.308997	1.310100	1.488307	15	17	14	612.427
0.523599	1.195355	1.200319	102	119	122	612.399
2.617994	2.579248	-2.364801	91	123	13	612.381
-2.879793	2.349581	-2.702517	103	125	35	612.361
2.617994	2.033014	2.977192	91	0	25	612.330
-2.356194	1.374601	-2.456031	125	15	32	612.277
2.879793	2.379497	0.561089	6	106	27	612.255
0.785398	0.709924	0.218797	7	23	123	612.094
1.308997	1.413347	-1.339188	117	119	19	612.051
-2.094395	1.504028	0.636812	4	101	4	612.010
1.047198	1.301460	-0.509251	116	100	117	612.000
-2.356194	1.025536	1.576859	7	3	15	611.966
-1.047198	0.419640	2.974122	8	19	114	611.880
1.570796	0.290380	-0.796960	34	123	126	611.852
2.356194	2.863997	0.549740	115	111	103	611.697
-0.785398	1.242974	-2.977882	33	11	6	611.629
1.308997	1.904882	-1.478089	109	2	117	611.586
0.785398	1.569311	-3.003978	14	14	127	611.559
1.570796	0.203748	0.590255	93	3	2	611.531
-1.047198	2.174483	2.653697	24	22	7	611.510
-1.047198	2.187132	-0.479875	35	119	0	611.494
0.785398	1.433411	-1.035986	122	100	112	611.474
1.047198	1.367556	0.358405	101	123	107	611.355
-1.308997	2.456751	-1.503343	15	115	28	611.312
-3.141593	0.850607	-1.335383	109	112	107	611.240
1.047198	0.496451	0.593859	28	10	1	611.020
-3.141593	0.496451	0.593859	108	112	110	610.926
-1.570796	0.864993	2.278281	1	119	102	610.925
-1.047198	0.203748	0.590255	102	9	125	610.905
1.047198	1.977582	0.969896	108	120	117	610.894
-0.523599	2.979456	-1.009304	99	114	17	610.843
-2.879793	2.455966	-0.641220	125	123	34	610.824
-2.356194	2.180315	-1.357379	29	13	122	610.805
-3.141593	1.869911	2.701025	96	109	0	610.709
1.308997	0.370812	-2.547742	105	117	109	610.632
1.047198	1.699788	2.452890	12	8	28	610.553
0.261799	1.721184	-0.153948	106	15	26	610.541
-1.832596	1.756530	-2.105156	26	17	11	610.499
-0.523599	2.760637	2.781135	121	10	33	610.339
-2.617994	0.992645	-1.723759	111	1	15	610.300
-2.094395	2.187132	-0.479875	27	9	114	610.186
2.356194	1.325504	-1.671296	112	0	20	610.140
-2.356194	2.299159	2.264663	122	102	125	610.131
-1.570796	0.733948	3.021411	0	113	103	609.939
2.617994	2.724429	-0.348782	124	2	34	609.854
-0.785398	2.138223	1.678323	11	15	22	609.796
2.356194	1.247695	1.809890	0	2	106	609.735
2.879793	1.134796	2.434290	91	124	7	609.731
-0.261799	1.836682	-0.676006	0	23	27	609.726
-1.570796	1.721184	-0.153948	27	2	17	609.595
1.308997	1.195355	1.200319	15	16	11	609.553
-0.523599	2.984978	1.954446	11	3	32	609.542
0.000000	0.496451	0.593859	26	7	118	609.520
1.308997	2.115563	0.685730	112	8	106	609.414
1.308997	2.104282	-0.813972	119	19	29	609.386
1.047198	2.063651	-2.044600	112	125	118	609.100
-1.308997	2.760637	2.781135	117	4	33	609.048
-0.523599	1.050534	3.042579	3	0	33	609.002
-2.879793	1.413347	-1.339188	23	23	0	608.812
-3.141593	1.247695	1.809890	1	119	20	608.718
0.000000	0.910508	1.903534	23	115	113	608.676
1.047198	1.574060	2.783565	7	3	30	608.673
1.047198	0.866955	-0.931351	25	117	117	608.577
-1.570796	2.724429	-0.348782	35	6	2	608.557
0.261799	2.588535	-2.976617	23	13	16	608.437
-0.523599	1.982574	-1.115518	18	16	22	608.377
0.785398	1.391910	3.030322	19	14	125	608.343
-0.261799	1.977582	0.969896	14	17	16	608.328
-2.617994	1.812176	0.656819	32	117	124	608.312
2.094395	0.458961	-0.107937	124	11	13	608.304
-0.261799	2.579248	-2.364801	111	18	2	608.303
1.047198	2.115563	0.685730	120	110	0	608.281
-1.308997	1.113094	-0.272241	123	22	8	608.158
-0.261799	0.906588	1.252948	29	10	0	608.136
-0.523599	1.870545	-2.976234	109	20	14	608.121
1.047198	1.450119	-2.739050	8	13	1	608.091
-0.261799	2.719179	-1.780644	10	0	30	607.964
1.308997	1.050534	3.042579	6	10	113	607.919
-1.308997	0.866955	-0.931351	8	12	12	607.836
2.879793	1.510910	-0.740472	114	123	23	607.786
2.356194	1.218453	2.777284	107	112	107	607.725
0.523599	1.242974	-2.977882	25	14	127	607.626
2.617994	1.909857	-0.381669	123	127	28	607.561
-0.785398	1.904882	-1.478089	32	8	9	607.490
-1.308997	2.349581	-2.702517	25	3	18	607.465
2.094395	0.709924	0.218797	91	104	126	607.329
1.047198	1.374601	-2.456031	109	124	29	607.270
-3.141593	2.295480	1.008277	124	108	104	607.267
-1.047198	0.297065	2.160177	114	5	104	607.242
-1.832596	1.367556	0.358405	8	100	124	607.158
-1.832596	0.700570	1.559208	5	16	107	607.152
1.832596	2.138223	1.678323	121	3	27	607.098
0.523599	1.824694	1.850876	21	21	127	606.996
1.047198	0.709924	0.218797	29	5	124	606.989
0.523599	2.295480	1.008277	0	22	112	606.810
2.617994	1.824694	1.850876	122	126	110	606.791
0.785398	1.014500	0.906702	123	5	16	606.783
0.261799	1.325504	-1.671296	119	22	113	606.640
-0.785398	2.760637	2.781135	122	8	33	606.575
2.356194	1.510910	-0.740472	115	0	22	606.507
1.832596	1.812176	0.656819	104	16	12	606.466
2.617994	1.374601	-2.456031	97	1	125	606.456
2.879793	1.662363	0.915448	100	0	16	606.441
2.879793	1.391910	3.030322	107	108	110	606.392
-2.879793	1.982574	-1.115518	119	3	24	606.358
2.879793	2.396274	-1.959260	101	125	30	606.344
-2.879793	1.242974	-2.977882	1	108	100	606.323
2.356194	1.413430	2.550734	103	117	112	606.246
-1.047198	2.724429	-0.348782	26	20	3	606.195
2.879793	2.299159	2.264663	4	1	25	606.113
2.356194	1.569311	-3.003978	4	16	31	606.008
0.261799	0.685216	-1.712745	12	27	117	606.007
-0.523599	2.033014	2.977192	123	4	35	605.975
-2.617994	2.349581	-2.702517	112	10	31	605.970
-1.570796	0.591903	2.010408	120	124	102	605.877
0.785398	2.180315	-1.357379	113	6	34	605.831
-1.570796	2.478122	2.609777	127	0	33	605.822
-0.785398	0.866395	-2.492918	108	6	34	605.796
1.308997	2.164094	-2.991358	4	16	2	605.682
-3.141593	0.866955	-0.931351	110	126	112	605.668
-0.261799	1.736875	3.023612	124	11	34	605.642
2.094395	1.606104	-0.451151	94	122	123	605.611
-0.785398	1.875281	0.107086	114	20	19	605.580
2.879793	2.153910	-1.714959	107	6	20	605.503
-0.261799	2.187132	-0.479875	18	17	127	605.501
-3.141593	2.396274	-1.959260	98	123	15	605.437
-1.570796	2.393226	1.857173	27	14	8	605.435
0.000000	2.356369	3.005869	111	14	27	605.184
-2.617994	1.488617	1.159546	13	0	23	605.168
0.523599	1.413347	-1.339188	115	102	117	605.056
1.047198	1.836682	-0.676006	120	116	18	604.989
-1.832596	1.824694	1.850876	6	4	24	604.965
2.879793	0.850607	-1.335383	106	124	13	604.931
0.261799	1.741644	-2.695914	116	115	30	604.930
1.570796	1.870545	-2.976234	16	10	26	604.787
-0.785398	0.850607	-1.335383	103	22	11	604.782
2.879793	2.001437	0.381215	4	101	23	604.743
-2.617994	1.247695	1.809890	37	111	116	604.732
-0.785398	2.407836	1.410646	14	13	24	604.686
-2.356194	1.658653	-2.409879	127	15	28	604.677
1.308997	1.113094	-0.272241	9	102	111	604.492
2.094395	0.992645	-1.723759	98	126	15	604.486
-1.570796	1.948085	-2.363031	116	9	31	604.378
-1.308997	2.881233	-2.582574	5	2	33	604.376
-1.832596	1.982574	-1.115518	109	127	19	604.341
0.261799	2.356369	3.005869	29	2	6	604.328
-1.047198	1.606104	-0.451151	118	20	17	604.218
2.356194	2.760637	2.781135	122	117	30	604.079
-1.308997	0.297065	2.160177	115	10	104	604.005
-1.570796	2.356369	3.005869	0	7	34	604.002
-1.308997	0.929350	-2.910676	0	8	34	603.971
1.570796	1.875281	0.107086	4	110	100	603.970
2.094395	1.824694	1.850876	109	27	4	603.961
-0.785398	0.297065	2.160177	10	19	115	603.884
1.570796	0.910508	1.903534	124	19	25	603.843
1.570796	1.168678	2.108595	14	126	115	603.840
-2.094395	0.700570	1.559208	9	5	13	603.837
2.094395	1.809167	1.213774	123	120	26	603.836
2.617994	0.203748	0.590255	119	3	102	603.786
-0.523599	1.696674	-1.253233	9	20	24	603.764
2.879793	1.869911	2.701025	106	109	121	603.613
-2.094395	2.108018	1.311430	120	7	28	603.578
-2.094395	1.554776	0.100351	13	6	102	603.561
-2.617994	1.870545	-2.976234	8	3	32	603.456
-2.356194	1.301460	-0.509251	39	126	122	603.297
1.570796	1.909857	-0.381669	5	103	105	603.264
0.261799	0.910508	1.903534	117	22	16	603.188
1.308997	0.914445	2.687814	21	2	124	603.155
2.617994	0.496451	0.593859	26	4	119	603.087
2.356194	1.310100	1.488307	125	0	18	603.084
1.570796	1.756530	-2.105156	94	111	2	603.070
0.261799	1.050534	3.042579	6	3	33	603.020
0.523599	2.104282	-0.813972	30	9	12	602.970
0.000000	1.301460	-0.509251	113	20	20	602.891
-2.094395	2.724429	-0.348782	25	7	119	602.803
-3.141593	1.809167	1.213774	24	108	120	602.749
1.308997	1.909857	-0.381669	1	103	105	602.745
-2.879793	1.824694	1.850876	115	2	27	602.732
-2.879793	1.732874	-0.951685	8	120	25	602.699
2.094395	0.640596	-2.797608	105	123	104	602.593
0.785398	1.998705	2.370472	18	21	10	602.516
1.570796	1.242974	-2.977882	12	1	117	602.481
1.570796	0.961715	0.014085	118	106	3	602.306
-1.047198	2.704512	1.488683	14	9	120	602.265
-1.570796	2.984978	1.954446	22	118	125	602.246
0.523599	2.588535	-2.976617	27	127	9	602.219
-2.094395	2.478122	2.609777	124	104	0	602.205
-2.617994	0.762244	-0.273349	2	24	110	602.099
-1.570796	0.700570	1.559208	2	11	13	601.973
0.785398	1.413347	-1.339188	104	14	24	601.874
-0.261799	0.615174	-0.666022	100	12	5	601.802
2.356194	2.579248	-2.364801	97	4	29	601.684
1.047198	2.704512	1.488683	95	1	6	601.646
-1.570796	1.134497	-1.109631	127	16	16	601.626
-2.356194	2.115563	0.685730	36	119	4	601.586
-0.523599	1.545873	-1.877082	5	31	2	601.544
0.523599	1.045978	0.343692	13	107	101	601.506
1.832596	2.115563	0.685730	93	127	19	601.491
0.000000	0.992645	-1.723759	98	21	12	601.374
-1.832596	0.929350	-2.910676	4	107	106	601.373
-3.141593	2.073035	2.027405	116	3	30	601.167
1.308997	1.836682	-0.676006	113	103	112	601.112
2.094395	2.295480	1.008277	107	12	22	601.036
-2.879793	0.370812	-2.547742	36	123	4	601.035
-0.785398	1.335669	0.897240	5	22	23	601.024
-0.261799	0.496451	0.593859	10	107	12	600.967
1.047198	0.080730	-2.622036	5	4	8	600.948
1.047198	0.960688	-0.577532	18	9	123	600.904
-1.047198	1.413347	-1.339188	28	19	1	600.896
0.523599	2.299159	2.264663	98	22	8	600.862
-1.570796	1.872854	1.543456	3	116	24	600.829
0.785398	1.504028	0.636812	2	28	6	600.791
-1.570796	2.343981	-1.040456	113	17	11	600.690
-2.356194	2.664082	-1.071402	108	127	34	600.592
2.356194	1.574060	2.783565	115	10	33	600.529
-2.094395	1.506530	1.988858	90	124	13	600.470
2.094395	1.683268	0.374177	102	15	5	600.442
1.570796	0.929350	-2.910676	91	127	20	600.405
0.261799	2.153910	-1.714959	97	6	30	600.302
-2.356194	0.619654	-2.216909	0	102	106	600.269
1.832596	1.045978	0.343692	99	11	125	600.245
-1.570796	1.756530	-2.105156	119	12	27	600.213
-0.261799	2.349581	-2.702517	102	14	11	600.082
-0.261799	2.104282	-0.813972	7	2	30	599.974
0.785398	0.910508	1.903534	26	18	5	599.952
-2.617994	1.662363	0.915448	33	115	124	599.937
0.785398	1.606104	-0.451151	97	14	23	599.854
-1.047198	0.850607	-1.335383	8	10	13	599.824
1.308997	1.242974	-2.977882	6	14	3	599.804
-2.356194	2.089241	-0.114193	9	125	29	599.792
-0.523599	0.418037	1.360082	31	3	125	599.760
-2.617994	1.756530	-2.105156	28	13	6	599.743
-2.094395	1.014500	0.906702	92	7	8	599.632
2.356194	1.242974	-2.977882	111	13	124	599.474
1.832596	1.766067	2.153843	102	122	116	599.451
2.356194	1.135834	-1.431087	114	125	17	599.437
1.832596	2.180315	-1.357379	101	8	126	599.402
2.356194	2.164094	-2.991358	112	17	9	599.342
0.785398	1.184361	0.625864	4	27	4	599.336
-1.047198	0.591903	2.010408	1	116	99	599.301
-0.785398	0.370812	-2.547742	118	14	111	599.094
1.832596	2.863997	0.549740	111	110	124	599.067
2.617994	0.571433	-1.188419	8	11	109	598.979
1.047198	2.349581	-2.702517	10	13	5	598.953
0.523599	1.699788	2.452890	106	21	18	598.578
-2.617994	1.696674	-1.253233	108	2	9	598.576
2.617994	2.404280	-0.174044	126	127	32	598.550
-1.047198	1.756530	-2.105156	114	15	27	598.476
2.617994	1.391910	3.030322	11	3	119	598.377
0.000000	0.370812	-2.547742	32	117	116	598.323
2.094395	1.134796	2.434290	114	107	106	598.287
0.261799	2.664082	-1.071402	29	9	15	598.254
-3.141593	0.960688	-0.577532	109	110	113	598.247
-1.832596	2.343981	-1.040456	28	17	126	598.108
-0.523599	2.343981	-1.040456	6	8	31	598.015
1.570796	2.592629	0.909713	111	102	24	597.990
-2.356194	1.413430	2.550734	124	114	111	597.968
0.523599	0.418037	1.360082	26	13	7	597.919
1.570796	0.700570	1.559208	127	20	22	597.909
-2.094395	2.001437	0.381215	23	117	104	597.829
-2.617994	2.033014	2.977192	103	107	5	597.811
2.094395	0.960688	-0.577532	124	1	13	597.617
0.261799	2.404280	-0.174044	17	13	19	597.602
0.785398	1.242974	-2.977882	13	7	111	597.599
1.832596	1.756530	-2.105156	0	124	28	597.542
-3.141593	2.637879	2.121598	117	117	32	597.519
2.879793	0.080730	-2.622036	33	115	127	597.516
2.617994	1.870545	-2.976234	110	7	30	597.255
2.617994	1.488617	1.159546	102	2	20	597.238
0.523599	1.809167	1.213774	23	23	2	597.142
-2.879793	1.658653	-2.409879	1	15	29	597.123
-1.570796	1.025536	1.576859	8	101	106	597.105
-0.261799	1.014500	0.906702	4	124	15	597.029
1.832596	0.379747	-1.713059	95	1	3	596.991
-0.523599	0.709924	0.218797	108	17	2	596.977
-1.308997	1.391910	3.030322	19	6	26	596.959
0.261799	1.488617	1.159546	107	120	123	596.932
2.879793	0.419640	2.974122	104	5	6	596.929
0.000000	1.168678	2.108595	110	10	19	596.680
-2.879793	2.478122	2.609777	26	126	10	596.680
1.047198	0.203748	0.590255	112	122	102	596.618
-1.570796	2.180315	-1.357379	111	16	15	596.605
-0.785398	1.134796	2.434290	25	17	121	596.592
0.523599	2.407836	1.410646	99	10	1	596.557
-2.617994	1.599406	1.426070	2	121	24	596.531
1.832596	0.910508	1.903534	19	126	118	596.446
1.308997	2.637879	2.121598	105	1	127	596.316
-0.785398	2.478122	2.609777	33	5	5	596.139
0.523599	1.413430	2.550734	10	7	30	596.103
0.785398	2.704512	1.488683	30	13	7	596.062
1.047198	1.872854	1.543456	105	126	116	596.040
-1.832596	0.992645	-1.723759	12	101	1	596.011
1.570796	0.419640	2.974122	13	11	117	595.994
0.261799	0.290380	-0.796960	107	18	2	595.991
0.523599	1.756530	-2.105156	112	3	114	595.986
1.047198	1.045978	0.343692	125	7	16	595.924
2.356194	0.297065	2.160177	21	4	115	595.924
1.047198	0.850607	-1.335383	109	22	10	595.882
1.308997	1.417623	-0.202254	127	24	124	595.856
1.047198	1.732874	-0.951685	102	25	19	595.702
0.523599	1.554776	0.100351	107	119	111	595.551
-0.261799	1.662363	0.915448	15	19	12	595.522
-1.570796	1.195355	1.200319	20	13	16	595.512
-1.308997	1.555207	1.708892	8	7	21	595.502
0.000000	0.866955	-0.931351	104	16	11	595.449
1.047198	0.418037	1.360082	26	19	6	595.445
0.261799	2.247462	0.191623	14	14	19	595.398
-2.617994	1.045978	0.343692	1	11	101	595.382
2.094395	1.617114	-1.572037	98	107	125	595.315
-2.356194	2.041297	-2.664597	116	97	6	595.301
0.523599	2.089241	-0.114193	105	15	30	595.227
0.523599	1.599406	1.426070	5	32	118	595.196
2.617994	0.618092	2.539118	92	1	4	595.112
1.832596	2.404280	-0.174044	91	124	18	595.077
-0.785398	1.247695	1.809890	2	2	105	595.065
-3.141593	0.831641	0.616218	16	3	116	595.018
-0.523599	2.881233	-2.582574	17	127	27	595.012
-1.570796	1.658653	-2.409879	123	7	30	594.978
1.308997	1.128190	-2.288622	107	110	118	594.871
1.570796	2.664082	-1.071402	120	18	31	594.780
2.094395	2.379497	0.561089	102	8	20	594.757
-0.785398	1.870545	-2.976234	116	23	13	594.587
2.094395	2.187132	-0.479875	115	123	32	594.465
0.000000	1.247695	1.809890	123	20	19	594.454
-2.094395	1.242974	-2.977882	34	0	10	594.422
-1.308997	2.108018	1.311430	30	10	12	594.365
2.879793	1.504028	0.636812	102	4	111	594.320
1.832596	0.496451	0.593859	98	103	120	594.297
-2.617994	1.014500	0.906702	120	99	0	594.246
-2.617994	1.683268	0.374177	104	126	10	594.227
-3.141593	1.699788	2.452890	108	126	124	594.068
2.617994	1.301460	-0.509251	120	122	19	594.050
0.785398	1.870545	-2.976234	5	1	29	593.934
-0.261799	1.128190	-2.288622	37	2	120	593.805
-2.879793	2.637879	2.121598	120	126	31	593.616
-2.356194	1.870545	-2.976234	5	8	33	593.529
0.000000	2.295480	1.008277	11	32	127	593.388
-0.261799	2.881233	-2.582574	113	8	33	593.374
1.570796	2.299159	2.264663	102	0	126	593.365
0.523599	0.700570	1.559208	22	113	114	593.365
0.523599	2.153910	-1.714959	13	20	13	593.358
0.261799	2.455966	-0.641220	121	7	34	593.341
-2.094395	1.696674	-1.253233	29	9	12	593.310
1.832596	1.982574	-1.115518	95	127	29	593.298
1.570796	2.637879	2.121598	95	0	6	593.270
2.094395	1.440580	2.260026	112	104	111	593.236
0.523599	1.325504	-1.671296	114	22	114	593.195
-1.047198	1.050534	3.042579	26	10	17	593.078
-0.785398	2.073035	2.027405	2	16	24	593.071
2.094395	2.343981	-1.040456	122	0	33	592.959
1.570796	1.195355	1.200319	100	1	20	592.920
-2.094395	0.910508	1.903534	113	2	115	592.895
2.879793	2.724429	-0.348782	120	8	34	592.850
0.523599	0.496451	0.593859	116	117	101	592.849
0.000000	0.571433	-1.188419	108	17	110	592.803
-2.356194	0.640596	-2.797608	105	115	109	592.777
2.356194	2.251330	-2.330739	94	1	26	592.726
-2.094395	2.704512	1.488683	8	97	116	592.712
0.000000	1.824694	1.850876	120	10	25	592.700
-2.356194	0.496451	0.593859	117	11	102	592.622
0.000000	1.569311	-3.003978	100	12	10	592.622
2.094395	2.153910	-1.714959	99	1	123	592.554
-0.785398	1.824694	1.850876	1	13	24	592.542
-2.617994	2.579248	-2.364801	24	17	11	592.500
2.094395	0.961715	0.014085	98	3	120	592.457
-3.141593	0.929350	-2.910676	103	127	2	592.389
-3.141593	1.391910	3.030322	22	127	19	592.356
-0.261799	2.108018	1.311430	26	125	108	592.343
1.047198	1.413430	2.550734	104	17	114	592.341
2.356194	0.929350	-2.910676	105	6	111	592.318
1.832596	1.367556	0.358405	95	7	0	592.168
-2.356194	0.762244	-0.273349	102	113	120	592.165
-1.570796	2.588535	-2.976617	2	0	33	592.058
2.617994	1.214854	-1.966664	107	125	18	592.045
-0.523599	0.619654	-2.216909	117	9	107	592.034
2.356194	0.906588	1.252948	124	127	15	592.006
-0.523599	1.809167	1.213774	0	20	26	591.998
0.000000	2.704512	1.488683	101	17	19	591.958
-2.356194	2.251330	-2.330739	111	124	37	591.904
1.570796	0.674054	1.013609	122	12	17	591.824
1.047198	2.164094	-2.991358	8	17	2	591.719
1.308997	1.875281	0.107086	0	109	101	591.662
-1.308997	1.417623	-0.202254	114	7	15	591.654
-2.879793	2.033014	2.977192	95	119	22	591.625
0.261799	0.700570	1.559208	113	2	101	591.615
2.879793	2.407836	1.410646	110	10	25	591.614
-1.308997	2.343981	-1.040456	109	17	11	591.575
-2.617994	0.640596	-2.797608	121	108	103	591.476
0.785398	1.977582	0.969896	1	25	16	591.433
-1.047198	2.041297	-2.664597	9	3	33	591.276
-1.832596	0.458961	-0.107937	111	22	117	591.259
-2.094395	2.664082	-1.071402	28	16	1	591.253
0.785398	1.168678	2.108595	96	4	112	591.210
0.785398	2.407836	1.410646	105	127	125	591.104
2.617994	1.417623	-0.202254	95	118	123	591.094
-0.785398	2.588535	-2.976617	0	122	35	591.089
2.094395	2.979456	-1.009304	114	1	36	591.040
2.879793	2.704512	1.488683	113	6	28	590.996
1.832596	1.977582	0.969896	96	3	20	590.954
-1.570796	2.247462	0.191623	21	7	109	590.937
-2.879793	2.295480	1.008277	126	106	104	590.927
-1.570796	1.736875	3.023612	28	2	19	590.888
2.879793	2.343981	-1.040456	106	124	32	590.861
0.785398	1.335669	0.897240	102	4	25	590.790
-2.094395	2.579248	-2.364801	16	102	20	590.718
-2.879793	1.554776	0.100351	17	124	103	590.699
1.047198	2.637879	2.121598	25	13	16	590.691
-1.570796	1.045978	0.343692	26	16	124	590.670
-1.308997	1.875281	0.107086	111	7	15	590.613
0.785398	0.831641	0.616218	29	8	1	590.554
0.523599	0.203748	0.590255	13	20	127	590.516
1.047198	0.379747	-1.713059	127	27	114	590.502
-2.094395	2.760637	2.781135	2	0	32	590.490
1.832596	1.875281	0.107086	6	110	100	590.415
-0.785398	1.617114	-1.572037	33	8	3	590.413
0.785398	0.929350	-2.910676	106	2	33	590.183
2.094395	1.413430	2.550734	107	23	14	590.171
0.261799	1.982574	-1.115518	6	16	24	590.047
2.356194	2.001437	0.381215	98	7	11	590.036
2.356194	1.134796	2.434290	111	110	106	589.994
0.000000	0.960688	-0.577532	112	21	13	589.938
-1.570796	2.396274	-1.959260	30	104	22	589.924
0.785398	2.588535	-2.976617	27	125	8	589.918
-1.308997	2.724429	-0.348782	122	9	35	589.893
-1.832596	1.025536	1.576859	107	102	120	589.872
-2.094395	0.733948	3.021411	18	15	9	589.819
1.047198	2.724429	-0.348782	112	112	105	589.791
-2.617994	2.138223	1.678323	112	4	25	589.774
0.000000	1.417623	-0.202254	108	18	20	589.668
1.832596	0.762244	-0.273349	123	105	3	589.654
-0.261799	0.418037	1.360082	35	2	5	589.640
1.570796	2.104282	-0.813972	114	6	30	589.635
1.570796	2.979456	-1.009304	103	14	24	589.618
1.047198	2.073035	2.027405	102	0	122	589.613
-2.879793	0.960688	-0.577532	25	4	109	589.601
-2.879793	0.674054	1.013609	115	8	103	589.583
2.094395	1.301460	-0.509251	99	127	118	589.546
2.617994	0.910508	1.903534	9	107	10	589.523
0.000000	2.108018	1.311430	2	10	24	589.504
1.047198	0.910508	1.903534	96	3	15	589.409
2.094395	1.872854	1.543456	102	19	125	589.409
2.617994	0.700570	1.559208	112	24	123	589.354
0.785398	2.073035	2.027405	102	15	124	589.324
0.000000	2.063651	-2.044600	109	18	123	589.205
-2.879793	2.108018	1.311430	108	123	106	589.158
0.523599	0.571433	-1.188419	104	4	12	589.152
-2.094395	0.496451	0.593859	94	9	18	589.026
-2.879793	1.555207	1.708892	4	0	20	588.906
-2.879793	2.180315	-1.357379	116	5	24	588.893
2.094395	0.864993	2.278281	104	22	18	588.798
2.094395	0.929350	-2.910676	100	4	111	588.741
-0.523599	2.138223	1.678323	126	6	27	588.730
-1.570796	1.506530	1.988858	41	127	122	588.684
-2.879793	1.756530	-2.105156	111	127	22	588.621
0.523599	0.914445	2.687814	96	11	123	588.565
0.523599	1.014500	0.906702	5	10	15	588.564
0.000000	1.242974	-2.977882	96	6	7	588.525
1.047198	1.134796	2.434290	126	9	30	588.488
-1.832596	1.869911	2.701025	0	102	125	588.429
1.570796	2.881233	-2.582574	26	127	5	588.417
1.047198	1.617114	-1.572037	106	113	113	588.230
-3.141593	2.089241	-0.114193	6	122	28	588.227
-1.570796	1.732874	-0.951685	15	113	23	588.186
0.261799	1.433411	-1.035986	89	113	2	588.186
1.047198	1.135813	-2.658866	16	5	113	588.158
-3.141593	1.184361	0.625864	20	124	118	588.140
-1.047198	1.699788	2.452890	40	5	127	588.098
-0.785398	2.393226	1.857173	17	122	112	588.050
-1.047198	0.080730	-2.622036	24	15	13	588.022
-2.356194	1.869911	2.701025	110	109	127	588.012
2.617994	1.736875	3.023612	115	13	31	587.908
2.617994	1.045978	0.343692	101	9	7	587.852
-1.570796	1.367556	0.358405	30	8	6	587.817
2.617994	2.349581	-2.702517	0	102	17	587.712
-2.879793	2.001437	0.381215	30	116	2	587.686
-1.832596	1.904882	-1.478089	28	18	2	587.682
