80	1.2	0
-3.141593	1.413430	2.550734
-0.570494	1.214063	2.922706
../2m99_monomer_m.pdb	-1.802	-0.776	0.114
../2m99_monomer_m.pdb	-1.209	0.253	-1.721
-1.570796	1.440580	2.260026	7	6	10	1777.917
1.047198	1.606104	-0.451151	4	7	4	1587.181
0.785398	1.301460	-0.509251	4	8	78	1539.824
-1.047198	1.025536	1.576859	11	4	10	1526.715
-1.308997	0.910508	1.903534	12	4	10	1511.845
1.047198	1.301460	-0.509251	5	7	1	1490.803
-1.832596	1.766067	2.153843	2	6	9	1488.308
-1.832596	1.440580	2.260026	8	5	9	1461.171
-1.570796	1.998705	2.370472	3	6	7	1432.303
-1.047198	0.700570	1.559208	12	4	8	1432.176
-1.570796	1.699788	2.452890	6	6	5	1429.564
0.785398	1.836682	-0.676006	0	10	2	1420.180
-1.832596	1.134796	2.434290	11	5	6	1416.667
1.047198	1.113094	-0.272241	6	7	4	1383.459
1.308997	2.455966	-0.641220	3	8	6	1376.100
-1.570796	1.168678	2.108595	8	6	8	1356.257
-1.570796	1.194549	-0.801900	0	71	72	1353.759
1.308997	1.301460	-0.509251	4	7	4	1351.709
1.308997	1.417623	-0.202254	3	8	5	1343.871
-1.570796	1.506530	1.988858	7	5	10	1343.480
1.047198	0.960688	-0.577532	6	7	79	1342.696
-2.617994	0.615174	-0.666022	4	10	8	1342.342
-0.785398	1.025536	1.576859	4	6	11	1333.594
-1.832596	1.699788	2.452890	10	5	7	1332.121
-1.308997	1.310100	1.488307	6	5	12	1331.357
2.094395	2.478122	2.609777	7	71	3	1331.002
1.832596	1.606104	-0.451151	7	9	79	1329.646
0.785398	1.510910	-0.740472	2	8	78	1327.406
-1.832596	2.073035	2.027405	1	3	16	1327.028
1.047198	2.104282	-0.813972	79	10	77	1326.482
-0.261799	1.599406	1.426070	77	0	13	1322.251
-1.047198	1.310100	1.488307	5	5	12	1321.240
0.000000	1.617114	-1.572037	3	10	3	1315.301
-1.570796	1.247695	1.809890	7	5	11	1314.237
-2.356194	0.290380	-0.796960	1	12	5	1313.801
-0.523599	1.310100	1.488307	2	5	12	1309.841
1.308997	1.909857	-0.381669	77	10	3	1308.566
0.785398	2.664082	-1.071402	2	8	1	1306.846
-2.094395	1.766067	2.153843	78	9	3	1306.430
2.356194	1.875281	0.107086	74	6	8	1305.768
2.356194	1.812176	0.656819	5	79	15	1304.915
-1.570796	0.591903	2.010408	12	4	8	1300.963
0.000000	0.496451	0.593859	11	5	5	1299.680
0.523599	1.982574	-1.115518	8	6	77	1297.282
2.617994	0.496451	0.593859	8	9	5	1293.876
-1.308997	1.699788	2.452890	5	7	5	1291.413
-0.785398	1.310100	1.488307	4	6	12	1290.940
-2.617994	2.719179	-1.780644	9	8	2	1289.567
2.356194	1.872854	1.543456	6	0	16	1289.012
2.879793	1.195355	1.200319	3	76	14	1286.377
0.000000	1.014500	0.906702	11	7	10	1283.505
0.785398	0.960688	-0.577532	6	6	77	1281.715
-1.308997	1.506530	1.988858	6	6	10	1278.353
2.879793	0.203748	0.590255	2	10	8	1273.423
-0.785398	1.504028	0.636812	7	0	15	1271.834
-1.570796	0.615174	-0.666022	2	71	75	1269.109
2.879793	2.881233	-2.582574	9	9	1	1266.828
2.879793	0.709924	0.218797	3	12	5	1266.658
-1.308997	1.247695	1.809890	9	2	14	1265.751
0.523599	0.458961	-0.107937	14	3	3	1265.578
-1.570796	1.310100	1.488307	14	72	18	1263.930
1.047198	1.417623	-0.202254	5	7	5	1263.381
-1.832596	1.998705	2.370472	3	7	7	1262.822
-1.308997	1.113094	-0.272241	10	74	9	1260.854
0.785398	2.104282	-0.813972	2	10	3	1260.426
2.356194	2.863997	0.549740	11	4	10	1257.436
-1.570796	1.766067	2.153843	5	7	6	1256.695
2.617994	0.203748	0.590255	7	8	10	1256.391
-0.523599	2.881233	-2.582574	2	8	6	1255.754
2.356194	0.674054	1.013609	7	10	5	1253.910
-2.617994	0.866955	-0.931351	5	10	7	1250.744
0.523599	2.407836	1.410646	12	7	13	1250.566
1.047198	1.909857	-0.381669	3	10	4	1249.383
1.570796	2.724429	-0.348782	2	9	2	1244.963
0.261799	1.014500	0.906702	9	9	10	1244.935
2.617994	2.588535	-2.976617	4	70	79	1244.842
0.000000	1.872854	1.543456	9	9	8	1242.906
-1.832596	1.168678	2.108595	8	5	10	1241.697
0.523599	1.732874	-0.951685	1	10	0	1241.201
1.047198	1.836682	-0.676006	78	10	2	1240.037
1.832596	1.998705	2.370472	11	8	5	1239.448
-0.261799	1.872854	1.543456	10	8	8	1238.527
-0.785398	1.335669	0.897240	7	1	15	1237.751
1.308997	1.510910	-0.740472	9	6	79	1237.121
1.308997	2.187132	-0.479875	1	8	6	1235.676
-1.047198	1.247695	1.809890	9	7	7	1235.360
-0.261799	0.080730	-2.622036	2	9	9	1234.296
-1.832596	1.824694	1.850876	2	1	17	1232.558
-0.261799	1.809167	1.213774	78	0	13	1232.458
1.047198	2.187132	-0.479875	1	10	5	1232.051
1.308997	0.960688	-0.577532	6	7	2	1232.024
-1.832596	0.864993	2.278281	7	6	11	1227.893
0.523599	0.709924	0.218797	9	4	11	1225.721
-1.308997	1.555207	1.708892	6	5	11	1225.527
1.570796	1.721184	-0.153948	76	9	3	1220.928
1.308997	0.290380	-0.796960	10	5	9	1218.417
-2.094395	1.574060	2.783565	7	6	79	1217.122
-1.570796	1.869911	2.701025	10	6	12	1215.586
1.308997	1.721184	-0.153948	1	8	7	1215.267
-0.261799	1.448123	-2.163292	2	11	6	1215.135
0.785398	1.977582	0.969896	8	0	15	1213.714
-1.308997	1.168678	2.108595	9	7	7	1213.187
-0.523599	1.809167	1.213774	3	79	15	1213.096
-2.094395	1.413430	2.550734	0	10	4	1211.910
0.261799	2.719179	-1.780644	3	8	1	1210.188
-2.356194	2.984978	1.954446	11	4	9	1210.092
-2.356194	1.413430	2.550734	2	10	4	1210.050
-1.308997	2.299159	2.264663	4	2	21	1209.051
1.047198	2.664082	-1.071402	0	8	3	1208.717
-1.832596	1.506530	1.988858	1	5	11	1207.689
-0.785398	1.812176	0.656819	13	75	13	1206.771
-3.141593	0.906588	1.252948	9	77	14	1205.768
-1.308997	0.866955	-0.931351	79	71	71	1205.482
0.261799	2.592629	0.909713	12	9	5	1204.479
-3.141593	0.458961	-0.107937	1	12	5	1202.377
2.356194	2.247462	0.191623	78	5	11	1201.581
-0.261799	1.184361	0.625864	14	6	6	1200.630
-0.261799	1.977582	0.969896	5	77	15	1199.940
2.356194	2.356369	3.005869	6	10	4	1199.594
0.785398	2.343981	-1.040456	0	8	72	1198.883
-2.094395	1.699788	2.452890	1	9	5	1198.780
-3.141593	1.683268	0.374177	73	77	11	1197.337
-0.523599	1.195355	1.200319	6	1	15	1196.401
-1.832596	2.299159	2.264663	8	4	13	1194.266
0.261799	1.045978	0.343692	10	3	12	1192.852
0.000000	0.419640	2.974122	76	15	1	1192.602
0.785398	0.762244	-0.273349	9	5	4	1192.098
-0.785398	1.599406	1.426070	4	5	13	1189.778
-2.094395	0.458961	-0.107937	3	70	79	1189.697
1.570796	2.089241	-0.114193	0	8	6	1188.801
-1.308997	2.073035	2.027405	2	7	8	1186.540
-1.570796	0.910508	1.903534	6	5	11	1185.162
-0.785398	0.418037	1.360082	10	5	8	1184.450
-1.047198	1.184361	0.625864	14	74	10	1183.308
1.570796	1.510910	-0.740472	10	6	0	1183.181
1.570796	1.554776	0.100351	9	3	14	1183.108
0.785398	1.194549	-0.801900	4	7	77	1180.971
-0.523599	1.504028	0.636812	7	79	15	1180.875
0.261799	1.184361	0.625864	5	2	13	1180.835
-0.523599	1.488617	1.159546	4	3	13	1180.212
0.000000	2.295480	1.008277	10	77	15	1178.737
2.356194	2.001437	0.381215	76	3	12	1178.536
0.785398	1.606104	-0.451151	12	3	11	1178.504
-1.308997	1.998705	2.370472	5	7	5	1177.666
-0.261799	1.413347	-1.339188	5	10	4	1177.570
-0.785398	1.214854	-1.966664	0	14	74	1177.464
2.094395	2.174483	2.653697	10	8	6	1177.400
2.356194	1.683268	0.374177	74	5	10	1176.689
0.785398	1.417623	-0.202254	11	3	12	1176.598
-1.570796	1.413430	2.550734	7	9	8	1174.555
-1.570796	1.134796	2.434290	9	7	7	1172.496
-1.308997	1.440580	2.260026	6	8	9	1172.317
1.308997	1.440580	2.260026	16	4	9	1171.989
2.094395	0.418037	1.360082	6	10	6	1171.975
-0.523599	1.014500	0.906702	7	2	15	1171.941
0.523599	1.413347	-1.339188	7	2	72	1171.940
0.000000	1.846342	-1.796954	3	10	4	1170.285
-2.617994	2.984978	1.954446	0	6	18	1170.261
1.832596	2.478122	2.609777	7	70	3	1169.828
2.879793	1.184361	0.625864	72	78	11	1169.740
1.047198	1.433411	-1.035986	7	3	71	1169.311
2.356194	0.899350	-2.069907	8	65	74	1168.678
-1.308997	0.591903	2.010408	6	7	8	1167.986
-1.047198	0.290380	-0.796960	5	70	77	1166.413
2.617994	1.504028	0.636812	4	79	16	1165.526
-1.832596	1.413430	2.550734	8	7	8	1164.174
2.356194	2.174483	2.653697	9	9	5	1163.971
0.000000	1.809167	1.213774	10	10	6	1163.412
-1.308997	1.325504	-1.671296	5	13	77	1163.116
1.047198	1.977582	0.969896	9	79	14	1161.748
-0.785398	1.367556	0.358405	15	75	9	1161.669
1.308997	0.615174	-0.666022	7	6	4	1161.375
1.832596	2.174483	2.653697	0	70	76	1160.843
2.617994	1.335669	0.897240	5	78	15	1160.714
-2.356194	1.699788	2.452890	3	9	5	1160.266
0.000000	2.247462	0.191623	11	12	1	1159.714
2.356194	2.587733	0.232235	0	6	10	1159.426
0.261799	0.709924	0.218797	10	5	5	1159.369
2.879793	2.001437	0.381215	73	0	11	1158.974
-1.832596	0.615174	-0.666022	77	71	71	1158.888
-0.785398	1.195355	1.200319	6	2	14	1158.198
-3.141593	2.407836	1.410646	0	1	19	1158.043
0.261799	2.295480	1.008277	10	79	15	1157.980
1.832596	0.700570	1.559208	11	8	2	1157.655
0.261799	2.979456	-1.009304	3	11	14	1157.606
-2.094395	2.073035	2.027405	1	4	16	1157.220
-2.356194	0.831641	0.616218	11	76	12	1156.959
1.308997	1.606104	-0.451151	6	8	1	1156.829
-1.570796	2.174483	2.653697	8	6	13	1156.188
-1.832596	2.138223	1.678323	7	77	20	1155.990
-1.308997	1.875281	0.107086	11	70	7	1155.822
-2.356194	2.719179	-1.780644	8	73	75	1155.031
1.832596	2.404280	-0.174044	79	6	10	1154.882
-0.523599	1.335669	0.897240	7	1	15	1154.655
-0.523599	0.906588	1.252948	4	5	11	1154.387
-1.570796	2.478122	2.609777	78	9	5	1153.330
2.617994	0.619654	-2.216909	10	67	74	1153.060
-1.308997	1.545873	-1.877082	7	14	79	1152.504
2.617994	1.977582	0.969896	77	1	15	1152.227
2.094395	2.247462	0.191623	1	6	11	1152.111
0.000000	2.719179	-1.780644	79	9	13	1151.188
-0.785398	1.617114	-1.572037	0	15	75	1150.450
1.570796	1.998705	2.370472	13	7	5	1149.415
-3.141593	2.001437	0.381215	74	79	11	1148.289
1.570796	2.299159	2.264663	12	7	1	1148.286
1.308997	1.699788	2.452890	16	4	9	1147.845
-1.570796	2.153910	-1.714959	8	15	76	1147.519
-0.785398	0.640596	-2.797608	78	17	1	1147.193
2.879793	2.379497	0.561089	74	2	13	1147.112
-2.879793	0.458961	-0.107937	8	9	7	1146.507
-0.261799	1.433411	-1.035986	4	10	5	1146.336
-1.047198	0.370812	-2.547742	78	17	79	1145.641
0.261799	2.456751	-1.503343	9	5	79	1144.696
-1.308997	1.134796	2.434290	8	10	6	1144.440
-1.570796	0.992645	-1.723759	2	14	72	1143.480
-1.832596	1.247695	1.809890	8	5	11	1143.244
-1.570796	1.195355	1.200319	8	4	13	1143.172
-1.570796	2.180315	-1.357379	8	12	74	1142.910
0.523599	2.295480	1.008277	8	76	13	1142.380
-2.094395	1.440580	2.260026	1	9	7	1142.295
0.523599	1.506530	1.988858	7	10	15	1141.302
-0.785398	0.906588	1.252948	7	3	14	1140.135
-0.523599	1.599406	1.426070	7	9	9	1140.012
2.617994	2.108018	1.311430	13	78	13	1139.909
-0.261799	1.488617	1.159546	19	4	15	1139.788
-1.832596	0.709924	0.218797	11	75	11	1139.786
-1.832596	0.571433	-1.188419	0	9	10	1139.360
2.094395	1.869911	2.701025	3	71	76	1139.250
2.879793	0.619654	-2.216909	12	76	15	1139.174
2.356194	1.662363	0.915448	6	78	15	1137.983
0.261799	1.977582	0.969896	9	1	15	1137.981
0.523599	2.180315	-1.357379	1	7	71	1136.865
0.261799	1.310100	1.488307	6	14	6	1136.196
0.000000	1.599406	1.426070	76	1	12	1135.104
2.879793	1.812176	0.656819	79	3	14	1135.078
2.094395	1.504028	0.636812	77	5	11	1134.965
-0.523599	1.977582	0.969896	5	77	15	1134.924
2.356194	2.108018	1.311430	6	2	16	1134.778
-1.570796	0.297065	2.160177	13	5	7	1133.773
2.356194	1.809167	1.213774	4	1	15	1133.544
0.000000	1.977582	0.969896	10	0	15	1133.405
1.308997	1.256302	0.062705	8	3	13	1133.160
-3.141593	1.335669	0.897240	2	76	14	1133.137
0.261799	1.824694	1.850876	6	10	8	1132.721
-0.261799	1.195355	1.200319	19	5	14	1132.677
-1.832596	2.393226	1.857173	4	79	20	1132.664
2.094395	2.001437	0.381215	5	0	15	1132.346
-0.785398	1.128190	-2.288622	0	15	76	1131.836
-2.094395	2.760637	2.781135	4	7	19	1131.191
2.356194	1.977582	0.969896	4	3	15	1131.096
1.570796	2.407836	1.410646	9	3	17	1130.992
0.523599	1.824694	1.850876	4	11	9	1130.898
-0.785398	1.184361	0.625864	15	76	11	1130.800
-0.785398	0.700570	1.559208	5	6	10	1130.619
1.308997	2.089241	-0.114193	2	11	6	1130.059
-1.047198	0.571433	-1.188419	2	71	74	1129.849
1.832596	1.413430	2.550734	6	71	0	1129.844
1.308997	1.836682	-0.676006	7	7	2	1129.799
-1.570796	0.961715	0.014085	10	74	10	1128.522
1.570796	2.404280	-0.174044	4	6	11	1128.487
-1.308997	1.824694	1.850876	4	1	18	1127.841
-0.785398	1.809167	1.213774	17	75	17	1126.886
0.523599	1.310100	1.488307	4	15	6	1126.835
-1.308997	1.488617	1.159546	7	5	14	1126.446
-3.141593	2.295480	1.008277	75	2	16	1125.893
2.094395	2.089241	-0.114193	74	7	7	1124.743
1.047198	1.510910	-0.740472	7	7	73	1124.407
-1.832596	1.310100	1.488307	12	71	18	1124.217
-3.141593	0.762244	-0.273349	5	10	7	1124.189
2.617994	1.662363	0.915448	2	2	15	1124.000
2.094395	1.875281	0.107086	74	6	8	1122.562
-0.785398	1.662363	0.915448	19	75	14	1122.535
-2.094395	1.134796	2.434290	8	6	11	1122.337
0.523599	1.504028	0.636812	10	9	12	1122.254
-1.047198	1.872854	1.543456	4	78	17	1122.145
-1.047198	1.128190	-2.288622	79	17	76	1122.021
0.785398	2.138223	1.678323	7	10	8	1120.141
-1.047198	1.214854	-1.966664	2	14	74	1119.980
2.094395	2.356369	3.005869	4	12	77	1119.765
-1.047198	0.899350	-2.069907	1	14	74	1119.316
-1.308997	1.599406	1.426070	6	5	13	1118.311
1.308997	2.001437	0.381215	5	79	15	1117.970
2.617994	1.812176	0.656819	5	0	15	1117.964
-1.308997	1.195355	1.200319	16	72	15	1117.930
0.785398	1.555207	1.708892	7	11	13	1117.929
2.879793	1.683268	0.374177	72	79	10	1117.430
0.000000	0.203748	0.590255	15	5	3	1117.232
-1.570796	1.113094	-0.272241	9	73	9	1117.199
-1.832596	1.413347	-1.339188	74	75	67	1116.927
-2.879793	1.335669	0.897240	8	79	15	1116.723
1.832596	2.299159	2.264663	10	8	1	1115.487
0.000000	2.379497	0.561089	12	10	3	1115.093
-1.308997	2.164094	-2.991358	9	10	15	1115.068
-2.356194	0.866955	-0.931351	5	9	9	1114.418
1.832596	2.247462	0.191623	5	1	15	1114.259
-1.570796	1.325504	-1.671296	2	15	74	1114.059
0.523599	1.184361	0.625864	9	9	10	1113.873
2.617994	1.195355	1.200319	2	76	14	1113.615
-2.617994	1.662363	0.915448	7	0	15	1113.490
-3.141593	2.881233	-2.582574	9	73	76	1113.150
1.570796	1.606104	-0.451151	10	7	1	1113.049
-1.308997	2.637879	2.121598	2	79	19	1112.358
-1.570796	2.299159	2.264663	79	6	15	1112.211
-1.308997	1.025536	1.576859	7	5	12	1112.164
-1.570796	0.864993	2.278281	11	6	3	1111.884
-1.047198	1.809167	1.213774	15	73	18	1110.998
-1.047198	1.134796	2.434290	6	12	6	1110.886
0.523599	2.108018	1.311430	9	11	7	1110.885
-0.523599	2.115563	0.685730	6	76	14	1110.091
-1.047198	2.001437	0.381215	12	72	11	1109.499
2.094395	0.700570	1.559208	9	10	3	1108.828
0.785398	0.961715	0.014085	9	4	11	1108.710
-1.308997	1.904882	-1.478089	7	13	72	1108.078
2.094395	1.554776	0.100351	72	7	7	1107.917
-1.570796	1.555207	1.708892	7	5	11	1107.561
0.523599	1.510910	-0.740472	3	9	79	1107.504
-1.832596	1.554776	0.100351	5	74	12	1107.367
-0.523599	1.662363	0.915448	12	78	15	1107.173
-0.261799	2.063651	-2.044600	0	12	3	1106.637
0.523599	1.417623	-0.202254	12	2	12	1106.223
-1.570796	2.073035	2.027405	3	6	8	1105.569
2.617994	1.599406	1.426070	5	79	16	1105.122
-2.356194	1.134796	2.434290	4	8	9	1104.798
-0.261799	0.674054	1.013609	12	6	9	1104.569
-0.261799	1.846342	-1.796954	2	9	10	1104.161
-1.047198	1.812176	0.656819	6	79	15	1103.569
-0.523599	1.214854	-1.966664	5	11	4	1103.232
-2.356194	0.496451	0.593859	12	74	10	1102.981
0.000000	2.396274	-1.959260	78	11	5	1102.965
0.000000	2.587733	0.232235	14	10	10	1102.809
1.308997	1.977582	0.969896	10	79	14	1102.620
-0.261799	1.545873	-1.877082	2	10	8	1102.549
2.617994	1.809167	1.213774	78	79	17	1102.137
-1.308997	2.247462	0.191623	11	71	10	1101.888
1.047198	0.762244	-0.273349	8	6	4	1101.421
-1.047198	2.356369	3.005869	7	7	17	1100.797
0.261799	1.599406	1.426070	12	10	14	1100.344
1.832596	2.001437	0.381215	6	79	15	1099.430
0.785398	2.979456	-1.009304	78	8	15	1098.920
-1.308997	2.180315	-1.357379	7	14	74	1098.775
-1.570796	1.599406	1.426070	12	72	19	1098.728
2.879793	1.335669	0.897240	5	79	15	1098.348
-1.047198	1.335669	0.897240	18	72	12	1098.295
1.047198	1.732874	-0.951685	7	4	73	1098.153
0.785398	2.063651	-2.044600	6	70	11	1098.057
1.570796	2.393226	1.857173	6	8	73	1097.937
1.047198	2.979456	-1.009304	1	8	8	1097.168
-1.047198	1.875281	0.107086	13	72	8	1096.692
-1.047198	2.478122	2.609777	1	4	20	1096.017
0.785398	2.704512	1.488683	11	8	8	1095.942
-1.832596	1.050534	3.042579	3	74	16	1095.092
0.000000	2.863997	0.549740	14	76	11	1094.779
1.570796	2.379497	0.561089	3	10	14	1094.494
-2.617994	2.704512	1.488683	76	4	17	1094.473
2.617994	1.683268	0.374177	72	2	10	1093.917
1.047198	2.455966	-0.641220	5	8	3	1093.609
-1.047198	1.168678	2.108595	8	10	7	1093.196
-2.617994	0.929350	-2.910676	5	77	17	1092.798
1.570796	1.909857	-0.381669	7	9	2	1092.559
-0.785398	2.478122	2.609777	1	2	20	1091.565
-0.261799	2.379497	0.561089	8	74	12	1091.390
1.308997	1.554776	0.100351	9	2	14	1090.944
1.308997	0.297065	2.160177	6	6	14	1090.753
-0.785398	1.683268	0.374177	7	79	15	1090.658
0.261799	1.872854	1.543456	8	11	8	1090.267
-3.141593	1.504028	0.636812	3	1	16	1090.180
-2.094395	0.290380	-0.796960	6	9	9	1089.854
-2.879793	2.407836	1.410646	0	79	19	1089.838
-3.141593	2.592629	0.909713	74	3	15	1088.739
1.308997	2.108018	1.311430	10	78	14	1087.723
-2.094395	1.998705	2.370472	4	7	17	1087.528
-2.617994	1.335669	0.897240	8	79	15	1087.511
1.308997	2.984978	1.954446	9	71	7	1087.465
2.356194	1.554776	0.100351	72	5	8	1087.298
-1.308997	1.214854	-1.966664	1	16	75	1087.030
1.832596	1.869911	2.701025	3	70	77	1086.682
-1.308997	2.881233	-2.582574	4	10	16	1086.458
-1.047198	2.587733	0.232235	2	74	12	1086.264
-1.832596	0.961715	0.014085	9	74	10	1085.605
-3.141593	1.812176	0.656819	0	79	14	1085.560
-0.785398	0.370812	-2.547742	77	15	79	1085.225
-0.785398	2.881233	-2.582574	77	12	0	1084.904
-1.308997	2.001437	0.381215	10	70	11	1084.657
-1.308997	2.041297	-2.664597	11	11	12	1084.270
-2.617994	1.014500	0.906702	7	74	12	1083.876
2.356194	2.115563	0.685730	4	4	13	1083.618
-0.523599	1.683268	0.374177	8	78	14	1083.578
-2.094395	1.218453	2.777284	9	5	79	1083.451
1.570796	1.875281	0.107086	4	7	9	1083.367
1.570796	1.247695	1.809890	6	9	2	1082.629
2.094395	1.440580	2.260026	2	9	11	1082.514
2.879793	1.662363	0.915448	5	1	15	1082.329
0.785398	1.766067	2.153843	2	10	9	1082.122
0.523599	2.592629	0.909713	14	78	13	1081.843
-1.047198	1.824694	1.850876	4	6	12	1081.388
-3.141593	1.014500	0.906702	4	78	16	1080.846
-2.617994	2.108018	1.311430	79	78	18	1080.477
1.570796	2.187132	-0.479875	77	9	4	1080.383
-1.832596	2.664082	-1.071402	8	9	79	1080.374
0.523599	0.297065	2.160177	78	16	2	1080.349
2.094395	1.977582	0.969896	5	6	15	1080.332
-1.570796	2.033014	2.977192	79	14	7	1080.050
-1.047198	1.488617	1.159546	5	4	13	1079.555
-3.141593	0.080730	-2.622036	15	3	3	1079.001
-0.785398	1.872854	1.543456	11	4	13	1078.943
-2.617994	2.396274	-1.959260	3	11	0	1078.897
2.094395	1.824694	1.850876	11	74	10	1078.678
-0.261799	1.617114	-1.572037	2	11	2	1077.537
2.356194	1.504028	0.636812	4	78	16	1077.516
1.570796	1.194549	-0.801900	12	5	7	1077.383
-0.523599	1.812176	0.656819	6	79	15	1077.272
0.785398	1.113094	-0.272241	9	8	1	1077.238
0.785398	1.599406	1.426070	5	14	6	1075.987
-2.617994	2.407836	1.410646	77	1	18	1075.902
2.879793	1.504028	0.636812	4	0	16	1075.874
-1.047198	1.195355	1.200319	6	4	14	1075.773
-1.047198	0.866395	-2.492918	0	17	78	1075.748
-1.308997	1.335669	0.897240	16	70	12	1075.720
1.308997	1.732874	-0.951685	10	4	77	1075.620
0.000000	1.662363	0.915448	5	8	11	1075.614
1.047198	2.404280	-0.174044	3	12	9	1075.569
2.879793	1.599406	1.426070	5	78	16	1075.100
0.523599	1.599406	1.426070	5	14	6	1074.761
-1.832596	1.045978	0.343692	10	75	12	1073.890
0.785398	0.615174	-0.666022	5	6	76	1073.885
-0.785398	2.719179	-1.780644	7	12	13	1073.720
-0.261799	2.719179	-1.780644	1	11	13	1073.694
2.356194	0.619654	-2.216909	8	65	74	1073.540
-2.094395	2.456751	-1.503343	14	74	74	1073.512
0.785398	2.295480	1.008277	9	79	15	1073.475
-2.617994	1.555207	1.708892	4	75	19	1073.332
0.523599	1.488617	1.159546	7	15	3	1073.321
0.000000	0.831641	0.616218	11	6	7	1073.144
-0.523599	2.295480	1.008277	19	75	16	1073.046
0.000000	0.674054	1.013609	11	8	9	1072.881
-2.356194	1.335669	0.897240	9	79	15	1072.870
2.879793	2.108018	1.311430	0	79	19	1072.816
1.832596	1.812176	0.656819	5	77	15	1072.142
2.617994	1.510910	-0.740472	77	68	72	1071.925
1.047198	1.721184	-0.153948	4	11	4	1071.861
-0.523599	1.050534	3.042579	77	17	4	1071.619
2.094395	2.760637	2.781135	10	71	0	1071.567
0.785398	1.872854	1.543456	5	12	7	1071.490
-2.879793	2.108018	1.311430	78	0	18	1071.312
-0.523599	1.367556	0.358405	16	76	9	1071.269
0.000000	1.195355	1.200319	79	79	15	1071.149
1.308997	1.113094	-0.272241	5	7	5	1070.886
-3.141593	1.662363	0.915448	7	0	15	1070.814
-0.261799	2.115563	0.685730	7	76	14	1070.593
1.308997	2.587733	0.232235	3	11	13	1070.457
-2.356194	2.073035	2.027405	11	5	7	1070.422
-2.356194	1.766067	2.153843	0	9	3	1070.117
-0.261799	2.089241	-0.114193	11	11	77	1070.110
-1.832596	1.335669	0.897240	8	3	15	1069.966
-0.785398	1.977582	0.969896	18	74	16	1069.964
-1.047198	1.504028	0.636812	7	0	15	1069.408
1.047198	2.108018	1.311430	8	79	15	1069.320
-2.094395	2.299159	2.264663	9	4	13	1068.758
-1.832596	2.180315	-1.357379	10	10	74	1068.565
-1.570796	1.135813	-2.658866	75	12	70	1068.262
0.523599	1.440580	2.260026	6	9	15	1068.062
-1.570796	1.025536	1.576859	8	5	12	1067.883
-2.356194	1.050534	3.042579	3	79	18	1067.820
-2.356194	1.872854	1.543456	11	6	10	1067.546
-0.785398	1.824694	1.850876	10	5	13	1067.009
-1.047198	1.846342	-1.796954	8	14	0	1066.777
-1.832596	1.256302	0.062705	6	74	12	1066.553
-2.356194	2.407836	1.410646	76	79	18	1066.083
-0.523599	2.001437	0.381215	7	76	14	1065.916
-1.047198	1.045978	0.343692	9	0	16	1065.893
-2.879793	0.203748	0.590255	79	70	74	1065.800
1.570796	2.247462	0.191623	5	7	11	1065.711
2.617994	1.872854	1.543456	14	77	12	1065.520
-1.832596	1.488617	1.159546	9	68	16	1065.461
0.523599	1.809167	1.213774	8	13	6	1065.317
-0.261799	0.419640	2.974122	78	16	2	1065.207
-0.261799	0.203748	0.590255	15	2	3	1065.192
-2.094395	1.045978	0.343692	9	75	12	1064.962
-2.617994	2.138223	1.678323	0	1	21	1064.538
-0.523599	1.545873	-1.877082	3	10	9	1064.337
2.617994	2.356369	3.005869	8	72	0	1064.327
2.094395	1.555207	1.708892	11	75	12	1063.623
-0.785398	2.592629	0.909713	77	0	13	1063.383
2.356194	1.506530	1.988858	13	74	9	1063.305
-0.785398	1.510910	-0.740472	5	9	74	1062.207
2.356194	2.760637	2.781135	11	74	0	1061.784
0.261799	1.247695	1.809890	3	15	7	1061.592
-0.523599	1.824694	1.850876	13	0	22	1061.099
-0.523599	1.756530	-2.105156	2	14	1	1060.972
-1.047198	2.295480	1.008277	14	70	17	1060.746
1.570796	1.977582	0.969896	10	79	14	1060.649
2.617994	1.310100	1.488307	4	77	16	1060.264
0.261799	2.108018	1.311430	7	11	8	1060.145
-1.047198	2.299159	2.264663	5	1	20	1059.781
1.047198	1.194549	-0.801900	6	6	79	1059.688
2.094395	1.214854	-1.966664	0	14	73	1059.369
-2.356194	1.982574	-1.115518	6	8	74	1058.599
-0.523599	0.379747	-1.713059	74	71	73	1058.399
-0.785398	1.875281	0.107086	9	73	10	1058.296
1.308997	2.393226	1.857173	11	8	14	1058.230
0.785398	0.080730	-2.622036	3	70	79	1057.499
-1.047198	0.992645	-1.723759	6	11	5	1057.489
2.094395	1.662363	0.915448	5	76	14	1057.416
1.832596	1.440580	2.260026	4	8	11	1057.329
1.570796	2.587733	0.232235	1	10	13	1057.021
-0.523599	1.325504	-1.671296	4	11	6	1056.945
2.617994	1.488617	1.159546	3	0	16	1056.905
2.617994	2.379497	0.561089	3	4	13	1056.706
-1.308997	1.869911	2.701025	9	7	12	1056.076
-0.261799	1.014500	0.906702	7	1	15	1055.700
-2.879793	2.704512	1.488683	0	2	18	1055.585
-2.356194	1.824694	1.850876	11	5	8	1054.814
-0.523599	1.045978	0.343692	16	76	9	1054.764
2.094395	2.587733	0.232235	3	5	12	1054.709
-1.047198	1.599406	1.426070	5	5	13	1054.690
0.261799	0.831641	0.616218	79	4	13	1054.245
-1.570796	1.335669	0.897240	8	3	15	1054.117
1.832596	0.418037	1.360082	9	8	7	1053.715
-1.308997	1.014500	0.906702	13	74	12	1053.466
0.523599	0.080730	-2.622036	77	71	74	1053.452
-0.261799	1.662363	0.915448	6	79	15	1053.345
-1.308997	1.809167	1.213774	5	75	15	1053.312
2.617994	1.836682	-0.676006	77	67	73	1053.195
-2.879793	2.579248	-2.364801	14	73	1	1052.675
-0.523599	2.719179	-1.780644	4	12	13	1052.431
-0.261799	2.138223	1.678323	15	77	21	1052.298
-0.261799	1.569311	-3.003978	6	76	17	1051.950
-1.832596	2.174483	2.653697	10	5	2	1051.851
-1.308997	1.812176	0.656819	5	79	15	1051.849
-1.308997	0.619654	-2.216909	77	17	77	1051.767
-2.356194	2.299159	2.264663	12	4	6	1051.690
0.785398	1.683268	0.374177	12	9	9	1051.677
2.094395	2.115563	0.685730	4	5	13	1051.642
-2.879793	0.929350	-2.910676	3	79	18	1051.565
0.000000	2.592629	0.909713	11	76	14	1051.405
0.523599	1.683268	0.374177	13	9	10	1051.323
0.000000	1.025536	1.576859	7	15	4	1050.959
1.570796	1.683268	0.374177	9	2	14	1050.800
-0.785398	1.168678	2.108595	6	12	7	1050.300
0.000000	1.247695	1.809890	5	14	7	1050.076
-1.570796	0.866955	-0.931351	0	71	73	1050.007
0.261799	1.809167	1.213774	8	12	6	1049.994
-3.141593	1.195355	1.200319	9	78	14	1048.792
0.000000	1.168678	2.108595	2	15	7	1048.666
-0.785398	1.374601	-2.456031	77	17	0	1048.613
1.832596	2.863997	0.549740	2	10	15	1048.559
0.523599	1.555207	1.708892	11	8	20	1048.524
2.094395	1.367556	0.358405	71	5	8	1048.222
-2.617994	0.419640	2.974122	6	67	76	1048.124
-0.261799	1.025536	1.576859	9	13	4	1047.991
-2.356194	2.456751	-1.503343	8	9	78	1047.657
-1.308997	1.872854	1.543456	10	74	22	1047.645
-3.141593	2.704512	1.488683	0	4	19	1047.464
-0.785398	2.379497	0.561089	20	74	13	1047.453
-2.356194	1.662363	0.915448	0	69	15	1047.218
-0.785398	2.115563	0.685730	12	74	14	1046.969
2.879793	1.488617	1.159546	4	78	15	1046.844
2.879793	1.310100	1.488307	5	76	15	1046.295
-0.785398	0.571433	-1.188419	2	71	74	1046.209
1.832596	1.045978	0.343692	78	3	12	1046.172
-0.523599	2.379497	0.561089	6	74	13	1046.123
2.094395	1.417623	-0.202254	7	11	2	1045.867
-1.570796	2.089241	-0.114193	9	69	6	1045.769
-0.261799	0.906588	1.252948	79	2	15	1045.508
-3.141593	2.478122	2.609777	16	2	12	1045.318
0.785398	1.824694	1.850876	11	5	22	1045.075
0.523599	2.881233	-2.582574	3	69	75	1044.637
0.000000	1.310100	1.488307	13	11	13	1044.557
-1.570796	0.290380	-0.796960	74	71	73	1044.541
-1.047198	2.063651	-2.044600	79	20	78	1044.338
1.047198	1.683268	0.374177	10	10	9	1044.246
2.094395	1.812176	0.656819	5	78	15	1044.241
-2.617994	1.809167	1.213774	8	1	15	1044.239
2.617994	2.001437	0.381215	74	4	11	1044.151
-1.308997	2.588535	-2.976617	8	9	16	1043.955
0.000000	1.696674	-1.253233	4	11	79	1043.909
-1.832596	1.869911	2.701025	6	7	79	1043.838
-1.832596	1.683268	0.374177	5	75	13	1043.735
-1.047198	0.080730	-2.622036	79	17	78	1043.605
-0.523599	0.850607	-1.335383	4	72	72	1043.598
-1.308997	2.478122	2.609777	7	4	18	1043.497
-1.570796	1.214854	-1.966664	4	16	74	1042.296
-0.261799	1.554776	0.100351	17	79	7	1041.884
-0.261799	2.664082	-1.071402	8	13	11	1041.814
1.832596	2.089241	-0.114193	0	8	9	1041.809
0.523599	1.335669	0.897240	8	16	79	1041.608
0.785398	1.247695	1.809890	5	12	12	1041.269
-2.879793	1.014500	0.906702	6	74	12	1041.207
-0.785398	1.488617	1.159546	18	77	16	1041.099
-1.308997	1.413430	2.550734	5	7	79	1041.001
1.832596	1.247695	1.809890	11	9	79	1040.778
-2.879793	1.488617	1.159546	9	0	15	1040.527
-3.141593	2.108018	1.311430	0	77	18	1040.093
-0.785398	2.153910	-1.714959	7	15	2	1039.754
-1.047198	0.418037	1.360082	16	2	5	1039.710
-1.308997	0.899350	-2.069907	1	15	75	1039.688
0.785398	0.458961	-0.107937	14	6	1	1039.440
-1.047198	1.662363	0.915448	17	72	14	1039.421
-2.879793	0.960688	-0.577532	5	11	2	1039.312
-1.047198	0.910508	1.903534	4	7	12	1039.227
-2.879793	1.662363	0.915448	7	0	15	1038.276
-1.570796	1.824694	1.850876	1	5	10	1038.211
1.047198	1.504028	0.636812	11	10	11	1038.191
-1.570796	1.606104	-0.451151	4	71	6	1037.951
-1.832596	1.977582	0.969896	76	5	11	1037.864
1.047198	1.184361	0.625864	4	10	10	1037.487
1.308997	0.864993	2.278281	8	8	10	1037.269
-1.570796	0.685216	-1.712745	7	11	5	1037.229
1.570796	2.637879	2.121598	9	74	11	1036.482
-0.261799	1.335669	0.897240	20	4	12	1036.451
-2.617994	2.588535	-2.976617	13	13	9	1036.430
0.261799	1.699788	2.452890	3	10	9	1036.333
-1.570796	2.393226	1.857173	4	78	20	1035.864
2.094395	1.683268	0.374177	76	5	10	1035.623
1.047198	1.766067	2.153843	8	3	23	1035.337
-2.094395	0.831641	0.616218	11	76	12	1035.247
0.000000	0.914445	2.687814	79	15	5	1035.046
0.785398	1.506530	1.988858	5	9	15	1034.886
0.785398	2.108018	1.311430	8	76	14	1034.839
-1.308997	2.760637	2.781135	1	7	9	1034.533
2.356194	1.367556	0.358405	72	5	9	1034.520
-0.261799	0.910508	1.903534	7	15	4	1034.429
-1.308997	0.290380	-0.796960	0	71	73	1034.419
-2.356194	0.615174	-0.666022	1	11	9	1034.047
-0.785398	0.850607	-1.335383	3	72	72	1033.859
-0.261799	2.587733	0.232235	16	8	10	1033.856
-2.356194	2.138223	1.678323	1	79	21	1033.611
-0.785398	1.555207	1.708892	10	7	4	1033.421
-1.308997	1.134497	-1.109631	1	72	72	1033.242
-2.617994	1.982574	-1.115518	6	7	72	1033.062
2.356194	2.379497	0.561089	3	5	13	1032.853
2.356194	2.295480	1.008277	5	4	15	1032.836
2.617994	2.592629	0.909713	78	4	17	1032.813
1.570796	0.591903	2.010408	7	9	10	1032.771
1.832596	2.104282	-0.813972	11	71	78	1032.675
1.570796	2.343981	-1.040456	11	70	78	1032.353
-1.570796	1.870545	-2.976234	13	9	14	1031.755
0.785398	1.809167	1.213774	7	6	17	1031.728
0.523599	1.836682	-0.676006	4	10	2	1031.570
-1.832596	2.478122	2.609777	2	8	0	1031.406
-2.356194	1.168678	2.108595	3	65	4	1031.355
-1.047198	1.977582	0.969896	16	71	16	1031.240
-1.570796	2.760637	2.781135	77	10	4	1030.725
0.523599	1.741644	-2.695914	10	75	16	1030.281
0.261799	1.335669	0.897240	9	8	12	1030.197
2.094395	1.872854	1.543456	6	0	16	1029.820
-0.523599	0.496451	0.593859	9	3	15	1029.763
0.000000	0.591903	2.010408	2	18	0	1029.438
-1.047198	0.831641	0.616218	9	3	15	1029.243
-1.832596	1.195355	1.200319	9	4	13	1029.030
-1.308997	0.700570	1.559208	8	4	13	1028.771
-3.141593	0.866395	-2.492918	11	78	17	1028.765
-0.785398	0.866395	-2.492918	77	16	79	1028.759
-2.356194	2.180315	-1.357379	7	9	76	1028.708
1.308997	2.299159	2.264663	6	70	5	1028.663
1.570796	1.417623	-0.202254	73	12	78	1028.385
-1.832596	0.297065	2.160177	16	2	5	1028.279
2.879793	0.866395	-2.492918	9	77	17	1027.661
2.094395	1.699788	2.452890	3	9	9	1027.479
-2.094395	0.685216	-1.712745	1	17	74	1027.388
-1.570796	2.588535	-2.976617	5	9	18	1026.995
-3.141593	2.984978	1.954446	4	9	18	1026.941
-0.261799	1.310100	1.488307	15	9	12	1026.926
-2.617994	1.699788	2.452890	5	9	11	1026.903
-3.141593	1.869911	2.701025	6	11	7	1026.849
-0.261799	2.247462	0.191623	13	10	2	1026.840
0.000000	2.115563	0.685730	7	77	14	1026.703
1.832596	1.367556	0.358405	72	6	8	1026.194
-1.047198	1.367556	0.358405	14	74	9	1026.154
0.785398	1.448123	-2.163292	4	73	15	1025.542
-1.047198	1.545873	-1.877082	5	14	79	1025.273
-0.261799	0.864993	2.278281	2	17	3	1025.232
-0.785398	2.349581	-2.702517	5	10	14	1025.057
2.617994	2.295480	1.008277	13	0	14	1025.042
2.617994	2.138223	1.678323	14	77	11	1025.006
0.000000	1.045978	0.343692	11	2	12	1024.988
-1.047198	1.325504	-1.671296	2	14	74	1024.903
0.785398	1.756530	-2.105156	6	71	13	1024.833
-0.523599	1.617114	-1.572037	3	11	2	1024.804
1.832596	1.875281	0.107086	79	9	9	1024.042
1.308997	2.404280	-0.174044	6	2	15	1023.985
2.617994	1.824694	1.850876	14	76	10	1023.849
-1.047198	2.349581	-2.702517	3	11	16	1023.826
2.617994	2.174483	2.653697	8	11	6	1023.672
-0.523599	2.587733	0.232235	15	75	10	1023.505
1.308997	1.998705	2.370472	8	7	14	1023.371
-0.785398	2.001437	0.381215	13	75	12	1023.359
2.617994	2.115563	0.685730	2	4	14	1023.297
-0.523599	1.168678	2.108595	15	7	18	1023.279
1.832596	1.721184	-0.153948	69	10	0	1023.102
-0.523599	1.448123	-2.163292	78	15	77	1023.090
2.617994	1.555207	1.708892	13	77	12	1023.046
2.356194	2.588535	-2.976617	0	70	73	1022.958
0.261799	1.413347	-1.339188	8	1	72	1022.894
1.832596	0.618092	2.539118	77	68	0	1022.539
-2.094395	2.637879	2.121598	77	6	19	1022.332
0.261799	2.379497	0.561089	11	12	6	1022.139
1.308997	0.591903	2.010408	9	8	9	1021.717
-2.356194	1.134497	-1.109631	78	12	7	1021.609
-0.261799	1.658653	-2.409879	2	11	6	1021.512
-2.094395	1.135834	-1.431087	11	7	6	1021.372
-0.261799	1.256302	0.062705	16	77	7	1021.357
-1.570796	1.488617	1.159546	7	4	14	1021.286
-0.785398	2.247462	0.191623	12	75	11	1021.214
-1.047198	2.588535	-2.976617	6	8	16	1021.133
2.879793	1.809167	1.213774	78	77	16	1021.110
2.094395	0.297065	2.160177	76	69	77	1021.047
-2.617994	1.184361	0.625864	78	69	10	1020.975
-1.047198	2.115563	0.685730	17	72	14	1020.972
0.523599	0.961715	0.014085	10	4	12	1020.932
-1.308997	1.617114	-1.572037	5	13	70	1020.854
2.356194	1.310100	1.488307	11	78	14	1020.826
0.000000	1.417623	-0.202254	12	8	1	1020.805
2.879793	1.869911	2.701025	8	10	7	1020.520
-1.047198	2.073035	2.027405	1	8	8	1020.475
-2.094395	2.984978	1.954446	10	5	9	1020.370
-1.047198	2.174483	2.653697	4	6	20	1020.277
0.261799	1.736875	3.023612	4	7	14	1020.183
1.832596	2.724429	-0.348782	79	9	3	1020.109
0.000000	1.824694	1.850876	9	9	8	1019.874
-1.832596	2.979456	-1.009304	9	8	1	1019.610
-0.785398	1.242974	-2.977882	9	12	13	1019.572
0.785398	0.297065	2.160177	75	15	2	1019.148
-2.094395	1.247695	1.809890	11	73	20	1018.750
-1.832596	0.992645	-1.723759	4	14	72	1018.562
0.785398	2.187132	-0.479875	4	11	5	1018.533
-0.523599	1.374601	-2.456031	79	15	78	1018.444
-0.523599	0.929350	-2.910676	6	12	10	1018.363
0.785398	1.696674	-1.253233	7	3	72	1018.250
1.047198	1.662363	0.915448	8	0	15	1017.815
-0.261799	2.407836	1.410646	17	74	19	1017.643
-1.570796	2.979456	-1.009304	16	75	10	1017.528
-1.570796	2.349581	-2.702517	13	10	13	1017.453
-2.617994	2.180315	-1.357379	8	7	75	1017.391
-3.141593	2.579248	-2.364801	0	12	0	1017.193
2.617994	1.025536	1.576859	11	74	11	1017.069
1.832596	1.766067	2.153843	4	10	6	1017.054
0.000000	0.418037	1.360082	78	2	15	1016.986
-2.094395	0.419640	2.974122	10	73	14	1016.791
-0.523599	1.242974	-2.977882	6	12	12	1016.692
-3.141593	0.619654	-2.216909	13	77	15	1016.602
2.356194	1.488617	1.159546	2	1	16	1016.238
1.308997	2.724429	-0.348782	5	7	12	1016.160
-0.261799	1.683268	0.374177	17	79	10	1015.944
-0.785398	2.108018	1.311430	15	73	19	1015.826
0.000000	1.555207	1.708892	14	6	20	1015.492
-2.879793	0.866395	-2.492918	12	0	17	1015.250
-2.094395	1.413347	-1.339188	8	10	2	1015.133
2.094395	1.998705	2.370472	9	9	5	1014.904
-2.879793	0.615174	-0.666022	2	12	3	1014.895
0.523599	1.977582	0.969896	8	79	15	1014.869
0.785398	0.700570	1.559208	6	15	12	1014.859
2.094395	2.295480	1.008277	6	5	15	1013.670
-1.570796	0.906588	1.252948	9	4	13	1013.119
0.261799	1.195355	1.200319	8	15	2	1012.828
-2.879793	2.984978	1.954446	1	8	18	1012.481
2.617994	0.370812	-2.547742	11	65	78	1012.291
-2.617994	2.073035	2.027405	4	3	22	1012.251
0.785398	2.455966	-0.641220	7	4	15	1012.020
-2.879793	1.977582	0.969896	76	77	16	1011.965
-1.308997	1.870545	-2.976234	10	11	14	1011.964
1.308997	1.696674	-1.253233	7	68	79	1011.837
2.356194	1.824694	1.850876	13	75	10	1011.815
-1.047198	2.881233	-2.582574	2	9	16	1011.687
-1.047198	0.906588	1.252948	7	3	14	1011.617
2.879793	2.592629	0.909713	78	2	17	1010.954
1.308997	1.433411	-1.035986	3	68	76	1010.730
-0.785398	1.135813	-2.658866	78	17	1	1010.729
-2.094395	2.478122	2.609777	14	3	4	1010.483
0.785398	1.504028	0.636812	8	10	12	1010.389
-1.047198	2.247462	0.191623	12	73	10	1010.060
-0.785398	1.574060	2.783565	6	72	14	1009.957
0.261799	1.732874	-0.951685	3	10	1	1009.605
-0.785398	1.904882	-1.478089	2	15	77	1009.312
2.094395	2.863997	0.549740	12	3	10	1009.107
0.000000	2.407836	1.410646	18	77	19	1009.003
-2.879793	2.592629	0.909713	1	0	14	1008.999
0.261799	1.506530	1.988858	10	7	21	1008.973
0.785398	1.128190	-2.288622	79	76	16	1008.408
2.617994	0.906588	1.252948	1	75	14	1008.202
-1.047198	1.683268	0.374177	7	78	15	1007.971
-2.356194	1.242974	-2.977882	1	0	17	1007.936
0.523599	1.766067	2.153843	3	10	8	1007.812
0.000000	0.906588	1.252948	79	0	15	1007.768
2.879793	1.510910	-0.740472	79	67	72	1007.406
0.785398	2.073035	2.027405	2	10	10	1007.393
-0.261799	0.571433	-1.188419	8	72	76	1007.376
1.570796	1.812176	0.656819	10	0	14	1007.273
0.261799	0.618092	2.539118	78	15	3	1007.253
2.617994	2.587733	0.232235	73	3	12	1007.153
0.261799	1.488617	1.159546	8	14	3	1006.741
-1.308997	2.153910	-1.714959	5	17	76	1006.706
2.617994	1.135834	-1.431087	0	67	72	1006.622
-1.832596	1.504028	0.636812	7	2	16	1006.570
-2.617994	1.977582	0.969896	7	1	15	1006.197
-0.523599	1.555207	1.708892	9	9	5	1006.181
1.570796	1.367556	0.358405	8	1	15	1006.169
-2.356194	0.733948	3.021411	5	75	16	1006.106
-1.308997	1.194549	-0.801900	1	71	72	1006.088
1.570796	2.001437	0.381215	1	11	11	1006.078
-0.785398	2.138223	1.678323	4	11	4	1006.046
-2.356194	2.174483	2.653697	14	4	12	1005.878
-0.261799	0.733948	3.021411	78	16	3	1005.734
0.000000	1.870545	-2.976234	8	72	14	1005.657
1.832596	1.699788	2.452890	1	70	0	1005.539
0.261799	0.640596	-2.797608	5	3	17	1005.466
-1.308997	1.433411	-1.035986	3	73	71	1005.404
-2.094395	1.184361	0.625864	9	76	13	1005.229
1.047198	2.089241	-0.114193	4	11	7	1005.229
-0.523599	1.135813	-2.658866	79	15	78	1005.016
-1.047198	0.297065	2.160177	10	9	71	1004.798
2.356194	1.599406	1.426070	5	78	15	1004.750
2.094395	2.379497	0.561089	4	6	13	1004.670
-1.832596	2.164094	-2.991358	15	8	15	1004.640
-0.785398	1.391910	3.030322	10	10	16	1004.598
1.047198	0.615174	-0.666022	9	5	78	1004.338
2.879793	2.579248	-2.364801	79	72	70	1004.097
0.000000	1.335669	0.897240	11	6	12	1003.703
-0.261799	1.218453	2.777284	7	11	16	1003.596
-0.261799	0.914445	2.687814	79	17	4	1003.585
1.832596	2.379497	0.561089	6	6	13	1002.930
-2.879793	2.153910	-1.714959	4	11	9	1002.912
1.308997	2.138223	1.678323	8	77	15	1002.618
-3.141593	1.050534	3.042579	78	0	16	1002.582
-2.617994	0.762244	-0.273349	7	11	7	1002.500
2.356194	1.195355	1.200319	76	78	14	1002.306
-0.523599	1.025536	1.576859	16	8	10	1001.966
2.094395	1.247695	1.809890	4	73	11	1001.854
-0.785398	1.247695	1.809890	7	10	8	1001.706
-2.094395	0.914445	2.687814	9	8	5	1001.697
-1.308997	2.174483	2.653697	6	6	13	1001.471
-2.617994	2.393226	1.857173	3	0	20	1001.426
-1.570796	1.510910	-0.740472	3	71	65	1000.894
1.047198	1.872854	1.543456	7	12	12	1000.721
-0.261799	0.831641	0.616218	17	79	11	1000.501
0.523599	1.872854	1.543456	15	6	20	1000.152
2.356194	1.335669	0.897240	76	1	12	999.972
-1.047198	0.674054	1.013609	8	4	14	999.921
-2.356194	2.393226	1.857173	6	3	14	999.894
0.261799	1.998705	2.370472	3	9	10	999.845
-2.094395	1.824694	1.850876	9	6	8	999.793
0.785398	1.045978	0.343692	1	3	14	999.590
-0.785398	1.545873	-1.877082	1	15	76	999.586
2.094395	2.108018	1.311430	7	2	16	999.286
-1.832596	0.960688	-0.577532	1	70	75	998.873
2.356194	1.014500	0.906702	78	78	13	998.854
-0.523599	1.391910	3.030322	7	76	17	998.703
0.523599	0.762244	-0.273349	13	4	3	998.643
-1.832596	2.033014	2.977192	1	15	6	998.546
0.000000	2.664082	-1.071402	5	12	10	998.234
2.879793	2.704512	1.488683	1	6	19	998.027
-1.308997	1.554776	0.100351	9	74	12	998.005
-2.879793	2.478122	2.609777	8	13	14	997.933
-0.785398	1.448123	-2.163292	77	17	77	997.368
2.617994	1.506530	1.988858	14	76	10	997.361
-1.832596	2.153910	-1.714959	9	13	76	997.094
-0.523599	2.579248	-2.364801	79	10	15	996.936
1.570796	2.108018	1.311430	10	78	14	996.846
-1.570796	1.696674	-1.253233	71	71	72	996.814
-1.570796	2.379497	0.561089	79	75	12	996.695
-0.785398	1.433411	-1.035986	4	10	72	996.565
-1.570796	1.574060	2.783565	5	6	78	996.398
-2.617994	1.504028	0.636812	77	70	11	996.376
0.523599	1.014500	0.906702	14	12	4	996.073
-1.047198	1.506530	1.988858	8	7	4	995.961
1.832596	1.977582	0.969896	11	79	14	995.750
2.356194	1.555207	1.708892	12	76	12	995.559
2.356194	1.025536	1.576859	18	77	12	995.345
0.785398	1.433411	-1.035986	7	3	72	995.132
-3.141593	1.488617	1.159546	5	76	15	995.045
-3.141593	1.977582	0.969896	76	0	16	994.835
0.785398	2.407836	1.410646	11	9	13	994.625
-1.308997	1.948085	-2.363031	8	13	12	994.262
2.879793	0.762244	-0.273349	5	13	2	994.160
-2.617994	1.741644	-2.695914	1	5	15	994.029
0.523599	1.606104	-0.451151	2	13	71	993.978
-0.785398	2.295480	1.008277	17	72	16	993.879
0.000000	1.721184	-0.153948	9	8	8	993.801
0.523599	1.045978	0.343692	6	3	13	993.754
-0.785398	2.587733	0.232235	10	72	9	993.673
1.308997	2.592629	0.909713	10	5	14	993.374
-0.261799	1.812176	0.656819	7	77	15	993.281
-1.570796	1.545873	-1.877082	12	13	0	993.118
-1.832596	1.555207	1.708892	2	5	11	993.049
1.047198	1.134497	-1.109631	4	2	67	993.027
-2.094395	0.618092	2.539118	7	7	11	992.989
-0.523599	0.080730	-2.622036	7	7	12	992.955
-2.094395	1.736875	3.023612	7	6	77	992.906
-2.617994	0.733948	3.021411	7	67	79	992.842
-2.094395	2.407836	1.410646	3	76	19	992.658
0.523599	2.979456	-1.009304	0	9	15	992.498
-2.094395	1.367556	0.358405	6	75	13	992.281
0.261799	0.297065	2.160177	4	16	9	992.038
-2.356194	1.045978	0.343692	0	69	7	992.002
-2.879793	0.733948	3.021411	9	66	0	991.871
1.832596	2.115563	0.685730	5	6	14	991.823
-2.617994	0.674054	1.013609	13	76	11	991.534
2.879793	2.295480	1.008277	13	1	14	991.532
-1.570796	1.218453	2.777284	2	74	15	990.844
-2.879793	1.699788	2.452890	6	9	11	990.816
1.047198	1.554776	0.100351	3	3	14	990.786
0.000000	1.184361	0.625864	17	2	12	990.772
0.261799	2.187132	-0.479875	7	13	6	990.726
0.261799	1.904882	-1.478089	4	4	70	990.671
1.047198	1.741644	-2.695914	14	79	16	990.397
0.523599	1.128190	-2.288622	79	76	16	990.198
-1.832596	1.574060	2.783565	10	6	3	990.115
-2.356194	2.637879	2.121598	11	5	7	989.781
-1.570796	1.683268	0.374177	6	75	13	989.646
-1.570796	2.164094	-2.991358	12	9	15	989.557
0.523599	1.367556	0.358405	11	9	9	989.514
0.000000	0.379747	-1.713059	5	70	76	989.478
-2.879793	1.184361	0.625864	75	72	11	989.454
2.094395	1.325504	-1.671296	3	65	68	989.340
-0.261799	2.153910	-1.714959	78	15	76	989.334
-1.308997	1.218453	2.777284	4	72	14	989.311
-1.047198	2.579248	-2.364801	4	11	15	989.187
-2.094395	2.393226	1.857173	79	1	21	989.040
0.785398	1.982574	-1.115518	8	7	3	988.699
-0.785398	1.450119	-2.739050	78	17	4	988.588
-2.617994	0.831641	0.616218	6	72	10	988.573
-0.523599	1.450119	-2.739050	4	78	17	988.568
0.785398	0.640596	-2.797608	77	79	16	988.496
-0.523599	2.407836	1.410646	15	72	19	988.493
-1.570796	1.256302	0.062705	8	73	11	988.472
1.308997	0.910508	1.903534	0	12	4	988.283
1.308997	1.194549	-0.801900	9	5	75	988.226
-2.617994	0.914445	2.687814	9	66	3	987.991
-1.047198	1.256302	0.062705	17	73	5	987.709
2.356194	2.637879	2.121598	16	1	12	987.652
0.523599	1.256302	0.062705	3	3	15	987.400
-1.308997	1.417623	-0.202254	9	73	10	987.114
1.570796	0.910508	1.903534	8	8	9	987.088
2.617994	2.299159	2.264663	15	79	14	987.073
2.617994	0.961715	0.014085	6	12	3	986.855
0.785398	0.370812	-2.547742	79	69	74	986.828
-0.523599	2.247462	0.191623	16	77	10	986.721
-0.785398	2.251330	-2.330739	3	12	13	986.454
-0.261799	2.295480	1.008277	19	77	16	986.305
-2.094395	2.138223	1.678323	4	78	20	986.000
-1.570796	2.456751	-1.503343	8	14	77	985.950
-0.785398	1.014500	0.906702	8	2	15	985.519
-2.094395	1.433411	-1.035986	5	9	73	985.423
-2.617994	1.134497	-1.109631	79	13	0	985.271
1.570796	1.662363	0.915448	9	79	14	985.152
2.094395	2.164094	-2.991358	75	73	70	984.969
-0.261799	2.881233	-2.582574	1	6	14	984.952
-1.308997	2.349581	-2.702517	10	11	13	984.686
-1.047198	2.089241	-0.114193	17	4	6	984.658
0.000000	1.367556	0.358405	11	1	12	984.653
-1.832596	0.458961	-0.107937	70	66	69	984.606
1.047198	2.180315	-1.357379	77	68	72	984.576
-0.523599	0.831641	0.616218	16	78	11	984.532
-1.047198	2.108018	1.311430	78	2	12	984.451
-2.617994	2.379497	0.561089	75	64	0	984.370
2.356194	2.592629	0.909713	79	6	17	984.327
-1.047198	1.696674	-1.253233	6	12	74	983.962
-1.832596	1.904882	-1.478089	8	12	73	983.808
1.308997	0.419640	2.974122	79	72	70	983.800
0.261799	2.407836	1.410646	10	3	19	983.768
-3.141593	2.187132	-0.479875	76	63	73	983.650
1.570796	1.413430	2.550734	6	70	4	983.587
-1.308997	2.063651	-2.044600	3	19	78	983.369
2.094395	1.506530	1.988858	11	73	10	983.324
1.832596	1.554776	0.100351	74	9	6	983.318
1.047198	1.555207	1.708892	4	12	13	983.313
-0.523599	2.724429	-0.348782	12	12	2	983.100
-0.785398	0.914445	2.687814	3	17	3	982.925
-1.047198	2.153910	-1.714959	2	18	76	982.763
1.570796	2.115563	0.685730	2	10	15	982.676
-1.047198	2.138223	1.678323	73	4	9	982.604
0.785398	1.554776	0.100351	14	1	10	982.598
-0.261799	1.756530	-2.105156	2	11	6	982.570
0.523599	1.247695	1.809890	1	15	7	982.546
-1.832596	1.025536	1.576859	9	4	12	982.516
0.785398	0.591903	2.010408	78	15	3	982.288
1.047198	2.343981	-1.040456	78	10	2	982.137
-0.261799	2.108018	1.311430	18	78	19	981.977
-3.141593	1.599406	1.426070	6	76	16	981.944
0.261799	2.299159	2.264663	10	76	22	981.839
2.094395	1.809167	1.213774	5	4	17	981.557
-2.879793	0.640596	-2.797608	7	75	16	981.502
-1.570796	1.014500	0.906702	9	3	14	981.072
-0.261799	1.824694	1.850876	3	11	6	980.980
-1.570796	1.721184	-0.153948	8	69	4	980.940
2.094395	2.404280	-0.174044	74	7	7	980.760
-2.094395	2.247462	0.191623	0	68	10	980.434
2.094395	1.335669	0.897240	76	3	12	980.427
2.879793	1.872854	1.543456	6	79	17	980.089
-0.523599	2.592629	0.909713	19	73	16	980.042
-3.141593	1.872854	1.543456	6	79	18	979.858
-0.523599	1.554776	0.100351	16	77	7	979.799
-1.308997	0.864993	2.278281	17	6	16	979.567
-2.094395	1.256302	0.062705	5	74	12	979.542
-1.570796	1.977582	0.969896	74	3	10	979.527
-0.785398	0.929350	-2.910676	79	18	2	979.375
-1.832596	2.588535	-2.976617	12	9	15	979.354
-1.308997	0.080730	-2.622036	2	17	78	979.341
0.261799	0.379747	-1.713059	7	70	77	979.271
-1.570796	1.904882	-1.478089	9	12	72	979.075
2.879793	1.555207	1.708892	14	77	11	979.063
2.094395	1.599406	1.426070	11	76	13	978.956
2.617994	2.579248	-2.364801	0	15	77	978.652
-2.356194	1.413347	-1.339188	13	7	6	978.541
-1.047198	1.555207	1.708892	14	78	21	978.474
-1.832596	2.760637	2.781135	3	6	19	978.375
-1.570796	1.554776	0.100351	8	74	12	978.313
0.261799	2.349581	-2.702517	5	3	18	978.029
-3.141593	2.379497	0.561089	73	0	13	977.513
-0.261799	1.045978	0.343692	11	2	12	977.256
1.570796	1.732874	-0.951685	5	69	74	977.243
-2.617994	2.478122	2.609777	14	5	12	977.210
-2.879793	2.295480	1.008277	75	79	16	977.198
1.308997	1.982574	-1.115518	7	68	74	977.166
-1.308997	1.766067	2.153843	76	9	4	977.160
-1.047198	0.619654	-2.216909	75	16	78	977.129
-1.308997	1.367556	0.358405	7	0	16	976.935
2.094395	2.592629	0.909713	1	8	17	976.840
-0.785398	1.325504	-1.671296	0	14	74	976.838
-2.356194	1.218453	2.777284	7	9	1	976.709
1.308997	2.247462	0.191623	3	11	10	976.703
0.000000	1.488617	1.159546	8	2	16	976.633
-1.047198	1.448123	-2.163292	1	17	77	976.623
-0.523599	1.184361	0.625864	16	79	12	976.585
2.094395	1.310100	1.488307	16	75	12	976.551
0.261799	2.138223	1.678323	16	0	21	976.399
0.523599	2.073035	2.027405	12	1	23	976.099
-2.879793	2.138223	1.678323	0	3	21	976.056
1.308997	0.418037	1.360082	78	16	1	976.020
-0.523599	1.510910	-0.740472	4	10	74	975.770
-0.523599	1.256302	0.062705	16	75	6	975.762
2.879793	0.496451	0.593859	7	10	3	975.732
0.261799	1.696674	-1.253233	8	3	74	975.620
1.047198	1.599406	1.426070	5	14	11	975.294
2.879793	1.247695	1.809890	14	76	10	975.149
0.000000	2.180315	-1.357379	0	13	0	975.041
0.261799	0.674054	1.013609	0	1	15	975.036
2.356194	1.617114	-1.572037	3	65	68	974.887
-2.879793	2.393226	1.857173	1	7	20	974.823
0.523599	1.301460	-0.509251	6	8	78	974.794
-1.570796	1.504028	0.636812	7	0	16	974.669
-2.356194	1.732874	-0.951685	5	8	72	974.667
-1.832596	2.247462	0.191623	3	69	10	974.616
-1.570796	1.756530	-2.105156	12	12	8	974.591
1.047198	0.864993	2.278281	0	10	11	974.521
2.094395	2.664082	-1.071402	75	65	78	974.487
0.523599	0.203748	0.590255	79	5	15	974.398
0.000000	1.450119	-2.739050	6	77	17	973.945
1.047198	1.440580	2.260026	17	2	9	973.938
-1.832596	2.379497	0.561089	0	69	13	973.824
0.261799	1.869911	2.701025	6	7	15	973.665
2.094395	2.704512	1.488683	13	7	17	973.596
-2.356194	2.478122	2.609777	14	3	4	973.560
-1.832596	1.367556	0.358405	7	75	13	973.540
-0.261799	0.496451	0.593859	12	4	4	973.513
0.261799	2.393226	1.857173	15	76	21	973.034
0.000000	2.356369	3.005869	7	3	17	973.020
-1.832596	0.618092	2.539118	13	5	79	972.648
-1.047198	1.135813	-2.658866	10	13	9	972.382
-1.570796	2.343981	-1.040456	10	9	75	971.986
-2.094395	1.504028	0.636812	8	1	16	971.846
0.785398	1.812176	0.656819	9	8	13	971.800
1.832596	1.683268	0.374177	78	7	10	971.635
-2.094395	0.864993	2.278281	3	7	11	971.557
1.832596	0.203748	0.590255	0	17	78	971.551
-1.308997	0.906588	1.252948	14	76	14	971.417
-2.617994	1.450119	-2.739050	2	3	17	971.319
0.523599	2.343981	-1.040456	2	8	3	971.160
-1.047198	1.014500	0.906702	14	76	13	971.068
0.000000	1.128190	-2.288622	78	77	16	970.941
-0.785398	0.831641	0.616218	8	2	15	970.875
-1.308997	1.256302	0.062705	15	71	5	970.646
-2.094395	2.174483	2.653697	12	5	12	970.506
-1.570796	1.948085	-2.363031	8	2	17	970.135
-2.617994	0.960688	-0.577532	5	11	6	970.084
-1.570796	1.875281	0.107086	8	68	7	970.078
-1.570796	1.741644	-2.695914	13	10	11	969.908
1.308997	1.812176	0.656819	10	0	14	969.593
-3.141593	1.555207	1.708892	8	76	17	969.304
-1.570796	1.872854	1.543456	1	4	11	969.303
-0.785398	2.724429	-0.348782	13	9	4	969.278
-2.356194	1.809167	1.213774	8	2	15	969.154
0.785398	1.367556	0.358405	9	10	9	968.927
-0.261799	1.504028	0.636812	7	79	16	968.914
-1.047198	1.617114	-1.572037	3	14	70	968.600
2.094395	1.488617	1.159546	10	0	15	968.524
-2.879793	1.135813	-2.658866	7	68	79	968.096
2.617994	2.863997	0.549740	11	5	11	968.088
-2.356194	1.555207	1.708892	11	5	9	967.963
2.356194	0.700570	1.559208	7	12	3	967.957
-2.356194	1.488617	1.159546	2	69	17	967.492
-0.523599	0.733948	3.021411	0	17	4	967.326
-1.308997	1.756530	-2.105156	8	15	3	967.049
0.000000	1.875281	0.107086	14	10	6	966.877
2.094395	1.128190	-2.288622	10	79	18	966.551
0.785398	1.256302	0.062705	8	3	13	966.504
-2.879793	2.587733	0.232235	74	64	0	966.479
-1.308997	2.456751	-1.503343	7	16	78	966.454
1.570796	1.391910	3.030322	77	70	73	966.264
-1.308997	1.721184	-0.153948	9	73	10	966.246
-1.570796	0.379747	-1.713059	79	14	78	966.041
0.261799	2.180315	-1.357379	79	12	1	965.818
0.785398	1.168678	2.108595	5	10	12	965.687
0.000000	2.108018	1.311430	17	1	18	965.655
-2.094395	0.379747	-1.713059	0	17	76	965.645
1.047198	0.290380	-0.796960	11	2	74	965.581
1.570796	1.301460	-0.509251	6	8	2	965.577
0.523599	0.591903	2.010408	0	17	4	965.488
-1.308997	0.379747	-1.713059	79	11	7	965.365
1.570796	1.699788	2.452890	7	6	14	965.327
-1.308997	1.846342	-1.796954	9	14	0	965.199
0.523599	2.379497	0.561089	13	11	16	965.178
-2.879793	0.762244	-0.273349	7	10	1	965.059
-2.356194	1.247695	1.809890	1	64	3	964.878
-2.094395	1.869911	2.701025	15	4	11	964.838
-2.094395	1.050534	3.042579	10	6	76	964.631
-0.261799	2.579248	-2.364801	2	8	13	964.563
-2.094395	1.662363	0.915448	4	69	16	964.211
-0.261799	2.180315	-1.357379	3	14	0	964.183
-2.356194	1.506530	1.988858	1	66	6	964.100
0.261799	2.455966	-0.641220	6	13	8	963.881
1.832596	2.587733	0.232235	4	7	12	963.841
-1.570796	1.433411	-1.035986	1	75	63	963.623
0.523599	0.864993	2.278281	79	14	5	963.529
-2.094395	0.571433	-1.188419	2	9	10	963.367
0.261799	0.458961	-0.107937	14	3	3	963.358
2.879793	1.025536	1.576859	11	77	14	963.322
-0.785398	1.554776	0.100351	15	75	7	963.152
1.308997	2.180315	-1.357379	8	69	72	963.146
0.000000	1.113094	-0.272241	5	8	66	963.121
0.523599	1.168678	2.108595	7	11	12	963.047
1.308997	2.637879	2.121598	12	7	0	963.045
0.785398	2.724429	-0.348782	4	12	11	962.973
-1.308997	2.295480	1.008277	78	76	13	962.718
2.356194	1.247695	1.809890	18	78	9	962.705
0.000000	2.979456	-1.009304	6	12	14	962.676
-1.832596	0.910508	1.903534	8	5	11	962.625
2.879793	0.906588	1.252948	8	75	13	962.465
1.047198	1.367556	0.358405	11	10	8	962.417
0.523599	2.138223	1.678323	4	11	9	962.410
-0.523599	0.961715	0.014085	19	75	78	962.355
-0.261799	2.592629	0.909713	18	1	16	962.163
2.617994	1.247695	1.809890	12	74	10	962.091
2.094395	1.025536	1.576859	0	75	13	962.089
-0.523599	0.419640	2.974122	0	18	2	961.969
-0.523599	2.704512	1.488683	13	70	18	961.900
-2.617994	2.153910	-1.714959	6	10	7	961.831
0.261799	2.115563	0.685730	11	12	7	961.805
-1.832596	0.929350	-2.910676	7	1	18	961.449
-2.617994	0.203748	0.590255	2	69	1	961.416
-3.141593	1.417623	-0.202254	0	67	75	961.344
-1.832596	2.356369	3.005869	0	15	6	961.187
2.879793	2.115563	0.685730	3	0	14	961.064
2.356194	2.104282	-0.813972	76	66	74	961.054
0.523599	1.812176	0.656819	10	8	13	960.992
2.617994	2.760637	2.781135	14	2	21	960.990
-2.356194	0.850607	-1.335383	77	12	6	960.888
2.879793	1.909857	-0.381669	77	66	74	960.652
-1.832596	2.637879	2.121598	6	2	19	960.618
2.356194	2.984978	1.954446	14	13	13	960.434
0.261799	0.961715	0.014085	11	2	11	960.423
0.785398	1.662363	0.915448	7	8	15	960.406
-3.141593	1.135813	-2.658866	10	1	18	960.333
0.261799	1.875281	0.107086	17	7	8	960.250
-1.570796	0.899350	-2.069907	79	18	76	960.124
-2.617994	1.948085	-2.363031	2	6	14	960.027
0.261799	1.168678	2.108595	1	15	8	960.021
-1.570796	1.732874	-0.951685	77	71	69	960.001
2.879793	1.696674	-1.253233	3	68	5	959.821
-1.832596	1.448123	-2.163292	15	11	8	959.513
0.000000	1.506530	1.988858	12	7	21	959.429
2.879793	2.407836	1.410646	16	3	6	959.120
0.261799	1.417623	-0.202254	10	9	1	959.053
-1.832596	1.599406	1.426070	9	71	20	958.743
2.879793	1.606104	-0.451151	77	67	73	958.712
0.523599	0.640596	-2.797608	4	5	16	958.652
-2.094395	2.356369	3.005869	1	16	6	958.480
0.261799	2.073035	2.027405	12	79	23	958.476
-2.356194	2.396274	-1.959260	8	71	0	957.899
1.308997	1.766067	2.153843	7	8	13	957.725
0.000000	1.413347	-1.339188	9	1	73	957.631
1.047198	2.724429	-0.348782	1	11	12	957.583
2.879793	2.863997	0.549740	74	4	13	957.526
2.094395	2.349581	-2.702517	1	16	76	957.474
0.523599	0.906588	1.252948	78	76	14	957.441
0.000000	0.618092	2.539118	79	17	5	957.386
-0.785398	2.455966	-0.641220	7	12	75	957.207
0.523599	0.831641	0.616218	4	3	13	957.151
2.879793	1.977582	0.969896	78	77	16	957.143
-2.356194	1.184361	0.625864	1	68	10	957.027
-0.523599	1.699788	2.452890	10	7	21	957.024
1.832596	1.662363	0.915448	10	0	14	957.004
-1.047198	2.979456	-1.009304	16	11	5	956.911
-0.785398	1.732874	-0.951685	5	12	74	956.491
-0.523599	1.413347	-1.339188	6	10	1	956.412
0.523599	1.662363	0.915448	10	7	15	956.352
2.094395	1.904882	-1.478089	78	64	69	956.288
0.000000	1.301460	-0.509251	1	11	75	956.221
2.617994	2.407836	1.410646	7	3	16	955.988
-1.047198	2.041297	-2.664597	8	11	12	955.951
1.570796	2.138223	1.678323	11	77	14	955.941
1.570796	0.418037	1.360082	75	15	1	955.867
1.047198	1.812176	0.656819	11	10	12	955.839
2.617994	0.866395	-2.492918	10	64	77	955.703
1.047198	2.984978	1.954446	12	7	1	955.686
0.000000	2.153910	-1.714959	3	11	6	955.671
-0.261799	0.762244	-0.273349	17	76	3	955.585
1.308997	1.367556	0.358405	1	2	14	955.480
-0.523599	2.349581	-2.702517	4	9	14	955.417
-0.523599	0.914445	2.687814	0	18	3	955.316
0.000000	1.998705	2.370472	5	8	10	955.252
0.785398	1.184361	0.625864	4	77	17	955.164
2.094395	0.685216	-1.712745	75	11	71	955.122
1.047198	0.496451	0.593859	15	12	9	955.057
2.356194	2.299159	2.264663	13	72	5	955.004
-0.785398	0.864993	2.278281	15	74	11	954.971
-1.832596	1.242974	-2.977882	2	76	17	954.678
1.308997	0.866955	-0.931351	9	4	69	954.551
-1.832596	0.762244	-0.273349	6	71	4	954.508
-1.047198	1.440580	2.260026	15	4	20	954.301
-1.570796	1.846342	-1.796954	6	16	74	954.284
-2.094395	2.588535	-2.976617	4	17	3	954.140
-0.785398	1.218453	2.777284	7	75	17	954.064
-0.261799	2.393226	1.857173	12	73	21	954.047
0.261799	1.555207	1.708892	13	7	20	953.885
-2.879793	0.419640	2.974122	8	65	79	953.810
-2.617994	2.295480	1.008277	75	77	16	953.257
-0.523599	2.108018	1.311430	16	75	19	953.017
1.047198	0.709924	0.218797	3	2	18	953.009
-1.832596	2.108018	1.311430	7	74	18	952.969
0.000000	0.866395	-2.492918	4	2	17	952.885
0.785398	1.909857	-0.381669	13	2	11	952.812
0.000000	1.766067	2.153843	10	3	22	952.611
-2.879793	1.599406	1.426070	79	76	21	952.539
0.261799	1.256302	0.062705	11	2	12	952.529
0.000000	1.134796	2.434290	0	15	7	952.383
-1.570796	1.050534	3.042579	3	75	17	952.266
-0.261799	2.251330	-2.330739	3	10	11	952.030
2.879793	2.588535	-2.976617	7	10	3	951.979
-2.879793	1.050534	3.042579	77	79	16	951.972
-1.570796	1.617114	-1.572037	5	14	74	951.823
-2.879793	0.080730	-2.622036	12	8	78	951.726
-1.832596	1.391910	3.030322	1	75	15	951.694
0.785398	2.001437	0.381215	14	11	11	951.608
-1.047198	1.391910	3.030322	12	10	16	951.567
-0.523599	1.872854	1.543456	16	78	21	951.563
-1.308997	0.961715	0.014085	11	74	11	951.310
-2.356194	1.504028	0.636812	7	0	16	951.303
0.785398	2.251330	-2.330739	8	71	11	951.247
1.308997	2.704512	1.488683	12	6	21	951.089
-1.570796	0.709924	0.218797	12	75	11	951.002
-0.261799	1.699788	2.452890	3	10	0	950.867
0.523599	1.998705	2.370472	8	6	15	950.782
1.308997	0.709924	0.218797	3	1	18	950.719
-0.261799	0.379747	-1.713059	73	67	78	950.627
-0.523599	1.846342	-1.796954	3	14	0	950.392
0.785398	1.948085	-2.363031	8	72	14	950.051
1.308997	1.683268	0.374177	3	1	15	949.974
-0.261799	1.367556	0.358405	17	78	9	949.838
-0.523599	2.180315	-1.357379	1	17	74	949.798
1.047198	0.866395	-2.492918	0	0	16	949.726
-1.047198	1.374601	-2.456031	0	18	78	949.720
2.094395	1.982574	-1.115518	79	67	69	949.716
1.047198	2.407836	1.410646	10	77	14	949.671
-0.785398	1.050534	3.042579	11	12	13	949.603
-1.047198	2.251330	-2.330739	5	13	13	949.519
-2.094395	0.496451	0.593859	12	75	11	949.408
-3.141593	1.128190	-2.288622	13	0	16	949.324
1.308997	1.045978	0.343692	6	79	17	949.310
1.832596	0.379747	-1.713059	4	3	68	949.269
2.617994	2.251330	-2.330739	69	76	69	948.965
-2.617994	2.356369	3.005869	17	3	10	948.857
-1.570796	2.637879	2.121598	1	1	19	948.682
0.000000	1.194549	-0.801900	0	10	74	948.670
-1.047198	1.413347	-1.339188	5	11	76	948.576
2.617994	1.875281	0.107086	73	6	8	948.482
1.570796	2.592629	0.909713	12	9	15	948.316
0.523599	2.299159	2.264663	11	76	23	948.211
-1.570796	1.736875	3.023612	2	14	6	948.131
-0.261799	2.704512	1.488683	15	71	18	948.104
1.570796	2.704512	1.488683	16	1	13	947.643
1.832596	1.809167	1.213774	11	78	14	947.251
-2.094395	0.850607	-1.335383	76	12	6	947.227
-0.785398	1.658653	-2.409879	78	17	2	946.723
-1.570796	1.417623	-0.202254	8	73	10	946.647
-2.356194	1.977582	0.969896	7	2	15	946.488
2.094395	1.766067	2.153843	12	73	8	946.470
1.570796	1.440580	2.260026	15	6	10	946.454
-0.785398	1.982574	-1.115518	5	13	71	946.291
1.570796	0.618092	2.539118	75	69	79	945.925
-1.832596	2.063651	-2.044600	8	16	78	945.910
-2.879793	1.574060	2.783565	8	68	7	945.893
-1.308997	2.089241	-0.114193	11	71	7	945.720
-0.523599	2.664082	-1.071402	11	12	10	945.512
-2.879793	1.809167	1.213774	8	1	15	945.446
-1.308997	1.510910	-0.740472	5	72	64	945.027
0.261799	1.134796	2.434290	78	14	8	945.027
0.000000	2.138223	1.678323	15	79	21	944.749
0.523599	2.456751	-1.503343	2	9	2	944.527
-0.261799	1.450119	-2.739050	4	78	17	944.498
-0.523599	1.606104	-0.451151	6	10	75	944.498
-1.047198	1.510910	-0.740472	7	8	74	944.412
0.785398	1.440580	2.260026	5	9	15	944.322
-2.356194	1.135834	-1.431087	6	9	8	944.057
0.785398	0.831641	0.616218	3	79	17	944.016
-2.356194	1.998705	2.370472	13	5	5	944.006
-1.308997	0.992645	-1.723759	7	11	4	943.686
0.000000	2.033014	2.977192	8	5	16	943.645
1.308997	1.184361	0.625864	77	0	12	943.620
-0.523599	0.571433	-1.188419	6	72	75	943.585
-1.832596	1.662363	0.915448	8	67	15	943.574
-0.261799	1.904882	-1.478089	77	16	77	943.562
1.832596	1.504028	0.636812	78	6	11	943.434
0.523599	2.115563	0.685730	10	0	14	943.415
0.523599	2.001437	0.381215	17	8	10	943.347
2.879793	0.290380	-0.796960	4	16	74	943.122
-3.141593	0.929350	-2.910676	1	78	17	943.007
-1.308997	2.033014	2.977192	6	5	74	942.985
0.000000	1.909857	-0.381669	7	14	73	942.985
2.617994	1.128190	-2.288622	11	77	16	942.709
-2.879793	2.396274	-1.959260	3	11	79	942.577
1.047198	1.696674	-1.253233	3	67	73	942.380
-0.785398	1.134796	2.434290	4	14	7	942.376
-2.879793	0.674054	1.013609	7	73	11	942.303
0.785398	1.335669	0.897240	6	10	13	942.162
1.570796	1.045978	0.343692	78	2	13	942.124
-3.141593	2.393226	1.857173	3	9	20	941.893
-0.785398	2.393226	1.857173	8	11	2	941.866
-0.261799	1.301460	-0.509251	3	10	74	941.715
-1.047198	1.904882	-1.478089	5	15	72	941.702
0.000000	1.545873	-1.877082	4	11	1	941.410
0.785398	1.732874	-0.951685	5	8	74	941.355
-1.832596	0.379747	-1.713059	77	17	76	941.244
-2.356194	1.696674	-1.253233	6	10	2	941.242
-3.141593	1.809167	1.213774	14	0	14	941.167
-0.261799	2.404280	-0.174044	11	13	79	941.084
0.000000	2.073035	2.027405	1	10	8	940.929
-1.832596	0.591903	2.010408	20	77	7	940.917
-2.879793	1.812176	0.656819	77	77	14	940.757
-0.785398	1.756530	-2.105156	4	15	1	940.640
0.261799	1.721184	-0.153948	7	8	8	940.526
0.261799	1.662363	0.915448	9	3	15	940.444
2.094395	0.674054	1.013609	10	8	4	940.338
-0.261799	1.555207	1.708892	15	5	20	940.319
-3.141593	2.033014	2.977192	0	4	17	940.302
-1.308997	1.448123	-2.163292	7	15	2	940.205
0.000000	0.709924	0.218797	11	5	11	940.183
0.000000	2.704512	1.488683	17	73	18	940.033
0.523599	1.696674	-1.253233	5	6	72	940.029
-1.308997	0.418037	1.360082	4	5	17	939.991
0.261799	2.251330	-2.330739	3	5	17	939.885
-0.523599	1.128190	-2.288622	78	14	76	939.808
-1.832596	0.419640	2.974122	21	8	12	939.716
1.308997	2.979456	-1.009304	76	3	15	939.495
-0.261799	0.709924	0.218797	10	1	16	939.287
2.094395	1.574060	2.783565	4	72	73	939.247
-1.570796	2.664082	-1.071402	11	10	78	939.198
1.308997	1.658653	-2.409879	8	76	16	939.182
-0.261799	1.909857	-0.381669	9	12	73	939.161
2.879793	0.080730	-2.622036	16	1	3	938.952
-1.570796	1.836682	-0.676006	4	71	4	938.927
1.047198	1.256302	0.062705	5	9	6	938.798
-0.523599	2.138223	1.678323	13	76	22	938.460
-2.094395	1.872854	1.543456	10	7	10	938.296
-3.141593	2.760637	2.781135	12	13	10	938.216
0.523599	1.113094	-0.272241	5	6	14	937.969
-2.356194	0.709924	0.218797	5	71	6	937.883
-0.261799	1.506530	1.988858	13	4	21	937.790
-1.832596	1.325504	-1.671296	2	14	64	937.668
-0.523599	1.736875	3.023612	6	72	14	937.628
0.000000	0.961715	0.014085	17	78	7	937.554
-2.879793	1.504028	0.636812	2	2	16	936.999
1.047198	2.295480	1.008277	10	78	14	936.774
1.832596	1.824694	1.850876	9	73	10	936.730
-0.261799	2.001437	0.381215	8	76	14	936.707
-0.785398	1.948085	-2.363031	73	19	1	936.635
-2.094395	1.506530	1.988858	2	6	11	936.340
0.523599	2.579248	-2.364801	5	68	76	936.325
-1.570796	1.391910	3.030322	2	75	16	936.322
-2.617994	1.050534	3.042579	3	78	17	936.260
-2.094395	1.809167	1.213774	4	70	19	936.186
-2.879793	1.218453	2.777284	6	66	3	936.124
0.261799	1.113094	-0.272241	2	11	73	936.119
-2.356194	1.846342	-1.796954	3	8	11	936.114
-2.356194	2.704512	1.488683	74	2	18	935.910
1.308997	0.961715	0.014085	6	2	18	935.900
-1.570796	1.135834	-1.431087	8	11	2	935.794
0.261799	2.343981	-1.040456	1	14	2	935.660
-1.570796	0.700570	1.559208	9	4	12	935.611
1.047198	2.115563	0.685730	10	0	14	935.547
2.356194	1.214854	-1.966664	77	15	73	935.519
1.570796	1.766067	2.153843	14	6	7	935.379
1.047198	0.961715	0.014085	1	5	13	935.357
-1.832596	1.846342	-1.796954	7	15	75	935.341
-1.047198	1.870545	-2.976234	7	11	14	935.277
2.879793	2.138223	1.678323	14	78	11	935.225
2.094395	0.910508	1.903534	12	10	1	935.156
-2.094395	2.719179	-1.780644	8	74	75	935.129
-0.785398	2.664082	-1.071402	16	13	7	935.038
-1.047198	1.050534	3.042579	6	77	17	934.715
0.000000	1.135813	-2.658866	5	1	18	934.602
-2.879793	2.760637	2.781135	12	13	16	934.395
-2.356194	0.864993	2.278281	5	65	2	934.336
-0.785398	1.506530	1.988858	7	8	4	934.286
-1.047198	1.982574	-1.115518	7	12	71	934.248
0.785398	1.875281	0.107086	8	13	8	934.117
-2.094395	2.704512	1.488683	6	78	18	933.947
0.000000	0.864993	2.278281	0	17	3	933.897
0.523599	1.554776	0.100351	16	8	6	933.769
0.000000	2.724429	-0.348782	14	14	8	933.756
1.832596	1.417623	-0.202254	71	11	78	933.744
1.570796	1.555207	1.708892	4	76	14	933.679
-1.570796	0.960688	-0.577532	5	70	2	933.514
-0.261799	2.637879	2.121598	11	1	16	933.337
-1.308997	2.108018	1.311430	9	72	21	933.315
-2.356194	2.881233	-2.582574	14	13	7	933.177
-2.094395	1.335669	0.897240	10	78	14	933.095
-1.570796	2.108018	1.311430	7	71	21	933.022
0.523599	1.195355	1.200319	6	16	2	933.011
-2.356194	1.569311	-3.003978	0	2	16	932.787
-2.356194	0.419640	2.974122	4	72	14	932.665
0.261799	1.135813	-2.658866	5	0	18	932.663
-1.308997	1.301460	-0.509251	9	73	8	932.459
-0.523599	0.674054	1.013609	14	2	10	932.340
2.879793	2.299159	2.264663	15	2	14	932.218
0.000000	1.504028	0.636812	17	2	13	932.169
0.261799	2.664082	-1.071402	3	12	11	932.026
1.308997	1.875281	0.107086	2	11	8	931.864
-0.523599	1.574060	2.783565	8	9	19	931.696
1.308997	1.413430	2.550734	16	5	11	931.664
0.000000	1.683268	0.374177	17	1	9	931.658
1.570796	1.506530	1.988858	5	10	2	931.599
-3.141593	2.041297	-2.664597	5	9	11	931.245
-2.094395	0.762244	-0.273349	4	70	78	931.228
-2.356194	1.599406	1.426070	11	6	11	930.945
0.000000	0.733948	3.021411	76	14	1	930.609
0.523599	2.404280	-0.174044	7	13	10	930.445
1.570796	0.733948	3.021411	0	5	15	929.995
1.832596	1.506530	1.988858	4	10	9	929.944
1.832596	1.909857	-0.381669	5	10	3	929.902
2.094395	1.617114	-1.572037	78	64	68	929.830
-2.617994	2.579248	-2.364801	12	74	78	929.709
2.879793	2.033014	2.977192	8	10	6	929.596
1.047198	1.045978	0.343692	5	0	18	929.497
2.356194	2.251330	-2.330739	69	77	69	929.368
-2.094395	2.033014	2.977192	16	5	18	929.321
-0.261799	1.325504	-1.671296	1	12	7	929.219
1.832596	2.295480	1.008277	8	8	16	929.141
-2.879793	1.872854	1.543456	79	79	22	928.994
-1.308997	0.674054	1.013609	9	3	14	928.838
1.832596	1.555207	1.708892	5	76	14	928.834
0.523599	0.866395	-2.492918	77	78	16	928.523
0.261799	1.554776	0.100351	12	11	4	928.354
-2.617994	1.134796	2.434290	9	66	4	928.219
-1.308997	1.662363	0.915448	5	1	15	928.104
1.570796	1.824694	1.850876	12	72	8	928.045
0.261799	1.870545	-2.976234	11	73	14	927.903
1.047198	1.824694	1.850876	2	12	9	927.853
0.785398	1.569311	-3.003978	16	0	15	927.742
-1.308997	1.732874	-0.951685	4	72	74	927.567
-0.523599	1.218453	2.777284	10	11	16	927.534
0.261799	1.812176	0.656819	9	1	15	927.504
-0.785398	2.588535	-2.976617	3	8	15	927.131
1.308997	2.153910	-1.714959	9	70	73	926.978
2.356194	1.128190	-2.288622	10	79	17	926.858
0.261799	1.128190	-2.288622	1	77	16	926.724
-3.141593	0.899350	-2.069907	74	8	69	926.660
0.523599	1.194549	-0.801900	1	8	69	926.630
1.832596	2.180315	-1.357379	77	65	73	926.294
0.523599	0.618092	2.539118	75	14	3	926.132
-0.523599	1.417623	-0.202254	2	11	76	926.049
-0.261799	1.721184	-0.153948	10	8	8	925.762
-2.094395	0.960688	-0.577532	0	70	75	925.750
-1.047198	0.866955	-0.931351	74	68	0	925.708
1.308997	1.504028	0.636812	2	10	12	925.525
-0.261799	2.396274	-1.959260	0	10	74	925.480
1.832596	1.184361	0.625864	0	1	13	925.341
-2.879793	2.299159	2.264663	7	8	21	925.223
1.570796	2.863997	0.549740	5	10	15	924.935
-1.308997	1.184361	0.625864	8	1	16	924.935
1.047198	1.658653	-2.409879	8	75	16	924.648
1.570796	2.104282	-0.813972	9	69	78	924.577
-0.523599	2.063651	-2.044600	2	14	3	924.570
0.261799	1.301460	-0.509251	0	12	75	924.531
1.570796	1.809167	1.213774	10	79	14	924.373
-0.261799	1.510910	-0.740472	2	11	75	924.355
0.000000	1.904882	-1.478089	79	11	4	924.215
2.617994	2.637879	2.121598	16	3	12	924.188
2.879793	2.356369	3.005869	14	79	22	924.178
-2.617994	2.115563	0.685730	76	64	3	924.123
-1.570796	0.929350	-2.910676	6	1	18	924.055
-0.261799	1.870545	-2.976234	6	72	14	924.029
0.523599	0.674054	1.013609	0	63	2	923.994
-1.832596	0.685216	-1.712745	78	17	74	923.830
-1.308997	2.863997	0.549740	14	68	15	923.741
1.047198	2.592629	0.909713	11	10	19	923.587
2.617994	0.899350	-2.069907	13	77	15	923.576
-2.617994	2.299159	2.264663	14	4	6	923.503
-2.356194	0.906588	1.252948	11	67	11	923.482
2.879793	1.014500	0.906702	4	78	16	923.438
-2.879793	0.418037	1.360082	13	75	9	923.307
2.094395	1.696674	-1.253233	1	67	69	923.193
1.047198	1.335669	0.897240	1	0	14	923.169
-1.570796	1.662363	0.915448	11	68	15	922.774
0.785398	1.134497	-1.109631	5	0	66	922.562
2.356194	1.699788	2.452890	1	10	10	922.471
1.832596	2.108018	1.311430	11	77	13	922.439
-0.785398	2.174483	2.653697	12	6	11	922.357
-1.832596	1.617114	-1.572037	5	13	74	922.316
-2.879793	1.741644	-2.695914	2	6	15	922.169
-2.879793	1.506530	1.988858	6	76	21	922.119
-1.832596	1.870545	-2.976234	17	8	15	922.026
0.785398	2.379497	0.561089	16	8	13	921.972
-2.879793	0.370812	-2.547742	11	75	15	921.953
0.000000	2.001437	0.381215	14	10	8	921.821
1.308997	1.335669	0.897240	1	1	14	921.694
-1.047198	1.417623	-0.202254	17	73	2	921.646
-3.141593	0.960688	-0.577532	3	12	75	921.451
-1.832596	1.510910	-0.740472	2	70	65	921.365
2.356194	2.180315	-1.357379	74	62	72	921.360
-0.261799	0.619654	-2.216909	73	5	11	921.325
1.308997	1.168678	2.108595	17	4	9	921.289
-2.356194	2.760637	2.781135	0	17	4	921.260
-0.785398	2.579248	-2.364801	7	11	13	921.107
0.785398	2.115563	0.685730	15	8	13	921.061
0.785398	1.050534	3.042579	7	79	17	921.031
-1.308997	0.571433	-1.188419	74	72	70	921.022
-1.047198	1.998705	2.370472	2	8	7	920.903
1.832596	2.073035	2.027405	7	9	74	920.672
-3.141593	1.569311	-3.003978	2	5	16	920.655
-1.832596	2.592629	0.909713	79	1	13	920.633
1.832596	1.014500	0.906702	79	0	13	920.326
-1.570796	0.674054	1.013609	18	68	7	920.222
-2.617994	1.904882	-1.478089	4	10	11	920.180
-2.879793	1.869911	2.701025	7	11	9	920.160
-0.523599	1.433411	-1.035986	3	11	73	919.965
-0.261799	1.374601	-2.456031	3	11	8	919.798
-0.261799	1.574060	2.783565	1	12	0	919.768
-2.356194	2.001437	0.381215	12	1	16	919.621
-0.261799	2.073035	2.027405	11	78	23	919.524
1.570796	2.295480	1.008277	11	8	16	919.455
1.570796	1.836682	-0.676006	9	7	77	919.351
-2.356194	1.869911	2.701025	16	2	11	919.349
-1.832596	1.872854	1.543456	2	0	16	919.314
-2.617994	1.869911	2.701025	3	12	4	919.131
1.047198	2.396274	-1.959260	8	69	8	919.075
-2.094395	0.906588	1.252948	1	9	14	918.953
-0.523599	0.418037	1.360082	3	6	12	918.931
1.308997	1.134497	-1.109631	10	69	5	918.850
1.570796	1.135813	-2.658866	74	77	13	918.708
-2.617994	2.637879	2.121598	3	4	20	918.606
-0.785398	1.766067	2.153843	6	8	0	918.602
1.832596	2.664082	-1.071402	3	70	71	918.582
-0.523599	0.700570	1.559208	78	4	14	918.492
-2.879793	1.756530	-2.105156	6	6	16	918.477
2.879793	0.640596	-2.797608	12	65	78	918.350
-2.094395	0.733948	3.021411	8	75	16	918.241
-0.785398	2.063651	-2.044600	75	19	79	918.197
-1.047198	1.413430	2.550734	4	12	8	918.057
2.094395	0.992645	-1.723759	6	66	69	918.033
-2.879793	1.555207	1.708892	3	76	20	917.886
0.523599	2.704512	1.488683	11	1	19	917.627
-0.523599	1.569311	-3.003978	5	76	17	917.407
2.879793	1.413347	-1.339188	2	67	3	917.398
-1.047198	2.404280	-0.174044	11	72	7	917.342
-2.617994	1.599406	1.426070	0	74	21	917.263
-2.617994	1.824694	1.850876	4	79	22	917.258
1.832596	1.510910	-0.740472	12	7	8	917.204
0.785398	1.658653	-2.409879	6	73	15	917.040
-2.356194	1.450119	-2.739050	1	2	17	916.926
0.261799	2.247462	0.191623	9	15	2	916.807
2.879793	0.899350	-2.069907	14	79	15	916.747
-2.879793	2.180315	-1.357379	6	12	9	916.459
-0.261799	1.766067	2.153843	11	3	22	916.413
-0.261799	1.413430	2.550734	8	10	19	916.409
0.785398	2.719179	-1.780644	75	4	14	916.245
-2.094395	2.108018	1.311430	78	65	5	915.947
-3.141593	0.370812	-2.547742	8	74	16	915.921
1.047198	0.418037	1.360082	5	16	8	915.919
-1.047198	0.591903	2.010408	10	8	74	915.906
-0.261799	2.343981	-1.040456	8	13	7	915.848
-0.785398	2.187132	-0.479875	8	11	71	915.802
2.356194	2.407836	1.410646	13	77	12	915.530
-2.617994	1.413347	-1.339188	3	12	0	915.490
1.832596	1.025536	1.576859	10	8	1	915.383
-1.570796	2.396274	-1.959260	7	17	0	915.383
-0.785398	2.089241	-0.114193	14	75	9	915.379
1.047198	1.310100	1.488307	3	15	11	915.334
2.879793	2.164094	-2.991358	7	11	8	915.306
-3.141593	0.914445	2.687814	3	14	79	915.265
1.047198	2.379497	0.561089	14	10	13	915.246
-0.523599	1.875281	0.107086	9	75	14	915.141
-3.141593	2.138223	1.678323	12	3	11	915.120
-3.141593	1.184361	0.625864	73	74	11	915.090
-0.785398	1.699788	2.452890	11	7	21	915.010
-1.047198	2.033014	2.977192	0	12	5	914.912
-1.047198	1.242974	-2.977882	12	12	12	914.859
0.523599	2.041297	-2.664597	11	72	13	914.816
0.000000	0.910508	1.903534	13	10	16	914.776
1.832596	1.488617	1.159546	4	78	14	914.717
2.879793	1.440580	2.260026	77	66	5	914.494
-2.356194	2.108018	1.311430	8	3	14	914.421
-1.832596	0.914445	2.687814	10	6	77	914.346
0.000000	1.554776	0.100351	11	1	12	914.280
-2.617994	0.458961	-0.107937	9	9	11	914.250
1.570796	1.218453	2.777284	8	71	2	914.176
-0.261799	2.187132	-0.479875	8	14	75	914.115
0.000000	1.812176	0.656819	5	8	12	913.961
-1.832596	2.407836	1.410646	75	65	1	913.804
-1.047198	0.640596	-2.797608	4	15	73	913.782
1.832596	2.164094	-2.991358	75	72	70	913.771
-3.141593	1.391910	3.030322	76	4	15	913.317
-2.094395	2.979456	-1.009304	10	6	73	913.293
1.570796	1.448123	-2.163292	13	77	16	913.235
-1.832596	1.696674	-1.253233	10	9	78	913.229
0.523599	2.247462	0.191623	11	13	12	913.152
0.785398	0.864993	2.278281	2	11	10	913.051
-1.570796	1.045978	0.343692	11	75	11	913.015
0.261799	0.910508	1.903534	0	17	3	912.970
-1.570796	0.419640	2.974122	19	11	12	912.864
-3.141593	0.733948	3.021411	78	78	16	912.817
1.047198	1.875281	0.107086	5	12	8	912.731
-1.832596	1.218453	2.777284	17	7	17	912.587
-0.261799	2.863997	0.549740	5	71	10	912.575
1.832596	1.374601	-2.456031	13	0	17	912.446
1.832596	1.335669	0.897240	3	79	14	912.369
-3.141593	2.396274	-1.959260	79	14	0	912.133
2.356194	1.904882	-1.478089	79	63	70	912.019
1.308997	1.450119	-2.739050	14	1	17	912.006
-1.832596	0.700570	1.559208	10	4	12	911.984
-1.047198	1.766067	2.153843	10	5	13	911.922
-0.523599	1.506530	1.988858	5	10	4	911.916
1.308997	1.014500	0.906702	0	1	14	911.857
2.094395	1.721184	-0.153948	5	11	0	911.607
1.570796	1.872854	1.543456	10	77	14	911.551
-3.141593	2.863997	0.549740	78	79	17	911.522
-1.570796	2.001437	0.381215	4	78	15	911.431
-0.523599	0.203748	0.590255	12	4	9	911.286
0.523599	2.587733	0.232235	15	14	9	910.759
2.617994	1.214854	-1.966664	13	77	14	910.707
-2.617994	1.812176	0.656819	77	71	13	910.680
2.094395	2.104282	-0.813972	13	72	77	910.564
0.261799	2.863997	0.549740	16	6	18	910.478
-0.785398	1.045978	0.343692	15	75	9	910.396
-2.356194	0.379747	-1.713059	3	17	75	910.375
-0.785398	2.180315	-1.357379	10	14	0	910.278
2.879793	1.506530	1.988858	15	77	9	910.235
-1.308997	0.615174	-0.666022	6	71	77	910.218
1.832596	2.760637	2.781135	0	70	74	910.214
1.570796	0.297065	2.160177	6	7	15	910.213
-2.094395	1.488617	1.159546	5	68	17	910.125
-2.094395	1.168678	2.108595	15	76	20	910.046
-2.094395	2.153910	-1.714959	10	73	78	910.030
2.617994	1.982574	-1.115518	77	64	69	909.944
0.785398	1.998705	2.370472	8	79	23	909.917
-1.308997	1.050534	3.042579	5	79	19	909.873
0.523599	1.450119	-2.739050	9	77	17	909.807
-0.261799	1.417623	-0.202254	5	10	74	909.712
-1.570796	2.356369	3.005869	8	8	17	909.682
-2.617994	2.760637	2.781135	13	8	16	909.565
1.570796	2.180315	-1.357379	8	71	70	909.557
-0.523599	1.904882	-1.478089	79	16	77	909.479
-3.141593	2.115563	0.685730	75	79	13	909.328
1.047198	0.910508	1.903534	1	12	4	909.165
1.832596	2.033014	2.977192	77	71	71	909.148
-1.832596	1.433411	-1.035986	77	71	72	909.141
0.785398	0.203748	0.590255	77	14	74	909.053
2.879793	1.574060	2.783565	2	66	5	908.982
1.047198	2.704512	1.488683	13	5	21	908.844
-2.094395	0.674054	1.013609	12	66	7	908.818
-2.356194	1.325504	-1.671296	9	2	18	908.683
-1.832596	0.906588	1.252948	17	68	11	908.674
-1.308997	1.658653	-2.409879	7	16	6	908.444
-1.832596	2.456751	-1.503343	10	76	72	908.353
-2.879793	1.374601	-2.456031	11	3	17	908.275
0.000000	2.164094	-2.991358	9	72	13	908.262
1.570796	0.866395	-2.492918	0	0	17	908.234
2.356194	2.478122	2.609777	12	73	5	908.159
-2.356194	1.025536	1.576859	2	10	12	907.995
2.094395	1.195355	1.200319	16	75	14	907.945
-2.879793	1.242974	-2.977882	1	0	17	907.823
-0.523599	2.299159	2.264663	10	9	0	907.674
0.000000	2.174483	2.653697	8	5	16	907.655
-2.879793	1.134497	-1.109631	2	13	76	907.648
-2.879793	1.413430	2.550734	4	66	5	907.638
-1.832596	1.982574	-1.115518	9	72	76	907.284
0.261799	0.866395	-2.492918	4	2	18	907.189
-1.570796	1.809167	1.213774	9	70	19	907.144
-2.094395	1.599406	1.426070	6	71	20	907.134
-1.570796	1.448123	-2.163292	11	15	3	907.061
-2.617994	1.025536	1.576859	9	13	4	906.638
0.261799	2.001437	0.381215	12	12	9	906.589
0.785398	2.592629	0.909713	13	9	18	906.502
2.617994	0.700570	1.559208	18	79	14	906.413
-1.570796	1.413347	-1.339188	3	12	74	906.357
0.523599	1.875281	0.107086	14	9	8	906.085
0.261799	1.741644	-2.695914	8	75	16	906.023
-0.785398	0.080730	-2.622036	77	15	78	905.950
-2.879793	1.194549	-0.801900	1	13	76	905.889
0.261799	0.914445	2.687814	77	14	6	905.851
-1.832596	2.349581	-2.702517	16	9	13	905.839
1.832596	1.872854	1.543456	10	74	11	905.815
-1.308997	2.664082	-1.071402	9	12	79	905.680
1.047198	0.640596	-2.797608	9	72	76	905.611
-2.617994	1.756530	-2.105156	4	6	17	905.390
-2.094395	2.164094	-2.991358	18	7	15	905.328
-2.356194	1.391910	3.030322	11	4	77	905.107
-0.785398	1.696674	-1.253233	4	12	69	905.096
1.308997	1.662363	0.915448	9	0	15	904.914
1.047198	2.637879	2.121598	8	68	2	904.757
-1.308997	1.128190	-2.288622	3	17	76	904.635
1.047198	1.168678	2.108595	3	10	12	904.392
-2.617994	0.640596	-2.797608	10	75	16	904.347
0.523599	2.863997	0.549740	18	11	11	904.241
0.261799	2.587733	0.232235	18	12	8	904.207
0.000000	0.370812	-2.547742	4	7	15	904.067
-2.356194	2.153910	-1.714959	5	10	8	904.009
-1.308997	0.866395	-2.492918	7	15	9	903.894
1.047198	1.998705	2.370472	9	6	14	903.862
2.617994	2.033014	2.977192	12	72	2	903.691
-0.785398	0.910508	1.903534	10	11	4	903.674
0.261799	1.683268	0.374177	13	6	10	903.649
-0.523599	2.073035	2.027405	10	78	23	903.540
-2.617994	1.872854	1.543456	0	77	21	903.282
-2.617994	1.391910	3.030322	1	1	18	902.999
2.094395	0.914445	2.687814	2	72	72	902.997
2.356194	2.138223	1.678323	13	77	12	902.876
1.570796	1.184361	0.625864	79	1	13	902.859
-2.879793	1.195355	1.200319	9	78	14	902.742
-0.523599	1.869911	2.701025	10	69	9	902.643
-1.047198	2.664082	-1.071402	18	11	7	902.574
0.261799	1.440580	2.260026	9	9	15	902.325
2.356194	2.033014	2.977192	5	12	3	901.896
-1.832596	1.374601	-2.456031	1	1	17	901.792
0.000000	0.762244	-0.273349	19	77	77	901.619
0.785398	0.418037	1.360082	7	16	8	901.540
-1.308997	1.045978	0.343692	16	71	6	901.512
-1.570796	2.063651	-2.044600	5	18	78	901.453
-1.832596	1.214854	-1.966664	3	17	76	901.273
2.356194	0.685216	-1.712745	14	74	13	901.267
-1.570796	1.242974	-2.977882	3	76	17	901.243
-0.785398	2.760637	2.781135	4	2	18	901.051
0.785398	2.588535	-2.976617	12	12	3	901.009
2.356194	1.998705	2.370472	7	11	6	900.991
0.523599	2.664082	-1.071402	78	13	6	900.952
-0.523599	2.153910	-1.714959	4	15	2	900.939
1.308997	2.073035	2.027405	4	11	9	900.844
-2.617994	1.194549	-0.801900	79	12	76	900.803
0.785398	2.089241	-0.114193	6	12	7	900.665
0.261799	1.510910	-0.740472	1	11	67	900.595
-0.261799	1.242974	-2.977882	78	14	3	900.402
-2.094395	1.448123	-2.163292	2	4	17	900.331
-2.356194	2.115563	0.685730	78	62	3	900.276
2.879793	1.128190	-2.288622	12	0	17	900.125
-2.094395	2.180315	-1.357379	4	11	77	899.998
-0.523599	2.104282	-0.813972	6	13	73	899.772
1.570796	2.153910	-1.714959	8	14	3	899.716
-2.356194	1.440580	2.260026	15	78	20	899.659
-2.094395	1.391910	3.030322	8	7	77	899.589
1.570796	1.569311	-3.003978	72	67	75	899.552
-1.570796	1.982574	-1.115518	8	10	72	899.524
-3.141593	2.180315	-1.357379	8	13	9	899.523
1.308997	1.741644	-2.695914	15	1	16	899.473
-2.617994	2.063651	-2.044600	15	78	16	899.469
0.261799	1.982574	-1.115518	8	6	13	899.313
1.832596	2.984978	1.954446	14	5	20	899.302
0.785398	1.741644	-2.695914	16	79	15	899.257
-2.094395	1.977582	0.969896	0	63	3	899.241
-0.523599	0.864993	2.278281	5	16	3	898.816
0.261799	2.588535	-2.976617	6	1	18	898.772
2.617994	0.080730	-2.622036	10	65	77	898.667
-2.094395	1.195355	1.200319	9	3	14	898.645
-1.832596	1.809167	1.213774	6	70	20	898.641
2.094395	2.637879	2.121598	11	5	22	898.538
-1.570796	2.295480	1.008277	1	72	16	898.519
1.570796	0.961715	0.014085	5	2	18	898.453
-0.523599	2.343981	-1.040456	11	12	7	898.434
0.261799	0.906588	1.252948	78	78	15	898.350
-2.879793	1.128190	-2.288622	13	1	16	898.336
-2.617994	1.242974	-2.977882	1	1	17	898.296
2.094395	2.033014	2.977192	8	12	3	898.277
-0.261799	2.455966	-0.641220	12	12	8	897.995
-2.094395	1.617114	-1.572037	74	74	68	897.970
0.261799	2.153910	-1.714959	2	10	5	897.922
0.261799	1.574060	2.783565	6	8	14	897.360
0.785398	2.299159	2.264663	7	76	23	897.257
-0.261799	2.356369	3.005869	8	3	17	897.122
-1.308997	2.356369	3.005869	9	8	17	896.955
2.617994	2.979456	-1.009304	9	76	17	896.954
-2.094395	1.554776	0.100351	4	75	13	896.953
2.094395	2.073035	2.027405	11	73	9	896.904
-1.308997	2.455966	-0.641220	7	72	9	896.840
1.832596	2.407836	1.410646	12	6	18	896.792
-0.785398	0.674054	1.013609	9	2	14	896.669
-2.356194	1.741644	-2.695914	0	3	15	896.468
0.000000	1.391910	3.030322	66	12	10	896.447
-1.308997	2.343981	-1.040456	9	12	75	896.410
1.570796	0.458961	-0.107937	16	11	6	896.368
2.879793	1.836682	-0.676006	77	65	74	896.301
-2.617994	0.700570	1.559208	5	10	15	895.904
1.832596	0.619654	-2.216909	0	16	1	895.823
0.261799	0.080730	-2.622036	79	71	72	895.778
1.570796	0.866955	-0.931351	6	70	72	895.763
1.308997	2.295480	1.008277	14	8	16	895.550
1.832596	0.866395	-2.492918	2	16	78	895.483
2.617994	1.869911	2.701025	10	8	11	895.296
-2.356194	1.904882	-1.478089	8	9	9	895.193
-2.094395	0.297065	2.160177	12	66	0	895.074
1.832596	1.168678	2.108595	4	8	10	894.636
1.832596	1.599406	1.426070	10	78	14	894.279
-1.047198	2.379497	0.561089	2	74	12	894.221
-2.617994	1.413430	2.550734	5	10	6	894.125
1.570796	1.450119	-2.739050	14	3	17	894.036
0.523599	1.433411	-1.035986	5	9	4	893.826
-3.141593	1.242974	-2.977882	0	1	17	893.736
-0.261799	1.875281	0.107086	17	0	8	893.679
-1.832596	1.545873	-1.877082	5	16	75	893.591
2.617994	2.073035	2.027405	14	75	7	893.489
-2.617994	1.374601	-2.456031	3	3	18	893.410
-3.141593	0.419640	2.974122	10	63	0	893.329
-2.879793	2.174483	2.653697	16	1	12	893.072
-2.094395	0.866955	-0.931351	78	12	7	892.996
0.785398	1.450119	-2.739050	15	0	16	892.756
0.000000	2.393226	1.857173	14	75	21	892.754
1.308997	1.374601	-2.456031	6	77	17	892.752
-1.308997	1.504028	0.636812	7	1	16	892.740
1.570796	0.762244	-0.273349	15	10	3	892.665
-1.570796	1.812176	0.656819	11	77	14	892.427
-1.308997	0.929350	-2.910676	6	0	18	892.426
-1.308997	2.393226	1.857173	5	78	20	892.402
-1.308997	0.709924	0.218797	14	71	5	892.292
0.261799	0.864993	2.278281	1	15	6	892.240
-3.141593	0.674054	1.013609	77	69	8	892.174
2.094395	0.906588	1.252948	10	9	3	892.093
-0.523599	1.721184	-0.153948	21	0	4	892.058
0.523599	1.134796	2.434290	5	10	12	891.978
2.617994	1.433411	-1.035986	79	67	72	891.904
-0.261799	1.214854	-1.966664	8	10	5	891.816
-2.356194	2.588535	-2.976617	10	15	9	891.761
-1.570796	2.247462	0.191623	9	68	10	891.734
-1.570796	2.138223	1.678323	76	79	17	891.639
-2.617994	1.488617	1.159546	8	0	15	891.614
-1.047198	2.164094	-2.991358	7	10	15	891.444
-0.523599	1.134796	2.434290	16	75	12	891.372
1.047198	2.001437	0.381215	5	0	15	891.272
2.879793	1.433411	-1.035986	0	67	72	891.265
0.785398	0.910508	1.903534	0	15	7	891.264
-0.523599	0.618092	2.539118	2	18	0	891.219
-2.617994	0.496451	0.593859	6	71	8	891.193
0.523599	1.721184	-0.153948	9	12	4	891.077
1.832596	2.393226	1.857173	15	79	14	890.919
0.785398	2.863997	0.549740	12	10	18	890.891
-1.047198	2.104282	-0.813972	9	10	78	890.781
0.000000	1.741644	-2.695914	5	8	14	890.730
1.570796	0.700570	1.559208	15	5	11	890.633
-0.261799	1.135813	-2.658866	5	0	17	890.206
2.356194	1.545873	-1.877082	3	63	70	890.156
1.832596	1.128190	-2.288622	12	78	17	889.979
-2.356194	0.960688	-0.577532	0	13	7	889.936
1.308997	0.929350	-2.910676	10	6	17	889.838
-1.570796	0.618092	2.539118	21	6	15	889.678
1.570796	1.545873	-1.877082	77	5	68	889.352
-2.617994	0.297065	2.160177	8	8	16	889.179
-1.047198	1.948085	-2.363031	6	12	11	889.129
-1.832596	0.674054	1.013609	15	67	7	889.064
-1.308997	2.719179	-1.780644	14	14	8	889.035
0.261799	0.762244	-0.273349	13	4	3	888.946
0.785398	0.290380	-0.796960	5	3	70	888.760
2.879793	1.824694	1.850876	15	78	9	888.690
2.879793	1.699788	2.452890	79	68	7	888.517
-1.047198	0.961715	0.014085	16	73	4	888.340
-1.047198	1.218453	2.777284	10	75	16	888.205
-1.832596	1.732874	-0.951685	2	70	3	888.141
0.261799	1.050534	3.042579	15	79	15	888.059
-0.523599	0.709924	0.218797	20	74	0	888.055
-0.785398	1.413347	-1.339188	4	12	76	888.028
-1.832596	1.113094	-0.272241	5	70	2	887.874
0.000000	2.299159	2.264663	8	5	15	887.791
2.356194	1.574060	2.783565	6	74	71	887.771
-0.785398	1.606104	-0.451151	7	9	76	887.705
0.000000	2.455966	-0.641220	9	13	8	887.664
-2.617994	0.864993	2.278281	7	9	11	887.527
0.523599	0.619654	-2.216909	9	71	79	887.524
0.261799	1.391910	3.030322	5	8	14	887.504
2.879793	1.113094	-0.272241	3	12	74	887.424
2.879793	2.247462	0.191623	73	1	11	887.367
-0.261799	1.736875	3.023612	0	12	1	887.277
-2.356194	2.295480	1.008277	76	74	16	887.261
-0.785398	1.736875	3.023612	78	14	10	887.233
0.000000	1.325504	-1.671296	5	10	6	887.201
-1.308997	1.696674	-1.253233	5	12	75	887.132
1.047198	0.866955	-0.931351	5	6	75	886.661
2.356194	2.349581	-2.702517	78	16	76	886.542
-2.617994	1.909857	-0.381669	3	15	4	886.479
1.047198	2.063651	-2.044600	8	70	11	886.459
-2.617994	1.433411	-1.035986	10	8	1	886.394
-3.141593	1.732874	-0.951685	78	65	71	886.384
-1.308997	0.640596	-2.797608	10	15	11	886.197
-0.261799	1.440580	2.260026	11	8	20	886.110
-0.261799	2.104282	-0.813972	10	12	5	886.027
2.356194	1.869911	2.701025	4	10	8	885.889
-1.570796	0.496451	0.593859	14	67	3	885.821
-0.523599	2.187132	-0.479875	10	11	75	885.802
-1.570796	2.719179	-1.780644	17	12	9	885.620
1.047198	1.569311	-3.003978	16	2	15	885.310
-0.261799	1.194549	-0.801900	2	10	73	885.306
-0.523599	1.909857	-0.381669	11	8	10	885.258
-0.261799	1.113094	-0.272241	0	11	74	885.104
-0.785398	2.404280	-0.174044	16	76	8	885.055
-2.094395	1.721184	-0.153948	2	67	3	885.022
1.832596	2.637879	2.121598	12	3	22	885.007
0.785398	2.587733	0.232235	8	13	15	884.948
-0.523599	1.413430	2.550734	10	10	19	884.758
0.261799	1.218453	2.777284	6	9	13	884.745
0.523599	0.370812	-2.547742	77	70	74	884.627
0.523599	2.104282	-0.813972	4	11	3	884.561
2.094395	2.180315	-1.357379	79	64	72	884.509
1.047198	0.700570	1.559208	0	16	4	884.430
1.047198	0.297065	2.160177	7	6	14	884.352
-1.047198	1.450119	-2.739050	11	13	10	884.238
-2.094395	0.709924	0.218797	6	70	7	884.221
-1.308997	2.115563	0.685730	15	69	14	884.220
0.785398	0.866395	-2.492918	78	77	16	884.135
0.785398	2.393226	1.857173	10	6	15	884.093
-2.356194	2.063651	-2.044600	2	8	11	883.998
1.047198	2.247462	0.191623	5	12	11	883.872
1.047198	1.699788	2.452890	17	2	9	883.850
0.000000	2.579248	-2.364801	1	7	13	883.675
0.261799	2.724429	-0.348782	12	15	8	883.463
0.785398	1.721184	-0.153948	11	1	13	883.228
1.047198	0.914445	2.687814	7	6	14	883.225
-2.356194	1.433411	-1.035986	76	14	6	883.060
2.879793	2.455966	-0.641220	76	63	74	882.961
0.261799	2.164094	-2.991358	5	5	17	882.958
-2.617994	2.587733	0.232235	76	62	0	882.907
1.832596	2.979456	-1.009304	0	69	71	882.801
1.308997	1.809167	1.213774	9	79	14	882.595
-2.617994	2.456751	-1.503343	15	78	15	882.412
2.879793	2.637879	2.121598	14	4	13	882.128
2.879793	0.700570	1.559208	10	76	14	881.983
1.832596	1.134796	2.434290	2	70	4	881.941
-2.094395	0.700570	1.559208	17	68	11	881.695
2.617994	1.736875	3.023612	12	72	1	881.565
-0.261799	0.591903	2.010408	5	17	0	881.521
1.308997	0.733948	3.021411	79	72	69	881.493
-1.570796	2.404280	-0.174044	6	71	9	881.470
1.047198	2.456751	-1.503343	7	68	77	881.326
-2.879793	1.417623	-0.202254	76	67	72	881.299
-2.356194	1.617114	-1.572037	6	9	12	881.234
-2.879793	0.914445	2.687814	6	64	4	881.063
2.094395	2.984978	1.954446	13	7	20	880.961
-1.832596	2.984978	1.954446	0	3	15	880.826
-1.570796	1.134497	-1.109631	73	71	74	880.814
1.570796	1.168678	2.108595	17	6	8	880.771
-0.261799	0.618092	2.539118	79	18	0	880.459
2.094395	2.299159	2.264663	12	75	13	880.425
-0.785398	1.440580	2.260026	14	7	20	880.346
0.785398	2.404280	-0.174044	4	13	10	880.326
-2.356194	1.812176	0.656819	2	79	15	880.324
0.261799	2.637879	2.121598	13	72	20	880.163
-3.141593	1.904882	-1.478089	8	12	12	880.130
2.617994	2.478122	2.609777	12	2	23	880.050
-1.047198	2.343981	-1.040456	8	13	1	879.953
1.047198	1.809167	1.213774	7	78	14	879.950
-0.261799	1.836682	-0.676006	10	10	3	879.890
2.879793	2.187132	-0.479875	74	64	73	879.879
-0.523599	1.766067	2.153843	12	3	22	879.839
1.308997	2.407836	1.410646	10	2	18	879.818
-0.523599	1.982574	-1.115518	2	15	77	879.715
0.000000	1.836682	-0.676006	4	13	71	879.657
1.832596	1.214854	-1.966664	1	62	71	879.525
0.000000	1.869911	2.701025	6	7	15	879.495
-0.785398	2.041297	-2.664597	6	10	12	879.433
-1.832596	1.948085	-2.363031	8	2	17	879.335
-1.308997	2.579248	-2.364801	8	12	15	879.121
2.356194	0.297065	2.160177	6	72	74	879.113
2.879793	1.998705	2.370472	8	11	7	878.939
0.261799	1.504028	0.636812	10	3	14	878.906
-2.094395	0.080730	-2.622036	17	12	9	878.898
-2.356194	0.591903	2.010408	6	9	14	878.873
-1.047198	0.709924	0.218797	16	69	0	878.830
2.356194	2.089241	-0.114193	73	6	7	878.777
-2.094395	2.089241	-0.114193	2	68	7	878.738
1.047198	2.719179	-1.780644	75	2	14	878.717
-2.356194	1.756530	-2.105156	2	5	16	878.688
2.356194	0.910508	1.903534	6	14	0	878.561
-3.141593	0.700570	1.559208	14	76	10	878.473
1.570796	1.113094	-0.272241	72	11	77	878.322
-1.570796	2.041297	-2.664597	15	10	12	878.304
-3.141593	0.290380	-0.796960	1	17	74	878.279
1.570796	0.899350	-2.069907	5	15	1	878.234
-1.308997	2.984978	1.954446	8	77	17	878.172
-0.785398	2.407836	1.410646	12	71	19	878.143
1.308997	1.869911	2.701025	16	4	9	878.058
-3.141593	1.870545	-2.976234	0	6	15	878.056
0.785398	1.310100	1.488307	6	14	5	877.971
2.617994	2.704512	1.488683	8	6	17	877.904
0.785398	1.374601	-2.456031	4	77	17	877.839
-1.832596	2.115563	0.685730	71	68	9	877.671
-2.356194	2.343981	-1.040456	76	14	73	877.148
