168	1.2	0
-3.141593	0.458961	-0.107937
-1.801164	0.128792	-1.274417
../7odw_monomer_m.pdb	-305.162	-67.445	220.304
../7odw_monomer_m.pdb	285.469	195.713	167.518
1.047198	1.599406	1.426070	22	20	142	1336.484
1.570796	0.906588	1.252948	17	28	150	1330.649
2.094395	1.554776	0.100351	22	16	154	1322.184
2.356194	2.001437	0.381215	6	15	135	1320.435
0.785398	0.992645	-1.723759	9	9	141	1308.156
1.308997	0.899350	-2.069907	11	12	142	1300.938
2.094395	2.001437	0.381215	7	14	134	1278.412
1.308997	1.310100	1.488307	20	26	148	1261.830
1.047198	1.310100	1.488307	23	20	148	1254.693
0.261799	1.440580	2.260026	19	6	157	1219.155
0.000000	1.050534	3.042579	152	160	4	1214.258
2.617994	1.812176	0.656819	2	3	140	1208.998
2.356194	1.554776	0.100351	19	20	155	1208.831
1.832596	0.700570	1.559208	163	160	27	1200.752
0.261799	1.699788	2.452890	18	2	156	1186.347
-1.570796	1.367556	0.358405	144	5	1	1183.212
1.047198	1.247695	1.809890	21	22	153	1176.968
0.523599	1.440580	2.260026	20	9	158	1172.987
0.523599	2.104282	-0.813972	16	165	147	1169.536
-1.308997	1.045978	0.343692	145	3	5	1166.411
2.879793	2.089241	-0.114193	18	7	156	1166.392
1.308997	1.809167	1.213774	16	25	135	1155.610
0.523599	1.413430	2.550734	18	10	162	1153.329
2.617994	0.203748	0.590255	156	164	28	1139.876
-2.094395	2.349581	-2.702517	147	3	162	1139.330
1.832596	0.418037	1.360082	160	161	28	1135.534
2.879793	1.846342	-1.796954	166	164	143	1131.698
-0.261799	2.299159	2.264663	10	167	142	1131.437
-3.141593	2.063651	-2.044600	1	163	142	1127.102
-0.785398	1.998705	2.370472	145	163	159	1124.784
0.523599	2.138223	1.678323	144	4	32	1117.847
-3.141593	1.948085	-2.363031	4	163	141	1115.192
-1.047198	0.733948	3.021411	153	14	15	1113.314
-2.879793	2.115563	0.685730	15	6	145	1109.108
1.308997	1.025536	1.576859	18	26	153	1106.810
-0.261799	0.379747	-1.713059	11	19	119	1103.066
1.047198	1.214854	-1.966664	7	16	137	1102.661
1.570796	0.700570	1.559208	162	160	27	1092.484
1.570796	1.662363	0.915448	17	26	137	1086.814
0.785398	1.506530	1.988858	24	15	154	1082.955
2.356194	1.184361	0.625864	148	0	10	1082.141
-0.261799	1.391910	3.030322	150	160	0	1081.355
-0.523599	1.824694	1.850876	8	167	143	1081.346
-3.141593	2.089241	-0.114193	149	2	10	1081.193
2.094395	1.135813	-2.658866	12	13	144	1080.936
0.000000	1.766067	2.153843	15	1	149	1080.142
1.308997	0.418037	1.360082	143	158	153	1079.157
1.047198	1.872854	1.543456	22	20	140	1075.316
2.356194	1.413347	-1.339188	156	7	136	1072.356
0.785398	1.247695	1.809890	24	17	154	1071.256
-2.879793	2.089241	-0.114193	150	167	11	1070.510
1.570796	0.899350	-2.069907	11	13	142	1069.762
2.356194	0.496451	0.593859	19	6	160	1068.100
1.308997	1.488617	1.159546	21	24	139	1064.987
-1.570796	1.413347	-1.339188	13	26	1	1064.801
-2.617994	1.721184	-0.153948	148	6	1	1063.836
-2.879793	1.766067	2.153843	157	154	154	1063.700
0.000000	1.391910	3.030322	151	1	151	1062.487
-2.094395	1.812176	0.656819	152	166	21	1058.813
-0.523599	2.637879	2.121598	150	5	149	1050.707
2.094395	1.413347	-1.339188	155	11	136	1050.479
-1.047198	1.214854	-1.966664	151	152	153	1048.961
0.261799	1.168678	2.108595	19	8	158	1048.002
1.047198	1.025536	1.576859	22	22	153	1042.419
0.785398	1.555207	1.708892	25	16	147	1041.132
0.785398	0.297065	2.160177	157	159	27	1041.082
0.785398	2.041297	-2.664597	159	158	144	1040.223
2.617994	2.001437	0.381215	4	15	134	1039.962
-3.141593	1.391910	3.030322	18	8	3	1039.263
-0.785398	2.979456	-1.009304	9	4	139	1037.740
1.570796	1.195355	1.200319	18	28	145	1032.009
-1.570796	1.374601	-2.456031	26	14	131	1026.472
-2.879793	2.404280	-0.174044	150	4	14	1025.819
-1.570796	2.719179	-1.780644	6	4	139	1022.087
1.308997	1.301460	-0.509251	21	2	134	1020.641
2.617994	2.984978	1.954446	152	160	163	1019.115
-2.356194	1.301460	-0.509251	147	5	153	1018.824
1.308997	0.906588	1.252948	21	24	150	1018.606
0.785398	0.866955	-0.931351	19	9	9	1018.470
2.094395	0.203748	0.590255	147	152	149	1018.192
-2.094395	2.187132	-0.479875	152	154	0	1012.725
1.570796	2.115563	0.685730	10	7	136	1012.406
0.261799	1.413430	2.550734	17	7	162	1012.244
-0.261799	1.050534	3.042579	151	1	154	1011.414
-2.617994	2.724429	-0.348782	156	160	144	1010.389
1.308997	2.108018	1.311430	13	28	133	1009.802
1.832596	1.135813	-2.658866	8	13	137	1009.523
2.356194	1.683268	0.374177	11	19	137	1007.573
-0.785398	0.899350	-2.069907	17	0	133	1006.791
-0.523599	0.992645	-1.723759	144	10	36	1006.541
2.356194	1.335669	0.897240	148	167	13	1005.101
0.261799	1.998705	2.370472	151	156	159	1004.979
2.094395	1.683268	0.374177	150	10	15	1004.140
-2.617994	0.709924	0.218797	155	166	27	1003.084
-2.879793	0.290380	-0.796960	148	154	147	1002.883
-1.832596	1.812176	0.656819	148	165	19	1002.546
2.356194	2.247462	0.191623	7	14	136	1002.231
0.261799	1.134796	2.434290	17	10	163	1000.410
-0.261799	1.135834	-1.431087	15	14	136	999.399
0.523599	1.413347	-1.339188	19	5	154	999.223
-3.141593	2.349581	-2.702517	0	165	138	999.218
-1.308997	0.700570	1.559208	154	150	4	999.076
-0.261799	1.872854	1.543456	153	155	18	998.491
-0.785398	2.984978	1.954446	151	8	145	997.254
1.832596	1.134497	-1.109631	153	15	132	997.046
0.785398	2.089241	-0.114193	153	159	159	996.187
1.308997	1.195355	1.200319	21	24	144	995.936
1.047198	1.809167	1.213774	20	21	134	995.741
-0.523599	0.733948	3.021411	152	9	15	994.485
-0.785398	0.733948	3.021411	152	11	15	994.463
-1.570796	1.413430	2.550734	146	156	12	994.189
2.617994	1.413347	-1.339188	159	0	137	992.775
2.617994	1.683268	0.374177	7	18	135	991.956
-2.094395	0.864993	2.278281	148	160	12	991.461
2.617994	1.741644	-2.695914	10	12	142	990.715
-2.617994	1.510910	-0.740472	148	13	153	989.884
-2.094395	2.247462	0.191623	143	19	154	988.936
0.523599	0.379747	-1.713059	158	164	139	988.482
0.785398	1.214854	-1.966664	9	9	139	986.544
-0.261799	1.440580	2.260026	145	9	158	986.220
-2.094395	1.506530	1.988858	137	160	7	986.200
2.879793	1.325504	-1.671296	1	156	145	986.103
-2.617994	0.960688	-0.577532	148	12	156	985.683
0.523599	2.073035	2.027405	27	6	148	985.624
-2.879793	1.872854	1.543456	3	30	1	982.617
2.356194	2.396274	-1.959260	139	164	160	980.997
-0.785398	2.343981	-1.040456	147	165	144	978.825
0.000000	1.242974	-2.977882	153	165	151	978.539
0.785398	1.872854	1.543456	25	16	140	978.281
-1.832596	0.929350	-2.910676	152	19	17	977.083
2.356194	1.569311	-3.003978	19	21	150	976.842
0.261799	1.824694	1.850876	19	8	143	976.683
0.000000	2.073035	2.027405	15	1	142	976.084
0.000000	1.732874	-0.951685	12	166	149	975.989
-0.261799	1.301460	-0.509251	7	30	136	975.588
-2.617994	2.863997	0.549740	164	30	19	975.093
-1.308997	1.367556	0.358405	143	2	167	973.457
-2.356194	2.396274	-1.959260	167	166	139	971.949
-2.879793	1.977582	0.969896	14	5	141	970.755
-0.785398	1.325504	-1.671296	26	5	145	970.563
-2.356194	0.960688	-0.577532	147	3	5	970.091
-1.308997	1.128190	-2.288622	156	165	32	969.559
1.047198	1.391910	3.030322	20	6	28	969.471
2.879793	2.349581	-2.702517	3	22	129	969.430
1.047198	0.899350	-2.069907	15	12	142	969.026
1.047198	1.555207	1.708892	23	21	147	968.616
-1.308997	0.685216	-1.712745	154	154	156	968.482
-2.879793	2.863997	0.549740	165	29	19	967.638
-0.261799	2.664082	-1.071402	13	3	147	967.576
0.523599	1.506530	1.988858	23	10	152	967.442
1.308997	1.599406	1.426070	21	26	142	967.289
-2.617994	1.617114	-1.572037	158	146	147	966.401
2.356194	1.325504	-1.671296	159	7	134	965.823
-1.570796	1.128190	-2.288622	23	13	126	965.793
0.785398	2.108018	1.311430	21	18	133	963.919
-1.570796	1.433411	-1.035986	10	16	137	963.689
2.879793	1.904882	-1.478089	163	165	145	962.932
-3.141593	2.588535	-2.976617	7	0	140	962.857
2.356194	2.984978	1.954446	12	9	139	962.646
1.047198	1.374601	-2.456031	8	9	137	961.756
-2.879793	1.870545	-2.976234	155	22	19	961.702
-0.261799	1.662363	0.915448	162	165	33	961.683
-1.570796	1.135813	-2.658866	22	16	126	961.489
-0.261799	0.733948	3.021411	151	2	160	960.508
-3.141593	0.733948	3.021411	152	2	20	960.352
1.570796	2.863997	0.549740	20	6	155	960.104
-0.261799	1.218453	2.777284	150	2	158	959.254
-2.356194	0.615174	-0.666022	153	164	27	959.240
0.523599	1.699788	2.452890	20	6	156	959.131
-3.141593	2.001437	0.381215	17	8	152	958.738
1.047198	0.992645	-1.723759	9	17	139	958.512
-2.094395	0.929350	-2.910676	155	23	18	958.404
2.879793	1.977582	0.969896	167	19	133	958.196
1.047198	1.417623	-0.202254	18	5	129	957.967
2.356194	0.203748	0.590255	156	162	27	957.920
-1.570796	2.724429	-0.348782	17	12	124	956.282
0.000000	2.174483	2.653697	150	162	158	956.269
1.047198	1.948085	-2.363031	161	160	142	955.885
-2.617994	1.301460	-0.509251	152	160	160	955.631
-2.617994	1.433411	-1.035986	154	145	157	955.408
-1.308997	1.374601	-2.456031	27	20	131	954.364
-1.570796	2.073035	2.027405	24	15	145	952.734
-2.356194	1.194549	-0.801900	146	5	1	951.840
-1.570796	2.396274	-1.959260	146	9	156	951.089
1.570796	0.418037	1.360082	158	161	28	950.944
-3.141593	1.732874	-0.951685	163	156	145	949.451
-2.617994	2.579248	-2.364801	3	166	139	949.243
-2.094395	1.134796	2.434290	147	161	18	948.787
-1.832596	2.349581	-2.702517	148	164	154	948.777
2.356194	1.875281	0.107086	10	14	135	946.633
2.356194	1.617114	-1.572037	156	5	138	945.708
2.617994	1.504028	0.636812	6	2	139	945.586
0.000000	1.824694	1.850876	16	2	143	945.281
-1.570796	1.875281	0.107086	142	166	161	944.781
0.000000	2.299159	2.264663	13	167	141	943.711
0.261799	1.948085	-2.363031	2	10	131	943.482
1.308997	0.290380	-0.796960	4	13	135	943.368
-2.617994	2.187132	-0.479875	148	6	1	943.050
0.523599	2.164094	-2.991358	156	157	147	942.975
-1.570796	1.683268	0.374177	150	147	138	942.363
1.308997	0.571433	-1.188419	1	14	134	941.774
2.356194	2.187132	-0.479875	21	166	153	941.772
0.261799	1.218453	2.777284	18	12	9	941.737
1.308997	1.812176	0.656819	18	23	130	941.348
-1.308997	1.766067	2.153843	140	1	162	941.087
0.261799	1.413347	-1.339188	15	6	147	940.470
-2.356194	0.290380	-0.796960	152	164	26	940.341
-2.094395	1.113094	-0.272241	150	165	24	940.219
-1.832596	2.579248	-2.364801	146	11	149	940.097
2.879793	1.948085	-2.363031	5	164	143	939.646
-1.832596	2.379497	0.561089	146	7	151	939.625
1.308997	1.977582	0.969896	17	26	131	939.480
0.523599	1.134796	2.434290	140	35	136	939.360
0.261799	2.138223	1.678323	23	5	137	939.187
1.308997	1.214854	-1.966664	7	17	137	938.690
-1.047198	1.977582	0.969896	149	159	18	938.384
-1.832596	2.455966	-0.641220	149	162	144	938.350
-2.094395	2.863997	0.549740	150	0	162	938.188
0.261799	0.640596	-2.797608	151	5	144	936.964
0.523599	2.393226	1.857173	24	10	136	936.723
-2.094395	1.554776	0.100351	145	16	1	936.665
2.879793	1.696674	-1.253233	162	165	141	935.714
1.308997	0.379747	-1.713059	13	13	144	935.551
-1.570796	1.448123	-2.163292	28	12	135	934.867
1.832596	2.979456	-1.009304	150	4	25	934.840
1.570796	1.506530	1.988858	142	11	3	934.204
-2.617994	1.569311	-3.003978	17	163	136	933.800
0.523599	0.864993	2.278281	16	18	160	933.558
-0.785398	1.045978	0.343692	148	156	155	933.467
0.000000	1.909857	-0.381669	158	148	154	933.364
-1.047198	2.407836	1.410646	151	161	16	932.371
0.785398	1.824694	1.850876	26	14	147	932.194
-1.047198	2.108018	1.311430	145	161	161	932.184
1.047198	2.108018	1.311430	17	23	132	930.546
-0.523599	0.640596	-2.797608	154	152	158	930.308
-2.094395	2.587733	0.232235	148	7	147	929.774
-2.879793	1.194549	-0.801900	148	0	10	929.327
1.832596	2.108018	1.311430	3	32	133	928.124
-0.785398	2.108018	1.311430	152	157	18	926.871
-1.570796	1.977582	0.969896	150	163	19	926.546
2.879793	1.741644	-2.695914	11	15	143	926.405
2.617994	1.256302	0.062705	21	22	162	925.957
2.617994	2.180315	-1.357379	139	167	164	925.667
-0.261799	1.696674	-1.253233	6	167	144	925.338
0.785398	1.699788	2.452890	141	164	154	923.187
0.261799	1.506530	1.988858	21	4	152	922.674
-1.832596	1.450119	-2.739050	25	10	133	922.148
-0.523599	0.379747	-1.713059	12	17	119	921.500
-2.617994	2.664082	-1.071402	18	14	124	921.332
-2.356194	1.869911	2.701025	148	162	165	921.228
-1.047198	2.164094	-2.991358	152	20	134	920.864
-0.785398	2.379497	0.561089	167	13	126	920.357
-0.523599	1.506530	1.988858	12	6	143	920.103
-0.523599	1.869911	2.701025	148	161	167	919.942
2.879793	2.587733	0.232235	151	161	21	919.766
-1.570796	0.379747	-1.713059	148	3	4	918.989
-1.308997	2.863997	0.549740	149	160	158	918.754
-2.879793	2.724429	-0.348782	150	167	160	918.329
2.094395	1.875281	0.107086	13	14	136	917.978
0.000000	2.478122	2.609777	150	166	158	917.937
2.879793	2.343981	-1.040456	142	165	2	916.923
2.094395	1.367556	0.358405	150	10	14	916.604
0.785398	1.025536	1.576859	24	17	152	916.259
-0.785398	2.393226	1.857173	4	0	136	915.567
-2.879793	1.809167	1.213774	16	2	140	915.346
-2.094395	0.297065	2.160177	154	154	10	914.116
0.785398	0.700570	1.559208	140	166	155	913.959
0.785398	1.998705	2.370472	26	8	155	913.901
-0.785398	0.685216	-1.712745	165	144	11	913.252
-0.785398	0.640596	-2.797608	151	155	157	913.104
-2.356194	1.606104	-0.451151	145	18	150	912.855
1.047198	1.545873	-1.877082	5	18	135	912.758
0.785398	1.440580	2.260026	21	14	159	911.929
0.523599	1.998705	2.370472	23	1	154	911.901
2.617994	0.618092	2.539118	152	14	25	911.560
0.785398	1.766067	2.153843	24	12	153	911.154
-3.141593	1.662363	0.915448	156	151	1	910.284
-0.785398	2.164094	-2.991358	153	18	134	909.745
0.523599	2.724429	-0.348782	152	159	160	909.688
-0.261799	1.869911	2.701025	151	166	147	909.426
0.785398	2.187132	-0.479875	145	12	9	908.856
-1.832596	2.138223	1.678323	23	13	146	908.653
-0.261799	1.904882	-1.478089	167	29	14	907.778
-1.308997	2.984978	1.954446	1	157	137	907.585
-3.141593	2.251330	-2.330739	4	12	136	907.455
-2.617994	1.870545	-2.976234	151	20	19	906.975
0.000000	0.733948	3.021411	152	166	4	906.627
-0.261799	1.599406	1.426070	154	154	21	906.599
1.308997	1.448123	-2.163292	162	160	138	906.397
0.523599	1.766067	2.153843	24	7	152	906.207
0.523599	1.824694	1.850876	25	9	145	904.410
2.879793	1.617114	-1.572037	164	165	140	903.591
1.832596	1.135834	-1.431087	153	13	131	903.158
-0.523599	1.214854	-1.966664	145	8	39	902.940
0.785398	0.615174	-0.666022	165	19	131	902.150
-2.617994	0.866955	-0.931351	154	146	152	901.591
-2.879793	1.247695	1.809890	144	20	26	901.273
0.261799	1.433411	-1.035986	19	3	158	901.193
0.000000	2.760637	2.781135	152	6	146	901.085
0.261799	1.367556	0.358405	158	43	4	901.070
0.261799	1.766067	2.153843	21	2	151	900.859
0.523599	2.478122	2.609777	157	156	142	900.666
-0.523599	2.393226	1.857173	152	158	13	900.321
-2.617994	2.063651	-2.044600	164	21	131	900.181
0.523599	2.187132	-0.479875	20	2	166	899.549
1.308997	1.128190	-2.288622	10	10	140	899.403
2.617994	2.164094	-2.991358	4	18	131	899.270
0.000000	2.104282	-0.813972	9	1	140	899.007
-1.308997	2.180315	-1.357379	165	6	135	898.940
-1.308997	1.869911	2.701025	23	13	141	898.430
-2.879793	0.866955	-0.931351	149	149	152	898.419
-2.094395	1.218453	2.777284	149	157	13	898.128
1.047198	1.736875	3.023612	25	3	7	898.001
-2.356194	1.741644	-2.695914	155	7	29	897.894
0.785398	0.910508	1.903534	20	20	158	897.350
0.261799	2.455966	-0.641220	157	22	119	896.238
1.308997	1.741644	-2.695914	148	27	5	896.054
-1.570796	1.450119	-2.739050	27	16	133	895.627
-1.570796	2.180315	-1.357379	19	154	158	895.188
-2.356194	2.001437	0.381215	152	0	18	895.060
-1.047198	1.045978	0.343692	145	167	3	894.745
-2.879793	0.685216	-1.712745	159	25	24	894.647
-1.047198	0.960688	-0.577532	5	25	12	894.545
2.879793	1.683268	0.374177	150	155	160	894.384
2.879793	2.984978	1.954446	153	157	163	894.328
-2.879793	2.041297	-2.664597	20	157	19	894.044
1.570796	1.128190	-2.288622	7	16	137	894.032
1.570796	1.732874	-0.951685	153	156	150	893.494
-0.523599	2.164094	-2.991358	152	16	135	893.252
1.570796	1.335669	0.897240	17	24	137	893.134
2.356194	1.721184	-0.153948	165	24	15	892.771
0.523599	2.881233	-2.582574	7	2	134	892.729
2.617994	2.724429	-0.348782	163	4	120	892.529
0.261799	2.104282	-0.813972	12	163	146	892.476
-2.356194	2.456751	-1.503343	163	15	130	892.309
2.094395	1.433411	-1.035986	154	12	137	891.167
0.523599	1.732874	-0.951685	18	1	152	890.647
-2.356194	2.863997	0.549740	160	29	18	890.427
-2.879793	1.391910	3.030322	13	163	132	890.308
-0.261799	1.247695	1.809890	7	10	139	890.244
2.879793	2.153910	-1.714959	159	30	134	890.007
-2.617994	0.290380	-0.796960	151	166	26	889.814
2.617994	0.619654	-2.216909	4	12	130	889.681
0.261799	1.909857	-0.381669	18	1	167	889.622
2.094395	1.741644	-2.695914	23	9	151	889.476
1.570796	1.977582	0.969896	8	25	131	888.775
-0.785398	1.374601	-2.456031	154	139	154	888.646
-0.523599	1.050534	3.042579	148	160	3	888.517
-2.356194	2.579248	-2.364801	2	0	138	888.432
1.832596	2.001437	0.381215	10	23	129	888.094
1.570796	2.664082	-1.071402	148	161	20	888.080
-2.356194	2.187132	-0.479875	146	1	1	887.886
1.308997	1.325504	-1.671296	7	20	137	887.884
1.308997	0.910508	1.903534	162	159	25	887.708
2.617994	1.554776	0.100351	13	22	139	887.311
1.308997	2.115563	0.685730	13	24	127	887.167
-0.261799	2.863997	0.549740	161	153	141	887.005
-0.523599	2.863997	0.549740	22	12	130	886.948
0.785398	2.356369	3.005869	19	162	150	886.387
0.523599	0.297065	2.160177	156	160	27	885.354
-2.879793	1.617114	-1.572037	151	149	149	885.184
0.000000	2.863997	0.549740	164	153	140	884.661
-2.879793	0.961715	0.014085	158	152	25	884.522
1.570796	1.325504	-1.671296	6	20	137	884.472
-1.832596	1.732874	-0.951685	144	163	153	884.291
2.094395	1.184361	0.625864	149	8	14	884.279
0.523599	1.367556	0.358405	152	41	4	883.830
0.523599	0.960688	-0.577532	164	23	133	883.624
-1.570796	2.579248	-2.364801	29	6	11	883.276
-0.523599	0.910508	1.903534	8	17	132	883.173
-1.832596	1.135813	-2.658866	21	11	125	883.161
-1.308997	2.724429	-0.348782	17	17	124	883.130
1.047198	2.349581	-2.702517	159	161	142	883.076
2.617994	1.325504	-1.671296	161	1	135	882.676
1.570796	0.591903	2.010408	162	160	27	882.368
0.785398	1.448123	-2.163292	7	9	136	882.260
-1.308997	2.138223	1.678323	153	135	165	881.304
-2.879793	2.251330	-2.330739	165	166	137	880.745
-1.832596	1.741644	-2.695914	145	6	1	880.412
2.094395	2.187132	-0.479875	166	10	117	879.478
2.879793	2.724429	-0.348782	165	4	120	879.325
-3.141593	0.203748	0.590255	141	7	22	879.313
-3.141593	2.863997	0.549740	165	13	127	879.071
-0.523599	1.662363	0.915448	160	167	33	878.953
1.047198	1.574060	2.783565	25	5	12	878.686
-1.832596	1.440580	2.260026	143	156	13	878.377
1.832596	2.356369	3.005869	137	153	5	878.339
-1.570796	0.929350	-2.910676	150	16	16	878.186
-1.832596	1.909857	-0.381669	21	6	151	878.161
-1.047198	1.732874	-0.951685	11	17	140	878.004
2.094395	1.812176	0.656819	151	9	17	877.957
1.832596	2.592629	0.909713	21	6	158	877.544
-2.617994	2.881233	-2.582574	6	16	130	877.498
0.785398	1.413430	2.550734	19	12	163	877.448
2.094395	1.135834	-1.431087	155	10	131	877.187
1.832596	1.335669	0.897240	17	30	142	876.774
1.047198	2.719179	-1.780644	0	155	135	876.682
2.879793	1.756530	-2.105156	167	164	140	876.606
-0.785398	1.977582	0.969896	153	157	22	876.542
-2.094395	1.809167	1.213774	22	14	140	876.530
-2.094395	0.591903	2.010408	148	162	166	876.507
2.356194	0.831641	0.616218	150	3	5	876.329
-0.261799	1.367556	0.358405	164	140	145	876.282
-1.308997	1.448123	-2.163292	153	165	29	876.007
0.261799	2.187132	-0.479875	19	0	166	875.912
0.000000	1.998705	2.370472	150	158	158	875.714
0.785398	1.218453	2.777284	20	9	28	875.217
0.000000	1.982574	-1.115518	11	159	147	875.146
1.832596	0.203748	0.590255	143	159	149	875.042
-1.047198	2.404280	-0.174044	155	152	146	874.777
0.785398	1.168678	2.108595	135	31	139	874.714
-1.832596	1.872854	1.543456	23	15	141	874.673
0.523599	0.640596	-2.797608	150	2	148	874.672
-0.261799	2.393226	1.857173	151	153	152	874.562
1.308997	2.247462	0.191623	156	156	156	874.440
1.570796	1.488617	1.159546	15	30	137	874.298
0.785398	0.591903	2.010408	158	158	26	874.084
-1.570796	0.910508	1.903534	151	150	13	874.082
-0.523599	1.872854	1.543456	151	158	18	874.082
2.356194	1.606104	-0.451151	163	22	15	874.010
-1.832596	2.073035	2.027405	23	9	145	873.755
-2.356194	0.762244	-0.273349	152	165	26	873.664
2.356194	1.812176	0.656819	149	2	18	873.322
-2.094395	1.184361	0.625864	152	19	11	873.115
1.308997	2.863997	0.549740	20	3	159	873.074
-0.523599	1.998705	2.370472	146	161	159	872.966
-0.785398	2.138223	1.678323	151	157	16	872.668
0.261799	1.510910	-0.740472	17	7	155	872.508
-1.570796	1.982574	-1.115518	157	147	0	872.203
-2.879793	1.555207	1.708892	142	23	19	871.901
-0.523599	2.138223	1.678323	151	158	15	871.764
-0.785398	2.407836	1.410646	148	158	161	871.163
-0.261799	2.180315	-1.357379	25	27	26	871.086
-1.832596	1.218453	2.777284	151	154	13	870.742
-1.047198	2.396274	-1.959260	30	14	8	870.652
1.308997	2.588535	-2.976617	159	157	143	870.399
0.000000	1.569311	-3.003978	151	5	147	870.273
-0.785398	2.396274	-1.959260	167	11	130	870.114
-0.261799	0.290380	-0.796960	162	164	138	870.103
-1.047198	2.724429	-0.348782	16	21	124	869.890
-0.523599	1.301460	-0.509251	10	28	136	869.886
-0.785398	1.606104	-0.451151	21	28	144	869.848
2.356194	2.115563	0.685730	1	16	133	869.770
1.308997	2.033014	2.977192	142	161	150	869.380
1.047198	1.448123	-2.163292	5	15	136	869.073
0.523599	2.295480	1.008277	15	17	126	868.714
-1.047198	2.180315	-1.357379	143	4	147	868.048
1.832596	0.290380	-0.796960	14	157	32	868.039
-2.094395	1.948085	-2.363031	14	4	136	867.966
-2.094395	1.741644	-2.695914	24	3	140	867.776
2.617994	1.242974	-2.977882	14	13	148	867.673
0.261799	1.662363	0.915448	8	155	142	867.643
1.832596	2.863997	0.549740	7	12	129	867.407
-0.261799	1.413430	2.550734	146	8	153	867.131
1.047198	1.812176	0.656819	24	16	136	866.829
1.047198	2.063651	-2.044600	17	152	17	866.774
-2.094395	0.571433	-1.188419	149	9	161	866.698
-0.523599	2.587733	0.232235	156	152	144	866.351
-1.308997	1.413347	-1.339188	30	13	141	866.237
-1.570796	1.050534	3.042579	150	17	17	866.106
-3.141593	1.218453	2.777284	10	164	129	866.063
-0.523599	1.766067	2.153843	15	6	147	865.851
0.000000	1.506530	1.988858	15	4	150	865.811
-1.570796	2.984978	1.954446	166	9	130	865.679
-0.523599	1.135834	-1.431087	165	142	8	865.516
-0.523599	2.984978	1.954446	155	154	157	864.964
0.785398	2.174483	2.653697	24	3	152	864.777
-2.617994	2.396274	-1.959260	166	18	129	864.596
0.261799	2.073035	2.027405	19	7	142	864.555
-0.261799	2.478122	2.609777	162	11	38	864.407
-0.785398	1.721184	-0.153948	20	28	148	864.388
-1.570796	2.881233	-2.582574	16	3	144	864.376
1.047198	0.910508	1.903534	19	25	158	864.291
-1.832596	0.850607	-1.335383	157	146	154	864.195
-0.261799	1.168678	2.108595	10	22	135	864.130
-1.832596	2.115563	0.685730	151	163	17	864.064
2.356194	1.045978	0.343692	149	6	11	863.693
1.570796	1.809167	1.213774	17	28	137	863.684
-0.261799	2.174483	2.653697	152	153	160	863.658
-0.523599	2.343981	-1.040456	7	2	141	863.321
-0.261799	0.640596	-2.797608	155	150	3	863.203
-1.308997	1.135834	-1.431087	150	21	30	863.008
-2.879793	1.998705	2.370472	154	159	154	862.854
0.523599	1.134497	-1.109631	23	4	8	862.728
-1.047198	0.619654	-2.216909	146	9	161	862.351
2.617994	2.073035	2.027405	159	38	143	862.155
2.094395	2.343981	-1.040456	24	159	166	862.045
-2.094395	2.979456	-1.009304	22	16	130	861.750
-0.523599	2.153910	-1.714959	2	26	19	861.605
-0.261799	0.992645	-1.723759	144	3	36	861.432
-1.832596	1.809167	1.213774	23	19	140	861.002
-2.094395	2.108018	1.311430	23	13	146	861.000
-2.356194	2.979456	-1.009304	21	11	130	860.476
-2.094395	1.374601	-2.456031	21	2	131	860.334
0.000000	1.555207	1.708892	155	155	21	860.263
0.261799	2.478122	2.609777	151	8	35	860.261
1.570796	1.812176	0.656819	15	26	130	859.897
-1.047198	2.456751	-1.503343	3	4	136	859.829
1.570796	1.554776	0.100351	22	18	135	859.799
-1.047198	2.073035	2.027405	143	165	155	859.640
-2.094395	0.831641	0.616218	2	154	144	859.541
1.047198	0.866955	-0.931351	4	145	24	859.453
-2.094395	2.588535	-2.976617	150	162	1	859.423
-2.356194	1.195355	1.200319	138	9	12	859.348
-2.879793	2.588535	-2.976617	9	0	141	859.282
0.261799	1.846342	-1.796954	7	148	143	859.151
-1.832596	1.367556	0.358405	145	13	10	859.149
-3.141593	0.619654	-2.216909	9	9	139	859.074
-1.308997	1.617114	-1.572037	11	27	5	859.033
-2.094395	0.866395	-2.492918	153	21	18	858.964
-2.617994	0.899350	-2.069907	157	25	20	858.934
-1.832596	1.413430	2.550734	144	160	11	858.753
1.832596	1.683268	0.374177	18	23	136	858.487
1.570796	2.881233	-2.582574	141	2	0	858.058
-2.617994	1.194549	-0.801900	147	8	1	857.879
1.308997	1.417623	-0.202254	21	9	129	857.842
1.832596	2.587733	0.232235	155	14	30	857.728
1.047198	1.194549	-0.801900	21	9	8	857.476
2.094395	2.592629	0.909713	21	8	160	857.414
-0.261799	2.979456	-1.009304	14	5	143	856.992
-0.261799	1.732874	-0.951685	13	165	150	856.885
2.094395	0.418037	1.360082	162	160	29	856.872
-1.570796	1.184361	0.625864	142	0	6	856.782
2.094395	2.073035	2.027405	161	14	36	856.743
-0.261799	0.866955	-0.931351	23	18	147	856.641
2.617994	2.247462	0.191623	4	11	133	856.328
0.785398	0.864993	2.278281	139	27	131	856.230
2.356194	1.904882	-1.478089	162	30	137	856.212
-1.047198	1.325504	-1.671296	1	13	136	855.816
-2.356194	2.588535	-2.976617	148	2	158	855.778
-0.785398	0.370812	-2.547742	149	167	6	855.742
0.000000	1.218453	2.777284	155	148	165	855.651
-1.047198	0.418037	1.360082	158	150	5	855.546
-2.617994	2.153910	-1.714959	163	20	131	855.527
-1.570796	1.872854	1.543456	23	21	141	855.524
-1.308997	2.455966	-0.641220	154	154	145	855.508
-3.141593	1.325504	-1.671296	164	28	9	855.471
1.570796	2.174483	2.653697	135	157	0	855.341
2.094395	1.014500	0.906702	20	24	1	855.314
-0.523599	2.251330	-2.330739	166	14	129	855.040
-1.308997	2.295480	1.008277	150	162	16	855.003
-2.356194	1.433411	-1.035986	149	163	154	854.945
0.785398	1.977582	0.969896	21	18	131	854.939
-1.308997	2.407836	1.410646	147	167	163	854.736
-2.617994	2.343981	-1.040456	10	26	167	854.688
1.047198	2.588535	-2.976617	141	8	159	854.602
-1.832596	1.374601	-2.456031	157	149	147	854.537
-0.261799	2.637879	2.121598	10	0	134	854.424
2.879793	2.164094	-2.991358	5	164	141	854.034
0.523599	1.168678	2.108595	20	12	159	853.863
-3.141593	1.836682	-0.676006	12	27	2	853.860
0.261799	0.379747	-1.713059	158	166	138	853.834
-1.832596	2.404280	-0.174044	146	160	1	853.823
2.879793	1.413347	-1.339188	163	166	136	853.750
1.832596	1.554776	0.100351	25	14	154	853.579
0.000000	1.736875	3.023612	153	152	163	852.737
-1.308997	1.325504	-1.671296	28	14	135	852.369
0.000000	0.961715	0.014085	157	155	142	851.867
-0.261799	2.719179	-1.780644	0	25	31	851.817
-1.308997	2.343981	-1.040456	19	156	163	851.740
-3.141593	2.138223	1.678323	6	29	166	851.653
-2.094395	1.977582	0.969896	23	16	145	851.645
2.094395	1.756530	-2.105156	18	156	143	851.635
-2.356194	1.977582	0.969896	22	11	145	851.254
0.261799	2.760637	2.781135	14	162	136	850.950
-1.308997	0.733948	3.021411	151	14	20	850.833
2.094395	2.478122	2.609777	12	15	133	850.703
-0.523599	2.407836	1.410646	151	152	160	850.599
-0.523599	1.982574	-1.115518	8	163	147	850.242
-2.356194	2.592629	0.909713	152	5	125	850.123
-2.356194	1.450119	-2.739050	20	1	131	849.874
-1.832596	2.587733	0.232235	147	165	162	849.722
-1.832596	2.356369	3.005869	154	162	138	849.687
0.261799	2.393226	1.857173	22	5	136	849.575
-1.570796	1.301460	-0.509251	19	15	136	849.473
-0.523599	2.719179	-1.780644	3	24	31	849.460
0.000000	2.455966	-0.641220	158	24	119	849.436
0.523599	2.404280	-0.174044	151	161	161	849.035
-2.094395	1.448123	-2.163292	150	26	140	848.941
1.832596	1.510910	-0.740472	155	154	150	848.814
-2.879793	0.762244	-0.273349	152	160	0	848.754
-1.832596	1.736875	3.023612	145	161	5	848.708
-0.261799	1.824694	1.850876	15	163	143	848.645
2.094395	1.836682	-0.676006	28	164	164	848.442
0.261799	2.299159	2.264663	21	166	144	848.275
2.094395	2.379497	0.561089	154	11	28	848.262
2.879793	2.588535	-2.976617	6	16	131	848.231
-2.617994	1.836682	-0.676006	147	14	155	848.196
2.094395	0.709924	0.218797	142	152	11	848.074
2.356194	0.709924	0.218797	145	149	10	848.071
0.523599	0.914445	2.687814	152	164	134	848.018
-2.879793	2.063651	-2.044600	166	24	130	847.931
-0.261799	2.587733	0.232235	18	19	126	847.463
2.617994	2.379497	0.561089	2	15	134	847.455
-1.570796	2.295480	1.008277	146	1	167	847.446
0.261799	1.836682	-0.676006	17	1	153	847.374
-3.141593	1.721184	-0.153948	150	167	11	847.245
-2.356194	0.866395	-2.492918	156	24	18	847.180
-1.570796	2.863997	0.549740	149	163	159	847.155
0.000000	1.662363	0.915448	164	164	33	846.988
2.356194	1.662363	0.915448	166	26	131	846.922
-0.261799	2.041297	-2.664597	166	14	130	846.912
0.785398	0.850607	-1.335383	25	167	20	846.774
0.261799	0.619654	-2.216909	156	0	140	846.743
-1.570796	2.637879	2.121598	160	5	132	846.643
-1.832596	0.831641	0.616218	19	153	137	846.560
-2.356194	0.929350	-2.910676	158	26	16	846.515
-3.141593	1.545873	-1.877082	154	31	140	846.500
-0.785398	0.571433	-1.188419	18	19	123	846.414
-3.141593	2.153910	-1.714959	166	162	142	846.001
0.785398	2.349581	-2.702517	161	155	144	845.670
-2.879793	2.138223	1.678323	0	32	165	845.613
-2.094395	0.709924	0.218797	166	157	143	845.569
2.094395	0.685216	-1.712745	167	15	129	845.525
-2.356194	1.736875	3.023612	24	0	142	845.283
-3.141593	2.724429	-0.348782	6	5	120	845.267
1.047198	0.418037	1.360082	141	161	151	845.183
2.617994	2.349581	-2.702517	9	21	131	845.036
-2.094395	2.404280	-0.174044	146	166	1	845.002
2.879793	0.619654	-2.216909	7	10	138	844.627
-3.141593	1.736875	3.023612	13	14	151	844.577
2.617994	1.875281	0.107086	10	17	134	844.430
0.000000	2.984978	1.954446	152	157	154	844.372
2.879793	1.809167	1.213774	164	22	133	844.268
2.356194	0.379747	-1.713059	5	17	136	844.103
-1.047198	2.455966	-0.641220	155	152	145	844.040
-2.356194	0.831641	0.616218	166	154	144	843.974
-3.141593	1.555207	1.708892	146	29	20	843.880
1.570796	0.619654	-2.216909	13	14	141	843.086
2.879793	1.875281	0.107086	8	17	134	843.068
-2.617994	2.587733	0.232235	161	150	20	842.927
-2.094395	1.732874	-0.951685	147	164	150	842.522
0.000000	0.379747	-1.713059	10	22	119	842.489
1.832596	2.379497	0.561089	153	14	25	842.363
-3.141593	2.115563	0.685730	18	5	147	841.839
-2.617994	2.041297	-2.664597	154	23	16	841.790
-1.308997	2.404280	-0.174044	162	24	123	841.191
0.523599	1.909857	-0.381669	18	11	152	841.165
2.879793	1.982574	-1.115518	141	163	161	841.082
1.570796	2.588535	-2.976617	31	165	154	840.973
-0.523599	1.696674	-1.253233	4	0	142	840.808
1.047198	2.295480	1.008277	166	19	33	840.406
-0.523599	1.599406	1.426070	151	157	21	840.371
-0.785398	0.496451	0.593859	157	146	28	840.322
2.879793	1.554776	0.100351	9	20	133	840.191
2.094395	2.164094	-2.991358	156	9	129	839.902
2.879793	1.658653	-2.409879	7	165	145	839.734
1.308997	1.606104	-0.451151	16	4	128	839.682
-2.879793	1.128190	-2.288622	160	12	127	839.679
0.000000	1.135834	-1.431087	14	17	138	839.437
0.261799	2.587733	0.232235	167	143	142	839.320
-0.785398	2.063651	-2.044600	6	24	14	839.286
-3.141593	1.982574	-1.115518	161	155	147	839.039
0.261799	1.732874	-0.951685	14	164	149	838.891
0.523599	1.448123	-2.163292	9	2	139	838.834
-2.617994	1.218453	2.777284	159	149	143	838.676
0.785398	1.736875	3.023612	25	0	6	838.552
0.000000	2.592629	0.909713	160	151	142	838.517
-2.879793	2.587733	0.232235	159	8	120	838.391
-3.141593	1.872854	1.543456	9	28	2	837.815
-1.308997	2.704512	1.488683	15	20	152	837.743
1.570796	1.606104	-0.451151	19	8	129	837.502
-3.141593	2.187132	-0.479875	8	40	153	837.469
1.832596	0.929350	-2.910676	15	11	144	837.336
0.785398	2.033014	2.977192	25	165	2	837.303
1.047198	1.977582	0.969896	18	20	131	836.487
1.832596	2.247462	0.191623	151	14	25	836.346
-2.356194	1.696674	-1.253233	146	4	149	836.190
-0.785398	1.824694	1.850876	15	8	147	836.186
-1.832596	1.433411	-1.035986	143	164	157	836.168
0.523599	1.301460	-0.509251	21	166	4	836.045
-1.570796	2.588535	-2.976617	30	12	14	836.022
-1.308997	2.456751	-1.503343	1	1	137	836.004
-0.523599	1.450119	-2.739050	160	140	147	835.819
-0.261799	1.242974	-2.977882	162	138	148	835.818
-2.617994	1.504028	0.636812	19	164	145	835.658
-3.141593	2.637879	2.121598	12	19	18	835.153
0.261799	1.301460	-0.509251	16	7	157	835.142
-1.570796	1.195355	1.200319	138	13	157	835.117
-0.523599	1.256302	0.062705	149	161	155	834.971
2.879793	2.637879	2.121598	150	2	150	834.841
-2.094395	2.592629	0.909713	13	13	148	834.632
2.094395	1.569311	-3.003978	23	12	159	834.332
0.000000	1.504028	0.636812	167	165	34	834.317
-0.261799	1.809167	1.213774	159	165	31	833.999
-1.047198	1.569311	-3.003978	147	153	154	833.932
-2.356194	2.587733	0.232235	149	2	165	833.873
-0.785398	1.870545	-2.976234	151	16	136	833.709
2.879793	1.134796	2.434290	156	23	24	833.550
2.879793	2.592629	0.909713	149	18	123	833.488
0.000000	2.251330	-2.330739	139	149	154	833.342
-2.094395	1.982574	-1.115518	149	160	149	833.244
2.879793	2.115563	0.685730	165	10	134	833.156
-2.617994	2.704512	1.488683	6	25	20	832.467
-0.523599	1.440580	2.260026	12	20	137	831.956
1.047198	2.984978	1.954446	24	16	136	831.937
-2.879793	1.413430	2.550734	155	154	158	831.305
-2.356194	1.732874	-0.951685	149	162	153	831.300
-0.785398	1.696674	-1.253233	1	1	142	831.282
2.879793	1.599406	1.426070	163	24	135	831.177
-2.617994	2.033014	2.977192	148	2	2	831.157
-2.617994	2.356369	3.005869	146	7	165	831.053
-2.356194	2.349581	-2.702517	15	1	145	830.930
0.261799	2.174483	2.653697	153	154	152	830.808
-1.047198	1.599406	1.426070	166	142	27	830.685
2.356194	0.618092	2.539118	153	18	25	830.617
-0.261799	1.214854	-1.966664	1	141	3	830.508
-2.094395	1.599406	1.426070	20	13	135	830.455
2.617994	1.977582	0.969896	166	2	139	830.431
0.785398	0.831641	0.616218	3	22	8	830.273
2.879793	2.579248	-2.364801	4	18	129	830.255
1.047198	1.870545	-2.976234	25	164	20	830.102
0.785398	2.404280	-0.174044	153	158	161	830.065
-2.879793	2.349581	-2.702517	19	161	26	830.052
-3.141593	0.992645	-1.723759	163	27	13	829.942
1.308997	2.063651	-2.044600	8	18	130	829.414
2.879793	1.736875	3.023612	15	15	150	829.293
-1.570796	1.135834	-1.431087	146	157	160	829.249
-1.308997	1.134497	-1.109631	29	13	137	829.117
0.261799	0.370812	-2.547742	4	18	118	829.032
1.047198	0.591903	2.010408	162	157	28	828.703
-2.879793	0.960688	-0.577532	150	163	158	828.648
-2.094395	1.824694	1.850876	19	8	137	828.614
2.356194	1.433411	-1.035986	155	8	137	828.579
1.047198	1.218453	2.777284	20	11	27	828.563
1.047198	0.297065	2.160177	158	159	27	828.288
-1.047198	1.433411	-1.035986	30	18	143	828.270
-2.617994	0.914445	2.687814	150	167	16	828.242
-1.308997	2.664082	-1.071402	9	30	125	827.856
2.094395	1.721184	-0.153948	22	18	155	827.843
-1.832596	1.301460	-0.509251	144	164	19	827.822
-1.832596	1.504028	0.636812	150	165	23	827.592
-1.308997	1.696674	-1.253233	7	16	137	827.535
2.617994	1.617114	-1.572037	159	167	140	827.527
1.570796	2.456751	-1.503343	148	163	162	827.320
1.308997	0.685216	-1.712745	12	14	144	827.091
0.000000	1.836682	-0.676006	14	167	152	826.873
1.570796	1.374601	-2.456031	5	14	136	826.737
-1.570796	0.961715	0.014085	137	155	149	826.473
-1.832596	1.113094	-0.272241	149	164	24	826.370
-0.785398	1.014500	0.906702	10	157	135	826.263
-0.785398	1.135834	-1.431087	143	13	29	826.257
1.570796	2.063651	-2.044600	3	20	131	826.091
-2.356194	2.881233	-2.582574	150	8	10	825.986
-1.832596	1.599406	1.426070	21	17	135	825.893
-1.308997	1.433411	-1.035986	10	20	137	825.786
-0.261799	0.864993	2.278281	17	13	154	825.680
-2.617994	1.113094	-0.272241	153	156	166	825.550
-0.785398	0.831641	0.616218	151	151	160	825.460
2.094395	1.504028	0.636812	145	5	13	825.282
1.308997	2.719179	-1.780644	9	155	137	824.910
-2.879793	1.606104	-0.451151	151	163	159	824.887
0.261799	1.574060	2.783565	153	156	8	824.882
0.261799	1.555207	1.708892	146	164	19	824.609
-2.879793	2.579248	-2.364801	0	20	128	824.386
-2.094395	0.866955	-0.931351	152	156	2	824.243
-2.356194	1.218453	2.777284	149	167	22	824.110
-1.047198	2.349581	-2.702517	30	17	7	824.081
2.617994	0.866395	-2.492918	155	3	26	823.990
0.785398	2.588535	-2.976617	157	158	144	823.895
1.832596	1.374601	-2.456031	12	1	146	823.727
0.785398	1.909857	-0.381669	20	167	151	823.706
2.094395	2.587733	0.232235	154	17	119	823.700
2.617994	2.041297	-2.664597	11	24	133	823.630
-2.617994	1.367556	0.358405	12	162	139	823.445
-0.261799	0.685216	-1.712745	145	7	39	823.417
-1.047198	1.367556	0.358405	147	161	147	823.414
1.308997	0.700570	1.559208	16	26	154	823.235
-2.356194	1.809167	1.213774	21	10	140	823.207
1.570796	1.545873	-1.877082	5	20	135	823.194
-1.047198	0.866395	-2.492918	159	143	150	823.056
-2.356194	0.458961	-0.107937	155	164	30	823.043
0.785398	2.592629	0.909713	2	149	140	823.003
-0.785398	2.724429	-0.348782	162	32	126	822.862
-1.832596	1.134497	-1.109631	3	16	135	822.680
-0.523599	1.809167	1.213774	157	1	32	822.633
1.832596	0.619654	-2.216909	164	11	36	822.596
0.261799	1.325504	-1.671296	16	6	144	822.510
-2.356194	2.343981	-1.040456	150	161	147	822.494
0.785398	2.295480	1.008277	13	21	126	822.483
-1.570796	1.256302	0.062705	23	156	147	822.403
-1.308997	1.732874	-0.951685	12	20	142	822.383
0.523599	2.455966	-0.641220	156	19	119	822.340
-0.523599	1.721184	-0.153948	148	159	155	822.297
1.570796	2.349581	-2.702517	162	159	142	822.291
-0.261799	0.899350	-2.069907	149	8	43	822.149
0.261799	0.866955	-0.931351	11	19	138	822.091
-1.308997	1.998705	2.370472	24	17	143	821.939
-2.356194	1.569311	-3.003978	22	2	135	821.207
-3.141593	1.977582	0.969896	17	4	144	820.988
-2.879793	1.325504	-1.671296	152	29	142	820.863
-0.523599	2.979456	-1.009304	11	4	141	820.604
1.832596	1.128190	-2.288622	18	7	150	820.476
1.832596	1.658653	-2.409879	10	16	135	820.412
-1.308997	0.379747	-1.713059	154	155	160	820.287
-1.047198	0.899350	-2.069907	15	166	130	820.259
1.570796	2.587733	0.232235	156	17	29	820.193
0.261799	2.108018	1.311430	151	5	37	820.012
-2.094395	1.194549	-0.801900	145	1	1	819.936
2.356194	2.089241	-0.114193	162	21	26	819.933
1.570796	2.579248	-2.364801	156	161	147	819.849
-3.141593	1.846342	-1.796954	156	29	136	819.696
0.261799	2.407836	1.410646	149	2	36	819.677
2.094395	2.881233	-2.582574	24	7	135	819.667
-2.617994	0.866395	-2.492918	159	26	17	819.330
2.617994	2.587733	0.232235	162	22	23	819.149
-2.356194	2.295480	1.008277	22	11	150	819.123
0.000000	1.696674	-1.253233	10	1	144	818.869
-1.047198	0.290380	-0.796960	164	163	136	818.869
-3.141593	0.458961	-0.107937	151	167	4	818.815
0.523599	1.545873	-1.877082	10	3	140	818.729
2.617994	1.662363	0.915448	1	5	137	818.670
-1.308997	2.579248	-2.364801	3	2	42	818.637
-2.094395	1.662363	0.915448	23	17	140	818.475
-1.308997	2.719179	-1.780644	8	7	139	818.436
1.570796	1.683268	0.374177	20	19	137	818.175
-1.832596	2.719179	-1.780644	166	12	129	818.041
0.523599	2.592629	0.909713	167	152	141	817.413
-1.047198	2.393226	1.857173	11	6	146	817.349
1.308997	2.456751	-1.503343	149	158	21	817.198
-1.047198	2.187132	-0.479875	0	20	117	817.044
-1.570796	0.709924	0.218797	136	156	12	817.039
2.879793	2.001437	0.381215	8	20	135	816.676
-2.617994	2.174483	2.653697	148	167	158	816.606
2.094395	2.979456	-1.009304	150	164	0	816.570
-2.617994	0.762244	-0.273349	153	167	26	816.487
0.000000	1.301460	-0.509251	2	31	136	816.424
-2.094395	2.455966	-0.641220	148	165	144	816.402
-1.047198	1.134497	-1.109631	29	19	137	816.214
-0.523599	1.134497	-1.109631	138	155	146	815.969
-3.141593	2.478122	2.609777	147	9	160	815.896
-1.308997	0.080730	-2.622036	153	12	14	815.857
-1.570796	2.455966	-0.641220	150	158	145	815.798
2.356194	2.033014	2.977192	14	13	141	815.712
-1.832596	1.545873	-1.877082	159	27	33	815.686
2.094395	2.664082	-1.071402	15	14	141	815.589
0.000000	1.756530	-2.105156	5	5	135	815.504
0.261799	2.704512	1.488683	20	15	129	815.334
-0.261799	2.073035	2.027405	13	2	142	814.908
1.047198	1.128190	-2.288622	18	17	141	814.872
1.570796	2.396274	-1.959260	28	156	11	814.701
-1.570796	1.545873	-1.877082	29	6	141	814.553
0.785398	2.478122	2.609777	156	157	143	814.501
-2.879793	0.458961	-0.107937	154	165	27	814.203
2.094395	2.033014	2.977192	160	5	128	813.945
0.000000	2.724429	-0.348782	150	4	165	813.809
-1.832596	2.863997	0.549740	149	166	162	813.757
0.000000	0.929350	-2.910676	155	160	149	813.626
0.785398	0.733948	3.021411	24	162	29	813.533
-3.141593	1.574060	2.783565	15	165	138	813.427
-2.879793	1.440580	2.260026	21	0	135	813.239
-2.356194	2.724429	-0.348782	150	161	159	812.912
-0.785398	1.506530	1.988858	13	19	137	812.788
-2.617994	1.809167	1.213774	155	14	133	812.625
2.617994	2.115563	0.685730	2	17	133	812.545
-0.261799	2.247462	0.191623	165	160	132	812.479
-2.617994	1.242974	-2.977882	12	2	126	812.237
0.261799	0.960688	-0.577532	158	148	20	812.170
-2.094395	1.433411	-1.035986	149	161	152	811.880
-1.047198	0.850607	-1.335383	23	19	126	811.430
-2.617994	1.413347	-1.339188	154	146	151	811.344
-2.617994	1.247695	1.809890	30	0	14	811.262
-2.879793	2.396274	-1.959260	167	19	129	811.044
0.785398	2.251330	-2.330739	16	151	18	810.601
2.094395	2.719179	-1.780644	151	165	154	810.582
-2.356194	0.674054	1.013609	165	153	145	810.561
-1.570796	0.571433	-1.188419	138	20	158	810.470
1.308997	1.617114	-1.572037	5	21	136	810.358
1.570796	2.295480	1.008277	2	28	127	809.901
2.094395	1.658653	-2.409879	10	18	135	809.847
-2.094395	1.756530	-2.105156	10	3	134	809.773
0.261799	0.685216	-1.712745	167	30	118	809.474
2.617994	1.904882	-1.478089	138	164	161	809.452
2.356194	1.504028	0.636812	148	2	13	809.266
1.832596	1.014500	0.906702	14	27	140	809.175
2.617994	2.251330	-2.330739	8	22	131	809.058
1.570796	1.617114	-1.572037	5	22	135	809.019
-2.617994	0.674054	1.013609	162	153	144	809.018
-0.523599	2.041297	-2.664597	163	14	130	809.007
1.832596	1.812176	0.656819	14	7	141	808.947
0.785398	1.606104	-0.451151	6	8	119	808.923
2.356194	2.587733	0.232235	146	160	14	808.848
-1.570796	2.251330	-2.330739	33	5	3	808.725
0.523599	2.115563	0.685730	17	15	126	808.436
-3.141593	1.904882	-1.478089	155	30	137	808.346
1.570796	2.379497	0.561089	152	26	18	808.312
-2.094395	1.301460	-0.509251	145	0	20	808.190
-1.047198	1.504028	0.636812	158	2	34	808.153
1.832596	1.488617	1.159546	6	31	134	808.105
2.617994	2.356369	3.005869	7	21	130	808.099
1.570796	0.290380	-0.796960	5	17	135	807.884
-1.832596	2.187132	-0.479875	145	160	154	807.883
2.617994	1.335669	0.897240	9	28	5	807.833
0.523599	1.135834	-1.431087	15	4	149	807.806
-3.141593	1.606104	-0.451151	158	26	21	807.760
-0.523599	0.914445	2.687814	8	164	131	807.751
-0.785398	1.335669	0.897240	5	158	27	807.711
1.570796	2.041297	-2.664597	138	25	142	807.696
-0.261799	1.998705	2.370472	147	160	158	807.279
-2.094395	0.850607	-1.335383	144	1	166	807.210
1.570796	0.910508	1.903534	20	24	29	807.169
-2.094395	2.704512	1.488683	5	31	18	807.169
1.832596	2.174483	2.653697	16	11	138	807.102
0.000000	2.393226	1.857173	1	1	34	806.878
-1.308997	0.418037	1.360082	153	152	8	806.727
-2.879793	1.301460	-0.509251	149	6	9	806.709
-2.356194	0.866955	-0.931351	151	159	2	806.691
-0.785398	1.214854	-1.966664	22	3	137	806.450
0.000000	2.637879	2.121598	155	152	147	806.255
-2.356194	2.404280	-0.174044	158	150	145	806.248
2.879793	0.496451	0.593859	157	166	28	806.114
1.570796	0.685216	-1.712745	24	8	21	806.070
0.523599	1.195355	1.200319	2	23	19	806.049
2.094395	1.809167	1.213774	5	29	135	805.936
1.832596	2.588535	-2.976617	32	3	154	805.912
-2.094395	1.450119	-2.739050	22	4	132	805.787
-0.785398	2.587733	0.232235	166	21	127	805.744
1.308997	1.545873	-1.877082	5	19	135	805.622
0.000000	1.948085	-2.363031	139	149	160	805.436
-2.094395	1.870545	-2.976234	147	162	7	805.425
0.785398	1.870545	-2.976234	25	2	7	805.394
-3.141593	0.960688	-0.577532	150	4	12	805.380
-0.523599	0.831641	0.616218	158	150	148	805.299
-0.785398	1.809167	1.213774	156	4	32	805.077
-2.879793	0.615174	-0.666022	150	0	6	804.995
1.832596	2.153910	-1.714959	15	153	138	804.994
0.000000	0.370812	-2.547742	4	17	117	804.559
-2.879793	2.153910	-1.714959	164	22	130	804.487
0.000000	0.899350	-2.069907	149	3	43	804.319
1.570796	1.413347	-1.339188	4	150	22	804.291
-2.617994	2.404280	-0.174044	0	42	141	804.215
-0.261799	1.025536	1.576859	5	20	133	804.133
-2.879793	2.760637	2.781135	152	161	163	804.111
1.308997	2.356369	3.005869	140	162	158	804.073
-0.785398	0.080730	-2.622036	153	163	26	803.879
-0.785398	0.458961	-0.107937	0	164	138	803.715
-0.523599	1.574060	2.783565	148	2	152	803.689
1.570796	1.214854	-1.966664	7	18	137	803.598
1.832596	2.456751	-1.503343	25	156	4	803.408
-1.832596	1.134796	2.434290	148	156	13	803.307
1.047198	1.413430	2.550734	24	11	10	803.108
0.785398	2.393226	1.857173	142	166	31	802.677
2.356194	2.356369	3.005869	12	11	138	802.674
-1.832596	1.574060	2.783565	142	167	5	802.545
2.617994	2.455966	-0.641220	22	163	161	802.441
-0.523599	2.455966	-0.641220	152	1	135	802.347
0.261799	2.637879	2.121598	151	157	148	802.139
-1.308997	0.571433	-1.188419	163	146	10	802.137
0.000000	2.407836	1.410646	19	6	130	802.087
-3.141593	2.104282	-0.813972	146	159	5	801.835
1.047198	2.343981	-1.040456	145	5	16	801.663
-2.094395	1.413347	-1.339188	147	165	150	801.198
-2.879793	1.721184	-0.153948	151	162	7	801.118
-2.879793	2.356369	3.005869	149	10	166	800.928
2.356194	2.724429	-0.348782	152	155	20	800.719
-3.141593	2.174483	2.653697	151	161	155	800.582
0.523599	2.760637	2.781135	166	157	31	800.575
0.261799	1.869911	2.701025	152	157	155	800.523
0.523599	2.984978	1.954446	23	6	136	800.425
-1.832596	1.413347	-1.339188	150	158	152	800.417
1.308997	0.992645	-1.723759	8	19	138	800.129
0.523599	2.001437	0.381215	153	30	20	800.120
1.308997	0.864993	2.278281	19	19	34	800.082
0.523599	1.433411	-1.035986	19	4	157	799.816
1.570796	2.153910	-1.714959	25	154	11	799.803
2.617994	1.569311	-3.003978	17	24	150	799.211
2.879793	0.992645	-1.723759	164	29	34	799.195
-1.570796	1.440580	2.260026	145	151	7	799.079
1.570796	2.984978	1.954446	4	11	128	798.967
-0.523599	2.108018	1.311430	3	3	133	798.641
2.094395	0.370812	-2.547742	14	9	143	798.486
-0.785398	1.448123	-2.163292	11	28	4	798.474
-0.261799	2.760637	2.781135	161	7	40	798.452
-2.356194	1.617114	-1.572037	19	0	137	798.407
-0.261799	1.756530	-2.105156	149	10	139	798.275
-1.308997	1.977582	0.969896	151	159	19	798.101
1.832596	0.992645	-1.723759	138	9	160	798.052
-1.832596	1.904882	-1.478089	158	35	0	798.037
-1.308997	2.187132	-0.479875	151	154	148	797.808
0.261799	1.606104	-0.451151	7	6	122	797.800
-2.617994	1.909857	-0.381669	148	5	1	797.715
-1.308997	1.545873	-1.877082	141	17	6	797.618
0.000000	2.063651	-2.044600	4	7	132	797.599
-2.617994	0.619654	-2.216909	158	24	21	797.433
-0.523599	0.961715	0.014085	15	31	132	797.387
-0.785398	1.194549	-0.801900	137	164	8	797.309
1.047198	0.762244	-0.273349	8	22	12	797.218
0.000000	1.574060	2.783565	152	161	3	797.162
0.523599	2.108018	1.311430	23	13	133	797.147
1.570796	1.194549	-0.801900	152	20	133	797.135
-0.261799	2.153910	-1.714959	161	4	31	797.069
-1.832596	1.510910	-0.740472	143	163	158	796.919
2.094395	2.579248	-2.364801	140	162	160	796.883
-0.785398	0.992645	-1.723759	145	15	36	796.809
-2.094395	1.658653	-2.409879	11	6	130	796.808
-1.832596	0.640596	-2.797608	157	22	19	796.302
0.523599	1.325504	-1.671296	13	4	141	796.226
-2.879793	1.218453	2.777284	15	166	130	796.210
-0.785398	1.982574	-1.115518	6	2	143	796.183
-2.356194	1.113094	-0.272241	150	167	24	796.137
0.523599	2.299159	2.264663	25	2	146	796.114
1.047198	2.396274	-1.959260	4	18	129	795.917
2.879793	1.367556	0.358405	150	148	152	795.256
-1.832596	0.379747	-1.713059	148	163	6	795.189
-0.523599	2.115563	0.685730	166	8	127	795.031
0.000000	1.869911	2.701025	153	154	148	794.867
0.785398	2.073035	2.027405	26	13	145	794.658
1.832596	1.977582	0.969896	12	12	136	794.622
1.308997	2.478122	2.609777	31	5	155	794.459
-2.094395	1.510910	-0.740472	143	0	157	794.453
-1.832596	1.214854	-1.966664	155	146	151	794.273
-2.879793	2.104282	-0.813972	160	153	146	794.148
-3.141593	0.866955	-0.931351	145	154	152	793.982
-2.094395	0.960688	-0.577532	151	164	25	793.666
-2.356194	2.033014	2.977192	144	4	167	793.628
-2.617994	1.732874	-0.951685	146	10	153	793.505
2.879793	1.766067	2.153843	151	31	146	793.503
1.570796	0.496451	0.593859	139	161	156	793.447
-2.094395	2.396274	-1.959260	156	30	1	793.367
1.570796	1.599406	1.426070	14	32	140	793.106
0.523599	1.247695	1.809890	0	164	34	792.871
-1.047198	1.545873	-1.877082	10	149	143	792.846
-0.523599	0.290380	-0.796960	161	164	140	792.812
-0.523599	2.396274	-1.959260	1	25	20	792.517
-2.094395	2.251330	-2.330739	165	15	130	792.511
1.832596	2.984978	1.954446	12	9	30	792.462
1.047198	2.379497	0.561089	166	141	15	792.231
1.047198	0.700570	1.559208	141	160	154	792.208
-1.308997	2.637879	2.121598	21	19	151	792.130
1.308997	2.174483	2.653697	133	164	1	791.985
-2.617994	1.606104	-0.451151	146	9	162	791.844
1.570796	1.756530	-2.105156	7	20	133	791.822
1.570796	0.866395	-2.492918	19	19	150	791.708
2.094395	0.866395	-2.492918	18	9	155	791.539
2.617994	2.719179	-1.780644	21	6	130	791.506
0.523599	0.080730	-2.622036	7	12	119	791.475
0.261799	0.899350	-2.069907	152	25	142	791.378
-0.785398	2.295480	1.008277	0	6	129	791.259
-0.261799	1.699788	2.452890	146	7	155	791.157
-1.832596	1.846342	-1.796954	151	32	2	790.973
1.308997	1.374601	-2.456031	9	10	137	790.853
-0.785398	0.290380	-0.796960	17	163	133	790.757
-3.141593	2.760637	2.781135	8	166	139	790.715
-1.832596	1.448123	-2.163292	156	148	148	790.573
-2.356194	2.174483	2.653697	148	162	159	790.481
2.094395	0.992645	-1.723759	163	13	130	790.270
-0.523599	1.554776	0.100351	156	147	135	790.262
-0.261799	1.982574	-1.115518	14	165	151	790.253
2.356194	1.909857	-0.381669	22	7	154	790.144
2.617994	2.579248	-2.364801	151	19	14	790.036
-2.879793	2.881233	-2.582574	1	15	128	790.029
-3.141593	2.299159	2.264663	12	20	20	790.005
-2.617994	2.251330	-2.330739	155	21	13	789.759
-1.570796	1.168678	2.108595	148	151	8	789.603
-2.094395	2.153910	-1.714959	165	10	135	789.519
1.832596	1.741644	-2.695914	10	14	134	789.499
-0.261799	1.194549	-0.801900	24	23	154	789.424
-1.047198	2.115563	0.685730	162	6	125	789.336
0.523599	2.588535	-2.976617	18	162	160	789.101
1.832596	0.297065	2.160177	3	24	27	789.079
-2.617994	0.850607	-1.335383	150	27	147	789.044
-1.832596	1.696674	-1.253233	146	162	149	788.880
2.617994	2.456751	-1.503343	162	161	142	788.762
2.094395	2.115563	0.685730	165	20	127	788.669
2.356194	2.588535	-2.976617	8	16	130	788.642
-1.832596	2.251330	-2.330739	145	11	158	788.557
1.832596	1.721184	-0.153948	25	166	159	788.474
-2.356194	2.719179	-1.780644	167	13	129	788.398
0.785398	1.904882	-1.478089	153	154	22	788.360
-0.261799	0.762244	-0.273349	152	153	22	788.335
-1.047198	2.063651	-2.044600	29	165	158	788.207
0.000000	0.700570	1.559208	5	18	133	788.158
-0.261799	0.910508	1.903534	7	18	133	787.835
-1.570796	2.379497	0.561089	162	9	123	787.803
-0.261799	2.404280	-0.174044	158	167	133	787.796
2.617994	0.379747	-1.713059	6	15	136	787.707
0.523599	0.619654	-2.216909	155	167	140	787.582
0.000000	1.721184	-0.153948	18	161	5	787.462
-3.141593	2.579248	-2.364801	1	20	128	787.394
1.308997	2.760637	2.781135	0	15	127	787.218
-2.094395	1.168678	2.108595	141	19	10	787.210
2.094395	2.984978	1.954446	10	6	137	787.167
1.832596	0.496451	0.593859	141	155	155	787.167
0.785398	0.080730	-2.622036	159	158	140	787.144
2.617994	0.864993	2.278281	10	167	127	787.132
-2.879793	2.664082	-1.071402	16	10	124	786.917
-3.141593	1.869911	2.701025	151	162	154	786.890
-2.617994	2.592629	0.909713	149	8	125	786.859
-1.570796	0.640596	-2.797608	154	18	18	786.669
-2.617994	2.979456	-1.009304	20	7	129	786.570
2.094395	1.662363	0.915448	144	3	18	786.509
-2.356194	2.704512	1.488683	5	29	18	786.355
0.000000	0.992645	-1.723759	146	165	36	786.311
2.356194	1.488617	1.159546	147	167	15	786.203
-1.047198	2.138223	1.678323	144	164	158	786.156
1.047198	2.704512	1.488683	10	7	31	786.127
2.879793	1.870545	-2.976234	15	14	149	786.108
-0.523599	2.104282	-0.813972	23	10	163	786.034
-0.523599	1.247695	1.809890	12	6	142	785.955
-2.617994	2.164094	-2.991358	16	163	145	785.877
2.094395	2.356369	3.005869	9	15	131	785.747
-0.523599	0.618092	2.539118	3	160	128	785.409
-3.141593	2.881233	-2.582574	5	15	129	785.350
1.308997	0.615174	-0.666022	10	21	9	785.307
1.308997	2.637879	2.121598	6	8	34	785.259
1.832596	1.168678	2.108595	147	162	20	785.181
-0.261799	1.721184	-0.153948	150	156	155	785.116
-1.047198	1.135834	-1.431087	27	19	134	785.022
2.879793	1.256302	0.062705	18	25	161	784.850
0.261799	1.982574	-1.115518	15	164	147	784.797
-1.832596	1.128190	-2.288622	155	148	150	784.758
-1.047198	1.721184	-0.153948	147	160	135	784.510
0.523599	0.910508	1.903534	8	18	45	784.490
0.261799	2.153910	-1.714959	11	152	144	784.484
-0.523599	2.299159	2.264663	148	161	146	784.451
2.356194	1.168678	2.108595	147	145	7	784.381
1.832596	2.881233	-2.582574	22	2	135	784.378
0.261799	1.809167	1.213774	149	36	11	784.256
1.832596	1.809167	1.213774	2	26	133	784.238
0.261799	2.979456	-1.009304	4	10	129	784.175
0.261799	0.906588	1.252948	149	30	8	784.134
1.570796	2.247462	0.191623	152	18	25	784.076
2.356194	0.866955	-0.931351	19	0	25	784.067
0.785398	1.545873	-1.877082	4	15	135	784.053
2.879793	2.664082	-1.071402	143	1	6	784.004
1.832596	1.504028	0.636812	19	24	141	783.755
1.570796	2.073035	2.027405	17	9	141	783.754
1.570796	1.134796	2.434290	144	4	18	783.703
2.356194	2.719179	-1.780644	17	1	130	783.608
0.000000	1.168678	2.108595	18	4	157	783.342
2.879793	2.033014	2.977192	9	163	142	783.334
-1.047198	1.413430	2.550734	152	15	15	783.174
-1.832596	1.766067	2.153843	138	156	6	783.154
-0.261799	1.413347	-1.339188	6	167	146	783.065
-2.094395	1.736875	3.023612	147	163	5	782.957
2.617994	2.881233	-2.582574	24	16	136	782.947
-0.785398	2.115563	0.685730	164	7	127	782.927
1.047198	0.674054	1.013609	137	167	158	782.893
2.617994	0.961715	0.014085	146	148	15	782.833
2.094395	1.448123	-2.163292	18	157	145	782.748
-1.570796	1.113094	-0.272241	148	163	24	782.730
0.523599	2.407836	1.410646	8	6	31	782.509
0.000000	1.872854	1.543456	155	25	134	782.412
1.308997	2.295480	1.008277	6	26	127	782.317
2.094395	1.872854	1.543456	26	7	16	782.303
-2.879793	2.343981	-1.040456	13	23	166	782.302
-2.094395	2.881233	-2.582574	14	164	144	782.274
-3.141593	2.719179	-1.780644	23	16	130	782.204
-0.785398	2.180315	-1.357379	166	4	133	781.826
1.308997	0.709924	0.218797	167	157	144	781.786
-1.570796	2.138223	1.678323	23	19	146	781.633
0.523599	1.836682	-0.676006	20	167	154	781.617
2.356194	2.041297	-2.664597	33	12	5	781.577
-2.094395	1.242974	-2.977882	22	8	128	781.566
1.570796	2.356369	3.005869	134	161	5	781.463
1.047198	1.756530	-2.105156	11	14	133	781.458
1.047198	1.168678	2.108595	19	22	157	781.326
0.785398	2.063651	-2.044600	146	31	16	781.141
-1.570796	1.599406	1.426070	21	22	136	781.040
-3.141593	2.664082	-1.071402	11	31	140	780.990
-1.832596	2.001437	0.381215	143	9	156	780.942
-1.047198	0.571433	-1.188419	18	12	122	780.783
-1.047198	1.606104	-0.451151	143	161	164	780.622
-1.570796	1.574060	2.783565	20	6	136	780.598
-1.570796	0.992645	-1.723759	158	147	150	780.523
2.094395	1.045978	0.343692	148	10	10	780.366
1.047198	0.640596	-2.797608	155	19	118	780.347
0.261799	1.617114	-1.572037	14	4	143	780.335
-3.141593	2.356369	3.005869	149	161	159	780.268
-1.047198	2.299159	2.264663	23	22	150	780.263
-3.141593	1.809167	1.213774	10	29	4	780.208
-2.356194	2.041297	-2.664597	150	20	16	780.130
-2.617994	1.545873	-1.877082	165	20	135	780.128
2.617994	2.187132	-0.479875	22	1	152	779.879
-0.261799	1.504028	0.636812	162	150	146	779.838
-2.617994	2.719179	-1.780644	167	13	129	779.837
-1.047198	0.674054	1.013609	23	1	140	779.728
-0.261799	1.555207	1.708892	154	155	21	779.545
-0.261799	0.370812	-2.547742	4	16	117	779.355
-0.785398	2.579248	-2.364801	0	15	128	779.188
0.000000	0.866955	-0.931351	150	157	26	779.084
0.000000	1.870545	-2.976234	155	153	147	779.051
-0.261799	1.909857	-0.381669	154	150	153	779.031
1.308997	0.080730	-2.622036	149	12	17	778.947
0.261799	0.864993	2.278281	161	153	28	778.848
0.000000	1.488617	1.159546	163	166	34	778.832
-2.879793	0.864993	2.278281	18	162	135	778.761
-1.832596	2.588535	-2.976617	30	6	12	778.690
-0.785398	1.134497	-1.109631	159	142	15	778.606
2.879793	1.662363	0.915448	2	5	137	778.520
0.785398	2.760637	2.781135	157	154	146	778.483
2.879793	2.108018	1.311430	153	27	131	778.452
-1.832596	2.393226	1.857173	156	7	133	778.358
0.523599	1.809167	1.213774	166	150	142	777.911
-2.094395	1.135813	-2.658866	18	6	125	777.861
2.879793	1.214854	-1.966664	165	31	27	777.825
2.356194	2.349581	-2.702517	30	163	158	777.687
1.047198	2.724429	-0.348782	157	162	131	777.572
1.308997	1.555207	1.708892	20	25	147	777.569
-1.832596	1.554776	0.100351	144	10	164	777.435
-2.879793	1.545873	-1.877082	154	30	139	777.375
0.523599	2.174483	2.653697	21	165	153	777.330
2.617994	1.696674	-1.253233	158	0	141	777.323
-1.308997	2.153910	-1.714959	141	22	0	777.280
0.785398	1.510910	-0.740472	22	1	167	777.278
1.832596	2.404280	-0.174044	165	17	117	777.242
2.094395	2.455966	-0.641220	14	15	141	777.156
2.356194	0.640596	-2.797608	14	17	143	777.115
1.308997	1.662363	0.915448	17	21	132	777.058
-1.570796	0.733948	3.021411	152	18	19	776.962
-2.356194	1.050534	3.042579	25	167	8	776.542
-1.832596	2.041297	-2.664597	145	5	165	776.539
-2.617994	1.195355	1.200319	163	26	10	776.471
-0.523599	1.135813	-2.658866	161	139	149	776.470
0.261799	1.696674	-1.253233	14	4	144	776.420
-1.832596	1.870545	-2.976234	144	166	8	776.375
-2.094395	2.033014	2.977192	143	167	165	776.304
1.308997	0.674054	1.013609	138	161	158	776.249
-0.785398	1.836682	-0.676006	145	160	153	776.226
-2.617994	1.869911	2.701025	147	167	167	776.200
0.261799	2.379497	0.561089	151	22	23	776.195
-3.141593	1.554776	0.100351	152	164	11	776.155
-1.308997	1.135813	-2.658866	23	21	125	776.059
-2.879793	1.242974	-2.977882	10	151	134	775.991
0.261799	2.295480	1.008277	150	26	21	775.912
0.785398	1.391910	3.030322	19	4	28	775.741
2.356194	2.455966	-0.641220	14	22	139	775.706
-0.523599	1.168678	2.108595	11	20	135	775.666
1.308997	0.203748	0.590255	166	5	127	775.642
-0.523599	0.899350	-2.069907	149	13	43	775.568
2.356194	1.301460	-0.509251	162	23	17	775.490
0.785398	1.599406	1.426070	25	16	140	775.446
-1.570796	2.247462	0.191623	160	16	121	775.436
1.832596	1.662363	0.915448	9	28	132	775.319
2.356194	0.370812	-2.547742	18	9	5	775.234
-1.570796	2.704512	1.488683	21	21	157	775.126
-1.570796	0.080730	-2.622036	6	4	129	774.790
-1.570796	0.850607	-1.335383	150	151	13	774.621
-1.047198	2.356369	3.005869	153	22	134	774.510
-1.570796	2.349581	-2.702517	32	7	6	774.329
-2.356194	1.242974	-2.977882	19	5	127	774.317
0.000000	0.618092	2.539118	150	8	17	774.280
0.000000	1.440580	2.260026	17	3	156	774.255
-1.570796	1.214854	-1.966664	25	11	129	774.193
-2.617994	1.599406	1.426070	153	15	137	773.942
-2.617994	1.310100	1.488307	140	16	19	773.933
1.308997	1.247695	1.809890	20	27	153	773.805
2.879793	2.104282	-0.813972	143	164	4	773.691
-1.047198	1.510910	-0.740472	31	18	148	773.535
1.832596	1.045978	0.343692	150	15	9	773.478
0.785398	1.045978	0.343692	31	11	141	773.386
-1.047198	2.379497	0.561089	166	12	125	773.328
1.308997	1.113094	-0.272241	27	9	141	773.302
2.879793	0.961715	0.014085	151	2	9	773.243
-1.047198	2.251330	-2.330739	6	22	19	773.097
1.047198	2.760637	2.781135	24	0	141	773.091
-2.879793	2.174483	2.653697	23	166	157	772.825
2.879793	1.448123	-2.163292	3	167	141	772.796
2.356194	1.696674	-1.253233	155	7	140	772.793
1.047198	0.685216	-1.712745	11	17	141	772.673
1.832596	2.455966	-0.641220	4	8	120	772.643
1.832596	1.904882	-1.478089	161	29	139	772.595
-2.094395	1.569311	-3.003978	25	7	135	772.519
-1.832596	0.615174	-0.666022	135	11	156	772.407
-1.308997	0.992645	-1.723759	24	14	127	772.288
-0.785398	2.863997	0.549740	159	154	140	772.209
-2.879793	1.214854	-1.966664	161	142	138	772.160
-2.879793	2.979456	-1.009304	18	5	128	772.056
-3.141593	2.979456	-1.009304	19	6	126	771.989
-2.356194	2.104282	-0.813972	143	34	147	771.933
-3.141593	1.617114	-1.572037	162	28	8	771.913
-1.047198	1.872854	1.543456	143	161	159	771.789
-2.094395	1.696674	-1.253233	148	164	148	771.766
2.094395	0.618092	2.539118	165	23	30	771.617
1.047198	1.113094	-0.272241	26	2	140	771.552
2.356194	1.242974	-2.977882	2	30	22	771.488
2.879793	1.218453	2.777284	19	13	164	771.459
-0.523599	1.391910	3.030322	147	161	1	771.392
-3.141593	2.247462	0.191623	160	27	15	771.345
-1.308997	0.899350	-2.069907	143	1	166	771.344
0.261799	1.134497	-1.109631	153	155	23	771.317
-1.570796	1.555207	1.708892	144	143	166	771.294
-2.094395	1.440580	2.260026	140	161	13	771.034
-1.832596	2.108018	1.311430	24	18	145	770.975
-2.879793	1.310100	1.488307	143	23	19	770.935
0.523599	1.014500	0.906702	161	18	132	770.881
1.047198	1.569311	-3.003978	17	8	27	770.444
2.094395	1.606104	-0.451151	166	23	14	770.229
2.617994	1.135834	-1.431087	161	5	132	770.200
-0.261799	1.134497	-1.109631	145	164	23	770.183
0.523599	0.906588	1.252948	165	17	130	770.117
-1.047198	2.579248	-2.364801	28	15	12	770.056
-0.523599	1.904882	-1.478089	3	27	14	769.959
-3.141593	2.180315	-1.357379	163	162	143	769.924
-2.094395	1.683268	0.374177	146	20	2	769.860
1.832596	1.417623	-0.202254	152	150	149	769.775
-0.523599	2.349581	-2.702517	157	18	132	769.622
1.308997	2.404280	-0.174044	165	161	128	769.572
-3.141593	1.696674	-1.253233	164	155	144	769.141
-2.617994	1.555207	1.708892	160	29	6	769.024
0.261799	1.045978	0.343692	6	32	139	768.975
0.261799	0.615174	-0.666022	150	10	162	768.908
1.047198	2.356369	3.005869	136	4	8	768.776
0.000000	1.699788	2.452890	150	155	161	768.644
-1.832596	2.724429	-0.348782	149	156	161	768.617
1.308997	1.721184	-0.153948	16	12	124	768.564
-1.570796	1.696674	-1.253233	146	29	161	768.562
-2.356194	1.448123	-2.163292	4	4	129	768.543
1.832596	2.187132	-0.479875	161	12	116	768.386
-1.308997	1.872854	1.543456	22	25	141	768.230
-3.141593	1.194549	-0.801900	149	5	13	768.154
2.879793	1.135834	-1.431087	167	29	13	767.858
-3.141593	1.658653	-2.409879	8	159	142	767.812
2.356194	1.135834	-1.431087	157	5	131	767.711
0.000000	2.295480	1.008277	154	28	20	767.669
0.261799	2.164094	-2.991358	154	1	145	767.658
-1.308997	2.251330	-2.330739	33	10	4	767.628
0.523599	0.418037	1.360082	165	12	124	767.537
2.094395	2.174483	2.653697	16	18	135	767.378
0.261799	2.247462	0.191623	153	25	22	767.307
-1.047198	2.979456	-1.009304	2	9	129	767.261
-1.832596	1.325504	-1.671296	155	148	150	767.193
-3.141593	1.488617	1.159546	144	29	15	767.175
-1.570796	1.736875	3.023612	145	156	12	767.143
-0.523599	1.812176	0.656819	157	155	26	767.136
2.094395	2.299159	2.264663	17	14	139	767.112
-0.785398	1.662363	0.915448	147	17	142	767.096
-0.785398	1.554776	0.100351	148	156	156	766.936
1.308997	2.396274	-1.959260	22	153	11	766.931
1.047198	2.251330	-2.330739	22	153	18	766.897
0.000000	1.545873	-1.877082	12	2	139	766.867
-2.094395	2.719179	-1.780644	165	14	128	766.835
-1.308997	1.214854	-1.966664	26	12	134	766.752
2.617994	1.045978	0.343692	148	166	7	766.736
-2.356194	0.992645	-1.723759	151	27	144	766.695
2.094395	1.134497	-1.109631	156	13	132	766.510
-2.094395	1.134497	-1.109631	150	156	166	766.234
1.308997	2.984978	1.954446	26	14	144	766.196
-0.523599	1.325504	-1.671296	142	7	31	766.160
1.570796	1.721184	-0.153948	17	15	125	766.097
-1.570796	1.824694	1.850876	23	17	139	766.069
-0.523599	2.379497	0.561089	167	15	127	765.990
2.879793	1.732874	-0.951685	142	160	166	765.986
0.000000	1.247695	1.809890	154	36	8	765.931
1.308997	1.756530	-2.105156	7	17	133	765.926
-0.523599	0.685216	-1.712745	11	23	118	765.915
0.261799	0.914445	2.687814	146	35	129	765.804
-2.356194	0.379747	-1.713059	147	12	136	765.668
0.785398	2.704512	1.488683	10	6	31	765.480
-0.785398	2.664082	-1.071402	4	4	134	765.222
-2.094395	2.379497	0.561089	13	15	147	765.213
1.570796	1.904882	-1.478089	19	154	143	765.198
0.000000	0.571433	-1.188419	165	31	5	765.071
-0.261799	2.724429	-0.348782	12	26	131	765.029
0.523599	1.662363	0.915448	11	159	141	764.960
0.261799	1.870545	-2.976234	153	7	141	764.943
-1.047198	2.295480	1.008277	148	162	15	764.887
-1.308997	2.108018	1.311430	22	27	147	764.818
0.000000	2.187132	-0.479875	19	15	0	764.724
-0.261799	1.736875	3.023612	149	156	164	764.628
-2.617994	0.615174	-0.666022	148	4	3	764.627
1.047198	1.367556	0.358405	140	162	154	764.611
-0.261799	1.448123	-2.163292	136	156	4	764.608
2.356194	2.138223	1.678323	162	37	137	764.520
-1.570796	0.899350	-2.069907	156	146	153	764.454
1.570796	2.407836	1.410646	18	161	17	764.401
1.047198	2.247462	0.191623	154	158	155	764.381
-2.356194	1.872854	1.543456	20	4	141	764.379
-0.261799	1.433411	-1.035986	8	1	145	764.242
0.523599	1.194549	-0.801900	19	8	160	764.176
1.832596	2.579248	-2.364801	155	161	147	764.149
-1.308997	2.073035	2.027405	8	11	36	764.045
1.308997	1.506530	1.988858	26	25	166	764.024
0.261799	1.904882	-1.478089	159	3	30	763.985
2.356194	1.025536	1.576859	147	165	160	763.863
-2.617994	1.741644	-2.695914	155	8	29	763.752
-3.141593	1.699788	2.452890	148	27	24	763.710
0.261799	1.736875	3.023612	154	158	148	763.556
-1.047198	1.128190	-2.288622	149	156	151	763.529
2.356194	2.164094	-2.991358	6	24	129	763.469
0.523599	1.510910	-0.740472	154	157	13	763.430
-1.308997	2.349581	-2.702517	9	1	38	763.393
2.617994	1.948085	-2.363031	160	13	131	763.387
-1.047198	1.756530	-2.105156	136	15	158	763.189
-0.261799	1.113094	-0.272241	161	31	14	763.097
-2.617994	1.683268	0.374177	152	1	20	763.030
-2.094395	0.290380	-0.796960	152	159	165	762.812
-1.047198	0.866955	-0.931351	25	19	129	762.784
-1.570796	1.506530	1.988858	18	16	131	762.704
-0.523599	0.850607	-1.335383	142	6	31	762.703
-0.261799	1.948085	-2.363031	2	12	131	762.675
1.047198	1.488617	1.159546	14	2	145	762.661
1.308997	0.591903	2.010408	162	160	28	762.543
-1.308997	1.812176	0.656819	154	12	34	762.424
2.094395	1.450119	-2.739050	12	14	139	762.358
-3.141593	1.741644	-2.695914	16	154	15	762.340
-2.617994	2.089241	-0.114193	18	6	154	762.237
2.879793	2.979456	-1.009304	160	157	142	762.236
2.879793	2.138223	1.678323	153	31	136	762.070
0.000000	1.113094	-0.272241	156	148	12	761.936
-0.785398	2.356369	3.005869	152	20	134	761.926
2.879793	1.872854	1.543456	153	31	138	761.797
1.570796	1.574060	2.783565	164	8	124	761.710
0.523599	1.696674	-1.253233	19	3	151	761.676
-2.094395	2.001437	0.381215	151	165	19	761.582
0.261799	1.195355	1.200319	164	23	131	761.177
-1.832596	0.591903	2.010408	152	153	9	761.146
-3.141593	1.870545	-2.976234	11	159	141	761.090
-0.523599	0.709924	0.218797	150	152	161	761.067
-2.617994	2.295480	1.008277	8	13	137	760.997
-0.261799	1.683268	0.374177	4	39	12	760.985
-2.356194	1.335669	0.897240	139	12	5	760.925
-1.047198	0.419640	2.974122	158	18	15	760.861
-0.523599	1.948085	-2.363031	164	142	142	760.763
-0.785398	1.756530	-2.105156	6	25	10	760.753
2.879793	1.450119	-2.739050	14	161	147	760.716
-2.356194	1.545873	-1.877082	164	150	142	760.704
-2.094395	0.992645	-1.723759	150	25	144	760.635
1.047198	2.115563	0.685730	16	22	126	760.615
2.879793	2.187132	-0.479875	22	3	153	760.601
2.356194	1.741644	-2.695914	14	15	142	760.472
2.094395	1.214854	-1.966664	0	23	136	760.329
-2.094395	1.545873	-1.877082	1	150	142	760.315
2.094395	1.335669	0.897240	145	4	12	760.256
-2.617994	0.992645	-1.723759	152	29	144	760.174
-0.261799	2.251330	-2.330739	0	10	130	760.093
0.785398	1.310100	1.488307	25	16	145	760.027
-0.523599	2.180315	-1.357379	1	7	132	760.025
1.308997	2.164094	-2.991358	161	23	130	759.987
-0.523599	0.929350	-2.910676	153	148	3	759.912
2.356194	0.992645	-1.723759	163	11	129	759.737
0.785398	0.674054	1.013609	165	12	131	759.734
-1.570796	1.134497	-1.109631	145	155	10	759.525
-1.832596	0.709924	0.218797	134	163	12	759.503
2.879793	2.881233	-2.582574	14	4	29	759.471
2.879793	2.180315	-1.357379	2	26	130	759.354
1.832596	1.696674	-1.253233	162	30	141	759.343
0.000000	1.374601	-2.456031	166	149	147	759.326
-1.832596	0.458961	-0.107937	167	158	137	759.325
-1.832596	1.135834	-1.431087	147	163	153	759.302
0.000000	2.979456	-1.009304	149	30	126	759.278
0.261799	1.310100	1.488307	2	140	4	759.232
1.570796	2.724429	-0.348782	160	14	120	759.207
-1.047198	1.554776	0.100351	144	159	166	759.204
-0.261799	1.836682	-0.676006	11	157	149	759.174
-1.570796	1.809167	1.213774	22	23	140	759.039
-3.141593	1.242974	-2.977882	6	164	127	759.011
0.523599	2.033014	2.977192	24	159	20	758.894
1.047198	2.187132	-0.479875	20	10	3	758.869
-2.356194	0.864993	2.278281	145	162	12	758.760
-1.570796	1.554776	0.100351	148	151	138	758.723
-1.308997	0.370812	-2.547742	16	8	136	758.616
-2.879793	1.448123	-2.163292	160	7	129	758.563
0.261799	1.194549	-0.801900	156	149	16	758.557
-0.261799	1.045978	0.343692	158	148	151	758.326
0.000000	1.554776	0.100351	158	149	152	758.306
0.785398	1.721184	-0.153948	17	150	148	758.094
2.617994	1.870545	-2.976234	22	23	153	758.082
-1.047198	1.836682	-0.676006	144	2	146	757.909
0.000000	2.089241	-0.114193	5	13	118	757.897
1.308997	0.496451	0.593859	161	158	134	757.875
2.356194	2.063651	-2.044600	135	166	162	757.864
2.356194	1.014500	0.906702	148	0	8	757.583
-1.047198	1.374601	-2.456031	155	17	137	757.466
2.879793	1.836682	-0.676006	143	163	4	757.448
0.785398	2.664082	-1.071402	13	154	143	757.390
0.000000	0.203748	0.590255	9	15	134	757.335
-2.356194	1.135813	-2.658866	16	4	124	757.327
-1.570796	2.115563	0.685730	155	7	125	757.195
1.047198	2.153910	-1.714959	157	27	140	757.183
-2.356194	0.619654	-2.216909	157	23	23	757.164
0.261799	1.391910	3.030322	153	154	7	757.151
2.617994	1.756530	-2.105156	148	19	13	757.086
1.832596	1.909857	-0.381669	16	2	134	757.013
-2.094395	2.407836	1.410646	156	23	4	756.996
2.094395	2.724429	-0.348782	146	164	19	756.969
0.785398	2.138223	1.678323	26	15	139	756.873
0.523599	2.356369	3.005869	155	155	147	756.864
-1.570796	2.187132	-0.479875	149	157	148	756.842
-2.879793	1.869911	2.701025	23	167	154	756.813
0.523599	1.683268	0.374177	151	37	12	756.719
-1.047198	1.696674	-1.253233	150	150	157	756.690
-0.785398	1.256302	0.062705	145	160	4	756.582
-1.308997	1.683268	0.374177	149	155	132	756.540
-1.832596	1.683268	0.374177	144	9	164	756.365
-0.261799	2.379497	0.561089	157	149	146	756.331
-2.356194	1.488617	1.159546	157	26	7	756.303
-1.047198	1.809167	1.213774	24	155	2	756.252
-2.617994	0.618092	2.539118	150	160	6	756.197
2.879793	1.569311	-3.003978	11	15	144	756.108
-0.523599	2.456751	-1.503343	2	11	130	756.054
-1.047198	2.664082	-1.071402	8	16	136	755.983
-0.261799	1.574060	2.783565	148	7	150	755.977
-2.356194	1.721184	-0.153948	145	16	150	755.960
-1.308997	1.909857	-0.381669	19	19	147	755.929
0.261799	0.866395	-2.492918	153	4	142	755.870
-2.094395	1.872854	1.543456	21	11	140	755.620
0.261799	2.863997	0.549740	20	24	134	755.592
0.785398	1.658653	-2.409879	4	10	134	755.544
-0.523599	1.909857	-0.381669	150	154	154	755.448
-3.141593	1.413430	2.550734	18	14	166	755.279
-0.785398	2.033014	2.977192	154	155	134	755.248
2.617994	2.033014	2.977192	12	14	140	755.150
-1.570796	1.658653	-2.409879	29	14	138	755.077
2.356194	2.180315	-1.357379	33	166	4	755.065
-2.879793	2.033014	2.977192	16	163	143	754.993
2.879793	0.866395	-2.492918	155	0	25	754.883
2.617994	1.574060	2.783565	21	166	2	754.867
-1.570796	2.108018	1.311430	27	15	164	754.823
-0.261799	2.407836	1.410646	145	159	6	754.763
-1.047198	1.184361	0.625864	148	158	152	754.584
-0.785398	1.872854	1.543456	152	156	20	754.552
-1.570796	0.685216	-1.712745	153	146	167	754.550
-1.308997	0.850607	-1.335383	136	14	155	754.503
2.356194	2.379497	0.561089	17	160	146	754.494
2.879793	0.290380	-0.796960	2	1	130	754.273
-2.094395	1.836682	-0.676006	144	167	152	754.095
0.523599	1.555207	1.708892	24	10	146	754.087
2.356194	2.407836	1.410646	23	9	13	754.015
1.047198	1.836682	-0.676006	146	40	151	753.993
-1.832596	0.733948	3.021411	155	21	17	753.967
-3.141593	1.135834	-1.431087	163	28	13	753.889
0.261799	0.700570	1.559208	165	18	124	753.884
-1.047198	1.256302	0.062705	142	165	4	753.862
2.356194	2.343981	-1.040456	28	163	165	753.765
-3.141593	0.419640	2.974122	150	166	158	753.758
-2.879793	2.180315	-1.357379	161	153	143	753.740
1.308997	2.407836	1.410646	11	30	130	753.376
-1.832596	1.836682	-0.676006	144	163	152	753.239
-0.261799	1.554776	0.100351	160	145	136	753.158
0.785398	1.417623	-0.202254	140	17	155	752.808
0.261799	1.756530	-2.105156	6	9	133	752.711
-1.047198	1.014500	0.906702	150	151	155	752.686
-2.094395	1.014500	0.906702	141	9	14	752.647
1.570796	1.658653	-2.409879	9	12	135	752.625
1.308997	1.134796	2.434290	22	16	35	752.544
-2.617994	1.450119	-2.739050	14	163	132	752.538
1.047198	1.325504	-1.671296	18	0	151	752.490
1.570796	0.297065	2.160177	149	166	139	752.405
2.094395	2.108018	1.311430	166	24	133	752.374
0.261799	0.762244	-0.273349	0	23	132	752.356
-1.832596	1.194549	-0.801900	152	14	39	752.301
2.356194	2.299159	2.264663	17	17	139	752.268
1.832596	1.606104	-0.451151	155	154	151	752.219
-2.094395	1.606104	-0.451151	147	164	152	752.214
1.832596	0.850607	-1.335383	157	15	128	752.213
2.617994	0.290380	-0.796960	1	1	130	752.174
-1.047198	1.025536	1.576859	19	30	129	752.148
-2.356194	1.662363	0.915448	21	12	139	752.143
0.523599	1.310100	1.488307	0	165	35	752.109
-0.261799	2.984978	1.954446	149	164	156	752.028
-0.523599	0.619654	-2.216909	11	22	119	752.028
-1.570796	2.104282	-0.813972	157	146	7	751.838
0.785398	0.496451	0.593859	150	24	19	751.817
-2.617994	1.948085	-2.363031	19	163	147	751.712
0.000000	0.615174	-0.666022	152	154	28	751.698
2.879793	0.914445	2.687814	154	14	28	751.658
-2.879793	0.992645	-1.723759	161	27	14	751.533
0.523599	2.089241	-0.114193	167	13	116	751.488
2.356194	2.881233	-2.582574	25	12	135	751.407
-1.047198	2.587733	0.232235	0	20	124	751.256
2.617994	1.824694	1.850876	154	31	143	751.248
2.356194	2.456751	-1.503343	33	166	4	751.231
-1.047198	1.247695	1.809890	21	30	135	751.196
0.261799	2.063651	-2.044600	2	8	131	751.089
-1.047198	1.168678	2.108595	16	20	132	750.886
2.094395	2.089241	-0.114193	12	13	137	750.864
0.785398	1.574060	2.783565	149	15	26	750.775
-1.308997	1.606104	-0.451151	11	18	140	750.771
2.617994	1.721184	-0.153948	19	162	159	750.742
0.785398	1.050534	3.042579	25	162	21	750.648
-0.785398	1.812176	0.656819	156	155	25	750.589
-1.308997	1.658653	-2.409879	139	8	22	750.589
-2.879793	2.187132	-0.479875	150	159	9	750.587
-2.356194	1.504028	0.636812	143	16	3	750.514
2.356194	2.404280	-0.174044	162	22	23	750.478
-0.261799	1.417623	-0.202254	150	155	149	750.150
-2.617994	1.391910	3.030322	18	166	132	750.129
-0.523599	2.592629	0.909713	148	12	128	750.048
-1.832596	2.343981	-1.040456	150	160	144	749.986
-1.308997	2.299159	2.264663	24	17	150	749.869
1.832596	1.194549	-0.801900	153	15	134	749.807
2.094395	1.904882	-1.478089	159	27	139	749.801
0.523599	1.504028	0.636812	148	38	7	749.714
1.047198	1.875281	0.107086	18	11	23	749.693
1.832596	2.724429	-0.348782	162	11	120	749.682
1.570796	2.592629	0.909713	15	14	19	749.670
-2.879793	1.433411	-1.035986	149	149	158	749.563
-0.785398	1.247695	1.809890	17	21	141	749.491
0.000000	2.349581	-2.702517	142	145	158	749.451
2.094395	1.025536	1.576859	166	160	28	749.443
-3.141593	2.041297	-2.664597	10	15	143	748.987
-2.879793	1.417623	-0.202254	149	7	7	748.897
-0.523599	1.977582	0.969896	164	12	133	748.766
1.570796	0.850607	-1.335383	141	162	151	748.567
-1.570796	1.242974	-2.977882	24	18	128	748.367
-1.047198	1.506530	1.988858	18	8	24	748.358
1.570796	1.440580	2.260026	146	166	25	748.310
-1.570796	1.904882	-1.478089	153	156	145	748.292
0.000000	0.910508	1.903534	7	19	133	748.246
0.785398	1.135834	-1.431087	9	20	138	748.081
-1.308997	2.393226	1.857173	150	136	161	748.020
-1.570796	2.592629	0.909713	149	159	150	747.997
1.308997	1.736875	3.023612	25	13	7	747.954
-2.879793	0.591903	2.010408	144	7	28	747.844
-1.832596	2.592629	0.909713	8	134	135	747.762
-0.261799	0.929350	-2.910676	153	162	149	747.673
-2.094395	1.909857	-0.381669	143	0	160	747.563
1.570796	1.450119	-2.739050	24	166	36	747.438
-0.785398	1.367556	0.358405	151	159	148	747.432
2.094395	2.153910	-1.714959	34	164	11	747.408
2.879793	1.433411	-1.035986	150	15	19	747.351
2.617994	2.478122	2.609777	11	2	139	747.339
0.785398	1.696674	-1.253233	153	154	18	747.332
0.785398	2.579248	-2.364801	1	150	139	747.323
0.785398	1.756530	-2.105156	5	11	133	747.269
0.785398	1.869911	2.701025	141	0	151	747.114
-1.570796	1.325504	-1.671296	27	6	137	746.967
-1.570796	2.393226	1.857173	143	145	150	746.853
2.879793	1.510910	-0.740472	18	27	7	746.787
2.356194	0.700570	1.559208	149	162	156	746.783
-0.785398	2.104282	-0.813972	146	167	148	746.695
-2.094395	2.343981	-1.040456	1	32	9	746.639
-2.356194	0.709924	0.218797	153	165	27	746.376
-3.141593	2.704512	1.488683	18	20	9	746.323
-1.832596	1.699788	2.452890	139	161	12	746.232
2.356194	0.619654	-2.216909	3	12	129	746.122
-1.308997	1.450119	-2.739050	27	22	133	746.116
0.785398	1.433411	-1.035986	155	154	16	746.044
-2.094395	1.574060	2.783565	142	3	5	745.979
2.617994	1.134796	2.434290	159	26	23	745.942
-2.879793	2.455966	-0.641220	160	150	144	745.678
-2.617994	1.128190	-2.288622	156	25	13	745.678
-1.047198	2.863997	0.549740	150	20	128	745.585
0.261799	2.724429	-0.348782	15	3	148	745.570
-2.879793	1.741644	-2.695914	20	156	15	745.503
-2.617994	2.104282	-0.813972	146	1	4	745.463
-0.261799	0.961715	0.014085	11	33	132	745.441
-0.261799	2.349581	-2.702517	160	22	133	745.439
-2.094395	2.115563	0.685730	149	165	17	745.185
-1.308997	1.756530	-2.105156	148	20	138	745.175
-2.356194	0.203748	0.590255	162	157	137	745.138
-3.141593	2.033014	2.977192	149	162	156	745.046
-2.356194	2.108018	1.311430	21	7	145	745.030
-2.356194	1.998705	2.370472	29	12	158	745.025
-2.879793	1.135813	-2.658866	163	29	13	745.022
2.879793	1.812176	0.656819	150	153	0	745.015
-1.047198	1.448123	-2.163292	10	12	129	744.934
1.308997	1.218453	2.777284	19	13	28	744.864
-1.832596	1.824694	1.850876	22	12	139	744.730
-1.570796	1.699788	2.452890	138	8	164	744.639
0.000000	2.404280	-0.174044	154	167	141	744.596
1.047198	1.135813	-2.658866	148	31	126	744.508
-0.261799	1.506530	1.988858	10	8	142	744.483
2.617994	2.404280	-0.174044	161	23	26	744.307
0.261799	0.290380	-0.796960	161	0	38	744.306
2.617994	1.433411	-1.035986	159	0	138	744.179
1.832596	1.736875	3.023612	162	10	124	744.030
0.785398	1.325504	-1.671296	7	16	136	744.000
1.570796	2.108018	1.311430	9	31	133	743.995
-2.879793	1.948085	-2.363031	19	157	17	743.923
-0.523599	0.370812	-2.547742	151	164	156	743.911
2.879793	0.866955	-0.931351	142	159	152	743.803
-1.832596	0.864993	2.278281	150	156	13	743.750
1.308997	2.881233	-2.582574	151	165	153	743.664
-2.617994	2.001437	0.381215	148	16	158	743.633
-2.356194	1.683268	0.374177	16	165	146	743.590
1.832596	1.998705	2.370472	19	15	139	743.562
-0.785398	1.417623	-0.202254	21	29	141	743.485
-3.141593	0.906588	1.252948	158	144	2	743.439
2.356194	2.704512	1.488683	12	20	17	743.412
-0.523599	1.555207	1.708892	8	26	134	743.358
1.570796	2.187132	-0.479875	160	15	117	743.345
-2.094395	1.214854	-1.966664	166	29	38	743.302
2.617994	2.592629	0.909713	13	160	142	743.293
0.785398	2.299159	2.264663	28	9	147	743.281
-1.570796	0.831641	0.616218	17	159	138	743.275
-1.308997	0.906588	1.252948	28	166	146	743.222
0.785398	1.413347	-1.339188	20	10	154	743.182
-2.879793	0.203748	0.590255	139	1	22	743.107
1.047198	2.579248	-2.364801	163	27	133	743.092
-0.261799	2.187132	-0.479875	21	12	0	743.011
-2.356194	0.496451	0.593859	162	157	142	742.978
2.879793	2.719179	-1.780644	22	11	130	742.818
2.617994	0.831641	0.616218	158	151	25	742.818
2.094395	2.863997	0.549740	8	15	129	742.811
0.785398	1.836682	-0.676006	22	3	154	742.739
-2.879793	1.683268	0.374177	162	141	160	742.711
1.308997	2.704512	1.488683	29	23	5	742.664
-1.832596	1.555207	1.708892	20	14	133	742.323
-1.832596	1.488617	1.159546	21	19	135	742.243
0.000000	1.510910	-0.740472	150	159	12	742.197
1.047198	2.299159	2.264663	31	0	156	742.085
1.832596	0.961715	0.014085	156	152	141	742.049
-2.879793	0.866395	-2.492918	12	7	142	741.889
-2.094395	2.138223	1.678323	22	8	145	741.877
-1.832596	1.168678	2.108595	146	154	13	741.569
-0.261799	1.335669	0.897240	5	135	3	741.542
1.308997	1.413430	2.550734	27	13	33	741.176
-2.879793	1.504028	0.636812	7	158	141	741.151
2.356194	0.929350	-2.910676	13	13	147	741.022
2.879793	1.417623	-0.202254	163	28	19	741.017
-3.141593	1.134796	2.434290	16	21	20	740.981
-3.141593	0.379747	-1.713059	8	152	145	740.972
2.617994	2.760637	2.781135	9	17	131	740.925
-1.570796	2.404280	-0.174044	151	157	146	740.915
1.308997	2.664082	-1.071402	148	167	22	740.908
1.308997	2.349581	-2.702517	157	164	143	740.899
2.356194	1.506530	1.988858	157	40	149	740.850
0.261799	2.089241	-0.114193	12	13	38	740.819
2.356194	0.571433	-1.188419	17	164	31	740.721
-1.308997	1.904882	-1.478089	150	19	23	740.634
-2.356194	1.836682	-0.676006	144	3	158	740.626
-1.570796	1.870545	-2.976234	142	161	4	740.614
2.356194	1.756530	-2.105156	14	158	142	740.600
1.308997	1.870545	-2.976234	28	1	21	740.531
-2.356194	1.510910	-0.740472	145	17	150	740.468
2.356194	2.664082	-1.071402	5	1	123	740.433
0.000000	2.180315	-1.357379	20	30	26	740.351
2.356194	1.836682	-0.676006	165	25	13	740.337
-0.785398	0.866955	-0.931351	135	164	16	740.106
-1.832596	2.704512	1.488683	154	18	8	740.094
2.617994	1.510910	-0.740472	164	28	23	739.943
-1.047198	1.335669	0.897240	163	20	135	739.898
-0.523599	2.588535	-2.976617	158	21	131	739.700
-1.308997	2.115563	0.685730	158	6	125	739.695
-3.141593	2.587733	0.232235	158	11	120	739.617
1.832596	2.073035	2.027405	19	14	140	739.602
-2.879793	0.370812	-2.547742	11	14	139	739.602
0.000000	0.864993	2.278281	17	17	156	739.593
1.570796	0.640596	-2.797608	1	9	126	739.575
0.000000	2.041297	-2.664597	142	147	163	739.572
2.617994	1.606104	-0.451151	140	151	5	739.407
0.785398	2.984978	1.954446	24	11	136	739.338
1.308997	1.194549	-0.801900	21	11	7	739.328
2.617994	1.872854	1.543456	19	21	166	738.984
-1.047198	2.704512	1.488683	153	162	14	738.920
1.570796	1.909857	-0.381669	13	10	124	738.822
-2.356194	2.379497	0.561089	15	13	149	738.813
2.617994	2.588535	-2.976617	3	17	128	738.661
-1.047198	1.413347	-1.339188	12	144	143	738.524
0.523599	1.417623	-0.202254	12	7	120	738.450
-2.356194	2.760637	2.781135	158	162	139	738.346
0.000000	2.153910	-1.714959	161	3	31	738.218
-2.617994	2.138223	1.678323	167	145	2	738.135
0.261799	2.404280	-0.174044	166	25	117	738.029
-0.261799	2.456751	-1.503343	3	29	26	737.994
-2.094395	2.295480	1.008277	149	6	127	737.915
-0.785398	0.619654	-2.216909	160	16	44	737.900
1.047198	2.164094	-2.991358	26	163	166	737.895
-2.617994	2.984978	1.954446	5	157	138	737.790
-2.879793	2.456751	-1.503343	10	25	16	737.640
2.879793	2.704512	1.488683	155	153	165	737.618
-1.047198	2.153910	-1.714959	5	9	137	737.545
-2.617994	2.637879	2.121598	11	19	18	737.458
0.523599	2.704512	1.488683	164	152	140	737.406
2.879793	0.850607	-1.335383	165	28	16	737.385
0.785398	0.418037	1.360082	141	167	149	737.237
2.617994	1.450119	-2.739050	11	15	143	736.961
-1.570796	1.948085	-2.363031	30	13	146	736.906
-3.141593	1.875281	0.107086	157	25	14	736.880
-1.047198	1.875281	0.107086	27	1	164	736.876
-2.356194	0.685216	-1.712745	146	155	163	736.838
2.094395	1.510910	-0.740472	148	12	139	736.757
0.785398	2.164094	-2.991358	141	25	18	736.754
0.523599	0.866395	-2.492918	2	25	121	736.668
-1.832596	2.153910	-1.714959	161	18	130	736.616
-2.879793	0.297065	2.160177	23	4	147	736.545
2.356194	1.391910	3.030322	142	165	163	736.539
1.308997	1.909857	-0.381669	22	6	151	736.538
-1.308997	2.592629	0.909713	145	166	150	736.536
-2.094395	1.721184	-0.153948	18	1	147	736.476
-0.523599	1.218453	2.777284	147	163	2	736.472
0.523599	2.180315	-1.357379	6	11	130	736.219
-0.261799	2.704512	1.488683	18	5	128	736.157
0.785398	0.960688	-0.577532	0	28	134	736.021
-1.047198	2.637879	2.121598	4	3	42	735.909
1.832596	2.033014	2.977192	158	8	128	735.808
0.261799	1.504028	0.636812	155	41	7	735.792
2.356194	2.863997	0.549740	148	15	123	735.780
2.617994	2.343981	-1.040456	11	40	148	735.631
2.617994	2.153910	-1.714959	162	31	134	735.595
2.094395	1.732874	-0.951685	133	166	2	735.543
-2.879793	1.696674	-1.253233	149	149	156	735.536
-1.832596	1.242974	-2.977882	23	14	128	735.490
2.094395	0.571433	-1.188419	14	158	30	735.343
1.570796	2.299159	2.264663	14	7	139	735.327
-1.047198	1.812176	0.656819	154	2	32	735.263
0.261799	2.356369	3.005869	150	1	156	735.259
-1.047198	1.948085	-2.363031	9	24	15	735.149
1.570796	1.998705	2.370472	164	15	38	735.009
-2.617994	0.961715	0.014085	158	151	0	734.940
-1.832596	0.992645	-1.723759	157	37	13	734.869
-2.617994	1.756530	-2.105156	166	19	134	734.736
-0.261799	1.325504	-1.671296	143	0	32	734.522
2.617994	1.869911	2.701025	166	3	125	734.507
-1.308997	1.247695	1.809890	21	2	19	734.486
1.832596	2.396274	-1.959260	32	161	11	734.473
-0.261799	1.870545	-2.976234	152	156	146	734.425
0.523599	0.899350	-2.069907	9	27	127	734.281
-2.356194	1.909857	-0.381669	144	3	160	734.268
1.570796	0.571433	-1.188419	144	162	144	734.220
-2.356194	2.153910	-1.714959	164	167	139	734.151
-0.785398	2.760637	2.781135	143	142	155	734.096
1.047198	0.619654	-2.216909	157	23	117	734.078
2.356194	1.374601	-2.456031	10	21	138	733.977
-1.832596	2.407836	1.410646	23	17	151	733.873
2.094395	2.393226	1.857173	165	13	35	733.344
2.617994	0.899350	-2.069907	157	167	28	733.294
-0.785398	1.450119	-2.739050	159	144	18	733.293
-2.617994	0.297065	2.160177	17	30	133	733.268
2.356194	0.899350	-2.069907	7	150	33	733.155
1.570796	1.510910	-0.740472	156	158	148	733.071
1.308997	2.587733	0.232235	156	19	29	733.061
-2.879793	1.168678	2.108595	13	22	22	733.034
-1.308997	2.247462	0.191623	162	16	122	733.013
-1.047198	2.343981	-1.040456	147	8	139	732.787
-2.094395	0.762244	-0.273349	135	9	153	732.785
1.570796	2.001437	0.381215	11	21	127	732.758
0.523599	1.904882	-1.478089	7	8	133	732.664
-2.356194	2.247462	0.191623	150	0	16	732.595
-2.879793	1.574060	2.783565	153	160	149	732.456
-1.308997	1.510910	-0.740472	10	19	139	732.438
-3.141593	0.700570	1.559208	17	167	133	732.360
2.356194	1.870545	-2.976234	23	18	153	732.289
0.000000	0.762244	-0.273349	9	26	133	732.224
-2.879793	0.674054	1.013609	19	166	137	732.135
-2.094395	2.393226	1.857173	15	29	13	732.080
-0.785398	1.218453	2.777284	18	167	137	732.037
2.879793	1.824694	1.850876	152	31	143	731.988
-2.617994	0.496451	0.593859	160	156	142	731.974
0.523599	1.025536	1.576859	139	13	164	731.916
-0.785398	0.674054	1.013609	145	166	164	731.915
0.523599	0.571433	-1.188419	164	166	37	731.909
2.879793	2.251330	-2.330739	3	21	129	731.893
-2.356194	2.115563	0.685730	22	13	149	731.846
2.617994	2.174483	2.653697	15	16	143	731.750
-1.308997	1.506530	1.988858	18	21	131	731.475
-2.094395	2.104282	-0.813972	146	166	147	731.373
2.879793	2.247462	0.191623	159	16	30	731.354
1.570796	2.979456	-1.009304	160	157	131	731.347
-2.094395	1.488617	1.159546	21	15	135	731.340
-2.094395	2.724429	-0.348782	150	158	159	731.290
-2.356194	2.063651	-2.044600	2	164	137	731.221
-3.141593	0.762244	-0.273349	152	2	8	731.201
-0.523599	2.704512	1.488683	151	156	157	731.150
2.094395	1.766067	2.153843	4	164	133	731.140
-1.308997	1.982574	-1.115518	144	14	139	731.127
2.094395	1.128190	-2.288622	2	14	136	731.049
-0.523599	1.569311	-3.003978	158	139	149	730.998
1.047198	1.909857	-0.381669	19	14	16	730.948
-2.879793	1.846342	-1.796954	163	26	132	730.913
-2.617994	1.335669	0.897240	19	165	139	730.908
-3.141593	1.050534	3.042579	8	167	125	730.743
-2.094395	0.418037	1.360082	23	26	139	730.596
1.047198	1.721184	-0.153948	14	8	124	730.517
-1.047198	2.001437	0.381215	9	32	17	730.449
2.356194	1.214854	-1.966664	159	3	30	730.445
2.356194	0.615174	-0.666022	147	15	16	730.402
-1.047198	1.662363	0.915448	158	140	142	730.383
2.617994	2.089241	-0.114193	11	14	140	730.349
-1.832596	1.310100	1.488307	19	17	130	730.316
2.879793	2.063651	-2.044600	1	24	130	730.272
-1.570796	1.766067	2.153843	22	14	137	730.189
1.308997	2.251330	-2.330739	165	27	133	730.189
2.617994	1.982574	-1.115518	160	31	137	730.079
0.785398	2.456751	-1.503343	151	6	127	730.038
-2.617994	1.506530	1.988858	28	7	148	730.029
-1.832596	0.866395	-2.492918	151	18	17	729.992
2.879793	2.396274	-1.959260	151	138	11	729.972
2.094395	2.704512	1.488683	149	7	151	729.938
-2.879793	1.113094	-0.272241	150	6	8	729.890
2.879793	1.335669	0.897240	4	30	5	729.885
-2.617994	2.379497	0.561089	21	17	153	729.860
0.000000	0.960688	-0.577532	159	144	19	729.567
0.523599	0.618092	2.539118	144	4	154	729.551
0.523599	1.606104	-0.451151	9	7	122	729.528
0.785398	2.104282	-0.813972	146	12	10	729.477
-2.094395	1.504028	0.636812	149	21	6	729.463
2.094395	1.374601	-2.456031	11	19	138	729.354
-2.356194	0.700570	1.559208	151	152	38	729.302
2.356194	1.809167	1.213774	163	27	133	729.237
0.523599	1.982574	-1.115518	158	6	122	729.164
2.094395	0.762244	-0.273349	142	9	21	729.089
1.832596	0.899350	-2.069907	166	12	36	729.073
-1.047198	1.846342	-1.796954	162	13	133	728.978
2.094395	1.696674	-1.253233	34	162	7	728.976
0.785398	1.113094	-0.272241	13	19	14	728.909
-0.785398	2.247462	0.191623	160	15	126	728.766
0.000000	0.850607	-1.335383	146	162	31	728.627
-0.261799	1.977582	0.969896	163	36	16	728.624
-0.523599	2.187132	-0.479875	153	165	131	728.550
-2.879793	0.906588	1.252948	21	165	140	728.342
-1.308997	1.870545	-2.976234	143	157	10	728.275
-1.308997	1.417623	-0.202254	140	163	139	728.127
-1.570796	2.041297	-2.664597	144	157	4	728.102
1.832596	2.104282	-0.813972	2	4	119	728.083
1.047198	0.864993	2.278281	162	157	25	727.913
-2.617994	1.135834	-1.431087	150	27	144	727.816
1.570796	2.478122	2.609777	2	6	35	727.806
2.617994	0.496451	0.593859	164	159	32	727.800
2.617994	1.732874	-0.951685	25	13	9	727.700
-2.094395	1.335669	0.897240	151	19	9	727.674
1.308997	2.001437	0.381215	13	20	126	727.200
1.308997	1.875281	0.107086	18	13	24	727.191
-2.879793	2.704512	1.488683	9	23	20	727.002
2.617994	2.138223	1.678323	22	15	15	726.954
1.832596	1.545873	-1.877082	19	157	145	726.920
1.047198	1.658653	-2.409879	163	161	139	726.826
-0.523599	1.683268	0.374177	162	146	135	726.736
-2.094395	1.875281	0.107086	142	18	167	726.571
-2.617994	1.554776	0.100351	6	9	138	726.537
1.570796	1.301460	-0.509251	25	8	135	726.503
2.617994	1.218453	2.777284	22	5	4	726.488
2.879793	0.591903	2.010408	16	4	129	726.383
-0.261799	2.592629	0.909713	149	6	129	726.174
1.047198	2.033014	2.977192	151	14	35	726.163
-2.879793	1.134796	2.434290	151	16	24	725.769
1.570796	2.251330	-2.330739	32	161	18	725.743
1.308997	0.458961	-0.107937	3	22	11	725.740
1.308997	0.762244	-0.273349	7	22	13	725.651
0.000000	1.256302	0.062705	157	151	148	725.631
-1.570796	0.914445	2.687814	164	6	51	725.536
0.261799	0.910508	1.903534	6	5	137	725.437
-2.094395	1.391910	3.030322	25	11	132	725.358
2.617994	2.664082	-1.071402	9	3	123	725.236
1.308997	2.041297	-2.664597	140	31	142	725.147
-2.879793	1.658653	-2.409879	9	161	135	725.129
-0.261799	2.138223	1.678323	153	156	16	725.123
1.047198	1.506530	1.988858	22	21	151	725.121
0.000000	2.587733	0.232235	18	20	130	725.087
-1.832596	0.080730	-2.622036	4	5	127	724.997
-0.785398	2.704512	1.488683	0	157	32	724.984
0.785398	2.153910	-1.714959	160	29	139	724.731
-1.570796	2.478122	2.609777	0	16	34	724.687
0.000000	2.456751	-1.503343	167	12	45	724.655
-2.356194	1.374601	-2.456031	17	1	128	724.645
1.047198	1.662363	0.915448	19	157	22	724.600
-0.785398	1.413430	2.550734	151	12	15	724.484
0.261799	2.664082	-1.071402	151	160	134	724.454
0.261799	2.984978	1.954446	150	159	153	724.319
-3.141593	1.824694	1.850876	150	29	143	724.251
-2.356194	2.089241	-0.114193	153	157	167	724.193
0.785398	1.194549	-0.801900	20	6	8	724.130
-1.308997	1.554776	0.100351	139	167	1	723.966
1.832596	1.836682	-0.676006	26	162	164	723.924
-0.785398	2.089241	-0.114193	155	163	131	723.923
-2.094395	1.846342	-1.796954	162	29	28	723.769
-1.570796	2.587733	0.232235	147	160	165	723.637
1.047198	2.664082	-1.071402	155	25	33	723.517
-2.879793	0.418037	1.360082	20	5	131	723.487
1.047198	2.404280	-0.174044	162	21	116	723.373
-2.617994	1.325504	-1.671296	154	29	140	723.095
1.308997	2.138223	1.678323	17	30	136	723.088
0.785398	0.929350	-2.910676	164	22	120	723.048
1.832596	1.433411	-1.035986	28	2	145	723.012
-0.785398	2.456751	-1.503343	0	11	130	722.930
-1.570796	0.370812	-2.547742	15	5	136	722.858
-2.356194	0.297065	2.160177	150	162	164	722.818
-1.832596	2.396274	-1.959260	144	0	165	722.816
-0.261799	2.115563	0.685730	167	10	128	722.754
-1.570796	2.664082	-1.071402	160	37	129	722.720
2.094395	1.256302	0.062705	23	166	165	722.547
0.523599	1.721184	-0.153948	6	5	119	722.539
-1.047198	1.194549	-0.801900	29	17	140	722.530
-2.879793	1.599406	1.426070	3	32	7	722.509
0.261799	0.080730	-2.622036	155	161	149	722.430
-1.570796	0.700570	1.559208	149	155	8	722.419
0.000000	1.433411	-1.035986	4	3	139	722.404
-0.785398	1.433411	-1.035986	137	0	7	722.399
-2.617994	1.574060	2.783565	14	17	15	722.348
2.094395	2.063651	-2.044600	15	154	139	722.291
1.832596	1.184361	0.625864	2	4	137	722.228
-1.047198	0.992645	-1.723759	152	16	36	722.178
2.094395	2.637879	2.121598	1	12	35	722.095
1.570796	2.455966	-0.641220	1	8	120	722.050
-0.261799	0.496451	0.593859	21	167	136	721.918
2.356194	2.295480	1.008277	158	11	30	721.907
-2.879793	2.637879	2.121598	11	20	17	721.824
2.879793	1.555207	1.708892	152	33	143	721.795
2.879793	1.606104	-0.451151	13	32	164	721.786
-2.094395	0.615174	-0.666022	152	164	27	721.738
-2.356194	2.299159	2.264663	27	14	165	721.665
0.785398	2.979456	-1.009304	160	19	38	721.600
-1.570796	1.617114	-1.572037	146	29	0	721.547
0.261799	1.741644	-2.695914	9	28	126	721.384
-1.308997	0.914445	2.687814	151	16	20	721.379
-0.261799	0.960688	-0.577532	148	158	20	721.314
-1.047198	0.080730	-2.622036	19	4	23	721.301
2.094395	1.998705	2.370472	19	20	139	721.212
1.047198	1.195355	1.200319	24	18	144	721.140
-2.879793	0.914445	2.687814	153	154	163	721.136
2.879793	0.910508	1.903534	14	165	133	721.112
2.879793	1.909857	-0.381669	163	28	16	721.103
-2.356194	1.904882	-1.478089	161	16	134	721.061
0.261799	2.001437	0.381215	158	32	20	721.036
2.094395	2.349581	-2.702517	11	17	131	720.921
1.308997	1.391910	3.030322	16	14	28	720.734
-0.785398	2.041297	-2.664597	133	165	166	720.644
1.308997	2.379497	0.561089	154	159	153	720.604
