168	1.2	0
-3.141593	0.458961	-0.107937
1.343059	1.245729	-0.239013
../7odw_monomer_m.pdb	-305.162	-67.445	220.304
../7odw_monomer_m.pdb	285.469	195.713	167.518
1.570796	0.370812	-2.547742	17	9	163	1465.249
-2.879793	2.588535	-2.976617	11	17	137	1415.530
2.356194	1.242974	-2.977882	22	22	149	1358.855
2.356194	1.450119	-2.739050	21	23	143	1358.478
2.617994	1.391910	3.030322	19	26	149	1311.619
-2.617994	2.588535	-2.976617	8	16	136	1256.782
1.308997	0.370812	-2.547742	16	6	162	1247.700
-2.617994	2.349581	-2.702517	4	17	134	1245.256
1.570796	0.640596	-2.797608	18	7	159	1236.136
-1.832596	0.203748	0.590255	151	159	4	1219.625
1.308997	1.812176	0.656819	158	6	136	1198.693
-2.094395	0.899350	-2.069907	157	154	154	1192.881
-3.141593	1.134796	2.434290	159	161	27	1187.267
-0.261799	1.335669	0.897240	10	10	141	1186.424
1.832596	0.640596	-2.797608	19	11	159	1172.861
-2.356194	2.579248	-2.364801	5	13	134	1166.531
1.570796	0.619654	-2.216909	21	10	159	1163.379
-0.523599	2.174483	2.653697	144	1	1	1159.949
2.617994	1.440580	2.260026	142	155	153	1157.254
1.832596	1.256302	0.062705	4	165	143	1153.938
-2.879793	2.108018	1.311430	151	158	1	1151.615
-0.785398	1.617114	-1.572037	160	5	133	1129.548
1.570796	1.128190	-2.288622	24	10	146	1128.003
2.094395	1.135813	-2.658866	23	19	148	1127.842
2.094395	1.658653	-2.409879	21	18	136	1126.670
1.832596	0.370812	-2.547742	18	12	163	1123.338
1.832596	1.554776	0.100351	1	164	142	1115.765
-0.523599	0.290380	-0.796960	151	3	151	1112.196
-0.785398	2.349581	-2.702517	152	166	20	1108.525
2.617994	1.569311	-3.003978	19	26	142	1103.463
0.261799	2.180315	-1.357379	150	0	162	1103.376
1.570796	1.812176	0.656819	165	156	147	1101.529
0.000000	1.335669	0.897240	8	17	139	1100.688
1.047198	0.899350	-2.069907	20	1	151	1100.260
2.617994	1.242974	-2.977882	20	27	149	1097.511
2.094395	1.417623	-0.202254	2	163	142	1095.952
2.879793	2.174483	2.653697	149	8	13	1094.715
1.832596	0.762244	-0.273349	10	13	142	1090.983
1.832596	1.128190	-2.288622	26	15	149	1090.073
2.094395	1.450119	-2.739050	24	17	143	1081.689
1.832596	1.721184	-0.153948	0	163	142	1074.930
2.879793	2.760637	2.781135	21	14	153	1074.349
0.523599	1.555207	1.708892	3	15	134	1071.682
-3.141593	2.760637	2.781135	19	16	153	1070.413
-2.094395	2.579248	-2.364801	4	14	134	1069.784
2.879793	1.870545	-2.976234	17	29	139	1068.922
1.047198	1.128190	-2.288622	17	4	145	1065.832
-1.047198	2.379497	0.561089	13	167	149	1065.324
-0.523599	1.998705	2.370472	146	0	6	1064.814
2.094395	2.664082	-1.071402	154	154	145	1062.849
-3.141593	2.478122	2.609777	21	21	158	1061.353
1.570796	1.448123	-2.163292	143	5	31	1059.817
2.094395	0.929350	-2.910676	23	17	155	1059.716
-3.141593	2.704512	1.488683	151	162	159	1059.582
2.356194	1.391910	3.030322	22	21	148	1057.217
0.523599	0.496451	0.593859	12	12	144	1055.890
1.570796	0.866395	-2.492918	20	13	151	1054.792
2.879793	2.041297	-2.664597	9	24	131	1051.519
0.000000	1.014500	0.906702	11	11	141	1050.364
2.617994	1.050534	3.042579	19	26	155	1047.513
2.356194	0.929350	-2.910676	21	22	154	1044.708
0.261799	0.674054	1.013609	13	13	146	1043.878
2.356194	0.960688	-0.577532	7	163	143	1041.771
-0.523599	1.335669	0.897240	18	14	146	1037.016
2.617994	1.218453	2.777284	19	25	153	1036.562
-1.308997	2.379497	0.561089	12	166	150	1036.494
2.356194	1.741644	-2.695914	21	22	137	1030.896
2.356194	1.569311	-3.003978	22	22	141	1030.080
1.047198	0.080730	-2.622036	150	2	159	1029.434
-2.879793	1.506530	1.988858	154	165	27	1028.524
0.261799	1.696674	-1.253233	156	154	152	1027.910
1.832596	1.374601	-2.456031	25	14	142	1024.882
0.261799	1.617114	-1.572037	149	5	149	1022.215
2.356194	1.050534	3.042579	22	21	155	1021.500
-0.785398	2.587733	0.232235	19	2	150	1020.968
-2.879793	1.168678	2.108595	157	162	28	1020.352
-2.879793	2.187132	-0.479875	0	4	135	1020.176
-1.832596	2.104282	-0.813972	166	24	31	1020.089
2.617994	2.349581	-2.702517	16	22	128	1019.659
2.879793	0.418037	1.360082	151	12	14	1019.427
2.617994	1.134796	2.434290	142	160	152	1019.424
1.308997	1.128190	-2.288622	20	9	144	1018.289
-2.617994	2.343981	-1.040456	14	4	147	1017.331
-0.785398	0.370812	-2.547742	145	162	18	1013.719
1.832596	0.866395	-2.492918	23	13	155	1013.493
0.261799	1.948085	-2.363031	150	159	17	1012.658
-0.785398	1.448123	-2.163292	23	13	145	1007.911
1.308997	0.619654	-2.216909	20	6	158	1007.346
1.047198	0.640596	-2.797608	145	9	158	1005.597
1.308997	2.637879	2.121598	19	7	128	1004.808
0.000000	2.456751	-1.503343	150	2	164	1004.073
-0.785398	2.174483	2.653697	144	5	5	1003.895
-1.832596	1.335669	0.897240	146	12	39	1003.280
0.000000	1.310100	1.488307	13	14	145	1002.792
-2.617994	2.063651	-2.044600	21	9	162	1002.178
0.261799	0.379747	-1.713059	148	6	152	998.807
2.356194	0.418037	1.360082	151	15	18	995.508
2.617994	1.741644	-2.695914	16	26	136	995.164
-2.617994	2.153910	-1.714959	20	7	159	990.416
-2.617994	1.045978	0.343692	27	18	133	989.948
-1.570796	2.247462	0.191623	9	158	147	989.654
-0.261799	1.184361	0.625864	7	14	137	989.381
2.094395	1.113094	-0.272241	5	164	143	987.799
-2.879793	2.356369	3.005869	11	20	137	987.336
-2.356194	2.349581	-2.702517	3	17	134	985.383
2.356194	0.674054	1.013609	154	22	18	984.882
-3.141593	1.168678	2.108595	157	162	28	984.010
-0.785398	1.812176	0.656819	14	4	146	983.705
-1.047198	2.587733	0.232235	16	166	149	979.419
-2.879793	2.164094	-2.991358	149	4	15	979.304
0.000000	1.699788	2.452890	151	152	163	978.308
-3.141593	2.251330	-2.330739	10	8	135	977.527
2.879793	1.413347	-1.339188	10	0	139	977.424
2.356194	0.496451	0.593859	25	166	6	976.267
-2.879793	2.719179	-1.780644	154	158	159	975.902
2.617994	2.115563	0.685730	154	145	155	975.417
0.785398	2.343981	-1.040456	150	163	159	975.055
2.617994	0.674054	1.013609	152	19	19	974.782
-0.785398	2.396274	-1.959260	19	11	156	974.728
-2.356194	1.617114	-1.572037	153	167	144	974.289
1.047198	2.637879	2.121598	16	3	127	973.744
2.356194	1.909857	-0.381669	164	18	130	972.921
-0.261799	2.041297	-2.664597	150	162	20	972.909
0.000000	0.591903	2.010408	151	162	7	972.885
-2.356194	2.041297	-2.664597	167	4	139	972.531
-3.141593	2.407836	1.410646	148	12	155	971.620
1.308997	2.089241	-0.114193	141	161	161	971.124
-2.617994	2.456751	-1.503343	154	158	158	971.004
-2.879793	1.982574	-1.115518	11	8	140	970.677
-3.141593	2.356369	3.005869	150	8	15	970.417
2.617994	1.510910	-0.740472	4	1	140	967.911
0.000000	2.295480	1.008277	24	4	5	967.870
-1.308997	1.662363	0.915448	14	14	135	967.381
-0.523599	2.115563	0.685730	19	4	155	967.187
0.785398	0.992645	-1.723759	151	156	159	966.750
1.832596	2.704512	1.488683	164	22	15	964.891
0.000000	1.256302	0.062705	163	161	141	963.432
-1.308997	0.618092	2.539118	151	16	24	961.662
-3.141593	1.982574	-1.115518	9	6	139	961.143
-0.785398	1.367556	0.358405	9	2	139	960.839
2.617994	1.948085	-2.363031	12	25	130	960.793
0.785398	0.571433	-1.188419	24	0	5	960.096
0.523599	0.992645	-1.723759	150	161	159	959.091
-2.356194	0.992645	-1.723759	154	159	154	958.803
1.047198	1.812176	0.656819	156	10	135	958.547
1.570796	2.456751	-1.503343	167	23	125	958.381
1.308997	2.664082	-1.071402	146	161	167	958.163
0.261799	1.014500	0.906702	8	17	139	958.125
0.000000	1.195355	1.200319	13	14	144	957.931
-3.141593	0.864993	2.278281	159	158	27	956.965
1.832596	1.417623	-0.202254	4	163	143	956.563
2.356194	1.413430	2.550734	138	163	157	955.883
1.832596	1.135813	-2.658866	25	13	149	955.673
0.785398	1.555207	1.708892	2	14	134	955.532
-2.356194	2.138223	1.678323	151	165	26	955.420
-2.879793	0.709924	0.218797	25	14	130	955.026
0.523599	1.948085	-2.363031	164	15	133	954.867
0.000000	0.379747	-1.713059	148	1	153	954.487
0.523599	1.135834	-1.431087	16	159	150	953.231
2.617994	1.870545	-2.976234	16	23	135	952.850
2.879793	1.168678	2.108595	146	155	148	951.667
1.047198	1.977582	0.969896	153	12	133	951.487
-2.879793	2.138223	1.678323	149	6	7	951.270
1.308997	1.448123	-2.163292	23	5	138	951.104
2.617994	2.760637	2.781135	23	12	153	951.070
2.879793	1.977582	0.969896	157	144	153	950.585
0.000000	1.721184	-0.153948	19	152	15	949.758
-0.261799	0.419640	2.974122	149	160	19	949.702
0.000000	1.184361	0.625864	7	16	137	949.310
-0.523599	2.343981	-1.040456	151	156	19	948.516
-2.879793	1.025536	1.576859	149	0	6	947.862
2.356194	1.194549	-0.801900	4	23	129	946.346
-2.094395	2.881233	-2.582574	9	13	134	945.915
-1.570796	2.719179	-1.780644	7	12	135	945.185
-2.617994	2.719179	-1.780644	157	156	157	944.805
-0.785398	1.904882	-1.478089	162	7	129	944.755
-2.879793	2.033014	2.977192	148	167	12	944.252
0.261799	1.683268	0.374177	5	20	135	943.912
0.785398	1.214854	-1.966664	14	0	142	943.705
2.356194	1.658653	-2.409879	21	24	136	942.816
0.261799	1.194549	-0.801900	158	157	144	942.529
1.308997	0.899350	-2.069907	22	6	151	941.273
-0.261799	2.343981	-1.040456	165	2	121	940.332
-2.356194	1.413347	-1.339188	149	167	151	939.619
0.000000	0.685216	-1.712745	147	158	161	939.234
1.047198	2.396274	-1.959260	166	14	126	939.233
2.879793	1.433411	-1.035986	9	1	141	938.398
0.261799	2.153910	-1.714959	148	167	163	938.243
0.261799	0.910508	1.903534	14	21	160	938.014
0.261799	1.756530	-2.105156	145	162	159	937.992
0.785398	1.128190	-2.288622	15	164	144	937.677
1.047198	1.870545	-2.976234	163	165	34	937.314
-1.308997	0.379747	-1.713059	143	161	12	936.654
2.356194	2.041297	-2.664597	20	22	132	936.624
0.261799	1.134796	2.434290	155	151	7	936.037
1.570796	0.080730	-2.622036	155	153	152	935.186
0.785398	1.374601	-2.456031	152	156	18	934.367
-2.094395	0.203748	0.590255	149	162	3	933.582
1.308997	0.080730	-2.622036	150	0	158	933.141
0.261799	1.184361	0.625864	7	17	137	932.823
-2.879793	0.831641	0.616218	23	17	126	932.290
-2.879793	2.704512	1.488683	146	10	164	931.197
2.094395	2.724429	-0.348782	146	160	3	931.108
-1.047198	0.864993	2.278281	148	11	21	931.104
-2.617994	1.824694	1.850876	154	165	27	930.062
-0.261799	1.488617	1.159546	11	18	141	929.725
0.785398	2.407836	1.410646	20	167	134	929.592
1.308997	1.214854	-1.966664	27	5	148	929.420
0.785398	2.456751	-1.503343	147	164	161	929.324
2.879793	2.478122	2.609777	24	16	159	929.257
-2.879793	1.599406	1.426070	148	10	161	929.088
-2.356194	2.664082	-1.071402	20	2	163	928.822
1.308997	0.866395	-2.492918	20	5	152	928.727
0.523599	2.174483	2.653697	159	148	150	927.914
-2.617994	2.356369	3.005869	8	20	137	927.742
0.785398	0.899350	-2.069907	15	3	148	927.692
-1.832596	1.504028	0.636812	143	10	34	927.141
2.879793	2.104282	-0.813972	0	8	131	926.619
1.308997	0.733948	3.021411	9	19	133	926.442
-2.094395	1.510910	-0.740472	6	1	40	926.174
0.000000	2.299159	2.264663	150	159	156	926.172
-1.047198	1.736875	3.023612	154	19	11	926.125
-0.785398	1.214854	-1.966664	24	14	146	925.845
-2.617994	1.872854	1.543456	150	164	25	925.760
2.879793	1.218453	2.777284	16	28	153	925.653
0.523599	1.325504	-1.671296	11	166	140	925.483
-0.261799	2.104282	-0.813972	153	155	22	925.309
-0.261799	1.982574	-1.115518	152	164	25	925.088
1.570796	2.180315	-1.357379	22	9	129	925.011
0.261799	1.135834	-1.431087	150	165	159	924.147
1.570796	2.664082	-1.071402	151	153	166	924.059
0.785398	1.433411	-1.035986	159	157	143	923.777
2.356194	1.721184	-0.153948	164	22	131	922.836
-1.570796	0.674054	1.013609	151	5	149	922.759
1.308997	0.640596	-2.797608	17	4	157	922.637
-0.261799	2.180315	-1.357379	167	1	123	922.178
-1.570796	1.310100	1.488307	12	20	120	922.002
-2.617994	2.164094	-2.991358	5	2	139	921.923
1.047198	2.704512	1.488683	19	7	129	921.394
-0.523599	2.379497	0.561089	19	3	153	921.119
-0.523599	2.180315	-1.357379	165	29	19	920.969
-0.523599	2.393226	1.857173	9	28	135	920.496
-3.141593	2.174483	2.653697	148	0	9	919.858
0.261799	0.914445	2.687814	155	149	14	919.057
1.832596	2.724429	-0.348782	146	166	3	918.810
-0.261799	2.393226	1.857173	152	150	10	918.471
0.261799	1.335669	0.897240	8	19	139	918.403
-0.261799	2.719179	-1.780644	151	164	14	918.393
1.308997	1.510910	-0.740472	32	1	154	918.347
-1.832596	1.909857	-0.381669	2	25	19	917.930
0.785398	2.041297	-2.664597	155	156	24	917.852
-2.617994	2.704512	1.488683	16	0	142	916.811
2.094395	1.374601	-2.456031	24	20	142	916.304
0.000000	1.367556	0.358405	165	161	139	916.230
0.261799	1.545873	-1.877082	152	158	14	916.202
-2.879793	1.413347	-1.339188	147	10	161	915.382
0.785398	1.510910	-0.740472	160	158	143	915.129
-1.832596	2.343981	-1.040456	155	160	132	914.918
-2.094395	1.977582	0.969896	29	16	138	914.275
-0.785398	0.290380	-0.796960	149	161	0	914.037
1.570796	0.960688	-0.577532	10	13	136	913.647
-3.141593	2.379497	0.561089	147	162	150	913.441
1.308997	1.545873	-1.877082	23	8	135	912.871
0.261799	2.592629	0.909713	151	163	151	912.571
2.879793	1.506530	1.988858	145	153	151	912.489
-2.356194	0.733948	3.021411	147	147	4	912.483
1.832596	1.662363	0.915448	166	28	13	912.336
-2.617994	1.812176	0.656819	13	26	2	912.078
-1.047198	1.195355	1.200319	156	2	138	912.011
-0.785398	2.164094	-2.991358	153	164	24	911.594
0.523599	2.343981	-1.040456	157	161	144	911.176
0.785398	1.977582	0.969896	152	16	133	910.469
1.047198	0.929350	-2.910676	8	10	139	910.116
-2.617994	2.984978	1.954446	152	165	149	909.891
0.261799	2.984978	1.954446	19	3	19	909.835
2.094395	1.194549	-0.801900	6	22	129	909.760
0.261799	1.134497	-1.109631	156	154	146	909.662
0.261799	0.496451	0.593859	12	11	143	908.549
-2.879793	2.299159	2.264663	13	4	142	908.546
1.832596	0.866955	-0.931351	160	7	128	907.909
2.617994	1.658653	-2.409879	13	30	134	907.333
-1.047198	1.977582	0.969896	4	167	144	906.764
-2.617994	2.979456	-1.009304	19	167	0	906.446
-2.617994	1.135834	-1.431087	155	153	156	906.373
2.094395	0.640596	-2.797608	135	32	140	906.181
2.617994	1.606104	-0.451151	1	0	139	906.080
-2.617994	2.104282	-0.813972	10	3	142	905.838
2.879793	2.295480	1.008277	155	144	158	905.717
1.832596	1.504028	0.636812	4	156	145	905.166
2.879793	0.866955	-0.931351	9	160	140	904.953
1.832596	1.135834	-1.431087	136	157	4	904.864
-1.832596	2.579248	-2.364801	149	150	19	904.703
1.832596	1.756530	-2.105156	20	16	131	904.636
2.879793	1.948085	-2.363031	7	29	129	904.497
-0.261799	2.979456	-1.009304	21	4	156	904.305
0.261799	1.699788	2.452890	157	150	149	903.789
-1.832596	2.396274	-1.959260	147	164	14	903.471
-0.261799	2.251330	-2.330739	151	163	17	903.126
1.047198	2.979456	-1.009304	153	157	166	902.688
1.570796	0.961715	0.014085	10	165	147	902.345
-0.523599	1.450119	-2.739050	21	19	135	902.315
-2.617994	1.909857	-0.381669	144	6	154	902.251
2.617994	2.041297	-2.664597	18	26	132	902.075
0.785398	1.658653	-2.409879	152	157	19	901.788
2.094395	1.721184	-0.153948	166	158	140	901.469
0.785398	1.448123	-2.163292	152	157	16	901.304
-1.047198	2.356369	3.005869	147	17	6	901.250
2.879793	0.914445	2.687814	160	159	25	901.222
1.047198	2.664082	-1.071402	150	157	167	901.025
1.832596	2.187132	-0.479875	159	160	142	900.713
-3.141593	2.104282	-0.813972	2	7	132	900.703
0.000000	2.396274	-1.959260	147	8	150	900.691
1.308997	1.982574	-1.115518	21	6	131	900.640
1.047198	1.448123	-2.163292	163	4	132	900.314
2.879793	2.664082	-1.071402	156	0	134	900.051
0.000000	1.504028	0.636812	7	18	137	899.444
-0.523599	1.504028	0.636812	9	4	141	899.297
-2.356194	2.588535	-2.976617	8	18	137	899.236
-2.094395	2.393226	1.857173	148	167	24	899.157
-3.141593	2.108018	1.311430	149	163	2	899.087
-2.617994	1.310100	1.488307	154	155	159	898.213
0.000000	0.419640	2.974122	149	158	14	897.357
-2.879793	1.134796	2.434290	162	161	29	897.105
1.047198	1.909857	-0.381669	139	166	161	896.847
1.832596	1.875281	0.107086	156	30	137	896.749
-3.141593	0.458961	-0.107937	23	7	131	896.471
2.094395	2.001437	0.381215	164	167	138	896.395
-1.832596	2.356369	3.005869	9	159	143	895.061
0.785398	1.732874	-0.951685	141	3	165	894.873
0.523599	1.135813	-2.658866	4	12	136	894.809
-2.879793	1.045978	0.343692	157	148	147	894.804
-1.308997	1.741644	-2.695914	156	13	133	894.735
1.570796	1.545873	-1.877082	143	1	31	894.085
2.094395	0.733948	3.021411	18	14	157	892.992
2.879793	1.134796	2.434290	156	162	26	892.868
0.000000	1.904882	-1.478089	152	157	151	892.392
-2.617994	0.418037	1.360082	152	164	153	892.315
2.879793	0.864993	2.278281	157	158	26	891.919
-2.879793	2.349581	-2.702517	6	23	130	891.400
2.094395	0.418037	1.360082	152	19	18	891.244
-1.308997	1.569311	-3.003978	138	12	10	891.227
0.523599	1.214854	-1.966664	12	0	143	891.094
-2.356194	1.184361	0.625864	149	153	156	890.715
1.308997	2.979456	-1.009304	152	155	0	890.048
-2.094395	2.979456	-1.009304	143	13	7	889.987
-0.261799	1.809167	1.213774	13	2	150	889.033
-1.570796	1.335669	0.897240	146	6	39	888.840
-1.570796	1.662363	0.915448	167	142	8	888.768
0.000000	0.960688	-0.577532	158	158	144	888.566
0.261799	2.979456	-1.009304	147	1	8	888.072
-1.308997	0.906588	1.252948	154	167	141	887.723
0.000000	1.658653	-2.409879	142	166	159	887.442
2.094395	2.396274	-1.959260	21	18	131	887.412
2.356194	1.214854	-1.966664	17	8	140	887.399
0.000000	1.545873	-1.877082	167	1	135	887.310
-0.785398	2.456751	-1.503343	159	21	22	887.261
-0.261799	1.256302	0.062705	163	164	140	887.221
1.047198	2.393226	1.857173	24	3	138	886.802
0.785398	1.617114	-1.572037	151	157	151	886.746
2.356194	2.863997	0.549740	148	16	155	886.447
2.879793	1.555207	1.708892	148	153	148	886.140
0.523599	2.180315	-1.357379	149	165	162	885.968
-0.785398	2.356369	3.005869	144	8	166	885.964
0.785398	1.135813	-2.658866	6	12	137	885.851
2.879793	2.592629	0.909713	0	33	3	885.816
-3.141593	2.033014	2.977192	146	3	12	885.626
1.308997	1.977582	0.969896	163	157	147	885.547
2.617994	2.455966	-0.641220	152	157	144	885.324
-2.879793	1.736875	3.023612	147	0	11	885.245
0.261799	1.658653	-2.409879	145	158	162	885.185
-0.261799	1.721184	-0.153948	14	151	15	885.057
1.832596	2.180315	-1.357379	21	16	128	884.869
1.308997	1.846342	-1.796954	19	9	129	884.762
-0.261799	1.977582	0.969896	19	11	154	884.273
-3.141593	0.914445	2.687814	161	160	25	884.221
2.356194	1.510910	-0.740472	2	17	129	884.144
2.356194	0.733948	3.021411	17	18	157	883.922
1.570796	2.115563	0.685730	159	0	139	883.783
1.047198	0.992645	-1.723759	23	1	152	883.781
-1.832596	1.310100	1.488307	13	17	120	883.529
0.000000	1.555207	1.708892	149	7	161	883.341
1.832596	2.455966	-0.641220	155	158	144	883.070
2.094395	1.135834	-1.431087	139	150	4	883.049
-3.141593	0.640596	-2.797608	147	9	0	883.003
0.523599	1.433411	-1.035986	142	11	160	882.480
-0.261799	1.606104	-0.451151	3	14	129	882.425
-1.308997	2.719179	-1.780644	7	12	136	882.040
-1.047198	1.683268	0.374177	13	4	141	882.035
-3.141593	1.555207	1.708892	152	148	150	882.012
1.047198	2.115563	0.685730	154	11	138	881.863
-2.879793	0.914445	2.687814	163	161	27	881.855
1.047198	1.135834	-1.431087	140	167	160	881.817
-2.617994	1.506530	1.988858	154	164	27	881.666
0.523599	2.153910	-1.714959	148	163	162	881.548
-2.617994	1.617114	-1.572037	13	18	16	881.414
-0.785398	2.379497	0.561089	17	167	152	881.191
0.000000	1.977582	0.969896	158	153	22	881.120
-1.570796	1.699788	2.452890	165	155	144	880.518
1.832596	0.674054	1.013609	161	27	17	880.477
-2.879793	1.662363	0.915448	157	146	151	880.332
0.785398	1.450119	-2.739050	153	155	21	880.298
-1.832596	2.251330	-2.330739	16	3	148	880.231
-2.879793	2.343981	-1.040456	8	6	134	879.768
-2.879793	2.089241	-0.114193	163	5	136	879.579
-2.094395	1.135834	-1.431087	148	162	156	879.191
-0.261799	1.756530	-2.105156	146	1	165	878.620
0.261799	1.325504	-1.671296	154	29	27	878.243
2.617994	0.914445	2.687814	159	158	26	878.170
0.000000	2.063651	-2.044600	147	0	165	877.444
-0.785398	1.310100	1.488307	159	165	139	877.346
0.523599	0.866395	-2.492918	14	6	143	877.218
0.261799	1.413347	-1.339188	150	164	156	877.182
-3.141593	1.310100	1.488307	148	164	6	876.995
-1.047198	2.456751	-1.503343	149	163	21	876.835
-3.141593	1.872854	1.543456	148	3	2	876.745
-1.308997	2.587733	0.232235	19	6	161	876.643
0.261799	2.295480	1.008277	23	8	5	876.627
-0.523599	1.904882	-1.478089	2	5	133	875.921
-2.094395	2.247462	0.191623	6	1	144	875.525
2.094395	2.456751	-1.503343	17	18	125	874.948
2.094395	2.041297	-2.664597	21	17	132	874.863
1.308997	1.696674	-1.253233	25	5	138	874.741
-0.261799	1.045978	0.343692	10	9	138	874.683
0.785398	2.180315	-1.357379	149	162	160	874.359
-2.617994	1.128190	-2.288622	153	31	144	874.073
1.308997	2.104282	-0.813972	19	9	127	873.639
-0.523599	1.696674	-1.253233	166	154	138	873.634
-0.785398	2.478122	2.609777	142	3	0	873.415
-1.570796	2.379497	0.561089	11	166	151	873.230
-0.261799	1.699788	2.452890	147	2	4	873.185
-2.879793	0.961715	0.014085	27	8	137	873.089
0.000000	1.214854	-1.966664	144	163	154	872.915
-1.832596	2.295480	1.008277	30	19	144	872.796
2.879793	2.073035	2.027405	146	148	13	872.324
-1.570796	0.618092	2.539118	10	2	126	872.158
2.617994	1.683268	0.374177	164	19	136	871.238
-1.570796	2.881233	-2.582574	158	24	13	870.754
2.356194	1.135813	-2.658866	22	24	148	870.549
-1.570796	0.419640	2.974122	156	21	25	870.529
2.094395	1.242974	-2.977882	25	18	147	870.483
1.832596	2.456751	-1.503343	167	25	124	870.148
-0.261799	2.881233	-2.582574	18	5	152	870.058
-2.617994	1.904882	-1.478089	12	20	16	870.031
-1.570796	1.113094	-0.272241	161	143	142	869.977
1.570796	2.104282	-0.813972	21	14	127	869.741
-2.879793	2.393226	1.857173	152	161	162	869.717
-3.141593	1.025536	1.576859	150	1	156	869.680
-1.308997	0.419640	2.974122	17	20	22	869.215
-1.832596	1.836682	-0.676006	3	25	30	868.838
0.261799	0.831641	0.616218	8	15	137	868.774
0.000000	1.025536	1.576859	14	10	143	868.720
-1.832596	1.417623	-0.202254	5	24	14	868.535
-0.785398	2.153910	-1.714959	167	28	20	867.996
-1.570796	0.203748	0.590255	153	159	0	867.988
-3.141593	2.138223	1.678323	149	3	7	867.987
2.094395	0.618092	2.539118	17	17	156	867.667
0.261799	1.812176	0.656819	6	21	137	867.623
-1.047198	1.310100	1.488307	159	167	138	867.612
2.094395	2.379497	0.561089	165	157	143	867.307
2.094395	0.674054	1.013609	157	25	18	867.178
2.879793	1.732874	-0.951685	13	22	143	867.159
-0.785398	0.831641	0.616218	18	12	139	867.039
-1.047198	2.299159	2.264663	143	148	146	867.000
-0.785398	2.115563	0.685730	6	4	138	866.647
-1.047198	1.417623	-0.202254	138	151	155	866.394
0.000000	1.448123	-2.163292	144	161	158	866.384
0.261799	2.456751	-1.503343	148	0	165	866.362
-1.308997	1.977582	0.969896	144	167	23	866.298
0.785398	1.195355	1.200319	0	14	129	866.263
-2.879793	1.247695	1.809890	153	162	26	865.427
2.356194	2.455966	-0.641220	150	159	145	864.861
2.094395	0.850607	-1.335383	161	2	130	864.814
1.832596	0.960688	-0.577532	13	23	135	864.478
0.523599	0.674054	1.013609	13	16	145	863.918
-0.785398	2.407836	1.410646	7	29	136	863.892
-1.047198	1.699788	2.452890	17	153	135	863.839
2.094395	2.251330	-2.330739	152	27	24	863.582
-2.617994	1.301460	-0.509251	147	164	156	863.079
-0.523599	1.367556	0.358405	8	167	141	862.947
-1.308997	2.033014	2.977192	143	16	5	862.583
0.000000	1.606104	-0.451151	19	153	15	862.488
0.523599	0.866955	-0.931351	24	164	3	862.113
1.047198	2.104282	-0.813972	17	4	127	862.078
-1.308997	1.736875	3.023612	141	15	10	861.943
-3.141593	0.831641	0.616218	22	12	126	861.943
0.000000	0.297065	2.160177	151	2	18	861.510
0.785398	2.979456	-1.009304	148	6	2	861.410
-0.785398	2.979456	-1.009304	19	162	153	860.706
-3.141593	1.050534	3.042579	165	159	27	860.662
1.832596	1.301460	-0.509251	11	12	141	860.439
1.047198	2.456751	-1.503343	148	158	164	860.359
-1.047198	0.458961	-0.107937	153	165	149	860.289
-1.047198	1.413430	2.550734	14	149	133	860.219
-2.879793	1.488617	1.159546	144	165	166	860.190
0.000000	1.683268	0.374177	4	20	135	859.988
-0.261799	1.214854	-1.966664	143	163	154	859.844
1.570796	1.301460	-0.509251	11	21	132	859.240
-2.356194	2.295480	1.008277	10	17	137	858.822
-0.785398	1.113094	-0.272241	1	9	131	858.697
-2.879793	1.872854	1.543456	147	13	156	858.605
-2.879793	0.418037	1.360082	149	160	6	858.311
-0.261799	2.115563	0.685730	20	9	155	857.891
-0.261799	0.685216	-1.712745	145	162	161	857.884
-0.523599	1.247695	1.809890	161	161	137	857.855
-1.047198	1.658653	-2.409879	21	10	142	857.242
-1.047198	1.014500	0.906702	150	24	143	856.877
2.094395	0.906588	1.252948	157	23	21	856.830
-2.879793	2.664082	-1.071402	18	2	167	856.330
-0.785398	1.014500	0.906702	148	22	143	855.785
1.047198	1.809167	1.213774	155	14	129	855.610
-1.308997	1.555207	1.708892	19	165	134	855.555
-0.261799	0.866395	-2.492918	19	19	132	855.479
-2.617994	2.404280	-0.174044	146	2	145	855.419
-2.617994	0.906588	1.252948	162	165	37	855.384
-0.261799	1.367556	0.358405	5	16	135	855.245
-1.832596	1.488617	1.159546	166	144	11	855.094
-2.356194	2.001437	0.381215	152	163	140	854.473
-0.261799	0.992645	-1.723759	145	163	158	854.434
0.000000	1.909857	-0.381669	13	154	139	854.305
1.570796	0.906588	1.252948	13	8	146	854.193
-1.047198	0.866395	-2.492918	137	162	8	854.188
-0.523599	0.733948	3.021411	145	8	158	854.002
0.000000	0.733948	3.021411	151	150	15	853.867
-2.879793	2.637879	2.121598	14	20	145	853.729
0.523599	0.864993	2.278281	157	150	10	853.608
2.617994	2.356369	3.005869	22	26	137	853.415
-1.832596	2.404280	-0.174044	155	7	27	853.209
1.832596	1.606104	-0.451151	5	23	130	853.160
0.523599	1.904882	-1.478089	16	18	8	852.953
-2.356194	1.128190	-2.288622	152	31	144	852.877
-2.094395	2.404280	-0.174044	4	0	138	852.645
-0.523599	2.349581	-2.702517	152	163	20	852.277
-2.617994	2.251330	-2.330739	163	20	127	851.706
-2.094395	2.592629	0.909713	11	20	140	851.420
0.261799	1.504028	0.636812	7	19	137	851.379
1.570796	1.998705	2.370472	31	15	142	851.171
-1.047198	0.619654	-2.216909	140	161	13	850.919
2.879793	1.413430	2.550734	16	28	152	850.918
-2.617994	2.187132	-0.479875	2	4	134	850.862
2.617994	2.164094	-2.991358	23	23	140	850.787
-2.094395	1.335669	0.897240	21	0	135	850.755
-2.617994	2.592629	0.909713	144	161	156	850.576
-2.094395	0.850607	-1.335383	148	164	155	850.202
-2.356194	0.571433	-1.188419	147	166	3	849.833
-2.617994	0.709924	0.218797	26	19	131	849.761
0.785398	1.741644	-2.695914	2	149	142	849.483
-1.047198	1.948085	-2.363031	22	10	146	849.479
-0.261799	1.872854	1.543456	156	153	25	849.444
-2.094395	2.456751	-1.503343	156	17	30	849.405
-3.141593	2.115563	0.685730	147	165	150	849.362
-1.308997	2.863997	0.549740	16	7	159	849.350
-2.879793	1.134497	-1.109631	21	164	154	849.302
-2.356194	2.073035	2.027405	154	165	26	849.071
2.094395	1.756530	-2.105156	20	21	132	848.810
-2.356194	2.104282	-0.813972	148	163	156	848.629
-3.141593	1.256302	0.062705	11	5	132	848.356
-2.879793	2.379497	0.561089	144	162	153	848.268
-1.832596	2.588535	-2.976617	18	1	153	848.231
-1.832596	1.025536	1.576859	6	17	118	847.825
2.879793	2.033014	2.977192	167	4	136	847.806
-1.047198	0.674054	1.013609	167	23	120	847.752
0.000000	2.704512	1.488683	21	161	5	847.619
-3.141593	0.709924	0.218797	23	8	130	847.612
1.832596	0.929350	-2.910676	22	12	153	847.603
-2.617994	2.664082	-1.071402	162	24	118	847.043
-1.308997	2.001437	0.381215	8	0	142	846.613
-1.832596	2.349581	-2.702517	10	3	143	846.541
-0.523599	1.617114	-1.572037	21	21	151	846.335
0.523599	2.251330	-2.330739	163	6	126	846.238
-2.879793	2.073035	2.027405	152	161	3	845.790
-3.141593	1.809167	1.213774	158	145	149	845.463
-1.308997	1.699788	2.452890	167	156	144	845.428
1.832596	2.664082	-1.071402	152	156	145	845.230
-2.094395	1.045978	0.343692	155	140	151	845.186
-2.356194	2.984978	1.954446	152	163	149	845.076
0.261799	1.433411	-1.035986	21	162	160	844.982
-1.570796	2.033014	2.977192	13	163	138	844.881
-1.308997	2.664082	-1.071402	165	14	118	844.471
1.308997	2.115563	0.685730	156	7	138	844.342
-1.570796	1.440580	2.260026	161	157	142	844.335
-2.356194	0.906588	1.252948	153	151	0	844.273
1.570796	0.899350	-2.069907	24	11	152	844.147
1.832596	2.153910	-1.714959	160	151	142	844.078
-2.094395	1.606104	-0.451151	9	23	20	843.957
0.000000	1.756530	-2.105156	146	165	164	843.857
-2.879793	1.504028	0.636812	25	4	135	843.786
2.094395	1.662363	0.915448	162	27	13	843.719
1.570796	2.343981	-1.040456	16	12	124	843.644
0.000000	2.719179	-1.780644	147	3	2	843.429
1.047198	1.510910	-0.740472	162	158	143	843.391
1.047198	1.836682	-0.676006	20	3	132	843.272
1.570796	0.733948	3.021411	8	20	134	843.215
2.617994	2.456751	-1.503343	164	144	143	843.109
1.832596	2.115563	0.685730	162	165	138	842.916
0.261799	2.379497	0.561089	152	156	149	842.899
-2.617994	1.440580	2.260026	158	162	28	842.753
-1.570796	2.356369	3.005869	12	162	143	842.696
-2.356194	1.998705	2.370472	157	152	1	842.663
1.570796	2.979456	-1.009304	145	158	5	842.646
2.094395	2.455966	-0.641220	149	163	144	842.610
1.832596	1.545873	-1.877082	142	164	31	841.987
1.832596	1.909857	-0.381669	167	160	140	841.754
2.356194	1.836682	-0.676006	167	15	129	841.598
0.523599	1.617114	-1.572037	147	6	21	841.563
-2.879793	1.696674	-1.253233	151	160	164	841.489
-1.570796	1.504028	0.636812	143	4	34	841.480
-1.570796	0.733948	3.021411	21	12	21	841.305
2.879793	1.256302	0.062705	8	2	132	841.243
-2.617994	2.637879	2.121598	12	161	144	841.159
-2.879793	2.295480	1.008277	149	161	153	841.000
-2.879793	2.592629	0.909713	143	166	155	840.671
-1.047198	2.863997	0.549740	18	7	164	840.363
-1.832596	0.700570	1.559208	161	20	117	840.320
-2.617994	1.982574	-1.115518	151	35	128	840.287
0.523599	1.510910	-0.740472	160	158	143	840.241
0.785398	0.290380	-0.796960	21	8	27	840.093
-0.785398	1.256302	0.062705	5	8	133	840.030
1.047198	1.662363	0.915448	160	13	132	839.773
-1.047198	1.194549	-0.801900	153	17	134	839.648
0.523599	0.290380	-0.796960	21	4	27	839.542
2.879793	1.214854	-1.966664	162	14	36	839.534
2.879793	2.379497	0.561089	147	166	150	839.455
2.617994	1.904882	-1.478089	11	10	30	839.278
-0.785398	2.180315	-1.357379	167	12	127	838.756
-0.261799	1.504028	0.636812	7	16	137	838.753
0.000000	1.135834	-1.431087	163	14	36	838.711
-2.617994	0.762244	-0.273349	163	151	142	838.686
-1.570796	0.496451	0.593859	155	160	149	838.536
-1.047198	1.998705	2.370472	139	148	152	838.287
2.617994	0.709924	0.218797	25	1	4	838.268
0.000000	2.881233	-2.582574	21	8	155	838.231
-0.785398	0.960688	-0.577532	154	155	145	838.157
-1.308997	1.194549	-0.801900	155	19	132	838.047
-1.308997	1.301460	-0.509251	165	15	130	837.954
1.570796	0.458961	-0.107937	18	24	152	837.730
-2.617994	1.014500	0.906702	156	167	36	837.655
2.879793	1.247695	1.809890	19	5	23	837.617
-1.832596	2.247462	0.191623	1	0	138	837.566
2.356194	1.948085	-2.363031	19	22	130	837.454
0.000000	1.998705	2.370472	150	155	156	837.332
-1.308997	1.256302	0.062705	2	4	134	837.309
-3.141593	1.606104	-0.451151	165	14	130	837.295
1.047198	2.592629	0.909713	153	151	152	837.020
-2.094395	2.041297	-2.664597	167	20	133	836.874
-0.785398	2.455966	-0.641220	145	167	18	836.497
-2.356194	2.180315	-1.357379	156	151	10	836.358
-2.356194	2.153910	-1.714959	9	15	130	836.268
1.832596	2.984978	1.954446	18	6	135	836.092
2.617994	1.846342	-1.796954	1	14	34	836.060
-1.570796	2.724429	-0.348782	15	165	144	835.899
-2.879793	0.762244	-0.273349	25	6	138	835.739
-0.523599	1.184361	0.625864	16	10	142	835.686
-1.832596	2.108018	1.311430	149	159	21	835.653
-2.879793	1.809167	1.213774	144	0	165	835.425
-2.617994	2.407836	1.410646	144	167	17	835.371
-1.832596	1.135813	-2.658866	144	26	21	835.230
-1.832596	1.721184	-0.153948	3	25	17	834.953
-2.356194	1.448123	-2.163292	153	31	138	834.658
-0.523599	1.214854	-1.966664	24	19	146	834.334
-3.141593	1.824694	1.850876	149	2	2	834.104
2.356194	2.704512	1.488683	20	21	4	833.865
0.000000	1.836682	-0.676006	20	153	8	833.766
-2.617994	0.850607	-1.335383	23	167	153	833.597
1.047198	1.247695	1.809890	8	17	136	833.481
-0.261799	2.478122	2.609777	147	157	149	833.473
0.523599	2.592629	0.909713	153	159	151	833.018
-0.523599	0.674054	1.013609	19	14	144	832.959
0.785398	0.709924	0.218797	12	13	141	832.805
2.356194	1.504028	0.636812	152	29	142	832.507
2.094395	2.343981	-1.040456	16	21	124	832.409
-2.879793	1.555207	1.708892	154	154	4	832.301
-0.261799	0.866955	-0.931351	152	0	148	832.229
1.832596	0.700570	1.559208	154	20	19	832.126
0.261799	0.992645	-1.723759	148	160	158	831.915
2.879793	1.741644	-2.695914	16	29	138	831.889
2.879793	0.297065	2.160177	150	36	128	831.729
-0.261799	0.615174	-0.666022	155	162	145	831.698
-3.141593	2.295480	1.008277	148	161	0	831.438
0.000000	1.325504	-1.671296	149	163	145	831.224
-2.617994	1.194549	-0.801900	146	3	161	831.203
0.785398	1.696674	-1.253233	152	159	151	830.940
-3.141593	0.961715	0.014085	22	1	137	830.889
-0.523599	1.545873	-1.877082	23	19	151	830.671
1.308997	1.555207	1.708892	15	157	30	830.658
1.832596	1.134497	-1.109631	138	151	3	830.374
1.308997	0.992645	-1.723759	26	7	154	830.342
-2.617994	0.379747	-1.713059	17	167	139	830.236
2.356194	2.664082	-1.071402	156	152	145	830.157
1.047198	1.214854	-1.966664	22	1	143	830.107
1.570796	0.762244	-0.273349	18	21	147	829.962
0.523599	1.450119	-2.739050	7	27	134	829.845
-2.356194	2.108018	1.311430	144	162	162	829.823
-0.523599	1.256302	0.062705	6	11	133	829.709
1.570796	1.134497	-1.109631	135	157	3	829.590
1.308997	1.683268	0.374177	159	4	138	829.531
-0.261799	1.448123	-2.163292	153	135	166	829.530
2.879793	0.458961	-0.107937	21	3	131	829.501
-1.047198	2.664082	-1.071402	0	12	118	829.392
2.094395	0.615174	-0.666022	20	22	157	829.244
2.356194	1.113094	-0.272241	6	157	140	829.063
-1.047198	2.579248	-2.364801	17	12	148	828.991
-2.094395	1.325504	-1.671296	150	163	151	828.859
2.094395	0.831641	0.616218	160	27	13	828.578
-2.094395	1.824694	1.850876	134	8	156	828.412
-0.523599	2.164094	-2.991358	147	144	143	828.292
-2.094395	1.310100	1.488307	12	12	119	828.260
-0.523599	0.370812	-2.547742	146	158	13	828.077
1.047198	2.180315	-1.357379	149	159	158	828.035
1.832596	1.448123	-2.163292	26	15	140	827.918
0.785398	1.809167	1.213774	156	18	129	827.835
-1.308997	2.724429	-0.348782	145	14	9	827.426
0.261799	2.719179	-1.780644	143	18	153	827.380
-0.785398	2.984978	1.954446	147	160	154	827.233
1.047198	2.404280	-0.174044	140	0	167	827.198
-1.047198	1.766067	2.153843	137	154	14	827.187
-2.879793	2.407836	1.410646	145	3	165	826.964
2.617994	2.379497	0.561089	146	8	151	826.729
-2.879793	2.115563	0.685730	143	164	156	826.650
-0.523599	2.984978	1.954446	149	155	155	826.610
-2.094395	1.812176	0.656819	11	145	143	826.604
1.047198	1.195355	1.200319	1	13	129	826.556
-0.523599	1.812176	0.656819	9	4	140	826.464
-0.785398	1.721184	-0.153948	4	9	131	826.462
0.261799	0.685216	-1.712745	150	165	149	826.296
0.000000	2.478122	2.609777	153	145	138	826.202
-1.832596	2.033014	2.977192	7	160	138	826.037
0.261799	1.872854	1.543456	164	20	132	825.887
2.094395	1.683268	0.374177	152	29	140	825.814
2.356194	2.343981	-1.040456	163	32	127	825.692
0.261799	0.906588	1.252948	16	15	153	825.510
1.832596	2.063651	-2.044600	16	15	126	825.424
-2.617994	0.571433	-1.188419	157	151	162	825.190
-1.832596	1.450119	-2.739050	6	30	7	825.066
-2.617994	2.180315	-1.357379	153	159	161	824.848
-2.617994	0.290380	-0.796960	25	8	133	824.566
1.570796	1.184361	0.625864	166	31	26	824.465
-0.785398	2.041297	-2.664597	23	17	144	824.331
1.832596	2.592629	0.909713	19	24	5	823.917
-1.047198	0.685216	-1.712745	22	10	139	823.576
-3.141593	0.700570	1.559208	151	154	157	823.495
-2.356194	1.134497	-1.109631	147	166	157	823.492
-1.832596	1.662363	0.915448	160	143	8	823.378
-0.785398	1.948085	-2.363031	23	14	146	823.351
-0.785398	1.504028	0.636812	16	6	144	823.304
-2.356194	0.203748	0.590255	147	160	2	823.264
-3.141593	1.247695	1.809890	151	153	144	823.211
-1.832596	1.374601	-2.456031	3	31	0	823.061
1.570796	1.721184	-0.153948	161	29	133	822.982
-2.356194	1.301460	-0.509251	142	1	161	822.730
-1.308997	1.488617	1.159546	144	2	35	822.221
-2.617994	2.089241	-0.114193	165	4	135	822.153
-3.141593	2.164094	-2.991358	15	9	143	822.123
1.047198	1.545873	-1.877082	2	1	34	821.955
0.000000	1.413347	-1.339188	161	9	39	821.802
0.523599	1.413347	-1.339188	17	160	143	821.752
-0.261799	0.571433	-1.188419	150	156	165	821.569
-2.879793	1.184361	0.625864	24	11	128	821.551
-2.879793	1.766067	2.153843	151	166	0	821.365
-1.308997	0.080730	-2.622036	158	149	143	821.343
1.047198	2.356369	3.005869	163	42	8	821.049
1.047198	1.741644	-2.695914	161	164	31	821.008
-2.879793	1.812176	0.656819	158	28	28	820.988
0.000000	1.824694	1.850876	149	9	161	820.886
1.047198	0.290380	-0.796960	24	12	11	820.234
-2.356194	0.379747	-1.713059	149	162	10	820.193
-1.047198	2.001437	0.381215	13	3	144	820.117
-2.617994	2.881233	-2.582574	11	12	133	820.088
-0.785398	1.870545	-2.976234	139	148	156	819.875
-2.094395	1.195355	1.200319	14	21	120	819.750
2.879793	2.349581	-2.702517	14	25	129	819.723
-2.617994	2.295480	1.008277	147	158	155	819.456
-0.523599	0.866955	-0.931351	152	155	146	819.257
-1.832596	1.510910	-0.740472	30	15	13	819.248
-2.879793	2.001437	0.381215	160	144	0	819.205
1.832596	2.343981	-1.040456	17	15	124	819.183
1.832596	1.812176	0.656819	166	30	13	819.108
2.094395	1.488617	1.159546	161	26	16	818.941
-3.141593	2.299159	2.264663	20	25	164	818.897
2.617994	0.290380	-0.796960	19	7	3	818.808
-0.261799	2.637879	2.121598	165	32	19	818.779
2.617994	0.700570	1.559208	153	15	18	818.689
0.261799	2.063651	-2.044600	144	166	152	818.188
1.832596	1.658653	-2.409879	23	14	135	818.133
2.617994	2.295480	1.008277	150	148	159	818.073
1.832596	0.618092	2.539118	17	13	155	818.035
0.523599	1.658653	-2.409879	153	155	19	817.896
-2.356194	2.724429	-0.348782	21	12	166	817.762
-1.047198	1.809167	1.213774	23	18	146	817.572
-0.261799	1.909857	-0.381669	7	152	139	817.433
-3.141593	1.869911	2.701025	148	2	7	817.326
2.356194	0.419640	2.974122	141	34	133	817.321
-2.094395	0.831641	0.616218	159	140	152	817.298
-1.047198	1.569311	-3.003978	138	5	10	817.229
1.570796	2.984978	1.954446	15	12	124	817.128
1.570796	1.574060	2.783565	4	23	11	817.031
-3.141593	0.615174	-0.666022	18	163	140	816.913
-1.308997	1.310100	1.488307	12	22	120	816.830
-1.047198	1.128190	-2.288622	135	158	1	816.812
2.617994	1.736875	3.023612	19	25	140	816.694
2.617994	1.301460	-0.509251	20	158	21	816.650
0.523599	0.960688	-0.577532	26	164	18	816.520
2.094395	0.762244	-0.273349	11	16	144	816.412
1.047198	0.571433	-1.188419	25	4	8	816.263
-1.832596	2.881233	-2.582574	9	14	134	816.229
1.047198	0.619654	-2.216909	18	3	157	816.146
2.617994	2.153910	-1.714959	1	146	139	816.111
-1.570796	2.001437	0.381215	8	157	148	815.879
-0.523599	2.295480	1.008277	18	9	157	815.863
1.570796	1.335669	0.897240	164	31	31	815.861
-1.047198	1.721184	-0.153948	9	151	143	815.453
0.000000	1.617114	-1.572037	149	6	148	815.417
-0.523599	2.153910	-1.714959	163	27	22	815.340
0.000000	0.290380	-0.796960	153	155	6	814.983
-1.308997	1.335669	0.897240	147	0	39	814.973
1.832596	1.488617	1.159546	165	27	16	814.914
-0.785398	1.741644	-2.695914	23	17	139	814.832
0.000000	2.407836	1.410646	153	157	12	814.696
-2.879793	1.836682	-0.676006	149	8	13	814.673
-0.261799	0.290380	-0.796960	152	154	7	814.658
-0.261799	1.554776	0.100351	14	152	20	814.529
-0.785398	1.545873	-1.877082	23	14	150	814.313
-2.094395	1.417623	-0.202254	10	24	15	814.281
-0.785398	1.658653	-2.409879	23	14	143	814.008
2.617994	0.733948	3.021411	135	25	135	813.885
2.356194	2.984978	1.954446	22	9	154	813.817
2.617994	0.960688	-0.577532	11	16	144	813.661
1.047198	0.685216	-1.712745	21	3	158	813.602
-0.261799	2.588535	-2.976617	141	0	160	813.546
-0.523599	0.615174	-0.666022	151	5	147	813.546
-0.785398	1.128190	-2.288622	22	12	139	813.464
2.617994	0.866395	-2.492918	142	12	3	813.423
0.000000	0.992645	-1.723759	146	161	155	813.279
-0.523599	2.104282	-0.813972	4	6	128	813.215
-2.617994	1.325504	-1.671296	12	20	19	813.074
0.000000	2.138223	1.678323	167	26	133	813.027
-3.141593	1.977582	0.969896	17	138	141	812.963
-2.356194	2.404280	-0.174044	9	2	145	812.903
0.000000	0.914445	2.687814	151	155	167	812.900
-1.047198	1.448123	-2.163292	22	8	144	812.863
-1.570796	2.579248	-2.364801	20	6	151	812.852
-2.094395	2.343981	-1.040456	155	164	132	812.738
2.356194	0.700570	1.559208	155	18	19	812.667
-2.356194	1.812176	0.656819	30	16	139	812.437
-2.879793	2.455966	-0.641220	160	31	121	812.182
-2.617994	1.510910	-0.740472	144	8	154	812.160
0.523599	1.846342	-1.796954	149	158	159	812.121
2.617994	0.458961	-0.107937	14	164	132	812.069
-2.094395	1.448123	-2.163292	6	29	166	811.977
-3.141593	1.510910	-0.740472	15	0	147	811.936
0.000000	2.153910	-1.714959	149	161	148	811.832
-0.261799	2.396274	-1.959260	13	14	148	811.480
-2.617994	1.504028	0.636812	27	12	133	811.448
-2.356194	2.343981	-1.040456	19	3	159	811.349
-0.785398	0.866395	-2.492918	140	155	8	810.720
-0.261799	1.413347	-1.339188	164	34	27	810.636
-2.879793	1.440580	2.260026	159	162	28	810.522
-1.570796	0.619654	-2.216909	28	6	142	810.410
-0.523599	2.719179	-1.780644	151	5	15	809.993
-2.879793	0.297065	2.160177	154	163	133	809.920
2.356194	2.115563	0.685730	149	149	156	809.650
2.879793	1.809167	1.213774	153	148	148	809.577
-0.785398	0.899350	-2.069907	22	11	141	809.545
1.570796	1.554776	0.100351	163	166	140	809.408
2.356194	0.618092	2.539118	1	19	47	809.292
-2.094395	2.664082	-1.071402	19	8	166	809.229
-2.617994	2.001437	0.381215	6	17	137	809.160
-1.832596	1.433411	-1.035986	29	14	14	809.003
-2.879793	1.977582	0.969896	144	165	164	808.940
2.356194	1.732874	-0.951685	3	13	129	808.581
2.356194	1.135834	-1.431087	15	18	134	808.395
1.047198	2.455966	-0.641220	161	160	142	808.391
0.523599	2.033014	2.977192	166	133	0	808.343
1.832596	0.961715	0.014085	10	166	148	808.316
2.879793	2.588535	-2.976617	16	22	131	808.286
1.832596	1.194549	-0.801900	8	21	129	808.244
2.879793	0.709924	0.218797	20	3	130	808.237
0.000000	1.194549	-0.801900	154	162	146	808.169
2.094395	1.391910	3.030322	13	19	139	808.094
-1.832596	1.606104	-0.451151	7	26	20	808.051
2.094395	2.063651	-2.044600	1	150	142	807.753
1.570796	2.247462	0.191623	163	154	147	807.691
-2.356194	1.510910	-0.740472	150	152	145	807.251
0.785398	1.846342	-1.796954	151	155	159	807.229
-2.356194	2.115563	0.685730	6	16	136	807.218
-3.141593	0.297065	2.160177	147	34	128	807.084
2.617994	2.724429	-0.348782	148	158	148	807.070
-2.879793	1.050534	3.042579	166	159	27	807.061
-2.879793	0.700570	1.559208	151	165	155	807.022
-1.570796	0.929350	-2.910676	144	20	27	807.010
-1.832596	2.089241	-0.114193	1	26	18	806.934
-1.047198	0.370812	-2.547742	144	165	19	806.846
-0.785398	1.301460	-0.509251	141	146	159	806.747
2.094395	1.301460	-0.509251	2	24	129	806.716
-0.785398	1.606104	-0.451151	142	145	151	806.305
2.356194	2.104282	-0.813972	166	26	12	806.234
1.570796	2.153910	-1.714959	5	21	128	806.065
2.356194	1.756530	-2.105156	15	27	132	805.965
-1.570796	2.295480	1.008277	138	165	6	805.849
1.308997	0.458961	-0.107937	21	15	160	805.737
-1.047198	1.301460	-0.509251	137	151	160	805.655
2.617994	0.992645	-1.723759	18	16	137	805.397
0.261799	2.704512	1.488683	142	20	163	805.380
0.261799	2.478122	2.609777	158	143	138	805.214
-0.523599	1.569311	-3.003978	19	21	133	804.801
-2.617994	1.683268	0.374177	30	9	144	804.636
-2.356194	2.379497	0.561089	10	17	139	804.608
1.047198	2.407836	1.410646	24	5	136	804.595
2.094395	2.180315	-1.357379	161	153	141	804.407
-3.141593	2.041297	-2.664597	5	28	129	804.294
-0.523599	1.448123	-2.163292	24	18	145	804.124
0.261799	1.045978	0.343692	17	4	147	803.911
-2.879793	1.195355	1.200319	147	160	2	803.665
-0.785398	2.063651	-2.044600	18	13	147	803.650
-2.617994	0.297065	2.160177	11	22	8	803.047
-1.832596	0.762244	-0.273349	150	151	151	802.794
1.570796	2.187132	-0.479875	161	160	141	802.746
0.523599	0.709924	0.218797	4	13	135	802.697
-2.356194	2.164094	-2.991358	3	4	139	802.630
1.047198	1.875281	0.107086	163	29	136	802.521
-2.879793	0.458961	-0.107937	25	12	132	802.456
2.617994	1.194549	-0.801900	3	165	137	802.451
-3.141593	2.247462	0.191623	150	159	147	802.410
0.261799	2.349581	-2.702517	23	163	11	802.409
0.000000	1.948085	-2.363031	144	166	165	802.269
1.308997	2.295480	1.008277	149	11	136	802.168
1.308997	0.850607	-1.335383	142	161	151	801.930
0.785398	0.866955	-0.931351	27	0	3	801.884
-2.617994	2.393226	1.857173	154	155	166	801.878
-2.617994	1.335669	0.897240	145	158	165	801.784
2.356194	1.218453	2.777284	139	163	157	801.739
-1.047198	1.545873	-1.877082	14	30	13	801.715
0.261799	2.041297	-2.664597	167	158	26	801.529
0.000000	2.343981	-1.040456	0	3	121	801.455
2.356194	0.914445	2.687814	141	166	152	801.345
-1.308997	1.869911	2.701025	154	20	12	801.305
-1.570796	1.909857	-0.381669	164	2	33	801.241
1.047198	1.310100	1.488307	6	14	136	801.220
1.308997	1.135834	-1.431087	135	0	8	801.137
1.832596	2.247462	0.191623	162	155	146	800.912
2.617994	1.836682	-0.676006	165	17	128	800.898
-1.047198	2.478122	2.609777	142	8	2	800.749
2.879793	2.251330	-2.330739	12	25	127	800.239
-1.047198	1.168678	2.108595	148	11	17	800.144
2.356194	1.683268	0.374177	152	28	139	799.787
-2.356194	1.504028	0.636812	27	18	133	799.731
-0.261799	0.906588	1.252948	146	158	4	799.722
1.308997	1.135813	-2.658866	146	166	18	799.658
-3.141593	1.413347	-1.339188	13	1	142	799.649
2.094395	1.335669	0.897240	162	27	13	799.617
-0.523599	2.001437	0.381215	17	167	150	799.430
0.785398	2.664082	-1.071402	149	162	163	799.396
1.308997	1.732874	-0.951685	24	6	135	799.291
1.308997	0.910508	1.903534	17	6	145	799.271
-2.879793	0.379747	-1.713059	18	14	161	799.175
2.617994	0.618092	2.539118	166	19	47	799.125
1.308997	1.433411	-1.035986	3	22	123	799.100
-1.570796	1.488617	1.159546	21	11	134	798.974
1.832596	1.242974	-2.977882	2	165	34	798.924
0.261799	0.899350	-2.069907	16	7	148	798.922
2.094395	2.984978	1.954446	18	8	135	798.911
0.785398	1.812176	0.656819	157	11	136	798.899
1.832596	0.615174	-0.666022	19	21	148	798.606
0.261799	0.571433	-1.188419	153	157	151	798.580
-1.047198	1.050534	3.042579	156	24	18	798.426
1.570796	1.433411	-1.035986	140	154	164	798.375
-2.879793	0.864993	2.278281	160	160	28	798.367
1.570796	0.297065	2.160177	151	15	20	798.171
-1.047198	1.214854	-1.966664	23	8	146	798.160
-2.356194	1.977582	0.969896	1	14	136	798.021
-2.356194	2.881233	-2.582574	12	16	137	798.008
1.832596	2.760637	2.781135	16	11	124	797.937
-1.308997	1.247695	1.809890	161	161	137	797.859
1.308997	1.904882	-1.478089	154	16	124	797.803
-0.523599	1.846342	-1.796954	164	29	19	797.750
0.261799	2.637879	2.121598	19	160	6	797.619
-1.570796	0.080730	-2.622036	14	166	130	797.397
2.879793	1.766067	2.153843	146	148	8	797.368
1.308997	1.050534	3.042579	5	20	133	797.182
1.570796	2.356369	3.005869	150	38	8	797.177
1.832596	1.335669	0.897240	166	28	13	797.141
2.879793	2.863997	0.549740	0	157	127	797.109
-1.832596	2.393226	1.857173	148	164	23	797.021
-0.261799	2.295480	1.008277	154	155	16	797.009
-3.141593	1.545873	-1.877082	144	156	8	796.955
2.094395	1.433411	-1.035986	9	17	130	796.936
-0.261799	2.174483	2.653697	147	160	151	796.589
-2.617994	1.741644	-2.695914	161	26	134	796.568
2.356194	2.456751	-1.503343	160	25	129	796.567
-0.523599	1.756530	-2.105156	147	5	167	796.428
-2.617994	1.662363	0.915448	148	156	157	796.391
1.308997	0.929350	-2.910676	154	36	7	796.371
0.261799	2.073035	2.027405	154	154	158	796.260
0.000000	1.510910	-0.740472	20	153	15	796.171
-1.308997	2.174483	2.653697	150	19	10	796.167
0.785398	2.153910	-1.714959	149	158	160	796.152
-3.141593	2.863997	0.549740	144	163	153	796.072
0.523599	2.396274	-1.959260	165	10	123	796.063
-1.308997	2.247462	0.191623	157	5	29	796.048
1.308997	2.356369	3.005869	155	41	7	796.038
-3.141593	1.875281	0.107086	154	34	0	795.962
-2.879793	1.824694	1.850876	152	159	167	795.833
-1.308997	1.606104	-0.451151	2	10	130	795.760
-3.141593	2.001437	0.381215	159	36	0	795.472
1.570796	1.413347	-1.339188	31	8	153	795.312
-1.047198	1.812176	0.656819	8	9	139	795.222
1.047198	1.488617	1.159546	161	14	127	795.057
2.094395	0.419640	2.974122	16	11	161	794.870
-2.094395	2.180315	-1.357379	7	11	130	794.642
1.570796	2.001437	0.381215	161	167	141	794.589
-1.570796	2.396274	-1.959260	165	6	134	794.356
-1.047198	1.113094	-0.272241	138	151	164	794.309
-0.785398	2.579248	-2.364801	4	148	134	794.281
0.523599	1.599406	1.426070	143	166	146	794.004
-0.785398	0.866955	-0.931351	150	159	145	793.968
-2.094395	1.450119	-2.739050	151	29	138	793.817
-2.879793	1.699788	2.452890	158	149	22	793.671
1.047198	1.256302	0.062705	18	156	143	793.666
-0.785398	1.247695	1.809890	161	161	137	793.528
-0.785398	1.450119	-2.739050	147	20	143	793.518
2.879793	1.050534	3.042579	164	159	26	793.457
-0.523599	0.709924	0.218797	145	6	154	793.382
-2.879793	0.850607	-1.335383	152	160	156	793.303
-2.879793	1.904882	-1.478089	19	6	160	793.194
-1.832596	1.875281	0.107086	31	25	17	793.185
0.261799	2.138223	1.678323	165	24	133	793.146
-2.879793	2.180315	-1.357379	19	2	159	793.000
-2.356194	0.640596	-2.797608	148	164	164	792.875
0.261799	1.606104	-0.451151	165	28	134	792.866
0.000000	1.050534	3.042579	21	1	16	792.856
-0.785398	1.134497	-1.109631	151	18	135	792.786
-1.570796	1.184361	0.625864	148	4	42	792.781
2.617994	1.310100	1.488307	146	12	137	792.666
-2.617994	1.050534	3.042579	147	166	162	792.627
-2.617994	1.413347	-1.339188	149	166	0	792.557
1.570796	1.756530	-2.105156	149	4	38	792.530
2.879793	1.736875	3.023612	13	27	138	792.527
2.617994	1.732874	-0.951685	4	17	129	792.399
1.047198	2.187132	-0.479875	162	161	142	792.383
-2.094395	2.115563	0.685730	13	144	144	792.285
-1.047198	1.741644	-2.695914	21	12	138	792.225
-3.141593	1.756530	-2.105156	0	33	132	792.188
-1.308997	2.984978	1.954446	15	15	145	792.044
2.617994	0.866955	-0.931351	8	164	141	791.986
1.047198	1.335669	0.897240	163	12	129	791.953
2.356194	2.356369	3.005869	24	22	137	791.939
2.356194	1.846342	-1.796954	13	29	129	791.851
-0.785398	0.615174	-0.666022	151	154	150	791.825
-1.047198	0.906588	1.252948	153	165	142	791.550
-1.047198	1.510910	-0.740472	159	18	10	791.492
-1.570796	1.766067	2.153843	167	147	7	791.475
-1.308997	2.456751	-1.503343	1	28	16	791.391
0.785398	2.164094	-2.991358	159	155	28	791.344
2.879793	0.290380	-0.796960	11	162	134	791.203
0.785398	1.948085	-2.363031	167	13	132	790.965
2.356194	1.134497	-1.109631	8	20	129	790.870
2.617994	2.343981	-1.040456	13	26	124	790.856
0.523599	1.045978	0.343692	18	7	147	790.652
-0.261799	0.640596	-2.797608	149	151	15	790.642
1.308997	0.571433	-1.188419	27	6	11	790.615
1.570796	2.041297	-2.664597	8	157	140	790.477
-2.879793	2.579248	-2.364801	154	17	23	790.449
2.879793	1.721184	-0.153948	162	21	130	790.282
1.047198	1.658653	-2.409879	2	12	134	790.254
-1.570796	1.301460	-0.509251	163	15	130	790.105
0.785398	1.870545	-2.976234	167	148	142	789.968
-0.785398	1.756530	-2.105156	23	13	148	789.950
2.356194	2.724429	-0.348782	147	162	148	789.770
1.308997	1.909857	-0.381669	167	144	11	789.761
-0.785398	2.343981	-1.040456	146	163	19	789.699
-3.141593	1.812176	0.656819	22	141	144	789.693
-0.523599	0.831641	0.616218	16	14	139	789.656
-2.617994	1.977582	0.969896	3	16	136	789.457
-2.356194	1.606104	-0.451151	32	11	5	789.400
2.094395	0.910508	1.903534	10	9	130	789.269
-3.141593	1.242974	-2.977882	12	11	139	789.220
1.047198	1.732874	-0.951685	140	165	166	788.970
2.617994	1.696674	-1.253233	12	6	30	788.934
2.094395	0.700570	1.559208	152	17	19	788.766
-0.261799	1.998705	2.370472	146	157	157	788.671
-1.570796	2.760637	2.781135	148	21	4	788.562
0.261799	2.343981	-1.040456	9	5	121	788.482
-2.094395	1.025536	1.576859	6	16	118	788.457
1.047198	1.325504	-1.671296	24	0	144	788.441
0.261799	2.579248	-2.364801	158	12	122	788.376
2.094395	1.195355	1.200319	158	24	21	788.289
-1.308997	1.721184	-0.153948	2	6	132	788.265
2.617994	1.812176	0.656819	161	25	136	788.155
-2.094395	0.866955	-0.931351	142	163	167	787.977
2.617994	0.418037	1.360082	151	15	14	787.926
1.832596	1.869911	2.701025	0	23	7	787.891
0.261799	2.881233	-2.582574	20	12	154	787.847
1.570796	1.846342	-1.796954	21	16	127	787.716
2.094395	2.760637	2.781135	17	15	124	787.594
-3.141593	1.413430	2.550734	167	159	32	787.581
-0.785398	2.393226	1.857173	20	30	135	787.531
-1.832596	2.456751	-1.503343	155	17	119	787.435
-2.617994	2.041297	-2.664597	164	23	130	787.399
1.570796	1.982574	-1.115518	23	12	131	787.119
-2.617994	1.184361	0.625864	152	0	32	787.057
0.261799	2.407836	1.410646	21	2	4	786.877
1.047198	1.184361	0.625864	158	4	29	786.681
-3.141593	1.699788	2.452890	150	3	4	786.607
2.879793	1.836682	-0.676006	1	17	129	786.529
-2.356194	1.662363	0.915448	27	14	132	786.467
-0.523599	2.592629	0.909713	17	8	152	786.370
1.308997	0.762244	-0.273349	23	12	153	786.337
2.356194	0.906588	1.252948	154	20	21	786.330
1.047198	2.164094	-2.991358	165	164	34	786.131
-2.617994	1.256302	0.062705	151	167	25	786.076
2.094395	1.904882	-1.478089	27	12	143	786.065
-1.308997	1.504028	0.636812	145	166	34	786.050
1.047198	2.724429	-0.348782	146	162	8	785.872
1.308997	0.685216	-1.712745	141	164	153	785.863
0.000000	2.041297	-2.664597	151	158	20	785.778
1.047198	2.295480	1.008277	151	14	137	785.701
0.523599	1.909857	-0.381669	31	159	8	785.646
2.356194	0.080730	-2.622036	20	10	27	785.607
0.785398	1.325504	-1.671296	20	163	144	785.536
1.047198	0.831641	0.616218	18	161	153	785.510
-1.832596	1.812176	0.656819	8	29	7	785.375
0.785398	1.301460	-0.509251	138	25	146	785.211
-3.141593	1.195355	1.200319	144	166	162	785.133
0.000000	2.664082	-1.071402	20	165	160	785.126
-2.356194	1.836682	-0.676006	0	4	43	785.104
1.570796	0.379747	-1.713059	24	9	11	785.090
2.617994	1.721184	-0.153948	163	22	130	785.026
-0.523599	2.588535	-2.976617	142	8	160	784.734
-2.356194	1.374601	-2.456031	154	33	140	784.514
-2.094395	0.571433	-1.188419	140	6	3	784.430
-2.617994	2.115563	0.685730	30	7	145	784.398
-2.879793	0.615174	-0.666022	23	167	140	784.368
0.000000	1.846342	-1.796954	148	167	162	784.210
1.832596	0.571433	-1.188419	163	7	125	784.062
-1.308997	2.299159	2.264663	140	156	141	783.966
-3.141593	1.836682	-0.676006	152	28	166	783.855
0.261799	0.850607	-1.335383	156	146	1	783.820
-1.308997	2.115563	0.685730	10	1	145	783.734
-2.356194	0.831641	0.616218	147	163	152	783.587
2.617994	2.393226	1.857173	160	23	19	783.289
-2.879793	1.256302	0.062705	12	1	132	783.158
-0.261799	1.417623	-0.202254	6	11	131	783.048
0.523599	1.128190	-2.288622	10	1	144	782.991
-3.141593	0.762244	-0.273349	22	167	139	782.759
-3.141593	2.979456	-1.009304	8	16	119	782.710
-2.617994	1.488617	1.159546	149	158	157	782.590
-0.785398	1.555207	1.708892	163	166	138	782.581
0.261799	2.455966	-0.641220	24	162	163	782.477
-1.570796	1.413430	2.550734	161	153	145	782.464
2.879793	2.407836	1.410646	149	8	9	782.422
-2.356194	2.187132	-0.479875	10	0	145	782.295
2.094395	2.863997	0.549740	160	154	147	782.218
0.785398	1.545873	-1.877082	146	21	30	782.216
2.094395	1.606104	-0.451151	1	21	129	782.213
1.047198	1.606104	-0.451151	162	159	145	782.004
0.261799	2.108018	1.311430	21	7	8	781.943
1.047198	2.863997	0.549740	27	0	162	781.855
-2.356194	1.824694	1.850876	152	165	28	781.787
0.785398	2.637879	2.121598	13	9	120	781.739
-3.141593	2.588535	-2.976617	15	22	139	781.737
-1.047198	2.174483	2.653697	140	150	146	781.692
-1.047198	1.909857	-0.381669	2	13	129	781.681
2.617994	1.662363	0.915448	151	28	144	781.544
-3.141593	1.574060	2.783565	147	5	6	781.385
1.047198	2.251330	-2.330739	167	9	128	781.328
0.261799	2.299159	2.264663	155	149	4	781.301
1.047198	1.555207	1.708892	12	153	30	781.281
0.261799	1.721184	-0.153948	3	21	131	781.190
-2.617994	2.478122	2.609777	149	23	159	781.128
2.617994	1.025536	1.576859	157	19	24	781.020
-2.617994	1.025536	1.576859	149	165	6	781.008
-2.356194	1.766067	2.153843	155	166	28	780.982
0.523599	1.756530	-2.105156	12	135	139	780.955
-0.523599	1.045978	0.343692	164	38	0	780.779
-2.356194	1.658653	-2.409879	154	31	133	780.749
0.785398	2.396274	-1.959260	166	12	124	780.563
2.356194	2.108018	1.311430	149	7	11	780.541
-1.570796	0.914445	2.687814	16	1	131	780.426
2.879793	2.164094	-2.991358	17	6	145	780.402
2.879793	1.872854	1.543456	149	149	152	780.390
1.570796	2.379497	0.561089	140	164	165	780.111
2.879793	1.440580	2.260026	144	151	153	780.087
-3.141593	1.741644	-2.695914	12	9	137	780.007
0.000000	2.180315	-1.357379	160	150	22	779.925
1.308997	2.396274	-1.959260	167	16	126	779.913
0.261799	2.187132	-0.479875	25	157	1	779.911
2.617994	1.247695	1.809890	159	19	26	779.845
0.261799	1.448123	-2.163292	151	157	17	779.815
-0.523599	1.168678	2.108595	20	28	136	779.726
-1.570796	2.588535	-2.976617	7	5	142	779.370
1.570796	1.699788	2.452890	2	22	8	779.312
-3.141593	1.599406	1.426070	146	1	1	778.874
2.094395	1.836682	-0.676006	167	16	129	778.833
2.094395	1.909857	-0.381669	165	19	129	778.819
-1.570796	2.349581	-2.702517	18	4	147	778.679
1.047198	1.506530	1.988858	5	16	134	778.651
2.094395	1.812176	0.656819	161	28	12	778.492
0.000000	0.929350	-2.910676	21	3	19	778.482
-0.523599	0.866395	-2.492918	19	15	132	778.443
2.356194	0.615174	-0.666022	15	15	150	778.404
0.000000	2.164094	-2.991358	157	3	34	778.285
2.356194	0.762244	-0.273349	10	156	141	778.088
2.356194	2.164094	-2.991358	25	18	139	778.012
-3.141593	2.349581	-2.702517	11	27	129	777.990
-1.570796	1.977582	0.969896	28	25	145	777.905
1.832596	1.113094	-0.272241	11	15	141	777.866
0.785398	2.295480	1.008277	157	157	146	777.795
-2.094395	0.496451	0.593859	165	144	23	777.721
-2.617994	0.866955	-0.931351	148	163	0	777.534
-3.141593	1.948085	-2.363031	3	29	130	777.433
-0.523599	2.356369	3.005869	142	4	165	777.420
-0.261799	1.870545	-2.976234	164	29	15	777.289
0.785398	0.685216	-1.712745	19	2	156	777.216
2.617994	1.809167	1.213774	148	151	149	777.180
-1.047198	1.870545	-2.976234	22	15	137	777.164
-2.356194	1.335669	0.897240	151	153	154	777.023
2.094395	0.591903	2.010408	8	157	126	776.924
0.785398	1.413347	-1.339188	156	156	143	776.812
1.570796	1.325504	-1.671296	31	166	155	776.779
-1.047198	1.875281	0.107086	165	5	34	776.779
-2.879793	1.135834	-1.431087	152	159	157	776.756
2.879793	1.325504	-1.671296	17	17	139	776.572
-2.094395	2.295480	1.008277	30	12	143	776.542
-1.570796	1.998705	2.370472	1	156	144	776.309
2.879793	0.866395	-2.492918	144	7	4	776.161
-0.523599	1.982574	-1.115518	165	157	132	776.125
-0.523599	2.760637	2.781135	140	165	165	775.867
-0.785398	0.709924	0.218797	21	164	23	775.832
2.617994	1.256302	0.062705	14	147	144	775.723
2.356194	1.809167	1.213774	145	155	149	775.702
-2.094395	2.588535	-2.976617	152	150	160	775.698
-1.047198	2.063651	-2.044600	20	8	151	775.696
1.832596	1.574060	2.783565	162	15	132	775.664
2.094395	2.704512	1.488683	23	18	4	775.655
-1.570796	1.242974	-2.977882	142	20	20	775.303
0.000000	2.979456	-1.009304	149	153	165	775.294
-1.832596	0.709924	0.218797	158	139	149	775.209
1.570796	1.135813	-2.658866	22	8	147	775.173
1.832596	1.736875	3.023612	160	18	133	774.915
0.523599	2.478122	2.609777	159	149	151	774.814
-0.523599	1.374601	-2.456031	142	144	160	774.797
0.785398	2.704512	1.488683	16	3	129	774.562
-0.523599	1.948085	-2.363031	24	20	146	774.521
2.094395	1.367556	0.358405	154	29	139	774.467
-2.094395	2.349581	-2.702517	150	152	0	774.311
-0.523599	2.637879	2.121598	20	30	142	774.262
-0.523599	0.640596	-2.797608	145	155	14	774.176
-1.570796	1.247695	1.809890	160	161	137	774.086
0.000000	1.045978	0.343692	10	11	137	774.078
-1.570796	2.587733	0.232235	147	162	6	774.069
-2.356194	0.960688	-0.577532	138	25	161	774.056
1.308997	2.456751	-1.503343	161	163	41	773.811
1.308997	0.960688	-0.577532	22	31	157	773.756
2.879793	0.992645	-1.723759	164	9	38	773.742
-3.141593	2.637879	2.121598	162	27	19	773.465
-1.047198	1.904882	-1.478089	163	22	25	773.413
2.617994	1.554776	0.100351	167	18	135	773.315
-0.785398	1.168678	2.108595	22	20	139	773.282
0.000000	1.417623	-0.202254	19	154	21	773.223
-1.832596	1.599406	1.426070	19	17	124	773.213
2.879793	0.203748	0.590255	166	23	27	773.141
-0.523599	2.478122	2.609777	144	160	150	773.103
2.879793	1.696674	-1.253233	12	12	139	773.054
-3.141593	2.592629	0.909713	143	2	156	772.990
-2.879793	1.448123	-2.163292	162	37	138	772.842
2.356194	1.301460	-0.509251	167	22	129	772.740
1.308997	1.450119	-2.739050	7	13	136	772.735
2.879793	2.247462	0.191623	149	163	146	772.653
-2.094395	0.080730	-2.622036	158	39	12	772.599
2.356194	2.063651	-2.044600	4	145	139	772.555
2.356194	2.251330	-2.330739	17	20	126	772.473
1.832596	2.404280	-0.174044	147	39	143	772.438
1.570796	2.396274	-1.959260	167	16	127	772.423
1.047198	2.089241	-0.114193	160	29	135	772.405
0.261799	2.164094	-2.991358	146	18	145	772.370
2.094395	1.948085	-2.363031	17	18	128	772.243
1.308997	2.704512	1.488683	24	4	138	772.147
-2.879793	1.870545	-2.976234	146	0	16	771.939
0.523599	2.664082	-1.071402	149	165	163	771.850
0.785398	1.662363	0.915448	157	162	140	771.849
2.356194	0.831641	0.616218	156	25	12	771.760
1.832596	1.809167	1.213774	18	4	27	771.694
-2.356194	0.910508	1.903534	151	3	138	771.646
-2.094395	1.658653	-2.409879	12	26	2	771.609
0.000000	2.455966	-0.641220	21	159	163	771.563
-2.879793	2.247462	0.191623	160	145	3	771.549
1.832596	1.617114	-1.572037	7	3	32	771.428
0.785398	0.496451	0.593859	1	30	25	771.283
0.000000	1.374601	-2.456031	161	143	29	770.905
-0.785398	0.619654	-2.216909	140	2	167	770.825
-1.047198	2.588535	-2.976617	16	167	148	770.759
-2.617994	0.960688	-0.577532	144	7	165	770.724
-0.261799	0.733948	3.021411	146	156	8	770.716
1.832596	1.683268	0.374177	155	32	141	770.690
1.047198	1.025536	1.576859	9	14	138	770.658
0.261799	1.909857	-0.381669	25	155	9	770.624
-3.141593	1.448123	-2.163292	160	15	35	770.390
-0.261799	2.073035	2.027405	147	156	158	770.287
-2.094395	1.488617	1.159546	20	19	123	770.261
-2.356194	1.256302	0.062705	30	21	140	770.244
1.047198	1.982574	-1.115518	20	3	130	770.083
-1.308997	0.370812	-2.547742	162	149	142	769.842
2.879793	2.115563	0.685730	147	0	150	769.694
-1.832596	1.948085	-2.363031	15	2	144	769.681
2.617994	1.756530	-2.105156	11	30	132	769.639
0.785398	1.836682	-0.676006	140	4	163	769.515
-2.094395	2.379497	0.561089	13	24	141	769.483
-0.261799	0.418037	1.360082	18	16	149	769.445
1.832596	1.510910	-0.740472	7	19	130	769.277
1.832596	2.089241	-0.114193	153	28	136	769.168
-0.785398	2.637879	2.121598	23	25	142	769.165
0.523599	0.831641	0.616218	9	13	139	769.033
2.879793	2.587733	0.232235	145	165	149	768.770
2.879793	0.910508	1.903534	153	160	26	768.761
0.785398	2.104282	-0.813972	142	1	5	768.741
-1.047198	2.979456	-1.009304	161	17	115	768.740
-2.094395	0.591903	2.010408	147	161	163	768.670
-0.261799	1.195355	1.200319	16	12	144	768.542
-3.141593	2.404280	-0.174044	19	155	161	768.536
2.094395	1.050534	3.042579	24	16	154	768.406
2.617994	0.864993	2.278281	154	157	25	768.315
2.617994	1.506530	1.988858	142	159	151	768.297
-2.617994	2.579248	-2.364801	146	8	23	768.250
1.047198	0.733948	3.021411	10	17	133	768.203
-2.094395	0.960688	-0.577532	136	19	161	768.124
0.523599	1.417623	-0.202254	4	19	131	768.116
-0.261799	1.450119	-2.739050	21	23	136	768.081
0.785398	2.251330	-2.330739	165	7	127	767.853
-0.261799	1.846342	-1.796954	15	18	150	767.830
2.617994	1.413347	-1.339188	8	0	139	767.647
-1.832596	1.824694	1.850876	133	1	156	767.563
-0.261799	1.599406	1.426070	164	166	36	767.489
-0.523599	2.863997	0.549740	143	16	6	767.354
-2.617994	1.367556	0.358405	157	15	135	767.195
-0.523599	2.073035	2.027405	167	32	10	767.081
2.617994	0.615174	-0.666022	13	13	150	767.079
1.047198	1.135813	-2.658866	153	156	21	767.022
-2.094395	0.762244	-0.273349	158	19	134	767.002
2.617994	1.766067	2.153843	143	151	9	766.798
-1.308997	2.881233	-2.582574	17	6	153	766.781
0.785398	2.592629	0.909713	153	156	151	766.699
-1.308997	2.704512	1.488683	22	26	143	766.571
-3.141593	1.488617	1.159546	149	22	146	766.549
-2.879793	1.310100	1.488307	145	28	163	766.506
0.523599	2.579248	-2.364801	160	12	122	766.501
-0.523599	2.456751	-1.503343	159	8	119	766.457
-3.141593	1.658653	-2.409879	26	6	15	766.370
-2.617994	1.732874	-0.951685	11	165	142	766.235
2.879793	0.850607	-1.335383	14	19	143	766.198
-0.785398	1.846342	-1.796954	154	20	1	766.125
0.785398	1.982574	-1.115518	13	18	30	766.010
-2.617994	1.870545	-2.976234	148	165	16	766.000
-0.523599	1.977582	0.969896	15	5	145	765.964
-2.094395	1.766067	2.153843	154	165	28	765.830
0.261799	1.998705	2.370472	155	150	154	765.686
-3.141593	2.180315	-1.357379	12	9	139	765.451
-3.141593	0.496451	0.593859	22	18	125	765.349
1.832596	1.870545	-2.976234	13	161	143	765.346
2.617994	2.587733	0.232235	147	158	8	765.284
2.879793	1.025536	1.576859	147	162	165	765.234
2.879793	0.762244	-0.273349	154	7	29	765.231
-1.570796	2.187132	-0.479875	160	24	24	765.138
1.308997	1.756530	-2.105156	20	6	131	765.114
0.000000	0.571433	-1.188419	150	3	156	765.110
-2.879793	1.113094	-0.272241	26	3	144	765.088
-2.617994	1.195355	1.200319	145	11	156	765.074
-1.308997	1.766067	2.153843	0	160	142	764.966
0.523599	1.812176	0.656819	6	22	137	764.832
-2.879793	2.174483	2.653697	12	4	142	764.787
1.308997	2.001437	0.381215	161	30	138	764.717
-2.094395	1.662363	0.915448	144	19	32	764.491
0.261799	1.195355	1.200319	12	15	144	764.323
-2.879793	0.906588	1.252948	149	167	154	764.309
-1.308997	0.866955	-0.931351	150	19	136	764.268
-1.832596	2.455966	-0.641220	152	19	120	764.220
-0.261799	0.379747	-1.713059	150	10	13	764.076
-1.308997	2.356369	3.005869	164	164	30	763.994
0.523599	1.194549	-0.801900	26	160	163	763.952
2.094395	2.073035	2.027405	133	162	150	763.797
-1.570796	1.194549	-0.801900	30	18	4	763.596
-2.094395	1.948085	-2.363031	165	18	133	763.531
2.356194	1.374601	-2.456031	16	158	23	763.262
1.047198	2.033014	2.977192	6	146	140	763.173
-2.094395	2.089241	-0.114193	156	9	29	763.041
-2.617994	1.134497	-1.109631	146	167	164	763.002
2.094395	1.256302	0.062705	8	157	141	763.000
-1.570796	1.555207	1.708892	18	15	123	762.755
-1.570796	2.089241	-0.114193	23	29	24	762.717
-2.356194	2.396274	-1.959260	154	13	30	762.667
1.047198	0.674054	1.013609	154	1	24	762.598
2.879793	2.299159	2.264663	148	7	12	762.579
0.261799	1.846342	-1.796954	152	161	15	762.502
-2.617994	2.396274	-1.959260	155	17	26	762.484
0.523599	2.138223	1.678323	142	15	144	762.353
2.617994	2.863997	0.549740	144	4	159	762.308
0.000000	2.724429	-0.348782	20	160	149	761.990
0.261799	0.297065	2.160177	154	155	1	761.943
-3.141593	1.184361	0.625864	22	6	128	761.921
1.570796	1.168678	2.108595	152	24	9	761.801
-1.832596	1.545873	-1.877082	20	18	7	761.598
1.308997	1.045978	0.343692	9	22	138	761.550
-1.832596	1.554776	0.100351	5	27	12	761.500
-2.094395	1.809167	1.213774	25	16	128	761.427
-2.356194	1.433411	-1.035986	147	167	152	761.418
2.879793	1.510910	-0.740472	1	16	130	761.335
0.000000	2.174483	2.653697	20	165	1	761.243
0.000000	1.301460	-0.509251	159	160	142	761.174
2.094395	1.741644	-2.695914	22	17	135	761.163
2.356194	2.187132	-0.479875	162	13	130	761.128
-3.141593	0.910508	1.903534	156	160	28	760.992
-1.570796	1.025536	1.576859	6	18	118	760.981
2.879793	0.685216	-1.712745	23	167	3	760.831
-2.094395	1.554776	0.100351	161	14	133	760.829
-0.523599	2.251330	-2.330739	149	165	15	760.771
2.356194	1.870545	-2.976234	23	23	137	760.762
2.356194	1.433411	-1.035986	23	28	143	760.756
-0.785398	1.998705	2.370472	145	7	11	760.637
-2.094395	1.836682	-0.676006	4	22	23	760.412
-2.617994	2.138223	1.678323	151	167	26	760.408
-1.832596	1.134796	2.434290	15	23	16	760.405
-1.570796	2.456751	-1.503343	160	18	119	760.292
0.000000	2.251330	-2.330739	156	6	126	760.118
-2.617994	2.724429	-0.348782	149	166	146	760.079
-0.785398	1.872854	1.543456	146	160	25	759.894
2.617994	0.297065	2.160177	148	164	157	759.816
-0.785398	0.864993	2.278281	146	5	29	759.786
-1.570796	0.906588	1.252948	153	3	142	759.737
-0.261799	2.579248	-2.364801	142	19	155	759.611
-2.094395	0.700570	1.559208	150	4	144	759.582
0.261799	1.904882	-1.478089	154	156	146	759.559
-1.308997	1.824694	1.850876	25	163	139	759.302
-3.141593	0.733948	3.021411	20	22	31	759.299
-1.047198	2.343981	-1.040456	163	8	121	759.232
2.879793	1.545873	-1.877082	166	12	34	759.227
2.879793	2.881233	-2.582574	18	13	21	759.182
0.523599	2.164094	-2.991358	160	1	35	759.016
-1.570796	2.393226	1.857173	147	162	22	758.985
0.523599	2.001437	0.381215	166	24	136	758.956
-2.617994	1.448123	-2.163292	156	35	138	758.934
-1.308997	2.089241	-0.114193	166	18	43	758.886
-2.094395	1.721184	-0.153948	165	10	131	758.698
1.308997	1.195355	1.200319	5	10	137	758.656
1.570796	1.662363	0.915448	2	29	14	758.656
-2.094395	1.741644	-2.695914	165	22	133	758.606
0.261799	2.251330	-2.330739	146	25	135	758.553
-1.832596	2.187132	-0.479875	5	10	131	758.539
-1.047198	2.041297	-2.664597	23	12	143	758.463
0.261799	0.591903	2.010408	151	166	19	758.401
-0.523599	1.413347	-1.339188	147	139	160	758.376
-3.141593	1.904882	-1.478089	14	12	140	758.350
0.523599	2.979456	-1.009304	150	13	152	758.325
-0.523599	1.391910	3.030322	16	20	127	758.172
0.000000	0.700570	1.559208	151	161	7	758.153
-1.047198	0.615174	-0.666022	158	139	148	758.110
-1.570796	1.506530	1.988858	166	159	136	758.059
0.000000	2.592629	0.909713	3	4	121	757.969
1.832596	1.982574	-1.115518	23	16	132	757.799
0.523599	2.041297	-2.664597	154	156	23	757.794
1.570796	2.724429	-0.348782	146	4	0	757.730
2.356194	1.662363	0.915448	151	29	145	757.724
-2.879793	1.417623	-0.202254	17	5	137	757.714
0.261799	1.128190	-2.288622	14	22	141	757.337
1.832596	0.418037	1.360082	26	3	3	757.328
1.570796	1.194549	-0.801900	7	10	133	757.323
0.523599	2.760637	2.781135	154	1	142	757.232
-1.308997	2.164094	-2.991358	21	0	147	757.123
-0.261799	1.766067	2.153843	146	3	12	757.116
2.879793	0.370812	-2.547742	146	164	20	757.099
-1.570796	0.379747	-1.713059	142	0	16	757.043
-2.356194	0.619654	-2.216909	12	23	26	757.039
1.308997	2.393226	1.857173	26	10	139	756.975
0.523599	1.448123	-2.163292	152	157	16	756.925
-1.832596	2.180315	-1.357379	14	18	130	756.870
-2.094395	1.242974	-2.977882	12	28	12	756.844
-0.523599	1.683268	0.374177	8	6	136	756.762
0.523599	1.569311	-3.003978	167	15	135	756.758
-0.261799	2.138223	1.678323	154	148	17	756.703
-1.570796	2.108018	1.311430	29	20	138	756.694
-2.356194	0.496451	0.593859	145	9	154	756.656
2.617994	1.113094	-0.272241	1	37	31	756.522
2.617994	2.579248	-2.364801	17	10	20	756.516
0.523599	0.685216	-1.712745	152	153	150	756.403
-0.785398	2.295480	1.008277	5	3	140	756.279
2.094395	2.295480	1.008277	150	14	21	756.204
-0.785398	0.203748	0.590255	26	166	20	756.164
2.094395	1.554776	0.100351	6	156	141	756.152
1.308997	1.617114	-1.572037	149	151	1	756.074
0.261799	1.256302	0.062705	7	17	133	755.919
-2.094395	1.135813	-2.658866	151	30	144	755.907
-1.570796	1.875281	0.107086	160	6	32	755.467
1.832596	2.637879	2.121598	25	8	139	755.410
0.785398	0.831641	0.616218	11	10	143	755.394
-1.047198	1.662363	0.915448	14	16	137	755.181
-2.617994	2.108018	1.311430	154	14	40	754.953
-1.308997	1.599406	1.426070	18	21	124	754.759
-0.785398	0.762244	-0.273349	17	18	140	754.748
-2.094395	2.455966	-0.641220	153	21	120	754.733
-1.832596	1.134497	-1.109631	153	161	138	754.709
-2.879793	1.683268	0.374177	148	30	3	754.700
2.879793	1.045978	0.343692	6	7	127	754.571
-2.356194	1.696674	-1.253233	145	35	135	754.534
-2.356194	1.982574	-1.115518	148	32	128	754.499
0.785398	1.904882	-1.478089	16	16	8	754.422
2.094395	0.914445	2.687814	1	19	124	754.413
-2.356194	2.704512	1.488683	146	162	153	754.390
1.570796	1.606104	-0.451151	7	22	130	754.353
-0.261799	1.413430	2.550734	162	132	148	754.144
2.879793	1.606104	-0.451151	153	19	13	754.137
-1.047198	1.554776	0.100351	5	12	133	754.090
0.523599	1.741644	-2.695914	154	154	23	754.058
-1.832596	1.448123	-2.163292	2	31	166	754.049
-2.879793	1.433411	-1.035986	149	5	158	754.002
0.000000	1.113094	-0.272241	150	44	140	753.974
1.570796	2.089241	-0.114193	157	30	135	753.841
1.047198	0.615174	-0.666022	26	12	8	753.742
-3.141593	1.683268	0.374177	154	33	2	753.680
-2.879793	1.367556	0.358405	28	4	140	753.670
-1.832596	1.977582	0.969896	28	20	138	753.603
-1.832596	0.080730	-2.622036	9	164	129	753.545
-1.308997	1.574060	2.783565	2	8	36	753.434
-3.141593	0.290380	-0.796960	16	164	133	753.071
-3.141593	1.113094	-0.272241	13	4	135	752.999
2.617994	1.128190	-2.288622	20	12	144	752.905
-1.308997	1.113094	-0.272241	0	144	140	752.798
-0.523599	1.128190	-2.288622	142	145	165	752.641
0.785398	1.135834	-1.431087	141	5	161	752.550
-1.832596	1.766067	2.153843	164	158	141	752.299
-2.879793	1.998705	2.370472	157	152	27	752.276
-0.261799	1.732874	-0.951685	7	1	134	752.175
-2.879793	1.214854	-1.966664	147	149	166	752.170
1.308997	1.662363	0.915448	160	9	131	751.936
-3.141593	1.417623	-0.202254	13	2	137	751.837
0.785398	0.866395	-2.492918	11	8	143	751.729
1.308997	1.606104	-0.451151	144	143	5	751.684
-1.832596	0.370812	-2.547742	15	164	134	751.605
-1.832596	1.247695	1.809890	10	11	119	751.579
-2.356194	1.014500	0.906702	14	0	130	751.515
0.785398	1.756530	-2.105156	13	142	141	751.505
-0.523599	0.419640	2.974122	146	164	20	751.261
0.523599	1.242974	-2.977882	9	5	139	751.224
2.094395	0.960688	-0.577532	12	15	141	751.146
-2.094395	1.683268	0.374177	11	148	144	751.140
-1.570796	1.599406	1.426070	19	21	123	750.989
-2.356194	1.554776	0.100351	10	22	14	750.859
0.523599	1.195355	1.200319	1	14	129	750.845
-1.832596	1.367556	0.358405	133	167	1	750.769
1.308997	1.374601	-2.456031	18	9	139	750.628
-0.523599	1.809167	1.213774	154	155	27	750.488
-0.785398	1.982574	-1.115518	160	159	132	750.430
-1.308997	1.134497	-1.109631	151	22	134	750.270
2.094395	1.134796	2.434290	166	12	124	750.258
-2.356194	2.456751	-1.503343	158	26	119	750.230
2.617994	0.640596	-2.797608	134	163	146	750.216
2.879793	1.869911	2.701025	15	27	139	750.126
-1.047198	2.637879	2.121598	142	161	139	750.097
1.570796	1.504028	0.636812	164	167	134	750.097
-0.261799	1.374601	-2.456031	22	23	140	750.066
0.523599	2.404280	-0.174044	28	162	167	750.064
-0.785398	0.992645	-1.723759	24	16	145	749.916
-2.356194	1.846342	-1.796954	20	15	11	749.915
-0.261799	1.218453	2.777284	152	147	32	749.791
2.617994	1.977582	0.969896	9	128	139	749.724
-2.356194	1.134796	2.434290	149	157	146	749.706
-2.879793	2.881233	-2.582574	10	19	123	749.657
0.261799	1.374601	-2.456031	13	22	141	749.509
2.617994	2.592629	0.909713	5	32	3	749.352
-2.094395	1.504028	0.636812	25	1	141	749.278
-2.617994	1.599406	1.426070	149	160	160	749.227
2.617994	2.404280	-0.174044	148	162	146	749.181
-2.356194	1.367556	0.358405	158	14	135	749.178
1.570796	1.909857	-0.381669	150	139	11	749.087
-1.047198	2.881233	-2.582574	148	13	160	748.990
-2.356194	0.418037	1.360082	153	155	2	748.948
1.308997	1.025536	1.576859	10	15	138	748.722
-2.879793	0.496451	0.593859	156	15	49	748.635
-2.094395	1.256302	0.062705	8	24	11	748.555
1.570796	1.413430	2.550734	148	27	4	748.504
1.047198	1.413347	-1.339188	155	158	145	748.486
2.094395	1.699788	2.452890	136	167	163	748.313
0.000000	0.370812	-2.547742	152	17	17	748.308
1.047198	1.904882	-1.478089	155	20	124	748.214
1.308997	2.863997	0.549740	140	154	10	748.144
2.094395	0.496451	0.593859	10	4	123	748.112
0.785398	1.504028	0.636812	146	161	22	747.997
0.523599	2.456751	-1.503343	147	164	166	747.991
1.570796	1.510910	-0.740472	31	160	154	747.945
-1.308997	1.417623	-0.202254	3	12	131	747.920
-2.879793	2.396274	-1.959260	153	27	18	747.750
2.617994	1.214854	-1.966664	165	13	37	747.739
-0.523599	0.619654	-2.216909	145	151	8	747.714
0.261799	1.310100	1.488307	22	9	24	747.702
-0.523599	0.297065	2.160177	19	18	22	747.629
2.094395	2.478122	2.609777	24	20	136	747.542
-1.308997	0.929350	-2.910676	30	0	13	747.479
-1.570796	0.418037	1.360082	154	23	120	747.419
0.523599	0.379747	-1.713059	153	153	152	747.386
0.523599	1.696674	-1.253233	144	10	3	747.338
1.308997	1.875281	0.107086	138	164	157	747.336
0.261799	0.866955	-0.931351	22	158	19	747.246
1.047198	2.108018	1.311430	153	18	131	747.085
-0.261799	1.836682	-0.676006	146	3	8	747.029
-1.308997	0.458961	-0.107937	161	139	148	746.858
2.356194	2.579248	-2.364801	16	7	22	746.798
-2.094395	2.251330	-2.330739	1	16	133	746.764
2.356194	0.866395	-2.492918	132	164	155	746.692
2.617994	2.478122	2.609777	148	14	17	746.550
-1.047198	2.704512	1.488683	145	155	165	746.543
-1.308997	2.108018	1.311430	137	161	10	746.476
-0.261799	2.724429	-0.348782	9	8	120	746.441
1.832596	1.433411	-1.035986	27	17	143	746.398
0.523599	0.615174	-0.666022	25	4	9	746.309
2.356194	2.180315	-1.357379	164	153	141	746.287
-2.879793	1.909857	-0.381669	2	5	138	746.214
-1.570796	1.809167	1.213774	134	160	152	746.191
-2.617994	1.374601	-2.456031	156	30	139	746.186
2.879793	1.617114	-1.572037	15	13	143	746.141
1.308997	2.379497	0.561089	27	10	10	746.133
-1.832596	0.419640	2.974122	158	24	24	746.109
2.879793	0.618092	2.539118	142	27	128	746.084
-2.356194	0.674054	1.013609	148	6	157	746.078
-0.523599	1.658653	-2.409879	24	19	142	746.016
2.617994	1.014500	0.906702	153	21	16	746.009
0.523599	2.407836	1.410646	21	6	4	745.885
-2.879793	2.153910	-1.714959	15	15	18	745.750
0.000000	2.108018	1.311430	18	4	159	745.657
0.000000	2.033014	2.977192	150	158	150	745.571
-2.356194	1.413430	2.550734	167	147	20	745.472
-0.261799	1.662363	0.915448	8	16	138	745.188
2.617994	0.080730	-2.622036	19	12	28	745.055
-2.094395	1.413347	-1.339188	137	31	144	745.014
-0.261799	2.108018	1.311430	15	5	148	744.802
2.094395	1.510910	-0.740472	6	20	129	744.675
-0.523599	2.579248	-2.364801	14	4	151	744.588
-3.141593	2.719179	-1.780644	152	160	159	744.549
1.308997	1.836682	-0.676006	27	152	142	744.529
2.356194	1.247695	1.809890	4	4	128	744.373
2.356194	1.195355	1.200319	157	23	23	744.348
1.832596	1.904882	-1.478089	25	17	134	744.209
0.785398	2.404280	-0.174044	161	29	135	743.999
-2.094395	0.685216	-1.712745	27	5	151	743.744
1.832596	2.295480	1.008277	149	16	21	743.727
0.000000	2.073035	2.027405	151	158	159	743.604
-2.617994	2.455966	-0.641220	147	0	145	743.565
1.047198	1.699788	2.452890	167	17	133	743.457
-0.785398	1.506530	1.988858	167	162	138	743.379
1.047198	1.374601	-2.456031	5	9	137	743.348
-0.261799	0.850607	-1.335383	149	157	162	743.275
-3.141593	1.909857	-0.381669	164	17	129	743.273
-1.570796	0.992645	-1.723759	30	18	159	743.064
-2.094395	2.724429	-0.348782	153	152	155	743.039
0.523599	1.134497	-1.109631	20	161	152	743.010
-1.308997	1.413430	2.550734	164	153	145	742.795
2.094395	1.504028	0.636812	161	27	9	742.789
2.356194	0.866955	-0.931351	2	6	130	742.777
-0.523599	1.741644	-2.695914	23	20	139	742.741
-0.785398	2.251330	-2.330739	22	14	150	742.723
1.308997	2.153910	-1.714959	16	146	134	742.720
1.570796	2.704512	1.488683	151	14	140	742.622
-1.832596	1.555207	1.708892	132	2	163	742.576
1.308997	2.984978	1.954446	13	9	125	742.549
1.570796	0.914445	2.687814	9	2	138	742.378
-0.785398	1.417623	-0.202254	3	10	130	742.365
-0.785398	2.592629	0.909713	15	6	153	742.354
-1.570796	0.960688	-0.577532	151	17	135	742.354
-1.570796	1.606104	-0.451151	165	14	129	742.322
0.523599	2.247462	0.191623	161	30	141	742.273
2.879793	1.301460	-0.509251	6	2	134	742.237
2.356194	1.014500	0.906702	156	24	17	742.217
0.785398	0.960688	-0.577532	29	1	19	741.951
-2.879793	0.080730	-2.622036	7	22	45	741.863
-0.261799	1.113094	-0.272241	145	31	10	741.765
2.617994	1.134497	-1.109631	9	7	139	741.690
1.308997	2.299159	2.264663	28	8	142	741.636
0.785398	0.379747	-1.713059	152	156	158	741.611
-0.261799	0.674054	1.013609	18	14	147	741.421
2.879793	2.456751	-1.503343	147	1	11	741.307
1.570796	0.864993	2.278281	4	11	125	741.055
-2.617994	1.545873	-1.877082	21	14	11	741.046
1.570796	2.588535	-2.976617	156	35	15	741.014
-2.879793	2.984978	1.954446	149	1	9	740.951
0.785398	2.588535	-2.976617	6	154	23	740.932
-2.617994	0.961715	0.014085	29	15	137	740.927
0.785398	1.335669	0.897240	162	17	127	740.901
-2.879793	2.251330	-2.330739	150	11	22	740.872
-0.261799	0.960688	-0.577532	155	162	146	740.809
-0.785398	2.108018	1.311430	22	23	152	740.744
1.832596	2.979456	-1.009304	25	8	163	740.736
-2.617994	1.875281	0.107086	150	19	25	740.734
0.000000	0.866955	-0.931351	155	165	145	740.609
2.617994	2.664082	-1.071402	156	27	124	740.596
1.047198	1.824694	1.850876	9	21	8	740.555
-0.523599	2.724429	-0.348782	4	8	119	740.549
0.523599	2.356369	3.005869	162	142	142	740.322
2.617994	0.571433	-1.188419	21	3	2	740.083
0.785398	1.113094	-0.272241	9	14	133	740.056
-2.879793	0.419640	2.974122	17	18	36	739.884
1.832596	1.836682	-0.676006	27	160	141	739.860
-1.832596	2.863997	0.549740	149	155	153	739.835
-1.308997	0.762244	-0.273349	162	141	143	739.748
1.570796	2.592629	0.909713	161	22	12	739.656
-0.785398	1.699788	2.452890	149	10	32	739.556
-2.617994	1.168678	2.108595	158	161	28	739.430
-2.356194	1.325504	-1.671296	10	21	20	739.414
-1.308997	1.025536	1.576859	0	15	116	739.339
-1.570796	1.872854	1.543456	25	15	128	739.337
-1.047198	1.732874	-0.951685	3	20	127	739.321
-1.308997	2.455966	-0.641220	22	13	5	739.075
-1.570796	1.721184	-0.153948	166	10	130	739.020
2.617994	1.909857	-0.381669	164	19	129	738.921
1.308997	2.138223	1.678323	29	9	142	738.908
2.879793	1.184361	0.625864	167	27	41	738.887
1.570796	2.881233	-2.582574	159	29	19	738.701
-3.141593	0.418037	1.360082	148	163	6	738.667
-1.832596	2.704512	1.488683	20	17	141	738.636
-0.785398	1.875281	0.107086	6	8	133	738.587
0.000000	0.618092	2.539118	149	162	16	738.511
-0.261799	0.929350	-2.910676	147	158	158	738.320
0.785398	2.356369	3.005869	161	152	144	738.280
2.094395	0.080730	-2.622036	20	8	27	738.206
0.523599	1.721184	-0.153948	30	158	15	738.176
-0.785398	2.863997	0.549740	18	11	164	738.160
-2.617994	1.809167	1.213774	152	151	2	738.022
-1.047198	1.488617	1.159546	146	164	35	737.999
-2.879793	2.041297	-2.664597	0	22	131	737.956
-1.308997	2.478122	2.609777	145	15	8	737.914
2.356194	1.367556	0.358405	165	21	134	737.906
-2.094395	2.760637	2.781135	162	143	157	737.857
-1.832596	2.724429	-0.348782	158	16	118	737.847
-2.356194	1.683268	0.374177	30	15	145	737.750
-2.879793	2.760637	2.781135	161	24	16	737.699
0.261799	1.736875	3.023612	155	158	143	737.657
2.879793	1.812176	0.656819	19	138	144	737.643
-0.785398	1.194549	-0.801900	153	17	135	737.460
2.879793	1.569311	-3.003978	13	32	140	737.445
0.785398	2.984978	1.954446	19	10	0	737.426
2.094395	0.866395	-2.492918	24	19	155	737.382
-2.094395	1.909857	-0.381669	167	10	130	737.382
2.617994	2.174483	2.653697	149	13	12	737.343
2.094395	1.696674	-1.253233	24	20	139	737.259
-0.523599	0.906588	1.252948	155	19	117	737.167
-1.570796	2.073035	2.027405	135	161	150	737.010
-2.356194	1.168678	2.108595	3	25	29	736.924
-1.308997	0.733948	3.021411	16	19	23	736.902
-1.832596	1.045978	0.343692	0	152	27	736.845
0.523599	2.379497	0.561089	156	155	149	736.643
-1.570796	1.569311	-3.003978	2	2	31	736.571
1.832596	1.732874	-0.951685	4	15	129	736.366
-2.617994	1.242974	-2.977882	148	162	23	736.174
-1.047198	1.450119	-2.739050	18	11	134	736.146
2.617994	0.370812	-2.547742	146	0	20	736.001
1.570796	1.683268	0.374177	162	166	138	735.936
-2.617994	2.073035	2.027405	154	154	165	735.917
1.570796	1.977582	0.969896	158	6	133	735.801
-3.141593	2.089241	-0.114193	162	13	132	735.793
-1.308997	1.909857	-0.381669	160	2	31	735.780
-2.879793	1.014500	0.906702	155	4	36	735.480
-2.356194	0.685216	-1.712745	148	1	160	735.417
-2.879793	2.404280	-0.174044	20	158	161	735.328
-2.356194	0.297065	2.160177	10	24	9	735.172
2.094395	1.875281	0.107086	154	31	137	735.090
-0.785398	1.809167	1.213774	161	163	33	735.075
1.570796	0.929350	-2.910676	157	155	23	735.054
-0.261799	2.407836	1.410646	16	7	157	735.022
-1.570796	0.370812	-2.547742	19	167	134	734.934
-3.141593	0.960688	-0.577532	151	20	18	734.858
0.785398	2.174483	2.653697	11	134	1	734.789
-2.094395	1.247695	1.809890	138	2	22	734.700
1.570796	1.113094	-0.272241	146	16	8	734.678
0.261799	1.218453	2.777284	155	146	1	734.664
-0.523599	1.014500	0.906702	19	17	144	734.625
-2.356194	2.407836	1.410646	144	163	17	734.350
1.308997	0.591903	2.010408	4	7	50	734.336
1.832596	0.619654	-2.216909	26	11	5	734.285
-1.308997	1.809167	1.213774	143	1	28	734.227
-3.141593	1.045978	0.343692	159	143	144	734.175
-2.356194	1.904882	-1.478089	148	34	129	734.166
-1.832596	2.174483	2.653697	167	142	1	734.123
1.308997	1.809167	1.213774	158	13	129	734.105
2.879793	1.909857	-0.381669	167	9	135	734.100
-2.094395	1.214854	-1.966664	142	4	36	734.084
-2.356194	2.760637	2.781135	151	166	12	734.053
0.261799	0.961715	0.014085	152	30	5	733.971
2.094395	0.379747	-1.713059	166	6	125	733.845
1.308997	1.413347	-1.339188	3	13	127	733.786
-1.047198	1.256302	0.062705	2	6	133	733.768
1.570796	2.033014	2.977192	146	38	3	733.600
2.879793	1.113094	-0.272241	167	19	40	733.410
2.356194	2.478122	2.609777	150	19	16	733.336
-3.141593	0.571433	-1.188419	13	164	137	733.285
1.047198	1.045978	0.343692	148	13	128	733.222
2.879793	0.961715	0.014085	19	164	136	733.176
0.000000	0.831641	0.616218	11	15	139	733.165
-0.261799	2.299159	2.264663	147	159	153	733.001
-2.356194	1.025536	1.576859	5	15	117	732.844
0.785398	0.850607	-1.335383	140	5	154	732.827
-1.570796	1.417623	-0.202254	166	11	131	732.563
-1.047198	2.295480	1.008277	5	30	136	732.452
1.047198	1.050534	3.042579	7	19	133	732.254
-1.047198	2.164094	-2.991358	137	157	147	732.248
1.570796	0.618092	2.539118	6	163	130	732.140
-2.356194	2.393226	1.857173	149	167	22	732.069
1.047198	1.433411	-1.035986	6	24	122	731.957
1.832596	0.458961	-0.107937	11	15	145	731.908
2.356194	0.992645	-1.723759	17	15	138	731.838
0.523599	1.809167	1.213774	141	165	152	731.598
-1.308997	0.960688	-0.577532	160	143	143	731.513
0.785398	2.187132	-0.479875	158	27	133	731.342
2.094395	0.961715	0.014085	4	161	133	731.341
1.047198	2.153910	-1.714959	148	17	129	731.296
-2.094395	1.875281	0.107086	164	12	132	731.115
0.000000	0.864993	2.278281	151	156	11	731.113
2.356194	2.393226	1.857173	163	23	19	731.070
1.308997	1.247695	1.809890	8	18	136	730.818
1.570796	1.214854	-1.966664	26	12	144	730.752
-1.832596	0.290380	-0.796960	13	12	127	730.585
1.570796	2.251330	-2.330739	18	10	125	730.548
2.879793	2.455966	-0.641220	155	153	144	730.470
2.356194	1.417623	-0.202254	167	25	130	730.427
2.356194	1.606104	-0.451151	167	20	129	730.287
1.308997	2.404280	-0.174044	153	165	44	730.285
1.570796	2.587733	0.232235	14	23	6	730.155
-1.832596	1.135834	-1.431087	29	16	161	730.112
-2.617994	1.554776	0.100351	31	10	149	730.097
-2.356194	0.080730	-2.622036	162	23	30	730.092
-2.094395	0.619654	-2.216909	19	166	135	730.088
-2.094395	0.961715	0.014085	160	16	134	729.878
-1.570796	0.297065	2.160177	145	155	3	729.698
-1.570796	2.251330	-2.330739	16	10	146	729.664
2.094395	1.846342	-1.796954	9	9	31	729.616
0.523599	1.367556	0.358405	5	20	135	729.567
0.523599	2.587733	0.232235	8	5	120	729.381
-0.523599	2.063651	-2.044600	152	5	126	729.361
2.879793	1.391910	3.030322	19	33	151	729.310
-0.785398	2.187132	-0.479875	152	8	125	729.290
-2.617994	2.863997	0.549740	147	154	154	729.186
0.523599	0.571433	-1.188419	154	23	31	729.123
-2.879793	1.574060	2.783565	160	148	23	729.082
2.094395	2.153910	-1.714959	23	19	134	728.932
2.879793	1.699788	2.452890	15	27	143	728.891
-0.785398	2.001437	0.381215	7	6	135	728.874
0.523599	1.869911	2.701025	165	137	145	728.840
-2.094395	2.063651	-2.044600	155	148	2	728.836
0.000000	2.104282	-0.813972	144	166	21	728.818
-1.047198	1.599406	1.426070	145	165	32	728.758
-2.617994	0.640596	-2.797608	146	145	9	728.748
0.000000	1.599406	1.426070	23	3	23	728.613
0.523599	1.870545	-2.976234	160	1	35	728.592
-1.308997	1.195355	1.200319	158	3	137	728.571
0.523599	2.984978	1.954446	3	5	118	728.462
-2.094395	1.134497	-1.109631	152	163	138	728.255
-1.832596	1.809167	1.213774	25	21	128	728.181
1.832596	1.413430	2.550734	165	12	131	728.127
1.047198	1.569311	-3.003978	159	3	35	728.110
-0.523599	1.134796	2.434290	22	30	138	727.964
0.261799	1.741644	-2.695914	159	148	143	727.882
-1.570796	2.404280	-0.174044	10	2	139	727.803
1.047198	0.850607	-1.335383	26	7	154	727.796
0.261799	0.419640	2.974122	157	145	14	727.770
-1.308997	2.073035	2.027405	136	155	150	727.683
1.570796	1.242974	-2.977882	165	165	35	727.511
-3.141593	1.134497	-1.109631	150	159	159	727.371
-0.785398	1.599406	1.426070	164	31	5	727.339
-3.141593	1.214854	-1.966664	158	14	36	727.313
1.047198	1.948085	-2.363031	0	14	133	727.193
0.000000	1.872854	1.543456	22	0	23	727.178
0.785398	2.760637	2.781135	11	158	26	727.063
2.356194	0.297065	2.160177	8	163	130	726.957
0.523599	2.063651	-2.044600	147	164	14	726.924
2.094395	1.569311	-3.003978	24	16	141	726.867
-2.094395	1.982574	-1.115518	3	11	128	726.798
2.879793	1.756530	-2.105156	19	162	18	726.775
-2.094395	2.164094	-2.991358	0	33	4	726.717
-1.047198	1.391910	3.030322	138	6	16	726.669
-1.047198	1.247695	1.809890	161	161	137	726.662
-0.261799	0.618092	2.539118	147	162	13	726.484
-0.261799	2.760637	2.781135	18	18	147	726.458
-2.094395	1.184361	0.625864	9	27	2	726.449
0.000000	1.134497	-1.109631	151	8	143	726.443
2.094395	0.866955	-0.931351	11	24	131	726.373
-1.047198	0.203748	0.590255	25	160	19	726.349
2.356194	2.719179	-1.780644	15	17	125	726.338
1.047198	2.247462	0.191623	163	31	137	726.273
0.785398	1.488617	1.159546	163	20	127	726.231
-0.785398	1.184361	0.625864	18	10	142	726.194
-1.570796	2.478122	2.609777	148	22	8	726.158
1.308997	2.724429	-0.348782	148	158	7	726.143
-0.261799	2.456751	-1.503343	167	8	118	725.979
2.879793	1.875281	0.107086	162	30	23	725.960
-2.094395	2.407836	1.410646	139	11	149	725.919
-1.570796	2.041297	-2.664597	17	3	143	725.896
-2.617994	2.760637	2.781135	11	24	135	725.883
-1.570796	0.571433	-1.188419	143	159	1	725.803
1.047198	1.391910	3.030322	3	20	134	725.722
0.785398	2.089241	-0.114193	33	164	6	725.681
-2.617994	1.869911	2.701025	163	2	34	725.672
1.832596	2.396274	-1.959260	21	14	127	725.611
1.832596	1.948085	-2.363031	147	32	147	725.487
2.617994	2.251330	-2.330739	15	22	127	725.472
-1.832596	1.506530	1.988858	164	157	136	725.453
-3.141593	2.587733	0.232235	145	161	150	725.350
1.308997	1.574060	2.783565	151	33	11	725.292
-3.141593	1.617114	-1.572037	15	15	141	725.250
2.879793	0.960688	-0.577532	155	23	17	725.226
0.523599	0.203748	0.590255	19	162	159	725.151
-3.141593	1.335669	0.897240	149	23	144	725.114
-2.356194	1.045978	0.343692	7	12	127	725.043
-1.832596	2.041297	-2.664597	8	4	139	724.771
-2.617994	1.135813	-2.658866	150	160	27	724.723
-2.356194	2.033014	2.977192	163	6	33	724.650
-0.523599	1.417623	-0.202254	146	29	158	724.623
-3.141593	0.866955	-0.931351	14	161	142	724.540
-2.094395	2.637879	2.121598	16	166	141	724.523
0.785398	1.242974	-2.977882	3	11	137	724.395
-2.617994	0.914445	2.687814	10	25	30	724.288
1.308997	0.831641	0.616218	10	165	148	724.276
-2.356194	1.310100	1.488307	12	11	119	724.203
-1.832596	1.741644	-2.695914	8	31	9	724.188
-0.523599	0.899350	-2.069907	22	19	138	724.183
0.523599	1.766067	2.153843	9	33	135	724.164
1.308997	1.218453	2.777284	7	5	139	724.122
0.785398	0.615174	-0.666022	26	8	8	724.102
0.000000	0.850607	-1.335383	150	162	158	724.062
-1.832596	0.961715	0.014085	25	2	143	723.839
-3.141593	1.732874	-0.951685	151	42	139	723.835
0.785398	2.455966	-0.641220	144	166	6	723.809
-1.047198	1.555207	1.708892	164	165	139	723.795
-1.308997	2.063651	-2.044600	151	9	123	723.714
-3.141593	0.906588	1.252948	167	21	46	723.712
2.094395	0.203748	0.590255	153	165	26	723.640
-0.785398	0.640596	-2.797608	141	160	14	723.605
-2.879793	0.866395	-2.492918	149	2	4	723.542
0.785398	0.203748	0.590255	167	34	19	723.410
0.261799	2.404280	-0.174044	25	158	167	723.353
-2.879793	1.732874	-0.951685	14	165	144	723.309
-0.261799	1.545873	-1.877082	22	24	151	723.302
-0.785398	1.195355	1.200319	154	3	136	723.280
-3.141593	2.073035	2.027405	151	0	7	723.254
0.785398	1.766067	2.153843	11	18	17	723.207
0.261799	1.367556	0.358405	5	17	135	723.203
1.570796	2.138223	1.678323	157	154	142	723.163
-0.261799	2.089241	-0.114193	158	28	141	722.914
2.356194	0.850607	-1.335383	162	1	127	722.779
-1.832596	1.617114	-1.572037	10	20	18	722.621
-0.523599	1.554776	0.100351	11	7	136	722.563
1.047198	2.719179	-1.780644	162	19	122	722.552
-1.308997	0.685216	-1.712745	137	161	6	722.350
1.308997	0.906588	1.252948	12	7	145	722.343
-1.308997	2.393226	1.857173	31	16	142	722.248
2.094395	1.025536	1.576859	150	15	22	722.222
2.356194	1.545873	-1.877082	15	31	136	722.217
0.000000	0.709924	0.218797	143	30	131	722.201
1.308997	1.194549	-0.801900	14	11	135	722.083
2.094395	1.014500	0.906702	162	27	13	721.961
-1.047198	2.407836	1.410646	10	28	136	721.948
-1.047198	2.247462	0.191623	14	4	143	721.778
2.617994	0.929350	-2.910676	24	26	0	721.771
-1.832596	1.658653	-2.409879	8	29	3	721.664
-0.523599	2.979456	-1.009304	22	164	154	721.566
2.617994	2.637879	2.121598	26	15	165	721.556
0.523599	1.982574	-1.115518	144	7	6	721.428
-2.094395	1.374601	-2.456031	147	31	14	721.270
-0.785398	1.696674	-1.253233	157	158	136	721.110
1.832596	0.203748	0.590255	16	2	126	720.874
-0.785398	2.104282	-0.813972	154	24	33	720.810
-0.523599	1.325504	-1.671296	24	21	152	720.702
-3.141593	0.685216	-1.712745	21	0	1	720.685
2.879793	1.574060	2.783565	16	29	146	720.676
2.617994	0.591903	2.010408	151	10	15	720.536
0.000000	1.732874	-0.951685	19	148	0	720.530
2.356194	1.448123	-2.163292	146	18	17	720.510
-2.356194	2.251330	-2.330739	0	15	133	720.495
-2.617994	0.615174	-0.666022	26	5	140	720.481
1.308997	1.168678	2.108595	155	28	9	720.371
2.617994	1.335669	0.897240	154	22	13	720.336
0.523599	1.310100	1.488307	3	12	134	720.193
0.523599	1.998705	2.370472	17	12	17	720.095
-1.047198	0.762244	-0.273349	1	144	139	719.938
-1.308997	1.135813	-2.658866	133	1	1	719.802
-1.308997	2.407836	1.410646	21	28	136	719.656
2.617994	1.433411	-1.035986	5	16	129	719.623
0.261799	2.089241	-0.114193	25	155	7	719.585
2.094395	1.413430	2.550734	161	163	135	719.548
-1.832596	2.153910	-1.714959	150	19	122	719.483
1.832596	2.164094	-2.991358	145	34	10	719.417
2.879793	1.982574	-1.115518	4	8	131	719.320
2.094395	0.992645	-1.723759	165	14	38	719.202
2.356194	2.760637	2.781135	17	18	125	719.008
1.832596	1.413347	-1.339188	5	5	34	718.941
-0.261799	1.658653	-2.409879	23	24	143	718.917
-0.261799	1.696674	-1.253233	161	5	42	718.888
-2.356194	1.113094	-0.272241	157	18	132	718.886
2.356194	1.335669	0.897240	157	25	13	718.883
-1.570796	0.700570	1.559208	27	5	38	718.826
2.879793	0.929350	-2.910676	2	0	134	718.803
-0.785398	0.914445	2.687814	23	23	140	718.767
-1.047198	0.899350	-2.069907	137	158	6	718.635
1.308997	1.391910	3.030322	152	33	11	718.620
0.000000	1.450119	-2.739050	18	18	142	718.559
-0.785398	1.374601	-2.456031	23	13	139	718.461
2.617994	0.496451	0.593859	20	9	125	718.460
2.617994	1.448123	-2.163292	17	9	142	718.426
