128	1.2	0
-3.141593	1.756530	-2.105156
-1.335482	3.108064	-0.146564
../4v4m_monomer_m.pdb	87.039	83.669	-87.715
../4v4m_monomer_m.pdb	113.163	-32.780	96.836
-0.523599	1.909857	-0.381669	122	110	3	1054.631
-1.308997	0.674054	1.013609	106	16	115	1036.363
-2.356194	2.704512	1.488683	22	5	123	972.559
1.308997	1.977582	0.969896	28	120	20	961.426
0.261799	0.866395	-2.492918	109	7	115	952.614
-1.570796	1.195355	1.200319	121	20	116	943.156
0.000000	0.899350	-2.069907	116	8	111	929.647
1.308997	0.929350	-2.910676	5	24	124	918.754
-1.570796	2.349581	-2.702517	21	18	118	916.094
1.308997	1.824694	1.850876	21	117	5	899.531
-2.094395	2.881233	-2.582574	29	5	120	890.852
1.832596	1.662363	0.915448	119	105	18	880.186
2.617994	1.554776	0.100351	102	116	4	875.781
0.523599	0.899350	-2.069907	109	7	116	875.247
-1.308997	1.413430	2.550734	108	127	114	873.603
-1.047198	2.073035	2.027405	101	5	126	869.742
-0.785398	2.664082	-1.071402	115	107	18	869.199
0.000000	0.914445	2.687814	107	113	5	867.547
0.261799	1.599406	1.426070	112	116	24	867.346
-2.356194	2.299159	2.264663	25	117	117	867.338
-0.523599	1.606104	-0.451151	121	111	8	864.941
-2.094395	2.299159	2.264663	27	116	121	862.638
1.047198	1.504028	0.636812	104	10	123	862.304
1.832596	1.948085	-2.363031	13	122	113	860.439
-1.832596	2.033014	2.977192	20	116	109	857.880
-1.308997	2.579248	-2.364801	23	16	118	856.871
2.356194	1.194549	-0.801900	10	115	34	854.291
-3.141593	2.704512	1.488683	5	23	2	851.926
0.261799	1.168678	2.108595	107	115	13	851.620
-2.617994	0.640596	-2.797608	5	23	114	849.085
-2.879793	1.617114	-1.572037	105	4	108	845.947
0.000000	1.135834	-1.431087	120	10	111	845.184
-0.261799	1.135813	-2.658866	116	14	113	844.966
0.000000	1.134497	-1.109631	125	8	107	844.454
0.785398	1.846342	-1.796954	32	16	122	844.406
-1.832596	1.569311	-3.003978	0	28	123	842.617
-1.832596	2.637879	2.121598	125	120	24	841.721
-1.308997	0.850607	-1.335383	0	8	112	841.551
0.523599	1.134796	2.434290	108	112	13	841.421
-2.617994	1.617114	-1.572037	106	2	108	840.717
0.261799	0.992645	-1.723759	116	8	111	840.597
2.094395	2.719179	-1.780644	113	121	21	839.056
-1.308997	2.187132	-0.479875	109	107	1	839.045
-2.617994	1.909857	-0.381669	13	117	119	838.232
-2.617994	1.872854	1.543456	119	15	0	836.911
1.570796	0.899350	-2.069907	105	123	117	834.515
-2.879793	1.766067	2.153843	0	113	15	833.856
1.047198	2.174483	2.653697	124	110	111	833.246
-2.356194	0.700570	1.559208	9	17	115	832.326
0.000000	1.194549	-0.801900	1	10	110	832.298
-2.879793	1.824694	1.850876	122	113	16	831.720
0.523599	2.356369	3.005869	123	21	118	830.867
1.047198	2.164094	-2.991358	122	20	117	830.254
2.094395	1.134497	-1.109631	118	23	113	829.443
-1.832596	2.579248	-2.364801	27	5	115	829.315
0.785398	2.356369	3.005869	119	20	117	829.186
-1.832596	2.349581	-2.702517	24	14	117	827.434
-1.570796	0.080730	-2.622036	95	4	15	825.459
-2.094395	2.349581	-2.702517	26	9	116	825.163
-0.261799	1.214854	-1.966664	121	13	113	823.911
-2.094395	1.218453	2.777284	106	1	114	822.849
-1.308997	1.450119	-2.739050	13	114	103	821.687
0.261799	2.456751	-1.503343	6	24	116	820.597
1.832596	2.063651	-2.044600	9	125	111	820.078
-1.570796	0.496451	0.593859	116	23	117	818.859
2.356194	2.719179	-1.780644	105	119	19	816.326
0.000000	0.992645	-1.723759	117	8	111	816.088
-1.308997	0.831641	0.616218	112	21	116	815.841
-1.570796	2.033014	2.977192	21	120	110	814.290
1.832596	0.640596	-2.797608	118	23	121	812.055
-2.879793	2.187132	-0.479875	30	0	7	810.993
-2.356194	2.073035	2.027405	25	120	116	810.731
-1.832596	0.864993	2.278281	104	8	115	810.587
2.879793	0.297065	2.160177	32	1	118	806.793
-2.094395	0.914445	2.687814	103	5	115	806.065
-0.523599	2.104282	-0.813972	6	12	111	805.664
0.523599	1.506530	1.988858	112	113	21	804.974
-0.261799	0.674054	1.013609	127	14	28	804.498
0.785398	2.247462	0.191623	34	1	13	804.074
1.308997	1.766067	2.153843	21	119	127	804.031
1.308997	1.699788	2.452890	22	120	0	803.278
-1.308997	2.407836	1.410646	96	14	6	802.274
-2.356194	0.914445	2.687814	104	8	115	801.911
-2.094395	2.073035	2.027405	114	19	1	801.847
-1.832596	2.174483	2.653697	23	121	112	801.126
-0.261799	0.899350	-2.069907	119	10	111	800.610
2.094395	2.881233	-2.582574	117	118	23	799.829
0.261799	1.214854	-1.966664	111	14	119	798.665
-2.356194	2.404280	-0.174044	97	2	0	796.922
1.047198	1.683268	0.374177	102	10	0	795.448
1.047198	1.662363	0.915448	126	19	1	795.258
-2.617994	1.836682	-0.676006	31	0	6	795.235
0.000000	1.367556	0.358405	4	14	119	794.898
-1.570796	0.591903	2.010408	27	1	124	794.309
0.261799	0.297065	2.160177	112	116	16	793.949
1.570796	1.506530	1.988858	27	121	3	790.626
-0.261799	1.741644	-2.695914	6	18	111	789.412
-1.570796	1.135834	-1.431087	116	9	104	788.672
-0.261799	2.187132	-0.479875	43	2	3	786.964
-2.356194	1.194549	-0.801900	27	0	125	786.144
2.879793	0.496451	0.593859	19	10	118	786.063
-1.832596	1.736875	3.023612	1	22	113	786.032
-1.832596	1.870545	-2.976234	115	6	108	785.761
-1.832596	2.041297	-2.664597	22	14	114	785.621
-3.141593	1.766067	2.153843	116	112	13	784.555
-0.261799	0.992645	-1.723759	119	9	111	784.354
1.308997	1.195355	1.200319	121	18	4	784.137
0.523599	2.863997	0.549740	108	109	0	783.544
-1.308997	2.073035	2.027405	100	8	1	783.477
-1.308997	0.700570	1.559208	27	3	125	783.244
-1.832596	0.379747	-1.713059	3	126	105	782.914
-1.570796	1.413430	2.550734	107	127	114	782.750
-2.879793	2.108018	1.311430	120	15	0	780.996
-0.261799	2.592629	0.909713	99	127	126	780.689
-1.308997	1.569311	-3.003978	14	118	103	779.327
0.000000	1.488617	1.159546	115	119	26	778.855
-1.308997	2.251330	-2.330739	20	14	113	778.788
-0.261799	1.113094	-0.272241	4	124	27	778.555
-1.832596	0.080730	-2.622036	95	8	15	778.435
-1.832596	1.310100	1.488307	3	16	111	778.072
-1.047198	0.961715	0.014085	11	107	20	777.853
-2.879793	1.998705	2.370472	0	115	18	777.294
0.261799	0.864993	2.278281	110	18	0	776.909
-0.523599	1.569311	-3.003978	25	1	114	776.771
1.047198	2.041297	-2.664597	9	121	113	775.943
-0.261799	1.134497	-1.109631	124	10	111	775.801
-1.570796	1.870545	-2.976234	14	24	122	775.137
1.047198	1.948085	-2.363031	12	126	112	774.802
-1.308997	0.418037	1.360082	113	19	19	774.673
-1.570796	0.700570	1.559208	105	12	111	774.271
2.094395	1.658653	-2.409879	21	121	112	773.780
0.785398	2.587733	0.232235	35	127	8	773.380
-2.617994	1.904882	-1.478089	106	126	109	773.134
1.570796	1.135834	-1.431087	105	125	113	772.804
-2.617994	0.929350	-2.910676	9	19	111	772.648
-1.308997	0.709924	0.218797	117	24	119	772.190
1.308997	2.587733	0.232235	29	2	2	771.674
1.308997	2.041297	-2.664597	11	124	114	771.352
1.047198	0.709924	0.218797	112	12	113	771.144
-1.832596	2.456751	-1.503343	105	115	125	770.839
-3.141593	1.836682	-0.676006	126	10	121	770.647
2.879793	0.203748	0.590255	114	113	21	770.180
-0.261799	1.367556	0.358405	114	121	23	769.824
2.879793	1.766067	2.153843	3	112	23	769.352
-0.785398	1.113094	-0.272241	14	107	20	769.141
-2.879793	1.836682	-0.676006	29	126	6	768.457
-0.261799	1.242974	-2.977882	111	14	112	768.198
1.570796	2.295480	1.008277	25	121	6	767.988
-1.570796	2.379497	0.561089	99	1	2	767.975
2.094395	2.349581	-2.702517	102	16	124	767.723
-1.308997	0.615174	-0.666022	115	118	19	767.611
1.308997	2.295480	1.008277	31	119	16	767.439
1.308997	2.343981	-1.040456	115	19	107	767.389
0.000000	1.168678	2.108595	118	19	5	767.171
1.308997	1.662363	0.915448	24	123	22	767.138
-1.308997	0.496451	0.593859	111	21	117	766.965
-0.523599	0.992645	-1.723759	125	10	111	766.195
-1.047198	2.579248	-2.364801	20	18	118	765.830
0.523599	1.812176	0.656819	2	15	122	765.199
2.879793	0.379747	-1.713059	121	24	114	764.605
0.523599	2.295480	1.008277	124	18	15	763.857
-0.523599	0.615174	-0.666022	5	121	21	763.493
0.000000	1.135813	-2.658866	113	10	111	763.462
2.879793	1.555207	1.708892	120	109	15	762.751
1.308997	2.979456	-1.009304	105	24	124	762.640
-1.832596	1.218453	2.777284	104	127	116	761.643
1.308997	1.450119	-2.739050	20	112	122	761.246
-0.785398	0.960688	-0.577532	12	105	15	760.604
-3.141593	1.450119	-2.739050	30	127	113	760.542
0.785398	1.683268	0.374177	109	13	124	760.409
-0.261799	1.417623	-0.202254	4	119	26	760.400
-1.047198	0.685216	-1.712745	126	10	113	759.993
1.308997	2.104282	-0.813972	124	24	113	759.821
2.094395	1.732874	-0.951685	112	21	113	759.692
-1.570796	2.588535	-2.976617	23	107	125	759.557
0.523599	2.247462	0.191623	111	11	122	759.352
0.785398	2.164094	-2.991358	122	22	119	759.299
-2.094395	1.014500	0.906702	13	110	119	759.293
-2.617994	1.242974	-2.977882	6	16	106	758.949
-3.141593	2.247462	0.191623	121	12	122	758.792
-2.879793	0.866395	-2.492918	10	17	108	758.656
-0.523599	0.866955	-0.931351	4	116	19	758.543
-2.617994	2.180315	-1.357379	107	123	110	758.536
0.261799	1.134497	-1.109631	125	9	107	758.518
0.000000	1.218453	2.777284	102	115	126	758.444
0.523599	0.615174	-0.666022	4	23	121	757.902
-1.047198	0.960688	-0.577532	8	103	14	757.650
1.308997	0.899350	-2.069907	106	126	115	757.646
-1.047198	0.899350	-2.069907	11	6	109	756.444
0.523599	0.709924	0.218797	106	127	20	756.309
1.047198	2.115563	0.685730	30	122	19	755.942
0.261799	1.504028	0.636812	2	15	121	755.564
0.261799	1.025536	1.576859	112	120	22	755.306
-1.832596	1.391910	3.030322	0	29	1	755.203
0.261799	0.850607	-1.335383	123	5	105	755.025
-2.617994	1.554776	0.100351	112	105	13	754.509
2.094395	0.640596	-2.797608	112	22	122	754.231
-3.141593	2.073035	2.027405	127	115	20	754.090
1.832596	0.458961	-0.107937	14	122	117	753.846
1.832596	1.872854	1.543456	22	121	125	753.593
0.261799	1.310100	1.488307	111	118	23	753.588
-2.617994	1.450119	-2.739050	8	13	105	753.430
-1.308997	1.721184	-0.153948	126	101	16	752.917
2.094395	1.872854	1.543456	23	117	127	752.647
2.356194	2.588535	-2.976617	115	108	18	752.637
-2.617994	1.555207	1.708892	122	110	8	752.616
1.570796	1.948085	-2.363031	11	123	113	752.132
0.000000	1.134796	2.434290	107	116	8	751.996
-3.141593	2.041297	-2.664597	19	114	105	751.706
-0.261799	1.128190	-2.288622	118	14	114	751.202
-0.523599	0.906588	1.252948	117	11	30	750.375
0.000000	0.929350	-2.910676	109	109	122	750.170
1.570796	2.349581	-2.702517	112	20	124	749.746
1.308997	1.135834	-1.431087	105	1	113	749.390
-2.094395	2.187132	-0.479875	103	104	122	749.300
-1.832596	2.251330	-2.330739	119	122	107	749.057
0.523599	1.310100	1.488307	104	116	114	748.884
0.523599	2.587733	0.232235	35	122	9	748.519
-3.141593	1.812176	0.656819	106	114	17	747.787
0.261799	2.063651	-2.044600	119	116	6	747.687
1.047198	0.496451	0.593859	114	24	22	747.455
1.570796	1.194549	-0.801900	125	27	120	746.893
1.308997	1.869911	2.701025	110	20	116	746.707
-2.356194	1.998705	2.370472	108	8	123	746.659
1.047198	1.014500	0.906702	109	9	115	746.523
-3.141593	1.135813	-2.658866	11	13	107	746.291
-1.832596	1.134497	-1.109631	25	122	120	746.267
-3.141593	1.872854	1.543456	120	115	21	745.845
-2.094395	2.174483	2.653697	23	117	112	745.746
-2.879793	2.104282	-0.813972	29	127	10	745.721
-3.141593	2.407836	1.410646	105	119	17	745.650
-2.356194	0.496451	0.593859	8	117	26	745.055
0.000000	2.115563	0.685730	110	113	2	745.048
0.000000	1.870545	-2.976234	93	4	114	744.701
-2.094395	1.391910	3.030322	105	126	115	744.653
-0.785398	1.135834	-1.431087	1	11	114	744.013
-0.261799	0.866395	-2.492918	116	10	110	744.010
-0.785398	0.379747	-1.713059	112	108	10	743.563
2.356194	0.458961	-0.107937	0	102	15	743.286
-0.523599	0.899350	-2.069907	121	11	111	742.942
-0.785398	0.762244	-0.273349	1	121	24	742.839
-1.570796	0.571433	-1.188419	0	7	111	742.412
-1.047198	1.450119	-2.739050	14	116	103	742.245
-1.308997	1.113094	-0.272241	5	101	14	741.477
1.570796	1.247695	1.809890	26	122	7	740.464
-0.785398	2.138223	1.678323	105	22	126	740.366
-2.356194	2.984978	1.954446	118	25	124	740.293
-3.141593	2.115563	0.685730	118	14	127	740.092
1.570796	1.450119	-2.739050	109	20	119	739.658
-3.141593	1.998705	2.370472	127	115	18	738.908
-1.047198	1.569311	-3.003978	14	121	102	738.873
-2.879793	2.295480	1.008277	119	15	125	738.634
2.879793	1.599406	1.426070	118	111	20	738.573
-1.832596	1.050534	3.042579	103	123	116	738.572
-1.570796	1.391910	3.030322	123	30	1	738.422
-1.570796	1.699788	2.452890	25	126	112	738.021
-1.047198	0.615174	-0.666022	121	119	20	737.704
-0.785398	1.875281	0.107086	127	105	17	737.478
-1.047198	2.251330	-2.330739	17	16	113	737.295
2.094395	1.696674	-1.253233	113	22	114	737.250
-0.523599	1.113094	-0.272241	0	120	25	737.225
-1.047198	0.709924	0.218797	25	123	122	737.159
-0.261799	1.301460	-0.509251	5	119	24	737.039
-2.094395	2.404280	-0.174044	98	126	127	736.896
-1.308997	2.719179	-1.780644	29	2	117	736.890
0.261799	0.685216	-1.712745	119	2	105	736.599
-3.141593	1.325504	-1.671296	107	12	108	736.485
-1.832596	1.450119	-2.739050	112	18	110	736.417
1.570796	2.073035	2.027405	25	115	4	736.052
2.356194	2.881233	-2.582574	116	113	22	735.742
-0.523599	0.418037	1.360082	108	11	21	735.460
-1.308997	0.961715	0.014085	8	105	19	735.189
-1.570796	0.615174	-0.666022	112	118	19	734.799
0.523599	0.700570	1.559208	112	119	20	734.729
2.094395	2.664082	-1.071402	100	126	19	734.640
-2.879793	0.700570	1.559208	12	15	114	734.468
-1.570796	0.899350	-2.069907	12	0	109	733.960
2.617994	2.073035	2.027405	116	114	20	733.580
1.832596	1.658653	-2.409879	19	120	112	733.401
-1.047198	2.104282	-0.813972	110	117	26	732.901
0.523599	1.168678	2.108595	109	111	14	732.318
-3.141593	0.297065	2.160177	31	4	118	731.755
-2.356194	0.640596	-2.797608	1	23	113	731.611
2.356194	1.045978	0.343692	100	119	125	731.584
-2.879793	1.325504	-1.671296	106	9	109	731.493
1.308997	1.014500	0.906702	121	23	1	731.441
2.617994	1.310100	1.488307	126	102	7	731.418
-1.832596	0.615174	-0.666022	109	121	19	731.004
-0.261799	1.325504	-1.671296	121	114	2	730.878
1.308997	2.881233	-2.582574	102	126	21	730.727
-0.523599	1.256302	0.062705	7	112	20	730.100
-3.141593	0.571433	-1.188419	121	103	12	729.960
-2.356194	0.297065	2.160177	111	18	115	729.862
-0.523599	0.831641	0.616218	122	7	29	729.303
-2.617994	1.948085	-2.363031	107	125	111	728.993
1.308997	1.736875	3.023612	15	115	119	728.983
-2.094395	1.998705	2.370472	107	7	123	728.776
1.047198	1.195355	1.200319	124	20	4	728.768
-2.094395	2.138223	1.678323	109	18	5	728.265
1.047198	2.001437	0.381215	31	0	18	728.228
2.094395	1.433411	-1.035986	109	23	116	728.207
-0.785398	1.824694	1.850876	101	2	123	727.902
-2.356194	1.242974	-2.977882	2	18	106	727.862
2.879793	1.732874	-0.951685	117	16	10	726.934
2.094395	1.488617	1.159546	115	6	117	726.931
0.000000	0.733948	3.021411	0	103	5	726.427
0.785398	2.187132	-0.479875	36	10	8	726.311
0.000000	1.875281	0.107086	127	20	5	726.161
-2.094395	1.870545	-2.976234	108	10	122	725.988
-3.141593	1.741644	-2.695914	125	4	103	725.927
2.356194	2.984978	1.954446	27	1	123	725.889
-2.094395	2.251330	-2.330739	117	121	107	725.848
1.308997	2.349581	-2.702517	117	22	124	725.828
0.523599	1.683268	0.374177	112	16	124	725.590
-1.570796	0.850607	-1.335383	112	7	105	725.504
-2.356194	2.455966	-0.641220	103	123	118	725.356
0.000000	1.025536	1.576859	115	22	6	725.119
-2.094395	1.194549	-0.801900	29	3	124	724.921
-2.879793	2.247462	0.191623	119	12	124	724.775
2.617994	1.836682	-0.676006	19	125	30	724.680
0.000000	1.195355	1.200319	114	123	25	724.221
2.356194	0.290380	-0.796960	16	120	118	724.185
-2.356194	0.850607	-1.335383	94	0	112	723.749
0.000000	1.256302	0.062705	122	123	26	723.691
2.617994	1.506530	1.988858	126	103	8	723.510
2.879793	2.089241	-0.114193	121	19	11	723.396
-2.879793	1.242974	-2.977882	104	127	108	723.159
1.832596	2.579248	-2.364801	110	20	0	723.109
1.047198	2.379497	0.561089	35	127	13	722.941
-2.356194	2.295480	1.008277	112	19	6	722.920
-2.356194	2.343981	-1.040456	102	120	117	722.915
-0.261799	1.510910	-0.740472	1	11	112	722.601
1.308997	2.164094	-2.991358	11	120	116	722.576
-2.356194	1.909857	-0.381669	32	4	4	722.491
0.523599	0.419640	2.974122	30	117	123	722.093
0.261799	2.587733	0.232235	3	13	122	721.920
0.785398	2.863997	0.549740	28	120	124	721.580
1.570796	2.881233	-2.582574	103	123	21	721.113
2.094395	0.418037	1.360082	30	124	117	720.953
0.261799	1.256302	0.062705	127	21	127	720.479
-2.879793	2.180315	-1.357379	105	125	110	720.341
1.832596	0.203748	0.590255	2	16	121	720.271
-1.832596	2.295480	1.008277	101	16	9	720.234
1.308997	2.379497	0.561089	27	126	5	720.220
2.356194	2.138223	1.678323	26	119	0	719.895
-0.785398	0.619654	-2.216909	0	10	112	719.481
-2.094395	1.050534	3.042579	101	126	117	719.259
2.356194	1.555207	1.708892	126	101	10	718.624
2.617994	0.419640	2.974122	109	18	115	718.565
-2.879793	2.704512	1.488683	115	22	126	718.313
-0.261799	0.700570	1.559208	126	120	18	718.210
-2.879793	2.138223	1.678323	123	17	2	718.056
0.261799	2.724429	-0.348782	117	106	16	717.820
0.000000	1.413347	-1.339188	123	11	105	717.799
-2.879793	1.135813	-2.658866	10	14	106	717.331
2.094395	2.063651	-2.044600	10	125	112	717.145
0.785398	0.619654	-2.216909	104	5	119	717.083
-0.785398	0.496451	0.593859	123	4	24	717.071
-1.570796	1.741644	-2.695914	113	16	109	716.443
1.308997	2.174483	2.653697	2	107	113	716.355
1.570796	0.496451	0.593859	116	127	106	716.143
0.000000	0.203748	0.590255	119	16	21	715.824
-2.879793	1.699788	2.452890	0	113	15	715.497
-2.356194	1.836682	-0.676006	32	5	5	715.489
2.879793	1.545873	-1.877082	106	11	109	715.237
-2.094395	2.455966	-0.641220	102	121	121	715.225
1.308997	0.866955	-0.931351	16	23	120	715.176
-0.785398	1.247695	1.809890	16	6	108	714.533
1.570796	2.299159	2.264663	18	113	124	714.264
2.356194	1.433411	-1.035986	120	15	103	713.646
-2.879793	2.299159	2.264663	1	117	21	713.643
0.000000	1.050534	3.042579	103	112	123	713.351
1.832596	1.325504	-1.671296	16	6	107	713.304
-0.523599	0.685216	-1.712745	120	7	109	712.872
0.785398	2.174483	2.653697	4	19	107	712.577
2.879793	1.310100	1.488307	115	107	12	712.363
-0.785398	1.256302	0.062705	9	109	22	712.061
-1.570796	2.108018	1.311430	106	11	126	711.692
2.879793	2.664082	-1.071402	115	117	21	711.672
-1.832596	2.356369	3.005869	127	26	123	711.656
-3.141593	1.824694	1.850876	126	114	21	711.178
-2.356194	1.014500	0.906702	10	108	120	711.120
0.785398	1.113094	-0.272241	114	17	117	710.991
2.356194	1.982574	-1.115518	125	127	32	710.896
2.879793	1.872854	1.543456	115	116	23	710.851
-1.047198	2.164094	-2.991358	124	23	111	710.386
-2.356194	2.187132	-0.479875	32	5	7	710.072
-1.570796	1.569311	-3.003978	122	21	109	709.943
-0.523599	0.203748	0.590255	24	12	118	709.943
-1.308997	1.732874	-0.951685	112	119	25	709.846
-1.047198	1.998705	2.370472	99	6	0	709.086
1.570796	2.104282	-0.813972	121	24	114	708.943
-1.832596	1.301460	-0.509251	27	120	123	708.878
0.785398	0.685216	-1.712745	120	2	104	708.824
1.047198	2.343981	-1.040456	126	24	114	708.730
2.879793	1.168678	2.108595	125	104	127	708.664
-3.141593	1.599406	1.426070	116	111	15	708.657
-0.785398	0.850607	-1.335383	125	9	111	708.429
-0.785398	2.104282	-0.813972	117	9	117	708.427
1.832596	2.349581	-2.702517	105	18	125	708.376
-0.261799	0.685216	-1.712745	119	6	109	708.301
2.356194	0.571433	-1.188419	122	23	111	708.287
-1.570796	2.719179	-1.780644	112	105	14	708.266
-0.261799	0.929350	-2.910676	21	117	111	708.001
-0.261799	1.050534	3.042579	110	16	115	707.921
1.308997	1.504028	0.636812	103	7	123	707.560
-3.141593	1.696674	-1.253233	24	120	11	707.347
-0.523599	1.367556	0.358405	113	120	23	707.295
-0.261799	1.135834	-1.431087	126	10	110	707.147
1.832596	1.045978	0.343692	96	3	0	707.141
1.570796	0.615174	-0.666022	122	24	113	707.099
0.261799	1.554776	0.100351	123	119	24	706.797
-0.261799	1.909857	-0.381669	3	18	5	706.773
-2.356194	1.510910	-0.740472	19	119	117	706.508
0.000000	1.658653	-2.409879	5	20	113	706.066
0.523599	1.904882	-1.478089	20	7	108	705.943
2.617994	1.732874	-0.951685	95	9	112	705.619
-1.570796	1.242974	-2.977882	121	29	122	705.332
1.832596	0.379747	-1.713059	125	13	17	705.295
-2.617994	1.606104	-0.451151	31	1	1	705.105
-1.308997	1.242974	-2.977882	103	18	114	705.014
0.523599	2.760637	2.781135	24	125	5	705.009
0.785398	2.664082	-1.071402	1	24	115	704.849
0.523599	2.456751	-1.503343	123	24	115	704.282
2.879793	1.683268	0.374177	104	114	5	703.744
2.879793	0.618092	2.539118	5	19	119	703.509
0.261799	0.831641	0.616218	125	24	2	703.508
-0.523599	2.979456	-1.009304	32	2	123	703.427
1.570796	0.674054	1.013609	114	20	127	703.197
1.570796	1.440580	2.260026	28	124	3	703.186
-1.308997	1.367556	0.358405	33	11	1	703.141
1.832596	2.174483	2.653697	21	111	124	703.133
2.094395	1.756530	-2.105156	16	125	109	702.862
2.094395	0.203748	0.590255	116	113	20	702.753
-2.094395	1.736875	3.023612	6	27	1	702.480
-2.094395	1.025536	1.576859	1	16	112	702.426
-2.879793	0.674054	1.013609	8	120	27	702.416
-2.617994	1.194549	-0.801900	22	124	123	702.281
2.879793	1.741644	-2.695914	125	4	103	702.176
-1.308997	0.080730	-2.622036	95	127	15	702.174
-0.785398	2.979456	-1.009304	29	120	120	702.077
1.308997	2.455966	-0.641220	3	25	121	702.071
0.523599	2.180315	-1.357379	11	4	106	701.892
-2.879793	1.872854	1.543456	121	14	0	701.612
2.617994	1.014500	0.906702	122	8	117	701.595
1.047198	1.135834	-1.431087	105	3	113	701.589
-1.570796	2.174483	2.653697	31	119	121	701.487
0.785398	1.391910	3.030322	12	127	107	701.357
-1.570796	1.413347	-1.339188	120	7	102	701.126
0.785398	0.297065	2.160177	112	13	120	701.038
-3.141593	0.866955	-0.931351	112	113	21	700.926
0.785398	1.506530	1.988858	118	112	28	700.787
-1.570796	1.450119	-2.739050	109	17	110	700.770
-2.617994	1.766067	2.153843	126	114	15	700.731
1.308997	1.050534	3.042579	106	118	110	700.585
-0.523599	1.875281	0.107086	118	110	11	700.407
-2.879793	2.073035	2.027405	109	115	15	700.399
-2.617994	2.251330	-2.330739	109	123	112	700.083
0.000000	1.325504	-1.671296	112	18	126	700.057
1.570796	1.128190	-2.288622	108	123	110	699.875
2.356194	1.506530	1.988858	125	102	10	699.791
-2.617994	2.187132	-0.479875	31	2	8	699.775
0.523599	1.554776	0.100351	6	22	123	699.241
-2.879793	1.554776	0.100351	109	108	14	699.122
2.356194	1.135834	-1.431087	118	20	108	699.014
-2.094395	2.587733	0.232235	97	5	0	698.833
-3.141593	1.256302	0.062705	122	11	123	698.814
-1.832596	1.977582	0.969896	102	124	32	698.672
0.523599	2.041297	-2.664597	11	120	114	698.652
-3.141593	0.619654	-2.216909	7	21	112	698.600
1.308997	1.948085	-2.363031	12	125	112	698.473
-1.308997	1.741644	-2.695914	109	15	109	698.467
1.570796	0.866395	-2.492918	104	124	118	698.420
-1.832596	0.961715	0.014085	127	102	19	698.393
-0.523599	1.554776	0.100351	115	115	20	698.142
1.832596	2.719179	-1.780644	111	122	21	698.014
-1.047198	0.619654	-2.216909	7	6	109	697.982
1.047198	1.391910	3.030322	11	1	108	697.882
-0.523599	2.164094	-2.991358	96	16	118	697.560
-2.617994	0.496451	0.593859	5	117	26	697.250
-0.261799	1.574060	2.783565	117	113	117	697.045
-2.356194	2.041297	-2.664597	117	126	105	696.956
2.879793	1.367556	0.358405	108	112	125	696.780
-0.261799	2.001437	0.381215	116	110	9	696.371
-1.047198	0.850607	-1.335383	126	9	112	696.362
-0.785398	0.297065	2.160177	98	10	16	696.342
-0.523599	0.866395	-2.492918	12	112	103	696.329
-3.141593	0.961715	0.014085	6	124	27	696.198
-2.094395	0.297065	2.160177	27	8	118	695.973
-2.617994	1.741644	-2.695914	27	127	110	695.908
-1.308997	1.982574	-1.115518	109	116	24	695.763
-2.617994	1.998705	2.370472	3	115	18	695.581
-0.523599	0.850607	-1.335383	2	109	11	695.330
-0.261799	0.080730	-2.622036	106	112	15	695.070
1.570796	1.367556	0.358405	100	2	124	694.745
-2.094395	0.961715	0.014085	122	100	15	694.680
1.832596	0.992645	-1.723759	114	113	118	694.548
0.000000	2.404280	-0.174044	2	13	117	694.501
-2.879793	1.904882	-1.478089	105	0	109	694.261
-1.570796	2.579248	-2.364801	25	10	116	694.257
-2.094395	2.478122	2.609777	25	116	118	693.935
-2.094395	1.242974	-2.977882	4	21	110	693.832
1.832596	0.733948	3.021411	126	26	120	693.633
1.308997	1.809167	1.213774	24	118	17	693.486
0.000000	1.247695	1.809890	99	121	17	693.473
-2.356194	2.588535	-2.976617	28	8	120	693.455
2.879793	1.904882	-1.478089	113	6	108	693.203
1.570796	2.379497	0.561089	24	118	7	693.094
2.094395	1.214854	-1.966664	120	109	123	691.985
2.879793	1.450119	-2.739050	101	0	108	691.728
-1.832596	0.419640	2.974122	0	24	116	691.703
-1.308997	1.440580	2.260026	107	3	114	691.692
-1.570796	0.709924	0.218797	123	24	119	691.543
-2.879793	1.846342	-1.796954	115	1	102	691.438
2.356194	2.579248	-2.364801	116	115	21	691.415
2.617994	2.349581	-2.702517	93	6	0	691.398
1.308997	0.866395	-2.492918	103	126	118	691.263
-0.785398	2.108018	1.311430	3	22	117	691.060
0.523599	1.367556	0.358405	115	17	123	690.882
-2.617994	0.290380	-0.796960	96	3	16	690.842
2.356194	1.256302	0.062705	15	1	123	690.751
-2.617994	1.545873	-1.877082	109	5	106	690.613
-1.832596	2.379497	0.561089	99	6	3	690.553
2.617994	1.846342	-1.796954	122	8	110	690.524
-2.094395	0.640596	-2.797608	122	21	109	690.488
2.879793	1.510910	-0.740472	121	14	15	690.485
-1.570796	1.113094	-0.272241	121	99	5	690.481
2.356194	1.732874	-0.951685	109	18	113	690.259
2.879793	1.335669	0.897240	98	126	30	690.105
-0.523599	1.374601	-2.456031	7	14	111	690.046
-1.308997	2.108018	1.311430	104	10	126	690.005
2.094395	2.579248	-2.364801	105	18	0	689.844
0.523599	0.910508	1.903534	108	114	17	689.701
1.832596	1.242974	-2.977882	108	26	1	689.680
-2.879793	2.153910	-1.714959	115	124	104	689.549
2.617994	1.510910	-0.740472	14	119	32	689.429
-2.094395	1.134497	-1.109631	24	119	122	689.337
0.785398	0.591903	2.010408	107	15	124	689.027
-1.308997	1.998705	2.370472	102	13	126	688.955
2.879793	1.870545	-2.976234	25	122	111	688.777
-2.617994	2.455966	-0.641220	97	0	122	688.596
-2.356194	1.741644	-2.695914	6	13	104	688.564
-0.523599	2.041297	-2.664597	25	116	122	688.460
2.879793	2.979456	-1.009304	103	123	22	688.412
0.785398	1.135834	-1.431087	24	126	108	688.284
-2.356194	2.349581	-2.702517	27	3	113	688.033
-1.308997	1.824694	1.850876	105	9	123	687.613
-0.261799	2.393226	1.857173	127	15	101	687.583
-1.047198	1.301460	-0.509251	7	104	16	687.485
-1.570796	0.674054	1.013609	111	18	111	687.244
1.308997	2.407836	1.410646	14	119	119	687.230
-0.261799	1.599406	1.426070	96	10	122	686.979
-1.308997	2.379497	0.561089	99	126	2	686.892
0.785398	1.050534	3.042579	15	125	108	686.659
-2.356194	1.617114	-1.572037	106	1	108	686.559
-0.785398	2.455966	-0.641220	3	9	115	686.313
2.617994	0.458961	-0.107937	12	106	21	686.285
-2.617994	2.041297	-2.664597	116	126	105	686.251
1.570796	2.719179	-1.780644	99	1	19	686.061
-0.523599	1.134497	-1.109631	13	101	2	685.940
0.000000	1.948085	-2.363031	12	18	108	685.795
1.570796	2.863997	0.549740	29	1	127	685.331
-0.261799	0.831641	0.616218	10	0	29	685.319
1.047198	1.448123	-2.163292	31	9	121	685.279
1.047198	0.850607	-1.335383	22	9	110	685.222
-1.308997	1.617114	-1.572037	126	11	100	685.154
-0.261799	1.025536	1.576859	120	118	17	685.082
-0.261799	0.640596	-2.797608	7	110	103	685.062
1.570796	2.760637	2.781135	115	99	7	684.941
2.879793	2.164094	-2.991358	36	119	124	684.851
0.000000	1.555207	1.708892	100	118	17	684.822
-2.617994	1.135813	-2.658866	6	16	106	684.777
2.879793	0.899350	-2.069907	9	17	111	684.557
-0.261799	0.571433	-1.188419	28	118	115	684.429
-1.832596	2.478122	2.609777	28	114	124	684.404
0.000000	1.606104	-0.451151	116	6	30	684.289
-2.617994	2.343981	-1.040456	105	123	113	684.128
-2.879793	1.301460	-0.509251	25	127	125	684.037
1.832596	2.455966	-0.641220	120	25	121	683.998
0.523599	2.407836	1.410646	119	103	22	683.898
-3.141593	2.089241	-0.114193	120	12	123	683.752
-2.879793	1.909857	-0.381669	30	127	4	683.579
1.308997	1.658653	-2.409879	18	123	112	683.527
-2.356194	1.872854	1.543456	117	16	0	683.454
1.308997	1.574060	2.783565	22	122	117	683.430
-3.141593	1.014500	0.906702	25	126	113	683.294
-1.308997	1.599406	1.426070	120	15	108	683.289
-3.141593	0.591903	2.010408	9	14	114	683.158
2.879793	0.615174	-0.666022	127	104	17	683.043
1.047198	2.637879	2.121598	124	102	20	682.982
1.570796	2.478122	2.609777	121	100	14	682.933
1.570796	2.247462	0.191623	12	25	19	682.828
1.308997	2.478122	2.609777	113	100	7	682.777
2.617994	0.960688	-0.577532	118	110	24	682.670
2.356194	1.909857	-0.381669	111	113	123	682.646
1.047198	1.732874	-0.951685	2	25	116	682.488
-1.832596	0.929350	-2.910676	118	20	107	682.475
0.000000	1.128190	-2.288622	114	8	106	682.157
-1.832596	1.998705	2.370472	110	20	0	681.987
-1.308997	0.762244	-0.273349	109	6	20	681.879
-2.094395	1.417623	-0.202254	33	8	126	681.777
-0.261799	2.979456	-1.009304	9	101	1	681.713
-1.832596	1.194549	-0.801900	25	122	119	681.486
-1.570796	1.374601	-2.456031	107	12	107	681.445
-0.261799	1.413430	2.550734	109	117	116	681.404
2.617994	2.187132	-0.479875	121	20	5	681.349
-1.308997	1.510910	-0.740472	114	124	27	681.321
1.832596	0.914445	2.687814	7	24	115	681.297
-0.261799	1.433411	-1.035986	127	11	110	681.256
-0.261799	1.488617	1.159546	98	124	22	681.020
0.785398	1.417623	-0.202254	110	16	122	680.983
-3.141593	1.194549	-0.801900	114	116	26	680.942
-0.785398	1.374601	-2.456031	9	16	12	680.782
0.000000	0.910508	1.903534	120	22	3	680.445
-2.879793	1.683268	0.374177	111	110	20	680.440
0.261799	1.247695	1.809890	107	117	18	680.359
0.261799	1.555207	1.708892	108	114	15	680.336
0.785398	1.488617	1.159546	126	16	125	680.326
-0.785398	1.545873	-1.877082	116	111	123	680.088
-1.047198	0.700570	1.559208	105	18	117	680.047
1.570796	2.393226	1.857173	23	111	3	679.974
0.785398	2.455966	-0.641220	32	7	2	679.907
-1.832596	0.418037	1.360082	108	16	112	679.660
-2.879793	1.545873	-1.877082	110	7	106	679.633
1.308997	1.184361	0.625864	103	7	120	679.535
-0.523599	1.450119	-2.739050	7	16	111	679.246
-1.570796	1.134796	2.434290	104	2	115	679.078
1.047198	2.153910	-1.714959	7	13	105	679.060
2.879793	2.138223	1.678323	1	117	26	678.804
-1.832596	1.025536	1.576859	121	16	112	678.763
2.617994	0.297065	2.160177	3	26	121	678.402
-2.094395	2.153910	-1.714959	101	121	125	678.282
1.832596	2.187132	-0.479875	123	26	124	678.137
0.785398	1.335669	0.897240	109	14	118	678.074
1.308997	2.180315	-1.357379	103	23	119	678.010
-2.094395	1.836682	-0.676006	26	117	7	677.929
-1.308997	0.864993	2.278281	102	4	115	677.721
2.356194	2.592629	0.909713	25	109	5	677.601
1.308997	0.850607	-1.335383	20	11	111	677.583
0.261799	2.247462	0.191623	6	16	124	677.422
-0.785398	0.615174	-0.666022	123	120	20	677.391
-0.261799	2.588535	-2.976617	25	5	123	677.324
-2.356194	0.929350	-2.910676	127	21	108	677.229
-1.308997	2.138223	1.678323	106	10	121	677.102
-1.570796	0.203748	0.590255	117	23	119	676.610
1.832596	2.664082	-1.071402	101	127	19	676.546
-0.785398	1.736875	3.023612	100	2	119	676.509
-0.261799	1.696674	-1.253233	29	2	113	676.451
1.047198	0.685216	-1.712745	114	1	107	676.415
-2.356194	2.407836	1.410646	118	16	122	676.323
-1.832596	0.914445	2.687814	103	2	115	676.279
0.261799	0.960688	-0.577532	10	19	121	676.150
2.879793	2.187132	-0.479875	124	17	4	676.119
-0.261799	2.637879	2.121598	98	114	0	675.878
1.047198	2.456751	-1.503343	3	27	119	675.830
2.617994	1.450119	-2.739050	31	118	117	675.717
-2.879793	1.417623	-0.202254	29	0	126	675.477
-3.141593	2.393226	1.857173	3	121	26	675.417
0.523599	1.766067	2.153843	111	109	17	675.306
0.785398	2.115563	0.685730	109	110	8	675.228
1.308997	2.592629	0.909713	27	123	1	674.946
1.570796	1.869911	2.701025	106	19	116	674.911
1.832596	1.128190	-2.288622	105	120	116	674.906
-2.094395	2.379497	0.561089	104	10	0	674.843
0.523599	2.396274	-1.959260	103	22	118	674.813
-0.785398	0.418037	1.360082	110	13	21	674.806
0.523599	2.984978	1.954446	98	9	125	674.773
0.000000	2.664082	-1.071402	5	15	19	674.740
2.617994	1.301460	-0.509251	119	118	29	674.658
-3.141593	1.909857	-0.381669	109	110	7	674.579
-1.832596	0.866395	-2.492918	16	3	112	674.460
-0.785398	0.640596	-2.797608	120	105	1	674.420
-1.308997	0.370812	-2.547742	116	105	5	674.191
1.832596	1.812176	0.656819	121	108	24	673.881
1.047198	1.721184	-0.153948	32	12	16	673.536
2.356194	2.349581	-2.702517	95	11	0	673.435
-0.785398	1.433411	-1.035986	0	11	114	673.420
1.832596	2.108018	1.311430	20	116	126	673.212
-1.832596	0.685216	-1.712745	95	1	110	673.156
2.356194	0.762244	-0.273349	8	105	24	672.998
-0.261799	2.180315	-1.357379	12	17	11	672.914
0.523599	2.455966	-0.641220	19	123	118	672.768
0.000000	2.089241	-0.114193	3	12	115	672.716
1.308997	0.685216	-1.712745	113	127	107	672.652
-1.047198	1.335669	0.897240	111	19	115	672.482
0.000000	0.850607	-1.335383	121	7	109	672.378
1.047198	2.299159	2.264663	117	102	18	672.269
2.617994	0.203748	0.590255	106	9	117	672.144
0.000000	0.290380	-0.796960	28	122	115	672.142
1.308997	1.870545	-2.976234	13	119	116	671.832
1.570796	1.696674	-1.253233	12	14	25	671.804
2.617994	2.356369	3.005869	6	7	121	671.422
-2.356194	2.251330	-2.330739	110	121	112	671.321
2.094395	1.301460	-0.509251	11	110	30	671.317
2.879793	1.836682	-0.676006	26	124	6	671.036
-1.570796	1.606104	-0.451151	17	113	112	670.963
-1.570796	2.041297	-2.664597	17	21	118	670.961
-2.617994	1.510910	-0.740472	28	125	0	670.914
2.356194	0.992645	-1.723759	95	14	119	670.913
0.261799	2.299159	2.264663	122	21	114	670.788
-2.617994	1.846342	-1.796954	111	0	106	670.657
0.523599	1.256302	0.062705	117	18	122	670.641
-0.523599	2.138223	1.678323	124	11	98	670.635
0.523599	0.685216	-1.712745	119	2	105	670.629
-2.879793	2.041297	-2.664597	23	118	107	670.605
-2.356194	1.134796	2.434290	36	23	16	670.576
-2.879793	2.349581	-2.702517	39	124	123	670.295
-1.047198	2.704512	1.488683	111	4	113	670.284
0.000000	1.014500	0.906702	6	14	116	670.214
-2.617994	1.699788	2.452890	3	114	16	670.207
1.832596	2.456751	-1.503343	115	113	8	670.178
1.832596	0.419640	2.974122	4	26	123	669.977
0.785398	2.404280	-0.174044	37	12	4	669.881
0.785398	2.041297	-2.664597	9	121	113	669.858
0.261799	0.910508	1.903534	116	20	2	669.798
2.617994	0.619654	-2.216909	26	10	114	669.705
2.356194	1.510910	-0.740472	15	119	33	669.655
-0.261799	1.256302	0.062705	127	116	18	669.359
-3.141593	1.736875	3.023612	125	7	111	669.200
-1.047198	1.195355	1.200319	102	12	111	669.179
-0.523599	2.455966	-0.641220	3	12	114	669.154
-1.570796	1.218453	2.777284	105	125	116	669.089
-2.094395	0.379747	-1.713059	93	125	12	668.995
-2.094395	2.343981	-1.040456	97	13	24	668.816
-2.356194	0.379747	-1.713059	93	2	12	668.774
-1.832596	0.290380	-0.796960	106	117	17	668.760
-2.356194	2.863997	0.549740	108	110	15	668.669
0.000000	1.417623	-0.202254	5	122	28	668.439
0.523599	1.488617	1.159546	125	18	0	668.387
2.617994	0.910508	1.903534	123	105	120	668.290
-2.356194	1.606104	-0.451151	33	5	1	668.286
-2.094395	1.433411	-1.035986	23	116	126	667.804
-0.261799	0.906588	1.252948	114	10	30	667.802
1.047198	0.290380	-0.796960	20	14	117	667.448
-0.523599	1.135834	-1.431087	127	12	113	667.378
2.617994	1.325504	-1.671296	112	16	108	667.315
-1.047198	2.247462	0.191623	117	102	14	667.024
0.261799	2.719179	-1.780644	121	26	120	666.975
0.523599	0.961715	0.014085	0	23	124	666.947
-0.785398	1.367556	0.358405	6	112	26	666.864
-2.617994	0.297065	2.160177	2	6	20	666.846
-1.047198	1.870545	-2.976234	18	122	106	666.836
-2.617994	1.301460	-0.509251	20	122	29	666.824
-1.047198	2.588535	-2.976617	118	27	121	666.617
0.000000	2.724429	-0.348782	29	121	121	666.376
-2.356194	2.724429	-0.348782	102	0	118	666.333
-2.879793	1.606104	-0.451151	25	126	0	666.292
-2.356194	0.762244	-0.273349	11	15	122	666.273
-3.141593	1.617114	-1.572037	23	120	12	666.036
-1.308997	1.128190	-2.288622	100	8	110	665.919
-1.570796	2.404280	-0.174044	113	99	2	665.837
1.308997	0.709924	0.218797	110	7	112	665.790
-0.523599	2.180315	-1.357379	27	9	113	665.784
-2.094395	0.615174	-0.666022	103	119	18	665.375
-2.879793	1.135834	-1.431087	101	12	112	665.337
0.000000	0.297065	2.160177	96	1	17	665.306
-2.879793	1.732874	-0.951685	29	127	6	665.301
-2.879793	0.619654	-2.216909	122	22	109	665.259
0.261799	1.128190	-2.288622	119	111	100	665.236
2.879793	2.478122	2.609777	116	106	113	665.065
1.570796	2.343981	-1.040456	102	21	117	665.009
0.261799	0.591903	2.010408	110	115	14	664.982
-0.523599	0.929350	-2.910676	117	111	4	664.844
0.785398	0.929350	-2.910676	102	0	114	664.763
1.832596	1.696674	-1.253233	7	13	111	664.746
2.617994	1.658653	-2.409879	126	103	116	664.738
1.308997	0.906588	1.252948	117	20	6	664.541
2.617994	1.699788	2.452890	102	116	11	664.452
1.570796	1.721184	-0.153948	28	16	16	664.432
0.785398	1.413347	-1.339188	21	4	106	664.414
1.570796	1.809167	1.213774	3	17	3	664.299
2.356194	2.343981	-1.040456	116	112	10	664.145
-2.094395	1.450119	-2.739050	0	17	104	664.007
-1.570796	0.762244	-0.273349	115	120	23	663.765
-2.356194	0.618092	2.539118	108	12	112	663.760
-0.785398	0.290380	-0.796960	103	110	120	663.607
1.570796	2.164094	-2.991358	12	121	115	663.578
-2.617994	2.724429	-0.348782	103	3	117	663.528
-0.523599	0.496451	0.593859	125	11	25	663.503
1.570796	1.732874	-0.951685	119	19	105	663.425
-0.785398	2.180315	-1.357379	31	6	114	663.252
-1.570796	0.458961	-0.107937	122	122	22	663.128
-2.879793	2.343981	-1.040456	102	127	115	663.042
2.879793	1.242974	-2.977882	92	6	123	662.928
-2.356194	1.417623	-0.202254	33	4	126	662.547
0.785398	2.379497	0.561089	111	11	123	662.336
-1.308997	2.356369	3.005869	123	25	117	662.314
-2.617994	2.104282	-0.813972	30	0	10	662.190
-1.047198	1.599406	1.426070	114	11	104	662.183
2.879793	1.135834	-1.431087	110	19	113	662.098
1.570796	2.455966	-0.641220	121	22	112	661.803
-0.785398	1.413347	-1.339188	8	17	0	661.646
-1.047198	1.982574	-1.115518	6	8	104	661.589
-2.617994	2.407836	1.410646	10	109	18	661.581
2.617994	1.982574	-1.115518	26	126	8	661.434
-0.523599	1.599406	1.426070	94	18	4	661.298
-1.832596	0.899350	-2.069907	12	127	109	661.214
0.785398	1.504028	0.636812	108	13	120	661.188
-0.261799	1.554776	0.100351	10	12	122	661.039
-0.785398	0.674054	1.013609	9	115	20	660.995
-1.308997	1.195355	1.200319	3	20	112	660.985
1.047198	0.831641	0.616218	111	9	113	660.946
1.047198	0.418037	1.360082	114	116	21	660.900
0.785398	1.310100	1.488307	125	16	127	660.865
2.879793	1.448123	-2.163292	8	9	108	660.854
-1.570796	2.587733	0.232235	102	11	1	660.699
0.785398	1.662363	0.915448	125	16	125	660.661
0.000000	1.242974	-2.977882	87	0	122	660.640
1.308997	2.108018	1.311430	27	122	9	660.623
1.832596	2.343981	-1.040456	96	20	123	660.593
1.570796	0.419640	2.974122	9	25	124	660.516
0.261799	2.455966	-0.641220	37	10	127	660.490
-1.832596	1.574060	2.783565	108	126	114	660.467
-0.785398	1.683268	0.374177	1	108	24	660.399
-0.261799	1.606104	-0.451151	117	3	31	660.320
0.523599	1.247695	1.809890	123	121	32	660.187
0.261799	1.134796	2.434290	106	113	8	659.828
-0.261799	0.733948	3.021411	99	113	2	659.779
1.570796	1.045978	0.343692	98	8	127	659.703
-2.356194	1.135813	-2.658866	2	18	107	659.699
1.570796	1.555207	1.708892	26	121	7	659.614
1.570796	0.640596	-2.797608	100	126	124	659.269
-1.308997	1.869911	2.701025	31	3	117	659.001
0.000000	1.510910	-0.740472	8	11	104	658.970
-3.141593	1.732874	-0.951685	26	120	9	658.954
-2.879793	0.297065	2.160177	31	6	118	658.928
-1.832596	2.587733	0.232235	97	1	0	658.909
2.094395	1.741644	-2.695914	23	117	116	658.831
2.617994	1.696674	-1.253233	121	18	6	658.773
0.000000	0.864993	2.278281	105	117	11	658.686
0.000000	2.592629	0.909713	99	123	126	658.430
-2.617994	1.448123	-2.163292	113	10	106	658.430
1.570796	1.325504	-1.671296	17	5	106	658.372
2.879793	2.104282	-0.813972	120	17	7	658.260
0.523599	1.846342	-1.796954	121	116	9	658.240
-0.785398	2.001437	0.381215	121	106	18	658.169
0.261799	1.732874	-0.951685	36	6	122	658.058
0.000000	1.683268	0.374177	115	116	18	657.989
-1.308997	1.504028	0.636812	6	110	30	657.931
1.047198	2.073035	2.027405	20	126	125	657.895
0.000000	2.760637	2.781135	90	120	127	657.861
-3.141593	1.683268	0.374177	104	112	14	657.812
0.261799	0.496451	0.593859	126	25	124	657.791
-1.308997	1.870545	-2.976234	20	119	107	657.790
2.356194	1.450119	-2.739050	106	112	1	657.788
-1.308997	1.413347	-1.339188	120	7	103	657.542
1.832596	1.683268	0.374177	103	125	121	657.477
0.000000	0.618092	2.539118	107	114	10	657.275
-0.523599	2.089241	-0.114193	104	116	13	657.226
-3.141593	1.977582	0.969896	33	120	125	657.169
-0.523599	1.870545	-2.976234	95	14	117	657.067
2.617994	2.664082	-1.071402	114	118	21	657.056
2.356194	1.367556	0.358405	100	118	0	656.984
2.617994	2.587733	0.232235	112	20	122	656.964
1.832596	2.001437	0.381215	103	124	124	656.737
-3.141593	1.904882	-1.478089	24	121	14	656.727
-2.094395	2.579248	-2.364801	29	1	115	656.715
-1.047198	0.674054	1.013609	112	14	23	656.493
-1.047198	1.135813	-2.658866	9	112	102	656.473
-1.570796	1.982574	-1.115518	127	12	127	656.402
1.570796	0.418037	1.360082	106	13	120	656.094
-1.308997	1.662363	0.915448	110	21	109	656.066
2.617994	2.104282	-0.813972	113	8	105	655.800
-2.356194	1.391910	3.030322	10	25	2	655.746
2.617994	1.367556	0.358405	102	116	2	655.671
-0.523599	1.721184	-0.153948	122	110	8	655.667
-2.617994	0.866395	-2.492918	1	20	108	655.576
-0.523599	0.674054	1.013609	89	125	120	655.507
-0.523599	2.247462	0.191623	112	111	2	655.495
-1.832596	2.724429	-0.348782	109	101	11	655.353
-0.523599	0.379747	-1.713059	118	5	109	655.229
1.570796	1.195355	1.200319	116	10	116	655.212
-1.570796	1.325504	-1.671296	114	108	14	655.058
-1.047198	1.367556	0.358405	10	119	34	654.995
-2.879793	1.218453	2.777284	116	4	103	654.988
-1.308997	1.448123	-2.163292	102	5	111	654.988
2.094395	1.045978	0.343692	97	123	126	654.972
1.832596	0.615174	-0.666022	123	107	29	654.935
0.785398	1.658653	-2.409879	27	6	119	654.921
-2.617994	0.685216	-1.712745	120	102	6	654.891
0.000000	0.960688	-0.577532	1	9	108	654.737
1.308997	1.741644	-2.695914	127	21	118	654.656
1.570796	0.618092	2.539118	110	102	14	654.617
2.094395	2.180315	-1.357379	116	112	4	654.381
-0.261799	1.658653	-2.409879	6	18	112	654.264
-1.832596	0.458961	-0.107937	114	100	11	654.204
-2.356194	0.992645	-1.723759	102	10	110	654.155
-0.261799	1.732874	-0.951685	125	20	4	654.137
-1.832596	0.906588	1.252948	123	21	117	654.096
-2.356194	1.948085	-2.363031	108	124	111	654.082
-2.356194	0.571433	-1.188419	3	123	105	653.971
-3.141593	1.214854	-1.966664	117	14	104	653.878
2.879793	1.506530	1.988858	102	116	6	653.868
-1.047198	1.014500	0.906702	106	17	115	653.720
-0.785398	2.379497	0.561089	116	103	16	653.571
0.000000	2.719179	-1.780644	0	25	117	653.537
-0.523599	0.640596	-2.797608	5	109	103	653.522
1.832596	1.450119	-2.739050	106	26	6	653.515
1.308997	2.073035	2.027405	21	114	4	653.483
0.785398	0.914445	2.687814	98	124	114	653.454
-2.356194	2.979456	-1.009304	97	8	1	653.374
-0.523599	2.174483	2.653697	93	0	1	653.365
-2.356194	1.824694	1.850876	117	15	125	653.132
1.047198	2.724429	-0.348782	104	1	127	653.083
1.047198	2.180315	-1.357379	108	25	120	653.076
1.832596	2.478122	2.609777	94	4	122	653.062
-0.523599	1.433411	-1.035986	122	110	0	653.004
0.785398	0.571433	-1.188419	24	126	108	652.855
-2.617994	2.379497	0.561089	107	21	13	652.616
2.617994	1.599406	1.426070	25	115	122	652.588
1.570796	2.592629	0.909713	27	127	1	652.513
-2.617994	1.374601	-2.456031	4	13	103	652.283
2.879793	0.961715	0.014085	4	125	28	652.236
1.047198	1.413430	2.550734	110	102	8	652.231
1.570796	1.699788	2.452890	27	124	0	652.083
-0.785398	0.203748	0.590255	118	18	19	651.962
1.047198	1.194549	-0.801900	112	16	114	651.846
-3.141593	2.063651	-2.044600	125	7	113	651.791
-2.879793	0.203748	0.590255	27	122	18	651.661
-1.832596	1.184361	0.625864	7	110	30	651.341
0.785398	2.104282	-0.813972	32	8	2	651.313
0.523599	0.571433	-1.188419	24	122	108	651.203
-0.523599	0.370812	-2.547742	98	116	10	651.025
0.785398	1.367556	0.358405	31	24	21	650.991
-1.047198	1.247695	1.809890	32	6	2	650.888
2.617994	1.335669	0.897240	96	1	30	650.867
0.000000	1.569311	-3.003978	113	13	107	650.847
-3.141593	0.618092	2.539118	17	120	105	650.758
1.047198	2.592629	0.909713	110	107	4	650.659
0.523599	1.875281	0.107086	111	11	119	650.611
1.832596	1.756530	-2.105156	14	125	109	650.457
0.261799	1.218453	2.777284	102	111	126	650.423
0.785398	1.617114	-1.572037	36	16	125	650.420
-2.617994	1.683268	0.374177	114	106	20	650.282
1.832596	2.041297	-2.664597	13	120	114	649.956
1.570796	0.960688	-0.577532	112	1	25	649.889
-1.047198	1.113094	-0.272241	10	104	19	649.783
2.617994	2.979456	-1.009304	101	126	22	649.766
2.094395	1.450119	-2.739050	28	118	117	649.730
0.785398	1.982574	-1.115518	2	21	109	649.727
-2.094395	1.569311	-3.003978	3	19	109	649.653
1.308997	1.998705	2.370472	116	100	9	649.651
1.832596	1.982574	-1.115518	117	24	116	649.594
1.308997	1.128190	-2.288622	103	0	115	649.542
0.785398	0.906588	1.252948	114	9	108	649.503
0.000000	1.310100	1.488307	104	121	20	649.321
-1.308997	0.619654	-2.216909	121	104	4	649.183
1.047198	1.869911	2.701025	124	22	114	649.162
2.356194	1.050534	3.042579	100	118	3	649.044
2.617994	1.050534	3.042579	126	103	127	648.810
-2.879793	2.724429	-0.348782	93	120	120	648.732
-1.570796	2.704512	1.488683	93	7	2	648.721
0.261799	0.203748	0.590255	127	20	20	648.517
-2.094395	1.741644	-2.695914	112	3	107	648.429
0.785398	2.343981	-1.040456	7	23	115	648.348
-3.141593	0.762244	-0.273349	9	4	118	648.236
0.785398	0.831641	0.616218	110	19	124	648.217
-3.141593	1.569311	-3.003978	107	125	105	647.932
2.094395	0.458961	-0.107937	125	100	12	647.912
0.261799	1.506530	1.988858	118	114	26	647.862
2.094395	0.674054	1.013609	15	4	114	647.785
-1.832596	1.766067	2.153843	27	126	114	647.753
1.308997	2.247462	0.191623	29	3	5	647.668
-0.523599	0.961715	0.014085	0	126	28	647.594
1.308997	1.045978	0.343692	104	7	119	647.590
2.356194	0.297065	2.160177	8	25	121	647.570
0.785398	1.325504	-1.671296	30	126	120	647.421
2.617994	1.413430	2.550734	124	104	4	647.210
-3.141593	1.721184	-0.153948	119	14	20	647.209
-1.308997	2.349581	-2.702517	17	20	118	647.197
-2.094395	0.700570	1.559208	121	19	116	647.192
0.523599	2.174483	2.653697	8	17	107	647.111
1.570796	1.812176	0.656819	102	5	124	647.101
-3.141593	1.554776	0.100351	105	110	9	647.098
-1.832596	2.138223	1.678323	105	17	5	646.919
-0.785398	1.014500	0.906702	30	16	127	646.882
0.261799	2.349581	-2.702517	90	11	120	646.819
-2.879793	1.214854	-1.966664	110	13	108	646.655
2.879793	0.290380	-0.796960	7	18	116	646.526
-1.832596	2.073035	2.027405	109	19	1	646.493
0.523599	1.184361	0.625864	31	8	4	646.493
-2.617994	1.367556	0.358405	115	104	18	646.491
1.047198	1.184361	0.625864	107	12	121	646.482
1.832596	0.961715	0.014085	120	101	14	646.481
0.000000	2.456751	-1.503343	33	10	122	646.470
0.523599	1.510910	-0.740472	106	12	120	646.461
1.047198	1.846342	-1.796954	30	18	122	646.314
-2.356194	2.033014	2.977192	121	4	108	646.313
-1.047198	0.762244	-0.273349	122	120	23	646.296
-2.094395	1.909857	-0.381669	33	8	4	646.243
0.785398	1.977582	0.969896	103	111	1	646.198
-2.094395	0.831641	0.616218	12	110	118	646.186
-0.523599	2.881233	-2.582574	127	26	119	646.082
-1.570796	0.618092	2.539118	99	3	116	645.831
1.308997	0.992645	-1.723759	21	2	107	645.801
-0.523599	2.396274	-1.959260	35	6	120	645.766
0.261799	0.762244	-0.273349	122	22	116	645.745
0.000000	1.824694	1.850876	109	3	104	645.595
-0.785398	1.450119	-2.739050	15	119	103	645.587
1.570796	1.836682	-0.676006	121	27	122	645.441
0.523599	2.724429	-0.348782	35	4	1	645.313
2.356194	1.113094	-0.272241	17	109	28	645.255
-0.261799	0.370812	-2.547742	101	112	9	645.149
1.308997	1.413430	2.550734	24	120	0	645.146
2.094395	2.138223	1.678323	23	117	0	645.014
-2.094395	1.904882	-1.478089	123	102	15	644.988
-1.832596	2.404280	-0.174044	102	123	124	644.956
-2.356194	1.301460	-0.509251	32	4	126	644.926
2.617994	1.721184	-0.153948	107	114	125	644.888
-0.261799	2.108018	1.311430	96	6	125	644.806
-2.356194	0.961715	0.014085	115	100	10	644.539
-1.570796	2.356369	3.005869	27	115	120	644.478
-1.308997	0.866395	-2.492918	10	4	109	644.414
-1.570796	0.379747	-1.713059	107	117	15	644.396
0.000000	0.831641	0.616218	2	123	24	644.272
-0.523599	1.506530	1.988858	116	115	127	644.131
-0.785398	2.295480	1.008277	99	121	3	643.892
-2.879793	1.696674	-1.253233	100	4	112	643.868
-1.308997	1.766067	2.153843	102	8	127	643.838
0.785398	2.089241	-0.114193	102	8	0	643.824
2.356194	1.374601	-2.456031	27	120	113	643.705
-2.094395	0.290380	-0.796960	101	120	17	643.698
-2.356194	0.203748	0.590255	36	113	3	643.497
1.047198	1.741644	-2.695914	24	7	115	643.425
0.000000	1.554776	0.100351	115	119	24	643.395
-1.047198	0.080730	-2.622036	126	1	104	643.302
-2.356194	0.685216	-1.712745	100	10	107	643.299
-0.785398	0.458961	-0.107937	4	126	23	643.201
-0.261799	0.619654	-2.216909	115	11	115	643.169
-1.308997	2.033014	2.977192	34	127	121	643.162
1.308997	1.846342	-1.796954	9	11	107	643.157
-0.785398	1.135813	-2.658866	12	114	102	642.935
-2.094395	2.104282	-0.813972	29	124	13	642.901
-1.570796	1.998705	2.370472	24	119	113	642.742
1.570796	1.846342	-1.796954	8	124	105	642.531
-1.308997	1.374601	-2.456031	105	10	107	642.429
1.047198	1.135813	-2.658866	103	0	113	642.417
1.047198	1.218453	2.777284	110	101	123	642.397
-0.261799	1.413347	-1.339188	2	10	104	642.378
-0.785398	2.251330	-2.330739	13	19	113	642.306
2.356194	0.080730	-2.622036	6	24	116	642.234
2.356194	0.618092	2.539118	10	13	113	642.221
0.785398	0.496451	0.593859	18	17	121	642.208
-2.879793	2.115563	0.685730	118	19	14	642.087
-0.785398	2.299159	2.264663	93	0	4	642.047
-1.308997	1.247695	1.809890	31	3	2	641.956
-0.523599	2.187132	-0.479875	42	124	3	641.935
-2.617994	2.393226	1.857173	121	19	125	641.876
0.000000	2.356369	3.005869	87	126	1	641.855
-2.617994	2.588535	-2.976617	29	3	118	641.697
-2.094395	0.419640	2.974122	12	26	10	641.664
1.570796	1.184361	0.625864	103	4	120	641.649
-1.570796	0.960688	-0.577532	15	115	112	641.600
1.308997	0.961715	0.014085	107	8	114	641.400
-2.356194	2.138223	1.678323	117	15	126	641.365
-2.617994	0.709924	0.218797	24	7	117	641.351
1.570796	0.929350	-2.910676	126	26	123	641.297
-0.785398	1.870545	-2.976234	98	18	117	641.288
-0.523599	1.195355	1.200319	115	6	32	641.108
1.308997	1.872854	1.543456	23	114	15	641.056
-1.047198	1.904882	-1.478089	27	4	110	641.045
-3.141593	1.846342	-1.796954	22	120	15	641.034
-1.047198	2.349581	-2.702517	21	104	125	641.010
0.261799	1.870545	-2.976234	93	0	113	640.905
1.570796	0.080730	-2.622036	117	23	119	640.892
-1.832596	0.203748	0.590255	124	26	125	640.867
2.094395	1.510910	-0.740472	12	115	32	640.847
-2.617994	0.370812	-2.547742	127	23	112	640.797
-2.617994	2.881233	-2.582574	21	8	21	640.723
-1.047198	1.872854	1.543456	111	24	126	640.685
0.785398	2.984978	1.954446	96	5	125	640.667
0.785398	2.108018	1.311430	99	114	125	640.619
-0.785398	2.115563	0.685730	101	121	5	640.502
-0.785398	1.134497	-1.109631	126	10	112	640.486
-2.094395	1.135813	-2.658866	31	8	123	640.432
1.308997	1.113094	-0.272241	106	11	117	640.382
-3.141593	2.724429	-0.348782	105	108	8	640.284
-0.261799	1.506530	1.988858	103	120	126	640.270
-0.785398	1.574060	2.783565	97	2	123	640.254
1.832596	1.374601	-2.456031	23	120	112	640.235
0.523599	0.591903	2.010408	109	19	125	640.142
1.832596	1.050534	3.042579	2	98	17	640.106
-2.094395	2.760637	2.781135	22	107	125	640.097
-2.094395	0.864993	2.278281	109	15	117	640.074
-1.832596	1.869911	2.701025	1	25	117	640.020
-3.141593	2.104282	-0.813972	29	127	9	640.018
-0.785398	2.396274	-1.959260	21	14	114	639.926
-0.261799	2.174483	2.653697	89	123	6	639.815
-1.832596	2.881233	-2.582574	10	100	127	639.757
1.570796	2.115563	0.685730	102	5	126	639.645
-1.308997	1.904882	-1.478089	4	11	101	639.600
-1.308997	2.587733	0.232235	109	103	17	639.509
2.617994	1.194549	-0.801900	115	115	28	639.458
-2.356194	1.699788	2.452890	3	114	15	639.407
-2.356194	1.658653	-2.409879	118	11	107	639.364
-2.356194	2.247462	0.191623	99	3	0	639.310
0.785398	1.134796	2.434290	109	104	6	639.291
-2.356194	0.458961	-0.107937	109	119	21	639.183
-0.785398	0.709924	0.218797	0	1	27	639.038
1.832596	1.134497	-1.109631	123	24	114	639.026
2.356194	1.448123	-2.163292	123	106	124	638.923
0.261799	2.396274	-1.959260	106	24	118	638.873
-3.141593	1.440580	2.260026	1	110	17	638.824
2.617994	1.662363	0.915448	126	103	17	638.741
-2.879793	1.413347	-1.339188	103	7	108	638.708
-0.523599	1.214854	-1.966664	117	11	104	638.696
1.047198	0.992645	-1.723759	103	3	117	638.690
-1.832596	2.299159	2.264663	109	20	0	638.659
0.000000	0.418037	1.360082	110	14	24	638.615
2.094395	2.984978	1.954446	29	118	123	638.580
-1.308997	1.836682	-0.676006	109	124	28	638.562
1.570796	1.599406	1.426070	21	116	2	638.381
0.785398	2.153910	-1.714959	11	11	105	638.287
-1.570796	1.194549	-0.801900	12	123	108	638.275
0.785398	0.674054	1.013609	112	10	113	638.165
2.879793	0.960688	-0.577532	115	115	27	638.026
2.879793	1.374601	-2.456031	124	112	104	638.000
-2.094395	1.824694	1.850876	115	16	126	637.984
-1.832596	1.606104	-0.451151	15	117	113	637.977
-1.832596	1.134796	2.434290	106	5	114	637.712
2.617994	0.379747	-1.713059	8	25	118	637.589
1.308997	1.391910	3.030322	25	123	126	637.579
1.308997	0.080730	-2.622036	127	27	0	637.535
2.094395	2.164094	-2.991358	100	14	120	637.513
-1.308997	0.992645	-1.723759	12	3	109	637.449
-2.879793	0.571433	-1.188419	18	120	117	637.415
0.000000	0.866955	-0.931351	126	6	106	637.229
0.261799	1.982574	-1.115518	25	3	112	637.216
-0.523599	1.696674	-1.253233	127	18	4	637.168
-3.141593	0.290380	-0.796960	0	101	12	637.157
2.356194	2.979456	-1.009304	111	122	22	637.137
-1.308997	1.134796	2.434290	104	0	115	637.081
-0.261799	1.836682	-0.676006	43	3	127	637.037
-2.356194	1.448123	-2.163292	103	0	107	637.022
1.570796	2.704512	1.488683	107	9	124	636.853
-1.832596	1.242974	-2.977882	117	22	111	636.682
-1.308997	0.906588	1.252948	107	14	112	636.665
-2.356194	2.174483	2.653697	5	118	21	636.524
2.094395	1.195355	1.200319	27	115	8	636.416
-0.261799	1.977582	0.969896	117	110	6	636.356
1.570796	1.214854	-1.966664	19	127	106	636.224
0.523599	1.440580	2.260026	110	112	18	636.214
-0.261799	1.310100	1.488307	100	0	114	636.094
2.879793	1.488617	1.159546	114	109	18	636.068
-2.094395	0.929350	-2.910676	123	21	107	635.907
-3.141593	1.699788	2.452890	1	112	17	635.877
-1.308997	2.180315	-1.357379	114	112	121	635.872
0.261799	1.417623	-0.202254	10	16	115	635.837
0.261799	2.393226	1.857173	97	9	120	635.786
-0.261799	1.998705	2.370472	123	16	18	635.744
1.047198	0.910508	1.903534	117	110	23	635.699
-2.356194	1.128190	-2.288622	119	13	100	635.683
-0.261799	0.960688	-0.577532	5	119	21	635.632
-0.523599	1.417623	-0.202254	122	110	10	635.476
-2.879793	0.419640	2.974122	27	10	116	635.454
-0.261799	1.555207	1.708892	101	121	127	635.336
0.523599	1.448123	-2.163292	127	22	115	635.186
0.000000	1.998705	2.370472	124	15	18	635.093
-1.308997	1.135834	-1.431087	115	7	104	635.025
-2.879793	0.850607	-1.335383	99	9	108	634.983
2.617994	1.247695	1.809890	113	106	6	634.887
2.094395	2.033014	2.977192	101	21	116	634.878
2.617994	2.984978	1.954446	1	2	25	634.845
-0.523599	1.310100	1.488307	100	14	118	634.777
-0.523599	1.014500	0.906702	116	8	31	634.769
-2.879793	0.685216	-1.712745	22	6	117	634.744
1.832596	1.214854	-1.966664	20	1	107	634.686
2.094395	1.325504	-1.671296	16	5	107	634.616
-2.879793	2.455966	-0.641220	93	12	7	634.391
1.308997	1.506530	1.988858	25	123	5	634.369
-0.523599	1.050534	3.042579	125	21	125	634.338
2.094395	2.041297	-2.664597	103	18	126	634.217
-3.141593	1.756530	-2.105156	120	3	102	634.212
1.832596	0.906588	1.252948	12	4	112	634.155
-2.879793	1.736875	3.023612	4	10	112	634.125
0.785398	2.180315	-1.357379	26	8	122	634.080
-0.523599	1.413347	-1.339188	122	112	5	633.996
-1.832596	2.393226	1.857173	116	16	118	633.982
1.570796	1.134796	2.434290	108	101	12	633.879
2.356194	1.242974	-2.977882	39	125	124	633.866
-1.832596	0.960688	-0.577532	26	127	119	633.768
0.523599	0.929350	-2.910676	34	5	127	633.758
2.879793	0.929350	-2.910676	35	124	121	633.678
-1.308997	1.135813	-2.658866	7	111	103	633.662
2.879793	1.809167	1.213774	33	1	113	633.649
-2.356194	2.379497	0.561089	103	19	12	633.556
0.785398	1.732874	-0.951685	27	125	9	633.527
-2.617994	1.506530	1.988858	123	111	9	633.493
0.785398	0.910508	1.903534	111	109	17	633.428
-0.523599	2.299159	2.264663	93	123	5	633.417
-1.570796	0.685216	-1.712745	96	125	110	633.362
2.879793	2.592629	0.909713	1	22	1	633.328
0.000000	1.846342	-1.796954	127	22	127	633.319
-1.047198	2.979456	-1.009304	41	122	3	633.295
1.308997	0.619654	-2.216909	0	25	9	633.290
0.261799	0.914445	2.687814	106	114	11	633.139
1.832596	1.699788	2.452890	11	121	113	633.103
1.308997	1.836682	-0.676006	126	28	122	632.930
0.261799	1.367556	0.358405	0	19	125	632.922
-3.141593	1.374601	-2.456031	7	10	104	632.702
-1.308997	0.899350	-2.069907	109	122	19	632.616
-0.785398	2.356369	3.005869	23	3	116	632.483
-3.141593	0.709924	0.218797	117	9	122	632.474
-0.523599	1.872854	1.543456	98	5	31	632.379
-0.261799	1.504028	0.636812	108	121	24	632.325
2.094395	1.374601	-2.456031	26	118	114	632.301
2.617994	2.164094	-2.991358	34	117	123	632.222
-2.356194	2.180315	-1.357379	102	125	121	632.215
2.617994	2.343981	-1.040456	113	113	15	632.150
-1.570796	1.909857	-0.381669	116	99	127	632.143
-0.261799	1.569311	-3.003978	97	13	113	632.084
-1.308997	2.704512	1.488683	113	7	112	632.072
-1.047198	2.863997	0.549740	110	101	0	631.883
-0.523599	1.391910	3.030322	117	113	119	631.857
-1.570796	1.128190	-2.288622	115	105	126	631.791
1.832596	0.899350	-2.069907	116	122	104	631.761
2.879793	1.433411	-1.035986	94	1	23	631.722
2.879793	1.194549	-0.801900	24	115	4	631.649
-2.617994	0.619654	-2.216909	117	22	110	631.538
1.308997	0.640596	-2.797608	1	26	126	631.527
-2.094395	1.168678	2.108595	33	22	21	631.366
1.308997	0.458961	-0.107937	20	12	116	631.344
1.570796	0.864993	2.278281	95	118	1	631.330
-0.523599	1.545873	-1.877082	120	112	126	631.079
0.261799	2.343981	-1.040456	36	8	127	631.001
2.617994	2.404280	-0.174044	125	23	5	630.895
0.785398	1.836682	-0.676006	32	7	0	630.831
-3.141593	2.295480	1.008277	126	19	6	630.792
0.261799	1.948085	-2.363031	95	14	116	630.760
-1.047198	1.242974	-2.977882	8	117	100	630.736
1.832596	2.164094	-2.991358	104	17	121	630.639
-1.832596	0.591903	2.010408	102	9	112	630.625
1.047198	2.089241	-0.114193	101	4	0	630.601
0.000000	1.977582	0.969896	114	113	127	630.555
1.570796	0.709924	0.218797	100	115	17	630.467
0.785398	0.961715	0.014085	114	17	118	630.365
-2.094395	1.045978	0.343692	127	105	24	630.339
-1.308997	0.685216	-1.712745	127	11	113	630.274
2.356194	1.696674	-1.253233	110	16	108	630.192
-1.308997	1.335669	0.897240	111	19	109	630.102
1.570796	1.741644	-2.695914	119	20	119	630.062
-1.832596	2.153910	-1.714959	110	118	114	630.032
1.047198	1.045978	0.343692	103	15	127	629.972
2.094395	0.992645	-1.723759	98	18	119	629.938
-0.523599	1.574060	2.783565	23	12	113	629.835
-3.141593	0.899350	-2.069907	0	19	108	629.787
-0.261799	0.496451	0.593859	39	22	13	629.682
2.356194	0.850607	-1.335383	116	22	112	629.643
0.523599	2.164094	-2.991358	17	13	114	629.628
2.356194	1.301460	-0.509251	15	113	31	629.560
-2.094395	2.041297	-2.664597	25	5	109	629.519
-2.356194	0.831641	0.616218	9	109	118	629.457
-0.261799	0.864993	2.278281	93	122	7	629.403
-1.570796	0.961715	0.014085	4	102	19	629.319
2.617994	1.875281	0.107086	9	8	122	629.215
1.570796	1.824694	1.850876	124	113	106	629.168
-2.094395	1.809167	1.213774	106	8	126	629.114
-1.570796	2.343981	-1.040456	107	113	124	629.010
0.261799	1.721184	-0.153948	105	21	6	628.947
0.523599	1.335669	0.897240	0	17	122	628.822
1.047198	0.674054	1.013609	115	5	107	628.809
1.308997	2.033014	2.977192	20	115	1	628.689
-2.356194	2.881233	-2.582574	32	1	120	628.679
1.570796	1.374601	-2.456031	123	22	123	628.539
1.047198	1.812176	0.656819	110	108	9	628.500
2.094395	0.080730	-2.622036	10	11	17	628.425
2.617994	0.762244	-0.273349	12	108	24	628.397
1.047198	0.866395	-2.492918	108	0	110	628.305
-2.879793	2.393226	1.857173	106	118	17	628.247
1.832596	2.299159	2.264663	36	119	14	628.233
2.094395	2.356369	3.005869	95	8	123	628.199
0.000000	1.413430	2.550734	98	117	0	628.185
0.785398	1.904882	-1.478089	27	8	119	628.140
-1.047198	0.929350	-2.910676	98	19	119	628.128
-1.047198	1.732874	-0.951685	121	6	111	628.086
0.785398	1.909857	-0.381669	102	8	127	627.981
2.617994	2.063651	-2.044600	120	10	116	627.980
-2.617994	2.456751	-1.503343	111	120	109	627.969
0.000000	1.433411	-1.035986	0	12	108	627.895
0.261799	1.195355	1.200319	113	121	26	627.864
-2.356194	1.766067	2.153843	26	6	114	627.852
-1.570796	0.866955	-0.931351	8	109	107	627.794
-2.617994	0.831641	0.616218	21	14	117	627.579
2.356194	1.214854	-1.966664	95	11	117	627.323
-2.879793	1.488617	1.159546	118	125	35	627.321
-2.879793	0.866955	-0.931351	3	112	25	627.312
-1.047198	1.433411	-1.035986	2	10	114	627.287
-2.879793	0.910508	1.903534	4	11	109	627.217
1.832596	0.864993	2.278281	99	112	1	627.185
-1.308997	2.881233	-2.582574	21	104	2	627.120
-1.308997	0.929350	-2.910676	8	6	107	627.081
-2.879793	0.496451	0.593859	22	9	114	627.062
0.785398	1.824694	1.850876	122	110	29	627.013
0.523599	2.704512	1.488683	113	101	16	626.990
-1.570796	1.367556	0.358405	112	106	21	626.919
0.000000	1.301460	-0.509251	1	11	112	626.778
2.356194	1.391910	3.030322	36	115	4	626.651
-1.570796	1.872854	1.543456	107	13	125	626.572
1.047198	2.356369	3.005869	115	20	115	626.556
1.047198	1.617114	-1.572037	33	18	125	626.475
-0.523599	1.977582	0.969896	17	13	118	626.436
-1.832596	2.108018	1.311430	108	12	123	626.429
1.832596	0.370812	-2.547742	118	23	124	626.381
0.261799	2.760637	2.781135	119	1	24	626.336
-1.308997	0.910508	1.903534	30	3	0	626.316
2.879793	1.214854	-1.966664	3	14	108	626.300
-2.617994	2.089241	-0.114193	115	112	25	626.146
-2.356194	1.050534	3.042579	36	8	127	626.125
-2.617994	1.050534	3.042579	24	126	111	626.008
-3.141593	2.592629	0.909713	127	23	4	626.006
1.308997	2.138223	1.678323	24	111	11	625.916
-1.570796	1.134497	-1.109631	115	120	23	625.877
-3.141593	1.488617	1.159546	117	125	35	625.872
2.879793	1.301460	-0.509251	17	119	31	625.839
-2.094395	0.618092	2.539118	94	6	121	625.810
1.308997	1.812176	0.656819	103	8	124	625.780
1.047198	0.619654	-2.216909	121	20	110	625.730
1.047198	1.555207	1.708892	124	113	31	625.671
-0.785398	1.982574	-1.115518	31	1	112	625.661
-1.570796	1.736875	3.023612	124	24	113	625.638
-2.879793	1.128190	-2.288622	2	15	104	625.544
0.523599	1.809167	1.213774	95	117	3	625.442
-1.047198	0.906588	1.252948	29	9	121	625.441
-2.879793	0.899350	-2.069907	0	23	114	625.407
-3.141593	2.588535	-2.976617	32	117	121	625.383
-1.570796	0.910508	1.903534	107	7	108	625.343
1.047198	1.301460	-0.509251	108	16	119	625.339
0.785398	0.418037	1.360082	112	119	20	625.312
2.879793	2.247462	0.191623	107	114	14	625.175
-0.523599	2.343981	-1.040456	35	7	118	624.971
-1.832596	1.732874	-0.951685	6	112	28	624.923
-2.094395	2.984978	1.954446	123	24	119	624.846
-1.308997	1.488617	1.159546	113	127	34	624.840
0.000000	2.407836	1.410646	115	105	25	624.785
1.832596	1.135813	-2.658866	104	118	119	624.703
-2.617994	1.325504	-1.671296	104	7	109	624.630
-1.308997	2.001437	0.381215	19	123	124	624.608
1.832596	1.732874	-0.951685	118	16	102	624.488
2.094395	2.251330	-2.330739	107	18	0	624.426
0.785398	1.301460	-0.509251	114	18	118	624.340
2.879793	2.108018	1.311430	28	113	0	624.276
-0.785398	2.719179	-1.780644	26	15	118	624.258
-2.617994	2.153910	-1.714959	103	1	121	624.190
-2.094395	2.033014	2.977192	10	19	112	624.167
-1.832596	1.014500	0.906702	8	114	31	624.038
2.356194	0.961715	0.014085	20	108	24	624.033
1.570796	2.664082	-1.071402	100	21	120	623.976
1.047198	2.033014	2.977192	120	19	111	623.766
-2.094395	2.396274	-1.959260	111	120	114	623.754
0.261799	0.899350	-2.069907	107	10	120	623.689
0.261799	2.863997	0.549740	114	12	121	623.675
-1.570796	2.592629	0.909713	102	8	124	623.590
-3.141593	1.367556	0.358405	114	107	20	623.578
1.047198	2.455966	-0.641220	25	1	127	623.561
-0.785398	2.349581	-2.702517	116	27	120	623.460
-0.785398	0.992645	-1.723759	126	10	110	623.369
2.094395	0.571433	-1.188419	119	25	117	623.326
-0.523599	1.732874	-0.951685	1	19	4	623.324
-2.879793	2.760637	2.781135	25	6	121	623.273
-1.832596	0.618092	2.539118	100	5	116	623.245
1.308997	0.831641	0.616218	8	24	1	623.203
1.832596	1.433411	-1.035986	121	24	114	623.064
-0.523599	1.809167	1.213774	124	22	114	623.060
-1.570796	1.310100	1.488307	121	18	113	622.919
-0.785398	1.335669	0.897240	124	23	116	622.867
1.570796	2.579248	-2.364801	100	124	19	622.686
1.832596	1.113094	-0.272241	108	118	25	622.603
0.785398	2.407836	1.410646	99	115	125	622.594
2.617994	0.850607	-1.335383	117	21	109	622.533
-1.047198	0.496451	0.593859	124	8	25	622.467
2.879793	1.247695	1.809890	116	107	7	622.455
-1.047198	1.134497	-1.109631	27	117	119	622.392
-0.523599	2.153910	-1.714959	20	13	111	622.276
0.261799	0.961715	0.014085	0	127	26	622.276
-1.832596	2.164094	-2.991358	20	20	119	622.259
-0.523599	2.115563	0.685730	117	106	19	622.228
-3.141593	1.417623	-0.202254	22	126	27	622.159
1.308997	1.135813	-2.658866	24	112	124	622.065
-3.141593	0.674054	1.013609	22	4	113	622.052
0.785398	1.242974	-2.977882	15	5	108	621.889
-3.141593	2.138223	1.678323	106	117	16	621.873
0.523599	2.001437	0.381215	7	16	121	621.849
-2.879793	1.555207	1.708892	120	111	19	621.838
1.832596	1.391910	3.030322	32	126	125	621.628
-2.879793	0.290380	-0.796960	103	122	18	621.540
-1.570796	1.050534	3.042579	103	121	117	621.388
0.785398	2.349581	-2.702517	17	15	115	621.381
0.000000	0.640596	-2.797608	20	5	109	621.338
1.832596	1.545873	-1.877082	119	110	3	621.279
-1.570796	0.906588	1.252948	121	22	120	621.237
-0.785398	0.700570	1.559208	102	16	116	620.979
-2.094395	1.721184	-0.153948	34	7	1	620.883
-1.308997	1.696674	-1.253233	1	6	102	620.869
1.570796	1.014500	0.906702	97	11	1	620.865
-0.261799	0.419640	2.974122	0	12	117	620.848
-0.261799	2.455966	-0.641220	28	118	118	620.805
-2.879793	1.450119	-2.739050	31	2	114	620.706
-1.570796	0.297065	2.160177	96	123	115	620.686
-2.617994	1.168678	2.108595	0	9	106	620.666
0.523599	1.555207	1.708892	106	110	17	620.608
0.000000	0.685216	-1.712745	118	5	109	620.521
1.570796	2.724429	-0.348782	1	25	122	620.415
-3.141593	1.506530	1.988858	2	110	24	620.307
-2.617994	0.992645	-1.723759	104	13	110	620.285
-0.261799	1.134796	2.434290	96	121	6	620.235
0.000000	1.909857	-0.381669	115	16	124	620.099
-2.094395	1.599406	1.426070	26	3	114	620.091
1.308997	1.168678	2.108595	23	117	6	620.050
2.879793	0.709924	0.218797	110	0	25	619.947
-1.047198	1.440580	2.260026	21	127	108	619.869
0.261799	1.699788	2.452890	120	108	121	619.815
-1.308997	2.295480	1.008277	100	3	0	619.769
-1.832596	2.063651	-2.044600	108	108	18	619.742
0.261799	2.984978	1.954446	100	12	125	619.678
2.356194	0.203748	0.590255	105	16	124	619.630
-0.785398	1.909857	-0.381669	119	107	3	619.519
-2.094395	0.685216	-1.712745	93	3	113	619.518
2.617994	2.719179	-1.780644	110	116	20	619.494
0.000000	1.450119	-2.739050	127	0	21	619.443
-1.570796	0.864993	2.278281	103	7	115	619.429
0.000000	1.184361	0.625864	5	13	116	619.340
-0.261799	1.195355	1.200319	99	0	22	619.335
-3.141593	2.153910	-1.714959	104	7	122	619.325
-0.523599	2.637879	2.121598	112	20	114	619.215
-2.094395	2.664082	-1.071402	106	123	118	619.171
-1.832596	1.599406	1.426070	25	5	114	619.164
-2.617994	1.982574	-1.115518	107	14	30	619.117
-2.356194	1.904882	-1.478089	107	124	109	619.089
-2.094395	2.164094	-2.991358	108	8	123	619.062
-2.094395	1.325504	-1.671296	103	2	109	618.943
1.047198	1.658653	-2.409879	17	121	113	618.896
-1.570796	1.510910	-0.740472	7	123	30	618.894
2.094395	0.910508	1.903534	97	122	1	618.866
2.094395	1.135834	-1.431087	18	27	3	618.854
0.785398	1.545873	-1.877082	121	21	113	618.750
-1.047198	1.869911	2.701025	105	7	115	618.716
0.523599	1.998705	2.370472	11	19	115	618.661
2.879793	1.998705	2.370472	117	114	18	618.507
-0.523599	1.510910	-0.740472	0	11	114	618.459
1.570796	1.510910	-0.740472	117	6	29	618.407
0.000000	2.393226	1.857173	125	16	101	618.384
-2.094395	1.335669	0.897240	5	115	33	618.328
2.879793	1.982574	-1.115518	118	17	6	618.297
2.356194	2.033014	2.977192	29	111	124	618.259
2.094395	0.850607	-1.335383	114	25	116	618.149
-1.047198	2.455966	-0.641220	5	7	116	618.093
-0.785398	2.704512	1.488683	98	113	0	618.085
-1.047198	2.187132	-0.479875	113	107	1	618.055
-1.570796	2.881233	-2.582574	17	101	2	617.901
-2.356194	2.478122	2.609777	26	12	120	617.853
0.261799	2.251330	-2.330739	27	17	116	617.847
-2.094395	0.850607	-1.335383	6	122	105	617.832
-2.094395	2.456751	-1.503343	102	117	125	617.721
0.785398	0.419640	2.974122	110	100	125	617.704
1.047198	0.929350	-2.910676	103	126	114	617.684
2.356194	2.247462	0.191623	111	27	10	617.674
-2.094395	1.948085	-2.363031	110	123	110	617.599
-2.356194	1.134497	-1.109631	6	111	26	617.372
-1.832596	0.674054	1.013609	13	117	29	617.343
-2.356194	2.104282	-0.813972	31	2	9	617.199
-2.356194	0.370812	-2.547742	118	25	115	617.195
-1.570796	2.455966	-0.641220	104	125	124	617.151
1.832596	1.195355	1.200319	116	9	117	617.109
0.000000	1.982574	-1.115518	26	126	111	616.923
1.832596	2.356369	3.005869	100	13	119	616.891
0.523599	1.504028	0.636812	111	16	120	616.882
-2.617994	0.733948	3.021411	101	8	116	616.840
1.832596	0.418037	1.360082	104	10	121	616.800
-1.570796	2.115563	0.685730	102	126	0	616.768
-2.094395	1.301460	-0.509251	30	3	125	616.755
-1.832596	0.571433	-1.188419	126	97	11	616.748
1.047198	1.909857	-0.381669	34	14	12	616.741
2.094395	2.174483	2.653697	15	11	116	616.728
-3.141593	0.831641	0.616218	106	7	125	616.646
-0.523599	1.555207	1.708892	92	16	127	616.625
1.570796	1.242974	-2.977882	96	125	2	616.469
-3.141593	0.992645	-1.723759	119	20	111	616.434
-1.832596	1.448123	-2.163292	108	106	0	616.368
-1.308997	2.089241	-0.114193	32	15	8	616.325
-1.832596	2.704512	1.488683	119	14	114	616.222
-1.832596	0.297065	2.160177	103	15	116	616.191
-1.047198	2.089241	-0.114193	21	124	122	616.189
-2.617994	2.073035	2.027405	125	16	126	616.183
1.832596	2.251330	-2.330739	115	123	23	616.178
2.879793	0.640596	-2.797608	31	6	117	616.104
-1.308997	1.025536	1.576859	18	9	110	616.087
0.261799	2.138223	1.678323	96	7	120	616.062
-1.570796	1.766067	2.153843	111	8	117	616.033
1.570796	1.872854	1.543456	28	118	14	616.008
2.617994	2.108018	1.311430	109	120	24	615.967
-0.261799	2.073035	2.027405	108	14	110	615.959
-2.094395	1.510910	-0.740472	31	1	0	615.835
-2.356194	2.393226	1.857173	112	20	3	615.812
-1.308997	2.588535	-2.976617	3	28	126	615.781
-3.141593	1.247695	1.809890	12	11	12	615.631
2.879793	1.325504	-1.671296	109	14	109	615.578
-1.832596	1.168678	2.108595	125	114	10	615.450
-3.141593	2.299159	2.264663	0	117	21	615.435
1.308997	1.721184	-0.153948	6	28	13	615.402
-2.356194	2.153910	-1.714959	109	122	110	615.394
1.047198	0.906588	1.252948	12	104	10	615.375
2.879793	1.417623	-0.202254	22	121	27	615.368
-0.785398	1.872854	1.543456	97	3	4	615.324
2.094395	1.128190	-2.288622	28	122	112	615.315
0.261799	0.674054	1.013609	99	111	119	615.290
0.261799	2.180315	-1.357379	33	9	122	615.287
2.356194	0.929350	-2.910676	34	116	122	615.216
1.832596	2.592629	0.909713	113	102	126	615.205
1.832596	1.413347	-1.339188	11	13	109	615.099
-0.261799	1.870545	-2.976234	117	123	105	615.089
2.356194	2.664082	-1.071402	100	124	19	614.978
-0.523599	1.998705	2.370472	126	18	18	614.966
-2.879793	1.510910	-0.740472	113	114	28	614.903
1.308997	1.374601	-2.456031	23	123	113	614.751
-3.141593	2.881233	-2.582574	97	124	126	614.700
1.832596	2.153910	-1.714959	118	111	6	614.694
1.308997	0.914445	2.687814	105	101	7	614.652
-1.832596	0.700570	1.559208	108	17	112	614.612
-1.047198	1.824694	1.850876	125	5	98	614.591
-1.832596	1.113094	-0.272241	117	98	3	614.567
0.523599	0.866955	-0.931351	11	20	119	614.460
1.047198	1.977582	0.969896	106	109	2	614.412
2.617994	0.685216	-1.712745	124	121	104	614.263
0.261799	1.325504	-1.671296	126	10	103	614.227
1.570796	1.218453	2.777284	30	127	126	614.167
0.261799	0.906588	1.252948	112	123	23	614.104
2.617994	1.488617	1.159546	127	101	11	613.997
0.000000	1.545873	-1.877082	4	11	103	613.946
2.094395	2.153910	-1.714959	119	109	5	613.922
1.832596	1.135834	-1.431087	11	21	115	613.663
-0.785398	0.866395	-2.492918	117	16	111	613.607
1.832596	0.571433	-1.188419	118	27	118	613.605
2.617994	1.606104	-0.451151	19	120	29	613.580
0.000000	2.379497	0.561089	123	107	126	613.580
-1.570796	2.247462	0.191623	102	122	127	613.508
-2.879793	2.664082	-1.071402	103	125	113	613.418
-2.356194	1.846342	-1.796954	111	0	106	613.400
2.617994	0.906588	1.252948	28	118	120	613.352
-1.047198	1.766067	2.153843	100	4	0	613.248
-2.879793	1.335669	0.897240	3	103	0	613.237
1.832596	0.866395	-2.492918	104	120	121	613.206
-1.047198	2.719179	-1.780644	9	100	4	613.149
-2.879793	0.992645	-1.723759	104	15	112	612.987
-1.047198	0.418037	1.360082	106	17	18	612.983
-2.879793	1.506530	1.988858	122	110	10	612.660
-0.785398	0.370812	-2.547742	120	110	13	612.646
-2.617994	0.899350	-2.069907	25	10	113	612.634
-1.308997	1.391910	3.030322	0	125	19	612.609
0.523599	0.203748	0.590255	24	3	122	612.594
2.879793	1.195355	1.200319	28	125	114	612.572
-3.141593	0.203748	0.590255	116	98	10	612.529
-1.570796	1.247695	1.809890	120	114	3	612.435
-1.308997	0.379747	-1.713059	123	110	15	612.425
2.879793	1.617114	-1.572037	106	9	108	612.404
-1.308997	1.014500	0.906702	28	9	120	612.396
-2.879793	1.448123	-2.163292	114	11	106	612.316
0.261799	1.413347	-1.339188	26	126	109	612.293
0.000000	1.214854	-1.966664	115	15	118	612.215
0.261799	1.606104	-0.451151	114	6	30	612.155
0.261799	1.488617	1.159546	102	121	104	612.125
2.094395	1.766067	2.153843	95	2	11	612.118
1.570796	2.174483	2.653697	16	108	123	612.023
-1.047198	0.290380	-0.796960	99	114	120	611.938
-1.308997	2.592629	0.909713	91	3	8	611.754
-0.785398	0.080730	-2.622036	105	116	16	611.706
2.356194	0.960688	-0.577532	10	109	31	611.678
1.308997	2.719179	-1.780644	111	116	12	611.474
-2.356194	0.866395	-2.492918	119	18	104	611.369
-2.617994	2.396274	-1.959260	121	117	101	611.345
-1.832596	1.417623	-0.202254	118	99	9	611.081
0.261799	2.164094	-2.991358	92	3	115	611.066
-2.879793	0.864993	2.278281	0	107	6	611.045
2.094395	2.187132	-0.479875	117	24	124	611.032
-1.308997	1.699788	2.452890	28	6	114	611.017
0.523599	1.113094	-0.272241	121	20	120	610.946
2.094395	2.396274	-1.959260	105	119	17	610.786
-0.523599	1.045978	0.343692	10	118	25	610.768
-2.617994	0.910508	1.903534	1	12	109	610.744
-1.832596	1.214854	-1.966664	120	104	8	610.663
-3.141593	1.504028	0.636812	111	111	24	610.634
1.047198	2.979456	-1.009304	115	25	120	610.436
-1.570796	0.290380	-0.796960	114	108	16	610.347
-1.832596	1.506530	1.988858	24	3	112	610.125
2.879793	2.579248	-2.364801	93	7	3	609.976
0.523599	2.115563	0.685730	0	16	127	609.936
-0.523599	1.325504	-1.671296	122	111	2	609.930
0.000000	1.721184	-0.153948	114	17	120	609.823
-2.879793	1.756530	-2.105156	120	4	101	609.721
-0.261799	1.391910	3.030322	102	118	123	609.710
-0.261799	1.335669	0.897240	24	124	0	609.678
-1.308997	1.846342	-1.796954	110	113	121	609.665
2.094395	2.404280	-0.174044	111	28	4	609.541
-1.570796	1.025536	1.576859	109	13	109	609.540
1.832596	1.256302	0.062705	99	0	125	609.400
2.879793	1.135813	-2.658866	1	115	103	609.291
-1.308997	2.164094	-2.991358	19	103	121	609.167
-1.308997	2.153910	-1.714959	106	1	121	609.152
1.832596	1.367556	0.358405	102	1	120	609.109
0.000000	2.108018	1.311430	100	112	8	609.087
2.356194	2.073035	2.027405	3	9	123	609.083
0.523599	2.393226	1.857173	112	103	14	608.918
-1.570796	2.760637	2.781135	119	25	121	608.813
0.785398	1.014500	0.906702	112	12	115	608.757
2.617994	1.184361	0.625864	98	115	5	608.736
0.261799	1.014500	0.906702	96	114	117	608.725
-2.356194	1.325504	-1.671296	109	104	11	608.668
2.879793	0.685216	-1.712745	118	22	111	608.667
2.356194	2.760637	2.781135	10	6	122	608.648
-1.570796	2.089241	-0.114193	115	99	8	608.581
-2.094395	1.606104	-0.451151	34	7	2	608.557
2.094395	1.569311	-3.003978	34	120	123	608.508
-1.832596	1.696674	-1.253233	114	121	28	608.425
-0.261799	2.881233	-2.582574	104	24	122	608.399
1.832596	1.168678	2.108595	21	117	116	607.900
2.879793	1.391910	3.030322	0	122	23	607.839
-2.094395	0.591903	2.010408	113	18	115	607.731
-0.261799	0.866955	-0.931351	5	118	19	607.680
0.785398	1.134497	-1.109631	4	15	105	607.535
-0.261799	1.218453	2.777284	116	110	121	607.481
-0.785398	1.836682	-0.676006	119	109	127	607.443
-0.261799	1.045978	0.343692	18	10	120	607.325
-0.785398	0.831641	0.616218	0	22	115	607.262
2.879793	2.588535	-2.976617	93	124	0	607.248
-0.261799	2.579248	-2.364801	115	26	120	607.232
0.523599	1.569311	-3.003978	10	3	104	607.210
0.785398	0.899350	-2.069907	103	6	120	607.126
0.785398	1.696674	-1.253233	27	126	6	607.118
-0.523599	1.741644	-2.695914	25	111	124	607.048
-1.047198	2.108018	1.311430	98	6	4	607.023
0.261799	0.700570	1.559208	122	24	0	606.820
1.832596	2.089241	-0.114193	98	13	121	606.554
2.094395	2.089241	-0.114193	95	9	121	606.507
-2.879793	1.599406	1.426070	18	8	33	606.393
1.570796	2.138223	1.678323	28	113	12	606.390
-2.617994	2.174483	2.653697	10	4	104	606.369
-1.570796	2.180315	-1.357379	110	117	117	606.339
-2.094395	2.863997	0.549740	103	10	119	606.307
-1.570796	2.478122	2.609777	33	120	118	606.237
-1.047198	2.295480	1.008277	100	127	0	606.199
-1.308997	2.456751	-1.503343	118	109	24	606.034
-1.832596	0.733948	3.021411	99	124	117	606.005
-0.785398	0.899350	-2.069907	108	110	2	605.945
0.785398	0.733948	3.021411	110	101	122	605.870
-0.261799	2.138223	1.678323	122	11	98	605.840
-0.785398	1.128190	-2.288622	121	17	112	605.814
-2.617994	0.674054	1.013609	41	124	11	605.772
-0.261799	2.343981	-1.040456	119	108	25	605.660
-2.094395	1.617114	-1.572037	106	126	108	605.652
-0.785398	1.488617	1.159546	102	11	110	605.615
1.832596	1.488617	1.159546	4	110	101	605.561
-2.356194	1.367556	0.358405	28	9	119	605.514
-2.617994	2.349581	-2.702517	33	118	119	605.418
2.879793	1.113094	-0.272241	26	118	124	605.328
1.308997	1.569311	-3.003978	118	22	119	605.301
1.832596	2.404280	-0.174044	96	13	123	605.161
-3.141593	1.875281	0.107086	123	105	14	604.819
-0.785398	1.417623	-0.202254	92	9	5	604.818
2.617994	1.413347	-1.339188	111	15	108	604.741
-2.356194	1.982574	-1.115518	102	123	115	604.559
-0.523599	1.184361	0.625864	119	2	32	604.532
2.094395	1.909857	-0.381669	105	26	1	604.439
0.000000	1.696674	-1.253233	28	5	113	604.363
-3.141593	0.685216	-1.712745	114	21	110	604.339
-2.879793	1.247695	1.809890	25	124	113	604.239
-0.523599	0.733948	3.021411	103	116	6	604.227
-0.785398	1.214854	-1.966664	10	9	108	604.226
1.308997	0.762244	-0.273349	119	126	23	604.180
-0.523599	1.218453	2.777284	30	3	116	604.093
-0.261799	0.591903	2.010408	126	27	2	604.055
-1.308997	1.134497	-1.109631	2	8	112	604.051
1.832596	1.977582	0.969896	122	105	21	603.939
-0.785398	1.194549	-0.801900	16	20	127	603.918
2.617994	1.135834	-1.431087	109	20	113	603.916
1.047198	0.618092	2.539118	102	120	113	603.834
2.617994	1.948085	-2.363031	126	10	118	603.678
1.570796	2.456751	-1.503343	106	114	124	603.659
-1.570796	1.696674	-1.253233	2	6	103	603.579
2.094395	1.982574	-1.115518	112	22	116	603.543
-1.047198	2.356369	3.005869	115	20	109	603.429
-1.047198	2.033014	2.977192	102	14	118	603.379
-1.832596	1.367556	0.358405	108	106	21	603.328
0.785398	1.025536	1.576859	117	16	123	603.305
2.094395	2.001437	0.381215	27	115	15	603.254
-0.785398	2.587733	0.232235	102	126	123	603.084
-1.570796	1.948085	-2.363031	106	4	118	602.979
2.617994	0.496451	0.593859	112	124	24	602.976
-1.832596	0.370812	-2.547742	95	7	11	602.951
1.570796	2.033014	2.977192	15	106	122	602.703
0.785398	0.866395	-2.492918	101	3	119	602.636
2.356194	1.948085	-2.363031	19	124	111	602.609
0.000000	2.073035	2.027405	104	11	111	602.497
-2.356194	1.256302	0.062705	114	100	9	602.462
0.000000	2.138223	1.678323	109	13	108	602.434
2.617994	0.640596	-2.797608	125	20	5	602.402
2.617994	2.637879	2.121598	125	123	26	602.365
-1.832596	1.374601	-2.456031	109	13	108	602.286
-2.879793	1.367556	0.358405	111	107	18	602.257
1.832596	0.709924	0.218797	5	22	123	602.156
-1.308997	0.297065	2.160177	25	8	118	601.988
-1.832596	2.104282	-0.813972	30	126	13	601.987
0.785398	0.618092	2.539118	102	126	111	601.974
-2.879793	1.982574	-1.115518	29	127	10	601.955
1.832596	1.440580	2.260026	31	126	2	601.952
1.832596	0.910508	1.903534	96	120	1	601.937
0.785398	2.704512	1.488683	97	118	127	601.913
0.000000	1.869911	2.701025	119	17	16	601.822
2.617994	1.870545	-2.976234	31	118	119	601.732
1.308997	1.194549	-0.801900	108	15	114	601.663
1.832596	1.869911	2.701025	31	115	10	601.588
2.094395	1.904882	-1.478089	114	110	122	601.525
-2.094395	2.295480	1.008277	104	18	9	601.432
-2.356194	0.419640	2.974122	25	2	115	601.384
1.832596	0.866955	-0.931351	127	22	109	601.183
2.356194	1.699788	2.452890	38	127	13	601.086
0.523599	2.108018	1.311430	94	118	3	601.016
1.832596	2.073035	2.027405	18	124	120	601.006
-1.570796	2.001437	0.381215	18	119	124	600.898
-3.141593	1.870545	-2.976234	22	120	106	600.801
2.617994	0.615174	-0.666022	20	118	122	600.781
1.570796	1.569311	-3.003978	108	22	123	600.723
-2.094395	1.214854	-1.966664	98	124	110	600.710
1.832596	2.863997	0.549740	29	127	127	600.704
-2.879793	1.184361	0.625864	109	105	16	600.627
0.000000	2.396274	-1.959260	124	23	113	600.612
1.047198	1.554776	0.100351	124	99	14	600.566
-0.261799	2.404280	-0.174044	2	19	18	600.556
1.047198	2.863997	0.549740	32	2	127	600.545
0.785398	2.396274	-1.959260	5	12	104	600.537
-1.570796	0.831641	0.616218	10	111	27	600.440
-3.141593	2.379497	0.561089	120	21	9	600.437
0.261799	1.756530	-2.105156	121	116	9	600.384
0.785398	1.448123	-2.163292	30	2	123	600.359
-1.047198	1.413347	-1.339188	9	16	0	600.338
2.879793	1.014500	0.906702	124	122	32	600.198
-1.832596	2.180315	-1.357379	108	113	118	600.127
-2.617994	0.850607	-1.335383	92	3	115	600.125
2.094395	1.168678	2.108595	98	121	4	600.083
-1.832596	2.187132	-0.479875	98	117	4	600.046
-0.523599	2.295480	1.008277	101	117	3	599.975
-1.832596	1.247695	1.809890	122	14	109	599.967
0.785398	1.998705	2.370472	111	103	11	599.938
1.570796	1.135813	-2.658866	124	20	115	599.920
1.308997	1.242974	-2.977882	23	112	3	599.848
2.094395	0.866395	-2.492918	24	115	109	599.801
2.617994	0.290380	-0.796960	20	120	118	599.798
1.832596	0.674054	1.013609	111	17	127	599.788
1.570796	0.458961	-0.107937	111	16	22	599.752
2.617994	1.504028	0.636812	99	117	10	599.674
1.047198	0.700570	1.559208	111	7	110	599.669
-2.879793	0.418037	1.360082	25	124	22	599.564
0.000000	0.571433	-1.188419	36	121	122	599.318
1.047198	1.569311	-3.003978	4	21	118	599.188
0.261799	1.977582	0.969896	95	120	6	599.185
1.832596	2.704512	1.488683	106	7	124	599.134
-2.617994	2.979456	-1.009304	99	12	2	599.005
1.047198	1.256302	0.062705	107	12	120	598.956
-2.094395	1.662363	0.915448	106	7	125	598.878
-2.356194	0.899350	-2.069907	16	123	112	598.618
2.879793	0.458961	-0.107937	97	6	19	598.570
-2.879793	2.164094	-2.991358	120	126	105	598.543
1.570796	2.153910	-1.714959	110	111	124	598.509
-2.094395	0.370812	-2.547742	95	8	11	598.403
2.094395	0.961715	0.014085	16	104	24	598.340
-2.879793	0.914445	2.687814	27	0	112	598.195
-3.141593	1.555207	1.708892	119	110	13	598.153
-2.094395	0.458961	-0.107937	114	118	21	598.024
-1.570796	0.370812	-2.547742	93	2	10	597.991
-1.047198	2.881233	-2.582574	14	21	122	597.887
0.261799	1.045978	0.343692	0	21	123	597.875
-1.832596	1.741644	-2.695914	110	127	108	597.825
2.356194	0.418037	1.360082	34	118	2	597.808
0.785398	0.960688	-0.577532	103	16	23	597.802
-0.261799	0.914445	2.687814	96	118	4	597.780
1.047198	2.247462	0.191623	28	127	5	597.763
1.047198	1.367556	0.358405	105	11	123	597.705
2.879793	1.606104	-0.451151	20	124	29	597.683
1.047198	1.736875	3.023612	17	120	119	597.605
2.094395	2.247462	0.191623	96	12	126	597.500
1.570796	1.545873	-1.877082	13	1	105	597.482
-1.308997	2.478122	2.609777	37	123	118	597.259
-2.356194	0.615174	-0.666022	127	119	22	597.253
2.879793	2.393226	1.857173	1	118	24	597.241
2.094395	1.194549	-0.801900	97	17	117	597.177
-3.141593	1.809167	1.213774	30	120	120	597.154
-2.879793	0.640596	-2.797608	8	22	113	597.144
-2.356194	1.756530	-2.105156	98	114	17	597.120
-3.141593	2.180315	-1.357379	98	108	3	597.063
2.879793	0.831641	0.616218	5	126	27	597.029
0.785398	1.554776	0.100351	109	14	122	597.025
2.617994	1.433411	-1.035986	8	119	34	596.931
1.832596	1.617114	-1.572037	93	8	124	596.910
-2.356194	2.396274	-1.959260	109	121	114	596.904
1.047198	0.762244	-0.273349	113	16	115	596.877
-2.617994	0.864993	2.278281	127	110	10	596.867
1.308997	1.440580	2.260026	23	118	5	596.814
1.047198	2.664082	-1.071402	1	25	117	596.757
2.094395	0.709924	0.218797	108	106	12	596.757
0.523599	0.297065	2.160177	102	125	20	596.725
1.308997	1.134796	2.434290	24	118	2	596.663
0.000000	2.001437	0.381215	3	104	13	596.655
0.261799	2.295480	1.008277	95	120	5	596.588
-2.094395	0.418037	1.360082	113	20	113	596.540
0.000000	1.809167	1.213774	101	115	11	596.419
2.879793	1.050534	3.042579	117	6	100	596.402
2.094395	0.370812	-2.547742	44	6	127	596.389
-2.356194	2.637879	2.121598	35	123	0	596.387
-0.785398	1.741644	-2.695914	116	112	126	596.314
-1.832596	1.982574	-1.115518	106	116	118	596.289
-2.879793	0.961715	0.014085	28	0	119	596.256
0.261799	1.569311	-3.003978	113	112	110	596.251
-2.879793	0.458961	-0.107937	124	121	23	596.173
-0.785398	2.407836	1.410646	101	113	5	596.113
2.879793	1.025536	1.576859	21	127	112	596.105
2.094395	2.073035	2.027405	18	125	119	596.073
2.879793	1.569311	-3.003978	26	126	111	596.015
-0.261799	2.104282	-0.813972	6	17	10	595.971
-2.617994	1.135834	-1.431087	101	4	104	595.970
0.000000	1.391910	3.030322	3	9	20	595.949
-2.879793	0.618092	2.539118	17	124	105	595.944
-3.141593	1.301460	-0.509251	3	115	109	595.940
0.261799	0.618092	2.539118	104	17	125	595.930
0.261799	2.356369	3.005869	127	25	123	595.924
-0.785398	1.510910	-0.740472	3	10	114	595.904
1.570796	1.683268	0.374177	101	0	121	595.889
-0.261799	1.872854	1.543456	98	2	31	595.872
-3.141593	1.168678	2.108595	127	105	14	595.864
1.047198	2.760637	2.781135	101	13	121	595.704
1.308997	2.724429	-0.348782	9	25	123	595.596
-0.523599	1.836682	-0.676006	2	108	20	595.554
-3.141593	0.929350	-2.910676	97	5	117	595.507
2.356194	1.741644	-2.695914	25	117	115	595.483
0.523599	2.664082	-1.071402	10	24	118	595.438
-2.617994	0.615174	-0.666022	119	101	18	595.437
0.523599	2.881233	-2.582574	87	5	127	595.429
0.261799	2.637879	2.121598	104	10	114	595.387
2.094395	0.906588	1.252948	26	112	8	595.361
-0.785398	0.685216	-1.712745	112	109	7	595.326
0.785398	2.592629	0.909713	1	16	3	595.324
-0.523599	2.579248	-2.364801	120	29	123	595.281
0.000000	0.700570	1.559208	106	12	27	595.223
-2.879793	2.719179	-1.780644	5	102	109	595.165
2.617994	1.683268	0.374177	102	116	5	595.153
2.879793	1.846342	-1.796954	113	14	124	595.128
2.356194	0.640596	-2.797608	108	21	121	595.012
1.047198	0.960688	-0.577532	115	18	114	594.970
-1.570796	1.977582	0.969896	104	122	32	594.894
2.879793	0.080730	-2.622036	106	115	11	594.811
-3.141593	0.615174	-0.666022	9	109	25	594.802
-0.523599	2.592629	0.909713	96	6	2	594.689
2.879793	0.992645	-1.723759	111	19	111	594.687
-3.141593	1.413347	-1.339188	24	118	8	594.580
2.879793	2.251330	-2.330739	108	105	3	594.490
0.000000	1.335669	0.897240	115	121	26	594.421
1.047198	1.433411	-1.035986	19	12	110	594.390
0.261799	0.733948	3.021411	18	116	109	594.355
0.785398	1.128190	-2.288622	122	21	111	594.348
1.308997	1.606104	-0.451151	31	21	8	594.337
-0.785398	1.218453	2.777284	31	16	4	594.285
-1.308997	1.574060	2.783565	34	6	10	594.182
0.785398	1.218453	2.777284	106	105	3	594.130
2.879793	2.719179	-1.780644	120	96	119	594.067
-0.261799	2.587733	0.232235	8	9	124	594.064
-2.879793	2.478122	2.609777	3	121	23	594.057
-0.785398	0.866955	-0.931351	124	103	2	594.042
-0.785398	2.089241	-0.114193	113	109	5	593.905
2.617994	1.909857	-0.381669	29	118	1	593.900
-0.523599	2.356369	3.005869	94	17	123	593.831
2.094395	0.960688	-0.577532	6	108	31	593.800
-2.356194	1.135834	-1.431087	19	114	120	593.778
-1.570796	0.418037	1.360082	16	6	24	593.732
2.094395	0.419640	2.974122	121	25	118	593.715
1.570796	2.588535	-2.976617	116	100	115	593.578
1.308997	1.683268	0.374177	101	7	0	593.546
-2.617994	0.618092	2.539118	33	7	121	593.543
2.094395	2.115563	0.685730	102	124	125	593.534
1.570796	0.619654	-2.216909	7	21	113	593.531
0.523599	0.992645	-1.723759	123	21	112	593.222
-2.879793	2.407836	1.410646	113	21	4	593.208
-2.356194	0.080730	-2.622036	99	12	15	593.188
-2.094395	0.571433	-1.188419	122	11	113	593.183
-1.832596	1.948085	-2.363031	116	3	106	593.155
0.785398	2.881233	-2.582574	88	127	125	593.072
1.308997	1.510910	-0.740472	121	2	29	593.064
1.570796	1.050534	3.042579	12	6	110	593.048
0.785398	1.599406	1.426070	106	119	107	593.035
-1.308997	1.948085	-2.363031	18	17	112	592.966
1.832596	2.760637	2.781135	119	113	24	592.775
-1.308997	0.591903	2.010408	13	25	16	592.732
-0.261799	1.736875	3.023612	116	113	122	592.725
-0.261799	0.910508	1.903534	100	117	121	592.541
-0.785398	2.863997	0.549740	118	101	19	592.538
-2.356194	1.569311	-3.003978	14	23	123	592.496
-0.261799	1.617114	-1.572037	126	20	0	592.477
-2.356194	1.374601	-2.456031	114	14	108	592.325
-1.308997	1.554776	0.100351	33	12	3	592.320
-1.570796	1.904882	-1.478089	103	114	3	592.300
1.308997	1.413347	-1.339188	15	11	107	592.183
2.356194	2.174483	2.653697	118	106	15	592.160
1.570796	1.574060	2.783565	122	100	19	592.152
2.094395	0.831641	0.616218	22	107	16	591.997
2.094395	1.662363	0.915448	99	14	7	591.970
-2.094395	2.180315	-1.357379	105	117	116	591.948
-0.785398	1.977582	0.969896	20	14	118	591.892
2.356194	1.766067	2.153843	101	118	13	591.860
-1.047198	0.379747	-1.713059	109	111	11	591.848
-0.261799	1.184361	0.625864	3	119	26	591.819
2.356194	0.496451	0.593859	12	119	23	591.780
2.094395	1.391910	3.030322	114	109	20	591.769
-0.785398	0.733948	3.021411	123	114	101	591.756
2.879793	1.909857	-0.381669	106	113	8	591.606
-1.047198	1.696674	-1.253233	118	10	109	591.544
0.000000	2.343981	-1.040456	28	10	117	591.494
2.879793	2.295480	1.008277	103	118	16	591.489
-1.308997	2.247462	0.191623	104	120	127	591.332
0.785398	0.700570	1.559208	113	115	21	591.329
-2.094395	2.407836	1.410646	114	15	122	591.265
-1.047198	1.488617	1.159546	111	14	106	591.181
-1.570796	2.073035	2.027405	15	118	102	591.134
-1.047198	1.128190	-2.288622	102	2	103	590.987
2.356194	2.356369	3.005869	115	121	24	590.975
-0.523599	2.478122	2.609777	89	2	3	590.908
-1.308997	2.063651	-2.044600	120	114	110	590.893
1.832596	0.762244	-0.273349	16	15	116	590.742
-1.047198	2.041297	-2.664597	25	109	124	590.703
-2.094395	0.992645	-1.723759	98	6	112	590.703
-0.261799	0.418037	1.360082	127	121	19	590.664
-0.261799	2.724429	-0.348782	118	11	122	590.643
-0.785398	1.045978	0.343692	115	123	23	590.610
-1.570796	1.504028	0.636812	13	22	11	590.582
-0.785398	0.929350	-2.910676	119	108	121	590.545
-0.261799	0.379747	-1.713059	109	8	118	590.499
1.570796	1.391910	3.030322	29	124	125	590.485
-0.523599	2.063651	-2.044600	13	16	111	590.457
-2.879793	1.134796	2.434290	28	125	113	590.355
-2.617994	1.732874	-0.951685	31	1	6	590.314
-0.785398	2.187132	-0.479875	22	5	119	590.309
1.308997	0.591903	2.010408	99	118	116	590.302
0.523599	1.195355	1.200319	126	18	124	590.247
-2.356194	1.168678	2.108595	40	5	9	590.231
-2.356194	0.866955	-0.931351	5	120	106	590.179
-2.356194	0.290380	-0.796960	100	125	17	590.134
-2.094395	0.906588	1.252948	13	16	116	590.049
-0.523599	1.301460	-0.509251	111	16	26	589.997
2.356194	2.063651	-2.044600	12	127	111	589.970
-0.261799	2.041297	-2.664597	12	17	108	589.934
-1.570796	2.251330	-2.330739	23	10	112	589.831
2.094395	2.299159	2.264663	39	126	12	589.826
0.261799	0.418037	1.360082	111	126	21	589.824
-2.356194	2.089241	-0.114193	31	2	5	589.812
1.832596	2.033014	2.977192	30	114	5	589.799
2.356194	2.587733	0.232235	113	29	9	589.781
1.308997	1.982574	-1.115518	118	18	103	589.718
-2.879793	2.404280	-0.174044	105	106	6	589.576
1.047198	1.214854	-1.966664	21	120	107	589.352
0.261799	2.001437	0.381215	3	13	120	589.314
0.785398	0.992645	-1.723759	25	122	108	589.202
-2.617994	2.637879	2.121598	7	28	10	589.168
0.000000	2.979456	-1.009304	4	9	23	588.910
-0.523599	0.619654	-2.216909	103	112	6	588.787
0.261799	2.115563	0.685730	117	108	25	588.780
-1.570796	2.637879	2.121598	110	13	117	588.769
-0.523599	1.247695	1.809890	103	127	113	588.763
-2.617994	1.696674	-1.253233	93	119	117	588.728
-0.523599	1.440580	2.260026	1	20	112	588.701
-2.879793	0.379747	-1.713059	95	11	13	588.679
-0.523599	2.033014	2.977192	127	124	104	588.672
-2.617994	1.256302	0.062705	27	5	121	588.664
0.523599	1.014500	0.906702	125	25	4	588.658
1.570796	0.914445	2.687814	99	113	125	588.647
1.047198	2.478122	2.609777	94	12	126	588.489
-0.785398	2.588535	-2.976617	122	25	115	588.400
1.570796	2.979456	-1.009304	100	22	124	588.375
1.570796	1.413430	2.550734	28	123	0	588.307
2.356194	1.569311	-3.003978	98	14	122	588.258
0.785398	1.195355	1.200319	111	11	110	588.239
-1.570796	1.554776	0.100351	34	9	3	588.207
1.570796	0.370812	-2.547742	122	24	125	587.996
1.570796	2.356369	3.005869	0	111	107	587.905
-0.523599	2.984978	1.954446	107	1	25	587.898
-1.308997	1.417623	-0.202254	3	103	21	587.897
2.094395	1.836682	-0.676006	108	24	121	587.866
1.832596	0.290380	-0.796960	117	21	16	587.812
-1.308997	0.866955	-0.931351	2	99	9	587.772
-3.141593	0.864993	2.278281	110	113	124	587.726
-2.094395	2.089241	-0.114193	33	5	5	587.641
0.523599	1.696674	-1.253233	31	7	117	587.621
1.308997	1.417623	-0.202254	31	24	12	587.427
2.617994	2.588535	-2.976617	93	1	127	587.336
-0.523599	0.419640	2.974122	2	100	119	587.317
-0.261799	2.033014	2.977192	114	23	114	587.314
-0.261799	1.014500	0.906702	8	12	114	587.167
-2.617994	0.700570	1.559208	11	16	115	587.153
1.832596	1.741644	-2.695914	27	120	118	587.130
1.570796	0.992645	-1.723759	104	120	118	587.129
-1.308997	2.455966	-0.641220	5	99	118	587.092
-2.617994	1.045978	0.343692	26	10	118	586.994
2.879793	0.674054	1.013609	23	3	110	586.990
1.308997	1.555207	1.708892	22	117	12	586.989
2.617994	2.153910	-1.714959	116	104	1	586.986
2.356194	1.134497	-1.109631	116	20	107	586.942
