128	1.2	0
-2.094395	1.870545	-2.976234
2.225479	1.132066	-0.020390
../1stm_monomer_m.pdb	-17.901	7.594	-65.024
../1stm_monomer_m.pdb	7.580	64.357	39.635
-0.261799	2.138223	1.678323	110	16	3	1141.206
-0.523599	0.866955	-0.931351	114	18	125	1136.696
0.000000	1.335669	0.897240	116	21	8	1136.600
2.356194	1.998705	2.370472	2	105	125	1126.295
-1.832596	1.824694	1.850876	6	109	121	1122.825
-1.047198	1.846342	-1.796954	119	15	117	1108.660
-1.832596	1.504028	0.636812	1	1	109	1105.243
-2.879793	2.588535	-2.976617	115	108	5	1085.643
2.356194	2.299159	2.264663	8	105	4	1079.529
1.308997	0.290380	-0.796960	115	111	120	1079.246
-2.094395	1.617114	-1.572037	20	8	12	1070.889
-3.141593	2.588535	-2.976617	111	110	3	1069.991
-0.785398	1.195355	1.200319	127	121	110	1052.100
1.832596	2.724429	-0.348782	124	107	6	1051.298
-2.356194	0.685216	-1.712745	3	113	107	1051.043
-0.785398	1.134497	-1.109631	15	116	0	1050.665
-1.570796	1.662363	0.915448	2	127	110	1046.633
1.308997	1.846342	-1.796954	3	121	16	1045.973
-1.047198	1.982574	-1.115518	121	19	7	1043.133
-2.617994	2.881233	-2.582574	113	110	7	1038.785
2.617994	2.478122	2.609777	16	105	2	1031.211
2.094395	2.404280	-0.174044	123	106	3	1030.998
2.617994	1.869911	2.701025	4	104	121	1026.881
2.617994	1.766067	2.153843	107	6	124	1026.202
-1.570796	1.504028	0.636812	2	2	109	1024.807
2.879793	2.760637	2.781135	113	109	4	1024.357
-1.570796	0.899350	-2.069907	7	113	110	1022.217
1.832596	2.187132	-0.479875	4	107	1	1017.740
0.000000	2.637879	2.121598	111	15	11	1017.562
-0.261799	2.393226	1.857173	111	15	6	1012.518
2.617994	0.899350	-2.069907	5	110	6	1011.758
1.570796	1.904882	-1.478089	2	113	12	1010.466
-1.832596	1.812176	0.656819	3	1	110	1009.945
-3.141593	2.592629	0.909713	127	108	123	1009.914
-2.356194	0.419640	2.974122	123	17	125	1007.492
2.094395	1.574060	2.783565	107	10	7	1006.616
0.000000	0.203748	0.590255	107	10	120	1002.703
-3.141593	2.343981	-1.040456	1	100	117	1001.666
2.094395	1.909857	-0.381669	120	105	0	1001.131
-1.047198	1.545873	-1.877082	117	16	117	998.014
-1.832596	0.992645	-1.723759	7	110	112	995.928
-0.523599	1.374601	-2.456031	6	119	115	995.828
1.832596	1.617114	-1.572037	127	114	13	995.092
-1.047198	0.700570	1.559208	2	113	116	993.958
1.570796	1.025536	1.576859	108	112	122	993.802
2.879793	2.356369	3.005869	6	105	123	992.742
-0.523599	1.872854	1.543456	112	15	14	991.531
-1.570796	0.379747	-1.713059	126	110	114	990.749
1.570796	1.488617	1.159546	103	13	10	987.668
-1.047198	1.696674	-1.253233	118	17	3	986.272
-2.094395	0.864993	2.278281	6	108	113	985.651
-3.141593	0.080730	-2.622036	118	109	121	984.167
-1.570796	1.247695	1.809890	10	113	114	983.884
2.356194	1.699788	2.452890	1	106	120	983.069
-0.785398	1.756530	-2.105156	127	121	115	982.852
2.094395	2.153910	-1.714959	106	9	5	979.946
1.832596	1.846342	-1.796954	2	118	16	979.349
0.523599	1.662363	0.915448	4	119	8	978.684
-0.523599	1.510910	-0.740472	113	18	126	977.499
-1.308997	1.247695	1.809890	12	113	114	977.039
2.617994	2.187132	-0.479875	3	104	6	976.182
-1.570796	1.732874	-0.951685	21	16	5	972.848
-0.785398	1.948085	-2.363031	127	125	114	970.158
1.832596	1.413347	-1.339188	106	14	122	968.344
1.308997	1.599406	1.426070	3	10	110	966.193
0.523599	1.977582	0.969896	6	116	8	964.781
0.523599	1.872854	1.543456	127	116	3	963.523
-2.094395	1.756530	-2.105156	6	105	3	963.154
2.356194	0.297065	2.160177	108	10	123	961.052
-1.047198	1.662363	0.915448	2	126	110	960.977
1.047198	2.478122	2.609777	115	119	120	960.728
1.832596	2.153910	-1.714959	106	12	5	959.897
-0.785398	1.488617	1.159546	1	124	110	959.181
-0.785398	2.108018	1.311430	114	12	17	958.467
-1.047198	0.619654	-2.216909	124	115	107	957.682
-0.785398	1.872854	1.543456	114	15	1	957.497
2.356194	2.587733	0.232235	124	106	0	957.125
1.047198	2.073035	2.027405	110	16	14	957.026
-0.261799	1.606104	-0.451151	111	18	123	956.636
-1.570796	1.168678	2.108595	10	110	118	956.550
-1.047198	0.866955	-0.931351	14	114	1	955.849
1.570796	1.846342	-1.796954	3	121	17	954.353
-1.570796	1.134796	2.434290	19	109	120	954.125
1.570796	0.571433	-1.188419	107	12	126	953.461
1.308997	2.881233	-2.582574	108	11	10	953.432
-1.570796	1.766067	2.153843	7	109	126	953.368
2.617994	2.174483	2.653697	4	104	126	952.736
-1.832596	1.836682	-0.676006	16	117	15	950.144
1.047198	0.591903	2.010408	0	110	120	948.568
2.356194	0.685216	-1.712745	5	109	3	948.501
2.356194	2.456751	-1.503343	108	9	7	948.157
-3.141593	1.756530	-2.105156	6	102	2	948.059
2.094395	0.864993	2.278281	117	18	119	947.984
-0.785398	1.658653	-2.409879	112	22	123	947.535
-1.047198	1.335669	0.897240	124	2	108	947.327
1.832596	1.909857	-0.381669	123	107	127	946.695
-0.785398	1.732874	-0.951685	117	19	2	946.637
2.094395	1.846342	-1.796954	104	8	0	946.595
0.523599	1.599406	1.426070	108	18	7	945.129
0.785398	1.617114	-1.572037	106	18	7	943.838
0.523599	0.709924	0.218797	106	15	126	943.178
0.000000	1.977582	0.969896	13	4	111	942.774
0.000000	2.393226	1.857173	111	18	5	942.426
1.570796	2.455966	-0.641220	122	108	9	940.654
-1.308997	1.413347	-1.339188	18	108	118	940.500
-1.308997	1.025536	1.576859	0	118	107	940.460
0.523599	1.948085	-2.363031	110	19	10	940.396
1.832596	2.295480	1.008277	8	118	20	940.121
-0.523599	1.836682	-0.676006	114	19	127	939.697
2.356194	2.104282	-0.813972	0	105	7	939.414
0.523599	1.256302	0.062705	127	124	109	938.880
1.570796	1.555207	1.708892	107	111	2	938.011
0.523599	1.488617	1.159546	1	119	7	937.668
2.617994	2.180315	-1.357379	107	6	7	936.035
2.617994	1.904882	-1.478089	115	9	16	934.692
-1.047198	1.488617	1.159546	2	124	109	934.150
-1.570796	1.875281	0.107086	20	13	116	933.135
1.570796	2.063651	-2.044600	105	12	127	932.898
-0.523599	2.407836	1.410646	116	19	8	932.773
0.261799	0.709924	0.218797	117	119	110	931.050
-1.308997	1.506530	1.988858	15	113	117	931.005
-1.047198	1.448123	-2.163292	116	20	118	930.302
-1.832596	0.619654	-2.216909	1	119	105	929.074
-0.523599	1.335669	0.897240	126	124	109	928.761
2.617994	1.699788	2.452890	5	104	121	928.677
1.047198	1.301460	-0.509251	109	117	119	928.486
0.523599	1.756530	-2.105156	111	20	7	928.273
2.356194	2.455966	-0.641220	2	107	11	928.123
2.094395	1.869911	2.701025	107	10	9	928.025
0.785398	0.458961	-0.107937	115	113	116	927.675
2.879793	2.863997	0.549740	124	107	5	927.463
0.523599	0.458961	-0.107937	115	114	116	926.819
-1.832596	1.506530	1.988858	121	13	4	926.655
-1.047198	1.014500	0.906702	122	2	105	926.193
-2.879793	1.948085	-2.363031	10	102	3	925.971
-1.308997	1.391910	3.030322	0	5	108	925.408
-0.785398	1.662363	0.915448	1	126	110	924.560
-1.832596	0.910508	1.903534	8	111	111	924.240
-0.261799	2.187132	-0.479875	2	120	16	923.699
1.047198	2.138223	1.678323	126	112	1	923.180
-2.094395	1.510910	-0.740472	14	109	8	922.783
1.832596	2.396274	-1.959260	106	11	6	922.247
1.570796	1.977582	0.969896	110	17	13	922.108
-2.094395	0.571433	-1.188419	5	107	117	922.016
-1.570796	2.637879	2.121598	11	109	3	921.601
-1.570796	0.297065	2.160177	126	110	114	921.314
0.523599	1.696674	-1.253233	106	17	7	921.190
1.832596	2.104282	-0.813972	124	108	9	921.168
-0.523599	2.108018	1.311430	113	18	1	920.710
2.617994	1.417623	-0.202254	1	104	118	919.732
-3.141593	2.407836	1.410646	8	109	15	919.467
2.617994	1.998705	2.370472	5	104	125	919.393
-0.261799	1.014500	0.906702	113	19	120	919.252
1.047198	0.615174	-0.666022	113	113	119	918.666
0.261799	0.615174	-0.666022	0	116	108	916.950
-1.570796	2.073035	2.027405	16	109	126	916.813
-1.832596	1.662363	0.915448	3	126	109	916.603
0.785398	2.108018	1.311430	127	114	4	916.563
-1.308997	0.910508	1.903534	10	111	115	915.099
1.047198	2.396274	-1.959260	121	116	118	915.030
-1.570796	1.413430	2.550734	121	112	6	914.386
-1.832596	1.184361	0.625864	126	1	107	913.370
-2.617994	0.685216	-1.712745	0	112	107	913.183
2.356194	0.992645	-1.723759	7	111	7	913.182
-2.094395	1.836682	-0.676006	15	114	14	911.543
1.047198	2.089241	-0.114193	118	26	14	911.387
-2.094395	0.850607	-1.335383	3	107	114	911.359
-1.832596	2.393226	1.857173	8	109	127	910.987
-1.308997	1.504028	0.636812	126	3	109	910.943
-0.261799	1.256302	0.062705	116	14	111	910.774
-0.523599	1.134497	-1.109631	115	18	2	910.559
1.832596	1.545873	-1.877082	3	118	14	910.413
-1.570796	1.696674	-1.253233	21	16	6	909.266
2.094395	1.998705	2.370472	106	10	7	909.150
2.617994	2.033014	2.977192	2	105	118	909.043
-1.570796	1.836682	-0.676006	20	116	13	908.140
0.785398	2.396274	-1.959260	118	119	117	908.070
-2.356194	1.756530	-2.105156	122	108	120	906.710
0.785398	1.256302	0.062705	127	121	109	905.508
-0.785398	1.367556	0.358405	119	9	110	905.138
2.094395	1.982574	-1.115518	126	106	7	904.699
0.261799	1.488617	1.159546	3	120	7	904.016
-0.785398	1.696674	-1.253233	123	19	12	904.005
-1.832596	1.433411	-1.035986	23	14	4	903.582
-2.094395	1.846342	-1.796954	16	106	119	903.098
-0.785398	0.866955	-0.931351	117	18	125	903.008
0.523599	1.367556	0.358405	117	26	7	901.378
1.047198	2.404280	-0.174044	120	25	17	901.121
-2.356194	0.992645	-1.723759	4	110	112	901.045
-2.356194	2.579248	-2.364801	17	106	126	900.408
-0.785398	0.866395	-2.492918	125	119	106	899.765
2.879793	1.256302	0.062705	28	123	115	899.748
-1.832596	0.618092	2.539118	8	107	116	899.269
1.570796	1.247695	1.809890	121	115	110	898.944
-1.047198	1.134497	-1.109631	13	113	0	898.770
0.000000	0.496451	0.593859	119	117	108	897.757
-1.832596	1.904882	-1.478089	18	105	122	897.199
0.785398	2.138223	1.678323	124	113	1	896.819
2.356194	1.869911	2.701025	0	104	120	896.682
1.047198	1.413347	-1.339188	101	13	2	895.607
-1.832596	0.297065	2.160177	115	112	117	894.039
2.356194	1.977582	0.969896	119	127	112	893.586
-1.570796	1.433411	-1.035986	22	16	2	893.242
1.308997	1.662363	0.915448	107	18	9	892.971
0.785398	0.961715	0.014085	120	117	113	892.964
-1.570796	1.756530	-2.105156	120	16	120	892.512
2.617994	2.760637	2.781135	112	110	4	892.357
0.523599	1.809167	1.213774	2	117	7	891.889
-1.308997	0.906588	1.252948	121	124	105	891.472
-1.570796	1.335669	0.897240	126	0	108	891.231
-3.141593	1.504028	0.636812	4	126	108	890.989
-0.785398	1.184361	0.625864	120	5	107	890.985
-3.141593	2.033014	2.977192	10	102	6	890.537
1.570796	1.617114	-1.572037	0	114	11	890.257
0.785398	1.977582	0.969896	7	116	8	889.873
-1.832596	1.872854	1.543456	2	112	118	889.723
1.047198	2.393226	1.857173	121	115	125	889.432
-2.879793	0.762244	-0.273349	7	104	123	888.936
-2.356194	2.704512	1.488683	3	109	125	888.507
-1.832596	1.766067	2.153843	4	107	126	887.936
-1.570796	1.506530	1.988858	12	111	118	887.868
2.094395	1.128190	-2.288622	14	104	112	887.824
-1.047198	1.195355	1.200319	120	15	10	887.578
-2.094395	0.619654	-2.216909	0	118	104	887.392
-1.308997	2.180315	-1.357379	116	13	13	887.275
1.832596	1.904882	-1.478089	102	11	126	886.421
-2.356194	0.864993	2.278281	3	107	114	886.052
-1.570796	1.310100	1.488307	120	10	9	885.834
0.523599	2.760637	2.781135	109	13	11	885.615
0.785398	1.488617	1.159546	1	118	6	885.561
-0.785398	0.080730	-2.622036	124	113	110	885.368
1.308997	2.247462	0.191623	117	23	20	885.334
-0.261799	1.599406	1.426070	111	16	13	884.988
1.570796	2.073035	2.027405	124	111	123	884.675
-1.570796	1.812176	0.656819	2	2	110	884.398
0.785398	2.637879	2.121598	116	118	122	884.388
-1.308997	2.299159	2.264663	10	110	1	883.726
1.570796	0.419640	2.974122	113	17	123	882.906
2.094395	1.683268	0.374177	122	113	112	882.761
-2.094395	1.569311	-3.003978	6	0	108	882.752
-2.879793	1.875281	0.107086	119	102	2	882.666
-0.261799	1.555207	1.708892	110	17	1	882.539
-2.617994	0.571433	-1.188419	6	110	109	882.392
2.094395	1.413430	2.550734	109	13	1	881.984
1.832596	2.343981	-1.040456	127	110	13	881.332
-0.523599	1.599406	1.426070	114	17	13	880.447
-1.570796	1.184361	0.625864	126	2	107	880.185
1.832596	1.599406	1.426070	122	109	117	879.843
-3.141593	2.356369	3.005869	113	107	127	879.682
0.523599	1.545873	-1.877082	111	21	2	879.473
-2.356194	2.041297	-2.664597	8	118	110	879.178
-1.047198	1.506530	1.988858	120	18	122	879.156
-0.523599	2.455966	-0.641220	106	11	10	878.944
1.570796	1.606104	-0.451151	123	108	123	878.451
-2.094395	0.685216	-1.712745	2	113	107	878.416
1.308997	1.683268	0.374177	1	127	17	877.975
-2.879793	2.407836	1.410646	11	109	15	877.168
0.785398	1.662363	0.915448	4	118	8	877.004
-2.094395	0.914445	2.687814	125	17	125	876.805
2.617994	2.379497	0.561089	127	117	114	876.775
-2.356194	1.569311	-3.003978	6	126	107	875.742
1.570796	1.756530	-2.105156	2	125	17	875.335
0.000000	1.569311	-3.003978	106	19	7	875.278
2.094395	2.295480	1.008277	3	115	18	875.107
1.832596	2.063651	-2.044600	104	10	2	875.094
1.570796	0.418037	1.360082	2	110	113	874.943
-1.308997	0.591903	2.010408	3	110	117	874.772
-1.308997	1.696674	-1.253233	12	111	1	874.670
-1.832596	0.379747	-1.713059	125	113	107	874.608
1.308997	1.301460	-0.509251	109	114	119	874.498
-1.570796	1.488617	1.159546	1	125	108	874.461
0.785398	1.413347	-1.339188	105	17	124	874.419
1.570796	2.104282	-0.813972	4	109	3	874.161
1.570796	2.180315	-1.357379	4	112	13	873.891
0.523599	1.982574	-1.115518	107	15	12	873.639
2.094395	2.247462	0.191623	3	108	119	873.574
-0.523599	1.014500	0.906702	107	12	125	873.531
-1.308997	1.846342	-1.796954	121	15	116	873.500
-1.832596	1.756530	-2.105156	123	15	122	873.069
1.308997	2.760637	2.781135	115	119	120	872.952
-2.094395	1.242974	-2.977882	9	109	8	872.760
0.785398	2.299159	2.264663	115	118	122	872.555
-0.785398	1.812176	0.656819	12	13	110	872.290
2.356194	2.478122	2.609777	110	110	2	872.078
1.047198	1.721184	-0.153948	121	116	117	872.050
1.308997	2.104282	-0.813972	107	13	15	872.000
1.047198	1.554776	0.100351	121	118	114	871.636
-2.094395	1.545873	-1.877082	18	6	14	871.604
0.261799	1.504028	0.636812	113	21	9	871.547
-3.141593	1.325504	-1.671296	110	4	124	871.496
-2.879793	1.872854	1.543456	18	8	1	871.319
-0.785398	0.640596	-2.797608	126	122	104	871.313
-2.356194	0.615174	-0.666022	6	105	121	870.902
-1.047198	2.153910	-1.714959	122	15	116	870.553
-0.523599	2.063651	-2.044600	110	20	120	870.130
-1.308997	1.335669	0.897240	126	1	107	870.092
-1.832596	1.247695	1.809890	123	13	7	870.082
2.094395	1.809167	1.213774	3	111	17	869.673
2.094395	1.391910	3.030322	122	113	108	869.161
-2.094395	0.618092	2.539118	126	17	127	868.938
-1.832596	1.050534	3.042579	11	109	4	868.891
-1.308997	1.195355	1.200319	123	14	10	868.360
0.785398	2.001437	0.381215	115	5	112	868.331
2.356194	2.180315	-1.357379	108	9	8	868.310
1.570796	1.134497	-1.109631	110	16	1	868.133
2.879793	2.979456	-1.009304	100	3	8	868.133
1.832596	0.418037	1.360082	3	107	122	868.010
-0.261799	1.488617	1.159546	118	19	14	867.423
-1.832596	0.685216	-1.712745	4	112	107	866.438
-0.261799	1.335669	0.897240	119	21	9	865.563
2.617994	2.108018	1.311430	117	127	113	865.556
2.617994	1.721184	-0.153948	5	103	123	865.078
2.094395	2.299159	2.264663	4	104	3	864.902
2.094395	2.001437	0.381215	119	111	115	864.698
1.832596	0.618092	2.539118	117	19	119	864.637
1.832596	0.674054	1.013609	0	108	112	864.447
0.523599	1.574060	2.783565	108	19	8	863.814
2.879793	2.174483	2.653697	8	103	1	863.686
-2.094395	2.174483	2.653697	14	109	12	863.646
1.047198	0.762244	-0.273349	116	112	118	863.458
-0.785398	1.504028	0.636812	121	8	109	863.327
0.785398	2.104282	-0.813972	110	23	1	863.216
-0.261799	1.699788	2.452890	117	16	115	863.076
0.785398	0.762244	-0.273349	114	115	116	863.063
-1.047198	1.025536	1.576859	10	114	114	862.607
-0.785398	1.904882	-1.478089	123	16	17	862.463
1.832596	2.404280	-0.174044	3	109	122	862.387
2.094395	0.992645	-1.723759	111	9	108	861.880
-1.570796	1.135834	-1.431087	12	107	115	861.279
-0.261799	1.872854	1.543456	111	15	14	860.656
-1.832596	1.448123	-2.163292	5	106	3	860.361
1.832596	1.721184	-0.153948	122	109	119	860.322
-1.570796	2.299159	2.264663	119	9	122	860.114
-2.879793	2.393226	1.857173	9	109	15	860.076
-2.094395	2.187132	-0.479875	28	10	127	859.977
-3.141593	0.458961	-0.107937	121	106	122	859.676
-1.047198	0.929350	-2.910676	121	2	105	859.574
1.570796	0.290380	-0.796960	125	2	101	859.570
2.617994	1.574060	2.783565	16	98	3	859.316
-1.570796	1.555207	1.708892	7	114	114	859.301
2.356194	2.174483	2.653697	0	104	123	859.078
-0.523599	2.704512	1.488683	116	18	11	858.715
-0.523599	0.640596	-2.797608	121	118	109	858.530
0.261799	1.872854	1.543456	2	116	2	858.138
1.308997	0.615174	-0.666022	104	11	120	858.007
-1.047198	0.910508	1.903534	12	112	116	857.996
-1.570796	1.904882	-1.478089	119	12	13	857.866
-0.785398	1.982574	-1.115518	120	18	14	857.740
2.094395	2.115563	0.685730	4	120	20	857.515
-0.523599	1.504028	0.636812	125	126	110	857.292
-2.617994	2.041297	-2.664597	6	115	110	857.016
-0.261799	1.413430	2.550734	109	16	117	856.798
-1.047198	2.356369	3.005869	22	20	123	856.511
0.785398	1.433411	-1.035986	103	16	2	856.324
-1.047198	0.850607	-1.335383	11	113	126	855.819
-0.261799	1.809167	1.213774	119	18	17	855.812
1.570796	1.696674	-1.253233	0	112	10	855.741
1.047198	0.960688	-0.577532	106	115	124	855.637
2.617994	1.440580	2.260026	107	7	125	855.406
1.047198	2.299159	2.264663	117	116	121	855.369
-2.094395	1.904882	-1.478089	20	9	12	855.298
1.308997	2.587733	0.232235	122	21	22	855.195
1.308997	1.732874	-0.951685	108	14	12	854.940
-2.879793	2.349581	-2.702517	126	106	125	854.929
2.356194	1.391910	3.030322	125	112	108	854.722
2.356194	2.637879	2.121598	11	107	5	854.352
-0.523599	2.138223	1.678323	110	14	14	853.112
1.832596	0.571433	-1.188419	127	108	127	852.936
-0.785398	1.824694	1.850876	116	16	125	852.532
1.308997	2.187132	-0.479875	0	113	121	852.273
-1.832596	1.617114	-1.572037	21	9	13	852.256
1.832596	1.696674	-1.253233	103	13	126	851.974
0.785398	1.909857	-0.381669	106	19	3	851.553
1.308997	1.606104	-0.451151	107	114	124	851.447
-1.570796	1.448123	-2.163292	117	16	123	851.366
-1.308997	1.545873	-1.877082	119	17	116	851.339
-1.047198	1.417623	-0.202254	119	14	117	851.286
-1.308997	1.168678	2.108595	12	111	118	850.596
1.047198	1.606104	-0.451151	121	115	120	850.584
-2.094395	1.606104	-0.451151	14	110	11	850.157
1.308997	1.721184	-0.153948	122	115	117	850.115
2.094395	1.195355	1.200319	123	106	5	849.879
1.308997	0.685216	-1.712745	121	109	117	849.860
0.261799	0.914445	2.687814	93	10	5	849.828
1.308997	1.433411	-1.035986	5	112	0	848.857
-1.832596	0.864993	2.278281	123	109	120	848.766
-2.356194	1.606104	-0.451151	12	107	10	848.474
-2.094395	1.812176	0.656819	4	127	110	848.345
-3.141593	1.872854	1.543456	19	8	3	848.253
-1.047198	1.184361	0.625864	127	7	106	848.077
0.261799	1.696674	-1.253233	109	19	8	847.936
-2.879793	1.998705	2.370472	6	104	9	847.664
2.094395	1.135834	-1.431087	106	11	118	847.656
-1.832596	1.310100	1.488307	121	9	9	847.041
-1.832596	2.153910	-1.714959	21	107	125	846.954
-1.047198	0.906588	1.252948	125	122	105	846.906
2.879793	1.574060	2.783565	1	102	122	846.594
0.000000	1.184361	0.625864	117	21	7	846.307
-1.308997	1.998705	2.370472	18	111	0	845.683
1.832596	0.370812	-2.547742	11	109	104	845.573
1.047198	0.290380	-0.796960	109	14	123	845.162
-0.785398	1.683268	0.374177	121	11	112	845.079
1.832596	1.168678	2.108595	104	10	117	844.641
-1.832596	1.696674	-1.253233	22	11	11	844.565
-2.356194	0.290380	-0.796960	125	107	117	844.449
-0.785398	2.455966	-0.641220	24	112	10	844.273
-1.047198	1.998705	2.370472	18	21	127	843.272
-1.832596	2.404280	-0.174044	28	10	126	843.184
-0.523599	1.488617	1.159546	0	124	110	842.926
0.261799	1.335669	0.897240	112	21	5	842.567
-1.570796	1.554776	0.100351	16	13	113	842.516
2.356194	1.909857	-0.381669	121	104	127	842.248
0.261799	1.766067	2.153843	117	118	127	841.913
1.308997	1.904882	-1.478089	0	114	12	841.790
2.094395	0.674054	1.013609	110	110	117	841.576
-1.570796	1.977582	0.969896	17	11	16	841.426
-2.094395	0.899350	-2.069907	3	114	109	841.282
-3.141593	2.108018	1.311430	17	9	2	841.229
-0.785398	1.135834	-1.431087	13	115	124	841.200
2.094395	1.617114	-1.572037	2	110	11	840.613
-1.570796	1.413347	-1.339188	15	107	118	840.328
2.356194	1.696674	-1.253233	100	8	121	840.167
-2.094395	1.135834	-1.431087	5	106	116	840.164
1.308997	2.001437	0.381215	6	126	19	839.998
-1.832596	1.599406	1.426070	11	115	111	839.458
1.308997	1.194549	-0.801900	115	21	3	838.932
-3.141593	0.290380	-0.796960	124	114	105	838.677
-1.047198	0.080730	-2.622036	2	111	111	838.564
-0.523599	1.195355	1.200319	116	19	4	838.032
-1.308997	1.904882	-1.478089	120	16	6	837.869
0.523599	2.108018	1.311430	9	18	117	837.076
2.356194	0.910508	1.903534	104	6	0	836.707
-0.785398	2.115563	0.685730	17	5	111	836.621
-1.570796	0.910508	1.903534	8	112	110	836.444
-1.047198	1.504028	0.636812	124	5	109	836.310
2.879793	0.458961	-0.107937	114	109	116	836.156
1.832596	1.977582	0.969896	105	13	15	836.139
1.308997	0.419640	2.974122	119	21	121	835.994
2.094395	2.592629	0.909713	5	118	20	835.854
0.261799	1.683268	0.374177	115	20	12	835.853
0.000000	2.295480	1.008277	14	5	112	835.624
2.356194	2.247462	0.191623	124	105	125	835.550
1.570796	2.881233	-2.582574	112	15	10	835.463
-2.879793	1.683268	0.374177	116	103	0	835.157
-1.047198	2.637879	2.121598	16	19	7	835.113
2.356194	2.108018	1.311430	5	110	15	835.093
0.785398	1.846342	-1.796954	107	17	8	835.008
1.308997	2.664082	-1.071402	12	110	0	834.935
-1.308997	2.478122	2.609777	11	109	5	834.928
2.094395	1.812176	0.656819	3	117	17	834.839
-0.785398	1.335669	0.897240	126	123	110	834.171
1.832596	1.554776	0.100351	119	112	114	834.163
1.047198	1.194549	-0.801900	105	115	8	834.158
1.308997	1.617114	-1.572037	127	115	11	834.146
-1.047198	1.617114	-1.572037	119	13	114	833.808
-1.832596	0.899350	-2.069907	5	113	109	833.792
1.832596	1.875281	0.107086	117	110	118	833.788
-0.785398	2.104282	-0.813972	117	19	4	833.690
2.094395	1.699788	2.452890	104	9	3	833.023
2.879793	2.033014	2.977192	1	108	117	832.929
-0.523599	1.301460	-0.509251	116	18	117	832.805
-1.570796	1.699788	2.452890	6	108	1	832.602
-2.356194	2.251330	-2.330739	4	106	126	832.078
-0.261799	1.658653	-2.409879	102	17	120	831.935
-1.570796	1.440580	2.260026	19	109	118	831.790
1.308997	2.343981	-1.040456	3	109	7	831.583
2.356194	1.440580	2.260026	105	7	120	831.241
0.523599	1.413347	-1.339188	108	20	125	830.659
-0.785398	2.760637	2.781135	12	111	6	830.564
1.570796	0.700570	1.559208	127	113	109	830.516
0.261799	1.732874	-0.951685	108	18	6	830.011
1.570796	2.115563	0.685730	109	18	11	829.812
1.832596	1.025536	1.576859	107	110	121	829.501
0.523599	1.683268	0.374177	110	19	11	829.439
2.879793	1.335669	0.897240	3	102	2	829.289
-1.308997	2.104282	-0.813972	13	120	17	828.907
-1.308997	1.488617	1.159546	0	126	108	828.851
1.570796	1.325504	-1.671296	105	11	116	828.332
-0.523599	1.310100	1.488307	115	20	2	828.175
-2.094395	1.450119	-2.739050	2	126	105	828.109
1.570796	1.510910	-0.740472	121	109	126	828.076
1.832596	0.640596	-2.797608	24	123	105	827.971
2.094395	0.419640	2.974122	26	120	108	827.817
-3.141593	2.664082	-1.071402	2	98	123	827.646
-1.832596	1.909857	-0.381669	16	119	17	827.589
1.308997	2.115563	0.685730	7	121	19	827.065
2.356194	2.295480	1.008277	117	126	114	826.969
0.785398	0.960688	-0.577532	1	113	0	826.842
-2.356194	1.194549	-0.801900	13	103	122	826.803
0.000000	1.812176	0.656819	12	3	109	826.635
-1.832596	1.214854	-1.966664	9	112	110	826.384
2.094395	1.824694	1.850876	7	106	126	826.379
-1.047198	1.836682	-0.676006	24	109	4	826.343
-0.261799	1.184361	0.625864	121	1	106	826.191
-0.785398	2.251330	-2.330739	6	111	1	825.732
0.785398	0.864993	2.278281	102	116	120	825.462
1.047198	1.998705	2.370472	109	15	16	825.400
1.832596	1.325504	-1.671296	103	7	117	825.230
-0.261799	2.104282	-0.813972	25	118	127	825.143
-0.261799	1.195355	1.200319	114	20	3	825.109
1.308997	1.247695	1.809890	103	12	11	824.871
-1.832596	1.417623	-0.202254	20	14	117	824.711
1.308997	2.138223	1.678323	1	110	1	824.638
-2.094395	2.379497	0.561089	123	14	15	824.582
-2.879793	0.290380	-0.796960	126	115	105	824.533
-2.356194	0.866955	-0.931351	12	105	118	824.402
2.356194	1.766067	2.153843	106	7	124	824.402
-2.356194	2.881233	-2.582574	8	109	12	824.178
-2.617994	2.637879	2.121598	11	113	18	824.149
1.570796	1.545873	-1.877082	8	109	111	824.084
1.832596	1.606104	-0.451151	119	108	121	823.801
-1.308997	0.203748	0.590255	10	107	112	823.593
-0.785398	1.599406	1.426070	116	17	14	823.493
-1.308997	1.599406	1.426070	8	118	112	823.041
-1.047198	1.554776	0.100351	121	12	114	822.929
-2.617994	1.335669	0.897240	8	1	104	822.915
1.570796	1.195355	1.200319	8	108	115	822.893
2.094395	2.138223	1.678323	127	107	11	822.814
0.261799	1.617114	-1.572037	109	18	8	822.795
2.617994	1.391910	3.030322	126	114	108	822.603
0.000000	1.606104	-0.451151	109	19	125	822.115
2.356194	1.214854	-1.966664	5	111	9	822.093
1.308997	2.478122	2.609777	117	116	119	821.733
1.832596	1.195355	1.200319	5	109	3	821.406
-1.047198	1.374601	-2.456031	2	124	106	821.317
-0.785398	2.664082	-1.071402	11	117	18	821.169
0.785398	2.187132	-0.479875	121	28	11	821.117
2.617994	1.606104	-0.451151	109	3	107	820.996
-2.356194	1.721184	-0.153948	31	7	121	820.763
-2.094395	0.418037	1.360082	11	105	116	820.523
2.617994	1.736875	3.023612	16	98	1	820.459
2.879793	1.242974	-2.977882	116	103	125	820.375
1.570796	1.417623	-0.202254	119	112	115	820.177
-0.785398	1.809167	1.213774	4	126	110	820.033
-1.832596	2.073035	2.027405	4	108	124	819.959
2.094395	1.662363	0.915448	126	114	18	819.784
2.094395	1.904882	-1.478089	101	7	126	819.430
0.523599	2.251330	-2.330739	122	117	122	819.383
1.308997	1.982574	-1.115518	106	14	12	819.378
-2.879793	0.866955	-0.931351	122	105	113	819.314
0.261799	2.863997	0.549740	4	112	126	818.917
-1.308997	1.184361	0.625864	127	7	106	818.896
-2.617994	2.349581	-2.702517	117	106	5	818.809
-2.617994	0.960688	-0.577532	9	103	122	818.736
1.570796	2.089241	-0.114193	126	113	117	818.541
0.523599	0.864993	2.278281	95	13	4	818.380
-1.047198	0.418037	1.360082	121	112	117	818.348
1.308997	1.413347	-1.339188	100	10	3	817.792
-1.832596	1.335669	0.897240	0	126	108	817.572
-2.356194	1.545873	-1.877082	119	108	122	817.569
0.785398	1.756530	-2.105156	106	17	5	817.473
0.785398	1.367556	0.358405	0	123	108	817.418
-2.617994	0.290380	-0.796960	0	109	112	817.217
2.617994	0.496451	0.593859	121	105	127	816.920
2.879793	1.113094	-0.272241	29	121	118	816.833
-2.356194	0.571433	-1.188419	123	108	116	816.752
1.832596	2.455966	-0.641220	12	108	3	816.612
0.785398	2.073035	2.027405	112	18	15	816.479
-2.094395	0.992645	-1.723759	5	110	112	816.081
0.261799	1.809167	1.213774	20	8	113	816.035
-2.879793	0.961715	0.014085	5	104	5	815.971
1.570796	1.982574	-1.115518	111	17	9	815.850
-2.879793	0.850607	-1.335383	126	108	111	815.797
0.523599	1.195355	1.200319	3	121	7	815.777
1.832596	1.134497	-1.109631	107	13	1	815.693
1.308997	1.555207	1.708892	1	110	0	815.423
0.523599	0.618092	2.539118	117	115	113	815.294
0.000000	1.846342	-1.796954	110	21	122	815.205
1.570796	1.134796	2.434290	121	21	122	815.024
2.356194	1.824694	1.850876	107	6	121	815.024
1.570796	1.662363	0.915448	105	16	7	814.871
-3.141593	1.413430	2.550734	7	103	119	814.653
0.523599	2.637879	2.121598	116	119	122	814.560
-0.261799	1.812176	0.656819	13	2	109	814.322
-1.832596	1.440580	2.260026	5	107	122	814.275
2.617994	2.637879	2.121598	19	110	14	813.942
1.308997	2.299159	2.264663	4	20	125	813.785
2.094395	0.379747	-1.713059	107	11	123	813.714
0.523599	1.194549	-0.801900	124	124	106	813.644
2.879793	1.869911	2.701025	8	103	123	813.523
-1.047198	1.948085	-2.363031	123	125	114	813.367
-0.785398	1.846342	-1.796954	117	17	116	813.259
0.785398	1.554776	0.100351	106	18	8	813.074
0.000000	1.574060	2.783565	118	14	111	812.963
0.785398	0.850607	-1.335383	119	116	108	812.809
-0.523599	1.948085	-2.363031	125	124	115	812.467
1.832596	0.864993	2.278281	120	20	120	812.273
-3.141593	2.063651	-2.044600	6	103	7	812.252
0.523599	1.869911	2.701025	109	18	14	812.244
-1.308997	2.356369	3.005869	27	18	123	812.154
0.523599	1.736875	3.023612	108	19	9	811.891
-1.832596	1.488617	1.159546	2	123	108	811.673
-2.617994	2.407836	1.410646	126	108	121	811.672
2.094395	1.134796	2.434290	112	15	0	811.656
-1.832596	1.135834	-1.431087	9	107	115	811.434
0.000000	2.073035	2.027405	111	18	125	811.264
1.308997	1.195355	1.200319	21	3	113	811.105
2.617994	0.618092	2.539118	16	97	122	811.006
-1.308997	1.756530	-2.105156	118	17	121	811.005
-1.570796	2.187132	-0.479875	17	117	17	810.984
-2.094395	1.658653	-2.409879	2	105	125	810.826
-2.094395	2.251330	-2.330739	8	116	112	810.718
0.261799	1.045978	0.343692	106	17	124	810.716
2.879793	2.404280	-0.174044	6	105	9	810.531
-1.570796	1.846342	-1.796954	119	10	15	810.032
2.094395	2.349581	-2.702517	8	95	127	809.993
0.000000	2.881233	-2.582574	12	111	12	809.940
-0.785398	0.992645	-1.723759	10	114	122	809.626
2.356194	2.115563	0.685730	119	112	113	809.522
2.879793	1.569311	-3.003978	116	102	3	809.459
0.523599	1.824694	1.850876	123	115	3	809.274
2.356194	1.617114	-1.572037	104	6	116	809.215
0.261799	1.510910	-0.740472	108	19	125	809.085
2.094395	2.104282	-0.813972	124	106	7	808.930
-1.570796	1.982574	-1.115518	20	15	9	808.885
1.570796	1.875281	0.107086	120	117	114	808.846
-2.094395	1.325504	-1.671296	9	107	115	808.799
-1.832596	1.982574	-1.115518	21	13	10	808.777
1.570796	1.836682	-0.676006	123	108	0	808.730
-2.617994	0.615174	-0.666022	8	105	117	808.639
-2.879793	1.756530	-2.105156	10	101	2	808.600
-2.356194	1.662363	0.915448	0	124	109	808.573
1.832596	1.998705	2.370472	124	112	118	808.564
-1.308997	0.619654	-2.216909	5	113	111	808.489
2.879793	1.982574	-1.115518	125	103	115	808.226
-2.094395	1.301460	-0.509251	26	12	121	808.188
1.570796	1.310100	1.488307	120	111	114	808.027
0.261799	2.089241	-0.114193	119	24	9	808.021
-0.785398	0.615174	-0.666022	114	16	120	807.954
1.570796	2.379497	0.561089	119	18	26	807.286
1.832596	1.869911	2.701025	108	13	9	807.232
-2.617994	1.977582	0.969896	127	116	112	807.011
2.879793	1.184361	0.625864	17	123	106	806.918
1.570796	2.001437	0.381215	6	126	19	806.662
2.094395	1.168678	2.108595	107	9	115	806.602
-0.785398	1.741644	-2.695914	120	0	112	806.454
-2.094395	1.824694	1.850876	125	110	117	806.391
2.094395	1.325504	-1.671296	104	7	3	806.244
-1.832596	1.555207	1.708892	7	110	117	806.119
2.356194	1.606104	-0.451151	123	104	123	806.006
-1.047198	2.760637	2.781135	10	110	7	805.754
2.356194	1.904882	-1.478089	115	10	17	805.749
2.879793	2.704512	1.488683	6	111	18	805.743
2.094395	2.187132	-0.479875	120	105	5	805.736
1.047198	1.025536	1.576859	105	17	18	805.642
-0.261799	2.719179	-1.780644	11	110	19	805.573
1.832596	1.872854	1.543456	6	108	2	805.365
-0.785398	1.014500	0.906702	3	17	15	805.231
1.832596	1.310100	1.488307	121	110	113	805.064
-2.879793	2.455966	-0.641220	127	100	122	805.003
2.094395	2.724429	-0.348782	122	108	3	804.789
0.261799	2.299159	2.264663	110	19	3	804.727
-1.308997	1.135834	-1.431087	15	108	116	804.431
1.570796	1.194549	-0.801900	4	109	123	804.422
-2.356194	0.899350	-2.069907	4	111	109	804.399
2.094395	1.488617	1.159546	0	105	118	804.235
1.308997	1.134497	-1.109631	106	116	11	803.946
0.000000	1.696674	-1.253233	113	21	8	803.903
-0.523599	2.033014	2.977192	12	114	5	803.740
1.570796	0.866395	-2.492918	19	126	102	803.677
-2.356194	1.741644	-2.695914	6	122	106	803.628
2.879793	1.413430	2.550734	3	103	119	803.547
1.047198	2.637879	2.121598	118	116	123	803.536
-1.308997	1.134497	-1.109631	11	111	0	803.445
0.785398	1.599406	1.426070	0	115	3	803.442
-0.523599	0.674054	1.013609	6	114	115	803.373
1.047198	0.864993	2.278281	108	114	115	803.332
0.523599	2.115563	0.685730	10	116	8	803.228
1.308997	2.153910	-1.714959	4	116	16	803.075
2.356194	2.343981	-1.040456	118	110	116	802.932
0.523599	1.433411	-1.035986	107	19	125	802.870
-1.832596	0.591903	2.010408	6	112	108	802.819
1.570796	1.433411	-1.035986	110	17	5	802.695
-2.094395	1.721184	-0.153948	28	10	121	802.690
0.785398	1.809167	1.213774	3	14	112	802.662
-0.261799	1.134796	2.434290	113	15	113	802.659
-2.356194	2.104282	-0.813972	28	9	1	802.646
1.308997	0.700570	1.559208	106	114	120	802.602
-1.308997	0.866395	-2.492918	122	125	104	802.525
-1.832596	1.732874	-0.951685	23	14	6	802.307
1.308997	1.696674	-1.253233	127	113	10	802.283
1.047198	1.134497	-1.109631	99	12	125	802.251
-0.523599	1.846342	-1.796954	0	121	117	802.047
-1.832596	2.396274	-1.959260	8	108	1	801.982
0.785398	1.413430	2.550734	117	118	114	801.930
-2.094395	1.134796	2.434290	120	107	125	801.907
-2.356194	0.379747	-1.713059	0	115	105	801.399
1.308997	1.545873	-1.877082	1	122	14	801.258
-1.570796	1.195355	1.200319	122	9	12	801.096
1.570796	2.187132	-0.479875	115	110	126	801.078
1.308997	1.872854	1.543456	14	13	118	800.693
0.785398	1.812176	0.656819	109	21	4	800.512
-1.832596	0.866955	-0.931351	17	17	122	800.277
-1.047198	2.881233	-2.582574	119	27	10	800.091
0.785398	2.704512	1.488683	9	111	123	800.028
1.832596	1.135834	-1.431087	3	110	4	799.981
-2.617994	0.203748	0.590255	107	7	121	799.746
-2.879793	0.203748	0.590255	107	8	121	799.637
-1.308997	0.992645	-1.723759	12	114	8	799.497
2.879793	2.587733	0.232235	127	112	118	799.483
1.047198	1.617114	-1.572037	103	15	7	799.410
-0.523599	1.448123	-2.163292	109	18	118	799.371
-2.356194	2.455966	-0.641220	29	9	1	799.242
-1.832596	1.977582	0.969896	4	125	110	799.184
-0.523599	1.413430	2.550734	25	20	124	798.973
2.879793	2.592629	0.909713	8	114	19	798.956
-0.785398	2.407836	1.410646	118	19	7	798.924
1.570796	2.153910	-1.714959	106	14	4	798.858
-2.094395	1.335669	0.897240	127	123	107	798.599
-1.832596	1.168678	2.108595	124	16	7	798.447
-1.832596	2.984978	1.954446	126	109	5	797.948
1.832596	1.247695	1.809890	105	111	122	797.940
0.785398	1.875281	0.107086	118	121	114	797.939
2.617994	2.407836	1.410646	4	110	16	797.731
-1.047198	1.413347	-1.339188	20	110	118	797.658
-3.141593	1.736875	3.023612	10	101	0	797.617
-2.617994	1.998705	2.370472	29	126	118	797.574
0.785398	1.982574	-1.115518	106	21	124	797.318
0.000000	1.194549	-0.801900	110	19	121	797.131
0.785398	2.063651	-2.044600	108	17	12	797.021
-0.261799	2.724429	-0.348782	108	12	8	796.960
2.356194	2.164094	-2.991358	10	108	14	796.335
-1.570796	1.545873	-1.877082	117	13	117	796.189
-3.141593	0.866955	-0.931351	123	107	113	796.180
-1.832596	1.721184	-0.153948	29	10	119	796.020
-3.141593	1.696674	-1.253233	4	102	2	796.010
-1.047198	0.379747	-1.713059	4	111	126	795.816
1.047198	1.836682	-0.676006	108	17	13	795.689
-0.261799	1.662363	0.915448	120	16	17	795.527
2.094395	0.297065	2.160177	108	11	122	795.261
-2.617994	1.869911	2.701025	10	105	9	795.252
2.617994	2.073035	2.027405	1	105	9	795.230
2.356194	1.134796	2.434290	110	12	0	795.221
-0.785398	0.850607	-1.335383	13	114	126	794.899
1.047198	1.417623	-0.202254	108	118	116	794.831
-3.141593	2.704512	1.488683	8	112	18	794.770
2.879793	1.766067	2.153843	108	4	125	794.650
-2.094395	2.587733	0.232235	126	104	17	794.580
-1.570796	1.218453	2.777284	12	109	3	794.578
-2.879793	2.343981	-1.040456	9	116	21	794.426
-1.832596	0.571433	-1.188419	2	106	115	794.396
1.308997	0.910508	1.903534	123	119	105	794.369
-0.785398	1.510910	-0.740472	113	15	4	794.216
-2.617994	0.640596	-2.797608	112	8	119	794.104
-0.523599	1.809167	1.213774	117	21	4	793.908
-2.617994	2.295480	1.008277	127	113	115	793.803
1.570796	1.732874	-0.951685	8	110	2	793.688
-1.047198	1.977582	0.969896	117	11	18	793.584
-0.523599	1.658653	-2.409879	2	122	112	793.510
-0.785398	1.909857	-0.381669	24	112	9	793.440
0.785398	2.478122	2.609777	113	121	119	793.371
-1.308997	1.872854	1.543456	119	15	2	793.256
1.832596	1.488617	1.159546	102	11	9	793.215
-1.047198	1.214854	-1.966664	8	115	109	793.194
2.094395	0.906588	1.252948	108	109	120	793.069
1.570796	1.683268	0.374177	0	126	17	793.058
-0.785398	1.606104	-0.451151	114	16	123	793.042
2.879793	2.478122	2.609777	127	106	14	792.825
-0.785398	0.906588	1.252948	125	117	112	792.775
0.523599	1.554776	0.100351	110	21	8	792.747
-2.094395	0.379747	-1.713059	2	116	105	792.565
-1.570796	1.599406	1.426070	12	116	112	792.505
2.617994	1.214854	-1.966664	7	110	9	792.462
-1.308997	1.617114	-1.572037	121	13	113	792.146
-2.879793	1.504028	0.636812	2	127	108	792.114
-1.308997	1.732874	-0.951685	23	107	126	792.049
-0.785398	0.899350	-2.069907	7	114	120	792.024
1.832596	1.824694	1.850876	117	107	2	791.855
-1.832596	2.587733	0.232235	2	102	17	791.685
2.879793	1.325504	-1.671296	110	7	124	791.543
1.570796	1.909857	-0.381669	114	110	125	791.519
-1.047198	2.033014	2.977192	21	20	119	791.400
-3.141593	0.591903	2.010408	18	98	126	791.119
0.785398	1.824694	1.850876	126	113	0	790.971
2.617994	2.295480	1.008277	4	110	16	790.463
-0.261799	0.733948	3.021411	123	126	104	790.044
0.000000	1.875281	0.107086	122	9	111	790.001
-0.785398	1.256302	0.062705	118	14	112	790.001
2.094395	2.455966	-0.641220	14	108	7	789.968
2.356194	1.325504	-1.671296	107	7	111	789.956
0.523599	1.450119	-2.739050	101	14	127	789.930
-1.570796	2.592629	0.909713	113	10	17	789.887
-2.879793	0.960688	-0.577532	11	103	119	789.852
1.832596	1.335669	0.897240	5	3	108	789.482
1.047198	2.115563	0.685730	8	121	19	789.400
-2.094395	1.128190	-2.288622	6	115	108	789.360
0.785398	1.683268	0.374177	118	9	109	789.038
2.094395	0.733948	3.021411	23	119	108	788.995
-3.141593	1.617114	-1.572037	5	102	127	788.713
-0.785398	1.554776	0.100351	118	12	114	788.646
-2.356194	2.664082	-1.071402	11	113	19	788.596
2.094395	2.478122	2.609777	9	105	122	788.490
1.832596	2.704512	1.488683	9	112	16	788.390
0.261799	1.824694	1.850876	108	19	4	788.163
-3.141593	1.256302	0.062705	28	125	115	788.137
1.570796	2.343981	-1.040456	124	111	13	787.857
0.523599	1.510910	-0.740472	106	18	126	787.810
0.785398	1.836682	-0.676006	107	20	2	787.723
-1.308997	1.242974	-2.977882	123	9	105	787.712
-1.308997	0.866955	-0.931351	10	111	0	787.629
-0.261799	1.510910	-0.740472	115	23	125	787.254
2.094395	2.108018	1.311430	0	109	13	787.094
-3.141593	1.545873	-1.877082	6	101	127	787.047
0.000000	2.115563	0.685730	2	11	111	786.835
-1.308997	1.662363	0.915448	0	0	109	786.744
0.523599	1.391910	3.030322	106	18	3	786.680
1.047198	1.696674	-1.253233	106	19	2	786.662
-1.308997	2.343981	-1.040456	13	121	20	786.634
0.785398	1.998705	2.370472	114	19	14	786.586
1.047198	1.134796	2.434290	108	110	119	786.558
0.261799	1.599406	1.426070	111	20	7	786.437
2.617994	2.115563	0.685730	127	118	111	786.314
2.094395	1.310100	1.488307	121	106	0	786.301
1.308997	1.554776	0.100351	119	119	112	786.167
-0.785398	1.448123	-2.163292	15	114	5	786.055
2.094395	2.587733	0.232235	115	116	118	785.853
-2.094395	0.458961	-0.107937	112	8	112	785.819
-2.879793	1.721184	-0.153948	13	104	9	785.620
1.047198	1.809167	1.213774	1	9	110	785.562
-1.308997	2.174483	2.653697	23	20	125	785.393
2.356194	2.664082	-1.071402	118	109	122	785.380
1.308997	2.073035	2.027405	126	110	125	785.310
-0.261799	0.762244	-0.273349	0	118	107	785.074
-3.141593	1.113094	-0.272241	126	103	118	785.055
2.356194	1.413347	-1.339188	104	11	118	784.836
-2.356194	1.417623	-0.202254	29	9	120	784.682
1.570796	1.413347	-1.339188	100	9	0	784.635
-1.308997	1.766067	2.153843	20	111	126	784.534
-2.356194	0.906588	1.252948	6	103	122	784.379
0.000000	1.510910	-0.740472	111	21	125	784.245
-1.308997	0.700570	1.559208	6	115	108	784.132
1.832596	1.812176	0.656819	2	123	20	784.114
1.308997	1.488617	1.159546	18	4	113	784.038
2.356194	0.203748	0.590255	119	109	119	783.444
2.094395	1.214854	-1.966664	107	5	112	783.439
2.879793	2.407836	1.410646	7	110	16	783.406
2.879793	0.961715	0.014085	29	124	115	783.159
-2.879793	1.301460	-0.509251	1	101	126	783.127
-3.141593	1.510910	-0.740472	6	101	1	782.779
-0.523599	0.992645	-1.723759	11	115	122	782.496
0.261799	1.218453	2.777284	117	123	110	782.272
-1.308997	1.433411	-1.035986	19	106	122	782.248
2.879793	1.506530	1.988858	109	6	124	782.073
0.785398	2.153910	-1.714959	114	18	18	782.008
-1.047198	0.866395	-2.492918	126	122	105	781.971
0.000000	1.658653	-2.409879	109	21	127	781.717
-1.570796	1.569311	-3.003978	20	116	11	781.540
-2.879793	1.194549	-0.801900	10	102	122	781.047
2.094395	2.719179	-1.780644	106	10	4	780.888
-1.047198	2.063651	-2.044600	0	120	117	780.846
2.356194	1.168678	2.108595	115	16	117	780.824
1.832596	2.180315	-1.357379	110	12	13	780.703
0.261799	1.812176	0.656819	114	19	14	780.687
-3.141593	1.218453	2.777284	5	104	116	780.653
-1.047198	2.041297	-2.664597	122	1	114	780.635
-2.094395	2.041297	-2.664597	8	121	110	780.464
0.261799	1.367556	0.358405	119	125	109	780.153
1.832596	2.592629	0.909713	10	124	24	780.087
-1.308997	0.379747	-1.713059	0	108	114	779.959
2.879793	2.108018	1.311430	18	8	2	779.837
-1.308997	1.836682	-0.676006	21	105	3	779.806
-1.570796	0.619654	-2.216909	2	117	105	779.693
-0.785398	0.370812	-2.547742	120	114	111	779.639
-0.785398	1.214854	-1.966664	6	115	120	779.512
0.785398	1.504028	0.636812	111	22	123	779.316
2.094395	0.899350	-2.069907	105	6	113	779.213
0.523599	1.904882	-1.478089	111	19	12	779.109
-1.308997	2.089241	-0.114193	27	17	127	779.100
0.000000	1.662363	0.915448	116	19	14	779.078
-1.832596	1.554776	0.100351	15	10	112	779.034
-3.141593	1.909857	-0.381669	29	124	121	778.616
1.047198	1.440580	2.260026	118	115	118	778.558
-0.261799	2.637879	2.121598	113	17	12	778.477
-2.879793	1.433411	-1.035986	111	110	104	778.407
-0.523599	1.998705	2.370472	106	16	127	778.369
2.879793	0.709924	0.218797	29	126	113	778.189
2.356194	2.153910	-1.714959	107	8	5	778.169
-1.047198	2.343981	-1.040456	26	112	6	778.143
-1.047198	1.433411	-1.035986	15	114	3	778.074
-0.523599	1.741644	-2.695914	121	126	112	778.003
1.047198	1.488617	1.159546	1	116	6	777.997
-1.047198	1.756530	-2.105156	123	122	114	777.887
0.000000	0.831641	0.616218	108	16	118	777.862
-0.523599	1.756530	-2.105156	4	120	117	777.836
2.617994	1.413430	2.550734	4	104	117	777.668
2.617994	0.831641	0.616218	122	105	5	777.666
2.356194	1.045978	0.343692	21	120	109	777.539
-1.308997	1.440580	2.260026	15	110	120	777.463
0.523599	2.041297	-2.664597	108	18	11	777.402
-2.094395	1.413347	-1.339188	13	105	122	777.346
-1.832596	0.290380	-0.796960	109	10	116	777.269
1.308997	2.588535	-2.976617	3	112	17	777.074
0.785398	1.134796	2.434290	101	115	120	777.046
-0.785398	1.433411	-1.035986	116	16	9	776.701
2.617994	1.168678	2.108595	107	6	0	776.591
-1.570796	1.025536	1.576859	8	116	108	776.365
-1.047198	2.138223	1.678323	12	113	12	776.330
-3.141593	1.948085	-2.363031	10	99	121	776.293
-1.047198	1.135834	-1.431087	12	113	125	776.229
-2.094395	1.214854	-1.966664	6	112	110	776.177
2.094395	1.766067	2.153843	121	105	125	775.916
2.879793	1.504028	0.636812	3	125	108	775.886
-2.879793	2.592629	0.909713	3	108	123	775.464
2.094395	2.073035	2.027405	122	105	3	775.207
-2.879793	2.063651	-2.044600	10	103	7	775.193
0.523599	1.812176	0.656819	115	25	0	775.083
1.047198	1.555207	1.708892	0	112	0	775.059
0.523599	0.961715	0.014085	114	120	111	774.704
0.000000	2.247462	0.191623	114	127	116	774.639
-1.570796	1.870545	-2.976234	20	117	15	774.592
2.094395	1.977582	0.969896	4	115	19	774.588
-2.356194	1.440580	2.260026	119	107	123	774.491
-1.047198	1.242974	-2.977882	120	9	105	774.487
-1.047198	1.391910	3.030322	121	13	109	774.413
-1.047198	2.478122	2.609777	10	110	4	774.293
-1.047198	1.050534	3.042579	121	4	106	774.260
-2.094395	1.732874	-0.951685	10	100	126	774.209
1.832596	1.766067	2.153843	105	12	0	774.091
2.879793	1.440580	2.260026	107	5	126	773.956
0.261799	1.135813	-2.658866	104	15	119	773.722
-1.308997	1.809167	1.213774	4	125	110	773.710
0.523599	1.846342	-1.796954	111	21	7	773.521
-0.261799	2.407836	1.410646	120	22	15	773.447
2.094395	1.247695	1.809890	107	5	111	773.445
-1.308997	1.909857	-0.381669	26	18	0	773.398
-2.879793	2.164094	-2.991358	2	111	114	773.337
0.523599	1.836682	-0.676006	110	22	3	773.302
2.879793	2.664082	-1.071402	125	101	123	773.188
1.047198	1.325504	-1.671296	117	113	115	773.063
-3.141593	1.606104	-0.451151	9	101	126	772.910
-3.141593	0.619654	-2.216909	127	104	1	772.904
0.261799	2.115563	0.685730	127	116	8	772.846
0.523599	1.325504	-1.671296	109	21	125	772.788
-1.570796	1.214854	-1.966664	115	14	123	772.727
2.356194	0.831641	0.616218	25	123	109	772.683
-3.141593	1.214854	-1.966664	5	107	109	772.590
0.000000	2.396274	-1.959260	108	24	123	772.454
0.523599	1.045978	0.343692	110	20	1	772.334
1.308997	1.875281	0.107086	121	118	115	772.131
0.000000	0.419640	2.974122	1	113	113	772.127
-0.261799	1.367556	0.358405	127	2	107	772.087
2.356194	1.135834	-1.431087	107	12	115	772.082
0.261799	1.413347	-1.339188	107	18	3	771.920
-0.785398	2.704512	1.488683	115	17	8	771.895
-1.570796	1.606104	-0.451151	19	102	5	771.794
-1.308997	2.456751	-1.503343	119	17	6	771.781
2.094395	0.571433	-1.188419	11	107	118	771.771
1.570796	1.554776	0.100351	121	114	114	771.744
-3.141593	0.864993	2.278281	22	101	1	771.734
1.047198	1.904882	-1.478089	110	121	112	771.598
0.523599	1.310100	1.488307	2	119	6	771.473
2.879793	1.134796	2.434290	4	104	115	771.120
0.523599	2.089241	-0.114193	114	23	8	770.960
2.356194	1.184361	0.625864	1	102	120	770.938
-0.523599	1.050534	3.042579	116	7	106	770.880
-1.832596	2.637879	2.121598	4	108	6	770.832
-2.356194	2.063651	-2.044600	17	105	0	770.520
-1.047198	2.295480	1.008277	116	5	25	770.511
0.523599	0.866955	-0.931351	123	119	107	770.121
-2.094395	0.615174	-0.666022	12	17	118	770.098
-1.570796	1.391910	3.030322	21	114	8	770.071
2.617994	1.184361	0.625864	12	102	120	769.903
1.308997	1.310100	1.488307	5	10	108	769.810
-0.261799	1.569311	-3.003978	100	20	127	769.746
-2.879793	1.699788	2.452890	19	8	121	769.664
-3.141593	2.455966	-0.641220	122	103	122	769.598
-0.261799	1.194549	-0.801900	114	21	120	769.597
1.832596	1.683268	0.374177	119	113	112	769.505
-0.785398	2.343981	-1.040456	0	117	121	769.473
-2.094395	2.089241	-0.114193	30	8	123	769.237
-0.261799	1.025536	1.576859	114	20	121	768.878
2.094395	1.545873	-1.877082	106	11	6	768.744
2.094395	1.413347	-1.339188	104	10	122	768.546
1.047198	1.113094	-0.272241	108	116	116	768.408
-1.832596	1.510910	-0.740472	17	104	1	768.324
2.879793	2.343981	-1.040456	124	103	117	768.209
-3.141593	0.203748	0.590255	110	12	115	768.187
-0.261799	2.588535	-2.976617	11	112	9	768.072
-2.094395	1.433411	-1.035986	13	104	125	767.797
2.356194	1.574060	2.783565	125	109	112	767.707
2.094395	0.700570	1.559208	105	10	126	767.656
2.094395	1.875281	0.107086	122	110	116	767.641
0.785398	1.696674	-1.253233	105	16	7	767.417
-3.141593	0.496451	0.593859	109	7	113	767.401
-1.308997	1.555207	1.708892	14	115	114	767.327
1.832596	1.574060	2.783565	109	15	7	767.047
1.570796	1.948085	-2.363031	104	13	127	766.997
1.047198	0.297065	2.160177	113	19	125	766.992
-0.785398	2.863997	0.549740	23	13	124	766.752
1.047198	1.732874	-0.951685	5	112	0	766.741
1.308997	2.579248	-2.364801	110	13	18	766.669
-0.261799	2.115563	0.685730	13	4	110	766.484
1.308997	1.025536	1.576859	101	114	12	766.316
0.000000	1.367556	0.358405	117	127	109	766.315
-1.832596	1.325504	-1.671296	10	108	115	766.277
-0.523599	1.870545	-2.976234	102	22	6	766.251
0.000000	1.413347	-1.339188	111	20	3	766.229
-2.879793	0.685216	-1.712745	126	112	107	766.086
-1.832596	1.374601	-2.456031	5	104	125	765.982
0.261799	2.396274	-1.959260	118	122	118	765.908
0.523599	1.909857	-0.381669	110	20	11	765.865
1.832596	1.301460	-0.509251	123	108	118	765.650
2.094395	2.033014	2.977192	119	119	113	765.485
2.094395	1.736875	3.023612	108	10	11	765.426
-2.094395	1.135813	-2.658866	4	120	106	765.325
2.879793	0.864993	2.278281	17	98	1	765.319
2.094395	1.135813	-2.658866	14	101	111	765.061
-1.832596	2.724429	-0.348782	25	12	126	765.012
1.047198	1.846342	-1.796954	4	115	9	764.940
-3.141593	0.370812	-2.547742	119	106	124	764.906
-1.047198	0.640596	-2.797608	4	121	103	764.899
0.523599	1.732874	-0.951685	106	17	7	764.889
-3.141593	1.488617	1.159546	9	101	127	764.857
1.832596	2.089241	-0.114193	118	109	122	764.794
1.047198	0.866395	-2.492918	7	8	105	764.742
2.094395	2.089241	-0.114193	116	106	126	764.696
1.047198	0.733948	3.021411	119	23	124	764.648
2.617994	1.335669	0.897240	0	103	3	764.613
1.570796	1.599406	1.426070	17	6	114	764.544
-0.523599	1.982574	-1.115518	25	117	123	764.398
0.523599	2.063651	-2.044600	111	19	13	764.234
-2.879793	0.591903	2.010408	23	101	125	764.172
0.000000	1.683268	0.374177	119	3	110	763.987
1.047198	1.050534	3.042579	116	3	105	763.938
-1.570796	2.456751	-1.503343	8	108	5	763.891
2.617994	1.836682	-0.676006	2	103	3	763.881
-2.094395	1.417623	-0.202254	22	12	117	763.834
2.879793	1.045978	0.343692	28	123	112	763.754
1.570796	2.579248	-2.364801	106	11	8	763.719
-2.094395	2.393226	1.857173	122	109	127	763.680
0.785398	1.732874	-0.951685	107	20	121	763.649
2.094395	0.591903	2.010408	120	19	118	763.633
-2.617994	0.992645	-1.723759	2	109	111	763.371
1.832596	0.906588	1.252948	126	109	114	763.182
0.000000	2.407836	1.410646	113	9	22	763.143
2.617994	2.104282	-0.813972	118	111	113	763.013
2.879793	1.909857	-0.381669	5	102	3	762.986
-2.879793	1.545873	-1.877082	10	101	127	762.902
2.356194	1.721184	-0.153948	124	104	122	762.707
-2.094395	1.948085	-2.363031	6	118	108	762.700
2.617994	1.374601	-2.456031	102	5	126	762.691
2.094395	2.637879	2.121598	8	106	8	762.682
-0.785398	2.041297	-2.664597	125	0	114	762.680
-0.785398	2.164094	-2.991358	121	4	114	762.614
0.523599	2.356369	3.005869	112	20	13	762.416
-3.141593	1.413347	-1.339188	112	6	126	762.411
2.617994	1.242974	-2.977882	125	117	105	762.409
-1.047198	1.310100	1.488307	3	119	109	762.406
-1.832596	2.089241	-0.114193	29	10	123	762.404
2.094395	0.685216	-1.712745	108	11	6	762.357
0.785398	2.455966	-0.641220	119	27	11	762.221
-2.356194	1.134497	-1.109631	2	104	118	762.166
1.308997	2.592629	0.909713	9	116	18	762.085
-2.617994	1.948085	-2.363031	119	104	6	761.820
-1.832596	1.606104	-0.451151	14	100	5	761.755
1.047198	2.456751	-1.503343	115	14	21	761.747
-2.617994	2.592629	0.909713	127	113	117	761.743
-3.141593	1.367556	0.358405	127	102	120	761.418
-1.308997	1.014500	0.906702	123	2	105	761.355
-2.094395	1.256302	0.062705	15	6	109	761.339
2.356194	1.050534	3.042579	26	125	113	761.302
-3.141593	2.379497	0.561089	127	112	116	761.297
2.617994	2.455966	-0.641220	5	106	11	761.176
2.879793	2.295480	1.008277	6	109	16	761.173
-3.141593	1.683268	0.374177	127	102	124	761.014
-2.617994	2.108018	1.311430	124	112	114	760.947
-1.308997	1.310100	1.488307	3	119	109	760.898
2.094395	2.041297	-2.664597	9	96	120	760.820
-0.785398	1.413347	-1.339188	118	16	11	760.726
-2.094395	1.662363	0.915448	3	126	109	760.598
-1.308997	1.050534	3.042579	124	5	107	760.554
0.785398	0.910508	1.903534	103	17	15	760.458
2.879793	1.904882	-1.478089	114	7	16	760.399
-1.570796	0.591903	2.010408	127	110	115	760.381
0.000000	1.721184	-0.153948	2	122	14	760.370
2.094395	1.870545	-2.976234	117	123	110	760.248
1.047198	1.982574	-1.115518	112	17	15	760.217
-2.094395	1.766067	2.153843	16	104	124	760.137
0.523599	2.001437	0.381215	112	23	7	759.947
1.308997	0.866955	-0.931351	107	16	123	759.645
2.617994	1.696674	-1.253233	108	7	3	759.545
-3.141593	1.982574	-1.115518	3	102	7	759.406
-2.356194	1.214854	-1.966664	5	110	111	759.315
-0.785398	1.574060	2.783565	115	19	115	759.241
1.308997	0.379747	-1.713059	8	108	114	759.215
-2.094395	0.910508	1.903534	6	109	112	759.142
-2.617994	2.251330	-2.330739	14	104	8	759.055
-2.617994	2.343981	-1.040456	10	117	21	758.963
1.832596	1.506530	1.988858	121	103	4	758.838
1.570796	0.866955	-0.931351	126	109	1	758.810
1.047198	0.831641	0.616218	4	2	11	758.717
-2.879793	0.080730	-2.622036	7	109	0	758.667
-2.094395	1.194549	-0.801900	15	108	4	758.454
1.570796	2.863997	0.549740	122	23	15	758.255
-0.785398	2.349581	-2.702517	111	27	3	758.247
2.879793	0.674054	1.013609	107	6	116	758.246
-2.356194	0.850607	-1.335383	127	107	113	758.211
2.356194	1.014500	0.906702	11	106	126	758.140
-1.832596	1.870545	-2.976234	5	8	109	758.133
-1.832596	1.545873	-1.877082	6	107	8	758.106
-1.308997	1.870545	-2.976234	6	3	110	758.100
-2.617994	2.089241	-0.114193	114	3	18	757.956
2.617994	2.664082	-1.071402	8	116	20	757.944
-2.094395	1.440580	2.260026	123	107	123	757.942
0.523599	2.187132	-0.479875	110	15	18	757.853
0.785398	1.417623	-0.202254	112	24	2	757.803
-0.261799	1.310100	1.488307	113	21	4	757.796
-2.879793	2.637879	2.121598	10	114	18	757.767
-1.047198	0.370812	-2.547742	124	117	106	757.713
1.047198	2.108018	1.311430	1	112	5	757.633
-1.570796	1.824694	1.850876	8	111	121	757.616
1.308997	1.812176	0.656819	109	20	9	757.590
-2.356194	1.301460	-0.509251	11	106	7	757.323
0.000000	2.404280	-0.174044	106	13	4	757.190
1.308997	2.393226	1.857173	124	111	126	757.178
-0.261799	1.448123	-2.163292	108	18	120	757.133
2.617994	2.587733	0.232235	0	105	1	757.092
2.617994	2.343981	-1.040456	108	9	9	756.989
0.261799	2.587733	0.232235	17	113	6	756.975
1.308997	2.379497	0.561089	10	122	20	756.953
2.356194	1.413430	2.550734	105	7	4	756.914
0.261799	1.050534	3.042579	101	15	0	756.898
2.879793	1.736875	3.023612	1	109	113	756.792
1.570796	2.138223	1.678323	3	110	1	756.724
2.356194	1.135813	-2.658866	19	102	118	756.707
0.785398	0.080730	-2.622036	116	18	123	756.605
-2.094395	1.168678	2.108595	8	107	117	756.393
-0.523599	0.418037	1.360082	8	111	125	756.326
-1.047198	1.812176	0.656819	2	1	110	756.281
0.261799	0.458961	-0.107937	111	18	123	756.260
0.261799	1.301460	-0.509251	108	17	119	756.121
0.000000	1.134796	2.434290	100	18	13	756.057
0.785398	1.113094	-0.272241	116	117	114	756.025
-0.261799	1.135813	-2.658866	101	15	124	755.812
1.832596	1.134796	2.434290	118	20	121	755.738
0.261799	1.909857	-0.381669	119	25	7	755.692
0.523599	2.719179	-1.780644	12	111	0	755.496
2.879793	2.104282	-0.813972	121	106	114	755.471
2.094395	0.850607	-1.335383	108	14	117	755.467
-2.356194	2.379497	0.561089	109	106	8	755.424
-0.785398	2.592629	0.909713	28	10	125	755.383
0.523599	1.335669	0.897240	3	121	7	755.211
0.785398	1.741644	-2.695914	106	18	7	755.166
-0.785398	1.506530	1.988858	117	17	120	755.150
0.785398	1.214854	-1.966664	107	19	124	755.087
-2.879793	0.864993	2.278281	33	127	116	755.032
1.570796	0.591903	2.010408	1	20	115	754.977
2.356194	1.812176	0.656819	4	116	17	754.921
1.570796	2.664082	-1.071402	13	110	10	754.891
-2.879793	0.866395	-2.492918	124	16	121	754.867
1.308997	2.979456	-1.009304	126	108	7	754.771
-2.879793	2.396274	-1.959260	9	106	13	754.595
-2.617994	1.812176	0.656819	4	102	7	754.471
1.570796	1.014500	0.906702	18	3	110	754.459
-3.141593	0.866395	-2.492918	12	115	9	754.324
-1.570796	2.343981	-1.040456	14	120	20	754.306
-2.879793	1.662363	0.915448	124	117	109	754.298
2.356194	0.418037	1.360082	106	10	123	754.296
0.785398	1.904882	-1.478089	108	17	12	754.275
1.308997	1.836682	-0.676006	106	13	13	754.142
-1.570796	0.571433	-1.188419	17	17	122	753.953
-1.047198	1.325504	-1.671296	116	13	113	753.610
-1.047198	2.664082	-1.071402	115	16	6	753.607
0.261799	2.001437	0.381215	122	11	112	753.503
0.785398	1.247695	1.809890	4	115	6	753.479
-2.617994	1.433411	-1.035986	15	103	124	753.436
2.356194	1.374601	-2.456031	110	0	110	753.406
-1.570796	2.153910	-1.714959	117	10	14	753.402
-0.523599	1.545873	-1.877082	5	118	117	753.360
2.356194	1.195355	1.200319	7	104	120	753.293
2.879793	2.719179	-1.780644	0	96	6	753.145
-0.261799	2.164094	-2.991358	12	115	9	753.143
2.879793	2.455966	-0.641220	118	108	118	753.109
-3.141593	1.247695	1.809890	111	7	124	753.031
-1.047198	1.732874	-0.951685	115	14	0	752.929
-1.832596	2.592629	0.909713	114	13	16	752.801
1.308997	2.404280	-0.174044	114	25	16	752.790
-1.832596	1.195355	1.200319	2	122	106	752.766
1.570796	1.168678	2.108595	122	21	119	752.719
2.356194	1.504028	0.636812	3	105	4	752.289
1.832596	2.001437	0.381215	4	127	20	752.226
2.356194	1.836682	-0.676006	126	104	3	752.217
1.832596	2.719179	-1.780644	6	122	22	752.065
-2.879793	2.295480	1.008277	0	110	117	751.965
-1.832596	2.187132	-0.479875	25	16	2	751.896
2.879793	1.168678	2.108595	127	104	118	751.846
-0.523599	1.662363	0.915448	0	126	111	751.831
-0.261799	1.909857	-0.381669	1	118	11	751.824
0.000000	2.138223	1.678323	115	20	13	751.801
-0.261799	1.247695	1.809890	113	18	119	751.769
0.261799	2.153910	-1.714959	119	122	118	751.738
0.785398	2.174483	2.653697	1	121	115	751.737
1.308997	0.960688	-0.577532	4	111	115	751.686
1.047198	2.001437	0.381215	8	126	19	751.683
2.356194	1.555207	1.708892	108	5	117	751.512
1.570796	0.914445	2.687814	115	20	123	751.227
1.047198	1.599406	1.426070	8	14	112	751.136
-2.879793	2.104282	-0.813972	5	104	10	751.008
0.000000	1.310100	1.488307	112	21	126	750.905
0.785398	1.335669	0.897240	5	121	8	750.777
-0.261799	0.960688	-0.577532	113	17	114	750.753
-1.047198	1.045978	0.343692	124	8	106	750.611
-2.356194	2.174483	2.653697	11	107	12	750.575
-1.047198	1.367556	0.358405	121	12	111	750.538
-2.094395	1.870545	-2.976234	8	126	109	750.537
2.356194	1.242974	-2.977882	123	117	105	750.532
0.000000	0.709924	0.218797	112	19	125	750.188
0.523599	1.766067	2.153843	110	116	127	750.172
0.785398	2.456751	-1.503343	118	15	22	750.034
2.356194	2.979456	-1.009304	115	109	127	749.830
2.094395	1.872854	1.543456	8	107	7	749.733
1.308997	1.510910	-0.740472	105	114	0	749.714
-0.261799	0.496451	0.593859	112	17	121	749.641
-1.308997	1.683268	0.374177	17	14	112	749.630
-0.261799	2.984978	1.954446	111	14	6	749.523
-2.879793	1.606104	-0.451151	2	102	4	749.307
1.047198	2.063651	-2.044600	123	113	117	749.260
1.570796	1.809167	1.213774	14	5	113	749.191
1.832596	0.850607	-1.335383	102	8	122	749.101
2.356194	0.864993	2.278281	108	9	2	749.082
0.000000	1.195355	1.200319	111	20	125	749.058
2.356194	2.349581	-2.702517	4	95	2	748.930
-0.785398	1.545873	-1.877082	112	15	116	748.746
-0.261799	1.433411	-1.035986	115	23	0	748.627
0.261799	0.290380	-0.796960	8	20	114	748.449
-0.261799	1.756530	-2.105156	109	20	114	748.433
0.261799	1.574060	2.783565	102	16	12	748.424
-1.832596	1.218453	2.777284	12	107	127	748.411
-1.047198	1.599406	1.426070	8	116	117	748.108
-0.523599	2.343981	-1.040456	25	116	125	747.955
-0.785398	1.374601	-2.456031	2	119	113	747.789
1.832596	1.391910	3.030322	108	12	9	747.305
-2.356194	1.599406	1.426070	14	113	25	747.214
-0.261799	1.683268	0.374177	117	3	111	747.150
-0.523599	1.325504	-1.671296	6	115	117	747.145
0.785398	2.089241	-0.114193	110	21	7	747.131
-0.261799	0.674054	1.013609	124	27	2	746.890
-0.261799	1.870545	-2.976234	112	19	14	746.740
0.785398	1.374601	-2.456031	1	15	109	746.658
0.785398	1.870545	-2.976234	107	20	4	746.637
2.617994	2.089241	-0.114193	124	103	2	746.527
0.785398	1.574060	2.783565	106	18	7	746.520
1.570796	2.247462	0.191623	115	26	15	746.410
-2.356194	2.247462	0.191623	15	5	114	746.336
-0.261799	2.295480	1.008277	16	6	113	746.312
-1.570796	2.247462	0.191623	13	126	22	746.204
2.356194	0.379747	-1.713059	106	8	122	745.958
-2.094395	1.977582	0.969896	6	123	110	745.950
-0.523599	1.113094	-0.272241	115	16	114	745.812
-2.879793	1.982574	-1.115518	8	104	7	745.730
-2.879793	2.579248	-2.364801	15	116	20	745.366
-2.879793	1.766067	2.153843	6	102	5	745.303
1.570796	0.864993	2.278281	123	21	122	745.111
-1.308997	2.587733	0.232235	25	12	123	745.009
-0.785398	1.555207	1.708892	116	16	126	744.990
-2.879793	2.138223	1.678323	19	9	127	744.979
-2.094395	1.367556	0.358405	12	6	108	744.970
1.832596	2.033014	2.977192	117	121	112	744.916
-0.785398	0.700570	1.559208	9	112	117	744.763
0.785398	1.050534	3.042579	118	5	105	744.741
2.617994	1.658653	-2.409879	13	100	114	744.699
-1.308997	2.637879	2.121598	1	114	120	744.668
-1.047198	1.555207	1.708892	117	16	127	744.655
-2.094395	0.866955	-0.931351	4	103	118	744.623
-0.523599	0.297065	2.160177	101	3	120	744.603
-1.308997	1.982574	-1.115518	23	107	126	744.188
0.261799	0.866955	-0.931351	5	25	118	744.045
1.047198	1.506530	1.988858	107	14	16	744.001
-1.570796	0.864993	2.278281	5	109	117	743.967
0.261799	1.014500	0.906702	113	23	126	743.776
-0.785398	1.218453	2.777284	28	18	120	743.725
-0.785398	0.619654	-2.216909	2	112	111	743.652
-1.308997	2.295480	1.008277	116	10	20	743.622
2.094395	2.343981	-1.040456	0	108	12	743.590
0.785398	2.588535	-2.976617	112	17	16	743.412
-2.356194	1.699788	2.452890	32	3	118	743.372
-2.617994	1.662363	0.915448	127	118	109	743.161
-2.356194	2.343981	-1.040456	11	106	11	743.067
-1.570796	1.998705	2.370472	7	109	2	743.061
-2.617994	1.310100	1.488307	123	109	111	742.956
-1.308997	2.704512	1.488683	5	108	9	742.898
-2.094395	1.555207	1.708892	2	108	116	742.839
-0.523599	0.709924	0.218797	12	23	119	742.717
1.570796	1.335669	0.897240	103	18	14	742.652
1.047198	2.379497	0.561089	12	121	19	742.584
0.523599	1.218453	2.777284	99	12	7	742.562
2.879793	1.310100	1.488307	118	104	118	742.526
-1.047198	0.674054	1.013609	117	125	105	742.509
1.832596	1.982574	-1.115518	125	109	9	742.493
0.261799	2.455966	-0.641220	115	14	22	742.475
-1.832596	0.866395	-2.492918	3	121	104	742.220
2.356194	1.335669	0.897240	8	4	109	742.007
0.523599	2.073035	2.027405	118	116	126	741.925
2.094395	1.599406	1.426070	1	106	15	741.828
2.356194	1.417623	-0.202254	124	105	117	741.763
-3.141593	1.045978	0.343692	17	2	108	741.647
2.094395	2.588535	-2.976617	115	120	118	741.590
-1.570796	0.914445	2.687814	12	109	1	741.564
-2.617994	2.704512	1.488683	125	108	123	741.560
-2.617994	1.134796	2.434290	32	7	119	741.357
-3.141593	1.433411	-1.035986	0	102	126	741.285
1.570796	1.721184	-0.153948	124	109	119	741.183
-2.356194	1.836682	-0.676006	15	113	15	741.089
1.570796	2.396274	-1.959260	101	9	7	741.052
-3.141593	1.870545	-2.976234	2	100	0	740.912
-0.261799	0.709924	0.218797	5	117	108	740.857
0.261799	2.760637	2.781135	111	16	11	740.840
-1.832596	1.413347	-1.339188	18	107	126	740.701
-1.308997	1.214854	-1.966664	7	114	109	740.594
-1.570796	2.404280	-0.174044	21	16	125	740.516
2.879793	2.299159	2.264663	20	107	12	740.280
0.261799	2.295480	1.008277	12	6	112	740.141
0.785398	1.450119	-2.739050	99	12	1	740.121
-0.523599	2.863997	0.549740	2	24	3	740.094
1.832596	2.456751	-1.503343	114	109	126	740.085
-0.261799	2.153910	-1.714959	114	21	113	740.078
2.617994	1.982574	-1.115518	122	105	116	740.050
-2.879793	1.417623	-0.202254	121	104	116	739.983
2.356194	2.073035	2.027405	1	105	7	739.881
1.832596	1.836682	-0.676006	3	107	0	739.803
0.785398	1.025536	1.576859	99	17	14	739.783
-2.617994	0.850607	-1.335383	0	108	110	739.770
-0.523599	1.433411	-1.035986	115	20	3	739.513
0.523599	1.555207	1.708892	2	116	3	739.385
-1.308997	2.001437	0.381215	14	12	17	739.355
-3.141593	2.724429	-0.348782	117	108	123	739.349
-0.785398	0.960688	-0.577532	115	18	123	739.330
0.523599	2.587733	0.232235	18	119	17	739.325
0.261799	1.977582	0.969896	113	19	14	739.271
-2.094395	2.984978	1.954446	127	108	0	739.250
-1.308997	1.699788	2.452890	6	111	3	739.248
2.094395	2.456751	-1.503343	103	10	1	739.129
0.523599	1.617114	-1.572037	104	16	5	739.109
-0.785398	0.419640	2.974122	125	6	102	738.678
-1.570796	1.325504	-1.671296	13	109	114	738.484
-2.094395	2.455966	-0.641220	27	11	1	738.477
0.785398	2.863997	0.549740	19	115	15	738.465
-1.308997	0.370812	-2.547742	6	24	117	738.385
-3.141593	2.251330	-2.330739	10	108	14	738.339
2.094395	1.448123	-2.163292	108	5	113	738.315
-1.570796	2.587733	0.232235	27	10	123	738.032
1.832596	0.619654	-2.216909	4	116	99	738.022
-3.141593	2.073035	2.027405	33	127	0	737.892
2.879793	1.554776	0.100351	24	121	113	737.876
-2.094395	1.506530	1.988858	123	109	120	737.827
-1.308997	0.899350	-2.069907	3	114	109	737.696
-2.356194	1.809167	1.213774	125	114	112	737.643
0.261799	2.247462	0.191623	16	116	8	737.506
0.785398	1.325504	-1.671296	104	16	124	737.322
1.570796	2.295480	1.008277	4	114	17	736.959
0.000000	2.343981	-1.040456	117	16	20	736.921
0.000000	1.050534	3.042579	104	127	108	736.866
-2.356194	1.050534	3.042579	3	103	125	736.848
-0.785398	1.766067	2.153843	117	17	122	736.836
-1.570796	1.045978	0.343692	125	5	106	736.820
-2.879793	2.041297	-2.664597	113	105	3	736.815
2.356194	0.591903	2.010408	105	7	123	736.795
1.047198	1.247695	1.809890	1	18	111	736.771
-1.832596	1.658653	-2.409879	3	123	105	736.682
-0.523599	1.696674	-1.253233	25	117	120	736.670
1.832596	1.433411	-1.035986	106	16	127	736.588
-1.832596	1.242974	-2.977882	12	111	9	736.578
-1.832596	1.569311	-3.003978	18	113	11	736.486
-0.261799	0.831641	0.616218	119	124	106	736.412
-0.785398	0.674054	1.013609	122	115	114	736.336
1.308997	2.356369	3.005869	1	109	16	736.131
-1.570796	1.128190	-2.288622	9	116	108	735.979
-2.094395	0.929350	-2.910676	10	0	102	735.941
2.879793	1.606104	-0.451151	29	120	121	735.873
-2.879793	1.218453	2.777284	126	102	122	735.865
-2.879793	1.256302	0.062705	27	127	113	735.825
-0.523599	1.242974	-2.977882	123	0	106	735.727
-0.523599	0.850607	-1.335383	16	116	127	735.522
1.832596	2.115563	0.685730	4	120	20	735.422
-2.617994	2.455966	-0.641220	10	116	20	735.408
0.785398	2.251330	-2.330739	1	115	12	735.371
1.832596	2.637879	2.121598	6	108	126	735.361
-0.523599	0.929350	-2.910676	122	124	106	735.104
2.879793	1.836682	-0.676006	13	103	2	734.980
-1.308997	1.812176	0.656819	0	4	110	734.868
-2.617994	1.554776	0.100351	18	5	112	734.839
1.832596	1.658653	-2.409879	15	2	112	734.831
0.523599	2.138223	1.678323	127	114	2	734.782
-1.047198	1.683268	0.374177	122	12	113	734.781
2.094395	1.025536	1.576859	111	107	121	734.575
-0.523599	1.045978	0.343692	120	8	107	734.512
1.047198	2.180315	-1.357379	112	15	19	734.429
-0.523599	1.214854	-1.966664	7	116	120	734.383
-1.832596	2.719179	-1.780644	18	108	123	734.362
-0.261799	1.391910	3.030322	99	21	3	734.347
2.094395	1.555207	1.708892	5	106	123	734.212
-1.047198	2.108018	1.311430	116	14	17	734.188
0.000000	1.413430	2.550734	19	22	123	734.092
-2.094395	1.448123	-2.163292	5	104	0	734.059
-2.617994	1.683268	0.374177	4	100	3	733.945
-3.141593	1.301460	-0.509251	9	101	121	733.646
0.000000	1.599406	1.426070	114	22	6	733.607
-2.356194	1.948085	-2.363031	118	108	125	733.590
-3.141593	1.766067	2.153843	3	102	5	733.477
-2.094395	2.724429	-0.348782	28	10	127	733.421
2.094395	1.374601	-2.456031	12	100	115	733.373
-2.879793	2.881233	-2.582574	7	104	2	733.340
-0.261799	0.906588	1.252948	11	114	121	733.163
1.047198	2.979456	-1.009304	5	112	122	733.099
-2.617994	1.699788	2.452890	10	103	4	733.086
-2.879793	0.640596	-2.797608	0	17	126	733.062
2.356194	2.138223	1.678323	1	107	12	733.000
-0.523599	1.184361	0.625864	8	124	106	732.887
-0.523599	2.979456	-1.009304	111	13	1	732.847
2.094395	2.704512	1.488683	17	114	17	732.711
1.047198	1.184361	0.625864	7	0	15	732.644
1.570796	1.998705	2.370472	126	105	125	732.633
1.570796	2.349581	-2.702517	6	125	113	732.512
-0.261799	1.732874	-0.951685	25	119	125	732.509
-2.617994	1.510910	-0.740472	5	102	1	732.406
2.879793	1.870545	-2.976234	3	114	109	732.400
-1.570796	1.617114	-1.572037	122	11	14	732.336
1.832596	1.756530	-2.105156	107	9	118	732.320
1.047198	0.685216	-1.712745	9	16	108	732.275
2.094395	0.418037	1.360082	4	18	117	732.230
2.094395	2.407836	1.410646	3	110	15	732.042
1.308997	2.164094	-2.991358	125	110	13	732.017
-0.523599	1.256302	0.062705	119	14	110	731.802
-0.785398	0.418037	1.360082	117	18	1	731.742
-1.047198	2.247462	0.191623	25	18	125	731.592
-2.356194	2.407836	1.410646	126	111	118	731.562
-3.141593	1.732874	-0.951685	11	103	3	731.441
1.570796	0.910508	1.903534	125	117	106	731.433
-0.785398	1.310100	1.488307	118	19	13	731.284
1.832596	1.555207	1.708892	123	111	115	731.188
0.000000	2.089241	-0.114193	120	11	113	731.051
-2.356194	1.335669	0.897240	7	2	104	730.972
-1.047198	1.658653	-2.409879	6	125	107	730.810
1.308997	1.335669	0.897240	1	116	7	730.797
-2.356194	1.134796	2.434290	6	104	119	730.754
-0.261799	1.050534	3.042579	125	1	105	730.741
1.570796	2.979456	-1.009304	15	109	4	730.666
2.879793	1.872854	1.543456	6	104	8	730.621
-1.308997	1.824694	1.850876	4	113	121	730.475
-2.879793	0.370812	-2.547742	107	5	118	730.466
0.523599	2.724429	-0.348782	122	17	22	730.452
2.617994	0.419640	2.974122	3	102	119	730.398
1.047198	1.545873	-1.877082	103	15	3	730.363
-2.356194	2.356369	3.005869	10	3	115	730.354
-2.617994	1.574060	2.783565	23	1	112	730.292
1.832596	1.218453	2.777284	103	8	10	730.114
0.261799	2.719179	-1.780644	9	111	127	730.037
0.785398	1.606104	-0.451151	106	19	7	730.033
2.356194	1.569311	-3.003978	121	113	108	730.018
-1.308997	2.592629	0.909713	2	109	23	729.905
1.832596	2.407836	1.410646	6	111	15	729.727
2.356194	1.218453	2.777284	101	110	125	729.648
0.000000	2.299159	2.264663	114	21	10	729.559
1.570796	0.850607	-1.335383	108	14	4	729.512
0.523599	2.478122	2.609777	107	15	9	729.459
0.785398	1.168678	2.108595	104	120	118	729.366
-1.047198	1.904882	-1.478089	22	113	118	729.364
-0.261799	1.218453	2.777284	118	12	109	729.357
-3.141593	2.393226	1.857173	8	109	15	729.118
-2.356194	1.555207	1.708892	125	107	116	729.073
0.785398	0.297065	2.160177	127	113	111	729.045
1.047198	1.683268	0.374177	110	23	11	728.931
0.785398	1.872854	1.543456	123	115	3	728.856
1.047198	1.433411	-1.035986	4	113	127	728.677
1.832596	0.700570	1.559208	108	14	0	728.645
-2.617994	1.836682	-0.676006	10	103	7	728.580
-2.879793	2.404280	-0.174044	120	105	122	728.532
2.094395	0.640596	-2.797608	8	106	106	728.511
-3.141593	1.417623	-0.202254	30	123	117	728.470
-2.094395	1.218453	2.777284	8	105	127	728.270
1.047198	0.910508	1.903534	100	12	15	728.240
-2.094395	1.872854	1.543456	127	112	115	728.145
-1.047198	1.569311	-3.003978	123	12	107	728.054
1.570796	1.872854	1.543456	7	109	12	727.958
1.308997	2.089241	-0.114193	112	25	14	727.941
1.047198	2.664082	-1.071402	9	110	127	727.919
2.094395	2.164094	-2.991358	13	95	1	727.892
-2.356194	2.979456	-1.009304	23	12	127	727.762
1.570796	2.587733	0.232235	118	22	22	727.724
1.570796	1.506530	1.988858	121	111	120	727.616
0.261799	0.203748	0.590255	121	27	119	727.590
2.094395	1.506530	1.988858	125	108	118	727.549
-0.523599	1.506530	1.988858	116	17	119	727.491
1.832596	1.504028	0.636812	1	122	18	727.282
-0.523599	1.977582	0.969896	121	14	20	727.271
2.617994	2.299159	2.264663	125	105	12	727.268
-1.570796	1.194549	-0.801900	12	111	4	727.149
-3.141593	1.812176	0.656819	3	125	109	726.739
-0.523599	2.115563	0.685730	15	5	111	726.715
-2.617994	2.174483	2.653697	9	107	13	726.685
-0.523599	1.135813	-2.658866	0	118	114	726.679
2.879793	1.617114	-1.572037	109	5	126	726.586
1.308997	2.349581	-2.702517	108	17	11	726.554
-2.356194	1.325504	-1.671296	117	108	123	726.547
0.523599	1.870545	-2.976234	6	1	109	726.520
-2.617994	2.456751	-1.503343	11	108	15	726.307
0.523599	1.440580	2.260026	97	11	16	726.296
-0.523599	1.391910	3.030322	122	3	108	726.266
-1.047198	0.899350	-2.069907	15	113	3	726.261
-0.523599	0.080730	-2.622036	127	109	126	726.189
-2.094395	1.982574	-1.115518	17	106	6	726.174
-2.356194	1.870545	-2.976234	9	123	109	726.130
1.832596	1.413430	2.550734	118	103	119	726.129
1.047198	1.135834	-1.431087	1	115	5	726.024
1.570796	2.299159	2.264663	122	112	121	725.983
-3.141593	1.440580	2.260026	9	102	120	725.913
0.785398	2.247462	0.191623	117	123	115	725.862
1.832596	2.247462	0.191623	120	115	116	725.780
0.523599	1.168678	2.108595	97	14	13	725.573
-1.570796	2.104282	-0.813972	15	121	18	725.480
-1.047198	2.180315	-1.357379	22	112	120	725.451
1.047198	1.413430	2.550734	118	116	114	725.355
0.261799	0.080730	-2.622036	0	22	115	725.353
1.570796	0.618092	2.539118	119	21	119	725.292
-0.261799	0.203748	0.590255	116	112	121	725.274
-3.141593	0.762244	-0.273349	121	105	114	725.225
-0.261799	0.850607	-1.335383	112	18	126	725.070
-1.832596	1.194549	-0.801900	10	110	6	724.967
-0.785398	2.579248	-2.364801	118	28	3	724.949
-2.617994	0.080730	-2.622036	119	25	114	724.896
-1.832596	2.863997	0.549740	118	15	14	724.828
-2.617994	1.113094	-0.272241	6	106	7	724.752
0.785398	1.699788	2.452890	104	15	10	724.740
0.261799	1.195355	1.200319	111	22	127	724.549
-0.523599	0.906588	1.252948	122	23	9	724.445
0.523599	1.721184	-0.153948	110	20	11	724.430
2.617994	1.488617	1.159546	1	104	5	724.420
-0.785398	2.881233	-2.582574	114	27	10	724.355
1.832596	1.417623	-0.202254	120	110	115	724.335
0.261799	2.108018	1.311430	113	19	15	724.054
-1.832596	1.134497	-1.109631	24	14	3	723.832
-1.308997	0.640596	-2.797608	120	1	103	723.813
-1.570796	0.458961	-0.107937	120	17	115	723.732
1.832596	2.073035	2.027405	118	107	2	723.570
-2.094395	1.741644	-2.695914	6	124	107	723.509
-1.308997	0.685216	-1.712745	10	109	112	723.489
-2.617994	0.379747	-1.713059	126	116	104	723.472
1.308997	1.135834	-1.431087	2	114	5	723.414
0.785398	1.128190	-2.288622	9	5	13	723.342
2.356194	0.496451	0.593859	4	107	117	723.271
-0.785398	2.979456	-1.009304	7	114	18	723.152
-0.785398	0.571433	-1.188419	109	12	124	723.063
0.261799	1.662363	0.915448	119	22	16	723.011
2.094395	0.866395	-2.492918	7	108	104	723.002
1.308997	0.906588	1.252948	97	14	14	722.736
-2.879793	1.440580	2.260026	4	102	126	722.723
-1.570796	1.809167	1.213774	2	124	109	722.500
0.261799	1.569311	-3.003978	103	16	7	722.489
-2.617994	0.733948	3.021411	2	17	126	722.324
-0.785398	1.045978	0.343692	122	9	106	722.311
2.617994	1.367556	0.358405	21	120	110	722.190
1.570796	1.812176	0.656819	112	20	24	721.977
1.832596	1.736875	3.023612	110	13	12	721.953
2.617994	0.418037	1.360082	108	11	117	721.804
-3.141593	2.760637	2.781135	118	106	6	721.743
-2.879793	1.569311	-3.003978	16	118	106	721.704
-2.879793	1.870545	-2.976234	1	114	110	721.673
2.356194	2.984978	1.954446	5	109	10	721.579
0.523599	2.174483	2.653697	110	16	18	721.418
-0.261799	1.413347	-1.339188	117	22	6	721.404
2.879793	2.247462	0.191623	125	102	6	721.340
-2.356194	1.448123	-2.163292	7	109	113	721.315
-3.141593	0.709924	0.218797	3	104	2	721.291
0.000000	1.433411	-1.035986	110	20	0	721.260
0.523599	2.247462	0.191623	114	9	114	721.243
1.832596	1.135813	-2.658866	9	100	110	721.133
2.879793	1.812176	0.656819	121	110	20	721.125
-2.617994	2.104282	-0.813972	12	113	18	721.109
2.617994	1.662363	0.915448	0	105	8	721.029
-3.141593	2.089241	-0.114193	9	103	5	720.982
2.879793	1.699788	2.452890	8	102	122	720.982
-0.785398	0.929350	-2.910676	119	1	105	720.838
0.000000	1.741644	-2.695914	107	21	5	720.659
-1.832596	0.831641	0.616218	9	106	115	720.625
2.617994	0.910508	1.903534	116	15	116	720.557
1.832596	0.831641	0.616218	21	120	108	720.508
0.000000	0.370812	-2.547742	3	24	117	720.398
-2.094395	2.108018	1.311430	1	113	115	720.356
0.785398	1.736875	3.023612	107	19	2	720.348
0.261799	1.554776	0.100351	1	123	13	720.141
-1.308997	1.128190	-2.288622	127	124	102	720.042
0.523599	0.762244	-0.273349	3	19	9	719.982
2.617994	0.591903	2.010408	108	9	119	719.775
-2.356194	1.554776	0.100351	15	6	111	719.721
-0.523599	2.153910	-1.714959	118	22	113	719.718
-2.617994	1.135813	-2.658866	14	121	14	719.655
-2.617994	1.809167	1.213774	119	1	113	719.584
-0.523599	1.812176	0.656819	127	1	110	719.571
-3.141593	0.906588	1.252948	126	107	111	719.540
2.879793	2.187132	-0.479875	6	104	7	719.451
-1.832596	2.115563	0.685730	5	0	111	719.278
2.617994	1.113094	-0.272241	0	106	113	719.182
-2.879793	1.732874	-0.951685	5	102	3	718.928
0.785398	1.134497	-1.109631	119	121	107	718.850
-2.617994	2.404280	-0.174044	111	6	16	718.541
1.047198	1.812176	0.656819	4	124	19	718.515
0.261799	2.251330	-2.330739	118	120	120	718.480
0.000000	2.349581	-2.702517	16	115	10	718.346
1.047198	2.187132	-0.479875	110	25	4	718.293
-3.141593	1.977582	0.969896	1	111	22	718.079
-2.617994	2.138223	1.678323	18	10	127	717.926
0.000000	1.488617	1.159546	115	20	10	717.908
-0.523599	1.367556	0.358405	120	11	109	717.872
-1.570796	2.719179	-1.780644	20	109	1	717.829
2.094395	1.721184	-0.153948	119	105	122	717.802
-2.879793	1.812176	0.656819	4	125	109	717.719
-0.785398	2.174483	2.653697	12	112	3	717.680
1.832596	0.914445	2.687814	103	8	5	717.580
2.617994	1.909857	-0.381669	27	119	121	717.567
2.356194	1.247695	1.809890	103	6	3	717.496
-2.094395	2.104282	-0.813972	14	115	17	717.485
0.785398	1.506530	1.988858	126	113	124	717.336
-0.523599	1.168678	2.108595	114	15	116	717.218
2.356194	0.419640	2.974122	29	122	108	717.128
0.000000	0.914445	2.687814	97	17	6	716.974
0.523599	1.998705	2.370472	109	16	15	716.740
0.785398	2.164094	-2.991358	110	20	10	716.680
1.832596	2.138223	1.678323	2	107	13	716.594
0.785398	1.555207	1.708892	127	114	0	716.579
0.000000	1.218453	2.777284	98	18	5	716.563
-2.356194	1.247695	1.809890	126	107	114	716.547
-0.785398	1.836682	-0.676006	118	126	20	716.502
-2.356194	2.456751	-1.503343	13	108	13	716.468
0.261799	2.478122	2.609777	110	17	9	716.383
1.047198	2.407836	1.410646	126	111	2	716.332
-3.141593	2.164094	-2.991358	3	101	6	716.254
-2.094395	2.396274	-1.959260	4	106	2	716.238
0.785398	2.592629	0.909713	8	112	4	716.130
0.523599	1.504028	0.636812	110	19	8	715.965
2.094395	1.184361	0.625864	19	2	111	715.765
-2.356194	1.909857	-0.381669	15	114	16	715.728
2.094395	0.370812	-2.547742	9	105	117	715.695
-1.308997	0.850607	-1.335383	7	110	125	715.673
-1.570796	2.393226	1.857173	116	9	125	715.416
-2.356194	0.618092	2.539118	113	110	121	715.295
1.570796	0.615174	-0.666022	115	19	5	715.234
-1.308997	2.407836	1.410646	8	109	11	715.049
1.047198	0.700570	1.559208	95	13	7	714.995
-2.094395	0.290380	-0.796960	12	17	116	714.863
2.094395	1.050534	3.042579	115	119	107	714.742
2.356194	1.870545	-2.976234	125	116	109	714.647
-1.308997	2.664082	-1.071402	1	110	123	714.522
-0.523599	2.579248	-2.364801	111	27	1	714.463
-0.523599	0.496451	0.593859	101	121	121	714.443
-2.356194	2.588535	-2.976617	13	2	114	714.430
-2.356194	1.869911	2.701025	14	106	9	714.275
2.356194	1.450119	-2.739050	113	127	110	714.218
-2.356194	1.812176	0.656819	2	4	110	714.139
1.047198	2.579248	-2.364801	113	17	18	714.074
-1.047198	2.174483	2.653697	19	21	125	714.043
2.617994	2.001437	0.381215	127	105	119	713.957
0.785398	2.579248	-2.364801	109	14	18	713.857
-2.094395	2.404280	-0.174044	29	9	125	713.696
0.785398	0.831641	0.616218	6	3	12	713.576
2.356194	2.089241	-0.114193	1	103	0	713.568
-0.261799	1.450119	-2.739050	100	17	0	713.422
2.356194	1.736875	3.023612	127	107	113	713.375
0.785398	0.419640	2.974122	2	23	120	713.207
-3.141593	2.247462	0.191623	7	103	7	713.041
2.617994	2.863997	0.549740	119	108	1	712.883
-2.356194	1.846342	-1.796954	121	106	0	712.871
-1.047198	0.591903	2.010408	11	110	124	712.816
1.047198	1.909857	-0.381669	122	115	120	712.668
1.570796	2.592629	0.909713	4	114	17	712.667
0.000000	1.014500	0.906702	109	18	120	712.590
0.261799	1.948085	-2.363031	112	15	20	712.455
-1.308997	0.615174	-0.666022	114	13	127	712.145
2.094395	1.014500	0.906702	124	115	15	712.123
-0.785398	0.910508	1.903534	13	112	124	712.089
2.094395	1.218453	2.777284	107	10	6	712.021
2.617994	1.218453	2.777284	123	111	110	711.929
-3.141593	1.569311	-3.003978	0	106	114	711.771
2.356194	0.866395	-2.492918	122	107	112	711.760
-0.785398	2.033014	2.977192	17	21	119	711.722
-2.094395	1.809167	1.213774	125	117	112	711.704
1.832596	0.866955	-0.931351	8	107	120	711.671
1.832596	1.809167	1.213774	1	112	18	711.631
2.617994	0.203748	0.590255	121	106	121	711.619
2.094395	0.831641	0.616218	19	121	106	711.493
-0.785398	2.379497	0.561089	17	7	114	711.466
-0.785398	1.135813	-2.658866	126	124	106	711.459
2.617994	2.356369	3.005869	114	11	13	711.457
2.356194	1.846342	-1.796954	104	0	110	711.364
2.094395	2.063651	-2.044600	105	10	2	711.301
-2.617994	1.014500	0.906702	6	100	124	711.277
2.356194	1.025536	1.576859	104	8	125	711.273
-2.356194	0.591903	2.010408	27	127	108	711.258
-1.570796	1.242974	-2.977882	15	117	11	711.232
0.785398	2.033014	2.977192	2	124	112	711.066
-2.094395	2.138223	1.678323	4	108	122	711.060
2.617994	1.050534	3.042579	122	113	107	711.051
-3.141593	2.041297	-2.664597	8	106	13	711.039
-2.879793	0.700570	1.559208	2	102	118	711.037
0.261799	1.606104	-0.451151	109	20	123	711.025
1.570796	2.251330	-2.330739	105	12	2	711.021
2.617994	1.504028	0.636812	5	3	109	710.827
-2.356194	1.135834	-1.431087	4	105	115	710.775
-1.047198	1.872854	1.543456	117	16	1	710.675
-0.261799	1.574060	2.783565	100	20	11	710.619
0.000000	1.374601	-2.456031	109	20	123	710.441
0.261799	2.407836	1.410646	20	9	117	710.396
2.356194	2.187132	-0.479875	126	104	5	710.385
-2.879793	1.904882	-1.478089	8	103	4	710.031
-2.617994	1.756530	-2.105156	124	105	120	709.956
-0.261799	1.554776	0.100351	117	17	113	709.869
-0.785398	2.187132	-0.479875	110	14	0	709.667
-1.047198	1.824694	1.850876	119	17	125	709.657
1.047198	2.356369	3.005869	1	122	115	709.649
-3.141593	0.418037	1.360082	118	17	116	709.625
1.832596	0.290380	-0.796960	14	109	112	709.551
-1.308997	1.135813	-2.658866	126	1	103	709.549
-1.570796	2.349581	-2.702517	10	0	113	709.476
2.356194	1.872854	1.543456	0	105	9	709.439
2.617994	2.704512	1.488683	3	111	18	709.360
1.570796	1.870545	-2.976234	2	107	10	709.334
0.000000	1.756530	-2.105156	110	21	126	709.313
-0.523599	1.135834	-1.431087	14	115	123	709.182
0.523599	2.407836	1.410646	14	6	113	709.113
0.261799	1.721184	-0.153948	24	122	4	708.973
1.570796	2.164094	-2.991358	127	107	13	708.875
-2.094395	1.391910	3.030322	6	3	108	708.863
-2.879793	2.187132	-0.479875	121	100	6	708.861
2.094395	1.440580	2.260026	102	7	125	708.858
-0.523599	1.732874	-0.951685	36	8	109	708.624
0.523599	2.343981	-1.040456	114	26	1	708.573
2.094395	1.242974	-2.977882	12	97	117	708.554
0.785398	2.393226	1.857173	123	114	125	708.470
-1.047198	2.592629	0.909713	114	1	26	708.408
-1.832596	1.134796	2.434290	8	106	122	708.385
1.047198	1.168678	2.108595	102	114	123	708.313
-0.785398	1.569311	-3.003978	127	3	108	708.301
2.356194	2.407836	1.410646	1	110	16	708.230
-2.617994	1.721184	-0.153948	31	4	121	708.161
-1.832596	2.063651	-2.044600	18	111	115	708.079
1.308997	2.396274	-1.959260	122	111	119	708.040
2.879793	0.619654	-2.216909	13	115	8	707.882
-2.617994	0.910508	1.903534	36	124	120	707.872
2.094395	1.433411	-1.035986	102	12	126	707.864
1.308997	1.756530	-2.105156	1	117	14	707.781
1.047198	2.724429	-0.348782	120	24	17	707.770
2.356194	1.662363	0.915448	127	111	18	707.626
2.356194	2.379497	0.561089	115	117	115	707.570
-2.617994	1.247695	1.809890	17	110	20	707.459
-1.570796	2.089241	-0.114193	24	17	126	707.434
1.308997	1.391910	3.030322	111	6	109	707.399
-1.570796	2.863997	0.549740	127	104	17	707.277
-2.879793	0.615174	-0.666022	0	108	110	707.134
0.523599	2.299159	2.264663	111	16	18	707.123
1.832596	1.014500	0.906702	20	4	112	707.120
0.000000	2.984978	1.954446	126	104	16	707.095
2.879793	1.488617	1.159546	121	126	107	707.037
-3.141593	1.599406	1.426070	14	102	120	706.982
2.094395	0.080730	-2.622036	6	106	116	706.852
1.308997	2.456751	-1.503343	113	12	21	706.827
1.047198	2.760637	2.781135	114	121	119	706.773
0.523599	1.741644	-2.695914	111	21	9	706.761
2.617994	2.138223	1.678323	14	108	11	706.701
2.617994	2.592629	0.909713	6	114	19	706.636
-2.617994	2.187132	-0.479875	13	113	18	706.567
-1.832596	0.914445	2.687814	11	107	123	706.526
-0.785398	1.025536	1.576859	6	113	118	706.471
0.785398	2.115563	0.685730	108	17	11	706.454
2.356194	1.809167	1.213774	8	103	125	706.446
2.094395	1.504028	0.636812	2	114	107	706.387
2.879793	0.685216	-1.712745	120	111	108	706.385
1.047198	2.247462	0.191623	111	20	12	706.344
1.570796	2.393226	1.857173	2	106	10	706.330
-0.523599	1.134796	2.434290	25	19	120	706.292
-2.356194	1.617114	-1.572037	11	104	122	706.279
1.308997	1.504028	0.636812	127	126	18	706.236
1.308997	1.977582	0.969896	3	118	20	706.213
-1.047198	1.247695	1.809890	13	113	116	706.183
0.523599	0.914445	2.687814	122	124	106	706.159
0.000000	1.045978	0.343692	110	20	125	706.059
-2.617994	2.588535	-2.976617	4	105	2	706.010
-1.832596	1.128190	-2.288622	7	104	126	705.900
-1.047198	2.863997	0.549740	26	11	125	705.876
1.047198	2.719179	-1.780644	2	110	6	705.680
1.308997	1.184361	0.625864	124	127	16	705.521
1.047198	1.504028	0.636812	118	9	108	705.443
1.570796	2.404280	-0.174044	121	115	118	705.442
-2.094395	1.488617	1.159546	120	106	7	705.027
1.308997	0.297065	2.160177	4	21	119	705.020
1.570796	2.456751	-1.503343	119	116	114	704.921
-2.356194	1.998705	2.370472	33	7	124	704.832
2.617994	1.683268	0.374177	5	114	15	704.725
0.261799	1.869911	2.701025	103	14	17	704.499
-1.308997	0.864993	2.278281	12	110	126	704.493
-0.785398	1.194549	-0.801900	115	17	126	704.335
0.000000	0.290380	-0.796960	24	11	110	704.306
2.356194	2.393226	1.857173	3	108	14	704.094
-1.570796	0.866395	-2.492918	9	107	118	704.004
-2.879793	2.724429	-0.348782	109	9	14	703.947
0.261799	1.756530	-2.105156	5	118	9	703.892
-2.356194	1.433411	-1.035986	19	104	124	703.857
2.879793	2.379497	0.561089	124	111	117	703.694
-2.879793	1.134497	-1.109631	8	103	121	703.652
0.261799	1.113094	-0.272241	5	116	125	703.600
1.308997	1.417623	-0.202254	124	113	116	703.550
-0.785398	2.180315	-1.357379	2	118	119	703.447
-1.832596	2.104282	-0.813972	16	109	10	703.343
-3.141593	0.685216	-1.712745	123	112	107	703.299
2.879793	0.866955	-0.931351	125	108	112	703.238
1.308997	1.325504	-1.671296	99	11	127	703.228
-1.047198	0.831641	0.616218	11	23	117	703.153
2.879793	1.417623	-0.202254	28	122	118	703.153
-0.523599	2.396274	-1.959260	114	24	125	703.003
-2.879793	2.108018	1.311430	18	9	2	702.981
-2.617994	1.184361	0.625864	8	2	106	702.969
0.785398	2.356369	3.005869	108	18	11	702.943
1.570796	2.478122	2.609777	120	114	119	702.841
2.356194	1.488617	1.159546	125	105	5	702.682
-1.832596	1.025536	1.576859	125	11	10	702.667
-1.570796	2.115563	0.685730	16	9	18	702.610
2.879793	0.297065	2.160177	9	99	115	702.446
1.570796	1.256302	0.062705	122	115	110	702.425
-1.832596	2.180315	-1.357379	12	113	16	702.414
-3.141593	2.001437	0.381215	17	124	111	702.378
-2.879793	1.846342	-1.796954	10	102	5	702.350
2.356194	1.982574	-1.115518	1	105	8	702.349
-0.523599	1.194549	-0.801900	111	17	2	702.306
0.261799	2.343981	-1.040456	115	14	20	702.293
0.785398	0.700570	1.559208	97	18	6	702.170
2.356194	0.709924	0.218797	99	115	122	702.082
-2.879793	2.153910	-1.714959	9	104	10	702.064
-1.047198	2.104282	-0.813972	111	13	4	702.030
1.832596	1.450119	-2.739050	19	126	112	702.004
2.879793	2.396274	-1.959260	112	123	116	701.969
0.000000	0.762244	-0.273349	1	119	107	701.921
-1.047198	1.450119	-2.739050	124	7	104	701.799
0.261799	1.998705	2.370472	110	20	125	701.750
1.832596	2.108018	1.311430	3	111	16	701.685
0.261799	2.349581	-2.702517	24	121	11	701.646
-0.261799	0.080730	-2.622036	107	12	123	701.574
-3.141593	1.662363	0.915448	126	126	108	701.213
2.356194	1.599406	1.426070	4	105	15	701.198
1.832596	1.732874	-0.951685	4	107	1	701.104
-1.308997	1.325504	-1.671296	16	110	114	701.091
-3.141593	1.448123	-2.163292	10	101	125	700.971
-2.094395	2.295480	1.008277	8	122	112	700.851
1.308997	2.063651	-2.044600	102	12	0	700.835
2.094395	2.180315	-1.357379	0	108	12	700.820
-1.308997	2.033014	2.977192	120	5	116	700.805
-0.261799	2.063651	-2.044600	111	24	118	700.765
-3.141593	0.910508	1.903534	16	98	5	700.751
-0.523599	0.571433	-1.188419	113	16	123	700.458
-2.356194	0.640596	-2.797608	126	126	103	700.433
-1.570796	0.618092	2.539118	17	108	120	700.357
1.308997	1.168678	2.108595	122	119	108	700.344
1.308997	2.174483	2.653697	117	115	117	700.328
1.308997	1.909857	-0.381669	127	111	122	700.322
-0.523599	1.824694	1.850876	115	18	122	700.244
2.617994	1.433411	-1.035986	107	13	123	700.174
-3.141593	2.637879	2.121598	7	113	19	700.150
1.047198	2.455966	-0.641220	114	27	12	700.137
-1.047198	1.870545	-2.976234	4	5	110	700.096
-2.617994	0.762244	-0.273349	6	103	126	700.023
2.879793	1.391910	3.030322	119	102	125	699.697
2.094395	1.756530	-2.105156	104	9	4	699.588
-1.570796	1.134497	-1.109631	14	104	118	699.558
0.785398	2.407836	1.410646	124	112	1	699.519
-2.617994	1.256302	0.062705	28	0	112	699.454
-2.094395	1.696674	-1.253233	20	10	11	699.432
0.261799	2.104282	-0.813972	115	21	13	699.407
-0.261799	2.404280	-0.174044	3	114	0	699.366
-1.047198	0.203748	0.590255	11	109	113	699.230
1.308997	1.741644	-2.695914	105	16	122	699.084
-2.094395	0.591903	2.010408	2	111	108	698.971
0.000000	0.733948	3.021411	122	114	120	698.636
-0.785398	2.138223	1.678323	110	14	17	698.569
1.047198	0.419640	2.974122	127	24	120	698.541
0.261799	1.904882	-1.478089	108	19	120	698.522
-1.570796	0.685216	-1.712745	2	110	112	698.471
2.094395	2.174483	2.653697	126	112	117	698.396
2.094395	1.134497	-1.109631	9	106	125	698.353
2.094395	1.696674	-1.253233	125	106	6	698.287
-2.356194	2.138223	1.678323	120	110	119	698.284
-1.832596	1.413430	2.550734	12	106	127	698.170
-2.356194	2.001437	0.381215	1	102	17	698.083
-0.261799	1.982574	-1.115518	114	17	14	698.026
1.047198	1.977582	0.969896	8	115	9	697.889
2.617994	1.256302	0.062705	27	121	115	697.667
2.094395	2.393226	1.857173	112	109	125	697.568
0.261799	1.440580	2.260026	99	12	20	697.447
1.832596	1.662363	0.915448	104	14	6	697.428
2.094395	1.606104	-0.451151	121	106	122	697.399
-2.356194	1.574060	2.783565	30	3	112	697.339
2.879793	2.115563	0.685730	2	119	111	697.316
1.832596	2.299159	2.264663	124	112	121	697.139
0.523599	0.571433	-1.188419	116	115	109	697.064
-0.785398	1.413430	2.550734	29	15	116	696.966
-1.570796	0.370812	-2.547742	2	119	104	696.930
-1.570796	2.138223	1.678323	8	121	25	696.804
0.000000	1.113094	-0.272241	1	125	106	696.804
-2.879793	0.831641	0.616218	1	108	110	696.620
-2.356194	1.413347	-1.339188	11	104	121	696.588
-1.832596	0.615174	-0.666022	127	103	127	696.485
1.308997	1.134796	2.434290	124	121	106	696.350
-0.785398	2.073035	2.027405	116	16	124	696.322
-3.141593	2.299159	2.264663	9	106	12	696.291
0.000000	2.456751	-1.503343	114	25	119	696.276
0.000000	1.824694	1.850876	110	19	4	696.000
-2.094395	2.343981	-1.040456	14	108	12	695.987
-2.879793	1.555207	1.708892	5	101	0	695.979
1.047198	1.948085	-2.363031	108	19	9	695.924
-0.523599	1.413347	-1.339188	13	115	122	695.811
0.523599	0.370812	-2.547742	125	24	125	695.803
0.785398	1.184361	0.625864	9	1	15	695.757
-3.141593	0.961715	0.014085	5	102	122	695.748
-2.356194	0.960688	-0.577532	117	104	107	695.699
1.308997	1.050534	3.042579	114	6	106	695.643
-2.617994	0.866955	-0.931351	127	104	114	695.475
2.879793	1.732874	-0.951685	12	102	1	695.405
-2.617994	2.396274	-1.959260	12	105	12	695.359
-3.141593	1.014500	0.906702	126	106	113	695.089
-0.523599	1.574060	2.783565	105	24	11	695.088
-1.308997	0.929350	-2.910676	119	6	104	695.036
-1.308997	0.831641	0.616218	2	110	116	694.584
1.308997	1.506530	1.988858	108	108	4	694.559
1.047198	1.872854	1.543456	4	13	113	694.496
2.617994	0.619654	-2.216909	9	112	6	694.440
0.261799	1.699788	2.452890	111	17	18	694.355
-2.356194	2.115563	0.685730	14	0	109	694.329
0.000000	2.704512	1.488683	113	4	23	694.314
0.785398	1.194549	-0.801900	121	27	124	694.282
2.356194	2.001437	0.381215	123	109	117	694.067
-1.570796	1.721184	-0.153948	28	13	119	694.050
1.570796	0.929350	-2.910676	3	4	104	693.979
-2.617994	1.569311	-3.003978	7	124	107	693.949
2.617994	1.948085	-2.363031	11	97	118	693.797
-2.094395	1.413430	2.550734	120	107	2	693.701
1.308997	2.704512	1.488683	7	110	2	693.693
-1.570796	0.866955	-0.931351	9	110	1	693.582
-0.785398	1.870545	-2.976234	25	117	10	693.579
1.047198	1.256302	0.062705	127	120	108	693.507
-1.832596	1.301460	-0.509251	21	15	120	693.439
-0.523599	2.393226	1.857173	103	9	14	693.436
-2.617994	2.979456	-1.009304	2	98	13	693.314
1.832596	0.899350	-2.069907	126	117	97	693.223
-1.047198	2.979456	-1.009304	18	112	120	693.180
-2.356194	2.089241	-0.114193	104	124	4	693.090
0.261799	2.579248	-2.364801	11	114	14	693.052
2.879793	1.662363	0.915448	118	123	110	693.042
1.570796	0.899350	-2.069907	125	117	97	693.034
-2.356194	1.184361	0.625864	8	5	106	693.017
2.879793	0.831641	0.616218	17	1	105	692.959
-0.261799	1.836682	-0.676006	111	20	2	692.873
-0.523599	1.450119	-2.739050	119	124	112	692.832
-2.617994	1.741644	-2.695914	5	119	106	692.808
0.785398	1.721184	-0.153948	108	21	4	692.584
2.617994	1.824694	1.850876	107	3	121	692.575
-1.308997	1.948085	-2.363031	124	124	114	692.440
-1.570796	1.658653	-2.409879	6	123	106	692.430
-2.094395	1.574060	2.783565	16	105	3	692.251
1.570796	2.719179	-1.780644	114	109	3	692.187
0.785398	1.545873	-1.877082	103	16	2	692.175
-0.261799	1.977582	0.969896	15	4	110	692.172
1.308997	2.251330	-2.330739	10	2	113	692.016
2.356194	0.961715	0.014085	119	114	107	691.989
1.308997	0.591903	2.010408	110	18	1	691.969
1.047198	0.080730	-2.622036	102	5	120	691.932
0.000000	1.554776	0.100351	23	0	16	691.860
-1.308997	1.134796	2.434290	20	110	121	691.825
2.617994	1.977582	0.969896	118	1	112	691.790
2.094395	0.618092	2.539118	108	13	120	691.760
-2.879793	0.496451	0.593859	111	9	114	691.703
2.879793	0.866395	-2.492918	9	112	7	691.570
-0.523599	0.733948	3.021411	1	126	103	691.542
0.523599	2.396274	-1.959260	119	121	118	691.539
2.356194	2.579248	-2.364801	6	95	124	691.470
-2.879793	2.704512	1.488683	12	116	20	691.468
1.308997	1.948085	-2.363031	105	16	9	691.444
0.785398	1.391910	3.030322	115	1	108	691.432
0.785398	1.569311	-3.003978	7	124	107	691.401
1.308997	0.080730	-2.622036	126	103	109	691.391
1.570796	1.391910	3.030322	110	3	109	691.378
-2.094395	2.579248	-2.364801	18	107	3	691.297
-1.047198	2.587733	0.232235	24	17	0	691.238
0.785398	1.869911	2.701025	1	121	113	691.206
-0.523599	2.356369	3.005869	12	113	7	690.950
0.261799	2.073035	2.027405	108	19	127	690.927
-0.785398	1.113094	-0.272241	116	16	115	690.759
-2.879793	1.869911	2.701025	18	6	117	690.562
-0.261799	0.992645	-1.723759	11	115	123	690.547
-2.879793	2.664082	-1.071402	7	96	123	690.428
-2.356194	2.349581	-2.702517	6	104	3	690.232
1.832596	0.992645	-1.723759	104	8	114	689.823
0.785398	0.591903	2.010408	92	10	4	689.796
-0.523599	2.251330	-2.330739	111	25	124	689.742
-1.047198	2.164094	-2.991358	121	4	116	689.586
1.832596	2.349581	-2.702517	1	107	12	689.556
-0.261799	1.417623	-0.202254	115	17	115	689.477
-2.356194	2.863997	0.549740	118	107	6	689.283
-1.308997	2.164094	-2.991358	122	3	116	689.263
-1.308997	2.251330	-2.330739	12	123	113	689.263
0.261799	0.960688	-0.577532	3	26	119	689.221
1.047198	1.135813	-2.658866	14	127	105	689.117
2.879793	2.164094	-2.991358	3	112	112	689.100
1.047198	1.824694	1.850876	122	109	7	688.812
2.094395	1.836682	-0.676006	121	105	2	688.793
