168	1.2	0
-3.141593	0.458961	-0.107937
-1.868710	0.154236	-1.241794
../7odw_monomer_m.pdb	-305.162	-67.445	220.304
../7odw_monomer_m.pdb	285.469	195.713	167.518
1.308997	1.310100	1.488307	20	25	147	1363.943
2.617994	1.812176	0.656819	2	3	140	1322.038
1.832596	0.418037	1.360082	160	161	28	1291.198
1.047198	1.599406	1.426070	22	20	141	1270.182
0.261799	1.440580	2.260026	19	6	156	1270.173
2.356194	1.554776	0.100351	20	20	155	1250.249
1.308997	0.899350	-2.069907	12	12	142	1248.364
1.832596	0.700570	1.559208	163	160	27	1238.932
1.308997	1.025536	1.576859	19	26	152	1226.449
2.356194	2.001437	0.381215	6	14	135	1224.677
2.879793	1.846342	-1.796954	167	164	143	1217.594
2.617994	2.001437	0.381215	5	15	134	1203.183
-1.047198	1.045978	0.343692	146	167	4	1193.866
0.261799	1.699788	2.452890	19	1	156	1178.777
-0.261799	1.050534	3.042579	151	1	155	1168.403
-1.832596	1.134796	2.434290	147	161	3	1167.517
2.094395	1.554776	0.100351	23	16	154	1166.559
-2.879793	2.089241	-0.114193	150	167	11	1160.559
2.094395	2.001437	0.381215	9	15	135	1158.118
-1.570796	1.413347	-1.339188	13	26	1	1156.914
1.047198	1.872854	1.543456	22	21	139	1151.968
-2.879793	2.115563	0.685730	16	8	145	1142.337
2.356194	1.683268	0.374177	11	19	137	1141.970
-1.308997	1.367556	0.358405	143	2	167	1140.375
1.570796	0.906588	1.252948	17	27	149	1139.964
0.523599	1.413430	2.550734	18	9	162	1136.708
1.047198	1.310100	1.488307	23	20	147	1122.391
-2.094395	2.863997	0.549740	150	0	162	1117.249
1.308997	2.247462	0.191623	157	156	156	1109.363
-2.094395	2.349581	-2.702517	147	0	155	1106.516
-1.570796	1.374601	-2.456031	26	15	131	1100.354
-3.141593	2.063651	-2.044600	1	163	142	1098.725
2.617994	0.203748	0.590255	156	164	28	1098.681
0.000000	1.050534	3.042579	152	160	3	1098.406
1.570796	0.899350	-2.069907	11	13	143	1098.094
1.047198	1.214854	-1.966664	7	16	137	1095.150
-1.832596	0.929350	-2.910676	152	19	17	1094.544
-1.570796	1.977582	0.969896	149	163	18	1093.681
0.261799	1.134796	2.434290	17	10	162	1088.563
-2.094395	0.297065	2.160177	153	154	10	1088.505
-3.141593	2.588535	-2.976617	7	0	140	1085.312
0.785398	0.992645	-1.723759	9	8	141	1084.720
1.047198	1.247695	1.809890	21	22	152	1080.754
0.261799	1.413347	-1.339188	15	6	147	1076.816
-1.047198	2.138223	1.678323	144	164	158	1074.163
2.094395	0.203748	0.590255	146	153	149	1073.573
-0.523599	1.391910	3.030322	148	162	1	1072.721
2.356194	2.187132	-0.479875	21	166	153	1071.871
-2.617994	2.396274	-1.959260	0	0	140	1070.373
-0.523599	0.992645	-1.723759	145	10	37	1068.305
1.047198	0.992645	-1.723759	8	17	138	1067.199
2.356194	2.115563	0.685730	1	15	134	1060.912
-2.879793	1.870545	-2.976234	155	22	19	1058.917
0.523599	1.506530	1.988858	23	10	151	1058.732
-0.261799	1.391910	3.030322	150	160	4	1058.414
-2.356194	2.089241	-0.114193	154	157	167	1055.027
1.308997	1.599406	1.426070	21	25	141	1054.339
2.879793	1.256302	0.062705	18	24	162	1049.847
0.785398	1.440580	2.260026	22	14	159	1044.590
-2.094395	1.134796	2.434290	146	160	18	1043.396
1.308997	1.301460	-0.509251	21	1	134	1043.366
-2.356194	2.396274	-1.959260	167	166	139	1042.066
0.000000	1.732874	-0.951685	12	166	149	1041.984
-0.523599	1.506530	1.988858	12	7	143	1039.245
2.617994	1.683268	0.374177	8	17	135	1032.821
0.785398	1.247695	1.809890	24	17	152	1032.522
-2.094395	0.864993	2.278281	148	160	12	1032.043
0.000000	1.242974	-2.977882	153	166	151	1029.428
0.000000	2.174483	2.653697	150	162	158	1028.683
2.094395	1.683268	0.374177	150	10	15	1028.327
-0.261799	1.218453	2.777284	149	4	155	1026.976
0.000000	1.569311	-3.003978	152	3	148	1026.400
2.356194	1.184361	0.625864	148	1	9	1025.371
1.570796	1.195355	1.200319	18	27	145	1021.925
-2.617994	2.187132	-0.479875	147	5	1	1021.673
2.356194	1.569311	-3.003978	19	21	151	1021.628
0.000000	1.391910	3.030322	151	1	152	1018.260
1.308997	1.977582	0.969896	17	25	131	1016.361
1.047198	1.417623	-0.202254	18	4	129	1014.580
-3.141593	2.349581	-2.702517	1	165	138	1014.087
0.261799	1.168678	2.108595	19	8	157	1013.795
1.308997	1.809167	1.213774	17	24	134	1012.708
-0.523599	2.719179	-1.780644	2	24	31	1012.545
-2.617994	1.721184	-0.153948	148	7	1	1012.075
2.094395	1.812176	0.656819	150	9	17	1011.700
0.785398	0.297065	2.160177	158	159	27	1011.493
-1.570796	1.448123	-2.163292	28	13	134	1010.319
-2.617994	2.478122	2.609777	149	167	151	1009.539
0.523599	1.413347	-1.339188	19	6	154	1009.524
1.832596	1.135813	-2.658866	8	13	137	1007.241
0.785398	1.872854	1.543456	23	16	138	1006.396
0.523599	1.699788	2.452890	21	5	157	1005.987
0.523599	1.134796	2.434290	17	13	163	1005.725
1.832596	2.592629	0.909713	20	7	159	1003.619
1.047198	1.555207	1.708892	23	21	146	1003.223
-2.617994	0.290380	-0.796960	151	151	147	1002.592
-2.879793	2.404280	-0.174044	149	3	14	1001.066
0.523599	2.104282	-0.813972	16	165	147	998.832
0.523599	1.440580	2.260026	21	9	157	998.625
1.570796	2.863997	0.549740	20	6	156	997.376
0.523599	2.478122	2.609777	157	156	143	996.799
0.000000	1.766067	2.153843	15	2	148	995.456
0.523599	2.138223	1.678323	23	11	136	995.007
1.570796	2.664082	-1.071402	148	160	19	994.286
2.617994	1.554776	0.100351	17	22	155	993.169
2.879793	1.756530	-2.105156	3	165	144	992.955
0.785398	2.089241	-0.114193	153	159	159	992.947
0.785398	1.824694	1.850876	26	14	146	992.868
1.047198	1.809167	1.213774	19	20	133	990.885
2.879793	1.367556	0.358405	10	2	140	990.779
-0.261799	0.733948	3.021411	151	2	160	987.279
-2.356194	0.960688	-0.577532	147	4	5	986.270
-0.261799	1.413430	2.550734	146	7	153	986.236
-2.617994	2.033014	2.977192	148	1	2	985.928
-2.617994	1.433411	-1.035986	154	145	156	985.030
-2.617994	0.960688	-0.577532	148	14	156	983.885
0.523599	0.866955	-0.931351	12	2	151	983.713
-0.785398	2.979456	-1.009304	8	4	138	983.500
-1.570796	1.413430	2.550734	146	155	11	982.320
-2.879793	2.863997	0.549740	166	29	19	981.215
-2.879793	1.872854	1.543456	3	30	1	980.935
-0.785398	1.325504	-1.671296	25	4	143	980.663
1.832596	2.979456	-1.009304	150	3	24	980.477
2.879793	1.977582	0.969896	167	19	133	980.460
0.523599	1.824694	1.850876	24	9	144	980.387
-1.047198	0.418037	1.360082	157	150	4	979.224
-1.308997	1.448123	-2.163292	28	19	134	978.601
-1.570796	0.640596	-2.797608	154	18	18	978.373
-0.785398	2.343981	-1.040456	147	164	145	978.335
1.832596	1.134497	-1.109631	153	15	131	977.678
-2.356194	0.290380	-0.796960	152	164	26	977.643
1.047198	1.025536	1.576859	22	22	152	977.573
2.879793	2.349581	-2.702517	3	22	129	977.367
-0.261799	2.664082	-1.071402	14	3	147	976.037
-3.141593	1.391910	3.030322	18	8	4	975.494
1.308997	0.418037	1.360082	143	158	153	974.644
0.523599	2.393226	1.857173	23	11	135	974.448
-2.094395	0.866395	-2.492918	153	21	18	974.035
1.308997	0.992645	-1.723759	8	18	139	973.775
0.000000	1.998705	2.370472	149	160	159	973.375
0.785398	1.766067	2.153843	25	12	152	973.029
-0.785398	0.733948	3.021411	152	11	15	972.585
-0.785398	1.998705	2.370472	145	163	159	972.439
1.308997	0.906588	1.252948	21	23	149	972.427
-1.570796	2.073035	2.027405	24	15	146	972.205
-0.261799	0.379747	-1.713059	10	19	119	970.052
-0.523599	1.247695	1.809890	12	7	142	969.031
-0.785398	0.831641	0.616218	150	152	160	967.109
-0.523599	2.637879	2.121598	150	6	149	966.887
2.356194	1.413347	-1.339188	157	7	136	966.237
0.523599	2.174483	2.653697	21	167	150	966.148
-2.094395	2.187132	-0.479875	152	153	0	965.090
0.785398	1.168678	2.108595	19	17	156	964.971
1.308997	1.214854	-1.966664	7	17	137	963.938
1.308997	0.685216	-1.712745	12	14	144	963.395
-1.832596	2.863997	0.549740	149	166	162	963.099
-1.570796	1.875281	0.107086	142	167	161	962.523
1.570796	1.662363	0.915448	18	25	136	960.562
1.832596	1.335669	0.897240	13	27	136	960.409
-0.261799	1.662363	0.915448	162	165	33	959.830
-2.356194	1.869911	2.701025	149	161	164	959.820
1.832596	1.134796	2.434290	149	161	18	957.906
-2.094395	0.866955	-0.931351	149	165	24	957.690
1.308997	0.700570	1.559208	17	26	154	957.041
0.000000	1.836682	-0.676006	14	167	152	956.343
2.356194	2.396274	-1.959260	139	163	160	955.854
1.832596	2.108018	1.311430	3	32	132	955.194
-1.047198	2.164094	-2.991358	152	20	134	952.273
0.785398	0.910508	1.903534	21	20	158	952.168
0.261799	1.433411	-1.035986	15	7	151	951.720
0.523599	1.766067	2.153843	26	7	156	950.953
-1.308997	1.732874	-0.951685	12	20	141	950.022
-2.617994	1.617114	-1.572037	158	147	146	949.514
-1.570796	2.724429	-0.348782	17	13	124	949.331
2.879793	1.696674	-1.253233	162	165	141	949.123
2.356194	2.247462	0.191623	8	14	136	948.859
-1.308997	2.863997	0.549740	149	160	158	948.270
-0.785398	2.138223	1.678323	152	157	16	948.243
-2.094395	1.732874	-0.951685	147	164	150	947.317
-0.785398	0.899350	-2.069907	16	0	132	946.606
0.785398	2.592629	0.909713	2	149	140	945.518
0.261799	1.413430	2.550734	17	7	161	945.210
-0.261799	1.599406	1.426070	154	154	21	945.185
2.617994	1.662363	0.915448	166	5	137	943.983
2.094395	2.164094	-2.991358	156	8	129	943.878
2.094395	0.418037	1.360082	162	160	29	943.820
1.308997	1.488617	1.159546	21	23	138	943.621
2.617994	2.247462	0.191623	6	14	135	943.316
-3.141593	0.458961	-0.107937	150	166	167	943.298
-1.047198	1.214854	-1.966664	151	152	154	943.137
2.879793	2.089241	-0.114193	18	7	157	942.983
-2.617994	2.724429	-0.348782	150	163	160	942.973
0.523599	2.164094	-2.991358	156	157	147	942.090
-2.094395	2.247462	0.191623	143	19	154	941.546
-3.141593	2.637879	2.121598	154	0	144	941.328
1.308997	2.108018	1.311430	13	26	132	940.957
0.523599	2.073035	2.027405	25	7	144	940.395
1.570796	0.700570	1.559208	162	160	27	939.516
-2.617994	0.866955	-0.931351	154	146	152	938.646
0.785398	1.506530	1.988858	24	15	152	938.209
0.523599	0.379747	-1.713059	158	164	139	938.158
1.570796	0.591903	2.010408	162	161	27	937.898
2.356194	0.496451	0.593859	19	6	160	937.894
2.617994	1.741644	-2.695914	10	12	142	937.542
-2.094395	2.115563	0.685730	149	165	16	937.479
2.094395	1.721184	-0.153948	22	17	156	936.531
-1.570796	1.128190	-2.288622	23	14	126	935.455
-2.094395	1.741644	-2.695914	146	12	1	935.205
-2.617994	2.863997	0.549740	164	30	19	935.188
-1.832596	1.909857	-0.381669	21	6	150	935.141
0.261799	1.909857	-0.381669	18	1	167	934.479
-1.832596	2.356369	3.005869	154	162	138	933.997
1.047198	0.910508	1.903534	19	24	158	933.485
-1.570796	1.135813	-2.658866	22	17	125	933.280
-0.523599	0.733948	3.021411	152	9	15	932.890
-0.523599	2.164094	-2.991358	152	16	135	932.810
-2.356194	1.606104	-0.451151	145	18	151	932.693
0.261799	1.766067	2.153843	21	2	150	932.614
-2.617994	1.510910	-0.740472	148	13	153	931.836
-2.617994	1.569311	-3.003978	18	164	136	931.815
1.570796	0.418037	1.360082	158	162	28	931.750
-2.094395	1.218453	2.777284	147	0	14	931.478
-3.141593	0.733948	3.021411	152	2	19	931.396
0.000000	1.554776	0.100351	158	149	152	930.952
2.617994	2.984978	1.954446	152	159	163	930.922
-1.308997	1.374601	-2.456031	27	21	131	930.138
-2.094395	1.113094	-0.272241	150	165	24	928.905
1.832596	2.379497	0.561089	153	15	25	928.717
-0.261799	1.168678	2.108595	9	23	135	927.807
-2.356194	1.721184	-0.153948	150	164	150	927.439
-0.261799	1.135834	-1.431087	15	14	136	926.494
2.356194	1.617114	-1.572037	157	5	138	926.116
2.617994	1.617114	-1.572037	159	167	139	925.770
-2.356194	2.719179	-1.780644	167	13	129	925.451
0.000000	0.379747	-1.713059	10	21	119	924.298
1.047198	2.108018	1.311430	20	22	132	924.027
0.523599	1.732874	-0.951685	18	1	153	923.871
-1.832596	1.367556	0.358405	146	13	10	923.639
-2.617994	2.984978	1.954446	6	157	139	923.553
-2.356194	1.194549	-0.801900	150	159	1	923.087
-1.832596	1.374601	-2.456031	158	148	146	922.816
-0.261799	1.574060	2.783565	148	6	151	922.745
0.261799	1.869911	2.701025	152	156	156	921.703
-1.570796	1.699788	2.452890	138	8	163	921.628
-0.785398	1.872854	1.543456	152	156	20	921.204
0.785398	1.736875	3.023612	24	0	6	920.644
-1.570796	2.863997	0.549740	149	163	159	920.008
0.000000	1.824694	1.850876	16	3	142	919.923
-0.523599	2.863997	0.549740	22	12	130	919.538
-1.832596	1.218453	2.777284	153	152	15	919.373
1.570796	2.174483	2.653697	135	156	2	919.001
0.785398	1.448123	-2.163292	7	10	136	918.899
0.261799	1.824694	1.850876	19	9	142	918.445
2.094395	0.866395	-2.492918	12	15	145	918.104
0.785398	2.108018	1.311430	20	17	132	918.095
-2.617994	2.041297	-2.664597	154	22	16	917.436
-1.570796	1.433411	-1.035986	10	18	137	917.295
0.000000	2.073035	2.027405	15	1	141	917.182
0.785398	1.721184	-0.153948	17	150	148	916.864
2.356194	0.831641	0.616218	149	3	5	916.857
0.523599	2.356369	3.005869	18	160	151	916.804
2.094395	1.135813	-2.658866	12	13	144	916.571
-0.261799	2.299159	2.264663	8	165	141	916.307
1.308997	0.910508	1.903534	162	159	25	916.219
-0.785398	0.571433	-1.188419	17	19	122	916.159
1.570796	2.587733	0.232235	156	17	29	915.895
-1.832596	1.214854	-1.966664	155	146	151	915.455
0.261799	2.174483	2.653697	20	163	155	914.671
0.000000	2.299159	2.264663	13	167	141	914.524
-2.617994	1.836682	-0.676006	147	12	154	914.208
-1.570796	2.637879	2.121598	160	5	133	914.157
-1.570796	2.456751	-1.503343	1	4	137	914.039
0.523599	2.984978	1.954446	23	7	135	913.991
-1.308997	1.247695	1.809890	20	3	20	913.591
2.356194	1.606104	-0.451151	163	22	15	913.031
0.523599	0.297065	2.160177	146	158	144	912.572
-1.570796	1.367556	0.358405	143	6	0	912.106
2.356194	1.875281	0.107086	11	14	135	911.827
0.000000	0.929350	-2.910676	154	161	151	911.105
-3.141593	1.948085	-2.363031	5	162	140	910.880
-2.094395	2.587733	0.232235	148	8	148	909.591
-3.141593	1.732874	-0.951685	164	156	144	909.498
-0.785398	0.992645	-1.723759	146	16	37	907.912
0.261799	1.948085	-2.363031	2	10	131	907.343
0.785398	2.251330	-2.330739	17	152	19	907.074
-1.832596	2.379497	0.561089	146	7	150	906.476
-3.141593	2.478122	2.609777	147	9	160	906.457
0.523599	1.998705	2.370472	24	3	151	906.317
2.356194	1.335669	0.897240	147	0	13	905.950
1.832596	1.488617	1.159546	11	28	137	905.654
2.879793	2.588535	-2.976617	3	17	128	905.627
-2.356194	2.456751	-1.503343	163	15	130	905.233
0.261799	1.218453	2.777284	18	12	9	905.147
-0.261799	2.724429	-0.348782	164	145	143	905.137
-0.261799	1.870545	-2.976234	152	155	147	904.891
-0.261799	1.982574	-1.115518	14	165	152	904.693
2.879793	1.741644	-2.695914	11	15	143	904.576
1.570796	1.809167	1.213774	12	30	133	904.310
-2.356194	2.881233	-2.582574	150	9	10	904.302
-0.785398	1.367556	0.358405	150	159	148	904.128
-1.308997	0.640596	-2.797608	152	14	18	903.402
1.308997	1.325504	-1.671296	7	19	137	903.320
0.000000	1.134796	2.434290	17	6	161	903.213
2.617994	1.413347	-1.339188	159	0	136	902.809
-1.570796	2.719179	-1.780644	6	7	138	902.592
-0.261799	0.290380	-0.796960	162	164	138	902.446
1.047198	1.812176	0.656819	23	15	135	902.306
1.047198	1.736875	3.023612	25	3	6	901.698
-0.523599	1.766067	2.153843	10	9	143	901.550
1.047198	1.977582	0.969896	19	22	130	901.411
-1.308997	2.343981	-1.040456	19	156	163	901.350
0.785398	1.998705	2.370472	27	9	154	901.252
2.356194	1.721184	-0.153948	164	23	15	900.516
-0.785398	1.374601	-2.456031	155	139	154	900.105
-0.523599	2.343981	-1.040456	7	2	140	898.946
-3.141593	2.153910	-1.714959	167	162	142	898.902
-0.523599	1.824694	1.850876	8	167	142	898.888
0.785398	1.555207	1.708892	25	16	146	898.553
0.785398	0.866955	-0.931351	19	9	9	898.393
0.000000	1.699788	2.452890	150	155	161	898.254
1.570796	1.128190	-2.288622	19	10	150	898.119
-1.308997	1.045978	0.343692	145	4	5	897.881
2.617994	1.504028	0.636812	4	6	138	897.712
2.879793	2.001437	0.381215	4	15	133	897.681
-1.308997	2.724429	-0.348782	0	30	125	897.548
2.094395	2.587733	0.232235	155	16	119	897.403
-2.094395	1.809167	1.213774	22	14	141	897.014
1.570796	1.194549	-0.801900	152	20	133	896.967
0.000000	0.458961	-0.107937	161	146	28	896.884
1.308997	1.195355	1.200319	21	23	144	896.693
-0.785398	2.164094	-2.991358	152	18	134	896.303
-1.047198	0.899350	-2.069907	14	167	129	896.199
-1.047198	1.872854	1.543456	143	162	159	895.979
-1.047198	2.407836	1.410646	146	165	158	895.645
-1.832596	1.134497	-1.109631	2	16	135	895.157
0.785398	2.041297	-2.664597	157	160	146	895.137
-1.570796	1.982574	-1.115518	159	146	4	894.909
-1.308997	2.579248	-2.364801	3	2	42	894.811
-1.570796	0.685216	-1.712745	153	146	167	894.744
2.617994	2.073035	2.027405	159	38	142	894.017
-3.141593	2.251330	-2.330739	4	12	136	893.980
-0.261799	2.863997	0.549740	161	153	141	893.954
2.879793	1.617114	-1.572037	165	165	140	893.839
0.785398	0.615174	-0.666022	152	160	162	893.738
2.356194	2.984978	1.954446	12	9	140	893.677
-2.094395	0.929350	-2.910676	155	23	18	893.623
-0.523599	0.379747	-1.713059	11	16	119	893.227
-2.094395	2.455966	-0.641220	148	165	145	892.935
2.879793	1.325504	-1.671296	1	156	145	892.419
2.094395	1.569311	-3.003978	22	12	159	892.287
-2.879793	2.063651	-2.044600	165	23	130	892.097
1.047198	0.297065	2.160177	159	159	27	891.936
-1.570796	2.455966	-0.641220	150	159	145	891.436
-1.308997	2.719179	-1.780644	8	7	139	891.377
-2.094395	1.812176	0.656819	152	166	21	890.155
-2.879793	1.301460	-0.509251	149	7	9	889.397
-1.832596	1.812176	0.656819	148	165	18	889.321
-2.094395	2.404280	-0.174044	145	166	1	889.273
0.785398	1.214854	-1.966664	9	9	139	889.207
-1.308997	2.108018	1.311430	144	0	163	889.164
-1.308997	1.766067	2.153843	141	1	160	889.118
-0.523599	2.153910	-1.714959	29	26	22	888.972
-1.308997	2.251330	-2.330739	33	11	4	888.869
2.617994	2.180315	-1.357379	139	166	164	888.428
1.047198	0.591903	2.010408	161	157	26	887.947
1.570796	2.588535	-2.976617	31	165	154	887.899
0.785398	2.478122	2.609777	156	157	144	887.836
1.047198	2.724429	-0.348782	157	161	131	887.391
0.523599	0.960688	-0.577532	164	23	133	887.278
-1.570796	1.683268	0.374177	142	5	163	886.976
1.570796	2.379497	0.561089	152	26	18	886.943
2.094395	1.875281	0.107086	13	13	135	886.929
-0.785398	2.396274	-1.959260	167	11	130	886.856
-2.879793	2.356369	3.005869	148	10	165	886.721
-1.832596	2.073035	2.027405	23	9	146	886.459
-1.308997	0.700570	1.559208	153	151	3	886.410
-2.879793	2.349581	-2.702517	8	166	143	886.254
1.832596	1.809167	1.213774	2	26	133	886.224
2.356194	2.455966	-0.641220	20	156	158	886.199
-2.356194	0.866395	-2.492918	156	24	17	886.016
0.785398	1.413430	2.550734	19	12	162	885.520
1.047198	1.574060	2.783565	25	6	11	884.546
-2.879793	1.391910	3.030322	14	164	133	884.423
0.523599	2.724429	-0.348782	18	3	159	884.304
0.785398	1.050534	3.042579	16	9	30	884.123
-1.570796	2.295480	1.008277	146	2	164	883.820
0.000000	1.367556	0.358405	161	151	146	883.707
-0.523599	1.872854	1.543456	151	158	18	883.050
-2.879793	1.766067	2.153843	157	154	153	882.889
-0.785398	2.379497	0.561089	166	14	126	882.536
-2.356194	1.301460	-0.509251	152	158	1	882.329
-1.308997	0.733948	3.021411	151	14	20	881.440
0.261799	1.606104	-0.451151	16	7	155	881.409
-1.308997	1.977582	0.969896	151	159	18	881.106
-2.356194	0.762244	-0.273349	152	165	26	880.915
-1.047198	2.108018	1.311430	145	161	161	880.759
0.261799	1.756530	-2.105156	6	9	133	880.710
-1.832596	1.135813	-2.658866	21	12	125	880.624
-0.785398	1.045978	0.343692	147	157	155	880.354
0.261799	1.510910	-0.740472	17	7	156	880.133
1.832596	2.863997	0.549740	7	12	130	880.024
-1.308997	2.637879	2.121598	21	20	151	880.004
-2.094395	1.433411	-1.035986	152	159	152	879.971
1.047198	1.545873	-1.877082	5	17	135	879.782
0.000000	2.404280	-0.174044	153	165	143	879.743
0.000000	1.736875	3.023612	153	153	163	879.690
2.617994	2.724429	-0.348782	164	4	120	879.465
-1.832596	1.732874	-0.951685	144	163	154	879.192
-1.570796	2.396274	-1.959260	145	8	156	879.106
1.308997	0.674054	1.013609	138	162	158	878.738
-1.832596	1.448123	-2.163292	156	148	148	878.519
-2.094395	2.704512	1.488683	3	31	17	878.297
-1.832596	2.455966	-0.641220	149	162	144	877.958
0.785398	0.591903	2.010408	158	158	26	877.725
-1.570796	2.984978	1.954446	167	9	130	877.716
-2.617994	2.379497	0.561089	19	11	155	877.641
2.356194	0.709924	0.218797	145	149	11	877.426
1.047198	2.588535	-2.976617	155	160	145	877.358
0.785398	0.864993	2.278281	138	27	132	877.223
1.308997	1.812176	0.656819	21	19	136	877.039
-0.261799	2.393226	1.857173	151	153	158	876.829
0.785398	0.850607	-1.335383	25	167	20	876.102
-0.785398	2.984978	1.954446	154	156	149	876.005
2.356194	1.812176	0.656819	6	19	135	875.820
0.261799	1.506530	1.988858	22	4	151	875.708
-3.141593	1.218453	2.777284	16	16	165	875.010
1.832596	1.194549	-0.801900	153	16	133	874.631
2.879793	1.433411	-1.035986	161	166	136	874.536
-2.356194	2.187132	-0.479875	146	167	2	874.312
-1.570796	1.450119	-2.739050	27	17	133	874.305
-1.047198	2.456751	-1.503343	3	4	136	874.068
2.356194	1.904882	-1.478089	162	30	137	873.684
-3.141593	1.741644	-2.695914	17	154	15	873.435
2.879793	1.948085	-2.363031	5	164	143	873.200
-0.785398	2.108018	1.311430	152	157	18	873.077
-3.141593	2.115563	0.685730	17	6	148	872.939
1.570796	1.488617	1.159546	17	27	139	872.891
-2.356194	2.704512	1.488683	5	28	19	872.473
0.785398	2.356369	3.005869	23	166	152	872.417
-0.523599	2.379497	0.561089	166	16	127	872.392
1.832596	2.001437	0.381215	11	23	129	872.042
-3.141593	2.724429	-0.348782	18	165	153	871.952
0.261799	0.619654	-2.216909	155	0	141	871.689
1.047198	1.374601	-2.456031	8	9	136	871.668
2.879793	2.984978	1.954446	150	35	130	871.651
-1.047198	0.619654	-2.216909	153	154	158	871.220
-3.141593	0.960688	-0.577532	150	3	13	871.165
-2.617994	0.674054	1.013609	162	153	144	871.126
0.523599	0.619654	-2.216909	155	167	141	870.301
0.000000	1.696674	-1.253233	10	1	145	870.263
0.523599	2.588535	-2.976617	19	162	160	869.922
1.570796	2.356369	3.005869	135	159	5	869.766
1.308997	2.588535	-2.976617	156	160	145	869.561
-1.308997	2.180315	-1.357379	164	5	135	869.536
-2.094395	2.108018	1.311430	23	13	146	869.479
0.000000	2.592629	0.909713	160	150	143	869.441
-3.141593	0.619654	-2.216909	9	9	139	869.198
-0.785398	1.335669	0.897240	155	144	152	869.018
0.785398	2.404280	-0.174044	20	4	164	868.292
0.000000	2.104282	-0.813972	9	1	141	867.932
-3.141593	1.194549	-0.801900	149	4	12	867.497
-1.047198	0.571433	-1.188419	17	15	122	865.755
0.785398	2.187132	-0.479875	17	167	145	865.452
-1.047198	0.831641	0.616218	146	2	3	865.443
-1.570796	2.187132	-0.479875	149	157	148	864.787
2.879793	1.736875	3.023612	15	13	150	864.766
1.832596	1.658653	-2.409879	10	16	135	864.688
-1.832596	2.187132	-0.479875	145	160	154	864.561
-1.832596	1.736875	3.023612	140	3	3	864.445
-1.832596	2.579248	-2.364801	146	10	149	864.317
-0.523599	2.393226	1.857173	154	157	14	864.221
0.000000	2.108018	1.311430	155	33	17	864.021
-2.879793	1.809167	1.213774	16	2	141	863.292
0.261799	2.455966	-0.641220	156	21	119	863.057
-1.832596	2.138223	1.678323	23	14	146	862.542
2.879793	1.982574	-1.115518	141	161	163	862.244
-1.047198	0.733948	3.021411	152	14	15	862.194
-2.356194	2.587733	0.232235	148	3	0	861.938
-3.141593	0.419640	2.974122	150	166	158	861.874
-0.261799	2.979456	-1.009304	151	33	126	861.591
-0.785398	2.664082	-1.071402	4	4	134	861.286
0.261799	2.299159	2.264663	21	166	144	861.161
-0.785398	0.685216	-1.712745	165	144	11	861.097
-3.141593	2.001437	0.381215	11	4	145	861.090
0.000000	1.218453	2.777284	155	149	164	861.059
2.879793	0.203748	0.590255	156	163	28	860.898
-0.523599	2.138223	1.678323	148	153	153	860.672
-2.094395	1.977582	0.969896	23	16	145	860.338
-2.617994	2.579248	-2.364801	2	165	139	860.322
-2.356194	2.588535	-2.976617	148	1	158	860.106
2.094395	1.413347	-1.339188	155	11	135	859.909
-2.356194	2.343981	-1.040456	150	161	148	859.473
-2.094395	0.914445	2.687814	158	149	8	859.279
-0.523599	1.135834	-1.431087	142	6	30	858.677
-0.261799	1.721184	-0.153948	150	157	155	858.297
2.617994	2.349581	-2.702517	163	6	132	857.959
-2.094395	1.413347	-1.339188	20	140	144	857.899
0.261799	1.998705	2.370472	20	163	152	857.678
0.000000	2.063651	-2.044600	138	152	151	857.674
-1.308997	1.869911	2.701025	23	14	141	857.621
0.785398	0.733948	3.021411	25	162	29	857.609
-1.832596	0.866395	-2.492918	151	18	18	857.555
-1.570796	0.929350	-2.910676	150	15	17	857.208
-2.617994	2.704512	1.488683	5	26	20	857.090
-2.356194	2.001437	0.381215	151	1	18	856.888
0.261799	2.104282	-0.813972	14	161	147	856.879
-2.879793	2.251330	-2.330739	19	159	22	856.551
-2.356194	1.569311	-3.003978	23	3	136	856.066
2.879793	2.343981	-1.040456	142	164	2	855.807
1.047198	1.128190	-2.288622	18	17	141	855.699
-2.879793	2.587733	0.232235	160	8	119	855.422
-0.261799	1.736875	3.023612	150	157	164	855.291
2.617994	1.904882	-1.478089	138	163	160	855.120
-1.570796	1.662363	0.915448	152	160	22	854.785
-0.785398	0.458961	-0.107937	0	164	138	854.738
-0.261799	1.869911	2.701025	151	166	147	854.269
-1.832596	1.599406	1.426070	21	17	136	854.246
0.261799	2.073035	2.027405	19	7	141	853.016
-0.523599	0.640596	-2.797608	154	152	158	852.937
-1.570796	2.379497	0.561089	163	10	123	852.718
0.523599	1.247695	1.809890	0	164	34	852.703
2.094395	1.756530	-2.105156	16	156	142	852.643
0.000000	1.113094	-0.272241	155	148	12	852.370
1.832596	1.683268	0.374177	18	22	137	852.246
-2.356194	2.033014	2.977192	144	3	166	852.242
0.785398	2.664082	-1.071402	14	154	144	852.129
-0.523599	0.831641	0.616218	157	150	148	852.071
1.832596	1.128190	-2.288622	18	8	151	852.042
1.308997	1.417623	-0.202254	21	8	130	851.928
-1.570796	0.379747	-1.713059	150	167	156	851.913
0.785398	1.870545	-2.976234	24	1	7	851.867
0.261799	2.724429	-0.348782	151	165	149	851.833
-1.832596	1.574060	2.783565	142	166	3	851.455
1.308997	2.349581	-2.702517	162	159	141	851.430
-1.570796	2.404280	-0.174044	150	157	146	851.311
2.879793	2.724429	-0.348782	166	4	120	851.140
-1.047198	2.180315	-1.357379	142	3	148	851.120
-1.308997	0.080730	-2.622036	159	18	26	851.119
-1.308997	0.992645	-1.723759	152	155	153	851.096
0.523599	1.904882	-1.478089	7	9	133	850.916
-2.879793	2.724429	-0.348782	156	161	144	850.861
-1.308997	1.998705	2.370472	24	17	144	850.735
-2.094395	1.194549	-0.801900	152	156	1	850.637
0.261799	0.640596	-2.797608	151	5	145	850.491
-2.617994	2.063651	-2.044600	164	21	131	850.479
2.879793	2.587733	0.232235	150	161	21	850.170
-0.261799	0.850607	-1.335383	144	167	32	850.088
-2.879793	1.977582	0.969896	14	6	141	850.014
-1.832596	2.587733	0.232235	147	165	162	850.013
2.879793	1.836682	-0.676006	143	163	3	849.902
0.261799	2.187132	-0.479875	15	166	148	849.898
-2.356194	1.195355	1.200319	139	10	12	849.825
-1.308997	2.592629	0.909713	148	164	163	849.683
1.047198	1.488617	1.159546	14	1	144	849.594
2.094395	2.187132	-0.479875	167	10	117	849.426
0.523599	1.168678	2.108595	21	13	157	849.302
1.308997	1.247695	1.809890	20	26	152	848.809
-0.261799	1.113094	-0.272241	149	155	14	848.458
-2.094395	1.374601	-2.456031	22	3	131	848.155
-3.141593	1.904882	-1.478089	164	155	145	848.140
0.261799	1.325504	-1.671296	16	6	144	847.742
-0.261799	0.866955	-0.931351	23	18	146	847.677
-3.141593	2.089241	-0.114193	18	8	155	847.649
1.570796	1.214854	-1.966664	7	18	137	847.272
-2.356194	1.242974	-2.977882	20	5	128	847.127
0.000000	2.251330	-2.330739	139	148	156	846.656
1.308997	1.128190	-2.288622	11	11	140	846.096
-3.141593	2.863997	0.549740	166	13	127	846.043
1.570796	1.374601	-2.456031	5	14	136	845.915
-0.261799	1.335669	0.897240	5	134	2	845.915
-2.617994	1.732874	-0.951685	146	9	152	845.889
1.047198	2.719179	-1.780644	2	154	136	845.827
-2.094395	1.301460	-0.509251	146	167	22	845.741
-2.879793	0.290380	-0.796960	147	154	147	845.682
-2.617994	0.866395	-2.492918	159	26	17	845.559
-0.261799	1.194549	-0.801900	24	22	153	845.500
-0.523599	2.104282	-0.813972	23	11	162	845.204
1.308997	2.033014	2.977192	142	160	150	844.865
0.261799	2.138223	1.678323	22	6	136	844.779
2.356194	0.203748	0.590255	156	162	27	844.777
2.617994	1.256302	0.062705	22	22	163	844.720
-3.141593	1.050534	3.042579	152	4	20	844.356
-2.356194	0.496451	0.593859	162	157	142	844.283
-2.879793	2.881233	-2.582574	1	15	128	843.947
-2.879793	2.579248	-2.364801	1	16	129	843.611
2.617994	2.588535	-2.976617	3	18	128	843.573
-2.094395	1.658653	-2.409879	23	0	138	843.568
-3.141593	1.662363	0.915448	156	151	1	843.491
-2.094395	1.135813	-2.658866	19	8	125	843.485
-0.785398	1.417623	-0.202254	21	28	140	843.403
1.832596	0.496451	0.593859	140	156	155	843.396
-1.308997	2.407836	1.410646	147	167	164	843.381
0.000000	2.478122	2.609777	154	11	35	843.193
1.047198	2.063651	-2.044600	8	13	131	843.088
-0.785398	1.982574	-1.115518	6	2	143	842.850
2.356194	1.488617	1.159546	147	0	15	842.527
2.356194	1.433411	-1.035986	155	7	137	842.404
-2.617994	2.587733	0.232235	15	15	152	842.210
-1.570796	1.824694	1.850876	23	17	140	842.146
-1.047198	2.724429	-0.348782	158	153	143	842.086
2.617994	0.379747	-1.713059	7	15	137	841.662
-3.141593	2.174483	2.653697	152	159	156	841.652
2.094395	2.979456	-1.009304	157	153	24	841.642
-0.261799	2.073035	2.027405	151	158	14	841.412
-3.141593	1.658653	-2.409879	8	157	142	841.148
-1.308997	1.214854	-1.966664	26	12	133	841.110
-3.141593	1.982574	-1.115518	161	155	147	841.059
-0.261799	1.699788	2.452890	146	7	156	841.005
2.617994	0.961715	0.014085	145	148	14	840.992
0.523599	2.299159	2.264663	25	3	145	840.782
1.832596	1.417623	-0.202254	152	151	149	840.667
2.356194	1.504028	0.636812	148	2	13	840.459
-2.879793	1.413430	2.550734	155	155	157	840.300
-0.523599	1.214854	-1.966664	146	8	40	840.288
0.523599	0.203748	0.590255	157	29	10	840.168
1.570796	2.115563	0.685730	9	7	134	840.094
1.047198	1.948085	-2.363031	161	160	142	840.045
-0.785398	1.606104	-0.451151	21	28	143	840.034
1.047198	2.396274	-1.959260	4	18	129	839.939
-2.094395	1.448123	-2.163292	150	26	140	839.894
0.523599	1.555207	1.708892	23	10	145	839.814
-2.356194	0.615174	-0.666022	153	164	27	839.671
-0.523599	1.662363	0.915448	160	167	34	839.659
2.879793	1.214854	-1.966664	165	31	27	839.532
-1.047198	2.404280	-0.174044	154	152	146	839.368
1.570796	2.881233	-2.582574	153	160	151	839.326
-2.617994	2.153910	-1.714959	163	21	131	839.295
-2.094395	1.450119	-2.739050	24	6	132	839.190
-0.261799	0.910508	1.903534	7	18	134	839.067
2.094395	1.504028	0.636812	150	10	19	838.882
-0.261799	1.301460	-0.509251	7	29	136	838.808
-1.047198	2.587733	0.232235	167	21	125	838.779
2.356194	2.251330	-2.330739	10	21	131	838.568
-3.141593	1.875281	0.107086	8	18	133	838.532
-0.523599	2.108018	1.311430	3	3	132	838.069
-1.570796	0.831641	0.616218	17	158	138	837.998
-2.879793	1.325504	-1.671296	152	29	142	837.994
-1.570796	1.998705	2.370472	23	11	144	837.871
1.570796	2.063651	-2.044600	3	20	131	837.839
0.523599	1.301460	-0.509251	21	166	4	837.168
2.617994	2.379497	0.561089	2	14	134	837.055
-2.356194	1.450119	-2.739050	20	1	132	837.011
-0.261799	1.836682	-0.676006	11	157	149	836.947
-1.308997	1.696674	-1.253233	8	17	137	836.622
-2.094395	2.089241	-0.114193	155	154	3	836.587
-1.047198	0.290380	-0.796960	15	14	121	836.532
-0.523599	1.998705	2.370472	146	160	155	836.470
0.261799	1.696674	-1.253233	14	4	146	836.444
-0.261799	1.904882	-1.478089	6	0	140	836.088
-2.094395	1.875281	0.107086	18	1	151	835.578
2.879793	1.809167	1.213774	164	21	133	835.480
2.617994	2.579248	-2.364801	6	19	128	835.397
1.570796	0.290380	-0.796960	5	16	135	835.188
-0.261799	1.696674	-1.253233	6	167	144	835.064
2.094395	2.033014	2.977192	161	3	130	834.899
-2.617994	1.301460	-0.509251	147	8	1	834.852
-2.356194	2.724429	-0.348782	149	159	164	834.557
2.094395	1.836682	-0.676006	28	164	165	834.500
2.356194	2.587733	0.232235	147	159	13	834.391
2.356194	1.135834	-1.431087	159	9	131	833.922
-2.094395	2.379497	0.561089	13	15	147	833.912
1.308997	1.741644	-2.695914	148	27	5	833.633
-0.785398	1.134497	-1.109631	160	142	15	833.618
-0.261799	0.992645	-1.723759	145	4	37	833.573
-2.879793	2.637879	2.121598	166	160	137	833.434
-1.570796	1.545873	-1.877082	29	7	141	833.394
0.261799	2.393226	1.857173	22	5	135	833.376
2.356194	0.379747	-1.713059	6	14	136	833.310
2.617994	1.569311	-3.003978	17	24	150	832.981
1.570796	1.977582	0.969896	8	27	128	832.931
-2.094395	2.588535	-2.976617	150	163	149	832.910
0.000000	1.662363	0.915448	164	164	33	832.819
-0.785398	0.640596	-2.797608	151	155	156	832.737
-1.832596	1.433411	-1.035986	143	164	158	832.712
-2.094395	1.870545	-2.976234	147	161	6	832.678
-0.785398	2.587733	0.232235	167	23	124	832.675
1.832596	1.135834	-1.431087	154	13	131	832.607
-3.141593	2.041297	-2.664597	16	156	19	832.457
-1.832596	2.349581	-2.702517	148	163	152	832.037
-2.094395	1.510910	-0.740472	149	161	153	832.004
-2.094395	1.242974	-2.977882	22	10	128	831.839
0.000000	1.506530	1.988858	16	4	149	831.825
-1.832596	2.041297	-2.664597	144	5	164	831.772
2.094395	2.592629	0.909713	20	9	160	831.442
-2.356194	2.404280	-0.174044	144	20	152	831.375
1.832596	0.619654	-2.216909	16	14	154	831.289
1.570796	1.554776	0.100351	22	17	135	831.042
1.308997	0.290380	-0.796960	5	13	135	831.019
1.832596	0.674054	1.013609	16	29	151	830.767
-2.094395	1.756530	-2.105156	11	3	133	830.235
1.047198	2.704512	1.488683	10	7	31	830.154
2.094395	2.984978	1.954446	9	6	136	829.892
-2.879793	1.194549	-0.801900	148	0	10	829.334
-2.094395	1.606104	-0.451151	18	1	143	829.288
2.879793	1.658653	-2.409879	7	165	145	829.142
0.785398	2.704512	1.488683	10	7	30	828.920
-1.832596	1.242974	-2.977882	23	15	128	828.888
-0.785398	1.977582	0.969896	162	16	133	828.787
-2.356194	1.741644	-2.695914	22	167	139	828.707
-2.617994	1.606104	-0.451151	152	160	160	828.512
0.000000	1.194549	-0.801900	150	157	18	828.480
-2.879793	1.555207	1.708892	142	23	18	828.452
-3.141593	2.187132	-0.479875	145	0	8	828.325
-1.047198	2.396274	-1.959260	165	13	129	828.318
-0.785398	2.863997	0.549740	159	154	141	828.231
2.094395	1.606104	-0.451151	166	23	14	828.203
2.094395	2.393226	1.857173	144	162	5	828.132
0.785398	1.606104	-0.451151	20	5	161	827.858
-2.356194	2.174483	2.653697	148	162	158	827.840
-1.308997	2.138223	1.678323	154	135	163	827.783
0.785398	2.984978	1.954446	25	12	135	827.693
0.785398	1.325504	-1.671296	8	0	141	827.685
0.523599	1.448123	-2.163292	8	8	136	827.677
2.879793	2.579248	-2.364801	5	19	129	827.639
-0.523599	1.982574	-1.115518	8	162	148	827.330
1.308997	2.174483	2.653697	133	164	2	827.151
2.617994	2.089241	-0.114193	21	165	154	826.703
-1.832596	0.850607	-1.335383	156	145	156	826.570
0.785398	2.115563	0.685730	149	25	23	826.274
-1.570796	2.592629	0.909713	148	0	163	826.261
0.261799	2.407836	1.410646	23	12	129	826.049
-1.308997	2.404280	-0.174044	152	155	145	825.812
2.879793	1.875281	0.107086	9	17	134	825.665
-2.879793	2.664082	-1.071402	16	11	124	825.519
2.094395	1.014500	0.906702	156	0	129	825.505
-2.879793	2.041297	-2.664597	18	163	22	825.350
1.308997	1.448123	-2.163292	162	159	137	825.225
-1.570796	1.658653	-2.409879	29	14	138	825.109
-0.261799	2.637879	2.121598	166	159	32	825.076
-2.617994	0.914445	2.687814	149	167	16	824.864
-1.047198	2.379497	0.561089	166	12	124	824.764
-2.356194	1.977582	0.969896	22	11	145	824.693
0.523599	0.674054	1.013609	4	23	8	824.637
1.308997	2.063651	-2.044600	4	18	131	824.598
-0.523599	2.299159	2.264663	148	161	146	824.574
1.570796	1.812176	0.656819	18	20	135	824.050
-2.356194	1.732874	-0.951685	145	5	152	823.972
1.308997	2.396274	-1.959260	4	19	129	823.879
2.356194	2.724429	-0.348782	152	155	19	823.628
0.785398	2.174483	2.653697	24	3	152	823.109
-0.261799	1.872854	1.543456	153	155	18	823.046
-1.308997	1.135834	-1.431087	27	13	133	822.780
-1.047198	2.295480	1.008277	147	165	15	822.640
-2.356194	2.579248	-2.364801	2	166	138	822.486
1.047198	1.194549	-0.801900	21	8	7	822.176
2.617994	2.478122	2.609777	10	1	139	822.051
-0.523599	2.251330	-2.330739	166	14	129	822.039
2.879793	1.448123	-2.163292	4	0	141	822.000
0.523599	1.756530	-2.105156	7	150	24	821.775
-0.261799	2.455966	-0.641220	149	166	146	821.610
-2.094395	0.831641	0.616218	2	153	144	821.590
2.094395	1.367556	0.358405	149	10	15	821.559
-0.523599	1.554776	0.100351	155	147	135	821.547
1.047198	2.760637	2.781135	0	17	127	821.425
-1.308997	1.128190	-2.288622	156	164	32	821.387
-1.308997	1.872854	1.543456	22	25	142	820.971
-2.356194	2.979456	-1.009304	22	13	129	820.640
-2.617994	1.909857	-0.381669	148	5	2	820.365
-1.047198	2.356369	3.005869	153	22	134	820.307
-2.617994	1.218453	2.777284	159	149	143	820.157
-1.570796	1.195355	1.200319	138	14	157	820.128
0.523599	2.001437	0.381215	154	31	20	820.102
1.047198	1.870545	-2.976234	26	165	21	820.101
0.000000	0.615174	-0.666022	159	165	34	819.992
-3.141593	1.135834	-1.431087	162	27	13	819.949
-1.832596	2.404280	-0.174044	146	160	1	819.889
1.832596	1.662363	0.915448	13	31	134	819.857
0.000000	2.407836	1.410646	19	6	129	819.506
0.523599	1.184361	0.625864	15	142	3	819.446
-2.094395	1.872854	1.543456	21	11	140	819.398
-0.523599	1.809167	1.213774	158	0	32	819.151
-1.570796	2.587733	0.232235	147	161	164	818.963
-2.356194	2.863997	0.549740	159	29	19	818.553
2.879793	1.450119	-2.739050	14	161	147	818.461
1.832596	2.356369	3.005869	137	153	5	818.432
-1.308997	1.756530	-2.105156	159	16	133	818.339
2.094395	1.872854	1.543456	26	7	15	818.260
0.523599	2.407836	1.410646	19	15	130	818.251
-1.570796	1.904882	-1.478089	153	156	145	818.234
2.094395	1.510910	-0.740472	152	12	138	818.202
1.047198	0.700570	1.559208	141	160	155	818.024
0.785398	2.073035	2.027405	27	13	144	818.008
1.047198	1.413430	2.550734	23	11	9	817.953
-2.356194	0.458961	-0.107937	155	164	30	817.931
1.570796	1.506530	1.988858	142	11	3	817.925
-0.261799	1.998705	2.370472	148	157	155	817.906
2.879793	2.063651	-2.044600	4	164	142	817.707
-0.261799	1.433411	-1.035986	7	0	145	817.596
-0.261799	1.025536	1.576859	5	19	134	817.591
-0.261799	0.864993	2.278281	10	17	134	817.268
1.047198	0.418037	1.360082	141	162	151	817.247
2.617994	1.510910	-0.740472	163	28	23	817.227
-1.047198	1.504028	0.636812	158	2	34	816.826
1.570796	2.349581	-2.702517	160	160	143	816.805
1.570796	2.108018	1.311430	8	31	131	816.716
0.000000	0.370812	-2.547742	3	17	117	816.713
2.617994	2.115563	0.685730	2	16	133	816.705
1.047198	2.251330	-2.330739	145	27	20	816.422
-0.785398	2.063651	-2.044600	5	24	13	816.379
-2.617994	1.417623	-0.202254	148	6	6	816.349
-0.261799	0.929350	-2.910676	159	151	148	816.066
-2.094395	0.674054	1.013609	15	149	133	815.820
-1.832596	2.251330	-2.330739	144	163	159	815.781
-2.617994	0.591903	2.010408	144	3	28	815.538
0.785398	1.977582	0.969896	21	17	130	815.465
-1.308997	0.379747	-1.713059	154	152	4	815.256
0.523599	1.683268	0.374177	152	37	12	815.220
-3.141593	1.846342	-1.796954	154	29	137	815.182
2.356194	2.089241	-0.114193	18	165	154	815.144
0.523599	1.325504	-1.671296	17	9	145	815.000
0.523599	0.615174	-0.666022	163	145	27	814.877
-2.879793	2.979456	-1.009304	19	5	128	814.704
0.000000	1.982574	-1.115518	10	1	142	814.525
-0.261799	2.180315	-1.357379	25	28	25	814.037
-0.785398	1.809167	1.213774	153	155	21	813.954
-1.047198	1.721184	-0.153948	23	23	147	813.875
-2.879793	0.866955	-0.931351	148	150	151	813.865
-3.141593	1.555207	1.708892	146	29	18	813.832
1.570796	1.325504	-1.671296	6	20	137	813.819
-1.308997	1.433411	-1.035986	10	20	137	813.646
2.879793	2.153910	-1.714959	159	30	134	813.618
-2.617994	2.664082	-1.071402	18	15	124	813.470
-1.832596	2.115563	0.685730	144	10	155	813.303
0.785398	1.696674	-1.253233	153	154	19	813.256
-2.094395	0.080730	-2.622036	152	20	10	813.215
0.785398	1.391910	3.030322	20	5	28	813.211
-2.879793	1.875281	0.107086	152	161	11	813.163
1.832596	0.929350	-2.910676	17	12	147	813.138
-2.094395	2.396274	-1.959260	165	19	129	813.126
0.000000	2.637879	2.121598	155	152	147	813.095
0.785398	1.909857	-0.381669	142	15	5	813.044
0.261799	2.295480	1.008277	150	25	21	812.926
-2.094395	1.824694	1.850876	20	8	138	812.783
-1.832596	2.393226	1.857173	157	7	133	812.597
-0.261799	1.367556	0.358405	163	140	145	812.549
1.308997	1.374601	-2.456031	9	10	137	812.521
2.879793	2.180315	-1.357379	142	158	162	812.449
0.523599	0.866395	-2.492918	2	25	121	812.205
-1.570796	1.574060	2.783565	144	158	0	812.062
-1.832596	1.904882	-1.478089	158	35	0	811.836
-3.141593	1.545873	-1.877082	154	31	140	811.775
-3.141593	1.554776	0.100351	152	165	11	811.546
-3.141593	2.881233	-2.582574	1	15	128	811.421
1.308997	0.866395	-2.492918	19	16	145	811.415
2.879793	2.664082	-1.071402	160	160	143	811.020
-2.356194	0.297065	2.160177	149	162	164	810.967
0.785398	1.699788	2.452890	142	161	1	810.931
2.356194	1.696674	-1.253233	155	6	140	810.804
2.879793	1.554776	0.100351	10	20	133	810.709
0.785398	2.724429	-0.348782	157	165	132	810.688
2.356194	2.664082	-1.071402	6	1	123	810.289
-1.570796	1.809167	1.213774	139	17	145	810.244
-0.523599	2.587733	0.232235	159	151	143	810.171
0.261799	0.864993	2.278281	143	3	147	810.104
1.047198	0.906588	1.252948	137	164	161	809.963
1.570796	0.571433	-1.188419	2	15	134	809.876
-0.523599	0.370812	-2.547742	150	165	6	809.847
-1.832596	1.872854	1.543456	23	15	141	809.642
1.832596	1.870545	-2.976234	30	7	10	809.612
-1.570796	2.579248	-2.364801	29	7	11	809.552
-1.570796	0.571433	-1.188419	160	22	134	809.499
-0.523599	1.325504	-1.671296	143	7	33	809.470
-1.832596	2.984978	1.954446	158	161	135	809.403
-2.617994	1.413347	-1.339188	153	146	152	809.360
-0.785398	1.450119	-2.739050	160	143	18	809.150
-2.617994	0.762244	-0.273349	153	166	26	809.048
2.094395	2.089241	-0.114193	11	6	132	808.978
-2.879793	1.696674	-1.253233	149	149	155	808.802
1.047198	2.379497	0.561089	166	141	15	808.743
-3.141593	1.310100	1.488307	9	31	13	808.518
0.000000	2.984978	1.954446	19	5	129	808.434
-1.047198	1.904882	-1.478089	154	163	138	808.434
-2.879793	1.113094	-0.272241	151	161	162	808.348
0.000000	2.455966	-0.641220	149	163	147	808.289
0.000000	0.866955	-0.931351	149	158	26	808.201
1.832596	2.174483	2.653697	138	150	1	808.186
1.570796	2.073035	2.027405	17	9	141	808.083
-1.832596	1.450119	-2.739050	26	11	132	808.053
1.047198	2.587733	0.232235	152	160	160	808.029
-1.047198	0.080730	-2.622036	19	3	23	807.991
-2.094395	1.440580	2.260026	139	161	12	807.976
2.617994	2.187132	-0.479875	23	1	153	807.742
1.570796	2.295480	1.008277	2	27	126	807.391
-2.617994	2.979456	-1.009304	20	8	129	807.263
1.308997	0.379747	-1.713059	14	13	145	807.253
-2.879793	2.396274	-1.959260	166	18	129	807.189
-0.785398	0.866395	-2.492918	145	7	165	807.154
2.617994	1.824694	1.850876	154	31	142	807.124
2.356194	1.135813	-2.658866	9	12	142	807.098
-2.356194	2.349581	-2.702517	16	2	145	807.041
2.617994	1.168678	2.108595	148	164	162	806.918
2.094395	1.184361	0.625864	149	8	13	806.871
-3.141593	1.325504	-1.671296	163	28	10	806.789
2.617994	1.875281	0.107086	10	16	134	806.716
2.617994	2.164094	-2.991358	7	23	130	806.489
-0.261799	1.242974	-2.977882	162	139	148	806.402
-1.047198	2.115563	0.685730	161	7	125	806.359
-1.047198	1.433411	-1.035986	31	20	144	806.233
1.832596	2.579248	-2.364801	162	158	143	806.191
0.785398	2.349581	-2.702517	157	162	143	805.806
-0.523599	2.407836	1.410646	151	152	160	805.718
0.000000	1.869911	2.701025	153	154	149	805.591
2.617994	2.251330	-2.330739	9	23	131	805.484
0.000000	2.979456	-1.009304	148	30	126	805.353
-1.832596	1.050534	3.042579	2	22	29	805.215
1.047198	1.756530	-2.105156	7	13	133	804.962
2.094395	1.433411	-1.035986	154	12	136	804.908
1.832596	1.374601	-2.456031	12	16	138	804.901
1.308997	2.863997	0.549740	21	8	7	804.866
-0.785398	1.870545	-2.976234	151	16	136	804.636
-1.308997	1.325504	-1.671296	28	15	135	804.604
-1.308997	2.295480	1.008277	150	162	16	804.386
-1.047198	1.809167	1.213774	144	160	163	804.283
0.261799	0.685216	-1.712745	157	2	138	804.226
-1.570796	1.812176	0.656819	152	144	139	804.124
0.261799	0.899350	-2.069907	152	24	142	804.108
-0.523599	0.910508	1.903534	8	17	132	804.094
-0.261799	2.174483	2.653697	152	153	160	804.093
-2.356194	2.592629	0.909713	164	27	22	804.074
1.832596	2.724429	-0.348782	163	10	120	803.790
2.879793	2.138223	1.678323	153	31	136	803.774
-1.832596	0.831641	0.616218	19	152	137	803.597
-2.879793	0.458961	-0.107937	154	165	27	803.489
0.261799	2.356369	3.005869	157	153	146	803.396
-2.094395	2.719179	-1.780644	165	14	128	803.314
2.617994	2.587733	0.232235	162	22	23	803.285
1.570796	1.413347	-1.339188	3	150	23	803.238
-1.570796	0.961715	0.014085	137	156	148	803.188
-2.879793	1.658653	-2.409879	20	156	12	802.982
-1.047198	1.554776	0.100351	146	155	137	802.950
-2.617994	0.961715	0.014085	158	151	0	802.938
-1.832596	0.864993	2.278281	150	156	12	802.916
2.094395	1.741644	-2.695914	23	10	151	802.736
-1.308997	2.456751	-1.503343	0	0	137	802.621
0.523599	0.910508	1.903534	166	5	132	802.538
2.879793	2.164094	-2.991358	2	3	133	802.403
1.047198	1.050534	3.042579	26	0	21	802.367
-1.047198	2.343981	-1.040456	147	7	142	802.284
-1.308997	2.073035	2.027405	8	11	36	802.198
0.785398	0.619654	-2.216909	153	165	142	802.082
1.047198	1.391910	3.030322	21	6	28	802.012
2.879793	1.335669	0.897240	4	30	5	801.994
2.617994	2.153910	-1.714959	162	31	134	801.762
0.523599	2.881233	-2.582574	8	2	133	801.664
-2.617994	1.450119	-2.739050	25	167	6	801.613
0.523599	1.433411	-1.035986	18	7	155	801.342
-0.523599	0.080730	-2.622036	154	161	26	801.174
-1.570796	0.850607	-1.335383	150	151	13	801.126
-2.879793	0.685216	-1.712745	159	25	24	800.970
-0.785398	2.724429	-0.348782	14	24	124	800.848
-2.356194	0.674054	1.013609	165	153	145	800.724
-1.570796	1.168678	2.108595	150	152	162	800.621
-0.523599	1.113094	-0.272241	146	160	14	800.275
-2.094395	1.736875	3.023612	145	165	5	800.230
-0.261799	1.809167	1.213774	159	165	31	800.187
-1.832596	1.699788	2.452890	139	161	11	800.049
-2.617994	2.404280	-0.174044	149	164	164	800.014
-2.617994	1.242974	-2.977882	13	2	126	799.922
-2.879793	0.960688	-0.577532	149	2	11	799.752
1.047198	2.984978	1.954446	23	16	136	799.714
-2.617994	0.899350	-2.069907	156	24	18	799.688
0.523599	1.606104	-0.451151	19	2	161	799.391
-1.570796	2.138223	1.678323	23	19	147	799.155
-2.356194	1.510910	-0.740472	152	9	140	799.039
1.308997	1.617114	-1.572037	5	21	136	799.017
1.832596	1.606104	-0.451151	155	154	151	798.851
-1.308997	2.984978	1.954446	3	4	130	798.783
0.523599	0.914445	2.687814	151	163	135	798.781
0.785398	1.545873	-1.877082	5	16	135	798.695
0.261799	1.367556	0.358405	158	43	4	798.657
2.617994	2.033014	2.977192	12	14	140	798.564
-2.879793	2.760637	2.781135	152	160	164	798.459
1.047198	1.448123	-2.163292	8	11	136	798.427
-2.879793	0.615174	-0.666022	149	149	153	798.371
0.785398	1.025536	1.576859	25	17	150	798.182
-1.047198	1.699788	2.452890	144	161	167	798.118
2.356194	2.033014	2.977192	14	13	141	798.041
0.523599	1.721184	-0.153948	19	6	20	797.847
2.356194	0.618092	2.539118	10	4	125	797.798
2.879793	0.914445	2.687814	154	15	28	797.791
1.570796	1.301460	-0.509251	24	6	135	797.589
1.047198	0.866955	-0.931351	19	11	9	797.572
-1.832596	2.588535	-2.976617	30	7	12	797.365
-3.141593	2.138223	1.678323	4	31	165	797.321
2.094395	1.135834	-1.431087	155	10	131	797.241
-2.356194	1.433411	-1.035986	149	163	154	797.237
1.308997	2.719179	-1.780644	19	153	5	797.171
2.356194	2.356369	3.005869	8	19	129	797.103
-2.879793	0.762244	-0.273349	151	161	167	797.090
1.047198	2.349581	-2.702517	159	161	142	797.073
-3.141593	2.664082	-1.071402	20	151	135	797.019
2.879793	0.618092	2.539118	151	11	25	796.990
-0.785398	1.433411	-1.035986	143	6	19	796.967
1.308997	1.756530	-2.105156	7	17	133	796.963
1.308997	1.545873	-1.877082	5	19	135	796.812
-1.832596	1.766067	2.153843	138	155	5	796.651
2.879793	2.104282	-0.813972	143	163	4	796.556
-2.617994	0.709924	0.218797	154	167	27	796.257
2.356194	2.704512	1.488683	12	20	17	795.812
-3.141593	0.914445	2.687814	17	10	139	795.804
-0.523599	2.979456	-1.009304	11	7	141	795.798
-1.047198	2.153910	-1.714959	164	11	131	795.786
-2.617994	1.504028	0.636812	10	161	141	795.749
-1.047198	1.599406	1.426070	165	141	26	795.712
-0.261799	0.685216	-1.712745	160	2	140	795.586
1.570796	2.041297	-2.664597	138	24	142	795.499
1.832596	2.588535	-2.976617	139	156	164	795.461
0.261799	2.108018	1.311430	152	5	38	795.087
1.832596	1.977582	0.969896	4	28	128	795.055
0.523599	0.370812	-2.547742	22	4	44	794.702
-1.047198	1.756530	-2.105156	136	15	159	794.594
-1.570796	1.135834	-1.431087	146	157	160	794.485
0.261799	1.617114	-1.572037	14	4	142	794.318
0.000000	1.721184	-0.153948	18	161	5	794.048
2.356194	1.836682	-0.676006	165	25	13	793.875
0.000000	1.555207	1.708892	155	155	21	793.875
-1.047198	2.349581	-2.702517	30	18	6	793.851
-1.832596	1.510910	-0.740472	143	164	158	793.793
1.570796	1.658653	-2.409879	9	12	135	793.776
2.356194	2.343981	-1.040456	22	7	167	793.749
2.356194	1.325504	-1.671296	159	7	134	793.601
2.617994	0.496451	0.593859	161	163	32	793.591
0.000000	1.617114	-1.572037	21	3	147	793.567
1.308997	1.909857	-0.381669	11	6	124	793.530
-0.523599	1.450119	-2.739050	159	140	148	793.467
-3.141593	2.299159	2.264663	12	20	20	793.410
-0.261799	1.045978	0.343692	156	149	151	793.284
-1.832596	1.809167	1.213774	23	19	141	793.062
2.879793	1.135834	-1.431087	167	28	13	792.699
-0.785398	0.850607	-1.335383	143	14	33	792.656
1.047198	2.579248	-2.364801	163	27	133	792.627
-1.308997	0.370812	-2.547742	16	8	136	792.594
-2.617994	1.194549	-0.801900	146	4	166	792.551
0.000000	0.992645	-1.723759	147	166	37	792.516
2.879793	1.413347	-1.339188	164	166	136	792.313
1.047198	0.899350	-2.069907	18	19	145	792.282
2.617994	1.658653	-2.409879	10	165	146	792.185
-0.261799	0.640596	-2.797608	156	149	3	792.088
2.094395	2.724429	-0.348782	145	164	18	791.898
2.879793	1.872854	1.543456	153	31	136	791.873
1.047198	1.218453	2.777284	20	12	27	791.842
2.094395	0.914445	2.687814	146	153	5	791.623
0.523599	2.404280	-0.174044	153	161	143	791.556
-2.879793	0.961715	0.014085	158	152	25	791.513
0.523599	2.760637	2.781135	153	158	149	791.510
0.000000	2.187132	-0.479875	19	16	0	791.397
2.094395	1.448123	-2.163292	0	21	134	791.344
-3.141593	1.699788	2.452890	11	24	23	791.212
1.570796	2.724429	-0.348782	160	13	120	791.168
-1.047198	2.073035	2.027405	143	165	155	791.004
0.785398	1.218453	2.777284	21	9	27	790.782
-1.308997	1.909857	-0.381669	19	19	147	790.584
-1.570796	1.440580	2.260026	139	3	2	790.583
0.261799	2.704512	1.488683	20	16	128	790.541
-1.570796	1.310100	1.488307	18	21	131	790.520
-2.356194	1.134497	-1.109631	158	145	149	790.512
-2.879793	1.683268	0.374177	162	140	159	790.353
-2.617994	1.113094	-0.272241	152	157	165	790.342
-1.308997	1.168678	2.108595	9	31	6	790.155
-1.832596	1.301460	-0.509251	145	163	20	790.124
-0.785398	1.721184	-0.153948	21	28	147	789.956
0.523599	1.909857	-0.381669	19	1	154	789.860
-2.879793	2.138223	1.678323	0	32	165	789.848
-0.785398	2.407836	1.410646	146	160	158	789.838
0.785398	2.033014	2.977192	28	164	19	789.807
-3.141593	1.870545	-2.976234	12	159	142	789.769
-2.617994	1.599406	1.426070	154	16	136	789.666
0.523599	1.836682	-0.676006	18	0	152	789.468
-2.356194	1.948085	-2.363031	11	1	136	789.369
-1.308997	0.418037	1.360082	153	152	8	789.325
2.094395	2.379497	0.561089	154	12	29	789.248
0.000000	1.977582	0.969896	158	35	16	789.079
2.356194	2.041297	-2.664597	33	13	6	788.866
2.356194	0.733948	3.021411	17	25	147	788.712
-1.832596	1.440580	2.260026	139	10	1	788.622
1.308997	0.571433	-1.188419	2	14	134	788.463
0.523599	2.041297	-2.664597	155	161	146	788.364
2.356194	1.662363	0.915448	167	24	131	788.342
2.879793	2.379497	0.561089	166	6	135	788.316
-2.094395	1.617114	-1.572037	23	141	148	788.047
-1.570796	2.180315	-1.357379	161	14	131	788.000
-1.570796	2.247462	0.191623	160	17	121	787.950
0.261799	1.301460	-0.509251	16	7	157	787.949
1.308997	1.113094	-0.272241	27	8	141	787.918
2.879793	1.218453	2.777284	21	7	6	787.897
-0.785398	2.393226	1.857173	151	159	13	787.855
1.570796	2.153910	-1.714959	3	22	131	787.838
-2.617994	1.555207	1.708892	160	29	6	787.664
2.617994	1.325504	-1.671296	161	2	134	787.589
2.356194	2.180315	-1.357379	34	167	5	787.488
1.570796	1.721184	-0.153948	17	13	126	787.443
2.356194	2.164094	-2.991358	9	23	130	787.432
2.356194	1.809167	1.213774	164	26	133	787.377
-2.094395	0.571433	-1.188419	152	154	0	787.316
-1.832596	2.299159	2.264663	134	165	9	787.239
-1.832596	1.413430	2.550734	143	159	11	787.190
0.261799	1.732874	-0.951685	13	3	145	786.919
1.570796	1.335669	0.897240	24	30	143	786.879
-2.879793	2.343981	-1.040456	13	23	167	786.863
-0.523599	1.948085	-2.363031	165	11	131	786.852
-1.047198	2.979456	-1.009304	4	7	132	786.806
2.356194	0.992645	-1.723759	164	11	130	786.756
-1.047198	2.579248	-2.364801	27	16	12	786.743
-2.617994	0.615174	-0.666022	15	18	153	786.713
-0.523599	2.760637	2.781135	165	6	42	786.617
1.308997	1.218453	2.777284	22	14	14	786.591
-1.570796	1.134497	-1.109631	146	154	10	786.461
-0.523599	1.417623	-0.202254	11	29	138	786.337
-2.094395	1.506530	1.988858	137	160	6	786.268
1.570796	1.599406	1.426070	8	29	136	785.951
0.000000	2.089241	-0.114193	4	12	118	785.900
-3.141593	1.599406	1.426070	150	27	137	785.872
-0.261799	2.719179	-1.780644	167	26	31	785.829
-3.141593	1.812176	0.656819	8	5	142	785.731
-1.570796	1.599406	1.426070	21	22	136	785.729
-2.879793	2.073035	2.027405	5	31	164	785.700
-1.832596	1.824694	1.850876	22	12	139	785.345
-2.356194	1.113094	-0.272241	150	0	25	785.298
-2.094395	1.554776	0.100351	146	17	3	785.229
-0.523599	1.050534	3.042579	148	0	159	785.222
0.785398	2.001437	0.381215	16	8	22	785.112
-2.879793	2.033014	2.977192	149	5	1	785.005
2.879793	2.456751	-1.503343	2	23	128	784.877
0.000000	2.863997	0.549740	164	152	141	784.524
2.356194	2.588535	-2.976617	8	16	130	784.510
-0.523599	1.599406	1.426070	151	157	21	784.358
-2.617994	2.174483	2.653697	7	10	129	784.057
2.879793	2.592629	0.909713	150	16	122	783.899
0.261799	1.721184	-0.153948	19	4	20	783.799
-0.785398	1.214854	-1.966664	9	8	129	783.653
2.879793	2.251330	-2.330739	2	22	129	783.480
-2.356194	2.108018	1.311430	21	8	145	783.429
2.094395	1.242974	-2.977882	5	30	19	783.346
0.261799	1.836682	-0.676006	17	2	152	783.143
-3.141593	2.456751	-1.503343	162	162	140	783.115
0.000000	1.948085	-2.363031	1	10	131	783.088
2.094395	1.134497	-1.109631	156	13	131	783.071
0.000000	2.724429	-0.348782	10	6	133	782.843
0.261799	1.982574	-1.115518	11	159	146	782.810
-1.570796	1.488617	1.159546	20	24	135	782.792
0.261799	1.662363	0.915448	7	155	141	782.735
2.879793	2.295480	1.008277	167	17	133	782.652
-1.832596	1.413347	-1.339188	154	35	4	782.611
2.879793	1.766067	2.153843	151	31	146	782.529
-0.785398	0.080730	-2.622036	153	163	26	782.500
-2.094395	1.134497	-1.109631	144	167	165	782.453
-1.308997	1.025536	1.576859	20	2	16	782.406
-1.832596	1.948085	-2.363031	145	10	166	782.348
-2.617994	1.699788	2.452890	25	2	143	782.227
-2.094395	1.948085	-2.363031	14	3	137	782.227
-1.308997	2.664082	-1.071402	8	31	125	782.077
2.094395	2.343981	-1.040456	25	159	166	781.829
-1.570796	2.588535	-2.976617	30	13	14	781.814
2.617994	0.618092	2.539118	152	15	25	781.637
-2.356194	1.909857	-0.381669	145	3	160	781.506
-1.832596	1.606104	-0.451151	14	11	140	781.484
1.047198	1.168678	2.108595	19	22	156	781.415
1.047198	1.569311	-3.003978	17	8	27	781.407
-2.617994	1.128190	-2.288622	158	26	13	781.391
-2.879793	1.440580	2.260026	21	0	136	781.326
-0.261799	1.504028	0.636812	162	150	145	781.252
1.832596	1.721184	-0.153948	20	8	136	781.238
0.785398	0.960688	-0.577532	163	22	133	781.229
2.094395	2.073035	2.027405	160	15	35	781.196
-0.785398	2.104282	-0.813972	146	167	150	781.187
-1.832596	1.113094	-0.272241	149	164	24	781.179
0.785398	2.588535	-2.976617	163	154	141	781.065
2.356194	2.299159	2.264663	17	17	139	781.004
-2.356194	1.025536	1.576859	155	23	18	780.633
0.523599	1.367556	0.358405	153	42	4	780.484
0.261799	0.379747	-1.713059	158	166	138	780.455
0.523599	0.899350	-2.069907	149	24	142	780.440
2.356194	1.367556	0.358405	149	6	14	780.214
2.094395	0.709924	0.218797	142	153	11	780.203
1.570796	1.741644	-2.695914	13	10	135	780.043
-0.261799	1.506530	1.988858	9	8	142	779.863
1.308997	2.164094	-2.991358	31	1	15	779.853
1.308997	2.115563	0.685730	13	23	127	779.540
0.261799	2.478122	2.609777	17	160	145	779.536
-1.832596	1.617114	-1.572037	158	28	28	779.325
-2.094395	1.982574	-1.115518	149	160	149	779.312
1.832596	2.396274	-1.959260	32	162	12	779.212
-2.094395	2.164094	-2.991358	144	2	163	779.148
-1.832596	1.310100	1.488307	19	17	131	779.078
-1.047198	1.184361	0.625864	147	158	153	778.439
-3.141593	0.700570	1.559208	17	166	134	778.348
1.308997	2.760637	2.781135	31	4	149	778.309
0.523599	2.089241	-0.114193	167	12	116	778.308
-1.832596	1.545873	-1.877082	158	26	34	778.044
0.785398	1.135834	-1.431087	9	20	139	777.976
2.094395	1.045978	0.343692	148	10	10	777.897
-0.523599	1.025536	1.576859	9	5	139	777.739
-1.308997	1.617114	-1.572037	10	28	5	777.707
0.000000	2.247462	0.191623	158	27	22	777.637
-1.832596	1.194549	-0.801900	152	13	39	777.630
1.308997	0.297065	2.160177	159	161	28	777.578
-3.141593	1.606104	-0.451151	158	27	22	777.537
-0.523599	1.696674	-1.253233	4	1	142	777.495
-1.570796	1.214854	-1.966664	25	11	129	777.349
-0.785398	1.948085	-2.363031	4	26	14	777.348
0.785398	1.194549	-0.801900	20	6	8	777.160
-1.570796	0.709924	0.218797	135	158	13	776.867
-0.261799	1.413347	-1.339188	137	152	149	776.837
-2.879793	1.545873	-1.877082	155	30	138	776.725
2.356194	2.349581	-2.702517	10	19	132	776.700
-2.617994	1.870545	-2.976234	150	20	19	776.613
2.094395	1.599406	1.426070	14	17	137	776.595
-1.832596	0.709924	0.218797	0	159	142	776.484
0.261799	2.588535	-2.976617	155	9	37	776.405
-0.523599	1.135813	-2.658866	14	163	131	776.393
-2.879793	1.554776	0.100351	10	161	143	776.354
-1.570796	0.992645	-1.723759	144	162	159	776.308
-0.785398	0.929350	-2.910676	147	161	6	776.207
-2.617994	1.391910	3.030322	18	154	139	776.193
2.879793	0.290380	-0.796960	159	19	23	776.047
-1.308997	1.417623	-0.202254	140	164	140	776.033
1.308997	1.555207	1.708892	21	25	146	776.026
-1.570796	2.881233	-2.582574	16	3	144	775.999
-0.261799	2.104282	-0.813972	10	164	147	775.977
-1.047198	1.846342	-1.796954	134	10	157	775.934
-2.617994	0.992645	-1.723759	151	29	145	775.930
-1.308997	1.606104	-0.451151	20	19	141	775.912
-1.832596	2.592629	0.909713	148	2	163	775.878
-3.141593	1.696674	-1.253233	145	153	155	775.875
-2.879793	0.864993	2.278281	7	9	35	775.870
0.000000	2.393226	1.857173	19	0	135	775.745
2.094395	2.115563	0.685730	165	19	127	775.653
-2.879793	1.869911	2.701025	23	167	154	775.646
1.308997	2.478122	2.609777	6	11	128	775.418
-2.094395	1.413430	2.550734	142	165	16	775.387
-2.356194	1.872854	1.543456	20	5	141	775.312
-1.832596	0.379747	-1.713059	148	2	6	775.292
-1.570796	1.696674	-1.253233	6	16	136	775.272
1.570796	1.617114	-1.572037	5	22	135	775.155
0.785398	2.637879	2.121598	165	11	126	774.981
0.261799	0.914445	2.687814	145	35	130	774.956
0.523599	1.599406	1.426070	1	150	142	774.849
-1.047198	1.135834	-1.431087	144	19	31	774.834
-2.617994	1.413430	2.550734	24	2	137	774.751
-1.308997	1.413347	-1.339188	30	13	140	774.734
2.356194	1.658653	-2.409879	13	35	8	774.690
1.832596	2.881233	-2.582574	143	158	1	774.639
-1.570796	0.700570	1.559208	149	156	9	774.545
0.000000	1.374601	-2.456031	166	149	147	774.307
0.261799	2.033014	2.977192	152	159	151	774.254
2.879793	0.619654	-2.216909	8	10	138	774.149
1.570796	1.413430	2.550734	147	166	23	774.088
-1.832596	2.719179	-1.780644	166	12	129	773.996
-1.047198	1.545873	-1.877082	10	149	143	773.981
1.832596	1.433411	-1.035986	151	14	136	773.865
2.617994	1.756530	-2.105156	148	19	13	773.812
2.094395	2.108018	1.311430	166	24	133	773.802
-1.047198	1.134497	-1.109631	29	19	137	773.681
-2.617994	1.658653	-2.409879	16	164	135	773.551
-2.617994	1.741644	-2.695914	155	8	29	773.486
-1.570796	1.554776	0.100351	140	4	3	773.435
-1.308997	0.961715	0.014085	140	149	151	773.336
-1.047198	1.014500	0.906702	10	160	136	773.309
0.261799	2.153910	-1.714959	3	9	131	773.221
0.261799	1.736875	3.023612	153	157	149	773.027
-3.141593	2.579248	-2.364801	2	17	129	772.862
-0.261799	2.153910	-1.714959	24	30	22	772.844
1.308997	1.510910	-0.740472	17	1	129	772.712
2.879793	1.683268	0.374177	8	20	137	772.691
-1.570796	0.370812	-2.547742	9	17	44	772.450
0.785398	1.599406	1.426070	24	15	139	772.307
-1.570796	2.393226	1.857173	23	17	152	772.254
0.523599	2.592629	0.909713	0	151	141	772.195
-2.879793	2.456751	-1.503343	164	158	140	772.182
-0.785398	2.704512	1.488683	154	151	158	772.099
-1.832596	1.135834	-1.431087	156	147	151	772.027
-1.047198	2.251330	-2.330739	164	14	130	772.014
-3.141593	1.824694	1.850876	150	29	142	771.933
2.094395	2.664082	-1.071402	3	0	123	771.923
-2.617994	2.343981	-1.040456	7	26	9	771.742
-1.047198	1.325504	-1.671296	1	13	136	771.703
1.832596	0.960688	-0.577532	158	155	142	771.510
0.000000	0.700570	1.559208	153	30	2	771.503
-1.832596	1.662363	0.915448	151	164	23	771.482
-3.141593	1.413430	2.550734	19	13	165	771.256
0.523599	0.418037	1.360082	2	11	130	771.221
0.523599	1.194549	-0.801900	19	8	160	771.206
2.617994	1.696674	-1.253233	159	0	141	771.164
0.785398	0.700570	1.559208	139	167	155	771.152
1.308997	2.456751	-1.503343	150	156	21	771.143
-0.523599	2.349581	-2.702517	157	18	132	771.105
2.094395	0.496451	0.593859	143	150	153	771.094
-3.141593	1.869911	2.701025	152	161	155	770.967
1.832596	1.506530	1.988858	143	5	4	770.786
2.094395	0.685216	-1.712745	0	15	129	770.741
2.879793	0.850607	-1.335383	165	27	16	770.695
-0.523599	1.413347	-1.339188	20	12	141	770.654
-1.308997	1.554776	0.100351	139	167	2	770.588
1.570796	2.579248	-2.364801	155	162	147	770.480
1.832596	1.846342	-1.796954	18	157	141	770.474
-0.523599	2.396274	-1.959260	1	25	19	770.334
-1.308997	0.571433	-1.188419	163	146	9	770.292
-0.523599	2.704512	1.488683	151	157	158	770.219
-1.832596	1.504028	0.636812	144	145	145	770.121
-1.308997	2.349581	-2.702517	9	1	38	770.049
2.094395	2.719179	-1.780644	4	149	135	769.835
2.617994	1.045978	0.343692	150	2	11	769.834
-2.094395	1.335669	0.897240	135	155	156	769.782
1.308997	0.203748	0.590255	166	6	127	769.611
-1.570796	0.899350	-2.069907	156	146	153	769.534
-0.261799	1.214854	-1.966664	1	141	3	769.400
-1.570796	1.325504	-1.671296	27	7	136	769.348
-2.356194	0.831641	0.616218	165	154	144	769.304
0.785398	1.310100	1.488307	25	16	144	769.257
-0.261799	1.948085	-2.363031	1	12	131	769.243
-1.832596	1.325504	-1.671296	160	28	33	769.126
1.832596	0.850607	-1.335383	160	17	127	768.986
1.047198	0.914445	2.687814	17	15	27	768.974
-0.261799	2.760637	2.781135	161	32	30	768.934
2.617994	1.450119	-2.739050	11	15	143	768.907
-1.570796	1.766067	2.153843	141	149	0	768.726
1.047198	1.836682	-0.676006	146	41	151	768.713
2.617994	1.050534	3.042579	21	7	5	768.218
-2.879793	0.992645	-1.723759	161	27	14	768.027
0.785398	1.301460	-0.509251	21	1	4	767.951
-1.308997	1.301460	-0.509251	31	14	142	767.732
1.570796	2.001437	0.381215	12	21	127	767.642
-2.094395	1.909857	-0.381669	143	0	160	767.616
-0.523599	0.914445	2.687814	8	165	132	767.559
0.261799	0.906588	1.252948	149	31	9	767.511
0.523599	0.906588	1.252948	165	18	130	767.292
-1.308997	2.455966	-0.641220	153	155	145	767.226
-2.356194	0.929350	-2.910676	158	26	19	767.212
-1.570796	2.104282	-0.813972	157	147	6	767.086
0.523599	2.115563	0.685730	153	28	23	767.062
2.879793	0.496451	0.593859	2	161	34	766.991
1.308997	0.864993	2.278281	20	19	33	766.960
2.617994	2.456751	-1.503343	162	161	142	766.949
0.261799	0.700570	1.559208	164	19	124	766.918
0.261799	2.984978	1.954446	160	18	127	766.909
0.523599	1.809167	1.213774	148	32	142	766.366
1.308997	1.606104	-0.451151	16	3	129	766.363
-1.308997	1.545873	-1.877082	140	17	7	766.313
-3.141593	1.256302	0.062705	148	24	157	766.168
1.308997	1.569311	-3.003978	18	11	27	766.122
2.094395	0.899350	-2.069907	166	11	129	766.051
-2.356194	2.153910	-1.714959	162	20	130	765.878
-1.308997	0.685216	-1.712745	154	154	156	765.836
-2.094395	0.709924	0.218797	166	157	143	765.782
0.000000	1.135834	-1.431087	14	16	137	765.724
-1.832596	2.881233	-2.582574	11	9	138	765.722
0.000000	1.870545	-2.976234	163	138	146	765.709
-0.261799	0.370812	-2.547742	3	17	117	765.652
2.879793	2.478122	2.609777	153	43	145	765.587
-2.356194	1.417623	-0.202254	144	3	142	765.538
-2.094395	1.504028	0.636812	150	22	6	765.500
-1.570796	2.349581	-2.702517	32	8	6	765.379
2.879793	0.709924	0.218797	17	31	6	765.301
-0.785398	1.135834	-1.431087	142	13	30	765.260
2.879793	2.719179	-1.780644	22	11	130	765.189
0.523599	2.187132	-0.479875	161	15	117	765.136
-2.094395	2.881233	-2.582574	14	164	144	765.135
1.047198	2.455966	-0.641220	147	5	18	765.089
-1.308997	1.135813	-2.658866	23	22	125	765.033
0.523599	1.545873	-1.877082	11	3	140	765.032
0.785398	1.574060	2.783565	156	152	8	765.030
-1.570796	0.910508	1.903534	149	157	162	765.006
0.261799	2.760637	2.781135	162	156	30	764.996
-1.832596	1.870545	-2.976234	143	165	8	764.959
-2.356194	2.356369	3.005869	147	166	156	764.896
0.261799	0.762244	-0.273349	148	7	162	764.830
-0.523599	2.984978	1.954446	155	154	157	764.649
2.617994	0.831641	0.616218	158	150	24	764.622
-2.879793	2.153910	-1.714959	164	22	130	764.585
-2.356194	1.050534	3.042579	25	167	8	764.497
1.570796	2.979456	-1.009304	147	161	24	764.493
0.785398	0.496451	0.593859	150	24	19	764.312
2.094395	1.809167	1.213774	167	25	133	764.284
-2.094395	0.290380	-0.796960	152	164	27	764.239
-1.832596	1.836682	-0.676006	144	163	153	764.051
-0.523599	0.290380	-0.796960	163	163	138	763.994
-1.308997	2.396274	-1.959260	32	9	8	763.937
2.879793	2.979456	-1.009304	144	4	7	763.933
0.261799	1.391910	3.030322	153	154	7	763.931
-2.094395	2.033014	2.977192	142	166	165	763.816
-2.094395	2.356369	3.005869	152	164	138	763.801
-2.356194	2.295480	1.008277	16	9	147	763.692
-3.141593	1.872854	1.543456	9	28	3	763.629
0.785398	0.080730	-2.622036	158	158	140	763.584
-1.832596	1.128190	-2.288622	155	148	150	763.519
0.261799	1.545873	-1.877082	15	12	140	763.476
-0.261799	2.456751	-1.503343	24	25	30	763.452
0.000000	0.618092	2.539118	150	8	17	763.409
2.879793	2.041297	-2.664597	8	14	138	763.260
0.523599	2.863997	0.549740	167	147	139	763.248
-1.832596	1.045978	0.343692	150	16	27	763.185
-1.832596	0.591903	2.010408	151	153	10	763.145
1.570796	2.396274	-1.959260	162	29	135	763.123
-0.785398	1.555207	1.708892	12	22	137	763.077
2.879793	1.870545	-2.976234	9	164	143	763.074
2.094395	2.063651	-2.044600	14	155	139	763.052
1.047198	0.864993	2.278281	162	157	25	762.996
1.832596	1.554776	0.100351	26	13	154	762.851
0.785398	2.579248	-2.364801	18	152	12	762.816
-0.785398	1.506530	1.988858	13	20	136	762.808
-3.141593	2.033014	2.977192	150	161	157	762.760
-2.879793	1.909857	-0.381669	148	4	156	762.635
0.000000	1.134497	-1.109631	148	159	24	762.622
-2.094395	2.251330	-2.330739	165	15	130	762.560
-2.356194	0.914445	2.687814	150	164	16	762.357
0.261799	1.846342	-1.796954	7	148	143	762.352
0.523599	1.214854	-1.966664	18	12	143	762.289
-2.879793	1.699788	2.452890	156	155	156	762.242
-0.261799	1.510910	-0.740472	6	31	138	762.009
-1.570796	2.299159	2.264663	3	15	37	761.928
-0.261799	2.379497	0.561089	157	149	146	761.725
-1.570796	1.256302	0.062705	142	154	140	761.596
-2.879793	2.478122	2.609777	149	165	0	761.589
-0.261799	1.488617	1.159546	161	166	33	761.540
-0.785398	1.756530	-2.105156	6	26	11	761.426
-2.094395	1.184361	0.625864	153	20	11	761.400
-1.308997	1.134497	-1.109631	28	12	136	761.363
1.308997	0.615174	-0.666022	10	21	9	761.188
0.000000	2.153910	-1.714959	7	150	143	761.126
0.785398	1.433411	-1.035986	155	154	17	761.068
1.308997	1.506530	1.988858	26	25	165	760.958
-0.523599	0.929350	-2.910676	153	148	3	760.725
0.261799	1.904882	-1.478089	5	7	133	760.454
0.261799	2.637879	2.121598	21	4	134	760.218
-3.141593	2.719179	-1.780644	23	17	130	760.135
1.570796	2.984978	1.954446	4	11	128	760.011
-0.261799	2.587733	0.232235	159	151	144	759.964
2.617994	2.592629	0.909713	13	160	142	759.583
0.785398	0.899350	-2.069907	147	22	142	759.475
-0.523599	2.073035	2.027405	3	165	140	759.312
2.617994	2.455966	-0.641220	23	164	162	759.264
-2.094395	0.619654	-2.216909	7	19	44	759.239
0.523599	0.640596	-2.797608	149	2	145	759.182
1.832596	2.104282	-0.813972	14	7	124	758.972
1.570796	1.756530	-2.105156	7	20	133	758.912
-2.356194	1.135813	-2.658866	151	11	29	758.751
-2.617994	2.356369	3.005869	147	1	161	758.696
-2.356194	2.251330	-2.330739	152	18	14	758.613
0.523599	1.391910	3.030322	154	153	7	758.377
-2.879793	1.606104	-0.451151	153	7	140	758.361
2.094395	2.299159	2.264663	17	15	139	758.227
-0.523599	2.115563	0.685730	165	8	128	758.178
1.047198	0.615174	-0.666022	164	17	131	757.601
0.000000	1.909857	-0.381669	157	148	155	757.583
-2.094395	0.960688	-0.577532	148	167	25	757.437
-0.785398	0.866955	-0.931351	135	164	17	757.414
1.308997	1.413430	2.550734	146	2	23	757.346
1.047198	2.664082	-1.071402	149	12	125	757.179
1.308997	1.662363	0.915448	25	25	138	757.160
-0.785398	1.014500	0.906702	157	150	147	757.125
-0.523599	2.180315	-1.357379	156	8	29	757.004
-1.308997	2.704512	1.488683	151	156	152	756.963
0.261799	0.831641	0.616218	167	19	133	756.959
-2.879793	2.187132	-0.479875	149	158	9	756.838
0.000000	1.301460	-0.509251	4	31	135	756.681
-0.261799	1.247695	1.809890	6	10	138	756.629
-1.832596	1.683268	0.374177	0	166	124	756.558
-2.356194	2.984978	1.954446	137	16	134	756.424
2.879793	2.115563	0.685730	16	3	149	756.398
-1.832596	0.640596	-2.797608	157	22	19	756.248
-2.356194	0.619654	-2.216909	155	22	22	756.175
1.570796	2.407836	1.410646	18	161	17	756.154
1.308997	2.587733	0.232235	155	157	158	756.152
1.832596	1.218453	2.777284	148	15	1	756.139
2.356194	0.458961	-0.107937	141	162	154	756.099
2.094395	2.138223	1.678323	160	16	34	755.959
-0.523599	2.456751	-1.503343	2	10	130	755.941
-1.570796	2.089241	-0.114193	25	6	163	755.939
-1.832596	2.704512	1.488683	3	33	17	755.863
1.832596	2.187132	-0.479875	8	11	119	755.784
0.261799	0.910508	1.903534	148	161	16	755.738
1.570796	2.251330	-2.330739	163	160	142	755.688
-0.523599	1.045978	0.343692	151	155	154	755.568
-2.879793	1.617114	-1.572037	153	148	147	755.376
-1.047198	2.455966	-0.641220	155	152	145	755.339
-1.570796	0.960688	-0.577532	135	11	155	755.300
-1.047198	1.367556	0.358405	146	157	150	755.237
0.000000	1.168678	2.108595	18	4	156	755.205
1.832596	2.153910	-1.714959	31	159	12	755.151
-2.094395	1.766067	2.153843	135	162	6	755.119
0.785398	1.756530	-2.105156	12	150	25	755.107
0.523599	1.488617	1.159546	149	30	136	754.994
1.832596	2.033014	2.977192	158	7	128	754.955
-1.047198	1.662363	0.915448	0	158	26	754.914
1.832596	1.510910	-0.740472	155	154	149	754.885
-0.523599	2.041297	-2.664597	161	150	143	754.762
-2.879793	1.135834	-1.431087	152	29	144	754.758
-0.261799	2.187132	-0.479875	21	12	0	754.677
-1.047198	0.866395	-2.492918	159	143	150	754.587
1.047198	1.325504	-1.671296	7	18	136	754.451
2.879793	0.992645	-1.723759	163	29	33	754.221
-2.617994	2.881233	-2.582574	4	11	131	754.182
2.617994	1.335669	0.897240	3	166	135	754.179
-2.094395	1.599406	1.426070	21	13	136	754.065
2.617994	1.433411	-1.035986	158	0	137	753.981
-2.879793	2.174483	2.653697	145	4	165	753.860
-2.094395	2.104282	-0.813972	146	0	146	753.853
2.356194	2.719179	-1.780644	18	2	130	753.739
-1.047198	0.866955	-0.931351	25	15	128	753.709
0.523599	1.310100	1.488307	0	165	35	753.701
1.047198	1.113094	-0.272241	26	1	140	753.443
-0.523599	1.721184	-0.153948	148	154	160	753.407
-3.141593	1.977582	0.969896	18	3	144	753.285
-0.785398	1.662363	0.915448	1	157	26	753.246
2.879793	1.599406	1.426070	163	24	135	753.241
1.570796	0.203748	0.590255	141	165	150	753.238
-2.094395	1.662363	0.915448	23	17	140	753.213
1.047198	2.115563	0.685730	15	21	126	753.211
-1.570796	1.194549	-0.801900	153	10	39	753.178
-0.261799	0.961715	0.014085	151	154	156	752.979
-0.523599	2.455966	-0.641220	147	17	145	752.958
-2.879793	1.574060	2.783565	155	155	161	752.934
-2.094395	1.569311	-3.003978	26	9	136	752.919
1.832596	2.587733	0.232235	155	15	30	752.862
-0.523599	2.579248	-2.364801	1	14	128	752.652
1.832596	2.719179	-1.780644	28	159	5	752.623
1.308997	1.721184	-0.153948	15	10	126	752.587
2.094395	2.153910	-1.714959	161	27	135	752.460
2.356194	0.615174	-0.666022	146	15	15	752.380
1.047198	0.762244	-0.273349	10	21	8	752.336
0.785398	2.104282	-0.813972	146	12	11	752.201
0.000000	1.574060	2.783565	155	149	153	752.071
2.094395	2.881233	-2.582574	24	8	135	752.045
-2.879793	0.640596	-2.797608	2	10	46	751.943
-2.879793	1.504028	0.636812	7	158	141	751.716
-1.047198	1.374601	-2.456031	155	17	137	751.660
-2.617994	2.760637	2.781135	152	0	146	751.617
-3.141593	1.195355	1.200319	11	30	18	751.330
0.000000	1.545873	-1.877082	12	6	139	751.312
-2.356194	0.866955	-0.931351	146	1	1	751.238
0.523599	2.033014	2.977192	25	159	19	751.215
-1.047198	0.419640	2.974122	8	13	48	751.205
1.047198	1.617114	-1.572037	5	21	136	751.187
0.785398	1.417623	-0.202254	14	9	121	751.004
0.523599	2.455966	-0.641220	155	19	119	750.982
-2.879793	1.846342	-1.796954	164	26	132	750.845
1.570796	0.619654	-2.216909	13	13	141	750.823
-0.523599	1.869911	2.701025	148	159	167	750.814
2.879793	1.904882	-1.478089	160	158	145	750.715
-2.617994	2.719179	-1.780644	167	14	129	750.561
-2.879793	1.417623	-0.202254	149	7	7	750.560
1.832596	1.812176	0.656819	13	8	137	750.552
0.785398	1.741644	-2.695914	158	164	141	750.532
2.617994	1.699788	2.452890	5	4	126	750.479
-2.094395	1.683268	0.374177	146	20	2	750.474
0.000000	1.504028	0.636812	167	165	35	750.386
2.094395	1.247695	1.809890	3	7	35	750.326
1.570796	0.709924	0.218797	157	156	137	750.324
1.570796	1.134796	2.434290	145	166	17	750.282
-2.356194	2.760637	2.781135	159	161	138	750.140
0.261799	0.850607	-1.335383	148	157	32	750.008
-0.261799	1.824694	1.850876	15	163	142	750.001
-2.879793	1.218453	2.777284	16	166	131	749.991
0.523599	2.637879	2.121598	147	154	0	749.957
-1.308997	1.721184	-0.153948	20	19	144	749.726
1.308997	2.724429	-0.348782	153	10	120	749.526
2.356194	0.640596	-2.797608	14	17	143	749.440
-0.785398	1.194549	-0.801900	136	164	9	749.422
-1.308997	0.290380	-0.796960	163	162	135	749.365
2.094395	0.992645	-1.723759	163	13	130	749.340
1.570796	0.910508	1.903534	164	159	26	749.312
-0.785398	0.419640	2.974122	148	10	5	749.004
0.000000	0.571433	-1.188419	147	162	34	748.952
-0.523599	1.555207	1.708892	9	31	132	748.842
0.785398	1.134497	-1.109631	155	154	22	748.775
-1.832596	1.846342	-1.796954	156	27	29	748.710
0.261799	0.866395	-2.492918	152	4	142	748.623
-1.308997	1.875281	0.107086	28	14	160	748.376
0.523599	2.295480	1.008277	14	17	125	748.329
2.094395	2.041297	-2.664597	160	14	130	748.155
2.094395	1.977582	0.969896	2	28	130	747.962
-0.261799	1.135813	-2.658866	9	148	26	747.927
-2.356194	2.299159	2.264663	27	15	165	747.809
-1.570796	0.458961	-0.107937	0	159	138	747.795
2.356194	1.045978	0.343692	149	6	10	747.757
2.617994	1.606104	-0.451151	22	19	4	747.744
-0.523599	1.909857	-0.381669	150	155	154	747.720
-1.047198	1.977582	0.969896	150	159	19	747.712
-0.785398	0.496451	0.593859	156	147	28	747.651
-0.261799	2.247462	0.191623	11	14	118	747.607
-2.617994	0.619654	-2.216909	158	24	21	747.547
1.047198	2.299159	2.264663	31	0	156	747.518
0.261799	1.504028	0.636812	156	41	7	747.472
0.000000	2.295480	1.008277	154	28	21	747.256
-1.832596	2.001437	0.381215	143	11	156	747.174
-3.141593	2.396274	-1.959260	0	159	140	747.087
1.570796	1.732874	-0.951685	9	1	123	747.073
-0.523599	1.977582	0.969896	163	12	133	746.990
-2.356194	2.115563	0.685730	22	13	150	746.907
1.047198	2.356369	3.005869	136	4	8	746.574
0.523599	0.864993	2.278281	140	32	133	746.437
-2.356194	0.700570	1.559208	150	153	38	746.410
0.000000	0.733948	3.021411	150	157	167	746.291
-2.617994	2.592629	0.909713	150	8	124	746.274
-2.879793	1.247695	1.809890	143	21	26	746.271
-2.617994	0.297065	2.160177	18	29	133	746.074
-2.617994	0.458961	-0.107937	154	165	27	745.918
-0.785398	2.180315	-1.357379	166	8	132	745.769
-0.785398	2.251330	-2.330739	163	15	129	745.756
1.570796	1.184361	0.625864	26	3	153	745.754
0.000000	0.864993	2.278281	18	16	155	745.720
-2.617994	2.349581	-2.702517	14	163	148	745.693
-2.617994	1.869911	2.701025	147	166	166	745.678
1.832596	1.413347	-1.339188	157	13	136	745.548
-0.523599	1.904882	-1.478089	165	9	133	745.440
-1.570796	1.184361	0.625864	23	151	2	745.399
-0.523599	1.256302	0.062705	148	162	155	745.334
-1.832596	1.658653	-2.409879	27	7	138	745.257
-2.356194	1.574060	2.783565	142	8	3	745.222
2.094395	0.831641	0.616218	149	9	6	745.170
-2.094395	1.904882	-1.478089	163	36	0	745.092
0.785398	2.587733	0.232235	166	139	14	745.087
2.094395	1.335669	0.897240	145	4	12	745.056
0.000000	2.760637	2.781135	152	6	146	745.037
-1.308997	2.393226	1.857173	23	22	152	744.975
1.832596	0.640596	-2.797608	18	22	148	744.951
1.308997	1.134796	2.434290	23	16	34	744.933
0.261799	2.089241	-0.114193	1	13	117	744.925
-1.047198	1.617114	-1.572037	135	6	156	744.919
-3.141593	1.134796	2.434290	16	21	20	744.836
1.047198	1.135813	-2.658866	148	30	126	744.640
-1.832596	0.961715	0.014085	2	158	144	744.613
2.879793	2.247462	0.191623	9	19	136	744.610
2.356194	0.899350	-2.069907	7	150	33	744.457
0.785398	2.760637	2.781135	156	156	145	744.285
-2.356194	0.709924	0.218797	153	166	27	744.162
-0.785398	0.615174	-0.666022	22	0	137	744.130
-3.141593	2.104282	-0.813972	152	7	145	744.084
-3.141593	1.809167	1.213774	10	29	5	744.066
2.879793	2.881233	-2.582574	22	20	137	743.991
1.570796	1.510910	-0.740472	157	157	147	743.961
-1.570796	1.050534	3.042579	150	17	16	743.905
2.617994	1.977582	0.969896	148	158	3	743.902
-1.308997	1.662363	0.915448	151	159	23	743.871
-1.047198	1.194549	-0.801900	29	17	139	743.788
-0.523599	2.588535	-2.976617	158	18	13	743.742
2.094395	1.301460	-0.509251	155	149	146	743.655
2.356194	0.571433	-1.188419	16	163	31	743.601
2.094395	2.180315	-1.357379	31	161	5	743.577
-1.308997	1.846342	-1.796954	160	11	133	743.517
-1.047198	0.960688	-0.577532	5	25	12	743.469
0.785398	2.138223	1.678323	25	16	138	743.306
2.879793	1.555207	1.708892	153	33	143	743.301
1.047198	1.662363	0.915448	19	157	22	743.285
-2.356194	1.696674	-1.253233	146	4	149	743.250
1.570796	1.683268	0.374177	20	18	136	743.225
0.785398	1.662363	0.915448	11	162	140	743.160
-2.094395	0.899350	-2.069907	2	25	42	743.147
-2.094395	2.138223	1.678323	157	13	133	743.088
-1.047198	0.850607	-1.335383	133	8	158	743.002
1.570796	1.545873	-1.877082	5	20	135	742.942
-2.879793	1.242974	-2.977882	11	152	134	742.871
1.047198	0.370812	-2.547742	166	13	116	742.759
-2.617994	1.325504	-1.671296	163	21	136	742.715
0.785398	2.393226	1.857173	142	166	31	742.629
0.523599	1.134497	-1.109631	11	5	143	742.614
1.570796	2.187132	-0.479875	161	14	117	742.600
1.832596	1.325504	-1.671296	140	164	18	742.598
1.047198	0.685216	-1.712745	18	25	150	742.526
0.261799	1.417623	-0.202254	20	162	6	742.462
2.356194	1.014500	0.906702	148	1	8	742.407
-1.570796	1.218453	2.777284	153	150	13	742.403
0.785398	2.295480	1.008277	17	21	126	742.399
0.000000	0.591903	2.010408	2	16	124	742.254
-1.570796	2.251330	-2.330739	13	18	19	742.125
0.785398	2.299159	2.264663	34	156	6	742.101
-2.879793	1.050534	3.042579	12	155	131	741.994
2.356194	2.760637	2.781135	9	15	131	741.805
1.832596	0.961715	0.014085	155	152	141	741.763
0.261799	2.247462	0.191623	159	165	136	741.677
0.000000	1.433411	-1.035986	4	3	139	741.540
2.094395	1.214854	-1.966664	161	150	136	741.527
2.879793	1.050534	3.042579	5	166	125	741.501
-3.141593	1.214854	-1.966664	155	13	129	741.490
0.000000	1.756530	-2.105156	3	8	133	741.447
1.308997	2.356369	3.005869	135	165	8	741.332
1.047198	1.909857	-0.381669	21	2	151	741.313
0.785398	2.164094	-2.991358	25	158	17	741.250
-0.261799	2.041297	-2.664597	160	21	135	741.056
2.356194	1.948085	-2.363031	13	154	139	740.970
0.523599	1.135834	-1.431087	156	154	30	740.841
-3.141593	0.850607	-1.335383	162	26	17	740.797
-1.832596	1.982574	-1.115518	149	160	146	740.735
-2.094395	0.733948	3.021411	161	167	39	740.548
-0.523599	1.134497	-1.109631	137	155	147	740.540
1.047198	1.998705	2.370472	22	0	151	740.506
2.617994	2.063651	-2.044600	148	18	10	740.451
-2.879793	1.433411	-1.035986	149	149	157	740.378
-1.832596	0.618092	2.539118	159	149	9	740.229
2.094395	2.251330	-2.330739	6	23	129	740.131
-0.523599	0.961715	0.014085	23	5	152	739.994
-0.261799	1.846342	-1.796954	14	162	141	739.884
1.308997	1.870545	-2.976234	29	166	10	739.767
-1.832596	1.756530	-2.105156	31	11	143	739.746
-0.785398	0.290380	-0.796960	16	162	133	739.704
1.570796	1.242974	-2.977882	12	10	46	739.681
1.832596	1.836682	-0.676006	27	162	165	739.401
1.308997	2.455966	-0.641220	153	13	120	739.360
-2.879793	1.998705	2.370472	25	1	159	739.333
-1.047198	1.417623	-0.202254	140	159	139	739.312
-2.094395	0.992645	-1.723759	150	25	144	739.288
1.047198	1.875281	0.107086	18	11	23	739.226
-0.785398	2.153910	-1.714959	165	8	131	739.128
1.570796	0.864993	2.278281	23	11	20	739.120
-1.570796	1.736875	3.023612	145	155	12	738.957
2.617994	2.979456	-1.009304	9	37	129	738.879
0.785398	2.407836	1.410646	145	18	19	738.863
1.308997	0.709924	0.218797	167	158	144	738.815
-2.617994	1.846342	-1.796954	161	23	133	738.749
-0.261799	2.478122	2.609777	161	10	38	738.749
2.879793	2.637879	2.121598	150	165	152	738.734
-1.832596	0.910508	1.903534	146	161	162	738.655
-2.094395	2.592629	0.909713	13	13	149	738.653
-3.141593	1.721184	-0.153948	149	167	10	738.617
0.523599	0.700570	1.559208	164	17	124	738.515
1.308997	2.984978	1.954446	25	15	143	738.430
2.356194	1.870545	-2.976234	23	19	153	738.335
2.094395	1.998705	2.370472	18	20	139	738.319
-0.785398	1.554776	0.100351	151	149	136	738.310
-0.523599	1.335669	0.897240	167	133	2	738.272
1.570796	1.998705	2.370472	164	15	38	738.116
1.308997	1.391910	3.030322	21	10	27	738.078
-0.523599	0.496451	0.593859	20	22	152	738.028
-1.308997	0.709924	0.218797	16	158	136	738.011
1.570796	1.135813	-2.658866	9	12	137	737.986
1.570796	2.719179	-1.780644	23	155	5	737.887
-2.617994	1.135834	-1.431087	150	27	144	737.848
-2.356194	1.875281	0.107086	0	3	121	737.753
0.523599	2.704512	1.488683	164	152	140	737.687
-1.047198	0.685216	-1.712745	16	16	120	737.560
-0.523599	1.574060	2.783565	148	1	151	737.466
2.617994	0.709924	0.218797	9	6	134	737.434
0.785398	0.685216	-1.712745	14	16	140	737.319
-2.094395	0.418037	1.360082	23	27	139	737.286
1.047198	1.256302	0.062705	25	11	133	737.273
-1.570796	1.741644	-2.695914	156	21	133	737.227
1.570796	0.496451	0.593859	138	162	157	737.039
1.308997	2.407836	1.410646	167	15	34	736.999
-0.261799	2.115563	0.685730	167	10	128	736.828
-0.785398	2.579248	-2.364801	0	15	128	736.812
1.047198	2.407836	1.410646	14	27	129	736.719
-1.832596	1.488617	1.159546	21	19	135	736.605
1.570796	1.555207	1.708892	147	14	5	736.518
2.094395	1.374601	-2.456031	11	19	138	736.423
-0.523599	2.063651	-2.044600	2	27	15	736.266
0.000000	1.413430	2.550734	150	156	164	736.228
2.879793	1.812176	0.656819	150	153	167	736.208
-1.832596	1.696674	-1.253233	146	162	150	736.137
-2.879793	0.419640	2.974122	150	163	157	736.069
-2.617994	1.872854	1.543456	165	32	167	735.947
-1.832596	0.615174	-0.666022	135	12	157	735.852
1.570796	1.247695	1.809890	167	0	132	735.847
2.094395	1.488617	1.159546	14	10	140	735.581
0.261799	2.404280	-0.174044	154	163	142	735.369
-0.261799	2.349581	-2.702517	138	150	160	735.306
1.047198	2.404280	-0.174044	161	20	116	735.257
-1.047198	1.948085	-2.363031	7	23	14	735.066
-1.570796	0.615174	-0.666022	133	7	158	734.903
0.261799	2.379497	0.561089	151	22	23	734.868
0.523599	0.685216	-1.712745	156	2	136	734.722
1.308997	0.080730	-2.622036	153	15	14	734.668
-1.308997	2.115563	0.685730	145	26	137	734.662
2.617994	0.850607	-1.335383	17	1	30	734.626
-2.094395	2.393226	1.857173	15	29	13	734.578
-1.570796	1.872854	1.543456	23	20	141	734.410
1.832596	2.984978	1.954446	12	10	30	734.309
1.047198	2.033014	2.977192	30	2	19	734.136
1.308997	1.168678	2.108595	134	162	146	734.129
2.356194	0.619654	-2.216909	4	12	129	734.081
-3.141593	2.979456	-1.009304	19	7	126	733.993
-1.570796	0.618092	2.539118	3	2	49	733.992
0.523599	1.504028	0.636812	150	39	7	733.958
2.617994	1.242974	-2.977882	14	17	146	733.905
1.308997	2.138223	1.678323	17	30	135	733.879
-2.094395	2.979456	-1.009304	22	17	129	733.709
-2.356194	2.247462	0.191623	148	12	154	733.665
-2.094395	2.041297	-2.664597	146	9	0	733.649
0.261799	1.045978	0.343692	6	32	139	733.643
-0.261799	2.138223	1.678323	153	148	157	733.600
-2.617994	0.850607	-1.335383	150	27	147	733.586
-1.832596	1.168678	2.108595	145	154	12	733.568
-2.617994	2.456751	-1.503343	163	16	130	733.505
2.094395	2.247462	0.191623	149	151	167	733.474
1.570796	0.080730	-2.622036	151	10	15	733.466
-1.832596	0.496451	0.593859	11	150	133	733.448
1.308997	0.591903	2.010408	162	158	27	733.193
-1.308997	1.982574	-1.115518	143	11	144	733.130
1.832596	2.404280	-0.174044	166	16	118	733.034
-0.785398	1.766067	2.153843	15	21	140	732.922
0.000000	0.899350	-2.069907	150	3	44	732.882
-0.785398	1.256302	0.062705	144	161	4	732.872
2.617994	2.719179	-1.780644	26	150	140	732.687
-1.047198	2.033014	2.977192	140	149	2	732.658
-2.094395	2.153910	-1.714959	165	10	135	732.580
-1.832596	2.033014	2.977192	136	3	165	732.502
2.094395	2.588535	-2.976617	9	15	130	732.385
0.000000	2.180315	-1.357379	159	3	31	732.279
-0.523599	1.836682	-0.676006	10	12	142	732.184
1.047198	1.510910	-0.740472	24	5	3	732.003
0.261799	0.618092	2.539118	150	5	17	731.514
-1.570796	1.721184	-0.153948	20	14	144	731.512
-2.879793	2.104282	-0.813972	160	153	146	731.502
1.047198	1.367556	0.358405	140	162	154	731.456
1.832596	1.504028	0.636812	25	19	159	731.317
-1.570796	1.301460	-0.509251	18	15	135	731.308
-1.047198	0.910508	1.903534	18	28	127	731.283
0.785398	0.370812	-2.547742	155	160	143	731.252
-1.832596	0.866955	-0.931351	155	151	5	731.209
-0.261799	1.756530	-2.105156	1	4	134	731.109
2.356194	2.637879	2.121598	15	15	137	731.102
0.785398	2.063651	-2.044600	6	11	131	731.073
2.094395	2.579248	-2.364801	137	5	6	730.799
-1.308997	2.299159	2.264663	143	144	155	730.760
-1.308997	2.379497	0.561089	164	10	123	730.624
1.308997	1.872854	1.543456	21	25	139	730.584
0.000000	2.138223	1.678323	16	6	135	730.525
2.356194	1.909857	-0.381669	23	6	154	730.460
2.356194	0.866955	-0.931351	18	167	26	730.422
2.617994	0.914445	2.687814	159	19	25	730.391
-0.261799	2.063651	-2.044600	2	7	132	730.312
-1.832596	1.554776	0.100351	144	11	164	730.270
-0.261799	1.448123	-2.163292	137	155	5	730.248
-2.094395	0.762244	-0.273349	135	8	153	730.140
2.617994	2.356369	3.005869	8	21	129	729.977
-2.356194	2.041297	-2.664597	20	151	149	729.966
-2.617994	1.948085	-2.363031	1	167	132	729.872
2.879793	1.391910	3.030322	19	7	4	729.831
2.094395	1.904882	-1.478089	163	33	139	729.797
0.785398	1.948085	-2.363031	153	47	142	729.793
1.047198	2.041297	-2.664597	160	158	41	729.722
0.000000	1.413347	-1.339188	21	4	152	729.706
2.879793	1.417623	-0.202254	163	28	19	729.625
2.617994	2.760637	2.781135	162	43	140	729.574
-3.141593	0.674054	1.013609	156	147	167	729.550
-1.047198	2.704512	1.488683	153	162	14	729.540
-2.356194	0.203748	0.590255	19	6	130	729.530
2.094395	1.909857	-0.381669	24	162	157	729.400
-2.094395	0.496451	0.593859	164	157	142	729.291
-1.308997	1.741644	-2.695914	158	19	133	729.221
0.523599	1.982574	-1.115518	15	162	147	729.154
-2.879793	1.721184	-0.153948	150	163	7	729.153
-0.261799	1.440580	2.260026	145	9	159	729.091
-0.785398	1.836682	-0.676006	165	142	5	729.079
1.047198	2.174483	2.653697	31	1	162	728.965
2.879793	0.685216	-1.712745	148	16	126	728.951
-2.094395	0.850607	-1.335383	144	1	166	728.748
2.879793	0.866395	-2.492918	154	0	24	728.703
0.785398	1.836682	-0.676006	22	3	155	728.647
-0.785398	1.696674	-1.253233	23	9	147	728.617
1.832596	1.014500	0.906702	15	27	140	728.576
-2.094395	0.591903	2.010408	149	164	28	728.568
-1.047198	1.168678	2.108595	12	21	127	728.498
-2.356194	1.545873	-1.877082	164	150	142	728.334
-2.617994	1.545873	-1.877082	150	26	139	728.331
2.094395	0.850607	-1.335383	161	15	128	728.300
-0.261799	2.108018	1.311430	160	34	17	728.249
0.785398	1.014500	0.906702	161	16	132	728.159
-1.570796	1.506530	1.988858	143	147	2	728.111
-2.356194	1.374601	-2.456031	165	31	42	728.111
-1.832596	2.108018	1.311430	24	18	145	728.106
0.785398	0.674054	1.013609	165	13	130	728.105
-2.879793	2.180315	-1.357379	161	154	143	728.099
-2.879793	2.164094	-2.991358	14	163	144	728.073
-0.261799	1.325504	-1.671296	143	0	33	728.009
-1.570796	2.115563	0.685730	145	0	165	727.976
1.570796	0.297065	2.160177	7	22	32	727.866
2.617994	0.906588	1.252948	167	9	37	727.677
1.308997	2.001437	0.381215	12	18	126	727.672
0.523599	1.450119	-2.739050	145	9	156	727.657
-2.879793	0.619654	-2.216909	11	10	139	727.484
1.570796	0.379747	-1.713059	17	16	160	727.464
-3.141593	0.992645	-1.723759	163	27	13	727.367
-1.570796	1.756530	-2.105156	29	12	142	727.357
-1.832596	2.396274	-1.959260	166	12	131	727.242
-1.832596	2.063651	-2.044600	16	3	139	727.185
2.879793	1.510910	-0.740472	19	27	8	727.126
-2.356194	1.683268	0.374177	15	164	146	726.995
0.000000	2.379497	0.561089	154	25	24	726.926
1.832596	1.741644	-2.695914	10	13	135	726.743
1.047198	1.846342	-1.796954	15	153	19	726.726
0.261799	0.960688	-0.577532	158	146	19	726.680
2.617994	0.864993	2.278281	10	167	127	726.560
-3.141593	0.866955	-0.931351	144	154	151	726.508
-1.570796	1.836682	-0.676006	145	159	153	726.492
2.094395	0.929350	-2.910676	151	160	16	726.394
2.356194	1.025536	1.576859	2	160	29	726.325
1.308997	1.875281	0.107086	18	13	24	726.307
0.523599	1.195355	1.200319	1	147	28	726.265
2.617994	2.881233	-2.582574	164	157	139	726.246
1.570796	1.450119	-2.739050	24	167	37	726.209
-3.141593	1.836682	-0.676006	13	26	2	726.207
-3.141593	0.290380	-0.796960	157	18	19	726.174
0.261799	1.870545	-2.976234	155	164	145	726.100
2.094395	2.478122	2.609777	12	16	133	726.078
-2.617994	1.683268	0.374177	11	161	146	726.078
-2.094395	1.846342	-1.796954	159	29	28	726.059
1.832596	1.574060	2.783565	167	5	125	725.976
-2.356194	1.504028	0.636812	15	165	142	725.868
-0.523599	1.870545	-2.976234	161	141	144	725.714
-0.261799	2.592629	0.909713	5	19	128	725.648
2.879793	1.242974	-2.977882	16	161	150	725.622
0.000000	0.850607	-1.335383	145	162	32	725.323
-0.785398	1.218453	2.777284	22	19	142	725.116
0.523599	1.875281	0.107086	12	10	121	725.091
-1.308997	0.831641	0.616218	146	0	9	725.071
-3.141593	0.864993	2.278281	16	19	25	725.051
-2.879793	0.899350	-2.069907	159	25	12	725.047
0.261799	1.875281	0.107086	11	8	121	725.021
2.879793	0.733948	3.021411	18	18	23	725.013
-2.879793	0.674054	1.013609	19	165	137	725.010
-2.356194	2.455966	-0.641220	148	1	145	724.886
-0.785398	1.824694	1.850876	14	23	140	724.844
1.047198	2.153910	-1.714959	15	151	13	724.756
-0.523599	0.619654	-2.216909	10	22	118	724.698
1.832596	1.909857	-0.381669	23	159	157	724.630
-2.094395	1.836682	-0.676006	144	0	151	724.596
0.523599	0.080730	-2.622036	6	11	119	724.463
-2.879793	1.128190	-2.288622	162	28	11	724.367
-2.879793	0.906588	1.252948	21	164	141	724.316
1.832596	2.247462	0.191623	6	18	127	724.101
-2.879793	0.866395	-2.492918	13	7	143	724.085
0.523599	1.736875	3.023612	23	165	5	723.748
2.617994	1.128190	-2.288622	156	4	28	723.716
1.047198	2.863997	0.549740	15	12	137	723.652
-1.308997	2.001437	0.381215	155	11	123	723.639
1.832596	2.180315	-1.357379	27	157	5	723.625
-2.094395	1.488617	1.159546	140	4	7	723.553
-1.570796	2.153910	-1.714959	0	6	138	723.528
-2.094395	0.370812	-2.547742	151	16	22	723.409
-0.523599	1.367556	0.358405	153	147	159	723.293
2.356194	2.379497	0.561089	3	13	134	723.251
-3.141593	1.301460	-0.509251	157	24	31	723.201
1.832596	1.301460	-0.509251	157	154	146	722.955
-1.047198	2.393226	1.857173	167	1	134	722.834
-1.308997	1.440580	2.260026	18	18	131	722.765
1.832596	2.393226	1.857173	167	12	34	722.739
-2.879793	0.709924	0.218797	154	0	27	722.556
2.617994	1.135813	-2.658866	2	155	41	722.515
-2.356194	1.836682	-0.676006	149	162	153	722.361
-0.523599	0.866955	-0.931351	143	167	27	722.275
-0.785398	0.370812	-2.547742	150	167	157	722.212
-0.523599	0.685216	-1.712745	13	19	120	722.109
-2.356194	1.448123	-2.163292	4	4	128	722.051
2.356194	1.998705	2.370472	162	9	38	721.980
-1.308997	1.812176	0.656819	155	12	35	721.958
1.832596	1.998705	2.370472	18	15	139	721.955
2.094395	1.732874	-0.951685	133	166	1	721.929
2.617994	1.732874	-0.951685	26	13	10	721.920
0.261799	0.866955	-0.931351	11	18	138	721.871
-2.094395	1.168678	2.108595	142	19	10	721.545
-1.047198	1.812176	0.656819	23	163	10	721.366
-1.832596	2.089241	-0.114193	24	3	160	721.318
-2.879793	2.588535	-2.976617	4	13	132	721.317
-0.523599	0.618092	2.539118	3	161	129	721.258
0.261799	2.180315	-1.357379	10	151	144	721.185
-1.047198	2.299159	2.264663	23	23	150	721.122
-3.141593	1.569311	-3.003978	7	160	135	721.117
-2.617994	0.685216	-1.712745	157	23	23	721.102
0.000000	2.456751	-1.503343	5	10	130	721.045
-2.617994	2.089241	-0.114193	149	164	12	721.013
1.832596	0.618092	2.539118	148	155	165	721.008
-0.785398	0.961715	0.014085	144	167	15	720.952
-2.356194	1.488617	1.159546	20	11	135	720.908
-1.570796	0.733948	3.021411	152	18	19	720.844
2.356194	1.741644	-2.695914	14	24	136	720.798
-1.570796	0.914445	2.687814	162	147	18	720.786
2.879793	1.569311	-3.003978	15	16	151	720.715
0.523599	2.108018	1.311430	22	13	132	720.562
-2.356194	0.591903	2.010408	147	167	28	720.525
-1.570796	1.732874	-0.951685	144	159	154	720.442
-1.047198	0.992645	-1.723759	153	16	37	720.349
2.356194	1.766067	2.153843	4	0	130	720.242
-2.879793	1.662363	0.915448	6	156	142	720.219
1.570796	1.948085	-2.363031	140	30	142	720.112
0.523599	1.869911	2.701025	23	2	162	720.071
0.000000	0.961715	0.014085	153	154	157	720.058
-2.094395	1.555207	1.708892	18	11	133	720.026
2.879793	2.393226	1.857173	20	15	11	720.008
-2.879793	2.719179	-1.780644	17	1	27	719.838
-2.617994	1.335669	0.897240	138	17	3	719.667
-1.832596	0.458961	-0.107937	167	158	137	719.510
0.261799	1.195355	1.200319	164	23	131	719.487
1.832596	0.290380	-0.796960	14	156	33	719.453
2.094395	0.370812	-2.547742	15	8	142	719.442
1.308997	2.251330	-2.330739	165	27	133	719.413
-1.832596	0.914445	2.687814	159	148	17	719.350
-1.832596	2.724429	-0.348782	15	11	123	719.336
-3.141593	1.242974	-2.977882	7	164	127	719.215
-1.308997	1.699788	2.452890	22	17	136	719.041
-2.617994	1.247695	1.809890	142	14	25	719.040
-0.523599	0.899350	-2.069907	150	13	44	719.032
-0.261799	2.089241	-0.114193	3	11	117	719.024
2.617994	2.041297	-2.664597	11	24	133	718.800
0.000000	2.033014	2.977192	151	8	143	718.713
2.617994	0.458961	-0.107937	149	144	152	718.654
-2.356194	1.756530	-2.105156	163	26	34	718.638
1.047198	2.164094	-2.991358	29	164	15	718.602
-1.570796	0.866955	-0.931351	147	159	2	718.574
2.094395	2.704512	1.488683	16	20	137	718.279
2.094395	0.700570	1.559208	163	159	27	718.020
