128	1.2	0
-3.141593	1.756530	-2.105156
-2.190939	1.483268	-1.756233
../4v4m_monomer_m.pdb	87.039	83.669	-87.715
../4v4m_monomer_m.pdb	113.163	-32.780	96.836
-0.261799	1.045978	0.343692	27	122	21	1142.958
1.570796	2.455966	-0.641220	22	119	111	1044.204
0.523599	2.579248	-2.364801	15	116	104	1020.897
1.308997	2.295480	1.008277	123	105	0	983.560
1.832596	2.089241	-0.114193	25	120	117	983.197
1.308997	2.587733	0.232235	8	7	110	980.037
-1.308997	0.458961	-0.107937	119	110	10	953.893
0.261799	0.685216	-1.712745	118	9	117	950.428
2.094395	1.050534	3.042579	121	8	110	946.881
2.617994	1.247695	1.809890	113	20	115	945.457
-3.141593	1.242974	-2.977882	105	1	113	928.570
0.785398	1.904882	-1.478089	22	16	117	921.736
2.617994	0.615174	-0.666022	122	20	9	920.066
-0.785398	2.187132	-0.479875	18	113	122	918.832
1.570796	2.187132	-0.479875	24	118	116	905.942
1.047198	2.719179	-1.780644	17	120	105	894.935
-2.879793	1.325504	-1.671296	116	112	7	894.705
-2.617994	2.251330	-2.330739	20	119	113	894.541
-1.308997	0.831641	0.616218	3	14	120	894.191
-2.356194	2.984978	1.954446	106	127	115	890.545
-1.047198	2.295480	1.008277	107	114	13	888.479
0.000000	0.960688	-0.577532	35	123	10	886.798
0.261799	1.184361	0.625864	120	104	17	884.554
0.000000	0.762244	-0.273349	33	126	15	879.016
1.570796	0.640596	-2.797608	127	12	114	873.973
-2.094395	1.247695	1.809890	127	24	125	872.891
1.832596	1.242974	-2.977882	124	10	110	871.890
1.570796	2.001437	0.381215	122	113	16	871.352
1.047198	1.904882	-1.478089	19	18	117	869.572
-0.523599	2.393226	1.857173	107	114	8	868.444
-2.356194	1.904882	-1.478089	111	20	127	862.168
-2.879793	2.592629	0.909713	107	1	114	860.830
-2.879793	0.418037	1.360082	115	117	20	858.896
0.523599	2.760637	2.781135	108	13	113	856.995
-0.785398	1.134796	2.434290	127	104	16	856.563
-2.356194	2.073035	2.027405	25	3	118	856.511
-0.523599	2.138223	1.678323	109	17	126	855.687
-1.308997	1.214854	-1.966664	106	125	110	854.457
-2.617994	2.343981	-1.040456	120	21	118	853.749
-1.832596	0.674054	1.013609	3	15	121	851.488
-1.570796	1.870545	-2.976234	3	18	111	850.066
-3.141593	2.164094	-2.991358	104	120	118	847.196
0.261799	1.113094	-0.272241	26	125	3	846.375
1.047198	1.870545	-2.976234	122	12	112	842.599
-2.879793	2.396274	-1.959260	123	21	120	839.227
0.261799	0.418037	1.360082	101	117	2	838.609
-1.570796	1.488617	1.159546	113	122	23	838.534
0.000000	2.153910	-1.714959	118	125	106	837.795
1.570796	0.929350	-2.910676	123	11	113	836.803
-0.261799	2.153910	-1.714959	117	124	106	836.222
-1.308997	0.992645	-1.723759	105	122	113	835.925
-2.356194	0.418037	1.360082	9	13	121	835.564
-2.879793	1.766067	2.153843	25	10	118	833.712
-1.570796	2.356369	3.005869	4	19	109	833.534
1.047198	1.242974	-2.977882	2	11	113	832.928
1.832596	0.850607	-1.335383	23	3	127	830.783
-1.570796	2.251330	-2.330739	124	12	119	830.712
2.356194	1.448123	-2.163292	33	17	123	830.418
-2.094395	1.506530	1.988858	127	19	22	825.330
0.261799	1.732874	-0.951685	26	3	120	825.071
-2.879793	1.872854	1.543456	27	1	125	824.727
-1.832596	2.041297	-2.664597	10	10	109	822.968
-0.261799	2.881233	-2.582574	127	28	125	822.746
1.832596	2.455966	-0.641220	25	117	116	822.483
0.261799	0.379747	-1.713059	122	110	2	822.075
-1.047198	1.374601	-2.456031	105	2	108	820.205
0.785398	2.456751	-1.503343	17	23	122	819.291
-3.141593	2.579248	-2.364801	19	112	122	818.159
-2.094395	0.418037	1.360082	14	15	120	817.528
1.047198	2.588535	-2.976617	109	113	118	815.691
0.785398	1.391910	3.030322	127	10	113	815.645
0.000000	1.510910	-0.740472	28	119	124	813.251
1.832596	0.591903	2.010408	3	102	18	812.405
0.000000	0.733948	3.021411	27	2	124	812.299
1.832596	0.733948	3.021411	4	116	19	810.877
2.879793	2.063651	-2.044600	13	126	112	810.871
2.879793	1.488617	1.159546	123	20	116	810.709
-1.570796	0.850607	-1.335383	101	121	121	810.147
1.047198	1.736875	3.023612	120	9	110	810.061
2.356194	0.733948	3.021411	127	10	110	809.760
1.832596	2.478122	2.609777	6	24	122	809.730
0.261799	1.696674	-1.253233	29	4	118	809.349
0.261799	2.588535	-2.976617	10	115	102	809.067
1.308997	0.640596	-2.797608	1	11	114	806.348
-2.356194	0.910508	1.903534	1	22	124	804.082
1.308997	1.875281	0.107086	125	116	22	803.985
1.832596	2.396274	-1.959260	5	19	112	803.755
2.356194	1.506530	1.988858	117	23	118	803.215
-0.261799	0.929350	-2.910676	24	119	125	802.824
-1.832596	2.356369	3.005869	8	18	109	802.585
0.261799	1.242974	-2.977882	116	7	103	801.462
0.785398	2.180315	-1.357379	22	18	119	800.575
2.879793	1.247695	1.809890	113	9	22	799.881
-0.523599	1.448123	-2.163292	122	102	11	799.577
-3.141593	0.297065	2.160177	4	122	28	798.768
-2.617994	2.592629	0.909713	107	0	114	798.672
1.832596	0.929350	-2.910676	126	10	108	798.384
1.308997	1.135813	-2.658866	121	112	123	798.357
-1.308997	0.419640	2.974122	120	119	29	797.853
-1.832596	0.685216	-1.712745	29	127	9	797.698
1.308997	1.569311	-3.003978	121	10	110	796.806
-3.141593	1.555207	1.708892	104	14	115	796.594
-1.047198	2.108018	1.311430	106	117	15	795.962
-0.785398	2.407836	1.410646	106	114	10	795.759
-2.094395	2.984978	1.954446	106	125	115	795.427
0.000000	1.113094	-0.272241	32	126	8	793.968
2.879793	0.615174	-0.666022	121	11	121	792.968
0.000000	2.115563	0.685730	27	121	4	792.814
-0.261799	2.637879	2.121598	109	115	8	792.358
1.047198	2.349581	-2.702517	113	114	118	792.332
2.094395	1.766067	2.153843	125	27	125	792.027
1.308997	2.001437	0.381215	124	113	19	790.025
-1.832596	2.588535	-2.976617	13	12	107	789.855
1.308997	1.504028	0.636812	115	111	18	789.344
2.094395	0.458961	-0.107937	124	11	123	789.219
-0.261799	0.762244	-0.273349	14	18	125	789.173
-2.879793	1.555207	1.708892	112	17	21	788.526
1.832596	0.496451	0.593859	110	110	18	788.405
-2.617994	1.875281	0.107086	106	22	124	788.117
1.047198	1.391910	3.030322	125	9	112	787.847
-1.570796	0.379747	-1.713059	32	4	5	787.030
1.832596	1.569311	-3.003978	117	9	111	786.278
2.617994	1.998705	2.370472	110	20	117	786.117
1.308997	1.736875	3.023612	118	8	110	786.070
-2.617994	2.063651	-2.044600	13	121	112	783.919
0.261799	1.050534	3.042579	25	123	119	783.570
1.047198	2.404280	-0.174044	1	115	19	783.513
1.832596	0.640596	-2.797608	127	13	112	783.295
2.879793	1.977582	0.969896	122	14	110	782.172
0.261799	2.719179	-1.780644	5	26	123	781.727
-1.308997	0.290380	-0.796960	15	5	123	780.863
1.570796	1.242974	-2.977882	126	10	110	780.351
-2.094395	2.356369	3.005869	11	16	109	779.682
-2.094395	2.455966	-0.641220	7	18	108	778.271
-1.832596	1.870545	-2.976234	7	15	109	778.264
1.308997	0.496451	0.593859	109	112	0	776.316
1.308997	2.760637	2.781135	15	0	108	776.290
-2.094395	0.866955	-0.931351	98	126	125	776.010
-0.523599	1.846342	-1.796954	108	122	113	775.075
0.261799	2.153910	-1.714959	23	11	113	774.488
0.261799	1.683268	0.374177	23	119	126	774.487
-1.047198	1.699788	2.452890	95	8	13	774.173
1.308997	2.164094	-2.991358	113	8	107	774.149
-1.832596	0.850607	-1.335383	98	125	122	772.916
1.832596	2.063651	-2.044600	13	17	108	772.706
-0.785398	1.766067	2.153843	95	2	16	771.562
-1.832596	0.379747	-1.713059	31	2	5	771.149
2.356194	1.875281	0.107086	111	18	4	770.776
-2.617994	1.413347	-1.339188	113	120	21	770.068
-2.879793	2.153910	-1.714959	10	0	112	769.729
0.261799	2.579248	-2.364801	109	17	110	769.154
2.879793	1.870545	-2.976234	104	127	115	767.529
1.832596	2.187132	-0.479875	27	115	121	766.990
-3.141593	1.554776	0.100351	105	12	126	766.653
-1.047198	2.153910	-1.714959	17	111	105	766.640
1.832596	1.135834	-1.431087	4	24	116	765.946
0.785398	2.164094	-2.991358	114	13	106	765.631
1.308997	1.870545	-2.976234	118	11	111	765.549
0.785398	1.450119	-2.739050	8	17	1	765.046
-1.047198	1.014500	0.906702	0	18	123	764.760
-2.094395	0.685216	-1.712745	29	127	9	764.700
-2.094395	1.242974	-2.977882	117	20	109	764.601
0.261799	1.417623	-0.202254	20	113	127	764.185
1.308997	2.089241	-0.114193	1	117	21	763.998
0.523599	1.335669	0.897240	115	7	118	763.536
-2.617994	2.001437	0.381215	102	2	124	763.470
-1.308997	2.115563	0.685730	108	114	17	762.646
0.523599	2.396274	-1.959260	105	6	121	762.592
0.261799	2.396274	-1.959260	106	7	121	762.351
-2.094395	0.370812	-2.547742	18	120	30	762.023
-0.523599	1.488617	1.159546	121	19	3	760.783
-0.785398	0.674054	1.013609	104	8	122	758.684
-0.785398	2.033014	2.977192	15	1	111	758.541
-2.617994	0.733948	3.021411	105	12	117	758.485
1.047198	1.569311	-3.003978	126	11	112	758.356
-0.523599	1.736875	3.023612	100	11	112	758.317
1.308997	0.418037	1.360082	111	105	12	758.079
-0.261799	2.379497	0.561089	26	124	4	757.287
-1.308997	2.724429	-0.348782	15	116	121	757.100
-0.261799	2.588535	-2.976617	105	17	112	756.937
-0.785398	1.736875	3.023612	102	15	113	756.785
-1.308997	1.374601	-2.456031	105	5	108	756.639
-3.141593	1.417623	-0.202254	98	16	7	756.542
-1.308997	1.335669	0.897240	127	17	125	756.443
-1.570796	2.760637	2.781135	101	125	117	755.940
-1.047198	1.875281	0.107086	112	103	13	755.301
-1.570796	0.733948	3.021411	11	115	34	754.852
-1.832596	2.174483	2.653697	3	23	113	754.503
0.523599	2.719179	-1.780644	0	21	109	754.474
-1.047198	1.872854	1.543456	110	117	16	754.325
0.523599	1.824694	1.850876	31	126	118	754.181
1.047198	1.721184	-0.153948	1	120	26	754.164
-1.047198	0.674054	1.013609	109	13	122	754.010
-2.617994	1.741644	-2.695914	119	109	125	753.812
0.000000	2.637879	2.121598	102	111	126	753.572
1.570796	1.134497	-1.109631	7	25	121	753.249
-1.047198	2.456751	-1.503343	35	119	122	753.199
2.879793	1.555207	1.708892	109	16	111	753.178
-1.047198	0.709924	0.218797	2	14	121	752.986
2.094395	0.419640	2.974122	5	118	24	752.132
2.094395	1.875281	0.107086	23	120	112	751.174
-1.308997	0.379747	-1.713059	33	7	5	751.148
-1.832596	2.180315	-1.357379	103	16	123	750.817
1.570796	1.736875	3.023612	116	7	111	750.640
-0.785398	2.115563	0.685730	120	113	29	750.083
-3.141593	2.089241	-0.114193	101	5	125	749.074
-1.308997	1.128190	-2.288622	103	3	111	749.071
-1.308997	1.450119	-2.739050	106	10	109	749.068
-2.356194	2.180315	-1.357379	113	20	122	748.695
-2.094395	0.591903	2.010408	113	17	119	748.032
-2.094395	2.664082	-1.071402	113	22	121	747.617
-1.308997	0.619654	-2.216909	30	127	6	747.588
0.785398	1.736875	3.023612	125	11	114	747.487
1.570796	2.180315	-1.357379	126	24	113	747.276
-3.141593	2.356369	3.005869	108	116	119	747.104
1.570796	1.569311	-3.003978	118	9	110	747.002
0.523599	1.417623	-0.202254	25	118	1	746.981
1.570796	0.831641	0.616218	106	111	16	746.731
2.094395	2.881233	-2.582574	27	8	120	746.205
-1.570796	1.869911	2.701025	124	24	114	746.127
-2.617994	2.719179	-1.780644	119	20	115	746.119
-1.047198	1.766067	2.153843	96	6	16	745.692
2.879793	1.242974	-2.977882	105	3	113	745.437
-0.261799	1.846342	-1.796954	110	120	113	745.383
0.261799	2.033014	2.977192	8	7	109	744.855
0.785398	2.588535	-2.976617	118	16	113	744.803
-2.356194	2.393226	1.857173	102	5	115	744.384
-3.141593	1.488617	1.159546	119	20	116	744.233
-1.047198	2.115563	0.685730	113	113	22	744.189
1.047198	2.760637	2.781135	18	125	107	743.737
-0.785398	2.456751	-1.503343	37	121	123	743.693
1.308997	1.741644	-2.695914	118	114	0	743.273
-2.094395	1.904882	-1.478089	107	18	127	743.259
0.261799	2.760637	2.781135	111	16	114	743.255
2.094395	2.174483	2.653697	4	25	125	743.223
0.261799	1.756530	-2.105156	110	115	119	743.135
-3.141593	2.456751	-1.503343	125	22	118	742.955
2.094395	2.153910	-1.714959	9	20	110	742.758
2.356194	2.174483	2.653697	121	24	122	742.621
2.879793	2.251330	-2.330739	17	121	113	742.544
-1.570796	0.418037	1.360082	110	15	120	742.494
-0.261799	1.367556	0.358405	25	118	17	741.862
0.261799	0.733948	3.021411	26	123	123	741.716
-1.047198	2.407836	1.410646	115	20	2	741.552
2.356194	1.766067	2.153843	118	24	120	741.536
0.785398	2.407836	1.410646	97	123	3	741.353
1.308997	1.812176	0.656819	117	109	13	741.128
-2.617994	2.393226	1.857173	102	7	116	741.005
-1.570796	1.574060	2.783565	115	23	113	740.846
0.523599	1.247695	1.809890	23	122	21	740.803
0.261799	0.899350	-2.069907	6	6	104	740.782
-0.261799	2.579248	-2.364801	0	18	105	740.574
-2.617994	1.836682	-0.676006	113	18	115	740.357
0.000000	2.349581	-2.702517	106	13	108	740.301
-2.617994	2.637879	2.121598	104	7	114	739.989
-2.356194	2.063651	-2.044600	16	121	112	739.957
-1.308997	0.674054	1.013609	111	15	120	739.828
2.879793	1.417623	-0.202254	102	18	8	739.649
-1.308997	1.977582	0.969896	107	117	18	739.302
-2.617994	1.335669	0.897240	3	22	115	739.060
-3.141593	0.700570	1.559208	10	113	23	738.422
-0.785398	1.218453	2.777284	19	119	119	738.386
-0.785398	0.864993	2.278281	10	106	24	738.337
-1.308997	2.396274	-1.959260	123	2	103	738.253
-0.261799	1.218453	2.777284	3	121	105	738.177
0.261799	1.128190	-2.288622	2	8	102	737.454
1.832596	0.618092	2.539118	11	104	17	737.266
-0.785398	1.699788	2.452890	94	3	13	737.260
-2.356194	2.637879	2.121598	103	4	115	735.991
-0.261799	1.194549	-0.801900	107	109	2	735.916
0.261799	1.904882	-1.478089	26	6	114	735.892
-0.785398	1.824694	1.850876	113	118	18	735.808
-0.523599	2.089241	-0.114193	25	114	3	735.618
-1.047198	2.349581	-2.702517	5	14	104	735.165
1.308997	1.391910	3.030322	123	10	112	734.503
-1.570796	2.579248	-2.364801	102	124	108	734.409
1.308997	2.379497	0.561089	115	111	11	734.156
2.879793	2.863997	0.549740	107	127	115	733.521
-1.308997	2.356369	3.005869	123	19	105	733.393
-2.617994	1.756530	-2.105156	11	126	110	733.091
-0.261799	2.478122	2.609777	117	109	122	732.768
-1.832596	2.033014	2.977192	10	16	107	732.677
-2.356194	0.619654	-2.216909	17	125	32	732.630
0.261799	0.960688	-0.577532	36	127	9	731.264
2.879793	2.356369	3.005869	106	118	118	731.176
-1.570796	1.696674	-1.253233	115	113	21	730.993
-2.356194	2.349581	-2.702517	28	119	114	730.466
1.570796	2.251330	-2.330739	4	19	113	730.453
2.094395	0.961715	0.014085	116	13	127	730.056
-2.356194	1.836682	-0.676006	110	14	114	730.001
1.047198	2.187132	-0.479875	3	118	22	730.000
1.832596	1.554776	0.100351	120	15	0	729.634
-0.261799	1.683268	0.374177	26	121	9	729.564
0.523599	0.419640	2.974122	27	119	124	729.398
-1.308997	1.440580	2.260026	14	121	116	729.015
-2.356194	1.599406	1.426070	118	13	29	728.830
-0.785398	0.700570	1.559208	104	2	119	728.701
-3.141593	1.310100	1.488307	106	16	114	728.435
-1.047198	2.760637	2.781135	123	29	125	728.164
-2.617994	1.872854	1.543456	27	3	126	728.083
1.308997	2.104282	-0.813972	8	28	4	727.961
-1.570796	1.846342	-1.796954	106	107	3	727.602
-2.356194	2.343981	-1.040456	117	21	117	727.303
-2.617994	1.606104	-0.451151	97	115	1	726.672
0.000000	0.290380	-0.796960	1	13	114	726.365
-0.785398	2.579248	-2.364801	7	13	106	725.730
-2.356194	2.456751	-1.503343	11	121	115	725.281
1.570796	1.554776	0.100351	2	19	10	724.942
1.308997	2.588535	-2.976617	0	3	20	724.724
-1.308997	2.760637	2.781135	103	122	116	724.543
-2.356194	2.153910	-1.714959	111	19	124	723.354
-3.141593	1.599406	1.426070	106	14	111	722.713
2.617994	1.555207	1.708892	113	19	112	722.611
1.047198	2.164094	-2.991358	118	13	112	722.542
-1.570796	1.128190	-2.288622	5	125	32	722.324
0.523599	1.904882	-1.478089	25	10	115	722.046
-0.523599	2.153910	-1.714959	111	124	110	721.203
0.523599	1.440580	2.260026	112	113	19	720.634
-3.141593	1.134796	2.434290	5	23	120	720.569
0.523599	1.699788	2.452890	107	112	13	720.455
2.617994	1.948085	-2.363031	23	126	118	720.365
-0.523599	2.063651	-2.044600	107	124	111	720.212
-2.094395	0.906588	1.252948	5	13	116	720.146
1.308997	2.247462	0.191623	127	114	16	720.039
1.570796	2.379497	0.561089	117	112	11	719.985
-2.617994	1.658653	-2.409879	119	109	1	719.831
1.308997	1.606104	-0.451151	7	22	2	718.754
-2.617994	2.180315	-1.357379	117	22	123	718.609
0.785398	2.478122	2.609777	20	120	110	718.257
1.308997	2.979456	-1.009304	126	24	114	718.133
1.570796	2.343981	-1.040456	28	115	122	717.961
0.785398	2.033014	2.977192	118	14	117	717.941
-0.785398	2.349581	-2.702517	115	16	109	717.711
-1.047198	1.450119	-2.739050	104	8	109	717.510
-0.785398	0.571433	-1.188419	111	107	2	717.394
1.570796	2.760637	2.781135	15	0	108	717.237
2.094395	1.310100	1.488307	11	110	117	717.220
-1.832596	2.478122	2.609777	0	22	110	716.979
-2.094395	0.619654	-2.216909	16	127	31	716.976
-0.261799	1.256302	0.062705	29	120	16	716.809
-0.785398	0.914445	2.687814	8	111	28	716.701
-2.617994	0.866395	-2.492918	114	23	116	716.619
-2.094395	1.310100	1.488307	26	6	125	716.244
-2.879793	0.831641	0.616218	0	22	116	716.133
-2.356194	1.812176	0.656819	95	19	1	715.988
2.617994	1.025536	1.576859	116	23	116	715.573
1.308997	1.683268	0.374177	120	114	22	715.455
-1.047198	1.448123	-2.163292	109	127	107	715.338
1.308997	2.396274	-1.959260	20	109	121	715.054
1.308997	2.664082	-1.071402	19	118	108	714.978
1.308997	1.450119	-2.739050	120	113	2	714.842
-0.785398	2.588535	-2.976617	32	9	125	714.661
2.094395	0.910508	1.903534	23	115	122	714.256
-0.523599	1.325504	-1.671296	104	120	123	714.002
0.523599	1.134796	2.434290	126	5	110	713.895
-2.617994	1.433411	-1.035986	103	124	22	713.817
-1.308997	2.588535	-2.976617	7	17	107	713.675
2.356194	2.404280	-0.174044	107	20	127	713.369
-1.308997	1.025536	1.576859	112	10	114	712.831
-1.832596	0.866955	-0.931351	101	123	123	712.544
0.261799	2.174483	2.653697	17	103	124	712.499
-0.523599	1.766067	2.153843	108	126	19	712.493
0.000000	1.413347	-1.339188	112	105	14	712.456
-0.785398	0.992645	-1.723759	108	116	115	712.357
1.308997	2.455966	-0.641220	111	21	25	712.350
-0.523599	1.440580	2.260026	2	101	11	712.191
-1.308997	2.295480	1.008277	97	118	11	712.000
-0.261799	0.961715	0.014085	14	20	2	711.843
-2.879793	0.640596	-2.797608	124	26	118	711.778
1.832596	0.961715	0.014085	118	15	127	711.749
-1.570796	1.766067	2.153843	97	11	15	711.604
-2.879793	0.899350	-2.069907	113	23	117	711.253
0.261799	2.180315	-1.357379	26	9	116	710.965
-0.523599	0.906588	1.252948	103	4	120	710.553
1.832596	2.299159	2.264663	4	27	124	710.484
0.000000	1.977582	0.969896	26	122	8	710.289
-2.356194	1.977582	0.969896	15	6	108	710.262
0.785398	0.674054	1.013609	103	115	3	709.808
-0.785398	1.195355	1.200319	108	9	116	709.714
1.308997	0.370812	-2.547742	4	114	23	709.501
-0.261799	2.001437	0.381215	25	115	9	709.452
-1.832596	1.824694	1.850876	94	119	126	709.152
-0.261799	1.310100	1.488307	114	20	0	709.105
1.570796	2.881233	-2.582574	90	122	120	709.029
-1.832596	0.418037	1.360082	8	21	122	708.928
2.094395	2.115563	0.685730	124	111	8	708.785
0.523599	0.709924	0.218797	102	125	123	708.318
-0.523599	2.704512	1.488683	106	113	10	708.187
2.356194	1.998705	2.370472	114	21	117	708.043
1.047198	2.664082	-1.071402	5	21	112	707.935
-1.832596	1.658653	-2.409879	108	11	109	707.845
-1.308997	1.510910	-0.740472	120	110	25	707.600
1.570796	0.850607	-1.335383	22	12	119	707.598
0.785398	2.579248	-2.364801	16	120	103	707.416
-1.047198	1.977582	0.969896	109	114	19	707.338
-1.570796	1.662363	0.915448	106	120	21	707.315
0.523599	2.478122	2.609777	30	3	118	707.283
0.000000	0.899350	-2.069907	109	117	25	707.283
-0.261799	1.766067	2.153843	103	119	17	707.268
-3.141593	1.325504	-1.671296	107	112	124	707.186
-2.356194	0.379747	-1.713059	20	3	29	707.076
-0.785398	1.413430	2.550734	121	103	15	707.058
1.308997	1.134796	2.434290	117	100	8	706.969
-0.261799	2.760637	2.781135	4	14	111	706.882
-2.356194	1.696674	-1.253233	101	122	19	706.730
-3.141593	2.001437	0.381215	23	127	110	706.612
-0.523599	0.866395	-2.492918	26	119	2	706.208
2.617994	1.374601	-2.456031	34	18	125	705.758
-2.879793	2.393226	1.857173	33	6	124	705.302
0.000000	1.699788	2.452890	6	8	114	705.089
-1.570796	0.866395	-2.492918	9	122	32	704.888
-1.570796	0.619654	-2.216909	126	10	121	704.429
2.356194	2.001437	0.381215	115	16	125	704.221
1.308997	0.618092	2.539118	1	100	12	704.202
-3.141593	1.870545	-2.976234	108	123	110	703.671
0.261799	2.478122	2.609777	110	111	1	703.542
1.570796	1.367556	0.358405	115	114	20	703.538
-0.523599	2.579248	-2.364801	4	16	105	703.458
-1.308997	1.870545	-2.976234	115	15	106	703.384
0.261799	1.194549	-0.801900	36	124	4	702.964
0.785398	2.356369	3.005869	109	109	121	702.484
-2.356194	2.089241	-0.114193	109	15	111	702.363
-2.879793	0.850607	-1.335383	124	17	1	702.298
2.356194	1.247695	1.809890	117	23	116	702.278
-1.047198	2.579248	-2.364801	99	118	118	702.200
-1.308997	0.866395	-2.492918	27	121	8	702.156
-0.523599	0.591903	2.010408	20	109	25	701.845
-2.356194	0.929350	-2.910676	118	23	113	701.753
2.879793	2.456751	-1.503343	19	10	115	701.386
-1.308997	0.571433	-1.188419	16	126	120	701.321
1.047198	1.195355	1.200319	7	127	29	701.301
1.308997	0.674054	1.013609	115	109	22	701.191
0.523599	2.153910	-1.714959	21	14	114	701.171
-0.261799	1.214854	-1.966664	109	114	117	700.986
1.047198	2.247462	0.191623	4	114	24	700.986
-0.785398	0.899350	-2.069907	113	102	14	700.862
0.000000	0.866395	-2.492918	6	117	29	700.856
2.356194	0.910508	1.903534	25	118	122	700.826
-1.832596	0.458961	-0.107937	123	104	17	700.797
-0.523599	0.419640	2.974122	25	126	126	700.626
-3.141593	2.251330	-2.330739	18	121	113	700.358
1.047198	1.982574	-1.115518	22	19	121	700.233
2.617994	0.685216	-1.712745	124	25	119	700.132
0.785398	2.187132	-0.479875	3	118	22	700.008
0.000000	1.506530	1.988858	107	15	123	699.896
-1.308997	1.574060	2.783565	21	8	117	699.450
-0.523599	2.247462	0.191623	22	114	3	699.356
0.000000	2.579248	-2.364801	112	17	110	699.232
-0.523599	0.992645	-1.723759	106	114	123	699.179
-1.570796	0.370812	-2.547742	13	0	30	698.979
-1.570796	0.992645	-1.723759	104	125	113	698.774
0.261799	0.619654	-2.216909	111	121	26	698.699
-1.570796	1.417623	-0.202254	117	105	24	698.652
-1.308997	1.812176	0.656819	111	115	22	698.583
2.879793	2.089241	-0.114193	100	8	0	698.566
2.094395	0.618092	2.539118	127	117	24	698.531
-1.570796	1.504028	0.636812	112	117	25	698.438
-2.356194	1.617114	-1.572037	103	119	17	698.385
1.832596	1.256302	0.062705	127	19	10	698.275
-0.523599	0.700570	1.559208	96	2	1	697.880
1.832596	2.664082	-1.071402	32	1	119	697.834
0.261799	1.335669	0.897240	116	7	117	697.826
2.879793	2.719179	-1.780644	26	11	120	697.791
-0.785398	1.872854	1.543456	112	116	19	697.673
2.879793	1.310100	1.488307	113	19	113	697.638
-1.570796	1.809167	1.213774	116	23	6	697.506
1.047198	1.247695	1.809890	23	7	114	697.395
-0.523599	2.881233	-2.582574	105	122	116	697.370
-2.094395	1.721184	-0.153948	123	15	101	697.263
2.617994	0.591903	2.010408	13	110	22	697.109
-0.523599	1.836682	-0.676006	94	122	123	696.171
-2.617994	1.846342	-1.796954	8	124	113	696.072
2.356194	0.929350	-2.910676	105	8	118	695.773
1.308997	2.115563	0.685730	121	108	12	695.687
-2.879793	2.247462	0.191623	100	5	125	695.642
0.785398	1.440580	2.260026	111	110	18	695.547
2.617994	1.875281	0.107086	106	17	4	695.537
-1.047198	0.370812	-2.547742	31	127	3	695.453
-1.047198	2.719179	-1.780644	2	11	123	695.377
-0.261799	1.554776	0.100351	28	115	16	695.355
-2.617994	2.704512	1.488683	105	2	114	695.303
-1.832596	1.335669	0.897240	112	121	25	695.268
2.094395	1.569311	-3.003978	111	9	115	695.160
1.832596	1.134497	-1.109631	0	25	120	694.963
-2.879793	1.413347	-1.339188	99	126	19	694.915
1.832596	2.404280	-0.174044	107	7	123	694.758
2.094395	1.214854	-1.966664	10	4	105	694.627
-2.356194	1.413347	-1.339188	105	118	19	694.605
0.000000	0.571433	-1.188419	43	127	5	694.496
1.570796	2.404280	-0.174044	3	115	18	694.495
0.000000	2.174483	2.653697	121	105	2	694.278
2.617994	2.174483	2.653697	117	23	122	694.074
0.261799	1.554776	0.100351	19	116	125	693.838
-1.570796	1.374601	-2.456031	106	7	108	693.786
-1.832596	0.640596	-2.797608	14	121	34	693.544
-0.785398	2.108018	1.311430	108	113	16	693.468
-1.047198	1.195355	1.200319	109	11	115	693.465
-2.094395	1.812176	0.656819	91	15	1	693.386
0.000000	1.574060	2.783565	93	125	114	693.362
2.879793	0.992645	-1.723759	117	24	116	693.158
-1.308997	0.850607	-1.335383	103	118	121	693.136
-2.094395	1.574060	2.783565	16	20	113	692.809
2.617994	2.251330	-2.330739	27	7	119	692.781
1.308997	2.180315	-1.357379	26	110	125	692.660
-2.879793	2.108018	1.311430	125	116	10	692.582
2.879793	1.662363	0.915448	2	16	111	692.534
-1.570796	0.591903	2.010408	105	10	118	692.301
1.570796	1.450119	-2.739050	114	18	126	692.293
-1.570796	1.904882	-1.478089	111	110	15	691.878
0.261799	1.135813	-2.658866	121	7	102	691.876
-2.879793	1.014500	0.906702	109	18	111	691.823
1.570796	2.115563	0.685730	119	110	10	691.798
2.356194	2.379497	0.561089	23	8	112	691.687
2.879793	2.041297	-2.664597	1	18	103	691.577
-1.832596	2.579248	-2.364801	93	10	126	691.546
-1.047198	2.001437	0.381215	121	112	30	691.199
2.879793	0.899350	-2.069907	115	17	104	691.080
-1.570796	1.195355	1.200319	0	18	122	691.074
-2.879793	2.637879	2.121598	105	14	117	690.831
-0.523599	0.762244	-0.273349	3	13	121	690.827
-2.879793	1.450119	-2.739050	15	7	107	690.818
-3.141593	0.619654	-2.216909	119	24	115	690.559
-1.308997	2.063651	-2.044600	122	2	105	690.413
-1.832596	1.736875	3.023612	5	20	113	690.102
-0.523599	1.335669	0.897240	125	19	3	689.738
2.356194	0.685216	-1.712745	124	24	114	689.479
-2.356194	1.310100	1.488307	90	125	119	689.144
2.356194	2.393226	1.857173	4	17	116	689.136
-3.141593	1.998705	2.370472	113	0	18	689.124
-1.570796	1.977582	0.969896	99	122	17	689.113
-1.308997	1.135813	-2.658866	25	119	9	688.893
1.570796	2.587733	0.232235	1	114	16	688.880
2.879793	1.569311	-3.003978	20	1	106	688.795
-0.523599	1.948085	-2.363031	107	124	106	688.774
-1.308997	1.741644	-2.695914	110	11	107	688.365
-0.523599	0.618092	2.539118	26	118	125	688.343
2.879793	2.404280	-0.174044	99	7	0	688.208
-0.523599	1.113094	-0.272241	1	16	2	688.180
-0.785398	2.587733	0.232235	21	118	2	688.011
-1.308997	2.407836	1.410646	120	21	126	687.975
-0.523599	1.025536	1.576859	93	6	3	687.965
0.523599	1.574060	2.783565	114	9	111	687.926
0.261799	1.168678	2.108595	125	9	119	687.816
-2.094395	0.929350	-2.910676	114	19	107	687.448
2.879793	1.599406	1.426070	123	22	119	687.124
-1.570796	0.685216	-1.712745	30	0	9	686.636
0.523599	2.456751	-1.503343	108	9	122	686.603
0.261799	0.850607	-1.335383	27	115	117	686.475
0.000000	1.433411	-1.035986	126	99	3	686.446
2.356194	2.724429	-0.348782	31	2	117	686.101
0.000000	2.881233	-2.582574	121	29	125	685.973
1.570796	1.909857	-0.381669	27	117	120	685.933
-1.047198	1.214854	-1.966664	107	123	110	685.774
-0.523599	2.187132	-0.479875	37	119	12	685.728
0.000000	2.456751	-1.503343	121	1	105	685.723
-1.570796	1.168678	2.108595	18	15	117	685.602
2.356194	1.391910	3.030322	121	5	105	685.431
-1.570796	1.448123	-2.163292	105	10	122	685.274
-3.141593	2.063651	-2.044600	13	127	112	685.271
-3.141593	2.588535	-2.976617	111	17	115	685.106
0.261799	2.349581	-2.702517	104	11	108	685.062
1.047198	2.115563	0.685730	120	106	12	684.941
-1.570796	0.709924	0.218797	115	111	8	684.721
-1.047198	2.724429	-0.348782	107	19	116	684.630
-2.879793	2.063651	-2.044600	120	23	0	684.611
2.356194	2.356369	3.005869	2	25	0	684.547
-2.094395	0.571433	-1.188419	32	4	7	684.527
-2.094395	2.153910	-1.714959	14	120	114	684.436
-2.356194	1.128190	-2.288622	115	110	121	684.403
-1.308997	1.413430	2.550734	11	115	115	684.403
-0.261799	1.440580	2.260026	0	124	103	684.396
-2.879793	0.496451	0.593859	33	12	4	684.348
1.570796	2.719179	-1.780644	95	14	118	684.315
-1.570796	1.736875	3.023612	0	23	114	683.987
-1.570796	0.080730	-2.622036	22	126	28	683.871
0.785398	0.914445	2.687814	25	0	117	683.777
-1.570796	2.588535	-2.976617	5	15	105	683.506
-0.523599	1.741644	-2.695914	100	123	109	683.305
-0.785398	2.063651	-2.044600	106	126	111	683.233
1.047198	0.618092	2.539118	114	99	125	683.105
2.356194	1.195355	1.200319	13	110	120	682.789
1.570796	0.914445	2.687814	124	102	4	682.698
-1.832596	2.349581	-2.702517	99	127	110	682.673
-1.308997	2.108018	1.311430	119	21	3	682.284
-1.832596	1.574060	2.783565	123	22	110	682.244
-2.617994	0.619654	-2.216909	16	122	32	681.981
-0.785398	1.014500	0.906702	107	11	119	681.870
-1.832596	0.290380	-0.796960	16	1	119	681.528
-2.879793	2.456751	-1.503343	121	21	117	681.438
-2.617994	1.310100	1.488307	119	10	29	681.368
2.356194	0.571433	-1.188419	111	26	126	681.109
0.261799	0.080730	-2.622036	120	99	3	680.644
-1.308997	2.455966	-0.641220	24	113	5	680.595
1.832596	1.510910	-0.740472	116	25	126	680.513
2.617994	2.356369	3.005869	117	20	116	680.375
1.570796	2.108018	1.311430	121	106	123	680.182
1.832596	1.696674	-1.253233	117	27	121	680.155
0.000000	2.089241	-0.114193	17	124	120	680.027
0.785398	1.218453	2.777284	109	119	16	679.991
0.000000	0.961715	0.014085	33	0	17	679.935
-0.261799	0.419640	2.974122	20	123	29	679.897
-2.879793	0.674054	1.013609	31	15	2	679.811
1.570796	2.073035	2.027405	8	26	120	679.715
0.523599	0.640596	-2.797608	114	123	26	679.665
0.523599	2.033014	2.977192	105	111	1	679.495
2.617994	1.574060	2.783565	121	1	104	679.473
-2.617994	1.448123	-2.163292	120	110	4	679.233
-3.141593	1.168678	2.108595	5	4	106	678.926
0.000000	2.379497	0.561089	29	125	3	678.920
1.570796	1.417623	-0.202254	1	21	5	678.916
-0.261799	2.393226	1.857173	108	110	8	678.570
-1.832596	0.733948	3.021411	9	113	34	678.562
2.879793	1.869911	2.701025	7	22	114	678.465
-0.523599	1.875281	0.107086	22	116	5	678.461
0.000000	1.135834	-1.431087	37	117	0	678.453
-3.141593	1.433411	-1.035986	111	123	22	678.271
-1.308997	1.732874	-0.951685	119	115	25	678.243
0.000000	1.554776	0.100351	16	109	127	678.037
-2.094395	1.256302	0.062705	100	120	4	677.798
2.094395	1.391910	3.030322	122	4	105	677.766
-2.094395	2.379497	0.561089	127	22	114	677.738
2.094395	2.478122	2.609777	0	26	122	677.582
1.308997	1.247695	1.809890	4	117	27	677.558
-0.523599	2.587733	0.232235	25	123	0	677.480
0.261799	1.433411	-1.035986	32	2	123	677.459
-1.570796	1.450119	-2.739050	107	13	109	677.444
2.879793	1.699788	2.452890	8	21	115	677.439
-2.879793	1.195355	1.200319	107	17	115	677.092
-3.141593	0.418037	1.360082	7	108	23	677.084
-0.785398	0.496451	0.593859	108	14	125	676.896
-3.141593	1.756530	-2.105156	11	20	25	676.874
2.356194	1.050534	3.042579	120	8	110	676.779
-2.879793	2.073035	2.027405	107	15	113	676.498
-2.094395	0.674054	1.013609	112	121	24	676.370
1.047198	1.977582	0.969896	125	103	1	676.363
1.832596	1.574060	2.783565	107	7	118	676.337
-1.570796	1.301460	-0.509251	118	102	21	676.249
-2.617994	2.664082	-1.071402	24	123	7	676.230
0.000000	0.866955	-0.931351	2	14	118	676.157
0.000000	0.297065	2.160177	119	10	22	676.111
-1.047198	0.992645	-1.723759	104	118	116	675.824
0.000000	1.870545	-2.976234	124	104	2	675.820
-1.570796	2.295480	1.008277	120	21	6	675.759
-2.356194	2.704512	1.488683	104	126	115	675.649
-2.617994	0.618092	2.539118	116	18	117	675.472
-1.047198	1.184361	0.625864	26	0	4	675.318
0.523599	1.218453	2.777284	0	7	112	675.210
-1.832596	0.899350	-2.069907	89	0	120	675.188
-2.094395	2.180315	-1.357379	108	18	123	674.897
-2.617994	1.450119	-2.739050	14	7	107	674.810
1.570796	1.134796	2.434290	120	119	20	674.690
0.261799	2.456751	-1.503343	108	8	123	674.545
1.570796	1.683268	0.374177	116	113	17	674.463
-1.047198	0.685216	-1.712745	29	125	13	674.447
-0.523599	2.001437	0.381215	21	117	5	674.419
1.047198	1.574060	2.783565	114	108	8	674.386
0.523599	2.180315	-1.357379	24	15	118	674.232
0.523599	2.089241	-0.114193	117	114	20	674.053
1.308997	1.977582	0.969896	115	107	7	674.022
-2.094395	1.683268	0.374177	99	4	31	673.997
0.000000	1.194549	-0.801900	37	3	0	673.940
0.523599	1.214854	-1.966664	30	5	112	673.827
0.261799	1.195355	1.200319	27	116	13	673.685
0.523599	2.984978	1.954446	12	124	107	673.601
-1.570796	1.014500	0.906702	3	14	119	673.553
-2.617994	2.456751	-1.503343	12	120	116	673.432
-2.879793	2.251330	-2.330739	119	22	124	673.414
2.094395	1.683268	0.374177	118	16	0	673.400
-1.308997	2.579248	-2.364801	31	0	114	673.384
-0.261799	2.456751	-1.503343	112	9	122	673.327
1.308997	2.984978	1.954446	6	24	115	673.291
1.047198	1.413347	-1.339188	25	15	118	673.045
-2.879793	1.417623	-0.202254	95	12	7	673.013
-2.879793	1.440580	2.260026	24	12	119	673.013
-2.356194	0.992645	-1.723759	6	23	127	672.949
-1.047198	0.496451	0.593859	112	16	125	672.874
-1.832596	0.762244	-0.273349	120	102	17	672.732
-2.356194	2.579248	-2.364801	27	118	117	672.687
1.832596	1.606104	-0.451151	112	22	0	672.518
-2.094395	1.555207	1.708892	109	10	23	672.334
-1.047198	1.662363	0.915448	104	115	115	672.245
2.094395	2.104282	-0.813972	36	121	120	672.088
1.308997	0.899350	-2.069907	26	124	112	671.931
0.785398	2.247462	0.191623	104	116	14	671.686
-1.047198	2.033014	2.977192	17	124	113	671.156
-2.094395	0.709924	0.218797	124	106	22	671.076
2.094395	1.824694	1.850876	30	1	19	671.071
1.832596	1.732874	-0.951685	126	23	114	671.017
-2.094395	1.869911	2.701025	12	18	111	671.005
-2.094395	1.128190	-2.288622	121	17	4	670.917
1.832596	2.104282	-0.813972	30	113	123	670.868
2.094395	1.998705	2.370472	123	25	121	670.855
1.308997	0.419640	2.974122	7	103	16	670.742
2.617994	1.310100	1.488307	12	17	115	670.434
-0.523599	1.506530	1.988858	3	99	7	670.386
2.879793	2.033014	2.977192	106	122	115	670.285
2.617994	1.218453	2.777284	24	124	108	670.187
0.261799	1.391910	3.030322	112	9	105	670.175
-2.356194	0.866395	-2.492918	111	19	111	670.009
-0.261799	2.033014	2.977192	10	2	109	669.819
-1.832596	1.450119	-2.739050	109	15	109	669.736
-2.356194	1.555207	1.708892	109	11	22	669.584
-0.523599	1.045978	0.343692	109	108	6	669.500
1.832596	1.218453	2.777284	4	118	18	669.452
-1.308997	2.180315	-1.357379	94	7	126	669.361
-2.617994	1.194549	-0.801900	95	116	123	669.223
-1.832596	0.906588	1.252948	0	112	16	668.780
1.308997	1.662363	0.915448	22	121	114	668.744
2.879793	2.379497	0.561089	24	127	112	668.678
-1.570796	1.506530	1.988858	110	16	22	668.582
2.094395	1.736875	3.023612	104	7	120	668.471
-1.047198	1.128190	-2.288622	103	2	113	668.407
1.308997	1.836682	-0.676006	8	28	7	668.395
-2.879793	0.619654	-2.216909	114	22	115	668.259
2.356194	1.555207	1.708892	125	11	21	668.129
2.094395	0.992645	-1.723759	0	23	113	667.947
2.879793	0.290380	-0.796960	107	112	10	667.732
1.047198	2.104282	-0.813972	12	114	109	667.403
1.308997	2.592629	0.909713	121	105	3	667.380
0.523599	0.960688	-0.577532	29	126	3	667.237
1.570796	0.203748	0.590255	123	10	120	667.201
-2.879793	1.168678	2.108595	123	20	111	667.160
-0.785398	2.356369	3.005869	116	18	104	666.989
-1.832596	1.555207	1.708892	0	120	19	666.980
-0.785398	1.391910	3.030322	123	103	13	666.923
-2.617994	0.700570	1.559208	11	12	118	666.916
1.832596	0.700570	1.559208	125	104	23	666.833
-1.832596	1.617114	-1.572037	122	101	9	666.727
-1.308997	1.662363	0.915448	111	117	23	666.717
0.785398	1.135813	-2.658866	9	16	0	666.490
-2.356194	0.866955	-0.931351	97	2	125	666.326
-0.261799	0.619654	-2.216909	118	0	30	666.310
-0.261799	1.574060	2.783565	92	0	115	666.281
-1.308997	1.301460	-0.509251	122	114	30	666.230
-1.308997	1.545873	-1.877082	116	124	104	666.158
1.570796	1.325504	-1.671296	32	11	121	666.055
0.523599	0.674054	1.013609	101	118	1	665.930
-1.570796	2.881233	-2.582574	109	126	105	665.910
2.617994	1.545873	-1.877082	102	19	116	665.638
2.094395	2.719179	-1.780644	118	16	106	665.580
-2.356194	1.569311	-3.003978	96	15	119	665.437
0.523599	1.135834	-1.431087	35	9	120	665.420
-0.261799	2.063651	-2.044600	113	124	105	665.406
-1.832596	1.218453	2.777284	92	7	124	665.383
-2.879793	1.242974	-2.977882	18	9	108	665.261
0.000000	0.419640	2.974122	32	4	127	665.191
2.617994	1.135834	-1.431087	126	28	124	665.150
2.617994	0.297065	2.160177	8	109	18	664.945
-0.785398	2.138223	1.678323	108	115	12	664.856
-0.523599	1.569311	-3.003978	20	118	119	664.836
-2.879793	0.733948	3.021411	110	15	114	664.690
-1.047198	1.658653	-2.409879	116	101	6	664.612
-1.832596	0.591903	2.010408	108	12	117	664.576
0.785398	0.571433	-1.188419	38	8	4	664.407
-0.523599	1.310100	1.488307	118	23	0	664.324
1.832596	1.413347	-1.339188	122	27	121	664.266
-0.261799	1.948085	-2.363031	108	123	106	664.246
0.261799	1.766067	2.153843	111	11	118	664.180
-1.570796	1.948085	-2.363031	118	12	118	664.152
-2.356194	1.824694	1.850876	26	5	121	664.102
-2.094395	1.014500	0.906702	106	124	25	663.897
-2.356194	0.685216	-1.712745	113	14	127	663.823
0.000000	1.555207	1.708892	106	12	121	663.669
-1.570796	0.910508	1.903534	110	11	114	663.628
-2.617994	0.379747	-1.713059	118	19	12	663.521
-2.094395	1.488617	1.159546	115	8	31	663.351
-0.523599	1.195355	1.200319	122	22	1	663.320
1.570796	1.218453	2.777284	5	111	16	662.985
-2.879793	2.343981	-1.040456	126	23	120	662.908
1.832596	1.025536	1.576859	10	109	118	662.703
-2.879793	2.174483	2.653697	123	20	5	662.666
-2.094395	0.290380	-0.796960	32	6	4	662.608
-1.570796	1.836682	-0.676006	98	8	121	662.424
2.094395	2.343981	-1.040456	23	0	115	662.392
-1.047198	1.736875	3.023612	105	18	113	662.379
2.356194	1.545873	-1.877082	7	24	113	662.290
-2.356194	1.014500	0.906702	114	127	33	662.256
-0.785398	1.662363	0.915448	107	112	115	662.006
-2.879793	1.904882	-1.478089	102	1	20	661.976
1.308997	0.850607	-1.335383	33	6	2	661.893
-2.879793	1.214854	-1.966664	111	111	123	661.879
-3.141593	1.606104	-0.451151	119	24	120	661.868
-2.617994	2.724429	-0.348782	109	19	13	661.768
-1.308997	0.203748	0.590255	14	16	119	661.667
0.000000	0.619654	-2.216909	110	122	27	661.620
2.879793	1.135834	-1.431087	99	127	18	661.593
-1.047198	2.356369	3.005869	119	18	104	661.566
-1.570796	2.719179	-1.780644	29	115	120	661.485
0.261799	1.998705	2.370472	120	11	112	661.478
-2.356194	1.135813	-2.658866	112	21	113	661.457
2.617994	2.073035	2.027405	0	103	126	661.452
-2.094395	2.637879	2.121598	17	7	110	661.431
-2.879793	1.545873	-1.877082	112	109	126	661.390
-2.356194	0.297065	2.160177	111	16	120	661.277
-0.261799	1.301460	-0.509251	27	116	0	661.191
-0.261799	2.704512	1.488683	105	107	1	661.159
1.832596	1.325504	-1.671296	3	24	115	661.113
-1.308997	1.756530	-2.105156	118	1	103	661.014
1.570796	1.732874	-0.951685	122	28	125	661.004
-1.047198	1.545873	-1.877082	103	1	121	660.974
-1.047198	2.104282	-0.813972	94	6	123	660.926
1.832596	2.881233	-2.582574	11	0	104	660.880
-1.832596	1.696674	-1.253233	115	116	21	660.789
-3.141593	0.571433	-1.188419	119	19	5	660.770
-1.047198	2.588535	-2.976617	4	19	108	660.741
0.261799	1.134497	-1.109631	114	109	19	660.696
2.094395	1.433411	-1.035986	106	24	124	660.585
2.879793	1.875281	0.107086	102	15	4	660.555
-1.308997	2.881233	-2.582574	11	12	106	660.501
2.094395	1.135834	-1.431087	127	24	115	660.396
-1.832596	1.904882	-1.478089	114	114	19	660.371
2.617994	1.569311	-3.003978	22	124	106	660.335
1.308997	2.041297	-2.664597	120	17	116	660.330
2.617994	2.164094	-2.991358	103	127	115	660.198
-1.047198	1.335669	0.897240	126	17	124	660.171
-2.094395	2.863997	0.549740	21	12	113	660.111
0.000000	2.760637	2.781135	118	110	119	659.983
-1.047198	1.756530	-2.105156	105	6	120	659.919
-1.570796	2.174483	2.653697	127	23	112	659.688
0.785398	2.108018	1.311430	97	122	2	659.631
2.094395	1.606104	-0.451151	24	3	122	659.563
0.000000	1.683268	0.374177	116	6	108	659.555
0.261799	1.909857	-0.381669	122	103	116	659.542
-2.094395	0.203748	0.590255	4	107	18	659.536
-1.308997	0.080730	-2.622036	29	126	0	659.524
1.047198	1.218453	2.777284	3	99	8	659.514
-0.523599	0.458961	-0.107937	111	13	120	659.460
-2.356194	2.251330	-2.330739	23	121	112	659.313
1.047198	2.979456	-1.009304	4	28	3	659.301
-0.261799	2.396274	-1.959260	114	103	123	659.215
-2.879793	1.113094	-0.272241	103	9	127	659.144
2.617994	1.134796	2.434290	29	126	116	659.011
2.617994	2.456751	-1.503343	93	4	114	658.933
-0.523599	1.242974	-2.977882	19	114	120	658.782
-0.785398	0.419640	2.974122	14	123	30	658.632
-0.261799	1.135813	-2.658866	101	115	112	658.607
-2.879793	2.724429	-0.348782	120	121	105	658.371
0.261799	1.310100	1.488307	24	111	13	658.173
-1.047198	1.569311	-3.003978	105	13	110	658.112
1.832596	1.617114	-1.572037	122	24	115	658.081
1.308997	0.914445	2.687814	115	101	124	657.766
1.047198	0.297065	2.160177	33	7	125	657.746
-0.785398	1.374601	-2.456031	105	1	108	657.708
2.094395	0.864993	2.278281	13	106	19	657.572
-1.047198	1.741644	-2.695914	109	10	107	657.528
1.570796	1.870545	-2.976234	113	12	117	657.472
-1.832596	2.863997	0.549740	99	119	126	657.388
-1.832596	0.700570	1.559208	33	25	18	657.352
0.785398	1.433411	-1.035986	5	8	23	657.266
2.879793	2.164094	-2.991358	107	121	111	657.248
-2.094395	1.168678	2.108595	126	25	120	657.225
-0.261799	0.709924	0.218797	30	0	19	657.114
-0.523599	2.251330	-2.330739	117	11	107	657.000
-2.094395	0.910508	1.903534	107	126	21	656.520
0.261799	1.736875	3.023612	11	3	109	656.464
-1.308997	1.325504	-1.671296	109	122	109	656.238
2.094395	2.063651	-2.044600	111	115	0	656.164
-1.047198	1.599406	1.426070	111	8	29	656.118
1.047198	1.545873	-1.877082	19	14	111	655.968
1.832596	1.506530	1.988858	4	126	21	655.938
-1.570796	1.184361	0.625864	113	117	24	655.880
1.570796	2.104282	-0.813972	25	110	122	655.878
-1.570796	0.615174	-0.666022	117	99	5	655.708
-2.879793	2.704512	1.488683	106	4	113	655.705
-0.261799	0.733948	3.021411	27	0	125	655.632
-1.832596	1.506530	1.988858	97	14	118	655.531
-1.308997	1.736875	3.023612	112	18	109	655.350
0.000000	0.685216	-1.712745	110	117	26	655.196
-0.785398	1.184361	0.625864	0	16	122	655.183
-2.617994	2.349581	-2.702517	28	117	115	655.160
1.047198	0.290380	-0.796960	33	13	14	655.154
1.832596	1.909857	-0.381669	117	24	4	655.117
0.523599	2.393226	1.857173	100	120	114	655.095
-0.261799	1.417623	-0.202254	27	116	6	654.963
-1.308997	1.569311	-3.003978	107	15	110	654.859
-1.570796	1.433411	-1.035986	98	9	0	654.804
-2.617994	1.696674	-1.253233	101	125	20	654.798
2.356194	2.343981	-1.040456	90	18	3	654.797
-1.308997	1.982574	-1.115518	94	9	127	654.449
2.617994	2.587733	0.232235	25	124	112	654.416
-1.308997	1.247695	1.809890	15	17	121	654.377
-1.832596	1.025536	1.576859	123	24	2	654.191
-2.356194	0.571433	-1.188419	31	2	7	654.134
2.356194	1.417623	-0.202254	116	16	123	654.133
1.308997	2.719179	-1.780644	17	124	104	653.882
2.617994	0.866395	-2.492918	2	22	110	653.768
1.308997	1.242974	-2.977882	126	11	112	653.737
1.047198	0.640596	-2.797608	3	10	114	653.722
-1.047198	2.396274	-1.959260	95	124	123	653.704
1.832596	2.587733	0.232235	2	114	15	653.625
0.000000	1.214854	-1.966664	111	112	120	653.574
-1.832596	0.619654	-2.216909	127	11	120	653.569
1.308997	1.904882	-1.478089	21	104	127	653.468
2.356194	1.134497	-1.109631	102	22	124	653.385
0.785398	1.134497	-1.109631	8	12	22	653.377
-1.832596	1.050534	3.042579	25	13	114	653.331
1.308997	1.732874	-0.951685	14	22	124	653.166
0.261799	0.496451	0.593859	103	124	121	652.997
0.523599	2.174483	2.653697	9	110	103	652.921
-2.879793	0.591903	2.010408	27	9	120	652.806
-0.785398	0.762244	-0.273349	5	101	11	652.750
1.832596	1.413430	2.550734	34	119	122	652.673
-1.832596	2.984978	1.954446	106	124	115	652.508
-0.261799	1.184361	0.625864	24	122	22	652.508
-1.832596	1.135813	-2.658866	105	14	112	652.460
-3.141593	0.674054	1.013609	32	12	1	652.441
0.785398	2.073035	2.027405	111	99	1	652.325
1.047198	1.812176	0.656819	127	102	7	652.308
2.094395	1.555207	1.708892	126	8	21	652.182
-0.261799	2.115563	0.685730	25	122	5	652.038
-2.879793	0.700570	1.559208	116	24	121	652.014
-0.261799	0.700570	1.559208	97	123	127	651.885
2.356194	2.881233	-2.582574	101	5	111	651.883
0.000000	1.417623	-0.202254	24	122	1	651.832
1.047198	1.135834	-1.431087	5	16	18	651.800
2.356194	2.979456	-1.009304	98	0	121	651.789
-0.785398	1.194549	-0.801900	9	8	125	651.743
-1.832596	1.662363	0.915448	102	123	20	651.705
1.308997	0.203748	0.590255	104	114	5	651.632
1.047198	2.138223	1.678323	114	102	18	651.556
-1.308997	1.904882	-1.478089	93	6	3	651.556
-1.308997	2.343981	-1.040456	97	11	123	651.453
-3.141593	0.618092	2.539118	0	23	125	651.292
1.047198	1.014500	0.906702	96	0	30	650.956
2.879793	1.812176	0.656819	23	5	112	650.668
-3.141593	2.187132	-0.479875	93	127	1	650.519
1.047198	1.134796	2.434290	113	117	20	650.461
-1.047198	1.256302	0.062705	98	118	0	650.294
0.523599	1.683268	0.374177	27	122	125	650.253
-3.141593	2.247462	0.191623	101	7	127	650.211
-1.832596	2.979456	-1.009304	25	123	126	650.172
0.523599	1.242974	-2.977882	124	9	108	650.070
2.879793	1.766067	2.153843	115	21	117	650.004
-2.617994	2.478122	2.609777	23	6	108	649.972
-2.617994	2.247462	0.191623	99	0	126	649.886
-0.785398	2.393226	1.857173	97	119	7	649.785
-0.523599	1.256302	0.062705	103	111	0	649.693
0.523599	1.998705	2.370472	8	106	105	649.300
1.047198	1.741644	-2.695914	120	11	100	649.254
-0.523599	2.588535	-2.976617	119	19	105	649.194
1.308997	0.619654	-2.216909	122	20	5	649.184
0.261799	2.089241	-0.114193	2	9	123	649.151
-0.785398	1.545873	-1.877082	104	123	116	649.035
1.308997	1.025536	1.576859	23	11	116	648.834
2.356194	1.872854	1.543456	9	15	114	648.798
-1.047198	0.080730	-2.622036	22	2	28	648.708
-1.832596	1.554776	0.100351	96	8	122	648.665
1.047198	2.456751	-1.503343	115	7	108	648.627
-2.356194	2.664082	-1.071402	10	19	110	648.500
-1.832596	1.134497	-1.109631	104	122	115	648.392
-1.832596	1.168678	2.108595	22	10	117	648.369
-1.570796	1.413430	2.550734	22	4	119	648.280
-0.785398	2.153910	-1.714959	95	121	125	648.251
-0.785398	2.104282	-0.813972	115	123	25	648.209
2.356194	1.574060	2.783565	122	22	114	648.127
-0.523599	0.080730	-2.622036	34	5	1	647.990
2.356194	1.433411	-1.035986	101	22	124	647.925
1.570796	1.812176	0.656819	118	111	20	647.842
-1.308997	0.899350	-2.069907	99	125	115	647.772
0.000000	1.696674	-1.253233	31	127	117	647.731
1.047198	0.203748	0.590255	106	115	126	647.667
2.617994	2.588535	-2.976617	126	21	117	647.617
-0.523599	2.863997	0.549740	22	120	127	647.565
-1.832596	1.909857	-0.381669	100	13	118	647.508
2.879793	1.809167	1.213774	121	16	111	647.489
-2.356194	0.700570	1.559208	120	123	23	647.479
1.570796	1.135813	-2.658866	28	1	111	647.452
0.523599	0.685216	-1.712745	12	110	26	647.246
-3.141593	0.864993	2.278281	125	23	117	647.206
-0.523599	1.662363	0.915448	115	112	107	647.189
2.356194	0.864993	2.278281	1	122	25	647.057
1.570796	2.247462	0.191623	0	113	16	647.048
2.094395	0.850607	-1.335383	0	25	120	647.040
-1.308997	0.618092	2.539118	13	108	30	646.818
-2.356194	1.113094	-0.272241	93	127	10	646.791
-0.523599	1.756530	-2.105156	106	6	120	646.739
1.570796	1.247695	1.809890	7	118	27	646.694
-2.617994	1.617114	-1.572037	110	121	21	646.658
-1.832596	2.881233	-2.582574	114	0	19	646.635
2.617994	1.599406	1.426070	18	110	122	646.300
-0.261799	2.299159	2.264663	6	102	117	646.289
-0.261799	0.831641	0.616218	103	6	124	646.288
-0.261799	0.203748	0.590255	2	98	16	646.120
0.785398	2.719179	-1.780644	16	116	105	646.064
-0.523599	2.455966	-0.641220	38	119	9	646.045
2.617994	1.658653	-2.409879	32	15	121	646.019
0.523599	0.418037	1.360082	103	113	2	645.902
2.617994	2.041297	-2.664597	32	8	121	645.890
-0.261799	0.850607	-1.335383	4	8	114	645.813
1.570796	0.992645	-1.723759	35	10	126	645.735
0.785398	2.704512	1.488683	30	127	126	645.662
-2.879793	1.870545	-2.976234	120	109	127	645.605
-0.261799	0.906588	1.252948	111	108	17	645.602
-0.261799	1.721184	-0.153948	29	113	11	645.514
-0.785398	2.704512	1.488683	101	115	1	645.389
1.308997	0.929350	-2.910676	126	11	113	645.374
-0.261799	1.870545	-2.976234	118	104	3	645.342
0.000000	2.251330	-2.330739	109	0	106	645.248
1.832596	2.724429	-0.348782	2	24	116	645.129
-0.523599	0.370812	-2.547742	21	116	121	645.075
0.785398	0.709924	0.218797	103	123	123	644.919
-0.523599	1.014500	0.906702	21	124	24	644.855
0.261799	0.762244	-0.273349	34	4	13	644.838
2.356194	1.135834	-1.431087	17	125	120	644.820
0.261799	0.961715	0.014085	122	108	25	644.814
-1.047198	2.187132	-0.479875	127	102	20	644.509
-0.523599	1.450119	-2.739050	102	2	109	644.474
2.879793	0.914445	2.687814	9	20	119	644.399
-1.047198	1.310100	1.488307	111	10	114	644.097
-2.879793	1.836682	-0.676006	91	120	3	643.939
-0.261799	0.571433	-1.188419	119	108	0	643.823
-2.617994	1.909857	-0.381669	97	116	3	643.699
-1.832596	0.961715	0.014085	118	106	20	643.544
-2.356194	0.290380	-0.796960	32	4	4	643.531
2.617994	1.325504	-1.671296	110	117	0	643.479
-1.570796	1.721184	-0.153948	96	6	121	643.478
2.356194	1.736875	3.023612	120	23	115	643.461
-3.141593	2.881233	-2.582574	108	21	121	643.321
-2.356194	0.899350	-2.069907	124	0	32	643.320
-0.785398	1.440580	2.260026	5	18	118	643.251
2.356194	0.458961	-0.107937	121	11	122	643.174
-2.879793	2.349581	-2.702517	25	119	114	643.132
1.570796	1.875281	0.107086	124	116	21	643.099
-2.617994	0.685216	-1.712745	119	11	115	643.056
0.523599	0.379747	-1.713059	4	18	6	643.055
-0.785398	1.599406	1.426070	120	7	109	643.043
2.094395	0.866955	-0.931351	121	25	126	642.612
-1.047198	1.242974	-2.977882	104	5	102	642.580
-1.308997	1.256302	0.062705	94	122	5	642.574
-1.832596	1.948085	-2.363031	121	8	106	642.488
1.570796	2.164094	-2.991358	111	6	107	642.430
-2.879793	1.812176	0.656819	116	9	103	642.428
1.047198	2.637879	2.121598	21	114	9	642.348
1.832596	1.310100	1.488307	9	108	118	642.334
2.617994	2.089241	-0.114193	111	20	119	642.144
2.879793	0.571433	-1.188419	111	14	112	641.995
0.261799	1.045978	0.343692	120	106	21	641.983
-1.308997	1.809167	1.213774	112	120	21	641.814
0.000000	0.379747	-1.713059	20	2	117	641.708
-2.879793	1.977582	0.969896	122	115	9	641.681
2.879793	1.218453	2.777284	24	0	108	641.632
-1.047198	1.417623	-0.202254	97	118	126	641.576
1.308997	2.343981	-1.040456	124	27	123	641.465
0.523599	0.899350	-2.069907	0	11	109	641.460
-1.570796	1.998705	2.370472	8	26	116	641.393
1.047198	1.184361	0.625864	127	103	15	641.375
-2.879793	2.588535	-2.976617	30	115	120	641.336
-1.047198	1.812176	0.656819	104	117	112	641.236
-0.261799	0.615174	-0.666022	3	12	118	641.094
-0.523599	1.699788	2.452890	94	127	13	641.011
1.047198	1.869911	2.701025	114	10	115	640.874
0.000000	1.721184	-0.153948	19	123	123	640.851
-0.785398	1.574060	2.783565	99	12	109	640.844
0.785398	1.812176	0.656819	127	102	12	640.783
-3.141593	2.396274	-1.959260	3	23	124	640.770
-2.356194	2.881233	-2.582574	39	123	125	640.701
1.308997	1.310100	1.488307	4	120	29	640.672
-1.832596	1.433411	-1.035986	100	12	0	640.625
0.000000	2.063651	-2.044600	110	105	14	640.620
-0.523599	2.180315	-1.357379	39	123	124	640.587
2.879793	1.448123	-2.163292	10	14	108	640.549
1.047198	0.619654	-2.216909	125	20	5	640.404
-3.141593	1.128190	-2.288622	13	16	25	640.339
0.000000	0.674054	1.013609	102	127	121	640.179
-2.094395	1.599406	1.426070	115	13	29	640.178
1.570796	0.591903	2.010408	121	100	13	640.175
-0.785398	0.961715	0.014085	1	16	127	640.071
1.570796	1.948085	-2.363031	5	14	107	640.062
1.570796	0.080730	-2.622036	2	116	25	640.011
1.832596	2.180315	-1.357379	109	18	108	639.946
2.879793	1.134497	-1.109631	103	124	20	639.945
0.785398	0.700570	1.559208	126	10	125	639.747
-1.308997	2.478122	2.609777	119	22	109	639.744
2.617994	2.478122	2.609777	103	24	127	639.647
0.000000	1.301460	-0.509251	27	120	0	639.639
1.832596	1.812176	0.656819	119	109	8	639.617
1.308997	2.579248	-2.364801	97	1	111	639.613
-2.879793	1.506530	1.988858	126	13	22	639.505
2.356194	0.591903	2.010408	10	105	18	639.484
0.000000	0.850607	-1.335383	2	11	114	639.305
1.047198	1.506530	1.988858	27	122	18	639.292
2.356194	2.089241	-0.114193	110	19	126	639.275
-1.832596	1.606104	-0.451151	112	101	6	639.219
-1.832596	0.571433	-1.188419	32	6	7	639.209
-1.308997	1.014500	0.906702	30	4	6	639.145
-3.141593	1.301460	-0.509251	113	8	115	639.081
-2.356194	0.591903	2.010408	118	19	118	639.021
2.879793	1.872854	1.543456	118	19	118	639.015
0.261799	1.218453	2.777284	126	98	14	638.868
1.570796	1.836682	-0.676006	125	25	126	638.816
0.261799	2.251330	-2.330739	102	3	120	638.794
2.356194	2.164094	-2.991358	106	3	112	638.790
2.879793	1.736875	3.023612	106	124	115	638.737
-2.094395	1.218453	2.777284	5	26	120	638.697
-1.832596	1.367556	0.358405	117	110	10	638.695
-1.832596	0.866395	-2.492918	118	16	10	638.657
0.785398	0.866955	-0.931351	35	6	4	638.648
-1.832596	0.992645	-1.723759	126	10	121	638.537
-1.308997	0.733948	3.021411	117	115	28	638.447
1.308997	2.881233	-2.582574	113	13	107	638.430
2.094395	2.979456	-1.009304	112	116	117	638.384
1.047198	0.914445	2.687814	111	116	19	638.359
-2.356194	1.195355	1.200319	106	1	24	638.314
-0.523599	0.640596	-2.797608	29	127	0	638.236
-2.879793	0.297065	2.160177	13	15	115	638.125
-1.570796	1.135813	-2.658866	104	13	112	637.806
-2.879793	1.135834	-1.431087	90	6	122	637.791
-0.261799	2.138223	1.678323	111	109	14	637.790
-1.570796	0.571433	-1.188419	105	103	124	637.784
-0.523599	1.134796	2.434290	9	108	24	637.750
2.356194	2.033014	2.977192	103	127	118	637.676
-3.141593	2.153910	-1.714959	9	121	114	637.626
-0.261799	1.872854	1.543456	94	1	26	637.553
-1.047198	1.135834	-1.431087	95	13	22	637.514
-1.570796	0.290380	-0.796960	17	4	122	637.489
2.617994	2.343981	-1.040456	92	14	122	637.286
-1.047198	2.404280	-0.174044	22	114	8	637.281
2.356194	0.850607	-1.335383	122	25	120	637.227
-0.785398	1.325504	-1.671296	102	124	124	637.084
-0.785398	1.658653	-2.409879	109	9	113	637.046
0.261799	1.510910	-0.740472	113	105	11	637.022
2.356194	2.664082	-1.071402	2	20	111	636.969
-0.785398	2.251330	-2.330739	119	11	107	636.903
-0.523599	1.982574	-1.115518	32	114	122	636.885
0.785398	2.349581	-2.702517	9	12	109	636.871
-2.094395	1.450119	-2.739050	106	19	112	636.869
2.617994	0.080730	-2.622036	124	101	22	636.723
-0.261799	2.073035	2.027405	107	17	121	636.682
-0.261799	2.587733	0.232235	11	120	113	636.648
2.617994	1.214854	-1.966664	106	23	117	636.636
2.617994	0.674054	1.013609	3	108	29	636.596
-0.785398	0.910508	1.903534	117	24	18	636.384
-2.617994	1.025536	1.576859	122	6	30	636.366
-2.094395	0.961715	0.014085	101	122	4	636.365
0.000000	0.418037	1.360082	97	121	3	636.322
-2.356194	1.732874	-0.951685	102	125	22	636.268
-2.094395	1.134497	-1.109631	102	127	116	636.230
-0.785398	0.379747	-1.713059	115	99	125	636.214
-2.879793	1.488617	1.159546	1	19	109	636.181
-2.617994	1.504028	0.636812	108	1	33	636.142
-1.308997	1.606104	-0.451151	109	102	15	636.133
2.356194	1.135813	-2.658866	20	5	106	636.018
-1.832596	2.187132	-0.479875	107	103	5	635.953
2.879793	1.506530	1.988858	27	0	119	635.932
2.879793	2.295480	1.008277	124	115	10	635.870
-0.785398	1.417623	-0.202254	100	114	126	635.851
-0.523599	0.674054	1.013609	103	5	122	635.847
2.356194	0.762244	-0.273349	116	13	124	635.605
0.785398	2.881233	-2.582574	0	117	17	635.584
0.785398	1.195355	1.200319	110	5	118	635.475
-2.617994	1.128190	-2.288622	112	21	112	635.380
-3.141593	1.247695	1.809890	116	11	24	635.336
-0.785398	0.733948	3.021411	5	116	109	635.271
-1.308997	1.909857	-0.381669	121	103	22	635.235
-0.261799	1.374601	-2.456031	106	115	24	635.136
0.000000	1.846342	-1.796954	108	107	16	635.119
1.570796	1.510910	-0.740472	122	26	125	634.930
-1.832596	1.113094	-0.272241	115	104	22	634.784
-2.617994	2.174483	2.653697	30	7	116	634.734
-2.094395	2.478122	2.609777	10	20	112	634.527
1.832596	0.080730	-2.622036	113	16	120	634.489
2.879793	1.836682	-0.676006	89	5	3	634.430
-1.570796	1.242974	-2.977882	21	5	110	634.211
2.356194	2.478122	2.609777	99	123	1	634.207
1.308997	0.591903	2.010408	119	98	9	634.153
2.879793	1.554776	0.100351	107	10	122	634.124
-1.047198	0.733948	3.021411	25	116	3	634.072
1.570796	2.456751	-1.503343	122	23	110	633.808
2.617994	1.448123	-2.163292	31	19	123	633.747
-1.832596	1.599406	1.426070	112	11	29	633.678
2.094395	0.899350	-2.069907	4	21	109	633.658
-2.356194	1.846342	-1.796954	113	20	1	633.592
-2.356194	1.574060	2.783565	17	18	113	633.521
1.570796	2.724429	-0.348782	4	114	17	633.387
-1.047198	0.571433	-1.188419	102	110	7	633.382
-0.523599	0.864993	2.278281	16	3	121	633.246
-1.308997	1.683268	0.374177	112	111	22	633.199
2.356194	0.866395	-2.492918	7	22	113	633.174
-2.094395	0.850607	-1.335383	101	1	119	633.145
-1.047198	2.089241	-0.114193	20	127	125	632.901
1.570796	1.809167	1.213774	0	105	122	632.829
1.570796	1.606104	-0.451151	41	4	9	632.806
-3.141593	1.875281	0.107086	101	7	0	632.765
-2.879793	1.606104	-0.451151	112	5	112	632.651
0.000000	0.591903	2.010408	111	114	116	632.650
-0.523599	2.073035	2.027405	111	114	13	632.641
-0.785398	1.812176	0.656819	112	117	104	632.559
2.617994	1.869911	2.701025	38	122	125	632.519
-2.094395	1.732874	-0.951685	101	17	1	632.133
1.308997	1.909857	-0.381669	3	122	25	632.122
0.000000	0.615174	-0.666022	44	8	10	632.062
-1.832596	2.664082	-1.071402	108	22	121	631.973
-2.094395	2.174483	2.653697	7	22	113	631.972
-2.879793	2.089241	-0.114193	98	126	2	631.797
1.308997	2.187132	-0.479875	11	26	10	631.766
-2.094395	1.325504	-1.671296	116	104	7	631.688
0.261799	1.574060	2.783565	115	12	111	631.570
2.879793	0.080730	-2.622036	31	15	14	631.478
-0.523599	1.214854	-1.966664	105	116	116	631.475
0.000000	2.588535	-2.976617	9	114	101	631.471
-3.141593	0.591903	2.010408	0	117	19	631.313
1.308997	1.134497	-1.109631	32	6	0	631.273
-1.047198	0.864993	2.278281	119	102	15	631.245
-3.141593	1.696674	-1.253233	89	127	121	631.234
0.523599	2.592629	0.909713	119	101	16	631.103
1.047198	1.413430	2.550734	114	12	121	631.097
0.785398	1.242974	-2.977882	2	12	116	631.083
-0.261799	0.685216	-1.712745	103	121	24	631.001
-3.141593	1.014500	0.906702	5	21	116	630.971
0.523599	2.704512	1.488683	126	21	116	630.969
1.570796	0.674054	1.013609	113	107	20	630.879
-0.261799	1.699788	2.452890	2	127	104	630.874
-1.308997	1.766067	2.153843	98	6	16	630.800
-2.356194	2.592629	0.909713	106	126	115	630.776
-1.570796	2.863997	0.549740	20	12	113	630.701
1.047198	0.571433	-1.188419	37	8	9	630.698
-0.785398	2.089241	-0.114193	2	112	112	630.695
-2.617994	1.506530	1.988858	121	15	22	630.499
-3.141593	1.113094	-0.272241	105	10	126	630.492
-0.785398	2.881233	-2.582574	7	19	110	630.417
0.523599	0.370812	-2.547742	117	126	30	630.342
0.785398	1.870545	-2.976234	110	111	0	630.323
1.570796	1.440580	2.260026	99	112	123	630.125
-1.308997	0.370812	-2.547742	29	126	3	630.118
-0.261799	0.080730	-2.622036	34	9	1	630.078
-2.879793	1.247695	1.809890	123	1	23	630.013
0.000000	0.906588	1.252948	116	105	18	630.011
-0.261799	0.866395	-2.492918	7	113	27	629.988
0.523599	1.325504	-1.671296	32	8	115	629.938
0.000000	2.073035	2.027405	101	14	123	629.928
-1.570796	1.367556	0.358405	109	113	20	629.887
2.094395	2.001437	0.381215	117	15	125	629.827
-2.356194	1.909857	-0.381669	105	14	114	629.777
-1.570796	1.113094	-0.272241	99	127	0	629.753
0.000000	1.413430	2.550734	8	6	113	629.665
-1.570796	0.419640	2.974122	96	123	126	629.644
0.000000	0.929350	-2.910676	119	12	124	629.604
0.000000	1.450119	-2.739050	113	109	15	629.434
-2.617994	2.187132	-0.479875	123	25	125	629.320
2.879793	0.640596	-2.797608	6	24	115	629.203
-2.094395	0.458961	-0.107937	32	16	6	629.187
2.094395	2.404280	-0.174044	112	20	127	629.083
0.785398	0.910508	1.903534	27	3	117	628.968
2.094395	1.218453	2.777284	37	122	122	628.958
1.308997	1.128190	-2.288622	28	4	112	628.895
-3.141593	1.872854	1.543456	105	13	110	628.880
-1.047198	1.998705	2.370472	94	7	11	628.868
-2.356194	1.721184	-0.153948	101	113	6	628.831
2.356194	1.218453	2.777284	126	22	114	628.830
-2.356194	1.662363	0.915448	104	17	118	628.677
-1.832596	2.760637	2.781135	33	8	119	628.663
2.617994	1.417623	-0.202254	106	20	8	628.427
0.523599	0.496451	0.593859	2	21	22	628.363
2.617994	0.571433	-1.188419	111	113	126	628.357
1.047198	2.587733	0.232235	119	112	14	628.320
-2.094395	0.899350	-2.069907	120	17	5	628.202
-1.308997	2.187132	-0.479875	2	107	115	628.104
-1.570796	2.299159	2.264663	14	5	110	628.102
2.879793	1.413347	-1.339188	114	115	12	628.102
0.785398	1.135834	-1.431087	120	105	22	628.030
0.000000	2.396274	-1.959260	105	5	122	628.003
-0.785398	0.370812	-2.547742	33	4	2	627.991
2.094395	1.869911	2.701025	104	4	118	627.840
0.523599	2.407836	1.410646	95	124	3	627.753
-1.570796	0.496451	0.593859	9	13	120	627.655
1.570796	0.618092	2.539118	7	103	17	627.564
0.261799	1.977582	0.969896	29	122	6	627.499
-0.261799	0.960688	-0.577532	3	13	123	627.391
2.617994	0.762244	-0.273349	113	12	125	627.266
2.879793	2.588535	-2.976617	28	113	125	627.222
-0.261799	0.640596	-2.797608	30	1	127	627.129
0.523599	0.866955	-0.931351	116	109	18	627.055
1.570796	1.504028	0.636812	115	110	14	626.905
0.261799	0.640596	-2.797608	9	121	30	626.888
2.094395	1.510910	-0.740472	125	26	124	626.861
0.000000	0.700570	1.559208	100	119	125	626.664
-1.047198	2.664082	-1.071402	28	111	123	626.646
-1.308997	2.456751	-1.503343	33	117	123	626.482
-1.047198	1.574060	2.783565	102	16	110	626.321
2.356194	1.824694	1.850876	9	15	112	626.306
1.832596	2.979456	-1.009304	34	7	12	626.196
-2.617994	1.732874	-0.951685	120	127	23	626.002
-2.617994	2.153910	-1.714959	119	21	121	625.961
2.879793	1.545873	-1.877082	117	116	9	625.893
-2.879793	2.164094	-2.991358	28	119	114	625.873
0.261799	1.247695	1.809890	112	125	25	625.812
-0.261799	2.174483	2.653697	6	7	109	625.772
-1.308997	0.496451	0.593859	115	115	17	625.712
0.261799	1.606104	-0.451151	119	126	27	625.611
-0.261799	1.450119	-2.739050	102	0	110	625.601
-2.094395	0.379747	-1.713059	29	127	5	625.564
1.570796	0.370812	-2.547742	123	19	123	625.552
0.261799	2.356369	3.005869	7	112	102	625.505
0.000000	1.545873	-1.877082	111	118	115	625.502
-2.617994	0.906588	1.252948	120	1	32	625.381
0.000000	1.904882	-1.478089	28	0	113	625.373
2.356194	1.168678	2.108595	127	125	23	625.309
-1.832596	1.510910	-0.740472	112	100	0	625.253
0.261799	0.591903	2.010408	120	5	23	625.193
-1.047198	0.591903	2.010408	98	4	123	625.087
1.570796	2.478122	2.609777	103	125	114	625.040
0.261799	2.407836	1.410646	1	16	112	625.014
1.308997	1.417623	-0.202254	27	112	1	624.831
2.356194	0.992645	-1.723759	118	19	105	624.797
-2.879793	1.982574	-1.115518	126	20	117	624.781
1.308997	1.766067	2.153843	1	5	18	624.780
-1.308997	1.836682	-0.676006	115	100	11	624.646
-0.523599	1.135834	-1.431087	104	115	0	624.629
2.094395	1.904882	-1.478089	103	24	121	624.571
-0.523599	0.831641	0.616218	104	9	124	624.541
-1.832596	0.618092	2.539118	122	125	28	624.479
0.000000	1.242974	-2.977882	24	118	120	624.461
-0.785398	2.664082	-1.071402	114	106	10	624.458
-0.523599	2.349581	-2.702517	111	16	109	624.220
1.832596	0.992645	-1.723759	10	23	116	624.176
-3.141593	1.809167	1.213774	110	14	110	624.008
2.356194	2.592629	0.909713	0	113	13	623.985
1.832596	1.050534	3.042579	124	8	110	623.959
-2.617994	1.599406	1.426070	22	127	121	623.945
2.617994	1.413347	-1.339188	99	19	118	623.865
-1.832596	1.014500	0.906702	116	120	25	623.851
-1.832596	1.766067	2.153843	23	14	118	623.811
-0.785398	0.458961	-0.107937	126	20	6	623.775
2.356194	0.615174	-0.666022	113	17	120	623.774
0.523599	1.194549	-0.801900	36	2	2	623.667
1.308997	1.846342	-1.796954	13	18	112	623.644
-0.261799	0.379747	-1.713059	113	107	3	623.606
1.832596	1.766067	2.153843	3	26	125	623.598
-3.141593	0.640596	-2.797608	122	3	29	623.561
-0.523599	1.184361	0.625864	126	19	3	623.520
2.356194	1.014500	0.906702	2	114	32	623.455
-1.570796	0.899350	-2.069907	29	127	9	623.443
-1.832596	2.153910	-1.714959	100	16	127	623.415
-2.094395	2.164094	-2.991358	125	116	103	623.293
-1.832596	0.496451	0.593859	5	11	118	623.239
-0.261799	1.413430	2.550734	108	119	18	623.222
2.617994	2.664082	-1.071402	116	22	112	623.180
-1.570796	0.866955	-0.931351	113	99	2	623.153
2.617994	1.736875	3.023612	35	124	120	623.038
0.261799	0.615174	-0.666022	104	10	1	622.998
-2.356194	1.256302	0.062705	100	124	3	622.906
-2.094395	2.760637	2.781135	106	126	106	622.847
-0.523599	1.555207	1.708892	111	4	109	622.780
-2.617994	1.113094	-0.272241	98	3	2	622.700
1.832596	1.721184	-0.153948	123	21	4	622.607
0.785398	1.310100	1.488307	124	11	117	622.543
-1.047198	1.488617	1.159546	106	18	3	622.409
0.261799	2.704512	1.488683	7	19	113	622.409
-1.570796	0.640596	-2.797608	118	121	29	622.354
-2.356194	2.404280	-0.174044	124	15	18	622.312
-1.570796	2.343981	-1.040456	24	114	0	622.292
-2.879793	1.184361	0.625864	109	19	108	622.203
-2.617994	2.164094	-2.991358	123	106	122	622.174
1.047198	0.496451	0.593859	102	116	5	622.136
-2.094395	1.846342	-1.796954	12	124	113	622.121
2.617994	0.619654	-2.216909	0	27	119	622.082
0.785398	2.863997	0.549740	102	116	9	622.061
2.879793	0.685216	-1.712745	119	24	119	622.045
-3.141593	0.733948	3.021411	115	17	114	622.007
-2.617994	1.721184	-0.153948	98	118	5	621.951
-3.141593	1.574060	2.783565	25	5	111	621.885
0.523599	0.864993	2.278281	25	5	119	621.838
-2.879793	1.617114	-1.572037	117	111	11	621.826
2.617994	2.033014	2.977192	104	125	118	621.657
-1.832596	0.615174	-0.666022	114	101	15	621.623
0.000000	1.325504	-1.671296	110	110	20	621.473
-2.879793	1.025536	1.576859	115	127	23	621.364
0.000000	1.440580	2.260026	100	127	18	621.342
1.047198	2.984978	1.954446	26	122	127	621.297
-2.617994	0.591903	2.010408	1	127	27	621.288
-3.141593	2.455966	-0.641220	92	125	1	621.153
2.879793	2.073035	2.027405	30	7	117	621.064
2.617994	2.001437	0.381215	25	124	113	621.055
-0.785398	0.685216	-1.712745	32	11	7	620.888
-0.785398	0.640596	-2.797608	31	1	2	620.880
-2.356194	1.504028	0.636812	105	10	108	620.792
-1.570796	1.554776	0.100351	95	8	122	620.784
-1.832596	0.929350	-2.910676	21	9	113	620.734
-2.094395	2.187132	-0.479875	122	22	115	620.677
-2.879793	1.554776	0.100351	102	9	126	620.614
2.879793	2.579248	-2.364801	26	2	120	620.608
2.617994	1.134497	-1.109631	102	126	19	620.496
-1.832596	1.301460	-0.509251	112	101	4	620.399
-0.785398	1.050534	3.042579	95	3	110	620.386
2.356194	2.984978	1.954446	40	119	6	620.277
2.617994	0.290380	-0.796960	101	116	12	620.235
-0.523599	2.343981	-1.040456	38	118	1	620.222
-1.047198	2.881233	-2.582574	11	22	127	620.219
2.617994	1.617114	-1.572037	97	18	119	620.180
2.879793	2.587733	0.232235	28	6	114	620.145
-2.617994	1.554776	0.100351	102	125	127	620.055
-2.094395	1.391910	3.030322	32	8	115	619.915
-1.832596	2.138223	1.678323	98	119	120	619.895
-2.356194	1.440580	2.260026	119	17	20	619.839
2.094395	2.247462	0.191623	23	122	113	619.825
-0.785398	0.290380	-0.796960	120	108	6	619.725
0.000000	1.247695	1.809890	12	121	24	619.621
-2.356194	2.295480	1.008277	19	2	109	619.594
1.832596	2.001437	0.381215	123	113	15	619.586
-1.047198	1.367556	0.358405	95	117	3	619.465
-2.356194	2.356369	3.005869	2	118	102	619.392
-2.617994	1.869911	2.701025	28	10	115	619.256
0.523599	1.135813	-2.658866	122	8	105	619.250
2.356194	1.256302	0.062705	116	20	7	619.068
2.356194	1.025536	1.576859	8	109	27	619.060
1.308997	1.721184	-0.153948	0	123	28	618.764
1.570796	1.696674	-1.253233	125	26	119	618.735
2.356194	0.618092	2.539118	9	23	124	618.703
-2.356194	0.850607	-1.335383	94	14	7	618.677
2.879793	1.045978	0.343692	104	121	32	618.578
1.047198	1.683268	0.374177	113	115	23	618.335
1.570796	2.089241	-0.114193	9	24	21	618.232
-2.879793	1.824694	1.850876	108	20	117	618.164
2.094395	1.195355	1.200319	11	108	120	618.050
-1.570796	2.478122	2.609777	124	23	109	617.930
-2.617994	0.640596	-2.797608	121	25	115	617.861
0.000000	1.732874	-0.951685	30	126	120	617.856
-2.879793	2.180315	-1.357379	122	24	124	617.812
2.356194	0.899350	-2.069907	34	16	6	617.743
-0.261799	1.134497	-1.109631	89	0	122	617.699
-2.356194	1.875281	0.107086	106	15	113	617.617
2.879793	2.979456	-1.009304	22	9	114	617.552
0.000000	1.134796	2.434290	2	122	104	617.502
0.785398	1.506530	1.988858	116	98	11	617.498
-2.094395	1.050534	3.042579	122	21	107	617.460
-2.617994	0.929350	-2.910676	122	24	114	617.419
-2.356194	1.872854	1.543456	94	0	120	617.341
-2.094395	1.617114	-1.572037	106	18	3	617.312
1.832596	1.168678	2.108595	15	4	24	617.275
-1.832596	1.721184	-0.153948	99	13	121	617.263
-0.785398	0.418037	1.360082	5	98	15	617.216
2.617994	1.242974	-2.977882	114	10	108	617.179
2.094395	1.184361	0.625864	10	104	1	616.995
-2.356194	1.488617	1.159546	116	7	32	616.947
1.832596	1.875281	0.107086	121	17	2	616.898
0.000000	1.809167	1.213774	3	14	6	616.787
2.356194	1.809167	1.213774	7	12	110	616.786
-1.047198	0.419640	2.974122	18	120	31	616.724
2.094395	1.617114	-1.572037	106	24	119	616.665
0.000000	1.134497	-1.109631	118	11	122	616.643
0.261799	2.592629	0.909713	29	125	0	616.612
-3.141593	2.407836	1.410646	110	13	116	616.569
-1.047198	1.134796	2.434290	124	102	14	616.557
-2.356194	1.134497	-1.109631	96	113	118	616.554
0.523599	2.588535	-2.976617	11	117	102	616.538
2.617994	0.850607	-1.335383	118	24	120	616.516
1.832596	1.870545	-2.976234	111	12	117	616.464
1.308997	1.510910	-0.740472	7	23	124	616.451
-3.141593	1.135834	-1.431087	99	125	18	616.430
-1.308997	2.379497	0.561089	113	111	18	616.343
-1.832596	1.977582	0.969896	118	116	15	616.230
0.523599	0.733948	3.021411	26	121	119	616.176
-1.047198	0.618092	2.539118	15	110	30	616.144
-0.261799	1.242974	-2.977882	100	124	106	616.122
-2.094395	0.992645	-1.723759	109	12	125	616.115
0.261799	1.599406	1.426070	15	6	110	616.038
1.047198	2.108018	1.311430	99	120	1	616.004
2.879793	2.881233	-2.582574	127	20	112	615.920
1.047198	2.881233	-2.582574	29	8	115	615.897
-1.308997	2.164094	-2.991358	1	16	104	615.878
-1.832596	1.413430	2.550734	124	24	113	615.791
-0.261799	0.899350	-2.069907	0	12	126	615.747
-2.094395	1.909857	-0.381669	0	17	102	615.700
2.094395	1.506530	1.988858	35	117	1	615.669
-0.785398	1.809167	1.213774	118	16	122	615.649
2.879793	1.128190	-2.288622	118	14	100	615.645
0.261799	2.295480	1.008277	28	121	2	615.629
2.879793	2.760637	2.781135	39	122	127	615.509
-1.570796	2.089241	-0.114193	100	9	114	615.444
-2.356194	1.391910	3.030322	116	25	114	615.406
1.308997	2.349581	-2.702517	112	13	109	615.253
-3.141593	0.960688	-0.577532	99	18	10	615.232
-2.356194	1.506530	1.988858	118	17	22	615.201
0.785398	2.404280	-0.174044	121	114	18	615.145
-0.523599	1.998705	2.370472	114	106	4	615.096
-3.141593	2.863997	0.549740	109	127	113	614.909
1.832596	1.301460	-0.509251	39	9	13	614.887
1.832596	1.904882	-1.478089	114	25	118	614.841
1.308997	2.356369	3.005869	108	5	108	614.835
-1.832596	2.001437	0.381215	112	111	3	614.783
-2.879793	1.433411	-1.035986	102	127	22	614.760
-2.094395	1.134796	2.434290	123	25	115	614.734
-3.141593	2.180315	-1.357379	91	122	118	614.711
0.523599	0.615174	-0.666022	102	7	2	614.685
2.094395	0.914445	2.687814	5	119	21	614.598
1.570796	0.899350	-2.069907	15	3	100	614.568
-1.832596	1.135834	-1.431087	103	125	113	614.548
-2.617994	1.555207	1.708892	120	15	25	614.528
-2.617994	0.290380	-0.796960	31	2	3	614.487
2.617994	2.979456	-1.009304	93	126	126	614.440
-2.879793	1.599406	1.426070	24	123	123	614.320
-1.832596	1.242974	-2.977882	112	19	110	614.263
-2.879793	0.866395	-2.492918	7	18	113	614.235
-2.879793	1.391910	3.030322	115	114	116	614.166
0.785398	2.396274	-1.959260	103	4	120	614.145
1.047198	1.504028	0.636812	127	102	9	614.129
1.832596	2.760637	2.781135	28	124	127	614.068
-2.617994	0.899350	-2.069907	125	126	32	614.050
2.617994	2.407836	1.410646	28	125	115	614.021
-2.356194	0.674054	1.013609	112	120	23	613.941
1.047198	0.674054	1.013609	109	110	127	613.918
2.356194	1.617114	-1.572037	101	22	119	613.664
-2.617994	0.960688	-0.577532	98	4	1	613.607
-1.570796	2.456751	-1.503343	99	14	121	613.558
2.094395	1.413430	2.550734	37	122	122	613.498
-1.832596	2.295480	1.008277	10	18	114	613.495
0.000000	2.001437	0.381215	127	112	106	613.408
-1.832596	1.247695	1.809890	103	126	18	613.390
2.879793	2.396274	-1.959260	11	119	113	613.267
0.000000	1.998705	2.370472	118	108	10	613.257
2.617994	2.719179	-1.780644	119	11	99	613.155
-1.308997	2.349581	-2.702517	7	12	103	613.153
0.523599	1.025536	1.576859	111	116	113	612.918
2.094395	1.134497	-1.109631	123	25	120	612.815
2.094395	1.440580	2.260026	1	125	104	612.758
2.617994	1.135813	-2.658866	20	6	106	612.724
-1.570796	1.824694	1.850876	106	16	22	612.673
1.570796	1.699788	2.452890	108	7	117	612.604
2.617994	0.866955	-0.931351	125	23	4	612.344
-1.570796	1.606104	-0.451151	97	4	122	612.271
-1.832596	0.370812	-2.547742	18	123	31	612.197
-1.570796	1.599406	1.426070	110	10	29	612.163
-0.523599	2.299159	2.264663	113	109	1	612.157
-2.879793	2.863997	0.549740	27	4	114	612.122
0.785398	2.115563	0.685730	125	103	10	612.082
-1.047198	0.910508	1.903534	106	114	19	611.949
-1.308997	1.367556	0.358405	93	121	4	611.941
-2.617994	1.417623	-0.202254	92	7	8	611.900
2.617994	0.992645	-1.723759	103	25	122	611.861
-0.261799	0.591903	2.010408	117	118	110	611.854
0.523599	1.413347	-1.339188	35	12	119	611.843
2.094395	1.909857	-0.381669	109	19	1	611.781
-0.261799	0.992645	-1.723759	109	113	124	611.741
0.000000	0.640596	-2.797608	29	120	1	611.641
1.832596	1.872854	1.543456	12	13	112	611.623
-1.570796	0.914445	2.687814	4	109	32	611.618
0.000000	2.138223	1.678323	97	123	116	611.608
-1.308997	2.637879	2.121598	119	22	111	611.587
-1.832596	2.404280	-0.174044	12	19	116	611.528
0.261799	2.041297	-2.664597	101	6	111	611.520
1.832596	0.571433	-1.188419	100	15	119	611.482
-0.523599	2.637879	2.121598	115	109	124	611.448
-2.094395	1.606104	-0.451151	101	16	124	611.410
-0.785398	1.247695	1.809890	4	22	127	611.391
0.785398	0.850607	-1.335383	38	8	127	611.359
-0.523599	1.168678	2.108595	116	7	21	611.336
-1.570796	2.164094	-2.991358	5	14	104	611.270
-0.785398	1.506530	1.988858	6	16	121	611.129
-1.047198	1.617114	-1.572037	98	2	126	611.064
-2.356194	1.301460	-0.509251	90	0	6	611.062
2.879793	2.153910	-1.714959	11	122	114	611.057
-2.356194	1.658653	-2.409879	118	108	121	611.032
2.617994	0.831641	0.616218	17	110	125	610.983
2.879793	0.864993	2.278281	4	3	27	610.727
-0.523599	1.872854	1.543456	112	8	110	610.713
-0.785398	1.870545	-2.976234	107	19	115	610.711
-0.261799	1.812176	0.656819	24	118	14	610.693
-1.832596	0.960688	-0.577532	110	103	18	610.685
-1.570796	1.214854	-1.966664	23	121	15	610.590
-1.047198	1.134497	-1.109631	106	121	120	610.562
-2.094395	0.831641	0.616218	124	112	24	610.507
-2.617994	1.367556	0.358405	116	21	115	610.492
0.261799	1.982574	-1.115518	29	5	118	610.296
-0.261799	2.247462	0.191623	27	115	3	610.176
1.832596	2.588535	-2.976617	33	9	126	610.144
-2.356194	0.733948	3.021411	118	4	27	610.110
1.832596	0.866395	-2.492918	17	124	100	610.104
-0.785398	0.831641	0.616218	7	21	1	610.027
1.570796	1.448123	-2.163292	10	21	127	609.913
2.356194	1.128190	-2.288622	36	18	0	609.759
1.047198	2.356369	3.005869	109	6	108	609.615
-0.261799	1.662363	0.915448	99	1	32	609.610
-1.047198	0.615174	-0.666022	98	121	11	609.529
0.000000	0.992645	-1.723759	110	113	23	609.519
-2.356194	1.699788	2.452890	118	27	118	609.453
-2.617994	1.977582	0.969896	102	25	126	609.437
2.094395	1.135813	-2.658866	8	24	0	609.395
1.047198	2.041297	-2.664597	115	14	102	609.381
1.047198	0.850607	-1.335383	37	12	127	609.271
-1.832596	0.297065	2.160177	0	100	22	609.198
-1.832596	2.637879	2.121598	102	125	116	609.188
1.832596	0.899350	-2.069907	21	7	109	609.172
1.832596	2.719179	-1.780644	26	5	115	609.088
-1.047198	2.478122	2.609777	12	6	109	609.079
-2.879793	1.256302	0.062705	102	127	0	609.057
-0.523599	1.721184	-0.153948	113	113	111	609.056
1.047198	2.393226	1.857173	98	113	125	608.927
-0.523599	1.574060	2.783565	97	9	109	608.892
-2.617994	0.866955	-0.931351	94	119	120	608.840
1.570796	1.168678	2.108595	2	113	24	608.834
2.879793	0.203748	0.590255	27	115	3	608.765
-1.047198	0.619654	-2.216909	32	1	6	608.763
-2.879793	0.961715	0.014085	123	24	108	608.752
-2.094395	1.809167	1.213774	110	11	30	608.730
-0.261799	1.736875	3.023612	11	126	109	608.700
2.356194	1.658653	-2.409879	34	12	121	608.661
-1.047198	0.914445	2.687814	19	119	123	608.644
-1.047198	1.440580	2.260026	105	2	20	608.462
1.832596	2.295480	1.008277	10	14	6	608.400
2.094395	2.187132	-0.479875	33	122	120	608.326
1.832596	2.164094	-2.991358	111	4	107	608.299
2.879793	1.824694	1.850876	109	20	117	608.100
-2.617994	2.299159	2.264663	102	10	117	608.057
-1.570796	1.741644	-2.695914	111	12	107	607.932
0.523599	1.736875	3.023612	126	12	113	607.871
0.000000	1.812176	0.656819	19	110	4	607.789
-1.308997	1.448123	-2.163292	108	1	106	607.785
1.047198	2.089241	-0.114193	0	116	20	607.771
-0.785398	1.721184	-0.153948	111	115	111	607.713
-0.523599	2.456751	-1.503343	24	119	108	607.572
-1.047198	1.869911	2.701025	14	125	113	607.505
-2.617994	1.766067	2.153843	7	17	18	607.460
-1.047198	0.640596	-2.797608	16	120	31	607.436
-1.570796	1.247695	1.809890	113	13	112	607.433
-2.356194	1.025536	1.576859	0	117	18	607.403
-0.523599	1.050534	3.042579	24	0	123	607.328
2.879793	0.618092	2.539118	12	17	122	607.240
1.308997	2.478122	2.609777	106	127	109	607.191
-1.832596	2.456751	-1.503343	103	17	122	607.136
0.523599	0.619654	-2.216909	111	3	114	607.118
-2.356194	2.138223	1.678323	95	127	119	607.114
1.832596	1.134796	2.434290	123	121	21	607.065
-2.879793	2.579248	-2.364801	116	16	110	607.053
0.261799	1.025536	1.576859	25	112	17	607.003
0.523599	1.134497	-1.109631	8	101	5	606.938
0.523599	1.506530	1.988858	115	113	22	606.921
-2.356194	1.214854	-1.966664	106	112	10	606.829
-2.094395	0.297065	2.160177	107	14	121	606.750
-1.047198	0.866395	-2.492918	99	124	107	606.735
-1.047198	1.218453	2.777284	97	13	112	606.701
-2.094395	0.640596	-2.797608	13	119	34	606.601
2.617994	1.014500	0.906702	107	5	122	606.587
1.832596	0.866955	-0.931351	1	24	121	606.582
1.047198	0.370812	-2.547742	126	108	123	606.566
1.570796	1.741644	-2.695914	122	10	105	606.389
-0.785398	0.709924	0.218797	2	15	122	606.370
-3.141593	2.073035	2.027405	111	16	113	606.325
1.308997	1.367556	0.358405	33	0	113	606.319
2.617994	0.618092	2.539118	5	125	28	606.264
-2.356194	2.001437	0.381215	100	0	123	606.258
-1.308997	1.413347	-1.339188	3	102	109	606.249
1.308997	1.554776	0.100351	104	117	15	606.174
-1.832596	1.310100	1.488307	4	15	114	606.170
-1.308997	0.906588	1.252948	27	24	23	606.111
-3.141593	2.587733	0.232235	28	7	114	606.059
-2.094395	1.413347	-1.339188	111	116	20	606.034
0.785398	1.998705	2.370472	113	99	125	606.029
-0.785398	2.180315	-1.357379	117	101	117	605.987
2.617994	1.809167	1.213774	2	16	112	605.963
2.094395	1.756530	-2.105156	120	116	6	605.935
-0.523599	1.606104	-0.451151	16	11	19	605.899
0.261799	1.506530	1.988858	111	9	117	605.795
2.356194	0.709924	0.218797	109	107	16	605.691
-1.047198	1.809167	1.213774	118	20	2	605.670
0.000000	2.587733	0.232235	99	120	12	605.617
2.094395	1.113094	-0.272241	108	21	9	605.592
0.785398	1.168678	2.108595	108	120	22	605.534
1.570796	2.664082	-1.071402	110	12	112	605.374
-2.356194	0.960688	-0.577532	98	0	0	605.357
-1.047198	0.458961	-0.107937	3	14	122	605.326
-0.523599	1.218453	2.777284	2	121	105	605.260
0.000000	1.824694	1.850876	106	12	121	605.168
0.523599	0.961715	0.014085	112	103	4	605.080
2.617994	1.872854	1.543456	123	19	116	605.075
-1.832596	1.448123	-2.163292	102	8	110	605.070
-0.785398	1.113094	-0.272241	126	17	18	604.962
-0.261799	1.569311	-3.003978	98	4	112	604.936
-2.094395	0.866395	-2.492918	96	17	119	604.891
0.000000	1.606104	-0.451151	107	8	124	604.820
1.832596	1.440580	2.260026	104	109	123	604.781
1.832596	1.683268	0.374177	25	120	115	604.761
2.617994	2.247462	0.191623	105	14	1	604.760
-0.523599	0.850607	-1.335383	121	109	115	604.711
-2.879793	2.407836	1.410646	18	4	108	604.700
-0.785398	1.836682	-0.676006	112	15	108	604.610
-0.523599	1.413430	2.550734	115	106	15	604.595
1.047198	1.135813	-2.658866	6	18	0	604.393
1.047198	0.458961	-0.107937	100	26	127	604.365
-0.261799	0.496451	0.593859	106	109	14	604.363
-0.785398	0.906588	1.252948	104	7	119	604.332
-1.047198	0.418037	1.360082	127	122	34	604.327
-1.570796	0.762244	-0.273349	118	103	15	604.311
-2.617994	1.256302	0.062705	97	6	6	604.265
-2.617994	0.418037	1.360082	123	114	17	604.236
-1.832596	1.195355	1.200319	5	14	117	604.125
-2.356194	1.247695	1.809890	89	123	125	604.120
2.879793	0.619654	-2.216909	124	25	115	603.962
-1.570796	1.569311	-3.003978	109	17	111	603.887
-1.570796	1.335669	0.897240	114	120	27	603.861
-2.617994	2.089241	-0.114193	126	14	23	603.784
2.094395	2.455966	-0.641220	119	121	107	603.743
-1.308997	0.640596	-2.797608	24	123	1	603.728
0.261799	1.440580	2.260026	100	124	18	603.725
2.617994	0.418037	1.360082	114	104	17	603.721
2.617994	1.721184	-0.153948	112	15	120	603.656
2.094395	2.664082	-1.071402	101	19	117	603.571
-1.047198	1.683268	0.374177	104	124	106	603.568
-1.570796	1.310100	1.488307	99	111	119	603.442
2.356194	1.374601	-2.456031	36	15	125	603.434
-3.141593	0.906588	1.252948	33	120	4	603.422
-1.570796	1.699788	2.452890	97	2	15	603.243
0.523599	0.591903	2.010408	28	0	121	603.242
1.047198	0.591903	2.010408	115	100	10	602.868
-1.047198	1.194549	-0.801900	98	125	127	602.864
1.308997	0.571433	-1.188419	32	7	5	602.763
2.617994	0.700570	1.559208	32	11	127	602.763
2.879793	2.104282	-0.813972	89	4	0	602.657
-0.785398	2.295480	1.008277	111	113	19	602.635
0.261799	1.545873	-1.877082	106	1	121	602.619
0.000000	2.295480	1.008277	24	118	7	602.576
-2.879793	1.721184	-0.153948	97	17	126	602.499
-1.047198	1.135813	-2.658866	10	11	109	602.494
0.261799	1.135834	-1.431087	113	109	21	602.401
-1.308997	1.599406	1.426070	106	109	115	602.398
-3.141593	1.732874	-0.951685	113	127	24	602.332
2.094395	0.700570	1.559208	1	104	23	602.259
1.832596	1.836682	-0.676006	112	22	122	602.199
-0.785398	1.450119	-2.739050	103	6	109	602.145
-2.879793	1.909857	-0.381669	113	4	110	602.043
1.570796	0.685216	-1.712745	25	122	126	602.038
2.094395	1.301460	-0.509251	124	24	2	602.029
-2.356194	0.203748	0.590255	2	107	18	601.960
-3.141593	1.195355	1.200319	29	9	121	601.930
1.047198	2.033014	2.977192	118	9	109	601.857
-1.308997	2.001437	0.381215	115	110	23	601.844
0.000000	1.736875	3.023612	11	0	108	601.775
-1.047198	2.592629	0.909713	106	112	7	601.720
-3.141593	2.138223	1.678323	122	113	5	601.691
-0.785398	1.617114	-1.572037	122	116	102	601.652
-1.047198	1.824694	1.850876	109	107	122	601.561
2.617994	1.766067	2.153843	30	8	117	601.554
0.523599	2.979456	-1.009304	11	15	109	601.396
0.523599	1.606104	-0.451151	120	127	27	601.280
1.832596	1.736875	3.023612	106	9	120	601.158
1.832596	0.864993	2.278281	109	6	20	601.072
-2.879793	1.310100	1.488307	110	12	25	601.062
-2.094395	1.135834	-1.431087	103	2	113	601.013
-2.356194	0.618092	2.539118	110	15	116	601.004
-2.617994	1.699788	2.452890	22	15	115	600.946
2.356194	0.619654	-2.216909	125	105	24	600.891
2.879793	1.168678	2.108595	2	3	24	600.859
1.832596	2.456751	-1.503343	32	7	119	600.840
-1.832596	1.440580	2.260026	23	127	121	600.790
0.785398	0.762244	-0.273349	113	103	9	600.788
-2.617994	1.247695	1.809890	88	0	125	600.784
2.094395	1.554776	0.100351	117	15	127	600.624
-2.879793	1.510910	-0.740472	104	2	25	600.600
-2.879793	0.615174	-0.666022	116	115	27	600.579
-1.308997	0.615174	-0.666022	118	101	9	600.567
-2.356194	0.906588	1.252948	119	2	32	600.544
1.047198	2.001437	0.381215	115	113	19	600.523
2.879793	1.195355	1.200319	112	22	113	600.456
1.308997	1.617114	-1.572037	35	8	121	600.429
2.356194	2.456751	-1.503343	95	8	114	600.411
-0.785398	1.488617	1.159546	107	108	120	600.394
0.000000	0.709924	0.218797	31	2	20	600.375
-2.094395	1.824694	1.850876	28	2	127	600.360
1.832596	1.599406	1.426070	15	16	114	600.357
-0.261799	0.290380	-0.796960	2	20	6	600.126
-0.523599	1.391910	3.030322	94	2	111	600.083
-1.570796	2.664082	-1.071402	28	113	5	599.958
1.047198	1.617114	-1.572037	21	15	115	599.957
-1.308997	1.998705	2.370472	93	8	10	599.937
2.617994	1.168678	2.108595	2	127	24	599.922
-1.570796	0.458961	-0.107937	126	104	17	599.919
-2.617994	1.809167	1.213774	30	5	0	599.846
0.261799	0.929350	-2.910676	22	119	114	599.783
-1.832596	1.809167	1.213774	120	119	17	599.672
-2.094395	1.367556	0.358405	19	11	116	599.541
0.785398	2.455966	-0.641220	3	118	21	599.513
2.879793	1.846342	-1.796954	3	7	102	599.463
0.523599	1.433411	-1.035986	31	6	123	599.442
1.047198	1.732874	-0.951685	20	104	127	599.396
0.785398	0.418037	1.360082	122	11	122	599.362
-2.617994	1.301460	-0.509251	97	114	0	599.302
1.570796	1.721184	-0.153948	32	119	127	599.219
0.000000	2.478122	2.609777	117	111	2	599.209
0.261799	1.413347	-1.339188	30	0	117	599.138
-2.094395	2.588535	-2.976617	104	3	106	599.086
-2.356194	2.478122	2.609777	89	127	125	599.057
-0.261799	2.349581	-2.702517	109	15	109	599.040
-2.879793	1.050534	3.042579	16	22	118	599.013
2.094395	1.872854	1.543456	10	14	114	598.995
2.356194	1.696674	-1.253233	113	26	119	598.908
1.832596	0.290380	-0.796960	97	11	119	598.892
-2.617994	1.184361	0.625864	33	123	13	598.841
0.261799	1.488617	1.159546	117	14	3	598.775
-2.094395	1.756530	-2.105156	110	112	12	598.672
0.261799	1.413430	2.550734	115	10	114	598.663
0.523599	2.164094	-2.991358	8	8	108	598.583
-3.141593	2.033014	2.977192	123	106	1	598.559
0.523599	1.869911	2.701025	125	110	12	598.558
-2.879793	2.719179	-1.780644	2	22	118	598.537
2.356194	1.554776	0.100351	116	18	127	598.298
0.785398	1.617114	-1.572037	24	13	115	598.284
2.356194	2.407836	1.410646	118	110	126	598.273
-2.617994	0.961715	0.014085	117	9	32	598.242
-2.094395	0.700570	1.559208	125	21	124	598.235
1.570796	1.982574	-1.115518	120	27	121	598.210
1.308997	1.574060	2.783565	118	6	109	598.181
1.308997	1.982574	-1.115518	26	110	124	598.120
1.832596	1.433411	-1.035986	117	25	120	598.083
-0.785398	1.025536	1.576859	111	1	109	598.067
1.832596	1.214854	-1.966664	32	11	121	598.055
1.308997	1.545873	-1.877082	16	16	111	598.021
1.570796	2.063651	-2.044600	33	125	2	597.965
-0.261799	1.014500	0.906702	116	106	19	597.838
0.523599	1.569311	-3.003978	10	5	109	597.769
-0.261799	1.836682	-0.676006	122	127	26	597.763
-2.094395	1.510910	-0.740472	115	96	5	597.745
-2.617994	1.569311	-3.003978	99	19	119	597.743
-1.047198	1.904882	-1.478089	14	106	107	597.724
-2.094395	2.881233	-2.582574	94	10	121	597.719
0.000000	1.869911	2.701025	93	1	113	597.606
0.785398	0.906588	1.252948	107	112	123	597.572
0.261799	2.881233	-2.582574	115	21	110	597.523
0.785398	1.696674	-1.253233	12	100	0	597.435
-1.047198	0.700570	1.559208	104	7	120	597.433
-1.047198	0.203748	0.590255	7	21	121	597.405
-0.261799	1.756530	-2.105156	110	119	107	597.280
-2.094395	1.870545	-2.976234	10	17	111	597.277
1.047198	2.455966	-0.641220	5	118	21	597.275
2.356194	1.869911	2.701025	120	20	110	597.207
2.356194	2.719179	-1.780644	111	17	110	597.169
-0.785398	0.080730	-2.622036	31	2	0	597.148
-0.523599	0.929350	-2.910676	94	119	116	597.096
-0.785398	2.247462	0.191623	19	119	127	597.067
-1.047198	1.301460	-0.509251	96	120	3	596.967
-0.523599	2.396274	-1.959260	35	125	119	596.963
1.308997	1.440580	2.260026	112	100	9	596.869
0.785398	2.984978	1.954446	8	20	115	596.853
-3.141593	2.760637	2.781135	42	127	127	596.759
2.094395	0.297065	2.160177	124	103	13	596.758
2.094395	2.089241	-0.114193	28	119	119	596.755
0.523599	1.599406	1.426070	30	113	7	596.674
2.879793	1.574060	2.783565	23	15	115	596.641
-0.523599	1.658653	-2.409879	103	114	21	596.626
0.785398	0.615174	-0.666022	29	3	5	596.604
-2.094395	1.977582	0.969896	125	20	112	596.582
-1.308997	0.700570	1.559208	104	14	126	596.526
1.570796	1.658653	-2.409879	5	12	104	596.505
-1.570796	1.658653	-2.409879	105	8	109	596.479
-0.785398	1.242974	-2.977882	94	0	113	596.429
2.094395	0.929350	-2.910676	12	23	1	596.397
2.617994	1.050534	3.042579	15	20	122	596.376
-1.570796	1.756530	-2.105156	119	9	116	596.373
1.832596	2.247462	0.191623	11	20	25	596.233
1.047198	1.310100	1.488307	125	119	30	596.140
-2.879793	2.138223	1.678323	16	3	107	596.058
-1.832596	2.379497	0.561089	91	11	120	596.005
2.879793	0.700570	1.559208	93	14	125	595.914
-3.141593	1.721184	-0.153948	101	20	126	595.857
2.094395	2.356369	3.005869	8	24	127	595.777
2.617994	1.195355	1.200319	30	114	11	595.650
-0.785398	1.904882	-1.478089	116	100	122	595.577
2.094395	1.721184	-0.153948	3	23	127	595.561
-1.832596	2.164094	-2.991358	6	15	106	595.532
0.261799	2.115563	0.685730	21	116	122	595.443
2.356194	0.640596	-2.797608	106	12	120	595.433
1.308997	2.456751	-1.503343	20	104	122	595.336
0.785398	2.664082	-1.071402	8	26	127	595.277
2.094395	1.545873	-1.877082	118	115	6	595.277
0.523599	1.413430	2.550734	1	118	20	595.183
2.094395	2.396274	-1.959260	123	18	107	595.147
-3.141593	0.992645	-1.723759	94	17	121	595.147
1.832596	2.379497	0.561089	0	112	14	595.135
-0.261799	2.187132	-0.479875	40	127	10	595.055
2.094395	1.025536	1.576859	13	110	117	595.044
-1.047198	1.948085	-2.363031	115	7	105	594.929
-1.832596	1.391910	3.030322	122	23	114	594.781
2.356194	1.134796	2.434290	28	122	116	594.734
2.879793	2.174483	2.653697	111	23	122	594.694
0.000000	1.045978	0.343692	103	8	125	594.441
-2.879793	1.809167	1.213774	28	0	2	594.427
2.617994	2.108018	1.311430	127	110	14	594.379
2.356194	1.904882	-1.478089	101	12	108	594.343
1.047198	0.733948	3.021411	3	101	10	594.141
2.879793	0.297065	2.160177	0	120	27	594.071
-3.141593	1.569311	-3.003978	106	126	111	593.982
-1.570796	2.349581	-2.702517	8	10	104	593.947
1.308997	2.174483	2.653697	111	2	108	593.938
-1.832596	2.587733	0.232235	119	109	121	593.874
-1.832596	2.719179	-1.780644	28	113	124	593.847
-1.308997	1.195355	1.200319	124	25	5	593.725
-1.570796	2.455966	-0.641220	127	109	110	593.688
0.000000	0.618092	2.539118	25	0	123	593.658
2.879793	0.379747	-1.713059	113	26	126	593.584
0.785398	0.290380	-0.796960	35	10	14	593.522
-1.308997	1.135834	-1.431087	97	17	21	593.519
-0.785398	1.504028	0.636812	107	113	107	593.487
-2.879793	2.033014	2.977192	122	108	123	593.388
-2.617994	0.674054	1.013609	4	112	25	593.348
-2.879793	0.290380	-0.796960	31	0	2	593.346
-3.141593	1.194549	-0.801900	107	110	13	593.305
-1.308997	0.685216	-1.712745	31	2	9	593.304
-1.832596	1.812176	0.656819	89	10	1	593.225
-2.094395	1.448123	-2.163292	120	12	115	593.213
-0.261799	1.696674	-1.253233	22	6	21	593.180
2.879793	0.929350	-2.910676	21	10	110	593.044
2.094395	2.456751	-1.503343	94	12	117	593.009
1.570796	1.413347	-1.339188	1	25	117	592.969
2.356194	2.704512	1.488683	6	109	16	592.937
0.785398	0.929350	-2.910676	1	9	113	592.832
0.000000	1.391910	3.030322	34	120	125	592.737
-0.523599	1.374601	-2.456031	106	127	108	592.685
2.879793	1.948085	-2.363031	28	11	119	592.677
0.000000	0.370812	-2.547742	13	109	107	592.661
-1.832596	0.203748	0.590255	123	111	14	592.641
1.308997	2.404280	-0.174044	2	115	19	592.631
0.785398	0.864993	2.278281	30	8	120	592.433
0.523599	1.113094	-0.272241	114	102	127	592.432
0.000000	1.050534	3.042579	7	119	106	592.427
0.261799	2.104282	-0.813972	117	123	24	592.408
0.523599	1.050534	3.042579	114	2	104	592.346
2.356194	2.760637	2.781135	97	123	3	592.337
-1.308997	1.872854	1.543456	123	116	17	592.243
1.832596	2.637879	2.121598	11	8	110	592.184
2.356194	1.756530	-2.105156	11	6	101	592.163
1.047198	2.180315	-1.357379	17	22	119	592.156
-0.261799	1.982574	-1.115518	29	0	116	592.151
0.000000	1.184361	0.625864	127	21	3	592.145
-2.094395	0.618092	2.539118	122	125	27	592.144
1.832596	1.977582	0.969896	26	124	114	592.144
-1.308997	1.721184	-0.153948	107	105	20	592.113
0.785398	0.899350	-2.069907	2	18	7	592.067
-2.617994	1.440580	2.260026	39	24	5	591.953
-0.261799	1.335669	0.897240	115	107	111	591.905
1.047198	2.478122	2.609777	96	108	121	591.873
0.523599	1.756530	-2.105156	116	120	107	591.859
1.570796	1.128190	-2.288622	11	127	96	591.825
-2.356194	1.554776	0.100351	119	20	113	591.785
-2.617994	2.404280	-0.174044	124	16	19	591.702
-2.094395	0.615174	-0.666022	94	123	12	591.690
-0.785398	1.310100	1.488307	105	10	118	591.627
-0.785398	1.335669	0.897240	126	20	4	591.619
0.000000	1.875281	0.107086	20	122	123	591.616
2.356194	0.866955	-0.931351	110	19	118	591.311
-1.832596	0.080730	-2.622036	21	124	28	591.301
-2.617994	1.134497	-1.109631	102	121	22	591.290
0.261799	0.910508	1.903534	0	1	24	591.257
2.617994	2.349581	-2.702517	21	114	121	591.251
-1.047198	2.041297	-2.664597	113	12	107	591.057
2.356194	1.599406	1.426070	127	122	30	591.011
0.000000	2.104282	-0.813972	115	106	114	590.933
1.047198	0.866395	-2.492918	11	112	25	590.865
1.047198	1.846342	-1.796954	16	16	111	590.828
-2.879793	1.301460	-0.509251	112	6	114	590.825
-2.879793	1.335669	0.897240	110	14	107	590.677
-2.094395	2.579248	-2.364801	29	116	117	590.627
0.523599	1.448123	-2.163292	25	7	110	590.580
-0.785398	1.741644	-2.695914	109	14	112	590.463
1.047198	2.295480	1.008277	100	118	5	590.326
-0.785398	2.396274	-1.959260	111	2	109	590.275
-2.879793	1.134497	-1.109631	89	9	127	590.247
2.617994	1.554776	0.100351	100	6	4	590.167
-0.523599	2.379497	0.561089	120	109	28	590.155
0.523599	1.696674	-1.253233	28	8	118	589.973
-0.261799	2.108018	1.311430	95	11	7	589.921
-1.308997	2.138223	1.678323	115	14	109	589.913
-1.832596	1.756530	-2.105156	120	10	116	589.801
1.570796	2.153910	-1.714959	9	102	15	589.775
1.832596	1.128190	-2.288622	25	6	110	589.747
2.617994	1.824694	1.850876	32	6	119	589.701
2.094395	0.685216	-1.712745	34	15	8	589.671
-1.570796	2.587733	0.232235	16	14	114	589.623
0.000000	0.910508	1.903534	117	119	108	589.620
-1.832596	2.299159	2.264663	30	1	127	589.511
0.000000	1.909857	-0.381669	125	97	123	589.503
0.261799	0.571433	-1.188419	3	107	22	589.495
-0.523599	0.203748	0.590255	124	99	16	589.394
0.000000	1.168678	2.108595	18	111	21	589.365
1.832596	1.417623	-0.202254	112	20	3	589.343
-1.832596	1.256302	0.062705	111	108	20	589.136
2.356194	0.700570	1.559208	4	103	20	589.121
-3.141593	1.413347	-1.339188	100	127	19	589.003
0.785398	2.295480	1.008277	98	120	5	588.999
-1.308997	0.929350	-2.910676	25	117	7	588.832
2.356194	1.606104	-0.451151	21	7	123	588.790
-2.879793	1.135813	-2.658866	13	11	108	588.721
2.094395	2.592629	0.909713	107	115	10	588.679
0.523599	1.721184	-0.153948	27	119	0	588.653
-0.785398	1.998705	2.370472	95	4	12	588.603
-2.617994	2.984978	1.954446	10	25	5	588.551
2.617994	2.704512	1.488683	4	111	14	588.500
1.047198	1.658653	-2.409879	118	113	123	588.438
-2.094395	2.033014	2.977192	114	21	107	588.363
-0.785398	1.045978	0.343692	27	5	0	588.263
-2.356194	1.242974	-2.977882	18	27	4	588.255
-2.356194	0.640596	-2.797608	13	8	25	588.249
0.261799	1.699788	2.452890	101	11	116	588.220
1.047198	1.050534	3.042579	27	116	119	588.220
-2.094395	0.914445	2.687814	111	2	25	587.916
-0.523599	2.984978	1.954446	23	9	112	587.840
2.356194	2.247462	0.191623	27	124	115	587.791
2.617994	1.194549	-0.801900	101	117	3	587.714
0.261799	2.393226	1.857173	98	124	114	587.575
1.308997	0.831641	0.616218	104	113	6	587.552
2.094395	1.325504	-1.671296	121	26	118	587.475
-2.879793	1.574060	2.783565	25	11	113	587.471
-2.094395	2.251330	-2.330739	125	103	122	587.413
