144	1.2	0
-2.879793	0.992645	-1.723759
-0.441602	0.054132	-0.641430
../3r0r_monomer_m.pdb	-34.676	70.065	22.656
../3r0r_monomer_m.pdb	21.039	16.775	83.151
-2.879793	1.134796	2.434290	121	142	125	2196.893
-2.879793	1.413430	2.550734	122	139	128	2075.596
-1.570796	1.506530	1.988858	138	1	124	1981.160
0.785398	2.396274	-1.959260	106	2	12	1921.100
-0.523599	1.574060	2.783565	140	11	131	1916.545
0.785398	1.554776	0.100351	140	25	131	1879.440
-2.617994	1.134796	2.434290	124	141	125	1870.642
-3.141593	1.413430	2.550734	6	143	132	1870.323
1.832596	2.579248	-2.364801	122	5	138	1855.908
2.617994	0.914445	2.687814	2	136	127	1831.626
2.094395	2.299159	2.264663	103	7	134	1819.876
0.261799	1.417623	-0.202254	3	22	126	1800.227
0.785398	1.218453	2.777284	9	16	131	1798.724
1.832596	2.393226	1.857173	103	6	134	1782.092
-0.785398	0.203748	0.590255	5	17	132	1756.965
0.523599	1.721184	-0.153948	141	26	130	1752.124
-1.832596	1.824694	1.850876	138	7	135	1735.969
-1.047198	2.637879	2.121598	9	9	141	1723.915
0.785398	1.875281	0.107086	138	28	136	1716.391
0.261799	1.113094	-0.272241	3	17	122	1714.187
0.261799	1.870545	-2.976234	136	22	142	1712.184
-0.261799	2.174483	2.653697	1	12	137	1706.312
2.617994	1.301460	-0.509251	135	138	21	1691.965
-0.261799	1.909857	-0.381669	1	5	29	1687.697
2.617994	2.979456	-1.009304	1	15	10	1686.457
0.000000	1.606104	-0.451151	0	7	26	1677.658
-0.523599	1.869911	2.701025	140	13	133	1677.102
-1.570796	2.073035	2.027405	139	143	127	1675.913
1.308997	0.496451	0.593859	128	127	142	1664.421
2.617994	2.719179	-1.780644	122	3	138	1663.261
0.785398	1.683268	0.374177	136	29	140	1660.578
-0.523599	1.998705	2.370472	1	11	133	1659.128
-2.879793	1.218453	2.777284	119	139	129	1658.551
-1.047198	2.073035	2.027405	1	7	131	1658.352
1.570796	1.256302	0.062705	1	125	15	1657.814
-0.261799	2.089241	-0.114193	0	9	29	1649.819
1.570796	2.349581	-2.702517	120	5	135	1649.750
0.000000	1.391910	3.030322	138	19	132	1647.418
-1.832596	0.685216	-1.712745	139	23	128	1641.111
-2.879793	1.606104	-0.451151	138	4	130	1636.010
2.879793	0.960688	-0.577532	137	138	20	1635.719
0.000000	1.113094	-0.272241	143	11	22	1634.885
0.523599	1.875281	0.107086	143	29	137	1632.032
0.000000	1.417623	-0.202254	142	11	24	1630.705
-1.570796	1.872854	1.543456	143	9	129	1628.104
-1.308997	1.732874	-0.951685	141	2	118	1621.709
-2.617994	0.864993	2.278281	7	10	135	1619.990
-2.356194	1.741644	-2.695914	141	133	34	1619.746
0.261799	1.736875	3.023612	128	16	132	1617.521
2.356194	2.295480	1.008277	119	17	3	1616.703
-1.047198	0.906588	1.252948	137	15	129	1615.599
1.832596	2.637879	2.121598	103	9	139	1611.552
-0.261799	2.478122	2.609777	0	13	140	1609.099
-1.308997	1.440580	2.260026	141	0	125	1601.016
-1.047198	0.370812	-2.547742	142	27	131	1600.062
-2.356194	1.134796	2.434290	8	140	127	1598.922
-1.308997	0.906588	1.252948	139	15	130	1597.410
1.047198	2.881233	-2.582574	136	7	137	1595.634
-1.308997	1.506530	1.988858	138	2	124	1595.525
-0.261799	1.869911	2.701025	0	11	133	1592.897
-3.141593	1.606104	-0.451151	143	133	26	1592.186
2.094395	2.115563	0.685730	118	17	142	1592.084
-1.832596	1.555207	1.708892	137	8	133	1588.597
0.785398	1.113094	-0.272241	138	22	122	1584.344
0.000000	1.948085	-2.363031	3	7	37	1581.515
0.523599	1.417623	-0.202254	142	23	126	1580.692
2.094395	2.704512	1.488683	127	15	0	1577.542
1.570796	1.417623	-0.202254	143	127	22	1574.287
-1.832596	0.910508	1.903534	138	7	126	1571.822
-1.832596	0.700570	1.559208	143	15	136	1570.967
-1.047198	1.766067	2.153843	143	4	127	1568.797
-2.094395	2.041297	-2.664597	8	125	10	1567.890
-1.570796	2.299159	2.264663	139	140	132	1567.887
1.308997	2.033014	2.977192	116	29	138	1566.750
2.879793	2.108018	1.311430	131	10	3	1564.415
-2.617994	0.571433	-1.188419	124	13	116	1562.673
-0.261799	1.113094	-0.272241	0	13	120	1562.139
-2.617994	0.960688	-0.577532	23	137	22	1561.476
1.308997	2.174483	2.653697	113	28	135	1560.618
-1.832596	0.850607	-1.335383	136	3	113	1560.000
1.047198	0.914445	2.687814	9	14	128	1559.729
2.617994	0.419640	2.974122	140	143	122	1557.258
-3.141593	0.914445	2.687814	6	3	128	1556.285
1.570796	1.569311	-3.003978	111	27	140	1552.907
0.261799	1.569311	-3.003978	140	23	139	1552.667
0.523599	1.554776	0.100351	141	26	131	1551.910
-2.879793	2.456751	-1.503343	135	11	141	1551.181
-1.047198	1.440580	2.260026	141	2	125	1547.878
-0.785398	2.174483	2.653697	143	4	37	1545.128
1.832596	1.367556	0.358405	116	21	135	1544.272
0.261799	1.242974	-2.977882	114	8	121	1540.516
1.047198	2.588535	-2.976617	127	8	136	1538.803
2.094395	2.637879	2.121598	102	4	141	1537.775
-3.141593	1.721184	-0.153948	7	125	24	1537.151
0.785398	1.662363	0.915448	121	20	127	1537.021
-0.785398	1.367556	0.358405	133	16	122	1536.713
0.000000	1.909857	-0.381669	0	5	29	1536.220
0.000000	0.418037	1.360082	135	11	118	1535.838
-1.308997	0.685216	-1.712745	134	17	122	1535.663
1.047198	1.812176	0.656819	133	29	3	1535.110
2.356194	0.733948	3.021411	143	139	123	1534.812
-1.047198	1.732874	-0.951685	143	7	119	1533.431
-1.047198	1.909857	-0.381669	1	12	27	1530.964
0.523599	1.135813	-2.658866	120	7	120	1530.897
1.832596	1.450119	-2.739050	106	23	143	1530.848
-1.570796	1.440580	2.260026	142	140	125	1529.236
-1.047198	1.699788	2.452890	139	3	128	1527.474
2.879793	2.187132	-0.479875	138	137	29	1524.410
-0.785398	1.045978	0.343692	128	13	118	1522.077
-1.308997	2.299159	2.264663	6	143	133	1521.813
0.785398	0.866395	-2.492918	126	4	120	1520.307
-0.785398	1.574060	2.783565	140	8	129	1519.001
-0.523599	2.187132	-0.479875	3	3	30	1518.943
1.570796	2.033014	2.977192	112	27	138	1518.506
2.356194	2.299159	2.264663	102	2	136	1518.250
-0.785398	2.984978	1.954446	11	17	5	1518.212
2.356194	0.929350	-2.910676	0	13	141	1517.690
-0.261799	2.187132	-0.479875	2	2	31	1517.375
1.832596	1.417623	-0.202254	8	123	22	1516.538
0.261799	1.440580	2.260026	129	18	32	1515.907
2.617994	0.615174	-0.666022	129	123	3	1515.344
-2.879793	2.104282	-0.813972	1	139	33	1514.930
2.356194	1.977582	0.969896	116	15	2	1513.705
-1.308997	0.700570	1.559208	137	11	126	1513.158
-1.832596	1.247695	1.809890	136	8	130	1511.544
2.879793	0.419640	2.974122	4	8	126	1508.479
2.879793	1.909857	-0.381669	138	134	28	1507.774
1.570796	1.242974	-2.977882	111	27	135	1507.621
1.570796	1.554776	0.100351	1	125	18	1507.176
2.094395	0.080730	-2.622036	5	11	127	1506.929
-2.356194	0.591903	2.010408	6	13	135	1503.157
1.832596	2.174483	2.653697	109	15	135	1502.831
-0.785398	2.073035	2.027405	142	8	127	1502.736
2.617994	0.619654	-2.216909	107	134	133	1502.734
1.570796	0.370812	-2.547742	0	143	122	1500.860
0.785398	1.504028	0.636812	120	17	123	1500.742
-1.047198	1.824694	1.850876	141	8	126	1500.088
-1.570796	0.910508	1.903534	142	6	126	1499.895
-1.308997	0.992645	-1.723759	132	19	123	1497.883
-0.785398	2.299159	2.264663	1	9	135	1497.772
1.832596	1.374601	-2.456031	4	19	9	1497.754
-3.141593	0.709924	0.218797	133	4	117	1496.987
-0.785398	1.909857	-0.381669	142	13	28	1496.141
0.261799	1.301460	-0.509251	143	18	121	1493.990
-0.523599	2.407836	1.410646	128	11	126	1493.422
-2.879793	0.618092	2.539118	4	9	129	1492.643
-0.523599	2.174483	2.653697	4	8	136	1491.734
-2.879793	0.615174	-0.666022	120	8	118	1491.070
0.523599	2.041297	-2.664597	137	22	3	1490.884
1.308997	2.863997	0.549740	127	17	142	1490.111
-0.261799	1.721184	-0.153948	141	10	26	1488.979
-1.570796	1.555207	1.708892	138	6	127	1487.326
-1.570796	0.615174	-0.666022	132	12	117	1486.904
-1.570796	1.824694	1.850876	141	2	127	1486.893
0.261799	0.615174	-0.666022	127	5	116	1486.891
-2.094395	0.571433	-1.188419	143	15	121	1486.497
-1.047198	1.168678	2.108595	139	3	122	1484.802
1.832596	2.251330	-2.330739	122	6	135	1484.425
-3.141593	1.699788	2.452890	7	139	133	1484.012
0.261799	1.721184	-0.153948	1	26	131	1481.091
-0.785398	1.721184	-0.153948	3	11	24	1479.218
0.785398	2.001437	0.381215	139	30	0	1478.178
0.000000	0.960688	-0.577532	127	11	117	1477.735
0.000000	2.356369	3.005869	124	10	134	1477.074
1.308997	1.569311	-3.003978	136	126	25	1476.403
-2.879793	2.664082	-1.071402	123	3	138	1474.129
-2.094395	1.168678	2.108595	131	143	121	1474.028
-0.261799	2.404280	-0.174044	0	5	31	1473.408
1.832596	1.256302	0.062705	118	21	128	1470.777
1.832596	1.569311	-3.003978	107	23	139	1470.600
-0.523599	2.299159	2.264663	0	11	133	1469.786
-0.523599	1.909857	-0.381669	3	6	28	1468.822
-0.785398	2.478122	2.609777	6	5	139	1468.607
-1.308997	0.866955	-0.931351	131	14	118	1468.363
1.047198	1.683268	0.374177	133	28	139	1467.820
-1.308997	0.899350	-2.069907	136	27	134	1465.699
0.000000	2.587733	0.232235	143	6	33	1464.883
-0.785398	1.766067	2.153843	143	9	128	1464.559
1.047198	0.864993	2.278281	128	17	121	1464.540
1.570796	2.393226	1.857173	103	11	134	1463.697
-0.261799	1.574060	2.783565	115	15	128	1461.751
1.308997	2.073035	2.027405	107	21	127	1461.038
-1.308997	1.869911	2.701025	1	133	130	1460.969
2.094395	2.579248	-2.364801	121	3	137	1460.184
1.570796	1.450119	-2.739050	110	27	143	1458.687
-2.617994	1.510910	-0.740472	19	1	30	1458.058
1.308997	1.450119	-2.739050	115	29	143	1457.891
0.000000	1.014500	0.906702	116	0	137	1457.663
0.261799	0.960688	-0.577532	0	11	117	1457.612
-0.523599	2.478122	2.609777	4	9	139	1456.445
1.570796	1.135813	-2.658866	108	26	139	1456.022
-1.832596	1.168678	2.108595	141	4	127	1455.364
-2.879793	0.960688	-0.577532	120	0	117	1455.002
1.047198	2.153910	-1.714959	104	1	7	1454.796
1.570796	1.870545	-2.976234	113	28	143	1454.549
-1.047198	1.721184	-0.153948	3	17	23	1452.803
0.785398	0.297065	2.160177	10	2	19	1452.218
0.785398	1.812176	0.656819	118	19	128	1450.638
1.308997	1.736875	3.023612	117	29	136	1450.496
-0.523599	1.699788	2.452890	143	8	128	1449.971
-1.832596	0.615174	-0.666022	134	11	117	1449.742
2.617994	1.242974	-2.977882	0	9	141	1448.592
-0.785398	0.370812	-2.547742	132	25	129	1447.943
1.832596	1.606104	-0.451151	8	126	28	1447.481
-1.832596	1.025536	1.576859	142	13	138	1447.385
-1.047198	1.413430	2.550734	135	15	130	1446.983
-1.308997	1.870545	-2.976234	18	141	36	1446.755
1.308997	1.374601	-2.456031	113	27	3	1446.594
-1.570796	0.850607	-1.335383	5	13	122	1446.339
-2.617994	1.741644	-2.695914	138	134	34	1446.198
-2.879793	0.866955	-0.931351	126	5	115	1446.046
-0.523599	2.089241	-0.114193	10	0	30	1445.937
2.356194	2.396274	-1.959260	122	4	136	1445.467
1.570796	1.391910	3.030322	111	27	131	1445.457
0.785398	1.045978	0.343692	132	23	127	1443.945
-2.879793	1.440580	2.260026	125	139	124	1443.936
0.523599	2.379497	0.561089	103	12	141	1443.869
-2.617994	1.440580	2.260026	0	9	136	1442.312
-0.523599	1.732874	-0.951685	142	18	123	1442.137
-2.356194	1.168678	2.108595	0	11	137	1441.933
0.000000	2.089241	-0.114193	17	3	33	1441.800
-1.832596	2.073035	2.027405	136	141	125	1441.336
0.523599	0.685216	-1.712745	123	3	113	1441.068
0.523599	2.349581	-2.702517	142	22	7	1438.334
-0.261799	2.356369	3.005869	21	7	142	1437.471
0.785398	1.184361	0.625864	131	25	133	1437.184
0.785398	1.134796	2.434290	8	10	125	1437.159
0.261799	2.587733	0.232235	140	6	33	1436.800
-3.141593	1.909857	-0.381669	6	129	29	1435.746
1.832596	1.448123	-2.163292	138	16	13	1434.502
1.308997	2.349581	-2.702517	121	7	135	1434.019
-2.094395	2.251330	-2.330739	2	125	28	1433.392
-1.832596	1.872854	1.543456	138	9	136	1432.476
1.570796	1.367556	0.358405	2	124	12	1432.363
-2.879793	2.478122	2.609777	1	2	41	1431.574
0.785398	0.619654	-2.216909	134	140	116	1431.120
0.000000	1.736875	3.023612	138	21	135	1431.020
0.785398	1.391910	3.030322	8	19	135	1430.788
1.570796	0.929350	-2.910676	131	136	118	1429.933
0.785398	1.168678	2.108595	125	17	120	1429.697
-2.094395	0.203748	0.590255	3	140	16	1428.954
0.523599	1.113094	-0.272241	10	14	122	1428.598
0.523599	1.450119	-2.739050	5	25	143	1428.373
-1.570796	1.721184	-0.153948	142	10	125	1427.226
0.785398	0.960688	-0.577532	121	143	22	1427.163
-2.617994	1.699788	2.452890	6	135	131	1425.697
-1.832596	0.591903	2.010408	10	6	127	1424.658
-2.094395	1.301460	-0.509251	143	14	131	1423.984
-1.308997	1.606104	-0.451151	8	11	26	1422.219
0.261799	1.391910	3.030322	129	14	129	1421.316
-2.617994	1.606104	-0.451151	20	3	27	1420.053
-3.141593	1.417623	-0.202254	8	124	22	1419.950
-2.356194	1.301460	-0.509251	21	5	26	1418.268
-0.523599	1.433411	-1.035986	129	26	129	1417.837
-1.308997	1.554776	0.100351	141	10	122	1417.528
-0.523599	1.413430	2.550734	135	10	126	1417.333
-2.094395	2.174483	2.653697	124	142	134	1414.786
2.356194	2.984978	1.954446	130	128	16	1414.504
2.094395	1.391910	3.030322	133	135	126	1413.823
1.570796	1.756530	-2.105156	138	18	16	1413.738
-1.047198	0.762244	-0.273349	6	143	19	1412.894
-3.141593	1.301460	-0.509251	142	132	23	1412.060
0.000000	1.721184	-0.153948	142	9	27	1411.752
-1.308997	2.407836	1.410646	8	16	132	1411.084
1.308997	1.554776	0.100351	141	128	18	1410.643
-3.141593	2.187132	-0.479875	4	133	32	1409.179
-2.617994	0.615174	-0.666022	2	7	119	1409.062
0.261799	1.606104	-0.451151	142	24	125	1407.443
1.832596	0.640596	-2.797608	136	140	119	1406.544
-1.570796	1.699788	2.452890	141	140	128	1405.615
-1.832596	2.063651	-2.044600	7	127	29	1405.519
0.523599	0.619654	-2.216909	135	139	117	1405.201
-1.832596	2.407836	1.410646	10	8	134	1405.023
-0.785398	1.998705	2.370472	1	2	129	1404.926
2.094395	1.194549	-0.801900	130	127	25	1404.723
-1.308997	0.619654	-2.216909	136	27	133	1404.062
2.617994	1.809167	1.213774	106	137	9	1403.854
-0.785398	1.391910	3.030322	141	10	128	1403.562
-2.094395	1.194549	-0.801900	5	138	117	1403.378
1.832596	1.545873	-1.877082	0	14	17	1402.949
-2.356194	0.379747	-1.713059	127	21	119	1402.102
-2.094395	0.910508	1.903534	143	11	133	1402.075
0.261799	2.089241	-0.114193	138	6	30	1401.816
1.570796	2.478122	2.609777	106	23	140	1401.426
0.785398	1.809167	1.213774	123	23	131	1401.117
0.523599	1.168678	2.108595	127	15	119	1400.727
-0.785398	1.869911	2.701025	141	9	133	1399.415
-1.047198	1.413347	-1.339188	134	10	113	1398.246
-0.785398	1.218453	2.777284	135	15	128	1397.756
-2.356194	0.864993	2.278281	139	6	129	1397.662
1.308997	2.063651	-2.044600	9	18	20	1397.508
-1.047198	2.001437	0.381215	4	5	127	1397.264
-2.617994	0.618092	2.539118	139	7	126	1396.550
-2.356194	0.960688	-0.577532	4	142	119	1396.427
-0.523599	0.496451	0.593859	3	19	133	1396.008
1.047198	1.168678	2.108595	122	17	121	1395.901
2.617994	1.606104	-0.451151	140	134	25	1395.227
1.047198	0.496451	0.593859	128	123	3	1395.086
-0.785398	2.089241	-0.114193	123	15	18	1394.745
-1.570796	1.982574	-1.115518	10	0	33	1394.493
-0.785398	1.732874	-0.951685	0	14	123	1393.587
-0.261799	1.606104	-0.451151	4	9	27	1392.906
1.308997	1.721184	-0.153948	139	133	25	1392.228
0.523599	1.301460	-0.509251	140	20	120	1391.711
2.879793	1.391910	3.030322	2	7	139	1390.858
0.785398	0.831641	0.616218	120	134	0	1389.789
1.047198	2.579248	-2.364801	139	19	11	1389.562
0.261799	2.247462	0.191623	12	1	36	1389.503
1.308997	1.050534	3.042579	124	12	22	1389.098
2.879793	2.089241	-0.114193	5	125	27	1387.540
1.308997	0.929350	-2.910676	124	1	122	1387.282
0.523599	1.194549	-0.801900	127	2	27	1387.117
0.000000	1.218453	2.777284	137	14	127	1385.678
-2.356194	0.297065	2.160177	6	11	127	1384.401
-0.785398	1.195355	1.200319	139	19	132	1384.084
1.832596	1.214854	-1.966664	2	13	16	1383.687
0.000000	2.379497	0.561089	115	7	10	1383.628
2.356194	1.194549	-0.801900	132	130	24	1383.389
-0.261799	1.050534	3.042579	129	19	128	1383.332
-2.879793	1.301460	-0.509251	119	142	119	1382.045
1.308997	2.251330	-2.330739	15	22	16	1381.890
2.879793	1.218453	2.777284	4	3	133	1381.754
1.308997	1.135813	-2.658866	113	28	140	1381.029
-1.308997	1.836682	-0.676006	6	8	29	1380.759
-2.094395	1.113094	-0.272241	141	13	127	1380.527
-1.570796	2.704512	1.488683	10	11	143	1379.372
-2.879793	1.417623	-0.202254	24	137	23	1379.370
1.047198	2.073035	2.027405	109	140	143	1379.211
1.308997	1.998705	2.370472	111	26	128	1378.401
-0.261799	0.571433	-1.188419	129	2	112	1378.336
-2.356194	0.571433	-1.188419	137	19	122	1377.732
-0.523599	2.724429	-0.348782	1	2	33	1376.772
1.570796	2.174483	2.653697	107	23	135	1375.640
2.617994	1.391910	3.030322	1	8	139	1374.986
-1.570796	1.998705	2.370472	143	134	128	1374.725
-1.570796	2.579248	-2.364801	131	122	9	1374.624
0.261799	2.251330	-2.330739	110	6	19	1374.001
-1.832596	1.977582	0.969896	22	15	5	1373.618
2.617994	1.218453	2.777284	0	134	128	1373.335
2.356194	1.909857	-0.381669	4	128	28	1372.649
1.047198	1.301460	-0.509251	132	128	26	1372.418
-2.617994	1.696674	-1.253233	135	143	28	1371.560
0.523599	2.588535	-2.976617	143	21	7	1370.369
1.308997	1.045978	0.343692	126	21	127	1369.926
-0.523599	1.050534	3.042579	130	14	124	1369.766
-2.879793	0.709924	0.218797	133	5	117	1369.733
-0.785398	2.404280	-0.174044	121	13	21	1369.352
0.000000	2.404280	-0.174044	143	2	32	1369.260
-2.617994	2.104282	-0.813972	1	142	33	1368.859
0.261799	0.762244	-0.273349	13	4	120	1368.744
0.523599	1.440580	2.260026	125	19	124	1368.705
-1.832596	1.909857	-0.381669	2	11	132	1368.653
-1.308997	2.637879	2.121598	142	7	140	1368.329
-2.094395	0.864993	2.278281	7	0	126	1368.152
1.570796	0.700570	1.559208	141	133	125	1367.847
1.832596	2.719179	-1.780644	139	16	12	1367.582
0.261799	1.948085	-2.363031	0	8	37	1367.456
1.047198	1.504028	0.636812	117	15	123	1367.303
-1.832596	1.413347	-1.339188	131	2	112	1366.718
2.879793	1.025536	1.576859	25	143	129	1365.659
0.000000	2.579248	-2.364801	109	9	16	1365.426
-0.785398	0.961715	0.014085	135	4	18	1365.119
-1.047198	1.869911	2.701025	3	139	130	1364.818
1.308997	2.478122	2.609777	110	27	140	1364.711
1.570796	2.404280	-0.174044	127	140	132	1364.662
0.785398	2.041297	-2.664597	125	18	138	1363.934
2.094395	0.733948	3.021411	141	136	123	1363.289
1.570796	0.458961	-0.107937	122	131	4	1363.192
-1.047198	1.194549	-0.801900	138	4	115	1362.932
1.308997	1.977582	0.969896	133	27	13	1362.887
1.832596	0.203748	0.590255	1	27	132	1362.043
-2.879793	2.187132	-0.479875	6	136	32	1362.010
2.356194	0.866955	-0.931351	128	130	21	1361.224
0.000000	1.869911	2.701025	124	14	133	1360.869
2.094395	0.762244	-0.273349	130	6	116	1360.813
-3.141593	0.960688	-0.577532	120	3	117	1360.063
0.261799	1.218453	2.777284	113	10	127	1360.047
2.617994	1.574060	2.783565	116	134	26	1360.001
1.308997	0.640596	-2.797608	129	2	122	1359.990
2.356194	0.640596	-2.797608	1	14	140	1359.478
-0.785398	2.637879	2.121598	14	13	140	1359.148
1.570796	1.977582	0.969896	10	27	16	1358.549
-1.308997	2.174483	2.653697	2	136	133	1358.540
1.308997	0.762244	-0.273349	108	135	130	1358.089
2.879793	0.615174	-0.666022	120	15	116	1357.760
0.261799	1.909857	-0.381669	142	23	126	1357.383
-0.785398	1.824694	1.850876	139	8	122	1356.957
0.523599	2.251330	-2.330739	106	5	15	1356.787
-2.356194	2.407836	1.410646	4	126	33	1355.985
0.000000	1.367556	0.358405	119	1	11	1355.495
1.047198	0.929350	-2.910676	125	0	121	1355.329
2.356194	1.606104	-0.451151	143	131	25	1354.531
0.261799	2.404280	-0.174044	102	7	6	1354.520
-1.047198	2.587733	0.232235	122	18	10	1354.369
1.308997	1.870545	-2.976234	118	30	143	1353.636
0.523599	1.606104	-0.451151	141	142	27	1353.441
-2.879793	0.571433	-1.188419	125	15	115	1352.735
0.261799	1.450119	-2.739050	116	8	116	1352.510
-3.141593	0.615174	-0.666022	18	124	16	1352.284
2.879793	1.301460	-0.509251	113	4	118	1352.232
-1.570796	0.379747	-1.713059	139	20	124	1351.727
2.617994	1.836682	-0.676006	140	139	27	1350.453
-2.879793	1.113094	-0.272241	25	137	21	1350.400
0.785398	1.335669	0.897240	124	17	122	1350.338
-2.617994	1.413430	2.550734	143	7	133	1350.212
2.879793	0.496451	0.593859	130	8	118	1349.681
2.617994	2.108018	1.311430	119	14	6	1349.646
0.000000	2.174483	2.653697	132	141	38	1349.538
2.356194	1.812176	0.656819	116	13	141	1349.493
-0.261799	0.960688	-0.577532	132	7	115	1349.353
-2.356194	1.113094	-0.272241	0	12	128	1349.285
-3.141593	0.571433	-1.188419	131	123	5	1349.155
0.785398	0.914445	2.687814	131	21	125	1349.029
2.356194	2.478122	2.609777	102	6	141	1348.230
-2.356194	2.724429	-0.348782	123	3	139	1346.636
-1.047198	1.977582	0.969896	137	24	123	1346.294
0.000000	2.760637	2.781135	12	17	1	1345.932
-0.523599	2.349581	-2.702517	9	139	38	1345.296
1.047198	2.396274	-1.959260	105	141	12	1343.993
2.094395	2.343981	-1.040456	21	5	25	1343.115
-1.570796	1.766067	2.153843	141	0	129	1342.960
1.308997	0.615174	-0.666022	10	2	120	1342.208
-3.141593	1.574060	2.783565	124	141	130	1342.172
-2.879793	1.194549	-0.801900	18	134	26	1341.753
-1.308997	1.766067	2.153843	142	1	127	1341.567
1.308997	2.393226	1.857173	141	9	36	1341.458
-0.261799	1.128190	-2.288622	125	10	115	1341.271
1.570796	1.736875	3.023612	111	26	136	1340.709
1.047198	0.370812	-2.547742	134	137	117	1340.705
1.047198	0.866395	-2.492918	126	5	121	1340.429
-1.570796	1.574060	2.783565	8	133	133	1340.101
-1.308997	1.824694	1.850876	142	5	126	1339.980
0.785398	1.367556	0.358405	137	26	134	1339.121
-1.047198	0.866955	-0.931351	126	14	118	1338.719
1.047198	2.115563	0.685730	136	29	8	1338.714
1.570796	1.374601	-2.456031	109	24	3	1338.080
-3.141593	0.290380	-0.796960	2	22	125	1337.839
-3.141593	2.180315	-1.357379	136	9	141	1337.478
-2.879793	1.836682	-0.676006	139	4	132	1337.062
-2.617994	0.866955	-0.931351	125	3	115	1336.275
2.617994	0.960688	-0.577532	135	137	19	1336.084
-1.047198	2.104282	-0.813972	4	6	125	1335.939
0.523599	0.960688	-0.577532	143	14	117	1335.795
0.523599	1.391910	3.030322	129	19	132	1335.213
2.094395	1.417623	-0.202254	3	128	22	1335.164
0.785398	1.909857	-0.381669	136	143	31	1334.982
2.094395	0.290380	-0.796960	121	131	6	1334.802
1.308997	1.766067	2.153843	112	23	122	1334.766
0.000000	1.184361	0.625864	110	2	135	1333.896
-1.570796	0.685216	-1.712745	3	22	127	1333.268
1.047198	1.045978	0.343692	128	22	126	1332.412
-0.785398	2.001437	0.381215	1	10	127	1331.919
-2.356194	2.033014	2.977192	5	19	133	1331.896
2.094395	2.251330	-2.330739	121	4	134	1331.883
-0.523599	0.762244	-0.273349	0	3	117	1331.553
0.261799	1.194549	-0.801900	123	10	117	1331.194
-0.261799	1.135813	-2.658866	121	7	114	1330.778
1.832596	0.762244	-0.273349	132	6	116	1330.279
1.308997	2.396274	-1.959260	25	15	19	1329.696
0.785398	2.356369	3.005869	113	5	134	1329.563
-1.832596	0.960688	-0.577532	142	19	130	1329.523
0.785398	1.256302	0.062705	115	141	13	1329.510
0.785398	0.674054	1.013609	127	130	140	1329.371
0.261799	0.929350	-2.910676	139	8	125	1329.287
0.000000	0.866955	-0.931351	121	22	23	1328.472
2.617994	0.762244	-0.273349	114	13	119	1328.194
1.047198	1.242974	-2.977882	126	12	26	1326.056
-1.308997	1.721184	-0.153948	138	22	22	1325.976
1.570796	1.545873	-1.877082	7	15	18	1325.861
2.094395	1.736875	3.023612	109	15	134	1325.464
1.832596	1.554776	0.100351	8	121	17	1325.096
-1.832596	1.721184	-0.153948	0	9	128	1325.082
0.785398	1.450119	-2.739050	119	10	125	1325.050
-1.570796	1.732874	-0.951685	16	3	32	1324.708
-2.617994	0.906588	1.252948	30	5	130	1324.377
-1.308997	2.664082	-1.071402	10	25	20	1324.025
-1.047198	2.174483	2.653697	2	140	134	1323.609
1.832596	1.014500	0.906702	124	1	116	1323.356
-2.617994	2.343981	-1.040456	136	11	138	1323.188
-0.261799	1.391910	3.030322	113	18	125	1323.188
-1.047198	1.433411	-1.035986	139	8	117	1323.130
-1.047198	1.045978	0.343692	130	9	115	1323.027
1.308997	1.128190	-2.288622	9	11	127	1322.732
0.523599	2.089241	-0.114193	101	4	2	1322.353
0.000000	0.899350	-2.069907	127	6	115	1321.978
1.308997	2.579248	-2.364801	2	15	0	1321.929
1.308997	2.637879	2.121598	105	21	140	1321.893
1.047198	1.741644	-2.695914	121	8	126	1320.907
2.356194	1.134497	-1.109631	130	128	27	1320.641
1.047198	1.450119	-2.739050	122	15	132	1320.285
-0.785398	1.448123	-2.163292	4	16	28	1320.251
2.094395	1.569311	-3.003978	143	14	142	1319.847
2.617994	2.089241	-0.114193	140	136	31	1319.737
1.832596	2.073035	2.027405	105	9	127	1319.443
-3.141593	1.134796	2.434290	120	2	124	1319.028
-0.785398	0.960688	-0.577532	9	140	19	1318.914
0.785398	0.496451	0.593859	122	130	1	1318.897
-1.832596	2.587733	0.232235	135	26	1	1318.670
-2.356194	0.762244	-0.273349	136	5	115	1318.621
2.094395	2.187132	-0.479875	130	140	132	1318.292
-0.523599	1.606104	-0.451151	7	6	26	1318.054
2.617994	1.134796	2.434290	4	129	131	1317.484
0.523599	2.001437	0.381215	20	29	4	1316.778
-1.570796	2.396274	-1.959260	2	129	30	1316.479
-0.523599	1.242974	-2.977882	119	17	119	1316.138
-2.617994	2.704512	1.488683	116	2	29	1315.721
-1.308997	1.696674	-1.253233	139	8	116	1315.300
-0.785398	0.615174	-0.666022	134	141	114	1314.581
1.047198	2.108018	1.311430	119	138	21	1314.445
1.570796	1.846342	-1.796954	5	15	22	1314.426
1.570796	2.863997	0.549740	121	16	141	1314.349
1.308997	1.812176	0.656819	119	3	25	1314.298
1.047198	1.662363	0.915448	117	19	127	1314.030
-0.785398	2.187132	-0.479875	4	6	31	1313.775
-1.570796	1.247695	1.809890	132	4	120	1313.190
2.356194	1.391910	3.030322	121	13	134	1312.870
-3.141593	2.153910	-1.714959	122	130	14	1312.252
0.523599	0.674054	1.013609	119	8	17	1312.006
-1.832596	0.379747	-1.713059	136	24	126	1310.861
-0.261799	1.301460	-0.509251	2	13	25	1310.702
2.617994	0.929350	-2.910676	0	11	141	1310.700
0.000000	1.050534	3.042579	117	10	122	1310.576
-1.047198	0.619654	-2.216909	0	25	132	1310.316
-0.523599	1.301460	-0.509251	133	19	121	1310.252
2.094395	1.135813	-2.658866	1	17	3	1310.098
0.785398	2.393226	1.857173	142	28	137	1309.522
0.000000	1.301460	-0.509251	1	11	25	1309.028
-2.617994	0.379747	-1.713059	129	22	118	1308.801
1.308997	1.869911	2.701025	115	27	130	1307.453
-0.523599	2.404280	-0.174044	2	8	31	1307.327
1.308997	0.700570	1.559208	140	131	125	1307.301
0.785398	1.301460	-0.509251	133	21	119	1307.212
2.356194	1.218453	2.777284	140	134	128	1307.161
-2.617994	1.194549	-0.801900	21	137	27	1306.249
-0.785398	0.866395	-2.492918	139	29	137	1306.176
0.785398	1.194549	-0.801900	136	18	116	1305.832
-0.523599	0.640596	-2.797608	141	28	136	1305.727
0.785398	2.089241	-0.114193	137	28	135	1305.380
2.094395	0.419640	2.974122	138	139	122	1305.311
-1.570796	1.025536	1.576859	139	11	131	1305.269
-2.879793	1.824694	1.850876	140	10	2	1305.097
0.523599	1.374601	-2.456031	122	12	123	1304.736
-0.261799	2.984978	1.954446	12	138	38	1304.398
-1.047198	2.393226	1.857173	1	11	132	1304.030
-1.570796	0.866955	-0.931351	137	14	119	1303.865
-0.523599	1.658653	-2.409879	138	29	10	1303.837
2.879793	0.762244	-0.273349	18	124	14	1303.601
-1.308997	1.982574	-1.115518	1	6	122	1303.383
2.879793	2.153910	-1.714959	135	8	143	1303.382
2.879793	1.413430	2.550734	124	3	128	1302.942
1.832596	1.846342	-1.796954	13	14	17	1302.906
2.879793	0.733948	3.021411	2	11	135	1302.739
-1.308997	1.741644	-2.695914	135	21	118	1302.426
-1.570796	1.870545	-2.976234	139	24	123	1302.257
-2.617994	0.961715	0.014085	130	3	115	1302.235
1.832596	0.709924	0.218797	117	137	6	1300.621
-1.308997	1.168678	2.108595	139	16	134	1300.129
1.047198	1.391910	3.030322	8	20	136	1299.694
-1.832596	2.456751	-1.503343	135	21	11	1298.660
-2.094395	0.674054	1.013609	123	19	122	1298.420
0.523599	1.662363	0.915448	126	22	127	1298.023
-1.308997	0.910508	1.903534	139	15	132	1298.006
1.570796	1.998705	2.370472	108	22	129	1297.932
1.570796	0.640596	-2.797608	138	138	119	1297.834
2.617994	2.478122	2.609777	101	1	142	1297.681
1.308997	1.310100	1.488307	120	24	132	1297.415
2.617994	1.909857	-0.381669	136	135	27	1297.246
-0.785398	2.033014	2.977192	12	0	139	1296.713
-1.308997	1.699788	2.452890	0	137	124	1296.038
2.094395	0.866395	-2.492918	143	14	1	1295.903
-2.356194	1.736875	3.023612	8	127	32	1295.888
0.000000	0.762244	-0.273349	5	24	139	1295.742
-0.523599	2.984978	1.954446	136	9	134	1295.684
-2.879793	2.180315	-1.357379	136	10	142	1295.611
-1.570796	1.135834	-1.431087	136	14	120	1295.412
1.308997	0.733948	3.021411	114	16	125	1295.247
1.570796	1.741644	-2.695914	113	26	3	1295.159
2.879793	2.979456	-1.009304	114	2	138	1294.943
1.832596	0.700570	1.559208	139	21	130	1294.905
-0.261799	2.104282	-0.813972	142	27	132	1294.673
-2.617994	0.418037	1.360082	121	21	127	1294.617
2.094395	0.961715	0.014085	118	19	127	1294.194
0.523599	0.290380	-0.796960	5	14	126	1293.812
2.094395	2.089241	-0.114193	140	139	30	1293.274
0.523599	2.247462	0.191623	100	7	143	1292.355
-0.523599	1.510910	-0.740472	0	13	120	1292.200
0.261799	1.135813	-2.658866	124	6	118	1291.742
1.832596	1.128190	-2.288622	2	16	8	1291.725
-1.308997	0.864993	2.278281	3	0	123	1291.586
-0.523599	1.247695	1.809890	135	24	141	1291.289
2.617994	0.733948	3.021411	2	0	124	1291.088
0.261799	0.831641	0.616218	113	143	139	1291.006
0.785398	1.741644	-2.695914	3	23	2	1290.826
-0.785398	0.709924	0.218797	134	2	17	1290.746
-1.832596	2.295480	1.008277	8	14	4	1290.547
-1.832596	1.766067	2.153843	139	140	127	1290.311
0.785398	1.721184	-0.153948	138	26	129	1289.980
-0.261799	1.732874	-0.951685	139	23	123	1289.936
-1.832596	1.599406	1.426070	139	11	136	1289.684
-0.785398	0.619654	-2.216909	128	22	128	1289.588
-1.832596	1.998705	2.370472	14	5	41	1289.356
-1.570796	2.455966	-0.641220	122	11	15	1289.199
-0.785398	2.455966	-0.641220	3	1	33	1289.064
0.261799	1.374601	-2.456031	123	7	114	1288.678
0.261799	0.906588	1.252948	128	132	1	1287.629
1.832596	1.736875	3.023612	112	20	134	1287.240
-2.879793	0.591903	2.010408	117	16	126	1287.167
-2.879793	0.914445	2.687814	140	3	126	1286.924
1.832596	2.033014	2.977192	111	19	136	1286.068
-0.261799	0.733948	3.021411	128	16	125	1285.975
0.523599	1.812176	0.656819	123	6	24	1285.971
1.308997	1.741644	-2.695914	5	22	4	1285.873
0.523599	2.404280	-0.174044	19	9	34	1285.636
2.879793	1.599406	1.426070	110	129	10	1285.187
-3.141593	0.370812	-2.547742	0	18	120	1284.978
1.570796	1.045978	0.343692	121	25	130	1284.391
1.308997	0.864993	2.278281	125	18	120	1284.121
-3.141593	1.025536	1.576859	25	143	129	1283.575
2.356194	1.569311	-3.003978	141	11	142	1283.559
-1.308997	1.256302	0.062705	137	9	119	1283.450
2.879793	1.977582	0.969896	127	10	4	1283.438
2.879793	2.455966	-0.641220	2	136	34	1283.222
-2.094395	2.187132	-0.479875	7	128	29	1282.608
0.785398	2.760637	2.781135	136	27	3	1282.098
0.261799	0.866395	-2.492918	128	139	115	1282.050
0.523599	0.866395	-2.492918	129	139	115	1282.003
-2.879793	0.850607	-1.335383	138	124	23	1281.995
-1.047198	1.998705	2.370472	2	143	129	1281.569
-0.261799	0.914445	2.687814	27	139	131	1281.004
0.523599	1.736875	3.023612	115	9	129	1280.808
-2.094395	0.762244	-0.273349	141	16	125	1280.758
-2.617994	2.724429	-0.348782	116	0	138	1280.593
0.523599	1.242974	-2.977882	133	11	127	1280.226
-2.879793	1.555207	1.708892	125	129	28	1280.222
0.785398	2.115563	0.685730	141	29	12	1279.931
-0.785398	1.256302	0.062705	129	15	120	1279.829
1.047198	2.349581	-2.702517	24	24	12	1279.509
-3.141593	1.218453	2.777284	124	141	127	1279.390
-1.047198	2.299159	2.264663	0	0	131	1279.101
-1.832596	1.367556	0.358405	138	14	122	1278.702
-0.785398	1.554776	0.100351	132	19	124	1278.580
0.523599	1.134796	2.434290	132	19	123	1278.564
1.832596	1.869911	2.701025	111	17	131	1278.526
-1.308997	1.909857	-0.381669	135	19	26	1277.958
2.094395	2.724429	-0.348782	135	1	33	1277.922
-1.308997	1.998705	2.370472	2	139	128	1277.917
1.308997	0.370812	-2.547742	138	137	118	1277.760
0.000000	1.574060	2.783565	137	16	130	1276.571
0.000000	1.335669	0.897240	113	3	132	1276.488
1.832596	0.960688	-0.577532	127	124	22	1276.211
-1.570796	2.153910	-1.714959	6	132	30	1276.202
-3.141593	0.762244	-0.273349	115	3	118	1275.609
1.832596	1.195355	1.200319	118	4	118	1275.072
1.308997	2.299159	2.264663	107	24	133	1274.861
1.570796	0.379747	-1.713059	132	12	12	1274.796
1.308997	1.113094	-0.272241	136	135	20	1274.741
-1.047198	0.864993	2.278281	16	26	137	1274.686
1.047198	1.135813	-2.658866	122	15	130	1274.539
2.879793	1.836682	-0.676006	3	136	30	1273.828
2.879793	1.113094	-0.272241	110	4	119	1273.557
-1.047198	0.685216	-1.712745	134	18	122	1273.419
1.570796	0.418037	1.360082	124	22	125	1273.310
1.570796	1.325504	-1.671296	6	12	19	1272.920
-0.785398	2.349581	-2.702517	131	26	126	1272.898
-1.308997	0.850607	-1.335383	134	14	120	1272.854
-0.523599	1.721184	-0.153948	1	13	25	1272.376
-0.261799	1.417623	-0.202254	1	10	24	1272.212
-2.094395	1.247695	1.809890	142	10	139	1271.917
0.523599	1.569311	-3.003978	125	16	132	1271.887
1.832596	1.870545	-2.976234	109	24	142	1271.736
0.523599	0.850607	-1.335383	137	19	28	1271.729
2.356194	0.615174	-0.666022	124	125	2	1271.637
0.000000	0.290380	-0.796960	137	1	117	1271.557
2.356194	2.407836	1.410646	138	14	3	1271.422
-2.356194	0.674054	1.013609	125	19	122	1271.058
2.356194	1.417623	-0.202254	6	126	22	1270.887
0.523599	1.256302	0.062705	142	25	128	1270.862
1.832596	1.391910	3.030322	107	23	131	1270.841
-2.879793	1.510910	-0.740472	139	7	134	1270.419
-0.523599	1.417623	-0.202254	142	17	22	1270.285
1.308997	1.367556	0.358405	0	125	12	1270.224
0.785398	1.569311	-3.003978	114	6	123	1270.106
-1.047198	1.134796	2.434290	141	4	124	1270.103
-0.261799	1.168678	2.108595	129	9	119	1269.975
1.047198	0.618092	2.539118	143	142	127	1269.973
-1.570796	1.168678	2.108595	141	13	132	1269.917
2.879793	1.872854	1.543456	110	132	15	1269.796
2.356194	1.998705	2.370472	103	4	131	1269.656
1.047198	2.041297	-2.664597	20	25	11	1269.555
2.617994	1.599406	1.426070	107	134	8	1269.516
-1.308997	1.134796	2.434290	141	141	122	1269.482
1.570796	2.041297	-2.664597	121	4	130	1269.478
0.523599	0.458961	-0.107937	108	142	3	1269.452
-2.617994	1.554776	0.100351	29	143	20	1269.373
-0.785398	1.683268	0.374177	136	18	125	1269.231
-1.047198	1.128190	-2.288622	140	29	142	1269.022
1.308997	1.756530	-2.105156	6	20	17	1268.302
-2.356194	2.404280	-0.174044	1	134	33	1267.869
-1.308997	1.413347	-1.339188	133	7	113	1267.802
-0.261799	2.343981	-1.040456	139	30	139	1267.272
1.570796	2.579248	-2.364801	135	12	141	1267.131
-1.570796	2.089241	-0.114193	1	10	131	1267.098
-1.832596	0.571433	-1.188419	140	10	118	1266.979
-1.570796	0.992645	-1.723759	132	19	121	1266.641
-1.308997	0.733948	3.021411	133	21	124	1266.063
-1.570796	0.899350	-2.069907	133	25	127	1265.934
-2.617994	1.301460	-0.509251	122	141	119	1265.856
-1.570796	1.301460	-0.509251	4	8	25	1265.522
-2.879793	1.135813	-2.658866	142	16	119	1265.111
2.617994	0.899350	-2.069907	11	127	129	1264.839
-1.832596	1.440580	2.260026	141	140	125	1264.681
2.617994	1.413430	2.550734	1	131	131	1264.408
0.785398	0.418037	1.360082	136	126	140	1264.333
-1.308997	1.135834	-1.431087	3	18	126	1263.602
-3.141593	2.979456	-1.009304	126	4	137	1263.601
0.000000	2.724429	-0.348782	139	29	17	1263.588
1.047198	1.218453	2.777284	7	17	130	1263.517
0.785398	1.846342	-1.796954	122	19	116	1262.946
-3.141593	1.134497	-1.109631	133	134	21	1262.386
0.523599	1.218453	2.777284	13	14	131	1261.996
1.047198	1.870545	-2.976234	133	2	36	1261.824
-2.879793	2.089241	-0.114193	14	137	32	1261.794
0.261799	1.014500	0.906702	121	137	1	1261.637
-0.523599	1.982574	-1.115518	141	24	127	1261.636
-0.785398	2.356369	3.005869	139	15	36	1261.561
0.261799	1.413430	2.550734	131	18	127	1260.779
-0.785398	1.413430	2.550734	137	8	126	1260.371
0.261799	2.356369	3.005869	139	22	1	1260.284
-2.879793	0.906588	1.252948	31	4	131	1260.169
1.047198	0.203748	0.590255	129	23	121	1259.852
1.570796	0.961715	0.014085	125	18	122	1259.605
1.570796	2.138223	1.678323	105	7	127	1259.196
-1.570796	0.960688	-0.577532	133	10	116	1258.765
0.785398	1.417623	-0.202254	134	26	125	1258.636
2.617994	2.295480	1.008277	14	12	5	1258.555
-1.570796	2.407836	1.410646	9	11	136	1258.295
0.000000	0.571433	-1.188419	130	2	113	1257.828
-1.570796	1.510910	-0.740472	20	6	29	1257.812
0.000000	1.256302	0.062705	118	5	15	1257.716
-1.832596	0.762244	-0.273349	137	18	125	1257.512
-2.094395	0.591903	2.010408	9	9	129	1257.464
0.523599	1.413347	-1.339188	3	18	118	1257.033
1.570796	2.299159	2.264663	110	16	133	1256.617
0.523599	1.699788	2.452890	125	19	129	1256.568
0.000000	2.187132	-0.479875	1	143	32	1256.526
0.000000	0.864993	2.278281	138	5	114	1256.388
1.308997	2.407836	1.410646	0	23	2	1256.249
-0.261799	1.367556	0.358405	139	10	118	1256.233
0.000000	1.741644	-2.695914	7	13	36	1256.230
-0.523599	2.881233	-2.582574	33	136	12	1255.345
-1.570796	1.417623	-0.202254	138	10	120	1255.305
-0.785398	0.700570	1.559208	142	28	142	1255.293
1.047198	2.407836	1.410646	103	16	135	1255.006
-0.785398	1.836682	-0.676006	3	8	123	1254.884
-2.356194	1.134497	-1.109631	140	137	113	1254.877
0.000000	1.242974	-2.977882	121	16	126	1254.421
-1.832596	1.214854	-1.966664	33	8	23	1254.152
-3.141593	1.450119	-2.739050	138	130	31	1254.114
2.094395	2.404280	-0.174044	131	2	135	1254.042
-1.308997	0.418037	1.360082	9	11	127	1253.850
0.261799	1.875281	0.107086	23	29	143	1253.764
-0.523599	1.736875	3.023612	130	10	126	1253.646
0.261799	1.555207	1.708892	119	12	126	1253.578
-2.617994	2.393226	1.857173	135	16	0	1253.320
0.785398	1.135813	-2.658866	123	12	126	1253.255
1.832596	2.247462	0.191623	3	5	35	1253.005
-1.308997	1.417623	-0.202254	138	13	121	1252.921
-0.785398	0.864993	2.278281	135	24	133	1252.262
0.523599	2.863997	0.549740	139	1	35	1252.211
1.570796	2.984978	1.954446	134	124	18	1251.901
-0.785398	1.699788	2.452890	0	4	127	1251.498
-2.356194	2.588535	-2.976617	111	143	137	1251.365
-1.308997	1.875281	0.107086	0	10	126	1251.234
1.570796	2.881233	-2.582574	126	5	137	1251.178
0.261799	1.128190	-2.288622	124	10	118	1250.939
1.308997	0.591903	2.010408	143	138	125	1250.738
-3.141593	1.045978	0.343692	118	4	117	1250.515
-3.141593	1.128190	-2.288622	136	13	113	1250.458
2.094395	1.050534	3.042579	137	138	125	1250.294
2.356194	1.721184	-0.153948	137	142	29	1250.139
1.308997	2.108018	1.311430	1	22	142	1249.899
1.047198	2.637879	2.121598	108	25	140	1249.865
-1.047198	0.571433	-1.188419	123	15	119	1249.776
1.832596	1.741644	-2.695914	109	24	3	1249.748
1.570796	0.615174	-0.666022	6	2	120	1249.664
0.785398	0.866955	-0.931351	126	10	113	1249.560
2.879793	0.203748	0.590255	140	19	125	1249.230
-0.261799	2.033014	2.977192	127	11	131	1249.099
-0.261799	1.683268	0.374177	122	18	124	1248.436
1.047198	1.998705	2.370472	117	27	127	1248.092
-2.617994	1.875281	0.107086	6	9	15	1247.854
-2.094395	2.138223	1.678323	137	6	139	1247.705
1.570796	0.850607	-1.335383	131	4	25	1247.306
-2.617994	2.407836	1.410646	35	136	0	1247.172
-0.261799	2.251330	-2.330739	0	1	37	1246.820
-1.047198	2.089241	-0.114193	1	16	26	1246.767
1.047198	1.875281	0.107086	132	28	136	1246.680
2.617994	0.571433	-1.188419	120	127	4	1246.132
-0.261799	0.709924	0.218797	4	23	140	1246.086
1.832596	2.299159	2.264663	103	13	134	1245.858
1.308997	1.242974	-2.977882	116	30	135	1245.784
2.094395	2.393226	1.857173	102	0	134	1245.738
-1.832596	1.732874	-0.951685	13	130	22	1245.577
2.617994	0.831641	0.616218	125	2	115	1245.236
-2.617994	1.218453	2.777284	123	139	127	1244.745
1.047198	1.256302	0.062705	141	19	125	1244.542
-0.523599	2.356369	3.005869	2	141	136	1244.510
-1.047198	0.850607	-1.335383	134	21	123	1244.152
-3.141593	1.194549	-0.801900	136	136	21	1243.726
2.094395	2.456751	-1.503343	2	15	5	1243.471
1.832596	0.080730	-2.622036	139	138	118	1243.273
1.832596	1.050534	3.042579	109	23	127	1243.259
2.879793	1.875281	0.107086	16	125	24	1242.926
2.094395	1.128190	-2.288622	133	13	5	1242.776
2.356194	0.290380	-0.796960	125	133	7	1242.479
-0.785398	0.762244	-0.273349	8	142	20	1242.417
-1.047198	1.134497	-1.109631	132	18	121	1242.414
2.356194	1.135813	-2.658866	143	12	1	1242.274
0.000000	1.506530	1.988858	141	0	116	1242.137
-0.261799	1.982574	-1.115518	133	30	143	1240.816
-0.785398	0.906588	1.252948	137	16	128	1240.568
-2.094395	0.297065	2.160177	6	125	126	1240.489
0.785398	2.349581	-2.702517	125	18	141	1240.270
-2.879793	2.724429	-0.348782	18	17	15	1240.266
0.785398	1.948085	-2.363031	106	1	15	1240.202
-3.141593	1.374601	-2.456031	140	7	115	1240.052
2.879793	1.606104	-0.451151	2	131	27	1239.902
2.094395	1.450119	-2.739050	104	18	143	1239.843
-2.094395	2.164094	-2.991358	121	143	138	1239.576
-0.785398	1.658653	-2.409879	1	30	11	1239.524
-1.308997	1.872854	1.543456	141	10	127	1239.089
0.785398	0.571433	-1.188419	142	19	136	1238.014
2.879793	2.637879	2.121598	103	132	138	1237.752
1.308997	0.458961	-0.107937	120	130	7	1237.750
2.356194	2.637879	2.121598	102	143	141	1237.479
1.047198	0.762244	-0.273349	9	8	120	1237.300
-2.879793	0.418037	1.360082	3	139	19	1236.965
-1.047198	0.700570	1.559208	136	12	126	1236.461
-2.879793	2.108018	1.311430	1	122	28	1236.288
2.356194	0.418037	1.360082	132	15	121	1236.225
-0.785398	0.910508	1.903534	139	22	134	1236.137
2.356194	2.073035	2.027405	13	139	45	1235.919
-3.141593	1.113094	-0.272241	7	123	18	1235.764
2.356194	1.574060	2.783565	104	13	130	1235.750
2.617994	1.569311	-3.003978	1	8	141	1235.540
-1.047198	2.760637	2.781135	113	6	23	1235.351
-1.570796	1.554776	0.100351	16	21	18	1235.340
-1.570796	2.393226	1.857173	142	2	130	1235.305
-1.570796	1.696674	-1.253233	17	142	32	1235.089
2.879793	0.640596	-2.797608	108	138	127	1234.639
2.879793	1.721184	-0.153948	5	122	23	1234.452
-0.785398	0.914445	2.687814	133	24	129	1234.249
-2.094395	2.295480	1.008277	141	10	133	1233.947
1.570796	1.721184	-0.153948	0	128	25	1233.942
1.047198	1.977582	0.969896	119	3	24	1233.726
1.570796	1.113094	-0.272241	142	133	21	1233.575
1.832596	2.456751	-1.503343	20	12	23	1233.065
-1.047198	2.247462	0.191623	3	10	131	1232.844
0.523599	1.335669	0.897240	129	19	122	1232.078
-2.356194	1.555207	1.708892	141	11	3	1232.054
2.879793	1.310100	1.488307	25	139	130	1232.004
1.832596	1.242974	-2.977882	106	23	134	1231.833
2.879793	1.135834	-1.431087	122	132	15	1231.821
1.832596	1.599406	1.426070	111	5	119	1231.782
-2.617994	1.113094	-0.272241	26	140	21	1231.688
-2.094395	1.766067	2.153843	127	0	126	1231.647
2.356194	2.404280	-0.174044	129	141	133	1231.614
-0.785398	1.875281	0.107086	134	21	130	1231.407
1.308997	2.041297	-2.664597	117	6	129	1231.226
-2.617994	1.617114	-1.572037	131	138	28	1230.501
-2.356194	2.187132	-0.479875	4	2	31	1230.298
1.832596	0.961715	0.014085	116	139	9	1230.241
1.308997	1.948085	-2.363031	10	24	15	1230.213
0.000000	2.592629	0.909713	124	136	22	1229.733
-0.523599	2.455966	-0.641220	3	0	33	1229.377
1.308997	1.301460	-0.509251	120	137	23	1229.271
1.047198	1.872854	1.543456	121	25	135	1228.569
-1.308997	2.073035	2.027405	26	10	138	1228.461
-3.141593	0.850607	-1.335383	130	136	19	1228.212
-2.094395	2.724429	-0.348782	1	127	33	1227.773
1.832596	0.733948	3.021411	118	123	9	1227.659
2.879793	0.831641	0.616218	129	2	116	1227.558
-1.832596	2.664082	-1.071402	6	132	31	1227.485
-1.570796	0.961715	0.014085	138	11	119	1227.372
0.785398	2.592629	0.909713	134	3	34	1226.994
2.094395	1.242974	-2.977882	143	14	140	1226.472
0.000000	1.440580	2.260026	130	15	122	1226.467
0.523599	1.741644	-2.695914	130	23	143	1226.275
2.879793	1.050534	3.042579	115	142	126	1226.011
0.000000	1.194549	-0.801900	123	11	117	1225.896
0.261799	2.041297	-2.664597	109	5	20	1225.865
-0.785398	2.164094	-2.991358	124	27	126	1225.731
2.879793	1.195355	1.200319	30	139	131	1225.679
-1.047198	1.195355	1.200319	140	18	133	1225.388
2.617994	0.866955	-0.931351	131	128	21	1224.738
-1.832596	1.184361	0.625864	134	14	119	1224.199
-2.617994	1.417623	-0.202254	28	141	23	1223.899
0.000000	0.831641	0.616218	111	1	138	1223.888
0.523599	2.579248	-2.364801	107	2	20	1223.665
-1.308997	1.113094	-0.272241	133	12	117	1223.469
1.308997	1.391910	3.030322	128	14	26	1222.920
-1.047198	1.218453	2.777284	136	15	126	1222.872
2.356194	1.696674	-1.253233	109	2	5	1222.586
0.523599	1.184361	0.625864	118	143	4	1221.907
-1.047198	1.606104	-0.451151	1	10	26	1221.765
1.308997	0.914445	2.687814	6	14	128	1221.497
0.785398	2.637879	2.121598	113	28	140	1220.957
0.523599	0.418037	1.360082	125	28	127	1220.392
1.047198	1.554776	0.100351	110	14	126	1220.342
0.523599	0.929350	-2.910676	137	8	126	1219.419
2.094395	1.812176	0.656819	117	17	140	1219.215
1.047198	0.640596	-2.797608	125	8	121	1218.946
1.570796	1.869911	2.701025	110	24	130	1218.154
2.617994	1.721184	-0.153948	138	137	29	1218.133
-1.832596	2.863997	0.549740	116	1	141	1217.522
-2.094395	2.393226	1.857173	143	3	43	1217.109
2.356194	0.203748	0.590255	134	17	122	1216.617
2.617994	1.134497	-1.109631	130	130	25	1216.287
0.785398	2.379497	0.561089	139	29	13	1215.587
-1.570796	1.413430	2.550734	6	136	128	1215.307
-1.308997	1.662363	0.915448	123	3	0	1215.107
2.356194	2.979456	-1.009304	32	14	15	1215.046
-2.356194	0.458961	-0.107937	5	15	122	1214.955
2.617994	2.456751	-1.503343	142	8	140	1214.647
-1.047198	0.992645	-1.723759	142	21	127	1214.553
0.523599	1.870545	-2.976234	2	20	138	1214.280
0.523599	1.574060	2.783565	128	19	131	1214.268
1.308997	1.184361	0.625864	113	15	123	1214.247
-2.617994	0.850607	-1.335383	128	9	112	1214.161
-2.094395	2.664082	-1.071402	128	5	31	1213.718
-2.094395	2.455966	-0.641220	5	125	29	1213.625
-1.047198	0.080730	-2.622036	133	28	141	1213.309
-2.879793	2.979456	-1.009304	123	5	139	1212.866
-2.879793	1.909857	-0.381669	1	133	30	1212.739
2.094395	2.719179	-1.780644	114	3	133	1212.348
-2.879793	2.393226	1.857173	124	1	132	1212.239
2.356194	1.242974	-2.977882	141	11	140	1212.047
-0.523599	1.872854	1.543456	7	22	21	1212.038
-3.141593	0.619654	-2.216909	112	127	135	1211.937
0.785398	0.203748	0.590255	133	22	121	1211.813
-1.047198	1.367556	0.358405	137	16	121	1211.557
1.570796	1.599406	1.426070	143	21	138	1211.186
2.879793	0.850607	-1.335383	126	133	17	1210.965
0.261799	0.379747	-1.713059	133	143	116	1210.288
-2.094395	2.033014	2.977192	136	118	137	1209.879
1.570796	1.413347	-1.339188	12	9	17	1209.682
-2.094395	1.836682	-0.676006	9	123	24	1209.671
0.523599	0.419640	2.974122	6	142	126	1209.498
2.356194	1.450119	-2.739050	139	131	31	1209.173
-3.141593	1.555207	1.708892	121	131	28	1209.053
2.617994	1.247695	1.809890	111	129	16	1208.879
-1.308997	1.450119	-2.739050	129	21	117	1208.732
0.261799	0.297065	2.160177	143	30	139	1208.597
-3.141593	2.138223	1.678323	134	9	143	1208.588
1.308997	2.001437	0.381215	129	27	142	1208.500
1.047198	0.418037	1.360082	132	24	126	1208.336
-2.094395	0.906588	1.252948	123	15	120	1208.146
-0.261799	1.194549	-0.801900	125	14	116	1208.101
1.047198	2.251330	-2.330739	125	19	143	1208.043
-2.617994	2.299159	2.264663	136	119	133	1207.875
-2.094395	2.587733	0.232235	117	1	141	1207.828
1.832596	1.875281	0.107086	9	122	21	1207.736
1.047198	2.719179	-1.780644	106	1	19	1207.362
-2.879793	1.135834	-1.431087	133	130	22	1207.291
-1.308997	2.404280	-0.174044	134	18	133	1206.750
1.308997	1.662363	0.915448	112	134	0	1206.740
0.785398	2.719179	-1.780644	108	141	15	1206.711
0.785398	1.374601	-2.456031	121	12	124	1206.519
1.832596	1.756530	-2.105156	10	18	15	1206.412
2.879793	1.448123	-2.163292	132	3	111	1206.346
2.094395	1.218453	2.777284	124	4	126	1206.340
-1.308997	0.615174	-0.666022	130	13	117	1206.140
0.261799	0.619654	-2.216909	128	11	121	1205.887
2.879793	1.134497	-1.109631	22	141	124	1205.878
-2.094395	0.960688	-0.577532	21	18	135	1205.849
-2.094395	1.184361	0.625864	24	14	6	1205.615
2.879793	0.914445	2.687814	5	141	127	1205.524
-0.785398	1.050534	3.042579	130	11	122	1205.400
2.617994	2.396274	-1.959260	124	14	18	1204.948
0.261799	1.766067	2.153843	124	17	127	1204.805
-1.832596	0.080730	-2.622036	127	29	126	1204.784
-1.570796	1.736875	3.023612	23	14	32	1204.762
-0.523599	2.393226	1.857173	134	7	125	1204.434
-1.308997	1.367556	0.358405	140	7	119	1204.306
-1.047198	2.592629	0.909713	133	134	39	1203.964
1.570796	1.214854	-1.966664	4	16	15	1203.543
-1.832596	0.203748	0.590255	120	24	131	1203.422
1.570796	1.948085	-2.363031	116	130	22	1203.387
-2.094395	2.180315	-1.357379	123	6	23	1203.238
-2.356194	1.194549	-0.801900	19	1	29	1202.952
1.832596	1.721184	-0.153948	9	123	24	1202.912
-3.141593	1.741644	-2.695914	139	134	34	1202.839
-1.570796	1.909857	-0.381669	139	16	132	1202.821
-2.617994	1.721184	-0.153948	5	8	19	1202.712
0.000000	2.041297	-2.664597	8	6	39	1202.581
-0.523599	2.033014	2.977192	139	16	35	1202.083
-1.570796	2.984978	1.954446	119	25	143	1202.005
1.308997	2.164094	-2.991358	135	1	132	1201.965
2.879793	2.356369	3.005869	31	138	35	1201.924
-1.047198	0.290380	-0.796960	115	7	117	1201.702
-2.879793	0.864993	2.278281	142	8	128	1201.571
2.879793	1.736875	3.023612	15	122	30	1201.412
-2.617994	2.588535	-2.976617	109	3	137	1201.250
0.785398	2.588535	-2.976617	129	8	135	1200.803
-1.832596	2.704512	1.488683	141	7	141	1200.585
-2.879793	2.073035	2.027405	140	10	143	1200.221
-2.356194	0.961715	0.014085	0	11	124	1200.143
-0.785398	0.640596	-2.797608	134	30	141	1199.936
-2.094395	2.343981	-1.040456	9	127	26	1199.926
-2.094395	2.881233	-2.582574	5	127	15	1199.837
0.523599	1.325504	-1.671296	6	22	130	1199.811
0.785398	1.599406	1.426070	124	24	129	1199.675
0.523599	1.413430	2.550734	127	19	127	1199.646
2.094395	1.998705	2.370472	104	11	130	1199.589
0.523599	0.906588	1.252948	8	28	137	1199.566
0.000000	0.618092	2.539118	143	31	1	1199.305
-0.523599	2.063651	-2.044600	142	29	14	1199.233
-2.617994	1.168678	2.108595	129	143	122	1199.205
-1.570796	0.700570	1.559208	140	16	133	1199.203
2.617994	2.404280	-0.174044	130	141	133	1199.104
-1.308997	1.214854	-1.966664	9	26	131	1199.104
-0.785398	0.866955	-0.931351	121	13	116	1199.006
0.523599	0.615174	-0.666022	126	8	116	1198.941
-2.356194	0.685216	-1.712745	131	16	114	1198.939
0.000000	2.251330	-2.330739	3	1	39	1198.877
-2.356194	1.554776	0.100351	30	4	20	1198.607
0.785398	1.977582	0.969896	120	1	25	1198.589
-1.308997	1.736875	3.023612	20	17	32	1198.574
2.356194	2.115563	0.685730	115	16	142	1198.545
1.570796	0.906588	1.252948	130	6	116	1198.331
-2.094395	2.863997	0.549740	114	3	140	1198.315
1.047198	0.674054	1.013609	0	27	133	1197.867
-1.308997	2.704512	1.488683	12	15	141	1197.626
1.570796	2.396274	-1.959260	136	16	17	1197.279
0.523599	1.766067	2.153843	122	19	128	1197.181
2.356194	0.591903	2.010408	25	13	133	1196.974
0.000000	0.640596	-2.797608	138	142	120	1196.943
-1.832596	1.506530	1.988858	138	4	129	1196.729
-0.261799	1.948085	-2.363031	1	3	37	1196.412
-1.832596	1.113094	-0.272241	141	17	127	1196.389
-0.523599	1.870545	-2.976234	15	13	37	1196.298
0.000000	2.478122	2.609777	7	136	39	1196.120
-2.879793	0.290380	-0.796960	122	10	116	1196.063
1.047198	1.367556	0.358405	126	25	131	1195.986
-3.141593	1.869911	2.701025	20	129	35	1195.905
0.523599	0.297065	2.160177	131	25	128	1195.887
1.308997	0.866395	-2.492918	110	28	137	1195.838
1.308997	2.704512	1.488683	104	10	138	1195.789
1.047198	1.869911	2.701025	121	30	130	1195.764
2.617994	1.440580	2.260026	4	127	136	1195.667
2.879793	2.033014	2.977192	15	126	34	1195.381
0.000000	1.135813	-2.658866	118	9	118	1195.198
1.832596	2.881233	-2.582574	122	6	138	1195.191
-1.308997	2.153910	-1.714959	25	25	140	1195.139
-1.308997	1.433411	-1.035986	142	8	118	1195.032
-0.785398	1.510910	-0.740472	0	9	120	1194.668
0.000000	2.396274	-1.959260	120	6	32	1194.576
-1.308997	1.413430	2.550734	137	13	129	1194.534
-0.261799	1.998705	2.370472	140	23	0	1194.478
-1.570796	1.869911	2.701025	9	134	135	1194.172
-0.261799	0.850607	-1.335383	135	15	123	1193.729
-2.094395	1.440580	2.260026	6	143	130	1193.504
-1.047198	2.478122	2.609777	140	9	40	1193.478
2.356194	1.699788	2.452890	106	9	127	1193.096
1.047198	1.809167	1.213774	119	22	131	1192.903
-2.094395	0.961715	0.014085	140	14	124	1192.752
0.785398	2.404280	-0.174044	11	7	34	1192.664
2.879793	0.700570	1.559208	27	7	130	1192.546
0.000000	1.658653	-2.409879	2	12	34	1192.240
1.832596	1.904882	-1.478089	8	10	26	1192.230
-2.356194	2.180315	-1.357379	125	6	23	1192.122
-1.308997	0.571433	-1.188419	132	16	119	1192.019
1.308997	1.417623	-0.202254	137	133	22	1191.730
2.617994	1.374601	-2.456031	137	143	113	1191.190
1.047198	1.569311	-3.003978	7	21	141	1191.031
-1.047198	2.063651	-2.044600	2	129	13	1190.922
1.832596	1.658653	-2.409879	3	20	10	1190.297
-0.523599	1.766067	2.153843	140	7	123	1190.166
1.047198	1.128190	-2.288622	114	29	1	1190.075
-1.832596	1.554776	0.100351	19	18	18	1190.018
-1.308997	2.393226	1.857173	12	6	131	1189.885
0.000000	0.419640	2.974122	128	27	133	1189.832
2.879793	2.404280	-0.174044	133	135	32	1189.682
2.356194	1.050534	3.042579	112	132	17	1189.582
-0.261799	2.115563	0.685730	127	22	129	1189.392
-0.261799	1.836682	-0.676006	2	20	124	1188.905
0.261799	1.812176	0.656819	126	20	126	1188.896
-1.047198	1.875281	0.107086	0	13	126	1188.590
2.617994	1.128190	-2.288622	137	7	112	1188.288
0.000000	1.504028	0.636812	120	1	8	1188.183
-0.523599	2.247462	0.191623	130	139	21	1188.125
-0.785398	1.194549	-0.801900	132	21	122	1188.082
-2.879793	0.961715	0.014085	129	2	115	1188.031
0.261799	2.637879	2.121598	136	28	140	1187.831
2.879793	1.574060	2.783565	3	139	130	1187.776
1.570796	1.050534	3.042579	114	27	127	1187.712
0.261799	0.866955	-0.931351	124	5	115	1187.435
2.094395	0.379747	-1.713059	14	135	122	1187.211
1.832596	1.683268	0.374177	115	20	136	1186.895
-2.094395	0.850607	-1.335383	131	15	120	1186.532
1.832596	1.218453	2.777284	110	21	123	1186.318
2.879793	2.164094	-2.991358	130	6	139	1186.179
2.617994	0.496451	0.593859	128	6	115	1185.740
-0.785398	1.617114	-1.572037	134	25	133	1185.557
-0.523599	0.910508	1.903534	135	25	135	1185.223
0.785398	0.615174	-0.666022	132	7	18	1185.180
-1.047198	2.180315	-1.357379	25	24	137	1185.128
-2.094395	2.592629	0.909713	1	10	135	1185.106
-1.832596	2.251330	-2.330739	6	123	27	1184.768
-1.570796	1.134796	2.434290	1	139	124	1184.229
-0.523599	2.164094	-2.991358	121	26	126	1184.189
2.094395	2.478122	2.609777	103	12	139	1184.049
1.570796	1.301460	-0.509251	133	136	23	1183.976
2.879793	1.184361	0.625864	135	4	121	1183.927
2.879793	1.128190	-2.288622	137	8	112	1183.855
-0.261799	0.419640	2.974122	132	29	136	1183.428
1.570796	1.662363	0.915448	113	131	1	1183.352
2.094395	1.948085	-2.363031	123	5	132	1183.332
0.261799	1.696674	-1.253233	17	15	24	1183.317
-2.094395	1.721184	-0.153948	7	9	22	1182.767
-1.308997	2.478122	2.609777	142	11	40	1182.688
-2.356194	2.343981	-1.040456	125	9	16	1182.663
0.523599	0.379747	-1.713059	12	6	124	1182.448
1.308997	1.606104	-0.451151	121	136	25	1182.421
-2.094395	2.001437	0.381215	39	19	142	1182.264
0.000000	2.349581	-2.702517	142	142	138	1182.078
1.047198	2.299159	2.264663	113	27	132	1182.073
-1.832596	0.864993	2.278281	4	0	125	1181.807
1.832596	0.496451	0.593859	138	25	132	1181.680
2.617994	2.174483	2.653697	102	2	138	1181.571
-2.356194	1.569311	-3.003978	14	128	32	1181.567
0.000000	0.685216	-1.712745	142	136	115	1181.561
2.879793	0.866955	-0.931351	135	128	20	1181.494
-1.570796	1.599406	1.426070	138	12	131	1181.482
1.047198	1.194549	-0.801900	130	17	115	1181.355
2.879793	1.194549	-0.801900	136	138	21	1181.265
0.000000	2.984978	1.954446	13	140	38	1181.116
-1.047198	1.050534	3.042579	1	136	124	1180.980
-1.047198	1.214854	-1.966664	132	24	128	1180.914
-2.356194	1.606104	-0.451151	5	128	26	1180.741
1.832596	0.992645	-1.723759	143	19	140	1180.434
-0.785398	2.295480	1.008277	135	29	133	1180.433
0.261799	1.335669	0.897240	113	3	140	1180.350
-1.832596	0.418037	1.360082	6	16	139	1180.328
-0.261799	1.904882	-1.478089	126	29	142	1180.220
2.094395	0.929350	-2.910676	10	4	128	1180.196
-2.356194	1.998705	2.370472	122	139	127	1180.159
2.356194	2.174483	2.653697	102	8	136	1180.156
0.523599	0.762244	-0.273349	132	5	17	1180.107
-1.308997	2.295480	1.008277	2	24	133	1179.764
0.000000	2.104282	-0.813972	137	30	133	1179.684
0.523599	1.128190	-2.288622	126	9	119	1179.300
1.570796	2.637879	2.121598	104	16	139	1179.263
-0.785398	2.724429	-0.348782	4	143	33	1179.220
-2.879793	1.732874	-0.951685	138	135	28	1179.213
-2.356194	2.587733	0.232235	114	2	141	1179.064
2.879793	2.396274	-1.959260	120	132	16	1179.061
1.570796	0.591903	2.010408	142	140	125	1179.017
-1.047198	2.343981	-1.040456	7	142	33	1178.989
-1.308997	1.128190	-2.288622	133	28	130	1178.895
-2.879793	1.168678	2.108595	127	1	121	1178.670
-2.356194	1.417623	-0.202254	24	142	23	1178.519
1.047198	0.379747	-1.713059	133	1	115	1178.360
2.356194	0.914445	2.687814	140	136	127	1178.359
-2.356194	1.367556	0.358405	117	131	131	1178.102
-0.785398	1.413347	-1.339188	132	12	113	1177.988
0.261799	0.733948	3.021411	3	9	23	1177.812
2.879793	2.704512	1.488683	123	143	132	1177.647
-2.356194	1.391910	3.030322	12	123	28	1177.449
-2.617994	1.909857	-0.381669	2	132	30	1177.371
2.617994	1.113094	-0.272241	112	6	118	1177.123
-0.523599	1.391910	3.030322	116	23	125	1177.113
1.308997	0.418037	1.360082	125	26	140	1177.006
1.570796	1.448123	-2.163292	141	20	13	1177.004
1.308997	2.664082	-1.071402	134	7	31	1176.933
1.308997	2.115563	0.685730	132	28	7	1176.902
-0.523599	0.866955	-0.931351	134	5	114	1176.839
-2.356194	1.812176	0.656819	28	12	5	1176.812
-0.523599	2.041297	-2.664597	6	142	36	1176.603
-1.832596	2.299159	2.264663	137	143	133	1176.347
-1.832596	1.413430	2.550734	4	135	127	1176.237
1.832596	0.458961	-0.107937	135	10	117	1176.027
2.617994	1.736875	3.023612	15	123	31	1175.935
-1.308997	1.510910	-0.740472	0	0	118	1175.875
2.879793	1.998705	2.370472	142	139	40	1175.679
0.000000	0.619654	-2.216909	134	139	117	1175.609
-1.047198	1.756530	-2.105156	9	133	11	1175.307
-0.785398	1.417623	-0.202254	140	8	22	1175.290
-2.094395	1.998705	2.370472	15	2	41	1175.118
0.523599	0.866955	-0.931351	128	9	112	1175.031
1.047198	2.001437	0.381215	134	29	142	1175.030
0.785398	1.870545	-2.976234	116	143	28	1175.019
2.094395	1.301460	-0.509251	111	142	6	1174.839
0.000000	1.247695	1.809890	124	12	118	1174.618
0.785398	2.247462	0.191623	100	1	143	1174.383
1.308997	2.881233	-2.582574	142	21	9	1174.227
-1.570796	1.113094	-0.272241	27	15	19	1174.221
0.261799	1.683268	0.374177	124	6	19	1174.178
1.570796	2.063651	-2.044600	10	20	20	1174.020
2.617994	2.760637	2.781135	101	6	2	1174.007
0.785398	0.850607	-1.335383	122	5	111	1173.991
2.094395	2.073035	2.027405	105	5	128	1173.918
-1.570796	1.683268	0.374177	2	21	10	1173.750
-2.094395	0.370812	-2.547742	124	142	6	1173.492
2.617994	1.554776	0.100351	11	123	19	1173.427
0.785398	0.370812	-2.547742	128	0	117	1173.357
1.832596	2.760637	2.781135	106	21	2	1173.261
-1.308997	0.674054	1.013609	4	18	3	1173.258
1.308997	1.824694	1.850876	109	17	121	1173.152
-2.617994	0.290380	-0.796960	7	127	141	1172.859
-3.141593	2.724429	-0.348782	4	136	35	1172.826
0.785398	1.128190	-2.288622	125	12	123	1172.568
0.523599	2.587733	0.232235	13	142	35	1172.127
2.356194	1.869911	2.701025	104	11	132	1171.685
0.523599	1.506530	1.988858	132	15	35	1171.684
-2.617994	1.448123	-2.163292	132	9	112	1171.455
0.000000	1.836682	-0.676006	3	3	32	1171.356
-2.617994	1.569311	-3.003978	10	126	32	1171.223
1.047198	1.214854	-1.966664	112	24	6	1171.190
1.570796	1.134497	-1.109631	135	143	29	1171.073
-1.047198	2.379497	0.561089	133	31	139	1170.911
1.570796	2.153910	-1.714959	13	13	21	1170.824
-0.523599	1.113094	-0.272241	8	4	23	1170.454
1.308997	1.214854	-1.966664	108	21	7	1170.417
-3.141593	1.448123	-2.163292	131	5	112	1170.184
-2.879793	1.982574	-1.115518	140	136	35	1169.999
-1.832596	0.674054	1.013609	120	19	122	1169.722
0.785398	1.824694	1.850876	107	1	1	1169.396
0.261799	1.574060	2.783565	128	16	130	1169.271
2.879793	1.413347	-1.339188	117	135	9	1169.189
0.261799	2.187132	-0.479875	103	5	8	1169.157
-0.261799	1.554776	0.100351	136	21	124	1169.006
2.356194	1.214854	-1.966664	119	139	31	1168.996
0.261799	2.379497	0.561089	115	3	12	1168.564
0.785398	0.685216	-1.712745	11	13	125	1168.547
1.308997	1.696674	-1.253233	134	19	11	1167.980
-1.308997	2.089241	-0.114193	1	14	131	1167.605
-2.617994	1.982574	-1.115518	140	138	35	1167.569
-1.832596	1.335669	0.897240	135	12	118	1167.265
-1.570796	2.637879	2.121598	141	138	38	1167.256
-1.047198	2.295480	1.008277	141	26	132	1166.833
-0.785398	1.812176	0.656819	2	5	123	1166.740
-1.047198	1.113094	-0.272241	8	140	23	1166.604
1.047198	0.961715	0.014085	140	138	18	1166.555
-0.261799	0.640596	-2.797608	120	14	119	1166.444
0.785398	1.310100	1.488307	136	142	114	1166.244
-0.523599	2.073035	2.027405	141	12	127	1165.938
-1.570796	2.863997	0.549740	17	136	36	1165.861
1.832596	2.455966	-0.641220	132	141	134	1165.574
-1.047198	1.554776	0.100351	136	16	124	1165.516
-3.141593	2.299159	2.264663	140	141	41	1165.479
-0.523599	1.374601	-2.456031	123	24	122	1165.434
-2.356194	2.299159	2.264663	143	120	133	1165.412
1.047198	1.766067	2.153843	116	26	122	1165.332
-1.308997	2.724429	-0.348782	5	134	33	1165.265
2.356194	0.458961	-0.107937	143	22	127	1165.124
-1.047198	1.836682	-0.676006	11	8	31	1164.886
1.047198	1.195355	1.200319	127	26	129	1164.879
-2.617994	2.187132	-0.479875	4	143	31	1164.746
-1.308997	2.104282	-0.813972	3	2	125	1164.704
-1.832596	2.379497	0.561089	137	21	140	1164.637
-0.785398	1.606104	-0.451151	10	143	24	1164.561
-1.832596	2.579248	-2.364801	0	124	26	1164.539
-0.785398	1.433411	-1.035986	137	10	115	1164.527
-1.832596	2.187132	-0.479875	142	7	31	1164.450
0.000000	0.992645	-1.723759	142	0	114	1164.224
0.785398	1.242974	-2.977882	4	20	136	1164.091
-0.261799	0.866395	-2.492918	125	10	117	1164.052
0.785398	2.478122	2.609777	106	138	139	1163.947
-2.356194	1.510910	-0.740472	5	123	21	1163.880
-0.261799	1.510910	-0.740472	141	20	121	1163.603
2.094395	1.256302	0.062705	13	121	15	1163.518
-2.879793	1.998705	2.370472	117	128	17	1163.515
2.094395	0.960688	-0.577532	119	127	7	1163.432
-1.570796	0.418037	1.360082	3	16	132	1163.396
-3.141593	2.881233	-2.582574	105	11	10	1163.342
-1.832596	1.510910	-0.740472	9	128	21	1163.280
2.094395	1.574060	2.783565	105	19	130	1163.113
1.570796	1.658653	-2.409879	10	22	12	1163.004
-1.570796	2.033014	2.977192	17	14	35	1162.919
1.047198	1.824694	1.850876	113	21	120	1162.901
-2.094395	1.134796	2.434290	12	139	127	1162.510
1.570796	0.674054	1.013609	120	24	138	1162.094
2.879793	1.809167	1.213774	107	133	10	1162.017
0.785398	2.164094	-2.991358	17	23	3	1161.780
0.785398	0.379747	-1.713059	2	5	122	1161.641
1.570796	2.587733	0.232235	122	1	131	1161.612
-2.094395	0.080730	-2.622036	110	20	124	1161.043
-2.617994	0.914445	2.687814	122	142	124	1161.007
2.356194	1.875281	0.107086	141	140	32	1160.950
-1.047198	1.450119	-2.739050	126	20	117	1160.732
-0.261799	0.929350	-2.910676	124	16	123	1160.485
0.261799	0.640596	-2.797608	139	0	122	1160.173
-0.523599	1.367556	0.358405	123	15	120	1159.798
-1.308997	2.164094	-2.991358	12	140	38	1159.724
-0.785398	0.080730	-2.622036	116	14	119	1159.699
0.785398	1.510910	-0.740472	8	142	26	1159.675
-0.523599	2.379497	0.561089	122	16	13	1159.471
0.785398	0.899350	-2.069907	133	1	114	1159.420
2.356194	1.766067	2.153843	107	6	126	1159.113
0.523599	2.396274	-1.959260	107	8	12	1158.970
1.832596	2.478122	2.609777	103	17	140	1158.803
-2.356194	2.478122	2.609777	122	143	135	1158.635
-2.879793	1.310100	1.488307	28	139	131	1158.618
-0.785398	1.982574	-1.115518	1	20	127	1158.459
-0.523599	1.128190	-2.288622	127	12	115	1158.362
-2.879793	2.404280	-0.174044	130	136	33	1157.973
0.261799	0.496451	0.593859	138	23	124	1157.939
-0.785398	0.929350	-2.910676	126	25	124	1157.939
-1.570796	0.080730	-2.622036	121	30	127	1157.535
-1.047198	1.696674	-1.253233	140	12	118	1157.254
0.785398	1.440580	2.260026	122	22	124	1157.127
2.094395	2.033014	2.977192	129	11	29	1157.105
-0.261799	0.866955	-0.931351	134	7	114	1156.721
-1.832596	2.404280	-0.174044	143	140	32	1156.661
2.356194	1.134796	2.434290	143	131	131	1156.501
0.523599	0.961715	0.014085	139	20	122	1156.462
-0.785398	1.756530	-2.105156	8	134	10	1156.137
-0.261799	2.455966	-0.641220	3	141	33	1156.055
-2.094395	1.025536	1.576859	4	13	3	1156.053
2.094395	1.756530	-2.105156	107	137	139	1155.972
-2.617994	1.256302	0.062705	0	7	124	1155.853
0.785398	1.050534	3.042579	4	13	130	1155.712
-0.785398	2.247462	0.191623	134	15	129	1155.326
0.000000	1.128190	-2.288622	125	9	116	1155.024
0.261799	1.195355	1.200319	126	136	143	1154.609
2.094395	0.458961	-0.107937	120	17	117	1154.587
-2.617994	2.881233	-2.582574	118	11	137	1154.521
2.356194	1.555207	1.708892	113	3	118	1154.429
-0.261799	1.977582	0.969896	117	11	137	1154.195
1.308997	2.588535	-2.976617	132	26	6	1154.008
2.617994	1.875281	0.107086	141	138	32	1153.992
2.879793	0.290380	-0.796960	129	22	122	1153.926
-1.570796	1.214854	-1.966664	137	23	125	1153.912
2.356194	2.719179	-1.780644	115	143	133	1153.745
-1.832596	1.301460	-0.509251	8	6	25	1153.568
1.570796	0.685216	-1.712745	7	19	142	1153.555
1.308997	0.910508	1.903534	125	14	119	1153.049
-3.141593	2.001437	0.381215	9	9	4	1152.880
0.785398	2.579248	-2.364801	106	141	20	1152.841
-1.047198	1.736875	3.023612	17	19	32	1152.803
-2.879793	2.587733	0.232235	26	5	23	1152.692
-1.047198	1.374601	-2.456031	4	30	9	1152.632
0.785398	1.195355	1.200319	121	133	129	1152.556
-2.094395	2.356369	3.005869	4	19	133	1152.294
-0.523599	2.153910	-1.714959	5	31	12	1152.212
1.308997	2.089241	-0.114193	142	133	28	1152.201
1.832596	0.290380	-0.796960	14	2	121	1151.850
2.094395	0.618092	2.539118	20	16	135	1151.662
1.047198	0.615174	-0.666022	133	3	18	1151.504
2.094395	2.396274	-1.959260	129	9	141	1151.444
1.047198	1.247695	1.809890	119	14	120	1151.413
1.832596	0.370812	-2.547742	141	2	122	1151.162
-2.356194	1.413347	-1.339188	133	136	18	1151.087
-1.832596	0.640596	-2.797608	134	17	117	1150.879
-1.047198	2.033014	2.977192	13	16	36	1150.743
-0.785398	0.379747	-1.713059	14	28	136	1150.625
-0.261799	1.214854	-1.966664	125	14	116	1150.537
1.308997	2.592629	0.909713	128	1	34	1150.405
1.308997	0.674054	1.013609	143	29	143	1150.388
2.356194	1.310100	1.488307	118	5	117	1150.099
2.617994	2.187132	-0.479875	128	0	28	1150.074
0.785398	1.448123	-2.163292	123	8	111	1150.026
2.356194	1.506530	1.988858	111	135	17	1149.777
-0.785398	2.704512	1.488683	134	11	130	1149.776
0.785398	0.864993	2.278281	12	4	124	1149.733
1.047198	2.033014	2.977192	122	31	137	1149.599
0.261799	1.824694	1.850876	120	16	127	1149.554
-2.094395	0.379747	-1.713059	125	19	119	1149.537
-0.261799	2.881233	-2.582574	111	6	20	1149.497
1.832596	1.696674	-1.253233	5	5	28	1149.339
1.832596	1.135813	-2.658866	104	23	140	1149.248
-0.785398	1.134796	2.434290	132	26	135	1149.049
-2.879793	2.579248	-2.364801	131	5	138	1148.919
2.356194	1.413430	2.550734	106	13	126	1148.814
-1.832596	1.488617	1.159546	139	15	141	1148.793
1.832596	1.662363	0.915448	115	128	1	1148.790
1.832596	2.396274	-1.959260	141	15	7	1148.758
-0.261799	2.724429	-0.348782	0	142	34	1148.659
-0.523599	2.637879	2.121598	18	17	141	1148.618
-2.094395	1.736875	3.023612	10	130	33	1148.578
1.047198	0.831641	0.616218	123	15	117	1148.307
1.570796	2.592629	0.909713	129	25	17	1147.984
-3.141593	1.904882	-1.478089	117	130	7	1147.964
1.308997	2.295480	1.008277	134	27	17	1147.949
0.261799	1.658653	-2.409879	143	14	34	1147.932
-1.047198	2.724429	-0.348782	6	137	33	1147.895
-1.047198	1.982574	-1.115518	1	12	122	1147.815
-1.308997	0.080730	-2.622036	2	27	130	1147.736
-0.785398	1.696674	-1.253233	139	18	120	1147.396
-2.356194	2.704512	1.488683	1	132	35	1147.232
0.261799	2.579248	-2.364801	35	7	15	1147.093
-0.785398	2.588535	-2.976617	127	28	133	1147.021
-3.141593	2.579248	-2.364801	132	120	12	1146.960
-2.356194	2.456751	-1.503343	118	9	21	1146.874
-0.261799	1.696674	-1.253233	131	28	137	1146.855
0.000000	1.569311	-3.003978	129	22	133	1146.843
1.047198	1.488617	1.159546	142	29	8	1146.750
-1.308997	0.290380	-0.796960	119	11	119	1146.679
-1.832596	0.961715	0.014085	137	16	124	1146.634
-0.785398	1.440580	2.260026	132	8	122	1146.458
-3.141593	1.510910	-0.740472	114	0	118	1146.400
-1.047198	0.929350	-2.910676	119	20	119	1146.376
-1.308997	0.866395	-2.492918	131	21	119	1146.352
2.094395	1.506530	1.988858	109	141	17	1146.244
1.047198	1.417623	-0.202254	129	27	125	1146.118
2.879793	1.870545	-2.976234	130	6	139	1145.827
2.617994	1.869911	2.701025	142	138	134	1145.753
-1.308997	1.325504	-1.671296	25	136	25	1145.675
-0.261799	2.587733	0.232235	6	29	4	1145.301
1.047198	2.478122	2.609777	2	4	39	1145.279
-0.261799	0.618092	2.539118	125	12	121	1145.176
-2.356194	0.914445	2.687814	137	115	4	1145.147
1.047198	1.113094	-0.272241	126	132	21	1144.955
1.047198	0.906588	1.252948	129	25	127	1144.820
2.617994	2.138223	1.678323	136	12	6	1144.655
-0.523599	1.488617	1.159546	122	11	120	1144.274
1.570796	0.290380	-0.796960	110	137	125	1144.075
2.356194	2.724429	-0.348782	135	5	138	1143.836
1.570796	0.203748	0.590255	134	15	119	1143.505
-1.308997	2.719179	-1.780644	0	129	29	1143.332
-0.523599	0.864993	2.278281	131	27	133	1143.296
0.523599	2.164094	-2.991358	126	19	138	1142.879
-2.617994	0.685216	-1.712745	129	19	114	1142.714
-2.094395	1.606104	-0.451151	0	12	131	1142.708
-1.047198	2.356369	3.005869	127	28	133	1142.655
1.832596	0.674054	1.013609	122	20	122	1142.279
2.617994	1.045978	0.343692	136	142	119	1142.188
-0.523599	0.929350	-2.910676	132	30	2	1142.175
-1.832596	2.592629	0.909713	6	16	9	1142.045
0.785398	2.295480	1.008277	102	14	134	1141.983
-0.785398	2.979456	-1.009304	120	130	11	1141.829
1.570796	2.073035	2.027405	105	14	127	1141.807
0.000000	1.413430	2.550734	4	0	124	1141.346
-3.141593	2.592629	0.909713	34	136	5	1141.321
1.570796	1.128190	-2.288622	106	23	2	1141.318
0.261799	1.869911	2.701025	123	15	132	1141.303
2.879793	0.899350	-2.069907	14	129	129	1141.037
0.000000	2.455966	-0.641220	15	32	2	1140.965
-2.617994	2.587733	0.232235	19	14	9	1140.755
2.879793	1.242974	-2.977882	3	9	142	1140.633
-2.094395	0.866955	-0.931351	6	4	118	1140.545
-1.047198	1.555207	1.708892	133	4	118	1140.391
0.523599	2.299159	2.264663	106	139	142	1140.388
-2.879793	0.866395	-2.492918	137	22	119	1140.340
0.261799	1.134796	2.434290	126	21	26	1140.340
-2.617994	1.450119	-2.739050	0	17	122	1140.206
0.785398	2.863997	0.549740	139	27	21	1139.758
2.356194	2.089241	-0.114193	140	143	32	1139.496
1.570796	2.379497	0.561089	126	24	142	1139.383
-2.617994	2.295480	1.008277	8	121	28	1138.909
-0.785398	0.899350	-2.069907	138	25	128	1138.898
-3.141593	0.640596	-2.797608	109	135	130	1138.851
1.047198	0.591903	2.010408	143	135	125	1138.793
1.047198	2.138223	1.678323	109	3	1	1138.674
2.094395	2.247462	0.191623	143	139	32	1138.548
0.785398	2.108018	1.311430	118	141	22	1138.527
-2.879793	1.741644	-2.695914	2	7	121	1138.413
1.308997	1.683268	0.374177	108	15	129	1138.343
-0.523599	1.696674	-1.253233	137	22	120	1138.325
0.000000	2.719179	-1.780644	118	2	32	1138.292
2.356194	1.658653	-2.409879	130	138	114	1138.140
-0.261799	2.579248	-2.364801	35	136	18	1138.092
-2.879793	2.863997	0.549740	126	7	35	1137.992
-2.356194	0.615174	-0.666022	34	138	17	1137.695
-0.261799	0.864993	2.278281	19	136	126	1137.419
-1.832596	1.870545	-2.976234	8	18	25	1137.367
-3.141593	1.310100	1.488307	27	135	131	1137.122
-2.356194	2.393226	1.857173	0	3	43	1136.854
-2.356194	2.356369	3.005869	112	140	136	1136.808
1.832596	1.168678	2.108595	141	3	123	1136.792
1.047198	2.174483	2.653697	118	30	134	1136.615
2.879793	2.247462	0.191623	11	9	1	1136.578
-1.308997	2.033014	2.977192	15	15	36	1136.260
2.094395	1.134497	-1.109631	124	133	27	1136.060
-2.879793	2.760637	2.781135	110	0	133	1136.026
-0.523599	1.256302	0.062705	119	22	12	1135.947
2.879793	2.863997	0.549740	133	1	136	1135.784
0.523599	1.135834	-1.431087	5	10	115	1135.677
-2.879793	1.374601	-2.456031	139	11	115	1135.465
1.570796	1.812176	0.656819	6	30	9	1135.123
0.261799	2.984978	1.954446	131	28	5	1135.043
-1.570796	2.664082	-1.071402	135	25	6	1134.746
1.570796	1.836682	-0.676006	106	14	123	1134.642
-2.617994	1.214854	-1.966664	4	12	7	1134.212
2.617994	0.458961	-0.107937	140	23	130	1134.039
0.000000	0.379747	-1.713059	130	1	115	1133.965
-2.356194	0.419640	2.974122	113	132	122	1133.944
0.261799	2.393226	1.857173	132	28	132	1133.909
-1.047198	0.960688	-0.577532	127	11	115	1133.901
1.047198	1.325504	-1.671296	5	22	142	1133.799
2.617994	1.050534	3.042579	119	13	135	1133.657
1.047198	1.948085	-2.363031	10	23	15	1133.598
-2.879793	2.455966	-0.641220	2	0	34	1133.585
-1.047198	1.510910	-0.740472	141	3	117	1133.557
1.570796	0.709924	0.218797	1	20	126	1133.333
1.570796	2.664082	-1.071402	134	3	32	1132.992
0.261799	1.662363	0.915448	111	4	134	1132.844
1.047198	2.587733	0.232235	14	4	36	1132.792
-1.047198	1.506530	1.988858	129	9	123	1132.569
2.094395	2.001437	0.381215	140	135	29	1132.511
-1.832596	1.809167	1.213774	21	14	141	1132.508
-0.523599	1.617114	-1.572037	130	26	133	1132.429
-2.617994	0.700570	1.559208	120	15	120	1132.361
0.523599	1.909857	-0.381669	138	25	126	1132.315
-1.832596	0.992645	-1.723759	30	131	31	1132.314
-1.047198	0.709924	0.218797	125	9	115	1132.286
-1.308997	1.301460	-0.509251	2	9	25	1132.247
-1.570796	2.174483	2.653697	10	11	40	1132.242
0.523599	0.496451	0.593859	118	132	1	1132.052
1.308997	1.836682	-0.676006	11	132	31	1131.948
-1.047198	1.135813	-2.658866	121	16	115	1131.857
-2.094395	1.417623	-0.202254	21	13	23	1131.679
-1.570796	2.592629	0.909713	119	3	143	1131.659
0.523599	1.045978	0.343692	137	24	128	1131.247
-3.141593	1.413347	-1.339188	121	134	12	1131.152
1.832596	0.619654	-2.216909	1	16	1	1131.049
2.356194	2.153910	-1.714959	127	10	141	1130.697
-2.356194	1.025536	1.576859	121	134	4	1130.692
-2.094395	1.510910	-0.740472	7	126	22	1130.553
2.094395	2.984978	1.954446	113	6	130	1130.518
-2.879793	2.138223	1.678323	123	137	30	1130.487
0.261799	0.290380	-0.796960	143	0	116	1130.432
-0.785398	2.343981	-1.040456	6	140	33	1130.374
-1.832596	0.866955	-0.931351	4	8	120	1130.335
1.832596	1.325504	-1.671296	6	10	19	1130.287
2.094395	0.914445	2.687814	119	123	15	1130.237
0.261799	1.367556	0.358405	107	0	142	1130.161
-2.879793	1.450119	-2.739050	1	10	120	1130.090
2.879793	0.619654	-2.216909	109	130	134	1130.074
-2.094395	2.704512	1.488683	134	6	139	1130.067
2.879793	0.458961	-0.107937	116	6	118	1129.863
1.570796	0.866955	-0.931351	134	140	24	1129.851
0.523599	2.033014	2.977192	3	14	136	1129.838
1.832596	1.617114	-1.572037	7	10	19	1129.838
2.617994	2.863997	0.549740	30	136	9	1129.827
-1.570796	2.343981	-1.040456	22	123	22	1129.789
-1.832596	2.104282	-0.813972	128	10	20	1129.649
1.832596	1.555207	1.708892	124	134	118	1129.628
-0.523599	1.214854	-1.966664	114	9	110	1129.596
1.832596	0.866955	-0.931351	119	133	20	1129.534
-0.523599	0.203748	0.590255	4	129	121	1129.447
-2.617994	1.736875	3.023612	6	14	131	1129.388
-2.094395	2.073035	2.027405	137	7	138	1129.222
0.785398	0.640596	-2.797608	2	31	7	1129.005
-2.094395	2.637879	2.121598	143	134	38	1128.930
1.570796	2.251330	-2.330739	131	11	139	1128.896
-3.141593	1.247695	1.809890	20	139	129	1128.862
2.879793	0.618092	2.539118	141	138	124	1128.806
-3.141593	2.456751	-1.503343	120	127	16	1128.733
-1.047198	0.914445	2.687814	134	24	129	1128.691
2.094395	0.203748	0.590255	130	22	123	1128.315
0.000000	0.674054	1.013609	117	137	139	1128.247
1.047198	1.736875	3.023612	3	7	134	1128.225
0.261799	1.554776	0.100351	125	7	21	1128.114
1.308997	2.247462	0.191623	123	1	128	1128.081
-0.523599	1.440580	2.260026	132	9	123	1128.036
0.785398	2.455966	-0.641220	129	139	34	1127.773
2.879793	1.045978	0.343692	11	143	122	1127.772
1.047198	2.404280	-0.174044	140	137	32	1127.503
-2.879793	1.413347	-1.339188	133	135	24	1127.441
2.356194	1.195355	1.200319	123	3	116	1127.209
2.094395	1.721184	-0.153948	116	17	129	1126.887
-2.617994	1.836682	-0.676006	0	6	28	1126.866
0.785398	2.138223	1.678323	111	142	4	1126.788
-1.570796	1.809167	1.213774	140	15	130	1126.529
2.879793	0.866395	-2.492918	108	133	134	1126.457
-1.308997	2.979456	-1.009304	127	12	136	1126.365
-1.570796	1.977582	0.969896	19	19	5	1126.357
2.356194	0.700570	1.559208	127	14	120	1126.256
2.356194	1.510910	-0.740472	110	141	8	1126.254
1.047198	1.134497	-1.109631	118	11	114	1126.023
2.617994	2.299159	2.264663	14	132	143	1125.934
0.785398	2.251330	-2.330739	106	139	14	1125.867
-1.832596	2.174483	2.653697	13	10	40	1125.780
2.879793	1.510910	-0.740472	117	1	116	1125.669
-1.308997	1.569311	-3.003978	130	26	122	1125.379
0.261799	0.571433	-1.188419	13	15	17	1125.323
1.832596	0.866395	-2.492918	12	10	129	1125.301
-1.570796	2.587733	0.232235	122	1	139	1125.221
-3.141593	2.664082	-1.071402	121	2	137	1125.147
1.832596	2.587733	0.232235	119	1	131	1125.025
0.261799	1.256302	0.062705	117	5	14	1124.992
1.570796	2.108018	1.311430	142	20	142	1124.942
0.523599	1.998705	2.370472	105	142	139	1124.917
-2.617994	0.733948	3.021411	134	116	3	1124.907
-2.879793	1.766067	2.153843	19	131	135	1124.802
2.094395	1.869911	2.701025	104	16	132	1124.790
0.523599	2.356369	3.005869	0	142	39	1124.762
-1.047198	2.719179	-1.780644	4	126	28	1124.721
1.832596	2.089241	-0.114193	139	142	30	1124.451
-1.047198	1.135834	-1.431087	131	21	124	1124.156
1.570796	2.356369	3.005869	110	26	143	1124.070
2.617994	2.180315	-1.357379	135	10	142	1124.064
2.879793	1.732874	-0.951685	107	135	4	1123.996
-1.047198	2.588535	-2.976617	133	28	132	1123.994
0.523599	1.510910	-0.740472	15	27	125	1123.952
-3.141593	1.545873	-1.877082	118	133	15	1123.940
2.094395	1.699788	2.452890	106	14	127	1123.930
2.094395	2.455966	-0.641220	135	118	17	1123.830
2.356194	2.592629	0.909713	120	19	143	1123.816
-3.141593	0.419640	2.974122	123	10	140	1123.439
1.047198	0.899350	-2.069907	111	27	142	1123.038
-1.832596	2.349581	-2.702517	134	120	5	1122.712
-1.308997	0.419640	2.974122	125	143	5	1122.686
2.617994	2.153910	-1.714959	134	9	141	1122.594
-1.570796	1.310100	1.488307	6	12	131	1122.490
-1.047198	0.733948	3.021411	132	32	132	1122.452
2.617994	1.998705	2.370472	140	143	39	1122.430
-1.570796	1.325504	-1.671296	24	133	25	1122.213
0.000000	2.407836	1.410646	133	28	133	1122.133
0.000000	2.979456	-1.009304	133	15	32	1121.999
1.308997	1.875281	0.107086	127	28	136	1121.963
1.570796	0.910508	1.903534	136	23	135	1121.872
0.523599	2.760637	2.781135	129	8	134	1121.790
0.000000	1.982574	-1.115518	127	28	142	1121.765
-1.570796	2.724429	-0.348782	11	132	33	1121.719
-0.785398	1.135813	-2.658866	125	31	136	1121.716
1.832596	0.685216	-1.712745	132	9	15	1121.711
-0.261799	2.592629	0.909713	122	19	12	1121.615
-1.308997	2.863997	0.549740	142	130	38	1121.610
0.261799	1.741644	-2.695914	4	10	36	1121.589
-2.617994	1.413347	-1.339188	133	136	21	1121.562
-2.617994	1.732874	-0.951685	14	3	34	1121.541
0.261799	2.588535	-2.976617	125	11	134	1121.396
0.261799	0.685216	-1.712745	122	3	112	1121.374
1.832596	0.929350	-2.910676	134	137	118	1120.866
-2.356194	2.863997	0.549740	23	14	7	1120.425
0.000000	1.683268	0.374177	11	25	130	1120.404
2.617994	1.433411	-1.035986	116	140	14	1120.085
2.094395	0.615174	-0.666022	128	22	118	1119.772
-0.523599	2.664082	-1.071402	27	30	6	1119.716
1.308997	1.448123	-2.163292	112	23	7	1119.653
-0.261799	1.218453	2.777284	139	22	132	1119.490
2.879793	1.555207	1.708892	112	128	12	1119.359
-2.356194	1.440580	2.260026	123	135	121	1119.289
-2.879793	1.948085	-2.363031	135	0	36	1119.205
-2.356194	2.379497	0.561089	1	13	139	1119.165
-0.785398	1.325504	-1.671296	126	14	113	1119.157
1.047198	1.374601	-2.456031	6	10	127	1119.022
2.356194	2.760637	2.781135	103	11	1	1119.017
-0.523599	2.587733	0.232235	119	14	18	1118.606
0.785398	1.545873	-1.877082	126	13	112	1118.573
0.785398	2.724429	-0.348782	120	18	136	1118.534
0.785398	0.733948	3.021411	6	11	127	1118.251
2.094395	1.875281	0.107086	138	137	28	1118.236
-1.570796	1.875281	0.107086	143	137	32	1118.099
-1.570796	2.251330	-2.330739	23	139	135	1117.985
1.570796	0.914445	2.687814	21	17	135	1117.930
1.308997	1.488617	1.159546	137	28	9	1117.887
-1.570796	2.979456	-1.009304	107	14	12	1117.881
-2.356194	1.909857	-0.381669	7	128	29	1117.684
-2.094395	0.700570	1.559208	6	14	4	1117.668
-2.094395	0.290380	-0.796960	136	18	121	1117.557
-2.879793	1.569311	-3.003978	10	123	32	1117.454
0.523599	1.977582	0.969896	123	4	28	1117.416
2.617994	1.367556	0.358405	21	121	12	1117.205
-0.785398	0.496451	0.593859	7	19	137	1117.047
1.832596	1.045978	0.343692	117	22	131	1116.816
-1.832596	0.733948	3.021411	128	25	122	1116.684
-2.879793	1.696674	-1.253233	134	142	29	1116.431
2.617994	0.700570	1.559208	29	6	130	1116.083
-3.141593	2.108018	1.311430	131	11	3	1116.077
-1.047198	2.138223	1.678323	143	14	132	1115.991
1.308997	1.195355	1.200319	122	23	128	1115.978
-0.523599	0.960688	-0.577532	14	139	19	1115.903
2.879793	2.174483	2.653697	1	133	39	1115.840
-1.570796	1.433411	-1.035986	16	0	28	1115.536
0.000000	2.033014	2.977192	134	25	7	1115.509
-0.523599	1.506530	1.988858	142	139	116	1115.431
0.523599	0.899350	-2.069907	130	13	125	1115.347
-0.523599	1.554776	0.100351	119	22	13	1115.302
1.832596	1.574060	2.783565	114	18	127	1115.212
1.047198	1.756530	-2.105156	131	20	13	1115.035
-2.879793	2.881233	-2.582574	103	5	10	1114.989
0.785398	2.073035	2.027405	108	0	143	1114.957
2.356194	0.419640	2.974122	0	138	122	1114.884
-1.308997	0.929350	-2.910676	128	21	120	1114.852
-1.832596	1.134497	-1.109631	14	134	20	1114.759
0.785398	2.063651	-2.044600	115	18	118	1114.724
-2.617994	2.073035	2.027405	138	11	141	1114.660
-0.785398	0.992645	-1.723759	120	10	111	1114.584
-0.261799	2.001437	0.381215	5	25	134	1114.569
0.000000	0.496451	0.593859	111	140	143	1114.558
-2.617994	2.456751	-1.503343	12	2	140	1114.451
2.094395	0.370812	-2.547742	2	17	138	1114.398
2.879793	1.417623	-0.202254	138	129	24	1114.398
2.617994	0.290380	-0.796960	125	25	121	1114.372
-2.094395	1.554776	0.100351	21	14	19	1114.250
-1.832596	2.033014	2.977192	142	25	132	1114.084
-2.879793	1.433411	-1.035986	122	143	113	1114.061
-1.308997	1.135813	-2.658866	4	0	124	1113.865
0.000000	1.510910	-0.740472	4	8	29	1113.817
2.879793	0.080730	-2.622036	0	20	125	1113.737
0.523599	0.203748	0.590255	136	23	122	1113.707
-2.356194	0.850607	-1.335383	141	18	125	1113.433
2.356194	2.393226	1.857173	103	140	133	1113.387
-0.785398	0.618092	2.539118	132	25	127	1113.346
1.570796	0.762244	-0.273349	134	4	115	1113.255
1.570796	1.809167	1.213774	117	141	26	1113.210
1.047198	2.089241	-0.114193	131	28	133	1112.865
2.094395	2.587733	0.232235	128	140	132	1112.813
-1.047198	0.910508	1.903534	136	5	119	1112.353
0.261799	2.592629	0.909713	126	135	22	1112.211
2.617994	1.194549	-0.801900	135	132	24	1112.189
0.261799	1.413347	-1.339188	131	16	114	1112.134
1.308997	0.619654	-2.216909	14	10	126	1112.022
0.523599	1.014500	0.906702	124	133	1	1111.784
-2.094395	1.134497	-1.109631	25	140	31	1111.697
-2.094395	1.699788	2.452890	124	141	129	1111.540
2.356194	1.904882	-1.478089	114	137	12	1111.509
1.832596	2.592629	0.909713	120	16	141	1111.469
-1.570796	1.256302	0.062705	24	17	15	1111.441
-2.879793	1.325504	-1.671296	127	132	22	1111.336
-3.141593	1.599406	1.426070	112	125	10	1111.245
0.523599	1.683268	0.374177	122	5	19	1111.192
-1.570796	1.134497	-1.109631	135	5	113	1111.118
1.047198	0.850607	-1.335383	122	5	112	1110.722
0.785398	1.413347	-1.339188	10	26	0	1110.694
-1.570796	0.866395	-2.492918	129	17	115	1110.538
2.094395	1.325504	-1.671296	137	9	21	1110.127
2.356194	1.836682	-0.676006	141	136	28	1110.043
-2.094395	2.349581	-2.702517	25	136	138	1109.932
-0.523599	2.704512	1.488683	17	0	38	1109.661
-2.617994	2.637879	2.121598	25	130	2	1109.622
0.000000	1.699788	2.452890	127	15	130	1109.288
-2.617994	1.869911	2.701025	7	16	138	1108.970
2.356194	1.374601	-2.456031	143	128	30	1108.943
2.094395	1.113094	-0.272241	118	17	120	1108.894
-1.308997	1.025536	1.576859	141	23	3	1108.859
-2.617994	2.404280	-0.174044	136	132	34	1108.822
0.785398	2.587733	0.232235	18	4	36	1108.687
1.047198	2.760637	2.781135	131	28	2	1108.590
2.094395	2.760637	2.781135	105	16	0	1108.362
2.094395	0.700570	1.559208	9	141	121	1108.115
0.261799	2.724429	-0.348782	140	143	36	1108.082
2.094395	1.870545	-2.976234	105	20	142	1108.058
-3.141593	2.455966	-0.641220	2	138	34	1107.946
-2.617994	2.356369	3.005869	110	0	136	1107.855
0.000000	2.863997	0.549740	5	28	11	1107.758
-1.832596	2.108018	1.311430	6	11	136	1107.592
2.879793	2.393226	1.857173	121	118	128	1107.550
-3.141593	1.050534	3.042579	106	1	129	1107.544
-1.308997	0.961715	0.014085	127	28	135	1107.504
-2.356194	1.433411	-1.035986	132	1	118	1107.495
1.308997	0.379747	-1.713059	135	17	11	1107.298
-2.356194	1.870545	-2.976234	8	131	35	1107.070
0.000000	0.866395	-2.492918	129	3	117	1106.986
-1.832596	1.256302	0.062705	140	5	119	1106.897
-1.047198	1.683268	0.374177	139	16	125	1106.695
-1.832596	2.041297	-2.664597	21	142	131	1106.672
-0.785398	1.545873	-1.877082	6	135	14	1106.561
0.261799	1.809167	1.213774	130	16	122	1106.164
0.000000	0.914445	2.687814	26	0	131	1106.128
0.785398	1.134497	-1.109631	8	7	25	1106.026
1.832596	2.180315	-1.357379	17	8	26	1105.952
1.832596	2.001437	0.381215	118	25	142	1105.824
1.832596	1.909857	-0.381669	136	131	27	1105.702
-1.832596	2.637879	2.121598	139	9	41	1105.696
-2.879793	1.448123	-2.163292	132	7	112	1105.563
0.785398	2.704512	1.488683	124	131	21	1105.422
-3.141593	1.506530	1.988858	18	135	132	1105.366
2.356194	0.685216	-1.712745	9	133	125	1105.226
2.617994	1.448123	-2.163292	130	1	111	1105.173
-2.094395	1.135834	-1.431087	4	122	7	1105.111
1.308997	1.194549	-0.801900	127	3	22	1105.076
-1.047198	0.496451	0.593859	134	2	17	1104.947
-0.785398	2.760637	2.781135	114	141	21	1104.451
1.047198	0.960688	-0.577532	132	0	22	1104.445
-0.785398	1.135834	-1.431087	127	7	110	1104.399
-0.261799	0.762244	-0.273349	142	7	117	1104.353
2.617994	1.982574	-1.115518	115	138	17	1104.353
1.047198	2.984978	1.954446	108	22	3	1104.208
0.000000	0.080730	-2.622036	13	25	130	1104.131
2.356194	1.184361	0.625864	3	142	122	1103.906
-0.523599	2.001437	0.381215	130	20	127	1103.757
2.356194	1.683268	0.374177	116	12	136	1103.668
2.879793	2.760637	2.781135	102	0	2	1103.570
2.094395	1.448123	-2.163292	137	15	14	1103.482
0.785398	1.135834	-1.431087	6	10	115	1103.430
0.261799	0.419640	2.974122	140	134	127	1103.237
1.570796	2.001437	0.381215	124	27	142	1103.090
1.047198	0.866955	-0.931351	132	7	23	1102.758
-1.047198	0.418037	1.360082	134	13	124	1102.705
0.000000	1.875281	0.107086	135	10	28	1102.615
-2.617994	1.242974	-2.977882	2	18	125	1102.528
2.879793	1.247695	1.809890	20	140	129	1102.432
2.617994	1.025536	1.576859	26	0	130	1102.397
2.879793	0.709924	0.218797	139	3	118	1102.162
-2.617994	2.349581	-2.702517	9	17	13	1102.154
0.785398	1.699788	2.452890	121	19	130	1101.954
-2.879793	2.407836	1.410646	143	128	34	1101.938
0.261799	0.910508	1.903534	20	30	8	1101.911
-2.356194	0.290380	-0.796960	138	17	121	1101.770
-1.047198	1.846342	-1.796954	8	28	137	1101.596
-0.523599	1.836682	-0.676006	3	13	123	1101.511
-3.141593	0.618092	2.539118	21	135	129	1101.504
-2.617994	1.846342	-1.796954	125	142	29	1101.428
-2.094395	2.104282	-0.813972	15	141	32	1101.425
1.570796	2.979456	-1.009304	137	140	135	1101.420
-0.523599	1.683268	0.374177	140	18	125	1101.249
2.094395	1.606104	-0.451151	139	126	26	1101.182
0.261799	0.850607	-1.335383	140	22	27	1101.083
2.094395	1.510910	-0.740472	130	132	27	1101.075
1.570796	1.488617	1.159546	117	135	29	1101.072
1.832596	2.104282	-0.813972	24	130	34	1100.869
-2.094395	1.218453	2.777284	12	134	131	1100.866
-2.617994	1.025536	1.576859	117	136	2	1100.855
-2.094395	2.407836	1.410646	8	125	33	1100.521
0.261799	1.872854	1.543456	116	15	131	1100.320
-2.094395	2.115563	0.685730	30	7	19	1100.315
-0.261799	2.637879	2.121598	9	22	140	1100.307
2.617994	1.741644	-2.695914	2	131	36	1100.290
-2.617994	1.555207	1.708892	128	128	27	1100.208
2.879793	0.961715	0.014085	2	120	1	1099.644
-1.047198	2.349581	-2.702517	139	24	126	1099.436
2.094395	1.045978	0.343692	131	20	135	1099.293
-0.523599	0.733948	3.021411	132	14	123	1099.287
-0.523599	1.218453	2.777284	137	11	126	1099.141
-2.356194	2.664082	-1.071402	131	6	32	1099.014
-3.141593	2.760637	2.781135	111	4	132	1098.948
2.879793	1.569311	-3.003978	4	8	142	1098.785
0.261799	0.914445	2.687814	25	4	130	1098.641
-3.141593	0.866955	-0.931351	118	12	113	1098.525
-2.356194	1.982574	-1.115518	14	136	33	1098.349
-1.308997	1.448123	-2.163292	20	29	139	1098.256
-2.617994	0.297065	2.160177	15	15	143	1098.191
0.261799	1.506530	1.988858	140	4	116	1098.174
2.879793	2.881233	-2.582574	129	123	15	1098.164
2.617994	1.417623	-0.202254	108	6	122	1097.482
1.308997	1.809167	1.213774	120	138	31	1097.461
-0.785398	2.407836	1.410646	131	9	125	1097.441
-0.785398	1.168678	2.108595	137	24	138	1097.367
0.785398	0.762244	-0.273349	117	6	115	1097.353
-0.523599	1.168678	2.108595	131	7	119	1097.277
-2.094395	1.617114	-1.572037	139	9	117	1097.238
2.879793	0.418037	1.360082	13	24	129	1097.193
1.047198	0.709924	0.218797	120	15	16	1097.174
-2.617994	0.910508	1.903534	118	9	120	1097.109
-2.356194	0.899350	-2.069907	123	137	1	1096.900
-0.523599	2.588535	-2.976617	38	3	10	1096.809
1.308997	2.587733	0.232235	17	8	37	1096.734
-1.832596	1.836682	-0.676006	18	17	139	1096.633
-2.356194	0.906588	1.252948	124	16	119	1096.620
2.879793	0.910508	1.903534	116	123	9	1096.341
1.047198	0.290380	-0.796960	133	5	15	1096.327
2.879793	2.587733	0.232235	35	141	12	1096.254
0.523599	1.367556	0.358405	131	12	28	1096.200
2.094395	0.899350	-2.069907	134	12	11	1096.187
-2.879793	2.153910	-1.714959	125	128	14	1095.615
-1.047198	1.574060	2.783565	136	13	128	1095.601
-0.523599	1.134796	2.434290	141	16	129	1095.564
-2.617994	2.719179	-1.780644	130	123	14	1095.519
-0.523599	1.325504	-1.671296	143	14	32	1095.467
-1.047198	1.504028	0.636812	4	23	6	1095.371
-2.617994	1.045978	0.343692	121	1	117	1095.316
-2.617994	0.370812	-2.547742	18	20	123	1095.194
-3.141593	2.404280	-0.174044	129	141	33	1095.108
-2.356194	0.370812	-2.547742	138	20	119	1094.937
-1.832596	2.115563	0.685730	16	135	134	1094.915
1.047198	2.592629	0.909713	138	28	19	1094.895
2.617994	0.674054	1.013609	125	7	117	1094.845
-0.261799	2.041297	-2.664597	121	23	120	1094.803
1.308997	1.335669	0.897240	141	30	7	1094.748
-0.523599	0.700570	1.559208	137	22	130	1094.695
-2.094395	1.683268	0.374177	37	21	140	1094.248
-0.261799	2.760637	2.781135	22	10	142	1094.244
-2.617994	1.433411	-1.035986	141	9	135	1094.018
1.047198	2.295480	1.008277	139	28	16	1094.008
-2.094395	1.869911	2.701025	124	142	132	1093.959
2.356194	1.824694	1.850876	109	2	122	1093.803
-2.617994	1.506530	1.988858	140	10	141	1093.778
1.832596	1.998705	2.370472	105	16	129	1093.509
1.308997	1.909857	-0.381669	142	133	31	1093.202
2.094395	0.685216	-1.712745	0	14	115	1093.041
-2.356194	2.251330	-2.330739	11	17	9	1092.869
-2.617994	0.419640	2.974122	111	136	123	1092.807
0.261799	1.504028	0.636812	126	24	123	1092.407
2.617994	2.343981	-1.040456	9	117	3	1092.390
-2.094395	1.256302	0.062705	29	9	17	1092.186
-0.523599	1.448123	-2.163292	128	22	120	1092.144
-0.261799	2.863997	0.549740	117	12	18	1091.479
0.261799	2.299159	2.264663	132	27	5	1091.340
-2.356194	0.080730	-2.622036	136	24	122	1091.152
2.879793	2.456751	-1.503343	122	3	137	1091.147
1.570796	0.571433	-1.188419	135	5	17	1090.958
1.832596	1.488617	1.159546	114	2	119	1090.896
2.617994	2.033014	2.977192	102	5	138	1090.835
-0.261799	2.349581	-2.702517	38	6	12	1090.814
1.047198	2.379497	0.561089	8	30	11	1090.763
-2.879793	1.617114	-1.572037	123	139	12	1090.745
-3.141593	1.836682	-0.676006	141	136	29	1090.707
0.785398	0.961715	0.014085	5	12	120	1090.620
0.523599	2.719179	-1.780644	109	5	16	1090.538
2.094395	1.367556	0.358405	114	18	135	1090.429
-1.570796	0.906588	1.252948	3	16	4	1090.414
2.879793	1.696674	-1.253233	118	135	14	1090.196
-2.879793	1.247695	1.809890	129	129	28	1090.178
-1.308997	2.247462	0.191623	0	142	32	1090.152
-2.617994	2.033014	2.977192	7	14	133	1090.051
0.785398	0.992645	-1.723759	3	16	125	1089.682
-2.094395	1.325504	-1.671296	135	14	116	1089.623
2.094395	1.195355	1.200319	101	1	138	1089.494
0.000000	1.374601	-2.456031	124	9	114	1089.487
1.047198	1.184361	0.625864	128	24	133	1089.398
-2.879793	2.704512	1.488683	30	133	4	1089.293
-1.047198	2.115563	0.685730	135	30	133	1088.952
0.523599	2.393226	1.857173	129	28	132	1088.947
0.000000	2.393226	1.857173	138	27	132	1088.922
-2.356194	0.866955	-0.931351	139	121	133	1088.747
0.523599	0.910508	1.903534	130	7	110	1088.704
-2.356194	0.700570	1.559208	119	14	120	1088.272
1.570796	1.875281	0.107086	3	124	21	1088.269
-2.879793	0.297065	2.160177	22	139	127	1088.141
-0.785398	2.115563	0.685730	136	27	131	1087.997
2.879793	1.450119	-2.739050	137	130	32	1087.830
-2.356194	2.592629	0.909713	5	11	0	1087.796
-1.308997	2.041297	-2.664597	140	21	120	1087.771
0.261799	0.618092	2.539118	11	1	20	1087.614
-2.617994	0.762244	-0.273349	126	11	116	1087.608
-2.879793	1.488617	1.159546	35	134	135	1087.542
0.523599	1.872854	1.543456	112	12	132	1087.452
2.094395	1.836682	-0.676006	135	140	27	1087.219
-0.785398	2.393226	1.857173	0	16	134	1087.213
1.047198	2.247462	0.191623	134	28	141	1086.914
2.356194	1.554776	0.100351	113	14	133	1086.525
-2.356194	1.247695	1.809890	3	13	3	1086.420
-1.047198	2.979456	-1.009304	0	138	35	1086.152
-1.308997	0.914445	2.687814	142	2	123	1085.941
0.261799	1.184361	0.625864	126	6	19	1085.911
-0.261799	1.875281	0.107086	1	25	133	1085.790
-1.308997	2.001437	0.381215	6	1	127	1085.786
-1.570796	2.138223	1.678323	7	8	135	1085.746
2.094395	1.732874	-0.951685	111	0	9	1085.722
2.094395	0.674054	1.013609	119	18	122	1085.697
1.570796	2.760637	2.781135	109	24	3	1085.689
-2.617994	2.063651	-2.044600	139	2	39	1085.662
2.094395	1.741644	-2.695914	106	20	3	1085.639
2.094395	2.174483	2.653697	102	13	135	1085.595
2.617994	1.812176	0.656819	115	10	141	1085.566
1.570796	1.606104	-0.451151	143	131	29	1085.456
-0.261799	2.180315	-1.357379	124	29	2	1085.435
-2.879793	1.045978	0.343692	119	1	117	1085.417
1.832596	2.153910	-1.714959	112	5	117	1085.393
0.523599	0.992645	-1.723759	137	7	114	1085.172
-0.785398	1.736875	3.023612	136	22	29	1085.146
0.000000	1.977582	0.969896	129	19	125	1085.114
1.570796	1.574060	2.783565	111	25	128	1085.052
1.308997	2.356369	3.005869	117	29	141	1084.780
0.523599	1.617114	-1.572037	19	13	24	1084.702
0.785398	1.998705	2.370472	119	19	132	1084.287
-2.617994	1.391910	3.030322	13	120	26	1084.270
1.308997	1.658653	-2.409879	116	25	6	1084.242
0.000000	0.700570	1.559208	131	28	132	1084.045
-1.570796	1.545873	-1.877082	21	130	26	1083.969
2.356194	1.301460	-0.509251	135	134	22	1083.947
0.261799	0.674054	1.013609	15	35	3	1083.865
2.356194	1.014500	0.906702	119	1	116	1083.618
2.356194	0.866395	-2.492918	5	12	1	1083.488
1.570796	1.310100	1.488307	129	132	115	1083.414
-0.785398	1.113094	-0.272241	8	143	23	1083.195
-2.617994	2.174483	2.653697	6	17	140	1083.056
-0.261799	0.899350	-2.069907	124	9	114	1083.020
1.047198	2.104282	-0.813972	130	0	32	1083.010
-0.261799	0.992645	-1.723759	130	21	126	1082.490
0.261799	0.418037	1.360082	119	6	11	1082.033
-0.523599	1.450119	-2.739050	120	20	118	1082.014
-0.523599	2.979456	-1.009304	133	128	22	1081.601
-2.094395	0.709924	0.218797	16	27	135	1081.531
2.356194	0.762244	-0.273349	116	12	116	1081.516
-1.308997	1.134497	-1.109631	136	5	114	1081.451
-1.570796	2.164094	-2.991358	12	138	38	1081.449
-1.308997	1.488617	1.159546	135	18	131	1080.615
1.832596	2.356369	3.005869	106	22	143	1080.414
-2.356194	1.836682	-0.676006	5	124	25	1080.413
-2.356194	1.256302	0.062705	31	3	17	1080.251
-2.356194	2.073035	2.027405	1	125	126	1080.227
0.261799	1.977582	0.969896	10	29	139	1080.155
0.523599	2.881233	-2.582574	1	0	136	1080.014
1.047198	0.458961	-0.107937	134	21	119	1079.977
1.047198	1.909857	-0.381669	139	138	31	1079.912
-3.141593	1.184361	0.625864	114	0	120	1079.703
0.785398	1.606104	-0.451151	135	1	29	1079.478
0.785398	1.617114	-1.572037	127	24	131	1079.366
-3.141593	1.756530	-2.105156	115	136	14	1079.230
1.308997	1.574060	2.783565	118	28	127	1079.215
-0.523599	0.914445	2.687814	130	15	125	1078.939
-0.785398	2.108018	1.311430	125	7	125	1078.896
2.094395	1.504028	0.636812	124	121	1	1078.739
-2.879793	1.242974	-2.977882	139	10	11	1078.528
-1.308997	0.960688	-0.577532	129	10	115	1078.269
1.570796	0.496451	0.593859	132	125	141	1078.251
-1.832596	1.699788	2.452890	10	138	132	1078.146
-0.261799	2.247462	0.191623	3	27	140	1078.114
-2.879793	1.869911	2.701025	125	130	28	1077.848
0.261799	2.407836	1.410646	127	28	133	1077.806
-1.570796	0.571433	-1.188419	135	14	118	1077.801
-3.141593	0.379747	-1.713059	124	137	11	1077.568
1.308997	0.866955	-0.931351	132	2	23	1077.514
-1.047198	0.615174	-0.666022	125	13	116	1077.464
