144	1.2	0
-2.879793	0.992645	-1.723759
-1.021614	0.561433	-0.310784
../3r0r_monomer_m.pdb	-34.676	70.065	22.656
../3r0r_monomer_m.pdb	21.039	16.775	83.151
2.879793	1.391910	3.030322	120	140	127	2225.829
-0.523599	1.569311	-3.003978	139	16	130	2051.872
0.261799	1.875281	0.107086	0	3	30	2040.660
-1.308997	1.766067	2.153843	143	10	130	1946.229
2.879793	1.218453	2.777284	123	142	124	1841.965
-2.094395	1.440580	2.260026	139	0	125	1838.870
-0.785398	2.174483	2.653697	0	13	136	1832.610
0.785398	1.195355	1.200319	120	20	128	1831.690
1.047198	1.367556	0.358405	140	27	135	1822.920
-2.617994	0.618092	2.539118	142	13	134	1819.262
0.785398	1.256302	0.062705	1	25	129	1780.958
1.308997	2.881233	-2.582574	121	5	136	1765.354
2.617994	1.574060	2.783565	6	142	133	1749.528
1.308997	2.073035	2.027405	103	9	133	1739.770
2.617994	0.370812	-2.547742	6	13	129	1736.927
2.879793	1.574060	2.783565	123	138	127	1731.226
-1.308997	2.174483	2.653697	0	5	37	1724.397
1.047198	1.184361	0.625864	137	29	140	1711.851
-1.047198	2.174483	2.653697	2	9	136	1708.029
0.785398	1.113094	-0.272241	1	20	123	1707.880
0.261799	1.417623	-0.202254	4	7	26	1707.668
-1.308997	2.299159	2.264663	2	9	138	1694.841
1.308997	2.393226	1.857173	102	6	141	1690.963
-1.570796	0.591903	2.010408	139	14	129	1690.069
-1.570796	1.766067	2.153843	0	6	130	1685.426
2.617994	1.247695	1.809890	111	129	11	1667.819
-2.879793	1.256302	0.062705	6	124	22	1667.625
-1.047198	2.033014	2.977192	141	11	133	1665.841
0.785398	1.683268	0.374177	143	30	140	1665.054
2.617994	1.869911	2.701025	6	143	135	1664.185
-1.047198	1.736875	3.023612	139	11	131	1659.448
-2.879793	1.554776	0.100351	6	125	26	1649.478
0.523599	1.113094	-0.272241	0	11	24	1644.962
1.832596	1.045978	0.343692	1	125	15	1638.066
-3.141593	1.050534	3.042579	123	143	124	1637.650
0.785398	2.174483	2.653697	113	27	134	1635.984
1.047198	2.174483	2.653697	112	20	134	1634.314
-1.570796	2.393226	1.857173	15	11	141	1633.195
-1.308997	1.736875	3.023612	141	7	129	1631.086
0.785398	0.960688	-0.577532	1	12	118	1630.432
-2.094395	0.960688	-0.577532	23	137	21	1629.217
0.523599	1.870545	-2.976234	7	20	138	1626.905
-3.141593	1.218453	2.777284	126	141	124	1625.643
-2.094395	2.407836	1.410646	9	10	0	1623.504
0.261799	1.448123	-2.163292	123	6	117	1623.034
2.617994	0.640596	-2.797608	6	10	129	1622.461
1.570796	2.299159	2.264663	102	7	138	1620.882
1.570796	2.073035	2.027405	103	4	134	1620.523
-0.261799	1.870545	-2.976234	137	21	135	1618.951
0.261799	1.391910	3.030322	9	15	129	1614.929
-1.570796	2.863997	0.549740	123	3	138	1613.991
1.047198	1.256302	0.062705	142	24	129	1613.986
-0.785398	1.836682	-0.676006	141	4	118	1609.052
-2.879793	1.875281	0.107086	142	134	30	1607.516
2.356194	1.247695	1.809890	108	133	10	1604.385
-2.094395	0.866955	-0.931351	121	4	116	1594.010
0.785398	1.554776	0.100351	143	28	132	1592.822
-2.094395	1.766067	2.153843	138	143	126	1592.424
-1.047198	1.998705	2.370472	0	9	130	1589.804
-1.570796	2.299159	2.264663	1	0	134	1588.208
-1.308997	1.998705	2.370472	1	3	130	1584.243
2.356194	1.450119	-2.739050	143	9	139	1583.480
-3.141593	1.391910	3.030322	123	139	127	1583.411
-1.308997	1.554776	0.100351	2	10	130	1579.709
-2.879793	1.417623	-0.202254	137	131	25	1573.918
-1.832596	1.440580	2.260026	140	2	125	1573.801
-2.879793	0.733948	3.021411	11	4	127	1570.394
-0.261799	2.033014	2.977192	128	16	133	1566.622
2.879793	1.050534	3.042579	140	4	129	1562.051
2.617994	2.299159	2.264663	0	143	40	1560.158
0.785398	1.374601	-2.456031	124	2	121	1558.930
-1.832596	1.218453	2.777284	141	143	123	1552.899
1.047198	1.335669	0.897240	135	29	3	1551.996
0.523599	1.683268	0.374177	14	5	34	1551.314
1.832596	1.756530	-2.105156	2	17	9	1550.996
0.785398	2.579248	-2.364801	124	18	140	1550.551
2.617994	1.599406	1.426070	130	10	3	1548.120
-0.261799	1.875281	0.107086	4	6	29	1546.350
2.617994	1.050534	3.042579	140	8	130	1546.258
-2.617994	0.866955	-0.931351	137	138	18	1545.713
-2.356194	0.618092	2.539118	138	10	127	1545.456
-2.356194	1.506530	1.988858	138	7	135	1545.401
0.523599	2.115563	0.685730	141	7	33	1544.761
1.047198	0.496451	0.593859	132	24	129	1542.746
-1.570796	1.440580	2.260026	140	5	125	1541.993
0.261799	1.554776	0.100351	0	8	28	1541.205
0.785398	2.299159	2.264663	106	23	137	1540.630
0.000000	2.001437	0.381215	0	6	31	1538.961
-2.356194	0.866955	-0.931351	122	7	116	1538.917
-1.570796	1.218453	2.777284	139	1	123	1538.786
-1.832596	1.869911	2.701025	1	135	128	1538.683
2.094395	1.662363	0.915448	119	18	141	1537.695
1.832596	1.256302	0.062705	142	128	22	1536.381
-1.047198	0.700570	1.559208	138	20	133	1535.594
-1.047198	0.866955	-0.931351	137	10	117	1534.545
-0.523599	1.909857	-0.381669	2	5	122	1531.395
-1.047198	0.992645	-1.723759	133	17	121	1531.208
-1.308997	1.134497	-1.109631	5	8	120	1530.631
1.570796	2.664082	-1.071402	105	1	9	1529.631
0.785398	0.899350	-2.069907	129	142	117	1528.078
-0.261799	1.554776	0.100351	2	11	25	1526.592
-3.141593	2.979456	-1.009304	122	3	137	1525.944
-0.523599	1.554776	0.100351	1	16	25	1525.536
2.094395	1.045978	0.343692	7	122	14	1525.103
-1.047198	1.869911	2.701025	2	8	132	1523.142
-1.570796	1.113094	-0.272241	143	13	129	1522.724
-1.832596	1.413430	2.550734	141	0	125	1522.697
0.261799	2.379497	0.561089	1	2	34	1522.494
2.094395	1.256302	0.062705	3	125	21	1521.957
-2.356194	2.863997	0.549740	140	17	12	1519.707
1.308997	1.113094	-0.272241	135	23	122	1518.128
0.000000	1.554776	0.100351	0	11	27	1518.048
-2.879793	0.297065	2.160177	121	17	121	1515.661
0.261799	2.001437	0.381215	143	5	31	1513.604
2.356194	1.599406	1.426070	118	14	5	1512.527
-2.879793	1.301460	-0.509251	138	138	23	1511.325
1.047198	1.504028	0.636812	138	30	143	1509.770
-2.879793	1.218453	2.777284	128	142	124	1505.478
0.785398	1.812176	0.656819	18	29	7	1503.089
-2.617994	1.721184	-0.153948	5	132	30	1503.074
1.308997	1.658653	-2.409879	110	27	140	1501.096
1.047198	1.683268	0.374177	139	29	137	1499.752
0.785398	2.041297	-2.664597	122	4	126	1499.337
-1.308997	0.992645	-1.723759	0	20	123	1498.596
-0.523599	1.875281	0.107086	143	12	28	1496.495
-2.356194	0.914445	2.687814	0	3	126	1492.491
1.832596	1.977582	0.969896	126	22	143	1490.258
1.047198	0.831641	0.616218	130	25	132	1490.238
1.047198	1.113094	-0.272241	142	22	123	1488.846
1.308997	1.741644	-2.695914	110	27	137	1488.615
-1.047198	1.699788	2.452890	142	9	127	1488.545
-1.832596	1.113094	-0.272241	142	10	128	1488.315
-3.141593	1.574060	2.783565	143	7	134	1486.586
2.356194	1.488617	1.159546	116	13	0	1484.550
0.000000	1.741644	-2.695914	134	23	136	1484.227
2.094395	1.374601	-2.456031	143	13	142	1484.075
-0.785398	2.407836	1.410646	16	142	38	1483.637
0.523599	1.569311	-3.003978	8	18	134	1482.690
-3.141593	1.875281	0.107086	138	137	29	1482.476
-2.094395	1.413430	2.550734	139	141	124	1482.144
-1.570796	2.587733	0.232235	123	2	139	1480.615
2.094395	0.961715	0.014085	2	124	17	1480.198
1.047198	2.393226	1.857173	104	11	139	1479.984
-3.141593	1.554776	0.100351	138	133	27	1479.365
-1.047198	2.407836	1.410646	14	141	38	1478.434
2.356194	2.719179	-1.780644	122	4	135	1477.788
-0.523599	1.450119	-2.739050	119	11	121	1477.179
2.094395	1.391910	3.030322	1	132	130	1476.647
-2.356194	1.113094	-0.272241	23	137	23	1475.019
-0.785398	0.640596	-2.797608	142	30	141	1474.527
-1.047198	1.256302	0.062705	140	13	126	1473.109
1.308997	1.756530	-2.105156	111	26	3	1472.222
-1.047198	1.242974	-2.977882	131	16	126	1471.650
0.000000	1.448123	-2.163292	128	4	117	1471.421
2.617994	2.587733	0.232235	135	4	32	1470.567
-2.879793	1.134796	2.434290	0	12	141	1468.877
-0.523599	1.732874	-0.951685	136	10	114	1468.186
-1.570796	2.719179	-1.780644	5	125	28	1465.620
0.000000	1.836682	-0.676006	140	19	122	1464.580
-1.047198	2.478122	2.609777	22	9	142	1464.485
1.308997	1.374601	-2.456031	132	137	118	1463.867
-2.094395	2.073035	2.027405	140	0	131	1461.309
0.523599	1.875281	0.107086	0	2	31	1461.127
1.832596	1.135813	-2.658866	142	139	122	1459.940
-2.356194	0.458961	-0.107937	134	2	117	1457.817
1.570796	2.295480	1.008277	125	17	142	1457.184
1.047198	0.961715	0.014085	140	25	127	1456.128
-1.308997	2.073035	2.027405	1	12	133	1455.180
-1.570796	1.506530	1.988858	141	8	126	1451.902
2.094395	1.113094	-0.272241	141	129	22	1451.816
-2.617994	0.458961	-0.107937	140	0	118	1450.456
0.261799	1.721184	-0.153948	140	4	29	1449.956
1.570796	2.393226	1.857173	102	1	142	1448.678
-0.261799	1.569311	-3.003978	136	16	129	1448.408
1.570796	2.033014	2.977192	110	15	133	1447.829
2.879793	1.417623	-0.202254	0	130	25	1447.456
1.047198	1.128190	-2.288622	129	3	122	1446.170
1.047198	2.041297	-2.664597	136	125	22	1445.610
-2.356194	1.606104	-0.451151	139	5	133	1442.436
1.308997	2.041297	-2.664597	111	27	143	1442.416
0.785398	1.766067	2.153843	109	22	125	1441.264
0.785398	0.866955	-0.931351	125	7	115	1439.902
0.261799	1.113094	-0.272241	3	10	24	1439.726
0.523599	1.242974	-2.977882	9	15	130	1438.313
-1.570796	0.850607	-1.335383	143	13	120	1438.256
-1.047198	1.545873	-1.877082	3	27	135	1437.961
-2.617994	0.914445	2.687814	138	5	125	1437.914
-1.047198	1.214854	-1.966664	141	26	132	1436.227
-0.785398	2.153910	-1.714959	8	133	10	1435.578
2.879793	1.194549	-0.801900	131	130	23	1434.142
0.261799	1.218453	2.777284	6	10	124	1433.547
-2.879793	1.870545	-2.976234	10	125	30	1433.544
-2.094395	1.998705	2.370472	138	140	129	1433.120
1.308997	0.960688	-0.577532	139	17	118	1432.908
0.523599	1.448123	-2.163292	126	5	118	1432.311
0.000000	1.417623	-0.202254	9	3	25	1431.895
1.308997	1.948085	-2.363031	112	27	2	1431.616
0.261799	2.247462	0.191623	2	0	33	1430.944
-1.570796	0.762244	-0.273349	143	13	125	1430.514
-0.523599	1.510910	-0.740472	139	6	117	1430.271
1.047198	0.866955	-0.931351	11	22	134	1429.820
-1.570796	0.866955	-0.931351	2	2	118	1428.214
0.261799	2.115563	0.685730	143	6	32	1428.123
-1.047198	1.766067	2.153843	140	10	126	1428.104
-2.094395	0.914445	2.687814	0	6	127	1427.457
2.356194	1.870545	-2.976234	1	7	140	1425.303
1.308997	1.569311	-3.003978	110	24	128	1425.109
1.047198	1.045978	0.343692	138	27	132	1425.020
-2.617994	0.615174	-0.666022	18	124	13	1423.102
1.047198	2.164094	-2.991358	114	28	140	1422.880
-2.094395	2.592629	0.909713	4	16	8	1422.695
2.617994	1.391910	3.030322	4	1	130	1422.688
-3.141593	1.417623	-0.202254	2	131	25	1422.631
-0.261799	2.164094	-2.991358	137	22	140	1422.209
-1.570796	1.998705	2.370472	1	143	130	1422.177
0.785398	1.214854	-1.966664	133	141	115	1422.015
0.523599	2.041297	-2.664597	117	9	126	1421.663
-0.523599	1.756530	-2.105156	123	21	120	1421.648
-1.570796	1.194549	-0.801900	4	140	117	1420.733
1.047198	2.579248	-2.364801	13	25	13	1420.518
-2.356194	1.721184	-0.153948	6	133	30	1420.223
0.261799	0.960688	-0.577532	143	9	118	1419.849
0.000000	2.579248	-2.364801	3	5	38	1419.415
0.000000	2.247462	0.191623	2	2	33	1418.567
-1.832596	2.407836	1.410646	15	13	143	1417.989
1.832596	2.299159	2.264663	102	1	140	1417.842
0.785398	2.588535	-2.976617	121	6	133	1416.817
2.617994	0.591903	2.010408	28	1	130	1416.766
1.047198	2.349581	-2.702517	120	3	128	1416.284
-2.094395	1.506530	1.988858	140	3	127	1416.137
1.832596	2.063651	-2.044600	139	18	12	1415.543
1.047198	2.138223	1.678323	103	10	136	1414.971
-0.785398	1.909857	-0.381669	1	1	122	1413.772
-0.785398	1.417623	-0.202254	8	11	25	1413.373
-2.617994	0.850607	-1.335383	130	123	5	1412.841
0.785398	0.961715	0.014085	131	7	21	1412.639
-0.785398	1.741644	-2.695914	118	18	119	1411.761
-0.785398	0.961715	0.014085	136	11	119	1411.680
-1.832596	2.138223	1.678323	10	9	138	1411.668
1.047198	1.870545	-2.976234	114	28	135	1409.393
-3.141593	1.683268	0.374177	15	127	27	1409.324
2.879793	0.370812	-2.547742	132	9	122	1409.198
-0.261799	2.881233	-2.582574	109	9	18	1408.619
1.570796	2.041297	-2.664597	3	21	3	1408.055
2.356194	1.256302	0.062705	10	122	22	1407.732
-2.356194	1.440580	2.260026	137	2	128	1406.916
-2.094395	1.218453	2.777284	143	140	123	1406.414
0.000000	1.875281	0.107086	3	8	31	1405.923
1.308997	2.033014	2.977192	112	19	133	1405.630
-1.832596	2.393226	1.857173	139	137	38	1405.522
0.261799	1.134796	2.434290	122	16	121	1405.109
-0.523599	1.134497	-1.109631	129	16	120	1404.808
-2.617994	2.349581	-2.702517	138	134	34	1403.766
1.308997	0.685216	-1.712745	135	1	117	1403.689
-2.094395	1.247695	1.809890	139	10	131	1403.094
-1.832596	1.301460	-0.509251	19	4	28	1401.639
1.047198	0.203748	0.590255	121	133	143	1401.388
0.523599	1.998705	2.370472	115	27	128	1400.423
-2.356194	1.982574	-1.115518	132	141	29	1399.817
-1.308997	0.899350	-2.069907	0	26	129	1399.660
1.308997	0.709924	0.218797	130	23	126	1399.479
-0.785398	0.866955	-0.931351	134	12	117	1399.297
1.308997	2.138223	1.678323	103	5	137	1399.155
-1.832596	1.555207	1.708892	143	10	129	1398.943
1.832596	2.153910	-1.714959	137	17	16	1398.889
0.785398	0.762244	-0.273349	13	12	122	1398.070
0.000000	2.588535	-2.976617	139	22	3	1397.510
-1.308997	1.699788	2.452890	0	7	129	1397.487
0.785398	2.001437	0.381215	102	7	5	1397.221
-0.261799	2.356369	3.005869	135	22	140	1396.911
-1.832596	2.073035	2.027405	143	2	131	1394.675
2.356194	1.869911	2.701025	4	143	135	1394.506
-0.261799	2.984978	1.954446	122	6	138	1394.172
-2.094395	1.510910	-0.740472	140	9	134	1392.938
2.617994	1.214854	-1.966664	106	135	135	1392.642
-0.261799	2.587733	0.232235	11	25	18	1391.422
2.356194	1.741644	-2.695914	1	9	141	1390.759
0.785398	2.033014	2.977192	117	29	133	1389.779
0.785398	1.504028	0.636812	19	29	3	1389.434
-1.570796	1.869911	2.701025	2	140	128	1389.157
-2.094395	2.108018	1.311430	14	12	2	1389.130
1.570796	2.251330	-2.330739	116	128	20	1388.511
0.785398	0.615174	-0.666022	5	23	137	1388.332
0.785398	1.448123	-2.163292	126	7	121	1388.265
0.261799	1.658653	-2.409879	122	6	119	1388.115
-1.047198	1.135834	-1.431087	2	14	121	1388.052
1.832596	1.391910	3.030322	142	132	130	1387.800
-1.832596	2.587733	0.232235	123	2	138	1386.851
0.523599	0.379747	-1.713059	4	140	16	1386.515
1.047198	2.033014	2.977192	112	26	133	1386.435
2.356194	1.683268	0.374177	140	139	30	1386.339
2.356194	1.824694	1.850876	143	11	6	1386.245
1.308997	0.961715	0.014085	135	27	127	1386.213
0.523599	1.948085	-2.363031	120	12	124	1386.156
-3.141593	1.721184	-0.153948	2	134	28	1386.124
-3.141593	0.733948	3.021411	139	9	130	1384.295
0.785398	2.881233	-2.582574	24	22	14	1384.161
0.523599	1.417623	-0.202254	0	8	26	1384.041
-1.570796	0.685216	-1.712745	135	22	124	1384.004
0.261799	2.579248	-2.364801	108	3	18	1383.618
-2.879793	2.349581	-2.702517	136	135	34	1383.272
1.047198	1.948085	-2.363031	4	8	128	1382.481
0.261799	2.041297	-2.664597	6	24	142	1382.221
2.094395	1.242974	-2.977882	1	137	126	1381.918
-1.047198	0.899350	-2.069907	133	24	128	1381.895
-2.094395	1.113094	-0.272241	27	140	23	1381.666
2.094395	1.736875	3.023612	115	134	25	1380.843
1.832596	2.456751	-1.503343	8	17	22	1379.495
0.000000	1.658653	-2.409879	118	9	119	1379.237
-2.094395	0.850607	-1.335383	123	13	116	1378.619
2.617994	1.218453	2.777284	122	1	123	1378.175
1.570796	2.979456	-1.009304	106	2	16	1378.089
-2.356194	0.571433	-1.188419	117	17	119	1377.838
-1.570796	1.413430	2.550734	141	3	125	1376.929
2.094395	2.138223	1.678323	141	14	4	1376.531
0.785398	1.450119	-2.739050	124	12	23	1375.867
1.047198	0.762244	-0.273349	11	13	122	1375.733
1.832596	0.709924	0.218797	125	20	126	1375.672
-0.523599	1.736875	3.023612	137	18	131	1375.291
2.094395	0.709924	0.218797	120	23	129	1375.111
2.879793	1.506530	1.988858	124	134	30	1375.063
1.570796	1.998705	2.370472	103	9	131	1373.882
0.523599	1.721184	-0.153948	1	3	30	1373.813
0.261799	1.741644	-2.695914	124	15	130	1372.660
-2.617994	1.256302	0.062705	135	1	125	1372.638
-0.785398	2.063651	-2.044600	0	30	7	1371.618
1.047198	1.374601	-2.456031	129	137	117	1370.042
1.047198	1.014500	0.906702	118	16	124	1369.976
0.523599	1.488617	1.159546	121	3	24	1369.904
0.785398	1.658653	-2.409879	123	16	130	1369.641
0.785398	1.599406	1.426070	119	140	23	1368.603
1.570796	2.704512	1.488683	131	127	18	1368.565
0.523599	1.335669	0.897240	125	19	127	1368.453
-0.523599	1.836682	-0.676006	142	9	118	1368.256
0.523599	0.418037	1.360082	124	133	142	1368.113
-1.308997	2.033014	2.977192	0	8	133	1367.906
-0.261799	0.615174	-0.666022	6	143	19	1367.772
-1.047198	1.433411	-1.035986	136	6	114	1367.307
2.356194	1.417623	-0.202254	9	126	28	1366.037
1.308997	1.450119	-2.739050	111	26	130	1365.445
-2.094395	0.618092	2.539118	139	9	126	1364.957
1.570796	1.756530	-2.105156	107	23	3	1364.762
-0.785398	0.370812	-2.547742	129	23	125	1364.751
-1.570796	0.080730	-2.622036	131	124	0	1362.869
2.617994	1.809167	1.213774	14	12	5	1362.746
0.785398	2.164094	-2.991358	137	127	28	1362.531
0.785398	1.194549	-0.801900	123	9	117	1361.585
-0.523599	2.396274	-1.959260	142	29	12	1361.537
-1.832596	0.571433	-1.188419	6	125	143	1361.198
0.261799	1.683268	0.374177	15	0	34	1361.179
-2.094395	1.574060	2.783565	6	136	129	1361.141
-0.261799	2.001437	0.381215	120	13	20	1361.121
-0.523599	2.579248	-2.364801	2	143	37	1361.113
-1.832596	0.591903	2.010408	139	13	130	1361.113
1.570796	1.948085	-2.363031	108	24	1	1361.085
1.832596	1.870545	-2.976234	142	12	140	1360.863
2.094395	0.619654	-2.216909	4	16	137	1360.707
-1.570796	1.699788	2.452890	1	3	129	1360.626
0.523599	1.195355	1.200319	125	22	128	1360.334
0.000000	1.812176	0.656819	130	15	129	1359.453
-3.141593	0.419640	2.974122	6	15	141	1358.016
-0.523599	0.640596	-2.797608	10	2	19	1357.776
-0.523599	1.696674	-1.253233	130	12	112	1357.465
-0.785398	1.050534	3.042579	23	139	128	1357.073
0.523599	1.194549	-0.801900	127	9	117	1357.023
1.570796	1.741644	-2.695914	106	23	136	1356.893
0.785398	1.367556	0.358405	1	28	135	1355.146
-1.832596	0.379747	-1.713059	1	25	130	1354.715
2.094395	1.545873	-1.877082	0	13	13	1354.686
-0.523599	1.194549	-0.801900	130	14	117	1354.399
2.356194	0.961715	0.014085	118	20	126	1352.951
-1.047198	1.413347	-1.339188	134	12	117	1352.724
-1.308997	1.135834	-1.431087	135	5	113	1352.137
-2.094395	0.685216	-1.712745	125	21	119	1351.734
-3.141593	0.297065	2.160177	123	17	121	1350.994
1.832596	1.846342	-1.796954	138	17	13	1350.863
-2.356194	1.766067	2.153843	137	0	128	1350.717
1.047198	1.545873	-1.877082	114	28	2	1350.568
0.523599	1.909857	-0.381669	137	28	129	1350.153
-0.785398	1.736875	3.023612	116	16	128	1350.135
0.523599	2.393226	1.857173	106	23	140	1350.041
-2.356194	2.089241	-0.114193	2	140	33	1348.774
-2.094395	2.579248	-2.364801	9	126	11	1348.186
1.308997	1.335669	0.897240	119	5	25	1347.963
0.000000	2.724429	-0.348782	128	129	14	1347.353
2.094395	0.929350	-2.910676	143	141	125	1347.038
1.308997	0.571433	-1.188419	3	21	135	1346.572
0.261799	1.050534	3.042579	12	8	126	1346.189
1.832596	0.379747	-1.713059	4	18	132	1345.035
2.356194	0.709924	0.218797	116	21	131	1344.941
0.523599	2.174483	2.653697	118	30	134	1344.878
1.308997	2.164094	-2.991358	110	26	140	1344.507
-1.832596	0.850607	-1.335383	1	15	120	1344.454
0.523599	1.256302	0.062705	2	24	128	1344.401
1.308997	2.979456	-1.009304	107	6	15	1344.036
-0.785398	1.128190	-2.288622	142	27	134	1343.957
1.308997	0.370812	-2.547742	122	23	128	1343.682
2.879793	0.615174	-0.666022	130	6	116	1343.544
-2.617994	2.455966	-0.641220	137	8	141	1342.766
0.261799	2.349581	-2.702517	6	24	3	1342.673
-2.094395	2.393226	1.857173	141	8	140	1342.526
1.570796	0.960688	-0.577532	128	135	23	1342.243
-2.617994	1.113094	-0.272241	7	124	21	1341.527
-1.047198	2.984978	1.954446	141	19	10	1341.090
-1.832596	2.592629	0.909713	114	3	139	1340.853
-2.879793	0.866955	-0.931351	120	14	115	1340.792
-1.308997	1.545873	-1.877082	133	25	127	1339.953
0.523599	2.001437	0.381215	142	3	32	1339.771
0.523599	2.089241	-0.114193	140	29	136	1339.751
0.261799	1.242974	-2.977882	12	14	130	1339.482
1.308997	1.184361	0.625864	133	28	139	1339.102
1.308997	1.488617	1.159546	120	1	27	1338.950
1.308997	1.870545	-2.976234	109	25	134	1338.708
-1.047198	2.299159	2.264663	0	12	137	1337.844
0.000000	1.870545	-2.976234	126	15	131	1337.772
-1.047198	1.836682	-0.676006	15	1	32	1337.495
-2.094395	0.992645	-1.723759	130	19	116	1336.925
0.261799	0.929350	-2.910676	143	143	127	1336.880
-2.094395	1.256302	0.062705	28	0	23	1336.871
-1.570796	2.478122	2.609777	2	12	38	1336.766
-0.523599	2.033014	2.977192	138	21	135	1336.381
1.570796	1.045978	0.343692	142	128	16	1336.352
2.356194	1.335669	0.897240	116	15	141	1335.637
-2.617994	1.194549	-0.801900	137	139	20	1335.208
1.832596	1.450119	-2.739050	111	134	18	1335.122
-1.570796	2.379497	0.561089	123	3	139	1334.978
-2.094395	1.909857	-0.381669	12	130	28	1334.959
-1.047198	1.113094	-0.272241	3	9	22	1334.805
0.261799	1.301460	-0.509251	132	9	117	1334.428
0.000000	1.662363	0.915448	116	10	8	1334.368
-1.308997	2.478122	2.609777	2	142	136	1333.868
-0.523599	2.174483	2.653697	131	143	37	1333.346
0.523599	2.349581	-2.702517	3	23	3	1332.705
-2.356194	2.724429	-0.348782	122	3	137	1332.370
1.308997	0.496451	0.593859	127	23	128	1332.336
2.879793	2.979456	-1.009304	121	6	137	1331.967
-1.047198	1.391910	3.030322	143	17	131	1331.555
-2.356194	1.134796	2.434290	7	3	128	1331.319
0.000000	1.374601	-2.456031	136	5	122	1331.164
0.261799	1.909857	-0.381669	141	25	128	1330.166
-1.570796	1.256302	0.062705	142	6	124	1329.797
1.570796	2.719179	-1.780644	14	21	18	1329.726
2.617994	1.736875	3.023612	123	140	129	1329.221
0.261799	2.881233	-2.582574	142	23	7	1328.371
0.785398	1.310100	1.488307	120	22	131	1328.081
2.617994	2.349581	-2.702517	135	139	34	1327.630
-0.261799	1.741644	-2.695914	121	17	127	1326.497
2.617994	0.080730	-2.622036	3	18	141	1325.398
-3.141593	2.073035	2.027405	124	0	132	1325.080
2.094395	1.574060	2.783565	106	7	126	1323.867
1.570796	0.866395	-2.492918	143	139	123	1323.074
2.094395	1.135813	-2.658866	105	14	127	1322.753
1.047198	0.899350	-2.069907	139	137	118	1322.329
-2.094395	1.301460	-0.509251	124	142	119	1322.292
1.832596	1.948085	-2.363031	105	20	2	1322.188
-2.879793	1.134497	-1.109631	133	129	22	1321.920
1.570796	1.569311	-3.003978	134	135	127	1321.915
-3.141593	1.301460	-0.509251	135	139	22	1321.832
-2.356194	1.875281	0.107086	0	135	31	1321.430
-0.785398	1.504028	0.636812	3	7	126	1321.085
-3.141593	0.618092	2.539118	119	11	120	1320.653
2.094395	1.658653	-2.409879	0	13	2	1320.108
1.047198	1.488617	1.159546	137	28	12	1320.055
-1.570796	2.073035	2.027405	0	7	133	1319.883
0.785398	2.356369	3.005869	117	29	140	1319.769
-1.308997	1.391910	3.030322	132	16	127	1319.733
-3.141593	1.194549	-0.801900	134	130	24	1319.662
0.785398	0.906588	1.252948	122	18	123	1319.451
-1.832596	1.506530	1.988858	142	7	127	1318.671
2.617994	2.979456	-1.009304	136	18	15	1318.391
1.047198	1.658653	-2.409879	116	30	139	1318.281
2.094395	0.866395	-2.492918	3	6	125	1318.270
-0.785398	1.554776	0.100351	4	15	24	1317.633
1.570796	1.554776	0.100351	138	136	27	1317.219
0.000000	2.251330	-2.330739	4	11	36	1316.812
-2.356194	0.297065	2.160177	4	16	2	1316.723
-3.141593	1.367556	0.358405	16	124	22	1316.669
-2.356194	0.615174	-0.666022	4	122	1	1316.536
1.832596	1.736875	3.023612	113	137	25	1315.623
-2.617994	0.571433	-1.188419	122	14	116	1315.455
1.047198	0.960688	-0.577532	0	15	118	1315.427
-0.785398	2.356369	3.005869	6	143	136	1314.740
-1.832596	1.809167	1.213774	7	15	4	1314.674
0.000000	0.700570	1.559208	125	136	0	1314.208
-0.261799	1.413430	2.550734	130	18	32	1313.543
-3.141593	2.664082	-1.071402	125	12	18	1313.503
-0.785398	1.872854	1.543456	127	10	125	1313.435
2.094395	1.741644	-2.695914	141	10	141	1313.334
-0.785398	1.569311	-3.003978	112	19	125	1313.198
1.570796	1.870545	-2.976234	112	18	133	1313.113
2.094395	2.153910	-1.714959	142	15	16	1313.105
-1.832596	0.914445	2.687814	139	16	132	1313.004
0.523599	2.073035	2.027405	141	28	137	1312.599
0.523599	2.404280	-0.174044	139	30	140	1312.372
-1.308997	0.914445	2.687814	136	24	136	1312.146
1.047198	1.741644	-2.695914	116	30	136	1312.074
-1.570796	0.831641	0.616218	136	15	121	1311.736
0.523599	0.899350	-2.069907	129	0	117	1311.726
0.000000	1.256302	0.062705	139	16	23	1311.657
2.356194	1.736875	3.023612	2	139	130	1311.651
-2.879793	0.914445	2.687814	128	1	121	1311.489
-2.094395	1.417623	-0.202254	20	4	26	1311.312
-2.879793	1.194549	-0.801900	134	137	20	1310.903
-2.617994	2.138223	1.678323	141	2	42	1310.567
0.000000	1.413430	2.550734	125	19	124	1310.290
1.047198	2.356369	3.005869	112	27	140	1310.181
0.785398	2.393226	1.857173	103	18	141	1309.754
1.832596	0.831641	0.616218	119	24	136	1309.582
-3.141593	2.104282	-0.813972	115	136	13	1309.197
0.523599	0.203748	0.590255	113	138	140	1309.149
-2.879793	2.356369	3.005869	6	17	131	1309.088
-2.356194	0.961715	0.014085	27	139	19	1308.858
2.879793	0.203748	0.590255	126	4	115	1308.827
1.047198	1.569311	-3.003978	126	13	24	1308.443
-0.261799	1.909857	-0.381669	2	12	123	1307.822
1.570796	0.762244	-0.273349	6	13	122	1307.792
1.308997	2.251330	-2.330739	134	23	8	1307.543
0.785398	2.138223	1.678323	103	17	137	1307.349
1.047198	2.719179	-1.780644	105	0	13	1307.271
2.094395	2.664082	-1.071402	6	15	23	1306.975
1.570796	1.658653	-2.409879	106	24	139	1306.785
1.570796	2.153910	-1.714959	3	20	18	1306.582
1.832596	2.393226	1.857173	102	139	141	1306.568
2.617994	0.929350	-2.910676	5	9	130	1305.624
2.879793	2.001437	0.381215	129	142	133	1305.292
0.000000	1.135813	-2.658866	2	5	125	1305.032
-1.308997	2.407836	1.410646	136	10	132	1303.850
-1.047198	1.617114	-1.572037	135	21	126	1303.684
0.000000	1.569311	-3.003978	110	7	126	1303.650
0.523599	1.658653	-2.409879	121	5	119	1303.373
0.785398	2.349581	-2.702517	18	27	8	1303.188
-2.617994	1.417623	-0.202254	0	133	26	1303.073
0.000000	2.041297	-2.664597	134	24	140	1302.160
1.308997	1.875281	0.107086	139	141	32	1302.031
-1.047198	1.367556	0.358405	0	10	125	1301.981
-2.356194	0.960688	-0.577532	22	134	22	1301.889
-1.047198	1.574060	2.783565	135	10	126	1301.708
1.308997	0.615174	-0.666022	123	8	115	1301.361
1.832596	0.458961	-0.107937	119	14	17	1301.278
-1.570796	1.135813	-2.658866	134	30	130	1300.955
0.523599	1.301460	-0.509251	143	16	119	1300.869
-2.356194	1.555207	1.708892	137	8	138	1300.614
-0.785398	1.367556	0.358405	142	15	126	1300.032
-2.356194	0.864993	2.278281	141	10	133	1299.800
-0.785398	1.721184	-0.153948	5	10	28	1299.701
0.523599	1.214854	-1.966664	134	140	116	1299.628
-2.356194	0.850607	-1.335383	130	15	117	1299.348
-1.832596	0.290380	-0.796960	133	8	118	1299.175
0.785398	2.719179	-1.780644	106	4	14	1298.847
-2.094395	0.762244	-0.273349	132	2	115	1298.306
2.094395	1.812176	0.656819	5	4	36	1298.247
0.785398	1.998705	2.370472	110	25	130	1297.950
-2.356194	1.417623	-0.202254	143	3	130	1297.003
-0.785398	1.134497	-1.109631	131	16	119	1296.955
2.094395	1.904882	-1.478089	6	11	17	1296.585
-2.617994	0.864993	2.278281	0	13	143	1296.351
-1.832596	2.404280	-0.174044	136	12	138	1296.237
-2.879793	1.721184	-0.153948	136	134	27	1295.942
-3.141593	0.960688	-0.577532	136	138	20	1295.857
-3.141593	2.379497	0.561089	136	5	139	1295.428
2.356194	1.658653	-2.409879	5	10	1	1295.393
0.523599	2.251330	-2.330739	136	10	35	1295.249
-1.570796	1.391910	3.030322	136	13	127	1295.177
0.523599	0.850607	-1.335383	131	2	113	1294.918
2.879793	2.724429	-0.348782	21	12	21	1294.546
-1.832596	0.762244	-0.273349	133	2	115	1294.439
-1.308997	1.242974	-2.977882	0	139	121	1294.201
-1.570796	1.574060	2.783565	136	15	131	1293.832
1.832596	2.664082	-1.071402	106	140	10	1293.748
2.356194	0.290380	-0.796960	120	130	5	1293.572
-2.879793	2.343981	-1.040456	115	132	7	1293.152
0.261799	0.418037	1.360082	125	132	2	1292.197
0.000000	2.349581	-2.702517	138	23	142	1291.965
0.785398	1.756530	-2.105156	123	11	123	1291.711
-1.832596	1.824694	1.850876	143	8	134	1291.568
2.356194	1.135813	-2.658866	138	12	140	1291.466
1.308997	0.850607	-1.335383	139	5	113	1291.059
-1.570796	2.760637	2.781135	13	134	36	1290.741
0.261799	2.393226	1.857173	110	26	140	1290.611
-1.047198	0.960688	-0.577532	138	20	129	1290.297
0.261799	0.700570	1.559208	126	135	143	1290.183
-1.832596	2.108018	1.311430	11	14	138	1290.148
2.617994	0.615174	-0.666022	133	6	116	1290.008
-1.308997	2.379497	0.561089	2	128	34	1289.663
2.356194	0.929350	-2.910676	142	14	134	1289.544
-0.785398	1.732874	-0.951685	136	6	113	1289.439
0.523599	0.960688	-0.577532	6	9	119	1289.315
-1.308997	1.325504	-1.671296	141	22	128	1288.518
-0.785398	2.033014	2.977192	1	10	133	1288.421
-0.785398	2.704512	1.488683	136	26	6	1287.855
1.570796	1.113094	-0.272241	130	25	122	1287.769
-1.832596	0.992645	-1.723759	128	18	117	1287.367
1.570796	1.135813	-2.658866	138	135	121	1286.712
0.785398	1.417623	-0.202254	3	18	122	1286.425
-1.308997	0.960688	-0.577532	140	17	127	1286.400
-1.308997	1.617114	-1.572037	136	20	123	1286.295
-2.617994	0.733948	3.021411	6	2	125	1286.237
1.308997	2.592629	0.909713	133	127	21	1286.107
-0.261799	1.218453	2.777284	132	14	121	1285.895
-2.356194	2.379497	0.561089	138	13	6	1285.890
-2.617994	0.419640	2.974122	136	11	125	1285.747
-0.523599	0.370812	-2.547742	9	2	19	1285.673
2.617994	1.756530	-2.105156	136	3	113	1285.226
0.261799	1.977582	0.969896	3	29	3	1285.192
1.308997	1.045978	0.343692	126	24	129	1285.123
-1.832596	2.719179	-1.780644	2	125	28	1285.100
0.785398	1.014500	0.906702	122	18	124	1284.389
0.000000	1.721184	-0.153948	1	7	29	1284.174
0.523599	1.554776	0.100351	4	7	29	1283.718
-2.617994	1.433411	-1.035986	134	134	23	1283.450
-2.617994	1.391910	3.030322	12	136	130	1282.861
-2.094395	0.458961	-0.107937	125	4	115	1282.819
-2.094395	1.699788	2.452890	141	140	128	1282.809
-1.308997	1.982574	-1.115518	137	5	114	1282.576
0.785398	1.875281	0.107086	141	25	129	1282.129
0.000000	1.699788	2.452890	123	19	129	1281.579
0.785398	1.242974	-2.977882	5	15	129	1280.936
-0.523599	1.741644	-2.695914	116	14	119	1280.931
-1.832596	1.417623	-0.202254	0	9	131	1280.797
-0.785398	0.866395	-2.492918	131	28	134	1280.594
1.308997	0.640596	-2.797608	23	17	135	1280.524
-2.356194	1.696674	-1.253233	132	134	23	1280.280
-2.356194	1.194549	-0.801900	125	0	115	1280.036
-0.261799	1.812176	0.656819	120	15	15	1279.916
-1.832596	2.041297	-2.664597	135	22	119	1279.444
1.832596	1.741644	-2.695914	142	14	141	1279.372
1.832596	1.998705	2.370472	103	4	132	1279.312
1.832596	1.113094	-0.272241	119	135	20	1279.310
-0.785398	1.135813	-2.658866	129	16	124	1279.274
-1.832596	2.174483	2.653697	2	136	133	1279.271
1.308997	1.194549	-0.801900	137	16	115	1278.970
2.879793	2.247462	0.191623	136	117	16	1278.792
-0.523599	0.864993	2.278281	123	8	118	1278.719
-0.261799	2.579248	-2.364801	6	5	38	1278.645
-1.047198	0.866395	-2.492918	143	30	136	1278.400
0.261799	1.948085	-2.363031	120	13	124	1278.131
-1.832596	1.135813	-2.658866	134	20	122	1277.758
-2.617994	2.174483	2.653697	125	143	134	1277.667
-0.523599	0.866955	-0.931351	126	11	115	1277.373
2.094395	1.134796	2.434290	112	129	14	1277.230
2.879793	0.080730	-2.622036	5	17	132	1276.923
-1.570796	2.456751	-1.503343	7	128	28	1276.891
-3.141593	1.134497	-1.109631	122	127	9	1276.449
-0.523599	1.135834	-1.431087	132	21	123	1276.363
0.785398	1.128190	-2.288622	131	142	119	1276.099
-1.308997	2.393226	1.857173	137	20	6	1276.055
-1.570796	2.407836	1.410646	3	18	16	1275.715
2.094395	1.617114	-1.572037	1	11	18	1275.558
-1.832596	1.256302	0.062705	24	0	23	1275.312
-1.047198	1.448123	-2.163292	142	29	138	1275.257
1.047198	1.554776	0.100351	139	26	129	1275.141
1.308997	1.504028	0.636812	133	28	141	1274.875
-0.261799	0.458961	-0.107937	125	10	116	1274.845
-2.617994	1.134497	-1.109631	120	12	113	1274.648
-0.523599	2.881233	-2.582574	6	140	39	1274.482
-2.617994	1.875281	0.107086	7	129	30	1274.234
0.261799	0.203748	0.590255	112	1	139	1274.216
-1.832596	2.379497	0.561089	117	0	138	1274.189
-0.785398	2.984978	1.954446	112	2	132	1274.146
-2.356194	2.138223	1.678323	143	133	36	1274.076
-2.879793	0.850607	-1.335383	124	126	3	1274.050
-2.879793	0.615174	-0.666022	141	17	125	1274.036
2.617994	1.194549	-0.801900	128	127	25	1273.992
-3.141593	1.113094	-0.272241	110	7	119	1273.942
1.047198	1.417623	-0.202254	141	141	27	1273.538
0.000000	1.732874	-0.951685	128	27	132	1273.208
-2.617994	1.301460	-0.509251	137	136	23	1273.017
-2.094395	1.555207	1.708892	0	8	130	1272.765
-1.308997	2.704512	1.488683	136	9	135	1272.476
-0.523599	1.135813	-2.658866	122	15	123	1272.346
-0.261799	0.709924	0.218797	127	15	120	1272.305
-2.094395	1.732874	-0.951685	133	137	20	1272.300
-2.879793	1.699788	2.452890	124	142	127	1271.809
2.094395	0.866955	-0.931351	7	2	120	1271.686
2.617994	1.545873	-1.877082	106	136	143	1271.603
-0.261799	1.184361	0.625864	125	7	14	1271.493
1.832596	2.108018	1.311430	140	15	1	1271.473
-0.785398	1.510910	-0.740472	0	4	118	1270.844
0.523599	1.812176	0.656819	103	14	143	1270.773
2.617994	1.325504	-1.671296	7	129	127	1270.444
0.523599	1.374601	-2.456031	128	1	121	1269.997
-0.261799	1.574060	2.783565	126	16	31	1269.984
-0.523599	2.356369	3.005869	22	9	142	1269.960
-3.141593	0.203748	0.590255	112	9	138	1269.032
1.832596	1.413347	-1.339188	134	8	28	1268.360
1.047198	2.001437	0.381215	16	9	34	1268.294
0.523599	1.310100	1.488307	124	23	131	1268.087
-2.617994	1.050534	3.042579	9	141	127	1267.982
-3.141593	1.756530	-2.105156	138	11	114	1267.948
0.785398	2.115563	0.685730	14	142	35	1267.879
-1.308997	0.700570	1.559208	139	19	133	1267.779
1.570796	1.194549	-0.801900	132	15	114	1267.088
-0.785398	1.325504	-1.671296	133	20	125	1266.955
-1.047198	1.301460	-0.509251	4	7	26	1266.142
0.000000	1.545873	-1.877082	122	11	115	1265.588
-0.785398	1.242974	-2.977882	129	16	126	1265.539
-1.308997	1.809167	1.213774	1	25	133	1264.892
-0.261799	2.393226	1.857173	133	28	141	1264.812
1.047198	2.863997	0.549740	1	125	27	1264.648
-0.523599	0.850607	-1.335383	124	14	118	1264.556
0.261799	0.850607	-1.335383	131	1	113	1264.126
-0.523599	1.433411	-1.035986	132	20	123	1263.889
-0.785398	2.108018	1.311430	126	13	129	1263.795
2.356194	0.864993	2.278281	22	142	129	1263.773
1.832596	1.448123	-2.163292	1	17	4	1263.754
-1.308997	0.850607	-1.335383	1	9	118	1263.301
0.785398	1.948085	-2.363031	120	10	125	1263.151
1.308997	1.766067	2.153843	107	11	125	1262.951
-2.617994	1.510910	-0.740472	119	0	114	1262.422
1.832596	2.979456	-1.009304	106	141	17	1262.374
1.308997	0.831641	0.616218	126	23	132	1262.350
1.308997	1.545873	-1.877082	109	25	2	1262.281
0.785398	1.869911	2.701025	115	26	127	1262.109
0.785398	1.606104	-0.451151	108	15	8	1261.796
-2.094395	1.982574	-1.115518	132	141	29	1261.353
1.308997	2.349581	-2.702517	113	26	3	1261.264
-1.570796	2.984978	1.954446	5	134	39	1261.262
-0.261799	0.850607	-1.335383	120	14	119	1261.215
-1.832596	1.699788	2.452890	2	143	129	1261.111
1.570796	1.599406	1.426070	126	126	136	1260.867
-1.047198	0.080730	-2.622036	143	29	138	1260.432
-0.523599	1.440580	2.260026	141	3	116	1260.046
2.617994	1.310100	1.488307	107	133	10	1260.010
2.094395	1.872854	1.543456	118	119	126	1259.947
-0.261799	0.290380	-0.796960	5	142	18	1259.376
0.000000	1.025536	1.576859	114	10	131	1259.238
0.785398	1.488617	1.159546	121	0	25	1258.609
-1.047198	0.615174	-0.666022	138	18	125	1258.475
-0.523599	1.413430	2.550734	130	15	122	1258.194
0.000000	2.478122	2.609777	113	5	134	1258.107
-0.261799	0.418037	1.360082	116	0	136	1257.722
-1.047198	2.664082	-1.071402	3	131	31	1257.710
-2.617994	0.960688	-0.577532	114	4	116	1257.600
2.617994	2.247462	0.191623	132	0	31	1257.568
2.356194	1.310100	1.488307	105	137	9	1257.344
-2.094395	2.033014	2.977192	8	132	137	1257.238
2.879793	1.301460	-0.509251	110	143	8	1257.224
-1.308997	1.869911	2.701025	2	143	128	1257.132
-0.261799	1.658653	-2.409879	119	12	119	1257.017
-2.617994	0.762244	-0.273349	14	143	21	1256.558
0.000000	2.379497	0.561089	3	1	34	1256.478
0.523599	2.579248	-2.364801	138	22	4	1256.197
-1.570796	0.914445	2.687814	16	27	141	1255.922
-2.094395	2.379497	0.561089	114	2	138	1255.849
2.094395	1.128190	-2.288622	1	14	142	1255.774
-3.141593	2.108018	1.311430	114	2	28	1255.511
-1.047198	2.138223	1.678323	134	8	126	1255.119
0.785398	2.478122	2.609777	109	26	142	1255.065
0.523599	1.045978	0.343692	118	6	15	1254.587
-3.141593	2.724429	-0.348782	132	14	14	1254.320
-2.879793	0.203748	0.590255	128	5	117	1254.308
-1.832596	1.488617	1.159546	21	17	6	1254.146
-1.308997	2.247462	0.191623	6	125	30	1253.504
0.785398	2.979456	-1.009304	121	4	34	1253.080
0.523599	1.128190	-2.288622	128	4	120	1252.827
-2.617994	2.343981	-1.040456	124	127	14	1252.556
-0.261799	2.349581	-2.702517	0	26	141	1252.419
-3.141593	1.948085	-2.363031	143	8	117	1251.908
2.879793	1.247695	1.809890	114	125	11	1251.606
-0.523599	1.045978	0.343692	133	17	123	1251.571
-2.879793	2.138223	1.678323	119	2	32	1251.445
1.047198	1.301460	-0.509251	138	20	119	1251.192
-2.617994	1.413430	2.550734	143	0	129	1251.096
1.308997	0.203748	0.590255	124	130	143	1250.490
-1.570796	2.115563	0.685730	136	26	1	1250.453
1.047198	1.732874	-0.951685	3	21	119	1250.206
-2.617994	0.379747	-1.713059	125	134	6	1249.889
2.356194	0.960688	-0.577532	128	124	22	1249.638
-2.094395	1.168678	2.108595	10	7	130	1249.561
0.000000	1.134796	2.434290	125	16	119	1249.266
0.523599	1.050534	3.042579	9	11	125	1249.115
-0.261799	1.504028	0.636812	129	0	20	1248.886
-2.094395	1.809167	1.213774	141	11	133	1248.290
-1.047198	2.104282	-0.813972	11	141	33	1248.048
-2.094395	0.961715	0.014085	0	7	126	1247.685
-1.308997	1.574060	2.783565	138	5	125	1247.594
0.261799	0.831641	0.616218	119	143	9	1247.582
-2.879793	2.041297	-2.664597	138	131	32	1247.482
0.000000	1.756530	-2.105156	123	13	118	1247.345
1.570796	2.349581	-2.702517	109	24	3	1247.243
-2.094395	2.356369	3.005869	143	13	33	1247.045
0.523599	0.906588	1.252948	126	19	123	1246.698
0.785398	1.977582	0.969896	103	10	142	1246.585
2.617994	0.458961	-0.107937	116	136	8	1246.338
-0.261799	2.863997	0.549740	108	11	13	1246.173
1.047198	0.591903	2.010408	129	8	116	1244.572
0.523599	1.135834	-1.431087	126	6	113	1244.093
2.094395	1.448123	-2.163292	140	15	7	1244.062
-1.047198	1.554776	0.100351	143	12	127	1244.050
1.308997	0.762244	-0.273349	7	15	122	1243.953
2.617994	1.045978	0.343692	20	121	14	1243.530
-1.308997	1.824694	1.850876	142	13	128	1243.030
-1.570796	2.174483	2.653697	9	142	135	1242.885
-2.356194	2.455966	-0.641220	136	9	141	1242.711
-2.094395	2.089241	-0.114193	1	142	33	1242.507
-2.356194	0.685216	-1.712745	134	22	121	1242.450
2.617994	1.555207	1.708892	111	131	15	1242.161
-1.832596	2.863997	0.549740	125	4	137	1241.621
-1.570796	1.301460	-0.509251	22	7	29	1241.363
1.047198	1.872854	1.543456	1	23	1	1241.321
2.356194	2.343981	-1.040456	18	12	18	1241.165
-3.141593	1.510910	-0.740472	107	143	2	1241.162
-3.141593	1.606104	-0.451151	141	135	27	1241.056
-2.094395	1.025536	1.576859	14	14	140	1240.837
-1.570796	2.704512	1.488683	4	19	7	1240.764
-0.785398	1.256302	0.062705	138	17	127	1240.524
-1.047198	1.909857	-0.381669	12	4	32	1240.365
-1.308997	1.301460	-0.509251	9	128	21	1240.140
0.785398	1.741644	-2.695914	126	10	27	1240.134
-1.832596	0.674054	1.013609	133	12	118	1239.845
1.570796	1.195355	1.200319	114	130	1	1239.775
1.570796	0.290380	-0.796960	109	143	0	1239.274
-0.523599	2.984978	1.954446	125	7	137	1239.202
1.047198	1.662363	0.915448	137	30	10	1238.916
-2.356194	2.073035	2.027405	136	0	131	1238.778
0.523599	1.025536	1.576859	124	21	127	1238.500
-1.308997	0.379747	-1.713059	135	16	120	1238.408
1.832596	1.242974	-2.977882	141	134	125	1238.291
0.523599	2.299159	2.264663	113	27	135	1238.181
0.261799	1.195355	1.200319	129	14	121	1237.830
-0.523599	0.831641	0.616218	132	14	120	1237.690
2.617994	1.554776	0.100351	7	129	27	1237.570
-1.570796	1.134497	-1.109631	7	10	121	1237.554
1.570796	0.685216	-1.712745	3	19	136	1237.461
2.879793	1.367556	0.358405	140	137	31	1237.322
-1.832596	1.510910	-0.740472	131	0	118	1236.933
-2.879793	0.961715	0.014085	6	123	19	1236.896
0.785398	1.301460	-0.509251	141	18	119	1236.722
2.879793	0.571433	-1.188419	122	131	6	1236.678
1.308997	2.356369	3.005869	108	23	140	1236.569
2.094395	1.977582	0.969896	120	20	143	1236.543
-1.832596	0.866955	-0.931351	23	136	21	1236.450
2.879793	2.760637	2.781135	109	1	138	1236.244
-3.141593	2.174483	2.653697	6	17	138	1236.232
-0.785398	2.299159	2.264663	137	22	7	1235.225
-2.617994	2.664082	-1.071402	122	130	15	1235.176
2.094395	0.618092	2.539118	24	4	129	1235.111
1.570796	1.025536	1.576859	114	3	118	1234.828
1.047198	1.875281	0.107086	137	2	32	1234.778
2.879793	2.455966	-0.641220	2	13	11	1234.740
-1.308997	1.367556	0.358405	0	136	31	1234.693
2.356194	1.045978	0.343692	115	19	133	1234.569
2.094395	1.909857	-0.381669	103	141	136	1234.155
-2.356194	1.732874	-0.951685	136	141	28	1234.140
-1.832596	2.115563	0.685730	117	1	141	1233.921
0.000000	2.760637	2.781135	25	25	10	1233.847
-0.785398	1.606104	-0.451151	141	143	119	1233.642
1.308997	2.174483	2.653697	109	15	134	1233.552
-0.261799	1.417623	-0.202254	5	0	25	1233.421
1.570796	0.709924	0.218797	130	19	125	1233.285
1.570796	0.419640	2.974122	28	12	133	1232.954
2.879793	1.128190	-2.288622	107	134	131	1232.868
0.523599	1.134796	2.434290	119	16	122	1232.755
-3.141593	2.033014	2.977192	7	14	134	1232.728
-1.308997	1.184361	0.625864	0	22	9	1232.430
-0.261799	0.419640	2.974122	130	26	129	1232.332
2.094395	2.343981	-1.040456	11	11	25	1232.078
0.261799	2.592629	0.909713	135	126	18	1231.904
0.785398	1.555207	1.708892	125	23	136	1231.836
1.308997	1.413347	-1.339188	6	9	115	1231.653
1.308997	1.824694	1.850876	105	6	128	1231.652
-1.047198	0.297065	2.160177	138	21	129	1231.607
-0.785398	2.478122	2.609777	22	10	141	1231.148
1.832596	1.569311	-3.003978	137	137	127	1230.843
-0.785398	2.979456	-1.009304	3	127	28	1230.349
-1.832596	2.579248	-2.364801	21	141	132	1230.340
-3.141593	0.866955	-0.931351	125	124	7	1230.122
0.523599	1.599406	1.426070	119	143	24	1229.842
-3.141593	1.168678	2.108595	128	128	27	1229.819
-2.879793	1.948085	-2.363031	142	11	117	1229.429
-0.523599	2.138223	1.678323	137	28	135	1228.995
-0.261799	0.866955	-0.931351	127	15	118	1228.768
1.570796	1.413347	-1.339188	116	4	112	1228.487
0.785398	1.721184	-0.153948	140	22	123	1228.215
-2.094395	1.194549	-0.801900	20	136	26	1228.118
-1.832596	1.599406	1.426070	2	14	134	1228.072
2.617994	1.168678	2.108595	21	136	131	1227.854
-0.261799	1.736875	3.023612	135	18	130	1227.845
-3.141593	1.025536	1.576859	34	134	134	1227.666
-1.832596	1.721184	-0.153948	3	127	27	1227.597
0.261799	1.374601	-2.456031	136	4	123	1227.017
0.523599	1.766067	2.153843	113	26	124	1226.858
1.832596	2.579248	-2.364801	122	4	133	1226.534
-0.523599	0.762244	-0.273349	125	28	138	1225.632
0.261799	2.104282	-0.813972	130	29	141	1225.256
1.832596	1.658653	-2.409879	2	18	3	1225.188
-1.832596	2.349581	-2.702517	140	21	120	1225.054
0.785398	2.073035	2.027405	111	16	131	1224.631
-1.308997	0.733948	3.021411	132	27	131	1224.547
0.261799	1.569311	-3.003978	11	18	134	1224.183
-2.094395	0.733948	3.021411	136	15	127	1223.462
-2.356194	2.407836	1.410646	140	7	141	1223.452
-1.832596	0.961715	0.014085	30	4	19	1223.425
2.094395	1.870545	-2.976234	129	7	137	1223.285
-1.832596	1.606104	-0.451151	5	127	24	1222.851
0.000000	2.089241	-0.114193	5	1	31	1222.760
0.785398	0.618092	2.539118	139	135	125	1222.327
-1.832596	0.458961	-0.107937	141	11	122	1222.277
-1.047198	1.045978	0.343692	141	8	120	1222.109
-1.308997	2.349581	-2.702517	10	131	1	1221.883
0.000000	1.301460	-0.509251	130	14	117	1221.822
0.000000	2.299159	2.264663	106	139	140	1221.753
-1.047198	2.637879	2.121598	11	18	0	1221.711
1.308997	2.664082	-1.071402	106	6	9	1221.593
1.047198	1.135834	-1.431087	137	20	26	1221.533
-1.047198	1.683268	0.374177	1	11	130	1221.505
0.000000	1.218453	2.777284	130	19	122	1221.486
-1.047198	1.325504	-1.671296	137	20	125	1221.465
0.000000	1.736875	3.023612	109	7	129	1221.427
1.047198	1.998705	2.370472	107	21	130	1221.301
2.879793	0.290380	-0.796960	121	22	120	1221.093
-2.094395	1.869911	2.701025	141	131	125	1220.891
2.617994	0.992645	-1.723759	107	134	133	1220.785
0.000000	1.574060	2.783565	127	18	127	1220.732
1.047198	2.180315	-1.357379	125	19	115	1220.540
-2.879793	0.960688	-0.577532	115	8	116	1220.298
-2.094395	1.721184	-0.153948	7	138	30	1219.589
1.308997	2.295480	1.008277	129	17	142	1219.431
2.356194	2.637879	2.121598	109	0	134	1219.210
-2.094395	2.174483	2.653697	0	131	133	1218.758
2.879793	2.478122	2.609777	109	143	136	1218.678
-2.617994	1.872854	1.543456	141	141	43	1218.627
-2.094395	2.299159	2.264663	1	10	41	1218.323
2.617994	1.301460	-0.509251	133	126	25	1218.261
-2.356194	1.367556	0.358405	28	143	22	1217.662
-2.094395	0.591903	2.010408	141	15	138	1217.660
-0.523599	2.407836	1.410646	17	142	38	1217.558
0.261799	1.824694	1.850876	110	0	2	1217.392
-1.832596	2.760637	2.781135	130	28	130	1217.218
2.094395	1.836682	-0.676006	130	2	27	1217.203
1.308997	2.719179	-1.780644	24	18	18	1217.074
0.261799	0.674054	1.013609	118	0	2	1217.055
1.308997	1.809167	1.213774	133	127	5	1216.961
0.000000	1.683268	0.374177	141	12	28	1216.801
0.785398	2.407836	1.410646	133	126	19	1216.710
0.523599	2.379497	0.561089	15	139	33	1216.498
2.356194	1.569311	-3.003978	3	8	138	1216.365
-2.094395	0.571433	-1.188419	20	126	12	1216.158
-2.094395	1.134796	2.434290	141	13	135	1216.144
-1.832596	2.164094	-2.991358	20	18	30	1215.799
1.047198	1.413347	-1.339188	5	8	115	1215.772
-0.261799	1.977582	0.969896	120	15	13	1215.525
-0.523599	0.929350	-2.910676	26	141	130	1215.452
-1.832596	0.080730	-2.622036	119	6	12	1215.383
-1.570796	1.872854	1.543456	7	16	129	1214.938
2.879793	1.766067	2.153843	140	10	143	1214.314
0.000000	1.113094	-0.272241	4	16	23	1214.162
-3.141593	1.736875	3.023612	123	138	131	1214.103
2.879793	0.591903	2.010408	28	2	130	1214.049
1.308997	1.448123	-2.163292	110	27	139	1213.684
-2.617994	2.247462	0.191623	140	139	32	1213.567
0.000000	0.418037	1.360082	117	140	136	1213.116
0.000000	2.881233	-2.582574	0	141	39	1213.111
-3.141593	1.214854	-1.966664	112	127	137	1213.079
0.000000	0.458961	-0.107937	123	11	117	1212.563
1.570796	2.063651	-2.044600	137	21	12	1212.506
-0.785398	1.301460	-0.509251	2	8	26	1212.394
2.879793	1.214854	-1.966664	109	130	135	1212.345
-2.879793	0.419640	2.974122	142	11	126	1212.237
-1.308997	2.588535	-2.976617	127	26	124	1212.024
0.785398	1.696674	-1.253233	18	16	21	1211.836
0.785398	0.591903	2.010408	124	23	127	1211.633
-1.570796	1.325504	-1.671296	142	23	130	1211.576
1.047198	1.766067	2.153843	107	18	125	1211.302
1.047198	2.984978	1.954446	120	15	137	1211.151
-2.879793	2.001437	0.381215	17	132	32	1211.054
-2.356194	0.080730	-2.622036	118	142	141	1210.587
2.879793	1.134497	-1.109631	128	124	26	1210.535
0.000000	1.184361	0.625864	139	16	123	1209.300
2.094395	1.218453	2.777284	109	10	121	1209.237
-0.523599	1.367556	0.358405	134	20	128	1209.202
0.261799	0.762244	-0.273349	0	10	119	1208.963
0.523599	2.881233	-2.582574	135	20	10	1208.914
-0.785398	1.374601	-2.456031	131	30	143	1208.899
1.832596	2.073035	2.027405	102	143	133	1208.535
0.523599	2.719179	-1.780644	108	10	13	1208.517
2.356194	1.050534	3.042579	120	10	124	1208.292
-1.832596	2.187132	-0.479875	13	137	34	1208.043
-0.261799	1.756530	-2.105156	124	13	117	1207.764
-0.261799	1.510910	-0.740472	134	25	128	1206.951
0.523599	2.587733	0.232235	24	28	9	1206.828
1.308997	0.866395	-2.492918	130	0	121	1206.714
-0.261799	1.450119	-2.739050	140	16	128	1206.117
1.832596	1.574060	2.783565	109	12	124	1205.313
-0.785398	2.588535	-2.976617	119	25	125	1205.311
2.617994	0.960688	-0.577532	120	20	118	1205.224
-0.261799	0.619654	-2.216909	3	26	133	1205.133
-1.047198	0.370812	-2.547742	142	29	138	1205.034
1.047198	0.618092	2.539118	9	142	121	1205.034
2.879793	0.762244	-0.273349	138	142	24	1204.979
-0.785398	0.571433	-1.188419	138	20	126	1204.953
1.832596	0.910508	1.903534	119	5	116	1204.890
-1.047198	1.488617	1.159546	136	25	124	1204.644
-0.523599	0.080730	-2.622036	124	20	122	1204.082
-1.308997	2.187132	-0.479875	125	9	22	1203.671
0.785398	1.325504	-1.671296	119	6	113	1203.646
1.570796	1.301460	-0.509251	129	21	118	1203.588
-0.785398	0.850607	-1.335383	133	15	119	1203.574
-2.879793	1.113094	-0.272241	14	139	24	1203.354
0.785398	1.184361	0.625864	139	30	138	1202.804
1.047198	1.812176	0.656819	100	2	142	1202.414
1.047198	1.736875	3.023612	117	132	29	1202.369
2.879793	0.640596	-2.797608	140	7	123	1202.130
2.094395	1.948085	-2.363031	139	131	31	1202.090
0.523599	1.977582	0.969896	104	15	142	1202.009
0.261799	1.504028	0.636812	114	4	9	1201.901
1.570796	1.846342	-1.796954	141	20	13	1201.773
-2.879793	1.998705	2.370472	124	0	131	1201.466
0.785398	1.824694	1.850876	106	18	127	1201.255
0.523599	2.295480	1.008277	139	1	35	1201.176
1.570796	1.128190	-2.288622	111	13	125	1201.120
1.570796	1.812176	0.656819	123	2	129	1200.962
1.308997	1.135834	-1.431087	123	3	111	1200.852
1.832596	2.041297	-2.664597	104	20	142	1200.700
2.879793	1.256302	0.062705	137	139	27	1200.629
-2.356194	1.301460	-0.509251	122	142	118	1200.615
0.785398	1.335669	0.897240	119	20	128	1200.503
2.617994	0.619654	-2.216909	1	19	125	1199.936
-3.141593	1.242974	-2.977882	121	141	126	1199.904
-1.832596	0.203748	0.590255	129	21	124	1199.672
1.047198	2.478122	2.609777	105	22	142	1199.644
2.356194	2.979456	-1.009304	20	18	19	1199.461
0.261799	1.812176	0.656819	12	31	2	1199.224
-0.523599	1.812176	0.656819	124	17	15	1198.581
0.523599	2.138223	1.678323	105	21	136	1198.435
1.832596	0.914445	2.687814	111	131	13	1198.237
-0.261799	1.721184	-0.153948	6	9	30	1198.018
2.356194	0.850607	-1.335383	7	140	120	1197.885
-0.523599	0.709924	0.218797	129	12	118	1197.640
1.570796	2.089241	-0.114193	127	141	33	1197.511
0.000000	1.510910	-0.740472	129	26	128	1197.389
-1.832596	1.766067	2.153843	143	5	132	1197.329
-2.356194	1.824694	1.850876	139	3	131	1196.860
-2.094395	2.455966	-0.641220	135	11	141	1196.761
1.308997	1.128190	-2.288622	135	138	117	1196.656
0.261799	1.870545	-2.976234	129	28	136	1196.504
-0.523599	1.721184	-0.153948	1	10	29	1196.058
0.261799	0.615174	-0.666022	0	2	117	1195.993
0.261799	1.256302	0.062705	139	12	25	1195.763
0.523599	1.391910	3.030322	11	16	129	1195.569
-1.570796	1.824694	1.850876	0	10	132	1195.533
-1.308997	1.696674	-1.253233	130	7	112	1195.478
2.094395	1.569311	-3.003978	142	138	126	1195.474
0.785398	2.455966	-0.641220	111	4	17	1195.151
0.261799	2.863997	0.549740	118	12	138	1195.083
1.570796	1.450119	-2.739050	136	138	124	1195.003
-1.308997	1.195355	1.200319	139	24	122	1194.698
-2.094395	0.418037	1.360082	125	19	121	1194.677
-2.094395	2.979456	-1.009304	131	120	12	1194.676
2.617994	1.998705	2.370472	142	137	40	1194.572
1.047198	0.992645	-1.723759	13	10	125	1194.557
-1.308997	2.637879	2.121598	22	9	142	1194.440
-3.141593	1.128190	-2.288622	110	129	131	1194.391
-2.879793	2.478122	2.609777	122	143	136	1193.863
-1.047198	1.606104	-0.451151	17	6	30	1193.625
-0.261799	2.115563	0.685730	120	14	18	1193.583
-0.523599	1.413347	-1.339188	134	24	126	1193.422
0.000000	0.906588	1.252948	114	3	132	1193.054
-0.261799	0.203748	0.590255	1	21	136	1192.857
1.047198	1.809167	1.213774	137	28	16	1192.840
-2.094395	2.863997	0.549740	114	4	135	1192.824
-2.879793	2.247462	0.191623	2	134	34	1192.661
1.047198	1.448123	-2.163292	115	30	139	1192.588
-3.141593	2.299159	2.264663	136	118	136	1192.244
-0.261799	2.760637	2.781135	3	17	143	1191.629
2.094395	0.080730	-2.622036	14	20	137	1191.348
-1.570796	2.041297	-2.664597	131	24	119	1191.123
-0.785398	1.617114	-1.572037	132	22	126	1190.959
-2.356194	2.299159	2.264663	138	133	130	1190.915
1.308997	1.846342	-1.796954	112	23	7	1190.556
1.570796	0.831641	0.616218	125	28	137	1190.461
1.832596	1.904882	-1.478089	6	14	17	1190.360
2.356194	1.374601	-2.456031	4	11	142	1190.292
-2.617994	1.134796	2.434290	1	8	134	1190.161
2.356194	1.242974	-2.977882	4	6	131	1190.159
1.047198	1.977582	0.969896	130	6	33	1189.978
0.523599	0.914445	2.687814	2	28	143	1189.896
-0.261799	2.637879	2.121598	114	129	27	1189.668
-3.141593	2.760637	2.781135	111	141	138	1189.307
-0.785398	0.831641	0.616218	136	15	120	1189.202
0.000000	0.960688	-0.577532	136	3	114	1189.061
-1.308997	1.050534	3.042579	133	27	133	1189.002
1.570796	2.881233	-2.582574	119	1	132	1188.738
-0.785398	1.335669	0.897240	135	25	126	1188.605
-1.308997	1.113094	-0.272241	7	7	22	1188.369
-2.879793	2.164094	-2.991358	8	130	34	1188.332
-2.094395	2.138223	1.678323	7	4	133	1188.211
2.094395	0.203748	0.590255	136	26	137	1188.062
2.094395	1.168678	2.108595	114	4	118	1187.765
-0.523599	1.504028	0.636812	0	11	127	1187.653
1.570796	1.617114	-1.572037	6	17	16	1187.242
-2.356194	2.984978	1.954446	112	11	18	1186.996
-3.141593	0.850607	-1.335383	120	127	3	1186.927
-0.261799	1.194549	-0.801900	126	15	117	1186.895
2.094395	2.478122	2.609777	29	138	36	1186.814
0.523599	2.478122	2.609777	117	29	140	1186.740
-1.832596	1.977582	0.969896	118	2	142	1186.509
-2.617994	1.824694	1.850876	137	5	139	1186.481
2.356194	1.809167	1.213774	118	17	3	1186.236
-2.094395	1.134497	-1.109631	128	5	114	1186.132
-2.879793	1.135834	-1.431087	126	133	16	1186.100
-1.308997	2.138223	1.678323	136	6	127	1185.759
0.523599	0.762244	-0.273349	8	24	1	1185.543
-1.570796	1.875281	0.107086	8	129	30	1185.180
-1.047198	1.218453	2.777284	133	9	121	1185.118
2.094395	1.335669	0.897240	118	18	140	1184.943
2.879793	1.824694	1.850876	136	9	0	1184.510
-1.047198	1.335669	0.897240	135	29	129	1184.484
0.785398	0.419640	2.974122	5	22	130	1184.188
1.570796	1.824694	1.850876	102	1	128	1184.106
-1.308997	1.256302	0.062705	18	18	23	1183.974
2.617994	0.864993	2.278281	22	141	129	1183.938
1.308997	0.297065	2.160177	140	126	1	1183.867
-0.785398	1.413347	-1.339188	0	18	126	1183.789
-2.879793	0.379747	-1.713059	132	21	119	1183.716
-2.094395	1.875281	0.107086	1	132	31	1183.601
1.832596	2.251330	-2.330739	118	124	18	1183.482
-2.356194	1.413347	-1.339188	142	121	27	1183.401
0.785398	1.506530	1.988858	111	17	120	1183.249
-1.832596	1.696674	-1.253233	133	10	115	1183.138
-2.356194	0.591903	2.010408	5	14	4	1182.892
2.879793	1.721184	-0.153948	143	133	28	1182.881
-2.617994	1.696674	-1.253233	125	136	16	1182.837
-1.832596	1.554776	0.100351	131	131	28	1182.591
-1.570796	0.615174	-0.666022	139	6	117	1182.280
-0.523599	0.914445	2.687814	20	30	10	1182.063
-0.785398	2.187132	-0.479875	3	5	124	1181.924
2.617994	0.762244	-0.273349	119	20	122	1181.563
-1.832596	1.194549	-0.801900	26	139	28	1181.243
-1.832596	1.247695	1.809890	139	11	127	1180.938
1.832596	0.850607	-1.335383	131	7	16	1180.932
2.094395	2.979456	-1.009304	27	16	17	1180.895
0.523599	1.741644	-2.695914	125	3	123	1180.817
-1.570796	0.418037	1.360082	29	16	12	1180.672
-0.261799	1.836682	-0.676006	141	12	118	1180.561
2.094395	1.247695	1.809890	110	2	22	1180.542
1.308997	2.396274	-1.959260	6	22	16	1180.527
-2.879793	2.089241	-0.114193	140	137	32	1180.469
1.832596	0.899350	-2.069907	2	18	139	1180.453
-1.570796	1.606104	-0.451151	8	128	23	1180.452
0.785398	1.809167	1.213774	142	29	16	1180.347
0.523599	2.343981	-1.040456	8	31	133	1180.097
2.356194	2.664082	-1.071402	2	15	9	1179.352
-0.523599	1.242974	-2.977882	28	1	133	1179.047
-1.832596	1.998705	2.370472	2	138	130	1178.987
1.308997	1.869911	2.701025	107	21	129	1178.894
-0.261799	0.960688	-0.577532	124	13	117	1178.796
-1.570796	2.033014	2.977192	3	11	34	1178.582
2.094395	1.134497	-1.109631	134	142	26	1178.396
-1.570796	1.977582	0.969896	119	1	143	1178.119
-1.832596	0.685216	-1.712745	2	23	124	1177.955
1.308997	0.619654	-2.216909	142	135	120	1177.907
1.308997	1.367556	0.358405	135	27	135	1177.726
0.000000	1.194549	-0.801900	139	17	122	1177.282
2.356194	2.108018	1.311430	122	143	131	1177.281
0.785398	0.674054	1.013609	6	28	139	1177.176
2.879793	1.569311	-3.003978	119	139	129	1177.076
1.047198	1.194549	-0.801900	126	4	26	1176.877
-0.785398	1.683268	0.374177	0	13	130	1176.563
-1.308997	1.606104	-0.451151	17	18	138	1176.035
2.094395	1.846342	-1.796954	137	14	13	1176.027
-1.047198	2.404280	-0.174044	16	121	23	1175.928
-2.879793	2.063651	-2.044600	137	5	113	1175.831
1.832596	1.869911	2.701025	104	10	130	1175.614
-2.879793	1.658653	-2.409879	141	17	119	1175.567
-3.141593	2.063651	-2.044600	136	3	113	1175.524
0.000000	0.615174	-0.666022	8	143	19	1175.510
1.832596	1.617114	-1.572037	4	14	18	1175.339
-1.308997	2.115563	0.685730	137	127	36	1175.327
1.832596	2.396274	-1.959260	6	19	12	1175.232
-2.879793	0.864993	2.278281	122	132	7	1175.123
1.047198	0.685216	-1.712745	16	5	124	1174.839
2.617994	0.290380	-0.796960	126	23	121	1173.999
1.047198	1.756530	-2.105156	7	11	126	1173.736
0.000000	1.413347	-1.339188	131	9	112	1173.735
0.261799	1.506530	1.988858	108	2	1	1173.429
2.094395	1.869911	2.701025	143	142	135	1173.333
-1.570796	2.187132	-0.479875	127	9	22	1173.320
0.261799	1.135834	-1.431087	135	13	123	1173.130
2.356194	1.113094	-0.272241	0	132	23	1173.114
1.570796	1.335669	0.897240	127	121	140	1172.983
2.094395	0.615174	-0.666022	108	135	129	1172.861
2.879793	2.379497	0.561089	112	137	21	1172.688
-2.879793	2.033014	2.977192	5	20	135	1172.496
-2.879793	1.440580	2.260026	141	9	140	1172.328
1.308997	1.247695	1.809890	141	21	140	1172.155
-2.356194	2.164094	-2.991358	10	135	34	1171.897
1.308997	0.290380	-0.796960	7	139	119	1171.857
0.523599	2.979456	-1.009304	122	6	34	1171.760
-0.523599	0.733948	3.021411	136	3	112	1171.750
0.523599	1.699788	2.452890	118	28	123	1171.610
0.000000	1.050534	3.042579	14	5	126	1171.489
0.785398	1.872854	1.543456	103	15	132	1171.486
1.308997	1.134497	-1.109631	124	9	112	1171.153
1.047198	0.419640	2.974122	130	15	121	1171.088
0.523599	0.866955	-0.931351	138	6	115	1170.781
2.617994	1.335669	0.897240	115	11	141	1170.462
0.261799	2.187132	-0.479875	139	27	130	1170.255
-0.261799	1.606104	-0.451151	2	10	122	1170.225
2.879793	1.433411	-1.035986	130	129	29	1170.109
0.000000	0.674054	1.013609	112	2	134	1170.078
0.523599	0.674054	1.013609	119	143	4	1169.979
0.261799	1.014500	0.906702	109	3	136	1169.900
-2.094395	1.977582	0.969896	1	14	138	1169.865
0.523599	1.367556	0.358405	126	6	23	1169.693
-1.570796	1.050534	3.042579	137	23	132	1169.441
-3.141593	0.914445	2.687814	127	2	122	1169.028
2.879793	2.664082	-1.071402	128	9	139	1168.938
-1.570796	1.168678	2.108595	130	2	119	1168.898
-0.785398	1.025536	1.576859	14	25	15	1168.785
1.047198	2.299159	2.264663	103	17	137	1168.264
-2.356194	1.256302	0.062705	26	140	24	1167.967
2.094395	0.496451	0.593859	126	141	115	1167.966
-1.308997	2.979456	-1.009304	127	10	140	1167.888
-1.570796	2.592629	0.909713	116	1	139	1167.798
1.570796	0.961715	0.014085	116	135	15	1167.728
0.261799	2.407836	1.410646	107	21	143	1167.490
-2.879793	2.592629	0.909713	136	5	140	1167.193
-2.094395	0.379747	-1.713059	132	128	0	1167.081
1.570796	1.134497	-1.109631	122	9	113	1166.950
-1.570796	2.349581	-2.702517	7	127	1	1166.851
-2.879793	0.866395	-2.492918	113	130	123	1166.824
-2.617994	2.164094	-2.991358	10	131	34	1166.675
1.832596	1.367556	0.358405	1	125	20	1166.583
0.000000	1.214854	-1.966664	127	2	114	1166.565
1.047198	0.290380	-0.796960	4	20	133	1166.311
-1.570796	0.297065	2.160177	135	14	126	1165.830
0.785398	1.545873	-1.877082	127	11	120	1165.599
1.832596	0.203748	0.590255	141	24	130	1165.461
2.094395	1.184361	0.625864	115	19	136	1165.074
-1.047198	0.864993	2.278281	136	24	139	1164.998
0.785398	2.295480	1.008277	137	1	35	1164.901
-1.047198	2.704512	1.488683	115	3	138	1164.852
0.261799	0.733948	3.021411	5	28	139	1164.771
1.570796	1.869911	2.701025	105	15	129	1164.483
-1.570796	0.458961	-0.107937	138	13	122	1164.341
1.570796	2.138223	1.678323	101	143	136	1164.286
1.047198	1.869911	2.701025	110	23	127	1164.230
0.000000	2.187132	-0.479875	1	23	130	1163.438
-2.094395	0.080730	-2.622036	122	131	0	1163.132
-2.879793	1.504028	0.636812	9	10	4	1163.112
0.261799	2.588535	-2.976617	132	17	138	1163.039
2.879793	1.510910	-0.740472	136	129	30	1162.922
-0.785398	2.881233	-2.582574	5	141	39	1162.821
1.570796	1.504028	0.636812	127	28	141	1162.742
-1.308997	0.619654	-2.216909	0	27	131	1162.734
-1.047198	2.881233	-2.582574	4	139	38	1162.405
-1.570796	1.510910	-0.740472	9	127	19	1162.359
0.261799	2.164094	-2.991358	132	13	134	1162.319
-2.617994	2.295480	1.008277	127	5	36	1162.248
0.000000	0.370812	-2.547742	141	21	126	1162.173
1.308997	1.721184	-0.153948	138	143	32	1161.788
-0.261799	1.599406	1.426070	130	25	127	1161.618
1.308997	1.195355	1.200319	0	16	132	1161.551
2.617994	1.256302	0.062705	116	130	9	1161.525
-1.832596	1.135834	-1.431087	141	20	125	1161.156
0.261799	1.194549	-0.801900	138	12	116	1160.984
0.523599	0.733948	3.021411	142	140	125	1160.676
-1.308997	1.417623	-0.202254	142	15	131	1160.496
-2.617994	0.080730	-2.622036	114	136	142	1160.391
-2.617994	1.413347	-1.339188	134	125	27	1160.279
-2.879793	1.050534	3.042579	12	143	128	1160.243
-0.785398	2.724429	-0.348782	135	21	12	1160.066
-0.785398	2.455966	-0.641220	127	12	135	1160.024
-2.094395	2.587733	0.232235	120	3	137	1160.015
2.094395	0.831641	0.616218	116	20	135	1159.747
-2.356194	2.704512	1.488683	119	27	140	1159.677
0.000000	1.391910	3.030322	130	19	125	1159.505
0.785398	1.699788	2.452890	113	25	123	1159.291
-1.308997	0.961715	0.014085	28	13	18	1159.288
-2.356194	1.045978	0.343692	30	143	18	1159.169
0.523599	2.187132	-0.479875	130	29	0	1159.168
-2.617994	2.579248	-2.364801	138	140	36	1159.106
-1.570796	1.417623	-0.202254	4	11	131	1159.056
2.094395	1.050534	3.042579	6	131	130	1158.946
-3.141593	1.256302	0.062705	1	126	23	1158.780
-1.832596	1.982574	-1.115518	139	5	117	1158.659
-2.879793	1.809167	1.213774	5	122	29	1158.630
-0.785398	1.812176	0.656819	4	8	131	1158.623
2.094395	1.450119	-2.739050	1	12	139	1158.480
-2.879793	2.637879	2.121598	125	133	27	1158.388
2.617994	0.961715	0.014085	8	125	19	1158.332
-1.832596	0.899350	-2.069907	129	25	121	1158.286
-2.617994	2.587733	0.232235	22	15	17	1158.260
2.617994	0.910508	1.903534	26	139	130	1158.066
1.047198	1.599406	1.426070	1	22	140	1157.630
-1.832596	0.960688	-0.577532	4	140	119	1157.239
0.261799	1.574060	2.783565	123	19	128	1157.213
-1.832596	1.134796	2.434290	125	7	122	1157.172
-3.141593	0.496451	0.593859	138	7	121	1156.999
-0.261799	1.301460	-0.509251	134	22	123	1156.969
-1.308997	0.762244	-0.273349	140	16	125	1156.657
-1.047198	1.510910	-0.740472	21	3	29	1156.651
-2.094395	0.910508	1.903534	143	12	136	1155.879
1.832596	1.766067	2.153843	106	4	129	1155.837
1.308997	1.872854	1.543456	143	20	1	1155.795
-1.570796	1.554776	0.100351	142	4	125	1155.679
1.570796	2.108018	1.311430	127	16	143	1155.622
0.785398	1.870545	-2.976234	135	129	28	1155.618
1.047198	0.615174	-0.666022	14	3	120	1155.402
-1.308997	1.506530	1.988858	137	7	121	1155.343
-2.094395	1.606104	-0.451151	18	3	30	1155.306
0.523599	0.961715	0.014085	128	10	19	1155.234
1.570796	1.256302	0.062705	137	135	23	1155.146
2.617994	1.134497	-1.109631	122	132	22	1155.093
-1.047198	0.831641	0.616218	143	13	121	1155.058
0.261799	1.662363	0.915448	114	2	1	1155.023
2.879793	0.685216	-1.712745	14	143	122	1154.992
1.047198	0.379747	-1.713059	142	135	118	1154.662
2.879793	2.863997	0.549740	109	142	16	1154.641
1.308997	0.906588	1.252948	4	29	12	1154.455
-0.523599	2.404280	-0.174044	127	12	135	1154.103
-2.617994	2.063651	-2.044600	12	11	6	1154.098
-1.308997	1.721184	-0.153948	1	13	132	1154.028
-2.356194	1.699788	2.452890	10	141	131	1154.010
-2.094395	1.872854	1.543456	17	9	137	1153.958
-1.047198	0.458961	-0.107937	135	8	116	1153.865
-1.308997	0.419640	2.974122	131	26	128	1153.846
2.617994	2.063651	-2.044600	131	141	113	1153.597
1.832596	0.961715	0.014085	140	129	19	1153.431
-2.879793	2.108018	1.311430	115	141	28	1153.413
0.523599	1.606104	-0.451151	4	5	30	1153.289
-1.308997	0.685216	-1.712745	140	18	122	1153.276
1.570796	1.374601	-2.456031	10	3	127	1152.621
-2.879793	0.591903	2.010408	124	14	117	1152.573
2.879793	1.168678	2.108595	124	129	27	1152.407
-2.879793	0.571433	-1.188419	128	14	116	1152.406
0.785398	0.850607	-1.335383	14	15	16	1152.311
-1.047198	1.134497	-1.109631	25	143	23	1152.205
0.523599	0.700570	1.559208	121	132	129	1152.200
1.047198	2.881233	-2.582574	134	12	141	1152.152
2.094395	0.290380	-0.796960	135	24	122	1152.014
-2.617994	1.870545	-2.976234	12	127	30	1151.994
-2.617994	2.704512	1.488683	38	141	9	1151.737
2.094395	1.809167	1.213774	121	18	2	1151.242
2.617994	2.187132	-0.479875	19	4	27	1151.202
0.523599	1.756530	-2.105156	124	11	120	1151.123
-1.308997	2.251330	-2.330739	135	18	115	1151.082
-0.785398	2.180315	-1.357379	8	27	136	1151.008
1.832596	1.135834	-1.431087	6	21	1	1150.906
1.308997	1.683268	0.374177	135	28	137	1150.842
0.785398	0.910508	1.903534	122	25	131	1150.742
-1.047198	1.128190	-2.288622	134	29	139	1150.579
1.308997	2.001437	0.381215	0	8	33	1150.282
-3.141593	1.741644	-2.695914	138	10	11	1150.269
-1.832596	2.033014	2.977192	20	15	34	1150.110
-0.523599	0.203748	0.590255	5	20	140	1150.016
-2.356194	0.379747	-1.713059	136	12	118	1149.800
-0.785398	1.135834	-1.431087	130	15	119	1149.184
0.000000	1.904882	-1.478089	16	8	39	1149.036
-2.356194	2.356369	3.005869	143	23	130	1148.824
-3.141593	2.138223	1.678323	30	133	1	1148.694
0.523599	0.618092	2.539118	139	134	124	1148.640
0.261799	1.836682	-0.676006	1	12	116	1148.601
-2.094395	1.135834	-1.431087	129	12	113	1148.247
1.832596	0.866395	-2.492918	138	142	121	1148.243
-3.141593	0.685216	-1.712745	118	133	7	1148.024
-2.094395	0.619654	-2.216909	130	29	127	1147.849
2.617994	1.367556	0.358405	113	15	134	1147.774
1.570796	0.418037	1.360082	126	2	115	1147.770
-0.261799	1.128190	-2.288622	0	1	122	1147.599
0.523599	0.419640	2.974122	140	22	129	1147.284
-1.570796	1.662363	0.915448	20	20	16	1147.043
1.570796	1.417623	-0.202254	137	138	28	1146.970
-2.356194	2.180315	-1.357379	126	141	29	1146.855
2.879793	0.733948	3.021411	139	12	129	1146.549
-2.617994	0.591903	2.010408	123	134	2	1146.397
2.879793	1.545873	-1.877082	129	11	112	1146.386
-1.047198	1.809167	1.213774	140	26	132	1146.129
1.832596	1.721184	-0.153948	124	137	29	1146.119
2.356194	1.998705	2.370472	142	141	40	1146.008
-0.523599	1.846342	-1.796954	6	136	11	1145.676
0.261799	1.606104	-0.451151	142	20	122	1145.667
-1.570796	1.721184	-0.153948	1	9	132	1145.485
0.523599	2.588535	-2.976617	120	140	29	1145.480
-1.570796	1.135834	-1.431087	138	20	125	1144.817
-3.141593	1.184361	0.625864	105	134	19	1144.769
0.000000	2.407836	1.410646	117	14	15	1144.715
1.047198	1.134497	-1.109631	120	5	116	1144.698
0.000000	1.045978	0.343692	119	16	123	1144.580
2.879793	1.554776	0.100351	138	141	29	1144.477
-2.094395	2.164094	-2.991358	139	24	125	1144.444
0.523599	2.407836	1.410646	114	2	15	1143.949
-2.356194	1.977582	0.969896	13	11	2	1143.862
-3.141593	0.571433	-1.188419	113	8	4	1143.835
-2.094395	1.736875	3.023612	8	133	133	1143.651
-1.047198	2.587733	0.232235	128	6	30	1143.119
-0.261799	1.335669	0.897240	127	19	124	1143.052
0.261799	1.214854	-1.966664	127	3	115	1142.949
-0.785398	2.637879	2.121598	13	21	3	1142.753
-0.523599	2.153910	-1.714959	7	134	11	1142.410
-1.832596	2.588535	-2.976617	141	24	125	1142.232
1.570796	1.367556	0.358405	138	133	22	1142.191
-0.785398	2.138223	1.678323	130	10	127	1141.986
-0.785398	2.349581	-2.702517	12	141	34	1141.741
2.094395	0.458961	-0.107937	128	19	124	1141.408
-1.308997	2.404280	-0.174044	8	128	27	1141.387
1.047198	0.297065	2.160177	119	20	124	1141.345
-0.261799	2.404280	-0.174044	125	13	135	1140.807
-0.523599	1.417623	-0.202254	6	7	25	1140.714
0.785398	2.108018	1.311430	104	9	135	1140.617
-0.785398	2.379497	0.561089	10	133	34	1140.262
-1.047198	1.413430	2.550734	139	7	122	1140.214
-2.617994	2.115563	0.685730	26	4	24	1140.130
-1.047198	0.961715	0.014085	17	21	18	1140.039
-2.617994	1.662363	0.915448	37	3	6	1139.709
1.308997	1.982574	-1.115518	129	20	115	1139.634
0.261799	2.138223	1.678323	118	139	22	1139.632
1.832596	1.417623	-0.202254	139	135	28	1139.502
1.047198	2.979456	-1.009304	110	9	17	1139.199
1.308997	1.025536	1.576859	0	20	134	1139.035
-1.047198	0.619654	-2.216909	131	25	128	1138.905
1.570796	0.929350	-2.910676	120	121	10	1138.653
2.617994	1.872854	1.543456	16	13	7	1138.615
-2.356194	1.134497	-1.109631	129	6	114	1138.311
2.617994	1.413347	-1.339188	123	131	30	1137.660
1.308997	2.299159	2.264663	103	12	137	1137.635
-1.047198	0.762244	-0.273349	138	10	118	1137.610
2.879793	2.295480	1.008277	130	143	133	1137.547
1.047198	0.709924	0.218797	135	25	127	1137.527
0.000000	2.115563	0.685730	7	29	4	1137.411
1.570796	0.850607	-1.335383	120	5	117	1137.352
0.523599	1.184361	0.625864	123	7	18	1137.055
1.570796	1.247695	1.809890	111	6	119	1136.784
-2.879793	0.992645	-1.723759	119	128	2	1136.709
-1.832596	1.050534	3.042579	0	15	129	1136.565
1.832596	0.419640	2.974122	25	14	133	1136.508
1.308997	1.417623	-0.202254	140	1	27	1136.383
1.308997	2.478122	2.609777	103	17	141	1136.067
-0.523599	2.187132	-0.479875	27	128	19	1135.964
-1.570796	1.310100	1.488307	13	19	142	1135.557
1.570796	2.456751	-1.503343	9	17	21	1135.455
1.047198	2.592629	0.909713	131	130	20	1135.414
1.308997	2.115563	0.685730	13	2	36	1135.377
-2.094395	1.662363	0.915448	30	6	20	1135.279
-0.785398	0.080730	-2.622036	125	24	137	1135.188
1.832596	1.374601	-2.456031	103	19	133	1135.071
-2.617994	1.741644	-2.695914	142	25	126	1134.862
-1.308997	0.618092	2.539118	137	23	133	1134.816
1.832596	1.872854	1.543456	102	142	141	1134.709
1.570796	1.184361	0.625864	109	12	123	1134.676
2.617994	1.812176	0.656819	135	143	35	1134.610
-1.832596	1.310100	1.488307	15	17	20	1134.574
-3.141593	2.719179	-1.780644	126	1	134	1134.411
-3.141593	1.658653	-2.409879	0	14	120	1134.369
1.308997	1.014500	0.906702	127	29	0	1134.319
-0.523599	2.455966	-0.641220	10	138	34	1134.272
-0.785398	1.574060	2.783565	131	12	127	1133.508
-1.308997	2.356369	3.005869	12	143	139	1133.492
1.047198	2.115563	0.685730	102	3	3	1133.468
2.879793	1.869911	2.701025	6	4	134	1133.446
-2.617994	1.554776	0.100351	2	134	31	1133.400
-1.832596	0.619654	-2.216909	124	31	128	1133.134
-2.879793	1.756530	-2.105156	135	12	113	1132.789
-2.617994	2.089241	-0.114193	137	139	30	1132.659
0.000000	1.869911	2.701025	126	19	131	1132.533
-2.356194	1.510910	-0.740472	120	142	114	1132.522
0.261799	0.961715	0.014085	4	16	123	1132.010
-2.879793	2.456751	-1.503343	125	5	136	1131.983
2.094395	2.180315	-1.357379	10	12	20	1131.978
0.000000	2.164094	-2.991358	123	17	133	1131.875
0.000000	1.488617	1.159546	129	19	126	1131.748
2.356194	2.174483	2.653697	2	131	38	1131.707
-1.047198	1.662363	0.915448	1	5	31	1131.661
2.094395	0.960688	-0.577532	137	136	22	1131.352
-0.261799	2.478122	2.609777	116	7	133	1131.234
1.308997	1.736875	3.023612	109	22	127	1131.231
2.879793	1.741644	-2.695914	105	142	136	1131.038
-1.308997	1.569311	-3.003978	142	12	128	1130.804
-3.141593	0.615174	-0.666022	117	12	116	1130.770
-1.832596	1.574060	2.783565	3	140	127	1130.762
1.570796	2.579248	-2.364801	121	6	132	1130.653
1.308997	0.591903	2.010408	136	124	16	1130.615
1.047198	1.450119	-2.739050	117	29	129	1130.594
-3.141593	1.413430	2.550734	7	138	128	1130.491
-2.094395	2.187132	-0.479875	140	140	35	1130.423
-2.094395	2.664082	-1.071402	16	6	142	1130.162
-0.261799	0.591903	2.010408	130	133	0	1130.076
-0.785398	0.960688	-0.577532	132	9	115	1129.778
0.261799	2.478122	2.609777	121	27	139	1129.708
-3.141593	2.001437	0.381215	15	130	32	1129.301
-1.308997	2.760637	2.781135	120	28	130	1129.285
2.617994	2.881233	-2.582574	128	4	136	1129.202
-2.617994	1.699788	2.452890	142	142	130	1129.084
2.094395	1.998705	2.370472	137	139	133	1129.060
-2.879793	1.869911	2.701025	121	141	130	1129.034
-1.308997	2.164094	-2.991358	138	24	27	1128.866
-1.832596	0.618092	2.539118	19	25	142	1128.445
2.879793	1.599406	1.426070	130	10	3	1127.974
1.047198	1.325504	-1.671296	8	14	126	1127.576
-1.832596	0.929350	-2.910676	137	23	127	1127.364
-3.141593	0.866395	-2.492918	111	133	124	1127.231
-1.832596	1.367556	0.358405	33	6	21	1127.215
-1.047198	1.050534	3.042579	143	1	116	1126.916
-2.879793	2.588535	-2.976617	4	135	38	1126.892
2.617994	1.488617	1.159546	133	10	2	1126.594
2.617994	1.242974	-2.977882	140	143	124	1126.578
0.785398	2.153910	-1.714959	24	19	20	1126.374
0.261799	1.488617	1.159546	122	4	24	1126.048
1.308997	1.554776	0.100351	139	139	28	1126.018
0.785398	0.831641	0.616218	135	27	133	1125.871
0.000000	1.555207	1.708892	114	15	133	1125.643
-1.570796	2.295480	1.008277	117	2	141	1125.561
0.000000	2.033014	2.977192	105	5	130	1125.512
-2.879793	1.195355	1.200319	117	135	130	1125.294
1.570796	0.866955	-0.931351	132	6	20	1125.088
-2.356194	1.998705	2.370472	13	5	41	1125.015
0.000000	0.762244	-0.273349	3	5	22	1124.972
0.000000	2.063651	-2.044600	1	14	33	1124.646
-1.308997	1.214854	-1.966664	138	27	134	1124.438
0.523599	1.433411	-1.035986	136	11	114	1124.226
0.261799	0.419640	2.974122	0	133	126	1124.161
-0.261799	2.187132	-0.479875	25	22	134	1123.884
-0.785398	1.696674	-1.253233	131	11	112	1123.560
-2.879793	1.391910	3.030322	120	134	123	1123.518
1.832596	1.134796	2.434290	110	133	13	1123.460
-3.141593	2.295480	1.008277	133	1	136	1123.432
2.879793	1.113094	-0.272241	9	127	25	1123.225
-2.879793	2.251330	-2.330739	139	135	35	1123.187
1.047198	1.696674	-1.253233	14	16	21	1123.085
-2.094395	1.696674	-1.253233	122	134	2	1122.851
0.000000	0.290380	-0.796960	121	26	132	1122.646
-0.785398	0.618092	2.539118	131	29	135	1122.409
0.523599	2.164094	-2.991358	117	141	29	1122.118
-0.523599	2.089241	-0.114193	5	2	126	1122.092
-2.094395	0.290380	-0.796960	132	11	118	1121.986
0.523599	1.510910	-0.740472	2	8	114	1121.850
0.000000	1.504028	0.636812	4	25	134	1121.827
-1.832596	0.910508	1.903534	129	3	115	1121.711
1.308997	2.063651	-2.044600	115	24	7	1121.475
-1.832596	2.979456	-1.009304	110	5	17	1121.472
0.523599	1.325504	-1.671296	135	1	113	1121.433
-1.832596	0.906588	1.252948	135	11	117	1121.285
-1.047198	1.904882	-1.478089	24	134	26	1121.284
0.000000	1.367556	0.358405	120	19	126	1121.215
-2.879793	1.488617	1.159546	117	133	131	1120.944
2.617994	1.875281	0.107086	9	133	31	1120.844
-3.141593	1.448123	-2.163292	139	18	116	1120.825
2.879793	0.866955	-0.931351	120	127	5	1120.779
-2.617994	0.992645	-1.723759	126	137	13	1120.675
1.832596	0.992645	-1.723759	133	14	15	1120.408
2.879793	1.683268	0.374177	141	141	33	1120.270
0.523599	0.297065	2.160177	140	28	2	1120.199
1.570796	1.448123	-2.163292	12	9	127	1120.135
2.356194	2.251330	-2.330739	139	138	36	1120.130
-2.879793	2.407836	1.410646	132	3	136	1120.024
-2.094395	1.617114	-1.572037	142	122	28	1119.973
-2.356194	0.709924	0.218797	122	0	117	1119.840
-2.879793	1.374601	-2.456031	141	23	123	1119.839
2.879793	0.906588	1.252948	139	118	10	1119.543
0.261799	0.640596	-2.797608	1	26	138	1119.516
-2.879793	1.741644	-2.695914	141	132	30	1119.510
-1.308997	1.194549	-0.801900	27	4	28	1119.493
-2.094395	2.984978	1.954446	127	143	37	1119.354
-1.047198	1.569311	-3.003978	139	10	127	1119.204
-2.879793	0.831641	0.616218	117	142	120	1119.171
1.570796	1.736875	3.023612	105	16	127	1118.965
-2.356194	2.349581	-2.702517	24	141	131	1118.816
-0.523599	1.128190	-2.288622	140	142	120	1118.740
-1.308997	1.135813	-2.658866	128	31	131	1118.521
-0.523599	2.001437	0.381215	123	15	20	1118.310
0.261799	1.134497	-1.109631	132	8	113	1118.300
1.308997	1.617114	-1.572037	109	22	7	1118.180
-1.047198	0.850607	-1.335383	134	12	117	1117.680
-2.356194	2.187132	-0.479875	140	139	35	1117.565
2.879793	2.104282	-0.813972	113	138	13	1117.397
0.261799	0.914445	2.687814	7	3	121	1117.375
-1.308997	0.290380	-0.796960	137	12	119	1117.176
0.523599	1.545873	-1.877082	23	26	7	1117.128
0.785398	0.571433	-1.188419	21	8	123	1117.033
-3.141593	1.506530	1.988858	126	132	30	1116.941
-0.785398	1.982574	-1.115518	137	13	115	1116.878
1.047198	1.135813	-2.658866	125	141	119	1116.311
0.785398	2.379497	0.561089	20	29	13	1116.273
-0.523599	1.050534	3.042579	23	143	128	1116.137
1.832596	1.824694	1.850876	11	0	46	1115.901
2.094395	2.115563	0.685730	119	1	130	1115.869
0.000000	1.948085	-2.363031	119	10	115	1115.832
2.094395	2.108018	1.311430	120	1	130	1115.828
-0.261799	2.588535	-2.976617	136	25	4	1115.750
2.356194	1.134497	-1.109631	118	18	140	1115.479
-1.308997	1.904882	-1.478089	22	132	26	1115.424
-3.141593	0.379747	-1.713059	119	129	6	1115.331
2.879793	1.836682	-0.676006	114	135	13	1115.297
0.523599	1.134497	-1.109631	124	23	25	1115.266
-0.261799	1.545873	-1.877082	127	7	112	1115.141
0.523599	0.831641	0.616218	117	141	8	1115.118
-2.617994	1.998705	2.370472	14	3	41	1115.090
1.832596	2.180315	-1.357379	4	14	21	1115.090
2.617994	0.831641	0.616218	17	121	9	1114.870
0.000000	1.433411	-1.035986	131	23	126	1114.634
-0.523599	1.683268	0.374177	5	4	29	1114.604
-1.308997	0.418037	1.360082	138	19	133	1114.436
-2.617994	2.863997	0.549740	134	15	138	1114.030
-2.879793	0.290380	-0.796960	142	23	128	1114.014
0.785398	1.413347	-1.339188	136	7	113	1113.946
1.308997	1.696674	-1.253233	7	24	143	1113.941
-1.308997	0.615174	-0.666022	137	15	122	1113.658
1.832596	2.174483	2.653697	102	7	136	1113.214
-1.570796	1.045978	0.343692	19	17	16	1113.174
-2.879793	2.393226	1.857173	134	24	142	1112.742
1.047198	2.153910	-1.714959	121	13	114	1112.679
2.879793	1.732874	-0.951685	114	136	9	1112.649
1.570796	0.203748	0.590255	132	18	120	1112.589
-2.094395	2.115563	0.685730	114	3	141	1112.567
-0.523599	2.724429	-0.348782	127	12	138	1112.427
2.356194	2.349581	-2.702517	126	6	138	1112.390
0.523599	2.063651	-2.044600	129	23	0	1112.348
0.785398	2.396274	-1.959260	143	23	12	1112.277
-1.832596	2.299159	2.264663	135	7	135	1112.149
-0.785398	2.393226	1.857173	131	9	130	1112.136
1.832596	1.504028	0.636812	123	27	141	1112.062
-2.356194	2.393226	1.857173	134	2	134	1112.054
0.000000	1.998705	2.370472	105	141	139	1111.854
2.094395	1.756530	-2.105156	143	17	13	1111.838
2.617994	1.113094	-0.272241	3	128	23	1111.349
1.570796	0.700570	1.559208	119	3	117	1111.281
-0.785398	1.433411	-1.035986	129	2	112	1111.271
-0.261799	2.379497	0.561089	7	143	33	1111.185
0.785398	2.180315	-1.357379	24	12	24	1111.152
0.000000	1.606104	-0.451151	12	28	133	1110.576
0.261799	1.756530	-2.105156	125	4	112	1110.556
2.617994	1.448123	-2.163292	141	9	114	1110.222
-1.570796	0.571433	-1.188419	138	5	115	1110.208
-1.570796	0.733948	3.021411	136	24	131	1110.070
-0.261799	1.809167	1.213774	116	13	137	1109.829
1.570796	0.674054	1.013609	122	1	116	1109.804
0.523599	2.592629	0.909713	118	12	134	1109.789
-1.832596	0.709924	0.218797	142	10	122	1109.783
1.832596	0.290380	-0.796960	111	136	1	1109.724
-2.617994	0.619654	-2.216909	138	22	122	1109.685
-0.261799	0.640596	-2.797608	124	26	131	1109.572
-1.308997	0.910508	1.903534	17	19	137	1109.556
-1.308997	1.909857	-0.381669	11	131	25	1109.386
2.094395	1.699788	2.452890	3	140	39	1109.228
-0.523599	2.349581	-2.702517	4	140	141	1109.193
-2.879793	1.413347	-1.339188	119	138	6	1109.123
-1.047198	0.379747	-1.713059	133	17	120	1109.012
-0.785398	1.869911	2.701025	140	26	143	1108.912
0.523599	2.247462	0.191623	106	8	11	1108.749
1.570796	2.164094	-2.991358	106	22	140	1108.537
-2.879793	2.664082	-1.071402	134	9	141	1108.431
0.000000	1.335669	0.897240	131	25	127	1108.299
-1.832596	0.831641	0.616218	30	11	9	1108.206
-0.261799	1.683268	0.374177	125	18	130	1108.104
-1.308997	1.450119	-2.739050	119	23	122	1108.027
1.570796	2.478122	2.609777	102	11	141	1108.015
-0.261799	0.618092	2.539118	3	30	140	1107.936
-0.261799	2.455966	-0.641220	123	0	35	1107.750
-1.308997	2.001437	0.381215	0	140	32	1107.738
0.261799	1.599406	1.426070	119	1	24	1107.701
1.047198	1.214854	-1.966664	136	142	116	1107.589
-2.356194	1.218453	2.777284	4	141	126	1107.567
-1.308997	1.045978	0.343692	17	20	16	1107.406
-0.523599	1.869911	2.701025	112	12	133	1107.155
2.879793	2.138223	1.678323	26	130	0	1107.034
1.047198	0.370812	-2.547742	2	141	17	1106.955
-0.261799	1.391910	3.030322	113	11	128	1106.396
2.356194	1.948085	-2.363031	0	129	31	1106.320
-0.261799	1.310100	1.488307	116	15	132	1105.966
-3.141593	1.325504	-1.671296	113	126	142	1105.843
2.617994	2.115563	0.685730	133	2	137	1105.786
2.879793	1.998705	2.370472	117	128	18	1105.712
-0.523599	0.297065	2.160177	119	9	16	1105.596
-3.141593	1.247695	1.809890	113	133	138	1105.584
-1.047198	2.251330	-2.330739	10	133	3	1105.543
-1.570796	1.413347	-1.339188	4	123	6	1105.293
2.879793	1.242974	-2.977882	118	142	126	1105.284
0.785398	2.251330	-2.330739	137	6	36	1104.983
0.785398	1.045978	0.343692	18	29	137	1104.860
-3.141593	1.872854	1.543456	1	127	33	1104.847
-1.047198	0.618092	2.539118	134	26	135	1104.680
2.879793	2.041297	-2.664597	135	132	32	1104.346
0.261799	2.299159	2.264663	116	30	136	1104.340
1.308997	2.187132	-0.479875	17	21	20	1104.251
-1.570796	2.138223	1.678323	10	14	134	1104.148
-1.308997	0.591903	2.010408	143	25	4	1104.025
-2.094395	2.637879	2.121598	124	28	137	1103.978
-0.261799	1.168678	2.108595	120	11	125	1103.960
-1.832596	1.504028	0.636812	38	21	143	1103.604
0.261799	2.396274	-1.959260	142	9	37	1103.568
-2.879793	1.836682	-0.676006	108	135	2	1103.477
-0.523599	1.113094	-0.272241	125	29	0	1103.290
-1.308997	2.724429	-0.348782	130	126	15	1103.195
-2.094395	1.367556	0.358405	30	3	22	1103.174
0.785398	0.496451	0.593859	118	135	5	1103.165
2.094395	1.982574	-1.115518	8	10	22	1103.152
-2.094395	0.864993	2.278281	3	8	128	1102.939
-2.879793	1.574060	2.783565	8	135	130	1102.895
-1.832596	2.478122	2.609777	127	28	134	1102.890
1.570796	1.875281	0.107086	123	138	29	1102.847
1.308997	2.579248	-2.364801	117	132	24	1102.790
2.617994	1.662363	0.915448	116	14	141	1102.690
-1.570796	1.909857	-0.381669	10	128	25	1102.679
-1.308997	0.866955	-0.931351	31	0	21	1102.669
0.000000	1.450119	-2.739050	140	6	125	1102.588
1.570796	1.218453	2.777284	132	2	124	1102.576
-0.261799	1.256302	0.062705	136	18	122	1102.502
-2.879793	1.872854	1.543456	35	137	142	1102.461
2.356194	1.982574	-1.115518	3	9	22	1102.437
0.000000	1.982574	-1.115518	127	29	138	1102.410
-2.879793	2.760637	2.781135	133	119	3	1102.300
-1.047198	1.506530	1.988858	137	10	123	1102.203
2.879793	1.875281	0.107086	130	141	132	1102.121
-2.879793	0.496451	0.593859	115	5	118	1102.073
1.047198	1.904882	-1.478089	126	20	127	1101.861
1.047198	2.379497	0.561089	137	129	24	1101.848
-1.047198	2.164094	-2.991358	38	5	0	1101.831
-3.141593	1.836682	-0.676006	115	139	16	1101.690
2.094395	2.456751	-1.503343	5	15	13	1101.598
2.356194	1.504028	0.636812	141	135	29	1101.468
2.356194	0.762244	-0.273349	142	15	124	1101.464
2.094395	1.194549	-0.801900	136	138	26	1101.463
0.785398	0.914445	2.687814	0	26	143	1101.357
2.094395	0.910508	1.903534	120	4	117	1101.350
-1.308997	0.709924	0.218797	140	7	118	1101.155
1.308997	1.599406	1.426070	143	19	141	1101.126
1.832596	0.618092	2.539118	25	4	129	1101.078
1.308997	0.992645	-1.723759	129	1	114	1100.924
0.000000	2.719179	-1.780644	124	32	137	1100.699
2.356194	0.458961	-0.107937	142	20	126	1100.531
-2.094395	1.045978	0.343692	31	3	17	1100.445
-1.308997	1.948085	-2.363031	129	18	115	1100.438
1.308997	1.998705	2.370472	105	15	130	1100.421
0.261799	0.992645	-1.723759	129	3	115	1100.372
-1.832596	1.214854	-1.966664	133	20	116	1100.367
1.832596	1.554776	0.100351	142	131	27	1100.335
2.356194	0.615174	-0.666022	135	4	115	1100.121
-1.832596	1.045978	0.343692	21	13	16	1099.873
0.523599	1.732874	-0.951685	135	17	114	1099.850
-1.047198	1.555207	1.708892	10	22	22	1099.764
-0.261799	1.696674	-1.253233	133	22	128	1099.702
0.261799	1.025536	1.576859	111	7	131	1099.602
-1.308997	1.488617	1.159546	1	12	26	1099.419
-1.047198	0.906588	1.252948	17	20	19	1099.295
-0.261799	1.440580	2.260026	124	16	124	1099.165
2.094395	1.325504	-1.671296	136	11	17	1099.164
-1.570796	0.203748	0.590255	125	22	124	1099.127
-1.047198	1.504028	0.636812	5	1	126	1098.971
-1.308997	0.458961	-0.107937	135	15	121	1098.893
1.832596	0.615174	-0.666022	10	9	120	1098.805
-0.785398	2.001437	0.381215	134	17	132	1098.753
1.570796	2.356369	3.005869	110	16	137	1098.705
1.570796	0.080730	-2.622036	123	22	127	1098.584
-2.879793	2.073035	2.027405	135	18	142	1098.352
2.094395	1.488617	1.159546	117	18	2	1098.336
-3.141593	1.766067	2.153843	138	9	140	1098.297
-0.785398	1.846342	-1.796954	131	27	132	1098.221
1.308997	0.866955	-0.931351	124	5	21	1098.188
-1.047198	0.571433	-1.188419	15	22	132	1098.032
-0.785398	2.343981	-1.040456	25	24	137	1097.996
-1.570796	1.242974	-2.977882	137	7	122	1097.973
-1.047198	2.001437	0.381215	139	10	29	1097.950
2.094395	1.301460	-0.509251	133	138	24	1097.850
2.356194	2.984978	1.954446	141	121	22	1097.793
0.785398	0.458961	-0.107937	114	6	119	1097.757
-2.617994	0.297065	2.160177	119	17	121	1097.740
2.094395	1.554776	0.100351	7	125	27	1097.440
-1.047198	1.025536	1.576859	14	23	19	1097.437
-1.570796	1.741644	-2.695914	125	24	120	1097.247
2.356194	1.812176	0.656819	2	3	36	1097.082
-1.047198	1.741644	-2.695914	121	20	119	1097.021
-1.570796	2.455966	-0.641220	123	7	23	1096.926
0.000000	1.310100	1.488307	131	16	121	1096.660
-0.261799	0.914445	2.687814	133	10	112	1096.485
0.785398	0.418037	1.360082	131	22	124	1096.393
-0.785398	0.297065	2.160177	135	24	129	1096.246
-2.094395	2.180315	-1.357379	127	140	29	1096.167
2.617994	1.741644	-2.695914	104	2	135	1096.128
-2.356194	2.343981	-1.040456	10	5	139	1096.065
0.523599	2.637879	2.121598	109	24	1	1095.950
-2.094395	0.203748	0.590255	13	24	129	1095.876
-2.356194	2.881233	-2.582574	112	143	141	1095.876
2.617994	0.571433	-1.188419	119	131	10	1095.796
-1.047198	1.870545	-2.976234	132	8	123	1095.773
-2.356194	1.617114	-1.572037	137	120	28	1095.526
-1.570796	0.709924	0.218797	139	13	122	1095.523
1.570796	0.992645	-1.723759	131	3	114	1095.478
-0.523599	0.906588	1.252948	118	11	120	1095.434
-2.094395	1.391910	3.030322	134	27	129	1095.429
1.047198	2.407836	1.410646	102	6	0	1095.326
1.570796	2.396274	-1.959260	115	130	21	1094.996
0.261799	1.555207	1.708892	127	18	122	1094.930
0.000000	2.592629	0.909713	9	138	36	1094.700
2.094395	0.864993	2.278281	23	0	130	1094.648
-0.261799	2.396274	-1.959260	125	29	128	1094.627
1.308997	1.977582	0.969896	127	3	33	1094.531
-1.308997	1.875281	0.107086	2	10	132	1094.524
2.617994	1.417623	-0.202254	4	130	27	1094.429
1.832596	0.762244	-0.273349	0	13	122	1094.409
-1.047198	1.014500	0.906702	5	22	6	1094.281
-2.617994	2.251330	-2.330739	14	13	11	1094.179
-0.261799	2.592629	0.909713	111	21	7	1094.152
-1.570796	0.960688	-0.577532	21	17	134	1094.097
-0.261799	2.247462	0.191623	6	27	6	1094.078
-2.617994	2.001437	0.381215	133	135	33	1093.853
0.785398	0.992645	-1.723759	130	142	113	1093.699
-2.879793	1.904882	-1.478089	120	132	14	1093.548
-2.879793	2.704512	1.488683	34	138	9	1093.541
2.879793	0.866395	-2.492918	108	139	124	1093.504
1.832596	2.033014	2.977192	103	13	134	1093.376
1.832596	0.960688	-0.577532	127	132	24	1093.340
-0.523599	2.478122	2.609777	136	14	136	1093.241
-1.570796	1.599406	1.426070	19	19	4	1093.028
0.261799	1.736875	3.023612	125	19	131	1092.845
2.617994	2.343981	-1.040456	2	13	8	1092.775
2.879793	0.910508	1.903534	27	139	130	1092.731
2.094395	1.721184	-0.153948	133	134	28	1092.687
-2.356194	2.456751	-1.503343	141	2	39	1092.264
-2.356194	0.866395	-2.492918	142	21	123	1092.188
2.356194	1.134796	2.434290	17	139	130	1091.866
-0.261799	2.153910	-1.714959	1	6	37	1091.805
-1.570796	2.001437	0.381215	6	27	14	1091.672
0.523599	0.615174	-0.666022	123	19	12	1091.569
-2.356194	0.418037	1.360082	127	19	120	1091.447
-1.047198	1.732874	-0.951685	135	4	114	1091.260
0.000000	2.393226	1.857173	115	29	140	1091.106
0.261799	1.869911	2.701025	121	19	132	1091.069
0.261799	2.174483	2.653697	124	31	133	1091.032
0.261799	1.433411	-1.035986	5	23	130	1090.918
-2.617994	2.041297	-2.664597	141	130	32	1090.547
-1.570796	0.961715	0.014085	24	11	128	1090.328
1.047198	1.824694	1.850876	107	11	127	1090.250
2.879793	2.063651	-2.044600	134	0	112	1090.220
2.617994	2.393226	1.857173	121	1	134	1090.194
-1.047198	2.108018	1.311430	130	137	39	1090.187
0.261799	0.297065	2.160177	131	24	126	1090.051
2.879793	1.184361	0.625864	136	8	137	1089.707
-1.047198	1.658653	-2.409879	2	143	126	1089.349
-1.570796	1.374601	-2.456031	128	19	119	1089.334
2.617994	2.588535	-2.976617	104	141	5	1089.212
1.308997	1.732874	-0.951685	136	21	118	1089.167
0.000000	2.138223	1.678323	3	31	139	1089.122
1.832596	0.080730	-2.622036	120	23	128	1089.062
0.785398	1.836682	-0.676006	111	14	125	1089.022
0.000000	0.419640	2.974122	143	130	127	1088.984
2.094395	1.214854	-1.966664	135	14	10	1088.775
2.094395	1.367556	0.358405	7	122	20	1088.774
1.570796	1.488617	1.159546	9	28	15	1088.680
-2.879793	1.325504	-1.671296	140	8	9	1088.516
1.047198	2.456751	-1.503343	118	19	117	1088.443
0.261799	1.766067	2.153843	109	2	139	1088.180
2.356194	0.866395	-2.492918	16	14	2	1088.170
-0.523599	0.960688	-0.577532	130	14	117	1088.125
1.832596	0.297065	2.160177	129	11	118	1088.101
1.570796	2.984978	1.954446	113	8	136	1088.097
-1.570796	0.290380	-0.796960	133	9	118	1088.081
-0.261799	1.135813	-2.658866	3	9	23	1088.049
0.261799	1.545873	-1.877082	125	2	112	1088.023
-1.570796	1.683268	0.374177	20	16	27	1087.858
-0.261799	2.456751	-1.503343	1	30	10	1087.780
0.000000	2.863997	0.549740	9	21	25	1087.551
0.261799	1.310100	1.488307	127	14	121	1087.487
-0.523599	1.301460	-0.509251	2	4	119	1087.486
2.879793	2.881233	-2.582574	131	4	138	1087.154
-2.617994	2.984978	1.954446	114	12	19	1087.133
-1.570796	2.356369	3.005869	127	27	129	1087.014
-3.141593	1.870545	-2.976234	6	12	129	1086.874
-2.094395	1.504028	0.636812	34	2	20	1086.862
-1.047198	0.709924	0.218797	134	5	114	1086.837
-1.047198	1.872854	1.543456	130	9	125	1086.805
0.523599	0.496451	0.593859	111	2	140	1086.792
-2.356194	1.809167	1.213774	15	11	3	1086.685
2.879793	1.872854	1.543456	116	3	28	1086.206
1.832596	0.866955	-0.931351	132	2	19	1086.148
1.570796	1.545873	-1.877082	106	22	2	1086.042
-0.523599	1.662363	0.915448	132	28	132	1085.927
-3.141593	1.433411	-1.035986	131	133	27	1085.839
-2.356194	1.433411	-1.035986	1	123	30	1085.828
-0.261799	1.904882	-1.478089	143	11	35	1085.746
1.308997	1.242974	-2.977882	134	12	22	1085.551
-3.141593	0.864993	2.278281	119	135	6	1085.455
-0.785398	2.404280	-0.174044	21	124	23	1085.298
-0.785398	1.699788	2.452890	140	23	141	1085.229
1.570796	2.637879	2.121598	103	4	3	1085.175
-1.047198	2.588535	-2.976617	20	139	37	1085.047
-3.141593	0.831641	0.616218	115	1	119	1084.910
2.617994	1.569311	-3.003978	122	141	128	1084.401
1.047198	1.195355	1.200319	136	29	10	1084.383
-1.570796	0.379747	-1.713059	116	12	118	1084.301
-1.308997	2.396274	-1.959260	9	130	12	1084.256
-1.047198	2.180315	-1.357379	13	24	136	1084.180
-1.570796	0.992645	-1.723759	143	126	1	1084.175
1.832596	1.194549	-0.801900	134	142	27	1084.161
2.617994	2.404280	-0.174044	17	2	31	1084.155
-2.879793	1.683268	0.374177	18	128	27	1084.152
-0.261799	2.251330	-2.330739	6	13	36	1084.073
2.094395	2.187132	-0.479875	103	140	142	1084.025
-1.832596	0.615174	-0.666022	140	4	117	1083.909
0.000000	0.914445	2.687814	7	0	121	1083.885
0.785398	0.700570	1.559208	127	25	128	1083.824
1.832596	2.984978	1.954446	113	4	136	1083.625
2.094395	1.417623	-0.202254	2	127	27	1083.578
0.000000	2.396274	-1.959260	2	7	37	1083.553
0.785398	2.063651	-2.044600	102	0	142	1083.532
-3.141593	1.982574	-1.115518	116	133	9	1083.225
-1.047198	1.450119	-2.739050	126	27	128	1083.184
1.047198	1.050534	3.042579	22	14	132	1083.172
-2.879793	2.379497	0.561089	32	6	15	1082.979
-2.094395	0.709924	0.218797	143	7	122	1082.968
-2.356194	1.909857	-0.381669	139	138	28	1082.917
1.308997	0.458961	-0.107937	122	13	116	1082.882
1.047198	1.555207	1.708892	122	22	138	1082.878
2.356194	1.391910	3.030322	5	141	129	1082.680
0.261799	1.325504	-1.671296	141	141	114	1082.612
0.000000	1.766067	2.153843	120	19	129	1082.502
-0.523599	2.063651	-2.044600	126	26	123	1082.313
-1.832596	2.704512	1.488683	136	17	142	1081.871
1.308997	2.984978	1.954446	139	120	14	1081.818
-2.617994	0.290380	-0.796960	139	123	142	1081.778
0.000000	2.587733	0.232235	25	128	26	1081.603
-1.832596	1.391910	3.030322	139	14	127	1081.589
-1.832596	2.637879	2.121598	136	0	134	1081.448
1.308997	1.574060	2.783565	121	23	127	1081.372
-0.523599	1.218453	2.777284	131	26	26	1081.148
2.356194	0.419640	2.974122	118	20	125	1081.081
-2.879793	2.724429	-0.348782	138	13	143	1080.924
-1.570796	1.982574	-1.115518	132	136	18	1080.772
-2.094395	1.824694	1.850876	140	3	127	1080.694
2.356194	1.168678	2.108595	19	135	131	1080.681
2.617994	1.617114	-1.572037	121	136	32	1080.624
-1.047198	1.756530	-2.105156	130	29	132	1080.586
1.047198	0.571433	-1.188419	132	3	115	1080.248
-1.308997	2.180315	-1.357379	140	14	116	1080.192
2.094395	1.433411	-1.035986	131	6	19	1080.145
-1.047198	1.696674	-1.253233	23	138	26	1080.098
1.308997	1.214854	-1.966664	11	10	126	1080.012
0.000000	2.404280	-0.174044	0	138	33	1079.984
-1.308997	1.812176	0.656819	123	1	140	1079.932
1.570796	1.413430	2.550734	109	139	18	1079.892
-2.356194	1.135834	-1.431087	131	12	113	1079.883
-2.617994	0.709924	0.218797	120	2	117	1079.542
-0.523599	1.574060	2.783565	3	1	124	1079.397
-0.785398	2.664082	-1.071402	5	130	31	1079.349
-2.617994	0.640596	-2.797608	1	25	130	1079.289
-3.141593	2.455966	-0.641220	12	117	5	1079.185
-3.141593	0.591903	2.010408	29	3	129	1079.167
-2.617994	1.506530	1.988858	135	8	140	1078.905
-2.094395	2.881233	-2.582574	133	121	8	1078.733
-2.879793	0.929350	-2.910676	137	117	143	1078.622
-1.832596	0.370812	-2.547742	130	25	124	1078.532
-0.785398	1.214854	-1.966664	133	22	126	1078.428
1.570796	1.310100	1.488307	139	17	137	1078.330
0.000000	0.866955	-0.931351	136	1	114	1078.292
-2.879793	1.335669	0.897240	120	138	127	1078.252
1.047198	2.251330	-2.330739	109	139	19	1078.191
-0.261799	1.413347	-1.339188	138	19	125	1078.090
-2.356194	1.574060	2.783565	142	133	126	1078.084
1.832596	2.637879	2.121598	102	143	2	1077.920
-2.879793	2.579248	-2.364801	6	132	39	1077.856
-1.308997	2.456751	-1.503343	10	128	30	1077.791
-2.617994	2.393226	1.857173	34	137	3	1077.703
-1.570796	0.929350	-2.910676	112	23	126	1077.494
1.570796	2.174483	2.653697	102	13	135	1077.351
2.094395	1.413347	-1.339188	136	6	25	1077.271
2.617994	0.700570	1.559208	31	139	131	1077.213
-2.094395	2.104282	-0.813972	139	135	35	1077.060
-2.094395	2.704512	1.488683	115	23	140	1077.041
-3.141593	1.824694	1.850876	135	6	139	1076.944
0.261799	0.496451	0.593859	110	2	139	1076.584
-1.308997	0.080730	-2.622036	134	124	142	1076.475
1.047198	1.606104	-0.451151	106	10	8	1076.437
-0.523599	2.979456	-1.009304	130	124	11	1076.342
-2.879793	2.984978	1.954446	7	131	36	1076.250
0.785398	1.982574	-1.115518	19	14	24	1076.212
-0.261799	0.370812	-2.547742	136	21	127	1076.057
-2.356194	2.637879	2.121598	129	29	138	1075.993
-2.094395	1.310100	1.488307	15	13	141	1075.987
0.000000	2.108018	1.311430	142	29	142	1075.848
-0.261799	1.367556	0.358405	140	21	127	1075.210
2.356194	0.080730	-2.622036	134	3	16	1075.151
-3.141593	1.599406	1.426070	2	135	43	1075.072
-2.094395	1.836682	-0.676006	139	137	28	1075.034
-3.141593	2.579248	-2.364801	107	139	11	1074.961
-1.832596	1.875281	0.107086	5	130	30	1074.926
1.047198	1.025536	1.576859	136	27	13	1074.805
1.832596	1.662363	0.915448	124	22	142	1074.711
-2.617994	2.407836	1.410646	123	25	1	1074.684
1.832596	0.733948	3.021411	21	13	135	1074.675
2.879793	1.413430	2.550734	126	138	124	1074.657
1.832596	2.407836	1.410646	127	16	0	1074.581
2.879793	0.496451	0.593859	135	2	119	1074.550
2.356194	1.574060	2.783565	5	1	133	1074.388
-3.141593	0.899350	-2.069907	111	129	130	1074.323
-2.617994	1.846342	-1.796954	129	9	111	1074.181
1.308997	0.899350	-2.069907	0	1	122	1074.160
-1.047198	0.929350	-2.910676	127	13	121	1073.880
0.523599	1.824694	1.850876	116	16	124	1073.700
2.356194	1.545873	-1.877082	132	10	11	1073.656
-0.785398	1.948085	-2.363031	123	18	116	1073.449
1.047198	2.073035	2.027405	104	16	133	1073.369
-1.832596	2.295480	1.008277	115	3	140	1073.310
2.879793	1.045978	0.343692	13	10	143	1073.262
-0.785398	1.413430	2.550734	131	12	122	1072.996
-2.617994	1.045978	0.343692	29	139	18	1072.917
-2.356194	0.419640	2.974122	1	24	137	1072.766
1.570796	0.571433	-1.188419	120	4	113	1072.672
-1.570796	1.025536	1.576859	135	17	130	1072.577
-2.356194	0.619654	-2.216909	112	20	123	1072.572
-1.832596	2.089241	-0.114193	10	135	32	1072.228
