128	1.2	0
-3.141593	1.599406	1.426070
-0.995592	3.089399	-3.129911
../4ake_monomer_m.pdb	-4.614	-10.749	-3.709
../4ake_monomer_m.pdb	-1.733	-4.958	-17.533
-2.094395	0.640596	-2.797608	118	23	7	952.364
-2.617994	2.174483	2.653697	7	26	6	941.945
-2.356194	1.448123	-2.163292	117	26	124	904.896
2.356194	1.766067	2.153843	117	29	8	894.786
0.523599	0.619654	-2.216909	119	27	15	893.189
-2.094395	1.128190	-2.288622	116	24	127	873.389
2.617994	0.864993	2.278281	12	11	22	868.710
-2.617994	1.128190	-2.288622	120	28	127	868.436
1.832596	0.906588	1.252948	0	22	10	867.340
-1.832596	1.374601	-2.456031	115	23	126	860.262
-1.832596	1.135813	-2.658866	115	23	1	851.051
-0.523599	1.218453	2.777284	3	8	18	847.537
-1.832596	1.870545	-2.976234	121	22	1	843.887
-1.570796	1.836682	-0.676006	118	113	117	840.288
-1.570796	0.733948	3.021411	115	23	10	838.560
-0.785398	1.836682	-0.676006	127	108	117	836.857
0.000000	0.419640	2.974122	7	34	0	824.141
0.785398	2.108018	1.311430	27	2	0	821.634
-2.879793	0.899350	-2.069907	126	36	125	820.389
-0.523599	1.574060	2.783565	2	6	17	818.002
-2.617994	1.214854	-1.966664	109	29	4	817.874
0.523599	0.899350	-2.069907	118	23	18	814.306
2.879793	2.760637	2.781135	119	32	9	813.547
-1.570796	0.419640	2.974122	118	22	12	808.535
0.523599	2.356369	3.005869	110	2	1	807.337
1.570796	1.846342	-1.796954	125	26	12	806.973
-0.523599	1.909857	-0.381669	1	108	117	806.937
-2.879793	1.128190	-2.288622	123	27	0	806.794
2.094395	1.325504	-1.671296	29	11	4	806.671
-1.570796	1.440580	2.260026	110	114	3	803.650
-1.832596	1.128190	-2.288622	113	24	0	799.056
-0.785398	1.617114	-1.572037	22	7	112	798.991
0.785398	0.297065	2.160177	110	11	20	791.916
-3.141593	1.413430	2.550734	14	21	16	791.823
2.356194	1.413430	2.550734	19	13	17	790.229
0.261799	0.831641	0.616218	108	118	120	789.954
-1.570796	1.184361	0.625864	2	32	125	788.283
-0.523599	0.733948	3.021411	104	11	15	787.527
-2.617994	1.448123	-2.163292	120	27	124	786.880
0.523599	0.960688	-0.577532	115	28	123	786.150
-2.356194	1.128190	-2.288622	118	25	0	782.082
-0.785398	2.187132	-0.479875	0	109	114	773.761
2.617994	1.218453	2.777284	19	16	17	773.732
-0.523599	1.904882	-1.478089	121	19	23	767.430
-2.356194	2.247462	0.191623	0	106	8	766.772
2.617994	2.001437	0.381215	4	24	114	766.598
0.523599	1.301460	-0.509251	115	29	0	765.262
-2.094395	2.396274	-1.959260	110	125	14	765.209
-2.617994	2.153910	-1.714959	2	31	13	764.385
-1.832596	2.153910	-1.714959	113	125	16	760.301
2.356194	1.699788	2.452890	118	28	11	755.678
1.047198	2.881233	-2.582574	34	121	14	755.025
-2.356194	0.866395	-2.492918	119	25	3	754.826
-0.523599	0.080730	-2.622036	4	36	123	752.698
-0.785398	2.104282	-0.813972	127	110	115	751.260
-3.141593	1.699788	2.452890	13	22	14	750.919
-2.356194	0.864993	2.278281	114	12	11	750.420
1.832596	2.592629	0.909713	9	19	7	750.395
-2.879793	1.214854	-1.966664	125	34	119	748.041
1.047198	2.153910	-1.714959	4	25	8	746.980
1.047198	1.301460	-0.509251	108	23	0	746.557
2.879793	1.545873	-1.877082	25	5	119	746.518
1.308997	2.180315	-1.357379	3	23	10	745.949
1.047198	1.113094	-0.272241	111	26	124	742.758
-1.570796	1.374601	-2.456031	111	22	127	736.575
-0.523599	1.836682	-0.676006	1	109	117	736.391
-2.356194	2.356369	3.005869	6	25	1	736.117
-0.523599	0.640596	-2.797608	6	32	6	735.533
-2.617994	2.881233	-2.582574	122	34	9	733.924
-3.141593	2.174483	2.653697	115	19	15	733.141
-2.094395	1.904882	-1.478089	118	21	110	731.688
0.523599	2.724429	-0.348782	110	3	21	730.059
1.308997	2.881233	-2.582574	35	0	15	729.800
0.523599	1.812176	0.656819	15	21	15	729.100
-1.047198	1.510910	-0.740472	123	109	119	727.633
-3.141593	1.846342	-1.796954	124	14	24	727.298
2.617994	0.615174	-0.666022	33	115	9	725.580
-1.570796	1.510910	-0.740472	112	113	122	724.973
2.617994	1.247695	1.809890	108	8	6	724.628
-0.785398	1.335669	0.897240	14	121	97	722.690
-0.523599	2.187132	-0.479875	1	110	115	722.620
-0.261799	1.696674	-1.253233	117	25	21	722.520
0.523599	2.760637	2.781135	36	7	13	722.387
-1.047198	1.335669	0.897240	12	118	98	719.891
2.356194	1.214854	-1.966664	29	11	5	717.840
0.261799	0.992645	-1.723759	116	19	20	717.356
-1.570796	1.050534	3.042579	121	123	17	714.688
0.000000	1.184361	0.625864	25	116	1	714.383
-2.879793	0.496451	0.593859	118	108	126	713.409
0.000000	2.719179	-1.780644	24	121	24	713.211
2.617994	0.640596	-2.797608	19	3	22	712.979
2.879793	1.214854	-1.966664	24	18	5	712.025
1.832596	1.134497	-1.109631	120	3	19	710.415
2.094395	0.297065	2.160177	120	108	4	710.287
0.785398	0.370812	-2.547742	119	29	12	708.759
2.617994	1.998705	2.370472	116	30	7	708.641
-0.261799	2.033014	2.977192	25	106	16	706.716
-2.617994	1.998705	2.370472	4	25	11	706.074
2.879793	1.050534	3.042579	17	7	20	705.384
-3.141593	2.356369	3.005869	119	24	17	705.373
-2.879793	0.992645	-1.723759	111	29	7	704.599
2.879793	0.733948	3.021411	16	5	21	704.510
1.570796	1.417623	-0.202254	106	22	0	704.314
-2.094395	0.591903	2.010408	115	8	10	702.624
2.094395	0.379747	-1.713059	19	4	109	702.429
1.832596	1.904882	-1.478089	125	22	15	700.988
-1.832596	2.724429	-0.348782	6	127	105	700.615
2.094395	2.073035	2.027405	121	33	3	700.492
1.308997	1.025536	1.576859	2	19	11	699.223
0.523599	1.113094	-0.272241	114	28	125	698.539
-2.617994	0.619654	-2.216909	119	25	6	697.942
2.879793	1.045978	0.343692	29	125	10	697.871
2.617994	1.869911	2.701025	119	29	11	697.520
2.879793	0.419640	2.974122	15	5	24	696.714
1.047198	0.700570	1.559208	19	126	22	696.412
1.308997	1.301460	-0.509251	107	21	0	695.155
2.094395	1.732874	-0.951685	127	2	24	693.502
2.879793	1.699788	2.452890	111	12	13	692.524
-0.523599	1.335669	0.897240	15	123	97	692.314
-1.570796	2.033014	2.977192	18	23	8	691.969
-1.308997	1.194549	-0.801900	113	109	125	691.084
2.617994	1.440580	2.260026	115	24	12	690.893
2.094395	2.719179	-1.780644	34	124	17	690.419
-1.308997	1.510910	-0.740472	119	111	119	690.354
-0.523599	1.050534	3.042579	33	7	19	689.755
2.617994	0.700570	1.559208	1	14	19	688.683
0.785398	0.866955	-0.931351	113	28	122	688.125
-2.617994	0.899350	-2.069907	122	35	124	687.731
-0.261799	1.218453	2.777284	104	8	13	687.360
-2.356194	2.164094	-2.991358	5	25	1	687.324
2.879793	1.134796	2.434290	12	11	19	687.184
-1.832596	0.866395	-2.492918	29	3	25	686.744
0.785398	2.588535	-2.976617	34	0	17	686.551
-3.141593	0.914445	2.687814	12	7	21	686.527
1.308997	1.113094	-0.272241	110	23	125	685.850
1.570796	1.367556	0.358405	105	19	2	684.848
-2.879793	1.440580	2.260026	7	14	18	681.795
-1.047198	1.433411	-1.035986	117	111	121	681.331
-2.617994	1.545873	-1.877082	122	30	114	680.823
-2.094395	0.866395	-2.492918	107	28	9	680.764
-3.141593	0.864993	2.278281	9	9	22	680.457
2.879793	1.413430	2.550734	14	5	18	680.412
-2.879793	0.929350	-2.910676	123	24	12	679.425
0.785398	1.301460	-0.509251	110	26	0	679.288
-2.879793	1.683268	0.374177	33	125	9	679.184
0.000000	1.045978	0.343692	27	116	126	678.807
1.832596	1.367556	0.358405	12	122	96	678.588
-2.617994	2.478122	2.609777	7	26	4	677.562
-1.047198	2.379497	0.561089	125	124	108	677.172
2.356194	2.001437	0.381215	5	23	113	676.301
-2.617994	1.310100	1.488307	127	28	16	676.077
2.617994	0.733948	3.021411	17	5	22	676.006
0.523599	0.419640	2.974122	114	1	17	675.870
1.308997	2.404280	-0.174044	17	3	105	674.857
1.832596	1.135834	-1.431087	31	9	7	674.578
-2.879793	2.588535	-2.976617	121	28	17	674.305
1.570796	1.599406	1.426070	28	11	7	674.118
-2.617994	1.504028	0.636812	0	28	5	673.309
-0.261799	2.863997	0.549740	4	126	103	672.856
-0.523599	1.134796	2.434290	10	18	12	671.891
1.047198	1.050534	3.042579	105	10	4	671.748
0.000000	2.456751	-1.503343	20	126	25	671.665
0.000000	1.569311	-3.003978	127	18	21	671.596
0.261799	2.760637	2.781135	37	2	13	671.004
0.785398	1.699788	2.452890	125	126	22	670.544
2.094395	0.992645	-1.723759	30	10	9	668.917
2.356194	1.998705	2.370472	120	32	6	668.826
2.356194	0.619654	-2.216909	18	127	107	668.197
0.261799	1.736875	3.023612	25	11	28	667.154
-2.879793	1.448123	-2.163292	124	28	122	666.377
-3.141593	1.766067	2.153843	111	14	10	666.091
-3.141593	0.674054	1.013609	124	16	18	665.495
0.000000	0.864993	2.278281	10	124	22	665.475
-1.570796	1.194549	-0.801900	111	114	125	665.464
2.879793	1.413347	-1.339188	33	114	12	665.275
-2.879793	1.554776	0.100351	18	127	97	665.142
2.356194	2.073035	2.027405	118	32	3	665.135
-2.617994	2.456751	-1.503343	4	34	8	664.595
0.523599	0.618092	2.539118	107	117	3	664.427
-2.617994	2.664082	-1.071402	11	3	104	664.422
-1.308997	1.732874	-0.951685	117	113	118	664.270
1.570796	0.906588	1.252948	1	22	10	664.043
-0.523599	0.419640	2.974122	109	27	9	663.865
2.356194	0.418037	1.360082	2	37	122	663.860
0.261799	0.961715	0.014085	17	25	2	663.818
-1.308997	1.836682	-0.676006	121	110	117	663.657
-0.785398	1.510910	-0.740472	125	107	118	663.428
-3.141593	0.700570	1.559208	106	6	4	661.930
2.879793	1.998705	2.370472	113	29	7	661.617
1.570796	2.379497	0.561089	8	20	8	661.523
-0.261799	0.929350	-2.910676	3	29	14	660.767
-2.356194	1.214854	-1.966664	107	28	3	660.178
0.523599	2.984978	1.954446	11	125	104	660.040
-3.141593	0.496451	0.593859	116	110	126	659.889
-2.356194	0.370812	-2.547742	119	23	10	659.866
2.356194	0.992645	-1.723759	28	14	8	659.615
-2.879793	2.299159	2.264663	6	25	9	659.156
2.356194	1.134796	2.434290	17	13	20	658.919
-2.094395	2.138223	1.678323	34	2	123	658.293
-1.308997	0.571433	-1.188419	110	108	119	658.253
-2.617994	0.674054	1.013609	0	33	116	656.730
-2.094395	1.504028	0.636812	9	29	116	656.361
0.523599	1.194549	-0.801900	115	30	0	655.836
-0.523599	2.984978	1.954446	8	117	106	655.805
-1.047198	1.732874	-0.951685	121	111	117	655.621
-2.356194	0.850607	-1.335383	40	9	3	655.159
1.047198	0.297065	2.160177	112	10	20	655.071
2.094395	0.591903	2.010408	125	36	0	654.560
2.094395	1.218453	2.777284	120	24	19	654.508
-2.617994	1.683268	0.374177	126	29	3	654.458
2.356194	0.640596	-2.797608	19	3	21	654.060
-1.832596	0.762244	-0.273349	113	113	5	654.056
-1.308997	1.488617	1.159546	14	113	100	653.911
0.785398	2.881233	-2.582574	9	27	13	653.758
2.356194	2.180315	-1.357379	125	105	121	652.448
2.356194	1.617114	-1.572037	122	5	24	651.430
1.308997	1.982574	-1.115518	22	4	20	651.371
-1.832596	2.089241	-0.114193	16	8	25	651.251
-1.308997	1.662363	0.915448	19	118	99	650.958
2.879793	0.203748	0.590255	114	112	123	650.396
-0.785398	0.458961	-0.107937	99	126	2	650.196
2.617994	0.914445	2.687814	18	14	20	649.871
-2.617994	0.640596	-2.797608	114	118	14	649.733
-2.356194	1.168678	2.108595	110	13	11	649.677
-2.356194	2.153910	-1.714959	126	34	13	649.477
-1.570796	2.174483	2.653697	16	24	12	649.016
2.356194	1.325504	-1.671296	27	14	4	648.251
-2.879793	1.696674	-1.253233	35	125	19	647.683
-1.570796	1.135813	-2.658866	112	24	2	647.623
2.879793	1.574060	2.783565	0	118	106	647.594
-3.141593	1.325504	-1.671296	123	28	125	647.379
-2.356194	1.662363	0.915448	9	116	98	646.991
0.261799	1.135834	-1.431087	114	14	19	646.544
2.356194	1.413347	-1.339188	123	1	22	645.974
1.832596	0.571433	-1.188419	15	6	109	645.817
0.523599	0.615174	-0.666022	117	28	118	645.643
-2.879793	2.063651	-2.044600	127	27	18	645.368
-2.094395	2.343981	-1.040456	3	36	2	644.458
-1.832596	0.419640	2.974122	120	21	11	643.621
-2.094395	2.180315	-1.357379	127	37	7	643.589
-1.832596	2.404280	-0.174044	10	9	26	643.513
-1.047198	1.836682	-0.676006	124	108	116	643.354
-2.356194	2.979456	-1.009304	9	0	104	643.211
-2.879793	2.396274	-1.959260	0	32	13	642.347
2.356194	2.719179	-1.780644	114	127	120	642.274
2.094395	0.496451	0.593859	112	20	22	641.091
-3.141593	1.168678	2.108595	8	12	21	641.082
-1.047198	2.719179	-1.780644	8	23	121	640.863
-1.047198	1.696674	-1.253233	26	2	113	640.079
-0.261799	0.733948	3.021411	8	30	7	639.949
-2.356194	1.247695	1.809890	108	12	11	639.812
1.308997	1.574060	2.783565	28	117	10	639.781
-3.141593	1.875281	0.107086	118	33	125	639.592
1.047198	0.899350	-2.069907	116	28	15	638.989
-2.356194	1.948085	-2.363031	127	28	120	638.213
-1.570796	1.662363	0.915448	1	31	126	637.732
-1.832596	0.496451	0.593859	110	6	4	637.672
-1.832596	0.910508	1.903534	109	10	13	637.342
-2.356194	2.456751	-1.503343	1	35	9	637.079
0.261799	0.864993	2.278281	12	126	23	637.064
2.617994	0.992645	-1.723759	25	17	8	636.950
-2.094395	0.203748	0.590255	108	2	124	636.033
-1.832596	1.301460	-0.509251	109	115	127	635.742
2.356194	1.506530	1.988858	117	29	9	635.676
-0.261799	1.998705	2.370472	36	17	14	635.674
2.356194	2.379497	0.561089	22	8	111	635.519
-2.879793	0.866395	-2.492918	119	27	9	635.439
2.617994	1.766067	2.153843	116	27	8	635.365
2.879793	2.592629	0.909713	27	118	13	635.344
-2.879793	1.242974	-2.977882	121	27	11	635.104
0.000000	2.393226	1.857173	14	112	17	634.992
0.785398	2.001437	0.381215	30	119	116	634.646
-0.785398	2.396274	-1.959260	3	26	117	634.529
-2.094395	1.696674	-1.253233	5	36	0	634.229
1.570796	2.138223	1.678323	10	4	21	634.019
0.261799	0.685216	-1.712745	116	24	16	633.865
-0.523599	0.929350	-2.910676	6	29	11	633.803
-0.523599	0.992645	-1.723759	120	10	111	633.537
-1.047198	2.104282	-0.813972	119	110	116	633.501
2.356194	0.674054	1.013609	123	24	15	633.487
-2.094395	1.948085	-2.363031	125	27	122	633.217
-1.570796	2.343981	-1.040456	117	113	114	633.162
-0.785398	2.592629	0.909713	0	123	106	632.898
-0.523599	1.696674	-1.253233	120	24	21	632.877
-0.523599	0.370812	-2.547742	3	36	1	632.748
-3.141593	0.992645	-1.723759	126	35	123	632.586
-1.570796	1.554776	0.100351	118	1	112	631.977
2.879793	0.864993	2.278281	12	14	21	631.902
0.000000	1.413347	-1.339188	114	9	19	631.870
1.308997	1.599406	1.426070	29	8	7	631.851
-2.879793	2.863997	0.549740	119	115	14	631.603
0.261799	2.984978	1.954446	10	124	104	631.382
2.617994	1.606104	-0.451151	111	108	126	630.945
-1.832596	1.195355	1.200319	6	118	96	630.913
0.785398	0.910508	1.903534	17	122	23	630.857
-0.261799	0.571433	-1.188419	19	118	109	630.423
-2.879793	1.325504	-1.671296	112	31	2	630.359
1.047198	1.977582	0.969896	100	127	121	629.656
-2.356194	2.343981	-1.040456	8	6	105	629.620
-2.356194	0.910508	1.903534	111	11	11	629.568
-2.617994	2.180315	-1.357379	20	1	112	629.429
-1.308997	2.247462	0.191623	15	16	102	629.127
2.617994	1.699788	2.452890	16	16	15	628.993
1.570796	2.104282	-0.813972	124	109	110	628.689
1.308997	1.699788	2.452890	122	39	5	628.617
-1.570796	0.496451	0.593859	2	123	24	628.413
-1.308997	1.574060	2.783565	119	120	15	628.410
1.570796	1.554776	0.100351	105	22	3	628.350
1.308997	2.863997	0.549740	114	29	3	628.318
-2.617994	1.325504	-1.671296	118	31	115	628.122
0.785398	2.404280	-0.174044	11	22	4	628.055
-3.141593	1.045978	0.343692	31	0	10	627.640
0.523599	2.579248	-2.364801	7	110	112	627.488
-0.785398	1.242974	-2.977882	1	12	20	626.875
-2.094395	2.295480	1.008277	115	113	123	625.203
2.617994	0.899350	-2.069907	27	14	11	625.121
2.617994	0.419640	2.974122	14	3	24	624.737
-2.094395	1.977582	0.969896	13	111	101	624.495
2.617994	1.214854	-1.966664	26	16	6	623.696
-0.261799	1.242974	-2.977882	3	25	17	623.601
1.308997	2.579248	-2.364801	32	124	20	623.372
1.308997	2.299159	2.264663	125	39	3	622.734
1.308997	0.640596	-2.797608	121	34	5	622.499
1.832596	1.194549	-0.801900	27	12	14	622.363
1.832596	1.846342	-1.796954	126	26	15	621.625
1.570796	1.904882	-1.478089	1	107	118	621.613
-2.879793	2.115563	0.685730	13	108	103	621.531
1.047198	1.025536	1.576859	120	22	12	621.470
1.308997	1.194549	-0.801900	108	21	126	621.452
-2.617994	1.391910	3.030322	5	25	10	621.133
-3.141593	1.050534	3.042579	16	8	20	620.815
2.356194	0.591903	2.010408	121	36	123	620.772
0.000000	1.504028	0.636812	124	30	5	620.744
-2.879793	1.218453	2.777284	13	14	20	620.695
0.261799	0.297065	2.160177	10	2	25	620.377
-3.141593	1.836682	-0.676006	120	103	2	619.997
-0.785398	0.674054	1.013609	112	3	12	619.848
1.047198	2.108018	1.311430	28	6	0	619.520
0.523599	1.977582	0.969896	28	3	0	619.515
-0.523599	1.732874	-0.951685	127	110	115	618.637
0.785398	0.733948	3.021411	115	3	15	618.340
2.094395	1.135834	-1.431087	29	13	7	618.002
-1.832596	2.104282	-0.813972	111	114	117	617.622
-1.308997	2.104282	-0.813972	117	112	116	617.141
-0.261799	1.766067	2.153843	37	19	8	616.509
2.879793	2.153910	-1.714959	124	9	25	616.407
-0.523599	1.413430	2.550734	5	8	19	615.930
-0.785398	0.733948	3.021411	38	120	7	615.399
2.094395	1.699788	2.452890	21	14	17	615.047
0.000000	1.168678	2.108595	12	122	20	614.827
-2.617994	2.063651	-2.044600	126	26	113	614.656
-3.141593	2.115563	0.685730	31	116	9	614.595
1.832596	1.433411	-1.035986	123	3	23	614.590
0.261799	0.591903	2.010408	11	126	24	614.096
0.785398	0.591903	2.010408	113	21	15	614.091
-2.617994	0.866395	-2.492918	121	28	4	613.910
2.094395	0.418037	1.360082	124	18	15	613.642
1.047198	1.662363	0.915448	108	26	8	613.602
-0.785398	1.909857	-0.381669	127	107	116	613.449
2.617994	2.174483	2.653697	118	27	14	613.383
-0.523599	1.134497	-1.109631	120	105	122	613.380
1.832596	1.301460	-0.509251	28	11	13	612.774
2.617994	2.478122	2.609777	119	29	12	612.742
1.832596	2.637879	2.121598	14	2	104	612.541
2.094395	1.488617	1.159546	124	27	2	612.511
-1.047198	2.393226	1.857173	116	106	121	612.501
1.047198	1.256302	0.062705	110	24	0	612.182
2.094395	1.872854	1.543456	7	3	17	611.894
2.617994	1.050534	3.042579	19	6	19	611.580
2.879793	1.846342	-1.796954	125	15	24	611.095
-2.617994	1.606104	-0.451151	126	103	2	610.601
2.879793	2.356369	3.005869	119	26	17	610.555
2.094395	1.617114	-1.572037	123	20	17	610.527
-1.047198	1.606104	-0.451151	124	108	120	610.299
1.308997	0.419640	2.974122	122	35	6	610.137
1.308997	0.866395	-2.492918	117	32	12	609.967
-1.047198	0.685216	-1.712745	108	113	116	609.938
2.356194	1.504028	0.636812	104	9	5	609.569
0.261799	0.419640	2.974122	110	6	18	609.536
-3.141593	2.138223	1.678323	115	30	121	608.652
-0.785398	1.413347	-1.339188	22	6	108	608.481
2.879793	1.440580	2.260026	11	13	18	608.258
2.356194	1.824694	1.850876	116	30	5	608.234
1.047198	2.180315	-1.357379	6	24	10	607.777
2.879793	1.904882	-1.478089	112	127	120	607.615
-1.570796	0.379747	-1.713059	6	30	10	607.488
0.523599	1.506530	1.988858	127	124	103	607.441
2.879793	2.379497	0.561089	0	23	109	607.048
1.570796	2.063651	-2.044600	127	29	10	607.047
0.523599	2.041297	-2.664597	118	11	29	606.842
-0.523599	2.637879	2.121598	121	117	107	606.725
2.094395	1.554776	0.100351	11	115	98	606.559
-1.832596	1.836682	-0.676006	110	115	120	606.084
-3.141593	2.478122	2.609777	115	23	13	605.912
1.047198	1.872854	1.543456	29	6	5	605.498
-2.094395	1.448123	-2.163292	115	26	124	604.966
-0.785398	0.914445	2.687814	11	20	12	604.727
-2.879793	1.367556	0.358405	11	4	95	604.690
-1.570796	1.335669	0.897240	1	31	123	604.652
-1.047198	2.863997	0.549740	7	124	105	603.759
-0.785398	0.370812	-2.547742	7	33	1	603.674
-1.308997	0.709924	0.218797	2	3	23	603.376
-2.879793	1.545873	-1.877082	125	30	115	603.336
1.570796	1.194549	-0.801900	108	24	118	603.133
0.785398	1.756530	-2.105156	6	29	1	603.033
1.832596	2.104282	-0.813972	1	108	110	602.895
0.523599	0.709924	0.218797	105	116	122	602.860
-1.047198	1.699788	2.452890	11	20	16	602.846
-3.141593	0.203748	0.590255	110	111	3	602.787
-1.047198	0.419640	2.974122	36	115	4	602.744
-0.261799	1.325504	-1.671296	0	42	125	602.728
2.879793	2.001437	0.381215	3	25	115	602.465
1.047198	0.418037	1.360082	14	0	24	602.156
-1.832596	0.080730	-2.622036	11	11	24	601.792
2.879793	0.591903	2.010408	107	6	5	601.683
-2.356194	1.335669	0.897240	8	27	114	601.367
0.785398	1.194549	-0.801900	111	28	0	601.300
-0.261799	0.864993	2.278281	9	1	23	601.103
-2.879793	1.506530	1.988858	111	12	9	600.968
-1.308997	2.001437	0.381215	15	11	98	600.249
-1.570796	0.992645	-1.723759	3	35	8	599.877
2.356194	2.396274	-1.959260	32	3	21	599.545
0.261799	1.504028	0.636812	18	23	10	599.527
1.570796	2.073035	2.027405	30	2	121	599.362
-3.141593	1.736875	3.023612	116	11	20	598.775
-1.308997	1.450119	-2.739050	110	22	0	598.741
0.523599	1.045978	0.343692	105	117	125	598.701
-0.261799	2.180315	-1.357379	117	16	24	598.491
0.785398	1.128190	-2.288622	121	21	22	598.428
-1.570796	2.407836	1.410646	115	109	121	598.327
-1.308997	0.370812	-2.547742	105	17	16	597.907
0.000000	0.685216	-1.712745	120	106	0	597.884
2.879793	2.108018	1.311430	115	30	122	597.621
-3.141593	1.134796	2.434290	11	6	20	597.514
-1.832596	1.214854	-1.966664	113	23	124	597.497
-3.141593	1.214854	-1.966664	2	34	119	597.087
0.000000	1.977582	0.969896	126	33	15	596.946
2.617994	1.413430	2.550734	116	22	14	596.910
2.356194	1.488617	1.159546	123	8	21	596.760
1.570796	1.025536	1.576859	0	20	12	596.462
0.000000	1.869911	2.701025	106	7	8	596.423
0.261799	0.733948	3.021411	0	36	8	596.310
1.047198	1.195355	1.200319	10	14	97	596.186
1.570796	1.982574	-1.115518	127	108	114	596.028
1.832596	1.504028	0.636812	102	9	8	595.871
-1.308997	0.640596	-2.797608	39	124	7	595.693
1.570796	0.640596	-2.797608	116	34	5	595.518
-2.617994	1.367556	0.358405	0	27	6	595.393
2.094395	0.419640	2.974122	106	1	8	595.379
2.617994	2.153910	-1.714959	125	11	25	595.305
2.879793	0.910508	1.903534	121	30	111	595.163
0.000000	2.073035	2.027405	34	126	14	595.135
0.261799	1.168678	2.108595	15	123	20	594.730
-2.617994	2.001437	0.381215	126	30	127	594.334
1.570796	2.579248	-2.364801	34	1	18	594.323
-1.570796	1.242974	-2.977882	15	21	6	594.094
-1.570796	1.134796	2.434290	110	114	6	594.075
2.617994	2.396274	-1.959260	34	3	17	593.937
-3.141593	2.033014	2.977192	118	20	19	593.771
-2.879793	1.050534	3.042579	8	24	13	593.635
0.523599	0.297065	2.160177	11	126	24	593.615
1.047198	2.979456	-1.009304	117	3	29	593.255
2.879793	0.914445	2.687814	14	5	21	592.915
0.785398	1.195355	1.200319	5	15	96	592.609
2.356194	1.606104	-0.451151	108	112	124	592.488
-2.879793	1.195355	1.200319	107	7	7	592.435
2.617994	2.180315	-1.357379	113	3	123	592.410
1.570796	2.881233	-2.582574	35	6	15	592.257
1.308997	0.418037	1.360082	113	26	13	592.101
-1.832596	1.367556	0.358405	17	5	96	592.077
-2.094395	0.709924	0.218797	32	120	126	592.076
-1.308997	1.869911	2.701025	112	115	11	592.008
-1.570796	1.214854	-1.966664	111	21	124	591.930
-1.570796	0.866395	-2.492918	38	125	13	591.927
-0.261799	1.050534	3.042579	6	27	13	591.910
0.785398	0.418037	1.360082	14	4	26	591.882
-0.523599	2.760637	2.781135	1	26	22	591.783
-2.356194	0.961715	0.014085	33	6	9	591.681
-2.094395	2.588535	-2.976617	6	23	126	591.496
-2.617994	1.756530	-2.105156	126	29	114	591.333
2.617994	1.310100	1.488307	107	8	6	591.188
-2.879793	1.135813	-2.658866	124	104	115	591.085
0.785398	2.587733	0.232235	22	18	14	590.661
-2.094395	1.658653	-2.409879	25	13	122	590.630
0.000000	2.180315	-1.357379	118	12	26	590.557
-1.832596	1.606104	-0.451151	2	21	16	590.435
-0.261799	0.850607	-1.335383	104	127	11	590.198
-2.617994	1.846342	-1.796954	123	26	111	590.152
-0.785398	2.588535	-2.976617	115	114	4	590.130
-2.617994	0.685216	-1.712745	33	125	18	590.034
2.617994	1.168678	2.108595	12	15	22	589.979
0.261799	2.588535	-2.976617	126	32	4	589.127
-2.879793	1.413430	2.550734	10	23	16	588.943
-2.094395	2.187132	-0.479875	122	5	105	588.835
-2.094395	1.662363	0.915448	10	120	97	588.743
-1.832596	1.113094	-0.272241	110	114	3	588.578
1.047198	2.407836	1.410646	29	127	118	588.540
-2.879793	0.379747	-1.713059	7	12	24	588.445
-2.617994	1.812176	0.656819	0	29	2	588.113
-1.832596	0.929350	-2.910676	114	24	7	587.711
-0.785398	2.455966	-0.641220	1	111	112	587.705
-2.879793	2.356369	3.005869	118	22	18	587.533
1.308997	2.587733	0.232235	9	21	4	587.516
-0.261799	0.618092	2.539118	7	125	22	587.424
-2.617994	1.168678	2.108595	109	14	12	587.357
-1.570796	1.699788	2.452890	15	11	18	587.330
0.785398	0.899350	-2.069907	117	23	17	587.165
0.523599	1.367556	0.358405	115	30	2	587.063
2.879793	2.343981	-1.040456	34	114	15	587.055
-3.141593	0.929350	-2.910676	11	25	14	586.969
-1.570796	2.704512	1.488683	116	110	118	586.811
0.523599	2.295480	1.008277	28	126	121	586.807
-1.570796	2.587733	0.232235	10	25	19	586.794
1.308997	1.545873	-1.877082	126	29	6	586.611
-2.094395	1.545873	-1.877082	119	26	117	586.277
2.617994	0.831641	0.616218	123	27	10	586.235
1.570796	0.297065	2.160177	124	13	15	586.041
-1.570796	0.700570	1.559208	110	7	13	585.999
2.879793	0.992645	-1.723759	118	31	7	585.985
1.308997	1.256302	0.062705	107	24	127	585.950
2.356194	0.297065	2.160177	121	35	1	585.722
-1.047198	1.045978	0.343692	108	0	0	585.024
-2.879793	0.418037	1.360082	107	6	3	585.009
1.570796	1.504028	0.636812	105	19	5	584.694
-0.785398	1.741644	-2.695914	4	26	20	584.666
-2.094395	2.153910	-1.714959	114	125	15	584.570
-0.523599	2.863997	0.549740	2	126	103	584.547
-1.047198	0.619654	-2.216909	6	34	5	584.527
-0.261799	1.135834	-1.431087	106	124	12	584.499
0.000000	0.618092	2.539118	9	124	22	584.155
0.785398	0.619654	-2.216909	112	3	16	584.092
-0.261799	0.640596	-2.797608	3	36	5	584.085
-0.261799	1.391910	3.030322	0	1	18	584.031
2.617994	1.809167	1.213774	125	14	20	584.004
1.308997	1.904882	-1.478089	1	26	6	583.684
2.356194	1.440580	2.260026	117	28	11	583.494
1.047198	2.588535	-2.976617	34	8	18	583.425
-1.832596	0.640596	-2.797608	31	126	21	583.374
-2.356194	0.992645	-1.723759	114	31	121	583.264
-1.832596	2.456751	-1.503343	30	124	126	583.056
1.047198	0.910508	1.903534	19	123	24	583.026
1.570796	0.080730	-2.622036	104	123	4	582.938
-1.570796	2.984978	1.954446	0	18	24	582.846
-1.308997	1.301460	-0.509251	126	27	13	582.827
1.308997	0.866955	-0.931351	113	25	117	582.777
1.308997	1.554776	0.100351	28	4	117	582.679
1.832596	0.419640	2.974122	107	4	7	582.504
1.570796	1.134796	2.434290	9	3	100	582.170
1.832596	2.089241	-0.114193	24	8	110	581.964
-0.523599	1.699788	2.452890	39	118	4	581.726
-1.570796	0.640596	-2.797608	33	1	20	581.706
1.832596	0.618092	2.539118	122	36	127	581.557
2.094395	2.396274	-1.959260	117	2	116	581.355
2.879793	2.115563	0.685730	1	24	113	580.934
-3.141593	1.998705	2.370472	114	19	11	580.913
-2.879793	1.391910	3.030322	9	25	10	580.887
-0.785398	1.014500	0.906702	8	114	99	580.674
0.785398	2.760637	2.781135	36	9	13	580.516
2.356194	0.733948	3.021411	19	11	20	580.438
-0.785398	1.433411	-1.035986	120	25	20	580.334
0.261799	1.045978	0.343692	120	27	127	579.988
-2.356194	2.396274	-1.959260	0	22	111	579.980
-1.308997	2.719179	-1.780644	109	126	17	579.975
-1.308997	2.393226	1.857173	115	108	122	579.897
1.570796	1.510910	-0.740472	114	8	18	579.776
-2.617994	1.658653	-2.409879	29	11	124	579.360
0.785398	0.866395	-2.492918	122	25	19	579.232
-2.094395	1.214854	-1.966664	115	26	124	579.057
1.047198	1.440580	2.260026	97	13	2	579.048
1.047198	2.587733	0.232235	106	2	18	578.802
-2.356194	1.545873	-1.877082	120	28	117	578.661
-3.141593	0.685216	-1.712745	121	27	7	578.628
-2.879793	0.619654	-2.216909	123	28	6	578.448
-3.141593	1.554776	0.100351	18	125	97	578.368
2.879793	2.719179	-1.780644	12	3	102	578.183
0.523599	1.504028	0.636812	114	31	5	577.841
1.047198	2.379497	0.561089	21	18	18	577.829
2.879793	1.766067	2.153843	112	19	10	577.786
1.570796	1.721184	-0.153948	27	5	114	577.718
-1.308997	1.824694	1.850876	15	11	16	577.690
-2.879793	1.510910	-0.740472	118	126	18	577.665
-0.785398	1.869911	2.701025	107	21	9	577.644
-0.261799	1.606104	-0.451151	5	8	102	577.563
-2.356194	2.881233	-2.582574	119	33	9	577.496
-2.094395	0.961715	0.014085	32	11	9	577.302
1.570796	1.113094	-0.272241	28	6	15	577.259
1.832596	1.554776	0.100351	105	17	3	577.243
2.094395	1.134796	2.434290	6	117	17	577.204
-2.356194	0.640596	-2.797608	119	23	8	576.935
-0.523599	2.407836	1.410646	115	1	14	576.704
1.047198	2.724429	-0.348782	12	1	103	576.700
-2.617994	1.450119	-2.739050	7	104	115	576.626
0.523599	1.869911	2.701025	105	3	14	576.582
-2.617994	1.045978	0.343692	108	119	9	576.550
-2.094395	0.619654	-2.216909	33	4	19	576.539
2.356194	0.700570	1.559208	0	15	18	576.529
1.047198	1.218453	2.777284	115	105	2	576.521
2.617994	0.203748	0.590255	110	13	21	576.474
2.617994	1.045978	0.343692	17	9	98	576.353
1.308997	0.960688	-0.577532	109	119	10	576.339
-1.570796	2.404280	-0.174044	10	11	26	576.262
1.832596	1.218453	2.777284	119	37	126	576.236
-1.570796	0.960688	-0.577532	111	112	3	576.230
-1.047198	1.904882	-1.478089	27	3	117	576.218
-0.261799	1.617114	-1.572037	0	41	5	576.209
1.047198	2.349581	-2.702517	30	0	23	576.204
-2.617994	2.396274	-1.959260	125	34	14	575.939
-1.308997	2.299159	2.264663	110	7	18	575.868
-1.047198	0.496451	0.593859	15	109	123	575.839
-0.523599	0.914445	2.687814	35	126	15	575.674
-0.785398	0.640596	-2.797608	28	6	25	575.612
-0.785398	2.760637	2.781135	114	116	12	575.597
1.570796	1.909857	-0.381669	18	6	108	575.245
-2.879793	1.134796	2.434290	11	21	20	575.064
2.356194	1.869911	2.701025	16	118	15	574.911
-2.617994	1.617114	-1.572037	119	27	111	574.671
-1.570796	1.450119	-2.739050	113	23	0	574.480
-0.785398	1.904882	-1.478089	121	18	24	574.352
-1.047198	2.478122	2.609777	115	117	13	574.313
0.261799	1.875281	0.107086	16	104	17	574.055
1.308997	2.251330	-2.330739	29	125	23	573.983
2.617994	1.574060	2.783565	20	17	13	573.947
1.570796	1.335669	0.897240	7	7	95	573.866
0.523599	0.992645	-1.723759	115	19	19	573.806
1.047198	0.960688	-0.577532	113	27	121	573.711
1.047198	1.168678	2.108595	121	12	17	573.691
0.000000	0.379747	-1.713059	120	106	6	573.618
1.832596	0.733948	3.021411	117	36	2	573.607
0.523599	1.510910	-0.740472	116	31	7	573.531
2.094395	2.174483	2.653697	31	6	117	573.236
0.000000	2.407836	1.410646	1	120	106	573.229
-1.570796	1.413430	2.550734	109	113	1	573.027
-0.261799	1.025536	1.576859	6	108	21	572.976
-2.879793	1.504028	0.636812	111	1	10	572.594
1.047198	2.404280	-0.174044	8	24	5	572.586
-1.832596	1.448123	-2.163292	105	24	1	572.448
-1.832596	1.662363	0.915448	12	121	96	572.283
-2.617994	1.948085	-2.363031	122	26	21	572.209
-1.832596	0.591903	2.010408	118	8	11	572.142
-2.617994	1.662363	0.915448	9	114	98	572.068
0.261799	1.617114	-1.572037	23	7	21	571.872
1.308997	2.393226	1.857173	30	0	118	571.549
-0.785398	1.696674	-1.253233	24	8	112	571.392
-0.523599	1.812176	0.656819	11	7	96	571.335
2.094395	2.579248	-2.364801	126	28	21	571.295
1.570796	0.929350	-2.910676	118	35	7	571.286
0.000000	0.850607	-1.335383	105	125	9	571.254
-2.356194	1.391910	3.030322	1	25	10	571.176
-1.570796	1.766067	2.153843	109	114	1	571.173
0.000000	1.982574	-1.115518	115	17	23	571.079
-2.617994	0.370812	-2.547742	127	33	9	571.034
2.879793	1.554776	0.100351	27	123	17	571.000
-3.141593	1.574060	2.783565	14	22	11	570.898
-2.094395	0.496451	0.593859	126	36	121	570.855
2.617994	2.456751	-1.503343	114	0	121	570.764
1.832596	2.724429	-0.348782	6	6	103	570.754
1.832596	2.115563	0.685730	105	22	12	570.714
1.308997	1.662363	0.915448	106	22	8	570.713
-2.617994	1.184361	0.625864	112	122	13	570.597
1.570796	0.418037	1.360082	15	127	25	570.416
-2.094395	0.910508	1.903534	109	11	13	570.410
-1.308997	2.637879	2.121598	7	21	22	570.398
-1.570796	1.135834	-1.431087	127	37	6	570.397
-1.832596	1.948085	-2.363031	123	26	123	570.341
-2.356194	2.174483	2.653697	3	27	6	570.078
1.047198	1.504028	0.636812	108	28	5	570.005
-0.523599	1.736875	3.023612	125	3	20	569.861
-2.356194	1.658653	-2.409879	125	30	121	569.359
-2.617994	2.863997	0.549740	125	120	20	569.310
1.832596	2.247462	0.191623	25	7	111	569.306
0.785398	1.256302	0.062705	112	28	127	569.284
2.617994	1.134796	2.434290	15	13	20	568.906
-2.094395	1.413347	-1.339188	4	36	3	568.796
-1.308997	2.579248	-2.364801	3	28	121	568.668
0.261799	2.478122	2.609777	111	2	5	568.565
-2.879793	1.617114	-1.572037	31	127	24	568.441
-2.094395	0.674054	1.013609	110	6	5	568.313
0.261799	1.050534	3.042579	12	7	102	568.309
0.523599	1.256302	0.062705	112	27	1	568.173
0.785398	1.904882	-1.478089	23	8	21	568.010
2.356194	1.014500	0.906702	110	122	125	567.961
2.094395	1.214854	-1.966664	31	9	5	567.943
1.047198	0.961715	0.014085	105	110	0	567.713
0.000000	1.367556	0.358405	24	113	123	567.708
0.523599	0.961715	0.014085	114	27	125	567.684
0.261799	2.579248	-2.364801	4	108	112	567.640
-1.832596	0.203748	0.590255	7	5	24	567.575
-2.356194	1.736875	3.023612	115	23	10	567.566
1.047198	0.290380	-0.796960	103	116	126	567.494
2.094395	1.504028	0.636812	104	124	6	567.337
1.308997	1.135813	-2.658866	29	120	10	567.331
-0.785398	1.732874	-0.951685	124	110	115	567.028
0.523599	1.683268	0.374177	17	25	11	567.014
0.000000	1.617114	-1.572037	121	110	120	566.939
-0.261799	1.184361	0.625864	10	122	96	566.839
-0.261799	2.153910	-1.714959	23	127	25	566.686
1.308997	1.756530	-2.105156	127	30	8	566.457
2.617994	1.367556	0.358405	14	0	96	566.294
1.832596	1.413347	-1.339188	30	10	4	566.107
2.094395	0.866955	-0.931351	23	16	17	565.962
-1.570796	1.128190	-2.288622	111	22	0	565.950
-1.832596	1.875281	0.107086	19	9	22	565.775
1.570796	1.050534	3.042579	121	37	3	565.694
2.094395	2.063651	-2.044600	27	121	116	565.639
0.523599	1.736875	3.023612	105	122	9	565.495
0.785398	1.662363	0.915448	114	35	6	565.472
2.879793	2.174483	2.653697	116	22	16	565.438
-0.523599	2.089241	-0.114193	2	108	114	565.371
-1.832596	2.588535	-2.976617	3	30	125	565.316
1.570796	1.662363	0.915448	104	19	9	565.201
2.094395	1.846342	-1.796954	121	27	14	565.127
0.000000	2.187132	-0.479875	104	120	115	564.993
-0.785398	1.606104	-0.451151	126	106	119	564.954
-1.308997	0.866395	-2.492918	6	27	14	564.927
0.000000	1.218453	2.777284	31	2	22	564.793
-1.308997	2.343981	-1.040456	1	112	105	564.577
0.000000	2.579248	-2.364801	107	119	17	564.214
1.308997	0.831641	0.616218	98	15	127	564.147
2.617994	2.033014	2.977192	116	120	114	563.940
2.879793	0.496451	0.593859	114	114	126	563.814
-1.308997	0.914445	2.687814	113	21	12	563.790
1.832596	2.396274	-1.959260	33	126	18	563.790
-0.785398	0.866955	-0.931351	115	105	4	563.769
-1.047198	2.407836	1.410646	13	29	9	563.482
2.094395	1.998705	2.370472	22	15	13	563.457
2.094395	2.404280	-0.174044	22	7	109	563.419
-2.356194	0.899350	-2.069907	31	2	22	563.376
-1.570796	0.762244	-0.273349	30	17	8	563.344
-2.094395	0.762244	-0.273349	32	8	11	563.267
1.832596	0.297065	2.160177	126	36	0	563.224
-1.308997	1.699788	2.452890	14	21	16	563.209
2.094395	1.050534	3.042579	119	19	21	563.190
-1.308997	1.135813	-2.658866	38	0	17	563.161
-0.261799	2.001437	0.381215	1	30	16	563.067
2.356194	0.618092	2.539118	111	11	13	562.994
-1.047198	1.413347	-1.339188	25	1	108	562.938
-1.047198	0.866955	-0.931351	115	108	127	562.904
-0.523599	0.571433	-1.188419	118	105	6	562.610
-0.785398	0.379747	-1.713059	29	124	9	562.565
1.570796	1.617114	-1.572037	2	106	119	562.336
1.832596	1.766067	2.153843	32	5	125	562.321
-1.832596	1.510910	-0.740472	4	37	121	562.266
-1.308997	0.619654	-2.216909	6	32	9	561.967
2.617994	1.977582	0.969896	11	114	24	561.833
-0.523599	0.203748	0.590255	25	125	119	561.763
-1.832596	1.242974	-2.977882	116	22	1	561.763
-2.356194	0.733948	3.021411	112	117	13	561.682
-2.879793	0.685216	-1.712745	35	121	12	561.654
-2.094395	1.218453	2.777284	120	19	8	561.594
1.308997	1.325504	-1.671296	126	29	6	561.586
0.785398	1.367556	0.358405	111	29	2	561.402
-2.617994	1.569311	-3.003978	3	31	4	561.285
-2.617994	1.050534	3.042579	5	25	14	561.234
1.308997	1.184361	0.625864	16	2	96	561.182
0.000000	2.001437	0.381215	28	1	122	561.115
1.570796	1.301460	-0.509251	106	21	126	560.899
2.356194	2.863997	0.549740	26	117	13	560.899
-1.308997	1.872854	1.543456	16	10	17	560.844
2.094395	1.413347	-1.339188	122	4	22	560.813
-0.523599	1.998705	2.370472	38	116	5	560.755
2.879793	0.418037	1.360082	122	4	21	560.571
-3.141593	1.555207	1.708892	103	111	113	560.566
-1.570796	1.732874	-0.951685	111	112	118	560.555
2.879793	1.218453	2.777284	17	19	16	560.502
-1.047198	0.733948	3.021411	35	115	8	560.362
1.308997	1.766067	2.153843	6	127	24	560.300
-3.141593	1.510910	-0.740472	121	104	125	560.166
2.879793	1.617114	-1.572037	111	125	116	560.107
-2.356194	1.812176	0.656819	126	30	2	559.928
-2.879793	1.812176	0.656819	18	17	111	559.900
1.047198	0.370812	-2.547742	106	0	8	559.863
0.000000	2.343981	-1.040456	115	14	23	559.706
0.523599	1.168678	2.108595	4	122	102	559.592
-1.308997	1.218453	2.777284	121	121	18	559.547
-2.617994	1.301460	-0.509251	121	124	21	559.276
-2.356194	1.756530	-2.105156	124	27	117	559.189
-2.879793	0.831641	0.616218	118	110	0	559.121
2.879793	0.899350	-2.069907	123	27	8	559.082
-1.570796	1.998705	2.370472	116	115	10	559.037
-2.879793	2.001437	0.381215	19	111	102	558.821
2.356194	2.299159	2.264663	18	21	9	558.767
2.617994	1.554776	0.100351	25	121	17	558.705
1.832596	1.310100	1.488307	28	13	10	558.672
-1.570796	1.168678	2.108595	110	114	7	558.662
2.617994	2.587733	0.232235	28	120	17	558.591
-0.261799	1.904882	-1.478089	21	2	25	558.587
2.094395	2.247462	0.191623	24	8	112	558.363
1.308997	1.872854	1.543456	29	7	4	558.143
-3.141593	0.571433	-1.188419	34	116	13	558.046
-1.308997	0.910508	1.903534	112	111	11	557.849
-1.047198	2.115563	0.685730	122	123	108	557.820
-0.785398	1.184361	0.625864	7	120	97	557.803
-0.785398	2.478122	2.609777	6	29	19	557.646
0.261799	2.164094	-2.991358	107	120	116	557.542
-0.261799	0.419640	2.974122	106	12	17	557.522
-1.832596	0.961715	0.014085	4	35	127	557.212
1.047198	1.506530	1.988858	96	12	5	557.079
1.308997	2.724429	-0.348782	10	2	104	557.054
0.523599	0.591903	2.010408	13	125	24	556.988
0.000000	0.290380	-0.796960	101	125	7	556.940
-2.879793	2.164094	-2.991358	121	32	4	556.436
2.356194	1.683268	0.374177	6	115	98	556.359
2.356194	1.982574	-1.115518	2	5	26	556.290
1.570796	1.184361	0.625864	98	12	4	556.274
-2.094395	2.592629	0.909713	117	112	119	556.221
-3.141593	1.128190	-2.288622	119	30	6	556.121
-1.308997	1.367556	0.358405	7	20	97	556.063
2.617994	2.760637	2.781135	122	34	10	556.051
2.094395	2.251330	-2.330739	26	0	28	555.978
1.308997	1.218453	2.777284	28	121	13	555.967
0.000000	0.733948	3.021411	6	32	8	555.918
-0.523599	0.850607	-1.335383	118	106	126	555.860
-2.356194	2.104282	-0.813972	32	20	122	555.842
-0.785398	1.736875	3.023612	122	1	22	555.842
-1.570796	2.089241	-0.114193	14	18	103	555.698
-1.570796	0.899350	-2.069907	5	30	12	555.662
1.308997	2.637879	2.121598	120	40	4	555.568
1.308997	1.195355	1.200319	11	12	97	555.418
2.356194	1.812176	0.656819	121	25	19	555.330
-2.094395	1.836682	-0.676006	3	2	108	555.298
-1.047198	1.982574	-1.115518	127	113	105	555.199
-0.261799	0.080730	-2.622036	0	38	123	555.081
-2.879793	1.870545	-2.976234	7	29	1	555.047
-3.141593	2.073035	2.027405	110	16	10	554.874
1.832596	1.721184	-0.153948	127	29	9	554.811
-2.356194	1.374601	-2.456031	110	29	3	554.770
1.308997	2.108018	1.311430	127	117	19	554.753
-0.523599	2.455966	-0.641220	4	113	111	554.712
-2.879793	1.766067	2.153843	111	15	10	554.443
1.832596	1.606104	-0.451151	104	20	0	554.329
-3.141593	0.419640	2.974122	15	3	24	554.151
2.617994	1.014500	0.906702	113	122	126	554.132
2.617994	1.025536	1.576859	107	6	4	553.984
-1.308997	2.984978	1.954446	1	19	23	553.949
1.570796	0.866955	-0.931351	110	24	116	553.923
-1.832596	2.138223	1.678323	125	110	11	553.861
0.785398	0.685216	-1.712745	111	28	14	553.799
-1.570796	0.866955	-0.931351	2	36	118	553.742
-2.617994	1.413430	2.550734	6	25	15	553.629
1.047198	0.733948	3.021411	115	104	127	553.602
1.832596	1.683268	0.374177	8	120	97	553.454
1.308997	0.297065	2.160177	125	39	121	553.364
0.785398	0.700570	1.559208	17	124	24	553.343
0.261799	1.488617	1.159546	9	10	95	553.195
2.879793	2.299159	2.264663	115	24	9	553.010
2.094395	0.929350	-2.910676	112	4	19	552.925
2.094395	1.696674	-1.253233	124	18	16	552.699
-0.785398	2.174483	2.653697	108	125	116	552.566
1.308997	0.571433	-1.188419	106	26	122	552.554
-1.570796	1.045978	0.343692	1	33	1	552.494
2.094395	1.113094	-0.272241	0	110	99	552.407
2.879793	1.869911	2.701025	114	14	16	552.384
-2.617994	1.554776	0.100351	18	1	97	552.360
-2.094395	1.870545	-2.976234	127	25	3	552.344
-1.832596	1.256302	0.062705	6	34	0	552.186
1.308997	1.846342	-1.796954	0	28	6	552.119
-1.832596	0.914445	2.687814	119	18	10	552.039
-3.141593	0.591903	2.010408	9	12	23	551.915
-1.047198	1.574060	2.783565	119	118	14	551.326
-2.356194	1.574060	2.783565	2	27	11	551.324
1.308997	1.440580	2.260026	97	8	3	551.272
2.094395	2.881233	-2.582574	12	1	103	551.114
2.879793	2.180315	-1.357379	0	103	122	551.111
-0.261799	2.115563	0.685730	11	13	98	551.017
2.617994	2.187132	-0.479875	114	111	10	550.870
-1.047198	1.242974	-2.977882	38	1	15	550.778
-3.141593	1.413347	-1.339188	32	1	21	550.751
1.308997	0.700570	1.559208	19	125	23	550.666
1.832596	2.587733	0.232235	15	6	105	550.584
1.047198	2.104282	-0.813972	6	21	11	550.539
-2.094395	0.379747	-1.713059	109	30	5	550.493
-1.832596	1.741644	-2.695914	24	18	126	550.327
2.356194	1.872854	1.543456	6	8	20	550.232
-2.617994	0.992645	-1.723759	117	34	121	550.202
-0.261799	0.290380	-0.796960	99	0	6	550.133
-2.879793	2.349581	-2.702517	126	25	22	549.969
-2.617994	1.741644	-2.695914	7	103	120	549.935
-2.356194	2.180315	-1.357379	4	33	11	549.875
2.094395	1.168678	2.108595	7	126	98	549.779
1.570796	0.203748	0.590255	12	8	26	549.419
-2.094395	2.587733	0.232235	8	32	4	549.342
1.570796	0.591903	2.010408	112	41	127	549.221
-3.141593	1.134497	-1.109631	118	102	117	549.105
1.832596	1.325504	-1.671296	30	7	6	548.901
-1.570796	1.870545	-2.976234	21	24	1	548.871
1.308997	1.367556	0.358405	106	22	3	548.670
-2.094395	0.899350	-2.069907	11	27	6	548.568
-1.047198	0.080730	-2.622036	10	31	127	548.463
-1.047198	2.760637	2.781135	118	113	1	548.287
-0.523599	2.174483	2.653697	26	103	11	548.127
-3.141593	1.824694	1.850876	110	13	9	548.093
0.523599	2.138223	1.678323	21	108	117	547.877
-1.308997	2.379497	0.561089	124	124	107	547.771
0.785398	2.180315	-1.357379	26	6	18	547.759
0.000000	2.153910	-1.714959	24	127	23	547.707
1.308997	2.063651	-2.044600	1	29	10	547.617
0.261799	0.080730	-2.622036	111	7	119	547.578
-2.879793	1.606104	-0.451151	123	104	1	547.566
2.879793	2.407836	1.410646	116	28	119	547.544
2.356194	1.574060	2.783565	104	4	17	547.457
1.570796	1.242974	-2.977882	29	122	12	547.114
2.879793	2.478122	2.609777	116	28	12	547.030
-2.094395	1.374601	-2.456031	116	25	127	546.998
0.000000	2.881233	-2.582574	121	110	112	546.698
-2.617994	1.440580	2.260026	110	16	10	546.662
-2.617994	2.187132	-0.479875	125	102	6	546.629
-1.570796	0.685216	-1.712745	4	35	5	546.502
-2.094395	2.115563	0.685730	104	121	3	546.437
2.356194	2.637879	2.121598	116	31	8	546.408
-1.832596	1.433411	-1.035986	1	37	1	546.309
0.523599	1.335669	0.897240	12	4	95	546.266
-3.141593	2.588535	-2.976617	123	29	18	546.170
-1.047198	2.704512	1.488683	120	118	108	546.045
-2.094395	1.569311	-3.003978	24	18	8	546.014
2.356194	0.929350	-2.910676	22	1	19	545.973
-0.785398	1.134497	-1.109631	117	107	123	545.934
1.570796	1.809167	1.213774	30	10	0	545.874
2.879793	1.417623	-0.202254	9	27	0	545.848
0.261799	1.998705	2.370472	33	2	18	545.832
1.570796	1.256302	0.062705	107	22	127	545.636
-1.832596	1.335669	0.897240	3	30	121	545.582
-2.879793	1.736875	3.023612	118	25	10	545.492
2.356194	1.218453	2.777284	118	21	19	545.422
0.785398	1.168678	2.108595	17	108	19	545.246
-1.570796	0.080730	-2.622036	13	25	2	545.246
-2.356194	0.496451	0.593859	107	7	1	545.141
-1.308997	0.960688	-0.577532	1	34	9	544.967
0.785398	1.113094	-0.272241	109	25	126	544.961
0.000000	1.574060	2.783565	1	14	20	544.855
1.308997	1.809167	1.213774	106	21	12	544.854
-1.832596	0.866955	-0.931351	7	36	120	544.733
1.047198	0.618092	2.539118	121	40	1	544.632
2.356194	1.510910	-0.740472	2	103	107	544.520
1.832596	1.134796	2.434290	122	36	121	544.502
-2.879793	0.906588	1.252948	0	29	113	544.473
-2.879793	0.571433	-1.188419	34	4	16	544.465
1.047198	0.831641	0.616218	9	115	95	544.438
0.785398	1.134497	-1.109631	113	30	127	544.387
-2.094395	1.135813	-2.658866	108	29	7	544.306
0.785398	1.977582	0.969896	113	28	14	544.245
2.617994	1.846342	-1.796954	123	13	25	544.233
-2.356194	0.685216	-1.712745	32	4	21	544.227
1.308997	0.203748	0.590255	14	9	25	544.201
-0.261799	1.732874	-0.951685	112	25	21	544.127
-1.047198	0.618092	2.539118	115	20	14	544.089
0.261799	1.450119	-2.739050	104	4	6	544.080
1.832596	1.617114	-1.572037	121	22	16	544.037
2.094395	2.356369	3.005869	31	3	116	543.884
0.000000	1.699788	2.452890	33	0	19	543.816
-1.047198	1.766067	2.153843	11	16	18	543.664
1.047198	1.812176	0.656819	110	28	10	543.621
-3.141593	1.617114	-1.572037	124	29	122	543.578
-2.617994	1.195355	1.200319	124	22	19	543.565
-0.523599	0.866955	-0.931351	29	15	1	543.504
-2.617994	2.164094	-2.991358	118	30	5	543.496
-1.832596	1.025536	1.576859	107	9	12	543.195
2.879793	1.948085	-2.363031	28	4	22	543.137
1.570796	2.592629	0.909713	14	10	19	543.042
-1.047198	1.872854	1.543456	12	0	26	543.032
0.523599	1.617114	-1.572037	22	9	21	543.023
0.000000	1.050534	3.042579	20	3	104	543.022
-3.141593	2.592629	0.909713	29	120	14	542.961
1.832596	1.977582	0.969896	5	15	19	542.954
-0.261799	1.736875	3.023612	18	18	111	542.834
-0.261799	1.569311	-3.003978	126	15	22	542.803
-2.617994	0.762244	-0.273349	4	36	123	542.687
0.523599	0.910508	1.903534	15	123	24	542.646
-2.356194	1.050534	3.042579	2	25	14	542.564
0.261799	1.218453	2.777284	35	12	11	542.482
-2.617994	2.089241	-0.114193	126	105	5	542.429
0.261799	2.719179	-1.780644	119	11	30	542.410
0.785398	1.504028	0.636812	114	36	1	542.350
-1.308997	1.335669	0.897240	10	117	98	542.264
-1.308997	0.418037	1.360082	114	6	13	542.112
2.356194	0.864993	2.278281	117	35	122	542.007
-2.094395	0.618092	2.539118	108	115	6	541.782
2.094395	2.138223	1.678323	120	33	126	541.703
-2.094395	1.184361	0.625864	6	31	116	541.527
-2.617994	0.850607	-1.335383	41	4	3	541.497
2.879793	1.872854	1.543456	108	14	9	541.210
1.832596	2.001437	0.381215	2	118	98	541.002
-2.617994	1.732874	-0.951685	3	31	8	540.900
-1.570796	1.134497	-1.109631	125	39	0	540.871
-2.356194	1.135813	-2.658866	113	29	7	540.753
2.879793	2.247462	0.191623	2	25	112	540.736
-0.785398	0.419640	2.974122	38	119	4	540.553
2.094395	1.766067	2.153843	107	12	13	540.514
1.047198	1.367556	0.358405	109	25	3	540.388
0.785398	0.961715	0.014085	104	115	0	540.369
-0.261799	2.664082	-1.071402	116	6	25	540.233
0.523599	2.588535	-2.976617	35	123	15	540.206
-2.617994	2.592629	0.909713	1	8	22	540.144
-2.617994	1.977582	0.969896	8	111	101	540.135
-3.141593	1.218453	2.777284	14	9	20	540.131
-2.879793	1.869911	2.701025	113	17	17	540.116
-2.094395	1.195355	1.200319	104	7	11	540.080
-2.617994	2.979456	-1.009304	9	127	103	540.057
-3.141593	1.194549	-0.801900	115	35	1	540.046
1.308997	2.379497	0.561089	119	28	116	540.009
0.523599	2.979456	-1.009304	7	1	102	539.988
-3.141593	2.001437	0.381215	13	112	100	539.811
-0.785398	1.135834	-1.431087	104	27	119	539.786
2.356194	0.685216	-1.712745	125	27	11	539.777
-1.570796	2.164094	-2.991358	18	24	9	539.691
-2.356194	0.618092	2.539118	118	10	13	539.672
2.617994	1.433411	-1.035986	21	118	107	539.524
-3.141593	1.696674	-1.253233	107	118	119	539.497
-1.047198	1.184361	0.625864	116	110	17	539.485
-1.570796	0.290380	-0.796960	32	2	8	539.418
-1.047198	0.203748	0.590255	13	127	28	539.399
2.879793	1.025536	1.576859	127	28	108	539.287
2.356194	0.080730	-2.622036	15	3	26	539.283
2.617994	2.108018	1.311430	1	17	17	539.236
0.000000	2.115563	0.685730	26	127	125	539.215
1.570796	2.001437	0.381215	0	117	100	539.199
-2.356194	1.045978	0.343692	101	10	2	539.140
-1.308997	2.478122	2.609777	116	113	4	539.125
0.261799	1.413430	2.550734	37	11	7	539.094
-2.617994	2.041297	-2.664597	3	28	124	539.006
-1.832596	2.704512	1.488683	116	111	118	538.970
-0.523599	1.413347	-1.339188	121	114	119	538.867
-3.141593	1.135834	-1.431087	112	31	6	538.847
-1.832596	1.982574	-1.115518	1	38	126	538.833
2.094395	0.866395	-2.492918	16	116	109	538.648
0.785398	0.080730	-2.622036	120	105	1	538.625
1.308997	2.138223	1.678323	29	1	121	538.620
-1.832596	2.396274	-1.959260	108	123	14	538.289
-2.356194	1.555207	1.708892	124	34	11	538.211
-0.785398	2.115563	0.685730	18	10	99	538.192
-0.785398	0.866395	-2.492918	5	32	10	538.049
-1.308997	0.618092	2.539118	23	124	96	537.969
0.000000	1.732874	-0.951685	24	23	14	537.949
2.879793	1.184361	0.625864	1	29	4	537.826
-1.570796	1.658653	-2.409879	117	24	123	537.734
-2.617994	1.870545	-2.976234	119	27	7	537.643
2.356194	1.836682	-0.676006	19	23	119	537.611
-2.094395	0.914445	2.687814	120	16	12	537.292
-2.617994	1.218453	2.777284	6	25	15	537.279
-1.832596	1.683268	0.374177	15	4	96	537.230
1.047198	2.760637	2.781135	14	124	104	537.186
-1.308997	2.863997	0.549740	6	26	19	537.124
1.570796	1.756530	-2.105156	124	29	8	536.919
0.261799	2.108018	1.311430	119	18	14	536.863
-2.356194	0.619654	-2.216909	33	1	19	536.757
0.785398	0.914445	2.687814	23	110	7	536.744
-1.832596	0.733948	3.021411	117	22	10	536.480
0.523599	2.456751	-1.503343	22	125	27	536.272
0.261799	0.640596	-2.797608	123	4	100	536.222
-0.785398	0.297065	2.160177	121	21	15	536.140
0.785398	1.050534	3.042579	112	106	126	536.040
0.785398	0.960688	-0.577532	112	26	123	535.979
0.785398	1.218453	2.777284	110	107	2	535.934
2.094395	2.295480	1.008277	113	24	0	535.888
1.308997	2.164094	-2.991358	23	3	30	535.797
-1.047198	0.640596	-2.797608	40	2	6	535.770
-0.261799	1.721184	-0.153948	10	9	100	535.731
-1.308997	0.700570	1.559208	110	7	14	535.493
1.832596	2.881233	-2.582574	36	10	13	535.330
1.832596	1.374601	-2.456031	118	30	14	535.104
-0.261799	2.174483	2.653697	40	3	10	535.055
2.094395	1.683268	0.374177	122	26	17	535.039
0.000000	2.295480	1.008277	124	17	19	535.031
0.261799	1.732874	-0.951685	19	25	13	535.027
1.570796	1.134497	-1.109631	119	7	19	534.908
1.308997	1.617114	-1.572037	127	27	8	534.906
0.785398	2.115563	0.685730	112	23	17	534.863
2.617994	2.073035	2.027405	114	25	7	534.834
-1.570796	1.218453	2.777284	110	113	5	534.770
-2.879793	1.168678	2.108595	9	21	22	534.729
-3.141593	1.909857	-0.381669	26	118	103	534.693
-0.523599	1.662363	0.915448	18	0	97	534.634
-0.523599	1.135834	-1.431087	117	106	124	534.616
1.832596	2.063651	-2.044600	124	30	9	534.584
-3.141593	2.760637	2.781135	115	31	9	534.559
2.094395	1.014500	0.906702	106	124	125	534.402
-2.879793	0.458961	-0.107937	9	99	123	534.387
-2.879793	2.073035	2.027405	2	24	15	534.121
-2.879793	2.704512	1.488683	2	17	21	534.053
-0.261799	0.619654	-2.216909	27	118	7	534.051
0.261799	1.870545	-2.976234	109	117	117	533.974
-1.047198	0.370812	-2.547742	9	32	3	533.959
0.000000	1.335669	0.897240	17	0	97	533.948
-2.617994	2.033014	2.977192	18	14	15	533.865
-1.570796	0.370812	-2.547742	37	120	7	533.814
2.356194	0.203748	0.590255	109	16	20	533.529
0.261799	1.256302	0.062705	116	29	1	533.475
2.617994	1.982574	-1.115518	2	3	26	533.473
-1.047198	1.617114	-1.572037	23	3	113	533.364
1.308997	1.135834	-1.431087	27	2	15	533.304
1.308997	1.413430	2.550734	28	121	12	533.293
-1.570796	2.478122	2.609777	13	24	16	533.281
0.523599	1.662363	0.915448	117	36	7	533.254
0.261799	2.456751	-1.503343	22	126	26	533.252
-0.785398	1.391910	3.030322	125	6	22	533.193
-1.570796	1.433411	-1.035986	1	39	0	533.140
-1.570796	0.615174	-0.666022	113	111	3	533.009
-1.308997	1.555207	1.708892	122	28	10	533.006
1.047198	1.766067	2.153843	125	116	15	532.907
-1.047198	0.762244	-0.273349	111	125	108	532.898
1.308997	1.504028	0.636812	106	25	5	532.879
-1.047198	2.343981	-1.040456	126	113	112	532.688
-2.356194	1.836682	-0.676006	16	113	24	532.627
0.261799	2.115563	0.685730	20	22	19	532.540
-2.094395	0.700570	1.559208	112	6	9	532.434
0.523599	0.864993	2.278281	108	118	7	532.361
-2.617994	2.295480	1.008277	18	13	110	532.251
-1.308997	1.433411	-1.035986	115	113	121	532.053
2.617994	1.683268	0.374177	13	123	96	532.050
2.094395	0.733948	3.021411	19	9	21	532.047
-1.047198	2.153910	-1.714959	3	20	114	531.908
-0.523599	2.343981	-1.040456	116	13	24	531.822
-2.356194	1.413430	2.550734	2	25	16	531.773
1.832596	1.696674	-1.253233	5	107	114	531.618
-2.879793	0.850607	-1.335383	33	4	19	531.551
0.261799	0.618092	2.539118	8	32	3	531.504
2.617994	1.184361	0.625864	127	10	94	531.121
-2.879793	1.301460	-0.509251	4	28	3	531.030
0.261799	2.356369	3.005869	31	7	25	530.957
2.879793	1.696674	-1.253233	113	106	1	530.955
-2.356194	1.218453	2.777284	2	25	14	530.947
-1.570796	1.367556	0.358405	9	18	97	530.795
-0.523599	1.014500	0.906702	9	117	97	530.717
-2.617994	1.025536	1.576859	110	6	7	530.679
0.785398	2.704512	1.488683	5	35	117	530.554
-2.094395	0.419640	2.974122	121	18	14	530.455
0.000000	1.242974	-2.977882	19	10	107	530.446
-1.047198	2.724429	-0.348782	121	40	124	530.410
2.356194	0.370812	-2.547742	17	2	24	530.166
-2.617994	2.719179	-1.780644	2	36	6	530.080
2.094395	1.904882	-1.478089	122	1	104	530.042
0.261799	1.836682	-0.676006	19	23	16	529.948
1.308997	2.073035	2.027405	29	10	7	529.781
0.000000	1.325504	-1.671296	23	9	22	529.760
0.523599	1.310100	1.488307	112	117	121	529.730
-0.785398	2.343981	-1.040456	0	113	111	529.596
2.617994	1.824694	1.850876	113	28	5	529.563
2.094395	1.545873	-1.877082	119	0	111	529.543
2.617994	0.418037	1.360082	125	12	17	529.424
1.047198	2.356369	3.005869	28	4	25	529.415
-2.879793	2.033014	2.977192	117	17	19	529.339
0.000000	1.440580	2.260026	10	122	19	529.192
2.094395	0.960688	-0.577532	2	109	98	529.083
-1.570796	0.203748	0.590255	105	123	127	529.057
-1.308997	1.504028	0.636812	114	125	117	528.979
1.570796	0.419640	2.974122	106	127	114	528.971
-0.523599	0.864993	2.278281	10	21	5	528.855
0.523599	1.904882	-1.478089	111	113	119	528.754
-2.356194	0.379747	-1.713059	108	26	14	528.574
1.570796	0.960688	-0.577532	108	23	122	528.540
-1.832596	0.850607	-1.335383	3	36	2	528.416
-0.523599	1.391910	3.030322	0	9	21	528.402
0.523599	0.762244	-0.273349	115	27	121	528.394
-2.617994	0.496451	0.593859	123	12	18	528.307
-2.879793	2.881233	-2.582574	126	35	13	528.187
-1.308997	0.850607	-1.335383	35	124	6	528.156
2.356194	2.108018	1.311430	25	13	116	528.154
2.356194	1.195355	1.200319	124	28	5	528.134
2.356194	2.115563	0.685730	2	120	98	528.092
-1.832596	0.615174	-0.666022	109	109	123	528.003
1.047198	1.909857	-0.381669	97	0	19	527.923
-2.094395	1.391910	3.030322	120	21	4	527.852
-2.356194	1.741644	-2.695914	126	28	127	527.831
2.094395	1.869911	2.701025	32	7	121	527.789
2.617994	2.299159	2.264663	16	18	11	527.776
-1.570796	1.809167	1.213774	9	114	99	527.773
-2.094395	0.831641	0.616218	114	114	18	527.771
-2.094395	1.113094	-0.272241	33	8	13	527.740
-3.141593	0.899350	-2.069907	26	10	127	527.603
-2.356194	1.301460	-0.509251	0	111	109	527.559
2.617994	2.984978	1.954446	116	28	4	527.447
1.832596	2.073035	2.027405	32	6	122	527.349
2.094395	1.194549	-0.801900	30	7	121	527.263
0.785398	1.247695	1.809890	123	18	14	527.257
1.570796	0.674054	1.013609	18	6	25	527.213
1.832596	0.866395	-2.492918	24	2	20	527.075
2.617994	1.510910	-0.740472	112	106	122	526.985
-2.879793	0.733948	3.021411	8	23	17	526.861
-1.308997	1.256302	0.062705	127	33	6	526.846
1.832596	0.961715	0.014085	23	2	20	526.716
-1.047198	2.247462	0.191623	10	111	110	526.487
1.570796	0.458961	-0.107937	22	10	21	526.211
-1.570796	1.875281	0.107086	119	0	112	526.166
-1.570796	0.929350	-2.910676	111	25	7	526.067
0.261799	0.418037	1.360082	121	18	18	525.959
-0.261799	2.343981	-1.040456	116	9	25	525.931
1.832596	2.407836	1.410646	112	22	17	525.868
-1.047198	2.637879	2.121598	6	25	21	525.725
-2.356194	0.419640	2.974122	123	17	15	525.598
-2.356194	2.664082	-1.071402	9	2	103	525.552
-3.141593	1.433411	-1.035986	117	99	122	525.535
1.308997	1.045978	0.343692	97	16	3	525.331
-0.785398	0.080730	-2.622036	8	34	123	525.324
-1.047198	2.001437	0.381215	10	13	98	525.141
0.000000	1.696674	-1.253233	25	24	10	525.139
2.094395	0.619654	-2.216909	21	126	22	525.127
-0.261799	1.869911	2.701025	41	3	7	525.103
-2.094395	2.033014	2.977192	122	122	26	525.067
0.000000	1.766067	2.153843	34	1	15	525.041
-1.047198	0.591903	2.010408	12	23	123	524.887
-0.785398	1.168678	2.108595	4	115	19	524.793
-2.094395	0.615174	-0.666022	8	35	117	524.772
1.832596	1.982574	-1.115518	4	107	113	524.749
0.261799	1.433411	-1.035986	110	8	19	524.615
-2.356194	1.904882	-1.478089	0	23	22	524.608
0.261799	1.367556	0.358405	116	29	4	524.383
0.523599	1.218453	2.777284	33	16	10	524.345
-3.141593	0.640596	-2.797608	10	24	17	524.307
-1.308997	2.138223	1.678323	13	10	19	524.138
2.094395	0.685216	-1.712745	13	3	108	524.131
-1.308997	2.456751	-1.503343	31	1	127	524.098
-2.879793	0.674054	1.013609	107	7	3	524.050
-1.308997	0.685216	-1.712745	7	36	0	524.047
0.000000	0.866395	-2.492918	126	9	102	523.971
-1.570796	1.574060	2.783565	115	20	10	523.963
0.000000	1.256302	0.062705	23	111	120	523.766
-0.261799	0.370812	-2.547742	127	38	2	523.755
-1.570796	0.831641	0.616218	126	123	24	523.754
-2.094395	0.992645	-1.723759	9	32	1	523.723
-0.785398	0.685216	-1.712745	110	109	117	523.658
0.000000	2.174483	2.653697	34	10	20	523.538
1.570796	2.979456	-1.009304	1	3	101	523.508
-1.570796	0.850607	-1.335383	5	37	126	523.494
-1.308997	2.108018	1.311430	16	21	17	523.355
-1.047198	2.299159	2.264663	110	1	18	523.334
0.000000	2.478122	2.609777	34	116	12	523.299
-2.094395	0.297065	2.160177	10	7	27	523.262
0.523599	1.134796	2.434290	36	16	2	523.259
1.832596	1.909857	-0.381669	127	112	103	523.203
-1.570796	1.195355	1.200319	9	119	96	523.194
-0.785398	2.863997	0.549740	4	126	104	523.157
2.617994	1.696674	-1.253233	31	110	11	523.035
-0.785398	0.762244	-0.273349	109	122	109	522.652
-1.832596	2.343981	-1.040456	126	39	2	522.519
-2.356194	1.909857	-0.381669	32	19	120	522.486
-0.261799	1.045978	0.343692	20	111	124	522.470
1.047198	1.554776	0.100351	111	32	2	522.299
-2.879793	2.108018	1.311430	106	30	123	522.205
-2.617994	2.379497	0.561089	115	116	119	522.197
-1.832596	1.488617	1.159546	16	118	97	522.192
0.785398	1.488617	1.159546	11	14	98	522.185
0.000000	0.297065	2.160177	10	5	25	522.114
-1.570796	2.138223	1.678323	7	6	25	522.067
0.785398	2.063651	-2.044600	6	28	3	521.764
1.832596	1.998705	2.370472	24	13	13	521.743
1.832596	0.700570	1.559208	126	19	15	521.652
1.047198	2.393226	1.857173	121	40	125	521.607
-1.570796	1.977582	0.969896	0	33	126	521.586
-0.523599	1.214854	-1.966664	9	7	31	521.552
0.785398	1.824694	1.850876	24	109	120	521.503
-2.094395	1.741644	-2.695914	26	14	0	521.410
2.879793	1.555207	1.708892	121	31	1	521.391
1.832596	2.478122	2.609777	30	2	117	521.253
-2.356194	0.929350	-2.910676	123	23	11	521.226
-2.879793	0.203748	0.590255	30	1	9	521.153
-1.047198	1.662363	0.915448	20	120	99	521.110
-1.308997	1.812176	0.656819	20	125	98	521.007
-0.785398	1.195355	1.200319	18	111	102	520.869
0.523599	1.809167	1.213774	8	16	98	520.867
-1.832596	1.134796	2.434290	119	15	10	520.846
-2.617994	0.297065	2.160177	12	3	27	520.790
-0.261799	1.335669	0.897240	15	123	97	520.786
1.308997	2.343981	-1.040456	112	109	120	520.711
2.356194	0.850607	-1.335383	122	27	11	520.680
2.356194	1.736875	3.023612	127	23	24	520.588
-2.617994	1.909857	-0.381669	126	104	4	520.373
-0.261799	0.914445	2.687814	108	21	12	520.267
-0.261799	1.440580	2.260026	8	125	20	520.179
0.785398	1.413430	2.550734	120	127	18	520.100
0.785398	1.875281	0.107086	113	28	13	520.070
0.000000	0.591903	2.010408	12	124	24	519.953
2.617994	1.374601	-2.456031	15	29	116	519.948
2.094395	2.299159	2.264663	16	121	18	519.866
2.094395	1.184361	0.625864	103	123	0	519.772
-1.570796	1.301460	-0.509251	23	10	22	519.706
-2.879793	1.977582	0.969896	31	119	6	519.684
-2.879793	2.579248	-2.364801	26	18	15	519.617
-1.832596	2.478122	2.609777	16	22	15	519.539
-2.356194	1.846342	-1.796954	121	26	111	519.463
-0.785398	1.982574	-1.115518	125	112	113	519.427
1.832596	1.488617	1.159546	118	26	7	519.334
0.523599	1.448123	-2.163292	119	114	123	519.290
2.356194	1.696674	-1.253233	126	3	24	519.258
-0.523599	0.709924	0.218797	19	114	121	519.073
-1.047198	1.194549	-0.801900	124	31	15	518.958
-2.356194	0.674054	1.013609	108	5	6	518.898
-3.141593	0.615174	-0.666022	111	34	6	518.663
1.047198	2.247462	0.191623	19	24	16	518.573
2.617994	0.370812	-2.547742	24	1	109	518.472
2.356194	2.153910	-1.714959	23	123	112	518.457
-0.523599	1.242974	-2.977882	110	25	121	518.416
0.261799	1.506530	1.988858	1	124	103	518.413
0.785398	2.349581	-2.702517	31	124	20	518.381
-1.047198	2.396274	-1.959260	3	24	117	518.381
1.570796	1.875281	0.107086	10	19	111	518.311
-2.094395	1.134796	2.434290	106	10	109	518.268
2.879793	0.906588	1.252948	107	7	4	518.244
0.523599	1.417623	-0.202254	112	28	4	518.010
1.832596	2.579248	-2.364801	33	9	19	517.926
1.832596	1.014500	0.906702	102	126	124	517.887
0.261799	1.741644	-2.695914	14	5	33	517.879
0.000000	1.413430	2.550734	3	15	17	517.492
-0.261799	2.247462	0.191623	1	27	21	517.408
1.570796	1.433411	-1.035986	30	9	9	517.390
-0.523599	1.195355	1.200319	19	117	99	517.370
-1.832596	2.041297	-2.664597	26	16	127	517.362
-2.094395	0.370812	-2.547742	110	28	15	517.321
-2.617994	1.433411	-1.035986	2	29	11	517.315
-1.308997	1.606104	-0.451151	15	4	103	517.294
-1.832596	1.134497	-1.109631	2	37	127	517.183
2.617994	1.555207	1.708892	107	7	11	517.167
-0.785398	0.709924	0.218797	16	109	122	517.032
-2.617994	2.588535	-2.976617	119	27	17	516.683
2.356194	0.914445	2.687814	18	11	20	516.593
-2.094395	1.683268	0.374177	19	2	97	516.577
2.356194	2.579248	-2.364801	125	31	18	516.572
-2.094395	1.812176	0.656819	18	124	97	516.432
1.308997	1.696674	-1.253233	115	18	21	516.262
0.523599	0.914445	2.687814	0	36	9	516.165
1.570796	2.343981	-1.040456	117	7	110	516.118
-1.047198	0.458961	-0.107937	98	2	2	516.066
1.832596	0.914445	2.687814	3	110	17	515.880
-0.785398	1.440580	2.260026	8	9	25	515.729
1.832596	1.184361	0.625864	15	1	96	515.680
0.785398	2.393226	1.857173	126	39	121	515.646
-2.094395	0.418037	1.360082	4	127	23	515.645
-1.570796	1.982574	-1.115518	113	113	114	515.562
1.047198	1.488617	1.159546	8	15	98	515.489
-1.308997	2.587733	0.232235	123	127	106	515.430
-0.261799	2.349581	-2.702517	33	121	23	515.428
-0.785398	1.569311	-3.003978	120	6	25	515.285
-0.523599	2.033014	2.977192	122	127	21	515.236
0.523599	2.089241	-0.114193	0	28	119	515.182
0.523599	0.929350	-2.910676	102	0	114	515.178
-3.141593	2.704512	1.488683	124	32	9	515.141
1.570796	1.135813	-2.658866	117	32	13	515.034
-3.141593	0.910508	1.903534	119	29	112	515.022
2.617994	0.910508	1.903534	122	31	114	514.957
0.523599	1.214854	-1.966664	121	112	121	514.905
-0.261799	1.554776	0.100351	112	117	105	514.838
1.308997	0.496451	0.593859	18	7	25	514.795
2.356194	1.374601	-2.456031	2	29	127	514.621
-1.047198	2.180315	-1.357379	9	18	113	514.554
-1.047198	1.367556	0.358405	121	118	101	514.542
2.879793	0.866955	-0.931351	116	108	111	514.444
0.523599	2.115563	0.685730	28	4	121	514.384
1.570796	1.836682	-0.676006	126	109	108	514.366
-1.832596	1.812176	0.656819	4	30	2	514.176
-1.047198	2.073035	2.027405	6	7	22	514.157
-3.141593	0.866395	-2.492918	113	121	20	514.132
1.832596	0.866955	-0.931351	113	122	15	514.065
-1.832596	1.977582	0.969896	114	109	126	514.046
0.261799	1.809167	1.213774	12	20	101	513.989
-0.523599	2.587733	0.232235	0	124	103	513.836
1.308997	1.417623	-0.202254	28	2	117	513.810
2.617994	1.413347	-1.339188	31	110	12	513.804
-3.141593	1.869911	2.701025	16	22	12	513.593
-2.094395	1.617114	-1.572037	116	24	113	513.440
-1.832596	0.370812	-2.547742	108	26	15	513.328
0.261799	0.866395	-2.492918	113	107	117	513.316
-1.832596	1.599406	1.426070	108	115	127	513.231
0.000000	0.674054	1.013609	15	120	95	513.139
0.785398	1.433411	-1.035986	110	127	19	513.138
-0.785398	1.134796	2.434290	100	1	10	513.115
2.879793	1.128190	-2.288622	124	30	5	513.096
1.047198	1.128190	-2.288622	117	23	20	513.062
-0.261799	2.719179	-1.780644	22	119	24	512.998
2.094395	1.391910	3.030322	106	3	14	512.961
-3.141593	1.195355	1.200319	105	8	7	512.939
-1.308997	1.741644	-2.695914	10	1	33	512.884
2.094395	0.370812	-2.547742	17	2	23	512.835
-1.047198	2.356369	3.005869	113	109	123	512.689
-3.141593	1.683268	0.374177	15	118	97	512.688
-2.879793	0.640596	-2.797608	123	22	14	512.640
-2.356194	1.325504	-1.671296	116	26	122	512.601
1.570796	2.299159	2.264663	31	2	125	512.598
1.308997	0.914445	2.687814	117	105	4	512.555
1.047198	1.904882	-1.478089	22	5	22	512.515
-2.356194	2.063651	-2.044600	112	120	13	512.422
1.832596	2.299159	2.264663	13	124	20	512.193
0.261799	2.592629	0.909713	123	38	119	512.091
1.047198	1.809167	1.213774	28	6	4	512.088
1.570796	1.732874	-0.951685	127	107	110	512.051
0.261799	2.979456	-1.009304	11	1	102	512.002
0.261799	1.696674	-1.253233	124	107	116	511.917
-1.308997	0.615174	-0.666022	114	109	6	511.912
-2.879793	1.045978	0.343692	32	3	9	511.859
1.308997	2.153910	-1.714959	2	25	8	511.738
1.832596	0.458961	-0.107937	18	12	23	511.717
-0.785398	0.571433	-1.188419	115	107	5	511.645
1.570796	1.045978	0.343692	97	12	2	511.619
0.000000	1.683268	0.374177	26	4	124	511.609
-0.261799	1.194549	-0.801900	29	21	3	511.336
-2.617994	0.929350	-2.910676	122	24	10	511.310
-0.261799	1.014500	0.906702	13	117	98	511.290
-2.356194	2.592629	0.909713	105	10	6	511.209
-1.570796	2.299159	2.264663	113	115	9	511.132
-2.617994	1.242974	-2.977882	119	27	11	511.100
0.000000	1.870545	-2.976234	20	4	32	511.071
-2.356194	1.870545	-2.976234	0	28	3	511.023
-1.047198	1.488617	1.159546	20	115	101	510.978
1.832596	1.824694	1.850876	31	7	125	510.971
-1.308997	1.998705	2.370472	114	8	21	510.946
-3.141593	1.904882	-1.478089	5	24	19	510.904
-1.832596	0.960688	-0.577532	107	119	3	510.694
2.356194	2.587733	0.232235	21	7	109	510.599
2.094395	1.367556	0.358405	12	107	101	510.514
2.879793	1.367556	0.358405	14	1	96	510.128
-2.094395	2.349581	-2.702517	4	24	126	509.965
0.261799	1.977582	0.969896	122	31	15	509.934
-1.570796	2.187132	-0.479875	117	8	14	509.887
-2.094395	2.164094	-2.991358	110	27	6	509.789
-0.261799	1.450119	-2.739050	0	27	20	509.632
-0.523599	2.356369	3.005869	5	34	15	509.605
1.047198	1.982574	-1.115518	5	23	9	509.590
2.356194	1.599406	1.426070	1	6	20	509.562
2.356194	2.063651	-2.044600	24	3	29	509.509
-2.879793	1.135834	-1.431087	33	126	19	509.438
1.047198	1.194549	-0.801900	108	25	127	509.343
2.094395	1.574060	2.783565	108	5	15	509.326
-0.523599	1.184361	0.625864	9	120	96	509.302
-3.141593	0.906588	1.252948	106	6	5	509.193
1.570796	2.637879	2.121598	29	1	114	509.189
2.094395	1.413430	2.550734	107	6	11	509.136
-2.356194	2.407836	1.410646	35	0	1	509.131
2.094395	1.128190	-2.288622	121	103	26	509.092
1.047198	0.674054	1.013609	17	6	29	509.088
1.832596	1.836682	-0.676006	2	109	106	509.049
2.617994	2.138223	1.678323	111	21	6	509.000
-2.356194	0.591903	2.010408	113	10	10	508.907
-3.141593	0.379747	-1.713059	121	25	11	508.771
1.832596	1.050534	3.042579	117	36	2	508.514
2.879793	0.685216	-1.712745	121	26	10	508.483
0.000000	0.619654	-2.216909	120	22	18	508.479
-3.141593	1.545873	-1.877082	112	123	113	508.428
-2.617994	2.349581	-2.702517	120	33	1	508.375
0.523599	0.700570	1.559208	35	14	124	508.369
0.785398	1.683268	0.374177	119	115	101	508.344
1.308997	2.247462	0.191623	4	122	23	508.214
-1.047198	2.588535	-2.976617	107	8	113	508.151
-1.047198	0.906588	1.252948	108	3	11	508.089
0.523599	0.906588	1.252948	33	14	120	508.044
-2.094395	1.025536	1.576859	107	10	13	507.959
-0.523599	2.704512	1.488683	115	1	11	507.951
1.570796	1.014500	0.906702	98	9	2	507.945
-0.523599	2.115563	0.685730	14	12	99	507.913
0.785398	0.419640	2.974122	122	11	18	507.857
-2.617994	1.555207	1.708892	0	33	11	507.830
1.570796	2.719179	-1.780644	109	5	122	507.823
2.356194	1.545873	-1.877082	108	113	18	507.732
-1.832596	1.413347	-1.339188	115	20	112	507.649
0.785398	1.599406	1.426070	99	17	9	507.623
1.308997	1.214854	-1.966664	126	30	3	507.529
2.094395	1.417623	-0.202254	109	115	10	507.499
1.047198	2.164094	-2.991358	22	4	31	507.303
-2.094395	1.417623	-0.202254	107	118	2	507.219
0.785398	1.809167	1.213774	101	17	13	507.158
-1.047198	2.404280	-0.174044	126	125	104	507.138
-3.141593	1.506530	1.988858	127	6	99	507.003
1.570796	1.977582	0.969896	4	6	19	506.971
1.308997	2.979456	-1.009304	118	110	115	506.900
2.617994	2.393226	1.857173	127	95	7	506.865
0.261799	0.910508	1.903534	14	125	23	506.825
-2.094395	1.045978	0.343692	6	33	121	506.822
-0.785398	2.881233	-2.582574	27	119	19	506.812
1.308997	1.948085	-2.363031	0	33	5	506.789
1.570796	1.413430	2.550734	20	25	124	506.732
0.523599	2.664082	-1.071402	19	121	24	506.637
-0.785398	1.045978	0.343692	15	108	124	506.586
1.308997	1.134796	2.434290	118	107	7	506.580
1.832596	1.128190	-2.288622	118	104	26	506.468
-2.356194	2.041297	-2.664597	118	31	5	506.441
-1.308997	1.168678	2.108595	110	111	7	506.277
-1.047198	0.290380	-0.796960	117	108	8	506.251
-0.785398	1.325504	-1.671296	19	6	107	506.238
2.356194	1.301460	-0.509251	3	107	101	506.222
-2.356194	1.510910	-0.740472	17	110	21	506.202
-1.832596	1.904882	-1.478089	117	126	17	506.113
-1.308997	1.045978	0.343692	106	1	1	506.101
1.570796	2.724429	-0.348782	25	118	17	506.079
-3.141593	1.256302	0.062705	3	27	1	506.013
-0.261799	1.413347	-1.339188	119	30	19	506.010
1.308997	1.050534	3.042579	105	8	6	505.940
-1.047198	1.909857	-0.381669	8	39	122	505.844
1.570796	2.407836	1.410646	12	7	22	505.710
0.785398	2.164094	-2.991358	107	4	3	505.640
0.000000	1.998705	2.370472	107	20	5	505.604
0.785398	1.948085	-2.363031	24	111	118	505.538
2.879793	2.033014	2.977192	117	19	19	505.529
0.523599	0.866955	-0.931351	117	30	122	505.211
-3.141593	1.440580	2.260026	12	22	19	505.105
-2.356194	1.732874	-0.951685	11	29	17	505.052
1.832596	2.138223	1.678323	10	5	19	505.006
-2.879793	1.569311	-3.003978	13	36	122	504.952
1.047198	0.866955	-0.931351	115	28	117	504.947
2.356194	2.592629	0.909713	117	27	117	504.881
-1.570796	2.979456	-1.009304	1	38	2	504.743
0.785398	1.617114	-1.572037	21	9	21	504.539
0.261799	1.948085	-2.363031	110	123	122	504.536
-2.094395	0.866955	-0.931351	126	11	19	504.513
-2.879793	1.699788	2.452890	109	9	15	504.505
1.570796	1.606104	-0.451151	16	7	108	504.465
-2.094395	2.664082	-1.071402	2	37	2	504.464
1.832596	1.872854	1.543456	6	3	18	504.431
-1.308997	1.736875	3.023612	19	29	0	504.383
-2.617994	2.115563	0.685730	13	108	102	504.378
0.523599	1.025536	1.576859	33	18	122	504.371
-1.832596	1.504028	0.636812	11	127	94	504.364
-2.356194	2.089241	-0.114193	0	104	6	504.327
-1.047198	1.998705	2.370472	2	119	19	504.312
2.617994	2.247462	0.191623	27	121	18	504.207
-2.094395	2.881233	-2.582574	115	32	7	504.094
-2.879793	2.587733	0.232235	104	9	3	504.046
2.617994	0.866395	-2.492918	0	26	10	504.020
-1.570796	1.948085	-2.363031	120	25	123	503.773
0.523599	1.014500	0.906702	29	120	10	503.766
-1.308997	1.413347	-1.339188	105	119	121	503.614
-2.094395	2.455966	-0.641220	4	1	104	503.597
-2.356194	1.617114	-1.572037	117	25	113	503.394
1.308997	2.001437	0.381215	30	4	114	503.389
-2.094395	0.290380	-0.796960	4	36	3	503.158
-1.570796	0.571433	-1.188419	107	113	119	503.098
-1.308997	0.906588	1.252948	108	4	13	503.086
2.094395	0.899350	-2.069907	2	121	29	502.998
-0.523599	1.977582	0.969896	6	18	20	502.863
-1.832596	0.709924	0.218797	1	36	125	502.721
-3.141593	0.618092	2.539118	11	4	23	502.462
-0.523599	1.433411	-1.035986	125	109	116	502.441
1.308997	0.850607	-1.335383	109	23	121	502.430
2.356194	1.367556	0.358405	8	25	123	502.383
-0.523599	1.325504	-1.671296	5	40	127	502.334
-1.308997	2.180315	-1.357379	115	112	115	502.307
-2.879793	1.310100	1.488307	1	27	17	502.281
0.785398	0.615174	-0.666022	118	29	114	502.168
0.523599	1.488617	1.159546	109	117	125	502.164
-1.832596	1.554776	0.100351	21	9	99	502.143
1.047198	1.617114	-1.572037	123	108	119	502.134
-1.047198	1.256302	0.062705	123	33	7	502.074
1.570796	2.115563	0.685730	120	28	116	501.922
-3.141593	2.343981	-1.040456	33	0	24	501.868
0.000000	1.736875	3.023612	31	0	22	501.802
1.047198	0.906588	1.252948	13	11	96	501.724
-2.094395	1.510910	-0.740472	18	113	21	501.671
-1.308997	1.374601	-2.456031	110	21	127	501.583
1.570796	1.413347	-1.339188	111	22	18	501.568
0.261799	1.846342	-1.796954	27	6	19	501.469
-0.785398	0.864993	2.278281	12	25	125	501.457
0.261799	0.906588	1.252948	34	9	120	501.412
0.785398	0.458961	-0.107937	119	5	16	501.351
-2.094395	1.982574	-1.115518	16	5	110	501.247
2.879793	2.187132	-0.479875	114	106	11	500.981
-2.094395	2.108018	1.311430	13	113	101	500.760
-3.141593	1.242974	-2.977882	124	27	12	500.740
-1.570796	1.599406	1.426070	21	18	11	500.704
1.570796	2.108018	1.311430	106	8	18	500.678
0.261799	2.404280	-0.174044	106	122	112	500.669
-1.570796	2.073035	2.027405	7	13	26	500.595
-0.523599	2.379497	0.561089	2	17	22	500.579
-0.785398	0.618092	2.539118	35	112	4	500.506
1.832596	1.417623	-0.202254	105	19	0	500.494
0.785398	1.184361	0.625864	10	5	30	500.492
-2.356194	1.242974	-2.977882	27	15	8	500.458
2.094395	2.863997	0.549740	10	5	104	500.405
2.617994	1.134497	-1.109631	23	120	108	500.401
-3.141593	2.863997	0.549740	124	12	23	500.392
-2.879793	2.984978	1.954446	0	32	3	500.309
-2.879793	1.599406	1.426070	108	12	8	500.308
2.356194	1.809167	1.213774	0	12	19	500.281
2.356194	0.419640	2.974122	14	5	24	500.272
-2.617994	0.961715	0.014085	21	18	104	500.191
-1.047198	1.134497	-1.109631	29	11	18	500.179
0.261799	0.619654	-2.216909	117	104	119	500.151
2.617994	2.719179	-1.780644	111	113	112	500.121
-1.832596	2.247462	0.191623	115	10	13	500.092
2.617994	1.194549	-0.801900	121	31	7	500.092
-1.308997	0.899350	-2.069907	117	0	14	500.032
-3.141593	2.579248	-2.364801	26	123	30	500.025
-1.570796	1.504028	0.636812	127	6	94	500.012
1.832596	0.619654	-2.216909	22	2	22	499.999
1.832596	2.984978	1.954446	103	1	14	499.977
0.261799	2.881233	-2.582574	124	111	110	499.787
2.094395	1.301460	-0.509251	125	108	101	499.778
2.879793	1.875281	0.107086	29	122	17	499.754
-1.570796	1.506530	1.988858	108	113	2	499.723
-2.879793	1.256302	0.062705	15	6	96	499.634
0.000000	0.496451	0.593859	107	117	118	499.616
0.785398	1.440580	2.260026	31	21	124	499.597
-2.879793	0.419640	2.974122	119	9	15	499.595
0.785398	0.992645	-1.723759	115	25	17	499.383
-1.047198	0.297065	2.160177	3	26	116	499.367
-0.785398	2.295480	1.008277	118	0	17	499.360
2.879793	1.168678	2.108595	110	8	10	499.215
-2.879793	1.014500	0.906702	123	21	18	499.135
-1.047198	1.450119	-2.739050	117	117	8	499.012
0.000000	1.134497	-1.109631	109	15	20	498.985
-0.785398	0.619654	-2.216909	4	37	3	498.978
2.879793	1.736875	3.023612	122	20	23	498.914
1.832596	0.762244	-0.273349	23	10	19	498.909
0.000000	0.571433	-1.188419	123	105	124	498.896
0.261799	1.662363	0.915448	26	113	126	498.889
2.094395	0.831641	0.616218	115	115	99	498.846
0.000000	1.756530	-2.105156	1	97	0	498.648
-0.261799	2.251330	-2.330739	105	127	119	498.394
-1.308997	0.992645	-1.723759	5	36	4	498.291
-1.047198	1.391910	3.030322	126	2	21	498.285
-3.141593	1.569311	-3.003978	118	9	22	498.155
2.356194	1.025536	1.576859	127	25	14	498.129
-1.832596	1.721184	-0.153948	20	7	23	498.046
1.308997	2.349581	-2.702517	32	4	21	498.024
-1.047198	0.961715	0.014085	107	0	1	497.920
-2.617994	0.864993	2.278281	7	20	23	497.787
0.785398	2.637879	2.121598	125	37	10	497.768
-2.356194	2.579248	-2.364801	126	32	16	497.742
-2.617994	0.591903	2.010408	103	119	2	497.623
0.785398	0.831641	0.616218	32	126	6	497.524
1.308997	0.674054	1.013609	19	3	25	497.481
2.356194	1.242974	-2.977882	111	0	19	497.470
-1.308997	1.766067	2.153843	18	25	8	497.426
2.879793	2.456751	-1.503343	37	7	12	497.424
-0.523599	0.618092	2.539118	38	8	10	497.424
-1.570796	1.696674	-1.253233	109	113	118	497.268
-3.141593	1.135813	-2.658866	107	125	23	497.133
0.261799	0.370812	-2.547742	30	2	7	497.114
2.617994	2.379497	0.561089	15	122	27	497.098
-2.617994	1.374601	-2.456031	127	34	123	497.078
-2.879793	0.591903	2.010408	101	118	124	496.889
-1.308997	0.762244	-0.273349	125	37	3	496.805
-1.570796	2.456751	-1.503343	31	126	127	496.804
-2.094395	2.073035	2.027405	117	30	113	496.734
-3.141593	1.391910	3.030322	115	6	20	496.691
-1.308997	1.617114	-1.572037	1	37	11	496.646
1.832596	0.850607	-1.335383	103	113	4	496.536
-1.047198	0.379747	-1.713059	0	39	122	496.460
-1.047198	0.850607	-1.335383	32	9	14	496.339
1.570796	2.587733	0.232235	102	121	19	496.272
1.570796	1.310100	1.488307	28	7	11	496.194
0.785398	2.396274	-1.959260	7	25	6	496.188
1.308997	2.456751	-1.503343	9	110	112	496.148
-2.356194	0.762244	-0.273349	127	38	123	495.940
-1.570796	2.247462	0.191623	122	127	107	495.862
-0.785398	0.496451	0.593859	18	109	123	495.646
-0.785398	0.929350	-2.910676	27	1	27	495.407
1.047198	1.391910	3.030322	110	6	15	495.342
-2.617994	1.247695	1.809890	107	13	11	495.273
-1.047198	1.869911	2.701025	120	117	13	495.247
-1.047198	2.174483	2.653697	116	118	15	495.213
0.261799	2.455966	-0.641220	13	26	123	495.152
-1.570796	1.569311	-3.003978	22	24	124	495.117
-3.141593	1.606104	-0.451151	120	103	0	494.923
-0.785398	2.164094	-2.991358	111	127	24	494.735
1.308997	1.506530	1.988858	98	9	4	494.587
-0.261799	0.899350	-2.069907	4	8	101	494.564
-0.523599	1.310100	1.488307	124	21	23	494.560
1.832596	2.404280	-0.174044	24	119	19	494.504
-1.570796	1.113094	-0.272241	29	12	13	494.465
-2.356194	2.033014	2.977192	4	26	4	494.289
-2.094395	2.760637	2.781135	2	22	6	494.273
1.570796	2.863997	0.549740	112	26	3	494.249
-2.617994	0.733948	3.021411	6	24	18	494.246
-2.356194	1.184361	0.625864	31	13	3	494.222
-1.308997	0.379747	-1.713059	0	38	2	494.166
-2.356194	0.297065	2.160177	11	5	27	494.088
1.047198	2.063651	-2.044600	110	2	26	494.064
1.570796	1.135834	-1.431087	118	13	21	494.056
1.570796	1.555207	1.708892	30	5	5	494.021
0.261799	1.335669	0.897240	10	101	7	493.906
-2.094395	0.571433	-1.188419	6	35	126	493.834
2.356194	1.050534	3.042579	102	126	10	493.773
2.094395	1.195355	1.200319	5	25	10	493.575
-2.879793	2.393226	1.857173	111	28	118	493.470
1.308997	2.104282	-0.813972	1	35	123	493.432
0.785398	1.134796	2.434290	33	20	3	493.412
-0.523599	2.456751	-1.503343	120	4	29	493.238
-0.261799	2.760637	2.781135	1	31	5	493.166
2.617994	0.496451	0.593859	112	16	22	493.087
1.570796	0.571433	-1.188419	104	113	7	493.020
2.094395	0.864993	2.278281	123	35	123	492.979
-0.785398	2.033014	2.977192	120	125	20	492.743
1.570796	1.683268	0.374177	8	120	97	492.709
-2.879793	2.664082	-1.071402	107	113	116	492.672
-1.308997	1.417623	-0.202254	15	103	113	492.657
2.094395	1.440580	2.260026	106	9	10	492.651
-2.879793	1.574060	2.783565	37	15	16	492.609
-1.308997	1.184361	0.625864	114	112	17	492.525
0.000000	0.080730	-2.622036	123	40	124	492.525
1.570796	2.247462	0.191623	4	26	9	492.441
2.356194	0.906588	1.252948	2	23	13	492.434
1.832596	1.391910	3.030322	117	37	3	492.391
2.356194	1.448123	-2.163292	13	125	32	492.376
1.047198	1.846342	-1.796954	104	0	24	492.366
-1.047198	1.218453	2.777284	119	119	17	492.315
1.047198	1.948085	-2.363031	26	112	118	492.311
0.261799	1.184361	0.625864	28	119	1	492.278
-0.523599	2.063651	-2.044600	120	6	28	492.248
-2.094395	0.733948	3.021411	119	20	11	492.168
1.570796	1.824694	1.850876	6	5	21	492.147
2.617994	1.301460	-0.509251	35	122	7	492.106
2.617994	1.417623	-0.202254	118	39	0	491.963
1.570796	0.850607	-1.335383	112	23	114	491.959
2.879793	1.310100	1.488307	109	8	6	491.947
1.832596	2.108018	1.311430	10	9	22	491.934
-1.308997	0.203748	0.590255	121	32	116	491.898
2.094395	1.433411	-1.035986	124	0	23	491.865
-1.047198	1.846342	-1.796954	26	4	116	491.841
1.832596	1.699788	2.452890	33	3	125	491.774
2.094395	0.700570	1.559208	4	37	122	491.723
-3.141593	2.153910	-1.714959	24	4	113	491.703
2.879793	1.247695	1.809890	110	8	7	491.702
1.570796	0.910508	1.903534	19	122	30	491.696
1.832596	0.640596	-2.797608	123	33	121	491.447
-1.832596	1.766067	2.153843	106	115	1	491.406
1.570796	1.696674	-1.253233	2	107	114	491.405
-2.879793	1.756530	-2.105156	0	23	19	491.400
2.617994	1.836682	-0.676006	15	25	120	491.383
-2.879793	0.290380	-0.796960	6	8	25	491.159
-2.879793	1.732874	-0.951685	11	127	28	491.096
2.879793	2.881233	-2.582574	25	0	32	491.074
0.785398	1.391910	3.030322	113	5	17	490.972
2.356194	0.571433	-1.188419	4	22	21	490.966
0.523599	2.343981	-1.040456	16	15	25	490.938
-2.879793	1.450119	-2.739050	22	14	11	490.892
-2.617994	0.418037	1.360082	123	115	18	490.880
0.000000	1.433411	-1.035986	24	24	7	490.859
-0.523599	1.721184	-0.153948	1	105	118	490.812
-0.785398	0.203748	0.590255	13	1	28	490.795
1.308997	0.615174	-0.666022	112	26	116	490.749
-1.047198	2.579248	-2.364801	0	30	121	490.684
-2.617994	1.836682	-0.676006	2	32	3	490.646
1.047198	2.089241	-0.114193	7	9	23	490.636
2.617994	1.617114	-1.572037	111	109	11	490.625
0.000000	0.992645	-1.723759	121	102	3	490.620
-2.094395	0.458961	-0.107937	113	114	9	490.501
1.047198	2.295480	1.008277	111	18	20	490.430
1.308997	0.910508	1.903534	4	33	8	490.283
2.094395	1.510910	-0.740472	122	10	16	490.257
1.832596	1.045978	0.343692	25	2	17	490.189
-2.094395	2.393226	1.857173	9	107	107	490.165
2.356194	1.135834	-1.431087	23	100	9	490.141
-0.261799	1.756530	-2.105156	126	97	0	490.118
2.094395	0.618092	2.539118	101	124	122	490.041
2.356194	0.910508	1.903534	107	6	3	490.002
2.879793	2.073035	2.027405	110	29	4	489.938
-1.308997	2.073035	2.027405	7	10	24	489.910
-1.047198	1.504028	0.636812	13	123	96	489.882
-0.523599	2.404280	-0.174044	2	109	113	489.725
0.261799	2.664082	-1.071402	118	34	9	489.703
1.047198	0.929350	-2.910676	125	28	20	489.677
2.094395	0.458961	-0.107937	16	12	24	489.538
-2.879793	1.413347	-1.339188	117	31	116	489.471
0.261799	0.899350	-2.069907	118	106	113	489.407
1.308997	1.335669	0.897240	12	10	96	489.388
1.832596	2.295480	1.008277	28	8	113	489.345
-2.879793	2.187132	-0.479875	124	105	5	489.261
2.356194	1.310100	1.488307	125	0	22	489.239
-0.261799	1.812176	0.656819	10	8	96	489.210
-0.523599	0.290380	-0.796960	119	37	4	489.092
1.832596	1.506530	1.988858	31	6	3	489.083
-2.356194	2.478122	2.609777	123	103	114	488.972
-1.570796	2.455966	-0.641220	1	38	123	488.959
1.047198	1.134796	2.434290	16	127	101	488.944
2.617994	2.637879	2.121598	14	10	12	488.926
2.617994	0.290380	-0.796960	14	13	22	488.899
0.785398	0.618092	2.539118	1	37	5	488.892
-1.570796	2.104282	-0.813972	112	113	116	488.889
2.617994	0.619654	-2.216909	19	127	109	488.750
-1.832596	0.619654	-2.216909	0	10	22	488.739
-2.094395	2.979456	-1.009304	14	125	103	488.734
0.523599	1.135834	-1.431087	112	15	21	488.725
-2.356194	0.914445	2.687814	4	25	18	488.689
-2.356194	2.760637	2.781135	5	29	1	488.598
1.832596	1.242974	-2.977882	116	35	8	488.572
0.000000	1.812176	0.656819	26	2	126	488.533
-2.356194	1.606104	-0.451151	0	113	107	488.457
-0.523599	2.478122	2.609777	3	32	19	488.412
-2.094395	1.732874	-0.951685	7	29	17	488.256
2.879793	0.850607	-1.335383	115	30	10	488.100
-2.094395	0.685216	-1.712745	10	32	0	488.082
-1.570796	1.256302	0.062705	105	3	126	488.073
-0.261799	1.504028	0.636812	17	105	125	488.051
1.308997	1.510910	-0.740472	3	30	6	487.914
-1.308997	0.419640	2.974122	115	22	12	487.862
-2.094395	1.050534	3.042579	122	21	11	487.857
1.047198	0.080730	-2.622036	108	126	109	487.852
0.000000	2.704512	1.488683	15	28	111	487.809
1.308997	1.014500	0.906702	97	13	1	487.793
2.356194	1.135813	-2.658866	1	28	5	487.754
-1.832596	2.979456	-1.009304	20	4	106	487.734
2.617994	2.881233	-2.582574	17	127	102	487.717
0.000000	0.961715	0.014085	21	24	3	487.631
0.000000	1.417623	-0.202254	7	1	99	487.593
2.617994	0.618092	2.539118	110	6	8	487.484
2.094395	1.506530	1.988858	106	12	10	487.464
0.523599	1.242974	-2.977882	18	13	108	487.439
-3.141593	1.025536	1.576859	125	28	109	487.404
-1.047198	1.736875	3.023612	17	32	4	487.391
0.000000	1.134796	2.434290	7	122	22	487.331
2.617994	1.872854	1.543456	108	15	9	487.300
-2.617994	2.299159	2.264663	2	28	9	487.268
2.356194	1.662363	0.915448	123	29	126	487.219
-2.094395	0.864993	2.278281	122	110	102	487.168
-1.570796	2.881233	-2.582574	7	28	125	487.039
2.094395	2.089241	-0.114193	24	117	17	487.004
2.356194	1.732874	-0.951685	21	22	118	486.980
2.094395	1.824694	1.850876	107	14	13	486.948
-1.308997	1.134497	-1.109631	35	127	8	486.945
-1.047198	0.709924	0.218797	108	0	4	486.914
-1.047198	1.977582	0.969896	112	118	19	486.862
1.047198	0.203748	0.590255	17	9	25	486.824
-1.308997	2.174483	2.653697	112	109	121	486.692
2.356194	2.456751	-1.503343	111	5	125	486.654
1.832596	1.869911	2.701025	33	2	123	486.623
1.047198	0.914445	2.687814	118	4	16	486.601
-2.617994	0.914445	2.687814	6	26	18	486.592
-3.141593	0.961715	0.014085	30	126	14	486.570
-3.141593	2.724429	-0.348782	119	114	17	486.405
2.879793	1.135834	-1.431087	122	28	2	486.272
-0.785398	0.961715	0.014085	113	120	105	486.268
-1.308997	2.455966	-0.641220	121	40	122	486.235
-0.785398	1.545873	-1.877082	0	24	25	486.230
-2.879793	0.866955	-0.931351	121	19	108	486.197
-1.832596	1.824694	1.850876	126	110	105	486.176
-1.308997	2.033014	2.977192	16	29	7	486.137
0.523599	2.881233	-2.582574	0	28	9	486.081
2.879793	2.984978	1.954446	114	25	6	486.033
-0.785398	1.554776	0.100351	2	102	121	485.989
-2.356194	2.138223	1.678323	32	126	124	485.920
1.047198	0.591903	2.010408	16	127	25	485.867
-2.356194	2.719179	-1.780644	124	38	7	485.863
-2.094395	1.599406	1.426070	111	127	8	485.752
-0.785398	1.766067	2.153843	12	118	105	485.671
-2.356194	2.349581	-2.702517	8	23	126	485.656
-2.356194	1.256302	0.062705	29	6	16	485.652
-0.785398	1.135813	-2.658866	21	3	31	485.634
2.617994	1.875281	0.107086	26	120	18	485.613
1.047198	1.135834	-1.431087	34	1	7	485.459
2.094395	2.407836	1.410646	12	11	20	485.363
1.047198	0.864993	2.278281	104	17	9	485.348
-1.832596	0.700570	1.559208	106	113	121	485.341
-0.261799	2.637879	2.121598	5	114	107	485.196
0.785398	2.153910	-1.714959	107	4	119	485.156
1.570796	0.615174	-0.666022	112	25	113	485.127
-1.570796	1.812176	0.656819	126	118	101	485.101
1.832596	0.910508	1.903534	27	125	20	485.014
-0.523599	0.379747	-1.713059	120	24	17	484.874
-1.047198	1.506530	1.988858	22	26	13	484.540
-0.261799	0.674054	1.013609	4	20	24	484.530
-0.523599	2.180315	-1.357379	121	10	29	484.496
-3.141593	1.721184	-0.153948	30	122	20	484.418
2.094395	2.478122	2.609777	16	7	106	484.406
1.308997	1.134497	-1.109631	33	7	10	484.386
-0.785398	1.555207	1.708892	122	24	15	484.359
-1.047198	0.866395	-2.492918	5	28	14	484.295
-3.141593	2.456751	-1.503343	14	106	120	484.273
0.523599	2.174483	2.653697	34	3	17	484.272
-2.356194	1.696674	-1.253233	7	28	16	484.244
2.094395	2.393226	1.857173	18	24	6	484.180
-0.785398	2.356369	3.005869	115	116	9	484.110
-3.141593	1.662363	0.915448	127	32	126	484.088
1.308997	1.606104	-0.451151	2	28	9	483.969
-1.570796	1.736875	3.023612	22	24	0	483.961
-2.617994	1.824694	1.850876	119	9	14	483.916
0.523599	1.050534	3.042579	30	17	16	483.856
-1.047198	2.455966	-0.641220	0	111	112	483.829
2.094395	2.592629	0.909713	12	13	20	483.823
2.617994	1.662363	0.915448	116	110	102	483.780
0.785398	2.187132	-0.479875	10	14	26	483.768
-1.047198	0.929350	-2.910676	126	3	21	483.757
-2.356194	2.588535	-2.976617	9	22	126	483.742
2.879793	2.664082	-1.071402	34	8	24	483.691
1.308997	2.187132	-0.479875	5	17	14	483.664
0.000000	2.379497	0.561089	127	26	24	483.521
2.094395	0.080730	-2.622036	17	0	27	483.411
-3.141593	1.812176	0.656819	9	115	99	482.880
0.785398	2.724429	-0.348782	116	31	11	482.816
1.308997	0.591903	2.010408	1	34	108	482.800
-1.570796	0.709924	0.218797	125	38	123	482.783
0.000000	0.899350	-2.069907	96	27	19	482.711
-2.356194	1.809167	1.213774	108	1	12	482.689
-3.141593	0.733948	3.021411	15	5	22	482.642
2.094395	2.115563	0.685730	105	18	12	482.629
2.879793	0.571433	-1.188419	115	27	13	482.604
-1.570796	0.674054	1.013609	109	5	10	482.573
-0.261799	1.699788	2.452890	8	120	105	482.503
0.523599	1.325504	-1.671296	124	103	124	482.488
2.879793	1.256302	0.062705	19	4	97	482.460
2.094395	0.914445	2.687814	117	36	124	482.423
2.617994	2.063651	-2.044600	28	3	116	482.374
1.047198	2.396274	-1.959260	108	1	26	482.373
2.617994	0.685216	-1.712745	122	29	11	482.334
-0.523599	1.367556	0.358405	8	126	95	482.297
-3.141593	0.850607	-1.335383	112	29	10	482.192
0.261799	1.756530	-2.105156	2	2	33	482.171
2.094395	2.108018	1.311430	8	12	19	482.089
1.308997	0.906588	1.252948	22	127	24	482.040
-0.523599	0.831641	0.616218	24	114	119	482.032
1.047198	1.335669	0.897240	14	9	96	482.010
1.308997	0.290380	-0.796960	17	119	93	481.940
-0.261799	1.367556	0.358405	116	113	103	481.860
-0.785398	2.349581	-2.702517	112	118	10	481.806
0.261799	2.396274	-1.959260	118	99	23	481.737
-3.141593	2.180315	-1.357379	29	9	27	481.639
-0.785398	2.407836	1.410646	10	32	9	481.534
-1.047198	1.014500	0.906702	7	115	98	481.533
-0.261799	1.846342	-1.796954	25	3	23	481.469
2.356194	1.554776	0.100351	12	120	96	481.421
-1.047198	2.138223	1.678323	115	104	125	481.413
1.832596	1.555207	1.708892	30	8	4	481.403
-1.832596	2.664082	-1.071402	115	7	103	481.371
-0.523599	1.504028	0.636812	7	32	6	481.369
0.000000	1.014500	0.906702	108	120	118	481.354
0.261799	1.195355	1.200319	33	11	118	481.316
1.047198	2.343981	-1.040456	110	111	120	481.269
2.617994	2.407836	1.410646	123	26	116	481.184
2.356194	1.113094	-0.272241	33	119	4	481.170
-1.047198	1.555207	1.708892	17	14	13	481.032
-1.047198	0.899350	-2.069907	104	120	115	481.003
1.570796	0.709924	0.218797	12	108	98	480.907
2.879793	1.433411	-1.035986	23	121	107	480.811
1.832596	1.732874	-0.951685	4	108	109	480.764
2.879793	0.831641	0.616218	2	25	10	480.734
0.523599	0.418037	1.360082	15	124	23	480.712
-1.570796	1.025536	1.576859	106	7	13	480.704
0.785398	1.374601	-2.456031	104	127	15	480.629
0.785398	1.812176	0.656819	114	34	9	480.548
-2.094395	2.041297	-2.664597	123	4	28	480.539
1.047198	1.599406	1.426070	124	104	113	480.495
0.261799	1.982574	-1.115518	114	15	24	480.392
-1.047198	1.809167	1.213774	16	124	27	480.387
-0.523599	1.606104	-0.451151	115	28	16	480.296
-0.523599	1.545873	-1.877082	17	12	110	480.296
2.356194	2.664082	-1.071402	113	112	7	480.293
-1.308997	1.440580	2.260026	108	111	2	480.189
2.094395	1.662363	0.915448	116	28	4	480.021
2.356194	1.875281	0.107086	27	118	12	480.003
-2.879793	0.864993	2.278281	8	8	22	479.967
-0.785398	1.977582	0.969896	21	3	98	479.965
-0.261799	2.456751	-1.503343	20	123	25	479.897
-2.356194	1.569311	-3.003978	119	24	9	479.849
0.000000	2.984978	1.954446	38	9	8	479.787
-2.879793	2.343981	-1.040456	19	123	110	479.721
-1.570796	1.904882	-1.478089	113	116	114	479.642
1.047198	0.571433	-1.188419	15	107	17	479.590
0.261799	1.545873	-1.877082	117	115	122	479.590
1.308997	1.128190	-2.288622	27	7	14	479.571
2.094395	1.256302	0.062705	15	105	104	479.488
-2.617994	1.413347	-1.339188	116	30	122	479.410
-0.523599	2.299159	2.264663	40	117	127	479.388
-2.617994	2.108018	1.311430	117	37	9	479.371
-2.094395	1.310100	1.488307	104	10	12	479.348
-1.570796	2.251330	-2.330739	127	26	121	479.316
-0.785398	1.506530	1.988858	37	114	117	479.222
-1.832596	1.218453	2.777284	21	20	18	479.202
-1.308997	0.458961	-0.107937	122	38	127	479.112
-3.141593	0.370812	-2.547742	124	19	15	478.714
-1.308997	0.866955	-0.931351	32	13	13	478.644
2.356194	2.174483	2.653697	16	9	105	478.589
0.261799	2.180315	-1.357379	117	9	26	478.547
-2.094395	2.863997	0.549740	106	7	5	478.534
1.832596	0.992645	-1.723759	30	8	12	478.533
-2.879793	1.134497	-1.109631	37	14	6	478.510
1.832596	2.251330	-2.330739	31	4	23	478.498
-0.261799	0.992645	-1.723759	28	5	15	478.471
-1.308997	1.128190	-2.288622	109	21	0	478.381
-2.879793	0.914445	2.687814	13	8	23	478.330
-2.617994	0.379747	-1.713059	3	10	24	478.247
-2.879793	2.089241	-0.114193	121	102	6	478.193
-0.261799	1.310100	1.488307	20	11	18	478.188
0.000000	1.824694	1.850876	118	16	15	478.125
2.356194	2.455966	-0.641220	114	116	14	478.105
1.047198	0.640596	-2.797608	121	28	16	478.070
1.308997	2.455966	-0.641220	28	5	15	478.015
2.356194	0.615174	-0.666022	18	18	19	477.995
2.879793	1.194549	-0.801900	116	108	118	477.837
2.879793	1.113094	-0.272241	114	36	3	477.826
1.832596	1.113094	-0.272241	124	114	99	477.810
0.261799	1.569311	-3.003978	0	118	104	477.616
-3.141593	0.831641	0.616218	2	25	11	477.605
-3.141593	2.108018	1.311430	111	30	122	477.578
-2.617994	1.699788	2.452890	121	122	24	477.472
1.832596	2.719179	-1.780644	123	103	126	477.422
0.261799	1.214854	-1.966664	116	13	23	477.345
-2.356194	1.683268	0.374177	16	125	96	477.250
-1.047198	1.135813	-2.658866	127	10	23	477.230
-2.094395	1.301460	-0.509251	10	31	110	477.178
0.261799	2.033014	2.977192	38	127	10	477.111
-0.523599	1.824694	1.850876	34	16	21	477.022
0.000000	0.640596	-2.797608	126	38	6	476.992
1.047198	1.247695	1.809890	123	16	17	476.939
1.832596	2.164094	-2.991358	96	7	124	476.894
-1.570796	2.001437	0.381215	0	123	101	476.894
-0.261799	2.592629	0.909713	27	110	12	476.816
-0.261799	1.574060	2.783565	105	14	9	476.815
2.356194	0.831641	0.616218	18	15	102	476.770
2.094395	1.836682	-0.676006	1	0	24	476.742
-0.785398	2.587733	0.232235	127	125	104	476.724
0.785398	2.455966	-0.641220	14	11	27	476.634
-2.617994	2.247462	0.191623	125	105	8	476.624
1.832596	1.574060	2.783565	33	2	125	476.578
-0.785398	1.504028	0.636812	13	127	95	476.568
-3.141593	2.587733	0.232235	120	110	6	476.525
1.047198	2.704512	1.488683	28	0	113	476.485
