112	1.2	0
-2.356194	2.174483	2.653697
-0.567393	0.197788	1.530557
../1vb4_monomer_m.pdb	17.234	27.542	-66.724
../1vb4_monomer_m.pdb	4.190	58.220	44.328
-0.785398	1.732874	-0.951685	12	92	105	1211.187
-0.785398	0.850607	-1.335383	9	91	101	1194.956
1.047198	1.869911	2.701025	3	91	105	1134.409
-0.523599	0.850607	-1.335383	93	92	105	1118.494
-0.785398	2.108018	1.311430	106	9	24	1112.163
2.879793	0.850607	-1.335383	0	2	87	1111.679
-0.261799	2.247462	0.191623	15	12	103	1108.672
-0.523599	2.138223	1.678323	104	5	21	1100.241
2.617994	2.637879	2.121598	98	104	92	1088.637
-0.523599	1.325504	-1.671296	24	96	102	1087.678
0.785398	2.637879	2.121598	104	93	99	1085.078
-1.570796	2.881233	-2.582574	26	11	3	1083.525
1.570796	0.906588	1.252948	101	0	19	1082.418
1.308997	0.571433	-1.188419	21	14	108	1081.463
-1.832596	2.295480	1.008277	7	92	99	1080.722
1.570796	2.478122	2.609777	110	88	106	1078.703
1.832596	1.696674	-1.253233	105	95	97	1076.959
-1.308997	1.836682	-0.676006	12	89	109	1066.561
-0.785398	1.218453	2.777284	110	96	98	1066.323
0.000000	2.180315	-1.357379	15	13	98	1061.031
-2.356194	2.001437	0.381215	107	102	87	1059.909
-2.617994	1.325504	-1.671296	22	15	9	1059.293
2.356194	2.393226	1.857173	98	105	90	1058.829
1.308997	0.733948	3.021411	2	90	94	1057.496
-0.261799	1.168678	2.108595	111	100	91	1055.896
-0.261799	0.899350	-2.069907	108	98	87	1052.749
1.308997	2.041297	-2.664597	110	100	89	1051.148
-0.785398	0.571433	-1.188419	9	90	102	1047.575
1.570796	2.164094	-2.991358	91	97	92	1042.279
-2.617994	2.456751	-1.503343	100	90	99	1040.812
1.308997	1.450119	-2.739050	4	94	97	1039.766
-2.617994	2.247462	0.191623	108	100	88	1037.776
1.308997	2.033014	2.977192	92	96	93	1036.586
2.879793	1.836682	-0.676006	3	100	91	1036.076
2.617994	2.393226	1.857173	102	104	90	1033.027
1.570796	1.736875	3.023612	111	89	102	1031.834
1.570796	1.870545	-2.976234	94	97	89	1031.288
-1.047198	1.135834	-1.431087	111	94	91	1026.132
-2.617994	1.617114	-1.572037	22	16	5	1025.879
-0.261799	1.325504	-1.671296	25	100	101	1022.962
-1.570796	1.732874	-0.951685	109	93	94	1020.686
-0.261799	0.992645	-1.723759	15	93	102	1020.378
0.523599	0.906588	1.252948	111	92	96	1018.247
-1.832596	2.343981	-1.040456	103	88	105	1017.936
-0.785398	1.134497	-1.109631	93	94	100	1017.922
0.785398	2.299159	2.264663	108	91	104	1016.224
1.047198	1.736875	3.023612	1	91	102	1010.971
1.832596	2.478122	2.609777	11	88	108	1009.766
-1.570796	1.977582	0.969896	0	5	26	1008.237
-2.356194	2.984978	1.954446	13	11	99	1006.600
0.523599	1.135813	-2.658866	99	103	84	1006.393
1.308997	1.574060	2.783565	1	90	101	1003.188
2.879793	2.637879	2.121598	97	101	93	1002.840
-3.141593	0.419640	2.974122	110	92	109	1002.379
-0.785398	1.135834	-1.431087	22	92	104	999.354
-1.832596	1.982574	-1.115518	105	87	102	998.471
1.047198	1.574060	2.783565	3	90	105	997.743
-1.047198	1.045978	0.343692	107	101	89	997.665
0.785398	0.571433	-1.188419	96	95	99	996.713
-2.617994	2.033014	2.977192	27	5	109	995.801
-1.570796	1.696674	-1.253233	110	92	93	994.622
-1.570796	1.569311	-3.003978	96	95	104	993.082
-1.308997	1.977582	0.969896	0	5	26	992.173
1.832596	0.379747	-1.713059	20	14	105	990.476
0.000000	2.456751	-1.503343	15	14	100	989.131
2.617994	2.579248	-2.364801	91	90	100	987.937
-3.141593	0.864993	2.278281	102	94	2	986.972
0.261799	1.696674	-1.253233	97	110	18	986.828
0.523599	0.866395	-2.492918	99	98	89	985.021
1.832596	2.349581	-2.702517	95	94	96	984.450
-2.094395	2.343981	-1.040456	100	88	104	984.378
-0.785398	1.510910	-0.740472	109	90	102	983.503
-2.094395	2.664082	-1.071402	98	89	106	982.508
1.308997	1.218453	2.777284	109	90	95	981.462
-0.261799	1.555207	1.708892	110	96	14	979.776
0.523599	1.809167	1.213774	26	6	107	977.347
0.523599	2.404280	-0.174044	100	95	109	976.548
1.832596	2.407836	1.410646	101	103	91	975.515
1.832596	2.760637	2.781135	8	88	109	975.502
-2.879793	2.760637	2.781135	94	102	96	975.409
-1.047198	0.458961	-0.107937	108	98	92	975.285
1.047198	2.478122	2.609777	105	94	96	974.227
0.523599	1.025536	1.576859	31	0	7	972.023
-0.523599	1.696674	-1.253233	15	93	106	971.383
1.832596	2.138223	1.678323	99	108	88	969.991
-0.261799	1.448123	-2.163292	99	101	89	967.367
1.832596	2.164094	-2.991358	98	94	93	966.958
-2.094395	2.456751	-1.503343	105	89	98	966.949
1.308997	2.164094	-2.991358	109	98	91	966.511
-1.047198	2.108018	1.311430	107	6	23	966.474
1.832596	2.393226	1.857173	96	109	90	966.018
2.094395	2.349581	-2.702517	99	94	93	965.867
1.832596	1.617114	-1.572037	8	90	110	965.807
1.570796	2.108018	1.311430	100	104	89	965.265
0.785398	1.135813	-2.658866	102	103	83	963.603
-2.094395	2.180315	-1.357379	101	89	99	963.152
-0.261799	2.180315	-1.357379	17	11	98	961.626
1.047198	2.637879	2.121598	107	89	110	961.172
1.047198	1.135813	-2.658866	108	102	83	960.977
1.308997	1.870545	-2.976234	95	102	86	960.200
-1.832596	1.367556	0.358405	102	104	87	960.170
1.047198	1.870545	-2.976234	110	97	93	958.654
2.617994	0.866395	-2.492918	14	12	97	957.964
2.617994	1.741644	-2.695914	7	2	90	957.589
0.000000	2.041297	-2.664597	110	106	20	956.898
-2.356194	2.295480	1.008277	102	92	100	954.901
1.047198	2.174483	2.653697	109	91	102	954.213
-1.308997	1.732874	-0.951685	12	89	105	953.249
0.261799	0.866395	-2.492918	100	101	84	952.762
0.785398	0.640596	-2.797608	6	92	94	952.631
-1.047198	1.301460	-0.509251	24	93	108	952.054
-1.570796	0.709924	0.218797	107	97	93	952.003
1.047198	2.984978	1.954446	1	92	99	951.775
1.308997	1.732874	-0.951685	107	91	95	951.654
-1.308997	1.872854	1.543456	4	88	100	950.820
1.308997	1.135813	-2.658866	5	93	98	950.651
-0.785398	2.073035	2.027405	111	2	88	950.423
-1.832596	2.180315	-1.357379	4	92	95	949.472
-1.308997	0.458961	-0.107937	104	99	91	949.463
1.570796	1.732874	-0.951685	111	94	93	948.966
-1.308997	2.187132	-0.479875	11	89	110	948.410
1.047198	2.393226	1.857173	110	88	0	948.273
-1.832596	1.504028	0.636812	103	100	88	947.799
2.879793	2.724429	-0.348782	9	94	92	946.171
-0.785398	2.174483	2.653697	1	110	90	946.144
1.832596	1.569311	-3.003978	3	89	100	944.755
0.523599	2.247462	0.191623	95	97	107	943.691
-2.356194	1.875281	0.107086	109	105	86	943.133
1.308997	2.760637	2.781135	103	94	96	942.371
-0.523599	1.413347	-1.339188	26	97	104	941.792
1.308997	1.741644	-2.695914	104	100	88	941.056
1.832596	0.618092	2.539118	15	17	2	941.016
0.785398	0.929350	-2.910676	102	98	84	940.985
2.094395	2.299159	2.264663	19	89	110	940.625
1.570796	2.343981	-1.040456	11	17	106	940.312
-2.094395	2.164094	-2.991358	91	98	103	939.650
0.785398	1.242974	-2.977882	97	102	84	939.356
-2.879793	1.247695	1.809890	103	96	6	937.714
-2.617994	1.025536	1.576859	107	93	3	936.029
0.785398	1.433411	-1.035986	18	22	110	935.725
-3.141593	0.914445	2.687814	27	6	109	935.222
1.570796	1.433411	-1.035986	110	93	95	935.097
-2.356194	0.370812	-2.547742	14	14	100	934.930
0.261799	1.050534	3.042579	97	98	91	934.375
-1.832596	2.881233	-2.582574	94	97	101	933.925
-2.879793	2.719179	-1.780644	100	90	100	933.549
0.000000	1.683268	0.374177	2	2	86	933.505
1.047198	2.299159	2.264663	111	90	106	932.042
-0.785398	0.992645	-1.723759	107	96	89	931.984
-1.832596	2.979456	-1.009304	100	89	106	931.561
0.523599	1.113094	-0.272241	23	15	6	931.228
-2.094395	1.683268	0.374177	102	103	87	931.068
0.785398	0.615174	-0.666022	23	15	0	930.436
-0.523599	0.685216	-1.712745	102	94	92	930.184
-0.261799	0.379747	-1.713059	6	91	95	929.288
-1.308997	0.709924	0.218797	109	98	93	928.549
2.094395	2.478122	2.609777	15	88	109	926.328
0.261799	1.545873	-1.877082	110	105	87	925.809
-1.308997	1.045978	0.343692	102	102	88	925.607
-1.047198	1.194549	-0.801900	22	93	103	925.200
2.617994	0.080730	-2.622036	26	11	110	925.196
0.785398	1.766067	2.153843	107	91	109	924.535
-1.047198	1.014500	0.906702	93	92	97	924.381
-0.261799	1.545873	-1.877082	107	101	89	923.697
1.047198	1.569311	-3.003978	96	102	85	923.109
1.570796	1.025536	1.576859	102	110	19	923.003
2.617994	1.599406	1.426070	3	86	104	922.668
0.523599	0.700570	1.559208	29	4	8	921.938
1.047198	1.450119	-2.739050	2	95	96	921.467
-1.047198	0.866955	-0.931351	11	90	102	921.091
1.308997	1.194549	-0.801900	1	94	93	918.815
2.356194	1.846342	-1.796954	0	92	101	917.875
1.308997	0.906588	1.252948	100	111	19	916.711
-1.047198	1.134497	-1.109631	22	90	106	916.596
1.047198	1.194549	-0.801900	108	91	95	915.315
-1.047198	1.413347	-1.339188	3	96	90	915.168
-1.570796	1.904882	-1.478089	5	94	92	915.140
0.261799	2.979456	-1.009304	25	14	6	914.757
-2.879793	0.733948	3.021411	26	8	3	914.712
1.832596	0.685216	-1.712745	16	15	102	914.599
2.879793	2.579248	-2.364801	100	91	96	914.437
1.832596	2.104282	-0.813972	7	95	90	914.323
1.308997	1.510910	-0.740472	109	95	91	913.493
-1.308997	0.850607	-1.335383	110	88	95	913.190
2.094395	0.618092	2.539118	12	18	2	912.984
-0.785398	1.194549	-0.801900	24	96	103	912.602
-1.832596	2.456751	-1.503343	6	89	100	911.022
-1.047198	2.455966	-0.641220	0	95	95	910.991
-0.523599	1.617114	-1.572037	26	98	104	910.850
-3.141593	0.618092	2.539118	105	93	111	910.767
-1.832596	2.104282	-0.813972	103	93	97	908.589
-1.570796	1.413347	-1.339188	110	89	94	908.122
-1.832596	2.984978	1.954446	11	13	100	906.828
0.000000	0.619654	-2.216909	103	98	85	906.556
0.523599	1.741644	-2.695914	100	100	90	905.938
-2.617994	2.719179	-1.780644	103	89	99	904.796
2.879793	0.419640	2.974122	108	92	107	904.424
-1.308997	1.135834	-1.431087	106	94	90	904.289
-1.308997	2.881233	-2.582574	5	10	91	904.039
-1.047198	1.433411	-1.035986	17	90	105	903.280
-0.523599	1.135834	-1.431087	92	93	101	903.226
-0.261799	1.413430	2.550734	3	101	94	902.840
-1.570796	1.433411	-1.035986	107	93	93	902.197
-1.308997	1.510910	-0.740472	10	88	106	902.064
-1.047198	1.696674	-1.253233	100	97	93	902.058
1.047198	1.998705	2.370472	110	91	104	901.758
0.000000	1.440580	2.260026	108	101	93	901.700
-0.523599	1.741644	-2.695914	22	98	103	901.483
-2.356194	2.456751	-1.503343	102	89	99	901.483
-1.570796	1.310100	1.488307	105	89	106	901.403
0.785398	1.824694	1.850876	108	91	110	901.360
2.094395	2.704512	1.488683	97	102	92	900.445
0.523599	1.869911	2.701025	106	7	20	899.891
-0.785398	1.413347	-1.339188	24	93	105	899.368
0.523599	1.870545	-2.976234	97	99	92	898.188
-1.047198	1.510910	-0.740472	8	90	107	897.877
-0.523599	0.899350	-2.069907	105	97	87	897.388
2.879793	1.448123	-2.163292	0	10	89	896.949
-1.570796	2.115563	0.685730	110	2	26	896.826
0.261799	0.615174	-0.666022	95	95	97	896.785
-0.261799	2.153910	-1.714959	15	12	95	896.365
1.832596	2.041297	-2.664597	98	98	89	895.867
-1.047198	2.295480	1.008277	106	3	25	895.201
-2.356194	0.297065	2.160177	0	90	108	894.678
0.000000	2.881233	-2.582574	12	15	100	893.848
0.785398	2.033014	2.977192	3	86	111	893.062
-1.832596	2.592629	0.909713	12	91	98	892.833
-1.308997	1.433411	-1.035986	2	95	91	892.669
0.785398	1.050534	3.042579	98	93	94	892.500
-0.261799	0.762244	-0.273349	92	94	97	891.441
-0.261799	2.456751	-1.503343	16	13	99	891.420
2.879793	2.073035	2.027405	21	14	6	891.004
1.308997	0.850607	-1.335383	20	15	107	890.941
-3.141593	2.637879	2.121598	32	111	11	890.934
0.523599	0.640596	-2.797608	4	92	94	890.904
-3.141593	1.998705	2.370472	20	15	5	890.414
-2.879793	2.174483	2.653697	28	5	4	889.583
2.356194	2.881233	-2.582574	97	90	103	889.111
-0.785398	1.367556	0.358405	111	2	20	888.937
2.879793	1.998705	2.370472	23	14	6	888.922
-3.141593	1.872854	1.543456	109	110	86	888.799
-0.785398	2.299159	2.264663	0	2	90	887.959
-3.141593	1.699788	2.452890	3	90	93	887.637
-1.047198	2.089241	-0.114193	0	91	92	887.507
0.261799	1.448123	-2.163292	109	93	95	886.933
-0.523599	1.606104	-0.451151	12	91	98	886.827
2.094395	2.588535	-2.976617	99	93	95	886.692
0.261799	1.128190	-2.288622	2	106	83	886.083
-2.094395	2.295480	1.008277	97	97	87	886.037
-1.832596	1.184361	0.625864	96	101	90	884.615
-1.570796	2.343981	-1.040456	7	89	103	884.137
-1.570796	2.407836	1.410646	108	89	96	883.992
2.356194	2.637879	2.121598	97	105	92	883.826
1.570796	1.741644	-2.695914	100	99	87	883.758
1.832596	2.588535	-2.976617	108	88	109	883.152
1.047198	2.073035	2.027405	0	90	109	883.022
-2.094395	2.588535	-2.976617	94	97	101	882.790
1.047198	2.979456	-1.009304	12	11	98	882.637
-1.832596	2.001437	0.381215	111	110	25	882.589
1.308997	2.299159	2.264663	2	89	106	882.464
-2.356194	2.664082	-1.071402	102	88	105	882.164
-0.523599	0.458961	-0.107937	92	95	99	882.067
1.570796	1.413347	-1.339188	107	92	99	881.956
-0.785398	1.982574	-1.115518	103	103	85	881.817
-3.141593	2.478122	2.609777	95	105	93	881.658
-0.785398	0.762244	-0.273349	111	102	90	880.933
-1.832596	2.664082	-1.071402	102	88	107	880.781
1.308997	1.869911	2.701025	1	90	102	880.288
0.785398	1.574060	2.783565	104	91	107	880.217
1.832596	2.664082	-1.071402	106	91	96	879.937
2.617994	2.251330	-2.330739	101	98	88	879.655
-3.141593	1.448123	-2.163292	105	13	90	879.633
0.785398	1.391910	3.030322	9	90	108	879.361
1.047198	1.242974	-2.977882	93	97	91	879.300
-0.261799	1.134796	2.434290	4	97	96	879.217
-0.785398	0.866955	-0.931351	94	92	104	878.729
1.308997	1.736875	3.023612	5	91	102	878.586
1.308997	2.174483	2.653697	2	90	104	878.187
1.047198	0.929350	-2.910676	1	94	91	878.053
1.832596	1.982574	-1.115518	102	95	95	877.311
-1.308997	1.982574	-1.115518	13	89	104	877.103
1.047198	1.504028	0.636812	8	0	85	877.078
2.356194	1.194549	-0.801900	110	109	86	876.602
1.832596	2.299159	2.264663	14	89	108	876.221
1.308997	1.658653	-2.409879	106	103	86	876.061
1.570796	2.033014	2.977192	109	88	105	875.453
-2.879793	0.910508	1.903534	103	94	0	875.355
-2.094395	2.407836	1.410646	109	7	25	875.191
-1.308997	2.104282	-0.813972	12	89	107	874.672
1.832596	2.356369	3.005869	106	88	102	874.119
0.261799	0.619654	-2.216909	102	95	91	874.033
-2.617994	0.591903	2.010408	107	92	108	873.924
0.523599	1.872854	1.543456	29	5	0	873.529
1.308997	1.025536	1.576859	103	0	20	873.419
2.879793	1.732874	-0.951685	105	100	90	873.302
1.308997	1.247695	1.809890	101	101	14	873.217
-0.523599	2.299159	2.264663	111	4	90	873.185
-1.570796	1.982574	-1.115518	111	95	92	873.109
-1.047198	0.615174	-0.666022	91	93	111	872.668
0.000000	2.979456	-1.009304	26	11	6	871.570
0.785398	0.960688	-0.577532	107	92	94	871.258
-2.879793	2.396274	-1.959260	102	91	94	871.065
1.047198	0.290380	-0.796960	22	15	108	870.975
-1.047198	1.904882	-1.478089	109	96	93	870.957
0.000000	0.992645	-1.723759	17	94	102	870.809
1.832596	2.108018	1.311430	105	101	90	870.736
-1.570796	0.418037	1.360082	0	90	104	869.943
-2.879793	1.617114	-1.572037	25	14	11	869.324
-1.308997	1.413347	-1.339188	110	95	90	869.278
-1.570796	1.488617	1.159546	110	91	99	869.001
1.308997	1.569311	-3.003978	92	99	88	868.990
-1.832596	2.349581	-2.702517	92	97	105	868.794
-2.094395	0.674054	1.013609	24	5	19	868.053
1.570796	0.992645	-1.723759	110	89	2	867.989
-0.523599	2.393226	1.857173	106	8	90	867.851
0.261799	1.195355	1.200319	24	8	1	867.640
1.308997	2.637879	2.121598	9	88	0	867.574
-0.785398	1.325504	-1.671296	5	96	90	867.366
-1.308997	2.295480	1.008277	107	6	26	867.297
1.047198	1.391910	3.030322	8	88	1	867.086
0.785398	1.301460	-0.509251	23	12	10	867.015
2.094395	2.138223	1.678323	103	106	89	866.439
-0.785398	1.617114	-1.572037	106	99	90	866.386
-1.570796	2.104282	-0.813972	106	93	97	865.917
1.570796	0.685216	-1.712745	19	15	103	865.154
2.617994	2.704512	1.488683	30	1	13	864.072
-2.879793	0.419640	2.974122	26	9	109	863.456
-1.308997	2.455966	-0.641220	6	89	107	863.339
0.261799	2.108018	1.311430	27	5	111	862.938
-3.141593	2.396274	-1.959260	98	92	94	862.701
-2.617994	2.478122	2.609777	28	8	5	862.693
2.094395	0.674054	1.013609	102	105	15	862.273
-2.094395	1.504028	0.636812	101	100	90	861.786
1.832596	1.846342	-1.796954	111	91	110	861.539
1.047198	0.866955	-0.931351	21	16	111	861.445
0.000000	1.448123	-2.163292	104	100	89	861.227
-2.094395	2.592629	0.909713	10	91	99	861.223
-0.523599	1.721184	-0.153948	13	90	97	861.115
2.356194	0.866395	-2.492918	15	11	96	860.883
-2.356194	1.617114	-1.572037	19	17	4	860.664
0.523599	1.732874	-0.951685	25	17	6	860.575
-3.141593	1.413430	2.550734	26	5	11	860.558
-0.523599	0.571433	-1.188419	89	93	111	859.510
-2.094395	1.812176	0.656819	101	99	89	859.435
1.308997	2.356369	3.005869	95	92	102	858.914
1.047198	2.033014	2.977192	108	95	94	858.712
-0.523599	2.108018	1.311430	104	6	24	858.147
0.523599	2.704512	1.488683	1	90	109	858.137
-1.308997	2.664082	-1.071402	7	89	105	857.671
-0.261799	2.881233	-2.582574	9	11	96	857.128
0.523599	0.733948	3.021411	97	93	95	857.067
1.570796	2.664082	-1.071402	10	16	105	857.055
0.785398	1.450119	-2.739050	103	108	81	856.989
1.308997	2.664082	-1.071402	11	16	103	856.883
1.832596	0.866395	-2.492918	20	11	104	856.785
2.879793	2.138223	1.678323	27	4	6	856.676
-0.785398	0.619654	-2.216909	104	90	97	856.553
-0.523599	1.545873	-1.877082	105	98	93	856.471
1.308997	0.419640	2.974122	12	89	95	856.421
-3.141593	2.719179	-1.780644	96	91	100	856.248
0.000000	0.615174	-0.666022	92	98	96	855.716
0.523599	0.619654	-2.216909	11	92	100	855.626
1.570796	1.391910	3.030322	107	90	96	855.583
2.879793	2.187132	-0.479875	2	96	92	855.184
-3.141593	2.299159	2.264663	19	16	3	855.070
-2.356194	2.356369	3.005869	27	8	111	854.962
-2.617994	2.863997	0.549740	4	93	90	854.938
2.094395	2.041297	-2.664597	102	98	87	854.882
-1.047198	2.104282	-0.813972	107	96	92	854.369
-3.141593	2.455966	-0.641220	101	93	103	854.123
1.570796	0.914445	2.687814	0	87	98	854.074
-1.570796	2.180315	-1.357379	7	90	99	854.038
-2.094395	1.367556	0.358405	101	105	87	853.986
-1.832596	1.732874	-0.951685	104	93	94	853.875
0.523599	0.929350	-2.910676	101	96	89	852.973
-2.356194	2.455966	-0.641220	97	92	101	852.782
2.617994	1.135813	-2.658866	10	8	91	852.772
-0.523599	1.367556	0.358405	108	9	23	852.529
2.094395	2.104282	-0.813972	8	96	91	852.514
-1.047198	2.343981	-1.040456	12	89	109	852.428
-2.879793	0.700570	1.559208	105	91	111	851.961
-0.785398	1.998705	2.370472	2	110	88	851.777
0.000000	0.866395	-2.492918	105	96	89	851.371
-0.523599	1.413430	2.550734	1	99	94	851.166
-1.570796	2.187132	-0.479875	102	92	100	850.917
0.000000	1.014500	0.906702	20	16	10	850.842
2.617994	2.881233	-2.582574	111	93	95	850.754
-2.094395	2.115563	0.685730	106	98	88	850.502
-0.523599	2.407836	1.410646	101	4	24	850.458
-0.523599	1.683268	0.374177	107	1	23	850.190
-0.523599	0.619654	-2.216909	96	95	109	849.935
-1.047198	1.982574	-1.115518	107	97	91	849.798
2.617994	1.732874	-0.951685	104	100	91	849.715
-2.356194	2.180315	-1.357379	98	92	95	849.711
1.570796	1.982574	-1.115518	104	91	98	849.682
-1.308997	1.696674	-1.253233	6	94	93	849.192
0.523599	2.455966	-0.641220	20	17	0	849.123
-2.356194	1.554776	0.100351	1	107	26	848.816
-2.356194	2.379497	0.561089	109	98	87	848.498
1.308997	2.587733	0.232235	26	3	22	848.256
-0.261799	0.685216	-1.712745	9	91	100	847.413
-1.047198	1.836682	-0.676006	108	92	99	847.150
-1.308997	1.904882	-1.478089	8	96	92	847.104
2.356194	2.251330	-2.330739	98	92	94	846.763
-2.617994	2.356369	3.005869	28	5	0	846.604
-0.523599	1.836682	-0.676006	106	98	85	846.319
-2.879793	1.683268	0.374177	28	3	108	846.089
0.785398	0.914445	2.687814	94	93	98	846.057
0.000000	1.128190	-2.288622	1	104	83	845.898
0.261799	2.984978	1.954446	109	93	93	845.872
0.261799	2.041297	-2.664597	111	108	21	845.245
-0.261799	2.704512	1.488683	107	90	96	844.133
-1.832596	2.588535	-2.976617	26	12	111	843.680
-2.617994	2.979456	-1.009304	97	91	108	843.480
1.570796	1.904882	-1.478089	104	90	106	843.284
1.832596	1.325504	-1.671296	5	90	110	843.177
2.094395	1.982574	-1.115518	106	94	98	843.166
2.356194	2.153910	-1.714959	106	92	103	842.895
2.094395	0.866395	-2.492918	18	13	102	842.779
-1.047198	1.732874	-0.951685	10	90	105	842.450
-0.261799	1.025536	1.576859	22	9	10	842.213
0.785398	1.732874	-0.951685	16	22	110	842.199
-2.356194	1.904882	-1.478089	20	17	3	842.089
-0.523599	1.504028	0.636812	109	6	23	841.869
1.570796	2.637879	2.121598	12	88	0	841.799
-1.047198	1.617114	-1.572037	7	96	91	841.655
-2.879793	1.824694	1.850876	106	111	86	841.279
0.785398	0.619654	-2.216909	6	95	93	840.937
0.000000	1.904882	-1.478089	13	11	93	840.605
-2.356194	2.164094	-2.991358	27	6	109	840.513
1.570796	2.588535	-2.976617	100	97	93	840.343
1.047198	0.640596	-2.797608	4	93	91	840.098
1.570796	2.299159	2.264663	11	88	110	840.086
-2.617994	2.592629	0.909713	99	100	84	839.963
-1.570796	1.736875	3.023612	96	94	100	839.912
1.308997	2.478122	2.609777	1	90	102	839.891
-2.879793	1.870545	-2.976234	11	110	89	839.866
0.523599	1.218453	2.777284	5	93	101	839.469
-2.094395	2.979456	-1.009304	0	87	109	839.443
-1.832596	1.696674	-1.253233	106	91	93	839.258
-2.356194	2.719179	-1.780644	16	85	0	838.953
-2.879793	2.299159	2.264663	34	110	8	838.165
1.570796	2.407836	1.410646	95	105	90	837.718
1.047198	1.766067	2.153843	111	91	104	837.413
0.785398	1.869911	2.701025	4	88	1	837.301
2.617994	2.407836	1.410646	25	6	6	837.086
0.261799	0.290380	-0.796960	96	97	97	836.768
-1.570796	1.809167	1.213774	111	90	97	836.749
-1.308997	0.960688	-0.577532	12	89	102	836.705
-3.141593	1.367556	0.358405	0	104	26	836.646
-0.785398	1.809167	1.213774	108	10	25	836.315
-1.570796	2.108018	1.311430	110	6	24	835.712
-2.879793	2.073035	2.027405	105	107	87	835.583
1.047198	1.909857	-0.381669	22	13	3	835.533
1.570796	2.760637	2.781135	111	88	107	835.398
2.356194	2.478122	2.609777	20	89	109	835.361
1.570796	1.510910	-0.740472	22	88	108	835.310
0.785398	1.195355	1.200319	100	6	22	835.269
2.356194	2.579248	-2.364801	93	93	98	835.209
1.832596	1.545873	-1.877082	8	91	0	835.131
1.570796	1.184361	0.625864	16	6	92	835.052
-0.523599	2.719179	-1.780644	24	15	111	834.908
2.356194	1.555207	1.708892	105	100	17	834.631
0.000000	2.664082	-1.071402	22	14	110	834.385
-0.785398	1.433411	-1.035986	109	91	105	834.360
-0.261799	1.045978	0.343692	98	86	98	834.097
-0.523599	1.662363	0.915448	107	6	23	834.058
0.785398	2.984978	1.954446	111	89	106	833.716
-3.141593	0.733948	3.021411	24	11	106	833.710
2.094395	2.393226	1.857173	95	108	90	833.673
0.261799	0.458961	-0.107937	0	88	104	833.547
-1.308997	1.504028	0.636812	102	100	86	833.519
-0.523599	0.992645	-1.723759	12	92	102	833.425
-1.570796	1.045978	0.343692	104	101	90	833.012
0.261799	1.741644	-2.695914	111	107	22	832.929
0.523599	0.571433	-1.188419	92	98	98	832.865
2.879793	2.299159	2.264663	22	15	3	832.865
-1.570796	1.184361	0.625864	99	100	90	832.569
1.832596	0.906588	1.252948	103	111	19	832.434
1.570796	1.696674	-1.253233	103	94	97	831.982
0.000000	0.899350	-2.069907	107	102	83	831.643
-0.785398	1.134796	2.434290	107	96	94	831.523
-1.047198	2.592629	0.909713	100	91	93	831.518
-1.308997	1.335669	0.897240	89	95	93	831.482
-2.879793	0.685216	-1.712745	90	10	90	831.341
1.308997	1.413347	-1.339188	102	92	100	831.099
-2.617994	0.992645	-1.723759	24	13	14	830.857
1.047198	1.050534	3.042579	100	92	94	830.272
-3.141593	1.440580	2.260026	28	3	7	830.149
-0.261799	1.606104	-0.451151	30	104	110	829.705
1.308997	0.866955	-0.931351	14	87	110	829.387
1.047198	1.658653	-2.409879	3	98	92	829.221
-0.261799	1.909857	-0.381669	20	94	100	829.216
-1.308997	1.256302	0.062705	23	92	111	829.199
1.047198	1.367556	0.358405	7	108	85	829.051
-3.141593	1.824694	1.850876	31	109	13	828.636
-0.261799	1.214854	-1.966664	109	94	96	828.613
-2.356194	2.760637	2.781135	26	11	3	828.381
-1.308997	2.343981	-1.040456	9	90	104	828.341
1.570796	2.153910	-1.714959	106	91	108	827.891
-1.832596	1.904882	-1.478089	3	93	91	827.844
1.047198	1.335669	0.897240	3	94	92	827.604
1.570796	1.050534	3.042579	1	90	94	827.355
-1.047198	0.850607	-1.335383	109	93	91	827.329
0.523599	0.762244	-0.273349	23	16	6	826.877
-0.523599	2.587733	0.232235	9	90	0	826.633
2.617994	2.073035	2.027405	28	1	8	826.581
2.356194	0.370812	-2.547742	24	11	108	826.475
-1.308997	1.599406	1.426070	2	88	102	826.393
1.047198	1.606104	-0.451151	23	12	5	826.318
0.785398	1.014500	0.906702	108	91	98	826.316
-1.308997	1.194549	-0.801900	5	88	108	826.293
-3.141593	2.174483	2.653697	0	85	102	826.180
1.047198	2.760637	2.781135	111	92	95	826.150
2.094395	0.619654	-2.216909	18	13	99	826.115
-0.523599	1.904882	-1.478089	15	94	104	825.938
-0.523599	2.073035	2.027405	110	4	88	825.788
0.000000	2.153910	-1.714959	13	16	95	825.741
-3.141593	0.850607	-1.335383	3	2	89	825.738
1.047198	2.404280	-0.174044	24	9	19	825.469
1.570796	1.574060	2.783565	20	95	103	825.386
0.523599	0.080730	-2.622036	13	88	96	825.374
0.523599	1.846342	-1.796954	111	108	86	825.266
-1.308997	1.134497	-1.109631	107	92	94	825.264
-1.832596	2.115563	0.685730	110	0	25	823.779
1.570796	0.379747	-1.713059	108	89	1	823.770
1.570796	2.295480	1.008277	97	100	91	823.441
1.308997	2.104282	-0.813972	14	17	106	823.398
-2.879793	1.256302	0.062705	111	104	25	823.346
1.570796	1.869911	2.701025	104	88	100	822.990
2.356194	2.455966	-0.641220	105	93	95	822.907
-1.308997	2.180315	-1.357379	106	99	90	822.681
2.879793	2.393226	1.857173	103	103	90	822.491
-1.047198	2.073035	2.027405	111	0	88	822.255
2.617994	0.370812	-2.547742	23	12	107	822.149
-0.785398	0.685216	-1.712745	110	91	92	821.787
-2.356194	0.906588	1.252948	107	91	109	821.775
-1.047198	0.762244	-0.273349	108	101	90	821.699
0.523599	1.374601	-2.456031	102	100	88	821.679
1.570796	2.138223	1.678323	99	110	88	821.506
-0.785398	1.696674	-1.253233	8	92	105	820.701
-0.785398	0.831641	0.616218	95	91	98	820.681
2.094395	1.135813	-2.658866	17	10	102	820.625
-3.141593	1.574060	2.783565	27	7	7	820.525
-0.785398	0.458961	-0.107937	1	99	92	820.080
1.047198	1.374601	-2.456031	107	101	87	819.530
0.261799	2.393226	1.857173	105	90	104	819.493
2.094395	2.174483	2.653697	16	89	106	819.389
-0.261799	0.615174	-0.666022	1	17	16	818.977
1.308997	1.050534	3.042579	111	91	93	818.921
-1.308997	0.961715	0.014085	111	100	91	818.707
1.832596	2.115563	0.685730	16	11	86	818.701
0.785398	1.374601	-2.456031	98	103	86	818.513
-0.261799	2.863997	0.549740	2	93	98	818.456
2.094395	1.135834	-1.431087	105	103	87	818.187
0.785398	1.870545	-2.976234	102	101	89	817.983
-2.879793	1.766067	2.153843	23	11	110	817.722
0.523599	2.637879	2.121598	111	91	100	817.659
-0.261799	0.866395	-2.492918	5	93	98	817.588
0.261799	0.733948	3.021411	96	94	96	817.530
0.261799	1.374601	-2.456031	96	90	102	817.209
2.094395	1.741644	-2.695914	0	88	99	816.775
-2.617994	1.554776	0.100351	111	106	26	816.687
0.000000	2.379497	0.561089	18	14	106	816.605
1.832596	2.187132	-0.479875	2	96	87	816.122
0.523599	0.419640	2.974122	98	90	98	816.023
-1.047198	2.299159	2.264663	2	111	90	815.831
-1.570796	1.574060	2.783565	96	94	99	815.628
0.785398	1.982574	-1.115518	21	20	3	815.541
0.000000	1.050534	3.042579	97	99	91	815.298
-0.261799	0.929350	-2.910676	99	97	91	815.247
-1.308997	1.606104	-0.451151	2	89	1	815.228
0.523599	2.719179	-1.780644	27	99	9	814.993
0.785398	0.866395	-2.492918	2	97	88	814.744
1.308997	1.433411	-1.035986	25	5	108	814.542
-2.094395	2.356369	3.005869	98	100	94	814.485
0.785398	1.218453	2.777284	0	90	5	814.323
-1.570796	1.391910	3.030322	94	96	101	813.607
1.308997	1.242974	-2.977882	107	95	90	813.467
2.356194	2.349581	-2.702517	101	94	91	813.458
0.785398	1.721184	-0.153948	23	13	10	813.323
2.356194	0.960688	-0.577532	4	1	88	813.117
1.832596	1.904882	-1.478089	104	93	101	812.909
0.785398	1.741644	-2.695914	100	101	89	812.736
-1.570796	2.138223	1.678323	99	89	104	812.576
-0.523599	1.998705	2.370472	110	1	87	812.422
2.617994	1.310100	1.488307	107	99	16	812.351
0.785398	0.290380	-0.796960	24	15	1	812.237
-1.308997	1.310100	1.488307	109	87	103	812.180
-2.879793	1.310100	1.488307	13	88	106	812.088
-0.261799	2.379497	0.561089	19	11	104	812.036
0.785398	2.138223	1.678323	31	6	108	811.919
0.000000	1.870545	-2.976234	2	111	23	811.885
1.570796	0.850607	-1.335383	12	89	110	811.473
0.785398	0.906588	1.252948	10	94	96	811.397
2.094395	2.001437	0.381215	16	11	85	811.369
2.094395	1.374601	-2.456031	1	92	94	811.260
0.785398	1.488617	1.159546	23	8	102	811.250
-1.832596	1.014500	0.906702	95	98	93	811.115
2.356194	2.063651	-2.044600	108	90	103	811.058
1.832596	2.343981	-1.040456	106	10	86	811.045
2.617994	2.187132	-0.479875	108	97	91	810.651
-1.832596	2.138223	1.678323	98	91	106	810.237
2.617994	2.153910	-1.714959	108	90	105	810.115
-0.523599	2.664082	-1.071402	5	91	109	810.052
1.570796	1.569311	-3.003978	0	91	98	809.973
2.356194	2.138223	1.678323	106	106	89	809.750
0.785398	1.417623	-0.202254	25	8	9	809.571
2.617994	2.724429	-0.348782	7	94	90	809.547
-1.570796	1.014500	0.906702	94	95	96	809.528
-0.785398	1.870545	-2.976234	21	96	102	809.287
0.785398	1.113094	-0.272241	4	87	98	809.162
0.785398	1.872854	1.543456	29	7	108	809.135
-1.832596	1.909857	-0.381669	110	6	84	809.130
-1.047198	0.290380	-0.796960	8	89	101	808.981
-2.617994	2.664082	-1.071402	98	89	105	808.873
-2.617994	2.588535	-2.976617	92	104	98	808.588
-1.308997	1.242974	-2.977882	98	95	105	808.258
0.000000	1.545873	-1.877082	28	106	102	807.780
-1.832596	1.741644	-2.695914	2	11	87	807.565
2.617994	0.571433	-1.188419	0	7	88	807.537
0.785398	1.736875	3.023612	92	103	88	807.347
-1.570796	2.295480	1.008277	108	5	26	807.253
0.785398	1.699788	2.452890	102	92	110	807.163
-2.879793	0.914445	2.687814	27	8	109	806.771
-3.141593	1.045978	0.343692	111	101	22	805.914
0.261799	2.704512	1.488683	103	93	100	805.454
-1.047198	1.325504	-1.671296	111	96	89	805.374
2.879793	1.184361	0.625864	111	103	24	805.345
-2.617994	2.180315	-1.357379	93	94	94	805.291
-3.141593	1.870545	-2.976234	10	110	90	805.265
-0.261799	1.836682	-0.676006	17	95	98	804.987
-0.785398	1.545873	-1.877082	102	100	89	804.671
0.000000	0.929350	-2.910676	3	93	100	804.413
-0.523599	0.379747	-1.713059	15	89	97	804.360
2.617994	0.960688	-0.577532	6	2	88	804.317
-2.879793	2.478122	2.609777	95	103	93	804.248
1.570796	2.356369	3.005869	101	94	94	804.201
-1.832596	1.683268	0.374177	2	111	26	804.185
0.523599	2.108018	1.311430	25	8	105	804.181
-2.879793	1.135834	-1.431087	28	11	9	803.883
1.832596	0.615174	-0.666022	92	107	12	803.759
2.879793	1.128190	-2.288622	0	91	95	803.732
-2.617994	0.700570	1.559208	108	91	110	803.623
2.356194	1.696674	-1.253233	92	99	94	803.611
1.047198	1.413430	2.550734	111	90	102	803.519
-2.094395	1.554776	0.100351	2	109	26	803.459
-1.570796	2.455966	-0.641220	101	89	110	803.457
-1.308997	1.113094	-0.272241	21	91	107	803.400
2.617994	2.180315	-1.357379	96	95	96	803.383
-0.261799	1.658653	-2.409879	92	102	91	803.141
-2.617994	0.685216	-1.712745	100	90	95	803.028
-2.617994	1.662363	0.915448	1	97	92	802.951
2.879793	1.741644	-2.695914	8	5	91	802.759
-1.570796	1.025536	1.576859	27	99	13	802.521
1.308997	0.640596	-2.797608	22	97	95	802.268
0.785398	2.393226	1.857173	111	91	105	802.061
-0.785398	2.187132	-0.479875	6	91	103	801.748
2.094395	0.929350	-2.910676	22	7	105	801.671
-0.785398	1.904882	-1.478089	9	92	104	801.623
2.617994	2.456751	-1.503343	107	91	105	801.543
2.094395	2.404280	-0.174044	25	3	16	801.387
1.308997	2.063651	-2.044600	108	90	0	801.307
-1.308997	2.251330	-2.330739	8	3	86	800.932
-1.047198	2.180315	-1.357379	109	96	94	800.789
-1.047198	1.113094	-0.272241	24	94	108	800.425
-0.523599	1.134497	-1.109631	96	92	98	800.349
-1.047198	2.187132	-0.479875	8	91	104	800.322
0.785398	1.569311	-3.003978	94	104	85	800.014
2.617994	1.440580	2.260026	99	94	90	799.734
-2.617994	0.618092	2.539118	31	4	109	799.555
-1.308997	1.195355	1.200319	108	89	101	799.488
1.832596	2.247462	0.191623	12	6	82	799.409
-1.832596	1.736875	3.023612	92	95	102	799.395
-2.879793	1.504028	0.636812	4	1	28	799.251
-0.523599	0.914445	2.687814	110	95	101	799.209
-1.570796	1.504028	0.636812	102	100	88	799.118
0.261799	1.025536	1.576859	108	97	90	798.994
-1.047198	1.809167	1.213774	110	7	24	798.774
-1.047198	0.960688	-0.577532	24	94	102	798.735
1.308997	1.134497	-1.109631	109	90	99	798.514
2.094395	2.455966	-0.641220	0	95	89	798.493
-0.523599	0.864993	2.278281	109	93	98	798.429
0.785398	2.089241	-0.114193	22	10	21	798.426
1.047198	2.164094	-2.991358	101	100	90	798.325
-2.617994	0.370812	-2.547742	14	14	96	798.060
-2.617994	1.904882	-1.478089	21	18	4	797.969
-1.308997	2.724429	-0.348782	99	90	110	797.952
1.570796	1.218453	2.777284	8	87	5	797.621
-2.094395	2.984978	1.954446	10	11	98	797.608
0.523599	1.506530	1.988858	108	100	94	797.044
0.000000	1.168678	2.108595	4	98	92	797.017
0.785398	1.413347	-1.339188	6	14	90	796.750
-0.523599	2.704512	1.488683	104	89	96	796.714
-1.570796	2.704512	1.488683	7	91	92	796.557
1.832596	1.870545	-2.976234	101	95	89	796.433
1.832596	2.579248	-2.364801	6	96	89	796.239
2.356194	2.407836	1.410646	23	11	8	796.227
-1.308997	1.909857	-0.381669	101	92	102	796.050
1.308997	1.617114	-1.572037	103	89	108	796.048
-1.832596	2.108018	1.311430	0	6	25	795.982
0.261799	2.089241	-0.114193	86	102	111	795.905
1.308997	1.391910	3.030322	111	90	102	795.761
-0.785398	2.719179	-1.780644	25	12	111	795.605
-1.308997	0.866955	-0.931351	14	88	100	795.323
0.785398	1.998705	2.370472	108	90	107	795.311
2.094395	2.356369	3.005869	11	89	104	795.105
-1.832596	2.164094	-2.991358	94	94	104	795.005
0.523599	2.089241	-0.114193	92	97	0	794.565
-2.356194	2.407836	1.410646	111	5	25	794.559
2.356194	1.050534	3.042579	20	6	102	794.453
-0.785398	1.247695	1.809890	1	107	25	794.296
-2.879793	0.591903	2.010408	105	92	108	794.145
-0.523599	1.872854	1.543456	105	13	23	793.980
-2.094395	1.256302	0.062705	108	89	101	793.756
0.523599	2.393226	1.857173	104	92	103	793.657
0.261799	0.674054	1.013609	11	9	24	793.497
-1.047198	1.025536	1.576859	28	104	14	793.447
-2.094395	2.455966	-0.641220	100	91	101	793.080
-1.308997	1.367556	0.358405	104	103	86	792.969
-1.570796	1.599406	1.426070	104	89	104	792.449
1.832596	2.979456	-1.009304	8	89	95	792.440
1.308997	2.343981	-1.040456	12	16	104	792.414
-1.570796	1.554776	0.100351	108	107	86	792.206
-1.570796	1.256302	0.062705	103	93	4	792.153
1.570796	1.325504	-1.671296	106	91	104	791.894
-2.879793	2.379497	0.561089	2	91	103	791.847
1.832596	1.184361	0.625864	17	7	91	791.836
0.000000	0.709924	0.218797	0	87	101	791.682
2.617994	0.685216	-1.712745	0	23	106	791.398
0.261799	0.419640	2.974122	96	91	100	791.271
-3.141593	1.606104	-0.451151	6	9	87	790.761
-1.570796	1.836682	-0.676006	99	94	97	790.731
2.879793	1.506530	1.988858	4	91	92	790.711
-2.879793	0.571433	-1.188419	101	88	98	790.701
-0.523599	1.214854	-1.966664	5	99	87	790.448
-0.785398	2.455966	-0.641220	22	94	104	790.384
-1.308997	0.615174	-0.666022	10	88	102	790.312
-2.094395	1.909857	-0.381669	109	7	83	790.248
-0.261799	1.741644	-2.695914	110	110	23	790.192
2.356194	0.619654	-2.216909	15	14	98	789.986
0.261799	2.404280	-0.174044	93	98	109	789.927
-1.832596	1.870545	-2.976234	101	12	21	789.838
1.570796	0.929350	-2.910676	4	92	94	789.789
2.094395	1.450119	-2.739050	1	89	97	789.734
-1.047198	2.724429	-0.348782	102	89	110	789.723
2.879793	0.864993	2.278281	101	94	2	789.321
2.094395	0.297065	2.160177	16	18	5	789.115
-2.879793	1.998705	2.370472	32	0	8	788.264
-0.785398	2.407836	1.410646	103	7	24	788.123
-2.879793	2.456751	-1.503343	96	91	98	788.077
0.261799	1.391910	3.030322	110	102	87	787.941
-0.523599	1.128190	-2.288622	8	93	99	787.627
2.094395	1.904882	-1.478089	90	99	96	787.150
1.047198	1.699788	2.452890	12	92	105	787.083
-1.570796	1.545873	-1.877082	95	100	4	787.069
-2.356194	1.335669	0.897240	107	90	111	786.474
-2.879793	1.699788	2.452890	33	109	6	786.182
2.356194	2.108018	1.311430	110	101	89	785.966
-2.356194	2.115563	0.685730	97	103	85	785.589
0.261799	1.904882	-1.478089	10	13	92	785.333
-1.832596	1.335669	0.897240	96	98	92	785.078
1.308997	0.929350	-2.910676	2	94	91	784.884
2.879793	2.041297	-2.664597	110	99	86	784.358
1.308997	0.379747	-1.713059	103	90	1	784.300
-1.047198	1.450119	-2.739050	12	92	3	784.088
-0.785398	2.180315	-1.357379	103	107	83	783.642
-0.785398	1.310100	1.488307	27	104	15	783.475
0.261799	0.899350	-2.069907	107	104	82	783.311
-2.617994	2.153910	-1.714959	102	88	95	783.224
2.879793	1.045978	0.343692	107	98	20	783.150
-1.047198	1.310100	1.488307	26	101	15	783.111
0.523599	1.569311	-3.003978	98	96	95	782.914
-0.261799	1.440580	2.260026	1	102	89	782.893
1.832596	1.662363	0.915448	19	101	97	782.661
-1.832596	1.113094	-0.272241	111	89	97	782.592
2.094395	2.724429	-0.348782	102	99	81	782.571
2.879793	0.762244	-0.273349	94	6	90	782.543
0.523599	1.658653	-2.409879	97	89	99	782.395
0.000000	0.910508	1.903534	107	96	94	782.123
0.785398	1.617114	-1.572037	6	14	90	781.966
2.617994	2.356369	3.005869	14	12	20	781.915
0.785398	1.128190	-2.288622	1	102	86	781.873
1.570796	2.174483	2.653697	8	88	107	781.826
1.832596	2.033014	2.977192	4	86	106	781.699
2.356194	0.640596	-2.797608	21	13	104	781.512
2.094395	1.555207	1.708892	103	102	17	781.303
2.617994	0.762244	-0.273349	107	0	21	780.977
-3.141593	2.343981	-1.040456	96	93	99	780.763
-1.832596	1.809167	1.213774	101	92	99	780.624
-0.261799	0.618092	2.539118	103	95	107	780.492
-1.047198	1.184361	0.625864	96	97	89	780.287
0.523599	2.104282	-0.813972	26	14	10	779.679
-2.617994	1.413347	-1.339188	22	17	4	779.519
1.832596	2.001437	0.381215	17	9	85	779.434
-3.141593	2.579248	-2.364801	104	93	92	779.377
0.261799	1.135813	-2.658866	108	102	83	779.373
1.047198	2.089241	-0.114193	21	10	20	779.007
2.617994	2.063651	-2.044600	105	96	89	778.956
1.047198	1.510910	-0.740472	111	88	95	778.735
2.879793	2.396274	-1.959260	89	96	93	778.716
1.570796	1.836682	-0.676006	111	96	89	778.666
1.047198	0.733948	3.021411	2	90	95	778.440
1.570796	2.863997	0.549740	27	6	17	778.241
-2.356194	2.863997	0.549740	11	91	94	778.153
-0.261799	0.290380	-0.796960	109	99	90	777.694
1.570796	0.866395	-2.492918	27	103	101	777.252
1.570796	2.104282	-0.813972	109	94	90	777.231
-1.570796	1.510910	-0.740472	15	87	105	777.188
-2.356194	0.591903	2.010408	110	91	108	777.132
1.832596	1.836682	-0.676006	2	97	89	777.050
-1.047198	0.571433	-1.188419	6	88	102	777.035
0.000000	2.089241	-0.114193	25	98	99	776.970
-1.047198	1.875281	0.107086	110	88	95	776.843
1.047198	1.741644	-2.695914	109	98	91	776.698
-1.308997	2.407836	1.410646	111	87	96	776.680
-2.356194	1.683268	0.374177	1	104	24	776.577
2.356194	2.588535	-2.976617	110	85	107	776.436
-1.308997	2.393226	1.857173	107	87	100	776.295
0.261799	2.247462	0.191623	93	98	108	776.268
-1.308997	1.325504	-1.671296	106	96	88	776.177
0.000000	1.555207	1.708892	1	95	14	776.032
-2.094395	1.982574	-1.115518	98	92	96	775.904
-0.261799	1.812176	0.656819	108	103	16	775.560
-0.523599	0.615174	-0.666022	109	102	89	775.243
0.523599	0.370812	-2.547742	3	90	94	775.112
-1.832596	0.929350	-2.910676	11	6	84	775.075
-0.785398	1.301460	-0.509251	26	96	108	775.028
-0.523599	0.496451	0.593859	110	88	101	774.912
-3.141593	1.732874	-0.951685	21	21	100	774.799
-0.261799	1.128190	-2.288622	109	100	85	774.532
-2.879793	1.574060	2.783565	31	111	6	774.459
2.094395	1.247695	1.809890	101	98	14	774.254
1.308997	1.998705	2.370472	103	89	100	774.113
2.879793	1.247695	1.809890	5	95	89	774.016
-0.785398	2.396274	-1.959260	8	94	102	773.905
-2.879793	0.618092	2.539118	109	92	0	773.689
2.879793	1.135813	-2.658866	11	6	91	773.677
0.523599	1.242974	-2.977882	99	94	99	773.572
1.832596	2.704512	1.488683	97	103	93	773.566
-2.094395	0.866395	-2.492918	25	0	18	773.465
2.617994	2.104282	-0.813972	95	98	97	773.384
-2.094395	2.187132	-0.479875	101	89	105	773.211
1.832596	2.379497	0.561089	23	11	8	773.196
2.879793	1.977582	0.969896	29	110	13	772.995
0.000000	2.719179	-1.780644	95	88	103	772.949
-1.832596	2.187132	-0.479875	99	93	100	772.929
-0.785398	1.836682	-0.676006	108	92	94	772.629
-1.570796	1.367556	0.358405	105	102	88	772.574
-0.261799	0.850607	-1.335383	95	89	105	772.543
0.785398	2.001437	0.381215	6	93	5	772.320
-1.570796	1.335669	0.897240	94	95	95	772.216
2.356194	2.299159	2.264663	10	7	22	772.204
1.570796	0.866955	-0.931351	6	103	23	772.161
-2.617994	0.864993	2.278281	30	4	8	772.150
-2.879793	1.413347	-1.339188	28	11	4	772.054
-1.832596	1.872854	1.543456	96	92	104	772.047
1.047198	1.218453	2.777284	109	92	94	771.699
-1.308997	2.863997	0.549740	105	93	90	771.613
0.523599	1.045978	0.343692	111	97	12	771.277
-0.261799	1.617114	-1.572037	26	101	102	771.150
-1.832596	2.033014	2.977192	97	11	19	770.985
1.570796	1.413430	2.550734	19	93	103	770.752
-2.617994	1.658653	-2.409879	26	109	16	770.468
0.261799	2.881233	-2.582574	106	87	102	770.416
-1.308997	2.979456	-1.009304	23	92	110	770.243
-0.261799	1.982574	-1.115518	110	102	85	770.138
-2.356194	2.592629	0.909713	104	91	102	770.081
2.356194	1.450119	-2.739050	4	6	88	769.781
1.832596	2.455966	-0.641220	110	94	89	769.775
0.000000	1.699788	2.452890	108	102	92	769.717
-1.047198	0.496451	0.593859	91	93	103	769.561
-2.356194	0.910508	1.903534	4	90	9	769.516
-1.047198	1.812176	0.656819	0	6	27	769.365
0.261799	1.113094	-0.272241	102	93	91	769.130
0.261799	1.242974	-2.977882	100	100	88	769.095
-0.261799	1.413347	-1.339188	29	101	105	769.049
-1.570796	2.979456	-1.009304	22	8	11	768.971
-1.832596	1.662363	0.915448	98	96	91	768.787
0.523599	1.574060	2.783565	90	102	90	768.784
0.261799	2.637879	2.121598	108	89	97	768.633
-0.785398	2.393226	1.857173	107	8	90	768.632
-2.356194	1.025536	1.576859	96	94	109	768.087
-2.879793	0.864993	2.278281	14	91	98	767.938
1.047198	0.571433	-1.188419	99	94	99	767.779
-0.785398	2.478122	2.609777	88	14	2	767.482
-2.617994	1.242974	-2.977882	21	10	100	767.442
1.308997	2.984978	1.954446	10	88	110	767.441
-2.094395	1.904882	-1.478089	17	18	3	767.184
1.570796	2.041297	-2.664597	87	98	93	767.177
0.785398	2.719179	-1.780644	9	16	100	767.111
-2.617994	0.929350	-2.910676	1	88	101	766.936
0.523599	0.615174	-0.666022	100	95	94	766.313
-0.523599	0.709924	0.218797	94	92	98	766.238
0.000000	0.685216	-1.712745	17	93	101	766.106
2.094395	1.836682	-0.676006	4	100	88	765.986
0.000000	2.343981	-1.040456	24	16	1	765.948
-1.570796	1.195355	1.200319	104	90	103	765.700
-0.261799	0.571433	-1.188419	23	96	99	765.634
1.832596	1.741644	-2.695914	33	99	0	765.599
1.308997	1.836682	-0.676006	0	92	90	765.454
-1.570796	0.203748	0.590255	13	94	98	765.453
1.308997	1.904882	-1.478089	101	15	88	765.446
0.261799	0.960688	-0.577532	95	97	93	765.313
-1.570796	0.571433	-1.188419	94	23	6	765.273
-0.523599	1.699788	2.452890	103	103	92	765.189
0.523599	1.756530	-2.105156	97	91	94	765.176
-2.094395	1.977582	0.969896	4	2	28	765.174
-2.356194	2.393226	1.857173	8	23	4	765.094
2.356194	2.104282	-0.813972	0	95	93	764.869
0.785398	2.187132	-0.479875	25	12	14	764.554
2.879793	0.733948	3.021411	13	92	97	764.207
2.094395	1.617114	-1.572037	95	13	88	764.193
2.094395	2.063651	-2.044600	92	98	91	764.072
0.000000	1.214854	-1.966664	27	102	100	764.025
-1.832596	1.218453	2.777284	90	99	99	763.969
0.000000	0.379747	-1.713059	91	93	5	763.944
1.832596	1.699788	2.452890	18	93	102	763.902
0.523599	2.724429	-0.348782	106	92	108	763.803
2.094395	1.846342	-1.796954	90	100	91	763.686
-1.832596	1.977582	0.969896	95	96	89	763.636
-2.879793	2.187132	-0.479875	101	93	101	763.611
-2.094395	0.297065	2.160177	25	11	7	763.530
1.832596	0.297065	2.160177	97	106	18	763.481
-0.261799	2.760637	2.781135	107	109	18	763.449
-0.523599	1.448123	-2.163292	111	101	87	763.392
-2.356194	1.721184	-0.153948	5	86	111	763.379
-1.570796	0.960688	-0.577532	8	86	106	763.205
0.523599	0.914445	2.687814	95	93	97	762.937
1.570796	2.180315	-1.357379	109	7	86	762.861
0.523599	2.073035	2.027405	106	91	110	762.845
-0.785398	1.606104	-0.451151	28	97	110	762.174
1.570796	1.242974	-2.977882	0	91	94	762.151
-2.879793	1.658653	-2.409879	108	13	90	761.920
0.000000	1.242974	-2.977882	99	101	88	761.588
0.261799	0.961715	0.014085	1	88	96	761.101
-0.523599	0.203748	0.590255	26	11	8	760.869
0.785398	1.367556	0.358405	98	94	107	760.823
0.523599	1.391910	3.030322	104	90	107	760.720
0.523599	1.050534	3.042579	103	91	2	760.665
-0.523599	1.440580	2.260026	101	102	92	760.432
2.356194	1.982574	-1.115518	20	92	108	760.369
2.356194	0.591903	2.010408	13	21	2	760.285
1.308997	1.545873	-1.877082	104	90	1	760.252
2.356194	2.295480	1.008277	24	6	15	760.183
-2.879793	1.741644	-2.695914	9	111	89	760.130
1.832596	2.396274	-1.959260	111	92	0	759.997
-2.094395	2.396274	-1.959260	8	90	96	759.963
1.832596	1.025536	1.576859	103	107	18	759.606
-0.261799	0.640596	-2.797608	101	92	95	759.590
0.261799	0.992645	-1.723759	4	100	88	759.518
-1.047198	1.846342	-1.796954	107	98	91	759.434
-0.261799	1.247695	1.809890	106	102	86	759.357
0.523599	1.128190	-2.288622	106	99	88	759.282
2.617994	1.658653	-2.409879	7	6	91	759.214
2.617994	2.299159	2.264663	95	109	90	759.145
-1.832596	1.836682	-0.676006	106	89	100	758.993
-1.832596	1.812176	0.656819	105	102	84	758.904
2.094395	2.164094	-2.991358	102	94	90	758.848
1.570796	2.396274	-1.959260	109	92	1	758.825
0.785398	0.618092	2.539118	94	91	100	758.664
0.261799	0.379747	-1.713059	8	95	93	758.624
1.047198	1.325504	-1.671296	6	15	90	758.604
-0.523599	2.637879	2.121598	3	8	92	758.465
-0.523599	1.809167	1.213774	3	85	94	758.462
-3.141593	1.025536	1.576859	91	98	2	758.455
2.879793	1.756530	-2.105156	111	8	87	758.203
-2.617994	2.063651	-2.044600	20	15	12	758.064
2.094395	1.242974	-2.977882	16	8	100	758.062
-3.141593	1.599406	1.426070	111	2	86	758.030
-1.308997	2.579248	-2.364801	25	13	110	757.938
1.047198	1.025536	1.576859	105	4	22	757.857
1.570796	1.812176	0.656819	22	8	89	757.802
-0.785398	0.615174	-0.666022	24	96	99	757.596
-0.785398	0.960688	-0.577532	22	95	104	757.481
1.308997	1.696674	-1.253233	19	14	111	757.449
1.047198	1.617114	-1.572037	2	15	90	757.063
-2.617994	1.982574	-1.115518	23	17	111	756.971
2.617994	1.982574	-1.115518	96	96	97	756.886
1.308997	1.846342	-1.796954	104	90	111	756.687
0.261799	2.719179	-1.780644	98	87	103	756.611
-2.094395	1.335669	0.897240	7	90	110	756.585
0.523599	1.736875	3.023612	99	99	91	756.575
-0.523599	1.488617	1.159546	3	82	100	756.344
0.523599	0.290380	-0.796960	102	88	111	756.303
2.356194	1.732874	-0.951685	12	7	21	756.257
0.261799	2.180315	-1.357379	12	13	96	756.220
-3.141593	1.214854	-1.966664	103	16	92	756.092
2.879793	1.824694	1.850876	102	108	84	755.997
2.617994	2.108018	1.311430	26	3	9	755.720
0.261799	0.906588	1.252948	110	7	24	755.650
1.308997	1.134796	2.434290	101	88	104	755.469
-3.141593	1.413347	-1.339188	109	87	100	755.217
2.094395	2.579248	-2.364801	4	103	86	755.170
2.356194	0.929350	-2.910676	20	10	104	755.063
2.356194	2.704512	1.488683	97	100	91	754.952
-0.523599	1.982574	-1.115518	104	101	85	754.815
2.879793	1.135834	-1.431087	1	111	86	754.768
2.094395	2.760637	2.781135	12	87	109	754.719
0.523599	2.407836	1.410646	4	91	111	754.680
-1.047198	0.992645	-1.723759	101	94	91	754.343
-2.094395	2.001437	0.381215	110	110	26	754.096
1.308997	2.396274	-1.959260	106	91	0	753.952
-1.047198	1.050534	3.042579	99	96	103	753.720
2.356194	1.870545	-2.976234	107	91	89	753.688
0.261799	1.574060	2.783565	89	105	90	753.677
-2.617994	2.187132	-0.479875	97	91	104	753.311
2.094395	1.194549	-0.801900	109	23	2	753.188
-1.308997	0.370812	-2.547742	104	98	6	753.141
-3.141593	1.909857	-0.381669	5	4	84	752.500
2.094395	2.187132	-0.479875	110	101	84	752.420
1.570796	2.349581	-2.702517	83	103	93	752.208
1.047198	2.719179	-1.780644	8	16	100	752.043
-1.570796	1.909857	-0.381669	109	88	2	752.000
-2.356194	0.379747	-1.713059	105	101	10	751.996
-0.523599	1.134796	2.434290	4	96	94	751.832
2.094395	0.418037	1.360082	110	11	26	751.608
-3.141593	2.073035	2.027405	31	110	11	751.577
2.879793	0.899350	-2.069907	105	11	84	751.561
1.832596	1.134497	-1.109631	25	93	109	751.470
1.570796	1.135834	-1.431087	2	88	110	751.230
-1.570796	0.700570	1.559208	7	5	26	751.156
2.879793	1.113094	-0.272241	94	2	89	751.032
-1.308997	1.025536	1.576859	28	101	13	750.668
-2.617994	0.850607	-1.335383	20	18	3	750.441
-0.785398	0.914445	2.687814	98	97	99	750.420
2.879793	2.984978	1.954446	28	7	10	750.398
1.570796	1.846342	-1.796954	108	90	111	750.369
-2.879793	1.869911	2.701025	30	2	6	750.266
2.879793	2.881233	-2.582574	111	84	111	750.137
2.094395	0.379747	-1.713059	26	4	18	750.076
1.570796	1.134497	-1.109631	2	92	98	749.747
0.261799	0.929350	-2.910676	4	93	99	749.716
2.094395	1.448123	-2.163292	109	11	87	749.545
-2.094395	1.417623	-0.202254	107	88	101	749.453
2.617994	1.846342	-1.796954	108	89	102	749.292
0.785398	1.413430	2.550734	110	91	8	749.287
-1.570796	2.456751	-1.503343	10	90	101	749.255
-3.141593	2.138223	1.678323	26	7	5	749.014
-0.261799	1.904882	-1.478089	104	18	95	748.949
-2.356194	0.899350	-2.069907	109	88	95	748.883
1.570796	2.063651	-2.044600	110	92	1	748.849
-1.308997	1.417623	-0.202254	23	91	111	748.797
-1.047198	1.218453	2.777284	105	94	99	748.682
0.000000	2.704512	1.488683	110	91	95	748.543
0.000000	0.961715	0.014085	107	83	101	748.525
-1.308997	2.108018	1.311430	109	6	24	748.419
-3.141593	1.433411	-1.035986	7	87	106	748.223
-1.308997	1.721184	-0.153948	1	90	3	748.216
0.785398	0.961715	0.014085	1	98	16	748.191
1.832596	2.089241	-0.114193	22	93	10	748.179
1.308997	1.699788	2.452890	100	88	103	748.004
0.000000	2.984978	1.954446	106	92	92	747.805
-1.308997	1.875281	0.107086	110	90	1	747.755
-1.570796	2.379497	0.561089	106	1	26	747.696
2.356194	0.961715	0.014085	90	9	94	747.312
0.785398	2.153910	-1.714959	6	15	93	747.128
1.308997	0.914445	2.687814	104	88	99	747.080
0.785398	2.041297	-2.664597	100	103	88	747.063
-2.094395	1.696674	-1.253233	17	18	111	746.430
2.879793	0.992645	-1.723759	97	96	87	746.387
1.832596	2.881233	-2.582574	91	98	96	746.364
0.523599	1.766067	2.153843	2	90	7	746.335
-1.308997	1.301460	-0.509251	21	90	107	746.188
2.879793	1.374601	-2.456031	1	0	83	746.095
-3.141593	1.301460	-0.509251	104	91	95	746.059
-2.094395	1.617114	-1.572037	17	18	4	746.004
1.047198	0.618092	2.539118	97	89	98	745.949
0.261799	1.809167	1.213774	27	4	109	745.879
1.047198	2.724429	-0.348782	26	11	10	745.742
-2.356194	1.696674	-1.253233	20	17	0	745.622
-2.094395	2.637879	2.121598	97	91	93	745.574
0.523599	2.115563	0.685730	1	6	83	745.474
-1.570796	2.664082	-1.071402	104	89	104	745.467
0.523599	1.168678	2.108595	29	111	20	745.389
0.000000	0.733948	3.021411	96	94	94	745.350
-3.141593	2.587733	0.232235	99	98	88	745.346
2.356194	2.724429	-0.348782	103	93	91	745.114
2.617994	2.138223	1.678323	105	106	87	744.760
0.523599	1.450119	-2.739050	100	97	93	744.738
-1.047198	1.367556	0.358405	1	9	24	744.404
2.356194	2.396274	-1.959260	8	104	86	744.367
1.047198	2.115563	0.685730	98	97	97	743.820
-3.141593	1.506530	1.988858	6	91	93	743.729
-1.832596	2.356369	3.005869	97	92	100	743.619
0.523599	1.599406	1.426070	27	6	0	743.594
-2.617994	1.846342	-1.796954	23	13	11	743.421
-3.141593	1.555207	1.708892	106	0	83	743.181
-3.141593	1.658653	-2.409879	109	10	88	743.117
1.308997	2.404280	-0.174044	19	16	111	743.117
2.094395	2.180315	-1.357379	101	94	101	742.891
-0.261799	2.396274	-1.959260	12	15	95	742.878
0.523599	1.696674	-1.253233	14	20	101	742.715
-2.879793	1.554776	0.100351	111	103	27	742.578
0.261799	1.870545	-2.976234	96	102	91	742.563
1.570796	2.115563	0.685730	17	8	86	742.397
2.879793	2.404280	-0.174044	107	94	92	742.327
0.261799	2.407836	1.410646	103	92	103	742.236
2.879793	1.301460	-0.509251	11	14	92	742.199
1.308997	1.325504	-1.671296	3	15	89	742.154
2.094395	1.870545	-2.976234	10	87	104	742.150
0.785398	1.555207	1.708892	33	1	2	741.970
0.000000	2.295480	1.008277	96	96	7	741.831
0.000000	0.571433	-1.188419	103	104	87	741.820
1.832596	0.674054	1.013609	104	109	19	741.609
-2.879793	1.391910	3.030322	23	10	104	741.587
-3.141593	0.619654	-2.216909	11	10	90	741.555
1.570796	1.450119	-2.739050	105	105	81	741.423
-0.523599	1.554776	0.100351	14	87	101	741.169
-0.261799	1.510910	-0.740472	13	90	100	741.036
-2.617994	2.379497	0.561089	102	102	83	741.024
1.308997	1.301460	-0.509251	1	99	88	740.990
-0.785398	1.872854	1.543456	106	8	22	740.771
0.000000	1.658653	-2.409879	3	110	85	740.640
2.879793	1.450119	-2.739050	9	3	90	740.619
0.785398	2.247462	0.191623	101	95	106	740.550
-0.785398	1.504028	0.636812	109	4	22	740.482
-0.523599	2.863997	0.549740	108	89	3	740.388
-2.094395	2.108018	1.311430	1	4	25	740.261
-2.879793	2.153910	-1.714959	24	15	6	739.989
1.308997	1.599406	1.426070	17	96	107	739.892
2.094395	2.979456	-1.009304	8	89	96	739.817
1.047198	1.301460	-0.509251	110	94	91	739.510
0.261799	0.571433	-1.188419	106	104	87	739.490
-2.617994	2.637879	2.121598	106	96	92	739.474
0.000000	2.001437	0.381215	2	5	85	739.438
-2.356194	1.506530	1.988858	107	90	103	739.364
1.832596	1.310100	1.488307	103	97	16	739.344
0.523599	0.418037	1.360082	102	24	107	739.273
1.308997	1.374601	-2.456031	111	105	23	739.198
-3.141593	2.393226	1.857173	105	101	89	739.184
-3.141593	1.242974	-2.977882	10	3	86	739.139
-2.356194	0.700570	1.559208	96	94	106	738.842
-0.261799	2.979456	-1.009304	27	8	7	738.817
-1.570796	1.824694	1.850876	98	89	109	738.617
-2.356194	1.128190	-2.288622	25	1	17	738.511
-0.523599	1.732874	-0.951685	103	98	86	738.273
-2.356194	1.869911	2.701025	103	12	23	738.153
2.879793	1.433411	-1.035986	18	15	95	738.018
-3.141593	1.569311	-3.003978	11	2	89	737.968
-2.617994	1.909857	-0.381669	102	93	98	737.946
-2.879793	0.992645	-1.723759	2	108	20	737.855
2.879793	2.407836	1.410646	26	6	7	737.801
-1.570796	2.349581	-2.702517	8	6	88	737.755
-2.617994	2.704512	1.488683	11	11	99	737.750
0.261799	2.455966	-0.641220	23	15	3	737.711
0.000000	0.866955	-0.931351	109	86	102	737.633
0.785398	1.448123	-2.163292	0	85	103	737.603
-2.879793	1.846342	-1.796954	23	15	12	737.539
-1.570796	2.299159	2.264663	2	11	22	737.511
0.000000	0.290380	-0.796960	94	98	97	737.490
1.832596	2.063651	-2.044600	90	101	92	737.282
-1.047198	2.247462	0.191623	110	92	89	737.258
-1.570796	2.984978	1.954446	103	89	96	737.162
-3.141593	0.992645	-1.723759	3	0	86	737.098
2.356194	1.904882	-1.478089	89	98	94	737.090
-0.785398	2.295480	1.008277	105	2	25	736.925
-2.094395	1.606104	-0.451151	111	91	96	736.881
-1.308997	0.733948	3.021411	3	24	106	736.578
-0.261799	0.619654	-2.216909	99	93	109	736.486
-2.879793	1.506530	1.988858	31	111	13	736.181
2.094395	2.592629	0.909713	29	1	14	735.993
2.617994	0.418037	1.360082	96	110	19	735.828
-1.047198	1.555207	1.708892	110	104	23	735.767
-2.879793	1.214854	-1.966664	100	15	92	735.689
-2.094395	2.033014	2.977192	93	96	99	735.596
0.000000	1.135834	-1.431087	18	96	98	735.532
0.261799	1.982574	-1.115518	14	14	97	735.473
1.832596	2.073035	2.027405	102	103	19	735.468
-2.879793	0.866955	-0.931351	85	6	109	735.414
2.094395	2.379497	0.561089	23	9	7	735.409
2.356194	0.700570	1.559208	0	97	86	735.346
0.523599	0.960688	-0.577532	29	4	10	735.274
2.879793	0.080730	-2.622036	26	9	111	735.164
1.047198	1.732874	-0.951685	1	86	95	734.998
2.356194	2.356369	3.005869	16	89	104	734.916
0.000000	0.080730	-2.622036	101	88	104	734.883
-1.570796	0.866955	-0.931351	110	86	101	734.828
-2.356194	0.618092	2.539118	26	9	6	734.719
0.261799	1.247695	1.809890	107	99	92	734.592
-0.261799	1.433411	-1.035986	99	95	88	734.545
1.570796	1.617114	-1.572037	103	92	101	734.522
-0.261799	1.135834	-1.431087	95	89	101	734.396
-2.094395	2.153910	-1.714959	111	91	92	734.223
-1.570796	1.741644	-2.695914	95	94	109	734.176
-2.617994	1.824694	1.850876	102	91	103	733.991
-0.523599	1.391910	3.030322	89	16	105	733.902
-1.832596	1.574060	2.783565	92	96	99	733.801
-2.094395	0.733948	3.021411	2	24	108	733.656
2.617994	0.640596	-2.797608	19	16	105	733.549
2.879793	0.571433	-1.188419	0	5	88	733.427
-2.094395	2.089241	-0.114193	109	3	81	733.285
0.785398	2.164094	-2.991358	98	101	90	733.200
-0.523599	2.455966	-0.641220	24	96	104	733.187
-1.570796	2.356369	3.005869	6	24	2	733.133
-1.832596	1.045978	0.343692	13	88	111	733.051
-1.308997	1.870545	-2.976234	84	14	3	732.987
-0.261799	0.080730	-2.622036	98	89	104	732.980
-1.570796	0.674054	1.013609	110	93	99	732.933
0.785398	2.073035	2.027405	109	91	106	732.727
2.879793	1.766067	2.153843	28	1	10	732.725
-1.570796	0.640596	-2.797608	88	12	103	732.503
-3.141593	2.041297	-2.664597	4	98	87	732.467
1.047198	2.356369	3.005869	107	96	92	732.410
1.047198	1.247695	1.809890	98	104	15	732.346
2.879793	2.108018	1.311430	26	5	9	732.304
1.308997	2.579248	-2.364801	102	97	87	732.194
-3.141593	0.929350	-2.910676	20	12	103	732.098
2.879793	1.168678	2.108595	26	4	5	732.094
-1.047198	1.413430	2.550734	27	11	5	731.960
-2.356194	2.033014	2.977192	105	16	19	731.770
0.785398	2.108018	1.311430	105	90	3	731.757
2.879793	0.929350	-2.910676	15	11	94	731.603
1.570796	1.699788	2.452890	102	95	10	731.526
0.000000	2.579248	-2.364801	8	10	93	731.406
2.617994	0.850607	-1.335383	1	3	85	731.065
-2.879793	1.335669	0.897240	3	2	25	731.021
1.047198	2.379497	0.561089	31	0	102	730.947
-0.785398	1.214854	-1.966664	106	98	88	730.804
-2.356194	2.153910	-1.714959	108	90	93	730.592
2.879793	0.591903	2.010408	103	91	110	730.371
1.832596	0.619654	-2.216909	21	14	106	730.359
1.832596	0.899350	-2.069907	1	9	83	730.239
0.000000	1.982574	-1.115518	16	12	97	730.064
-2.094395	1.662363	0.915448	10	5	28	730.041
0.000000	0.591903	2.010408	92	96	101	730.001
0.261799	2.187132	-0.479875	90	99	2	729.965
1.308997	2.108018	1.311430	97	106	88	729.965
1.308997	1.488617	1.159546	16	95	108	729.845
-2.617994	1.184361	0.625864	2	105	87	729.755
1.570796	1.194549	-0.801900	2	96	92	729.723
-1.308997	2.760637	2.781135	102	17	94	729.705
0.261799	1.658653	-2.409879	90	93	99	729.533
-0.523599	2.041297	-2.664597	22	99	104	729.221
-1.832596	1.506530	1.988858	16	8	89	729.103
-1.570796	1.606104	-0.451151	110	88	111	728.965
-3.141593	0.960688	-0.577532	95	2	88	728.922
-1.308997	1.574060	2.783565	100	93	98	728.906
-2.356194	2.343981	-1.040456	20	18	107	728.794
-0.785398	1.488617	1.159546	27	101	13	728.713
-2.617994	1.374601	-2.456031	27	110	16	728.697
-3.141593	2.881233	-2.582574	104	91	97	728.686
-0.261799	2.001437	0.381215	3	4	86	727.927
0.000000	2.404280	-0.174044	25	102	97	727.892
-2.094395	2.393226	1.857173	3	25	3	727.687
-2.094395	1.875281	0.107086	111	105	25	727.603
2.879793	1.367556	0.358405	3	86	106	727.534
1.570796	0.899350	-2.069907	106	100	88	727.528
-1.570796	2.592629	0.909713	104	4	26	727.492
1.570796	0.591903	2.010408	84	2	108	727.317
-1.570796	1.301460	-0.509251	2	87	110	727.207
1.308997	2.592629	0.909713	94	101	95	727.161
2.617994	0.864993	2.278281	26	1	5	727.150
-1.570796	2.724429	-0.348782	2	99	86	727.126
2.356194	1.247695	1.809890	105	96	12	727.108
-0.785398	2.704512	1.488683	105	13	93	726.816
-1.570796	0.831641	0.616218	95	101	90	726.761
-2.879793	1.134796	2.434290	30	4	1	726.747
-0.785398	1.440580	2.260026	110	102	86	726.644
-1.570796	1.812176	0.656819	4	3	28	726.583
2.094395	2.343981	-1.040456	91	18	102	726.562
-2.094395	2.719179	-1.780644	6	90	100	726.396
-0.261799	1.195355	1.200319	20	15	14	726.212
-2.617994	1.699788	2.452890	34	0	3	726.011
0.261799	2.295480	1.008277	27	6	105	725.828
2.356194	1.741644	-2.695914	4	3	88	725.740
-1.047198	1.977582	0.969896	110	6	26	725.635
-2.879793	0.850607	-1.335383	84	3	104	725.541
1.570796	2.251330	-2.330739	111	103	85	725.466
-2.356194	0.831641	0.616218	107	90	98	725.409
-0.523599	1.194549	-0.801900	31	102	105	725.163
2.356194	1.014500	0.906702	110	25	99	725.123
0.523599	1.433411	-1.035986	23	20	111	725.095
0.785398	1.440580	2.260026	107	15	18	725.033
1.570796	0.700570	1.559208	102	106	16	724.924
0.523599	1.413430	2.550734	109	93	100	724.886
1.047198	0.850607	-1.335383	93	94	101	724.577
1.832596	1.948085	-2.363031	31	95	108	724.546
-1.308997	0.290380	-0.796960	104	89	103	724.522
-0.261799	2.587733	0.232235	12	90	0	723.864
0.261799	1.766067	2.153843	110	104	89	723.692
2.617994	2.343981	-1.040456	100	94	101	723.672
-1.570796	1.448123	-2.163292	96	98	2	723.635
2.617994	1.450119	-2.739050	9	5	91	723.628
1.570796	1.335669	0.897240	16	8	90	723.607
2.879793	1.413347	-1.339188	105	89	100	723.392
0.523599	2.295480	1.008277	106	91	7	723.220
0.261799	1.218453	2.777284	94	99	91	723.173
-0.261799	1.450119	-2.739050	21	99	102	723.096
-1.570796	1.872854	1.543456	101	89	105	723.067
-3.141593	2.089241	-0.114193	111	97	91	723.051
0.523599	2.299159	2.264663	104	90	105	722.950
0.261799	0.370812	-2.547742	14	90	94	722.903
-3.141593	1.869911	2.701025	1	88	94	722.888
0.523599	1.247695	1.809890	109	96	96	722.847
0.523599	0.899350	-2.069907	3	98	90	722.819
-1.832596	1.766067	2.153843	86	97	3	722.678
0.000000	1.696674	-1.253233	25	102	102	722.649
2.879793	0.640596	-2.797608	18	12	96	722.583
-3.141593	2.349581	-2.702517	2	95	90	722.519
1.308997	2.247462	0.191623	21	6	23	722.518
-1.308997	1.014500	0.906702	90	94	97	722.517
-1.308997	0.831641	0.616218	104	97	92	722.446
-0.261799	0.910508	1.903534	108	94	94	722.445
2.617994	1.247695	1.809890	1	93	89	722.388
0.523599	2.456751	-1.503343	111	7	88	722.191
2.356194	1.836682	-0.676006	5	101	88	722.167
-3.141593	1.135813	-2.658866	4	6	84	722.155
2.356194	0.571433	-1.188419	111	8	86	722.061
-0.523599	1.135813	-2.658866	104	97	90	722.019
2.094395	2.881233	-2.582574	96	96	95	721.840
-0.261799	1.242974	-2.977882	102	99	90	721.813
0.261799	2.592629	0.909713	20	15	108	721.766
2.879793	1.242974	-2.977882	13	7	92	721.703
1.832596	0.850607	-1.335383	2	13	89	721.612
2.094395	1.732874	-0.951685	108	23	1	721.305
0.785398	0.899350	-2.069907	7	97	91	721.220
0.785398	2.587733	0.232235	105	95	103	721.186
2.094395	1.683268	0.374177	20	14	89	721.155
-1.308997	0.674054	1.013609	0	91	99	720.948
-0.785398	0.733948	3.021411	106	93	110	720.904
-2.617994	1.335669	0.897240	111	102	88	720.772
-1.832596	2.455966	-0.641220	100	89	108	720.754
-3.141593	2.760637	2.781135	91	104	96	720.708
-1.570796	0.370812	-2.547742	23	4	23	720.683
2.617994	1.555207	1.708892	0	88	97	720.432
2.617994	1.448123	-2.163292	2	9	89	720.383
-2.617994	2.251330	-2.330739	4	92	91	720.259
-1.047198	1.335669	0.897240	94	92	92	720.236
-3.141593	1.168678	2.108595	29	2	8	720.048
2.879793	0.418037	1.360082	96	108	19	719.999
-0.785398	2.404280	-0.174044	15	15	105	719.865
1.308997	1.413430	2.550734	16	4	28	719.802
0.785398	1.194549	-0.801900	1	84	101	719.711
1.308997	1.948085	-2.363031	111	102	87	719.516
1.308997	0.866395	-2.492918	7	94	96	719.472
-2.617994	1.683268	0.374177	110	104	24	719.448
2.356194	1.128190	-2.288622	21	12	110	719.416
-0.785398	1.025536	1.576859	29	107	13	719.380
-2.879793	1.413430	2.550734	29	2	12	719.100
2.617994	2.041297	-2.664597	18	91	103	718.714
-0.785398	0.419640	2.974122	23	2	24	718.704
-2.356194	1.812176	0.656819	5	109	29	718.679
0.785398	2.356369	3.005869	3	85	105	718.520
1.308997	2.180315	-1.357379	98	17	91	718.501
1.308997	0.899350	-2.069907	102	102	86	718.472
0.000000	2.187132	-0.479875	103	96	3	718.465
-3.141593	0.640596	-2.797608	23	10	106	718.307
-0.785398	2.138223	1.678323	110	4	25	718.226
0.000000	1.741644	-2.695914	111	110	23	718.212
-1.308997	2.404280	-0.174044	111	97	86	718.140
1.308997	1.113094	-0.272241	32	4	108	718.056
0.523599	1.545873	-1.877082	0	104	87	717.777
-0.523599	1.168678	2.108595	106	98	90	717.717
1.832596	0.866955	-0.931351	27	95	109	717.653
-3.141593	1.134796	2.434290	24	5	16	717.234
-2.356194	2.349581	-2.702517	111	9	87	717.064
-1.047198	2.404280	-0.174044	111	97	86	716.985
0.523599	2.138223	1.678323	2	91	109	716.979
-1.047198	1.909857	-0.381669	103	95	88	716.859
0.785398	2.174483	2.653697	6	87	110	716.820
-2.879793	1.218453	2.777284	25	9	104	716.818
-2.356194	1.741644	-2.695914	105	13	90	716.791
0.785398	0.370812	-2.547742	10	90	104	716.680
-2.617994	2.760637	2.781135	28	9	8	716.599
0.523599	1.824694	1.850876	103	93	2	716.576
-1.832596	0.496451	0.593859	2	95	93	716.552
1.832596	1.214854	-1.966664	21	7	106	716.469
-2.356194	2.979456	-1.009304	97	89	108	716.458
2.879793	2.180315	-1.357379	106	18	15	716.439
1.047198	0.960688	-0.577532	0	93	94	716.405
1.047198	2.247462	0.191623	23	4	23	716.387
0.785398	2.704512	1.488683	111	88	2	716.352
-0.261799	0.864993	2.278281	109	94	100	716.341
-2.879793	1.440580	2.260026	32	111	8	716.207
2.094395	2.664082	-1.071402	14	90	100	716.143
1.832596	0.418037	1.360082	110	96	86	716.038
-0.261799	1.824694	1.850876	102	9	20	715.858
-1.047198	1.606104	-0.451151	109	90	110	715.515
-1.570796	2.760637	2.781135	95	89	98	715.215
-0.785398	1.335669	0.897240	16	85	109	715.191
1.570796	0.733948	3.021411	16	15	5	715.102
-2.094395	1.045978	0.343692	111	87	106	715.066
0.785398	2.724429	-0.348782	27	10	17	715.066
-3.141593	0.866955	-0.931351	24	19	6	714.891
1.047198	0.914445	2.687814	97	90	98	714.850
0.261799	0.640596	-2.797608	101	92	109	714.749
2.879793	0.866955	-0.931351	94	94	91	714.548
2.879793	2.719179	-1.780644	94	97	94	714.377
1.308997	0.619654	-2.216909	103	98	91	714.241
-0.785398	2.089241	-0.114193	28	5	16	714.046
-0.785398	2.587733	0.232235	99	92	3	714.014
-2.094395	0.700570	1.559208	101	92	107	713.780
1.570796	2.984978	1.954446	20	8	15	713.744
1.832596	1.683268	0.374177	20	9	89	713.698
-0.523599	2.104282	-0.813972	22	94	107	713.663
-3.141593	2.984978	1.954446	33	1	10	713.478
2.356194	1.569311	-3.003978	15	7	98	713.468
-0.785398	1.574060	2.783565	89	14	105	713.016
-2.617994	0.290380	-0.796960	18	11	99	713.002
0.785398	1.504028	0.636812	6	110	84	712.928
2.094395	0.899350	-2.069907	21	11	110	712.842
2.617994	2.588535	-2.976617	106	93	92	712.644
-0.523599	1.569311	-3.003978	24	99	100	712.407
1.308997	2.979456	-1.009304	11	12	98	712.404
-0.261799	2.404280	-0.174044	101	10	84	712.387
-3.141593	0.458961	-0.107937	16	11	95	712.344
-3.141593	0.910508	1.903534	103	93	2	712.276
2.094395	1.809167	1.213774	103	21	92	712.213
-2.356194	1.134796	2.434290	27	6	13	712.171
2.879793	1.872854	1.543456	0	106	22	712.165
2.879793	2.588535	-2.976617	110	92	93	712.112
1.570796	0.080730	-2.622036	13	93	97	711.953
2.617994	1.683268	0.374177	25	109	10	711.910
-2.617994	1.872854	1.543456	105	91	101	711.846
-2.879793	1.025536	1.576859	19	87	107	711.775
1.047198	1.014500	0.906702	6	92	96	711.527
2.879793	2.251330	-2.330739	95	88	94	711.412
-1.047198	0.709924	0.218797	99	102	89	711.399
-1.832596	1.875281	0.107086	1	99	21	711.320
-0.261799	2.073035	2.027405	102	7	20	711.233
0.000000	1.374601	-2.456031	101	100	89	711.181
0.000000	1.488617	1.159546	18	13	16	711.174
0.261799	1.214854	-1.966664	110	101	88	711.146
0.261799	0.080730	-2.622036	93	104	16	711.112
-3.141593	0.685216	-1.712745	92	13	89	711.073
-2.094395	2.041297	-2.664597	107	10	88	710.951
0.523599	2.984978	1.954446	97	95	97	710.842
1.308997	1.872854	1.543456	104	106	88	710.822
0.785398	1.812176	0.656819	104	92	110	710.821
-0.785398	2.579248	-2.364801	5	14	92	710.562
1.570796	1.488617	1.159546	18	95	108	710.560
0.523599	1.875281	0.107086	106	95	6	710.537
2.879793	1.904882	-1.478089	110	88	103	710.242
-1.832596	1.413347	-1.339188	15	19	0	710.238
0.523599	1.310100	1.488307	32	109	6	710.198
-3.141593	1.391910	3.030322	16	4	91	710.175
2.094395	0.762244	-0.273349	106	4	21	709.936
0.261799	1.736875	3.023612	97	101	91	709.936
-1.308997	1.617114	-1.572037	104	95	92	709.609
-0.261799	1.335669	0.897240	106	6	21	709.406
-1.832596	1.448123	-2.163292	1	98	15	709.354
1.047198	2.455966	-0.641220	16	16	106	709.324
-0.261799	1.662363	0.915448	22	11	15	709.281
1.570796	2.393226	1.857173	96	110	90	709.005
-2.879793	1.569311	-3.003978	12	1	89	708.995
1.047198	1.696674	-1.253233	22	13	0	708.937
-1.308997	2.592629	0.909713	103	3	26	708.834
1.308997	1.809167	1.213774	15	95	107	708.743
1.570796	2.247462	0.191623	24	9	7	708.723
2.356194	1.135834	-1.431087	96	16	90	708.667
1.047198	1.433411	-1.035986	23	12	3	708.667
0.000000	1.325504	-1.671296	106	90	97	708.540
-2.617994	2.407836	1.410646	5	23	7	708.492
0.785398	1.545873	-1.877082	4	11	86	708.444
2.879793	2.478122	2.609777	93	107	93	708.406
-0.523599	2.187132	-0.479875	18	96	97	708.389
-2.356194	1.195355	1.200319	108	10	23	708.378
0.523599	1.214854	-1.966664	2	100	88	708.241
-1.570796	1.134497	-1.109631	108	88	96	708.008
2.879793	1.335669	0.897240	27	110	104	707.961
-2.094395	2.104282	-0.813972	99	94	96	707.949
-2.356194	2.247462	0.191623	111	101	87	707.910
0.523599	2.041297	-2.664597	99	103	88	707.879
0.261799	1.325504	-1.671296	110	89	97	707.851
-1.308997	0.080730	-2.622036	27	4	21	707.828
2.879793	1.025536	1.576859	109	95	10	707.756
-2.879793	2.041297	-2.664597	3	102	85	707.742
1.047198	2.041297	-2.664597	101	103	88	707.719
0.000000	1.025536	1.576859	31	104	8	707.667
-1.570796	0.591903	2.010408	90	6	2	707.562
0.523599	0.674054	1.013609	108	9	22	707.529
-0.261799	0.709924	0.218797	106	91	95	707.444
1.832596	1.872854	1.543456	1	111	85	707.309
1.832596	1.391910	3.030322	110	88	96	707.260
-1.047198	1.574060	2.783565	28	10	6	707.222
2.356194	1.310100	1.488307	103	103	18	707.000
2.617994	2.478122	2.609777	24	90	109	706.993
-1.308997	1.741644	-2.695914	111	90	110	706.968
2.617994	1.836682	-0.676006	1	99	91	706.641
1.832596	1.135813	-2.658866	4	92	94	706.586
0.261799	2.760637	2.781135	103	87	99	706.329
-2.356194	0.733948	3.021411	5	23	109	706.250
-3.141593	2.863997	0.549740	95	16	97	706.188
0.523599	1.448123	-2.163292	108	102	88	706.167
1.047198	0.685216	-1.712745	105	102	88	705.992
-1.570796	0.906588	1.252948	3	91	102	705.985
-1.308997	0.864993	2.278281	29	108	14	705.912
2.617994	1.134497	-1.109631	105	0	85	705.874
-3.141593	2.456751	-1.503343	7	0	82	705.814
1.047198	0.961715	0.014085	12	86	103	705.801
-0.785398	1.812176	0.656819	111	4	26	705.707
1.570796	2.089241	-0.114193	9	88	100	705.697
-0.523599	1.658653	-2.409879	1	105	85	705.560
-1.047198	0.700570	1.559208	108	86	110	705.555
-0.523599	2.396274	-1.959260	17	10	95	705.473
-0.523599	0.866395	-2.492918	4	92	98	705.244
0.785398	1.658653	-2.409879	104	101	88	705.229
1.308997	1.756530	-2.105156	106	91	3	705.218
1.047198	2.343981	-1.040456	1	6	86	704.911
-2.617994	0.906588	1.252948	10	89	100	704.772
-2.617994	2.587733	0.232235	86	9	0	704.683
0.785398	1.948085	-2.363031	100	88	97	704.535
-1.832596	2.393226	1.857173	0	10	23	704.397
0.785398	2.979456	-1.009304	98	89	97	704.390
-3.141593	1.135834	-1.431087	98	18	99	704.375
0.785398	0.733948	3.021411	100	92	94	704.375
-3.141593	1.982574	-1.115518	0	87	107	704.328
-1.047198	2.587733	0.232235	10	11	91	704.274
1.047198	1.184361	0.625864	2	90	96	704.231
-1.047198	1.134796	2.434290	105	89	100	704.169
-2.879793	2.664082	-1.071402	98	91	102	703.990
2.094395	0.370812	-2.547742	2	90	10	703.986
0.261799	2.579248	-2.364801	7	12	94	703.910
0.785398	1.977582	0.969896	5	93	0	703.896
0.785398	1.599406	1.426070	104	106	86	703.829
-0.261799	1.872854	1.543456	102	11	23	703.770
2.356194	1.756530	-2.105156	0	4	86	703.608
-2.617994	1.606104	-0.451151	2	16	89	703.491
-1.308997	0.619654	-2.216909	8	22	6	703.434
1.570796	1.662363	0.915448	24	11	93	703.399
1.570796	1.135813	-2.658866	0	95	90	703.379
-2.617994	1.214854	-1.966664	7	2	88	703.333
2.617994	0.674054	1.013609	87	5	99	703.106
-2.094395	0.910508	1.903534	88	99	11	702.879
-0.261799	1.721184	-0.153948	16	89	98	702.788
-1.308997	1.450119	-2.739050	9	91	4	702.715
-1.047198	1.721184	-0.153948	103	94	5	702.593
0.261799	0.591903	2.010408	94	94	101	702.573
-0.523599	2.724429	-0.348782	18	90	0	702.568
1.570796	2.455966	-0.641220	12	16	106	702.562
0.261799	2.478122	2.609777	106	86	103	702.494
2.356194	2.587733	0.232235	29	0	14	702.310
-3.141593	0.290380	-0.796960	28	8	17	702.271
-1.832596	0.640596	-2.797608	85	4	94	702.166
-1.308997	2.115563	0.685730	111	2	27	702.124
1.832596	1.732874	-0.951685	1	94	93	702.078
-2.879793	1.909857	-0.381669	110	86	1	701.965
-1.047198	0.831641	0.616218	92	94	97	701.817
-1.832596	1.310100	1.488307	104	90	107	701.771
-1.570796	0.615174	-0.666022	105	88	105	701.691
-2.094395	2.247462	0.191623	105	107	24	701.562
2.094395	1.824694	1.850876	104	102	18	701.509
-0.261799	0.906588	1.252948	1	9	24	701.494
-0.523599	0.961715	0.014085	92	95	94	701.446
-1.832596	0.762244	-0.273349	106	94	9	701.431
2.879793	1.310100	1.488307	22	111	95	701.368
-0.261799	2.393226	1.857173	106	9	90	701.271
0.523599	1.982574	-1.115518	25	18	4	701.208
-0.261799	2.343981	-1.040456	25	100	103	701.189
-1.832596	1.488617	1.159546	106	91	103	701.177
-2.094395	0.418037	1.360082	23	96	101	701.171
-1.832596	1.195355	1.200319	92	94	100	701.097
0.261799	1.872854	1.543456	30	0	5	700.999
0.523599	2.343981	-1.040456	15	16	103	700.871
-0.785398	2.637879	2.121598	105	10	24	700.436
2.356194	1.134497	-1.109631	110	90	103	700.428
-1.308997	2.637879	2.121598	101	87	99	700.422
1.832596	1.555207	1.708892	98	104	19	700.279
1.832596	2.174483	2.653697	107	86	99	700.137
-0.785398	0.864993	2.278281	20	11	14	700.119
1.832596	0.992645	-1.723759	4	90	1	700.098
1.832596	0.733948	3.021411	23	97	92	700.012
2.356194	0.496451	0.593859	16	9	93	700.001
-2.356194	2.396274	-1.959260	110	95	90	699.861
-1.308997	2.379497	0.561089	2	91	90	699.825
-2.617994	0.899350	-2.069907	101	89	97	699.716
-2.879793	2.984978	1.954446	96	93	94	699.715
-0.261799	1.554776	0.100351	109	111	84	699.510
-2.617994	1.696674	-1.253233	22	18	3	699.307
1.570796	1.440580	2.260026	102	95	10	699.212
0.523599	0.864993	2.278281	1	91	6	699.198
-0.785398	2.724429	-0.348782	0	93	99	699.131
1.308997	2.153910	-1.714959	6	7	90	699.037
-2.094395	0.906588	1.252948	22	7	21	698.970
-3.141593	1.741644	-2.695914	4	103	84	698.753
-2.617994	2.396274	-1.959260	21	14	10	698.744
2.094395	2.295480	1.008277	25	3	15	698.651
1.308997	1.128190	-2.288622	99	99	89	698.620
0.785398	2.104282	-0.813972	23	17	9	698.513
0.261799	0.762244	-0.273349	103	87	101	698.203
0.000000	2.863997	0.549740	19	94	103	698.156
0.523599	1.301460	-0.509251	96	93	93	698.069
-2.879793	1.135813	-2.658866	11	5	88	697.879
2.879793	1.696674	-1.253233	105	88	104	697.855
2.879793	1.948085	-2.363031	105	102	84	697.833
2.617994	2.396274	-1.959260	96	99	90	697.782
-2.879793	2.881233	-2.582574	19	86	0	697.673
-2.617994	1.134796	2.434290	34	111	2	697.605
-0.523599	2.174483	2.653697	1	0	89	697.602
-3.141593	2.724429	-0.348782	15	92	100	697.585
-0.261799	0.297065	2.160177	30	1	8	697.496
-1.570796	1.194549	-0.801900	1	86	105	697.473
1.047198	1.417623	-0.202254	12	15	23	697.390
0.523599	1.998705	2.370472	111	88	1	697.367
-2.617994	1.809167	1.213774	106	94	8	697.348
-0.785398	2.153910	-1.714959	103	108	84	697.267
-0.785398	0.709924	0.218797	91	94	98	697.214
1.570796	0.619654	-2.216909	10	8	84	697.082
1.570796	2.404280	-0.174044	1	24	15	696.992
1.832596	1.242974	-2.977882	8	90	98	696.928
0.523599	2.979456	-1.009304	24	17	6	696.881
-0.523599	1.218453	2.777284	105	98	97	696.839
2.356194	1.872854	1.543456	108	95	17	696.689
-1.047198	0.370812	-2.547742	10	21	5	696.672
1.570796	1.504028	0.636812	24	9	93	696.590
2.094395	1.014500	0.906702	101	108	20	696.420
-2.356194	1.504028	0.636812	4	1	27	696.380
-2.094395	1.869911	2.701025	101	9	22	696.244
2.094395	0.866955	-0.931351	108	91	99	695.777
-0.261799	2.108018	1.311430	101	10	26	695.605
-1.570796	0.910508	1.903534	94	89	107	695.333
-1.047198	2.719179	-1.780644	91	96	111	695.315
0.785398	1.696674	-1.253233	18	22	109	695.102
-1.832596	2.407836	1.410646	105	89	101	695.070
2.356194	2.164094	-2.991358	18	92	104	695.049
-2.617994	1.756530	-2.105156	7	109	87	694.973
2.094395	2.251330	-2.330739	95	96	92	694.962
-0.523599	1.909857	-0.381669	17	93	99	694.824
1.047198	1.904882	-1.478089	104	16	88	694.748
-1.570796	0.496451	0.593859	15	95	98	694.738
0.261799	1.836682	-0.676006	110	17	94	694.646
1.308997	2.719179	-1.780644	1	88	99	694.631
1.308997	1.135834	-1.431087	105	90	102	694.623
-1.832596	2.153910	-1.714959	2	95	90	694.313
-1.047198	2.881233	-2.582574	3	9	90	694.176
0.000000	1.391910	3.030322	111	103	86	693.934
2.879793	1.440580	2.260026	26	1	14	693.839
-1.570796	2.579248	-2.364801	106	8	85	693.779
-1.047198	2.063651	-2.044600	10	110	86	693.609
-1.832596	2.724429	-0.348782	100	90	109	693.559
-2.879793	1.128190	-2.288622	105	8	83	693.509
-2.879793	1.014500	0.906702	109	89	97	693.359
1.570796	1.948085	-2.363031	107	105	85	693.321
-2.879793	2.404280	-0.174044	20	96	100	693.304
-2.356194	1.606104	-0.451151	0	92	96	693.291
0.000000	1.113094	-0.272241	96	96	90	693.273
-2.617994	1.391910	3.030322	21	13	103	693.047
1.308997	0.370812	-2.547742	8	93	95	692.898
2.879793	2.456751	-1.503343	96	92	99	692.896
-1.047198	1.488617	1.159546	4	83	108	692.893
1.308997	0.685216	-1.712745	109	109	27	692.704
2.094395	1.488617	1.159546	105	23	95	692.660
-0.261799	1.696674	-1.253233	107	98	87	692.607
0.523599	2.592629	0.909713	100	90	111	692.527
0.785398	2.455966	-0.641220	24	16	8	692.290
-2.094395	0.370812	-2.547742	12	15	99	692.182
-2.094395	1.135813	-2.658866	105	11	84	692.146
-1.832596	1.433411	-1.035986	108	85	101	692.133
0.261799	2.664082	-1.071402	24	18	6	692.076
-2.356194	1.242974	-2.977882	28	5	107	692.010
2.879793	2.349581	-2.702517	108	95	89	691.983
2.356194	2.041297	-2.664597	12	88	105	691.951
-0.785398	2.881233	-2.582574	94	89	100	691.944
-0.785398	1.909857	-0.381669	12	92	97	691.939
1.832596	1.756530	-2.105156	94	100	89	691.698
1.832596	1.448123	-2.163292	110	12	87	691.434
-0.785398	1.766067	2.153843	88	15	111	691.426
1.832596	1.413430	2.550734	22	94	104	691.401
-1.832596	0.458961	-0.107937	110	88	108	691.340
-1.047198	1.998705	2.370472	110	108	88	691.243
0.523599	1.195355	1.200319	101	7	22	691.228
-1.832596	0.709924	0.218797	104	96	94	691.143
2.356194	0.709924	0.218797	88	9	97	690.929
0.785398	2.063651	-2.044600	103	90	3	690.901
2.617994	0.866955	-0.931351	111	2	88	690.849
-2.356194	0.619654	-2.216909	28	111	17	690.820
2.356194	0.458961	-0.107937	24	17	5	690.811
0.261799	2.343981	-1.040456	19	18	108	690.754
2.879793	1.569311	-3.003978	101	1	20	690.742
-2.094395	1.870545	-2.976234	105	13	90	690.714
-1.308997	1.809167	1.213774	4	8	27	690.607
1.308997	0.992645	-1.723759	100	102	89	690.480
2.879793	1.510910	-0.740472	4	105	89	690.410
-0.523599	1.846342	-1.796954	26	99	102	690.377
1.047198	2.153910	-1.714959	104	88	110	690.355
-2.094395	2.174483	2.653697	9	22	2	690.047
-3.141593	1.374601	-2.456031	0	0	83	690.026
1.308997	0.700570	1.559208	100	102	11	690.020
0.523599	0.379747	-1.713059	10	96	93	689.803
-2.879793	2.343981	-1.040456	98	93	97	689.751
-1.047198	1.168678	2.108595	104	100	86	689.703
2.094395	0.640596	-2.797608	6	93	94	689.647
2.879793	2.863997	0.549740	98	18	96	689.551
-0.785398	2.979456	-1.009304	8	98	96	689.516
-0.261799	1.756530	-2.105156	105	104	87	689.461
0.000000	1.909857	-0.381669	103	98	7	689.406
-2.879793	2.863997	0.549740	100	92	93	689.352
1.047198	0.864993	2.278281	94	93	110	689.217
-0.261799	2.724429	-0.348782	110	90	111	689.164
-1.047198	0.899350	-2.069907	111	90	104	689.096
-2.617994	1.545873	-1.877082	22	16	10	689.084
1.832596	2.404280	-0.174044	27	1	15	689.005
-0.785398	2.863997	0.549740	15	12	92	688.995
1.047198	0.899350	-2.069907	100	100	88	688.972
-1.308997	1.662363	0.915448	93	96	87	688.860
-3.141593	2.001437	0.381215	16	91	106	688.767
0.523599	1.721184	-0.153948	26	4	21	688.659
-2.879793	1.732874	-0.951685	16	23	100	688.467
-2.356194	1.310100	1.488307	109	93	4	688.426
2.094395	0.850607	-1.335383	29	8	4	688.353
2.356194	1.658653	-2.409879	104	104	82	688.232
-0.523599	2.881233	-2.582574	11	10	95	688.181
-1.308997	0.700570	1.559208	101	87	4	688.154
2.094395	1.128190	-2.288622	15	14	102	688.080
-0.261799	1.846342	-1.796954	2	5	84	688.027
1.047198	0.866395	-2.492918	2	98	87	688.012
2.356194	0.674054	1.013609	111	94	88	688.001
2.617994	2.115563	0.685730	26	2	14	687.926
-0.785398	0.203748	0.590255	32	6	3	687.854
-0.261799	2.719179	-1.780644	1	5	87	687.657
-3.141593	0.700570	1.559208	104	93	91	687.541
0.000000	1.135813	-2.658866	1	93	99	687.522
0.523599	1.904882	-1.478089	6	16	92	687.513
-1.308997	1.569311	-3.003978	85	14	5	687.513
0.000000	2.349581	-2.702517	6	8	90	687.483
-2.094395	0.831641	0.616218	3	93	96	687.435
-1.308997	1.184361	0.625864	92	100	89	687.355
1.047198	2.180315	-1.357379	100	17	91	687.330
-2.617994	2.174483	2.653697	27	10	2	687.291
2.617994	2.760637	2.781135	24	91	110	687.143
-2.356194	1.909857	-0.381669	99	89	104	687.085
1.047198	0.619654	-2.216909	7	95	93	686.923
-1.832596	2.478122	2.609777	109	91	97	686.809
2.617994	1.617114	-1.572037	100	14	92	686.794
-1.832596	1.569311	-3.003978	90	98	104	686.768
1.570796	2.979456	-1.009304	11	16	103	686.727
0.523599	0.850607	-1.335383	98	104	89	686.708
2.094395	0.290380	-0.796960	92	107	9	686.621
-1.832596	0.297065	2.160177	25	12	6	686.540
-0.261799	1.699788	2.452890	105	103	91	686.522
-1.832596	0.961715	0.014085	0	87	102	686.500
1.047198	1.948085	-2.363031	108	103	87	686.403
0.261799	1.450119	-2.739050	100	96	95	686.311
2.879793	1.599406	1.426070	0	4	87	686.263
-2.879793	0.961715	0.014085	110	100	19	686.246
2.617994	0.961715	0.014085	94	7	91	686.200
0.785398	1.506530	1.988858	110	96	95	686.083
-2.094395	1.168678	2.108595	87	102	12	686.062
-1.047198	1.214854	-1.966664	101	98	88	686.054
-1.832596	2.251330	-2.330739	8	3	88	685.875
-3.141593	1.194549	-0.801900	23	21	1	685.828
1.832596	1.450119	-2.739050	3	91	96	685.655
-1.570796	2.404280	-0.174044	98	99	86	685.611
2.879793	0.685216	-1.712745	1	5	85	685.601
2.617994	1.014500	0.906702	104	25	99	685.474
2.879793	2.104282	-0.813972	23	95	106	685.361
2.879793	0.914445	2.687814	106	7	25	685.281
-0.261799	1.391910	3.030322	2	103	86	685.207
-2.617994	0.419640	2.974122	25	12	2	685.024
-1.832596	1.617114	-1.572037	14	20	3	684.918
-1.832596	0.992645	-1.723759	10	2	88	684.881
-1.570796	0.864993	2.278281	29	107	14	684.793
2.617994	0.992645	-1.723759	96	94	92	684.772
-1.832596	2.041297	-2.664597	7	9	89	684.668
-1.570796	1.617114	-1.572037	102	95	91	684.646
-0.785398	2.760637	2.781135	101	87	101	684.609
-2.617994	2.404280	-0.174044	22	98	101	684.604
-1.047198	0.379747	-1.713059	97	23	5	684.594
1.047198	0.906588	1.252948	100	111	19	684.593
-1.047198	2.407836	1.410646	105	7	25	684.582
-1.308997	2.174483	2.653697	106	23	99	684.518
-0.261799	2.187132	-0.479875	20	97	97	684.246
-1.570796	2.393226	1.857173	110	91	90	684.244
2.356194	2.247462	0.191623	26	110	16	684.128
-0.523599	0.910508	1.903534	21	10	13	683.932
-3.141593	1.218453	2.777284	26	5	105	683.923
-2.094395	1.014500	0.906702	21	4	24	683.730
1.308997	1.440580	2.260026	6	11	90	683.708
-0.261799	1.977582	0.969896	27	90	102	683.647
-0.523599	0.700570	1.559208	24	10	8	683.554
-2.617994	0.914445	2.687814	108	91	97	683.508
-2.617994	2.073035	2.027405	106	102	16	683.435
0.261799	1.875281	0.107086	20	16	6	683.252
2.356194	1.909857	-0.381669	99	21	2	683.047
2.617994	2.984978	1.954446	29	1	12	682.998
-1.308997	2.073035	2.027405	108	86	96	682.904
-2.094395	0.914445	2.687814	6	24	111	682.867
0.785398	2.478122	2.609777	94	94	100	682.857
-2.094395	2.704512	1.488683	97	94	88	682.644
0.785398	0.591903	2.010408	101	96	6	682.625
2.094395	1.869911	2.701025	103	98	12	682.581
-0.523599	1.555207	1.708892	106	95	14	682.458
-1.832596	2.379497	0.561089	21	96	100	682.306
-2.356194	1.194549	-0.801900	105	8	17	682.194
2.617994	2.033014	2.977192	26	97	104	682.173
-2.356194	2.579248	-2.364801	29	108	12	682.155
-2.617994	0.297065	2.160177	108	91	105	682.076
2.879793	2.343981	-1.040456	105	93	101	682.057
-1.570796	1.662363	0.915448	98	97	89	681.970
-0.261799	1.134497	-1.109631	103	88	99	681.955
1.832596	1.194549	-0.801900	25	91	109	681.794
-1.832596	0.899350	-2.069907	24	10	8	681.755
1.308997	1.506530	1.988858	102	99	16	681.738
1.832596	1.977582	0.969896	16	100	95	681.407
-2.356194	0.864993	2.278281	30	4	9	681.405
-1.570796	1.869911	2.701025	96	1	20	681.383
1.832596	2.637879	2.121598	101	94	95	681.265
-1.047198	1.545873	-1.877082	105	98	89	681.054
-3.141593	1.014500	0.906702	105	89	96	680.899
-0.523599	2.588535	-2.976617	105	24	97	680.873
-1.570796	1.113094	-0.272241	102	91	0	680.768
1.308997	0.618092	2.539118	103	88	104	680.719
2.356194	2.180315	-1.357379	32	104	97	680.615
2.879793	0.960688	-0.577532	96	4	88	680.562
1.047198	1.195355	1.200319	33	6	2	680.555
2.094395	1.325504	-1.671296	100	14	86	680.502
-2.879793	2.704512	1.488683	7	23	4	680.414
0.785398	2.379497	0.561089	32	109	102	680.211
-1.570796	2.041297	-2.664597	7	12	89	680.198
1.832596	2.863997	0.549740	28	7	11	680.179
2.617994	1.756530	-2.105156	1	7	87	680.152
-1.832596	0.831641	0.616218	104	96	96	680.123
2.356194	1.325504	-1.671296	97	13	87	680.115
1.570796	1.214854	-1.966664	0	9	84	680.034
0.785398	0.419640	2.974122	98	90	99	679.946
0.785398	1.909857	-0.381669	24	11	17	679.866
0.523599	0.685216	-1.712745	10	84	10	679.814
2.879793	1.982574	-1.115518	25	96	109	679.716
2.356194	0.685216	-1.712745	23	96	105	679.705
-3.141593	2.664082	-1.071402	108	90	106	679.674
-0.785398	1.846342	-1.796954	106	105	86	679.665
2.094395	2.863997	0.549740	85	5	109	679.647
1.570796	1.875281	0.107086	24	2	17	679.540
2.094395	1.510910	-0.740472	109	23	3	679.500
-2.617994	0.619654	-2.216909	93	13	89	679.284
-2.617994	1.128190	-2.288622	104	8	83	679.119
-2.617994	1.135813	-2.658866	28	111	110	678.966
-2.356194	2.138223	1.678323	4	23	4	678.773
0.261799	0.700570	1.559208	3	89	102	678.746
2.617994	2.719179	-1.780644	106	89	110	678.738
1.047198	1.875281	0.107086	18	9	23	678.705
-2.356194	1.256302	0.062705	28	8	107	678.648
-1.047198	1.417623	-0.202254	26	95	110	678.567
-2.356194	1.846342	-1.796954	19	16	7	678.539
1.570796	2.587733	0.232235	20	16	4	678.445
-0.785398	0.290380	-0.796960	11	90	100	678.344
-0.785398	0.910508	1.903534	18	16	16	678.273
-1.308997	0.571433	-1.188419	109	87	97	678.104
1.832596	1.433411	-1.035986	2	94	95	678.033
0.785398	1.606104	-0.451151	28	4	12	678.009
1.570796	1.721184	-0.153948	17	89	100	677.956
-1.832596	0.700570	1.559208	95	107	23	677.789
-0.261799	1.766067	2.153843	104	105	90	677.669
-1.047198	2.664082	-1.071402	11	90	106	677.457
-1.832596	0.906588	1.252948	0	92	102	677.355
2.094395	0.906588	1.252948	102	104	17	677.339
-3.141593	1.450119	-2.739050	10	3	90	677.254
0.785398	1.756530	-2.105156	108	106	86	676.755
0.523599	0.866955	-0.931351	94	97	96	676.722
-1.047198	1.599406	1.426070	21	101	22	676.716
-1.570796	2.588535	-2.976617	8	6	89	676.631
-0.785398	1.050534	3.042579	100	97	102	676.516
2.094395	1.606104	-0.451151	107	91	101	676.446
1.047198	0.370812	-2.547742	27	98	96	676.436
-1.308997	1.554776	0.100351	101	97	9	676.330
1.832596	1.721184	-0.153948	104	101	20	676.328
-2.094395	1.194549	-0.801900	110	97	16	676.294
0.785398	2.115563	0.685730	109	92	0	676.267
0.523599	2.033014	2.977192	6	92	93	676.258
0.261799	1.413347	-1.339188	26	103	103	676.253
1.047198	1.134497	-1.109631	105	89	99	676.050
-2.617994	1.875281	0.107086	107	104	86	676.047
-2.617994	1.310100	1.488307	23	6	21	676.037
-2.094395	0.619654	-2.216909	86	6	101	676.033
2.356194	1.606104	-0.451151	109	91	100	675.895
0.523599	2.174483	2.653697	109	86	108	675.871
2.617994	2.164094	-2.991358	110	86	94	675.799
-1.308997	1.506530	1.988858	93	108	91	675.726
2.617994	1.218453	2.777284	110	13	25	675.545
-3.141593	0.591903	2.010408	106	91	108	675.437
0.000000	2.247462	0.191623	21	13	9	675.383
0.000000	1.045978	0.343692	0	90	93	675.175
-1.047198	1.554776	0.100351	32	4	11	675.175
0.000000	2.407836	1.410646	101	5	27	675.168
0.785398	0.674054	1.013609	5	11	23	674.992
2.094395	2.407836	1.410646	100	105	87	674.721
-1.570796	2.174483	2.653697	106	89	98	674.717
1.308997	1.875281	0.107086	25	1	17	674.570
-2.617994	1.301460	-0.509251	0	19	92	674.403
2.879793	1.909857	-0.381669	110	101	89	674.353
-0.785398	1.555207	1.708892	111	104	22	674.297
-2.356194	0.685216	-1.712745	109	85	99	674.238
0.261799	1.440580	2.260026	110	101	91	674.202
-1.047198	0.685216	-1.712745	107	94	85	674.116
1.308997	0.297065	2.160177	98	88	103	674.061
1.308997	2.001437	0.381215	26	109	18	674.048
-2.094395	0.080730	-2.622036	12	15	100	674.041
-1.047198	0.640596	-2.797608	105	96	2	673.755
1.047198	0.831641	0.616218	15	90	99	673.754
-0.785398	1.413430	2.550734	14	6	22	673.749
-2.356194	1.135813	-2.658866	25	109	18	673.710
-2.879793	1.904882	-1.478089	24	17	6	673.586
1.308997	2.393226	1.857173	11	88	2	673.523
-0.261799	0.914445	2.687814	106	96	102	673.501
2.617994	1.413430	2.550734	108	14	95	673.480
1.047198	1.135834	-1.431087	3	10	86	673.461
-2.879793	0.762244	-0.273349	108	109	20	673.442
-1.570796	1.683268	0.374177	103	104	85	673.432
0.523599	2.664082	-1.071402	95	89	100	673.287
0.785398	0.080730	-2.622036	104	90	100	673.247
2.356194	1.242974	-2.977882	19	7	101	673.217
-2.617994	2.001437	0.381215	100	105	84	673.150
-1.832596	2.760637	2.781135	9	24	6	673.039
-0.261799	2.407836	1.410646	101	6	26	672.973
0.261799	1.683268	0.374177	2	5	86	672.773
2.617994	1.545873	-1.877082	109	10	88	672.733
-2.879793	0.297065	2.160177	101	111	27	672.603
-1.047198	2.001437	0.381215	109	89	91	672.596
-2.617994	0.866955	-0.931351	108	6	87	672.470
2.356194	2.863997	0.549740	95	19	92	672.174
1.832596	2.180315	-1.357379	109	90	104	672.154
-0.261799	1.504028	0.636812	107	98	10	672.150
2.879793	2.295480	1.008277	26	6	9	672.100
0.000000	1.812176	0.656819	14	11	97	672.004
0.523599	1.417623	-0.202254	28	3	15	671.969
2.356194	2.760637	2.781135	21	90	110	671.943
-2.617994	1.113094	-0.272241	101	24	95	671.928
-0.523599	1.045978	0.343692	95	93	93	671.908
-1.308997	0.496451	0.593859	90	96	100	671.841
-1.308997	2.588535	-2.976617	2	87	1	671.809
-1.047198	1.948085	-2.363031	0	93	100	671.696
0.785398	2.404280	-0.174044	24	12	17	671.416
2.617994	1.135834	-1.431087	92	96	91	671.340
-0.261799	2.455966	-0.641220	94	9	85	671.238
-1.570796	1.218453	2.777284	5	109	83	671.216
1.308997	1.045978	0.343692	4	89	102	671.183
2.879793	1.413430	2.550734	23	12	10	671.019
0.261799	1.134796	2.434290	2	16	17	671.009
1.308997	2.379497	0.561089	103	94	99	670.999
2.356194	1.510910	-0.740472	105	23	111	670.938
2.356194	2.592629	0.909713	28	4	13	670.741
-2.617994	1.721184	-0.153948	110	110	85	670.691
-2.356194	1.599406	1.426070	1	92	97	670.653
1.308997	1.195355	1.200319	101	4	22	670.570
2.879793	0.458961	-0.107937	106	85	100	670.553
2.617994	2.404280	-0.174044	5	101	84	670.487
-2.617994	0.080730	-2.622036	1	89	100	670.441
-0.261799	1.218453	2.777284	107	97	98	670.370
2.617994	1.025536	1.576859	107	97	13	670.348
-1.047198	0.864993	2.278281	21	11	13	670.329
-0.261799	0.458961	-0.107937	99	96	94	670.329
2.879793	2.455966	-0.641220	99	94	102	670.291
1.832596	0.640596	-2.797608	24	9	110	670.255
0.523599	2.379497	0.561089	105	95	104	670.250
-2.879793	1.982574	-1.115518	17	23	99	670.166
1.047198	1.045978	0.343692	10	88	98	670.156
1.308997	0.496451	0.593859	1	18	20	670.089
-0.785398	1.756530	-2.105156	29	7	12	669.884
-2.617994	1.732874	-0.951685	89	5	91	669.845
0.785398	1.836682	-0.676006	23	17	9	669.821
-0.261799	1.135813	-2.658866	104	98	89	669.786
-3.141593	2.251330	-2.330739	107	97	87	669.716
0.261799	0.203748	0.590255	5	16	90	669.629
-1.570796	1.555207	1.708892	0	11	22	669.485
-3.141593	1.256302	0.062705	107	100	23	669.456
2.879793	1.194549	-0.801900	5	109	88	669.456
0.261799	1.617114	-1.572037	11	14	90	669.442
0.785398	1.662363	0.915448	38	105	2	669.421
1.832596	1.014500	0.906702	19	11	96	669.220
-1.308997	1.846342	-1.796954	105	96	92	669.217
2.879793	0.618092	2.539118	104	92	109	669.209
-1.570796	0.762244	-0.273349	16	88	103	669.189
-2.879793	2.349581	-2.702517	3	1	87	669.159
-3.141593	1.184361	0.625864	28	4	107	669.138
-2.617994	2.579248	-2.364801	2	94	92	669.115
-0.261799	1.870545	-2.976234	4	109	25	669.094
2.617994	0.496451	0.593859	105	91	7	668.850
-2.617994	2.089241	-0.114193	0	107	83	668.824
-0.523599	2.115563	0.685730	99	94	3	668.779
1.308997	2.407836	1.410646	91	108	90	668.743
-0.785398	2.664082	-1.071402	111	1	81	668.700
2.879793	1.134497	-1.109631	104	1	85	668.659
-0.523599	2.760637	2.781135	86	13	2	668.641
-1.832596	1.025536	1.576859	96	13	98	668.457
-0.785398	1.014500	0.906702	97	91	94	668.452
1.570796	1.195355	1.200319	100	111	22	668.438
-2.617994	1.812176	0.656819	4	2	29	668.433
-2.617994	1.736875	3.023612	28	5	109	668.410
-0.523599	0.370812	-2.547742	96	91	100	668.344
1.047198	2.456751	-1.503343	101	22	97	668.301
2.094395	0.615174	-0.666022	95	104	12	668.128
-1.308997	0.910508	1.903534	108	86	111	667.969
-0.523599	1.417623	-0.202254	110	108	18	667.943
-2.094395	1.025536	1.576859	93	94	108	667.874
-0.523599	2.404280	-0.174044	103	12	84	667.844
2.356194	2.984978	1.954446	96	102	95	667.771
-1.308997	2.349581	-2.702517	4	14	91	667.718
1.047198	1.413347	-1.339188	3	15	90	667.571
-1.308997	0.203748	0.590255	23	98	100	667.511
-2.617994	1.569311	-3.003978	18	12	101	667.493
-2.879793	1.448123	-2.163292	103	14	91	667.225
-3.141593	2.104282	-0.813972	104	95	97	667.217
-2.879793	1.417623	-0.202254	105	90	98	667.216
1.308997	2.295480	1.008277	28	106	15	667.205
-1.047198	0.418037	1.360082	15	2	26	667.190
-0.523599	2.379497	0.561089	0	90	97	666.984
-0.261799	2.164094	-2.991358	111	110	21	666.983
-1.832596	0.379747	-1.713059	12	22	5	666.969
2.356194	1.025536	1.576859	107	95	87	666.938
