168	1.2	0
-3.141593	0.458961	-0.107937
-1.429051	0.605543	2.705185
../7odw_monomer_m.pdb	-305.162	-67.445	220.304
../7odw_monomer_m.pdb	285.469	195.713	167.518
0.523599	1.870545	-2.976234	22	22	144	1413.508
2.617994	1.433411	-1.035986	12	12	145	1280.161
0.261799	2.033014	2.977192	22	20	137	1265.815
1.570796	1.440580	2.260026	10	17	136	1259.581
1.832596	1.440580	2.260026	6	16	135	1236.844
2.094395	0.960688	-0.577532	8	16	139	1235.720
-2.617994	1.721184	-0.153948	4	165	144	1218.984
0.261799	2.396274	-1.959260	19	2	156	1199.166
0.261799	2.063651	-2.044600	19	8	160	1186.240
-3.141593	2.138223	1.678323	150	3	164	1182.211
1.832596	1.301460	-0.509251	12	3	144	1168.988
0.523599	2.063651	-2.044600	19	12	161	1167.469
0.785398	1.450119	-2.739050	19	27	151	1164.719
1.570796	1.506530	1.988858	9	13	134	1160.556
-2.617994	1.554776	0.100351	0	164	142	1155.756
-3.141593	0.961715	0.014085	159	6	134	1154.878
1.570796	1.168678	2.108595	21	15	153	1153.556
-3.141593	1.555207	1.708892	150	167	11	1152.858
0.000000	1.904882	-1.478089	150	3	155	1151.128
-2.094395	0.914445	2.687814	144	3	2	1148.022
2.094395	1.506530	1.988858	6	14	134	1146.143
0.261799	2.180315	-1.357379	150	4	151	1141.823
2.356194	2.108018	1.311430	153	155	19	1136.767
2.617994	2.393226	1.857173	1	29	18	1134.156
0.785398	1.569311	-3.003978	19	26	145	1130.718
-2.879793	0.700570	1.559208	152	160	161	1128.452
0.000000	2.063651	-2.044600	17	5	159	1127.676
0.523599	2.393226	1.857173	20	4	160	1126.946
1.832596	1.168678	2.108595	13	17	138	1120.135
1.047198	1.574060	2.783565	11	26	134	1114.710
0.000000	1.948085	-2.363031	20	8	155	1107.007
0.000000	2.180315	-1.357379	150	167	150	1103.632
-0.261799	2.349581	-2.702517	19	7	145	1102.671
0.261799	1.904882	-1.478089	152	162	2	1102.307
2.094395	0.864993	2.278281	20	23	160	1100.265
0.261799	0.866395	-2.492918	140	162	154	1097.808
0.523599	0.866395	-2.492918	142	156	154	1096.957
2.094395	1.413430	2.550734	3	4	140	1089.755
0.523599	1.450119	-2.739050	21	22	151	1088.429
1.047198	0.619654	-2.216909	156	164	28	1087.313
-0.261799	2.295480	1.008277	10	7	140	1086.231
0.523599	1.869911	2.701025	15	23	131	1084.672
0.785398	1.741644	-2.695914	20	26	151	1084.460
-2.094395	1.433411	-1.035986	162	28	15	1084.305
-2.879793	2.138223	1.678323	149	1	164	1081.986
-2.617994	0.700570	1.559208	148	5	152	1076.410
1.832596	1.506530	1.988858	7	13	134	1075.384
1.308997	0.674054	1.013609	23	8	6	1073.793
1.047198	0.866395	-2.492918	160	162	29	1073.017
0.523599	1.658653	-2.409879	21	21	157	1072.230
0.261799	2.251330	-2.330739	23	9	154	1068.658
-1.570796	2.001437	0.381215	167	166	139	1067.850
0.523599	1.736875	3.023612	21	23	137	1066.921
-2.094395	1.128190	-2.288622	153	152	7	1066.893
2.356194	0.960688	-0.577532	8	18	139	1066.161
-1.308997	1.335669	0.897240	157	148	0	1065.677
0.261799	1.696674	-1.253233	152	167	152	1063.447
1.570796	1.413430	2.550734	149	4	14	1061.195
1.047198	1.374601	-2.456031	162	160	26	1059.357
-2.617994	0.418037	1.360082	148	11	155	1058.629
-1.308997	1.413347	-1.339188	152	18	18	1056.870
2.094395	1.113094	-0.272241	7	18	137	1056.198
-2.879793	2.108018	1.311430	157	160	143	1055.457
1.047198	1.699788	2.452890	11	11	137	1050.687
0.523599	1.741644	-2.695914	22	22	150	1047.752
-2.617994	1.367556	0.358405	164	155	145	1046.964
-1.832596	1.756530	-2.105156	150	154	10	1045.668
0.785398	2.719179	-1.780644	24	4	156	1043.446
0.785398	1.869911	2.701025	16	27	134	1043.116
0.785398	1.736875	3.023612	17	26	138	1041.535
1.047198	0.674054	1.013609	22	4	6	1040.582
1.570796	0.914445	2.687814	148	1	8	1039.958
0.523599	2.033014	2.977192	21	25	138	1039.418
-2.094395	1.846342	-1.796954	147	164	14	1038.987
0.261799	0.762244	-0.273349	166	142	8	1038.740
2.617994	2.587733	0.232235	159	158	143	1035.521
0.785398	1.135813	-2.658866	17	27	152	1034.413
2.879793	1.045978	0.343692	156	7	137	1033.182
-3.141593	2.704512	1.488683	151	8	147	1030.356
0.785398	0.899350	-2.069907	158	160	27	1028.323
1.570796	2.979456	-1.009304	140	167	160	1026.824
2.617994	0.831641	0.616218	154	10	137	1024.101
-2.617994	1.699788	2.452890	150	165	19	1022.905
0.785398	1.128190	-2.288622	160	160	27	1022.774
0.523599	1.696674	-1.253233	152	159	165	1020.535
0.261799	2.041297	-2.664597	25	15	150	1017.332
-1.570796	1.599406	1.426070	151	155	147	1013.021
-1.832596	2.001437	0.381215	0	1	140	1012.656
-0.261799	1.948085	-2.363031	18	3	155	1012.364
-2.094395	1.134796	2.434290	142	3	167	1012.114
-2.617994	1.134796	2.434290	146	16	7	1011.353
-3.141593	1.812176	0.656819	140	167	166	1009.604
-1.047198	0.831641	0.616218	10	18	137	1007.297
-0.523599	2.349581	-2.702517	15	2	145	1007.112
-1.047198	1.045978	0.343692	15	26	2	1005.883
2.356194	1.506530	1.988858	6	15	133	1005.008
-0.785398	1.510910	-0.740472	25	17	128	1004.629
1.047198	0.700570	1.559208	19	3	132	1004.485
-3.141593	2.001437	0.381215	139	163	159	1004.277
0.785398	1.242974	-2.977882	19	26	145	1004.213
-0.261799	2.863997	0.549740	150	166	150	1002.955
2.356194	2.138223	1.678323	162	24	21	1000.500
1.570796	0.458961	-0.107937	13	2	150	1000.183
-0.261799	2.407836	1.410646	11	5	140	997.272
-2.617994	2.187132	-0.479875	6	163	143	995.182
0.000000	2.174483	2.653697	19	19	131	994.967
1.047198	1.128190	-2.288622	161	159	27	994.609
-1.832596	2.579248	-2.364801	23	13	144	994.494
0.261799	2.349581	-2.702517	26	13	149	993.361
0.000000	2.349581	-2.702517	21	13	145	993.324
0.261799	2.579248	-2.364801	26	7	155	993.221
0.261799	1.599406	1.426070	20	0	166	990.267
1.832596	1.310100	1.488307	21	161	156	990.264
1.832596	2.664082	-1.071402	142	160	151	989.801
0.523599	2.396274	-1.959260	21	6	158	988.144
0.523599	0.762244	-0.273349	14	9	134	987.287
1.832596	0.571433	-1.188419	158	166	139	986.814
0.000000	1.510910	-0.740472	157	137	156	985.997
-0.785398	2.115563	0.685730	4	2	139	984.498
-0.261799	2.588535	-2.976617	24	7	142	984.459
-1.047198	1.413347	-1.339188	151	15	18	983.803
-1.047198	0.709924	0.218797	3	17	136	983.571
-2.094395	2.089241	-0.114193	19	157	19	983.094
1.308997	0.914445	2.687814	149	10	12	980.921
2.094395	1.168678	2.108595	12	21	137	979.540
0.261799	2.164094	-2.991358	24	18	142	978.087
0.785398	1.574060	2.783565	19	24	138	974.668
-2.356194	2.299159	2.264663	147	166	164	974.653
2.094395	1.301460	-0.509251	7	16	137	973.837
2.879793	2.393226	1.857173	166	30	18	973.618
0.000000	2.251330	-2.330739	20	5	153	973.585
-2.094395	1.448123	-2.163292	151	153	16	972.447
0.523599	1.982574	-1.115518	152	155	165	972.393
1.832596	1.113094	-0.272241	7	17	137	972.125
1.832596	1.247695	1.809890	0	24	15	971.539
-2.356194	1.812176	0.656819	160	161	142	970.902
2.879793	0.290380	-0.796960	1	15	134	970.103
-1.832596	2.760637	2.781135	6	167	137	969.139
2.094395	1.310100	1.488307	22	164	156	968.144
-2.094395	2.984978	1.954446	154	157	144	968.093
-2.879793	1.025536	1.576859	148	7	2	967.282
-2.356194	1.599406	1.426070	145	166	3	967.117
-0.785398	2.001437	0.381215	145	8	157	966.740
0.261799	0.906588	1.252948	16	7	154	966.369
-1.047198	2.588535	-2.976617	151	158	14	964.184
-2.356194	2.984978	1.954446	155	154	145	963.557
-1.308997	2.579248	-2.364801	144	164	161	963.378
0.523599	0.899350	-2.069907	158	160	28	963.206
-1.832596	0.203748	0.590255	147	14	155	962.983
1.308997	0.203748	0.590255	163	21	133	962.698
-1.570796	1.014500	0.906702	148	159	150	960.983
-0.785398	1.504028	0.636812	9	18	139	960.627
-1.308997	1.870545	-2.976234	2	14	136	960.509
-2.879793	1.766067	2.153843	149	165	15	960.469
1.832596	2.404280	-0.174044	159	157	144	959.562
-0.785398	1.574060	2.783565	164	164	33	959.554
0.000000	1.756530	-2.105156	17	10	159	959.483
-2.356194	1.134796	2.434290	144	8	167	959.482
-1.047198	2.138223	1.678323	159	152	142	958.445
0.785398	1.256302	0.062705	12	4	141	958.119
0.000000	0.850607	-1.335383	150	167	156	958.057
0.261799	1.184361	0.625864	10	160	148	957.306
1.570796	0.762244	-0.273349	11	10	142	956.436
-2.356194	1.545873	-1.877082	149	162	15	954.797
-1.308997	2.343981	-1.040456	144	162	4	953.550
0.261799	1.617114	-1.572037	152	159	3	952.484
-2.879793	1.721184	-0.153948	165	165	140	952.273
0.000000	2.719179	-1.780644	154	152	148	952.220
-1.047198	1.741644	-2.695914	11	7	141	952.216
0.523599	1.569311	-3.003978	22	22	144	951.598
0.261799	0.571433	-1.188419	154	155	159	950.777
-1.308997	1.599406	1.426070	153	153	147	950.577
-2.879793	1.045978	0.343692	163	165	139	950.160
-1.832596	1.433411	-1.035986	158	26	15	949.949
-3.141593	1.741644	-2.695914	141	15	23	949.783
2.879793	0.929350	-2.910676	164	153	145	949.005
0.785398	1.870545	-2.976234	20	27	145	948.215
-0.523599	2.138223	1.678323	165	148	142	947.412
0.000000	2.033014	2.977192	23	15	136	946.994
1.047198	2.979456	-1.009304	17	160	150	946.718
0.000000	2.407836	1.410646	13	8	141	946.109
0.523599	2.251330	-2.330739	24	14	155	944.938
1.308997	0.370812	-2.547742	154	166	27	944.380
-2.879793	1.440580	2.260026	152	0	20	944.229
1.570796	2.343981	-1.040456	25	4	6	944.066
2.094395	2.719179	-1.780644	18	18	136	943.752
-2.617994	2.984978	1.954446	150	164	161	943.183
-1.308997	1.732874	-0.951685	23	11	129	942.557
-2.356194	1.506530	1.988858	22	3	160	941.938
-0.261799	1.662363	0.915448	6	2	140	941.792
2.879793	1.247695	1.809890	151	166	12	941.774
0.523599	1.756530	-2.105156	137	31	136	941.112
-0.261799	2.251330	-2.330739	17	167	154	941.107
2.356194	1.606104	-0.451151	17	6	146	940.510
-2.879793	1.168678	2.108595	150	23	5	940.490
-0.785398	0.831641	0.616218	31	16	144	940.394
1.832596	1.194549	-0.801900	18	17	143	940.042
-1.832596	0.914445	2.687814	144	167	2	939.860
-1.308997	0.906588	1.252948	11	19	140	939.590
-3.141593	2.579248	-2.364801	156	153	153	939.482
-1.832596	2.104282	-0.813972	150	18	22	938.455
0.000000	1.184361	0.625864	5	0	143	938.434
-0.523599	2.881233	-2.582574	13	167	143	938.226
-0.261799	2.704512	1.488683	11	8	138	938.042
-2.094395	1.599406	1.426070	152	153	0	937.454
-1.047198	1.732874	-0.951685	25	16	129	937.297
0.523599	0.910508	1.903534	16	5	126	937.280
-1.047198	1.301460	-0.509251	155	147	151	936.968
-2.356194	2.455966	-0.641220	8	160	140	936.580
1.570796	1.218453	2.777284	147	1	12	936.317
2.356194	2.719179	-1.780644	17	22	137	935.520
1.570796	0.080730	-2.622036	153	165	27	935.267
0.523599	2.180315	-1.357379	153	155	6	935.243
1.047198	1.413430	2.550734	19	22	139	934.982
1.308997	2.343981	-1.040456	24	1	6	934.844
0.000000	2.164094	-2.991358	25	12	143	934.688
1.832596	1.574060	2.783565	0	6	136	934.128
-1.570796	2.356369	3.005869	152	156	18	934.111
-1.308997	1.909857	-0.381669	24	2	141	933.862
-2.617994	1.875281	0.107086	3	163	142	933.752
-1.308997	1.836682	-0.676006	147	9	24	933.198
-1.570796	0.203748	0.590255	149	166	24	932.126
-1.832596	1.836682	-0.676006	18	166	133	932.003
-0.523599	0.709924	0.218797	29	16	137	931.326
2.617994	0.709924	0.218797	153	12	132	931.253
-2.356194	0.674054	1.013609	148	164	2	931.175
2.617994	1.869911	2.701025	16	1	143	930.744
0.523599	1.374601	-2.456031	20	24	156	930.480
1.832596	1.766067	2.153843	2	15	132	930.343
-0.523599	0.864993	2.278281	159	151	147	930.220
0.261799	1.545873	-1.877082	17	16	0	929.479
2.617994	2.704512	1.488683	0	155	137	929.371
0.261799	2.108018	1.311430	152	160	162	929.064
-1.047198	2.863997	0.549740	150	159	161	928.790
0.261799	1.741644	-2.695914	25	17	150	928.775
2.617994	1.836682	-0.676006	11	13	138	928.587
1.570796	1.134796	2.434290	150	9	15	928.578
-0.785398	1.721184	-0.153948	151	167	24	928.547
-2.356194	2.033014	2.977192	23	21	140	928.529
2.094395	1.440580	2.260026	7	18	136	928.120
0.000000	1.846342	-1.796954	153	150	166	927.851
-0.785398	1.606104	-0.451151	28	15	135	927.779
-0.261799	1.135834	-1.431087	149	156	157	927.695
0.000000	2.588535	-2.976617	25	12	143	927.552
0.785398	1.699788	2.452890	15	26	129	927.333
-2.094395	2.760637	2.781135	12	7	145	927.096
-2.617994	1.683268	0.374177	167	164	142	926.205
-3.141593	1.662363	0.915448	142	165	2	925.923
0.785398	1.599406	1.426070	144	10	9	925.757
2.879793	1.741644	-2.695914	143	21	23	925.010
0.785398	0.961715	0.014085	8	9	139	924.973
0.523599	2.138223	1.678323	20	4	160	924.712
0.000000	1.606104	-0.451151	160	140	147	924.573
-3.141593	1.025536	1.576859	152	6	149	924.290
-0.523599	1.756530	-2.105156	11	20	135	924.242
1.308997	0.571433	-1.188419	12	20	120	923.829
-0.261799	2.356369	3.005869	24	11	137	922.934
-2.617994	2.073035	2.027405	147	9	147	922.285
-2.356194	2.138223	1.678323	148	163	162	921.851
-0.261799	1.134796	2.434290	156	42	6	921.621
-0.785398	1.662363	0.915448	147	7	142	921.351
0.261799	1.948085	-2.363031	22	12	156	920.619
-3.141593	1.168678	2.108595	12	161	147	920.607
-0.261799	2.299159	2.264663	3	151	141	920.563
0.523599	1.448123	-2.163292	0	167	38	920.193
-0.785398	2.251330	-2.330739	14	6	144	919.228
1.047198	2.174483	2.653697	1	32	131	918.985
0.261799	1.846342	-1.796954	154	152	154	918.969
1.047198	1.025536	1.576859	14	6	126	918.847
-0.261799	1.875281	0.107086	10	24	16	918.762
-1.047198	1.510910	-0.740472	157	149	147	918.651
0.000000	1.574060	2.783565	12	161	141	918.574
0.523599	1.488617	1.159546	14	164	145	918.421
0.261799	2.174483	2.653697	15	23	131	918.413
-0.523599	2.637879	2.121598	8	8	32	918.208
-1.570796	2.033014	2.977192	152	156	21	917.909
1.047198	0.370812	-2.547742	150	166	167	917.509
2.094395	1.256302	0.062705	5	20	136	917.505
0.000000	2.456751	-1.503343	150	163	2	916.903
2.879793	0.571433	-1.188419	13	14	145	916.482
1.832596	1.134796	2.434290	12	21	137	915.831
-3.141593	1.045978	0.343692	158	0	138	915.720
-1.832596	0.379747	-1.713059	5	17	135	915.521
1.570796	1.113094	-0.272241	9	10	138	914.669
-0.261799	2.455966	-0.641220	151	19	135	914.474
0.000000	1.488617	1.159546	7	1	138	914.315
-0.785398	1.256302	0.062705	143	19	4	913.818
2.617994	0.910508	1.903534	151	0	10	913.783
0.523599	0.619654	-2.216909	148	150	150	913.530
-2.356194	1.440580	2.260026	142	9	160	913.357
-3.141593	1.488617	1.159546	145	162	7	913.268
-0.785398	2.089241	-0.114193	147	160	160	912.999
-0.785398	0.674054	1.013609	30	20	144	912.544
0.000000	1.134497	-1.109631	148	5	162	912.381
0.785398	1.488617	1.159546	146	15	11	912.269
0.261799	0.850607	-1.335383	149	166	5	912.181
-0.785398	1.658653	-2.409879	8	20	133	911.892
2.356194	1.168678	2.108595	12	15	141	911.450
0.523599	1.872854	1.543456	23	0	11	911.021
2.094395	0.700570	1.559208	164	23	16	910.930
2.356194	1.699788	2.452890	8	2	142	910.561
0.261799	1.113094	-0.272241	144	7	37	910.504
-1.047198	2.187132	-0.479875	144	3	1	909.954
-3.141593	1.872854	1.543456	149	167	167	909.902
1.047198	1.869911	2.701025	6	30	130	909.652
0.785398	2.033014	2.977192	13	30	136	909.592
0.000000	2.881233	-2.582574	25	3	148	909.299
1.832596	2.247462	0.191623	19	152	16	908.910
0.261799	1.870545	-2.976234	24	17	144	908.881
0.261799	0.899350	-2.069907	146	156	146	908.318
-0.785398	2.637879	2.121598	8	5	32	907.261
1.047198	1.824694	1.850876	155	18	26	907.240
1.047198	0.961715	0.014085	17	7	148	907.018
-1.570796	2.587733	0.232235	7	0	140	906.939
-1.308997	1.433411	-1.035986	151	19	16	906.523
0.261799	1.756530	-2.105156	18	12	162	906.375
1.308997	1.417623	-0.202254	10	0	142	906.373
-2.094395	1.545873	-1.877082	150	159	16	906.335
-1.832596	2.251330	-2.330739	139	5	166	906.271
2.879793	2.104282	-0.813972	20	20	148	906.066
-2.356194	0.762244	-0.273349	165	28	14	905.688
1.832596	2.295480	1.008277	162	157	132	905.532
-2.356194	2.404280	-0.174044	2	22	129	904.909
-0.785398	1.301460	-0.509251	25	13	130	904.573
-1.047198	2.404280	-0.174044	145	7	161	903.947
-2.879793	2.033014	2.977192	22	12	140	903.899
0.261799	1.869911	2.701025	21	21	133	903.718
0.000000	0.379747	-1.713059	148	153	148	902.978
-1.570796	1.904882	-1.478089	153	154	16	902.734
0.785398	2.404280	-0.174044	140	148	161	902.661
2.356194	2.704512	1.488683	164	4	132	902.609
-3.141593	1.504028	0.636812	139	163	165	902.608
-3.141593	1.335669	0.897240	141	164	162	901.295
2.356194	0.866955	-0.931351	13	12	142	901.208
-0.261799	1.194549	-0.801900	157	163	34	900.640
-2.094395	0.080730	-2.622036	150	9	162	900.544
2.617994	1.766067	2.153843	15	8	147	900.486
-1.047198	2.033014	2.977192	154	155	19	900.400
1.832596	1.699788	2.452890	2	18	134	900.228
-2.356194	0.591903	2.010408	148	164	23	900.156
0.000000	1.545873	-1.877082	159	154	28	899.984
1.308997	2.984978	1.954446	150	164	148	899.598
-1.308997	1.872854	1.543456	156	152	145	899.555
-1.832596	1.599406	1.426070	150	158	147	899.266
-0.785398	2.153910	-1.714959	151	12	15	898.798
-2.356194	0.733948	3.021411	145	3	7	898.789
-2.617994	2.637879	2.121598	148	6	149	898.681
-3.141593	2.073035	2.027405	14	13	149	898.575
-0.523599	2.041297	-2.664597	153	156	20	898.459
-2.879793	2.180315	-1.357379	13	165	137	897.991
0.523599	1.335669	0.897240	15	164	148	897.460
1.832596	2.115563	0.685730	3	154	137	897.055
-1.047198	1.606104	-0.451151	158	149	146	896.177
-0.261799	1.413347	-1.339188	148	162	6	895.925
-3.141593	2.664082	-1.071402	12	13	140	895.692
0.785398	2.979456	-1.009304	150	165	158	894.458
-1.832596	0.496451	0.593859	150	158	0	893.819
0.523599	1.440580	2.260026	17	17	128	893.749
-2.617994	0.961715	0.014085	2	156	145	893.024
0.261799	1.872854	1.543456	151	160	161	893.013
-1.308997	1.721184	-0.153948	12	4	134	892.772
-2.879793	0.961715	0.014085	167	156	146	892.537
1.570796	1.766067	2.153843	3	13	134	892.528
-1.570796	1.732874	-0.951685	22	6	129	892.430
2.879793	2.724429	-0.348782	136	155	4	892.179
-3.141593	1.014500	0.906702	142	159	165	891.834
-2.356194	1.875281	0.107086	2	13	136	891.824
2.094395	0.496451	0.593859	153	18	132	891.680
0.000000	2.379497	0.561089	2	2	42	891.664
-1.832596	1.982574	-1.115518	23	5	132	891.386
2.879793	1.982574	-1.115518	20	17	160	890.486
0.000000	2.579248	-2.364801	21	2	149	889.587
2.356194	2.393226	1.857173	1	27	20	889.441
1.832596	2.001437	0.381215	4	18	129	889.262
-2.356194	2.588535	-2.976617	24	15	145	889.167
0.523599	0.203748	0.590255	150	157	24	889.071
1.308997	1.168678	2.108595	19	21	133	888.729
-2.094395	2.251330	-2.330739	140	155	9	888.208
0.261799	1.335669	0.897240	11	159	147	887.955
-2.879793	1.391910	3.030322	139	7	7	887.840
1.308997	1.869911	2.701025	2	22	133	887.304
0.523599	1.599406	1.426070	21	4	166	886.988
-0.261799	2.041297	-2.664597	146	164	17	886.898
-2.879793	1.335669	0.897240	161	155	148	886.837
-2.617994	2.724429	-0.348782	7	21	129	886.378
-0.785398	2.478122	2.609777	22	9	132	886.377
-2.617994	2.407836	1.410646	146	7	152	886.058
0.523599	2.041297	-2.664597	23	20	149	885.833
-0.785398	1.195355	1.200319	145	162	152	885.773
1.832596	1.824694	1.850876	5	13	135	885.739
0.000000	0.700570	1.559208	16	6	158	885.348
2.356194	1.510910	-0.740472	6	15	136	884.449
-2.094395	0.831641	0.616218	157	144	154	883.850
0.523599	0.960688	-0.577532	147	8	40	883.727
-1.047198	2.041297	-2.664597	12	7	142	883.526
1.047198	2.180315	-1.357379	156	152	7	883.433
0.785398	1.658653	-2.409879	19	25	156	883.162
1.570796	0.929350	-2.910676	160	148	22	882.927
-1.832596	2.587733	0.232235	2	18	128	882.626
-2.094395	2.138223	1.678323	148	159	162	882.590
1.832596	1.417623	-0.202254	5	17	136	882.364
-1.832596	2.247462	0.191623	1	165	139	882.048
-2.617994	1.025536	1.576859	153	157	165	881.889
-1.570796	2.187132	-0.479875	148	16	167	881.828
-2.356194	2.295480	1.008277	22	10	130	881.748
1.047198	1.417623	-0.202254	13	12	138	881.676
-0.523599	2.295480	1.008277	9	7	139	881.535
0.785398	2.153910	-1.714959	19	10	163	881.449
1.832596	0.864993	2.278281	24	20	161	881.414
2.094395	2.108018	1.311430	151	158	21	881.373
0.261799	1.812176	0.656819	167	26	21	881.326
-2.094395	0.496451	0.593859	156	144	154	881.059
-3.141593	1.134796	2.434290	13	163	142	880.713
0.000000	1.335669	0.897240	6	0	140	880.608
-2.617994	2.138223	1.678323	148	5	145	880.436
-2.617994	1.195355	1.200319	147	1	5	880.386
0.261799	0.709924	0.218797	144	0	25	880.301
1.570796	0.571433	-1.188419	160	167	137	880.273
-2.094395	2.108018	1.311430	17	10	125	879.835
0.000000	1.599406	1.426070	19	166	167	879.807
0.785398	1.448123	-2.163292	160	159	25	879.533
-0.261799	1.488617	1.159546	21	12	165	879.531
-2.617994	2.180315	-1.357379	13	162	136	878.827
-2.094395	2.063651	-2.044600	143	160	15	878.548
-1.570796	2.379497	0.561089	3	18	129	878.479
-2.879793	0.866955	-0.931351	2	12	129	878.360
-1.570796	2.247462	0.191623	155	19	12	878.324
2.356194	1.301460	-0.509251	7	17	137	878.268
-1.047198	1.014500	0.906702	12	20	141	877.815
1.047198	1.310100	1.488307	22	3	150	877.569
1.570796	1.606104	-0.451151	6	9	135	877.543
-1.047198	1.574060	2.783565	162	165	33	877.483
-2.356194	0.961715	0.014085	161	27	10	877.281
-0.785398	1.025536	1.576859	147	155	161	877.179
2.094395	2.592629	0.909713	4	1	133	877.082
-0.523599	2.478122	2.609777	147	1	36	877.052
-2.094395	0.379747	-1.713059	4	17	135	877.050
0.000000	1.977582	0.969896	13	3	146	876.827
2.094395	1.872854	1.543456	163	23	22	876.766
-2.617994	0.906588	1.252948	151	161	159	876.680
0.261799	1.504028	0.636812	7	1	139	876.276
-1.308997	1.574060	2.783565	160	0	34	875.806
-2.617994	2.592629	0.909713	29	165	147	875.748
-2.094395	1.809167	1.213774	149	166	143	875.535
0.000000	1.113094	-0.272241	23	4	139	874.843
-2.356194	0.571433	-1.188419	6	14	136	874.639
2.617994	0.640596	-2.797608	163	156	143	874.635
1.832596	0.674054	1.013609	151	18	136	874.129
0.523599	1.214854	-1.966664	148	156	144	873.964
0.261799	1.736875	3.023612	14	1	144	873.875
2.356194	1.310100	1.488307	23	4	159	873.847
-3.141593	1.256302	0.062705	159	3	137	873.727
1.308997	1.134497	-1.109631	3	22	120	873.425
-1.832596	2.478122	2.609777	151	159	15	873.404
2.879793	2.637879	2.121598	165	26	20	873.273
-2.356194	1.433411	-1.035986	165	29	15	873.250
-0.261799	1.904882	-1.478089	148	162	3	873.209
-2.356194	1.699788	2.452890	151	162	19	873.170
1.308997	1.413430	2.550734	151	12	20	872.860
-2.356194	0.831641	0.616218	151	147	156	872.626
-2.617994	2.295480	1.008277	20	5	130	872.472
1.047198	2.299159	2.264663	21	7	160	872.030
1.308997	0.961715	0.014085	9	3	141	871.836
-1.832596	1.488617	1.159546	147	163	147	871.743
-1.308997	1.134497	-1.109631	155	21	21	871.459
-1.832596	2.115563	0.685730	166	15	129	871.268
1.308997	1.699788	2.452890	6	25	130	871.164
-2.617994	1.325504	-1.671296	151	0	19	871.159
2.617994	1.699788	2.452890	18	7	147	871.093
-1.570796	2.115563	0.685730	166	14	129	870.856
-0.785398	0.618092	2.539118	158	158	140	870.677
1.047198	1.256302	0.062705	6	4	137	870.587
-0.523599	1.168678	2.108595	158	150	151	870.444
1.047198	1.045978	0.343692	17	164	151	870.302
2.617994	1.310100	1.488307	22	9	161	870.289
-1.047198	1.134497	-1.109631	3	17	47	870.280
2.879793	0.709924	0.218797	164	157	146	869.930
0.261799	1.413347	-1.339188	151	159	4	869.488
2.094395	1.977582	0.969896	149	165	163	869.422
0.785398	2.174483	2.653697	6	31	131	869.409
0.523599	2.164094	-2.991358	22	23	144	869.046
1.570796	0.640596	-2.797608	166	158	32	868.948
-1.047198	2.295480	1.008277	0	12	128	868.733
1.308997	1.301460	-0.509251	17	11	141	868.675
2.094395	2.001437	0.381215	23	153	12	868.196
-0.785398	2.349581	-2.702517	11	0	144	867.935
0.785398	1.195355	1.200319	19	2	151	867.627
-1.832596	2.108018	1.311430	19	13	126	867.617
0.523599	2.456751	-1.503343	152	156	153	867.302
-2.356194	1.413430	2.550734	147	145	142	867.284
2.879793	1.545873	-1.877082	153	15	27	866.982
-0.523599	1.658653	-2.409879	7	22	133	866.878
1.047198	2.393226	1.857173	21	13	8	866.870
0.000000	0.961715	0.014085	26	6	145	866.562
0.000000	1.909857	-0.381669	159	142	144	866.450
-2.617994	1.413430	2.550734	153	164	23	866.163
2.879793	1.998705	2.370472	20	8	150	866.010
1.832596	2.089241	-0.114193	161	160	142	865.777
2.617994	1.214854	-1.966664	150	14	23	865.639
1.308997	1.045978	0.343692	17	166	150	865.531
-3.141593	1.242974	-2.977882	160	24	12	865.355
-2.879793	1.872854	1.543456	148	165	167	865.313
2.617994	2.637879	2.121598	8	30	17	865.138
-0.523599	0.961715	0.014085	28	16	136	865.132
0.785398	2.637879	2.121598	20	7	159	865.127
-1.047198	1.696674	-1.253233	163	24	26	865.102
0.000000	1.812176	0.656819	1	9	131	864.903
-2.356194	0.379747	-1.713059	5	14	134	864.778
-2.617994	2.396274	-1.959260	28	5	150	864.684
-2.879793	1.184361	0.625864	165	156	145	864.676
-0.261799	0.929350	-2.910676	3	22	8	864.469
0.000000	1.504028	0.636812	157	8	29	864.297
2.094395	2.349581	-2.702517	154	30	144	863.878
0.523599	0.831641	0.616218	20	6	156	863.676
-2.094395	1.488617	1.159546	146	160	3	863.547
0.785398	2.393226	1.857173	20	7	156	863.538
1.308997	1.374601	-2.456031	165	160	27	863.461
-0.523599	2.379497	0.561089	146	8	148	862.688
-0.261799	2.579248	-2.364801	17	5	147	862.596
-1.308997	2.588535	-2.976617	3	165	141	862.570
1.047198	1.391910	3.030322	18	29	143	862.551
-2.094395	1.014500	0.906702	149	162	153	862.533
0.523599	1.168678	2.108595	18	13	125	862.381
-1.047198	1.504028	0.636812	163	6	135	862.205
2.356194	0.379747	-1.713059	161	165	139	862.152
-1.832596	0.929350	-2.910676	23	3	143	861.631
-1.047198	2.724429	-0.348782	147	165	157	861.580
-2.094395	1.256302	0.062705	151	29	140	861.374
0.000000	2.108018	1.311430	14	4	147	861.339
-1.570796	1.872854	1.543456	165	25	124	861.225
0.261799	0.960688	-0.577532	148	14	41	861.222
1.308997	2.455966	-0.641220	156	158	145	861.140
-1.832596	2.073035	2.027405	0	11	126	861.119
-1.570796	0.929350	-2.910676	157	158	148	860.975
2.094395	2.138223	1.678323	152	161	22	860.824
0.523599	0.591903	2.010408	25	3	139	860.511
-1.832596	1.014500	0.906702	143	0	154	860.246
2.617994	1.506530	1.988858	157	24	12	860.238
-1.832596	1.741644	-2.695914	20	2	20	859.966
-0.785398	2.760637	2.781135	22	7	137	859.838
-2.356194	0.618092	2.539118	139	152	149	859.809
2.879793	2.138223	1.678323	161	27	20	859.703
-1.308997	2.138223	1.678323	1	23	127	859.563
1.047198	1.736875	3.023612	6	30	133	859.552
1.308997	1.766067	2.153843	148	22	16	859.530
1.832596	0.080730	-2.622036	152	164	27	859.422
-0.785398	0.458961	-0.107937	147	5	154	859.420
-2.356194	1.554776	0.100351	153	28	137	859.354
-1.832596	0.864993	2.278281	142	162	152	859.248
0.261799	2.478122	2.609777	13	29	133	859.055
-1.570796	2.108018	1.311430	19	18	126	858.656
-0.523599	1.977582	0.969896	2	5	133	858.553
-2.356194	2.164094	-2.991358	22	16	138	858.539
-2.617994	1.812176	0.656819	163	162	141	858.502
1.832596	0.762244	-0.273349	9	17	139	858.355
-2.094395	1.869911	2.701025	151	160	20	858.304
-0.261799	0.615174	-0.666022	149	158	158	858.227
-0.261799	0.960688	-0.577532	152	153	155	857.961
2.094395	2.588535	-2.976617	155	36	141	857.581
-1.832596	0.899350	-2.069907	162	147	5	857.468
0.785398	1.683268	0.374177	9	150	144	857.209
-2.879793	1.050534	3.042579	153	18	13	856.980
-1.308997	1.135834	-1.431087	153	18	19	856.664
-2.617994	2.863997	0.549740	3	15	127	856.135
2.094395	1.809167	1.213774	14	15	141	855.901
0.523599	0.379747	-1.713059	152	165	26	855.860
-3.141593	2.587733	0.232235	32	0	155	855.502
0.523599	1.699788	2.452890	17	22	129	855.467
-2.879793	1.310100	1.488307	149	6	2	855.417
2.094395	2.115563	0.685730	10	155	138	855.283
-2.617994	1.617114	-1.572037	151	1	19	855.181
-2.879793	2.174483	2.653697	23	14	147	854.990
-1.047198	1.870545	-2.976234	152	155	21	854.817
2.879793	0.961715	0.014085	158	10	134	854.743
0.000000	0.709924	0.218797	163	142	8	854.643
-0.523599	2.704512	1.488683	13	10	139	854.415
-3.141593	2.108018	1.311430	150	167	159	854.262
-2.617994	1.836682	-0.676006	12	162	146	854.104
0.785398	0.762244	-0.273349	10	143	14	853.669
-1.047198	1.025536	1.576859	145	158	161	853.646
0.261799	2.456751	-1.503343	153	154	149	853.486
0.785398	1.374601	-2.456031	161	160	26	853.465
-3.141593	0.866955	-0.931351	1	13	129	853.403
2.617994	2.349581	-2.702517	150	30	145	853.392
-2.617994	2.404280	-0.174044	163	6	132	853.365
1.832596	1.413430	2.550734	150	1	15	853.156
-0.785398	2.138223	1.678323	163	27	130	853.123
-2.617994	1.824694	1.850876	147	4	166	852.894
-1.832596	0.674054	1.013609	144	166	164	852.794
0.785398	1.045978	0.343692	15	6	145	852.679
-1.047198	1.809167	1.213774	155	153	144	852.607
0.261799	2.719179	-1.780644	151	157	157	852.336
-0.261799	2.396274	-1.959260	148	155	161	852.218
2.356194	0.906588	1.252948	162	22	13	852.145
0.000000	2.356369	3.005869	26	16	140	851.953
-2.356194	2.089241	-0.114193	4	162	142	851.944
-0.523599	1.812176	0.656819	1	4	136	851.798
0.000000	1.617114	-1.572037	149	164	156	851.621
0.785398	0.850607	-1.335383	6	18	118	851.575
0.000000	1.875281	0.107086	4	24	13	851.129
1.047198	1.617114	-1.572037	11	20	9	851.086
2.879793	1.134796	2.434290	9	160	142	850.976
-1.047198	1.836682	-0.676006	159	150	144	850.920
-2.879793	1.325504	-1.671296	151	163	7	850.758
-1.832596	1.824694	1.850876	165	16	122	850.757
-0.785398	2.033014	2.977192	2	10	134	850.658
-0.261799	0.571433	-1.188419	147	3	5	850.329
-2.356194	0.418037	1.360082	152	157	2	850.211
1.308997	1.025536	1.576859	16	9	127	849.955
0.785398	1.014500	0.906702	18	2	153	849.408
-1.047198	1.662363	0.915448	19	156	162	849.155
-0.785398	2.881233	-2.582574	11	167	143	849.140
-2.617994	0.733948	3.021411	19	155	138	849.093
-0.523599	0.685216	-1.712745	5	2	129	849.041
0.523599	1.135834	-1.431087	157	149	4	848.926
0.785398	1.872854	1.543456	161	164	129	848.634
-1.832596	2.174483	2.653697	150	158	16	848.418
0.261799	0.619654	-2.216909	143	157	149	848.353
-2.617994	1.574060	2.783565	140	148	153	847.711
-0.261799	2.587733	0.232235	31	8	11	847.375
1.570796	1.025536	1.576859	21	4	136	847.325
-1.832596	1.998705	2.370472	147	164	17	847.019
1.832596	0.618092	2.539118	146	147	16	846.925
-0.785398	1.417623	-0.202254	29	13	137	846.860
0.000000	1.413347	-1.339188	154	148	4	846.848
-0.261799	2.456751	-1.503343	148	160	167	846.672
2.879793	2.379497	0.561089	155	161	148	846.607
-1.308997	0.831641	0.616218	147	158	154	846.548
1.570796	1.391910	3.030322	147	1	12	846.357
-2.356194	1.872854	1.543456	147	164	161	846.252
-1.832596	0.733948	3.021411	147	155	158	846.064
-2.617994	2.588535	-2.976617	23	9	145	845.992
0.261799	0.379747	-1.713059	152	150	148	845.979
-0.785398	0.910508	1.903534	151	148	163	845.960
0.785398	0.685216	-1.712745	155	155	2	845.947
-1.308997	2.863997	0.549740	8	167	139	845.873
2.356194	2.349581	-2.702517	152	31	144	845.583
-2.094395	0.203748	0.590255	149	4	9	845.379
-1.047198	1.872854	1.543456	14	18	123	845.241
-0.785398	1.736875	3.023612	162	165	33	845.098
0.000000	2.001437	0.381215	4	23	20	844.805
-2.094395	1.875281	0.107086	165	23	130	844.692
-1.570796	1.134497	-1.109631	157	23	20	844.644
-2.356194	2.664082	-1.071402	149	7	0	844.381
-1.047198	2.478122	2.609777	20	4	132	844.342
-1.832596	2.588535	-2.976617	8	4	144	844.133
-2.094395	1.662363	0.915448	150	162	147	843.843
-0.785398	1.836682	-0.676006	162	152	143	843.775
1.570796	1.599406	1.426070	2	12	118	843.616
-0.785398	2.588535	-2.976617	15	1	140	843.546
2.617994	0.379747	-1.713059	163	164	138	843.457
0.261799	1.658653	-2.409879	0	167	37	843.104
0.261799	1.195355	1.200319	17	0	152	842.962
-1.832596	1.413347	-1.339188	158	25	18	842.588
-0.523599	2.108018	1.311430	11	15	136	842.544
1.047198	1.721184	-0.153948	5	8	133	842.464
2.617994	1.545873	-1.877082	153	17	26	842.414
1.570796	1.247695	1.809890	15	9	134	842.322
-0.261799	0.591903	2.010408	156	150	149	842.266
0.523599	1.555207	1.708892	153	159	159	842.211
2.094395	1.699788	2.452890	149	153	1	842.125
-0.261799	2.478122	2.609777	20	20	132	842.061
-1.570796	0.831641	0.616218	147	163	152	842.013
-1.308997	0.458961	-0.107937	144	2	166	841.896
2.879793	2.073035	2.027405	17	15	150	840.987
0.261799	1.569311	-3.003978	24	16	144	840.417
0.261799	2.001437	0.381215	0	25	23	840.387
-2.094395	2.356369	3.005869	155	135	164	840.354
-2.356194	0.906588	1.252948	145	18	149	840.281
-2.094395	2.001437	0.381215	166	20	129	840.174
1.308997	1.218453	2.777284	19	12	149	840.168
-1.308997	2.592629	0.909713	10	10	138	840.065
0.000000	1.440580	2.260026	151	32	16	839.977
0.523599	1.184361	0.625864	12	2	145	839.868
-2.356194	1.247695	1.809890	19	3	151	839.818
-2.879793	2.187132	-0.479875	150	14	4	839.188
2.617994	2.108018	1.311430	155	152	21	839.108
-0.523599	1.247695	1.809890	153	153	153	839.095
-0.261799	1.574060	2.783565	10	157	141	839.068
-1.047198	2.343981	-1.040456	144	156	4	839.021
0.523599	1.948085	-2.363031	20	18	154	838.792
1.308997	0.850607	-1.335383	153	1	142	838.658
2.879793	0.297065	2.160177	149	6	8	838.270
-2.356194	2.637879	2.121598	153	161	14	838.193
-2.617994	0.762244	-0.273349	0	28	14	838.184
-0.785398	0.762244	-0.273349	158	147	150	837.715
-3.141593	2.104282	-0.813972	17	23	147	837.331
-2.094395	0.762244	-0.273349	161	26	14	837.312
1.308997	0.866955	-0.931351	156	1	140	837.299
-1.832596	0.709924	0.218797	157	144	151	837.165
-3.141593	2.478122	2.609777	157	23	3	837.121
-1.570796	2.407836	1.410646	24	14	133	836.859
1.308997	0.866395	-2.492918	162	161	29	836.652
2.879793	1.555207	1.708892	149	2	11	836.583
1.047198	1.135834	-1.431087	150	2	145	836.306
-3.141593	0.297065	2.160177	153	165	26	836.201
2.094395	1.998705	2.370472	0	17	133	836.158
-2.879793	1.569311	-3.003978	138	5	12	836.073
-0.523599	1.301460	-0.509251	155	165	32	835.996
2.879793	2.664082	-1.071402	161	2	126	835.962
-1.047198	2.356369	3.005869	155	154	17	835.658
-1.832596	0.831641	0.616218	150	162	153	835.612
-0.261799	1.247695	1.809890	12	11	121	835.486
-2.356194	1.683268	0.374177	165	158	141	834.953
-1.832596	2.407836	1.410646	162	155	139	834.753
0.261799	2.089241	-0.114193	165	12	131	834.750
1.832596	0.419640	2.974122	151	164	0	834.669
-1.308997	1.510910	-0.740472	21	6	128	834.165
-2.879793	1.555207	1.708892	150	1	15	834.101
-1.570796	2.153910	-1.714959	144	158	13	834.084
1.308997	1.736875	3.023612	13	10	138	833.940
0.785398	0.960688	-0.577532	147	3	41	833.904
-1.308997	0.618092	2.539118	149	155	156	833.780
-2.617994	0.866955	-0.931351	3	12	130	833.708
2.094395	0.615174	-0.666022	11	17	141	833.688
2.094395	1.545873	-1.877082	146	153	2	833.405
1.308997	1.440580	2.260026	13	15	135	833.402
-1.832596	0.906588	1.252948	144	163	157	833.179
-0.523599	1.662363	0.915448	146	165	145	833.134
2.094395	1.869911	2.701025	166	20	133	832.914
-1.570796	1.948085	-2.363031	20	5	21	832.912
-0.523599	2.588535	-2.976617	22	2	141	832.797
-1.047198	2.164094	-2.991358	152	156	18	832.768
-0.261799	2.881233	-2.582574	21	165	147	832.715
0.000000	1.025536	1.576859	4	11	117	832.444
-0.785398	1.045978	0.343692	3	9	139	832.158
-0.523599	0.960688	-0.577532	145	158	165	831.990
-3.141593	2.592629	0.909713	153	159	151	831.857
-2.356194	1.488617	1.159546	145	166	3	831.822
-1.570796	1.836682	-0.676006	21	0	135	831.736
-1.832596	0.762244	-0.273349	151	29	145	831.555
-1.570796	1.413347	-1.339188	154	21	17	831.468
2.356194	0.496451	0.593859	154	14	132	830.820
1.308997	0.899350	-2.069907	151	162	152	830.753
-3.141593	1.836682	-0.676006	13	13	145	830.659
1.047198	2.153910	-1.714959	148	13	25	830.075
-2.617994	1.872854	1.543456	144	19	146	829.810
-1.047198	2.455966	-0.641220	142	165	167	829.655
-2.617994	2.247462	0.191623	7	22	130	829.579
2.094395	1.555207	1.708892	10	12	137	829.477
-1.570796	2.138223	1.678323	154	155	143	829.304
-2.617994	1.113094	-0.272241	165	31	29	829.193
-2.617994	2.033014	2.977192	23	16	140	829.145
2.356194	0.910508	1.903534	17	28	159	828.860
1.832596	0.733948	3.021411	158	151	26	828.824
-2.094395	1.756530	-2.105156	148	156	16	828.799
0.785398	1.218453	2.777284	25	3	149	828.783
-2.879793	2.478122	2.609777	142	147	147	828.621
2.617994	2.247462	0.191623	162	159	143	828.566
1.047198	0.899350	-2.069907	159	161	28	828.496
-2.617994	2.356369	3.005869	23	15	145	828.486
0.785398	0.619654	-2.216909	156	162	27	827.927
-1.570796	1.809167	1.213774	150	159	144	827.916
-1.832596	1.846342	-1.796954	150	158	23	827.812
2.617994	1.510910	-0.740472	146	18	1	827.773
-3.141593	0.960688	-0.577532	8	150	30	827.702
-2.094395	2.404280	-0.174044	17	158	24	827.625
0.261799	1.367556	0.358405	25	32	16	827.592
2.617994	0.899350	-2.069907	149	13	19	827.584
0.523599	2.704512	1.488683	149	37	133	827.540
-2.879793	1.554776	0.100351	163	166	141	827.448
-2.094395	0.733948	3.021411	146	3	3	827.439
0.785398	1.875281	0.107086	139	150	151	827.429
1.047198	0.571433	-1.188419	12	18	119	827.398
-2.094395	2.587733	0.232235	4	20	128	826.985
1.570796	0.619654	-2.216909	140	5	21	826.862
-1.570796	1.982574	-1.115518	25	10	133	826.807
2.094395	1.134796	2.434290	8	20	138	826.609
-2.879793	0.370812	-2.547742	167	165	138	826.344
-2.356194	2.356369	3.005869	147	138	165	826.299
-1.832596	2.343981	-1.040456	24	0	143	826.148
0.523599	2.455966	-0.641220	152	156	145	826.048
0.785398	1.846342	-1.796954	147	163	140	825.809
0.785398	1.413430	2.550734	23	22	139	825.803
1.832596	0.960688	-0.577532	9	16	138	825.711
2.617994	2.138223	1.678323	165	28	21	825.461
-3.141593	2.174483	2.653697	22	10	146	825.358
1.047198	2.587733	0.232235	158	17	12	825.355
-1.308997	1.367556	0.358405	158	36	2	825.111
1.047198	0.080730	-2.622036	150	167	6	824.918
-3.141593	2.115563	0.685730	140	167	165	824.291
-1.308997	2.180315	-1.357379	143	160	6	824.240
-2.879793	1.506530	1.988858	151	0	18	824.188
-3.141593	1.218453	2.777284	144	19	4	824.034
2.879793	1.904882	-1.478089	22	6	2	824.025
1.570796	1.872854	1.543456	163	16	118	823.984
-2.094395	2.719179	-1.780644	149	162	154	823.934
-1.832596	1.128190	-2.288622	157	150	6	823.784
-0.523599	2.356369	3.005869	23	6	137	823.757
2.617994	2.979456	-1.009304	139	150	5	823.619
1.832596	1.014500	0.906702	154	156	149	823.582
-2.617994	1.982574	-1.115518	8	161	132	823.493
0.000000	2.041297	-2.664597	23	10	149	823.450
1.570796	2.724429	-0.348782	157	154	145	823.409
0.785398	2.478122	2.609777	142	164	4	823.248
-1.047198	2.089241	-0.114193	145	9	165	823.211
2.094395	2.295480	1.008277	1	156	133	823.209
2.879793	1.433411	-1.035986	11	13	142	823.066
-0.785398	1.113094	-0.272241	26	11	131	823.059
2.879793	0.906588	1.252948	143	161	1	822.859
-1.047198	1.113094	-0.272241	24	5	131	822.810
-2.094395	1.045978	0.343692	153	146	152	822.652
-1.308997	1.696674	-1.253233	167	25	27	822.320
-1.308997	1.606104	-0.451151	159	144	143	822.183
-0.523599	1.448123	-2.163292	18	11	153	822.126
-2.356194	2.379497	0.561089	4	17	129	822.102
0.261799	0.700570	1.559208	21	164	5	822.028
0.000000	1.310100	1.488307	159	148	153	821.871
-1.570796	0.379747	-1.713059	15	158	31	821.764
-0.785398	1.325504	-1.671296	4	9	49	821.327
0.000000	1.450119	-2.739050	167	167	37	821.262
0.261799	1.440580	2.260026	21	10	133	821.017
-0.261799	2.247462	0.191623	32	12	7	820.776
2.617994	0.866955	-0.931351	13	15	144	820.578
2.356194	1.875281	0.107086	3	20	131	820.546
2.094395	0.906588	1.252948	152	12	140	820.405
0.261799	1.135813	-2.658866	138	165	157	820.347
2.094395	2.164094	-2.991358	153	30	140	820.177
2.356194	0.831641	0.616218	155	15	136	820.030
-0.785398	2.164094	-2.991358	155	154	19	819.772
2.879793	1.606104	-0.451151	10	11	141	819.769
-3.141593	2.187132	-0.479875	13	23	135	819.488
-0.523599	1.256302	0.062705	2	13	137	819.469
0.261799	0.685216	-1.712745	148	15	165	819.406
-0.261799	1.335669	0.897240	9	166	148	819.287
-1.832596	0.866395	-2.492918	17	1	135	819.239
2.356194	0.709924	0.218797	153	16	132	819.220
0.000000	1.836682	-0.676006	158	140	148	819.095
-1.047198	0.458961	-0.107937	144	0	165	819.051
-0.785398	0.591903	2.010408	152	149	10	818.836
0.785398	2.343981	-1.040456	155	162	145	818.825
-1.832596	1.875281	0.107086	164	21	131	818.534
-0.523599	2.579248	-2.364801	152	157	16	818.419
0.261799	0.910508	1.903534	13	11	120	818.296
2.356194	2.863997	0.549740	151	162	155	818.212
1.832596	1.812176	0.656819	150	156	20	818.080
-0.523599	2.760637	2.781135	25	13	137	817.769
0.523599	1.413430	2.550734	25	17	138	817.742
-1.047198	2.393226	1.857173	163	152	140	817.502
2.356194	1.194549	-0.801900	9	16	138	817.490
-0.785398	1.732874	-0.951685	25	22	129	817.339
2.094395	2.863997	0.549740	158	33	26	817.173
-1.832596	2.664082	-1.071402	144	4	164	817.126
0.261799	1.134497	-1.109631	153	150	1	816.787
1.570796	2.063651	-2.044600	146	164	22	816.695
-2.356194	1.948085	-2.363031	140	158	11	816.670
0.523599	2.295480	1.008277	0	22	33	816.639
0.261799	0.961715	0.014085	6	33	5	816.515
-1.308997	2.637879	2.121598	21	11	131	816.452
-2.617994	0.864993	2.278281	141	13	167	816.224
1.047198	1.168678	2.108595	18	20	125	816.082
-3.141593	2.379497	0.561089	160	158	144	815.984
0.261799	1.982574	-1.115518	149	6	150	815.881
-1.832596	0.615174	-0.666022	160	25	23	815.818
0.785398	0.831641	0.616218	18	4	154	815.806
1.832596	1.555207	1.708892	10	12	136	815.749
-0.785398	0.709924	0.218797	151	23	27	815.589
2.094395	0.080730	-2.622036	134	9	155	815.480
1.047198	1.440580	2.260026	15	23	129	815.436
0.523599	1.846342	-1.796954	141	36	135	815.357
-2.094395	1.982574	-1.115518	19	166	133	815.349
-0.523599	1.194549	-0.801900	157	165	34	815.315
0.785398	1.617114	-1.572037	13	19	10	815.186
1.047198	1.904882	-1.478089	19	7	28	815.144
0.000000	1.732874	-0.951685	164	144	20	815.107
1.308997	2.033014	2.977192	26	7	16	814.859
-1.570796	2.343981	-1.040456	145	167	5	814.844
0.261799	0.992645	-1.723759	155	159	26	814.732
-2.094395	1.699788	2.452890	151	14	30	814.481
0.785398	1.440580	2.260026	18	15	134	814.310
-2.094395	2.664082	-1.071402	1	10	129	814.300
-1.832596	1.413430	2.550734	157	3	34	814.220
-2.617994	1.998705	2.370472	150	163	16	813.890
-0.261799	1.184361	0.625864	3	1	142	813.854
0.261799	0.496451	0.593859	23	23	150	813.830
0.523599	0.674054	1.013609	17	9	157	813.744
-2.094395	0.458961	-0.107937	145	156	148	813.667
1.832596	1.977582	0.969896	148	161	20	813.472
-0.785398	1.367556	0.358405	150	19	25	813.425
2.094395	1.736875	3.023612	19	26	13	813.150
0.000000	1.741644	-2.695914	1	164	34	812.821
-2.094395	1.413347	-1.339188	162	28	18	812.617
0.261799	1.836682	-0.676006	165	140	144	812.253
-2.356194	1.721184	-0.153948	2	159	138	812.132
-2.617994	0.419640	2.974122	138	149	156	811.938
2.094395	0.961715	0.014085	6	20	137	811.845
-1.832596	1.696674	-1.253233	20	9	125	811.831
-0.785398	0.685216	-1.712745	4	4	127	811.704
-1.570796	1.045978	0.343692	155	146	153	811.628
0.523599	2.343981	-1.040456	153	164	146	811.617
0.523599	2.174483	2.653697	11	29	131	811.496
1.832596	1.872854	1.543456	167	24	22	811.348
-0.523599	2.115563	0.685730	6	6	139	811.190
2.356194	1.766067	2.153843	16	4	150	811.176
-3.141593	2.404280	-0.174044	12	19	132	811.083
-1.832596	2.881233	-2.582574	24	18	149	811.071
2.617994	1.875281	0.107086	34	164	19	810.992
2.617994	0.419640	2.974122	153	166	27	810.974
-0.261799	0.496451	0.593859	136	164	12	810.687
2.356194	2.979456	-1.009304	136	156	5	810.678
-3.141593	0.866395	-2.492918	10	150	132	810.677
-1.047198	2.001437	0.381215	165	11	131	810.614
1.308997	1.194549	-0.801900	149	24	143	810.588
-1.832596	1.134497	-1.109631	159	25	20	810.511
2.617994	1.977582	0.969896	7	0	124	810.321
-1.832596	1.732874	-0.951685	18	1	129	810.293
-1.308997	0.709924	0.218797	154	34	2	810.260
2.356194	0.615174	-0.666022	12	14	143	810.181
-3.141593	0.418037	1.360082	150	4	12	810.155
0.785398	1.168678	2.108595	18	16	125	810.141
-2.094395	2.299159	2.264663	146	163	160	809.985
-0.523599	1.545873	-1.877082	6	164	131	809.945
-1.047198	1.168678	2.108595	7	154	23	809.855
1.570796	0.685216	-1.712745	8	12	119	809.823
-2.356194	1.870545	-2.976234	20	18	134	809.816
-2.617994	0.591903	2.010408	149	166	23	809.638
2.094395	1.242974	-2.977882	155	142	12	809.604
2.356194	2.164094	-2.991358	151	30	140	809.443
-2.879793	1.128190	-2.288622	22	27	138	809.326
-2.094395	1.554776	0.100351	162	25	133	809.237
0.523599	1.998705	2.370472	14	25	129	809.217
-1.570796	0.709924	0.218797	17	138	140	809.172
1.832596	0.418037	1.360082	155	153	144	809.096
-2.356194	1.374601	-2.456031	152	150	36	808.707
-2.094395	0.674054	1.013609	151	161	154	808.681
-0.785398	1.247695	1.809890	153	2	141	808.656
0.785398	0.290380	-0.796960	19	18	124	808.606
0.523599	2.724429	-0.348782	152	19	135	808.595
-2.356194	1.824694	1.850876	16	164	130	808.518
-2.356194	2.001437	0.381215	167	159	140	808.500
1.570796	1.417623	-0.202254	4	16	135	808.461
-1.047198	1.812176	0.656819	0	4	137	808.302
0.261799	2.407836	1.410646	20	9	5	808.291
1.308997	1.904882	-1.478089	19	8	28	808.276
-0.523599	1.218453	2.777284	7	148	140	808.135
2.879793	1.756530	-2.105156	18	20	21	808.117
-1.308997	1.683268	0.374177	164	13	133	807.687
1.570796	1.904882	-1.478089	19	11	28	807.680
2.617994	2.153910	-1.714959	153	157	25	807.448
0.261799	1.555207	1.708892	19	8	153	807.441
-2.879793	1.732874	-0.951685	15	161	148	807.386
0.261799	1.214854	-1.966664	156	158	25	807.142
0.523599	1.113094	-0.272241	146	1	36	806.888
-2.356194	1.325504	-1.671296	154	155	1	806.871
2.879793	2.108018	1.311430	7	3	122	806.769
-0.785398	2.247462	0.191623	144	8	156	806.524
-1.832596	2.984978	1.954446	155	154	146	806.500
-1.570796	0.914445	2.687814	149	158	152	806.410
2.617994	1.732874	-0.951685	12	13	142	806.374
-1.047198	0.961715	0.014085	152	35	10	806.353
-2.879793	1.617114	-1.572037	151	4	19	806.344
1.832596	2.073035	2.027405	1	14	133	806.312
-1.308997	1.045978	0.343692	157	36	2	805.930
-1.832596	0.640596	-2.797608	154	149	164	805.909
2.356194	2.115563	0.685730	164	21	129	805.882
-0.523599	1.948085	-2.363031	9	10	140	805.870
-1.047198	1.256302	0.062705	156	27	30	805.864
-0.523599	1.113094	-0.272241	26	16	130	805.693
-0.523599	0.674054	1.013609	140	157	5	805.475
-0.523599	0.762244	-0.273349	147	152	9	805.425
1.308997	2.180315	-1.357379	24	5	27	805.287
2.094395	1.875281	0.107086	8	18	130	805.232
-2.094395	2.174483	2.653697	144	166	163	805.209
-2.617994	1.168678	2.108595	145	17	5	805.086
-0.261799	2.073035	2.027405	0	148	142	805.024
1.047198	1.134497	-1.109631	4	22	120	804.924
0.523599	1.812176	0.656819	158	4	30	804.865
2.617994	2.664082	-1.071402	161	1	131	804.778
1.570796	2.041297	-2.664597	148	7	3	804.751
-0.785398	1.413347	-1.339188	151	15	17	804.337
0.000000	0.674054	1.013609	5	31	136	804.336
1.832596	1.875281	0.107086	7	13	131	804.297
2.094395	0.685216	-1.712745	159	161	137	804.131
-1.047198	2.760637	2.781135	21	1	137	803.854
-0.523599	1.606104	-0.451151	28	22	134	803.675
2.356194	1.134497	-1.109631	18	16	150	803.574
-2.879793	1.683268	0.374177	160	31	135	803.569
-3.141593	1.184361	0.625864	157	166	142	803.510
2.879793	1.214854	-1.966664	147	8	23	803.501
1.832596	0.831641	0.616218	160	142	142	803.329
-1.832596	2.063651	-2.044600	144	156	9	803.215
-1.308997	0.297065	2.160177	0	32	12	803.066
-2.094395	1.683268	0.374177	162	22	131	803.065
-1.832596	1.809167	1.213774	149	163	143	802.954
-0.523599	0.700570	1.559208	8	30	137	802.874
-2.879793	0.615174	-0.666022	163	14	126	802.726
0.523599	2.579248	-2.364801	25	13	149	802.575
2.617994	2.984978	1.954446	158	3	133	802.572
0.261799	0.615174	-0.666022	19	19	122	802.442
-1.047198	2.592629	0.909713	7	17	130	802.300
-3.141593	0.733948	3.021411	0	156	144	802.287
0.523599	1.904882	-1.478089	156	153	152	802.146
0.261799	1.448123	-2.163292	18	18	158	802.114
-1.832596	1.168678	2.108595	142	164	164	802.040
-1.832596	2.153910	-1.714959	143	164	11	802.037
1.832596	2.174483	2.653697	154	27	131	801.815
0.523599	1.875281	0.107086	2	7	132	801.720
2.094395	2.356369	3.005869	152	30	136	801.592
2.094395	2.407836	1.410646	166	10	128	801.489
-1.047198	2.108018	1.311430	15	26	126	801.313
1.832596	2.138223	1.678323	151	163	22	801.185
0.000000	1.696674	-1.253233	149	3	157	801.096
-1.832596	1.214854	-1.966664	158	149	10	800.967
-2.094395	2.104282	-0.813972	153	9	28	800.896
-0.261799	0.685216	-1.712745	151	10	14	800.738
-2.356194	1.014500	0.906702	146	8	152	800.699
-1.832596	0.866955	-0.931351	159	25	22	800.647
-1.570796	2.073035	2.027405	0	13	128	800.616
-0.785398	2.379497	0.561089	149	9	13	800.611
-2.356194	2.393226	1.857173	149	163	161	800.608
0.785398	2.180315	-1.357379	154	154	6	800.554
-2.879793	2.455966	-0.641220	0	7	131	800.406
-2.094395	1.998705	2.370472	150	160	16	800.162
0.523599	2.979456	-1.009304	162	14	36	800.139
-2.094395	2.393226	1.857173	149	160	161	799.741
0.523599	1.504028	0.636812	158	5	30	799.740
-2.617994	1.869911	2.701025	24	20	143	799.659
0.261799	1.135834	-1.431087	151	162	7	799.514
2.879793	1.504028	0.636812	161	30	136	799.456
2.879793	1.872854	1.543456	157	23	23	799.418
0.785398	2.664082	-1.071402	157	145	0	799.218
1.832596	1.869911	2.701025	165	4	138	799.171
-1.832596	1.683268	0.374177	161	21	131	799.079
-0.785398	1.948085	-2.363031	145	12	161	798.783
-1.308997	2.033014	2.977192	156	3	31	798.778
0.000000	1.135834	-1.431087	151	155	157	798.763
-1.308997	1.809167	1.213774	152	156	144	798.742
-1.047198	1.766067	2.153843	164	11	128	798.723
1.570796	2.356369	3.005869	161	37	136	798.583
1.832596	1.948085	-2.363031	147	2	1	798.494
-2.356194	1.367556	0.358405	167	166	139	798.436
1.308997	0.762244	-0.273349	13	8	142	798.283
-2.879793	2.073035	2.027405	13	15	148	798.258
-0.785398	0.297065	2.160177	153	147	17	798.228
-2.617994	2.108018	1.311430	150	161	159	798.104
2.094395	2.704512	1.488683	159	6	131	797.965
0.523599	0.709924	0.218797	2	165	143	797.881
-2.356194	1.569311	-3.003978	18	21	131	797.714
2.356194	1.113094	-0.272241	7	20	137	797.659
1.308997	0.906588	1.252948	152	161	150	797.558
-2.617994	2.664082	-1.071402	149	162	155	797.381
2.617994	1.870545	-2.976234	144	27	16	797.348
0.000000	0.458961	-0.107937	24	21	127	797.330
-0.785398	0.929350	-2.910676	0	18	133	797.202
-2.356194	0.496451	0.593859	150	148	156	797.153
-2.094395	1.301460	-0.509251	164	144	135	797.101
1.308997	2.979456	-1.009304	141	4	160	796.745
-2.617994	2.104282	-0.813972	8	164	136	796.691
0.000000	0.960688	-0.577532	19	167	134	796.578
2.356194	2.033014	2.977192	11	28	5	796.527
-2.617994	0.992645	-1.723759	14	20	160	796.501
0.523599	1.014500	0.906702	13	3	145	796.432
2.094395	0.379747	-1.713059	17	164	133	796.386
-1.047198	2.456751	-1.503343	22	12	140	796.367
-2.879793	2.404280	-0.174044	8	11	136	796.226
0.000000	2.247462	0.191623	165	14	129	796.220
1.308997	2.456751	-1.503343	27	5	6	796.165
-3.141593	1.301460	-0.509251	158	4	29	796.157
2.879793	1.301460	-0.509251	17	158	147	796.102
-3.141593	2.295480	1.008277	151	164	155	795.752
0.000000	2.396274	-1.959260	151	154	161	795.639
1.832596	0.910508	1.903534	24	15	156	795.570
2.879793	2.592629	0.909713	144	11	1	795.329
-2.879793	1.134796	2.434290	150	23	6	795.170
2.356194	2.247462	0.191623	163	27	133	794.914
-1.308997	2.089241	-0.114193	15	3	139	794.741
1.047198	1.504028	0.636812	7	11	131	794.467
1.047198	0.850607	-1.335383	5	18	118	794.329
-0.261799	2.379497	0.561089	1	2	43	794.327
0.785398	0.674054	1.013609	21	1	5	794.260
-0.785398	1.812176	0.656819	167	0	137	794.180
-2.356194	1.417623	-0.202254	154	29	139	793.984
0.261799	1.683268	0.374177	8	11	40	793.846
1.570796	0.418037	1.360082	28	8	140	793.795
1.832596	0.929350	-2.910676	165	148	22	793.678
-1.832596	2.356369	3.005869	145	160	162	793.623
-1.308997	1.569311	-3.003978	166	13	135	793.363
-2.356194	0.203748	0.590255	149	149	154	793.332
-2.879793	1.433411	-1.035986	154	3	24	793.320
2.356194	1.824694	1.850876	160	17	29	793.297
-0.523599	2.104282	-0.813972	149	148	9	793.176
-1.832596	2.187132	-0.479875	153	22	19	792.967
-3.141593	0.831641	0.616218	157	167	136	792.963
0.000000	0.762244	-0.273349	145	17	34	792.938
-2.879793	1.869911	2.701025	23	15	143	792.853
-1.570796	0.496451	0.593859	151	156	0	792.584
0.785398	2.588535	-2.976617	16	8	142	792.435
-1.832596	2.863997	0.549740	10	16	131	792.317
0.261799	1.488617	1.159546	11	2	140	792.118
1.570796	0.370812	-2.547742	156	164	28	792.047
1.308997	1.721184	-0.153948	8	150	25	792.015
-2.094395	2.579248	-2.364801	22	8	143	791.904
-0.523599	2.724429	-0.348782	133	1	160	791.881
0.261799	2.115563	0.685730	3	25	29	791.808
-0.523599	1.450119	-2.739050	151	32	9	791.680
1.570796	0.866955	-0.931351	155	1	138	791.555
-0.785398	2.579248	-2.364801	13	25	143	791.535
1.308997	1.433411	-1.035986	165	26	121	791.441
0.523599	1.433411	-1.035986	157	163	144	791.418
1.570796	1.721184	-0.153948	159	160	140	791.405
0.785398	0.615174	-0.666022	144	8	37	791.355
2.879793	0.866395	-2.492918	9	147	131	791.202
2.356194	0.419640	2.974122	154	167	27	791.083
-1.570796	0.458961	-0.107937	153	148	147	791.023
1.308997	1.545873	-1.877082	15	17	37	790.961
2.879793	0.762244	-0.273349	157	12	129	790.949
-1.570796	2.396274	-1.959260	140	2	166	790.825
-2.094395	2.247462	0.191623	166	22	128	790.730
0.785398	0.418037	1.360082	141	15	147	790.627
1.570796	1.699788	2.452890	5	17	134	790.604
-1.047198	1.335669	0.897240	146	2	15	790.491
-2.879793	0.914445	2.687814	151	21	11	790.436
-1.570796	2.104282	-0.813972	25	5	137	790.360
-1.832596	1.218453	2.777284	20	160	3	790.333
2.879793	0.910508	1.903534	151	164	8	790.044
-0.785398	0.496451	0.593859	28	12	137	790.028
-2.094395	0.864993	2.278281	145	149	143	790.006
-1.570796	2.760637	2.781135	151	154	149	789.929
-3.141593	1.809167	1.213774	145	166	8	789.898
0.261799	1.809167	1.213774	155	22	120	789.721
1.570796	2.138223	1.678323	152	14	120	789.630
-2.356194	0.700570	1.559208	145	166	156	789.551
-2.879793	2.356369	3.005869	22	10	144	789.454
0.785398	0.910508	1.903534	19	9	127	789.238
0.261799	2.724429	-0.348782	153	20	134	789.140
2.879793	1.218453	2.777284	11	161	138	789.067
-2.617994	1.256302	0.062705	164	33	25	788.927
-2.094395	0.850607	-1.335383	9	14	138	788.909
-1.570796	2.984978	1.954446	2	2	34	788.829
2.879793	2.115563	0.685730	6	149	135	788.638
1.570796	0.379747	-1.713059	161	162	143	788.635
1.308997	0.458961	-0.107937	154	155	29	788.536
-1.832596	1.658653	-2.409879	151	151	164	788.529
-0.523599	0.290380	-0.796960	149	1	10	788.454
0.261799	1.128190	-2.288622	141	162	151	788.251
0.785398	2.138223	1.678323	20	6	160	788.070
2.356194	0.700570	1.559208	162	24	16	787.984
1.308997	1.617114	-1.572037	26	167	23	787.895
-1.047198	2.115563	0.685730	4	6	138	787.829
1.308997	0.640596	-2.797608	163	159	32	787.801
0.261799	1.374601	-2.456031	138	7	140	787.702
-2.356194	1.510910	-0.740472	164	29	11	787.680
2.879793	1.617114	-1.572037	22	7	4	787.673
-3.141593	2.180315	-1.357379	20	5	3	787.672
-2.356194	2.247462	0.191623	167	22	129	787.662
-1.047198	1.433411	-1.035986	20	15	123	787.526
-2.617994	2.379497	0.561089	25	12	136	787.476
-1.832596	0.419640	2.974122	147	1	13	787.364
-0.261799	1.721184	-0.153948	8	24	12	787.340
2.879793	1.113094	-0.272241	167	24	136	787.232
1.570796	1.875281	0.107086	6	12	131	787.180
-0.785398	2.587733	0.232235	23	4	154	787.156
-1.832596	1.194549	-0.801900	154	12	33	786.962
-0.261799	0.850607	-1.335383	148	6	6	786.896
-0.523599	1.488617	1.159546	22	9	164	786.722
-2.094395	0.418037	1.360082	144	166	164	786.691
0.785398	0.203748	0.590255	12	19	139	786.676
0.261799	1.506530	1.988858	17	9	21	786.555
0.261799	0.831641	0.616218	8	0	144	786.472
-0.261799	2.592629	0.909713	11	0	142	786.440
0.523599	0.850607	-1.335383	6	16	117	786.404
-0.261799	0.458961	-0.107937	24	16	127	786.297
1.308997	1.256302	0.062705	9	6	137	786.283
-2.094395	1.184361	0.625864	146	7	149	786.232
-0.523599	2.587733	0.232235	30	2	10	786.197
2.094395	0.571433	-1.188419	158	165	139	786.119
-0.785398	0.700570	1.559208	11	28	137	786.108
2.356194	2.587733	0.232235	20	161	147	786.102
0.000000	2.724429	-0.348782	154	23	133	785.905
1.047198	2.760637	2.781135	17	16	139	785.864
-2.356194	1.982574	-1.115518	14	163	132	785.827
-1.047198	2.881233	-2.582574	148	160	147	785.760
1.308997	0.419640	2.974122	145	148	10	785.740
-0.785398	1.194549	-0.801900	20	14	123	785.693
-0.523599	2.247462	0.191623	6	2	41	785.528
0.523599	2.089241	-0.114193	2	14	130	785.432
-2.617994	0.674054	1.013609	148	1	11	785.409
2.617994	1.683268	0.374177	34	162	12	785.358
-2.879793	1.574060	2.783565	22	15	139	785.064
-1.832596	1.555207	1.708892	154	149	0	785.048
2.617994	0.297065	2.160177	149	2	2	785.007
0.523599	1.128190	-2.288622	159	159	27	784.767
1.047198	2.343981	-1.040456	24	165	5	784.599
2.356194	2.295480	1.008277	147	1	23	784.583
2.094395	2.455966	-0.641220	150	10	35	784.494
-2.356194	2.979456	-1.009304	152	156	155	784.383
1.570796	1.756530	-2.105156	147	163	17	784.324
-2.094395	0.866395	-2.492918	20	166	135	784.193
-2.356194	2.251330	-2.330739	137	162	8	783.913
-1.832596	0.458961	-0.107937	149	151	147	783.908
-2.879793	2.001437	0.381215	29	156	146	783.907
-1.047198	2.349581	-2.702517	12	25	140	783.865
0.261799	1.310100	1.488307	19	2	167	783.730
-1.570796	1.050534	3.042579	149	156	162	783.586
2.617994	1.045978	0.343692	154	11	137	783.568
-1.308997	2.247462	0.191623	156	146	152	783.413
0.523599	2.719179	-1.780644	24	0	158	783.357
-0.261799	2.089241	-0.114193	162	14	130	783.232
-2.094395	0.906588	1.252948	143	0	156	783.086
-1.308997	1.413430	2.550734	156	158	29	783.060
-2.879793	1.809167	1.213774	160	160	142	782.928
-2.879793	2.637879	2.121598	23	16	5	782.926
-1.570796	0.418037	1.360082	136	8	153	782.925
2.879793	0.458961	-0.107937	156	14	128	782.859
2.094395	0.618092	2.539118	151	1	10	782.800
-0.261799	1.736875	3.023612	150	32	137	782.687
0.523599	0.290380	-0.796960	19	14	124	782.635
1.308997	2.588535	-2.976617	19	19	140	782.593
-0.261799	2.001437	0.381215	34	15	26	782.495
0.261799	1.998705	2.370472	11	21	126	782.493
0.785398	2.089241	-0.114193	139	149	158	782.326
1.832596	1.721184	-0.153948	163	160	141	782.238
1.047198	0.615174	-0.666022	145	2	37	782.196
1.047198	1.050534	3.042579	3	5	138	782.122
2.094395	1.766067	2.153843	2	15	133	781.594
-0.523599	1.809167	1.213774	161	31	120	781.567
2.356194	2.407836	1.410646	0	10	129	780.961
0.261799	2.379497	0.561089	27	17	13	780.961
-3.141593	0.709924	0.218797	158	6	132	780.857
-2.879793	2.984978	1.954446	165	9	39	780.583
-2.617994	1.599406	1.426070	149	162	162	780.264
1.047198	2.138223	1.678323	157	15	31	780.162
0.785398	0.458961	-0.107937	145	164	29	780.140
2.617994	1.448123	-2.163292	15	1	130	780.091
-1.308997	1.875281	0.107086	13	1	139	779.994
0.523599	2.407836	1.410646	150	32	127	779.567
-2.094395	1.812176	0.656819	163	18	130	779.482
0.261799	2.984978	1.954446	15	1	143	779.286
1.570796	1.869911	2.701025	165	23	132	779.266
-2.879793	2.295480	1.008277	142	166	3	779.224
-2.094395	2.979456	-1.009304	155	153	157	779.129
2.356194	0.866395	-2.492918	18	1	133	779.068
-1.047198	2.073035	2.027405	157	150	144	779.043
0.523599	1.195355	1.200319	16	0	149	778.863
-1.047198	1.909857	-0.381669	1	145	139	778.702
0.785398	1.247695	1.809890	18	13	22	778.516
0.785398	1.135834	-1.431087	151	3	147	778.505
-1.308997	1.488617	1.159546	158	145	7	778.472
-3.141593	2.033014	2.977192	156	12	135	778.144
-3.141593	0.850607	-1.335383	19	8	5	778.057
-1.308997	1.256302	0.062705	154	33	3	777.706
1.832596	1.218453	2.777284	148	164	13	777.528
0.523599	1.310100	1.488307	144	15	6	777.411
2.879793	1.510910	-0.740472	11	11	144	777.408
-2.879793	1.247695	1.809890	150	162	150	777.145
1.308997	0.831641	0.616218	156	154	18	777.021
0.523599	2.115563	0.685730	0	27	29	776.954
-1.570796	1.683268	0.374177	165	16	133	776.891
1.570796	0.910508	1.903534	26	13	155	776.851
-2.617994	2.478122	2.609777	23	21	150	776.798
2.094395	0.709924	0.218797	1	149	23	776.759
-0.261799	1.617114	-1.572037	148	0	160	776.731
-2.094395	1.872854	1.543456	146	159	167	776.578
2.094395	0.619654	-2.216909	161	157	137	776.521
0.261799	2.247462	0.191623	163	16	129	776.438
1.047198	1.606104	-0.451151	12	11	135	776.406
2.094395	1.824694	1.850876	149	156	22	776.384
0.523599	1.025536	1.576859	20	9	18	776.341
-1.570796	0.864993	2.278281	144	158	151	776.283
-2.879793	2.719179	-1.780644	23	167	157	775.974
-2.617994	1.904882	-1.478089	14	165	130	775.943
2.617994	2.881233	-2.582574	11	20	21	775.715
-2.617994	0.203748	0.590255	149	5	11	775.604
0.523599	0.615174	-0.666022	145	15	37	775.533
-2.617994	2.704512	1.488683	14	23	26	775.419
-2.356194	2.187132	-0.479875	16	155	17	775.275
-2.094395	2.033014	2.977192	22	25	141	775.188
-0.261799	0.762244	-0.273349	25	16	130	775.118
2.617994	2.033014	2.977192	5	30	3	774.930
1.570796	0.290380	-0.796960	145	162	32	774.815
0.523599	0.458961	-0.107937	143	1	29	774.768
-1.570796	1.736875	3.023612	159	148	145	774.644
-1.570796	1.325504	-1.671296	3	8	50	774.469
-2.356194	2.587733	0.232235	3	18	128	774.205
-0.523599	0.615174	-0.666022	145	164	167	774.134
-1.570796	0.762244	-0.273349	151	27	144	774.110
-0.523599	2.719179	-1.780644	146	162	158	773.976
-1.047198	0.591903	2.010408	166	31	15	773.899
2.356194	0.619654	-2.216909	164	156	139	773.612
-1.832596	1.450119	-2.739050	151	147	165	773.550
1.832596	2.881233	-2.582574	17	19	140	773.544
1.308997	2.637879	2.121598	155	167	142	773.463
-1.570796	1.168678	2.108595	18	18	147	773.243
0.785398	2.760637	2.781135	167	11	34	773.203
-2.879793	2.704512	1.488683	146	12	5	773.141
-2.617994	1.766067	2.153843	150	165	17	773.113
-2.879793	1.014500	0.906702	164	156	144	773.109
-1.570796	0.080730	-2.622036	166	19	132	772.937
-2.879793	1.836682	-0.676006	11	166	148	772.839
-3.141593	2.637879	2.121598	22	19	155	772.763
1.308997	2.153910	-1.714959	24	13	23	772.703
-2.356194	0.290380	-0.796960	17	162	29	772.500
-1.832596	1.554776	0.100351	160	24	133	772.492
0.000000	1.872854	1.543456	15	11	137	771.966
-1.570796	0.866955	-0.931351	156	23	21	771.593
0.000000	2.115563	0.685730	0	6	44	771.575
2.356194	2.001437	0.381215	29	157	12	771.517
0.000000	2.104282	-0.813972	158	140	147	771.505
-2.617994	0.914445	2.687814	7	155	147	771.454
-0.523599	2.164094	-2.991358	17	7	140	771.342
-1.308997	0.419640	2.974122	153	154	159	771.254
-1.047198	1.218453	2.777284	1	133	0	771.240
2.879793	0.640596	-2.797608	165	156	144	771.207
2.879793	1.014500	0.906702	25	14	10	771.184
2.617994	0.864993	2.278281	148	22	158	771.007
2.617994	2.863997	0.549740	20	160	145	770.801
2.617994	1.756530	-2.105156	150	159	162	770.733
-2.094395	1.417623	-0.202254	165	22	134	770.633
1.047198	0.203748	0.590255	161	150	23	770.586
1.308997	2.063651	-2.044600	146	0	23	770.556
0.000000	1.195355	1.200319	14	167	152	770.470
1.570796	1.574060	2.783565	0	24	132	770.407
1.832596	1.683268	0.374177	18	151	13	769.943
1.832596	2.979456	-1.009304	135	167	8	769.805
2.879793	2.455966	-0.641220	158	9	128	769.781
-1.308997	2.356369	3.005869	152	157	17	769.521
-1.570796	1.247695	1.809890	19	14	150	769.471
0.785398	0.379747	-1.713059	152	158	164	769.297
2.094395	2.637879	2.121598	8	24	19	769.176
-1.832596	1.812176	0.656819	162	17	130	769.135
-0.261799	1.128190	-2.288622	167	14	124	769.131
0.000000	0.866395	-2.492918	164	161	134	768.785
-2.617994	0.458961	-0.107937	18	4	28	768.648
-2.356194	2.456751	-1.503343	26	1	147	768.597
-0.785398	0.992645	-1.723759	149	16	6	768.468
0.261799	2.704512	1.488683	152	160	163	768.330
-0.785398	2.041297	-2.664597	7	12	137	768.301
-1.308997	1.194549	-0.801900	162	21	41	768.258
2.094395	1.247695	1.809890	14	14	135	768.209
-1.832596	1.872854	1.543456	149	154	166	768.047
1.047198	2.089241	-0.114193	3	13	130	767.978
-3.141593	1.510910	-0.740472	155	7	28	767.967
2.617994	1.554776	0.100351	20	159	143	767.891
2.879793	2.587733	0.232235	8	26	124	767.889
1.308997	1.948085	-2.363031	146	12	0	767.880
2.879793	0.618092	2.539118	160	150	2	767.875
2.356194	2.187132	-0.479875	10	10	133	767.868
2.879793	2.863997	0.549740	154	159	145	767.769
0.785398	1.134497	-1.109631	153	6	143	767.767
-3.141593	0.419640	2.974122	167	158	143	767.496
2.879793	0.619654	-2.216909	23	21	138	767.341
-0.261799	0.866955	-0.931351	146	161	167	767.332
-2.617994	1.413347	-1.339188	152	1	21	767.112
-2.879793	1.736875	3.023612	21	13	136	767.055
1.308997	1.824694	1.850876	153	14	27	767.016
1.047198	2.863997	0.549740	163	22	13	767.012
2.617994	0.674054	1.013609	165	27	28	766.989
1.308997	1.574060	2.783565	1	28	129	766.840
1.570796	1.732874	-0.951685	145	32	129	766.823
0.785398	1.310100	1.488307	20	1	149	766.802
1.308997	0.709924	0.218797	157	2	29	766.773
0.523599	2.881233	-2.582574	31	1	158	766.688
1.570796	1.846342	-1.796954	145	167	17	766.610
-1.047198	2.407836	1.410646	15	10	28	766.461
-2.094395	0.619654	-2.216909	152	161	155	766.439
-0.523599	2.089241	-0.114193	160	16	130	766.434
1.047198	1.113094	-0.272241	15	5	142	766.338
-2.617994	1.310100	1.488307	153	157	164	766.289
0.785398	0.591903	2.010408	26	9	139	766.121
-0.523599	0.914445	2.687814	4	144	140	765.873
-2.879793	1.977582	0.969896	16	7	125	765.842
-1.308997	2.187132	-0.479875	26	4	144	765.826
-1.570796	0.674054	1.013609	147	157	156	765.693
-2.879793	2.881233	-2.582574	27	15	163	765.610
0.000000	2.404280	-0.174044	160	17	129	765.594
-3.141593	2.407836	1.410646	20	3	13	765.579
0.785398	2.984978	1.954446	149	167	166	765.571
-1.570796	0.370812	-2.547742	5	20	132	765.555
-3.141593	1.569311	-3.003978	138	12	12	765.499
0.785398	2.396274	-1.959260	141	163	152	765.479
0.000000	1.683268	0.374177	31	23	20	765.322
-1.832596	1.869911	2.701025	149	158	19	765.322
-3.141593	2.724429	-0.348782	13	16	133	765.314
0.785398	1.134796	2.434290	25	21	137	765.197
-2.617994	1.909857	-0.381669	3	164	142	765.175
-1.570796	1.184361	0.625864	145	164	150	765.164
-0.785398	0.370812	-2.547742	4	22	11	765.141
1.308997	1.413347	-1.339188	27	167	29	764.872
-0.785398	1.998705	2.370472	155	29	19	764.863
-3.141593	2.251330	-2.330739	158	154	153	764.829
2.617994	0.618092	2.539118	159	153	26	764.692
-2.617994	2.299159	2.264663	147	2	164	764.655
0.785398	1.335669	0.897240	18	0	148	764.523
-0.261799	1.998705	2.370472	145	30	151	764.472
-0.261799	1.135813	-2.658866	166	15	130	764.355
0.523599	1.545873	-1.877082	143	30	129	764.331
-2.879793	0.591903	2.010408	158	150	1	764.142
-1.308997	1.025536	1.576859	145	163	157	764.048
-2.094395	2.456751	-1.503343	32	165	160	764.016
-2.617994	2.089241	-0.114193	10	14	140	763.968
-2.094395	2.115563	0.685730	1	19	128	763.956
2.617994	1.662363	0.915448	12	0	125	763.906
0.000000	1.554776	0.100351	5	27	12	763.852
-3.141593	2.393226	1.857173	159	28	21	763.843
-3.141593	1.391910	3.030322	139	13	7	763.838
-2.094395	2.349581	-2.702517	141	146	165	763.824
-2.356194	2.478122	2.609777	146	167	163	763.741
-1.570796	1.433411	-1.035986	152	9	30	763.689
-0.523599	2.393226	1.857173	12	8	30	763.641
1.832596	0.906588	1.252948	155	154	151	763.615
0.785398	2.104282	-0.813972	5	26	124	763.586
-2.617994	2.587733	0.232235	9	17	130	763.529
-2.879793	2.393226	1.857173	149	0	163	763.517
-1.570796	2.251330	-2.330739	19	19	133	763.469
1.570796	2.033014	2.977192	163	28	134	763.453
-3.141593	1.904882	-1.478089	20	7	5	763.450
-3.141593	0.762244	-0.273349	158	9	129	763.372
1.047198	2.349581	-2.702517	19	11	144	763.356
-1.832596	1.766067	2.153843	144	22	138	763.337
-2.617994	2.001437	0.381215	4	23	129	763.091
-1.832596	2.637879	2.121598	15	16	6	762.824
-2.879793	1.904882	-1.478089	9	163	130	762.782
-3.141593	1.413430	2.550734	21	167	148	762.765
-0.523599	2.073035	2.027405	151	22	24	762.343
-2.617994	2.455966	-0.641220	15	25	148	762.315
1.832596	2.592629	0.909713	161	156	136	762.251
-2.356194	1.025536	1.576859	149	163	150	762.233
-1.570796	1.417623	-0.202254	5	2	131	762.212
1.047198	2.637879	2.121598	12	20	18	762.148
-0.261799	1.242974	-2.977882	163	19	131	762.134
-2.356194	0.899350	-2.069907	154	153	9	762.028
-2.879793	1.875281	0.107086	148	18	10	761.924
2.617994	2.356369	3.005869	0	32	166	761.797
-2.356194	1.256302	0.062705	155	30	140	761.717
-0.261799	1.506530	1.988858	159	164	139	761.706
1.308997	1.448123	-2.163292	24	9	22	761.637
-0.523599	1.574060	2.783565	7	154	141	761.455
-1.832596	1.195355	1.200319	145	164	150	761.446
0.000000	2.455966	-0.641220	152	17	135	761.387
1.047198	0.906588	1.252948	151	164	150	761.338
-2.879793	2.164094	-2.991358	19	8	137	761.156
-2.879793	1.909857	-0.381669	9	13	140	761.143
0.261799	0.866955	-0.931351	13	20	120	761.073
2.879793	1.732874	-0.951685	2	30	22	761.065
1.570796	2.719179	-1.780644	21	156	154	760.950
0.523599	1.721184	-0.153948	2	5	134	760.932
-3.141593	2.760637	2.781135	2	11	38	760.887
-1.308997	2.295480	1.008277	167	12	128	760.730
1.047198	0.496451	0.593859	18	11	155	760.709
-2.094395	2.153910	-1.714959	143	5	2	760.666
-2.879793	1.599406	1.426070	149	163	163	760.638
-1.308997	2.379497	0.561089	1	13	130	760.637
-1.570796	2.456751	-1.503343	139	13	163	760.523
2.094395	1.195355	1.200319	29	164	162	760.442
0.000000	0.571433	-1.188419	149	1	12	760.429
2.879793	1.134497	-1.109631	13	16	142	760.332
-0.261799	2.115563	0.685730	30	166	20	760.255
0.785398	1.948085	-2.363031	21	23	155	760.115
-0.785398	1.374601	-2.456031	5	17	131	760.041
2.094395	2.587733	0.232235	157	159	142	759.964
-2.879793	0.571433	-1.188419	3	12	134	759.638
1.570796	2.404280	-0.174044	157	160	143	759.466
-1.308997	0.850607	-1.335383	151	17	21	759.413
-3.141593	2.247462	0.191623	10	34	162	759.338
1.832596	1.367556	0.358405	4	22	135	759.321
1.308997	2.073035	2.027405	156	12	29	759.306
2.356194	1.134796	2.434290	152	147	155	759.219
-2.094395	1.134497	-1.109631	13	9	143	759.144
2.356194	1.247695	1.809890	13	16	135	759.071
-3.141593	2.343981	-1.040456	19	24	156	759.036
-1.832596	1.948085	-2.363031	147	148	5	759.029
-1.047198	1.367556	0.358405	147	30	167	758.993
1.570796	2.760637	2.781135	21	13	10	758.937
2.356194	0.864993	2.278281	13	167	141	758.710
-0.261799	2.174483	2.653697	20	15	130	758.700
2.356194	0.674054	1.013609	147	10	135	758.481
-2.356194	1.448123	-2.163292	147	158	10	758.403
-0.523599	0.496451	0.593859	29	18	137	758.287
-1.570796	1.824694	1.850876	165	18	122	758.190
0.523599	1.135813	-2.658866	20	24	151	758.143
0.523599	2.404280	-0.174044	155	18	134	758.138
-2.356194	1.662363	0.915448	160	151	143	757.862
-1.308997	2.108018	1.311430	165	32	127	757.835
1.832596	0.685216	-1.712745	159	161	137	757.738
2.094395	2.299159	2.264663	147	20	125	757.720
-1.308997	0.496451	0.593859	148	157	160	757.707
-3.141593	1.824694	1.850876	6	41	139	757.686
-0.261799	0.709924	0.218797	5	31	137	757.479
-0.261799	1.846342	-1.796954	147	7	157	757.428
-2.094395	0.700570	1.559208	145	163	156	757.329
1.308997	1.506530	1.988858	11	21	129	757.163
-2.879793	2.115563	0.685730	16	17	16	757.149
-1.047198	0.571433	-1.188419	145	14	137	757.086
-2.879793	2.863997	0.549740	4	16	127	757.012
-2.879793	0.960688	-0.577532	143	19	129	756.980
-2.356194	1.195355	1.200319	144	4	158	756.935
-1.832596	2.299159	2.264663	149	156	161	756.692
0.000000	2.592629	0.909713	14	167	143	756.674
-2.879793	1.488617	1.159546	147	157	6	756.587
-1.308997	1.756530	-2.105156	2	162	48	756.550
1.832596	1.606104	-0.451151	8	11	135	756.368
2.879793	0.850607	-1.335383	14	9	143	756.277
0.261799	0.458961	-0.107937	134	159	154	756.272
-2.094395	2.704512	1.488683	148	154	2	756.153
1.832596	2.724429	-0.348782	18	160	151	756.103
2.094395	0.910508	1.903534	21	24	160	756.092
0.523599	1.909857	-0.381669	137	153	165	756.045
-3.141593	1.846342	-1.796954	18	17	166	756.040
-1.570796	1.194549	-0.801900	155	23	15	755.855
0.523599	1.413347	-1.339188	154	160	151	755.778
1.047198	2.251330	-2.330739	132	162	156	755.743
2.879793	1.977582	0.969896	10	2	124	755.677
2.356194	1.218453	2.777284	153	149	160	755.522
-1.308997	0.864993	2.278281	14	20	142	755.481
-3.141593	1.756530	-2.105156	14	21	22	755.353
-2.879793	1.824694	1.850876	148	12	151	755.319
-3.141593	0.700570	1.559208	155	24	29	755.301
-1.570796	1.721184	-0.153948	161	26	34	755.211
-1.308997	2.115563	0.685730	2	9	135	755.122
-1.832596	1.545873	-1.877082	159	148	8	755.017
1.570796	2.455966	-0.641220	25	160	20	755.008
2.356194	1.736875	3.023612	146	31	14	754.915
-2.356194	0.458961	-0.107937	16	8	28	754.881
-2.356194	2.180315	-1.357379	19	165	137	754.822
-0.785398	0.290380	-0.796960	147	2	2	754.763
-0.785398	0.961715	0.014085	146	156	157	754.762
-1.308997	2.456751	-1.503343	139	5	163	754.750
0.785398	1.909857	-0.381669	0	7	132	754.724
0.261799	1.134796	2.434290	143	33	8	754.549
2.094395	2.379497	0.561089	20	152	10	754.502
1.832596	0.379747	-1.713059	162	162	143	754.486
1.570796	0.496451	0.593859	21	10	7	754.386
-2.094395	1.506530	1.988858	142	1	155	754.339
-1.047198	2.579248	-2.364801	144	162	157	754.255
-1.308997	2.001437	0.381215	164	19	129	754.204
0.785398	0.906588	1.252948	3	5	120	754.200
0.000000	1.555207	1.708892	157	161	140	754.098
-1.570796	1.998705	2.370472	144	14	133	754.019
1.047198	0.866955	-0.931351	6	26	119	753.959
-2.617994	2.041297	-2.664597	135	160	3	753.818
-2.879793	2.041297	-2.664597	30	8	17	753.761
0.785398	1.824694	1.850876	156	156	156	753.676
-2.356194	1.736875	3.023612	21	22	136	753.636
-2.879793	1.448123	-2.163292	22	161	136	753.445
0.000000	2.153910	-1.714959	147	6	152	753.345
-0.261799	2.164094	-2.991358	24	6	141	753.327
-2.356194	1.766067	2.153843	156	11	123	753.254
0.000000	1.413430	2.550734	146	35	10	753.208
-2.879793	2.592629	0.909713	156	157	145	753.156
-3.141593	0.929350	-2.910676	0	153	144	753.147
2.094395	2.724429	-0.348782	22	164	151	753.110
1.047198	0.831641	0.616218	19	7	157	753.051
0.523599	2.356369	3.005869	16	30	137	753.040
-0.261799	0.290380	-0.796960	155	151	5	753.020
-2.356194	1.977582	0.969896	18	15	124	752.994
0.523599	0.961715	0.014085	144	166	30	752.981
2.356194	1.809167	1.213774	20	160	161	752.430
-2.617994	2.719179	-1.780644	26	2	156	752.417
0.785398	1.904882	-1.478089	14	18	11	752.282
2.094395	0.992645	-1.723759	166	7	117	752.280
-1.832596	1.134796	2.434290	141	0	165	752.248
2.094395	1.812176	0.656819	148	163	161	752.213
-2.879793	2.979456	-1.009304	13	13	140	752.142
-2.356194	1.904882	-1.478089	19	156	137	751.783
-1.308997	2.393226	1.857173	18	17	124	751.771
-1.570796	1.413430	2.550734	146	19	146	751.650
2.617994	1.606104	-0.451151	11	18	136	751.038
-3.141593	1.977582	0.969896	162	160	142	751.035
2.356194	2.724429	-0.348782	157	21	131	751.011
1.570796	0.960688	-0.577532	19	13	145	751.009
2.356194	1.184361	0.625864	161	30	141	750.955
-1.047198	2.379497	0.561089	2	18	129	750.935
-1.047198	0.700570	1.559208	14	26	137	750.773
2.879793	0.615174	-0.666022	140	10	142	750.760
-0.785398	2.404280	-0.174044	150	33	18	750.690
-0.785398	1.870545	-2.976234	156	153	22	750.657
1.047198	2.073035	2.027405	155	14	28	750.565
1.570796	2.704512	1.488683	135	16	137	750.557
-0.785398	1.741644	-2.695914	5	11	138	750.493
1.832596	0.370812	-2.547742	155	165	30	750.373
1.047198	0.379747	-1.713059	158	164	143	750.370
1.047198	1.766067	2.153843	152	24	16	750.328
-2.617994	1.555207	1.708892	21	2	162	750.256
-1.570796	2.393226	1.857173	150	13	126	750.153
-2.879793	0.418037	1.360082	148	3	7	750.130
-1.308997	1.504028	0.636812	151	158	145	750.124
-0.785398	2.295480	1.008277	3	6	133	750.070
2.617994	1.134796	2.434290	3	156	39	749.853
2.356194	1.256302	0.062705	5	22	135	749.601
-2.356194	2.349581	-2.702517	22	10	139	749.572
1.832596	1.025536	1.576859	167	23	16	749.531
-0.785398	2.592629	0.909713	5	8	134	749.526
2.617994	1.301460	-0.509251	149	23	127	749.436
1.832596	1.599406	1.426070	5	12	118	749.433
1.832596	0.290380	-0.796960	150	158	32	749.430
1.832596	1.450119	-2.739050	2	8	36	749.102
-2.094395	2.478122	2.609777	145	166	158	749.100
-0.785398	0.615174	-0.666022	144	166	164	749.098
0.000000	0.297065	2.160177	1	28	135	749.086
0.000000	1.766067	2.153843	152	26	23	749.033
-1.570796	1.301460	-0.509251	1	26	42	749.026
-0.523599	2.174483	2.653697	151	3	37	748.659
-3.141593	1.413347	-1.339188	19	12	3	748.634
-1.570796	1.869911	2.701025	153	157	22	748.531
0.000000	2.299159	2.264663	0	18	35	748.380
2.094395	1.574060	2.783565	1	5	137	748.363
2.356194	1.504028	0.636812	29	158	6	748.230
2.094395	0.914445	2.687814	150	149	148	748.191
-2.094395	1.135813	-2.658866	26	165	142	748.085
1.570796	1.195355	1.200319	16	22	17	748.064
-1.308997	2.041297	-2.664597	12	20	137	748.038
2.094395	1.683268	0.374177	5	20	131	747.761
2.617994	1.721184	-0.153948	8	18	133	747.740
-0.785398	2.073035	2.027405	160	150	143	747.508
-1.832596	1.247695	1.809890	145	155	11	747.504
1.570796	1.510910	-0.740472	149	35	128	747.381
1.832596	1.128190	-2.288622	150	155	147	747.349
0.523599	1.045978	0.343692	7	167	143	747.329
-1.570796	2.063651	-2.044600	148	151	10	747.150
0.000000	1.247695	1.809890	5	8	118	747.147
0.785398	2.187132	-0.479875	156	154	145	747.115
1.308997	1.741644	-2.695914	15	16	139	746.995
0.261799	1.450119	-2.739050	25	19	148	746.860
-0.261799	1.134497	-1.109631	150	156	156	746.782
-3.141593	1.658653	-2.409879	144	15	30	746.554
0.000000	1.658653	-2.409879	165	7	132	746.553
-0.261799	2.180315	-1.357379	146	161	5	746.501
1.047198	2.247462	0.191623	154	17	10	746.398
0.523599	2.247462	0.191623	0	16	129	746.346
-2.094395	2.343981	-1.040456	20	164	143	746.270
2.617994	1.413347	-1.339188	18	20	150	746.223
1.047198	1.433411	-1.035986	167	26	121	745.962
-2.094395	1.732874	-0.951685	10	0	126	745.954
0.261799	0.418037	1.360082	166	28	134	745.803
1.570796	0.850607	-1.335383	167	16	116	745.732
-3.141593	1.732874	-0.951685	155	7	26	745.717
-1.308997	1.554776	0.100351	157	28	29	745.701
-2.617994	2.760637	2.781135	24	19	152	745.666
-0.261799	2.108018	1.311430	9	30	131	745.662
2.879793	0.899350	-2.069907	21	20	135	745.484
-2.879793	1.195355	1.200319	148	165	158	745.411
1.570796	1.554776	0.100351	3	18	134	745.323
-1.308997	2.174483	2.653697	152	149	161	745.303
1.832596	2.455966	-0.641220	164	21	130	745.183
-0.785398	1.135834	-1.431087	153	16	19	745.110
-1.570796	2.174483	2.653697	1	2	131	745.064
2.879793	1.875281	0.107086	14	155	139	745.017
2.879793	0.591903	2.010408	0	131	146	744.996
-1.570796	2.881233	-2.582574	23	23	149	744.950
1.570796	2.984978	1.954446	154	163	144	744.725
0.261799	1.909857	-0.381669	167	142	142	744.686
-1.570796	1.606104	-0.451151	7	5	128	744.660
2.617994	1.195355	1.200319	139	154	8	744.640
1.047198	1.506530	1.988858	143	15	20	744.621
-0.785398	1.506530	1.988858	158	11	128	744.518
-0.261799	2.724429	-0.348782	157	155	141	744.327
0.785398	1.662363	0.915448	153	13	122	744.268
2.879793	1.683268	0.374177	163	28	134	744.185
1.832596	1.134497	-1.109631	154	21	118	744.070
0.000000	1.134796	2.434290	151	40	6	744.029
-1.308997	2.396274	-1.959260	146	149	8	743.870
2.617994	2.295480	1.008277	22	156	2	743.864
-2.879793	2.299159	2.264663	153	2	127	743.693
0.785398	1.721184	-0.153948	4	8	133	743.586
-1.308997	2.073035	2.027405	2	16	126	743.412
-2.356194	1.836682	-0.676006	9	162	132	743.374
2.094395	0.674054	1.013609	152	14	136	743.195
-2.094395	0.591903	2.010408	147	163	23	743.119
1.308997	1.050534	3.042579	12	29	139	742.890
1.308997	2.881233	-2.582574	164	13	36	742.732
0.261799	2.404280	-0.174044	156	18	132	742.595
-1.308997	1.184361	0.625864	159	5	137	742.574
-3.141593	2.396274	-1.959260	11	24	23	742.538
1.570796	2.180315	-1.357379	26	6	11	742.447
-3.141593	0.591903	2.010408	154	155	165	742.355
1.832596	2.588535	-2.976617	160	38	141	742.284
-0.785398	2.455966	-0.641220	136	18	160	742.281
0.000000	1.367556	0.358405	165	9	133	742.198
-2.094395	1.736875	3.023612	20	26	136	742.026
-1.047198	2.984978	1.954446	5	6	35	741.953
-0.785398	0.379747	-1.713059	160	21	23	741.906
0.785398	1.506530	1.988858	18	12	23	741.893
1.570796	0.700570	1.559208	151	17	137	741.572
2.879793	2.588535	-2.976617	1	32	164	741.435
-1.308997	0.910508	1.903534	18	20	143	741.322
-2.617994	1.662363	0.915448	158	162	144	741.272
1.047198	1.658653	-2.409879	136	158	144	741.150
-2.617994	1.606104	-0.451151	6	167	143	741.120
-1.308997	2.719179	-1.780644	24	14	144	741.073
-1.047198	2.251330	-2.330739	14	19	139	741.057
-2.879793	2.343981	-1.040456	14	12	150	740.922
-3.141593	0.910508	1.903534	13	162	145	740.822
0.261799	2.187132	-0.479875	136	158	1	740.795
-1.308997	1.699788	2.452890	163	4	128	740.770
-1.570796	0.910508	1.903534	143	160	137	740.724
1.308997	1.367556	0.358405	153	154	24	740.707
0.523599	2.588535	-2.976617	15	4	141	740.680
2.879793	0.674054	1.013609	22	26	10	740.618
-1.570796	1.025536	1.576859	15	15	143	740.562
-2.356194	2.115563	0.685730	16	166	27	740.290
2.356194	2.251330	-2.330739	154	157	29	740.258
2.094395	2.979456	-1.009304	14	5	136	740.137
2.094395	0.831641	0.616218	156	160	146	740.061
-1.832596	1.184361	0.625864	146	3	148	739.580
1.047198	0.709924	0.218797	14	4	144	739.549
-3.141593	1.135813	-2.658866	167	24	131	739.487
2.879793	0.831641	0.616218	156	11	135	739.477
-1.832596	1.904882	-1.478089	152	157	16	739.464
-0.523599	2.592629	0.909713	157	40	133	739.428
-3.141593	1.128190	-2.288622	151	152	38	739.389
0.523599	0.496451	0.593859	150	157	21	739.384
2.879793	2.247462	0.191623	136	2	159	739.233
-2.094395	2.881233	-2.582574	4	16	36	739.137
0.785398	1.184361	0.625864	6	9	134	739.081
-0.523599	1.824694	1.850876	18	18	127	739.055
-2.094395	1.658653	-2.409879	146	159	162	738.822
2.356194	2.456751	-1.503343	167	3	128	738.805
-0.785398	1.872854	1.543456	13	21	123	738.797
-0.261799	1.367556	0.358405	164	11	133	738.655
0.000000	2.587733	0.232235	29	16	10	738.614
-2.356194	1.113094	-0.272241	7	155	144	738.596
-2.094395	0.709924	0.218797	150	28	145	738.102
2.617994	1.599406	1.426070	16	9	151	738.055
-0.523599	0.297065	2.160177	153	156	161	738.012
1.832596	2.180315	-1.357379	164	11	123	737.868
-1.308997	1.766067	2.153843	163	10	126	737.862
0.523599	2.104282	-0.813972	8	25	124	737.647
-2.879793	1.194549	-0.801900	156	2	27	737.534
-0.785398	1.696674	-1.253233	157	10	50	737.440
-0.261799	2.760637	2.781135	3	5	127	737.429
-1.308997	2.478122	2.609777	146	19	33	737.330
-0.261799	2.138223	1.678323	167	139	140	737.203
-1.832596	1.025536	1.576859	17	9	144	737.193
1.308997	1.247695	1.809890	14	17	123	737.153
-1.570796	1.440580	2.260026	17	19	150	737.075
-0.523599	1.135813	-2.658866	150	29	5	737.045
-2.879793	1.256302	0.062705	163	166	138	737.030
-2.879793	2.247462	0.191623	141	147	5	736.875
0.000000	0.685216	-1.712745	19	5	24	736.821
0.000000	2.704512	1.488683	156	153	34	736.746
2.617994	1.555207	1.708892	147	5	12	736.684
-2.879793	2.760637	2.781135	23	14	151	736.680
-2.356194	2.174483	2.653697	27	16	166	736.654
1.047198	2.063651	-2.044600	29	14	31	736.636
-1.047198	0.674054	1.013609	30	14	144	736.595
0.000000	1.433411	-1.035986	158	138	153	736.572
1.832596	2.637879	2.121598	19	20	8	736.379
-1.832596	2.033014	2.977192	164	141	23	736.120
2.356194	2.455966	-0.641220	34	5	20	736.075
1.308997	0.080730	-2.622036	152	161	158	736.039
-1.570796	1.574060	2.783565	2	158	26	735.861
-3.141593	2.299159	2.264663	1	4	135	735.794
-1.308997	1.869911	2.701025	163	11	134	735.711
1.832596	0.961715	0.014085	19	0	152	735.668
-0.523599	1.555207	1.708892	5	14	118	735.649
0.523599	1.325504	-1.671296	147	6	152	735.589
2.094395	2.343981	-1.040456	31	8	26	735.577
2.617994	2.089241	-0.114193	6	15	131	735.560
1.570796	0.297065	2.160177	142	7	23	735.453
-3.141593	2.456751	-1.503343	20	17	14	735.357
0.523599	1.247695	1.809890	139	14	1	735.354
-2.094395	2.637879	2.121598	17	25	22	735.282
1.832596	1.545873	-1.877082	145	155	2	735.244
1.832596	0.850607	-1.335383	167	16	116	735.096
2.356194	0.297065	2.160177	147	147	11	734.891
0.523599	2.187132	-0.479875	2	147	137	734.847
-2.356194	1.696674	-1.253233	14	1	125	734.847
2.879793	2.001437	0.381215	11	152	137	734.736
-3.141593	0.290380	-0.796960	144	164	145	734.727
2.356194	1.555207	1.708892	146	155	21	734.663
2.356194	1.662363	0.915448	25	158	167	734.646
-2.356194	1.413347	-1.339188	166	29	18	734.598
-1.047198	0.866395	-2.492918	0	28	121	734.579
-1.047198	0.960688	-0.577532	151	149	158	734.531
-2.879793	1.367556	0.358405	162	166	141	734.496
2.879793	1.184361	0.625864	162	31	139	734.494
1.832596	2.343981	-1.040456	26	8	7	734.475
1.832596	1.256302	0.062705	5	19	135	734.441
-0.523599	1.872854	1.543456	159	161	135	734.337
2.879793	2.579248	-2.364801	155	159	153	734.039
0.000000	0.910508	1.903534	18	6	21	733.948
-1.570796	0.685216	-1.712745	10	158	36	733.895
-1.047198	0.419640	2.974122	146	5	165	733.844
-2.617994	1.658653	-2.409879	146	26	14	733.772
2.617994	0.866395	-2.492918	21	4	133	733.735
-1.308997	2.104282	-0.813972	162	152	141	733.705
0.785398	0.571433	-1.188419	12	13	119	733.595
-1.570796	0.419640	2.974122	150	153	161	733.462
-0.261799	1.555207	1.708892	161	146	147	733.382
0.523599	1.766067	2.153843	12	21	125	733.317
0.261799	2.455966	-0.641220	150	159	144	733.296
0.785398	1.545873	-1.877082	140	26	129	733.287
-2.356194	2.719179	-1.780644	148	161	161	733.191
2.094395	2.033014	2.977192	154	31	134	733.169
-1.832596	2.396274	-1.959260	139	160	11	733.040
2.617994	2.164094	-2.991358	144	27	15	732.973
1.570796	0.674054	1.013609	20	2	132	732.881
-1.047198	2.174483	2.653697	13	147	141	732.645
-0.261799	0.674054	1.013609	17	15	144	732.590
-2.356194	1.909857	-0.381669	5	159	138	732.530
1.570796	2.881233	-2.582574	166	12	37	732.512
-2.879793	0.899350	-2.069907	18	30	135	732.348
0.785398	1.836682	-0.676006	11	24	125	732.337
-2.094395	1.310100	1.488307	144	161	9	732.285
2.879793	2.041297	-2.664597	5	41	158	732.254
2.879793	0.864993	2.278281	163	137	154	732.233
0.523599	0.906588	1.252948	17	17	166	732.180
-1.308997	0.762244	-0.273349	149	25	145	732.001
0.261799	1.766067	2.153843	149	23	23	731.965
-2.617994	2.115563	0.685730	167	28	5	731.961
-2.879793	2.063651	-2.044600	24	4	140	731.957
-1.832596	1.050534	3.042579	20	161	4	731.881
1.047198	2.881233	-2.582574	15	8	139	731.878
0.000000	1.242974	-2.977882	162	17	132	731.833
0.785398	2.041297	-2.664597	147	19	4	731.688
-0.785398	0.850607	-1.335383	10	19	44	731.665
-1.570796	1.699788	2.452890	160	3	127	731.616
2.617994	2.588535	-2.976617	5	31	164	731.607
-1.570796	1.658653	-2.409879	21	27	130	731.557
-3.141593	0.992645	-1.723759	19	5	144	731.476
-2.879793	1.242974	-2.977882	139	5	13	731.432
-1.308997	2.299159	2.264663	16	142	137	731.368
0.523599	0.418037	1.360082	19	5	6	731.183
1.308997	1.846342	-1.796954	21	13	36	731.180
2.879793	1.242974	-2.977882	3	166	32	731.022
-0.261799	1.310100	1.488307	166	11	118	730.947
-1.308997	2.349581	-2.702517	14	21	141	730.922
2.094395	1.658653	-2.409879	148	162	161	730.850
-1.570796	2.478122	2.609777	151	152	160	730.737
-0.523599	1.875281	0.107086	3	11	134	730.666
-3.141593	1.606104	-0.451151	9	21	137	730.664
-1.308997	2.881233	-2.582574	165	18	35	730.657
-2.094395	0.297065	2.160177	136	157	149	730.316
-0.261799	2.033014	2.977192	166	165	31	730.235
1.308997	1.977582	0.969896	149	12	125	730.194
2.094395	1.721184	-0.153948	8	16	132	730.075
2.356194	1.014500	0.906702	133	165	0	730.021
-1.047198	2.299159	2.264663	154	2	39	729.906
-2.617994	1.504028	0.636812	153	29	137	729.903
2.617994	0.850607	-1.335383	146	157	1	729.836
0.785398	2.592629	0.909713	2	154	138	729.818
1.832596	2.396274	-1.959260	1	165	135	729.732
-2.879793	2.456751	-1.503343	149	3	167	729.401
2.879793	1.812176	0.656819	34	166	6	729.131
1.308997	1.606104	-0.451151	9	13	134	729.042
2.617994	1.504028	0.636812	33	163	5	728.940
1.047198	1.909857	-0.381669	2	9	132	728.936
-1.570796	1.488617	1.159546	148	159	147	728.729
-1.832596	1.335669	0.897240	148	163	146	728.720
-0.523599	1.836682	-0.676006	141	0	28	728.636
-0.785398	2.108018	1.311430	13	29	126	728.631
0.261799	1.662363	0.915448	155	5	28	728.592
-1.047198	1.977582	0.969896	8	31	125	728.366
0.785398	0.080730	-2.622036	146	151	154	728.331
-3.141593	1.870545	-2.976234	153	15	138	728.234
2.879793	1.574060	2.783565	163	10	33	728.151
0.261799	1.325504	-1.671296	150	30	125	728.050
-0.261799	1.545873	-1.877082	17	16	157	728.035
2.356194	2.881233	-2.582574	151	47	149	727.944
-1.308997	2.455966	-0.641220	147	159	5	727.861
1.308997	1.872854	1.543456	157	13	118	727.799
-1.047198	2.637879	2.121598	23	15	130	727.684
-0.261799	0.866395	-2.492918	0	10	130	727.674
2.879793	1.488617	1.159546	157	30	137	727.657
1.308997	0.685216	-1.712745	7	11	119	727.544
2.356194	1.214854	-1.966664	13	5	127	727.542
-0.523599	1.417623	-0.202254	10	22	13	727.484
-2.617994	1.184361	0.625864	162	166	140	727.479
0.000000	1.301460	-0.509251	8	11	127	727.131
0.523599	1.574060	2.783565	26	24	140	727.129
-0.523599	2.343981	-1.040456	142	153	7	727.036
1.308997	0.700570	1.559208	23	7	133	727.006
2.617994	1.809167	1.213774	22	162	162	726.993
-2.879793	2.089241	-0.114193	10	24	132	726.960
-0.785398	2.393226	1.857173	24	21	135	726.890
-2.879793	1.998705	2.370472	23	17	150	726.811
-2.879793	1.504028	0.636812	156	29	136	726.758
-0.785398	1.134796	2.434290	161	151	145	726.649
-2.356194	2.073035	2.027405	146	165	164	726.577
-1.832596	2.979456	-1.009304	148	167	155	726.547
-1.308997	0.080730	-2.622036	141	15	155	726.470
0.261799	1.014500	0.906702	10	161	147	726.295
-2.094395	1.870545	-2.976234	20	22	134	726.291
-2.879793	2.664082	-1.071402	15	27	150	726.241
2.879793	1.696674	-1.253233	18	164	158	725.972
-0.523599	1.699788	2.452890	4	157	138	725.965
1.308997	1.134796	2.434290	151	13	14	725.955
-0.785398	1.875281	0.107086	140	23	10	725.899
2.617994	1.194549	-0.801900	8	18	139	725.864
2.617994	2.001437	0.381215	33	162	12	725.841
-2.094395	2.455966	-0.641220	154	22	16	725.819
0.785398	2.063651	-2.044600	135	5	148	725.569
2.356194	0.685216	-1.712745	149	11	17	725.540
-0.785398	0.899350	-2.069907	5	13	128	725.521
2.617994	0.929350	-2.910676	21	165	140	725.481
-0.261799	1.448123	-2.163292	18	15	153	725.458
1.570796	0.733948	3.021411	165	26	32	725.362
-2.094395	2.187132	-0.479875	167	36	32	725.259
-2.879793	2.379497	0.561089	24	6	135	725.070
-2.879793	0.419640	2.974122	1	160	142	725.058
-0.523599	1.413347	-1.339188	151	12	17	725.046
2.879793	2.174483	2.653697	20	10	144	724.998
1.047198	0.992645	-1.723759	150	4	138	724.883
2.094395	1.045978	0.343692	5	22	136	724.783
-1.308997	1.113094	-0.272241	151	27	142	724.620
-2.094395	1.948085	-2.363031	140	7	6	724.605
2.617994	1.335669	0.897240	25	6	7	724.469
-2.094395	1.218453	2.777284	19	155	6	724.447
2.356194	1.440580	2.260026	5	18	132	724.372
1.047198	0.762244	-0.273349	13	17	135	724.371
0.785398	1.367556	0.358405	9	148	144	724.367
1.570796	1.948085	-2.363031	147	7	1	724.173
-2.617994	2.456751	-1.503343	18	164	142	724.172
-2.094395	1.113094	-0.272241	159	26	9	723.852
-3.141593	1.325504	-1.671296	17	22	1	723.801
0.785398	0.709924	0.218797	10	9	141	723.735
-0.523599	1.554776	0.100351	161	11	133	723.672
1.570796	1.909857	-0.381669	161	164	141	723.646
-1.047198	2.587733	0.232235	149	5	160	723.383
-1.832596	1.256302	0.062705	164	19	135	723.369
-1.047198	0.910508	1.903534	148	150	163	723.312
2.617994	0.458961	-0.107937	156	17	128	723.292
2.879793	0.914445	2.687814	165	142	0	723.189
0.785398	1.554776	0.100351	152	5	136	723.171
-0.785398	1.909857	-0.381669	30	16	141	723.115
0.523599	2.637879	2.121598	16	14	139	723.093
-3.141593	0.618092	2.539118	152	166	25	723.085
1.832596	1.998705	2.370472	2	21	133	722.953
1.047198	1.683268	0.374177	4	9	131	722.919
2.879793	2.343981	-1.040456	21	20	156	722.914
1.308997	2.863997	0.549740	138	150	157	722.846
-2.879793	1.870545	-2.976234	18	11	133	722.837
-0.523599	1.721184	-0.153948	159	16	133	722.797
-0.785398	1.545873	-1.877082	10	163	131	722.591
0.000000	2.863997	0.549740	137	30	143	722.484
0.000000	1.809167	1.213774	157	25	120	722.470
1.832596	1.741644	-2.695914	4	160	28	722.458
1.832596	0.591903	2.010408	164	23	21	722.234
2.617994	1.413430	2.550734	161	10	33	722.232
-0.785398	2.187132	-0.479875	137	22	162	722.131
0.000000	1.417623	-0.202254	133	1	0	722.012
2.094395	1.662363	0.915448	13	150	137	721.679
-1.570796	1.662363	0.915448	150	160	145	721.672
-1.308997	2.760637	2.781135	14	1	136	721.587
-3.141593	1.766067	2.153843	6	41	139	721.484
-2.094395	2.592629	0.909713	25	13	138	721.451
-2.617994	0.866395	-2.492918	29	9	152	721.348
-3.141593	1.869911	2.701025	21	1	149	721.325
-2.617994	2.393226	1.857173	1	153	31	721.184
-1.570796	0.960688	-0.577532	155	22	13	721.184
-2.094395	2.588535	-2.976617	8	10	36	721.090
-0.785398	1.184361	0.625864	141	5	157	721.079
2.356194	1.433411	-1.035986	164	10	125	721.055
1.308997	1.756530	-2.105156	20	22	26	721.020
-2.879793	2.407836	1.410646	17	18	28	720.885
0.000000	0.899350	-2.069907	160	17	28	720.871
-1.308997	2.164094	-2.991358	153	154	22	720.813
-1.308997	0.418037	1.360082	135	5	155	720.755
-1.832596	2.089241	-0.114193	157	26	3	720.664
-2.879793	1.662363	0.915448	154	165	45	720.616
-1.047198	0.297065	2.160177	13	31	129	720.589
2.617994	1.218453	2.777284	163	7	34	720.583
1.047198	0.458961	-0.107937	149	159	29	720.581
2.617994	1.128190	-2.288622	18	3	130	720.519
-2.617994	0.960688	-0.577532	164	32	31	720.435
1.047198	2.588535	-2.976617	18	13	140	720.301
2.879793	2.979456	-1.009304	14	18	133	720.260
1.047198	0.419640	2.974122	143	151	12	720.201
-2.617994	2.343981	-1.040456	9	162	136	720.169
-2.356194	1.450119	-2.739050	139	16	157	720.151
-0.523599	1.510910	-0.740472	25	23	128	720.063
0.785398	0.866395	-2.492918	16	29	156	720.007
1.308997	1.809167	1.213774	17	156	146	719.993
-2.879793	0.379747	-1.713059	15	18	147	719.731
0.000000	2.343981	-1.040456	149	158	148	719.697
-0.261799	0.831641	0.616218	143	5	19	719.665
-2.879793	0.929350	-2.910676	14	147	134	719.643
-0.523599	0.203748	0.590255	26	15	129	719.619
1.047198	1.948085	-2.363031	133	160	151	719.599
-2.617994	1.977582	0.969896	23	154	135	719.596
-2.617994	1.194549	-0.801900	154	167	26	719.516
-0.261799	0.910508	1.903534	19	159	7	719.507
2.617994	1.617114	-1.572037	23	14	21	719.504
-0.261799	1.766067	2.153843	146	29	153	719.495
-2.356194	1.574060	2.783565	1	30	15	719.389
-1.047198	1.134796	2.434290	162	142	142	719.384
0.000000	1.214854	-1.966664	1	23	45	719.372
-2.617994	0.571433	-1.188419	5	14	135	719.320
-2.879793	1.948085	-2.363031	28	9	143	719.292
-1.308997	0.640596	-2.797608	10	32	136	719.224
0.785398	2.247462	0.191623	3	152	140	719.201
1.308997	1.014500	0.906702	150	165	152	719.035
-2.356194	1.050534	3.042579	24	153	0	718.872
-0.785398	1.555207	1.708892	5	13	117	718.794
-3.141593	1.736875	3.023612	155	14	134	718.726
-0.785398	1.014500	0.906702	14	23	141	718.673
1.570796	0.203748	0.590255	161	18	133	718.564
2.617994	2.719179	-1.780644	16	25	137	718.514
0.523599	1.824694	1.850876	154	158	156	718.471
-1.047198	1.736875	3.023612	159	2	34	718.232
-2.879793	0.640596	-2.797608	14	156	134	718.128
-1.832596	1.310100	1.488307	26	5	155	718.103
1.570796	1.374601	-2.456031	22	14	23	718.090
-3.141593	1.683268	0.374177	138	165	159	718.060
-1.832596	2.704512	1.488683	29	4	143	717.924
-1.570796	1.554776	0.100351	162	29	29	717.861
-2.879793	1.417623	-0.202254	167	0	139	717.692
1.570796	1.736875	3.023612	164	28	135	717.685
1.832596	1.809167	1.213774	3	7	121	717.568
-0.523599	1.367556	0.358405	153	163	139	717.293
