168	1.2	0
-3.141593	0.458961	-0.107937
3.048712	2.261447	0.909517
../7odw_monomer_m.pdb	-305.162	-67.445	220.304
../7odw_monomer_m.pdb	285.469	195.713	167.518
2.617994	1.599406	1.426070	16	8	164	1378.180
0.261799	0.866395	-2.492918	153	156	21	1348.331
-0.785398	2.041297	-2.664597	8	17	135	1332.019
2.879793	2.719179	-1.780644	146	0	4	1314.581
0.523599	0.615174	-0.666022	0	164	143	1304.551
-0.523599	2.063651	-2.044600	22	14	153	1300.742
2.879793	1.555207	1.708892	20	8	160	1293.588
-2.617994	2.299159	2.264663	20	24	148	1256.341
2.879793	1.599406	1.426070	17	11	164	1247.829
1.047198	1.135813	-2.658866	150	2	163	1241.672
-1.832596	0.419640	2.974122	5	166	139	1222.710
-1.570796	1.417623	-0.202254	8	17	138	1212.321
-0.523599	2.041297	-2.664597	4	16	134	1211.517
-2.617994	2.637879	2.121598	19	27	149	1205.063
2.356194	1.872854	1.543456	17	6	160	1182.424
-0.523599	1.948085	-2.363031	10	15	135	1179.911
-0.261799	2.063651	-2.044600	19	17	153	1172.780
-1.570796	1.870545	-2.976234	11	10	136	1162.832
1.308997	0.203748	0.590255	147	159	159	1161.063
-2.617994	1.869911	2.701025	21	20	138	1157.376
-2.879793	2.393226	1.857173	19	25	153	1152.846
1.308997	1.135813	-2.658866	149	167	163	1151.568
2.356194	1.766067	2.153843	14	1	147	1145.582
2.879793	2.592629	0.909713	159	161	27	1141.033
2.617994	1.506530	1.988858	20	2	153	1125.633
-2.617994	2.174483	2.653697	22	19	140	1124.744
0.000000	1.194549	-0.801900	157	5	137	1121.600
1.832596	2.587733	0.232235	145	154	150	1113.237
2.356194	1.488617	1.159546	150	1	159	1102.543
2.617994	2.587733	0.232235	157	163	28	1101.768
-2.879793	2.637879	2.121598	22	22	148	1101.246
1.308997	2.579248	-2.364801	152	22	9	1100.348
-1.308997	1.554776	0.100351	12	14	143	1100.092
-1.832596	1.113094	-0.272241	6	16	136	1099.306
2.617994	1.824694	1.850876	20	6	155	1097.169
2.094395	1.488617	1.159546	150	2	158	1096.605
-2.094395	2.033014	2.977192	18	25	135	1093.250
2.356194	1.194549	-0.801900	12	27	3	1091.020
1.570796	0.733948	3.021411	156	154	152	1090.368
-0.261799	1.948085	-2.363031	8	15	135	1089.950
-2.879793	2.407836	1.410646	162	160	25	1089.383
-2.356194	2.174483	2.653697	21	25	140	1087.861
2.356194	1.417623	-0.202254	152	153	154	1086.971
1.308997	1.904882	-1.478089	152	159	161	1085.736
-1.308997	1.242974	-2.977882	20	7	158	1084.197
2.094395	2.404280	-0.174044	153	165	27	1083.853
-2.356194	2.478122	2.609777	21	24	142	1077.293
2.356194	0.864993	2.278281	17	160	149	1076.922
-1.832596	1.256302	0.062705	11	10	140	1073.082
0.261799	0.418037	1.360082	145	7	164	1070.426
-1.832596	1.417623	-0.202254	10	10	141	1068.375
-3.141593	2.393226	1.857173	22	21	153	1067.147
-2.879793	2.073035	2.027405	21	22	151	1064.521
-0.523599	1.506530	1.988858	157	154	155	1063.212
2.356194	1.195355	1.200319	151	158	1	1058.295
-0.523599	2.164094	-2.991358	0	4	139	1055.598
2.617994	0.419640	2.974122	31	0	151	1053.929
2.356194	1.824694	1.850876	17	3	154	1052.964
0.000000	1.809167	1.213774	148	164	15	1050.188
2.356194	2.592629	0.909713	142	160	152	1046.791
1.832596	1.574060	2.783565	152	157	16	1044.191
1.832596	1.506530	1.988858	15	7	147	1043.737
1.832596	2.863997	0.549740	139	160	156	1043.304
2.879793	1.413430	2.550734	24	8	139	1038.023
2.356194	1.440580	2.260026	16	167	145	1037.811
0.000000	2.396274	-1.959260	22	20	160	1037.750
0.785398	0.992645	-1.723759	143	163	4	1036.684
-3.141593	1.574060	2.783565	151	148	5	1034.334
1.308997	2.164094	-2.991358	151	163	21	1033.114
2.094395	1.510910	-0.740472	3	17	136	1028.768
-2.879793	2.299159	2.264663	24	19	147	1027.967
1.047198	2.041297	-2.664597	152	0	20	1027.339
-3.141593	2.073035	2.027405	24	17	152	1025.390
-0.785398	0.914445	2.687814	151	166	148	1023.033
-1.570796	1.846342	-1.796954	17	150	148	1020.863
2.879793	1.824694	1.850876	22	10	156	1020.558
1.570796	0.685216	-1.712745	159	161	143	1020.184
1.308997	1.440580	2.260026	143	164	156	1019.849
-2.356194	1.545873	-1.877082	158	148	154	1018.725
1.570796	0.914445	2.687814	153	155	157	1017.891
-3.141593	1.025536	1.576859	24	1	5	1017.315
-3.141593	1.766067	2.153843	25	14	149	1016.599
-2.356194	2.033014	2.977192	21	21	134	1015.755
2.617994	0.458961	-0.107937	5	24	12	1014.617
1.047198	1.504028	0.636812	151	18	17	1014.112
-2.094395	1.696674	-1.253233	17	7	157	1014.057
0.785398	0.379747	-1.713059	140	166	162	1013.748
1.570796	1.812176	0.656819	153	14	19	1010.015
-3.141593	2.704512	1.488683	17	27	153	1009.292
-0.785398	2.588535	-2.976617	148	167	13	1008.846
2.617994	1.335669	0.897240	153	166	151	1008.164
-1.832596	2.164094	-2.991358	18	25	132	1007.412
2.356194	1.168678	2.108595	16	4	148	1007.202
-2.879793	1.998705	2.370472	24	19	145	1006.436
1.308997	1.870545	-2.976234	150	163	17	1005.888
-0.785398	0.700570	1.559208	10	160	141	1004.838
2.879793	1.506530	1.988858	22	7	153	1003.376
-3.141593	1.699788	2.452890	25	13	142	1002.381
2.356194	2.379497	0.561089	157	160	27	1001.747
0.785398	1.872854	1.543456	150	152	11	999.897
-2.094395	2.089241	-0.114193	160	164	139	999.751
0.261799	1.599406	1.426070	146	164	19	999.430
-1.570796	1.256302	0.062705	10	10	141	998.873
1.832596	0.961715	0.014085	27	15	133	998.807
-2.356194	2.180315	-1.357379	153	150	11	998.049
0.000000	0.458961	-0.107937	4	164	144	997.064
2.617994	2.979456	-1.009304	166	155	144	995.910
2.617994	2.379497	0.561089	158	160	27	995.733
0.785398	0.733948	3.021411	166	154	138	994.561
-1.570796	1.325504	-1.671296	19	2	149	992.649
-0.261799	1.194549	-0.801900	155	9	136	991.049
-2.617994	1.135813	-2.658866	164	146	141	990.451
2.356194	2.587733	0.232235	158	161	28	989.625
-1.047198	1.904882	-1.478089	18	3	131	989.495
1.570796	1.045978	0.343692	25	16	129	987.710
-0.785398	2.089241	-0.114193	5	15	135	987.551
2.879793	0.418037	1.360082	157	158	145	986.506
-2.617994	1.998705	2.370472	21	22	145	986.418
-1.047198	1.741644	-2.695914	148	22	16	985.941
-2.356194	1.135834	-1.431087	10	158	148	983.511
-1.832596	2.041297	-2.664597	17	19	128	983.226
2.879793	1.766067	2.153843	24	8	149	982.810
-1.308997	1.696674	-1.253233	24	5	5	982.539
1.308997	1.045978	0.343692	157	149	147	981.999
-0.261799	1.658653	-2.409879	8	15	136	981.135
-1.832596	1.736875	3.023612	6	30	130	980.435
-3.141593	1.846342	-1.796954	147	156	161	978.855
-1.308997	1.417623	-0.202254	8	18	139	976.420
2.879793	0.297065	2.160177	161	158	142	976.268
0.000000	2.592629	0.909713	155	151	7	975.959
2.617994	1.766067	2.153843	19	7	147	975.167
2.617994	1.413347	-1.339188	12	20	141	974.946
-1.308997	0.290380	-0.796960	16	152	17	974.880
2.356194	0.914445	2.687814	152	158	147	974.775
-1.308997	2.089241	-0.114193	14	15	145	974.411
-1.047198	1.413430	2.550734	2	7	133	974.357
1.832596	1.214854	-1.966664	146	161	1	974.333
-2.356194	1.448123	-2.163292	19	165	0	973.919
-1.308997	1.184361	0.625864	11	12	143	972.726
-1.570796	2.041297	-2.664597	15	22	128	972.647
-0.261799	2.251330	-2.330739	12	20	137	972.562
0.523599	0.850607	-1.335383	139	163	165	972.397
2.617994	1.872854	1.543456	18	9	161	971.708
1.832596	2.104282	-0.813972	150	166	24	971.689
2.094395	1.134796	2.434290	10	166	141	970.745
1.570796	2.164094	-2.991358	151	162	21	970.559
-2.356194	1.736875	3.023612	15	23	130	969.451
0.261799	1.194549	-0.801900	161	167	138	969.221
-0.261799	1.977582	0.969896	150	166	18	968.831
1.047198	0.831641	0.616218	146	7	24	968.697
-1.047198	1.846342	-1.796954	16	9	126	968.332
1.832596	0.914445	2.687814	9	167	136	967.611
-1.832596	1.325504	-1.671296	16	0	148	967.407
0.523599	1.134497	-1.109631	164	157	146	966.771
-2.879793	1.869911	2.701025	23	16	137	966.753
1.308997	1.184361	0.625864	23	17	127	966.643
2.879793	1.440580	2.260026	27	6	151	966.511
0.261799	0.640596	-2.797608	163	157	134	966.473
-1.570796	0.929350	-2.910676	152	160	161	966.064
1.832596	1.135813	-2.658866	149	161	160	965.820
2.617994	1.683268	0.374177	154	150	2	965.746
-0.523599	1.732874	-0.951685	153	16	133	965.294
2.879793	1.218453	2.777284	23	11	134	965.239
-1.308997	0.418037	1.360082	165	8	131	962.270
-0.261799	2.664082	-1.071402	135	167	165	962.131
-1.832596	1.374601	-2.456031	152	159	160	960.982
-2.879793	1.606104	-0.451151	21	16	137	960.855
-3.141593	1.555207	1.708892	21	13	160	960.651
2.356194	1.134796	2.434290	16	1	141	959.781
-1.308997	2.164094	-2.991358	14	13	139	959.679
-2.356194	0.297065	2.160177	10	19	131	959.514
-1.570796	1.554776	0.100351	12	12	141	959.155
0.261799	1.870545	-2.976234	15	7	143	958.940
-2.094395	1.545873	-1.877082	18	1	167	958.629
-3.141593	2.138223	1.678323	19	21	156	958.422
2.617994	1.510910	-0.740472	29	15	137	957.510
-1.308997	1.050534	3.042579	13	19	16	955.188
1.308997	2.251330	-2.330739	149	22	5	954.875
-0.523599	0.297065	2.160177	148	167	155	952.857
1.308997	1.448123	-2.163292	148	6	1	952.438
1.832596	2.579248	-2.364801	144	7	3	952.211
0.785398	1.413430	2.550734	23	15	148	951.637
1.308997	0.866395	-2.492918	158	160	143	951.326
0.523599	1.242974	-2.977882	167	28	18	951.168
0.785398	1.135834	-1.431087	162	155	147	951.035
-2.356194	1.194549	-0.801900	22	4	151	950.017
-1.570796	0.496451	0.593859	10	14	134	949.660
-2.617994	1.736875	3.023612	17	20	129	949.583
1.832596	1.982574	-1.115518	153	155	1	949.328
0.261799	1.433411	-1.035986	159	0	138	948.828
-2.094395	1.417623	-0.202254	19	14	146	948.356
1.570796	2.404280	-0.174044	147	153	149	947.310
-1.308997	2.153910	-1.714959	19	6	129	946.961
-1.832596	2.033014	2.977192	10	28	133	946.896
-2.617994	1.569311	-3.003978	1	149	142	946.807
-1.832596	0.418037	1.360082	8	11	135	946.775
-1.570796	1.113094	-0.272241	6	17	136	946.758
-0.523599	2.588535	-2.976617	8	29	4	946.379
0.785398	1.569311	-3.003978	12	12	147	945.521
0.261799	2.251330	-2.330739	151	154	159	945.414
0.785398	1.504028	0.636812	154	22	17	945.059
1.832596	1.756530	-2.105156	20	5	153	944.825
2.356194	0.831641	0.616218	160	141	147	944.651
2.879793	1.168678	2.108595	24	3	153	944.494
1.308997	0.458961	-0.107937	13	3	136	943.526
0.785398	1.982574	-1.115518	150	5	14	942.930
-3.141593	1.417623	-0.202254	146	7	38	942.509
1.308997	1.128190	-2.288622	151	162	160	942.454
-1.308997	1.128190	-2.288622	159	159	130	942.319
2.356194	1.045978	0.343692	156	138	155	942.288
-1.832596	1.135834	-1.431087	17	167	149	942.058
-1.047198	1.812176	0.656819	151	161	8	940.887
0.785398	1.440580	2.260026	23	14	144	940.884
-0.523599	2.251330	-2.330739	150	9	16	940.477
0.523599	1.599406	1.426070	146	161	13	940.435
-2.094395	1.448123	-2.163292	20	167	167	940.179
-1.832596	0.297065	2.160177	2	21	128	939.140
2.879793	0.929350	-2.910676	24	15	133	938.838
-1.570796	1.135813	-2.658866	19	4	160	938.827
2.094395	1.413430	2.550734	151	158	14	938.400
-2.094395	0.961715	0.014085	8	9	137	938.313
-1.047198	1.809167	1.213774	156	19	26	937.322
2.094395	2.579248	-2.364801	143	3	1	937.047
2.879793	1.875281	0.107086	9	18	118	936.624
0.785398	1.448123	-2.163292	148	2	11	936.528
2.094395	1.168678	2.108595	152	151	153	935.880
1.570796	1.846342	-1.796954	153	156	167	935.797
2.094395	1.869911	2.701025	151	158	18	935.666
2.094395	1.440580	2.260026	12	0	144	935.629
-1.570796	0.619654	-2.216909	0	26	30	935.108
-0.785398	1.699788	2.452890	151	30	141	934.569
-2.879793	1.134497	-1.109631	4	1	142	933.447
2.879793	1.301460	-0.509251	143	14	32	933.303
0.785398	1.756530	-2.105156	150	166	12	932.852
-2.094395	1.135834	-1.431087	13	164	147	932.763
1.308997	0.290380	-0.796960	166	22	130	932.326
-2.094395	2.356369	3.005869	22	26	137	931.557
-3.141593	1.506530	1.988858	24	12	154	931.520
0.261799	0.929350	-2.910676	165	11	128	931.449
2.617994	2.251330	-2.330739	17	20	147	931.272
0.785398	0.290380	-0.796960	3	13	136	930.799
2.094395	1.128190	-2.288622	150	154	164	930.518
-0.785398	0.961715	0.014085	18	158	146	930.511
-1.047198	0.418037	1.360082	13	10	146	929.737
2.356194	2.033014	2.977192	153	157	22	929.238
1.308997	1.696674	-1.253233	148	13	153	928.289
2.617994	1.195355	1.200319	152	155	7	927.541
1.047198	1.741644	-2.695914	149	166	14	927.154
2.617994	1.662363	0.915448	153	159	4	927.135
-1.570796	0.618092	2.539118	149	160	161	926.829
-1.308997	0.910508	1.903534	14	18	143	926.669
2.879793	1.417623	-0.202254	146	13	39	926.561
2.094395	2.089241	-0.114193	145	28	163	925.692
-3.141593	0.080730	-2.622036	4	1	141	925.690
-2.617994	1.134497	-1.109631	6	167	143	925.291
-0.523599	1.696674	-1.253233	151	15	138	924.481
1.047198	1.982574	-1.115518	149	4	11	924.211
1.047198	0.571433	-1.188419	166	163	142	923.816
0.785398	0.685216	-1.712745	140	166	167	923.641
1.047198	2.251330	-2.330739	14	163	145	923.512
-2.617994	1.554776	0.100351	155	3	140	923.196
-2.879793	2.089241	-0.114193	13	18	120	923.115
-0.523599	1.741644	-2.695914	1	14	133	922.424
2.094395	0.864993	2.278281	150	165	159	922.294
2.617994	2.108018	1.311430	2	17	47	921.971
-3.141593	0.700570	1.559208	24	164	3	921.859
1.832596	0.700570	1.559208	150	157	146	920.569
2.356194	1.554776	0.100351	12	167	128	920.431
1.047198	1.374601	-2.456031	149	2	165	919.784
-0.523599	1.510910	-0.740472	153	12	133	919.775
-1.308997	1.732874	-0.951685	21	8	7	919.377
2.356194	1.506530	1.988858	17	167	152	919.276
-3.141593	1.875281	0.107086	8	19	118	918.925
-1.570796	1.736875	3.023612	1	31	130	918.224
-2.094395	1.128190	-2.288622	160	26	119	917.562
1.570796	0.618092	2.539118	159	10	38	917.364
1.832596	1.732874	-0.951685	150	157	167	916.861
-2.356194	2.089241	-0.114193	159	166	139	916.670
-1.308997	1.256302	0.062705	8	17	138	916.559
1.570796	1.869911	2.701025	143	162	160	916.479
-3.141593	1.824694	1.850876	23	16	157	916.435
0.523599	0.080730	-2.622036	18	152	15	916.343
-1.832596	1.836682	-0.676006	13	3	150	916.092
-2.356194	2.979456	-1.009304	147	1	4	916.054
1.047198	0.080730	-2.622036	163	27	134	915.675
-1.832596	1.510910	-0.740472	10	4	142	914.217
-1.570796	0.297065	2.160177	2	164	138	913.884
2.617994	1.194549	-0.801900	3	11	138	913.781
2.094395	0.419640	2.974122	162	155	143	913.645
-1.570796	2.863997	0.549740	13	152	133	913.575
2.356194	0.203748	0.590255	166	14	130	911.414
-1.308997	1.545873	-1.877082	21	2	150	911.318
0.523599	1.504028	0.636812	157	24	17	910.618
-2.879793	2.719179	-1.780644	150	156	154	910.270
2.617994	1.736875	3.023612	159	33	18	910.237
1.832596	1.736875	3.023612	150	159	16	909.258
0.785398	1.135813	-2.658866	151	4	163	909.165
-2.879793	1.025536	1.576859	26	4	7	908.925
-1.308997	1.875281	0.107086	13	11	143	908.689
1.047198	1.545873	-1.877082	148	17	157	908.685
-2.879793	1.135834	-1.431087	5	0	143	908.328
-2.094395	0.640596	-2.797608	9	7	140	908.038
1.570796	1.450119	-2.739050	147	167	164	907.553
2.094395	0.640596	-2.797608	21	5	132	907.451
1.570796	1.836682	-0.676006	157	145	150	907.393
0.261799	1.872854	1.543456	145	158	16	906.942
0.261799	1.135813	-2.658866	157	6	122	906.627
-0.261799	0.203748	0.590255	5	31	13	905.961
0.785398	1.367556	0.358405	155	23	15	905.930
-1.308997	2.349581	-2.702517	20	21	139	904.641
-2.094395	1.301460	-0.509251	17	8	147	904.423
-1.047198	1.450119	-2.739050	155	15	27	903.656
-1.832596	1.413347	-1.339188	18	1	153	903.561
0.785398	1.242974	-2.977882	164	30	19	903.303
-2.879793	1.391910	3.030322	18	20	129	903.233
-3.141593	1.683268	0.374177	152	5	143	903.138
2.094395	1.413347	-1.339188	148	160	150	902.648
-1.570796	1.374601	-2.456031	154	158	157	901.797
2.094395	2.455966	-0.641220	155	164	28	901.685
-1.308997	0.733948	3.021411	159	158	139	901.297
-1.570796	0.080730	-2.622036	6	2	40	901.162
-2.356194	1.391910	3.030322	0	15	34	901.089
-3.141593	2.979456	-1.009304	18	154	136	900.807
2.879793	1.574060	2.783565	22	8	133	900.535
-1.570796	2.153910	-1.714959	17	2	127	900.508
-2.879793	1.846342	-1.796954	148	153	161	900.029
-1.570796	1.721184	-0.153948	12	12	143	899.774
0.000000	1.948085	-2.363031	7	17	133	899.703
-0.261799	1.875281	0.107086	7	13	137	898.184
2.617994	0.906588	1.252948	154	152	163	898.184
1.047198	1.184361	0.625864	22	12	127	897.977
1.832596	1.440580	2.260026	11	167	144	897.948
1.570796	1.218453	2.777284	150	166	141	897.298
-2.356194	1.982574	-1.115518	14	18	143	897.124
1.832596	2.138223	1.678323	9	21	134	897.081
-1.308997	1.014500	0.906702	21	15	158	896.544
2.094395	2.104282	-0.813972	149	165	25	895.752
-1.832596	2.356369	3.005869	19	27	139	894.655
-0.785398	1.413347	-1.339188	154	156	149	894.529
2.094395	2.180315	-1.357379	148	166	24	894.461
1.570796	1.391910	3.030322	151	162	15	893.950
0.523599	2.704512	1.488683	153	149	2	893.786
2.094395	0.733948	3.021411	157	154	146	893.716
-0.261799	1.545873	-1.877082	23	162	157	893.578
2.094395	1.433411	-1.035986	143	164	157	893.092
-0.261799	1.869911	2.701025	3	30	0	892.891
1.832596	1.869911	2.701025	152	156	20	892.601
-2.356194	0.419640	2.974122	2	14	129	892.438
1.832596	1.413430	2.550734	152	157	15	891.717
-1.047198	0.960688	-0.577532	5	20	135	891.632
2.356194	1.433411	-1.035986	10	18	138	890.756
1.047198	0.290380	-0.796960	167	23	130	890.460
2.879793	1.113094	-0.272241	145	10	37	890.395
1.308997	1.617114	-1.572037	147	3	3	890.280
2.879793	1.699788	2.452890	24	7	141	889.532
-2.094395	0.379747	-1.713059	2	25	21	889.375
1.047198	1.683268	0.374177	156	21	17	889.123
0.523599	1.135813	-2.658866	160	5	121	889.071
0.000000	1.875281	0.107086	7	13	137	889.039
2.617994	2.356369	3.005869	162	165	33	888.616
-3.141593	1.606104	-0.451151	167	143	10	888.390
1.047198	1.846342	-1.796954	149	14	157	888.386
2.356194	1.574060	2.783565	157	33	17	888.138
-1.308997	1.113094	-0.272241	7	18	137	887.912
-1.570796	2.356369	3.005869	16	30	140	887.872
-1.047198	2.349581	-2.702517	15	8	143	887.543
-2.879793	0.992645	-1.723759	147	164	148	887.485
-0.261799	1.301460	-0.509251	159	8	133	887.085
0.000000	0.866395	-2.492918	148	5	24	886.955
-1.047198	1.050534	3.042579	11	20	16	886.715
2.617994	0.297065	2.160177	158	161	142	886.192
-0.785398	0.297065	2.160177	148	6	161	886.140
-2.617994	2.456751	-1.503343	14	33	135	885.901
-2.617994	2.396274	-1.959260	158	149	151	885.843
0.523599	1.301460	-0.509251	164	28	11	885.266
1.570796	1.574060	2.783565	144	163	158	884.743
-0.785398	1.195355	1.200319	19	7	3	884.653
0.000000	1.014500	0.906702	15	163	133	884.577
-0.785398	2.349581	-2.702517	148	4	14	884.519
1.832596	1.391910	3.030322	146	162	158	884.368
1.308997	1.374601	-2.456031	147	1	167	883.739
1.570796	1.448123	-2.163292	153	156	166	883.484
-1.308997	1.721184	-0.153948	11	13	144	883.463
0.261799	1.741644	-2.695914	16	7	147	883.455
-1.570796	1.869911	2.701025	26	7	15	883.222
0.523599	1.569311	-3.003978	17	12	147	883.014
0.523599	2.407836	1.410646	154	148	13	882.991
0.261799	1.504028	0.636812	160	26	16	882.664
-1.832596	2.187132	-0.479875	161	165	34	882.573
1.308997	0.370812	-2.547742	155	161	149	882.545
2.879793	2.704512	1.488683	20	24	152	882.448
-2.879793	1.574060	2.783565	21	18	134	882.271
2.617994	1.134497	-1.109631	7	17	138	881.828
-2.094395	0.619654	-2.216909	12	2	145	881.573
1.570796	2.579248	-2.364801	148	17	10	880.638
-2.356194	1.554776	0.100351	149	22	141	880.634
-2.356194	1.574060	2.783565	14	29	134	880.331
1.047198	1.450119	-2.739050	14	14	150	879.840
1.308997	0.914445	2.687814	165	8	39	879.708
2.879793	1.741644	-2.695914	165	11	127	879.464
-2.094395	0.080730	-2.622036	144	10	156	878.884
-0.261799	2.041297	-2.664597	147	153	167	878.329
1.308997	2.343981	-1.040456	149	2	2	877.432
1.832596	0.379747	-1.713059	166	19	129	877.272
-2.094395	1.617114	-1.572037	16	5	153	876.667
2.094395	1.683268	0.374177	151	156	156	876.510
-1.047198	1.242974	-2.977882	8	15	129	876.202
2.617994	0.674054	1.013609	17	17	141	875.737
2.094395	1.574060	2.783565	153	157	17	875.387
2.094395	1.256302	0.062705	155	165	32	875.355
0.261799	1.606104	-0.451151	167	28	15	875.324
0.523599	2.637879	2.121598	139	15	160	875.065
2.879793	2.379497	0.561089	158	161	28	874.984
1.570796	1.256302	0.062705	155	147	151	874.522
1.570796	1.374601	-2.456031	146	0	1	874.429
1.308997	1.836682	-0.676006	152	148	150	874.411
-1.308997	2.180315	-1.357379	23	167	139	874.331
-2.094395	1.325504	-1.671296	18	7	162	874.257
0.000000	2.174483	2.653697	154	16	135	873.504
-2.094395	1.872854	1.543456	149	160	19	873.190
0.261799	1.242974	-2.977882	0	27	18	873.086
-3.141593	2.407836	1.410646	161	159	26	872.605
2.617994	2.396274	-1.959260	143	166	1	872.314
2.617994	1.168678	2.108595	20	164	153	872.217
0.785398	1.699788	2.452890	23	15	142	872.016
2.617994	2.164094	-2.991358	156	156	25	871.904
-2.094395	1.870545	-2.976234	17	23	128	871.902
2.094395	1.699788	2.452890	155	4	28	871.831
-0.523599	1.134497	-1.109631	162	30	141	871.702
-1.570796	1.045978	0.343692	16	9	146	871.607
0.785398	1.869911	2.701025	23	16	142	871.475
2.617994	2.592629	0.909713	158	162	28	871.466
1.832596	1.247695	1.809890	146	158	161	871.130
1.570796	1.658653	-2.409879	21	2	162	871.069
0.000000	1.545873	-1.877082	24	2	159	870.638
-2.617994	0.571433	-1.188419	2	27	18	870.586
0.785398	1.050534	3.042579	166	4	131	870.440
0.523599	2.456751	-1.503343	147	147	17	870.372
0.261799	0.906588	1.252948	26	6	139	870.346
-0.261799	0.591903	2.010408	144	3	160	870.170
2.094395	1.135813	-2.658866	149	158	161	870.164
1.570796	1.982574	-1.115518	147	6	2	870.005
1.570796	1.948085	-2.363031	18	4	150	869.898
2.879793	1.736875	3.023612	154	32	18	869.888
1.832596	0.899350	-2.069907	156	159	143	869.584
2.879793	2.407836	1.410646	17	22	155	869.498
2.356194	1.721184	-0.153948	153	154	156	869.447
-0.261799	1.374601	-2.456031	165	26	17	869.223
-2.356194	0.370812	-2.547742	149	9	12	869.068
-0.785398	1.904882	-1.478089	22	8	132	868.995
-1.832596	1.128190	-2.288622	23	0	9	868.622
2.617994	0.864993	2.278281	141	4	161	868.213
2.356194	0.866395	-2.492918	19	14	126	868.150
-0.261799	1.824694	1.850876	27	8	145	867.931
2.356194	0.080730	-2.622036	7	21	130	867.816
-2.094395	2.478122	2.609777	18	29	143	867.586
-0.785398	1.732874	-0.951685	153	19	133	867.516
2.094395	2.379497	0.561089	156	161	27	867.333
-1.832596	0.961715	0.014085	5	15	136	867.167
1.047198	1.045978	0.343692	21	5	129	866.821
-1.308997	1.391910	3.030322	20	8	159	866.790
-1.308997	0.831641	0.616218	11	15	138	866.766
-2.356194	1.869911	2.701025	17	7	144	866.411
0.261799	2.478122	2.609777	138	9	10	866.322
-1.570796	1.696674	-1.253233	22	1	0	866.277
-1.832596	0.640596	-2.797608	11	8	139	866.063
0.261799	2.108018	1.311430	149	158	13	866.063
2.356194	0.960688	-0.577532	141	17	4	865.903
-1.308997	2.041297	-2.664597	14	19	134	865.855
-1.570796	0.733948	3.021411	151	160	164	865.788
2.879793	2.393226	1.857173	24	16	152	865.750
1.308997	0.831641	0.616218	28	16	135	864.806
-0.523599	2.881233	-2.582574	148	1	8	864.755
-2.356194	0.640596	-2.797608	9	7	139	864.625
2.617994	1.699788	2.452890	18	7	140	864.494
0.523599	1.948085	-2.363031	17	4	150	864.198
1.832596	2.404280	-0.174044	150	150	150	863.871
1.832596	2.343981	-1.040456	153	165	26	863.852
-2.356194	1.699788	2.452890	18	8	143	863.814
-2.879793	1.301460	-0.509251	143	1	32	863.508
2.879793	1.846342	-1.796954	146	161	156	863.411
1.047198	0.419640	2.974122	165	150	139	863.274
-0.785398	0.418037	1.360082	17	157	21	863.221
0.785398	1.736875	3.023612	23	15	147	863.046
-0.523599	2.089241	-0.114193	4	15	135	862.882
1.832596	1.413347	-1.339188	143	1	154	862.509
0.523599	0.571433	-1.188419	162	31	134	862.493
-1.570796	1.617114	-1.572037	21	4	157	862.387
-2.094395	2.174483	2.653697	14	31	138	862.289
2.879793	2.138223	1.678323	22	16	158	862.161
-1.570796	1.367556	0.358405	18	10	151	862.121
1.570796	2.104282	-0.813972	157	144	155	862.107
0.000000	1.135813	-2.658866	163	23	24	861.633
-3.141593	1.413430	2.550734	26	14	139	861.062
0.261799	1.569311	-3.003978	11	11	139	861.021
-2.356194	0.866395	-2.492918	7	5	135	860.974
-0.523599	1.982574	-1.115518	157	156	144	860.908
-0.261799	2.089241	-0.114193	5	15	136	860.780
-2.094395	1.194549	-0.801900	16	5	146	860.239
0.261799	1.301460	-0.509251	1	156	145	860.071
0.523599	0.640596	-2.797608	5	156	138	859.870
1.832596	2.089241	-0.114193	148	4	5	859.735
-2.879793	1.875281	0.107086	7	21	118	859.633
-0.523599	0.906588	1.252948	9	163	134	859.581
-3.141593	2.592629	0.909713	163	160	29	859.482
-2.879793	1.683268	0.374177	151	2	148	859.420
0.523599	1.050534	3.042579	161	7	130	859.236
-0.523599	0.899350	-2.069907	145	166	18	859.011
2.879793	1.135813	-2.658866	159	153	142	858.986
0.785398	1.998705	2.370472	21	17	136	858.782
-2.879793	1.417623	-0.202254	146	1	38	858.432
1.832596	1.134796	2.434290	149	160	146	858.422
-2.356194	1.413347	-1.339188	8	157	147	858.149
-2.879793	1.658653	-2.409879	158	165	137	858.134
-1.832596	1.433411	-1.035986	19	5	156	858.130
1.832596	1.045978	0.343692	26	22	129	858.091
1.308997	1.450119	-2.739050	147	9	149	857.805
0.000000	0.619654	-2.216909	152	156	22	857.257
-2.617994	1.836682	-0.676006	23	17	146	857.223
2.356194	2.404280	-0.174044	153	164	27	856.880
1.308997	0.929350	-2.910676	154	159	145	856.803
1.832596	1.699788	2.452890	7	0	140	856.750
1.308997	1.050534	3.042579	152	156	152	856.645
-2.094395	1.367556	0.358405	17	15	140	856.287
2.617994	1.504028	0.636812	154	161	150	855.981
2.356194	1.569311	-3.003978	2	9	128	855.909
2.879793	0.992645	-1.723759	20	157	161	855.835
-2.879793	2.579248	-2.364801	162	148	148	855.660
-2.879793	0.370812	-2.547742	2	17	129	855.132
-0.785398	0.674054	1.013609	12	16	144	854.750
-2.617994	2.180315	-1.357379	8	28	135	854.672
2.094395	1.812176	0.656819	147	163	162	854.460
2.356194	2.396274	-1.959260	142	3	1	854.198
2.356194	2.108018	1.311430	161	153	28	854.142
1.308997	2.456751	-1.503343	159	153	27	854.130
2.094395	1.214854	-1.966664	147	164	146	854.041
-3.141593	1.301460	-0.509251	143	8	32	853.568
-0.523599	1.195355	1.200319	11	162	133	853.302
-1.047198	0.906588	1.252948	15	14	149	853.298
-2.094395	0.762244	-0.273349	10	167	141	853.027
2.094395	1.998705	2.370472	152	155	19	852.791
1.308997	1.869911	2.701025	22	26	142	852.584
-3.141593	0.419640	2.974122	7	16	129	852.571
2.094395	1.195355	1.200319	149	0	153	852.527
2.356194	2.174483	2.653697	154	154	21	851.855
2.617994	0.370812	-2.547742	3	18	129	851.840
1.047198	1.367556	0.358405	152	20	16	851.821
1.308997	1.812176	0.656819	154	17	15	851.785
-1.832596	2.863997	0.549740	11	147	132	851.725
-0.261799	1.870545	-2.976234	1	18	132	851.334
-1.308997	1.809167	1.213774	159	22	26	851.008
2.094395	2.073035	2.027405	7	11	138	850.979
1.308997	1.599406	1.426070	152	15	16	850.702
-3.141593	2.379497	0.561089	150	166	139	850.364
0.000000	0.297065	2.160177	32	10	7	850.342
-2.617994	1.195355	1.200319	21	7	27	850.293
-0.523599	2.033014	2.977192	165	21	133	850.247
-3.141593	1.218453	2.777284	6	7	34	850.152
0.785398	1.812176	0.656819	154	20	19	850.130
0.000000	1.683268	0.374177	13	7	146	849.914
0.000000	1.025536	1.576859	147	165	2	849.885
-2.356194	1.128190	-2.288622	12	10	136	849.618
-1.570796	1.050534	3.042579	19	6	159	849.580
2.879793	0.864993	2.278281	140	166	161	849.447
-1.832596	0.080730	-2.622036	31	7	7	849.447
1.308997	2.041297	-2.664597	149	166	18	849.136
-2.617994	2.164094	-2.991358	10	160	139	849.133
1.570796	0.571433	-1.188419	162	20	131	848.540
-0.261799	0.379747	-1.713059	4	20	129	848.282
-1.308997	1.658653	-2.409879	157	155	156	848.095
-2.617994	1.194549	-0.801900	8	0	144	848.002
0.785398	1.134497	-1.109631	164	154	145	847.941
-2.094395	0.929350	-2.910676	11	7	139	847.922
-2.879793	1.488617	1.159546	19	9	28	847.786
-2.356194	0.864993	2.278281	140	149	5	847.717
0.000000	1.301460	-0.509251	161	5	133	847.588
2.094395	2.587733	0.232235	148	150	150	847.262
1.832596	1.194549	-0.801900	23	142	146	846.876
-1.047198	1.875281	0.107086	22	10	23	846.812
1.308997	0.685216	-1.712745	161	162	142	846.764
-1.047198	1.335669	0.897240	167	31	22	846.486
2.879793	1.194549	-0.801900	12	146	144	846.308
-1.832596	1.135813	-2.658866	19	8	164	846.253
-2.617994	1.658653	-2.409879	158	165	138	846.231
-0.785398	1.741644	-2.695914	5	14	134	845.478
-0.523599	1.433411	-1.035986	27	1	146	845.386
0.261799	1.756530	-2.105156	148	154	162	845.169
0.785398	2.251330	-2.330739	4	7	139	845.147
1.308997	1.194549	-0.801900	157	145	149	844.718
0.523599	1.367556	0.358405	160	27	14	844.480
0.523599	0.960688	-0.577532	154	31	141	844.290
1.570796	1.741644	-2.695914	10	159	131	844.182
2.879793	1.450119	-2.739050	167	18	127	844.153
2.356194	0.906588	1.252948	150	6	147	844.140
-3.141593	0.685216	-1.712745	167	4	135	843.794
1.308997	1.433411	-1.035986	154	145	155	843.702
1.570796	1.904882	-1.478089	145	3	165	843.701
-2.879793	2.295480	1.008277	162	160	27	843.602
-1.570796	2.063651	-2.044600	16	10	124	843.545
2.879793	1.909857	-0.381669	19	17	123	843.228
-1.570796	1.658653	-2.409879	156	157	155	843.127
-0.261799	2.349581	-2.702517	3	4	138	843.091
0.785398	0.571433	-1.188419	166	162	142	843.027
1.047198	1.448123	-2.163292	148	166	10	842.793
-1.047198	2.164094	-2.991358	1	22	130	842.785
-1.832596	1.214854	-1.966664	158	16	118	842.687
-1.047198	0.929350	-2.910676	4	13	128	842.656
1.047198	0.615174	-0.666022	163	24	132	842.533
2.356194	2.089241	-0.114193	154	155	159	842.496
2.617994	1.555207	1.708892	19	5	159	842.462
2.094395	0.685216	-1.712745	161	16	130	842.272
0.523599	0.866395	-2.492918	154	153	21	842.028
-2.617994	1.696674	-1.253233	6	31	137	841.931
0.261799	0.674054	1.013609	149	17	20	841.833
-2.094395	1.736875	3.023612	10	28	129	841.775
-2.094395	1.113094	-0.272241	10	10	138	841.733
-0.523599	0.496451	0.593859	10	14	141	841.664
-1.047198	2.588535	-2.976617	145	3	13	841.586
-1.047198	0.700570	1.559208	13	11	147	841.394
-0.523599	2.349581	-2.702517	148	167	15	840.810
0.261799	1.809167	1.213774	151	159	23	840.393
-2.094395	1.413430	2.550734	23	160	145	840.114
-2.879793	1.510910	-0.740472	19	12	139	840.056
2.617994	2.456751	-1.503343	22	158	144	840.052
2.356194	1.335669	0.897240	151	1	156	839.950
-1.832596	1.301460	-0.509251	8	0	142	839.673
1.832596	1.218453	2.777284	152	160	14	839.360
-0.785398	0.906588	1.252948	13	13	150	839.023
2.617994	0.700570	1.559208	153	158	151	838.852
2.617994	0.733948	3.021411	25	5	138	838.584
-1.047198	0.618092	2.539118	147	2	157	838.504
2.356194	1.214854	-1.966664	149	159	145	838.500
-3.141593	1.128190	-2.288622	11	23	122	838.238
-2.617994	2.724429	-0.348782	136	157	18	838.223
1.308997	0.640596	-2.797608	159	158	143	838.125
0.000000	0.674054	1.013609	152	20	21	837.984
-2.094395	2.979456	-1.009304	151	151	163	837.876
2.094395	1.662363	0.915448	149	162	6	837.796
-3.141593	1.440580	2.260026	25	13	146	837.616
1.832596	2.187132	-0.479875	148	13	159	837.166
1.832596	2.180315	-1.357379	149	166	23	837.051
-1.570796	2.164094	-2.991358	10	23	131	837.047
2.617994	2.664082	-1.071402	1	158	143	836.991
0.785398	1.374601	-2.456031	150	4	165	836.890
-0.523599	1.756530	-2.105156	14	8	133	836.776
0.785398	0.496451	0.593859	147	13	1	836.740
-2.617994	1.875281	0.107086	6	23	118	836.177
0.785398	2.174483	2.653697	21	18	136	836.175
2.879793	1.247695	1.809890	21	3	158	835.968
2.356194	1.662363	0.915448	150	166	154	835.780
-2.094395	0.850607	-1.335383	158	4	30	835.729
-1.308997	1.870545	-2.976234	12	12	136	835.716
-3.141593	1.247695	1.809890	23	8	161	835.715
1.308997	1.504028	0.636812	149	14	17	835.598
1.047198	0.914445	2.687814	161	152	140	835.511
-2.879793	0.906588	1.252948	25	2	9	835.468
-1.570796	2.138223	1.678323	148	162	161	835.234
0.785398	1.218453	2.777284	156	21	12	835.031
-2.094395	0.419640	2.974122	5	165	139	834.985
1.832596	2.251330	-2.330739	142	8	165	834.803
-1.047198	1.014500	0.906702	18	23	153	834.631
0.785398	1.510910	-0.740472	5	161	141	834.436
-1.832596	0.866395	-2.492918	149	163	153	834.368
-0.523599	2.579248	-2.364801	150	7	14	834.125
-1.832596	1.606104	-0.451151	9	9	142	833.986
-1.570796	0.591903	2.010408	7	22	130	833.568
-1.832596	0.591903	2.010408	8	21	129	833.437
2.356194	1.699788	2.452890	153	156	17	833.311
-2.879793	1.195355	1.200319	21	4	27	833.212
1.570796	2.180315	-1.357379	154	154	166	833.191
-1.832596	0.700570	1.559208	14	23	132	833.101
2.617994	1.617114	-1.572037	12	19	141	833.052
2.094395	2.407836	1.410646	167	20	124	832.898
-2.356194	0.992645	-1.723759	6	1	138	832.866
0.000000	1.869911	2.701025	166	32	0	832.839
-0.785398	2.251330	-2.330739	151	13	15	832.826
1.308997	2.455966	-0.641220	151	5	5	832.625
-2.356194	0.850607	-1.335383	159	5	31	832.460
-0.261799	1.617114	-1.572037	167	24	12	832.254
0.785398	0.960688	-0.577532	154	30	139	832.228
-3.141593	1.872854	1.543456	135	29	138	831.764
2.356194	0.290380	-0.796960	146	8	164	831.589
1.832596	1.433411	-1.035986	149	161	152	831.589
0.523599	1.872854	1.543456	146	163	165	831.443
-0.523599	1.870545	-2.976234	1	18	133	831.217
-1.570796	0.615174	-0.666022	14	152	18	831.209
0.000000	0.700570	1.559208	147	164	4	831.186
-1.047198	1.488617	1.159546	21	7	5	831.003
2.094395	0.914445	2.687814	156	153	146	830.897
1.570796	1.413430	2.550734	2	167	138	830.878
-0.261799	2.295480	1.008277	149	162	167	830.872
-1.832596	1.448123	-2.163292	165	18	117	830.855
-3.141593	2.153910	-1.714959	15	20	142	830.828
2.879793	0.203748	0.590255	140	147	158	830.710
1.308997	1.982574	-1.115518	148	0	7	830.653
-3.141593	0.370812	-2.547742	166	17	128	830.602
2.094395	1.050534	3.042579	16	16	6	830.461
0.261799	2.063651	-2.044600	12	24	136	830.459
-1.308997	2.588535	-2.976617	17	29	139	830.327
1.832596	1.569311	-3.003978	165	5	126	830.254
2.094395	1.904882	-1.478089	146	162	155	830.186
0.261799	2.760637	2.781135	160	23	11	830.117
-0.785398	0.831641	0.616218	13	14	146	829.974
-1.308997	0.960688	-0.577532	5	20	136	829.933
1.047198	1.606104	-0.451151	151	28	146	829.883
-2.879793	1.450119	-2.739050	21	18	131	829.721
-2.094395	0.297065	2.160177	4	21	128	829.586
-2.617994	0.080730	-2.622036	156	146	152	829.575
-1.308997	1.301460	-0.509251	7	20	137	829.372
2.094395	1.025536	1.576859	151	165	147	829.315
1.308997	1.413347	-1.339188	146	10	153	829.044
2.094395	2.033014	2.977192	157	1	31	829.031
1.047198	0.203748	0.590255	145	7	162	828.876
-0.785398	1.599406	1.426070	17	15	165	828.857
-2.356194	2.251330	-2.330739	157	41	9	828.689
-1.047198	2.180315	-1.357379	24	3	136	828.391
2.356194	1.135834	-1.431087	156	149	1	828.369
1.570796	1.732874	-0.951685	149	160	2	828.350
0.785398	1.506530	1.988858	22	12	140	827.988
-2.094395	1.948085	-2.363031	16	8	23	827.841
2.356194	2.984978	1.954446	4	23	10	827.680
1.832596	1.870545	-2.976234	150	160	18	827.548
-2.617994	0.850607	-1.335383	157	7	30	827.355
1.308997	1.683268	0.374177	4	16	47	827.208
2.094395	2.251330	-2.330739	141	3	164	827.150
0.261799	1.214854	-1.966664	18	7	152	826.842
2.617994	2.295480	1.008277	158	158	26	826.746
2.094395	2.138223	1.678323	7	21	135	826.490
1.570796	1.128190	-2.288622	149	159	164	826.455
2.617994	2.138223	1.678323	10	14	46	826.403
-3.141593	0.618092	2.539118	4	17	127	826.368
-2.617994	1.433411	-1.035986	7	0	145	826.351
-0.785398	1.869911	2.701025	153	30	135	825.685
0.785398	2.033014	2.977192	23	16	142	825.405
-2.356194	0.591903	2.010408	138	150	2	825.213
-2.094395	1.168678	2.108595	18	15	137	825.000
1.832596	0.864993	2.278281	150	165	159	824.660
2.617994	1.128190	-2.288622	155	155	144	824.614
1.047198	1.569311	-3.003978	154	5	125	824.406
2.356194	1.128190	-2.288622	13	14	121	824.239
2.879793	1.391910	3.030322	21	12	128	824.214
-1.570796	1.448123	-2.163292	143	11	8	824.118
-2.617994	1.904882	-1.478089	146	167	8	824.004
2.879793	1.128190	-2.288622	156	153	144	823.586
1.308997	1.545873	-1.877082	147	4	0	823.542
2.094395	0.618092	2.539118	18	159	146	823.274
1.832596	0.929350	-2.910676	145	6	152	823.209
-2.356194	0.458961	-0.107937	2	15	132	823.185
-0.785398	1.214854	-1.966664	2	8	119	822.921
1.308997	2.349581	-2.702517	151	166	22	822.790
0.523599	1.506530	1.988858	139	157	8	822.753
-2.094395	2.041297	-2.664597	146	26	17	822.711
-1.308997	1.367556	0.358405	12	13	143	822.342
-1.832596	1.574060	2.783565	167	28	133	822.033
-0.261799	1.335669	0.897240	11	153	133	822.010
1.047198	1.756530	-2.105156	148	12	160	821.929
0.000000	1.846342	-1.796954	162	22	15	821.723
-1.570796	0.674054	1.013609	23	12	153	821.471
0.000000	0.960688	-0.577532	160	167	138	821.064
1.832596	1.696674	-1.253233	149	161	153	820.849
2.094395	0.866395	-2.492918	19	11	126	820.766
0.785398	2.579248	-2.364801	9	160	138	820.596
0.785398	1.247695	1.809890	22	10	139	820.462
1.308997	2.180315	-1.357379	152	160	162	820.300
-2.617994	1.214854	-1.966664	21	11	167	820.091
-1.047198	0.290380	-0.796960	5	17	130	820.017
-0.785398	2.295480	1.008277	146	2	29	819.897
1.570796	1.413347	-1.339188	149	162	153	819.776
2.356194	0.297065	2.160177	157	157	145	819.646
0.785398	0.831641	0.616218	24	3	135	819.451
-2.617994	1.128190	-2.288622	10	24	129	819.288
0.261799	1.128190	-2.288622	165	6	119	819.068
1.570796	0.929350	-2.910676	17	19	28	818.832
1.570796	2.456751	-1.503343	160	150	2	818.533
-2.094395	1.214854	-1.966664	158	18	118	818.507
-0.523599	1.599406	1.426070	16	165	133	818.389
2.356194	0.591903	2.010408	156	154	146	818.282
1.832596	1.134497	-1.109631	161	35	5	818.252
-3.141593	1.134497	-1.109631	1	1	142	818.222
2.879793	2.108018	1.311430	139	28	132	818.151
-2.094395	0.674054	1.013609	27	11	3	818.094
2.879793	2.979456	-1.009304	1	155	144	817.932
2.617994	1.809167	1.213774	144	36	132	817.827
2.617994	1.440580	2.260026	19	6	145	817.820
2.879793	2.073035	2.027405	24	11	151	817.667
0.261799	1.367556	0.358405	162	28	16	817.641
1.047198	1.909857	-0.381669	147	154	144	817.277
-3.141593	1.194549	-0.801900	7	29	9	817.117
1.832596	1.836682	-0.676006	144	0	166	816.991
-3.141593	2.664082	-1.071402	139	147	155	816.807
0.523599	2.033014	2.977192	21	11	141	816.781
1.308997	1.606104	-0.451151	150	27	146	816.672
-2.356194	0.571433	-1.188419	161	4	31	816.614
0.261799	1.113094	-0.272241	162	31	27	816.348
-3.141593	2.001437	0.381215	2	16	117	816.335
0.261799	0.850607	-1.335383	161	30	136	816.284
1.832596	1.554776	0.100351	156	146	154	816.233
-1.832596	1.554776	0.100351	18	19	145	815.877
2.356194	1.599406	1.426070	17	17	157	815.849
0.000000	1.870545	-2.976234	17	5	145	815.635
0.000000	1.417623	-0.202254	167	29	33	815.465
2.879793	1.367556	0.358405	160	162	142	815.438
-0.785398	0.203748	0.590255	11	12	141	815.362
-3.141593	0.379747	-1.713059	146	10	158	815.306
1.832596	1.128190	-2.288622	150	156	165	815.281
1.832596	1.809167	1.213774	8	166	133	815.063
2.617994	0.619654	-2.216909	166	26	12	814.992
-0.261799	1.168678	2.108595	8	16	129	814.985
-0.785398	0.290380	-0.796960	3	19	130	814.972
1.570796	0.419640	2.974122	163	153	141	814.961
2.356194	1.367556	0.358405	157	137	159	814.254
1.308997	2.979456	-1.009304	158	151	24	813.697
2.356194	1.869911	2.701025	153	156	19	813.680
2.879793	2.001437	0.381215	7	19	28	813.340
2.356194	1.977582	0.969896	151	7	16	813.221
-1.308997	2.108018	1.311430	13	0	128	813.195
-2.617994	0.992645	-1.723759	7	2	140	813.104
-1.047198	2.356369	3.005869	147	167	16	813.055
1.832596	1.135834	-1.431087	148	164	147	813.048
2.356194	1.374601	-2.456031	164	21	123	813.013
-2.617994	1.510910	-0.740472	15	16	139	812.790
1.570796	2.343981	-1.040456	152	159	164	812.755
-0.785398	2.174483	2.653697	162	23	135	812.615
0.000000	2.108018	1.311430	147	160	12	812.613
-0.523599	1.998705	2.370472	144	26	17	812.383
2.356194	1.450119	-2.739050	1	14	124	812.370
2.094395	1.310100	1.488307	147	7	151	812.335
0.785398	2.153910	-1.714959	14	21	145	812.185
0.523599	1.756530	-2.105156	17	9	157	812.160
1.308997	2.587733	0.232235	141	167	150	811.985
1.832596	1.812176	0.656819	152	11	18	811.932
2.617994	2.247462	0.191623	155	155	2	811.853
-1.570796	0.960688	-0.577532	5	18	135	811.819
-2.094395	0.910508	1.903534	14	160	145	811.755
-3.141593	2.724429	-0.348782	164	158	141	811.727
0.261799	1.014500	0.906702	20	167	133	811.712
1.570796	1.168678	2.108595	146	162	158	811.584
-1.570796	1.128190	-2.288622	156	22	119	811.355
0.785398	0.591903	2.010408	151	21	134	811.286
2.879793	1.721184	-0.153948	166	143	11	811.036
-1.570796	0.992645	-1.723759	17	152	148	810.931
1.570796	1.870545	-2.976234	150	162	17	810.727
0.523599	1.736875	3.023612	22	10	146	810.564
-2.879793	1.545873	-1.877082	151	154	152	810.524
0.261799	1.948085	-2.363031	6	17	133	810.444
2.617994	1.135813	-2.658866	20	11	126	809.994
-2.879793	0.458961	-0.107937	3	10	132	809.920
1.047198	2.104282	-0.813972	149	3	12	809.877
0.785398	1.809167	1.213774	160	146	16	809.854
1.308997	1.574060	2.783565	155	135	161	809.754
0.523599	0.733948	3.021411	157	158	136	809.542
-1.570796	1.732874	-0.951685	162	148	20	809.494
2.356194	1.448123	-2.163292	150	155	148	809.472
-0.523599	1.325504	-1.671296	4	5	119	809.183
-3.141593	2.108018	1.311430	161	158	25	809.084
-2.356194	0.910508	1.903534	135	153	165	808.974
-2.879793	1.721184	-0.153948	160	2	140	808.906
1.570796	1.696674	-1.253233	149	163	155	808.902
-0.523599	1.256302	0.062705	157	3	28	808.828
-1.308997	0.674054	1.013609	19	21	146	808.818
2.094395	0.379747	-1.713059	165	18	129	808.812
0.523599	1.869911	2.701025	22	11	141	808.766
-3.141593	2.299159	2.264663	25	15	145	808.688
1.308997	1.732874	-0.951685	154	145	157	808.517
2.617994	2.579248	-2.364801	149	159	150	808.358
1.308997	2.104282	-0.813972	151	147	154	808.236
-2.094395	1.433411	-1.035986	20	3	157	807.964
0.523599	0.458961	-0.107937	7	158	140	807.818
2.094395	0.831641	0.616218	159	17	135	807.809
-1.832596	0.571433	-1.188419	11	153	144	807.620
1.570796	1.736875	3.023612	145	165	164	807.261
2.094395	1.982574	-1.115518	147	159	160	807.229
-3.141593	2.719179	-1.780644	147	157	154	807.092
-1.047198	0.914445	2.687814	13	17	16	806.918
-0.261799	1.696674	-1.253233	152	12	137	806.587
0.523599	2.349581	-2.702517	9	159	143	806.457
0.785398	1.184361	0.625864	19	7	127	806.357
1.308997	1.846342	-1.796954	147	5	1	806.213
-0.523599	2.979456	-1.009304	1	22	9	806.137
1.308997	0.297065	2.160177	140	147	161	806.120
1.832596	0.709924	0.218797	29	20	138	806.005
1.832596	1.242974	-2.977882	148	162	162	805.932
-1.308997	2.104282	-0.813972	163	20	133	805.594
-2.094395	1.836682	-0.676006	153	155	27	805.509
0.261799	1.824694	1.850876	139	160	10	805.477
2.356194	1.732874	-0.951685	152	8	38	805.431
-2.617994	2.033014	2.977192	25	19	134	805.234
0.785398	1.014500	0.906702	25	11	133	805.207
0.000000	2.063651	-2.044600	14	20	137	805.130
2.356194	1.617114	-1.572037	145	158	156	805.127
2.094395	1.732874	-0.951685	151	11	38	805.106
-1.570796	2.349581	-2.702517	23	21	139	805.065
0.261799	0.458961	-0.107937	3	161	140	804.774
1.570796	2.174483	2.653697	165	141	25	804.704
-1.570796	0.866395	-2.492918	149	28	124	804.584
0.261799	0.379747	-1.713059	31	160	10	804.574
-2.356194	1.948085	-2.363031	156	34	18	804.461
-3.141593	1.135813	-2.658866	161	152	142	804.445
1.832596	2.393226	1.857173	6	20	133	804.399
-1.308997	2.760637	2.781135	147	1	9	804.252
1.047198	2.089241	-0.114193	3	166	36	804.158
1.570796	1.134796	2.434290	147	163	147	803.876
2.617994	1.247695	1.809890	19	2	156	803.646
-0.785398	1.846342	-1.796954	18	12	126	803.542
2.356194	0.618092	2.539118	140	8	161	803.366
0.000000	1.433411	-1.035986	155	8	137	803.349
1.570796	1.417623	-0.202254	150	24	144	803.292
1.832596	0.733948	3.021411	143	9	2	803.171
-0.785398	1.809167	1.213774	153	14	27	803.146
2.879793	1.696674	-1.253233	31	18	146	803.101
2.094395	1.875281	0.107086	152	154	160	802.978
2.094395	0.762244	-0.273349	141	150	6	802.948
2.617994	1.413430	2.550734	22	2	139	802.930
2.879793	0.685216	-1.712745	164	14	130	802.917
-2.094395	1.846342	-1.796954	20	164	2	802.855
-0.523599	0.910508	1.903534	3	11	129	802.820
-2.094395	1.875281	0.107086	154	164	141	802.800
-0.523599	2.073035	2.027405	143	21	24	802.750
-0.523599	1.846342	-1.796954	21	7	136	802.572
0.785398	1.554776	0.100351	157	24	20	802.494
-1.047198	2.396274	-1.959260	26	19	138	802.388
2.617994	0.379747	-1.713059	157	30	0	802.353
2.879793	1.662363	0.915448	156	165	132	802.193
-1.308997	1.413430	2.550734	159	38	138	802.142
-2.094395	0.733948	3.021411	14	8	144	802.103
-1.570796	1.545873	-1.877082	20	0	149	802.029
-1.832596	0.203748	0.590255	138	26	146	801.277
0.523599	1.014500	0.906702	24	7	132	801.216
-2.094395	0.914445	2.687814	12	17	133	801.187
2.879793	1.872854	1.543456	18	14	159	801.132
-2.356194	0.960688	-0.577532	14	4	141	800.854
-1.570796	2.588535	-2.976617	23	31	140	800.830
1.832596	1.301460	-0.509251	156	148	149	800.695
1.047198	2.478122	2.609777	138	12	154	800.593
0.261799	1.846342	-1.796954	161	24	15	800.516
-3.141593	0.619654	-2.216909	167	9	131	800.475
-2.879793	2.180315	-1.357379	19	31	135	800.467
2.094395	1.194549	-0.801900	149	31	0	800.401
1.832596	0.640596	-2.797608	19	1	131	800.306
1.308997	0.591903	2.010408	151	18	135	800.282
-2.356194	0.733948	3.021411	12	11	139	800.242
-2.617994	0.591903	2.010408	135	156	3	800.156
2.356194	1.875281	0.107086	152	154	3	800.042
2.094395	0.203748	0.590255	164	15	130	799.935
0.261799	1.998705	2.370472	18	9	134	799.793
2.879793	1.732874	-0.951685	29	16	138	799.745
1.570796	1.569311	-3.003978	161	4	126	799.641
2.094395	2.719179	-1.780644	6	155	145	799.641
1.570796	1.134497	-1.109631	146	4	149	799.604
2.617994	1.025536	1.576859	152	157	152	799.557
-1.308997	1.045978	0.343692	146	19	2	799.504
1.570796	0.379747	-1.713059	167	159	140	799.186
1.570796	2.349581	-2.702517	146	146	143	799.156
-2.094395	2.393226	1.857173	166	160	28	799.152
1.832596	2.033014	2.977192	149	158	19	799.010
2.356194	2.637879	2.121598	151	32	10	798.991
1.832596	0.619654	-2.216909	20	14	127	798.984
-1.308997	1.977582	0.969896	153	13	27	798.973
2.094395	0.297065	2.160177	156	161	142	798.873
-1.832596	0.929350	-2.910676	14	5	142	798.843
1.308997	0.762244	-0.273349	7	2	132	798.702
2.356194	0.929350	-2.910676	21	5	131	798.338
2.617994	1.488617	1.159546	155	153	152	798.307
-2.617994	0.419640	2.974122	4	14	129	798.292
-0.261799	0.864993	2.278281	148	161	155	798.256
-2.879793	2.164094	-2.991358	8	156	139	798.248
0.785398	0.615174	-0.666022	164	27	132	798.103
-1.308997	0.929350	-2.910676	150	33	127	798.028
-2.356194	2.456751	-1.503343	152	156	158	798.014
2.356194	2.115563	0.685730	156	159	27	797.924
1.570796	1.135813	-2.658866	148	164	163	797.781
-2.356194	2.001437	0.381215	156	158	143	797.762
0.000000	1.168678	2.108595	29	14	158	797.658
2.356194	1.301460	-0.509251	27	13	134	797.628
-2.356194	0.709924	0.218797	4	10	134	797.543
-1.047198	0.864993	2.278281	153	155	155	797.478
1.047198	1.617114	-1.572037	150	164	157	797.390
0.523599	2.979456	-1.009304	141	7	0	797.297
1.832596	0.960688	-0.577532	160	28	31	797.282
0.785398	1.325504	-1.671296	145	159	5	797.269
-0.523599	1.658653	-2.409879	9	14	136	797.226
2.356194	1.218453	2.777284	144	18	31	797.221
-1.570796	1.134497	-1.109631	153	155	19	797.184
-0.261799	1.195355	1.200319	156	146	149	797.156
0.785398	1.836682	-0.676006	144	156	150	797.151
2.617994	1.812176	0.656819	151	157	161	796.997
-2.094395	2.863997	0.549740	162	154	144	796.959
-1.308997	0.618092	2.539118	148	10	163	796.931
-3.141593	1.662363	0.915448	10	21	10	796.777
-1.570796	1.242974	-2.977882	20	4	161	796.766
0.785398	2.349581	-2.702517	20	166	147	796.745
-0.261799	1.450119	-2.739050	148	160	15	796.744
-1.570796	0.418037	1.360082	12	21	133	796.695
1.047198	2.174483	2.653697	22	22	137	796.682
-1.308997	1.374601	-2.456031	166	164	130	796.646
-0.523599	1.545873	-1.877082	21	160	157	796.596
-1.570796	1.756530	-2.105156	19	153	154	796.587
-1.047198	1.766067	2.153843	152	31	145	796.454
2.617994	2.001437	0.381215	151	163	157	796.451
2.879793	1.134796	2.434290	28	6	147	796.446
2.094395	0.571433	-1.188419	165	15	133	796.247
-0.523599	1.448123	-2.163292	158	16	116	796.239
-2.617994	0.458961	-0.107937	3	9	131	796.164
-3.141593	1.134796	2.434290	31	165	156	796.002
0.785398	2.664082	-1.071402	146	147	11	795.830
1.832596	1.374601	-2.456031	146	163	0	795.719
-0.523599	0.864993	2.278281	148	167	155	795.688
0.523599	1.194549	-0.801900	0	157	144	795.500
0.523599	1.218453	2.777284	158	7	133	795.420
0.000000	2.478122	2.609777	162	26	9	795.367
1.308997	1.756530	-2.105156	151	160	150	795.336
2.094395	1.555207	1.708892	145	9	155	795.259
0.785398	0.866395	-2.492918	9	2	123	795.189
2.617994	1.433411	-1.035986	31	13	145	795.108
-2.094395	0.685216	-1.712745	166	26	21	795.105
1.832596	2.247462	0.191623	19	5	24	795.100
-3.141593	2.587733	0.232235	140	4	22	794.994
0.261799	2.724429	-0.348782	148	21	19	794.970
-3.141593	1.732874	-0.951685	138	162	141	794.906
2.617994	2.455966	-0.641220	133	5	157	794.832
-0.261799	2.579248	-2.364801	151	2	14	794.828
-2.356194	1.846342	-1.796954	19	161	2	794.816
1.047198	2.979456	-1.009304	150	2	4	794.723
-1.570796	2.104282	-0.813972	151	164	163	794.654
0.785398	1.555207	1.708892	145	153	8	794.404
-2.356194	0.685216	-1.712745	28	22	29	794.262
-2.617994	0.960688	-0.577532	14	7	141	794.212
-2.617994	2.979456	-1.009304	146	167	9	794.211
-0.785398	2.164094	-2.991358	165	23	130	794.031
-0.261799	0.297065	2.160177	31	4	7	793.906
0.000000	1.812176	0.656819	167	8	47	793.845
2.356194	0.709924	0.218797	156	140	148	793.326
1.308997	2.073035	2.027405	19	8	22	793.267
0.261799	0.203748	0.590255	5	2	134	793.212
-0.523599	0.418037	1.360082	156	24	16	793.150
-0.523599	0.674054	1.013609	16	155	17	792.995
1.832596	1.168678	2.108595	147	161	158	792.929
2.879793	2.356369	3.005869	163	164	33	792.822
1.047198	1.869911	2.701025	23	21	142	792.789
-1.047198	2.001437	0.381215	15	8	143	792.506
1.047198	2.456751	-1.503343	155	154	26	792.409
0.000000	1.741644	-2.695914	0	9	134	792.344
-2.094395	2.984978	1.954446	159	148	22	792.098
-2.356194	2.299159	2.264663	19	30	148	792.084
0.785398	1.870545	-2.976234	22	13	148	791.857
-2.356194	0.379747	-1.713059	31	19	28	791.847
0.261799	1.696674	-1.253233	163	28	27	791.820
2.094395	1.658653	-2.409879	159	17	121	791.731
1.047198	1.194549	-0.801900	156	25	11	791.617
-1.308997	1.450119	-2.739050	155	17	27	791.576
-2.356194	2.863997	0.549740	20	0	135	791.571
1.832596	0.866395	-2.492918	17	8	125	791.423
-0.523599	2.456751	-1.503343	153	153	143	791.354
2.094395	2.724429	-0.348782	156	166	28	791.318
-1.570796	2.033014	2.977192	5	31	132	791.283
1.832596	1.948085	-2.363031	141	5	160	791.219
0.261799	1.413347	-1.339188	25	13	10	791.035
-0.523599	1.574060	2.783565	141	25	12	790.990
-1.832596	1.045978	0.343692	10	11	138	790.964
-0.261799	2.174483	2.653697	4	32	8	790.879
-2.094395	0.370812	-2.547742	146	7	147	790.820
0.261799	1.766067	2.153843	135	161	3	790.690
1.308997	0.080730	-2.622036	162	159	143	790.576
-1.047198	1.504028	0.636812	20	11	1	790.453
2.617994	1.391910	3.030322	18	6	129	790.244
2.356194	1.025536	1.576859	154	154	148	790.166
1.308997	0.700570	1.559208	150	19	136	790.129
-0.261799	1.904882	-1.478089	144	12	139	789.943
1.832596	1.050534	3.042579	18	14	7	789.850
1.832596	2.592629	0.909713	167	164	134	789.806
-2.879793	2.138223	1.678323	19	26	157	789.414
1.570796	1.242974	-2.977882	148	166	162	789.390
2.617994	0.850607	-1.335383	163	6	135	789.294
0.261799	1.134796	2.434290	133	0	9	789.018
-0.523599	0.379747	-1.713059	4	18	129	788.987
2.617994	1.374601	-2.456031	164	23	123	788.905
1.570796	0.640596	-2.797608	142	3	3	788.904
-2.617994	2.478122	2.609777	15	2	146	788.770
-0.523599	2.174483	2.653697	10	30	6	788.763
2.094395	0.961715	0.014085	152	163	29	788.671
1.832596	1.766067	2.153843	8	8	141	788.649
1.308997	2.187132	-0.479875	149	6	3	788.536
-0.261799	2.455966	-0.641220	4	23	10	788.418
2.879793	0.700570	1.559208	23	0	4	788.218
-1.047198	1.721184	-0.153948	24	9	21	788.120
-1.308997	1.836682	-0.676006	20	11	9	787.959
-3.141593	1.998705	2.370472	23	14	143	787.884
2.094395	1.736875	3.023612	165	15	133	787.865
-1.570796	1.904882	-1.478089	8	5	120	787.788
2.879793	1.195355	1.200319	153	154	7	787.786
2.617994	2.704512	1.488683	138	165	157	787.713
0.000000	1.617114	-1.572037	163	24	14	787.703
1.047198	1.555207	1.708892	18	15	133	787.662
-1.832596	1.218453	2.777284	144	163	7	787.662
-2.617994	0.906588	1.252948	24	12	8	787.582
-0.523599	1.374601	-2.456031	164	18	118	787.535
2.617994	1.450119	-2.739050	0	17	126	787.369
1.308997	0.615174	-0.666022	161	23	132	787.208
1.047198	1.732874	-0.951685	6	128	139	787.082
-0.523599	1.450119	-2.739050	147	166	15	787.037
1.570796	0.961715	0.014085	156	148	149	786.945
1.047198	0.899350	-2.069907	144	164	6	786.895
-2.617994	0.866395	-2.492918	10	16	137	786.874
-0.261799	0.370812	-2.547742	152	13	10	786.849
-1.047198	2.041297	-2.664597	8	21	129	786.738
0.523599	0.866955	-0.931351	164	164	142	786.674
-0.785398	1.545873	-1.877082	10	12	119	786.629
2.879793	0.618092	2.539118	26	3	146	786.465
1.570796	1.766067	2.153843	14	21	138	786.370
1.308997	2.881233	-2.582574	154	19	13	786.285
2.094395	1.872854	1.543456	11	23	136	786.275
-0.261799	1.606104	-0.451151	160	11	129	786.235
2.879793	1.617114	-1.572037	143	0	147	786.153
-1.308997	2.033014	2.977192	4	28	134	786.111
-1.047198	1.413347	-1.339188	151	156	150	786.032
-2.879793	0.866955	-0.931351	30	27	15	785.899
-0.785398	2.579248	-2.364801	149	11	16	785.875
2.356194	1.982574	-1.115518	138	13	153	785.835
-0.785398	1.014500	0.906702	11	15	144	785.679
-2.356194	2.247462	0.191623	160	160	138	785.591
2.356194	1.184361	0.625864	159	139	152	785.576
-3.141593	1.736875	3.023612	152	3	38	785.427
-3.141593	1.168678	2.108595	27	10	154	785.412
-2.094395	0.899350	-2.069907	15	3	149	785.274
1.047198	1.812176	0.656819	152	17	19	785.250
2.094395	0.866955	-0.931351	156	35	3	784.970
1.047198	1.836682	-0.676006	147	151	150	784.843
2.356194	0.571433	-1.188419	152	31	166	784.811
0.523599	0.370812	-2.547742	12	3	136	784.768
-1.570796	1.184361	0.625864	11	11	142	784.736
-1.570796	1.683268	0.374177	18	18	152	784.325
0.785398	1.662363	0.915448	3	21	30	784.312
1.832596	1.872854	1.543456	13	21	136	784.033
1.047198	0.496451	0.593859	146	5	0	783.865
0.523599	1.184361	0.625864	18	4	126	783.848
-0.785398	0.591903	2.010408	20	164	153	783.830
2.356194	1.812176	0.656819	19	10	10	783.803
-1.570796	0.370812	-2.547742	28	13	14	783.767
2.356194	1.736875	3.023612	152	149	162	783.626
2.094395	1.448123	-2.163292	149	158	148	783.601
1.832596	2.760637	2.781135	11	158	135	783.571
1.047198	2.356369	3.005869	141	145	156	783.472
1.570796	1.617114	-1.572037	153	3	138	783.317
-2.356194	1.870545	-2.976234	18	20	127	783.282
0.523599	0.674054	1.013609	26	6	140	783.196
-0.785398	1.374601	-2.456031	159	16	117	783.154
-2.094395	0.866395	-2.492918	13	4	145	783.125
1.570796	1.699788	2.452890	5	7	138	783.087
1.047198	1.214854	-1.966664	155	163	148	783.045
-3.141593	2.356369	3.005869	9	155	144	783.005
2.356194	2.455966	-0.641220	153	164	28	782.837
0.785398	0.899350	-2.069907	143	4	4	782.806
1.832596	2.455966	-0.641220	153	166	27	782.562
-1.832596	2.724429	-0.348782	148	8	11	782.453
-2.879793	1.736875	3.023612	20	15	130	782.433
-2.356194	0.906588	1.252948	25	12	9	782.371
-0.523599	1.606104	-0.451151	159	14	129	782.235
-1.047198	1.214854	-1.966664	11	154	141	782.200
1.570796	2.455966	-0.641220	149	167	167	782.199
-3.141593	1.242974	-2.977882	162	151	141	782.195
1.570796	2.393226	1.857173	10	5	139	782.186
0.785398	1.683268	0.374177	159	24	17	781.938
-2.617994	0.370812	-2.547742	2	17	129	781.861
-0.785398	1.948085	-2.363031	12	23	131	781.860
2.617994	0.080730	-2.622036	5	21	129	781.827
-0.785398	1.998705	2.370472	151	30	141	781.794
-0.261799	1.433411	-1.035986	154	12	137	781.674
1.832596	2.108018	1.311430	10	17	133	781.561
-0.523599	2.396274	-1.959260	148	14	15	781.416
-0.261799	1.732874	-0.951685	155	13	133	781.398
1.047198	1.433411	-1.035986	149	149	156	781.132
1.047198	0.709924	0.218797	21	167	137	781.094
0.261799	2.407836	1.410646	149	152	6	781.088
2.094395	1.617114	-1.572037	143	163	155	781.072
-3.141593	1.569311	-3.003978	152	25	22	780.936
2.094395	1.741644	-2.695914	161	10	123	780.923
-0.261799	1.756530	-2.105156	161	20	29	780.855
0.261799	1.195355	1.200319	25	8	133	780.757
-1.570796	1.909857	-0.381669	24	1	22	780.693
2.879793	0.290380	-0.796960	162	12	130	780.506
-2.094395	0.290380	-0.796960	140	147	151	780.345
-1.047198	1.374601	-2.456031	155	18	27	780.292
-2.879793	2.247462	0.191623	8	12	119	780.291
2.879793	1.606104	-0.451151	162	143	9	780.184
-1.047198	2.115563	0.685730	20	3	144	780.177
-0.523599	0.618092	2.539118	152	164	145	780.076
0.261799	2.719179	-1.780644	148	167	7	779.691
-2.879793	1.699788	2.452890	27	18	145	779.658
-2.356194	1.836682	-0.676006	147	160	27	779.642
2.356194	1.948085	-2.363031	11	30	16	779.583
0.523599	2.760637	2.781135	141	9	12	779.562
1.308997	0.709924	0.218797	25	4	138	779.472
-0.785398	0.571433	-1.188419	21	153	11	779.458
-2.617994	1.756530	-2.105156	12	12	121	779.378
-3.141593	2.579248	-2.364801	157	149	148	779.354
2.094395	1.599406	1.426070	146	7	156	779.194
-0.523599	1.168678	2.108595	157	154	154	779.133
-3.141593	0.290380	-0.796960	5	23	17	778.984
0.000000	1.904882	-1.478089	165	24	16	778.984
-0.785398	1.367556	0.358405	19	160	154	778.863
2.094395	1.948085	-2.363031	141	166	158	778.683
-0.523599	1.869911	2.701025	10	28	3	778.672
1.832596	1.450119	-2.739050	166	10	123	778.548
-1.832596	1.545873	-1.877082	146	16	5	778.535
-1.570796	0.640596	-2.797608	147	34	130	778.417
0.785398	1.574060	2.783565	23	16	148	778.385
2.617994	1.301460	-0.509251	0	12	136	778.205
2.617994	1.606104	-0.451151	154	146	11	778.111
-0.523599	1.367556	0.358405	155	2	25	777.951
1.832596	2.664082	-1.071402	154	167	26	777.935
1.047198	0.960688	-0.577532	164	19	136	777.777
1.832596	0.419640	2.974122	161	155	143	777.622
-2.094395	1.134497	-1.109631	13	3	144	777.602
2.617994	1.218453	2.777284	163	8	127	777.568
2.356194	2.180315	-1.357379	147	164	23	777.495
1.308997	0.418037	1.360082	152	18	134	777.440
1.570796	0.615174	-0.666022	160	35	5	777.373
1.832596	1.658653	-2.409879	158	17	121	777.314
2.094395	1.909857	-0.381669	148	6	158	777.311
-2.879793	1.812176	0.656819	158	20	118	777.272
-0.261799	2.187132	-0.479875	16	157	28	777.200
1.047198	1.134796	2.434290	24	20	150	777.135
2.356194	0.700570	1.559208	153	0	148	776.972
-0.523599	2.404280	-0.174044	5	15	134	776.894
2.094395	0.290380	-0.796960	163	13	131	776.879
2.617994	0.899350	-2.069907	152	158	143	776.874
2.094395	2.063651	-2.044600	139	4	1	776.657
1.570796	0.866395	-2.492918	14	3	125	776.637
0.261799	1.335669	0.897240	19	6	126	776.556
-2.879793	0.080730	-2.622036	155	20	12	776.532
2.356194	2.719179	-1.780644	140	148	151	776.525
2.879793	0.379747	-1.713059	165	11	131	776.492
-2.617994	2.404280	-0.174044	18	161	133	776.465
1.308997	2.247462	0.191623	5	2	129	776.346
2.094395	0.960688	-0.577532	29	5	143	776.180
2.094395	1.113094	-0.272241	27	14	132	776.132
-1.832596	2.379497	0.561089	149	13	20	776.030
-0.785398	1.045978	0.343692	19	162	153	776.021
2.879793	0.370812	-2.547742	1	16	129	775.980
-2.356194	1.134497	-1.109631	10	1	144	775.903
1.570796	1.050534	3.042579	148	8	151	775.578
2.094395	1.721184	-0.153948	145	162	167	775.433
-2.356194	1.301460	-0.509251	6	8	138	775.404
-0.523599	1.135834	-1.431087	153	152	152	775.358
1.047198	1.824694	1.850876	19	4	23	775.182
-0.523599	1.662363	0.915448	151	2	20	775.027
-1.832596	1.134497	-1.109631	158	1	30	774.946
1.570796	0.290380	-0.796960	2	164	138	774.836
-1.832596	2.979456	-1.009304	158	150	148	774.790
1.570796	2.247462	0.191623	150	10	14	774.768
1.832596	1.256302	0.062705	23	15	126	774.426
-1.832596	1.696674	-1.253233	153	156	14	774.304
-1.832596	2.104282	-0.813972	160	151	23	774.259
-2.617994	2.089241	-0.114193	161	166	137	774.240
1.832596	1.998705	2.370472	3	14	136	774.207
-1.570796	1.809167	1.213774	161	23	26	774.199
-0.261799	1.555207	1.708892	26	3	140	774.111
-1.832596	1.134796	2.434290	17	16	140	774.091
-2.879793	1.135813	-2.658866	18	21	131	773.807
1.832596	0.866955	-0.931351	162	37	3	773.542
-0.261799	0.418037	1.360082	159	37	21	773.508
-0.523599	2.724429	-0.348782	151	13	32	773.383
1.570796	0.619654	-2.216909	21	11	127	773.127
1.832596	2.407836	1.410646	0	20	124	773.071
0.785398	0.929350	-2.910676	166	166	126	772.862
2.356194	1.113094	-0.272241	28	15	136	772.639
-1.570796	1.433411	-1.035986	155	154	19	772.564
2.879793	2.349581	-2.702517	160	155	29	772.546
1.832596	1.721184	-0.153948	144	165	167	772.491
0.523599	2.041297	-2.664597	159	12	31	772.407
-0.261799	2.637879	2.121598	138	11	16	772.210
-0.523599	2.455966	-0.641220	7	22	9	772.180
-3.141593	2.637879	2.121598	13	19	139	772.127
-2.879793	2.979456	-1.009304	144	3	10	772.001
-1.570796	2.984978	1.954446	160	165	27	771.936
0.000000	2.041297	-2.664597	10	2	143	771.911
0.523599	2.063651	-2.044600	151	166	12	771.831
-2.879793	2.404280	-0.174044	165	160	137	771.807
-1.832596	0.458961	-0.107937	18	155	22	771.686
0.261799	0.899350	-2.069907	23	159	165	771.665
2.617994	2.984978	1.954446	163	14	131	771.629
-3.141593	2.295480	1.008277	162	159	28	771.605
-1.308997	0.370812	-2.547742	26	17	14	771.592
0.785398	0.866955	-0.931351	164	155	144	771.552
1.047198	1.335669	0.897240	164	25	27	771.539
-1.047198	2.138223	1.678323	21	12	21	771.538
-2.617994	1.870545	-2.976234	19	15	128	771.455
1.047198	1.135834	-1.431087	161	155	146	771.414
2.879793	1.809167	1.213774	149	164	136	771.258
1.047198	0.591903	2.010408	152	20	134	771.213
-2.356194	1.721184	-0.153948	157	2	138	771.134
-1.047198	2.033014	2.977192	162	25	132	771.061
0.523599	1.809167	1.213774	157	148	16	771.039
1.570796	1.662363	0.915448	151	12	14	771.008
2.617994	1.846342	-1.796954	144	165	156	770.990
0.523599	1.113094	-0.272241	156	9	130	770.989
2.617994	0.203748	0.590255	2	15	130	770.967
2.356194	2.041297	-2.664597	154	14	134	770.904
2.617994	1.050534	3.042579	156	13	123	770.851
1.047198	2.664082	-1.071402	167	164	130	770.696
1.047198	2.153910	-1.714959	12	161	143	770.660
-1.047198	2.343981	-1.040456	9	22	12	770.633
1.570796	2.760637	2.781135	13	161	138	770.622
2.356194	1.134497	-1.109631	7	16	136	770.560
-1.308997	1.846342	-1.796954	13	6	126	770.500
2.094395	1.836682	-0.676006	149	159	157	770.426
-1.308997	2.251330	-2.330739	20	22	127	770.329
2.879793	0.591903	2.010408	24	167	154	770.103
2.617994	0.961715	0.014085	8	15	128	769.940
1.047198	0.370812	-2.547742	152	167	152	769.840
2.617994	1.113094	-0.272241	23	2	138	769.818
-0.785398	1.168678	2.108595	10	22	22	769.771
1.308997	0.619654	-2.216909	18	5	127	769.751
2.094395	2.041297	-2.664597	154	2	31	769.656
0.523599	1.391910	3.030322	154	21	2	769.508
-0.261799	2.719179	-1.780644	149	11	10	769.507
0.000000	2.251330	-2.330739	7	19	133	769.355
-3.141593	1.836682	-0.676006	24	24	128	769.288
-1.047198	1.617114	-1.572037	152	163	149	769.273
-0.785398	2.073035	2.027405	1	28	7	769.262
-2.617994	0.864993	2.278281	137	155	5	769.222
-0.261799	1.488617	1.159546	17	155	136	769.210
2.094395	2.588535	-2.976617	163	21	135	769.179
-2.879793	1.050534	3.042579	10	5	30	769.159
1.570796	1.247695	1.809890	144	162	161	768.956
-2.356194	2.719179	-1.780644	160	147	151	768.934
0.261799	2.164094	-2.991358	17	0	145	768.915
-2.617994	0.640596	-2.797608	1	12	128	768.873
-0.523599	1.904882	-1.478089	24	12	132	768.863
-1.047198	0.419640	2.974122	1	167	42	768.707
-2.879793	2.153910	-1.714959	165	32	18	768.589
-1.832596	1.732874	-0.951685	18	10	155	768.581
-3.141593	1.554776	0.100351	4	28	118	768.542
-1.047198	2.063651	-2.044600	18	17	125	768.387
2.879793	2.455966	-0.641220	132	167	158	768.372
-3.141593	1.391910	3.030322	18	15	129	768.345
-0.785398	2.396274	-1.959260	150	19	14	768.330
-3.141593	1.909857	-0.381669	19	18	123	768.317
2.094395	0.370812	-2.547742	24	13	133	768.159
-0.523599	1.569311	-3.003978	166	15	133	768.139
-2.617994	1.301460	-0.509251	8	143	7	768.058
-2.617994	2.153910	-1.714959	153	146	165	767.928
0.261799	1.555207	1.708892	140	164	14	767.750
-0.261799	0.496451	0.593859	7	163	139	767.712
-1.832596	1.870545	-2.976234	15	27	128	767.701
2.617994	2.073035	2.027405	21	6	150	767.644
2.094395	2.393226	1.857173	5	20	134	767.535
2.094395	1.417623	-0.202254	22	12	126	767.497
-0.261799	1.367556	0.358405	155	167	25	767.483
2.356194	0.379747	-1.713059	165	18	129	767.463
0.000000	0.203748	0.590255	20	158	20	767.449
2.879793	2.863997	0.549740	164	162	32	767.334
2.879793	2.251330	-2.330739	158	146	135	767.248
2.879793	0.850607	-1.335383	143	6	149	767.189
-1.832596	0.685216	-1.712745	6	9	132	767.097
-1.308997	0.700570	1.559208	3	5	131	766.845
0.000000	1.658653	-2.409879	9	18	136	766.740
1.832596	1.617114	-1.572037	143	0	155	766.684
1.832596	0.910508	1.903534	149	157	162	766.684
-1.308997	0.080730	-2.622036	29	16	9	766.427
1.047198	0.733948	3.021411	162	31	32	766.213
-0.523599	2.108018	1.311430	7	8	34	766.185
-0.261799	1.982574	-1.115518	155	151	144	766.154
-1.570796	1.247695	1.809890	23	167	3	766.099
-1.047198	0.866955	-0.931351	4	22	135	766.093
2.617994	0.914445	2.687814	154	156	146	765.926
2.879793	1.488617	1.159546	16	14	10	765.878
-2.356194	2.041297	-2.664597	150	30	17	765.828
-2.617994	2.587733	0.232235	19	5	131	765.616
0.000000	0.831641	0.616218	11	162	132	765.440
-0.785398	2.704512	1.488683	166	23	131	765.385
-0.785398	1.325504	-1.671296	16	22	15	765.309
1.570796	1.214854	-1.966664	145	167	167	765.195
-2.617994	1.606104	-0.451151	13	14	135	765.175
1.570796	2.033014	2.977192	142	167	160	765.078
1.832596	2.073035	2.027405	145	15	167	764.987
2.356194	1.683268	0.374177	148	5	163	764.973
1.047198	1.247695	1.809890	22	16	138	764.834
-2.356194	1.184361	0.625864	146	30	127	764.750
-1.570796	0.458961	-0.107937	8	15	132	764.649
1.570796	0.709924	0.218797	29	13	138	764.645
-2.879793	0.685216	-1.712745	1	4	134	764.592
0.261799	0.619654	-2.216909	14	7	140	764.578
0.785398	1.134796	2.434290	140	147	155	764.447
0.000000	0.379747	-1.713059	4	21	129	764.426
-2.356194	0.290380	-0.796960	3	12	130	764.354
-1.047198	2.089241	-0.114193	22	8	25	764.285
0.785398	1.904882	-1.478089	157	26	28	764.250
1.047198	2.073035	2.027405	20	3	22	764.236
-0.261799	1.310100	1.488307	149	160	10	764.194
0.523599	1.555207	1.708892	142	158	14	764.116
-1.832596	2.299159	2.264663	13	12	138	764.103
-1.308997	1.909857	-0.381669	24	4	23	764.088
2.617994	2.089241	-0.114193	3	141	20	764.087
0.523599	0.961715	0.014085	5	15	38	764.022
-3.141593	0.910508	1.903534	26	8	153	763.975
0.000000	2.760637	2.781135	2	167	32	763.971
-0.785398	1.554776	0.100351	0	10	129	763.956
0.523599	0.290380	-0.796960	7	25	131	763.763
1.832596	1.448123	-2.163292	153	154	166	763.626
-2.617994	1.135834	-1.431087	9	159	148	763.505
-1.832596	1.904882	-1.478089	21	165	4	763.503
-0.785398	1.310100	1.488307	161	28	27	763.494
-1.047198	1.510910	-0.740472	1	149	23	763.407
2.356194	1.413430	2.550734	15	2	138	763.337
1.308997	2.356369	3.005869	166	29	14	763.242
-1.570796	0.831641	0.616218	12	14	137	763.233
1.570796	0.370812	-2.547742	20	2	133	763.216
-2.356194	1.824694	1.850876	23	24	20	763.171
0.261799	1.310100	1.488307	144	0	0	763.093
0.000000	0.850607	-1.335383	33	163	6	763.057
0.785398	0.640596	-2.797608	150	164	24	763.051
-1.308997	0.419640	2.974122	145	8	150	763.004
-1.832596	1.982574	-1.115518	165	28	134	762.992
-0.523599	1.113094	-0.272241	167	23	136	762.968
0.523599	1.413430	2.550734	23	10	147	762.814
-2.879793	2.187132	-0.479875	21	166	136	762.795
0.523599	1.310100	1.488307	142	165	6	762.702
0.261799	1.545873	-1.877082	23	8	161	762.600
-1.047198	0.370812	-2.547742	0	25	31	762.565
2.094395	1.977582	0.969896	159	156	31	762.549
-1.832596	1.168678	2.108595	18	21	138	762.538
1.308997	2.863997	0.549740	166	10	131	762.514
0.785398	1.846342	-1.796954	149	1	9	762.375
-0.523599	2.863997	0.549740	20	1	138	762.122
-0.785398	1.218453	2.777284	154	167	144	762.066
-3.141593	1.450119	-2.739050	21	15	127	762.047
-1.832596	0.762244	-0.273349	7	12	134	762.021
2.617994	1.545873	-1.877082	19	20	148	761.993
-2.617994	0.418037	1.360082	28	167	167	761.818
-1.308997	2.407836	1.410646	17	0	132	761.654
-1.570796	1.574060	2.783565	150	7	20	761.542
2.879793	0.496451	0.593859	167	9	131	761.515
0.261799	1.134497	-1.109631	158	167	142	761.503
2.879793	0.733948	3.021411	26	11	139	761.417
2.879793	1.836682	-0.676006	25	19	128	761.318
0.261799	0.297065	2.160177	30	15	7	761.303
-0.785398	0.618092	2.539118	149	0	151	761.297
-0.523599	1.417623	-0.202254	9	149	29	761.259
-0.523599	1.128190	-2.288622	166	10	119	761.087
-2.094395	0.700570	1.559208	158	10	127	760.959
2.879793	2.104282	-0.813972	26	15	130	760.902
-2.094395	0.709924	0.218797	164	161	139	760.884
-3.141593	2.588535	-2.976617	7	146	141	760.874
-1.832596	1.569311	-3.003978	2	26	125	760.665
-0.261799	1.998705	2.370472	164	33	1	760.663
-1.308997	0.906588	1.252948	21	21	157	760.542
-1.308997	1.699788	2.452890	160	37	141	760.512
-2.879793	1.310100	1.488307	24	7	11	760.494
-0.785398	2.063651	-2.044600	24	12	153	760.437
1.570796	2.187132	-0.479875	148	167	164	760.296
0.000000	2.704512	1.488683	140	14	167	760.277
1.832596	2.881233	-2.582574	24	152	0	760.267
-2.094395	1.413347	-1.339188	14	164	150	760.086
-2.879793	2.108018	1.311430	21	19	33	760.045
2.356194	0.419640	2.974122	156	159	146	760.031
-2.879793	1.617114	-1.572037	2	142	7	759.950
2.094395	2.001437	0.381215	150	167	157	759.901
-1.047198	1.948085	-2.363031	14	22	130	759.760
-3.141593	1.433411	-1.035986	143	7	19	759.741
0.000000	1.113094	-0.272241	1	32	26	759.722
-0.785398	0.910508	1.903534	152	159	156	759.718
1.047198	0.866395	-2.492918	158	157	142	759.713
2.356194	1.809167	1.213774	16	19	158	759.682
-0.523599	2.478122	2.609777	10	31	16	759.461
-2.094395	1.904882	-1.478089	20	163	4	759.456
-2.879793	1.696674	-1.253233	20	13	147	759.431
-2.356194	1.134796	2.434290	15	10	137	759.377
-1.047198	1.135813	-2.658866	158	16	31	759.349
2.617994	1.448123	-2.163292	25	13	167	759.311
-2.879793	1.506530	1.988858	29	13	0	759.225
2.617994	2.393226	1.857173	165	166	36	759.156
-2.617994	2.407836	1.410646	163	161	27	759.102
0.523599	1.256302	0.062705	160	27	13	758.957
-1.047198	2.187132	-0.479875	2	16	134	758.826
2.617994	1.134796	2.434290	23	167	145	758.804
0.523599	1.135834	-1.431087	140	164	160	758.758
-1.308997	2.063651	-2.044600	17	22	166	758.609
1.047198	1.168678	2.108595	24	18	145	758.528
-3.141593	1.335669	0.897240	15	5	29	758.516
2.617994	0.571433	-1.188419	0	6	138	758.397
-1.047198	0.733948	3.021411	144	35	135	758.374
0.785398	1.658653	-2.409879	150	14	158	758.344
-0.523599	1.721184	-0.153948	167	14	129	758.343
2.617994	2.153910	-1.714959	141	161	140	758.114
2.094395	2.247462	0.191623	151	154	144	758.041
-0.523599	1.555207	1.708892	156	154	156	757.965
-2.879793	1.824694	1.850876	133	0	152	757.883
2.094395	1.756530	-2.105156	21	8	153	757.669
-2.617994	2.295480	1.008277	8	23	32	757.655
0.523599	0.496451	0.593859	18	151	146	757.406
-3.141593	1.904882	-1.478089	22	28	140	757.372
-2.879793	1.662363	0.915448	26	163	24	757.301
-2.879793	0.864993	2.278281	135	160	5	757.165
-1.308997	1.982574	-1.115518	160	24	134	757.138
-2.356194	0.762244	-0.273349	7	8	134	756.903
-2.094395	1.050534	3.042579	15	10	139	756.842
0.000000	1.128190	-2.288622	7	154	135	756.757
0.261799	0.591903	2.010408	153	160	139	756.735
0.261799	1.904882	-1.478089	23	20	6	756.634
2.094395	2.396274	-1.959260	142	9	9	756.575
-0.523599	0.203748	0.590255	10	14	141	756.359
1.047198	2.984978	1.954446	155	158	148	756.215
-3.141593	2.863997	0.549740	4	159	32	756.199
1.047198	1.128190	-2.288622	3	42	139	756.141
1.047198	1.662363	0.915448	151	16	18	756.063
1.308997	1.391910	3.030322	147	0	164	755.971
1.308997	2.063651	-2.044600	149	23	5	755.412
-0.261799	2.704512	1.488683	31	5	155	755.334
1.832596	1.113094	-0.272241	26	8	132	755.193
-0.523599	2.379497	0.561089	154	154	10	755.188
-2.094395	1.440580	2.260026	19	15	141	755.102
-1.832596	0.370812	-2.547742	29	8	13	754.853
2.356194	1.310100	1.488307	154	149	155	754.748
0.523599	1.696674	-1.253233	20	27	9	754.740
2.356194	0.899350	-2.069907	151	161	143	754.626
0.000000	2.247462	0.191623	9	18	136	754.617
-2.879793	0.700570	1.559208	27	1	3	754.465
-2.617994	0.709924	0.218797	5	9	133	754.456
1.308997	0.992645	-1.723759	12	25	0	754.453
-2.094395	1.732874	-0.951685	153	155	21	754.400
-1.308997	2.704512	1.488683	19	166	136	754.319
1.832596	1.606104	-0.451151	155	145	155	754.293
-2.617994	2.247462	0.191623	9	13	119	754.268
1.570796	0.992645	-1.723759	6	27	9	754.223
-2.879793	1.909857	-0.381669	17	20	123	754.111
2.617994	1.574060	2.783565	20	1	134	754.096
-0.261799	2.404280	-0.174044	5	17	134	754.024
-2.617994	1.872854	1.543456	24	18	32	754.002
-1.832596	0.733948	3.021411	10	9	137	753.935
1.308997	1.736875	3.023612	145	5	163	753.909
2.617994	1.977582	0.969896	145	8	155	753.685
-1.832596	0.496451	0.593859	26	4	21	753.528
2.879793	1.433411	-1.035986	13	143	144	753.525
-1.832596	1.242974	-2.977882	15	13	18	753.485
-0.523599	1.836682	-0.676006	158	18	129	753.456
2.879793	2.664082	-1.071402	136	154	155	753.408
-2.617994	1.310100	1.488307	24	13	23	753.354
2.356194	1.504028	0.636812	148	6	157	753.340
-2.094395	1.606104	-0.451151	12	8	143	753.290
0.523599	1.413347	-1.339188	141	161	166	753.275
0.523599	1.699788	2.452890	22	10	141	753.242
-2.879793	0.619654	-2.216909	0	7	132	753.167
0.523599	0.619654	-2.216909	162	24	130	752.845
2.356194	1.135813	-2.658866	146	18	131	752.806
2.356194	2.349581	-2.702517	146	19	147	752.674
2.356194	1.846342	-1.796954	20	16	144	752.589
0.785398	2.979456	-1.009304	150	8	5	752.451
-1.047198	0.615174	-0.666022	6	19	132	752.382
2.879793	2.295480	1.008277	161	157	28	752.377
-0.261799	2.138223	1.678323	13	3	26	752.365
2.879793	0.960688	-0.577532	10	148	144	752.239
1.832596	1.662363	0.915448	151	9	15	752.196
1.047198	2.396274	-1.959260	149	167	13	752.186
2.094395	0.906588	1.252948	161	139	146	752.119
2.094395	2.108018	1.311430	18	15	154	751.991
2.094395	1.135834	-1.431087	148	161	147	751.947
0.523599	0.418037	1.360082	146	166	153	751.909
2.879793	2.396274	-1.959260	146	156	151	751.786
-2.617994	0.899350	-2.069907	148	2	140	751.499
0.261799	1.909857	-0.381669	17	1	31	751.480
-1.832596	1.658653	-2.409879	18	10	18	751.250
2.094395	1.545873	-1.877082	22	8	152	751.240
-1.047198	1.870545	-2.976234	164	15	132	751.203
2.356194	0.458961	-0.107937	30	0	153	751.188
0.785398	1.696674	-1.253233	143	164	164	751.087
-2.356194	1.506530	1.988858	27	23	18	751.068
-1.832596	1.440580	2.260026	160	13	36	750.990
-0.261799	0.709924	0.218797	8	166	146	750.771
2.356194	1.413347	-1.339188	144	160	154	750.759
2.356194	0.762244	-0.273349	159	15	134	750.705
-0.785398	0.615174	-0.666022	16	154	141	750.643
0.000000	2.719179	-1.780644	149	7	10	750.555
0.000000	1.134497	-1.109631	154	6	140	750.541
-3.141593	1.135834	-1.431087	9	12	140	750.414
2.617994	1.998705	2.370472	18	7	141	750.367
2.356194	2.001437	0.381215	151	165	157	750.281
-3.141593	1.374601	-2.456031	15	16	123	750.277
-2.094395	0.571433	-1.188419	163	1	32	750.206
1.308997	1.741644	-2.695914	150	166	17	750.198
-0.785398	1.766067	2.153843	151	30	145	750.188
2.094395	1.247695	1.809890	150	164	148	750.182
1.570796	1.433411	-1.035986	149	163	153	750.170
-1.047198	1.872854	1.543456	19	20	20	750.078
1.832596	0.458961	-0.107937	150	167	23	750.066
0.000000	1.504028	0.636812	161	163	30	750.016
-2.617994	1.683268	0.374177	151	166	147	749.904
1.047198	1.872854	1.543456	166	161	48	749.861
0.785398	1.256302	0.062705	154	12	33	749.702
-1.047198	1.134796	2.434290	147	6	155	749.698
-0.261799	1.025536	1.576859	157	151	162	749.588
2.356194	1.242974	-2.977882	16	143	135	749.563
-1.047198	0.496451	0.593859	149	19	4	749.289
-1.832596	2.760637	2.781135	20	30	146	749.284
1.047198	1.413430	2.550734	23	21	148	749.267
2.356194	2.588535	-2.976617	6	158	26	749.161
0.261799	1.391910	3.030322	157	23	5	749.125
0.523599	1.683268	0.374177	159	25	21	749.071
-1.570796	2.455966	-0.641220	149	8	160	749.065
-3.141593	0.929350	-2.910676	22	22	131	749.016
-0.523599	0.290380	-0.796960	5	20	130	749.012
-1.047198	0.709924	0.218797	10	18	135	749.008
2.879793	1.242974	-2.977882	160	152	142	748.896
-2.356194	2.343981	-1.040456	150	156	19	748.850
-1.308997	1.413347	-1.339188	21	14	152	748.826
2.356194	0.910508	1.903534	155	154	146	748.774
-3.141593	1.195355	1.200319	20	3	28	748.551
1.570796	1.721184	-0.153948	157	137	159	748.532
0.261799	2.587733	0.232235	157	30	10	748.294
2.617994	2.115563	0.685730	152	155	141	748.100
-0.261799	1.247695	1.809890	147	163	165	748.098
2.356194	2.704512	1.488683	163	15	125	748.073
-2.617994	0.203748	0.590255	147	31	16	748.048
2.617994	0.866395	-2.492918	19	20	126	747.926
2.879793	1.448123	-2.163292	4	17	117	747.908
0.523599	2.174483	2.653697	21	13	136	747.869
2.094395	1.134497	-1.109631	146	163	149	747.821
-2.094395	0.591903	2.010408	10	17	131	747.681
-1.308997	1.741644	-2.695914	154	17	25	747.543
-2.617994	0.379747	-1.713059	30	14	9	747.398
-0.785398	0.496451	0.593859	10	13	141	747.355
2.617994	2.407836	1.410646	140	164	152	747.345
-0.261799	1.448123	-2.163292	162	14	116	747.011
2.617994	0.290380	-0.796960	3	11	134	746.965
-1.570796	2.637879	2.121598	21	20	22	746.923
-1.832596	2.063651	-2.044600	15	7	124	746.908
-2.356194	1.113094	-0.272241	15	6	142	746.819
-0.523599	1.812176	0.656819	149	163	3	746.793
-1.308997	1.574060	2.783565	160	36	133	746.787
0.523599	0.379747	-1.713059	10	150	136	746.724
2.617994	0.618092	2.539118	24	167	145	746.722
-0.785398	1.134796	2.434290	149	165	152	746.582
-2.356194	0.615174	-0.666022	6	5	134	746.528
-2.356194	1.872854	1.543456	146	165	19	746.490
0.000000	2.724429	-0.348782	151	25	19	746.325
0.523599	1.554776	0.100351	160	26	19	746.279
2.356194	1.391910	3.030322	145	160	6	746.118
2.879793	1.184361	0.625864	154	165	150	745.975
0.785398	1.045978	0.343692	17	0	128	745.958
1.570796	2.115563	0.685730	148	11	5	745.922
0.261799	0.831641	0.616218	15	164	133	745.761
1.570796	0.080730	-2.622036	163	159	143	745.709
2.879793	1.504028	0.636812	155	160	149	745.549
-1.047198	0.831641	0.616218	17	165	152	745.475
0.261799	1.869911	2.701025	20	6	141	745.442
-2.617994	1.367556	0.358405	0	27	121	745.382
2.617994	2.588535	-2.976617	167	134	0	745.330
0.523599	1.617114	-1.572037	143	162	3	745.304
0.523599	0.899350	-2.069907	7	4	121	745.180
-1.308997	2.587733	0.232235	165	161	136	745.152
2.879793	2.579248	-2.364801	156	139	159	744.865
-1.047198	1.218453	2.777284	167	162	138	744.693
-2.879793	1.872854	1.543456	147	151	161	744.686
-1.308997	0.571433	-1.188419	160	29	139	744.673
0.523599	2.719179	-1.780644	156	154	29	744.665
1.047198	1.506530	1.988858	21	19	136	744.628
-3.141593	1.113094	-0.272241	145	4	37	744.529
-1.832596	2.587733	0.232235	143	4	17	744.517
1.308997	1.413430	2.550734	10	5	145	744.459
1.832596	0.571433	-1.188419	166	163	141	744.410
-1.570796	2.719179	-1.780644	30	7	140	744.347
2.356194	0.961715	0.014085	13	26	3	744.242
-2.617994	2.073035	2.027405	20	26	151	744.077
2.617994	1.214854	-1.966664	151	155	147	744.010
-1.308997	2.356369	3.005869	145	3	16	743.992
-0.261799	0.906588	1.252948	15	165	134	743.854
1.832596	0.831641	0.616218	155	20	137	743.822
-2.356194	2.664082	-1.071402	15	28	129	743.723
2.356194	1.256302	0.062705	18	1	133	743.492
2.879793	1.335669	0.897240	153	161	152	743.450
-2.879793	0.591903	2.010408	133	163	5	743.424
-0.523599	1.247695	1.809890	148	1	160	743.343
-0.261799	1.417623	-0.202254	165	9	130	743.254
0.000000	1.872854	1.543456	143	163	16	743.089
-1.047198	1.045978	0.343692	151	14	125	743.054
0.261799	1.658653	-2.409879	19	7	152	742.939
-1.308997	1.504028	0.636812	13	12	145	742.929
-2.617994	0.290380	-0.796960	1	8	131	742.794
-1.570796	1.214854	-1.966664	146	16	11	742.754
-1.047198	0.591903	2.010408	150	158	161	742.691
2.094395	1.824694	1.850876	144	9	161	742.663
2.617994	0.615174	-0.666022	135	13	158	742.640
-2.617994	2.108018	1.311430	17	21	33	742.626
1.570796	0.864993	2.278281	147	160	151	742.588
-0.261799	2.881233	-2.582574	160	151	28	742.540
-0.523599	1.824694	1.850876	13	23	18	742.504
-0.261799	1.510910	-0.740472	157	11	133	742.482
-1.308997	1.756530	-2.105156	18	14	21	742.299
0.523599	1.045978	0.343692	14	0	126	742.212
-2.094395	2.251330	-2.330739	148	37	10	742.077
1.832596	0.618092	2.539118	157	153	147	742.030
-0.523599	1.218453	2.777284	20	17	7	741.959
-0.261799	1.741644	-2.695914	167	10	133	741.907
-0.261799	0.685216	-1.712745	149	160	162	741.838
-3.141593	1.741644	-2.695914	158	16	134	741.717
1.047198	2.588535	-2.976617	150	21	8	741.586
-2.617994	2.115563	0.685730	149	158	160	741.570
-0.261799	0.080730	-2.622036	139	148	153	741.520
1.570796	2.063651	-2.044600	145	17	3	741.428
1.832596	1.545873	-1.877082	1	156	126	741.373
0.785398	1.168678	2.108595	24	13	144	741.370
-1.308997	1.247695	1.809890	21	0	2	741.354
1.308997	1.506530	1.988858	144	164	4	741.331
-3.141593	2.247462	0.191623	7	10	119	741.292
1.308997	2.001437	0.381215	15	6	138	741.279
-0.785398	1.696674	-1.253233	151	20	137	741.129
1.570796	2.041297	-2.664597	156	13	34	741.121
1.047198	2.349581	-2.702517	137	159	144	741.047
0.785398	0.906588	1.252948	145	160	8	741.001
2.617994	0.640596	-2.797608	23	14	132	740.822
0.261799	1.683268	0.374177	14	7	147	740.636
1.570796	0.831641	0.616218	28	22	135	740.470
-3.141593	2.089241	-0.114193	14	15	120	740.424
-1.047198	2.153910	-1.714959	22	11	129	740.345
-2.617994	1.545873	-1.877082	165	10	118	740.323
0.261799	1.025536	1.576859	140	6	1	740.322
0.523599	0.762244	-0.273349	154	28	137	740.322
-3.141593	1.488617	1.159546	19	7	28	740.297
-3.141593	0.571433	-1.188419	164	10	131	740.186
1.047198	2.579248	-2.364801	13	164	138	740.179
-3.141593	1.599406	1.426070	149	16	22	740.089
0.261799	2.033014	2.977192	157	13	132	740.055
0.785398	0.619654	-2.216909	11	0	126	739.901
-2.356194	2.379497	0.561089	161	146	146	739.802
2.356194	0.640596	-2.797608	23	10	133	739.798
0.523599	1.606104	-0.451151	165	28	15	739.750
-2.356194	1.683268	0.374177	151	164	143	739.744
0.000000	1.977582	0.969896	155	154	0	739.700
0.523599	2.089241	-0.114193	7	152	145	739.695
2.356194	2.247462	0.191623	154	162	27	739.668
-2.879793	2.174483	2.653697	24	15	137	739.581
-0.785398	0.899350	-2.069907	162	166	124	739.565
2.094395	1.301460	-0.509251	155	27	32	739.534
1.308997	1.214854	-1.966664	160	153	144	739.503
1.832596	1.488617	1.159546	14	167	135	739.478
0.785398	2.984978	1.954446	145	3	162	739.472
2.094395	2.349581	-2.702517	157	3	34	739.443
0.523599	1.977582	0.969896	1	4	50	739.443
2.617994	1.242974	-2.977882	152	1	39	739.368
1.570796	0.458961	-0.107937	14	0	135	739.361
-1.308997	2.295480	1.008277	148	13	21	739.348
2.094395	0.910508	1.903534	153	151	151	739.312
1.570796	2.299159	2.264663	8	2	139	739.185
1.832596	2.456751	-1.503343	161	31	43	739.082
-1.570796	1.977582	0.969896	9	4	125	739.081
-2.356194	2.104282	-0.813972	148	158	24	739.065
-0.523599	2.299159	2.264663	143	24	19	739.062
-2.879793	1.555207	1.708892	25	12	7	738.967
-2.617994	1.909857	-0.381669	144	167	33	738.923
-2.879793	2.001437	0.381215	2	17	117	738.844
-2.879793	2.356369	3.005869	12	159	143	738.812
1.308997	1.875281	0.107086	156	20	22	738.793
-3.141593	2.349581	-2.702517	164	153	144	738.748
-2.617994	2.343981	-1.040456	0	32	11	738.731
0.785398	1.824694	1.850876	138	6	4	738.698
-1.832596	1.721184	-0.153948	18	14	146	738.698
1.570796	2.863997	0.549740	162	160	135	738.682
0.261799	0.960688	-0.577532	0	35	24	738.596
0.261799	1.721184	-0.153948	167	27	17	738.500
-0.785398	2.187132	-0.479875	0	16	134	738.489
1.570796	2.592629	0.909713	149	23	0	738.449
-1.047198	1.310100	1.488307	19	13	160	738.393
1.570796	1.194549	-0.801900	20	138	146	738.357
2.879793	1.756530	-2.105156	20	26	152	738.336
1.832596	0.203748	0.590255	163	14	130	738.087
-3.141593	0.733948	3.021411	26	15	139	738.023
2.879793	0.615174	-0.666022	162	13	132	737.942
-1.570796	1.413347	-1.339188	20	9	152	737.865
0.000000	2.033014	2.977192	16	2	140	737.847
2.094395	1.045978	0.343692	142	167	29	737.787
-2.879793	1.732874	-0.951685	139	155	143	737.453
-0.785398	1.450119	-2.739050	147	1	15	737.375
0.000000	2.579248	-2.364801	147	149	151	737.318
0.785398	1.413347	-1.339188	163	157	143	737.311
1.570796	2.251330	-2.330739	148	166	20	737.307
-1.832596	1.875281	0.107086	154	162	140	737.041
0.261799	1.699788	2.452890	20	5	140	736.991
1.832596	2.396274	-1.959260	148	166	22	736.971
-0.523599	2.393226	1.857173	141	15	24	736.923
0.523599	1.721184	-0.153948	164	27	17	736.879
0.523599	1.128190	-2.288622	4	7	118	736.868
1.047198	2.001437	0.381215	150	14	22	736.853
2.094395	1.554776	0.100351	12	163	129	736.840
0.785398	2.356369	3.005869	137	150	156	736.565
-3.141593	2.396274	-1.959260	149	153	160	736.559
-1.570796	0.914445	2.687814	163	44	136	736.413
2.094395	2.164094	-2.991358	148	21	142	736.391
-0.785398	1.812176	0.656819	152	160	10	736.279
1.832596	1.977582	0.969896	4	160	129	736.254
-1.047198	0.458961	-0.107937	8	16	132	736.235
-2.094395	1.683268	0.374177	2	13	124	736.205
-1.308997	1.812176	0.656819	18	22	156	736.150
-2.356194	0.831641	0.616218	7	3	138	736.096
-2.094395	0.866955	-0.931351	9	148	144	736.053
-2.094395	0.418037	1.360082	160	12	131	735.936
1.570796	0.418037	1.360082	154	19	135	735.881
0.261799	0.419640	2.974122	143	143	151	735.841
0.261799	1.875281	0.107086	9	12	137	735.713
0.261799	2.041297	-2.664597	8	6	142	735.533
1.832596	2.984978	1.954446	14	20	8	735.488
2.617994	1.741644	-2.695914	163	10	126	735.480
1.308997	0.379747	-1.713059	162	29	131	735.442
-1.308997	2.724429	-0.348782	161	145	26	735.420
1.832596	1.014500	0.906702	149	150	156	735.406
-1.832596	0.379747	-1.713059	3	12	44	735.228
1.308997	1.554776	0.100351	154	21	20	735.103
0.785398	2.393226	1.857173	150	150	164	735.039
-2.094395	2.592629	0.909713	15	23	16	734.885
2.356194	2.251330	-2.330739	140	167	163	734.884
2.879793	0.419640	2.974122	27	12	139	734.798
0.785398	2.478122	2.609777	20	19	132	734.693
-2.356194	2.356369	3.005869	25	21	137	734.638
1.047198	2.404280	-0.174044	159	19	20	734.553
0.000000	0.591903	2.010408	32	5	5	734.451
0.785398	2.404280	-0.174044	161	21	24	734.449
2.094395	1.325504	-1.671296	145	164	149	734.349
2.617994	2.063651	-2.044600	18	17	146	734.217
-1.308997	2.187132	-0.479875	151	162	162	734.092
1.047198	0.458961	-0.107937	4	166	134	733.937
-0.261799	2.396274	-1.959260	25	18	160	733.911
0.261799	0.709924	0.218797	8	161	134	733.909
-3.141593	1.504028	0.636812	149	5	150	733.851
-0.261799	0.618092	2.539118	135	26	145	733.824
-1.047198	0.674054	1.013609	14	17	144	733.711
1.047198	2.637879	2.121598	154	26	7	733.574
-1.308997	1.617114	-1.572037	150	165	150	733.541
0.000000	1.325504	-1.671296	28	166	157	733.400
1.047198	0.297065	2.160177	155	19	133	733.399
-3.141593	1.050534	3.042579	148	163	38	733.289
-0.523599	2.115563	0.685730	150	164	157	733.189
-2.356194	2.579248	-2.364801	153	42	3	732.902
-2.094395	1.599406	1.426070	148	162	19	732.792
1.047198	1.699788	2.452890	145	142	158	732.726
-0.785398	1.872854	1.543456	16	21	20	732.692
-1.047198	1.683268	0.374177	20	11	7	732.677
-2.094395	1.869911	2.701025	13	31	137	732.520
-2.356194	1.413430	2.550734	15	32	139	732.430
-1.570796	0.290380	-0.796960	4	12	130	732.408
-0.785398	1.982574	-1.115518	153	21	133	732.397
0.000000	0.709924	0.218797	4	164	133	732.333
-1.570796	2.760637	2.781135	145	5	9	732.281
2.356194	1.510910	-0.740472	28	8	137	732.245
2.617994	1.569311	-3.003978	147	6	131	732.100
-3.141593	0.640596	-2.797608	16	6	29	731.952
-1.308997	0.709924	0.218797	11	16	135	731.941
-0.785398	0.864993	2.278281	23	166	161	731.859
-1.832596	1.488617	1.159546	8	20	46	731.769
2.617994	0.866955	-0.931351	149	18	25	731.755
-0.785398	2.033014	2.977192	165	4	137	731.746
0.261799	0.290380	-0.796960	8	23	131	731.703
2.617994	2.863997	0.549740	162	158	29	731.627
0.785398	0.080730	-2.622036	159	154	34	731.457
-1.308997	2.001437	0.381215	21	8	25	731.418
-1.047198	2.664082	-1.071402	156	36	6	731.349
-3.141593	1.696674	-1.253233	30	24	147	731.278
-0.523599	0.831641	0.616218	13	160	145	731.232
0.785398	0.618092	2.539118	160	20	12	731.211
-1.308997	0.914445	2.687814	146	10	158	731.172
-1.047198	2.251330	-2.330739	20	20	138	731.051
-2.617994	0.619654	-2.216909	7	6	138	731.017
2.617994	1.554776	0.100351	2	25	9	731.000
-2.356194	2.153910	-1.714959	19	160	6	730.925
0.261799	2.704512	1.488683	27	164	142	730.915
-2.879793	0.640596	-2.797608	0	12	128	730.828
-0.523599	0.571433	-1.188419	3	22	131	730.791
2.617994	1.836682	-0.676006	25	13	128	730.740
0.785398	2.041297	-2.664597	7	41	144	730.648
-1.832596	1.050534	3.042579	15	13	142	730.622
-2.879793	1.554776	0.100351	1	28	118	730.593
-3.141593	0.866955	-0.931351	164	11	133	730.464
-0.785398	1.128190	-2.288622	164	12	119	730.425
-0.523599	2.407836	1.410646	141	4	24	730.398
2.617994	0.910508	1.903534	142	9	155	730.245
-0.523599	2.001437	0.381215	155	8	34	730.172
-0.523599	1.766067	2.153843	158	154	152	730.122
-2.617994	2.704512	1.488683	164	161	30	730.068
-3.141593	0.992645	-1.723759	144	20	150	730.023
2.617994	2.881233	-2.582574	149	157	163	729.919
0.523599	1.325504	-1.671296	25	154	137	729.804
0.523599	0.831641	0.616218	20	0	133	729.766
-1.570796	1.194549	-0.801900	156	153	25	729.728
0.785398	1.301460	-0.509251	159	26	10	729.676
2.879793	2.588535	-2.976617	164	167	36	729.406
1.047198	0.961715	0.014085	5	5	128	729.355
0.523599	1.247695	1.809890	138	10	161	729.052
-0.261799	1.554776	0.100351	3	10	131	729.028
0.261799	2.592629	0.909713	159	148	4	728.999
1.570796	2.704512	1.488683	156	32	3	728.904
0.000000	2.587733	0.232235	8	19	133	728.889
-2.879793	1.214854	-1.966664	151	167	133	728.835
-1.047198	2.379497	0.561089	18	29	134	728.832
2.879793	0.080730	-2.622036	1	18	129	728.774
-2.356194	2.587733	0.232235	21	8	131	728.772
1.047198	0.929350	-2.910676	150	160	1	728.643
-1.570796	1.218453	2.777284	17	17	140	728.572
-1.570796	1.599406	1.426070	144	162	161	728.499
2.617994	1.417623	-0.202254	21	167	135	728.483
0.261799	2.588535	-2.976617	166	136	159	728.476
0.785398	1.766067	2.153843	141	147	167	728.457
1.832596	1.904882	-1.478089	146	0	152	728.282
0.523599	1.450119	-2.739050	158	152	21	728.211
0.000000	0.290380	-0.796960	135	0	164	728.135
0.000000	0.906588	1.252948	21	166	140	728.086
0.261799	1.736875	3.023612	20	6	146	727.955
2.617994	0.929350	-2.910676	162	155	140	727.950
-2.879793	0.290380	-0.796960	2	26	19	727.828
-2.879793	1.367556	0.358405	2	27	122	727.798
-1.047198	0.203748	0.590255	146	17	9	727.793
2.094395	0.929350	-2.910676	149	160	156	727.783
-2.879793	0.203748	0.590255	14	152	21	727.677
-1.308997	2.393226	1.857173	14	27	15	727.662
2.617994	2.180315	-1.357379	147	161	22	727.650
-2.094395	1.218453	2.777284	0	12	34	727.592
0.000000	1.510910	-0.740472	157	3	133	727.569
2.094395	0.700570	1.559208	153	155	146	727.502
0.523599	2.115563	0.685730	167	162	37	727.501
2.094395	1.367556	0.358405	147	164	154	727.346
-3.141593	0.914445	2.687814	31	8	151	727.278
1.832596	0.615174	-0.666022	154	34	5	727.277
0.785398	1.606104	-0.451151	161	27	15	727.145
1.832596	0.290380	-0.796960	153	28	0	726.978
0.523599	2.299159	2.264663	143	15	148	726.918
1.570796	1.510910	-0.740472	147	1	152	726.860
1.832596	2.041297	-2.664597	146	28	143	726.687
-2.879793	2.063651	-2.044600	153	1	143	726.661
2.094395	1.242974	-2.977882	150	156	159	726.521
1.047198	2.393226	1.857173	20	29	130	726.459
-0.785398	1.569311	-3.003978	153	149	2	726.318
0.523599	2.138223	1.678323	147	160	161	726.271
2.356194	2.724429	-0.348782	156	162	27	726.223
0.523599	1.214854	-1.966664	14	39	151	726.168
0.785398	1.721184	-0.153948	159	25	23	726.094
0.523599	1.824694	1.850876	143	153	11	726.036
2.879793	0.899350	-2.069907	154	156	143	725.947
-1.047198	1.506530	1.988858	151	30	147	725.946
-1.047198	1.836682	-0.676006	141	166	152	725.924
-2.879793	2.104282	-0.813972	24	23	131	725.914
2.094395	1.606104	-0.451151	147	161	155	725.909
-2.617994	2.588535	-2.976617	13	157	140	725.871
2.094395	2.979456	-1.009304	157	167	28	725.864
0.261799	2.138223	1.678323	144	162	16	725.726
1.570796	1.113094	-0.272241	153	29	142	725.690
2.094395	2.115563	0.685730	152	160	24	725.541
-2.356194	1.440580	2.260026	18	9	143	725.478
-0.261799	0.458961	-0.107937	5	24	132	725.403
2.879793	1.977582	0.969896	144	26	126	725.288
0.785398	0.203748	0.590255	16	4	140	725.274
-0.523599	1.242974	-2.977882	143	29	129	725.244
-1.570796	1.875281	0.107086	6	17	126	725.186
2.094395	1.504028	0.636812	147	160	6	725.159
0.785398	1.977582	0.969896	2	5	50	725.116
-1.047198	1.554776	0.100351	165	11	36	725.115
-3.141593	1.721184	-0.153948	14	23	120	725.102
-3.141593	0.864993	2.278281	135	166	8	725.078
2.879793	1.982574	-1.115518	30	17	137	724.995
2.094395	2.704512	1.488683	167	16	130	724.995
1.308997	1.325504	-1.671296	146	1	4	724.986
-1.570796	0.961715	0.014085	6	15	136	724.853
-1.570796	2.343981	-1.040456	163	21	132	724.720
1.832596	2.724429	-0.348782	162	159	32	724.418
-1.308997	1.569311	-3.003978	153	12	25	724.413
1.832596	1.025536	1.576859	147	158	164	724.381
0.000000	2.153910	-1.714959	22	26	162	724.217
-2.617994	0.866955	-0.931351	13	161	144	724.205
0.000000	2.881233	-2.582574	163	3	34	724.180
0.261799	0.866955	-0.931351	159	0	141	724.092
-2.094395	0.864993	2.278281	14	18	133	724.087
-3.141593	2.456751	-1.503343	146	2	0	724.085
2.356194	1.014500	0.906702	162	139	145	724.023
-1.832596	1.948085	-2.363031	17	10	23	724.008
2.617994	1.732874	-0.951685	154	6	39	723.912
-2.617994	0.496451	0.593859	159	164	142	723.853
-2.879793	0.899350	-2.069907	2	5	133	723.835
-0.785398	0.619654	-2.216909	146	10	128	723.807
1.047198	1.014500	0.906702	27	17	132	723.799
-0.785398	2.592629	0.909713	22	29	138	723.770
-1.570796	1.510910	-0.740472	157	0	29	723.694
-3.141593	2.063651	-2.044600	155	150	133	723.689
0.261799	0.370812	-2.547742	15	147	5	723.632
0.523599	1.662363	0.915448	26	3	5	723.554
0.523599	2.153910	-1.714959	149	14	147	723.265
-2.094395	0.992645	-1.723759	19	30	30	723.036
0.785398	2.063651	-2.044600	151	163	9	723.003
-2.617994	0.685216	-1.712745	0	8	131	722.986
2.879793	2.153910	-1.714959	18	18	141	722.720
1.570796	0.674054	1.013609	150	152	149	722.695
-2.617994	1.721184	-0.153948	1	30	118	722.695
0.000000	1.247695	1.809890	30	11	151	722.644
-2.879793	2.760637	2.781135	160	17	133	722.603
-0.785398	1.836682	-0.676006	157	21	128	722.529
-1.047198	1.998705	2.370472	152	30	141	722.523
-2.879793	1.374601	-2.456031	158	23	128	722.490
-1.308997	0.615174	-0.666022	19	153	18	722.417
1.047198	0.850607	-1.335383	153	29	137	722.345
-0.523599	1.214854	-1.966664	7	8	120	722.313
0.000000	0.496451	0.593859	20	156	16	722.250
0.523599	1.909857	-0.381669	164	26	18	722.203
-1.047198	1.574060	2.783565	151	145	3	722.184
1.047198	1.310100	1.488307	17	4	28	722.164
-3.141593	0.831641	0.616218	11	25	125	722.089
