144	1.2	0
-1.832596	1.869911	2.701025
0.062503	1.496269	-1.618112
../6r7m_monomer_m.pdb	-79.563	310.828	-135.579
../6r7m_monomer_m.pdb	218.734	190.711	190.650
0.000000	2.343981	-1.040456	9	2	127	1616.418
-0.261799	1.696674	-1.253233	142	3	13	1527.164
2.094395	1.247695	1.809890	135	130	132	1341.418
-0.261799	2.153910	-1.714959	0	1	124	1278.495
1.832596	1.025536	1.576859	138	135	128	1265.012
1.832596	1.310100	1.488307	135	135	131	1259.644
1.832596	0.910508	1.903534	138	133	128	1245.786
0.000000	2.180315	-1.357379	3	1	124	1245.744
-1.832596	1.909857	-0.381669	19	129	130	1238.695
2.094395	1.168678	2.108595	135	129	133	1207.797
1.832596	1.247695	1.809890	135	134	132	1198.475
-0.261799	1.617114	-1.572037	142	3	14	1182.304
2.356194	1.168678	2.108595	136	126	132	1164.786
0.523599	1.836682	-0.676006	137	140	11	1161.319
2.094395	1.025536	1.576859	137	131	128	1156.408
0.000000	1.510910	-0.740472	138	13	10	1150.635
-2.617994	1.168678	2.108595	1	121	132	1150.535
-0.785398	1.904882	-1.478089	8	1	123	1143.322
2.094395	1.555207	1.708892	133	131	135	1141.068
1.570796	1.025536	1.576859	139	138	128	1131.233
2.094395	0.910508	1.903534	138	130	128	1123.050
2.617994	2.724429	-0.348782	5	120	4	1114.310
2.094395	1.310100	1.488307	135	131	130	1106.298
1.832596	1.555207	1.708892	133	135	136	1105.237
1.308997	1.846342	-1.796954	135	124	12	1104.436
1.832596	0.906588	1.252948	141	134	124	1099.522
2.617994	2.404280	-0.174044	3	120	3	1096.759
1.308997	2.174483	2.653697	1	120	25	1095.562
-2.356194	1.247695	1.809890	9	117	128	1093.240
-2.879793	1.168678	2.108595	143	119	131	1092.531
-2.879793	0.992645	-1.723759	6	129	8	1090.009
-0.523599	2.108018	1.311430	7	132	136	1087.690
-0.785398	1.846342	-1.796954	3	3	125	1086.200
-1.308997	1.504028	0.636812	8	128	129	1085.253
1.570796	1.310100	1.488307	137	139	132	1080.549
-1.047198	1.904882	-1.478089	12	0	124	1078.638
-0.261799	2.180315	-1.357379	6	1	124	1077.125
-1.832596	0.700570	1.559208	14	124	117	1076.565
-2.094395	1.506530	1.988858	11	113	131	1070.949
2.617994	1.134497	-1.109631	4	141	121	1070.823
-1.047198	2.180315	-1.357379	17	143	127	1068.838
1.047198	2.138223	1.678323	135	132	138	1067.081
-2.356194	2.180315	-1.357379	23	125	134	1058.133
-2.094395	1.247695	1.809890	12	123	130	1057.823
-1.570796	1.948085	-2.363031	4	132	15	1056.429
-1.832596	1.025536	1.576859	18	122	121	1056.330
0.000000	2.153910	-1.714959	3	2	124	1054.418
-2.094395	1.440580	2.260026	11	113	131	1052.226
-3.141593	1.766067	2.153843	140	114	136	1052.160
2.094395	1.413430	2.550734	135	127	136	1050.538
2.356194	2.455966	-0.641220	3	119	5	1050.032
-0.523599	2.073035	2.027405	13	5	3	1047.427
1.570796	0.910508	1.903534	140	136	131	1044.625
2.617994	1.488617	1.159546	139	141	138	1043.827
2.094395	0.906588	1.252948	140	132	124	1043.540
-2.094395	0.910508	1.903534	15	119	120	1042.047
-2.617994	1.247695	1.809890	6	116	128	1041.740
-0.523599	2.138223	1.678323	11	140	141	1036.257
1.308997	0.910508	1.903534	142	139	131	1034.748
0.261799	1.982574	-1.115518	139	140	14	1034.620
-2.617994	1.025536	1.576859	5	118	124	1033.423
-0.785398	2.180315	-1.357379	12	1	126	1032.649
0.523599	0.831641	0.616218	17	0	130	1028.408
0.523599	1.732874	-0.951685	134	138	10	1026.447
-0.523599	1.658653	-2.409879	9	15	134	1025.824
1.570796	2.073035	2.027405	138	130	136	1025.448
0.785398	1.904882	-1.478089	135	133	13	1024.672
-3.141593	1.440580	2.260026	140	114	133	1021.351
-1.047198	1.310100	1.488307	19	136	126	1018.977
-1.832596	1.721184	-0.153948	14	128	128	1018.919
2.094395	1.506530	1.988858	133	130	136	1016.936
-0.523599	1.732874	-0.951685	7	140	118	1016.365
-1.047198	1.545873	-1.877082	3	1	122	1015.844
-3.141593	1.699788	2.452890	140	114	136	1010.159
-2.617994	2.187132	-0.479875	16	119	137	1007.738
2.617994	1.599406	1.426070	134	122	131	1007.220
-0.523599	1.904882	-1.478089	4	2	122	1005.186
-0.261799	1.732874	-0.951685	141	5	13	1003.579
-3.141593	2.115563	0.685730	141	108	133	1003.238
2.879793	1.413430	2.550734	137	115	133	1001.173
0.261799	1.875281	0.107086	135	130	138	1000.141
0.523599	1.982574	-1.115518	136	138	14	999.504
2.356194	1.869911	2.701025	134	117	137	998.602
-0.785398	2.138223	1.678323	16	137	140	998.363
0.000000	1.982574	-1.115518	1	1	121	998.025
1.832596	0.591903	2.010408	142	133	127	997.595
-0.261799	2.108018	1.311430	7	133	136	995.555
-2.094395	1.168678	2.108595	10	114	126	995.422
2.617994	0.914445	2.687814	137	119	124	994.040
1.308997	1.904882	-1.478089	135	124	11	991.660
-2.094395	0.700570	1.559208	11	121	117	989.866
2.617994	1.555207	1.708892	134	122	133	988.994
-1.308997	1.606104	-0.451151	13	133	122	988.238
2.094395	1.440580	2.260026	135	128	136	987.653
-0.261799	2.041297	-2.664597	12	142	13	987.186
0.261799	1.904882	-1.478089	140	140	119	986.081
-3.141593	0.458961	-0.107937	10	123	131	984.766
-1.047198	1.846342	-1.796954	9	2	124	984.670
-1.308997	2.180315	-1.357379	19	141	128	984.573
1.308997	2.073035	2.027405	138	131	136	984.403
0.785398	0.910508	1.903534	5	0	135	984.247
-1.832596	1.506530	1.988858	16	116	130	984.129
1.308997	1.310100	1.488307	141	143	134	983.216
-0.785398	1.696674	-1.253233	9	0	13	982.686
2.879793	0.864993	2.278281	141	118	123	982.575
2.094395	1.113094	-0.272241	138	138	118	982.575
-2.094395	1.909857	-0.381669	18	126	131	981.983
2.617994	1.135813	-2.658866	9	140	18	981.831
0.000000	0.419640	2.974122	8	136	140	981.457
2.356194	1.134497	-1.109631	3	143	122	981.030
-2.879793	0.700570	1.559208	5	121	121	980.095
1.832596	1.599406	1.426070	133	137	135	979.277
-1.308997	2.138223	1.678323	18	137	2	978.861
2.617994	1.574060	2.783565	137	117	134	977.507
-2.617994	1.872854	1.543456	135	135	29	977.417
-0.523599	2.393226	1.857173	12	137	0	976.981
-0.523599	1.982574	-1.115518	3	2	17	976.648
-3.141593	1.506530	1.988858	140	115	133	975.917
-2.094395	0.685216	-1.712745	14	126	142	974.940
-3.141593	1.135834	-1.431087	4	128	9	974.389
0.523599	1.696674	-1.253233	134	138	11	972.822
-0.785398	2.108018	1.311430	14	138	139	972.756
2.094395	1.195355	1.200319	137	131	126	972.411
0.523599	0.910508	1.903534	9	0	135	971.137
-2.879793	0.850607	-1.335383	10	116	143	970.643
1.832596	2.863997	0.549740	130	121	0	970.016
-0.261799	1.904882	-1.478089	142	3	123	969.800
2.094395	1.869911	2.701025	132	120	137	969.607
-0.523599	1.696674	-1.253233	140	3	13	968.137
-1.832596	2.180315	-1.357379	23	133	131	967.511
0.523599	2.343981	-1.040456	140	3	125	965.565
-3.141593	0.910508	1.903534	4	115	20	964.626
1.308997	1.699788	2.452890	135	123	25	963.481
-2.356194	1.025536	1.576859	9	119	124	963.396
-0.261799	2.295480	1.008277	12	136	136	960.231
-1.047198	2.407836	1.410646	15	133	143	959.540
-1.570796	1.134796	2.434290	20	128	16	959.425
-2.094395	2.456751	-1.503343	26	129	136	959.281
0.000000	2.407836	1.410646	12	136	138	958.951
-0.261799	2.073035	2.027405	11	7	3	957.923
-3.141593	1.977582	0.969896	138	109	132	956.914
-1.832596	1.214854	-1.966664	11	129	7	955.280
0.261799	1.732874	-0.951685	138	141	11	955.226
2.879793	1.134796	2.434290	141	116	128	954.657
2.356194	1.440580	2.260026	134	126	136	954.378
1.308997	1.247695	1.809890	140	141	135	954.347
-2.356194	1.168678	2.108595	10	116	127	953.533
2.617994	1.168678	2.108595	138	123	132	953.190
0.261799	2.104282	-0.813972	5	1	122	953.100
1.570796	1.555207	1.708892	135	140	137	952.488
-0.523599	1.846342	-1.796954	0	4	124	951.802
1.832596	1.846342	-1.796954	141	115	9	951.398
-0.523599	1.555207	1.708892	11	142	131	949.539
1.047198	1.014500	0.906702	5	4	131	949.190
-0.523599	1.617114	-1.572037	6	2	14	947.178
-1.047198	1.809167	1.213774	11	132	134	947.102
2.617994	0.700570	1.559208	143	126	123	946.924
-2.879793	1.977582	0.969896	142	108	132	946.599
1.832596	1.506530	1.988858	134	136	138	945.986
-2.356194	2.187132	-0.479875	18	122	136	945.891
-2.617994	0.992645	-1.723759	6	129	8	945.432
-2.356194	0.910508	1.903534	6	122	126	945.065
1.832596	2.664082	-1.071402	2	122	10	944.915
1.308997	1.998705	2.370472	140	122	27	944.695
1.832596	1.869911	2.701025	124	122	139	944.273
0.261799	2.180315	-1.357379	143	0	122	943.840
1.570796	2.379497	0.561089	126	138	140	943.508
1.570796	1.247695	1.809890	136	140	133	943.364
-0.523599	2.063651	-2.044600	142	127	10	942.730
2.094395	1.413347	-1.339188	136	135	11	942.576
-1.832596	1.247695	1.809890	14	118	19	942.500
-2.617994	1.310100	1.488307	7	117	127	941.691
2.617994	2.455966	-0.641220	6	118	4	941.528
-1.308997	0.906588	1.252948	17	130	118	941.280
-2.879793	0.910508	1.903534	5	119	125	940.203
1.832596	2.295480	1.008277	127	137	142	939.606
-1.047198	1.168678	2.108595	18	132	124	939.579
0.000000	2.664082	-1.071402	141	122	7	939.529
-3.141593	1.134497	-1.109631	142	117	3	939.110
-2.356194	1.982574	-1.115518	23	124	131	938.213
2.356194	1.195355	1.200319	137	127	125	938.001
-3.141593	1.168678	2.108595	140	119	131	937.107
-1.570796	2.393226	1.857173	16	133	6	936.362
-2.617994	0.929350	-2.910676	0	109	135	934.786
1.308997	1.504028	0.636812	141	7	134	933.843
-1.832596	2.456751	-1.503343	26	134	136	933.813
2.879793	2.587733	0.232235	5	121	5	933.626
-3.141593	1.195355	1.200319	2	135	133	932.853
0.000000	2.063651	-2.044600	142	1	124	932.766
-2.356194	1.045978	0.343692	19	118	122	932.338
-0.261799	1.836682	-0.676006	15	12	129	931.541
-3.141593	2.587733	0.232235	7	121	4	931.532
2.356194	1.310100	1.488307	136	127	130	931.291
-2.356194	1.506530	1.988858	6	111	131	930.141
2.094395	1.134796	2.434290	136	128	132	929.608
-2.356194	1.440580	2.260026	8	110	130	928.724
2.356194	1.413430	2.550734	135	125	136	926.840
1.570796	1.766067	2.153843	143	127	134	925.951
1.570796	1.168678	2.108595	139	136	135	925.524
-2.879793	2.295480	1.008277	142	108	137	925.351
1.832596	1.417623	-0.202254	134	140	122	925.084
-0.785398	1.982574	-1.115518	14	142	122	925.016
-1.570796	1.247695	1.809890	14	124	127	924.943
2.094395	1.599406	1.426070	132	133	134	924.750
2.617994	0.960688	-0.577532	143	116	143	924.620
2.617994	1.045978	0.343692	137	127	118	924.542
-3.141593	0.864993	2.278281	1	118	125	923.490
1.832596	0.960688	-0.577532	2	138	117	922.042
2.094395	1.574060	2.783565	125	124	137	921.582
-2.617994	1.135834	-1.431087	6	118	3	921.419
-2.879793	1.310100	1.488307	3	116	127	921.387
0.785398	1.025536	1.576859	6	1	134	920.969
-2.617994	1.134497	-1.109631	5	118	2	920.884
-1.308997	1.904882	-1.478089	15	141	124	920.859
-1.308997	1.662363	0.915448	10	128	132	920.636
2.879793	1.335669	0.897240	143	135	133	920.026
2.356194	0.906588	1.252948	141	128	123	919.733
1.047198	1.256302	0.062705	6	6	127	919.234
-0.261799	1.998705	2.370472	11	8	4	918.941
1.570796	0.591903	2.010408	143	135	128	918.684
0.785398	1.982574	-1.115518	136	134	12	918.426
-0.785398	1.809167	1.213774	5	133	136	918.078
0.000000	2.724429	-0.348782	140	124	9	918.003
-2.879793	1.135834	-1.431087	6	129	9	917.957
-2.094395	1.599406	1.426070	11	124	134	917.687
0.261799	2.456751	-1.503343	2	127	8	917.057
1.832596	1.168678	2.108595	135	132	133	916.737
-2.356194	0.571433	-1.188419	12	123	139	916.619
2.356194	0.571433	-1.188419	8	137	114	916.403
-1.047198	1.909857	-0.381669	19	4	132	916.329
-3.141593	0.866955	-0.931351	143	133	114	915.968
1.832596	2.153910	-1.714959	143	117	12	915.955
1.570796	1.846342	-1.796954	138	119	10	915.248
2.094395	1.391910	3.030322	132	120	130	914.976
0.523599	1.904882	-1.478089	135	137	15	914.191
2.879793	0.762244	-0.273349	141	132	114	913.608
2.094395	2.863997	0.549740	130	118	0	913.003
-2.094395	1.025536	1.576859	16	119	121	912.987
1.570796	1.574060	2.783565	126	134	136	912.010
-0.523599	0.379747	-1.713059	11	131	126	911.721
-0.523599	2.089241	-0.114193	14	139	127	911.368
2.356194	0.960688	-0.577532	140	116	143	910.908
-2.356194	0.685216	-1.712745	14	123	142	910.759
1.308997	1.574060	2.783565	128	140	137	910.592
-2.617994	1.194549	-0.801900	142	118	113	910.443
2.094395	1.194549	-0.801900	138	134	115	909.761
2.879793	1.699788	2.452890	140	116	136	908.678
2.356194	0.850607	-1.335383	141	112	143	908.662
2.617994	1.218453	2.777284	138	117	129	908.300
-1.570796	2.115563	0.685730	14	127	135	908.014
1.570796	1.869911	2.701025	0	120	25	907.108
-1.570796	1.025536	1.576859	19	126	121	906.567
-0.523599	1.872854	1.543456	13	142	135	906.204
0.523599	2.180315	-1.357379	136	142	123	905.901
0.000000	1.696674	-1.253233	136	2	13	905.326
-0.785398	2.247462	0.191623	15	136	132	905.306
1.570796	2.115563	0.685730	126	140	137	904.941
-1.832596	2.393226	1.857173	16	131	7	904.855
-2.094395	2.187132	-0.479875	19	125	134	904.832
0.261799	1.836682	-0.676006	137	141	11	904.711
-0.261799	0.762244	-0.273349	136	11	141	904.689
0.523599	1.617114	-1.572037	134	138	12	904.343
2.879793	0.906588	1.252948	4	134	135	904.316
1.570796	1.440580	2.260026	138	135	137	902.968
-2.879793	2.108018	1.311430	141	108	136	902.647
-1.047198	0.733948	3.021411	18	135	3	902.553
-1.570796	0.906588	1.252948	18	127	118	901.651
1.570796	1.134796	2.434290	135	139	134	901.426
2.094395	2.180315	-1.357379	1	114	9	900.374
0.000000	2.379497	0.561089	15	141	135	900.264
-1.047198	2.393226	1.857173	14	138	4	900.109
-1.308997	0.700570	1.559208	25	123	5	899.690
2.879793	1.134497	-1.109631	16	125	132	899.518
1.832596	1.824694	1.850876	138	134	137	899.510
-0.523599	1.433411	-1.035986	6	8	121	899.392
-1.047198	1.836682	-0.676006	17	8	130	899.104
-3.141593	2.251330	-2.330739	140	4	14	898.709
-0.261799	1.982574	-1.115518	4	1	122	898.638
-2.617994	0.906588	1.252948	11	119	123	898.588
-2.617994	2.180315	-1.357379	23	121	136	897.797
1.570796	2.033014	2.977192	1	117	23	897.372
-3.141593	1.247695	1.809890	139	120	131	897.291
-2.617994	0.850607	-1.335383	12	118	142	896.849
1.308997	1.488617	1.159546	141	9	138	896.512
1.308997	1.869911	2.701025	136	118	24	896.443
2.617994	1.194549	-0.801900	133	133	119	896.138
-1.570796	1.506530	1.988858	13	120	131	896.062
1.308997	1.168678	2.108595	141	138	135	895.628
2.356194	0.910508	1.903534	139	128	128	895.482
2.094395	2.592629	0.909713	126	134	2	894.835
-1.308997	1.134497	-1.109631	13	3	7	894.745
-0.261799	2.343981	-1.040456	13	2	127	894.411
-0.785398	2.073035	2.027405	16	3	4	894.385
-0.523599	2.153910	-1.714959	6	2	124	894.300
2.094395	1.699788	2.452890	125	118	136	894.259
-1.047198	2.108018	1.311430	10	130	137	893.404
2.617994	0.674054	1.013609	5	134	135	893.402
2.094395	1.301460	-0.509251	136	113	0	893.280
2.879793	0.700570	1.559208	1	123	123	892.938
1.832596	1.574060	2.783565	124	129	137	892.771
2.617994	1.998705	2.370472	138	118	137	892.615
-2.879793	2.187132	-0.479875	14	118	139	891.644
2.879793	1.247695	1.809890	136	122	24	891.326
-2.879793	1.247695	1.809890	141	119	131	891.000
2.617994	0.615174	-0.666022	4	115	136	890.962
1.047198	1.413430	2.550734	128	143	133	890.162
-2.356194	1.766067	2.153843	7	111	135	890.033
-1.047198	0.685216	-1.712745	130	134	120	889.319
-1.832596	1.836682	-0.676006	19	131	128	889.098
0.000000	1.732874	-0.951685	1	3	14	888.836
-1.047198	1.448123	-2.163292	0	2	123	888.763
-0.523599	2.104282	-0.813972	16	0	124	887.942
2.617994	2.033014	2.977192	132	118	1	887.565
2.617994	1.809167	1.213774	134	120	131	887.413
1.570796	0.906588	1.252948	143	137	125	887.192
2.879793	1.440580	2.260026	136	116	132	887.078
1.832596	1.756530	-2.105156	10	140	125	886.912
2.356194	2.174483	2.653697	130	122	1	886.872
2.356194	1.574060	2.783565	127	118	136	886.693
-1.308997	2.455966	-0.641220	27	142	142	886.442
2.879793	1.195355	1.200319	0	134	134	886.148
1.047198	1.699788	2.452890	132	126	25	885.985
2.617994	1.506530	1.988858	135	122	134	885.685
-0.523599	2.404280	-0.174044	8	128	123	885.615
0.000000	2.041297	-2.664597	9	141	13	885.414
-1.308997	2.115563	0.685730	14	130	134	885.261
1.047198	1.247695	1.809890	0	0	136	884.910
2.094395	2.073035	2.027405	133	121	137	884.809
-1.047198	1.617114	-1.572037	8	142	119	884.789
-0.785398	1.617114	-1.572037	9	0	14	883.402
0.785398	0.961715	0.014085	13	2	125	882.491
-2.879793	0.685216	-1.712745	6	115	142	882.359
-0.261799	2.063651	-2.044600	143	127	10	882.351
-1.570796	1.836682	-0.676006	19	132	125	882.258
2.879793	0.674054	1.013609	5	137	138	882.048
1.832596	1.982574	-1.115518	129	142	19	881.600
1.832596	2.115563	0.685730	124	135	137	881.231
0.261799	0.674054	1.013609	19	143	133	881.088
-2.094395	1.606104	-0.451151	15	128	127	880.715
0.785398	1.732874	-0.951685	134	136	10	880.709
1.570796	1.256302	0.062705	139	2	124	880.702
1.047198	1.218453	2.777284	132	4	132	880.229
0.000000	2.247462	0.191623	12	0	131	880.206
-3.141593	0.591903	2.010408	1	121	119	879.517
-0.523599	0.571433	-1.188419	12	140	114	879.383
0.785398	1.836682	-0.676006	134	137	12	879.022
-2.617994	0.899350	-2.069907	7	130	9	878.910
-0.785398	1.247695	1.809890	16	137	125	878.543
-0.785398	2.664082	-1.071402	22	139	133	878.328
1.308997	1.025536	1.576859	143	140	128	878.074
-3.141593	1.599406	1.426070	138	115	131	877.323
0.261799	2.041297	-2.664597	5	14	18	877.288
0.261799	0.370812	-2.547742	6	132	126	877.172
-1.308997	1.809167	1.213774	11	128	134	876.370
2.094395	2.979456	-1.009304	8	124	10	875.285
0.785398	1.413430	2.550734	126	142	24	875.168
-3.141593	1.413430	2.550734	140	114	133	874.556
1.832596	1.134497	-1.109631	133	134	7	874.308
0.261799	1.683268	0.374177	7	136	124	874.237
-1.308997	1.247695	1.809890	16	126	125	873.966
-2.094395	2.180315	-1.357379	24	129	134	873.669
2.356194	1.506530	1.988858	134	127	135	873.603
1.308997	1.875281	0.107086	131	135	16	873.373
1.047198	1.982574	-1.115518	134	129	11	872.998
-3.141593	1.134796	2.434290	141	116	129	872.297
1.570796	1.617114	-1.572037	135	118	7	871.173
2.356194	1.218453	2.777284	136	121	129	870.439
2.094395	1.756530	-2.105156	8	141	125	869.330
-1.047198	2.063651	-2.044600	141	136	12	869.287
2.094395	0.591903	2.010408	141	130	123	868.972
0.000000	2.760637	2.781135	13	135	11	868.967
2.879793	1.014500	0.906702	3	135	134	868.763
1.570796	1.998705	2.370472	132	125	138	868.663
-2.879793	1.134497	-1.109631	1	118	3	868.258
-2.356194	0.591903	2.010408	8	119	116	868.057
-2.879793	1.506530	1.988858	143	116	133	867.738
1.570796	2.174483	2.653697	2	116	24	867.549
0.000000	2.104282	-0.813972	8	1	122	867.420
2.356194	0.866955	-0.931351	142	113	141	867.284
2.879793	2.455966	-0.641220	9	117	2	866.562
0.000000	2.299159	2.264663	13	2	7	865.793
1.832596	1.440580	2.260026	138	134	138	865.693
0.785398	2.001437	0.381215	143	142	128	865.410
-2.094395	0.992645	-1.723759	9	136	114	865.083
0.785398	1.574060	2.783565	131	5	136	864.508
0.000000	2.478122	2.609777	12	123	7	863.770
-1.308997	1.977582	0.969896	11	129	135	863.601
-0.261799	1.504028	0.636812	12	130	124	863.527
-0.261799	1.846342	-1.796954	4	143	17	863.515
0.785398	1.606104	-0.451151	133	138	9	863.454
-1.570796	1.658653	-2.409879	6	132	13	863.202
-1.308997	2.704512	1.488683	15	131	5	863.159
-3.141593	1.836682	-0.676006	139	137	123	862.688
1.832596	1.448123	-2.163292	14	140	128	862.594
2.879793	2.724429	-0.348782	8	119	4	861.507
-2.094395	1.555207	1.708892	12	114	129	861.392
1.570796	0.864993	2.278281	139	135	130	861.169
0.000000	1.909857	-0.381669	17	13	133	860.814
1.832596	2.174483	2.653697	133	125	141	860.310
-1.570796	1.504028	0.636812	8	127	129	860.005
-1.570796	1.909857	-0.381669	18	131	128	859.639
1.570796	0.640596	-2.797608	138	100	130	859.421
1.308997	0.733948	3.021411	129	140	122	859.182
-1.832596	1.134497	-1.109631	17	121	143	859.082
2.617994	0.618092	2.539118	137	124	120	858.933
0.000000	2.033014	2.977192	138	139	29	858.734
-2.879793	0.906588	1.252948	7	119	123	858.656
2.356194	1.247695	1.809890	136	126	132	857.623
-0.261799	1.872854	1.543456	4	133	135	857.196
-2.356194	0.700570	1.559208	9	120	117	857.146
-1.047198	1.977582	0.969896	11	133	135	856.844
-1.570796	2.456751	-1.503343	24	138	134	856.557
-2.879793	1.194549	-0.801900	139	119	113	856.398
2.879793	1.766067	2.153843	140	115	134	855.949
2.356194	1.617114	-1.572037	134	143	11	855.863
2.879793	1.869911	2.701025	139	116	137	855.363
0.523599	1.846342	-1.796954	136	136	16	854.935
1.570796	0.700570	1.559208	0	137	125	854.502
-0.785398	0.370812	-2.547742	10	134	139	854.414
2.094395	1.367556	0.358405	132	135	123	854.105
-0.523599	1.836682	-0.676006	17	11	129	853.795
-1.047198	2.295480	1.008277	16	134	140	853.529
-1.308997	0.910508	1.903534	24	126	10	853.389
1.832596	2.393226	1.857173	134	131	140	853.360
-2.617994	1.846342	-1.796954	4	140	16	853.303
2.356194	1.555207	1.708892	133	128	134	853.293
2.356194	1.194549	-0.801900	142	130	114	853.226
-1.832596	1.134796	2.434290	20	124	16	853.120
-0.785398	1.599406	1.426070	16	138	129	852.965
-1.047198	1.391910	3.030322	13	132	14	852.862
-0.785398	1.195355	1.200319	8	122	127	852.734
1.308997	1.721184	-0.153948	131	136	13	852.587
-1.570796	1.413430	2.550734	18	129	21	852.473
0.523599	1.413347	-1.339188	137	125	115	851.927
1.832596	0.864993	2.278281	138	131	128	851.525
-1.047198	1.599406	1.426070	20	138	132	851.433
2.356194	0.914445	2.687814	132	124	126	851.431
-0.785398	0.733948	3.021411	16	137	2	851.406
-2.879793	1.195355	1.200319	3	118	124	851.243
-0.785398	2.089241	-0.114193	18	137	128	851.145
2.356194	1.875281	0.107086	142	112	139	850.988
2.617994	1.510910	-0.740472	136	108	6	850.976
0.000000	1.617114	-1.572037	136	1	14	850.790
2.617994	0.762244	-0.273349	4	116	136	850.552
0.523599	2.247462	0.191623	8	127	124	850.243
-3.141593	1.904882	-1.478089	143	0	124	849.715
1.832596	1.488617	1.159546	135	137	131	849.281
-1.832596	0.906588	1.252948	17	124	119	848.612
-0.523599	1.569311	-3.003978	137	130	124	848.589
1.047198	0.864993	2.278281	0	142	134	847.390
-0.261799	0.379747	-1.713059	10	132	125	847.114
1.308997	2.115563	0.685730	129	1	138	846.954
-3.141593	1.488617	1.159546	0	116	127	846.803
-1.047198	1.247695	1.809890	17	132	125	846.324
1.047198	1.504028	0.636812	0	8	134	845.971
-3.141593	0.906588	1.252948	4	119	123	845.825
1.308997	1.184361	0.625864	0	5	130	845.792
1.832596	1.218453	2.777284	125	129	129	844.502
2.879793	0.914445	2.687814	141	117	124	844.400
-2.356194	0.850607	-1.335383	13	122	143	843.940
-1.047198	1.696674	-1.253233	11	143	14	843.194
-2.617994	1.510910	-0.740472	1	111	116	842.570
1.832596	1.699788	2.452890	124	122	135	842.465
2.879793	1.168678	2.108595	141	125	132	842.243
-0.523599	1.948085	-2.363031	143	127	11	842.229
0.261799	1.696674	-1.253233	138	141	11	841.495
0.000000	2.396274	-1.959260	3	136	22	841.310
2.617994	1.113094	-0.272241	3	112	138	841.290
1.308997	2.041297	-2.664597	136	118	19	840.720
-1.570796	1.904882	-1.478089	20	139	126	840.582
2.356194	1.699788	2.452890	134	127	140	840.432
1.570796	2.349581	-2.702517	1	115	20	840.135
2.356194	1.413347	-1.339188	136	137	11	840.113
-1.047198	2.138223	1.678323	16	140	1	840.033
-0.785398	1.872854	1.543456	16	138	135	839.707
-2.617994	0.591903	2.010408	6	119	116	839.689
-0.523599	1.875281	0.107086	15	136	125	839.385
-2.617994	0.700570	1.559208	8	121	120	839.287
1.047198	1.696674	-1.253233	132	128	8	839.257
1.047198	0.910508	1.903534	1	142	133	839.116
-2.879793	1.134796	2.434290	143	118	131	838.928
2.356194	1.599406	1.426070	133	126	131	838.126
1.047198	1.732874	-0.951685	132	129	7	838.119
0.785398	1.699788	2.452890	131	4	139	837.637
2.879793	2.404280	-0.174044	6	120	2	837.235
-1.308997	2.456751	-1.503343	20	142	131	837.235
-1.570796	2.664082	-1.071402	143	6	17	837.041
-1.570796	2.063651	-2.044600	2	133	13	836.907
-2.094395	1.766067	2.153843	11	113	135	836.759
-1.308997	1.555207	1.708892	18	137	136	836.675
-2.617994	1.195355	1.200319	8	118	123	836.302
-0.785398	2.456751	-1.503343	142	123	8	836.160
1.832596	1.134796	2.434290	136	131	132	836.062
-2.356194	1.325504	-1.671296	2	138	120	835.969
0.785398	1.134497	-1.109631	133	2	8	835.811
-2.094395	1.836682	-0.676006	19	128	129	835.531
2.617994	0.961715	0.014085	134	132	117	835.381
1.308997	1.440580	2.260026	133	127	25	835.352
-0.785398	1.555207	1.708892	17	139	130	835.242
1.047198	1.113094	-0.272241	7	2	123	835.214
-2.094395	0.850607	-1.335383	6	133	111	835.121
-1.308997	1.488617	1.159546	9	129	132	834.875
1.832596	1.998705	2.370472	132	126	138	834.543
2.879793	0.571433	-1.188419	3	114	138	834.290
-1.308997	1.721184	-0.153948	16	130	124	834.182
-2.094395	2.115563	0.685730	13	125	139	834.050
0.261799	2.033014	2.977192	9	3	8	834.009
-2.617994	1.809167	1.213774	1	108	131	833.926
-0.523599	2.115563	0.685730	12	135	132	833.603
-1.308997	1.824694	1.850876	19	121	133	833.586
-0.523599	1.824694	1.850876	12	142	136	833.391
-1.047198	2.073035	2.027405	18	0	4	833.039
1.832596	1.736875	3.023612	124	122	137	833.035
-0.261799	1.545873	-1.877082	142	4	15	832.934
1.308997	1.756530	-2.105156	142	130	122	832.191
-1.308997	1.025536	1.576859	19	131	121	832.008
-3.141593	0.618092	2.539118	138	112	116	831.830
2.617994	1.134796	2.434290	138	120	129	831.608
-1.308997	2.073035	2.027405	20	140	4	831.239
-2.879793	1.025536	1.576859	10	120	129	831.096
2.879793	0.960688	-0.577532	139	131	114	830.533
-2.356194	1.545873	-1.877082	3	140	122	829.934
-2.879793	2.247462	0.191623	9	122	141	829.823
-2.094395	1.721184	-0.153948	14	126	129	829.810
-1.832596	2.881233	-2.582574	138	120	6	829.692
2.879793	1.413347	-1.339188	3	141	122	829.255
0.785398	1.134796	2.434290	3	140	136	829.216
2.617994	1.869911	2.701025	137	117	137	829.107
0.785398	1.809167	1.213774	6	130	25	828.968
2.617994	1.135834	-1.431087	5	140	120	828.888
2.356194	0.961715	0.014085	139	134	117	828.671
-0.523599	0.929350	-2.910676	10	9	12	828.533
-3.141593	1.824694	1.850876	140	113	134	828.094
-1.047198	2.379497	0.561089	17	132	136	827.959
1.832596	1.256302	0.062705	135	142	122	827.891
-1.308997	2.295480	1.008277	13	128	137	827.636
2.617994	0.571433	-1.188419	7	136	113	827.635
2.094395	0.914445	2.687814	129	130	127	827.562
1.570796	1.506530	1.988858	139	136	136	827.454
-2.617994	1.506530	1.988858	4	111	130	827.332
1.047198	1.574060	2.783565	128	0	137	827.177
0.000000	2.456751	-1.503343	2	126	8	826.958
-2.356194	0.864993	2.278281	6	113	121	826.828
0.000000	1.904882	-1.478089	1	142	119	826.611
-0.785398	1.448123	-2.163292	140	3	124	826.271
-1.832596	0.899350	-2.069907	10	132	7	825.898
0.000000	1.948085	-2.363031	8	142	11	825.851
-0.785398	1.504028	0.636812	8	126	125	825.817
-1.308997	2.393226	1.857173	15	136	4	825.728
2.617994	1.699788	2.452890	138	118	135	825.690
2.094395	1.218453	2.777284	125	123	129	825.553
2.094395	0.960688	-0.577532	0	137	115	825.308
1.570796	1.948085	-2.363031	140	117	16	824.967
-2.617994	0.910508	1.903534	3	118	124	824.809
2.879793	1.555207	1.708892	136	119	133	824.434
1.832596	2.180315	-1.357379	142	117	9	823.998
2.617994	1.836682	-0.676006	129	111	121	823.761
-3.141593	1.367556	0.358405	6	14	141	823.748
1.832596	2.033014	2.977192	5	116	23	823.729
-1.308997	2.407836	1.410646	18	134	4	823.246
0.261799	2.724429	-0.348782	135	125	141	822.803
-0.261799	2.164094	-2.991358	14	140	14	822.016
0.261799	1.870545	-2.976234	8	0	11	821.859
-1.047198	0.418037	1.360082	26	125	143	821.258
0.261799	1.824694	1.850876	4	138	31	821.096
-2.356194	1.662363	0.915448	20	115	134	821.078
0.785398	1.194549	-0.801900	134	2	7	820.694
-3.141593	1.310100	1.488307	0	117	127	820.604
-0.785398	1.732874	-0.951685	10	139	118	820.469
-1.832596	2.073035	2.027405	19	132	3	820.425
1.308997	2.138223	1.678323	135	133	136	820.391
-1.570796	1.135834	-1.431087	17	126	143	820.246
-2.617994	1.440580	2.260026	3	110	131	820.194
0.785398	1.696674	-1.253233	133	134	10	819.917
-1.308997	1.433411	-1.035986	7	137	118	819.856
-3.141593	1.413347	-1.339188	142	128	10	819.746
0.785398	2.343981	-1.040456	138	143	125	819.134
2.617994	1.014500	0.906702	0	137	134	818.659
-1.570796	1.218453	2.777284	19	130	15	818.596
0.785398	1.506530	1.988858	133	2	130	818.488
-1.047198	1.025536	1.576859	17	135	121	818.480
2.617994	0.910508	1.903534	0	127	130	818.447
-1.308997	2.108018	1.311430	20	134	142	818.302
2.094395	2.664082	-1.071402	5	121	10	817.688
0.523599	1.909857	-0.381669	137	139	13	817.564
-1.308997	1.766067	2.153843	28	139	0	816.954
-1.570796	1.555207	1.708892	13	121	130	816.739
-3.141593	2.455966	-0.641220	12	118	2	816.657
-2.094395	1.488617	1.159546	9	115	126	816.606
-0.261799	2.104282	-0.813972	143	4	19	816.419
1.832596	2.299159	2.264663	133	127	142	816.388
-1.832596	2.089241	-0.114193	19	127	132	816.277
-3.141593	0.379747	-1.713059	14	139	114	816.200
0.261799	2.579248	-2.364801	6	124	3	816.128
-1.832596	1.135834	-1.431087	7	131	112	816.096
0.785398	1.310100	1.488307	11	118	18	816.083
-2.094395	1.367556	0.358405	25	119	128	816.048
-1.570796	1.617114	-1.572037	16	140	122	815.905
2.094395	0.733948	3.021411	131	128	123	815.748
1.047198	2.063651	-2.044600	1	135	123	815.436
-2.356194	1.555207	1.708892	7	112	130	815.420
-2.094395	1.045978	0.343692	22	121	121	815.325
0.000000	1.870545	-2.976234	136	143	25	815.200
-2.356194	1.134796	2.434290	8	111	126	815.189
2.094395	2.588535	-2.976617	14	114	16	815.143
-0.523599	1.545873	-1.877082	7	1	15	815.006
-1.308997	1.506530	1.988858	20	125	129	814.957
1.570796	1.696674	-1.253233	135	118	6	814.746
-0.523599	1.504028	0.636812	12	128	124	814.705
0.261799	1.218453	2.777284	124	3	19	814.174
-0.523599	1.214854	-1.966664	131	132	120	814.054
-1.570796	2.407836	1.410646	16	132	4	813.709
-2.879793	1.824694	1.850876	142	113	135	812.971
1.832596	2.349581	-2.702517	4	113	19	812.900
0.261799	1.413347	-1.339188	141	12	121	812.723
1.832596	1.301460	-0.509251	131	119	2	812.474
-1.047198	1.506530	1.988858	27	0	138	812.115
-2.094395	1.194549	-0.801900	20	129	118	812.027
-1.047198	1.662363	0.915448	7	129	132	812.002
-2.879793	2.115563	0.685730	0	107	132	811.953
-1.308997	1.310100	1.488307	20	132	126	811.911
-1.308997	1.812176	0.656819	11	130	132	811.665
2.094395	1.998705	2.370472	133	121	138	811.659
-2.617994	1.732874	-0.951685	15	106	9	811.477
-2.617994	0.864993	2.278281	9	125	127	811.475
2.617994	1.335669	0.897240	141	141	135	811.431
1.570796	1.335669	0.897240	15	143	141	810.941
2.356194	1.998705	2.370472	135	118	137	810.868
2.617994	1.413430	2.550734	132	119	134	810.760
0.261799	2.174483	2.653697	10	3	7	810.591
0.000000	2.455966	-0.641220	16	0	130	810.552
2.879793	0.458961	-0.107937	10	123	131	810.390
-1.308997	1.909857	-0.381669	18	134	127	810.378
2.879793	2.299159	2.264663	140	115	32	810.280
-1.047198	1.721184	-0.153948	15	133	123	810.259
-0.523599	2.180315	-1.357379	9	2	126	810.143
-1.308997	2.299159	2.264663	9	17	3	810.122
-1.047198	1.875281	0.107086	16	132	126	810.116
-0.261799	0.640596	-2.797608	9	137	141	809.957
-2.879793	1.554776	0.100351	135	132	126	809.937
2.356194	2.299159	2.264663	137	120	139	809.868
2.356194	0.864993	2.278281	138	125	125	809.791
-1.308997	1.872854	1.543456	20	136	141	809.339
-1.570796	1.569311	-3.003978	136	141	127	809.056
-1.832596	1.413347	-1.339188	11	139	121	808.905
2.094395	2.001437	0.381215	138	113	139	808.871
1.308997	1.555207	1.708892	137	0	137	808.834
-1.570796	1.732874	-0.951685	18	135	124	808.695
-0.261799	1.824694	1.850876	11	135	133	808.548
-1.308997	1.696674	-1.253233	12	139	14	807.804
1.832596	2.073035	2.027405	132	140	1	807.795
-1.047198	1.555207	1.708892	18	132	129	807.683
-0.261799	2.247462	0.191623	9	125	124	807.637
1.570796	1.732874	-0.951685	138	124	6	807.510
-2.879793	0.458961	-0.107937	9	120	133	807.413
-1.308997	1.168678	2.108595	21	128	16	807.317
2.094395	0.864993	2.278281	138	128	127	806.931
-2.356194	2.456751	-1.503343	26	125	138	806.846
-0.785398	2.404280	-0.174044	8	127	124	806.743
0.000000	0.615174	-0.666022	133	10	142	806.738
1.570796	1.904882	-1.478089	135	121	117	806.656
1.308997	0.864993	2.278281	141	137	132	806.296
1.047198	1.812176	0.656819	5	3	132	805.969
-1.570796	1.824694	1.850876	18	120	133	805.936
-2.617994	1.555207	1.708892	6	115	131	805.894
-0.785398	2.393226	1.857173	14	143	6	805.873
-2.356194	0.992645	-1.723759	11	119	2	805.698
2.617994	0.203748	0.590255	8	133	140	805.529
2.617994	1.247695	1.809890	140	131	135	804.936
-1.832596	1.599406	1.426070	24	124	133	804.859
1.308997	1.506530	1.988858	135	130	27	804.788
-0.523599	1.909857	-0.381669	10	1	126	804.694
-2.094395	2.104282	-0.813972	23	125	131	804.635
-2.617994	1.113094	-0.272241	10	121	116	804.340
2.094395	2.089241	-0.114193	141	113	141	804.192
1.832596	1.433411	-1.035986	132	135	10	803.839
0.261799	2.164094	-2.991358	8	1	10	803.769
-1.832596	1.872854	1.543456	16	116	132	803.581
-1.832596	1.168678	2.108595	12	119	126	803.375
-2.879793	0.914445	2.687814	142	111	124	803.292
0.261799	1.247695	1.809890	1	1	123	803.181
1.570796	2.664082	-1.071402	3	124	6	803.154
2.617994	1.766067	2.153843	139	119	134	803.035
2.094395	2.295480	1.008277	125	133	143	802.558
-0.785398	1.310100	1.488307	17	140	125	802.247
2.879793	1.045978	0.343692	6	115	129	802.220
2.356194	1.545873	-1.877082	133	0	10	802.161
-1.308997	0.899350	-2.069907	136	143	123	802.054
-1.308997	1.683268	0.374177	9	131	130	801.857
-1.047198	1.658653	-2.409879	8	123	1	801.809
1.570796	2.041297	-2.664597	139	115	19	801.789
-2.879793	1.413430	2.550734	6	105	128	801.329
-0.523599	1.766067	2.153843	18	10	0	801.220
-2.617994	1.756530	-2.105156	2	138	17	801.213
-0.261799	2.089241	-0.114193	11	142	127	801.032
-0.785398	1.128190	-2.288622	10	135	5	800.962
1.047198	1.766067	2.153843	128	143	137	800.867
-0.523599	1.247695	1.809890	6	127	130	800.766
-2.617994	1.569311	-3.003978	142	114	2	800.653
2.094395	1.904882	-1.478089	0	112	6	800.639
-1.570796	2.153910	-1.714959	14	135	24	800.107
-0.261799	2.299159	2.264663	10	3	5	800.044
2.094395	0.850607	-1.335383	12	141	124	799.946
0.261799	2.153910	-1.714959	141	137	19	799.805
2.879793	0.866955	-0.931351	2	114	141	799.650
-2.356194	1.113094	-0.272241	11	123	115	798.868
1.832596	1.606104	-0.451151	127	118	7	798.701
1.047198	2.073035	2.027405	134	134	138	798.308
2.094395	1.617114	-1.572037	6	139	122	798.200
1.570796	0.733948	3.021411	130	136	122	798.056
1.570796	2.979456	-1.009304	5	125	14	797.801
-1.832596	2.396274	-1.959260	0	131	13	797.723
-1.832596	0.910508	1.903534	21	120	14	797.706
2.879793	1.824694	1.850876	136	116	134	797.617
-0.523599	1.809167	1.213774	6	132	134	797.445
2.094395	1.510910	-0.740472	132	132	119	797.191
-1.570796	2.379497	0.561089	16	128	139	797.186
-1.047198	2.115563	0.685730	10	135	137	796.905
-1.832596	2.592629	0.909713	15	128	3	796.692
-1.047198	1.135834	-1.431087	13	3	116	796.579
1.308997	0.640596	-2.797608	134	102	130	796.442
1.570796	1.510910	-0.740472	121	138	11	796.154
-1.308997	2.063651	-2.044600	3	0	123	795.595
-2.617994	1.982574	-1.115518	21	120	132	795.578
2.094395	1.050534	3.042579	128	126	128	795.504
-2.617994	2.108018	1.311430	1	108	136	795.322
2.356194	2.724429	-0.348782	4	121	4	795.263
0.261799	1.045978	0.343692	21	1	131	795.176
1.832596	0.850607	-1.335383	14	140	124	795.044
-2.617994	1.599406	1.426070	6	115	129	794.923
-2.879793	1.555207	1.708892	142	114	132	794.826
-1.832596	1.809167	1.213774	12	125	134	794.572
-0.785398	0.914445	2.687814	17	135	5	794.518
2.879793	1.506530	1.988858	138	119	133	794.363
-0.785398	2.379497	0.561089	16	134	135	794.339
-0.261799	2.138223	1.678323	7	132	136	794.292
1.570796	1.050534	3.042579	125	135	128	794.038
-1.308997	1.836682	-0.676006	19	1	130	793.820
-2.094395	1.545873	-1.877082	4	138	120	793.792
-1.047198	1.195355	1.200319	7	120	127	793.761
-3.141593	2.478122	2.609777	134	123	7	793.644
1.832596	1.391910	3.030322	129	124	130	793.255
0.261799	1.050534	3.042579	120	2	14	793.181
-2.356194	1.433411	-1.035986	11	134	121	793.142
1.570796	1.606104	-0.451151	125	125	8	792.912
-2.617994	0.709924	0.218797	15	119	120	792.804
1.308997	2.343981	-1.040456	138	116	5	792.091
1.570796	2.299159	2.264663	134	129	141	792.091
-2.356194	2.153910	-1.714959	25	129	135	791.965
-1.832596	2.295480	1.008277	17	128	0	791.406
0.261799	1.909857	-0.381669	134	128	139	791.252
0.000000	1.214854	-1.966664	1	15	125	791.194
0.523599	1.367556	0.358405	3	13	126	791.090
2.356194	1.766067	2.153843	132	126	139	791.081
0.785398	1.599406	1.426070	141	130	131	790.999
-1.570796	0.618092	2.539118	5	114	128	790.990
-1.308997	1.599406	1.426070	10	129	133	790.828
1.832596	2.187132	-0.479875	138	139	123	790.385
-2.879793	1.413347	-1.339188	3	130	11	789.790
-0.261799	2.379497	0.561089	12	138	133	789.765
-1.570796	1.310100	1.488307	22	126	125	789.236
-3.141593	1.555207	1.708892	139	115	131	789.228
2.094395	0.700570	1.559208	142	132	124	788.926
2.094395	0.866955	-0.931351	4	134	113	788.891
0.261799	1.721184	-0.153948	134	130	137	788.821
2.094395	0.615174	-0.666022	2	140	114	788.805
1.832596	1.113094	-0.272241	139	141	118	788.689
0.523599	1.599406	1.426070	0	135	129	788.651
2.356194	1.134796	2.434290	136	124	130	788.516
-3.141593	1.554776	0.100351	137	136	126	788.507
-1.308997	1.982574	-1.115518	19	139	126	788.366
-1.832596	0.685216	-1.712745	14	128	142	788.347
-2.094395	0.419640	2.974122	16	133	114	788.231
0.261799	1.948085	-2.363031	3	15	16	788.205
-0.523599	0.419640	2.974122	14	136	140	788.107
1.832596	1.194549	-0.801900	139	137	116	787.927
-1.047198	2.247462	0.191623	16	134	132	787.835
0.000000	1.555207	1.708892	0	134	132	787.580
0.000000	1.846342	-1.796954	137	131	11	787.470
-0.785398	2.407836	1.410646	14	136	143	787.406
-1.832596	2.108018	1.311430	6	2	143	787.397
-1.570796	2.138223	1.678323	17	134	2	787.387
0.523599	1.450119	-2.739050	123	4	130	787.121
0.785398	1.433411	-1.035986	134	10	122	787.106
-1.570796	2.089241	-0.114193	20	130	132	786.934
-1.308997	1.184361	0.625864	4	128	128	786.827
-1.308997	2.247462	0.191623	15	131	132	786.741
-0.785398	1.909857	-0.381669	20	8	132	786.602
-0.261799	1.875281	0.107086	13	139	125	786.471
-0.523599	2.247462	0.191623	21	137	132	786.067
0.000000	1.683268	0.374177	135	18	4	785.783
2.094395	0.619654	-2.216909	2	127	116	785.648
-0.261799	0.618092	2.539118	14	138	142	785.581
0.261799	1.555207	1.708892	0	2	129	785.482
-1.832596	2.356369	3.005869	5	1	127	785.326
1.570796	1.909857	-0.381669	125	139	127	785.322
0.523599	1.448123	-2.163292	129	6	125	785.236
-3.141593	0.571433	-1.188419	4	116	139	785.232
-0.523599	1.699788	2.452890	17	139	20	785.177
-1.570796	1.662363	0.915448	9	127	132	784.992
-3.141593	0.762244	-0.273349	138	134	115	784.873
-1.570796	1.982574	-1.115518	21	136	127	784.840
0.523599	2.396274	-1.959260	0	131	20	784.656
2.356194	2.404280	-0.174044	1	111	2	784.592
-1.832596	1.488617	1.159546	23	123	127	784.163
-1.308997	1.870545	-2.976234	140	142	126	784.124
-1.047198	1.766067	2.153843	27	0	0	783.854
-3.141593	0.370812	-2.547742	10	128	112	783.626
-2.356194	1.599406	1.426070	9	116	129	783.497
0.785398	1.391910	3.030322	132	5	133	783.065
-1.570796	1.050534	3.042579	19	131	12	783.010
0.261799	2.588535	-2.976617	10	137	13	782.946
0.523599	1.824694	1.850876	4	138	31	782.889
-2.617994	2.104282	-0.813972	19	121	136	782.886
0.000000	1.545873	-1.877082	137	3	14	782.730
-2.356194	0.419640	2.974122	16	129	114	782.679
-1.047198	0.203748	0.590255	143	125	108	782.625
1.570796	2.295480	1.008277	130	140	141	782.503
2.356194	0.203748	0.590255	8	133	140	782.395
-2.356194	0.762244	-0.273349	7	127	112	782.380
0.261799	2.343981	-1.040456	138	137	21	782.217
1.570796	2.187132	-0.479875	124	122	18	782.047
-1.308997	0.733948	3.021411	16	141	116	781.967
-0.261799	2.456751	-1.503343	7	1	124	781.930
-1.832596	1.194549	-0.801900	17	120	0	781.731
-1.570796	1.045978	0.343692	3	115	16	781.697
0.523599	1.374601	-2.456031	123	4	127	781.282
1.832596	0.700570	1.559208	142	134	124	781.182
-1.047198	2.343981	-1.040456	21	140	128	781.154
0.000000	1.756530	-2.105156	138	130	12	781.005
-1.047198	1.870545	-2.976234	133	121	120	780.933
-2.879793	1.440580	2.260026	4	120	27	780.819
0.523599	1.766067	2.153843	133	136	28	780.727
2.356194	1.488617	1.159546	136	139	135	780.717
1.570796	1.218453	2.777284	125	135	129	780.707
-2.356194	2.719179	-1.780644	142	2	26	780.499
2.356194	0.674054	1.013609	118	143	9	780.466
-0.261799	2.187132	-0.479875	141	139	15	780.187
-0.785398	0.906588	1.252948	5	121	125	780.110
2.617994	1.440580	2.260026	135	121	134	780.089
0.261799	2.063651	-2.044600	143	137	20	779.998
2.879793	0.961715	0.014085	7	115	134	779.787
-2.617994	0.619654	-2.216909	7	115	143	779.680
2.356194	0.700570	1.559208	142	128	123	779.613
-2.094395	1.310100	1.488307	9	124	130	779.525
2.617994	1.662363	0.915448	136	139	135	779.470
-1.308997	1.045978	0.343692	2	126	124	779.427
-1.570796	1.872854	1.543456	18	133	141	778.802
-1.832596	0.615174	-0.666022	8	135	111	778.788
0.785398	2.180315	-1.357379	138	132	15	778.643
1.570796	1.756530	-2.105156	4	126	118	778.444
0.523599	1.168678	2.108595	138	18	133	778.103
-1.832596	1.904882	-1.478089	21	128	18	778.062
0.785398	1.014500	0.906702	10	4	132	778.049
2.094395	2.637879	2.121598	23	126	3	777.880
1.308997	2.379497	0.561089	130	139	139	777.727
-3.141593	2.356369	3.005869	139	118	140	777.714
0.261799	1.417623	-0.202254	3	14	123	777.614
-1.570796	1.756530	-2.105156	2	143	123	777.564
-1.570796	1.599406	1.426070	17	133	136	777.563
1.570796	1.391910	3.030322	126	134	133	777.489
-2.617994	1.545873	-1.877082	4	141	123	777.453
-0.261799	1.977582	0.969896	2	128	132	777.355
-2.617994	1.433411	-1.035986	15	107	3	777.125
2.617994	0.866955	-0.931351	143	116	143	776.938
0.000000	2.073035	2.027405	143	135	32	776.587
0.523599	2.001437	0.381215	134	128	140	776.264
2.356194	1.045978	0.343692	135	132	119	776.191
-2.094395	1.014500	0.906702	2	119	21	775.767
-1.047198	0.899350	-2.069907	134	141	122	775.734
-2.879793	1.184361	0.625864	136	113	121	775.527
2.356194	1.696674	-1.253233	138	141	12	775.346
-0.785398	2.104282	-0.813972	19	140	124	775.302
-1.308997	1.367556	0.358405	6	130	127	775.285
1.308997	1.599406	1.426070	143	4	139	775.094
1.047198	2.187132	-0.479875	4	3	126	775.073
-1.047198	0.866955	-0.931351	22	139	118	774.920
-2.617994	1.766067	2.153843	4	111	134	774.893
-3.141593	1.194549	-0.801900	141	116	5	774.503
-1.047198	0.960688	-0.577532	141	130	119	774.234
-2.617994	0.571433	-1.188419	12	121	139	774.159
0.785398	1.824694	1.850876	4	119	22	773.931
2.617994	1.195355	1.200319	142	136	135	773.826
1.570796	1.824694	1.850876	135	143	142	773.826
-3.141593	0.619654	-2.216909	25	136	132	773.697
1.308997	2.455966	-0.641220	140	142	124	773.638
1.047198	1.824694	1.850876	3	121	22	773.280
1.308997	1.335669	0.897240	142	8	135	773.231
-1.832596	0.297065	2.160177	139	139	135	772.788
2.879793	0.910508	1.903534	143	123	127	772.589
-0.261799	1.448123	-2.163292	7	16	129	772.542
2.879793	1.617114	-1.572037	18	120	135	772.509
-3.141593	2.579248	-2.364801	25	122	6	772.471
0.261799	0.961715	0.014085	135	11	1	772.417
-0.523599	2.396274	-1.959260	3	123	7	772.235
-1.308997	1.335669	0.897240	6	127	130	772.210
2.879793	0.640596	-2.797608	25	124	139	771.925
-0.523599	2.407836	1.410646	12	137	141	771.889
1.047198	2.343981	-1.040456	142	2	126	771.839
0.000000	1.506530	1.988858	6	1	129	771.610
-0.523599	0.618092	2.539118	17	137	143	771.530
-0.261799	1.450119	-2.739050	4	16	131	771.438
-0.785398	1.756530	-2.105156	1	3	124	771.214
0.000000	1.606104	-0.451151	138	12	12	771.115
1.047198	0.961715	0.014085	9	3	124	771.044
0.523599	1.554776	0.100351	143	14	127	771.016
2.094395	1.982574	-1.115518	131	139	19	770.938
0.523599	0.618092	2.539118	7	135	141	770.927
-1.308997	1.134796	2.434290	27	142	128	770.881
-1.047198	1.374601	-2.456031	10	124	142	770.812
-0.523599	0.370812	-2.547742	9	134	138	770.647
-0.785398	1.977582	0.969896	7	131	134	770.482
-2.094395	1.510910	-0.740472	14	140	11	770.152
0.523599	2.104282	-0.813972	138	138	15	770.064
2.094395	1.325504	-1.671296	10	139	123	769.933
-1.832596	2.138223	1.678323	7	20	0	769.929
-1.570796	2.073035	2.027405	18	136	3	769.910
-2.094395	2.393226	1.857173	134	142	29	769.906
-3.141593	1.809167	1.213774	140	113	131	769.713
-0.785398	1.998705	2.370472	22	3	4	769.692
-2.617994	1.214854	-1.966664	5	131	11	769.610
-1.308997	1.756530	-2.105156	143	0	123	769.585
-1.832596	1.310100	1.488307	11	114	19	769.514
-2.356194	0.733948	3.021411	1	111	133	769.451
-0.785398	1.014500	0.906702	4	122	124	769.335
-1.308997	0.914445	2.687814	20	131	10	769.244
0.261799	1.128190	-2.288622	139	14	125	769.238
1.308997	2.299159	2.264663	132	130	142	769.216
1.570796	2.343981	-1.040456	141	121	10	769.176
2.617994	1.325504	-1.671296	4	140	121	768.705
-0.785398	1.413347	-1.339188	9	0	12	768.661
2.879793	0.615174	-0.666022	5	117	137	768.537
2.617994	1.732874	-0.951685	138	138	122	768.434
-2.094395	0.571433	-1.188419	12	126	139	768.320
1.047198	1.134497	-1.109631	131	127	2	768.107
-1.047198	1.050534	3.042579	16	134	8	768.070
2.094395	0.762244	-0.273349	137	140	114	768.033
2.879793	1.998705	2.370472	140	116	137	767.789
-0.261799	2.115563	0.685730	12	137	131	767.641
-0.523599	1.869911	2.701025	14	139	23	767.413
-1.832596	1.440580	2.260026	16	115	130	767.389
2.617994	0.290380	-0.796960	18	134	130	767.022
-2.094395	2.089241	-0.114193	19	124	134	767.020
-3.141593	2.404280	-0.174044	10	116	143	766.865
-2.879793	0.571433	-1.188419	11	119	139	766.852
-1.047198	0.929350	-2.910676	16	137	6	766.830
0.000000	2.138223	1.678323	6	133	31	766.643
-0.785398	2.356369	3.005869	9	120	4	766.641
-2.879793	1.367556	0.358405	138	112	121	766.551
-0.261799	1.374601	-2.456031	2	16	129	766.486
2.356194	1.301460	-0.509251	132	111	1	766.485
0.000000	1.448123	-2.163292	139	4	16	765.945
0.261799	2.478122	2.609777	11	0	9	765.933
-0.785398	1.824694	1.850876	17	138	135	765.850
0.000000	2.295480	1.008277	12	137	134	765.837
-2.617994	1.045978	0.343692	129	103	134	765.760
0.785398	1.440580	2.260026	129	5	27	765.685
-3.141593	1.662363	0.915448	138	130	130	765.680
0.000000	2.349581	-2.702517	9	9	22	765.603
-1.832596	1.617114	-1.572037	17	140	125	765.573
1.308997	1.256302	0.062705	143	4	124	765.563
1.308997	0.571433	-1.188419	138	110	130	765.561
-0.261799	1.014500	0.906702	1	125	125	765.478
-2.617994	0.290380	-0.796960	12	126	133	765.389
1.832596	2.379497	0.561089	124	134	140	765.332
2.879793	1.135813	-2.658866	7	120	15	765.278
2.879793	1.256302	0.062705	134	122	118	765.266
-2.356194	1.488617	1.159546	10	116	126	765.206
2.617994	0.906588	1.252948	3	135	136	765.205
1.832596	1.367556	0.358405	132	140	124	765.085
-1.832596	1.824694	1.850876	16	116	133	764.859
-0.523599	1.488617	1.159546	7	128	128	764.746
1.308997	1.824694	1.850876	139	132	133	764.551
-3.141593	0.960688	-0.577532	0	128	113	764.439
-1.047198	1.872854	1.543456	19	140	139	764.397
-0.785398	1.836682	-0.676006	17	8	129	764.367
0.523599	1.875281	0.107086	0	139	124	764.116
-0.261799	1.135813	-2.658866	14	4	141	764.016
-1.570796	1.195355	1.200319	21	127	122	763.716
1.570796	2.455966	-0.641220	137	140	124	763.571
-1.570796	2.164094	-2.991358	2	143	125	763.534
-1.570796	1.335669	0.897240	23	129	123	763.385
1.832596	1.050534	3.042579	126	130	128	763.299
-1.832596	2.153910	-1.714959	24	137	131	762.888
0.261799	2.664082	-1.071402	3	134	119	762.690
0.785398	1.413347	-1.339188	134	11	10	762.645
-1.832596	0.419640	2.974122	3	113	127	762.564
-1.570796	1.184361	0.625864	4	126	127	762.157
1.308997	2.407836	1.410646	136	133	138	762.105
-2.617994	2.396274	-1.959260	26	127	141	762.063
-1.832596	2.001437	0.381215	19	124	131	762.008
1.832596	1.413430	2.550734	123	122	130	761.925
-0.523599	1.506530	1.988858	14	140	129	761.814
1.047198	2.153910	-1.714959	138	127	16	761.257
0.000000	2.164094	-2.991358	136	138	28	761.018
-1.047198	0.591903	2.010408	16	124	112	760.991
2.617994	0.709924	0.218797	7	120	128	760.941
2.617994	1.025536	1.576859	2	135	137	760.904
-2.356194	2.138223	1.678323	3	109	139	760.846
2.879793	1.194549	-0.801900	3	110	1	760.833
0.000000	1.836682	-0.676006	10	141	118	760.751
0.000000	0.762244	-0.273349	135	11	141	760.727
-0.785398	2.153910	-1.714959	7	5	126	760.584
2.617994	2.041297	-2.664597	14	109	12	760.338
0.523599	1.045978	0.343692	17	0	129	760.280
-2.356194	1.135834	-1.431087	15	120	4	760.175
0.785398	0.831641	0.616218	12	2	129	760.084
1.832596	2.455966	-0.641220	119	131	136	759.417
0.523599	2.579248	-2.364801	4	6	22	759.276
-3.141593	2.379497	0.561089	142	108	136	759.185
-1.047198	1.982574	-1.115518	11	141	17	759.059
-2.094395	1.982574	-1.115518	23	128	129	758.800
2.094395	1.134497	-1.109631	136	113	2	758.711
0.261799	2.760637	2.781135	13	136	11	758.693
-2.356194	1.184361	0.625864	20	115	125	758.661
-2.356194	1.310100	1.488307	8	122	130	758.630
-0.261799	2.407836	1.410646	13	137	139	758.364
-0.261799	1.391910	3.030322	1	17	133	758.257
0.000000	1.045978	0.343692	135	12	137	758.068
0.261799	1.617114	-1.572037	137	142	13	757.906
-0.523599	2.379497	0.561089	11	136	134	757.802
-2.094395	1.699788	2.452890	6	111	137	757.370
-2.356194	0.297065	2.160177	1	116	110	757.358
-2.617994	1.134796	2.434290	6	113	126	757.222
-0.785398	1.488617	1.159546	1	128	133	757.117
0.000000	0.961715	0.014085	136	12	143	757.117
0.785398	1.488617	1.159546	141	129	130	757.082
-3.141593	0.850607	-1.335383	5	136	114	757.070
-1.047198	0.906588	1.252948	17	138	120	756.950
-1.047198	0.910508	1.903534	20	127	116	756.522
1.308997	1.301460	-0.509251	0	1	122	756.470
-1.047198	1.732874	-0.951685	14	139	120	756.467
2.356194	2.073035	2.027405	135	118	137	756.235
1.047198	0.914445	2.687814	143	136	133	756.235
2.879793	0.618092	2.539118	142	121	120	756.171
-3.141593	1.721184	-0.153948	138	135	124	756.122
-1.308997	1.440580	2.260026	12	124	131	755.864
0.523599	2.456751	-1.503343	143	133	19	755.523
-1.570796	0.619654	-2.216909	14	130	143	755.334
-0.261799	2.455966	-0.641220	20	141	131	755.272
-0.785398	2.174483	2.653697	13	122	1	755.207
2.617994	1.433411	-1.035986	141	139	121	755.083
-1.308997	2.104282	-0.813972	24	143	133	755.008
1.308997	1.836682	-0.676006	132	124	7	754.905
2.356194	0.458961	-0.107937	143	114	131	754.688
2.356194	2.247462	0.191623	142	110	143	754.664
-1.308997	2.637879	2.121598	12	136	6	754.630
0.523599	1.510910	-0.740472	138	143	11	754.313
-0.523599	1.310100	1.488307	7	127	129	754.308
2.617994	1.301460	-0.509251	120	3	128	753.895
-1.047198	1.812176	0.656819	141	117	17	753.873
-0.261799	1.599406	1.426070	23	141	16	753.873
2.094395	1.766067	2.153843	132	131	139	753.861
1.570796	0.899350	-2.069907	128	120	3	753.759
2.356194	0.733948	3.021411	135	123	121	753.719
0.523599	1.247695	1.809890	6	115	19	753.658
-0.261799	2.033014	2.977192	141	140	29	753.601
0.523599	1.756530	-2.105156	16	128	130	753.585
0.523599	1.134497	-1.109631	131	6	6	753.530
-0.785398	1.569311	-3.003978	11	13	136	753.525
2.356194	1.184361	0.625864	132	130	121	753.394
-1.308997	1.256302	0.062705	4	132	126	753.143
-1.570796	1.488617	1.159546	24	127	127	753.124
-2.094395	1.134497	-1.109631	17	117	143	753.060
-1.570796	1.683268	0.374177	9	129	130	752.965
0.523599	1.194549	-0.801900	11	0	123	752.834
1.570796	1.433411	-1.035986	131	141	10	752.816
-0.261799	1.699788	2.452890	14	142	20	752.726
-3.141593	1.135813	-2.658866	10	122	15	752.704
-3.141593	1.417623	-0.202254	135	113	117	752.435
-0.523599	1.014500	0.906702	3	124	124	752.395
-1.308997	2.251330	-2.330739	142	134	15	752.332
-3.141593	1.741644	-2.695914	25	1	3	752.209
1.832596	0.733948	3.021411	130	133	123	752.123
2.094395	0.618092	2.539118	132	133	121	751.985
0.523599	1.606104	-0.451151	132	125	135	751.962
0.523599	2.719179	-1.780644	5	125	3	751.779
-0.261799	1.045978	0.343692	138	12	137	751.740
0.261799	2.404280	-0.174044	20	142	133	751.698
-2.879793	1.242974	-2.977882	9	123	18	751.580
-0.261799	2.760637	2.781135	13	133	10	751.494
2.617994	1.875281	0.107086	2	109	139	751.302
0.523599	2.356369	3.005869	143	127	28	751.271
-1.308997	1.617114	-1.572037	19	137	13	750.988
0.523599	0.961715	0.014085	18	0	127	750.974
-0.261799	1.756530	-2.105156	138	132	13	750.957
1.832596	1.195355	1.200319	138	134	126	750.946
2.617994	2.089241	-0.114193	5	124	7	750.712
-1.308997	1.948085	-2.363031	6	120	2	750.604
-0.523599	2.033014	2.977192	3	140	29	750.436
1.047198	1.809167	1.213774	2	131	130	750.335
-0.785398	2.396274	-1.959260	3	139	121	749.943
2.356194	1.510910	-0.740472	131	110	6	749.639
-0.261799	2.001437	0.381215	16	138	128	749.544
2.617994	0.864993	2.278281	143	121	125	749.514
1.570796	1.982574	-1.115518	134	128	117	749.296
0.261799	1.658653	-2.409879	3	17	12	749.268
1.047198	2.455966	-0.641220	142	1	125	749.139
-0.785398	0.899350	-2.069907	131	140	122	749.081
2.094395	2.247462	0.191623	139	112	143	748.987
1.047198	2.033014	2.977192	129	128	29	748.886
-1.047198	1.413347	-1.339188	11	0	10	748.609
-2.879793	0.864993	2.278281	5	121	126	748.416
1.047198	2.001437	0.381215	139	140	128	748.406
-2.094395	1.184361	0.625864	141	132	132	748.365
2.617994	1.756530	-2.105156	142	13	12	748.338
-0.785398	1.025536	1.576859	14	136	120	748.265
-1.308997	2.153910	-1.714959	16	0	128	748.264
-1.832596	2.104282	-0.813972	24	130	131	748.099
1.047198	1.904882	-1.478089	134	128	12	747.916
0.523599	0.203748	0.590255	138	119	122	747.585
-0.523599	2.187132	-0.479875	21	141	126	747.519
-1.570796	1.413347	-1.339188	9	140	120	747.446
-2.356194	1.617114	-1.572037	0	138	121	747.432
-2.094395	1.218453	2.777284	6	0	132	747.427
1.570796	0.831641	0.616218	2	6	130	747.134
0.785398	1.766067	2.153843	130	9	141	747.118
1.832596	2.356369	3.005869	9	116	21	747.088
0.785398	1.325504	-1.671296	135	11	9	747.085
0.785398	2.393226	1.857173	8	117	22	747.054
0.261799	1.448123	-2.163292	130	9	126	747.050
1.047198	1.617114	-1.572037	132	128	10	746.817
-1.308997	1.736875	3.023612	143	141	127	746.761
-2.879793	1.662363	0.915448	4	113	127	746.433
-3.141593	1.732874	-0.951685	6	119	16	746.248
0.523599	1.721184	-0.153948	136	140	11	746.166
-1.570796	2.108018	1.311430	19	132	143	746.075
-1.570796	2.187132	-0.479875	23	133	133	746.064
1.047198	1.413347	-1.339188	133	5	10	745.981
-2.879793	2.073035	2.027405	143	111	138	745.882
-0.523599	1.450119	-2.739050	9	15	132	745.765
2.617994	2.637879	2.121598	23	134	1	745.479
-1.832596	1.766067	2.153843	15	116	134	745.290
2.356194	1.025536	1.576859	138	128	127	745.234
-1.832596	1.606104	-0.451151	16	130	125	745.234
-2.356194	1.195355	1.200319	12	119	123	745.202
1.047198	0.615174	-0.666022	125	2	134	745.177
-0.785398	1.050534	3.042579	17	139	8	745.083
1.832596	1.904882	-1.478089	141	118	8	744.991
-2.356194	1.510910	-0.740472	13	135	11	744.990
-2.879793	1.599406	1.426070	142	113	130	744.988
1.570796	2.407836	1.410646	131	133	33	744.951
-1.047198	2.089241	-0.114193	2	124	124	744.592
0.785398	1.869911	2.701025	130	136	29	744.524
0.785398	1.658653	-2.409879	121	114	140	744.463
0.785398	2.164094	-2.991358	137	128	27	744.387
-2.094395	1.450119	-2.739050	8	131	17	744.347
-3.141593	1.433411	-1.035986	4	138	120	744.180
0.000000	1.504028	0.636812	9	133	124	744.102
1.308997	1.134796	2.434290	137	143	134	744.067
1.308997	1.391910	3.030322	128	140	133	744.008
-1.047198	1.440580	2.260026	26	2	136	743.952
0.523599	2.863997	0.549740	138	121	9	743.903
1.570796	1.872854	1.543456	134	143	141	743.899
0.785398	0.458961	-0.107937	130	5	131	743.896
1.832596	1.617114	-1.572037	137	113	7	743.835
-1.308997	2.979456	-1.009304	15	136	128	743.744
2.356194	1.335669	0.897240	138	139	132	743.742
-0.785398	1.335669	0.897240	7	123	126	743.690
1.308997	1.606104	-0.451151	125	131	9	743.164
-1.832596	1.433411	-1.035986	19	139	11	743.081
0.523599	0.290380	-0.796960	134	125	136	743.069
-1.570796	1.242974	-2.977882	140	136	125	742.866
-2.879793	1.982574	-1.115518	9	104	16	742.822
-2.879793	0.866395	-2.492918	14	123	11	742.775
1.047198	2.174483	2.653697	142	120	26	742.012
-1.832596	0.850607	-1.335383	14	124	141	741.964
0.000000	2.174483	2.653697	1	134	31	741.672
-1.832596	1.050534	3.042579	1	0	131	741.439
-2.356194	0.960688	-0.577532	12	127	115	741.226
-2.094395	2.041297	-2.664597	10	143	127	741.093
-1.832596	1.555207	1.708892	13	119	130	740.897
-2.356194	2.588535	-2.976617	141	116	6	740.846
-1.570796	0.992645	-1.723759	141	134	115	740.622
-0.523599	1.977582	0.969896	2	128	132	740.599
-1.570796	2.174483	2.653697	12	116	143	740.503
-2.356194	1.696674	-1.253233	135	132	121	740.495
1.832596	2.979456	-1.009304	6	125	10	740.436
0.261799	1.741644	-2.695914	6	143	11	740.212
-1.308997	1.195355	1.200319	143	125	24	740.159
-2.617994	2.863997	0.549740	8	140	9	740.028
2.356194	2.115563	0.685730	125	117	134	739.975
-0.261799	1.606104	-0.451151	12	135	116	739.719
-0.261799	0.619654	-2.216909	10	134	128	739.629
2.879793	0.379747	-1.713059	15	136	114	739.438
-1.832596	1.195355	1.200319	20	123	122	739.250
-1.570796	2.001437	0.381215	14	128	132	739.237
-1.308997	0.591903	2.010408	4	115	126	739.216
-0.523599	1.662363	0.915448	8	130	128	739.189
-3.141593	2.174483	2.653697	3	111	30	739.145
0.785398	1.555207	1.708892	2	0	30	739.134
0.261799	0.709924	0.218797	134	13	141	739.134
-1.832596	2.115563	0.685730	13	125	135	739.057
-2.094395	0.899350	-2.069907	15	123	3	739.002
-1.570796	2.180315	-1.357379	23	137	130	738.970
1.570796	1.736875	3.023612	126	134	140	738.869
1.832596	1.721184	-0.153948	126	139	126	738.841
0.261799	1.545873	-1.877082	132	0	15	738.720
1.832596	2.164094	-2.991358	3	114	20	738.475
-2.356194	1.846342	-1.796954	13	9	13	738.437
-0.261799	1.948085	-2.363031	10	142	16	738.418
-2.879793	0.929350	-2.910676	140	119	132	738.387
-1.832596	1.741644	-2.695914	7	127	16	738.366
-2.356194	1.413430	2.550734	9	110	130	738.305
-2.879793	0.866955	-0.931351	4	130	112	738.297
1.308997	1.696674	-1.253233	133	124	8	738.161
0.261799	2.187132	-0.479875	11	4	125	738.017
2.356194	1.812176	0.656819	132	3	135	737.779
1.570796	1.554776	0.100351	132	3	127	737.627
-2.879793	1.433411	-1.035986	0	116	114	737.472
2.879793	1.809167	1.213774	137	116	131	737.258
-2.879793	1.617114	-1.572037	0	141	122	737.117
-1.832596	0.379747	-1.713059	12	129	138	736.530
-1.570796	1.440580	2.260026	17	121	130	736.408
0.523599	2.063651	-2.044600	15	131	128	736.335
-1.832596	2.187132	-0.479875	21	128	132	736.312
-2.879793	1.812176	0.656819	6	112	127	736.312
0.261799	1.510910	-0.740472	1	135	115	736.301
1.832596	2.587733	0.232235	127	118	140	736.052
-2.094395	0.906588	1.252948	15	121	119	736.000
2.879793	1.128190	-2.288622	11	119	11	735.812
0.000000	1.809167	1.213774	4	129	132	735.718
2.879793	1.450119	-2.739050	23	1	3	735.699
2.879793	1.367556	0.358405	5	112	135	735.696
-2.094395	1.325504	-1.671296	8	123	5	735.614
2.879793	1.113094	-0.272241	8	112	136	735.586
-2.879793	1.510910	-0.740472	4	107	6	735.549
-0.523599	2.579248	-2.364801	5	121	3	735.442
2.094395	0.685216	-1.712745	132	137	3	735.400
-2.617994	2.299159	2.264663	2	111	141	735.147
-0.785398	1.545873	-1.877082	143	2	122	735.116
2.879793	1.574060	2.783565	136	114	136	734.906
-2.356194	1.904882	-1.478089	25	125	129	734.755
-2.356194	1.301460	-0.509251	2	133	121	734.713
-1.047198	2.041297	-2.664597	9	7	134	734.677
-1.308997	0.674054	1.013609	10	135	118	734.627
-2.879793	1.417623	-0.202254	139	111	117	734.486
-2.356194	2.863997	0.549740	14	123	5	734.277
-1.570796	0.591903	2.010408	25	125	7	734.254
-3.141593	0.700570	1.559208	2	123	122	734.168
-2.356194	1.683268	0.374177	24	114	134	734.164
-2.617994	1.135813	-2.658866	143	114	138	734.130
-3.141593	0.866395	-2.492918	26	131	135	733.989
-0.785398	2.063651	-2.044600	138	142	123	733.778
2.617994	2.247462	0.191623	2	108	143	733.748
1.047198	0.866395	-2.492918	129	5	121	733.606
2.879793	1.545873	-1.877082	19	120	0	733.525
0.523599	0.615174	-0.666022	131	5	142	733.505
2.879793	2.343981	-1.040456	13	116	2	733.335
0.523599	1.417623	-0.202254	142	13	124	733.260
-1.570796	1.433411	-1.035986	14	140	11	733.250
-2.094395	1.374601	-2.456031	9	131	15	732.983
2.356194	0.379747	-1.713059	132	140	135	732.980
-0.261799	1.766067	2.153843	18	141	19	732.928
-1.570796	0.379747	-1.713059	11	130	139	732.813
-0.261799	0.866395	-2.492918	12	2	1	732.718
1.047198	1.836682	-0.676006	124	133	12	732.616
2.617994	2.073035	2.027405	138	119	136	732.562
0.785398	2.407836	1.410646	16	7	25	732.447
2.094395	1.606104	-0.451151	130	114	7	732.443
-2.617994	1.870545	-2.976234	141	116	5	732.427
-1.047198	2.396274	-1.959260	142	123	8	732.198
-1.832596	2.247462	0.191623	19	126	135	732.074
0.000000	1.599406	1.426070	1	4	131	731.928
-1.047198	1.413430	2.550734	26	4	135	731.887
1.047198	1.662363	0.915448	6	3	133	731.618
0.261799	2.247462	0.191623	8	126	124	731.600
2.879793	1.599406	1.426070	137	117	130	731.487
-2.879793	1.256302	0.062705	137	114	118	731.382
-3.141593	1.242974	-2.977882	8	120	18	731.336
1.308997	1.113094	-0.272241	3	4	123	731.330
0.000000	1.721184	-0.153948	135	9	11	731.265
-0.261799	1.870545	-2.976234	139	1	25	731.229
0.785398	2.104282	-0.813972	133	134	16	731.084
-2.617994	0.961715	0.014085	5	122	114	731.080
1.832596	1.836682	-0.676006	125	130	121	730.969
-0.261799	1.242974	-2.977882	1	15	129	730.644
-1.832596	0.733948	3.021411	21	133	116	730.561
0.785398	2.719179	-1.780644	3	128	14	730.519
1.832596	2.592629	0.909713	128	136	1	730.344
1.308997	1.766067	2.153843	138	126	27	730.137
2.356194	1.433411	-1.035986	133	134	11	729.976
-2.356194	1.214854	-1.966664	6	141	122	729.439
-1.308997	0.866395	-2.492918	13	134	5	729.365
-0.785398	0.640596	-2.797608	12	135	0	729.229
-0.785398	1.450119	-2.739050	24	3	1	729.175
-2.617994	1.836682	-0.676006	14	126	17	729.167
-2.094395	2.984978	1.954446	10	134	9	728.931
-2.094395	1.242974	-2.977882	9	129	17	728.677
0.000000	2.001437	0.381215	13	141	128	728.519
-1.047198	0.866395	-2.492918	11	135	5	728.438
-2.879793	1.045978	0.343692	124	107	134	728.437
-2.617994	2.760637	2.781135	137	116	5	728.408
-1.832596	0.929350	-2.910676	11	111	135	728.350
2.879793	1.310100	1.488307	140	119	127	728.043
0.785398	0.850607	-1.335383	130	2	4	727.859
-1.047198	1.335669	0.897240	0	121	22	727.784
-1.832596	1.846342	-1.796954	1	135	119	727.496
-3.141593	0.899350	-2.069907	23	137	129	727.315
-2.617994	2.407836	1.410646	128	142	27	727.314
-1.047198	0.674054	1.013609	12	132	113	727.227
0.261799	1.756530	-2.105156	135	143	19	727.159
1.308997	1.658653	-2.409879	123	126	127	726.875
-3.141593	2.295480	1.008277	139	109	137	726.749
0.785398	1.417623	-0.202254	132	139	6	726.723
2.879793	1.732874	-0.951685	143	139	122	726.711
1.570796	1.488617	1.159546	140	5	138	726.603
2.356194	1.256302	0.062705	134	131	119	726.588
1.047198	0.850607	-1.335383	130	0	4	726.475
0.261799	0.899350	-2.069907	5	142	125	726.415
-1.832596	1.662363	0.915448	25	124	130	726.305
-1.047198	2.104282	-0.813972	23	2	132	726.208
2.356194	1.014500	0.906702	143	138	131	726.202
1.308997	1.617114	-1.572037	132	123	9	726.185
-1.047198	1.948085	-2.363031	140	139	122	726.064
1.570796	2.104282	-0.813972	140	136	119	726.014
1.308997	2.984978	1.954446	134	128	17	725.846
-1.570796	1.977582	0.969896	13	126	134	725.779
-1.832596	1.756530	-2.105156	4	143	124	725.641
-2.879793	1.325504	-1.671296	2	129	10	725.583
0.261799	1.506530	1.988858	2	141	128	725.582
-0.523599	1.756530	-2.105156	8	143	19	725.575
-1.570796	0.700570	1.559208	15	125	115	725.476
-1.308997	1.194549	-0.801900	1	135	119	725.390
2.356194	2.863997	0.549740	130	114	0	725.314
-0.261799	1.658653	-2.409879	139	132	15	725.280
-1.047198	1.699788	2.452890	26	2	142	725.155
-2.094395	1.417623	-0.202254	15	125	121	725.128
0.261799	2.455966	-0.641220	13	3	129	724.921
-1.570796	0.899350	-2.069907	10	132	5	724.857
0.523599	2.089241	-0.114193	133	126	141	724.826
-1.308997	2.089241	-0.114193	142	129	128	724.803
2.356194	0.618092	2.539118	134	128	121	724.663
-0.785398	1.948085	-2.363031	1	127	11	724.541
0.000000	1.812176	0.656819	12	12	134	724.433
1.832596	1.184361	0.625864	139	4	131	724.319
1.570796	2.984978	1.954446	133	127	17	724.077
-0.785398	0.379747	-1.713059	125	129	123	723.958
2.094395	1.135834	-1.431087	132	140	7	723.945
-2.356194	1.374601	-2.456031	6	131	15	723.932
-3.141593	1.050534	3.042579	10	143	128	723.875
-2.094395	1.662363	0.915448	24	119	133	723.519
1.570796	1.658653	-2.409879	138	117	14	723.456
-2.094395	1.135813	-2.658866	9	110	139	723.435
-2.094395	1.574060	2.783565	18	111	132	723.350
0.261799	1.433411	-1.035986	2	13	121	723.213
2.617994	2.187132	-0.479875	135	136	124	723.041
1.308997	2.104282	-0.813972	138	129	12	723.030
2.879793	0.709924	0.218797	8	120	130	722.998
1.308997	0.992645	-1.723759	128	123	3	722.794
2.879793	0.866395	-2.492918	25	127	136	722.732
-3.141593	1.696674	-1.253233	142	130	14	722.583
0.000000	1.741644	-2.695914	9	0	10	722.257
2.617994	2.343981	-1.040456	9	116	3	722.000
0.000000	1.433411	-1.035986	138	13	11	721.924
0.000000	0.496451	0.593859	25	136	133	721.892
-2.879793	2.704512	1.488683	11	124	17	721.881
-2.356194	1.875281	0.107086	13	124	133	721.815
2.356194	0.619654	-2.216909	2	126	115	721.805
-2.879793	0.379747	-1.713059	6	116	139	721.745
2.094395	1.256302	0.062705	127	138	122	721.727
-2.356194	0.899350	-2.069907	11	118	3	721.705
2.879793	2.579248	-2.364801	21	114	9	721.682
1.832596	0.571433	-1.188419	127	143	136	721.535
-1.047198	2.251330	-2.330739	1	141	122	721.470
2.879793	0.899350	-2.069907	8	122	10	721.412
-1.047198	2.984978	1.954446	13	132	10	721.331
2.879793	1.184361	0.625864	2	136	132	721.243
0.261799	1.766067	2.153843	143	128	28	721.171
-2.356194	2.104282	-0.813972	20	124	134	721.112
-1.570796	0.961715	0.014085	143	123	120	721.075
2.617994	1.256302	0.062705	4	113	134	721.035
1.308997	2.180315	-1.357379	138	124	12	720.977
-2.094395	1.977582	0.969896	15	125	139	720.971
-2.094395	1.696674	-1.253233	135	130	121	720.920
2.094395	0.571433	-1.188419	10	136	114	720.271
0.261799	1.488617	1.159546	135	128	137	720.232
0.523599	0.709924	0.218797	131	132	123	720.165
1.308997	1.872854	1.543456	132	125	136	719.918
-2.617994	1.128190	-2.288622	19	136	122	719.675
2.879793	1.982574	-1.115518	135	4	126	719.425
0.000000	2.356369	3.005869	12	141	12	719.317
1.570796	1.721184	-0.153948	13	0	131	719.279
0.000000	2.393226	1.857173	12	138	140	719.211
1.832596	2.760637	2.781135	18	118	16	719.191
-3.141593	0.674054	1.013609	6	123	121	718.833
-2.879793	0.615174	-0.666022	6	116	137	718.800
2.879793	2.174483	2.653697	23	133	141	718.689
-0.261799	2.396274	-1.959260	133	142	125	718.641
-3.141593	2.393226	1.857173	0	114	140	718.585
-0.785398	1.391910	3.030322	11	2	128	718.578
2.094395	0.419640	2.974122	131	127	116	718.563
-0.785398	0.080730	-2.622036	10	134	137	718.413
-1.570796	2.295480	1.008277	16	134	1	718.233
1.308997	2.063651	-2.044600	1	128	118	718.199
0.261799	2.396274	-1.959260	1	135	22	718.125
-2.879793	1.128190	-2.288622	5	137	121	718.109
0.523599	2.724429	-0.348782	130	137	143	717.919
-1.047198	1.736875	3.023612	141	138	127	717.828
-1.570796	0.850607	-1.335383	17	141	115	717.825
-2.879793	2.299159	2.264663	3	113	140	717.822
2.356194	2.164094	-2.991358	11	109	17	717.798
-0.261799	1.506530	1.988858	6	143	130	717.773
-1.832596	0.866955	-0.931351	16	135	114	717.664
-0.785398	1.440580	2.260026	22	7	136	717.502
-2.617994	2.041297	-2.664597	27	128	139	717.473
-1.047198	0.700570	1.559208	26	127	5	717.446
-0.261799	2.719179	-1.780644	4	123	10	717.378
2.617994	0.850607	-1.335383	142	135	115	717.265
1.570796	1.367556	0.358405	136	2	127	717.222
1.832596	1.510910	-0.740472	132	114	4	717.081
0.000000	0.619654	-2.216909	8	135	127	716.816
1.047198	1.721184	-0.153948	133	138	13	716.814
-2.356194	1.732874	-0.951685	142	127	117	716.694
1.832596	1.554776	0.100351	138	115	136	716.667
1.047198	1.168678	2.108595	2	141	138	716.627
-0.261799	1.809167	1.213774	6	133	132	716.605
-2.094395	1.413347	-1.339188	18	117	6	716.505
2.879793	0.850607	-1.335383	141	134	115	716.474
-3.141593	1.325504	-1.671296	140	140	122	716.364
1.308997	0.866955	-0.931351	14	140	123	716.271
-2.356194	2.001437	0.381215	12	123	137	716.205
-2.094395	0.866955	-0.931351	13	120	140	716.014
-1.047198	1.128190	-2.288622	140	1	122	715.959
-1.570796	1.367556	0.358405	6	128	127	715.956
0.261799	0.685216	-1.712745	134	15	3	715.955
1.832596	2.089241	-0.114193	122	137	133	715.873
1.308997	1.134497	-1.109631	126	136	6	715.837
-2.879793	0.297065	2.160177	1	120	110	715.779
2.094395	1.875281	0.107086	139	112	137	715.681
-3.141593	0.961715	0.014085	142	125	116	715.680
-0.785398	2.001437	0.381215	16	134	129	715.625
-0.523599	2.295480	1.008277	12	136	136	715.609
-3.141593	1.218453	2.777284	12	143	132	715.585
-0.523599	1.194549	-0.801900	139	131	119	715.505
2.617994	1.310100	1.488307	141	133	134	715.502
1.308997	2.356369	3.005869	16	119	0	715.438
-1.308997	0.864993	2.278281	21	122	117	715.390
0.523599	1.545873	-1.877082	129	141	14	715.345
-1.308997	1.413347	-1.339188	12	138	116	715.294
-1.832596	1.977582	0.969896	13	125	135	715.252
-3.141593	0.615174	-0.666022	3	134	112	715.247
-2.356194	1.812176	0.656819	11	122	133	715.178
0.000000	2.588535	-2.976617	10	137	13	714.911
-3.141593	1.606104	-0.451151	139	111	117	714.881
-1.832596	1.325504	-1.671296	12	133	114	714.848
-1.832596	2.343981	-1.040456	28	133	138	714.789
2.879793	1.904882	-1.478089	141	1	124	714.663
0.523599	2.164094	-2.991358	138	130	27	714.645
-2.879793	0.762244	-0.273349	2	129	114	714.555
2.879793	2.984978	1.954446	133	121	2	714.487
1.570796	2.180315	-1.357379	140	120	10	714.425
1.047198	1.325504	-1.671296	140	137	121	714.298
-1.308997	1.448123	-2.163292	4	4	124	713.772
-1.570796	1.606104	-0.451151	18	137	126	713.754
1.308997	1.413347	-1.339188	129	121	6	713.691
-2.879793	0.591903	2.010408	2	120	117	713.685
-1.308997	0.619654	-2.216909	13	8	5	713.555
2.879793	1.846342	-1.796954	2	3	124	713.555
1.570796	0.297065	2.160177	4	0	136	713.375
2.356194	1.732874	-0.951685	140	139	122	713.347
-2.356194	1.128190	-2.288622	6	131	12	713.243
1.832596	1.242974	-2.977882	131	124	126	713.088
2.356194	1.736875	3.023612	128	119	140	713.014
-3.141593	1.045978	0.343692	10	115	129	712.712
-2.617994	1.904882	-1.478089	7	141	125	712.637
0.785398	0.929350	-2.910676	139	1	125	712.558
0.000000	0.709924	0.218797	136	8	140	712.528
0.523599	1.555207	1.708892	4	0	30	712.443
-2.617994	0.866955	-0.931351	3	129	111	712.409
-2.356194	0.370812	-2.547742	2	111	126	712.252
-2.356194	1.606104	-0.451151	13	135	12	712.224
0.523599	1.433411	-1.035986	6	2	123	712.183
-1.570796	1.301460	-0.509251	17	133	117	712.179
0.000000	1.218453	2.777284	125	7	19	712.155
-2.617994	0.685216	-1.712745	7	130	8	712.089
1.047198	1.846342	-1.796954	5	135	123	712.068
1.570796	0.290380	-0.796960	5	135	107	712.053
-1.308997	1.014500	0.906702	4	127	128	712.049
0.261799	0.960688	-0.577532	8	122	113	712.041
-1.832596	1.218453	2.777284	18	126	16	711.943
-3.141593	0.685216	-1.712745	4	112	142	711.866
1.832596	2.588535	-2.976617	12	113	16	711.832
-3.141593	2.881233	-2.582574	26	127	9	711.714
-1.570796	0.674054	1.013609	13	128	114	711.652
1.047198	2.664082	-1.071402	141	134	120	711.610
1.047198	2.456751	-1.503343	142	127	15	711.488
1.308997	1.367556	0.358405	141	6	129	711.470
-0.261799	1.433411	-1.035986	2	21	10	711.389
-2.094395	0.297065	2.160177	11	122	17	711.315
0.523599	1.506530	1.988858	3	143	126	711.307
2.617994	1.128190	-2.288622	7	119	11	711.223
-0.261799	2.588535	-2.976617	11	137	12	711.143
2.356194	2.187132	-0.479875	137	138	123	711.134
-1.308997	0.685216	-1.712745	132	137	121	710.944
1.570796	2.001437	0.381215	132	131	18	710.922
-0.785398	2.881233	-2.582574	12	135	21	710.908
2.617994	2.104282	-0.813972	136	126	119	710.757
-2.094395	0.929350	-2.910676	8	109	135	710.708
1.308997	2.979456	-1.009304	5	127	15	710.683
1.832596	1.325504	-1.671296	12	138	124	710.543
-0.523599	1.812176	0.656819	6	131	130	710.510
2.094395	1.335669	0.897240	141	132	23	710.328
1.308997	0.685216	-1.712745	129	123	143	710.327
0.785398	0.619654	-2.216909	134	106	124	710.215
1.832596	1.766067	2.153843	124	122	135	710.214
-2.356194	1.050534	3.042579	6	1	130	709.960
1.047198	1.134796	2.434290	125	1	127	709.947
-2.879793	1.766067	2.153843	1	112	134	709.784
1.832596	1.696674	-1.253233	138	113	5	709.704
-2.879793	0.203748	0.590255	9	141	133	709.660
-1.047198	0.370812	-2.547742	14	136	141	709.625
-2.094395	1.214854	-1.966664	15	136	117	709.505
2.879793	1.242974	-2.977882	23	119	9	709.369
2.094395	2.343981	-1.040456	2	113	7	709.284
-2.094395	1.128190	-2.288622	10	131	11	709.222
1.047198	1.310100	1.488307	0	4	28	709.203
2.617994	2.299159	2.264663	137	119	140	709.184
-2.094395	1.872854	1.543456	13	114	132	709.084
1.832596	1.413347	-1.339188	133	138	11	709.014
-1.047198	1.488617	1.159546	4	131	134	708.964
-2.879793	1.732874	-0.951685	140	139	122	708.690
0.523599	0.992645	-1.723759	137	3	116	708.627
-2.094395	0.370812	-2.547742	16	130	5	708.543
2.879793	1.025536	1.576859	1	131	132	708.409
-1.047198	2.478122	2.609777	9	117	3	708.374
-0.785398	2.033014	2.977192	5	140	29	708.301
2.356194	1.606104	-0.451151	132	110	7	708.255
-1.308997	1.545873	-1.877082	15	140	16	708.253
-0.523599	1.128190	-2.288622	15	1	3	708.240
0.000000	2.881233	-2.582574	8	129	14	708.170
-1.832596	2.251330	-2.330739	19	127	27	707.779
2.879793	0.370812	-2.547742	6	128	113	707.610
-2.617994	1.014500	0.906702	9	120	119	707.482
1.570796	0.960688	-0.577532	5	142	120	707.438
2.356194	2.108018	1.311430	135	109	140	707.413
-0.785398	1.766067	2.153843	17	132	133	707.394
-2.879793	2.863997	0.549740	9	124	8	707.377
-1.570796	0.910508	1.903534	23	123	12	707.366
-2.879793	2.153910	-1.714959	6	6	16	707.301
1.570796	1.504028	0.636812	13	2	139	707.058
0.785398	1.617114	-1.572037	136	0	123	707.023
2.356194	2.063651	-2.044600	6	126	20	706.719
-2.617994	1.875281	0.107086	11	110	125	706.582
-2.356194	1.367556	0.358405	22	114	127	706.491
-0.261799	2.587733	0.232235	25	123	7	706.292
-2.617994	1.184361	0.625864	13	119	121	706.268
-2.094395	1.301460	-0.509251	19	126	119	706.229
-0.785398	2.343981	-1.040456	3	142	23	706.182
-0.785398	0.674054	1.013609	26	123	0	706.170
-1.570796	0.831641	0.616218	142	122	124	706.147
-1.570796	1.128190	-2.288622	12	131	7	706.099
2.879793	0.831641	0.616218	6	120	127	706.043
-0.523599	2.456751	-1.503343	4	5	125	706.040
-2.356194	1.824694	1.850876	7	112	134	705.893
-2.879793	1.904882	-1.478089	9	2	14	705.803
1.570796	1.683268	0.374177	13	2	136	705.702
1.308997	2.187132	-0.479875	4	3	127	705.621
-0.523599	2.984978	1.954446	14	136	11	705.448
-2.617994	2.001437	0.381215	10	121	137	705.331
2.094395	1.721184	-0.153948	140	113	137	705.314
-0.523599	1.599406	1.426070	13	142	129	705.150
-2.094395	1.809167	1.213774	11	114	130	705.069
-1.047198	2.724429	-0.348782	29	137	5	704.955
2.356194	2.343981	-1.040456	5	116	5	704.833
-2.094395	1.135834	-1.431087	7	128	112	704.774
-2.356194	1.256302	0.062705	23	117	125	704.692
-2.094395	2.153910	-1.714959	28	131	134	704.578
1.308997	1.413430	2.550734	130	0	135	704.442
-1.570796	1.766067	2.153843	13	121	134	704.429
-0.523599	1.184361	0.625864	2	126	124	704.325
-1.047198	1.242974	-2.977882	12	135	11	704.251
-0.785398	1.374601	-2.456031	137	20	126	704.127
-1.570796	0.864993	2.278281	29	134	122	704.094
0.785398	1.510910	-0.740472	135	13	124	704.029
1.308997	1.374601	-2.456031	124	124	121	704.000
1.570796	2.587733	0.232235	129	121	139	703.969
1.308997	1.732874	-0.951685	132	124	7	703.899
-2.356194	1.809167	1.213774	6	110	131	703.830
0.261799	1.812176	0.656819	134	135	133	703.811
2.879793	2.478122	2.609777	134	126	6	703.694
-3.141593	0.992645	-1.723759	5	126	9	703.586
-0.523599	2.760637	2.781135	14	133	13	703.529
-0.523599	1.554776	0.100351	18	12	128	703.447
1.570796	2.393226	1.857173	134	130	140	703.414
-2.094395	1.050534	3.042579	6	109	140	703.401
0.785398	2.456751	-1.503343	2	125	6	703.288
-1.308997	1.510910	-0.740472	17	143	123	703.209
1.047198	1.756530	-2.105156	139	1	16	703.185
0.261799	2.073035	2.027405	0	132	31	703.020
-2.356194	1.014500	0.906702	13	121	119	703.015
-2.094395	2.704512	1.488683	12	131	8	702.920
-3.141593	1.450119	-2.739050	24	4	3	702.851
-2.879793	2.984978	1.954446	132	117	3	702.808
-2.094395	0.591903	2.010408	10	121	116	702.793
2.356194	1.846342	-1.796954	9	6	127	702.777
0.000000	0.203748	0.590255	25	133	134	702.757
-1.832596	2.379497	0.561089	18	131	0	702.712
2.356194	2.704512	1.488683	129	134	5	702.567
1.832596	1.872854	1.543456	131	118	136	702.293
-0.261799	0.831641	0.616218	138	10	136	702.272
2.617994	1.606104	-0.451151	127	115	119	702.244
2.094395	2.138223	1.678323	135	120	136	702.186
-0.523599	1.721184	-0.153948	12	136	121	702.132
-3.141593	1.374601	-2.456031	22	109	0	702.054
0.785398	2.247462	0.191623	7	132	123	702.018
-1.832596	1.335669	0.897240	127	6	140	701.909
-0.523599	2.343981	-1.040456	18	141	127	701.875
-1.570796	0.419640	2.974122	5	115	127	701.619
1.308997	2.404280	-0.174044	128	121	136	701.565
2.094395	0.899350	-2.069907	139	124	116	701.501
2.356194	1.367556	0.358405	130	131	124	701.395
-2.094395	2.881233	-2.582574	138	121	6	701.270
2.617994	1.736875	3.023612	23	129	139	701.154
1.570796	1.374601	-2.456031	124	118	121	701.011
2.094395	1.812176	0.656819	124	135	134	700.969
1.308997	1.909857	-0.381669	128	0	127	700.832
2.879793	0.929350	-2.910676	24	120	0	700.831
2.094395	1.732874	-0.951685	1	121	6	700.761
-2.879793	1.301460	-0.509251	12	139	3	700.746
-1.832596	1.413430	2.550734	17	13	22	700.667
1.570796	1.134497	-1.109631	133	134	8	700.663
0.261799	2.356369	3.005869	9	0	10	700.454
-2.356194	2.041297	-2.664597	13	141	126	700.440
0.261799	1.869911	2.701025	142	36	0	700.402
-0.523599	1.195355	1.200319	5	126	127	700.290
-1.047198	1.510910	-0.740472	19	8	12	700.224
-3.141593	1.998705	2.370472	0	111	137	700.044
-0.261799	2.404280	-0.174044	7	129	123	700.039
-1.570796	1.134497	-1.109631	11	0	8	700.001
2.356194	0.418037	1.360082	3	131	121	700.001
-1.308997	1.050534	3.042579	15	138	121	699.989
0.000000	0.379747	-1.713059	128	112	121	699.982
2.094395	2.187132	-0.479875	1	124	10	699.877
-1.570796	0.733948	3.021411	19	137	116	699.756
1.308997	1.448123	-2.163292	122	132	124	699.598
-2.879793	2.407836	1.410646	12	121	14	699.582
-2.094395	2.108018	1.311430	139	103	10	699.581
0.000000	0.733948	3.021411	8	137	141	699.543
0.000000	1.374601	-2.456031	8	19	7	699.420
1.570796	0.619654	-2.216909	129	121	0	699.326
0.261799	0.080730	-2.622036	8	1	136	699.029
-0.523599	1.998705	2.370472	17	6	3	699.021
0.523599	1.440580	2.260026	139	133	28	698.960
-2.094395	2.379497	0.561089	16	127	0	698.960
2.094395	1.045978	0.343692	136	137	120	698.949
2.617994	0.899350	-2.069907	5	122	10	698.773
0.523599	2.760637	2.781135	11	118	14	698.768
-3.141593	1.025536	1.576859	2	118	125	698.745
1.570796	1.875281	0.107086	131	132	16	698.703
-1.832596	2.063651	-2.044600	7	141	123	698.614
-2.356194	0.674054	1.013609	11	124	117	698.592
2.617994	1.504028	0.636812	132	122	124	698.514
-0.785398	1.875281	0.107086	13	135	126	698.504
-3.141593	1.617114	-1.572037	140	137	13	698.373
-0.785398	2.984978	1.954446	13	135	11	698.217
1.047198	2.180315	-1.357379	137	127	13	698.192
2.879793	1.948085	-2.363031	134	2	7	698.040
-1.570796	1.809167	1.213774	11	126	134	697.884
-3.141593	2.984978	1.954446	133	120	2	697.853
-2.356194	1.413347	-1.339188	16	119	9	697.848
-2.356194	1.335669	0.897240	16	118	124	697.515
2.356194	1.504028	0.636812	133	126	124	697.510
2.356194	2.001437	0.381215	141	111	140	697.494
-0.785398	1.683268	0.374177	17	130	123	697.492
-1.570796	1.014500	0.906702	3	124	128	697.491
-2.356194	1.448123	-2.163292	8	142	124	697.342
-2.094395	0.733948	3.021411	4	111	131	697.308
-2.356194	1.134497	-1.109631	1	124	112	697.271
2.879793	1.696674	-1.253233	0	119	17	697.261
-2.879793	2.404280	-0.174044	13	117	142	697.248
-1.570796	2.724429	-0.348782	16	104	140	697.218
-1.308997	1.450119	-2.739050	9	134	14	697.206
-3.141593	2.063651	-2.044600	140	2	12	696.967
-2.356194	1.699788	2.452890	8	110	135	696.559
1.047198	1.555207	1.708892	141	4	137	696.531
-1.570796	1.325504	-1.671296	143	132	116	696.431
2.879793	2.115563	0.685730	135	109	133	696.329
-2.617994	0.640596	-2.797608	143	112	132	696.278
0.523599	0.640596	-2.797608	4	136	128	696.255
2.356194	0.615174	-0.666022	142	138	112	695.985
-2.617994	1.256302	0.062705	8	118	117	695.912
0.785398	2.724429	-0.348782	139	137	31	695.818
0.000000	2.089241	-0.114193	13	0	126	695.804
-0.261799	1.128190	-2.288622	12	18	3	695.574
-3.141593	1.504028	0.636812	2	115	123	695.448
-1.832596	2.664082	-1.071402	143	4	17	695.049
-1.570796	2.637879	2.121598	12	135	6	694.845
-3.141593	1.812176	0.656819	138	111	128	694.643
0.000000	0.831641	0.616218	136	10	137	694.613
2.617994	1.545873	-1.877082	140	141	14	694.590
-1.832596	0.992645	-1.723759	142	134	115	694.416
-0.785398	1.741644	-2.695914	1	4	128	694.341
-2.356194	0.866395	-2.492918	138	139	127	694.243
-3.141593	1.214854	-1.966664	22	112	134	694.068
-1.047198	1.014500	0.906702	4	120	124	694.054
-0.523599	2.174483	2.653697	15	4	7	694.041
2.617994	0.992645	-1.723759	10	140	121	694.036
-2.094395	1.824694	1.850876	12	113	133	693.999
2.617994	1.184361	0.625864	133	126	121	693.923
-1.570796	2.251330	-2.330739	1	133	16	693.793
2.094395	1.909857	-0.381669	141	111	139	693.671
-0.785398	1.194549	-0.801900	7	25	3	693.619
0.523599	2.073035	2.027405	1	131	31	693.516
-2.356194	0.906588	1.252948	14	120	121	693.438
-0.523599	1.741644	-2.695914	11	13	136	693.408
0.785398	2.455966	-0.641220	126	139	26	693.337
0.785398	1.335669	0.897240	7	9	135	693.301
-2.617994	0.618092	2.539118	136	142	134	693.069
1.570796	0.496451	0.593859	122	131	124	693.048
1.832596	1.045978	0.343692	132	142	120	693.046
2.094395	2.153910	-1.714959	3	113	10	692.965
-1.308997	0.297065	2.160177	0	116	125	692.890
-2.617994	1.504028	0.636812	15	116	126	692.845
-3.141593	1.128190	-2.288622	23	111	137	692.803
2.356194	1.721184	-0.153948	122	134	130	692.793
-2.879793	2.579248	-2.364801	141	9	16	692.496
-0.785398	0.866955	-0.931351	20	143	117	692.436
2.879793	1.325504	-1.671296	18	121	141	692.345
-1.832596	1.135813	-2.658866	140	134	123	692.296
-0.785398	1.413430	2.550734	21	8	134	692.291
2.617994	1.413347	-1.339188	143	141	122	692.241
-0.785398	0.290380	-0.796960	133	108	120	692.213
-3.141593	2.299159	2.264663	0	112	140	692.164
-1.570796	1.869911	2.701025	15	116	139	692.155
-1.308997	0.866955	-0.931351	138	129	117	692.117
-0.261799	1.741644	-2.695914	136	143	127	692.096
2.356194	2.180315	-1.357379	1	6	125	691.942
2.094395	1.824694	1.850876	15	125	17	691.938
-2.094395	1.948085	-2.363031	10	140	123	691.903
-2.617994	1.335669	0.897240	11	117	124	691.453
0.261799	1.554776	0.100351	136	129	137	691.452
-0.261799	0.203748	0.590255	137	142	137	691.406
-2.617994	0.297065	2.160177	142	116	110	691.347
2.094395	1.433411	-1.035986	133	135	11	691.204
-1.047198	2.592629	0.909713	16	130	139	691.175
-0.523599	1.417623	-0.202254	14	11	124	691.107
-2.879793	1.872854	1.543456	141	113	134	691.051
-1.832596	1.184361	0.625864	5	122	124	690.753
-2.617994	1.909857	-0.381669	17	119	132	690.750
-1.570796	2.979456	-1.009304	16	134	128	690.585
1.832596	0.418037	1.360082	7	135	141	690.548
1.047198	1.909857	-0.381669	125	138	16	690.524
-0.785398	1.506530	1.988858	22	6	137	690.435
-1.570796	1.374601	-2.456031	11	131	11	690.316
-1.047198	1.574060	2.783565	18	135	21	690.015
1.047198	0.297065	2.160177	6	13	143	689.840
-1.570796	2.592629	0.909713	11	127	138	689.823
-0.523599	0.906588	1.252948	3	124	126	689.799
1.832596	0.419640	2.974122	133	131	115	689.459
-0.261799	1.367556	0.358405	141	131	129	689.392
0.785398	1.218453	2.777284	122	141	19	689.295
1.308997	2.033014	2.977192	140	117	23	689.213
-1.570796	0.615174	-0.666022	20	126	120	689.196
0.785398	1.247695	1.809890	4	6	132	689.165
-0.523599	1.325504	-1.671296	141	131	114	689.005
-0.261799	1.440580	2.260026	14	15	138	688.982
2.617994	1.982574	-1.115518	141	119	22	688.832
-2.356194	0.929350	-2.910676	3	110	135	688.792
-3.141593	1.756530	-2.105156	2	143	123	688.702
0.785398	1.184361	0.625864	8	8	131	688.662
-0.523599	2.455966	-0.641220	23	137	131	688.561
-0.523599	1.683268	0.374177	26	121	143	688.458
1.308997	2.456751	-1.503343	13	127	2	688.411
1.570796	1.135834	-1.431087	16	137	126	688.378
1.047198	0.379747	-1.713059	5	134	114	688.328
-1.832596	1.510910	-0.740472	17	119	6	688.282
1.308997	0.929350	-2.910676	125	0	125	688.172
0.523599	1.504028	0.636812	133	130	133	688.148
2.879793	1.812176	0.656819	131	108	18	688.105
-2.879793	1.809167	1.213774	4	112	130	688.052
2.879793	0.619654	-2.216909	25	132	133	688.019
-1.570796	0.571433	-1.188419	10	139	110	687.905
-1.308997	1.135813	-2.658866	12	133	9	687.854
-2.356194	1.194549	-0.801900	7	121	111	687.803
-1.047198	1.135813	-2.658866	137	125	123	687.783
-1.047198	0.914445	2.687814	9	129	16	687.764
-0.261799	0.866955	-0.931351	132	128	122	687.611
-0.785398	1.134497	-1.109631	7	25	4	687.566
1.308997	0.850607	-1.335383	134	110	130	687.497
1.308997	1.050534	3.042579	124	141	128	687.480
0.000000	1.184361	0.625864	24	143	137	687.476
1.570796	1.413430	2.550734	141	132	136	687.429
-2.879793	1.135813	-2.658866	12	124	15	687.419
-2.879793	2.104282	-0.813972	142	123	117	687.321
2.094395	0.992645	-1.723759	133	140	6	687.202
-2.094395	1.736875	3.023612	23	137	141	687.188
1.570796	1.413347	-1.339188	139	123	6	687.114
1.308997	2.153910	-1.714959	141	119	10	687.094
2.094395	1.488617	1.159546	134	130	129	687.073
-1.308997	1.732874	-0.951685	16	140	124	687.066
0.523599	2.251330	-2.330739	1	8	21	686.866
2.356194	1.135813	-2.658866	9	136	19	686.762
2.879793	1.391910	3.030322	20	119	15	686.726
-1.308997	0.418037	1.360082	25	119	143	686.673
2.617994	1.909857	-0.381669	125	113	124	686.616
1.308997	0.700570	1.559208	2	140	125	686.519
0.000000	1.569311	-3.003978	139	139	127	686.511
0.261799	1.134796	2.434290	0	15	130	686.474
1.570796	1.301460	-0.509251	131	118	143	686.200
2.617994	1.617114	-1.572037	0	143	123	686.186
-1.570796	1.741644	-2.695914	128	123	122	686.135
0.000000	2.115563	0.685730	16	140	132	685.929
1.047198	0.370812	-2.547742	135	102	126	685.906
1.047198	2.579248	-2.364801	7	121	3	685.821
-1.047198	1.504028	0.636812	129	135	138	685.665
0.261799	1.194549	-0.801900	133	12	6	685.624
1.047198	1.417623	-0.202254	143	8	124	685.578
0.785398	0.914445	2.687814	120	4	16	685.576
1.047198	1.214854	-1.966664	127	109	132	685.183
1.308997	2.295480	1.008277	132	1	142	685.177
2.879793	2.393226	1.857173	142	113	140	685.129
-3.141593	0.709924	0.218797	11	121	125	684.845
-2.617994	1.736875	3.023612	140	115	3	684.808
-1.047198	1.218453	2.777284	14	143	126	684.783
-1.832596	0.831641	0.616218	21	125	118	684.727
-0.785398	1.662363	0.915448	9	127	128	684.664
1.047198	1.135834	-1.431087	129	6	7	684.637
2.094395	0.370812	-2.547742	7	128	116	684.605
-2.879793	2.251330	-2.330739	141	5	13	684.588
-2.356194	2.073035	2.027405	2	110	139	684.580
1.047198	2.979456	-1.009304	6	132	17	684.579
-2.094395	1.869911	2.701025	18	111	137	684.434
-1.832596	1.982574	-1.115518	20	132	20	684.417
0.261799	1.662363	0.915448	136	133	134	684.366
0.000000	1.194549	-0.801900	133	7	5	684.337
-2.617994	1.413430	2.550734	10	108	128	684.285
-2.356194	1.869911	2.701025	15	108	137	684.214
2.094395	2.404280	-0.174044	119	131	138	684.179
2.356194	1.977582	0.969896	138	139	133	684.174
1.047198	1.606104	-0.451151	124	133	6	684.096
-0.523599	0.619654	-2.216909	125	135	124	684.093
1.047198	1.948085	-2.363031	142	2	18	684.055
0.000000	1.554776	0.100351	15	18	14	684.002
-1.047198	2.153910	-1.714959	13	2	127	683.840
1.047198	1.998705	2.370472	143	125	28	683.636
-0.785398	1.658653	-2.409879	16	12	134	683.597
2.617994	1.417623	-0.202254	0	141	125	683.596
0.000000	0.992645	-1.723759	135	14	9	683.449
-1.570796	1.214854	-1.966664	11	133	7	683.397
-0.523599	2.001437	0.381215	18	136	128	683.323
-2.617994	1.325504	-1.671296	143	142	122	683.260
-1.832596	0.618092	2.539118	3	113	128	683.154
1.308997	2.719179	-1.780644	5	138	18	683.081
1.832596	2.724429	-0.348782	142	112	7	683.055
1.308997	2.393226	1.857173	133	130	142	683.052
2.617994	1.824694	1.850876	139	119	133	683.044
0.261799	1.846342	-1.796954	137	137	119	682.952
-0.785398	0.866395	-2.492918	10	9	10	682.617
2.879793	0.591903	2.010408	142	123	119	682.577
2.094395	1.662363	0.915448	1	1	136	682.563
-0.261799	1.683268	0.374177	8	133	125	682.319
2.879793	1.721184	-0.153948	141	139	125	682.243
-2.879793	1.658653	-2.409879	140	127	9	682.175
-2.356194	0.418037	1.360082	5	126	114	682.166
-1.570796	1.448123	-2.163292	2	2	124	682.151
-2.617994	1.574060	2.783565	11	107	131	682.046
1.570796	2.863997	0.549740	131	123	0	681.982
2.879793	1.135834	-1.431087	8	142	122	681.824
-2.356194	1.756530	-2.105156	5	141	17	681.795
2.879793	0.419640	2.974122	135	109	141	681.683
-3.141593	2.343981	-1.040456	141	99	129	681.632
1.570796	1.812176	0.656819	12	1	134	681.395
0.523599	1.134796	2.434290	138	13	130	681.228
1.832596	2.041297	-2.664597	140	98	138	681.200
-1.832596	1.869911	2.701025	1	135	27	681.132
2.094395	1.948085	-2.363031	2	128	21	681.001
2.879793	1.683268	0.374177	130	108	14	680.997
-0.785398	0.762244	-0.273349	0	113	117	680.946
-3.141593	2.073035	2.027405	134	113	140	680.870
-2.094395	0.960688	-0.577532	14	129	114	680.827
-2.617994	1.488617	1.159546	1	18	136	680.746
1.047198	2.407836	1.410646	134	132	140	680.741
-0.785398	2.478122	2.609777	10	118	3	680.716
-0.261799	2.174483	2.653697	0	136	31	680.677
-0.261799	2.724429	-0.348782	137	126	9	680.402
0.523599	0.762244	-0.273349	132	13	141	680.398
1.308997	0.914445	2.687814	120	122	10	680.346
-1.308997	1.325504	-1.671296	13	134	8	680.328
0.261799	1.214854	-1.966664	131	7	120	680.306
-1.570796	1.812176	0.656819	10	127	132	680.194
-0.785398	1.812176	0.656819	125	125	130	680.155
1.570796	1.599406	1.426070	136	140	135	680.109
-1.832596	1.732874	-0.951685	20	132	124	680.007
2.617994	1.554776	0.100351	3	111	133	679.998
1.832596	2.108018	1.311430	135	122	134	679.977
-2.617994	1.413347	-1.339188	9	113	7	679.753
-1.570796	0.685216	-1.712745	13	126	141	679.582
-1.308997	2.379497	0.561089	19	141	1	679.497
2.879793	2.063651	-2.044600	136	2	11	679.478
-2.356194	1.504028	0.636812	22	114	130	679.411
0.000000	1.247695	1.809890	6	0	123	679.315
-0.261799	0.864993	2.278281	142	29	18	679.314
-0.261799	1.869911	2.701025	0	142	30	679.230
-1.832596	0.914445	2.687814	24	6	14	679.223
-0.785398	2.295480	1.008277	12	135	138	679.197
1.832596	1.809167	1.213774	131	118	134	679.190
2.094395	2.455966	-0.641220	137	139	123	679.187
-0.261799	1.909857	-0.381669	18	139	121	679.135
2.617994	0.619654	-2.216909	2	127	115	678.893
2.356194	1.824694	1.850876	139	141	32	678.838
-2.879793	1.488617	1.159546	4	116	126	678.824
2.094395	1.736875	3.023612	126	118	137	678.817
-1.308997	1.413430	2.550734	29	142	134	678.816
0.261799	1.113094	-0.272241	134	12	3	678.774
-0.785398	1.135813	-2.658866	13	10	123	678.637
-1.570796	1.510910	-0.740472	7	112	117	678.590
0.523599	2.041297	-2.664597	1	15	18	678.574
-1.308997	1.391910	3.030322	138	142	130	678.535
0.785398	1.448123	-2.163292	122	114	135	678.364
2.356194	2.984978	1.954446	134	133	6	678.326
0.785398	0.615174	-0.666022	1	140	108	678.191
-2.356194	2.379497	0.561089	22	114	4	678.125
2.879793	2.704512	1.488683	131	115	1	678.047
2.356194	0.591903	2.010408	26	142	0	678.020
2.617994	1.448123	-2.163292	7	127	118	677.995
0.261799	0.831641	0.616218	21	141	131	677.966
-0.261799	1.555207	1.708892	6	128	131	677.840
2.617994	1.242974	-2.977882	7	117	18	677.793
1.047198	1.195355	1.200319	5	3	135	677.790
0.523599	1.025536	1.576859	11	1	133	677.748
0.523599	1.310100	1.488307	1	126	131	677.703
-1.832596	1.545873	-1.877082	21	138	121	677.594
2.094395	1.836682	-0.676006	142	110	140	677.406
-0.261799	0.929350	-2.910676	122	22	0	677.238
-0.785398	1.168678	2.108595	8	126	129	677.050
0.523599	1.870545	-2.976234	128	136	25	677.041
-1.570796	2.104282	-0.813972	20	8	132	676.998
2.617994	2.251330	-2.330739	21	122	135	676.883
0.523599	0.685216	-1.712745	140	142	112	676.790
2.879793	1.510910	-0.740472	7	128	10	676.777
-0.523599	1.301460	-0.509251	143	131	119	676.752
2.879793	1.218453	2.777284	135	108	127	676.745
-1.570796	2.343981	-1.040456	24	134	130	676.708
-2.617994	1.699788	2.452890	10	106	133	676.677
1.047198	2.637879	2.121598	11	112	17	676.636
1.308997	0.290380	-0.796960	6	134	107	676.615
1.570796	2.138223	1.678323	137	130	135	676.582
-2.879793	0.674054	1.013609	7	124	119	676.416
-2.617994	2.073035	2.027405	4	112	137	676.412
0.785398	0.571433	-1.188419	11	114	115	676.326
-2.094395	2.247462	0.191623	19	123	136	676.308
-2.356194	1.909857	-0.381669	15	124	131	676.280
1.832596	0.899350	-2.069907	138	127	116	676.250
-2.879793	0.640596	-2.797608	13	123	115	676.225
-0.261799	1.510910	-0.740472	9	12	123	676.217
1.832596	1.374601	-2.456031	137	98	138	676.163
-1.047198	1.214854	-1.966664	11	136	8	676.020
-0.523599	1.510910	-0.740472	7	135	115	675.981
0.785398	0.297065	2.160177	8	137	139	675.751
1.047198	0.640596	-2.797608	129	105	129	675.701
-2.617994	2.587733	0.232235	15	119	1	675.692
1.570796	2.704512	1.488683	137	133	36	675.491
1.308997	0.960688	-0.577532	9	0	122	675.387
1.570796	2.153910	-1.714959	139	120	15	675.315
-2.617994	1.998705	2.370472	3	110	139	675.310
-2.356194	2.164094	-2.991358	141	118	6	675.285
-0.261799	0.496451	0.593859	17	142	112	675.274
-1.570796	0.929350	-2.910676	15	133	117	675.207
2.617994	2.984978	1.954446	132	132	6	675.192
0.261799	0.297065	2.160177	5	123	128	675.184
-1.308997	1.998705	2.370472	27	139	5	675.130
1.308997	1.982574	-1.115518	136	125	10	674.990
-0.523599	2.724429	-0.348782	137	15	21	674.928
0.261799	1.606104	-0.451151	133	128	135	674.891
-2.094395	2.295480	1.008277	14	127	1	674.855
2.356194	1.417623	-0.202254	140	111	0	674.831
-1.308997	2.396274	-1.959260	0	139	123	674.623
-2.879793	0.370812	-2.547742	11	129	111	674.585
1.047198	2.104282	-0.813972	134	131	14	674.583
-1.047198	1.824694	1.850876	19	127	133	674.480
-2.617994	2.579248	-2.364801	141	115	9	674.389
2.879793	1.488617	1.159546	141	118	127	674.381
2.094395	1.741644	-2.695914	1	107	13	674.357
2.617994	2.349581	-2.702517	23	125	139	674.356
-2.094395	0.618092	2.539118	0	111	131	674.251
0.785398	1.909857	-0.381669	1	7	126	674.230
-2.356194	0.831641	0.616218	16	119	119	674.210
-1.832596	2.407836	1.410646	7	20	2	674.185
-2.879793	0.733948	3.021411	7	126	122	674.165
2.617994	2.180315	-1.357379	4	8	124	674.145
-2.617994	2.393226	1.857173	0	111	141	674.136
2.617994	0.866395	-2.492918	1	125	121	674.075
0.261799	2.089241	-0.114193	21	141	131	673.941
-1.047198	1.113094	-0.272241	143	136	125	673.793
-2.094395	2.396274	-1.959260	15	141	127	673.696
-1.308997	0.419640	2.974122	11	139	111	673.689
-1.832596	1.242974	-2.977882	10	112	140	673.497
0.523599	1.948085	-2.363031	143	12	17	673.325
2.356194	1.948085	-2.363031	5	127	22	673.297
0.523599	1.998705	2.370472	140	123	27	673.227
-2.094395	2.063651	-2.044600	10	142	125	673.161
2.617994	1.812176	0.656819	131	115	127	673.087
1.570796	1.184361	0.625864	141	3	129	673.067
-2.617994	2.719179	-1.780644	15	133	128	673.042
1.570796	2.478122	2.609777	11	140	28	673.037
-1.308997	0.960688	-0.577532	141	129	119	672.927
-1.047198	2.001437	0.381215	18	130	128	672.724
-2.879793	2.343981	-1.040456	1	99	129	672.669
-2.094395	1.658653	-2.409879	35	127	140	672.559
