128	1.2	0
-2.617994	2.115563	0.685730
0.437717	0.956744	0.969342
../2buk_monomer_m.pdb	-21.975	20.130	62.520
../2buk_monomer_m.pdb	44.003	49.366	5.677
-2.094395	2.478122	2.609777	25	12	120	1130.339
-2.356194	1.214854	-1.966664	25	109	116	1068.749
-1.832596	2.760637	2.781135	26	15	125	1067.676
-1.047198	1.194549	-0.801900	127	12	23	1005.823
-2.094395	1.699788	2.452890	124	117	110	982.234
-2.094395	1.184361	0.625864	117	10	31	981.880
-3.141593	1.617114	-1.572037	104	5	22	975.347
0.785398	1.242974	-2.977882	24	5	116	974.114
-1.047198	2.704512	1.488683	14	14	24	964.913
-2.356194	1.184361	0.625864	116	8	32	960.140
-2.617994	1.214854	-1.966664	21	108	114	953.340
-0.785398	1.683268	0.374177	102	14	12	930.800
-2.617994	1.998705	2.370472	126	121	18	922.693
0.261799	2.073035	2.027405	110	19	21	917.789
-2.356194	2.174483	2.653697	25	8	115	916.500
0.523599	1.869911	2.701025	106	18	16	900.725
0.261799	1.135834	-1.431087	127	16	22	900.253
-1.308997	1.128190	-2.288622	109	117	108	899.472
-0.523599	1.194549	-0.801900	124	15	23	896.599
1.047198	0.496451	0.593859	107	122	106	890.901
0.000000	1.134497	-1.109631	124	16	23	888.616
-0.523599	1.301460	-0.509251	114	11	24	886.426
-2.356194	2.379497	0.561089	27	10	6	885.829
-2.356194	2.299159	2.264663	26	14	122	882.275
2.356194	1.736875	3.023612	104	9	119	881.656
-2.617994	0.914445	2.687814	120	6	104	873.397
2.879793	1.846342	-1.796954	102	10	17	870.306
0.261799	2.719179	-1.780644	19	26	2	868.239
-2.094395	0.831641	0.616218	123	6	33	866.597
1.047198	1.812176	0.656819	1	1	28	863.830
-1.047198	1.301460	-0.509251	0	19	22	862.520
1.832596	1.433411	-1.035986	102	124	121	860.009
-2.617994	1.194549	-0.801900	5	127	23	859.035
0.785398	0.080730	-2.622036	126	125	102	858.274
-1.832596	2.478122	2.609777	24	19	121	856.587
2.879793	1.756530	-2.105156	100	8	14	854.044
-3.141593	1.374601	-2.456031	109	120	105	848.503
-2.617994	1.506530	1.988858	118	1	112	847.807
-0.785398	2.104282	-0.813972	23	13	14	843.381
-3.141593	0.496451	0.593859	36	116	8	841.556
-2.617994	1.904882	-1.478089	112	125	104	840.730
-1.570796	1.242974	-2.977882	25	0	126	839.405
-2.356194	0.080730	-2.622036	16	127	112	839.233
-0.785398	1.194549	-0.801900	127	13	23	838.962
-2.879793	1.194549	-0.801900	6	2	22	833.188
-1.832596	1.440580	2.260026	120	121	110	833.119
-1.832596	0.850607	-1.335383	6	115	21	832.971
-2.617994	0.866395	-2.492918	8	6	110	831.970
-1.047198	1.870545	-2.976234	30	4	8	831.923
-0.261799	1.488617	1.159546	18	15	123	828.491
-1.047198	1.184361	0.625864	119	2	32	825.019
0.785398	1.683268	0.374177	125	126	31	824.224
-2.617994	1.504028	0.636812	115	12	29	824.162
1.047198	1.599406	1.426070	99	111	121	822.425
-2.356194	0.960688	-0.577532	14	127	17	822.166
1.308997	1.658653	-2.409879	5	27	5	821.975
2.617994	2.478122	2.609777	109	115	26	821.712
0.261799	1.982574	-1.115518	12	7	28	821.244
-2.094395	1.766067	2.153843	124	120	111	816.799
1.308997	1.699788	2.452890	125	3	13	816.685
0.785398	2.349581	-2.702517	108	14	27	816.044
2.094395	1.696674	-1.253233	105	119	122	812.438
2.879793	2.343981	-1.040456	19	2	20	811.428
-2.094395	0.906588	1.252948	17	15	17	811.059
-0.261799	2.579248	-2.364801	117	19	19	810.835
0.785398	1.135813	-2.658866	26	10	121	810.818
-0.785398	1.736875	3.023612	121	22	7	810.073
-2.356194	1.450119	-2.739050	20	126	117	809.880
-0.261799	1.194549	-0.801900	122	16	23	807.577
-1.832596	2.174483	2.653697	14	109	20	807.283
-1.047198	2.760637	2.781135	14	2	28	806.349
0.523599	1.440580	2.260026	106	18	9	805.373
0.000000	0.992645	-1.723759	7	11	19	804.583
-2.879793	1.617114	-1.572037	103	0	22	802.974
0.523599	1.736875	3.023612	107	19	15	798.541
-2.094395	1.683268	0.374177	28	5	13	797.864
0.523599	1.875281	0.107086	8	14	3	796.857
-2.356194	0.762244	-0.273349	112	111	122	794.983
-0.785398	2.637879	2.121598	9	15	26	794.565
-0.785398	2.588535	-2.976617	8	12	28	794.249
1.570796	1.574060	2.783565	24	0	120	794.090
1.832596	1.846342	-1.796954	107	120	118	791.989
-0.261799	2.033014	2.977192	99	9	118	791.338
-3.141593	1.699788	2.452890	3	119	13	791.313
-1.308997	1.184361	0.625864	115	7	32	791.000
-1.570796	0.866395	-2.492918	115	125	102	790.438
2.094395	1.194549	-0.801900	105	113	119	789.903
1.570796	1.732874	-0.951685	105	1	125	787.349
-2.094395	2.001437	0.381215	27	6	15	787.046
-0.785398	1.504028	0.636812	104	18	8	786.523
-2.094395	1.510910	-0.740472	126	101	125	786.087
0.785398	1.310100	1.488307	107	109	117	785.830
-1.308997	0.992645	-1.723759	122	4	20	784.129
2.094395	2.881233	-2.582574	121	105	105	784.123
2.879793	2.180315	-1.357379	110	14	23	783.985
2.356194	2.760637	2.781135	111	123	30	783.704
-1.832596	0.992645	-1.723759	6	2	20	782.966
-2.094395	2.704512	1.488683	109	17	13	782.794
0.523599	2.174483	2.653697	108	17	22	782.611
-2.879793	2.881233	-2.582574	117	123	32	781.478
-2.879793	2.407836	1.410646	30	13	1	780.628
-2.356194	1.242974	-2.977882	20	1	114	780.361
-2.617994	1.812176	0.656819	30	1	2	779.845
-1.832596	0.458961	-0.107937	6	119	105	779.586
-2.879793	1.135834	-1.431087	13	110	18	779.275
0.785398	1.599406	1.426070	105	111	119	778.825
-1.832596	1.413430	2.550734	121	116	110	778.731
-1.308997	1.134497	-1.109631	4	7	24	778.706
-0.261799	0.379747	-1.713059	1	125	103	778.629
0.785398	0.914445	2.687814	33	115	126	777.241
1.047198	1.699788	2.452890	1	4	12	776.634
-1.047198	2.251330	-2.330739	25	2	18	776.522
-2.356194	0.615174	-0.666022	122	119	112	776.504
-1.570796	2.153910	-1.714959	34	117	7	776.316
-0.261799	1.662363	0.915448	17	17	127	776.140
-0.785398	2.033014	2.977192	108	6	11	776.132
-1.832596	0.866395	-2.492918	22	127	115	774.364
2.879793	1.325504	-1.671296	124	118	24	773.881
-2.617994	1.413347	-1.339188	110	125	26	773.871
-2.356194	0.961715	0.014085	6	110	113	772.896
-2.356194	0.831641	0.616218	9	109	109	772.712
0.261799	1.977582	0.969896	7	16	5	770.892
-2.094395	1.440580	2.260026	120	122	110	770.837
0.523599	2.984978	1.954446	117	8	32	770.471
-2.356194	1.128190	-2.288622	20	121	120	769.965
0.785398	1.194549	-0.801900	19	22	5	769.929
1.832596	1.325504	-1.671296	108	5	25	769.653
0.000000	1.194549	-0.801900	119	15	23	768.967
-0.785398	1.574060	2.783565	97	9	121	768.406
-2.617994	0.615174	-0.666022	112	121	118	768.223
-2.617994	1.574060	2.783565	27	5	116	768.021
1.308997	2.174483	2.653697	116	112	13	767.182
0.261799	1.413347	-1.339188	127	13	25	766.833
-1.832596	2.704512	1.488683	105	17	13	766.503
-1.047198	2.637879	2.121598	7	17	28	766.477
0.523599	0.080730	-2.622036	127	124	102	764.859
-0.785398	1.134497	-1.109631	2	10	23	764.619
-0.261799	1.134497	-1.109631	126	15	23	764.375
0.261799	0.850607	-1.335383	125	18	21	763.996
-1.570796	2.356369	3.005869	12	113	25	763.949
0.523599	1.134796	2.434290	108	17	5	763.807
-1.047198	1.128190	-2.288622	109	110	111	763.449
-2.094395	1.977582	0.969896	116	14	27	763.403
-2.879793	1.766067	2.153843	123	123	17	763.097
0.785398	2.041297	-2.664597	104	16	23	762.694
-2.356194	1.135813	-2.658866	14	3	115	761.785
-2.879793	0.496451	0.593859	37	119	8	761.740
-1.832596	1.977582	0.969896	112	15	27	761.707
2.617994	1.325504	-1.671296	121	121	23	761.448
0.785398	1.413430	2.550734	101	14	9	760.847
-0.261799	1.218453	2.777284	101	10	1	759.795
-2.879793	1.809167	1.213774	4	13	24	758.622
0.000000	0.733948	3.021411	104	8	123	758.532
2.356194	1.870545	-2.976234	97	5	124	758.389
-1.832596	1.448123	-2.163292	33	117	122	758.326
-1.047198	1.135813	-2.658866	107	119	108	758.135
-1.308997	1.510910	-0.740472	124	10	26	758.023
0.785398	2.251330	-2.330739	17	17	3	757.673
0.785398	1.504028	0.636812	123	127	30	754.945
1.570796	1.904882	-1.478089	107	125	122	754.661
-2.879793	1.413430	2.550734	112	117	111	754.446
-2.094395	1.812176	0.656819	115	9	31	754.183
-1.570796	1.184361	0.625864	121	125	32	753.982
0.261799	1.869911	2.701025	110	20	16	753.775
-2.356194	1.195355	1.200319	16	9	21	753.733
-0.261799	0.992645	-1.723759	10	9	19	753.546
1.047198	1.732874	-0.951685	105	11	0	753.180
-2.617994	0.618092	2.539118	119	13	108	753.158
-3.141593	1.846342	-1.796954	102	7	17	753.032
0.261799	1.736875	3.023612	110	20	14	752.506
-1.832596	1.699788	2.452890	124	115	111	752.111
1.832596	0.496451	0.593859	108	113	106	752.003
0.261799	1.766067	2.153843	109	21	15	751.948
0.523599	1.870545	-2.976234	106	19	17	751.861
-1.308997	0.619654	-2.216909	7	3	15	751.640
-2.617994	2.881233	-2.582574	120	5	31	751.420
-2.094395	1.448123	-2.163292	31	113	122	751.189
1.308997	1.218453	2.777284	14	14	120	750.906
-2.617994	1.413430	2.550734	115	116	110	750.807
-3.141593	2.637879	2.121598	121	106	116	750.702
-2.617994	2.343981	-1.040456	113	107	125	750.479
0.785398	1.433411	-1.035986	22	20	1	750.249
-1.047198	0.290380	-0.796960	4	122	103	749.783
-3.141593	2.455966	-0.641220	23	3	19	749.750
-1.047198	2.393226	1.857173	9	18	25	749.379
-3.141593	0.700570	1.559208	13	15	115	749.362
1.308997	1.247695	1.809890	99	4	9	748.743
1.570796	1.510910	-0.740472	102	1	125	748.710
0.523599	2.033014	2.977192	107	18	20	748.465
-2.879793	1.335669	0.897240	2	5	29	748.256
2.356194	2.115563	0.685730	105	0	16	747.530
0.261799	2.295480	1.008277	111	1	118	747.348
-2.094395	0.864993	2.278281	119	8	106	747.300
-0.261799	0.906588	1.252948	102	127	32	746.457
-2.094395	1.658653	-2.409879	25	121	123	746.441
-3.141593	1.218453	2.777284	107	119	109	746.339
-2.094395	0.762244	-0.273349	8	112	108	746.208
-0.785398	0.850607	-1.335383	37	5	122	745.493
1.047198	1.247695	1.809890	103	11	10	744.427
1.047198	1.766067	2.153843	0	3	12	744.051
2.356194	1.683268	0.374177	104	3	14	743.771
-1.832596	2.396274	-1.959260	14	127	26	743.560
-2.094395	1.545873	-1.877082	29	112	123	743.536
2.617994	0.733948	3.021411	5	105	115	743.411
2.356194	2.881233	-2.582574	123	104	105	743.368
0.000000	1.413347	-1.339188	3	12	24	743.358
-0.261799	0.960688	-0.577532	109	9	22	742.905
0.523599	1.683268	0.374177	5	15	3	742.756
0.785398	1.875281	0.107086	21	5	18	742.503
-2.356194	0.496451	0.593859	5	115	104	742.281
-1.570796	2.719179	-1.780644	8	127	30	741.924
2.094395	2.299159	2.264663	124	114	20	741.228
-2.356194	2.478122	2.609777	27	5	112	741.095
-0.785398	2.349581	-2.702517	24	127	22	740.926
0.261799	0.640596	-2.797608	109	105	121	740.765
-1.047198	2.719179	-1.780644	3	126	32	740.508
1.047198	2.724429	-0.348782	103	0	31	740.481
-0.261799	1.135834	-1.431087	7	10	22	740.388
0.523599	1.699788	2.452890	20	117	112	740.362
-0.523599	0.379747	-1.713059	2	122	103	740.327
2.094395	2.719179	-1.780644	14	15	125	740.299
-0.523599	2.760637	2.781135	34	1	4	740.094
-1.308997	2.478122	2.609777	13	120	25	739.385
0.785398	1.134796	2.434290	97	7	4	739.202
-0.785398	2.881233	-2.582574	23	21	0	739.111
0.000000	1.367556	0.358405	18	15	2	738.712
2.094395	1.413430	2.550734	105	122	109	738.710
-3.141593	2.478122	2.609777	116	124	25	738.566
2.094395	2.349581	-2.702517	107	109	112	738.408
-1.308997	1.374601	-2.456031	127	102	5	738.400
-0.523599	2.724429	-0.348782	110	127	36	737.577
-0.523599	0.866395	-2.492918	108	107	114	736.888
2.879793	2.153910	-1.714959	94	123	23	736.884
1.570796	1.869911	2.701025	8	100	114	736.865
-2.617994	0.961715	0.014085	111	108	126	736.728
-1.047198	1.574060	2.783565	123	22	7	736.698
2.879793	1.545873	-1.877082	101	7	114	736.061
-2.094395	1.045978	0.343692	16	5	28	736.044
-1.308997	2.349581	-2.702517	20	6	106	735.862
-0.785398	1.904882	-1.478089	21	114	109	735.771
-2.879793	0.914445	2.687814	108	127	109	735.679
-2.879793	1.574060	2.783565	24	4	109	735.632
1.308997	1.413430	2.550734	2	2	10	735.432
-2.094395	1.135834	-1.431087	4	3	22	735.023
-2.879793	1.824694	1.850876	122	124	19	734.698
-0.785398	1.135813	-2.658866	106	117	110	734.414
-1.047198	1.824694	1.850876	108	26	13	734.173
1.047198	1.448123	-2.163292	117	6	104	734.129
0.261799	2.396274	-1.959260	17	28	125	734.117
2.356194	1.872854	1.543456	107	112	22	734.040
-1.308997	1.554776	0.100351	118	23	18	733.604
-2.356194	1.413347	-1.339188	112	4	25	733.037
-2.879793	1.184361	0.625864	120	7	31	732.213
2.879793	2.760637	2.781135	115	2	28	732.177
-2.356194	1.045978	0.343692	16	5	27	731.706
1.047198	2.407836	1.410646	109	122	117	731.220
0.523599	1.128190	-2.288622	121	23	20	730.565
0.523599	1.574060	2.783565	105	18	10	730.517
-1.308997	1.194549	-0.801900	6	13	22	730.385
1.047198	1.242974	-2.977882	27	5	123	730.208
0.523599	2.588535	-2.976617	113	13	29	730.119
-2.617994	2.404280	-0.174044	126	105	19	730.063
2.879793	1.998705	2.370472	126	111	17	729.617
-0.523599	2.174483	2.653697	124	16	22	729.398
-2.617994	1.335669	0.897240	2	5	29	729.368
0.261799	1.554776	0.100351	18	5	1	729.321
-0.785398	1.824694	1.850876	102	24	13	729.281
-1.570796	1.374601	-2.456031	109	119	108	728.940
2.879793	0.618092	2.539118	8	105	114	728.753
1.832596	1.413347	-1.339188	103	124	118	728.447
-0.261799	1.870545	-2.976234	114	24	7	728.416
0.261799	2.089241	-0.114193	26	124	8	728.337
-1.047198	2.138223	1.678323	11	19	22	728.202
1.308997	0.864993	2.278281	33	116	125	727.921
2.617994	2.138223	1.678323	113	112	25	727.847
-2.617994	1.869911	2.701025	29	2	114	726.911
2.356194	1.050534	3.042579	126	7	14	726.625
-0.785398	2.393226	1.857173	11	18	23	726.532
-2.879793	1.812176	0.656819	33	126	2	725.751
-1.832596	2.153910	-1.714959	29	115	2	725.682
0.000000	0.640596	-2.797608	107	104	120	725.488
-1.047198	2.063651	-2.044600	22	119	104	725.397
-0.261799	2.637879	2.121598	6	10	26	724.657
-2.094395	2.760637	2.781135	11	2	28	724.069
-2.879793	1.134497	-1.109631	4	1	22	723.961
-2.879793	1.214854	-1.966664	18	107	113	723.783
-2.617994	2.379497	0.561089	106	13	22	723.726
2.617994	0.496451	0.593859	116	115	106	723.709
-0.261799	1.977582	0.969896	112	5	115	723.357
-3.141593	1.662363	0.915448	1	16	26	723.354
0.261799	1.574060	2.783565	111	21	11	723.154
2.094395	1.555207	1.708892	101	122	13	723.147
-1.047198	2.108018	1.311430	0	31	3	722.084
0.261799	2.299159	2.264663	111	17	24	722.077
-1.570796	1.194549	-0.801900	7	11	23	722.068
-2.094395	2.881233	-2.582574	5	127	30	722.051
-0.785398	0.290380	-0.796960	118	113	121	722.005
-2.094395	1.662363	0.915448	120	12	29	721.976
0.000000	1.135834	-1.431087	3	12	22	721.582
0.523599	2.664082	-1.071402	106	5	31	721.542
-0.261799	2.881233	-2.582574	2	11	32	721.123
-0.785398	1.113094	-0.272241	123	23	19	720.971
2.356194	1.554776	0.100351	102	4	11	720.914
-2.617994	1.448123	-2.163292	101	127	16	720.454
2.617994	1.904882	-1.478089	111	14	23	720.371
2.879793	1.869911	2.701025	122	122	16	720.216
-1.047198	1.450119	-2.739050	30	7	0	720.198
0.523599	0.831641	0.616218	4	12	112	720.015
0.785398	2.174483	2.653697	124	103	107	719.841
-2.617994	1.135813	-2.658866	16	1	114	719.798
-0.785398	1.045978	0.343692	3	124	30	719.530
-2.879793	1.909857	-0.381669	122	114	122	719.441
1.832596	1.448123	-2.163292	111	4	25	719.332
-1.047198	0.899350	-2.069907	40	125	120	719.260
-0.785398	1.184361	0.625864	120	4	31	719.180
-2.094395	2.174483	2.653697	23	13	115	718.965
-2.356194	1.696674	-1.253233	111	8	23	718.930
0.261799	1.195355	1.200319	104	125	27	718.917
1.047198	1.569311	-3.003978	22	7	122	718.735
0.523599	1.766067	2.153843	106	18	15	718.228
2.356194	2.349581	-2.702517	6	107	102	718.205
0.261799	0.458961	-0.107937	27	2	125	717.721
1.308997	0.961715	0.014085	101	0	114	717.275
-0.261799	2.349581	-2.702517	115	22	15	717.214
-0.261799	2.704512	1.488683	6	9	25	717.083
-2.094395	2.247462	0.191623	121	108	18	717.031
-0.261799	2.393226	1.857173	8	16	20	716.724
2.617994	1.569311	-3.003978	97	4	122	716.701
1.308997	1.998705	2.370472	126	3	14	716.539
-2.356194	1.683268	0.374177	114	106	18	716.436
-2.094395	1.194549	-0.801900	124	106	119	716.181
1.832596	2.588535	-2.976617	127	104	104	716.150
-2.617994	2.089241	-0.114193	1	101	15	715.952
2.094395	1.998705	2.370472	121	110	16	715.780
-1.047198	2.455966	-0.641220	31	113	12	715.588
-2.879793	1.545873	-1.877082	101	1	19	715.407
0.785398	2.108018	1.311430	110	125	114	714.940
0.261799	1.998705	2.370472	91	110	1	714.654
2.879793	2.073035	2.027405	123	126	19	714.391
2.879793	1.135813	-2.658866	115	10	15	714.238
-3.141593	2.760637	2.781135	116	1	29	714.115
-2.356194	1.504028	0.636812	114	14	30	714.031
2.617994	2.251330	-2.330739	3	112	99	713.692
-2.617994	2.247462	0.191623	27	6	7	713.653
-0.261799	2.760637	2.781135	0	20	29	713.586
1.047198	0.960688	-0.577532	11	10	27	713.458
0.785398	2.063651	-2.044600	15	19	10	713.382
1.047198	1.846342	-1.796954	116	10	112	713.150
-2.356194	1.766067	2.153843	122	121	111	712.719
0.785398	2.579248	-2.364801	18	17	8	712.458
-0.261799	0.929350	-2.910676	111	13	126	712.379
2.094395	2.251330	-2.330739	113	124	104	712.223
-2.094395	1.256302	0.062705	11	6	31	712.217
2.617994	1.301460	-0.509251	105	108	123	712.169
2.356194	1.809167	1.213774	111	125	22	711.831
0.000000	2.456751	-1.503343	24	8	115	711.481
-0.523599	1.869911	2.701025	110	19	11	711.473
-1.047198	1.741644	-2.695914	30	5	7	711.443
-1.047198	2.588535	-2.976617	23	123	23	711.286
-1.047198	1.982574	-1.115518	26	11	11	710.999
-1.047198	2.579248	-2.364801	27	3	110	710.888
2.094395	0.866955	-0.931351	110	107	113	710.823
2.094395	1.545873	-1.877082	118	124	26	710.600
-1.308997	2.393226	1.857173	11	14	26	710.586
-1.047198	1.242974	-2.977882	98	5	118	710.295
-0.785398	1.413347	-1.339188	32	10	8	710.249
0.523599	2.979456	-1.009304	27	11	0	710.248
-2.879793	0.458961	-0.107937	120	114	108	710.233
-0.523599	2.881233	-2.582574	3	9	32	710.167
-0.785398	1.872854	1.543456	101	21	19	710.154
-2.094395	2.063651	-2.044600	22	121	125	710.094
0.785398	2.455966	-0.641220	101	6	29	709.920
-1.570796	0.619654	-2.216909	102	126	120	709.834
2.617994	1.050534	3.042579	1	102	118	709.742
2.356194	0.960688	-0.577532	103	114	117	709.153
-0.261799	0.619654	-2.216909	112	104	122	709.013
-0.523599	0.910508	1.903534	29	3	114	708.595
0.523599	1.413347	-1.339188	123	9	25	708.381
-3.141593	0.992645	-1.723759	125	126	19	708.168
-0.523599	2.455966	-0.641220	18	13	20	707.790
1.047198	1.809167	1.213774	105	108	123	707.656
-0.523599	1.870545	-2.976234	105	122	109	707.239
-1.308997	2.063651	-2.044600	22	113	104	706.994
-1.047198	2.089241	-0.114193	106	15	21	706.892
2.879793	0.379747	-1.713059	15	121	112	706.866
0.523599	1.741644	-2.695914	105	19	16	706.674
0.523599	1.025536	1.576859	107	111	114	706.092
-2.617994	2.033014	2.977192	6	113	18	705.880
-1.570796	2.704512	1.488683	101	18	11	705.683
1.047198	1.050534	3.042579	24	6	117	705.605
2.356194	2.984978	1.954446	108	123	32	705.469
-0.523599	0.864993	2.278281	91	2	9	705.347
-1.308997	0.615174	-0.666022	9	121	105	705.310
0.261799	1.374601	-2.456031	0	20	23	704.990
-2.094395	2.108018	1.311430	116	12	24	704.727
1.047198	2.104282	-0.813972	30	9	14	704.711
0.523599	1.998705	2.370472	106	18	18	704.386
-1.570796	2.760637	2.781135	23	21	126	704.284
1.832596	1.904882	-1.478089	106	124	122	704.275
-2.356194	1.335669	0.897240	127	6	29	704.227
-0.261799	1.696674	-1.253233	11	14	23	703.964
-2.356194	2.704512	1.488683	114	17	13	703.953
-2.094395	2.724429	-0.348782	120	3	36	703.778
2.879793	2.478122	2.609777	114	125	25	703.744
0.523599	2.637879	2.121598	110	10	29	703.711
-2.617994	1.433411	-1.035986	118	123	28	703.643
-0.785398	1.413430	2.550734	20	23	120	703.636
-0.523599	1.736875	3.023612	116	24	6	703.505
-0.785398	2.704512	1.488683	11	11	25	703.241
1.308997	1.440580	2.260026	29	117	121	703.208
-2.356194	0.906588	1.252948	21	14	17	703.172
2.879793	1.050534	3.042579	116	10	13	703.167
-2.356194	1.440580	2.260026	116	124	111	703.089
2.617994	1.846342	-1.796954	96	2	20	702.834
0.523599	2.704512	1.488683	114	11	31	702.761
-1.832596	2.664082	-1.071402	1	0	33	702.675
1.047198	1.134796	2.434290	31	116	124	702.564
0.261799	1.128190	-2.288622	125	23	20	702.460
-2.094395	0.674054	1.013609	126	109	6	702.305
-2.879793	0.700570	1.559208	11	18	115	702.187
-1.047198	2.073035	2.027405	109	26	11	702.178
-1.308997	2.104282	-0.813972	10	9	30	702.069
0.785398	1.732874	-0.951685	115	13	29	701.862
-0.785398	2.073035	2.027405	13	19	17	701.352
1.047198	1.325504	-1.671296	105	10	26	701.318
2.617994	2.704512	1.488683	118	5	24	701.074
2.879793	1.909857	-0.381669	109	99	11	700.646
-2.356194	1.413430	2.550734	119	115	110	700.061
-1.832596	0.831641	0.616218	124	4	33	699.645
-2.879793	2.089241	-0.114193	93	16	11	699.604
2.094395	1.683268	0.374177	110	125	33	699.523
-2.094395	2.164094	-2.991358	13	110	23	699.194
0.000000	2.295480	1.008277	111	5	117	698.971
-1.570796	2.349581	-2.702517	21	1	105	698.801
2.356194	1.658653	-2.409879	95	11	4	698.800
-2.094395	1.214854	-1.966664	28	112	116	698.757
-1.570796	1.325504	-1.671296	125	3	25	698.544
1.308997	2.637879	2.121598	9	97	113	698.399
-1.047198	1.113094	-0.272241	127	22	19	698.119
-2.094395	2.863997	0.549740	7	10	31	698.086
0.523599	1.812176	0.656819	6	13	4	697.805
-2.879793	0.615174	-0.666022	110	124	119	697.718
1.570796	1.982574	-1.115518	95	3	4	697.682
-0.785398	1.998705	2.370472	99	17	1	697.609
-0.523599	1.134497	-1.109631	4	14	22	697.290
2.356194	1.335669	0.897240	101	119	15	697.101
2.356194	2.001437	0.381215	106	5	19	697.087
-2.617994	1.184361	0.625864	117	8	32	696.718
-3.141593	1.904882	-1.478089	104	5	23	696.702
1.832596	1.696674	-1.253233	115	127	29	696.289
0.261799	1.194549	-0.801900	113	13	24	696.264
-1.308997	2.760637	2.781135	8	8	29	696.110
0.261799	2.108018	1.311430	113	3	113	695.996
2.094395	1.809167	1.213774	109	126	23	695.797
-2.356194	1.448123	-2.163292	21	120	121	695.672
0.261799	0.866395	-2.492918	115	109	117	695.656
1.308997	1.662363	0.915448	116	103	126	695.602
-1.570796	2.979456	-1.009304	124	3	33	695.572
-2.617994	0.929350	-2.910676	17	2	114	695.242
0.523599	1.374601	-2.456031	124	21	23	695.126
0.000000	1.699788	2.452890	107	6	15	695.115
-1.047198	2.180315	-1.357379	14	3	28	694.727
-0.523599	2.187132	-0.479875	19	15	18	694.717
-1.570796	0.910508	1.903534	117	8	107	694.690
-3.141593	1.998705	2.370472	121	123	18	694.596
0.000000	1.662363	0.915448	12	16	0	694.408
-2.356194	1.545873	-1.877082	114	124	103	694.298
-2.356194	2.637879	2.121598	124	10	23	694.294
-1.832596	1.135813	-2.658866	24	127	120	694.197
-1.570796	1.135813	-2.658866	123	100	127	694.194
1.047198	1.617114	-1.572037	5	33	123	694.143
-1.832596	2.063651	-2.044600	31	117	1	693.851
0.785398	2.407836	1.410646	109	0	117	693.753
-0.523599	1.433411	-1.035986	119	125	28	693.385
-1.047198	2.356369	3.005869	122	18	17	693.197
1.047198	1.391910	3.030322	31	126	123	693.194
0.261799	0.864993	2.278281	1	25	112	692.830
0.785398	1.977582	0.969896	10	1	26	692.383
-1.832596	1.766067	2.153843	123	119	111	692.326
-2.356194	1.699788	2.452890	0	114	15	692.152
1.832596	1.574060	2.783565	0	20	119	692.059
-1.308997	1.135813	-2.658866	26	7	119	692.031
2.094395	1.504028	0.636812	3	5	30	691.765
0.523599	2.108018	1.311430	111	0	114	691.759
0.523599	1.448123	-2.163292	17	18	9	691.702
-0.523599	2.478122	2.609777	4	22	25	691.656
-0.785398	0.960688	-0.577532	127	22	19	691.406
-2.094395	2.299159	2.264663	112	127	16	691.218
0.785398	0.864993	2.278281	104	10	3	691.218
-1.308997	2.704512	1.488683	10	10	28	691.188
-1.308997	0.685216	-1.712745	7	114	19	690.935
0.523599	1.977582	0.969896	115	117	114	690.677
1.308997	1.617114	-1.572037	5	10	21	690.656
0.261799	1.367556	0.358405	13	14	3	690.606
-1.832596	1.869911	2.701025	126	112	111	690.538
-2.356194	2.592629	0.909713	106	16	17	690.532
0.785398	2.295480	1.008277	108	123	118	690.166
-0.523599	2.299159	2.264663	10	21	21	690.146
2.617994	2.760637	2.781135	112	121	30	689.619
1.308997	1.756530	-2.105156	6	27	9	689.596
-1.047198	1.367556	0.358405	108	19	13	689.571
1.047198	2.984978	1.954446	117	6	32	689.430
1.570796	1.325504	-1.671296	109	7	25	689.302
0.000000	2.579248	-2.364801	116	13	30	689.296
-0.523599	2.979456	-1.009304	121	123	35	689.124
-1.308997	2.180315	-1.357379	25	6	13	689.071
-1.308997	0.290380	-0.796960	4	120	103	689.068
-2.617994	0.571433	-1.188419	109	110	109	689.002
2.094395	0.960688	-0.577532	106	113	115	688.959
1.047198	0.619654	-2.216909	108	119	118	688.874
2.617994	0.379747	-1.713059	18	127	119	688.846
-2.617994	2.760637	2.781135	8	123	28	688.761
1.047198	2.108018	1.311430	105	125	115	688.373
2.617994	2.863997	0.549740	29	15	1	688.305
0.523599	1.450119	-2.739050	23	11	118	688.197
0.261799	2.174483	2.653697	18	14	18	688.169
1.047198	1.168678	2.108595	102	13	5	688.008
-0.785398	1.555207	1.708892	2	5	15	687.961
-0.523599	2.041297	-2.664597	111	8	13	687.857
-2.356194	0.929350	-2.910676	18	1	113	687.824
1.308997	1.134796	2.434290	32	119	124	687.697
1.308997	1.870545	-2.976234	6	24	125	687.634
-2.356194	1.977582	0.969896	29	3	124	687.461
-1.308997	2.719179	-1.780644	0	123	33	687.144
-0.785398	0.297065	2.160177	93	10	17	687.065
1.570796	1.699788	2.452890	25	123	120	687.039
-0.523599	0.700570	1.559208	98	5	27	686.869
1.832596	0.290380	-0.796960	18	127	122	686.613
-1.832596	2.588535	-2.976617	40	115	121	686.611
2.879793	1.301460	-0.509251	104	109	124	686.580
-2.879793	2.180315	-1.357379	108	13	22	686.504
0.785398	2.637879	2.121598	113	12	29	686.349
-2.356194	1.374601	-2.456031	23	119	120	686.180
1.832596	2.108018	1.311430	103	114	116	685.919
-1.570796	1.045978	0.343692	0	27	13	685.836
1.308997	2.984978	1.954446	117	5	32	685.526
-2.356194	1.014500	0.906702	123	12	32	685.345
2.879793	1.504028	0.636812	119	17	30	685.025
1.570796	2.041297	-2.664597	125	114	103	684.973
2.617994	1.683268	0.374177	115	5	32	684.936
-1.308997	0.929350	-2.910676	24	6	114	684.916
0.261799	0.906588	1.252948	101	2	26	684.896
-1.308997	1.301460	-0.509251	3	17	22	684.800
-1.047198	2.041297	-2.664597	28	4	13	684.734
-2.617994	1.045978	0.343692	25	6	17	684.531
2.094395	0.615174	-0.666022	112	106	110	684.465
0.000000	2.247462	0.191623	10	16	20	684.318
1.047198	2.455966	-0.641220	29	8	10	684.081
-2.879793	1.488617	1.159546	11	10	24	684.025
1.047198	1.658653	-2.409879	7	26	5	683.845
-0.523599	1.977582	0.969896	112	12	117	683.822
-2.617994	2.455966	-0.641220	127	3	34	683.489
1.308997	0.914445	2.687814	23	3	113	683.291
2.617994	2.407836	1.410646	116	3	22	683.240
-3.141593	2.299159	2.264663	115	111	24	683.149
0.523599	0.850607	-1.335383	120	14	23	683.006
0.000000	1.510910	-0.740472	121	34	6	682.951
-1.832596	1.050534	3.042579	118	22	113	682.895
-0.785398	1.554776	0.100351	106	16	17	682.738
2.356194	1.662363	0.915448	108	126	21	682.695
-2.356194	1.836682	-0.676006	124	127	31	682.315
-0.785398	2.299159	2.264663	13	17	21	682.263
-2.356194	0.370812	-2.547742	17	122	107	682.224
-2.356194	2.588535	-2.976617	125	120	29	682.187
-0.785398	0.379747	-1.713059	0	124	103	682.174
-2.617994	0.899350	-2.069907	21	111	112	682.070
-1.047198	1.617114	-1.572037	14	110	17	682.006
-0.785398	2.174483	2.653697	116	20	17	681.647
1.047198	1.128190	-2.288622	101	121	124	681.635
-0.523599	1.184361	0.625864	120	4	31	681.563
-2.617994	1.014500	0.906702	4	1	30	681.497
-0.785398	1.766067	2.153843	31	12	122	681.387
-2.617994	1.696674	-1.253233	110	114	118	680.981
-2.879793	1.756530	-2.105156	98	5	13	680.969
0.261799	0.733948	3.021411	33	112	1	680.711
1.308997	1.696674	-1.253233	107	127	123	680.680
-2.356194	2.164094	-2.991358	21	124	105	680.581
2.617994	1.732874	-0.951685	103	23	2	680.312
1.570796	2.174483	2.653697	116	112	15	680.303
1.570796	2.164094	-2.991358	1	105	104	680.218
-1.308997	1.904882	-1.478089	27	8	8	680.094
-1.570796	1.218453	2.777284	103	111	120	680.003
-3.141593	1.696674	-1.253233	112	9	25	679.636
-0.261799	1.256302	0.062705	106	19	19	679.613
1.308997	1.506530	1.988858	28	114	121	679.552
0.261799	1.683268	0.374177	121	108	29	679.499
1.308997	1.732874	-0.951685	105	4	126	679.481
-0.785398	1.134796	2.434290	34	3	115	679.271
2.617994	1.194549	-0.801900	105	110	119	679.242
-0.785398	1.836682	-0.676006	25	16	10	679.017
1.308997	1.809167	1.213774	115	104	120	679.011
-2.094395	1.998705	2.370472	17	14	16	678.933
-1.832596	2.356369	3.005869	14	112	24	678.705
0.785398	0.960688	-0.577532	13	22	8	678.472
0.261799	1.699788	2.452890	110	21	13	678.362
-1.308997	2.587733	0.232235	7	5	30	678.323
2.094395	1.218453	2.777284	106	126	107	678.242
2.094395	0.831641	0.616218	100	121	21	678.171
0.785398	2.478122	2.609777	109	14	27	678.043
2.356194	1.545873	-1.877082	117	124	27	677.933
0.523599	0.418037	1.360082	114	119	101	677.787
-2.617994	2.001437	0.381215	113	9	32	677.712
-1.047198	2.396274	-1.959260	31	121	112	677.707
-1.308997	1.569311	-3.003978	31	1	2	677.633
1.047198	1.413347	-1.339188	14	15	111	677.518
1.047198	1.554776	0.100351	28	0	17	677.513
2.094395	2.588535	-2.976617	117	104	110	677.208
0.000000	1.488617	1.159546	109	126	26	677.181
1.047198	2.299159	2.264663	95	5	25	676.875
-1.570796	2.063651	-2.044600	19	111	104	676.786
0.785398	1.545873	-1.877082	14	19	15	676.758
2.617994	2.153910	-1.714959	96	121	120	676.674
2.879793	0.615174	-0.666022	91	125	6	676.429
1.570796	0.297065	2.160177	118	120	102	676.257
0.785398	0.866395	-2.492918	29	9	126	676.239
2.094395	1.824694	1.850876	106	108	22	676.234
0.523599	1.504028	0.636812	8	12	6	676.217
-1.047198	1.569311	-3.003978	31	5	4	676.112
-1.308997	1.450119	-2.739050	31	1	1	676.110
2.879793	0.591903	2.010408	10	16	114	676.105
-2.094395	1.128190	-2.288622	28	117	119	675.999
-1.308997	0.899350	-2.069907	6	5	18	675.773
-2.094395	0.992645	-1.723759	38	107	123	675.696
-0.523599	1.569311	-3.003978	118	22	2	675.678
1.832596	1.506530	1.988858	111	104	111	675.637
-2.879793	1.391910	3.030322	117	20	10	675.445
0.785398	1.606104	-0.451151	14	20	14	675.306
-1.047198	1.045978	0.343692	4	116	29	675.298
0.000000	0.899350	-2.069907	26	15	125	675.249
-1.832596	1.301460	-0.509251	17	126	22	675.228
1.832596	1.440580	2.260026	111	108	108	675.110
1.570796	2.760637	2.781135	1	100	108	675.078
-2.879793	2.187132	-0.479875	25	5	12	674.935
-0.785398	1.301460	-0.509251	125	21	22	674.793
1.832596	0.960688	-0.577532	107	111	114	674.789
-2.617994	0.619654	-2.216909	20	118	112	674.780
2.879793	2.001437	0.381215	109	124	36	674.693
2.879793	1.554776	0.100351	108	16	25	674.623
-3.141593	0.615174	-0.666022	111	1	118	674.504
-3.141593	1.194549	-0.801900	107	107	120	674.497
1.308997	2.164094	-2.991358	125	105	104	674.433
1.308997	1.574060	2.783565	26	127	120	674.421
-1.570796	2.393226	1.857173	114	25	14	674.115
-2.356194	2.247462	0.191623	6	24	4	674.068
0.785398	0.929350	-2.910676	26	9	119	674.003
2.617994	2.247462	0.191623	26	18	9	673.892
0.523599	2.719179	-1.780644	124	14	33	673.857
-3.141593	0.297065	2.160177	4	109	111	673.629
0.785398	0.619654	-2.216909	111	116	122	673.584
0.000000	1.128190	-2.288622	1	21	20	673.383
1.308997	0.733948	3.021411	36	126	3	673.180
1.570796	2.033014	2.977192	0	22	122	673.170
-3.141593	0.379747	-1.713059	16	123	119	673.144
-2.617994	2.637879	2.121598	126	8	23	673.054
-1.047198	2.164094	-2.991358	27	2	15	672.953
-2.879793	2.033014	2.977192	5	115	17	672.875
-2.617994	2.115563	0.685730	21	16	17	672.636
-2.879793	1.218453	2.777284	110	117	109	672.519
1.308997	1.325504	-1.671296	105	8	26	672.427
0.261799	1.025536	1.576859	105	113	114	672.097
-1.308997	2.592629	0.909713	25	11	16	672.080
1.308997	2.407836	1.410646	105	121	119	672.066
1.047198	1.433411	-1.035986	110	15	26	672.040
-0.261799	1.504028	0.636812	120	17	31	671.989
1.570796	1.214854	-1.966664	115	11	21	671.972
-0.261799	1.128190	-2.288622	9	20	19	671.576
-0.261799	1.569311	-3.003978	108	6	12	671.516
0.523599	2.180315	-1.357379	12	8	25	671.453
2.356194	1.998705	2.370472	124	127	15	671.377
-2.879793	0.571433	-1.188419	124	105	18	671.171
-2.879793	0.899350	-2.069907	19	113	113	671.000
1.832596	1.488617	1.159546	105	1	18	670.902
-0.785398	1.448123	-2.163292	35	7	9	670.757
-3.141593	1.413347	-1.339188	108	5	26	670.703
0.523599	1.367556	0.358405	3	126	30	670.669
-0.785398	1.870545	-2.976234	123	22	6	670.149
1.570796	1.448123	-2.163292	109	5	26	669.998
-1.047198	1.335669	0.897240	115	5	32	669.815
-1.832596	1.135834	-1.431087	118	124	25	669.787
1.308997	0.618092	2.539118	35	120	0	669.672
-0.523599	1.310100	1.488307	98	5	23	669.587
-2.356194	1.812176	0.656819	117	9	31	669.525
0.000000	2.251330	-2.330739	105	7	15	669.330
-1.308997	0.960688	-0.577532	15	124	28	669.235
-0.523599	2.108018	1.311430	96	14	24	669.122
-1.047198	1.510910	-0.740472	0	16	26	668.898
-1.047198	2.881233	-2.582574	28	8	115	668.798
-2.356194	2.295480	1.008277	110	14	21	668.661
0.261799	1.256302	0.062705	7	1	29	668.627
-1.570796	1.301460	-0.509251	5	15	23	668.513
2.356194	1.982574	-1.115518	105	117	126	668.495
-2.356194	0.709924	0.218797	8	110	108	668.423
2.879793	2.115563	0.685730	26	17	6	668.325
2.879793	0.203748	0.590255	20	127	7	668.294
0.523599	0.899350	-2.069907	7	14	17	668.284
-1.308997	2.979456	-1.009304	0	126	32	668.146
0.261799	0.929350	-2.910676	2	107	104	668.068
-2.094395	2.104282	-0.813972	116	5	30	668.002
-1.047198	0.762244	-0.273349	35	8	121	667.917
-1.570796	1.128190	-2.288622	26	4	119	667.612
-0.261799	2.041297	-2.664597	116	24	9	667.560
1.047198	0.297065	2.160177	98	123	119	667.534
1.308997	1.391910	3.030322	28	1	123	667.513
0.000000	1.870545	-2.976234	108	24	7	667.500
-2.879793	1.504028	0.636812	119	13	29	667.497
-3.141593	2.592629	0.909713	29	14	7	667.477
-0.785398	1.440580	2.260026	119	23	11	667.440
-2.617994	1.977582	0.969896	123	126	119	667.350
1.047198	1.374601	-2.456031	8	26	5	667.185
1.308997	0.910508	1.903534	102	9	1	667.108
1.832596	2.984978	1.954446	20	123	2	667.021
-1.047198	1.872854	1.543456	0	113	125	666.777
2.617994	0.709924	0.218797	20	126	19	666.638
-0.523599	1.448123	-2.163292	32	11	9	666.585
0.785398	2.984978	1.954446	115	6	32	666.335
1.047198	2.637879	2.121598	108	12	120	666.281
0.261799	1.325504	-1.671296	7	10	22	666.230
-2.094395	2.407836	1.410646	110	16	16	666.161
-0.523599	1.506530	1.988858	123	24	13	666.161
0.000000	2.073035	2.027405	3	16	17	666.112
-2.879793	1.374601	-2.456031	111	115	104	666.077
-1.047198	1.413430	2.550734	27	16	121	665.894
-2.617994	2.719179	-1.780644	107	105	114	665.821
2.617994	2.295480	1.008277	105	123	17	665.795
0.523599	2.456751	-1.503343	19	27	4	665.477
2.094395	0.914445	2.687814	110	125	103	665.333
2.617994	2.579248	-2.364801	126	109	101	665.209
1.308997	2.001437	0.381215	22	127	19	665.069
-1.308997	1.870545	-2.976234	31	0	8	664.955
0.261799	2.001437	0.381215	11	12	11	664.943
-1.832596	1.014500	0.906702	34	9	4	664.608
-2.879793	1.433411	-1.035986	114	4	29	664.578
-0.261799	0.866955	-0.931351	124	18	20	664.573
-1.570796	2.396274	-1.959260	14	126	27	664.508
-0.523599	0.290380	-0.796960	116	117	121	664.474
0.523599	1.135834	-1.431087	124	16	23	664.463
-1.047198	0.960688	-0.577532	40	6	0	664.193
1.832596	2.379497	0.561089	101	124	30	663.980
-2.879793	1.413347	-1.339188	110	126	26	663.972
-0.523599	2.588535	-2.976617	122	11	29	663.965
-0.523599	0.850607	-1.335383	5	11	21	663.778
2.879793	1.617114	-1.572037	107	12	22	663.507
-1.308997	1.367556	0.358405	116	24	12	663.492
0.261799	2.455966	-0.641220	18	7	28	663.455
0.261799	1.184361	0.625864	11	14	1	663.435
-2.094395	2.295480	1.008277	106	14	22	663.408
-2.356194	1.574060	2.783565	100	119	118	663.297
2.879793	2.404280	-0.174044	99	14	10	663.249
-0.523599	1.113094	-0.272241	107	10	22	663.241
-0.523599	1.510910	-0.740472	114	126	30	663.202
-2.617994	1.301460	-0.509251	9	4	23	663.063
-1.570796	0.899350	-2.069907	1	100	11	663.026
0.000000	2.588535	-2.976617	22	18	7	663.002
1.570796	2.587733	0.232235	96	124	23	663.000
-1.047198	2.299159	2.264663	21	127	20	662.962
1.570796	1.168678	2.108595	14	6	116	662.459
-0.523599	1.909857	-0.381669	27	12	14	662.333
1.570796	1.433411	-1.035986	105	122	122	662.316
2.094395	1.741644	-2.695914	7	110	105	662.265
-2.094395	0.297065	2.160177	95	5	2	662.253
-1.832596	0.961715	0.014085	16	2	28	662.243
-1.308997	2.637879	2.121598	109	24	8	662.174
-1.832596	0.615174	-0.666022	114	108	119	662.147
1.832596	0.906588	1.252948	93	118	6	662.029
0.523599	1.135813	-2.658866	27	7	116	662.018
-0.785398	1.335669	0.897240	103	16	2	661.971
1.832596	0.203748	0.590255	122	13	118	661.953
2.879793	1.662363	0.915448	3	13	27	661.952
-0.785398	2.164094	-2.991358	113	7	16	661.892
-2.356194	1.732874	-0.951685	119	0	29	661.760
1.570796	0.618092	2.539118	37	123	4	661.746
-0.785398	0.496451	0.593859	100	13	5	661.741
-1.570796	1.448123	-2.163292	27	6	1	661.630
0.785398	2.587733	0.232235	26	125	7	661.390
1.570796	1.134796	2.434290	32	122	124	661.338
0.000000	1.683268	0.374177	15	15	3	661.329
-0.785398	2.760637	2.781135	11	7	29	661.246
-2.094395	1.721184	-0.153948	127	8	34	661.218
0.261799	1.050534	3.042579	105	14	0	661.162
-1.047198	2.456751	-1.503343	10	1	31	661.127
2.094395	1.433411	-1.035986	102	119	121	661.086
-1.047198	1.134497	-1.109631	2	10	23	660.929
0.261799	0.379747	-1.713059	114	117	120	660.847
-0.261799	2.404280	-0.174044	109	5	34	660.751
1.308997	0.297065	2.160177	18	1	6	660.691
0.523599	2.863997	0.549740	95	109	8	660.687
-0.523599	1.045978	0.343692	127	123	32	660.484
2.617994	0.850607	-1.335383	103	21	127	660.430
1.570796	2.108018	1.311430	98	103	4	660.229
1.570796	2.349581	-2.702517	117	122	103	660.146
-1.832596	2.863997	0.549740	3	8	32	660.140
-2.879793	2.724429	-0.348782	97	117	16	660.085
2.617994	1.662363	0.915448	111	124	25	660.071
0.523599	1.256302	0.062705	7	2	29	660.000
-1.308997	1.909857	-0.381669	111	13	24	659.979
-1.570796	2.478122	2.609777	111	2	15	659.741
0.785398	1.195355	1.200319	110	106	120	659.711
-1.832596	2.455966	-0.641220	110	9	29	659.647
-2.356194	1.875281	0.107086	90	7	18	659.551
-2.879793	1.696674	-1.253233	111	8	25	659.383
0.523599	1.413430	2.550734	107	18	9	659.352
2.879793	1.696674	-1.253233	115	12	24	659.285
-0.261799	2.719179	-1.780644	22	9	109	659.248
-2.094395	1.506530	1.988858	123	119	109	659.175
1.047198	1.504028	0.636812	126	5	30	659.032
-0.785398	1.696674	-1.253233	12	122	25	658.983
-3.141593	1.721184	-0.153948	114	97	8	658.951
1.308997	1.872854	1.543456	109	109	117	658.901
-0.523599	2.104282	-0.813972	22	17	13	658.873
0.000000	0.674054	1.013609	19	126	111	658.853
1.047198	0.379747	-1.713059	117	21	17	658.826
1.570796	1.025536	1.576859	99	0	8	658.806
-1.570796	2.724429	-0.348782	0	3	33	658.545
1.308997	2.592629	0.909713	100	0	30	658.456
2.356194	1.617114	-1.572037	110	17	22	658.327
1.047198	1.870545	-2.976234	9	23	125	658.233
2.879793	2.863997	0.549740	112	16	12	658.122
-2.094395	1.433411	-1.035986	126	99	119	658.012
-1.832596	1.545873	-1.877082	109	112	112	657.989
-0.785398	1.168678	2.108595	33	4	117	657.874
1.570796	1.504028	0.636812	114	6	30	657.840
-2.617994	1.135834	-1.431087	2	126	22	657.803
-2.617994	1.545873	-1.877082	23	105	120	657.711
-1.047198	1.846342	-1.796954	20	113	105	657.709
0.000000	1.569311	-3.003978	125	31	10	657.676
-0.523599	2.579248	-2.364801	19	126	26	657.586
1.570796	1.696674	-1.253233	104	0	122	657.579
1.832596	0.864993	2.278281	35	124	0	657.577
0.261799	2.104282	-0.813972	10	3	31	657.531
-0.785398	2.984978	1.954446	1	11	32	657.520
1.047198	2.343981	-1.040456	126	116	119	657.428
-3.141593	1.982574	-1.115518	112	127	30	657.346
2.617994	1.699788	2.452890	121	109	13	657.231
2.617994	1.812176	0.656819	0	19	25	657.212
-2.617994	0.906588	1.252948	23	10	17	657.180
0.785398	2.979456	-1.009304	36	5	1	656.959
-2.356194	2.881233	-2.582574	4	124	30	656.954
-2.356194	1.510910	-0.740472	2	120	28	656.823
1.308997	2.251330	-2.330739	116	5	105	656.797
-2.094395	0.899350	-2.069907	124	120	19	656.558
0.785398	2.299159	2.264663	120	119	16	656.526
0.785398	1.214854	-1.966664	28	17	2	656.494
2.356194	2.251330	-2.330739	116	110	25	656.224
2.356194	2.863997	0.549740	106	0	20	656.189
-1.570796	1.606104	-0.451151	16	125	26	656.135
0.261799	2.588535	-2.976617	123	23	28	655.991
2.617994	1.504028	0.636812	125	16	29	655.961
-2.879793	1.440580	2.260026	24	15	120	655.950
0.261799	0.960688	-0.577532	111	22	19	655.768
1.308997	2.299159	2.264663	94	1	25	655.665
-0.261799	1.574060	2.783565	107	17	7	655.662
1.832596	2.349581	-2.702517	113	115	105	655.575
-3.141593	1.134497	-1.109631	127	123	24	655.384
-1.570796	0.960688	-0.577532	15	122	28	655.346
2.879793	1.699788	2.452890	125	110	14	655.237
0.523599	2.356369	3.005869	110	16	26	655.226
-2.617994	1.134497	-1.109631	5	1	22	655.138
0.261799	1.433411	-1.035986	120	19	25	655.133
-2.879793	1.448123	-2.163292	101	2	17	655.129
0.785398	1.909857	-0.381669	117	12	33	655.035
-3.141593	0.866955	-0.931351	6	11	0	654.910
2.879793	1.417623	-0.202254	95	109	6	654.854
-1.047198	1.214854	-1.966664	25	15	120	654.818
-1.832596	2.724429	-0.348782	1	2	33	654.726
-1.832596	0.899350	-2.069907	40	111	121	654.688
-3.141593	2.407836	1.410646	29	15	126	654.517
-2.094395	1.413430	2.550734	121	116	109	654.499
-0.785398	1.218453	2.777284	95	6	127	654.394
-2.617994	1.168678	2.108595	114	121	107	654.335
0.523599	1.184361	0.625864	8	11	2	654.326
-1.832596	1.846342	-1.796954	35	117	8	654.292
-3.141593	2.349581	-2.702517	97	2	22	654.001
-0.523599	1.504028	0.636812	92	3	8	653.864
2.617994	1.545873	-1.877082	119	123	27	653.749
-2.356194	0.992645	-1.723759	3	118	22	653.744
-3.141593	0.640596	-2.797608	125	22	20	653.707
0.523599	2.343981	-1.040456	25	10	121	653.516
-2.356194	1.134796	2.434290	116	123	108	653.466
-2.094395	1.824694	1.850876	32	13	122	653.329
0.523599	0.674054	1.013609	104	5	108	653.325
2.617994	1.510910	-0.740472	105	109	125	653.227
-1.570796	2.108018	1.311430	34	8	7	653.107
-2.356194	1.904882	-1.478089	111	121	104	652.922
1.047198	1.756530	-2.105156	8	25	10	652.896
0.785398	1.699788	2.452890	100	14	13	652.821
2.094395	1.599406	1.426070	108	124	19	652.501
0.000000	0.961715	0.014085	10	126	29	652.449
0.785398	1.325504	-1.671296	0	16	22	652.400
1.308997	0.929350	-2.910676	117	122	100	652.396
-2.094395	1.374601	-2.456031	26	121	123	652.237
0.785398	1.617114	-1.572037	11	32	123	651.965
-0.785398	1.506530	1.988858	0	23	13	651.959
-0.785398	1.433411	-1.035986	1	17	26	651.749
2.617994	2.108018	1.311430	105	123	17	651.699
-1.570796	2.247462	0.191623	24	9	19	651.561
0.523599	2.089241	-0.114193	26	125	8	651.539
-1.832596	0.640596	-2.797608	30	120	122	651.463
-3.141593	2.456751	-1.503343	94	113	126	651.426
-2.356194	0.700570	1.559208	19	8	21	651.344
-2.617994	2.587733	0.232235	28	8	10	651.342
0.523599	1.488617	1.159546	109	120	26	651.310
2.879793	0.685216	-1.712745	11	115	108	651.103
0.785398	1.809167	1.213774	103	110	122	651.091
-3.141593	2.724429	-0.348782	13	3	31	651.030
0.785398	1.488617	1.159546	109	106	122	650.945
-1.832596	2.979456	-1.009304	123	3	33	650.865
0.523599	2.299159	2.264663	119	103	110	650.687
2.617994	2.979456	-1.009304	98	118	19	650.596
-0.261799	1.025536	1.576859	8	24	111	650.519
0.000000	1.554776	0.100351	14	11	123	650.513
-3.141593	2.664082	-1.071402	20	10	18	650.507
2.356194	1.732874	-0.951685	105	117	124	650.476
2.617994	2.587733	0.232235	112	16	15	650.389
-2.617994	1.699788	2.452890	20	18	117	650.162
-2.356194	0.866395	-2.492918	9	5	110	650.112
-1.570796	0.733948	3.021411	114	16	105	649.984
2.617994	1.134497	-1.109631	105	26	5	649.793
-2.094395	0.458961	-0.107937	6	114	105	649.759
-2.094395	1.134796	2.434290	108	124	112	649.732
2.356194	1.448123	-2.163292	105	18	11	649.569
0.000000	1.450119	-2.739050	107	122	111	649.468
-3.141593	2.343981	-1.040456	114	15	26	649.452
-1.832596	1.214854	-1.966664	15	1	22	649.451
0.000000	0.850607	-1.335383	1	15	21	649.430
-0.523599	0.458961	-0.107937	11	124	29	649.393
0.785398	1.569311	-3.003978	98	20	6	649.257
2.356194	2.587733	0.232235	29	16	2	649.119
0.261799	1.875281	0.107086	10	100	17	648.993
-1.570796	1.904882	-1.478089	36	120	9	648.954
-2.094395	1.450119	-2.739050	105	11	113	648.883
-0.261799	1.168678	2.108595	9	26	113	648.785
2.356194	2.456751	-1.503343	15	3	23	648.774
-1.308997	0.866955	-0.931351	2	112	115	648.464
-2.879793	2.704512	1.488683	29	15	126	648.408
-0.785398	2.108018	1.311430	100	17	24	648.352
0.000000	2.379497	0.561089	111	126	121	648.229
2.617994	2.456751	-1.503343	15	6	21	648.154
-2.879793	0.080730	-2.622036	112	114	104	648.044
-1.047198	0.458961	-0.107937	103	16	124	648.035
-0.523599	1.824694	1.850876	126	5	17	647.899
1.570796	2.251330	-2.330739	116	1	104	647.842
-1.047198	2.247462	0.191623	105	18	16	647.745
-0.261799	0.850607	-1.335383	4	13	21	647.740
1.308997	1.836682	-0.676006	105	4	127	647.733
0.261799	2.984978	1.954446	121	13	32	647.633
1.047198	1.683268	0.374177	127	126	31	647.548
-2.879793	2.393226	1.857173	119	123	24	647.498
-0.785398	1.721184	-0.153948	112	17	24	647.474
-2.617994	2.187132	-0.479875	2	127	32	647.281
-2.094395	1.301460	-0.509251	125	107	122	647.212
-2.094395	0.914445	2.687814	97	122	120	647.197
0.261799	0.419640	2.974122	105	6	117	646.940
2.356194	0.297065	2.160177	123	120	102	646.931
1.047198	2.863997	0.549740	124	113	113	646.863
-1.570796	2.588535	-2.976617	26	7	111	646.825
-2.356194	0.619654	-2.216909	91	7	2	646.768
-2.879793	2.760637	2.781135	113	117	31	646.757
-1.570796	1.195355	1.200319	104	4	33	646.675
-0.261799	2.180315	-1.357379	26	10	18	646.630
-1.047198	1.766067	2.153843	100	20	7	646.614
-0.785398	1.391910	3.030322	98	5	119	646.565
0.261799	1.948085	-2.363031	122	13	110	646.518
-1.570796	1.699788	2.452890	23	6	8	646.511
0.000000	2.396274	-1.959260	37	1	120	646.421
-1.047198	1.683268	0.374177	113	24	14	646.188
-0.261799	2.456751	-1.503343	27	3	116	646.116
-3.141593	1.683268	0.374177	108	15	25	646.085
-2.094395	1.014500	0.906702	16	11	22	646.022
-2.356194	1.113094	-0.272241	109	107	1	645.983
2.617994	2.724429	-0.348782	100	15	4	645.978
-2.356194	2.187132	-0.479875	24	1	24	645.964
2.356194	0.992645	-1.723759	90	104	2	645.899
-2.094395	1.050534	3.042579	111	112	110	645.817
-1.570796	0.992645	-1.723759	42	116	123	645.805
1.047198	0.910508	1.903534	102	7	6	645.748
1.570796	1.301460	-0.509251	123	111	21	645.712
1.832596	2.251330	-2.330739	117	126	103	645.699
-1.047198	1.732874	-0.951685	13	115	26	645.586
1.832596	1.310100	1.488307	97	119	14	645.573
0.261799	1.662363	0.915448	97	113	127	645.507
0.000000	2.174483	2.653697	103	21	17	645.419
-0.523599	2.295480	1.008277	124	112	16	645.254
-2.879793	2.396274	-1.959260	106	111	111	645.223
2.617994	1.809167	1.213774	113	124	22	645.165
1.047198	1.045978	0.343692	118	6	32	645.139
-2.879793	2.979456	-1.009304	112	109	107	645.013
1.832596	2.356369	3.005869	7	102	107	644.950
-0.261799	1.301460	-0.509251	112	11	24	644.911
-1.570796	1.872854	1.543456	27	19	3	644.907
-1.832596	1.506530	1.988858	124	121	109	644.877
0.785398	2.588535	-2.976617	110	12	30	644.852
-3.141593	1.134796	2.434290	127	7	103	644.784
-2.617994	1.488617	1.159546	3	12	26	644.712
2.617994	0.929350	-2.910676	124	13	15	644.658
-1.570796	1.214854	-1.966664	26	6	121	644.594
-2.617994	1.128190	-2.288622	20	121	121	644.373
-0.261799	1.872854	1.543456	117	22	115	644.307
0.785398	0.831641	0.616218	12	1	117	644.155
2.617994	0.640596	-2.797608	29	1	112	644.055
0.785398	1.696674	-1.253233	122	14	27	643.758
2.356194	2.664082	-1.071402	95	118	17	643.714
-2.094395	0.370812	-2.547742	127	17	118	643.604
-2.879793	1.658653	-2.409879	111	110	106	643.572
-2.356194	2.180315	-1.357379	18	106	123	643.473
2.356194	2.379497	0.561089	105	1	17	643.261
0.261799	1.809167	1.213774	103	115	120	643.183
-3.141593	1.824694	1.850876	125	123	20	643.164
1.570796	1.506530	1.988858	30	116	122	643.135
0.523599	0.618092	2.539118	104	2	7	643.106
-1.832596	0.864993	2.278281	117	5	105	643.086
-2.617994	2.073035	2.027405	26	14	123	643.084
0.261799	0.762244	-0.273349	5	8	30	643.031
0.785398	0.290380	-0.796960	94	12	0	642.999
1.047198	1.218453	2.777284	19	11	117	642.957
-1.308997	2.863997	0.549740	32	7	9	642.936
-2.356194	2.719179	-1.780644	124	120	33	642.929
0.000000	1.218453	2.777284	103	6	6	642.923
-2.879793	1.836682	-0.676006	119	116	31	642.896
-2.356194	2.760637	2.781135	121	120	30	642.724
-2.094395	2.579248	-2.364801	8	121	28	642.587
-2.879793	1.998705	2.370472	4	118	102	642.456
2.094395	2.407836	1.410646	11	114	27	642.368
-2.094395	2.719179	-1.780644	123	119	34	642.151
-2.094395	0.618092	2.539118	116	4	104	642.132
2.617994	2.063651	-2.044600	8	12	5	642.091
2.879793	1.875281	0.107086	110	9	31	642.084
2.617994	1.909857	-0.381669	103	18	13	642.040
1.570796	1.824694	1.850876	93	8	11	642.014
-2.617994	2.664082	-1.071402	114	105	1	641.885
-2.094395	1.134497	-1.109631	1	117	25	641.712
1.832596	1.218453	2.777284	26	6	127	641.639
-1.570796	0.591903	2.010408	112	13	31	641.582
-1.308997	1.846342	-1.796954	18	19	16	641.444
2.879793	2.247462	0.191623	106	1	35	641.263
1.308997	2.108018	1.311430	101	109	123	641.195
-3.141593	2.247462	0.191623	101	14	16	641.107
-0.523599	2.984978	1.954446	126	12	32	640.926
0.261799	2.637879	2.121598	113	12	29	640.897
1.047198	2.704512	1.488683	96	0	30	640.894
1.832596	1.413430	2.550734	107	118	107	640.852
1.570796	1.599406	1.426070	94	8	2	640.762
2.356194	1.045978	0.343692	98	125	7	640.729
0.261799	1.113094	-0.272241	22	2	122	640.642
-0.261799	2.174483	2.653697	120	18	22	640.513
-2.879793	2.984978	1.954446	126	6	32	640.481
2.094395	1.617114	-1.572037	113	18	22	640.468
-0.261799	0.290380	-0.796960	98	15	0	640.446
-1.832596	0.297065	2.160177	93	2	2	640.431
-2.879793	2.063651	-2.044600	98	5	13	640.399
1.047198	1.367556	0.358405	122	3	32	640.321
2.879793	1.721184	-0.153948	108	98	7	640.139
0.261799	1.506530	1.988858	103	10	112	639.997
-3.141593	1.948085	-2.363031	100	9	8	639.932
0.523599	1.948085	-2.363031	118	9	109	639.929
-1.832596	2.719179	-1.780644	7	127	30	639.927
-1.047198	1.374601	-2.456031	30	9	1	639.853
1.047198	1.134497	-1.109631	17	24	2	639.664
-0.261799	2.379497	0.561089	110	2	121	639.622
2.094395	1.195355	1.200319	103	124	13	639.613
1.832596	2.881233	-2.582574	117	107	104	639.518
-2.356194	1.367556	0.358405	114	106	11	639.274
0.261799	1.134497	-1.109631	121	16	23	639.176
1.047198	1.696674	-1.253233	95	15	20	639.027
-1.047198	1.909857	-0.381669	115	14	28	638.941
2.356194	2.063651	-2.044600	113	24	11	638.873
0.785398	1.658653	-2.409879	16	20	5	638.851
-2.617994	1.766067	2.153843	114	124	113	638.733
-1.832596	1.113094	-0.272241	10	127	31	638.676
0.000000	2.881233	-2.582574	3	124	33	638.534
0.523599	1.325504	-1.671296	108	7	119	638.509
0.523599	0.685216	-1.712745	112	127	113	638.485
-2.879793	0.929350	-2.910676	24	3	119	638.421
1.832596	1.195355	1.200319	92	118	11	638.408
-3.141593	2.881233	-2.582574	94	125	0	638.395
2.879793	1.683268	0.374177	113	17	26	638.350
-2.094395	1.869911	2.701025	125	110	112	638.163
-3.141593	1.367556	0.358405	10	4	31	638.143
-1.570796	2.637879	2.121598	109	16	10	638.044
0.785398	2.343981	-1.040456	102	8	30	637.975
1.047198	1.545873	-1.877082	116	15	27	637.889
-0.261799	2.984978	1.954446	119	11	32	637.698
1.570796	2.396274	-1.959260	94	120	13	637.661
1.308997	0.899350	-2.069907	109	121	114	637.591
1.832596	1.135813	-2.658866	122	110	123	637.549
0.000000	2.349581	-2.702517	113	19	21	637.479
-1.308997	1.809167	1.213774	100	13	22	637.452
1.832596	1.128190	-2.288622	113	12	19	637.367
-1.570796	1.846342	-1.796954	37	120	8	637.265
1.047198	0.419640	2.974122	18	15	121	637.229
1.308997	1.904882	-1.478089	2	22	112	637.078
-1.047198	2.984978	1.954446	6	10	30	637.039
-0.523599	0.960688	-0.577532	111	9	23	636.981
-2.617994	2.299159	2.264663	120	119	22	636.959
-1.047198	1.433411	-1.035986	35	9	7	636.870
-2.094395	1.417623	-0.202254	127	105	127	636.854
1.832596	1.809167	1.213774	117	9	18	636.836
1.047198	0.618092	2.539118	34	116	0	636.836
2.617994	1.574060	2.783565	99	120	114	636.751
1.308997	2.033014	2.977192	0	102	108	636.729
-1.047198	2.979456	-1.009304	119	11	32	636.595
-2.094395	0.866395	-2.492918	25	122	117	636.570
2.879793	2.979456	-1.009304	122	112	9	636.535
1.832596	2.719179	-1.780644	96	119	13	636.509
-0.523599	1.440580	2.260026	16	27	119	636.472
1.047198	1.440580	2.260026	26	115	118	636.471
1.047198	1.741644	-2.695914	6	27	2	636.432
-2.356194	1.741644	-2.695914	23	122	119	636.398
-3.141593	1.325504	-1.671296	6	112	22	636.320
0.523599	1.982574	-1.115518	24	8	114	636.240
2.356194	0.496451	0.593859	112	119	107	636.235
-1.047198	0.850607	-1.335383	40	1	122	636.170
1.308997	0.203748	0.590255	107	121	104	636.150
0.785398	0.203748	0.590255	114	115	103	636.082
-1.308997	1.869911	2.701025	0	21	11	635.971
1.308997	1.168678	2.108595	31	114	125	635.688
-2.617994	1.554776	0.100351	119	105	1	635.684
1.832596	0.709924	0.218797	101	121	112	635.608
1.570796	2.704512	1.488683	97	108	3	635.584
1.832596	1.545873	-1.877082	5	6	16	635.553
1.570796	1.310100	1.488307	98	127	13	635.488
1.047198	2.251330	-2.330739	15	17	2	635.451
-0.261799	2.588535	-2.976617	119	12	29	635.432
-1.570796	1.555207	1.708892	121	26	17	635.372
-1.570796	1.741644	-2.695914	3	100	125	635.371
-2.879793	0.866395	-2.492918	122	1	16	635.277
-2.879793	2.404280	-0.174044	9	24	5	635.248
2.879793	0.961715	0.014085	119	102	112	635.242
1.570796	0.914445	2.687814	34	126	0	635.232
2.094395	0.992645	-1.723759	95	127	20	635.103
-3.141593	1.417623	-0.202254	124	100	120	635.049
-1.570796	2.407836	1.410646	34	7	9	634.816
2.617994	1.554776	0.100351	98	121	30	634.782
-2.879793	1.699788	2.452890	28	9	117	634.767
2.879793	1.766067	2.153843	124	113	17	634.761
1.832596	0.379747	-1.713059	93	8	4	634.720
-0.785398	0.864993	2.278281	91	7	8	634.674
1.047198	0.961715	0.014085	101	6	114	634.637
2.094395	2.180315	-1.357379	104	14	118	634.453
1.832596	0.899350	-2.069907	19	14	14	634.421
1.047198	2.456751	-1.503343	111	12	33	634.320
-0.785398	2.396274	-1.959260	29	123	109	634.277
-1.832596	0.960688	-0.577532	1	104	119	634.086
-0.523599	0.619654	-2.216909	1	11	15	634.008
-0.523599	1.168678	2.108595	100	13	13	633.982
0.000000	2.299159	2.264663	4	13	22	633.957
2.356194	1.367556	0.358405	101	0	11	633.899
-1.308997	1.135834	-1.431087	0	114	24	633.677
-0.523599	2.164094	-2.991358	121	19	19	633.667
-3.141593	1.510910	-0.740472	5	3	24	633.621
0.000000	1.014500	0.906702	18	4	112	633.609
1.570796	0.899350	-2.069907	43	123	126	633.607
0.261799	1.599406	1.426070	117	124	108	633.585
-0.523599	0.929350	-2.910676	109	10	123	633.577
-2.617994	1.195355	1.200319	34	122	117	633.454
0.000000	2.356369	3.005869	127	26	24	633.323
-1.570796	2.343981	-1.040456	21	117	124	633.321
0.785398	1.836682	-0.676006	119	17	30	633.303
2.094395	0.709924	0.218797	107	109	109	633.302
-0.785398	1.367556	0.358405	127	115	29	633.205
0.785398	2.104282	-0.813972	29	9	8	633.196
-1.570796	0.831641	0.616218	126	3	33	633.180
0.000000	1.195355	1.200319	104	127	27	633.089
-3.141593	0.203748	0.590255	36	116	7	633.072
1.047198	1.574060	2.783565	17	13	122	633.031
1.832596	1.721184	-0.153948	97	5	31	632.969
1.047198	0.992645	-1.723759	123	19	20	632.914
-1.570796	2.579248	-2.364801	7	122	30	632.868
-1.832596	0.906588	1.252948	111	5	35	632.816
-1.047198	1.050534	3.042579	97	8	125	632.766
-1.308997	2.456751	-1.503343	5	1	32	632.741
-2.617994	0.992645	-1.723759	0	0	107	632.695
0.523599	1.696674	-1.253233	111	17	126	632.659
-0.261799	1.506530	1.988858	117	20	13	632.627
1.308997	0.866955	-0.931351	13	13	24	632.586
1.047198	1.310100	1.488307	111	106	115	632.576
1.570796	2.478122	2.609777	122	97	118	632.511
0.261799	2.153910	-1.714959	125	16	120	632.509
-0.261799	1.014500	0.906702	21	6	113	632.373
-2.356194	2.033014	2.977192	23	4	109	632.373
2.356194	2.153910	-1.714959	98	1	117	632.316
2.094395	0.591903	2.010408	27	3	118	632.226
1.308997	1.741644	-2.695914	3	27	2	632.104
2.094395	1.904882	-1.478089	105	119	122	631.957
0.000000	0.370812	-2.547742	103	112	0	631.947
2.356194	1.184361	0.625864	100	124	9	631.896
2.879793	0.709924	0.218797	114	111	111	631.854
2.356194	2.579248	-2.364801	124	110	102	631.773
-1.832596	1.128190	-2.288622	31	118	118	631.701
-0.785398	1.025536	1.576859	28	0	109	631.628
-2.356194	1.433411	-1.035986	123	124	27	631.628
1.832596	1.699788	2.452890	103	124	112	631.616
2.356194	0.831641	0.616218	101	126	6	631.475
-1.832596	1.374601	-2.456031	33	120	121	631.461
1.570796	0.591903	2.010408	37	112	3	631.423
0.261799	0.899350	-2.069907	7	10	18	631.374
-2.094395	2.349581	-2.702517	22	118	105	631.274
-0.785398	0.709924	0.218797	9	122	30	631.216
2.879793	1.904882	-1.478089	108	11	23	631.170
-0.261799	1.184361	0.625864	90	126	10	631.158
-0.261799	1.050534	3.042579	109	14	0	631.051
1.832596	1.450119	-2.739050	120	26	1	631.031
1.832596	1.836682	-0.676006	110	115	125	630.983
0.261799	1.569311	-3.003978	110	20	12	630.955
2.879793	2.664082	-1.071402	111	108	19	630.745
0.523599	1.214854	-1.966664	6	12	19	630.434
2.879793	0.619654	-2.216909	127	34	5	630.371
2.094395	1.310100	1.488307	116	108	104	630.324
2.356194	1.836682	-0.676006	115	117	30	630.307
1.570796	2.724429	-0.348782	105	6	18	630.254
-1.570796	1.310100	1.488307	124	24	21	630.105
2.879793	2.407836	1.410646	122	1	29	629.867
-1.570796	2.664082	-1.071402	3	0	33	629.864
-2.879793	1.904882	-1.478089	105	3	23	629.855
2.356194	1.696674	-1.253233	123	18	23	629.754
1.570796	1.658653	-2.409879	1	28	5	629.686
-0.785398	1.247695	1.809890	19	22	120	629.654
-1.308997	1.875281	0.107086	113	22	16	629.618
2.617994	1.824694	1.850876	118	113	21	629.544
-1.308997	1.335669	0.897240	115	6	32	629.514
1.047198	1.488617	1.159546	112	104	122	629.421
-0.261799	1.683268	0.374177	124	12	33	629.343
0.523599	1.310100	1.488307	105	112	117	629.262
0.785398	2.664082	-1.071402	21	14	113	629.215
-0.523599	2.138223	1.678323	120	30	126	629.135
2.356194	2.979456	-1.009304	125	6	34	629.079
-2.617994	0.960688	-0.577532	9	5	19	629.049
-0.523599	0.899350	-2.069907	0	11	19	629.028
-2.617994	1.510910	-0.740472	5	3	25	629.012
-1.047198	1.440580	2.260026	102	21	9	628.995
2.356194	2.073035	2.027405	102	123	19	628.910
-1.832596	0.370812	-2.547742	97	8	124	628.743
-2.094395	0.961715	0.014085	14	1	29	628.718
0.785398	1.045978	0.343692	8	11	1	628.701
2.094395	0.674054	1.013609	100	124	5	628.636
-0.785398	1.242974	-2.977882	106	0	107	628.437
-0.261799	0.910508	1.903534	101	125	111	628.339
2.617994	1.218453	2.777284	124	11	12	628.336
-2.617994	0.640596	-2.797608	17	5	121	628.283
1.308997	2.979456	-1.009304	1	111	123	628.153
-2.356194	2.104282	-0.813972	116	5	30	628.049
1.832596	2.033014	2.977192	15	8	114	628.020
2.356194	1.904882	-1.478089	118	21	21	628.000
0.261799	1.413430	2.550734	111	21	8	627.983
0.785398	1.982574	-1.115518	111	13	1	627.969
2.617994	1.433411	-1.035986	104	24	5	627.773
0.261799	0.961715	0.014085	12	18	14	627.711
-1.832596	1.683268	0.374177	105	120	1	627.644
-1.570796	1.732874	-0.951685	112	3	27	627.626
2.094395	2.164094	-2.991358	113	21	125	627.625
2.617994	0.961715	0.014085	106	111	116	627.562
2.094395	1.301460	-0.509251	102	119	122	627.528
2.879793	0.992645	-1.723759	105	25	0	627.523
-3.141593	1.504028	0.636812	119	17	29	627.337
-1.047198	2.664082	-1.071402	121	9	34	627.236
0.523599	0.709924	0.218797	13	12	122	627.203
2.617994	1.606104	-0.451151	101	17	14	627.067
-0.523599	1.413347	-1.339188	121	3	122	626.953
1.570796	2.089241	-0.114193	121	22	10	626.898
0.523599	1.599406	1.426070	103	113	118	626.876
0.523599	1.194549	-0.801900	111	20	22	626.857
1.570796	1.367556	0.358405	120	13	29	626.771
-2.356194	1.982574	-1.115518	110	4	27	626.695
1.308997	0.906588	1.252948	102	8	113	626.637
-0.261799	2.724429	-0.348782	109	126	36	626.504
1.570796	2.187132	-0.479875	27	9	18	626.312
-2.617994	2.356369	3.005869	125	116	26	626.284
2.356194	1.574060	2.783565	125	106	6	626.230
-1.047198	1.875281	0.107086	21	22	8	626.228
-2.617994	2.295480	1.008277	125	124	117	626.134
-2.094395	0.080730	-2.622036	126	18	121	626.117
0.261799	0.370812	-2.547742	123	127	102	626.021
1.832596	0.419640	2.974122	9	21	116	625.995
1.570796	1.721184	-0.153948	121	107	21	625.957
2.617994	1.184361	0.625864	8	4	30	625.877
2.617994	2.881233	-2.582574	118	12	33	625.854
1.308997	2.881233	-2.582574	117	11	33	625.703
-3.141593	0.619654	-2.216909	11	2	111	625.675
-2.356194	0.290380	-0.796960	97	116	3	625.543
1.832596	1.113094	-0.272241	103	118	117	625.519
-1.832596	0.685216	-1.712745	88	4	12	625.496
0.523599	2.295480	1.008277	109	0	118	625.475
-2.617994	2.393226	1.857173	10	28	119	625.404
-0.261799	1.135813	-2.658866	13	18	17	625.366
1.832596	0.619654	-2.216909	30	7	118	625.354
-0.785398	1.510910	-0.740472	7	19	24	625.306
-3.141593	2.041297	-2.664597	127	102	20	625.207
-1.308997	0.733948	3.021411	25	4	121	625.159
2.617994	2.396274	-1.959260	121	109	27	625.114
0.261799	2.760637	2.781135	119	14	30	625.074
-2.879793	0.203748	0.590255	37	120	6	625.028
-2.356194	0.591903	2.010408	122	19	112	624.829
1.308997	2.295480	1.008277	89	2	16	624.784
1.308997	1.184361	0.625864	109	9	26	624.705
0.261799	1.134796	2.434290	103	5	9	624.600
-1.832596	0.762244	-0.273349	19	125	28	624.485
-3.141593	2.174483	2.653697	116	121	22	624.473
0.261799	1.870545	-2.976234	110	19	18	624.467
2.879793	1.135834	-1.431087	0	1	108	624.421
2.617994	0.992645	-1.723759	94	100	2	624.398
-1.047198	0.203748	0.590255	13	28	116	624.357
0.523599	2.164094	-2.991358	110	18	24	624.327
2.356194	1.325504	-1.671296	117	117	24	624.310
0.000000	2.033014	2.977192	106	23	12	624.255
-1.308997	2.138223	1.678323	109	24	18	624.248
-2.617994	0.203748	0.590255	1	118	102	624.123
2.356194	1.417623	-0.202254	106	16	22	624.024
2.094395	0.866395	-2.492918	29	15	124	624.002
1.570796	0.709924	0.218797	100	123	112	623.985
0.000000	1.301460	-0.509251	119	34	1	623.983
-2.879793	2.299159	2.264663	126	116	24	623.942
-1.047198	2.592629	0.909713	17	14	20	623.893
-3.141593	1.135834	-1.431087	0	127	22	623.743
0.261799	2.379497	0.561089	113	121	119	623.704
-0.785398	0.866395	-2.492918	38	4	123	623.577
0.785398	0.961715	0.014085	11	11	125	623.532
-1.308997	0.866395	-2.492918	24	7	114	623.392
-0.261799	1.045978	0.343692	127	5	31	623.352
2.094395	2.379497	0.561089	97	122	14	623.228
-2.879793	0.906588	1.252948	14	16	117	623.170
1.832596	2.295480	1.008277	106	7	19	623.128
2.617994	2.187132	-0.479875	1	126	30	623.124
1.832596	1.504028	0.636812	6	3	30	623.101
-0.261799	2.247462	0.191623	12	14	22	623.023
-1.570796	1.756530	-2.105156	2	99	9	622.980
0.261799	0.992645	-1.723759	29	16	122	622.951
-1.047198	1.809167	1.213774	122	125	22	622.917
-2.094395	1.948085	-2.363031	103	127	10	622.805
2.617994	2.041297	-2.664597	103	15	1	622.795
-3.141593	1.812176	0.656819	34	123	2	622.735
1.570796	2.356369	3.005869	121	105	107	622.704
0.000000	0.685216	-1.712745	7	123	103	622.631
-1.832596	1.335669	0.897240	101	4	31	622.430
-3.141593	2.587733	0.232235	102	16	12	622.426
0.523599	0.496451	0.593859	7	9	112	622.385
1.832596	1.732874	-0.951685	110	115	123	622.348
0.261799	2.704512	1.488683	115	8	32	622.318
2.094395	1.662363	0.915448	118	120	31	622.276
1.570796	1.194549	-0.801900	122	114	22	622.265
2.617994	1.413347	-1.339188	120	4	25	622.086
-0.785398	2.356369	3.005869	125	11	26	621.988
0.000000	1.391910	3.030322	106	18	3	621.979
-2.617994	0.496451	0.593859	5	114	105	621.924
-1.308997	1.658653	-2.409879	4	101	3	621.885
0.785398	2.187132	-0.479875	120	23	11	621.879
-2.356194	0.864993	2.278281	111	4	110	621.801
-2.356194	1.658653	-2.409879	22	120	119	621.729
-2.094395	1.135813	-2.658866	112	100	122	621.661
1.308997	2.724429	-0.348782	107	3	33	621.598
-1.832596	2.164094	-2.991358	15	112	23	621.594
-1.832596	0.619654	-2.216909	103	5	120	621.583
1.047198	1.736875	3.023612	16	14	127	621.491
-3.141593	2.704512	1.488683	30	11	120	621.467
1.832596	1.025536	1.576859	101	124	9	621.431
-2.617994	1.756530	-2.105156	99	0	14	621.421
1.047198	0.203748	0.590255	112	118	102	621.417
-2.094395	1.488617	1.159546	20	106	125	621.329
-2.879793	0.619654	-2.216909	117	25	122	621.148
2.356194	1.242974	-2.977882	106	17	122	621.145
1.832596	2.041297	-2.664597	14	7	2	621.134
1.308997	1.824694	1.850876	20	95	5	621.047
1.308997	1.736875	3.023612	26	1	123	621.024
-0.523599	1.413430	2.550734	16	27	120	620.975
-0.523599	1.574060	2.783565	111	18	6	620.953
-2.356194	1.310100	1.488307	11	16	19	620.923
1.832596	0.618092	2.539118	36	0	4	620.909
2.617994	1.113094	-0.272241	97	122	0	620.756
-2.356194	2.153910	-1.714959	20	108	121	620.726
-2.356194	1.998705	2.370472	11	99	13	620.628
-0.785398	0.866955	-0.931351	35	7	122	620.589
0.261799	2.180315	-1.357379	115	16	4	620.567
-1.308997	2.089241	-0.114193	21	11	21	620.371
0.261799	1.218453	2.777284	106	10	8	620.291
0.261799	1.014500	0.906702	14	4	113	620.254
-1.308997	2.108018	1.311430	31	11	6	620.223
0.785398	2.404280	-0.174044	23	7	7	619.782
0.261799	0.914445	2.687814	108	16	0	619.599
1.832596	2.104282	-0.813972	93	3	9	619.591
2.356194	1.504028	0.636812	100	123	16	619.584
-1.308997	1.617114	-1.572037	27	12	5	619.558
-2.094395	0.929350	-2.910676	106	25	125	619.529
2.094395	1.391910	3.030322	124	3	13	619.423
2.879793	2.592629	0.909713	29	16	2	619.372
-2.094395	1.574060	2.783565	103	113	119	619.325
-1.570796	1.391910	3.030322	122	19	108	619.244
-2.617994	1.875281	0.107086	92	12	17	619.104
-0.261799	1.824694	1.850876	122	21	17	619.067
2.617994	1.135834	-1.431087	102	16	121	618.932
2.356194	1.247695	1.809890	98	104	117	618.928
-2.879793	2.115563	0.685730	23	11	20	618.857
1.308997	1.335669	0.897240	111	4	26	618.844
-0.785398	0.914445	2.687814	90	2	3	618.778
1.047198	2.478122	2.609777	123	105	106	618.716
2.617994	0.700570	1.559208	125	108	102	618.687
-1.047198	1.168678	2.108595	37	1	118	618.616
2.094395	1.982574	-1.115518	106	121	125	618.549
-3.141593	2.588535	-2.976617	123	0	28	618.513
1.570796	0.733948	3.021411	12	22	1	618.456
-1.308997	1.218453	2.777284	111	22	117	618.355
1.570796	0.864993	2.278281	34	119	126	618.291
-0.523599	0.831641	0.616218	119	127	100	618.283
0.785398	2.724429	-0.348782	102	4	30	618.230
0.261799	2.063651	-2.044600	28	17	127	618.204
-1.832596	1.450119	-2.739050	105	7	111	618.151
-1.832596	1.325504	-1.671296	1	123	26	618.023
2.879793	0.290380	-0.796960	93	4	4	617.933
1.832596	1.869911	2.701025	16	100	111	617.812
0.785398	2.719179	-1.780644	117	11	34	617.811
2.356194	1.812176	0.656819	5	19	25	617.755
-0.523599	1.325504	-1.671296	8	119	21	617.727
1.047198	1.450119	-2.739050	12	107	100	617.688
0.000000	0.203748	0.590255	91	123	11	617.640
-1.047198	1.506530	1.988858	116	111	124	617.602
-3.141593	2.180315	-1.357379	109	13	23	617.600
-2.094395	2.251330	-2.330739	29	117	126	617.498
-1.047198	0.992645	-1.723759	6	11	21	617.480
1.047198	0.850607	-1.335383	26	10	116	617.438
0.523599	2.073035	2.027405	116	16	19	617.413
0.000000	1.869911	2.701025	115	21	16	617.367
-2.617994	1.113094	-0.272241	123	114	116	617.296
1.047198	0.458961	-0.107937	15	1	118	617.250
-0.523599	1.488617	1.159546	23	15	123	617.230
-1.047198	1.325504	-1.671296	124	9	25	617.227
1.308997	1.948085	-2.363031	106	4	110	617.052
-1.570796	2.041297	-2.664597	36	124	4	616.956
2.617994	1.617114	-1.572037	107	10	23	616.882
2.356194	1.909857	-0.381669	107	20	11	616.791
-1.047198	1.256302	0.062705	124	25	18	616.756
2.617994	1.440580	2.260026	106	115	108	616.725
-0.523599	1.367556	0.358405	103	17	14	616.633
-1.832596	1.606104	-0.451151	11	126	28	616.626
1.047198	0.864993	2.278281	32	113	126	616.576
2.094395	1.732874	-0.951685	105	121	124	616.563
1.308997	0.419640	2.974122	7	100	122	616.537
-2.879793	1.113094	-0.272241	105	106	127	616.513
2.879793	1.256302	0.062705	96	118	23	616.476
1.047198	0.615174	-0.666022	16	3	115	616.460
1.047198	1.998705	2.370472	115	115	16	616.400
1.047198	1.195355	1.200319	103	124	24	616.370
-1.308997	2.588535	-2.976617	10	10	28	616.367
1.047198	1.836682	-0.676006	12	6	30	616.324
-2.617994	1.134796	2.434290	113	124	109	616.311
2.617994	0.458961	-0.107937	110	6	123	616.302
-0.785398	1.310100	1.488307	100	12	22	616.282
-0.523599	0.571433	-1.188419	28	14	121	616.227
-1.832596	2.295480	1.008277	101	14	21	616.205
0.000000	1.184361	0.625864	120	4	30	616.192
-1.047198	1.391910	3.030322	29	9	126	616.134
2.094395	1.606104	-0.451151	30	120	25	616.063
-1.570796	2.295480	1.008277	7	29	8	615.871
-0.261799	0.700570	1.559208	100	8	26	615.846
-2.617994	1.325504	-1.671296	12	116	23	615.844
0.523599	2.349581	-2.702517	18	18	1	615.821
-1.570796	2.299159	2.264663	17	116	21	615.773
-0.523599	0.370812	-2.547742	110	4	116	615.731
0.000000	0.866955	-0.931351	118	11	26	615.730
1.832596	0.297065	2.160177	36	120	2	615.687
-2.094395	2.356369	3.005869	18	10	105	615.666
-2.094395	0.615174	-0.666022	111	112	119	615.597
0.261799	1.904882	-1.478089	25	126	107	615.597
-1.047198	2.478122	2.609777	19	125	24	615.570
-0.523599	1.766067	2.153843	0	22	14	615.516
-2.879793	2.138223	1.678323	113	1	17	615.486
-2.617994	2.984978	1.954446	37	3	127	615.393
-2.879793	1.014500	0.906702	2	126	31	615.373
-2.879793	0.733948	3.021411	117	5	103	615.355
-0.785398	2.001437	0.381215	107	21	16	615.269
1.832596	1.247695	1.809890	99	0	7	615.263
0.261799	1.448123	-2.163292	27	16	122	615.075
0.785398	2.180315	-1.357379	14	30	3	615.029
-2.356194	1.756530	-2.105156	25	117	125	614.996
1.308997	2.349581	-2.702517	101	16	26	614.921
-0.785398	1.195355	1.200319	103	10	27	614.756
2.356194	0.929350	-2.910676	114	105	114	614.610
0.523599	0.961715	0.014085	94	120	20	614.589
2.617994	1.982574	-1.115518	97	14	122	614.575
-0.785398	2.478122	2.609777	18	1	25	614.552
2.879793	1.836682	-0.676006	107	110	1	614.457
0.261799	1.617114	-1.572037	20	26	122	614.350
0.523599	2.153910	-1.714959	14	30	125	614.195
-2.094395	1.909857	-0.381669	8	2	30	614.169
0.261799	1.824694	1.850876	118	4	17	614.018
-1.308997	2.343981	-1.040456	23	117	124	614.002
0.000000	1.606104	-0.451151	5	7	33	613.943
2.094395	2.108018	1.311430	105	109	116	613.909
1.832596	1.683268	0.374177	118	8	32	613.880
1.308997	1.194549	-0.801900	100	9	120	613.844
2.879793	2.174483	2.653697	122	123	20	613.818
-0.523599	1.195355	1.200319	30	7	120	613.796
-1.308997	1.417623	-0.202254	25	21	6	613.688
0.523599	2.138223	1.678323	122	120	21	613.599
-1.832596	1.433411	-1.035986	125	124	29	613.478
-1.308997	1.448123	-2.163292	96	4	0	613.350
1.308997	2.041297	-2.664597	107	121	109	613.208
-0.523599	1.135813	-2.658866	112	11	121	612.994
0.785398	0.866955	-0.931351	105	19	116	612.986
1.308997	1.367556	0.358405	11	123	29	612.943
0.000000	1.433411	-1.035986	124	12	26	612.898
-2.356194	1.606104	-0.451151	123	105	127	612.887
-2.617994	0.910508	1.903534	20	14	17	612.805
0.000000	1.335669	0.897240	13	15	121	612.787
-2.356194	1.554776	0.100351	92	5	23	612.650
-1.570796	1.134497	-1.109631	116	96	5	612.601
-2.879793	2.379497	0.561089	15	107	23	612.557
-2.356194	1.488617	1.159546	123	127	111	612.516
-2.617994	2.592629	0.909713	22	12	18	612.451
1.832596	1.662363	0.915448	95	1	3	612.421
1.570796	1.050534	3.042579	114	114	101	612.338
-0.261799	2.356369	3.005869	120	15	26	612.291
1.047198	1.135813	-2.658866	10	24	2	612.256
2.094395	1.214854	-1.966664	107	6	23	612.155
0.261799	1.335669	0.897240	7	13	2	612.071
-1.047198	1.448123	-2.163292	35	4	7	612.059
0.523599	0.864993	2.278281	97	101	15	611.994
2.617994	1.736875	3.023612	126	97	2	611.949
-2.879793	1.325504	-1.671296	8	114	23	611.830
-2.617994	2.588535	-2.976617	121	111	31	611.828
1.570796	1.998705	2.370472	15	97	115	611.788
2.879793	0.762244	-0.273349	115	123	113	611.787
2.356194	1.194549	-0.801900	99	117	120	611.740
0.261799	2.349581	-2.702517	125	25	26	611.737
0.000000	2.478122	2.609777	117	16	27	611.713
-0.523599	1.134796	2.434290	14	24	114	611.683
1.308997	1.135813	-2.658866	124	113	117	611.681
-1.047198	1.721184	-0.153948	108	16	21	611.595
2.617994	0.203748	0.590255	33	109	11	611.593
0.785398	1.413347	-1.339188	26	17	11	611.570
-1.832596	2.104282	-0.813972	115	5	31	611.560
2.094395	0.906588	1.252948	23	121	112	611.535
2.879793	2.455966	-0.641220	108	106	18	611.529
-3.141593	1.135813	-2.658866	114	10	14	611.508
-2.617994	0.762244	-0.273349	108	109	122	611.484
1.832596	0.615174	-0.666022	111	106	110	611.474
-2.356194	0.899350	-2.069907	23	112	111	611.241
-2.879793	2.073035	2.027405	121	120	20	611.198
-0.261799	1.732874	-0.951685	127	32	10	611.156
1.047198	0.914445	2.687814	33	120	126	611.115
-1.570796	2.456751	-1.503343	5	1	32	611.081
0.785398	1.391910	3.030322	21	3	114	611.066
-0.523599	1.335669	0.897240	105	117	32	610.930
0.000000	0.496451	0.593859	91	122	12	610.766
-0.785398	1.488617	1.159546	17	25	117	610.550
-2.879793	1.870545	-2.976234	2	99	17	610.527
0.000000	2.760637	2.781135	104	17	27	610.518
-3.141593	0.831641	0.616218	36	117	9	610.499
-0.261799	1.134796	2.434290	108	13	107	610.368
1.047198	2.174483	2.653697	94	13	20	610.327
-2.356194	2.001437	0.381215	6	104	12	610.249
-0.523599	2.407836	1.410646	94	12	23	610.194
2.617994	1.977582	0.969896	111	1	19	610.183
-1.308997	2.881233	-2.582574	3	0	32	610.143
-0.523599	1.683268	0.374177	105	20	16	610.092
0.261799	2.664082	-1.071402	4	20	7	610.082
-0.785398	2.592629	0.909713	4	10	29	610.057
2.094395	0.290380	-0.796960	17	0	126	610.031
-0.261799	0.899350	-2.069907	10	7	17	609.997
2.879793	2.704512	1.488683	119	122	32	609.916
-0.523599	2.456751	-1.503343	38	117	125	609.812
-2.617994	2.138223	1.678323	29	14	0	609.776
-0.261799	0.418037	1.360082	103	8	29	609.715
2.617994	2.089241	-0.114193	99	1	34	609.712
-0.785398	1.699788	2.452890	28	16	122	609.698
-0.785398	1.450119	-2.739050	105	115	109	609.687
-1.308997	2.984978	1.954446	2	13	31	609.679
-3.141593	2.115563	0.685730	24	21	7	609.564
-2.094395	2.588535	-2.976617	7	110	28	609.557
0.261799	1.045978	0.343692	11	4	30	609.449
-0.523599	2.349581	-2.702517	110	6	16	609.381
1.308997	0.458961	-0.107937	18	127	125	609.330
-1.308997	1.413347	-1.339188	122	11	25	609.249
-2.879793	2.592629	0.909713	112	15	17	608.969
-0.523599	1.699788	2.452890	92	6	1	608.966
2.617994	0.866395	-2.492918	124	15	17	608.916
0.523599	2.404280	-0.174044	26	126	4	608.886
1.308997	2.393226	1.857173	105	127	117	608.884
-0.523599	1.025536	1.576859	21	12	113	608.846
2.094395	2.073035	2.027405	100	127	19	608.806
2.879793	2.251330	-2.330739	119	106	25	608.805
-2.617994	0.831641	0.616218	112	108	126	608.795
-0.785398	1.869911	2.701025	116	20	11	608.745
-2.094395	1.599406	1.426070	125	122	110	608.644
1.047198	2.041297	-2.664597	113	120	107	608.611
-0.261799	1.836682	-0.676006	126	32	11	608.586
1.308997	0.674054	1.013609	103	5	16	608.582
0.261799	0.866955	-0.931351	117	22	19	608.572
-1.832596	2.579248	-2.364801	5	125	30	608.533
-1.570796	2.587733	0.232235	9	3	30	608.401
2.879793	1.872854	1.543456	109	2	12	608.247
-2.617994	1.732874	-0.951685	8	125	29	608.228
2.094395	1.977582	0.969896	98	115	26	608.189
-1.832596	1.310100	1.488307	29	17	124	608.183
0.000000	2.138223	1.678323	112	15	26	608.161
-2.617994	0.674054	1.013609	4	109	106	608.129
2.879793	0.700570	1.559208	127	107	103	608.093
1.570796	1.488617	1.159546	111	101	123	608.080
-0.261799	1.875281	0.107086	18	16	18	608.060
1.047198	0.370812	-2.547742	110	114	119	608.053
1.047198	0.899350	-2.069907	103	121	122	608.030
-0.785398	1.741644	-2.695914	29	10	7	607.928
0.261799	1.741644	-2.695914	109	19	16	607.903
-1.047198	1.836682	-0.676006	24	16	14	607.816
0.523599	1.904882	-1.478089	24	3	107	607.707
2.094395	2.404280	-0.174044	125	15	34	607.689
-1.047198	2.349581	-2.702517	26	2	18	607.639
0.523599	2.104282	-0.813972	118	23	9	607.623
1.832596	1.417623	-0.202254	92	5	26	607.512
-0.261799	1.195355	1.200319	26	9	121	607.470
-1.308997	2.073035	2.027405	15	17	19	607.287
-1.832596	0.929350	-2.910676	99	11	17	607.163
-0.785398	0.899350	-2.069907	2	10	19	607.137
-0.261799	1.417623	-0.202254	108	15	23	607.108
0.785398	0.496451	0.593859	103	1	108	607.088
0.000000	1.977582	0.969896	112	127	115	607.018
-3.141593	2.033014	2.977192	97	115	121	606.990
0.785398	1.870545	-2.976234	122	118	101	606.983
0.785398	2.247462	0.191623	93	5	26	606.966
0.000000	0.831641	0.616218	20	14	125	606.910
1.832596	2.063651	-2.044600	115	5	104	606.770
-3.141593	2.138223	1.678323	116	118	22	606.747
-2.094395	1.809167	1.213774	125	20	25	606.438
-1.308997	1.325504	-1.671296	29	8	122	606.413
1.832596	0.418037	1.360082	110	0	107	606.340
1.570796	0.619654	-2.216909	22	116	112	606.328
-1.308997	0.496451	0.593859	106	16	11	606.300
-1.832596	2.407836	1.410646	37	127	2	606.275
2.879793	2.393226	1.857173	124	2	23	606.183
-1.570796	0.762244	-0.273349	2	105	121	606.159
1.047198	1.413430	2.550734	28	117	117	606.110
-1.308997	2.407836	1.410646	31	10	10	606.090
-0.261799	2.455966	-0.641220	12	10	126	606.029
-0.785398	0.992645	-1.723759	40	8	3	605.957
-3.141593	1.909857	-0.381669	120	97	11	605.901
0.000000	2.115563	0.685730	7	22	4	605.865
-0.261799	0.709924	0.218797	99	16	8	605.860
1.832596	1.045978	0.343692	117	10	32	605.845
-2.356194	2.455966	-0.641220	116	9	32	605.827
0.785398	2.704512	1.488683	114	10	31	605.820
-2.094395	1.025536	1.576859	9	17	18	605.771
-2.356194	0.914445	2.687814	114	121	105	605.760
2.356194	0.866955	-0.931351	109	27	11	605.758
0.000000	0.619654	-2.216909	112	11	15	605.754
-0.785398	2.251330	-2.330739	25	6	18	605.710
1.308997	1.242974	-2.977882	8	24	126	605.697
2.094395	1.836682	-0.676006	122	118	28	605.677
-2.617994	2.407836	1.410646	28	17	1	605.635
-2.094395	0.379747	-1.713059	125	11	118	605.455
-1.308997	1.242974	-2.977882	28	4	127	605.446
-3.141593	0.685216	-1.712745	9	118	105	605.420
0.000000	1.875281	0.107086	27	1	13	605.408
-0.785398	0.685216	-1.712745	126	127	107	605.375
-2.879793	2.251330	-2.330739	4	106	25	605.148
0.261799	2.115563	0.685730	113	122	118	605.135
2.094395	2.456751	-1.503343	100	117	5	605.029
-1.570796	1.545873	-1.877082	37	120	4	605.028
0.261799	1.168678	2.108595	114	21	7	604.988
-2.617994	2.979456	-1.009304	115	105	107	604.909
1.832596	1.554776	0.100351	111	16	10	604.905
-3.141593	2.108018	1.311430	113	126	21	604.899
2.356194	2.637879	2.121598	102	110	121	604.883
2.879793	1.045978	0.343692	5	103	105	604.846
-1.832596	1.554776	0.100351	127	117	118	604.769
-1.832596	1.756530	-2.105156	32	118	0	604.769
0.261799	0.571433	-1.188419	106	6	112	604.731
0.261799	0.080730	-2.622036	124	121	102	604.703
-0.261799	0.685216	-1.712745	2	2	105	604.698
-2.879793	2.587733	0.232235	12	111	27	604.564
1.047198	0.591903	2.010408	108	7	107	604.542
2.617994	2.180315	-1.357379	112	102	23	604.533
2.617994	0.762244	-0.273349	97	123	123	604.458
2.879793	1.218453	2.777284	6	99	122	604.439
-0.523599	0.419640	2.974122	9	124	9	604.432
-3.141593	1.433411	-1.035986	2	1	25	604.429
0.523599	0.203748	0.590255	14	5	115	604.209
2.879793	1.128190	-2.288622	115	9	17	604.205
1.832596	0.640596	-2.797608	0	110	113	603.910
0.000000	1.134796	2.434290	104	8	9	603.791
2.356194	1.510910	-0.740472	103	114	124	603.773
2.879793	1.134497	-1.109631	122	127	110	603.686
0.785398	0.992645	-1.723759	102	2	119	603.648
-1.570796	1.135834	-1.431087	1	108	109	603.606
1.570796	0.496451	0.593859	96	3	15	603.593
-0.523599	0.906588	1.252948	113	31	16	603.569
-0.785398	1.417623	-0.202254	125	4	35	603.387
0.785398	2.393226	1.857173	109	9	27	603.206
-3.141593	2.979456	-1.009304	126	9	34	603.129
2.094395	0.961715	0.014085	112	13	31	603.032
0.785398	1.374601	-2.456031	17	20	5	602.956
2.356194	1.301460	-0.509251	96	117	125	602.926
-1.308997	0.850607	-1.335383	127	111	110	602.893
-1.308997	1.050534	3.042579	27	3	127	602.849
0.261799	2.164094	-2.991358	114	12	26	602.809
0.000000	1.256302	0.062705	10	6	27	602.771
2.094395	2.984978	1.954446	4	116	31	602.721
-2.617994	1.606104	-0.451151	124	112	120	602.630
-2.617994	0.080730	-2.622036	18	0	113	602.627
0.523599	1.433411	-1.035986	115	20	25	602.587
-2.094395	0.733948	3.021411	92	116	5	602.586
-1.308997	1.872854	1.543456	102	18	18	602.504
0.523599	1.846342	-1.796954	14	17	16	602.280
0.000000	2.104282	-0.813972	10	106	110	602.158
0.523599	2.251330	-2.330739	109	24	24	602.090
-1.570796	1.658653	-2.409879	2	100	4	602.071
1.308997	0.866395	-2.492918	103	117	121	602.067
-1.047198	1.599406	1.426070	30	11	118	602.002
-3.141593	0.290380	-0.796960	122	10	118	601.914
0.523599	1.545873	-1.877082	18	16	14	601.865
1.047198	1.875281	0.107086	23	1	17	601.847
1.308997	1.504028	0.636812	125	8	31	601.812
-1.570796	2.180315	-1.357379	30	118	4	601.671
-2.879793	2.478122	2.609777	115	120	27	601.574
-0.523599	2.033014	2.977192	116	24	12	601.505
0.000000	2.592629	0.909713	110	5	119	601.440
-1.308997	2.299159	2.264663	13	16	22	601.385
0.523599	1.809167	1.213774	104	113	120	601.354
1.570796	0.866955	-0.931351	125	32	7	601.340
0.261799	2.356369	3.005869	122	27	24	601.235
-0.261799	2.664082	-1.071402	113	125	36	601.228
-0.261799	1.325504	-1.671296	13	120	20	601.201
1.047198	1.904882	-1.478089	103	4	126	601.192
1.308997	0.850607	-1.335383	100	21	10	601.121
-1.047198	0.618092	2.539118	24	0	107	601.065
1.832596	1.766067	2.153843	104	121	111	601.018
-2.879793	1.168678	2.108595	20	97	119	600.966
-0.261799	1.413347	-1.339188	0	18	26	600.935
2.356194	0.591903	2.010408	119	113	102	600.868
-2.356194	1.662363	0.915448	115	15	29	600.843
1.832596	1.977582	0.969896	124	126	32	600.757
2.879793	0.899350	-2.069907	10	0	109	600.749
1.308997	0.992645	-1.723759	117	20	20	600.733
2.356194	2.478122	2.609777	115	6	25	600.703
1.832596	1.510910	-0.740472	105	118	123	600.671
-1.047198	2.407836	1.410646	13	14	24	600.667
-0.261799	1.555207	1.708892	126	8	15	600.634
2.879793	1.440580	2.260026	108	111	108	600.625
-2.617994	2.396274	-1.959260	2	105	27	600.594
-2.617994	0.733948	3.021411	116	2	102	600.529
0.785398	2.164094	-2.991358	17	13	116	600.445
-0.785398	1.599406	1.426070	95	126	26	600.389
-0.261799	1.433411	-1.035986	120	126	29	600.343
-1.832596	1.872854	1.543456	26	20	1	600.325
1.308997	1.450119	-2.739050	4	27	0	600.268
-3.141593	1.413430	2.550734	108	121	111	600.062
0.785398	1.134497	-1.109631	22	20	127	600.052
2.617994	1.128190	-2.288622	116	10	18	600.042
-1.570796	0.618092	2.539118	32	114	115	599.979
2.617994	1.766067	2.153843	120	110	17	599.869
1.832596	2.456751	-1.503343	94	119	16	599.833
-2.094395	2.455966	-0.641220	113	107	107	599.579
1.832596	1.617114	-1.572037	125	13	106	599.577
-2.094395	0.709924	0.218797	20	3	25	599.505
1.308997	2.073035	2.027405	105	124	113	599.485
-1.047198	1.413347	-1.339188	34	7	5	599.360
1.570796	1.413347	-1.339188	106	122	120	599.229
2.356194	1.756530	-2.105156	108	20	12	599.213
2.094395	1.134796	2.434290	109	123	104	599.211
1.308997	2.455966	-0.641220	8	119	27	599.181
-2.356194	2.115563	0.685730	127	121	118	599.165
0.261799	2.404280	-0.174044	110	126	125	599.056
0.000000	2.108018	1.311430	113	8	114	599.031
2.094395	1.699788	2.452890	104	121	111	599.020
-0.785398	1.875281	0.107086	111	19	23	598.919
-3.141593	1.014500	0.906702	3	102	108	598.917
1.047198	1.977582	0.969896	94	108	6	598.701
2.094395	1.869911	2.701025	101	127	116	598.648
-2.094395	0.619654	-2.216909	100	9	20	598.521
-0.261799	0.080730	-2.622036	18	127	8	598.518
-1.570796	1.450119	-2.739050	0	6	100	598.437
1.570796	1.218453	2.777284	31	127	123	598.352
0.000000	0.929350	-2.910676	4	123	13	598.234
-2.879793	0.685216	-1.712745	111	112	102	598.109
0.785398	1.367556	0.358405	12	9	28	598.094
0.523599	0.929350	-2.910676	4	101	110	598.076
2.356194	1.014500	0.906702	123	109	100	598.055
-2.879793	2.295480	1.008277	28	16	8	598.044
-0.523599	1.721184	-0.153948	19	22	4	598.037
2.094395	0.379747	-1.713059	120	16	26	597.988
-0.785398	2.724429	-0.348782	121	17	32	597.968
-2.879793	1.736875	3.023612	102	107	119	597.958
-0.523599	1.014500	0.906702	12	31	123	597.905
-3.141593	1.440580	2.260026	15	97	2	597.843
2.356194	0.709924	0.218797	104	115	112	597.829
-2.356194	1.869911	2.701025	38	125	121	597.768
-3.141593	2.984978	1.954446	123	16	5	597.566
-2.879793	0.992645	-1.723759	126	1	107	597.506
0.785398	1.721184	-0.153948	113	107	8	597.374
1.570796	0.419640	2.974122	12	19	117	597.337
2.356194	1.606104	-0.451151	11	2	30	597.249
-2.356194	2.396274	-1.959260	5	106	27	597.210
-2.094395	0.591903	2.010408	32	117	123	597.166
1.570796	0.961715	0.014085	100	126	115	597.116
0.000000	1.736875	3.023612	113	13	17	597.067
-2.094395	1.982574	-1.115518	111	1	28	597.026
-3.141593	0.850607	-1.335383	21	121	127	597.026
-2.356194	1.909857	-0.381669	0	123	32	596.820
1.570796	1.741644	-2.695914	101	125	107	596.794
-0.523599	1.128190	-2.288622	109	2	117	596.707
1.308997	1.413347	-1.339188	105	4	118	596.693
-0.785398	1.374601	-2.456031	108	4	7	596.689
-0.523599	1.247695	1.809890	26	10	114	596.683
0.261799	2.979456	-1.009304	124	10	33	596.664
0.000000	2.164094	-2.991358	116	11	25	596.642
-1.047198	1.014500	0.906702	7	11	22	596.519
0.785398	1.025536	1.576859	98	122	18	596.516
1.832596	1.301460	-0.509251	105	115	119	596.441
0.785398	1.448123	-2.163292	119	19	25	596.439
-2.356194	1.736875	3.023612	123	104	113	596.422
2.356194	1.875281	0.107086	123	23	22	596.406
0.000000	0.379747	-1.713059	112	15	112	596.398
0.785398	1.440580	2.260026	126	2	12	596.388
1.832596	2.760637	2.781135	111	101	120	596.381
-1.047198	0.929350	-2.910676	37	124	114	596.286
-3.141593	1.875281	0.107086	110	8	32	596.260
0.261799	2.251330	-2.330739	113	17	26	596.254
1.308997	1.510910	-0.740472	23	12	17	596.252
1.308997	2.089241	-0.114193	121	18	7	596.238
1.047198	2.579248	-2.364801	16	16	20	596.091
-2.617994	2.478122	2.609777	3	98	21	596.011
2.617994	2.664082	-1.071402	97	115	15	595.925
1.832596	2.478122	2.609777	7	97	117	595.823
-1.570796	2.174483	2.653697	125	17	14	595.767
-1.308997	1.214854	-1.966664	26	10	120	595.664
1.047198	1.555207	1.708892	104	11	16	595.612
-2.356194	0.850607	-1.335383	116	106	109	595.573
2.094395	1.413347	-1.339188	101	124	27	595.556
-2.879793	2.174483	2.653697	117	117	23	595.466
2.094395	1.256302	0.062705	118	9	124	595.439
0.000000	1.904882	-1.478089	17	13	21	595.289
-2.356194	0.910508	1.903534	12	115	5	595.276
-0.523599	0.203748	0.590255	95	6	5	595.216
-1.832596	1.504028	0.636812	118	8	32	595.212
2.617994	1.014500	0.906702	120	8	35	595.190
0.000000	0.914445	2.687814	104	6	6	595.164
-0.261799	2.299159	2.264663	106	20	23	595.119
0.000000	1.504028	0.636812	13	15	0	595.069
-1.832596	1.741644	-2.695914	8	3	100	594.992
-2.617994	1.658653	-2.409879	102	3	110	594.955
1.832596	1.194549	-0.801900	122	116	23	594.905
1.570796	0.700570	1.559208	118	7	101	594.835
-3.141593	2.393226	1.857173	112	117	23	594.660
-3.141593	2.251330	-2.330739	1	108	25	594.567
-1.570796	1.504028	0.636812	14	10	29	594.406
-1.832596	1.488617	1.159546	20	25	3	594.393
-1.832596	1.998705	2.370472	126	116	111	594.297
-2.879793	2.349581	-2.702517	98	127	22	594.276
-2.356194	1.134497	-1.109631	8	123	23	594.261
-1.047198	1.756530	-2.105156	17	22	15	594.252
1.047198	2.664082	-1.071402	30	13	8	594.196
0.523599	0.591903	2.010408	127	20	109	594.171
0.523599	1.732874	-0.951685	116	15	29	594.138
0.523599	0.700570	1.559208	109	110	110	594.063
1.047198	0.866955	-0.931351	103	13	114	594.036
1.832596	1.599406	1.426070	3	99	18	594.021
-0.523599	2.356369	3.005869	27	16	1	594.010
2.356194	1.699788	2.452890	119	125	15	593.994
1.047198	1.025536	1.576859	112	11	103	593.930
2.617994	0.618092	2.539118	26	9	12	593.828
2.879793	2.187132	-0.479875	124	2	32	593.763
-2.356194	0.379747	-1.713059	124	104	17	593.731
1.570796	2.001437	0.381215	94	0	25	593.726
-2.879793	1.195355	1.200319	12	6	26	593.659
-1.308997	1.433411	-1.035986	4	9	26	593.652
-1.832596	1.617114	-1.572037	110	108	114	593.648
0.261799	2.343981	-1.040456	27	5	121	593.646
-1.308997	0.458961	-0.107937	28	13	119	593.399
1.570796	0.674054	1.013609	98	121	18	593.330
-1.832596	0.496451	0.593859	34	3	113	593.284
0.785398	1.904882	-1.478089	4	5	26	593.256
2.617994	0.080730	-2.622036	95	7	6	593.247
0.785398	1.766067	2.153843	88	8	13	593.236
-0.523599	0.992645	-1.723759	115	124	117	593.116
-1.832596	0.866955	-0.931351	126	106	114	593.115
1.308997	1.766067	2.153843	97	15	13	593.097
-0.523599	2.073035	2.027405	9	22	17	593.038
1.308997	2.664082	-1.071402	34	9	124	592.993
-2.617994	2.579248	-2.364801	99	2	26	592.928
1.570796	0.203748	0.590255	109	115	104	592.906
-1.832596	2.587733	0.232235	122	4	37	592.846
2.879793	1.242974	-2.977882	114	127	102	592.708
0.523599	0.458961	-0.107937	12	11	27	592.618
-2.879793	0.709924	0.218797	35	116	12	592.577
0.523599	1.617114	-1.572037	107	10	124	592.528
1.308997	1.448123	-2.163292	5	27	10	592.468
2.356194	1.948085	-2.363031	93	9	7	592.213
1.570796	2.984978	1.954446	120	126	32	592.151
-0.785398	2.579248	-2.364801	25	7	110	592.138
2.879793	1.134796	2.434290	127	8	104	592.104
-2.356194	2.108018	1.311430	26	20	4	592.034
2.879793	1.374601	-2.456031	108	123	105	591.961
-1.047198	1.417623	-0.202254	124	22	22	591.871
1.308997	1.128190	-2.288622	101	119	123	591.852
1.047198	2.089241	-0.114193	95	9	24	591.845
0.261799	1.440580	2.260026	105	3	15	591.841
1.047198	1.335669	0.897240	113	103	126	591.809
0.261799	1.510910	-0.740472	114	18	26	591.803
-3.141593	0.591903	2.010408	7	18	113	591.689
-1.047198	1.948085	-2.363031	28	4	14	591.635
2.356194	2.138223	1.678323	108	113	24	591.618
1.570796	2.063651	-2.044600	92	120	6	591.595
0.523599	1.242974	-2.977882	23	6	113	591.566
1.832596	1.756530	-2.105156	3	122	101	591.521
0.000000	2.719179	-1.780644	23	22	2	591.468
0.000000	1.440580	2.260026	104	8	13	591.457
2.617994	1.872854	1.543456	103	122	14	591.432
-1.570796	0.640596	-2.797608	20	3	111	591.398
-2.356194	0.685216	-1.712745	1	118	19	591.366
-1.832596	0.571433	-1.188419	120	120	112	591.311
-1.308997	0.370812	-2.547742	114	116	99	591.290
-1.832596	1.242974	-2.977882	114	103	120	591.283
-2.879793	1.128190	-2.288622	23	110	115	591.201
-0.261799	1.335669	0.897240	7	29	120	591.169
2.879793	2.456751	-1.503343	92	117	126	591.165
0.000000	2.984978	1.954446	126	16	31	591.147
-2.094395	2.456751	-1.503343	91	119	13	591.102
-0.261799	2.164094	-2.991358	5	25	22	590.979
1.047198	2.979456	-1.009304	29	14	125	590.937
-2.879793	1.134796	2.434290	22	17	121	590.906
-0.523599	1.846342	-1.796954	1	17	124	590.900
1.832596	1.367556	0.358405	7	19	28	590.812
-3.141593	1.335669	0.897240	124	15	32	590.803
0.523599	1.417623	-0.202254	109	23	123	590.729
1.047198	0.929350	-2.910676	34	1	3	590.704
-1.832596	2.108018	1.311430	29	12	124	590.680
0.261799	2.033014	2.977192	111	18	20	590.659
2.879793	0.370812	-2.547742	127	19	24	590.652
0.000000	1.948085	-2.363031	111	16	19	590.637
-0.785398	2.041297	-2.664597	27	8	13	590.614
0.000000	0.418037	1.360082	116	120	101	590.600
-0.523599	1.872854	1.543456	121	23	115	590.584
0.785398	1.168678	2.108595	104	13	8	590.553
-2.879793	1.301460	-0.509251	9	3	23	590.490
-2.879793	2.637879	2.121598	115	121	26	590.232
1.308997	2.356369	3.005869	107	108	112	590.182
0.523599	1.756530	-2.105156	124	9	108	590.163
2.879793	1.658653	-2.409879	99	11	9	590.149
1.047198	1.510910	-0.740472	105	14	27	589.868
-2.094395	1.846342	-1.796954	32	112	3	589.854
-0.261799	2.251330	-2.330739	117	22	7	589.825
-2.617994	1.417623	-0.202254	101	113	7	589.807
-0.523599	1.417623	-0.202254	109	12	23	589.761
-0.523599	2.404280	-0.174044	11	18	10	589.684
2.356194	0.700570	1.559208	24	127	113	589.603
1.308997	1.569311	-3.003978	106	119	104	589.579
0.785398	0.615174	-0.666022	102	12	112	589.537
-0.523599	0.961715	0.014085	100	7	17	589.467
2.617994	1.025536	1.576859	111	127	16	589.420
1.832596	0.733948	3.021411	111	3	103	589.358
-1.047198	0.914445	2.687814	27	6	112	589.240
-0.785398	1.662363	0.915448	105	116	30	589.215
-1.308997	2.664082	-1.071402	126	3	34	589.179
1.570796	1.374601	-2.456031	124	5	18	589.049
1.047198	0.685216	-1.712745	119	20	19	589.036
-3.141593	2.089241	-0.114193	97	11	18	589.033
-3.141593	0.458961	-0.107937	114	117	110	589.011
1.308997	2.063651	-2.044600	92	125	6	588.976
-2.356194	0.571433	-1.188419	117	125	112	588.971
1.570796	0.290380	-0.796960	22	125	124	588.961
0.261799	0.618092	2.539118	103	4	6	588.755
-2.879793	0.961715	0.014085	106	108	126	588.736
-1.047198	1.699788	2.452890	5	109	116	588.702
0.523599	2.393226	1.857173	121	118	19	588.698
0.000000	2.704512	1.488683	119	14	31	588.624
0.261799	2.041297	-2.664597	117	6	108	588.621
0.261799	0.700570	1.559208	108	111	111	588.607
-0.785398	2.456751	-1.503343	5	2	33	588.520
1.832596	1.214854	-1.966664	108	8	23	588.480
-1.308997	0.419640	2.974122	20	2	114	588.444
2.356194	0.379747	-1.713059	20	127	117	588.365
0.261799	1.214854	-1.966664	0	6	105	588.208
0.785398	1.756530	-2.105156	15	19	10	588.186
2.094395	1.450119	-2.739050	15	114	104	588.139
2.879793	1.606104	-0.451151	105	109	1	588.131
-1.832596	1.696674	-1.253233	5	101	112	588.099
-2.879793	1.506530	1.988858	26	15	123	588.065
-1.570796	0.615174	-0.666022	9	115	106	587.991
1.047198	1.909857	-0.381669	115	22	8	587.932
2.094395	1.510910	-0.740472	100	120	125	587.922
-1.047198	2.104282	-0.813972	16	21	14	587.881
2.094395	2.592629	0.909713	97	118	23	587.868
-0.523599	1.545873	-1.877082	9	13	109	587.848
2.617994	2.164094	-2.991358	95	1	125	587.841
-0.785398	2.115563	0.685730	108	16	124	587.817
1.308997	2.396274	-1.959260	118	20	111	587.770
-1.570796	1.617114	-1.572037	120	5	27	587.705
2.617994	1.310100	1.488307	103	100	119	587.582
-0.261799	2.108018	1.311430	115	17	116	587.569
2.094395	1.128190	-2.288622	17	15	8	587.512
-1.308997	2.295480	1.008277	28	11	12	587.504
0.261799	2.456751	-1.503343	36	2	126	587.382
-1.047198	0.379747	-1.713059	110	98	127	587.316
-1.308997	1.766067	2.153843	15	0	13	587.305
-1.047198	1.555207	1.708892	28	16	1	587.249
2.356194	1.134497	-1.109631	111	28	7	587.211
-2.094395	0.910508	1.903534	122	115	100	587.200
0.785398	1.736875	3.023612	96	19	10	587.155
0.000000	1.413430	2.550734	107	8	13	587.105
-1.047198	0.733948	3.021411	15	102	125	587.046
-0.261799	1.766067	2.153843	126	25	14	586.990
1.832596	1.741644	-2.695914	118	26	2	586.936
2.094395	1.417623	-0.202254	114	23	22	586.893
-0.523599	2.863997	0.549740	122	9	33	586.881
-2.094395	1.113094	-0.272241	12	106	115	586.831
